INFO:Slither:Compilation warnings/errors on /unique_chucks/17/0x4c1ef44b89fdadaea76a6a8004a1b7a5b6a7f603.sol:
/unique_chucks/17/0x4c1ef44b89fdadaea76a6a8004a1b7a5b6a7f603.sol:18:5: Warning: Defining constructors as functions with the same name as the contract is deprecated. Use "constructor(...) { ... }" instead.
    function Ownable()public {
    ^ (Relevant source part starts here and spans across multiple lines).
/unique_chucks/17/0x4c1ef44b89fdadaea76a6a8004a1b7a5b6a7f603.sol:70:3: Warning: Defining constructors as functions with the same name as the contract is deprecated. Use "constructor(...) { ... }" instead.
  function Destructible() public payable { }
  ^----------------------------------------^
/unique_chucks/17/0x4c1ef44b89fdadaea76a6a8004a1b7a5b6a7f603.sol:313:5: Warning: Defining constructors as functions with the same name as the contract is deprecated. Use "constructor(...) { ... }" instead.
    function SMRTCoin()public {
    ^ (Relevant source part starts here and spans across multiple lines).
/unique_chucks/17/0x4c1ef44b89fdadaea76a6a8004a1b7a5b6a7f603.sol:343:5: Warning: Function state mutability can be restricted to view
    function getBonustokens(uint256 tokens)internal returns(uint256 bonusTokens) {
    ^ (Relevant source part starts here and spans across multiple lines).

INFO:Detectors:[93m
bonus in SMRTCoin.getBonustokens (/unique_chucks/17/0x4c1ef44b89fdadaea76a6a8004a1b7a5b6a7f603.sol#356) is a local variable never initialiazed
Reference: https://github.com/trailofbits/slither/wiki/Detectors-Documentation#uninitialized-local-variables[0m
INFO:Detectors:[92m
ERC20Basic.completeRemainingTokens should be constant (/unique_chucks/17/0x4c1ef44b89fdadaea76a6a8004a1b7a5b6a7f603.sol#130)
Reference: https://github.com/trailofbits/slither/wiki/Detectors-Documentation#state-variables-that-could-be-declared-constant[0m
INFO:Detectors:[92m
Ownable.transferOwnership (/unique_chucks/17/0x4c1ef44b89fdadaea76a6a8004a1b7a5b6a7f603.sol#32-40) should be declared external
Destructible.destroy (/unique_chucks/17/0x4c1ef44b89fdadaea76a6a8004a1b7a5b6a7f603.sol#79-80) should be declared external
Destructible.destroyAndSend (/unique_chucks/17/0x4c1ef44b89fdadaea76a6a8004a1b7a5b6a7f603.sol#80-86) should be declared external
Pausable.pause (/unique_chucks/17/0x4c1ef44b89fdadaea76a6a8004a1b7a5b6a7f603.sol#114-116) should be declared external
Pausable.unpause (/unique_chucks/17/0x4c1ef44b89fdadaea76a6a8004a1b7a5b6a7f603.sol#123-127) should be declared external
BasicToken.balanceOf (/unique_chucks/17/0x4c1ef44b89fdadaea76a6a8004a1b7a5b6a7f603.sol#197-200) should be declared external
ERC20Basic.balanceOf (/unique_chucks/17/0x4c1ef44b89fdadaea76a6a8004a1b7a5b6a7f603.sol#130-131) should be declared external
ERC20.allowance (/unique_chucks/17/0x4c1ef44b89fdadaea76a6a8004a1b7a5b6a7f603.sol#204-205) should be declared external
StandardToken.allowance (/unique_chucks/17/0x4c1ef44b89fdadaea76a6a8004a1b7a5b6a7f603.sol#282-286) should be declared external
StandardToken.transferFrom (/unique_chucks/17/0x4c1ef44b89fdadaea76a6a8004a1b7a5b6a7f603.sol#245-256) should be declared external
ERC20.transferFrom (/unique_chucks/17/0x4c1ef44b89fdadaea76a6a8004a1b7a5b6a7f603.sol#205-209) should be declared external
StandardToken.approve (/unique_chucks/17/0x4c1ef44b89fdadaea76a6a8004a1b7a5b6a7f603.sol#270-273) should be declared external
ERC20.approve (/unique_chucks/17/0x4c1ef44b89fdadaea76a6a8004a1b7a5b6a7f603.sol#209-211) should be declared external
BurnableToken.burn (/unique_chucks/17/0x4c1ef44b89fdadaea76a6a8004a1b7a5b6a7f603.sol#221-237) should be declared external
StandardToken.increaseApproval (/unique_chucks/17/0x4c1ef44b89fdadaea76a6a8004a1b7a5b6a7f603.sol#290-300) should be declared external
StandardToken.decreaseApproval (/unique_chucks/17/0x4c1ef44b89fdadaea76a6a8004a1b7a5b6a7f603.sol#300-311) should be declared external
SMRTCoin.fallback (/unique_chucks/17/0x4c1ef44b89fdadaea76a6a8004a1b7a5b6a7f603.sol#338-340) should be declared external
SMRTCoin.buy (/unique_chucks/17/0x4c1ef44b89fdadaea76a6a8004a1b7a5b6a7f603.sol#341-348) should be declared external
SMRTCoin.CrowdSale (/unique_chucks/17/0x4c1ef44b89fdadaea76a6a8004a1b7a5b6a7f603.sol#360-383) should be declared external
Reference: https://github.com/trailofbits/slither/wiki/Detectors-Documentation#public-function-that-could-be-declared-as-external[0m
INFO:Detectors:[92m
Detected issues with version pragma in /unique_chucks/17/0x4c1ef44b89fdadaea76a6a8004a1b7a5b6a7f603.sol:
	- pragma solidity^0.4.19 (/unique_chucks/17/0x4c1ef44b89fdadaea76a6a8004a1b7a5b6a7f603.sol#1): it allows old versions
Reference: https://github.com/trailofbits/slither/wiki/Detectors-Documentation#incorrect-version-of-solidity[0m
INFO:Detectors:[92m
Function 'Ownable.Ownable' (/unique_chucks/17/0x4c1ef44b89fdadaea76a6a8004a1b7a5b6a7f603.sol#18-22) is not in mixedCase
Function 'Destructible.Destructible' (/unique_chucks/17/0x4c1ef44b89fdadaea76a6a8004a1b7a5b6a7f603.sol#73) is not in mixedCase
Parameter '_recipient' of Destructible.destroyAndSend (/unique_chucks/17/0x4c1ef44b89fdadaea76a6a8004a1b7a5b6a7f603.sol#84-85) is not in mixedCase
Parameter '_owner' of BasicToken.balanceOf (/unique_chucks/17/0x4c1ef44b89fdadaea76a6a8004a1b7a5b6a7f603.sol#199) is not in mixedCase
Parameter '_to' of BasicToken.transfer (/unique_chucks/17/0x4c1ef44b89fdadaea76a6a8004a1b7a5b6a7f603.sol#178) is not in mixedCase
Parameter '_value' of BasicToken.transfer (/unique_chucks/17/0x4c1ef44b89fdadaea76a6a8004a1b7a5b6a7f603.sol#178-179) is not in mixedCase
Parameter '_timeLock' of BasicToken.updateTimeLock (/unique_chucks/17/0x4c1ef44b89fdadaea76a6a8004a1b7a5b6a7f603.sol#162-163) is not in mixedCase
Parameter '_businessAddress' of BasicToken.updateBusinessReserveAddress (/unique_chucks/17/0x4c1ef44b89fdadaea76a6a8004a1b7a5b6a7f603.sol#166) is not in mixedCase
Parameter '_incentiveTokens' of BasicToken.updateIncentiveTokenLimit (/unique_chucks/17/0x4c1ef44b89fdadaea76a6a8004a1b7a5b6a7f603.sol#171) is not in mixedCase
Parameter '_owner' of StandardToken.allowance (/unique_chucks/17/0x4c1ef44b89fdadaea76a6a8004a1b7a5b6a7f603.sol#282) is not in mixedCase
Parameter '_spender' of StandardToken.allowance (/unique_chucks/17/0x4c1ef44b89fdadaea76a6a8004a1b7a5b6a7f603.sol#282-283) is not in mixedCase
Parameter '_from' of StandardToken.transferFrom (/unique_chucks/17/0x4c1ef44b89fdadaea76a6a8004a1b7a5b6a7f603.sol#245) is not in mixedCase
Parameter '_to' of StandardToken.transferFrom (/unique_chucks/17/0x4c1ef44b89fdadaea76a6a8004a1b7a5b6a7f603.sol#245-246) is not in mixedCase
Parameter '_value' of StandardToken.transferFrom (/unique_chucks/17/0x4c1ef44b89fdadaea76a6a8004a1b7a5b6a7f603.sol#246) is not in mixedCase
Parameter '_spender' of StandardToken.approve (/unique_chucks/17/0x4c1ef44b89fdadaea76a6a8004a1b7a5b6a7f603.sol#270) is not in mixedCase
Parameter '_value' of StandardToken.approve (/unique_chucks/17/0x4c1ef44b89fdadaea76a6a8004a1b7a5b6a7f603.sol#270) is not in mixedCase
Parameter '_spender' of StandardToken.increaseApproval (/unique_chucks/17/0x4c1ef44b89fdadaea76a6a8004a1b7a5b6a7f603.sol#291) is not in mixedCase
Parameter '_addedValue' of StandardToken.increaseApproval (/unique_chucks/17/0x4c1ef44b89fdadaea76a6a8004a1b7a5b6a7f603.sol#292-293) is not in mixedCase
Parameter '_spender' of StandardToken.decreaseApproval (/unique_chucks/17/0x4c1ef44b89fdadaea76a6a8004a1b7a5b6a7f603.sol#300) is not in mixedCase
Parameter '_subtractedValue' of StandardToken.decreaseApproval (/unique_chucks/17/0x4c1ef44b89fdadaea76a6a8004a1b7a5b6a7f603.sol#300-301) is not in mixedCase
Function 'SMRTCoin.SMRTCoin' (/unique_chucks/17/0x4c1ef44b89fdadaea76a6a8004a1b7a5b6a7f603.sol#318-338) is not in mixedCase
Function 'SMRTCoin.CrowdSale' (/unique_chucks/17/0x4c1ef44b89fdadaea76a6a8004a1b7a5b6a7f603.sol#360-383) is not in mixedCase
Parameter '_startSale' of SMRTCoin.updateSaleTime (/unique_chucks/17/0x4c1ef44b89fdadaea76a6a8004a1b7a5b6a7f603.sol) is not in mixedCase
Parameter '_endSale' of SMRTCoin.updateSaleTime (/unique_chucks/17/0x4c1ef44b89fdadaea76a6a8004a1b7a5b6a7f603.sol) is not in mixedCase
Reference: https://github.com/trailofbits/slither/wiki/Detectors-Documentation#conformance-to-solidity-naming-conventions[0m
INFO:Slither:/unique_chucks/17/0x4c1ef44b89fdadaea76a6a8004a1b7a5b6a7f603.sol analyzed (10 contracts), 46 result(s) found