2019-07-23 19:35:11,264: [14] m.main:INFO: Registered plugins: DetectUninitializedMemory, DetectUnusedRetVal, DetectExternalCallAndLeak, DetectIntegerOverflow, DetectEnvInstruction, DetectReentrancySimple, DetectInvalid, DetectSuicidal, DetectReentrancyAdvanced, DetectUninitializedStorage, DetectDelegatecall
2019-07-23 19:35:11,264: [14] m.main:INFO: Beginning analysis
2019-07-23 19:35:11,276: [14] m.e.manticore:INFO: Starting symbolic create contract
2019-07-23 19:35:11,298: [14] m.e.manticore:ERROR: Errors : Invalid solc compilation unique_chucks/1/0xff56cc6b1e6ded347aa0b7676c85ab0b3d08b0fa.sol:1:1: Error: Source file requires different compiler version (current compiler is 0.4.25+commit.59dbf8f1.Linux.g++ - note that nightly builds are considered to be strictly less than the released version
pragma solidity 0.4.23;
^---------------------^
unique_chucks/1/0xff56cc6b1e6ded347aa0b7676c85ab0b3d08b0fa.sol:90:3: Warning: Defining constructors as functions with the same name as the contract is deprecated. Use "constructor(...) { ... }" instead.
  function Ownable() public {
  ^ (Relevant source part starts here and spans across multiple lines).

. Solidity failed to generate bytecode for your contract. Check if all the abstract functions are implemented. 
2019-07-23 19:35:11,454: [56] m.c.manticore:INFO: Generated testcase No. 0 - NO STATE RESULT (?)(0 txs)
2019-07-23 19:35:11,838: [14] m.c.manticore:INFO: Results in /mcore_3xeldru6
2019-07-23 19:35:12,559: [315] m.main:INFO: Registered plugins: DetectUninitializedStorage, DetectIntegerOverflow, DetectSuicidal, DetectExternalCallAndLeak, DetectEnvInstruction, DetectUninitializedMemory, DetectReentrancyAdvanced, DetectDelegatecall, DetectUnusedRetVal, DetectReentrancySimple, DetectInvalid
2019-07-23 19:35:12,560: [315] m.main:INFO: Beginning analysis
2019-07-23 19:35:12,575: [315] m.e.manticore:INFO: Starting symbolic create contract
2019-07-23 19:35:12,593: [315] m.e.manticore:ERROR: Errors : Invalid solc compilation unique_chucks/1/0xff56cc6b1e6ded347aa0b7676c85ab0b3d08b0fa.sol:1:1: Error: Source file requires different compiler version (current compiler is 0.4.25+commit.59dbf8f1.Linux.g++ - note that nightly builds are considered to be strictly less than the released version
pragma solidity 0.4.23;
^---------------------^
unique_chucks/1/0xff56cc6b1e6ded347aa0b7676c85ab0b3d08b0fa.sol:90:3: Warning: Defining constructors as functions with the same name as the contract is deprecated. Use "constructor(...) { ... }" instead.
  function Ownable() public {
  ^ (Relevant source part starts here and spans across multiple lines).

. Solidity failed to generate bytecode for your contract. Check if all the abstract functions are implemented. 
2019-07-23 19:35:12,759: [357] m.c.manticore:INFO: Generated testcase No. 0 - NO STATE RESULT (?)(0 txs)
2019-07-23 19:35:13,192: [315] m.c.manticore:INFO: Results in /mcore_aw9_xztu
2019-07-23 19:35:13,857: [616] m.main:INFO: Registered plugins: DetectReentrancyAdvanced, DetectReentrancySimple, DetectInvalid, DetectUnusedRetVal, DetectUninitializedStorage, DetectSuicidal, DetectExternalCallAndLeak, DetectEnvInstruction, DetectIntegerOverflow, DetectUninitializedMemory, DetectDelegatecall
2019-07-23 19:35:13,857: [616] m.main:INFO: Beginning analysis
2019-07-23 19:35:13,876: [616] m.e.manticore:INFO: Starting symbolic create contract
2019-07-23 19:35:13,900: [616] m.e.manticore:ERROR: Errors : Invalid solc compilation unique_chucks/1/0xff56cc6b1e6ded347aa0b7676c85ab0b3d08b0fa.sol:1:1: Error: Source file requires different compiler version (current compiler is 0.4.25+commit.59dbf8f1.Linux.g++ - note that nightly builds are considered to be strictly less than the released version
pragma solidity 0.4.23;
^---------------------^
unique_chucks/1/0xff56cc6b1e6ded347aa0b7676c85ab0b3d08b0fa.sol:90:3: Warning: Defining constructors as functions with the same name as the contract is deprecated. Use "constructor(...) { ... }" instead.
  function Ownable() public {
  ^ (Relevant source part starts here and spans across multiple lines).

. Solidity failed to generate bytecode for your contract. Check if all the abstract functions are implemented. 
2019-07-23 19:35:14,026: [658] m.c.manticore:INFO: Generated testcase No. 0 - NO STATE RESULT (?)(0 txs)
2019-07-23 19:35:14,390: [616] m.c.manticore:INFO: Results in /mcore_cr_fkpmh
2019-07-23 19:35:15,094: [918] m.main:INFO: Registered plugins: DetectReentrancySimple, DetectInvalid, DetectUnusedRetVal, DetectUninitializedStorage, DetectDelegatecall, DetectExternalCallAndLeak, DetectIntegerOverflow, DetectSuicidal, DetectEnvInstruction, DetectReentrancyAdvanced, DetectUninitializedMemory
2019-07-23 19:35:15,094: [918] m.main:INFO: Beginning analysis
2019-07-23 19:35:15,136: [918] m.e.manticore:INFO: Starting symbolic create contract
2019-07-23 19:35:15,159: [918] m.e.manticore:ERROR: Errors : Invalid solc compilation unique_chucks/1/0xff56cc6b1e6ded347aa0b7676c85ab0b3d08b0fa.sol:1:1: Error: Source file requires different compiler version (current compiler is 0.4.25+commit.59dbf8f1.Linux.g++ - note that nightly builds are considered to be strictly less than the released version
pragma solidity 0.4.23;
^---------------------^
unique_chucks/1/0xff56cc6b1e6ded347aa0b7676c85ab0b3d08b0fa.sol:90:3: Warning: Defining constructors as functions with the same name as the contract is deprecated. Use "constructor(...) { ... }" instead.
  function Ownable() public {
  ^ (Relevant source part starts here and spans across multiple lines).

. Solidity failed to generate bytecode for your contract. Check if all the abstract functions are implemented. 
2019-07-23 19:35:15,287: [960] m.c.manticore:INFO: Generated testcase No. 0 - NO STATE RESULT (?)(0 txs)
2019-07-23 19:35:15,652: [918] m.c.manticore:INFO: Results in /mcore_9k5khstp
2019-07-23 19:35:16,458: [1219] m.main:INFO: Registered plugins: DetectUnusedRetVal, DetectReentrancySimple, DetectInvalid, DetectSuicidal, DetectReentrancyAdvanced, DetectUninitializedStorage, DetectIntegerOverflow, DetectDelegatecall, DetectEnvInstruction, DetectUninitializedMemory, DetectExternalCallAndLeak
2019-07-23 19:35:16,458: [1219] m.main:INFO: Beginning analysis
2019-07-23 19:35:16,472: [1219] m.e.manticore:INFO: Starting symbolic create contract
2019-07-23 19:35:16,496: [1219] m.e.manticore:ERROR: Errors : Invalid solc compilation unique_chucks/1/0xff56cc6b1e6ded347aa0b7676c85ab0b3d08b0fa.sol:1:1: Error: Source file requires different compiler version (current compiler is 0.4.25+commit.59dbf8f1.Linux.g++ - note that nightly builds are considered to be strictly less than the released version
pragma solidity 0.4.23;
^---------------------^
unique_chucks/1/0xff56cc6b1e6ded347aa0b7676c85ab0b3d08b0fa.sol:90:3: Warning: Defining constructors as functions with the same name as the contract is deprecated. Use "constructor(...) { ... }" instead.
  function Ownable() public {
  ^ (Relevant source part starts here and spans across multiple lines).

. Solidity failed to generate bytecode for your contract. Check if all the abstract functions are implemented. 
2019-07-23 19:35:16,660: [1261] m.c.manticore:INFO: Generated testcase No. 0 - NO STATE RESULT (?)(0 txs)
2019-07-23 19:35:16,992: [1219] m.c.manticore:INFO: Results in /mcore_9ggcp483
2019-07-23 19:35:17,697: [1520] m.main:INFO: Registered plugins: DetectDelegatecall, DetectUninitializedStorage, DetectEnvInstruction, DetectUnusedRetVal, DetectSuicidal, DetectUninitializedMemory, DetectReentrancyAdvanced, DetectExternalCallAndLeak, DetectIntegerOverflow, DetectReentrancySimple, DetectInvalid
2019-07-23 19:35:17,698: [1520] m.main:INFO: Beginning analysis
2019-07-23 19:35:17,742: [1520] m.e.manticore:INFO: Starting symbolic create contract
2019-07-23 19:35:17,764: [1520] m.e.manticore:ERROR: Errors : Invalid solc compilation unique_chucks/1/0xff56cc6b1e6ded347aa0b7676c85ab0b3d08b0fa.sol:1:1: Error: Source file requires different compiler version (current compiler is 0.4.25+commit.59dbf8f1.Linux.g++ - note that nightly builds are considered to be strictly less than the released version
pragma solidity 0.4.23;
^---------------------^
unique_chucks/1/0xff56cc6b1e6ded347aa0b7676c85ab0b3d08b0fa.sol:90:3: Warning: Defining constructors as functions with the same name as the contract is deprecated. Use "constructor(...) { ... }" instead.
  function Ownable() public {
  ^ (Relevant source part starts here and spans across multiple lines).

. Solidity failed to generate bytecode for your contract. Check if all the abstract functions are implemented. 
2019-07-23 19:35:17,950: [1562] m.c.manticore:INFO: Generated testcase No. 0 - NO STATE RESULT (?)(0 txs)
2019-07-23 19:35:18,295: [1520] m.c.manticore:INFO: Results in /mcore_3ykdh3os
2019-07-23 19:35:19,199: [1821] m.main:INFO: Registered plugins: DetectUnusedRetVal, DetectReentrancySimple, DetectInvalid, DetectExternalCallAndLeak, DetectSuicidal, DetectUninitializedStorage, DetectEnvInstruction, DetectReentrancyAdvanced, DetectDelegatecall, DetectUninitializedMemory, DetectIntegerOverflow
2019-07-23 19:35:19,200: [1821] m.main:INFO: Beginning analysis
2019-07-23 19:35:19,246: [1821] m.e.manticore:INFO: Starting symbolic create contract
2019-07-23 19:35:19,269: [1821] m.e.manticore:ERROR: Errors : Invalid solc compilation unique_chucks/1/0xff56cc6b1e6ded347aa0b7676c85ab0b3d08b0fa.sol:1:1: Error: Source file requires different compiler version (current compiler is 0.4.25+commit.59dbf8f1.Linux.g++ - note that nightly builds are considered to be strictly less than the released version
pragma solidity 0.4.23;
^---------------------^
unique_chucks/1/0xff56cc6b1e6ded347aa0b7676c85ab0b3d08b0fa.sol:90:3: Warning: Defining constructors as functions with the same name as the contract is deprecated. Use "constructor(...) { ... }" instead.
  function Ownable() public {
  ^ (Relevant source part starts here and spans across multiple lines).

. Solidity failed to generate bytecode for your contract. Check if all the abstract functions are implemented. 
2019-07-23 19:35:19,395: [1863] m.c.manticore:INFO: Generated testcase No. 0 - NO STATE RESULT (?)(0 txs)
2019-07-23 19:35:19,768: [1821] m.c.manticore:INFO: Results in /mcore_ghtt3pw3
2019-07-23 19:35:20,503: [2122] m.main:INFO: Registered plugins: DetectReentrancyAdvanced, DetectUninitializedMemory, DetectDelegatecall, DetectIntegerOverflow, DetectUnusedRetVal, DetectReentrancySimple, DetectInvalid, DetectEnvInstruction, DetectSuicidal, DetectUninitializedStorage, DetectExternalCallAndLeak
2019-07-23 19:35:20,504: [2122] m.main:INFO: Beginning analysis
2019-07-23 19:35:20,556: [2122] m.e.manticore:INFO: Starting symbolic create contract
2019-07-23 19:35:20,581: [2122] m.e.manticore:ERROR: Errors : Invalid solc compilation unique_chucks/1/0xff56cc6b1e6ded347aa0b7676c85ab0b3d08b0fa.sol:1:1: Error: Source file requires different compiler version (current compiler is 0.4.25+commit.59dbf8f1.Linux.g++ - note that nightly builds are considered to be strictly less than the released version
pragma solidity 0.4.23;
^---------------------^
unique_chucks/1/0xff56cc6b1e6ded347aa0b7676c85ab0b3d08b0fa.sol:90:3: Warning: Defining constructors as functions with the same name as the contract is deprecated. Use "constructor(...) { ... }" instead.
  function Ownable() public {
  ^ (Relevant source part starts here and spans across multiple lines).

. Solidity failed to generate bytecode for your contract. Check if all the abstract functions are implemented. 
2019-07-23 19:35:20,773: [2164] m.c.manticore:INFO: Generated testcase No. 0 - NO STATE RESULT (?)(0 txs)
2019-07-23 19:35:21,240: [2122] m.c.manticore:INFO: Results in /mcore_956o2i9a
2019-07-23 19:35:21,942: [2423] m.main:INFO: Registered plugins: DetectReentrancySimple, DetectInvalid, DetectSuicidal, DetectReentrancyAdvanced, DetectUninitializedStorage, DetectDelegatecall, DetectEnvInstruction, DetectUnusedRetVal, DetectUninitializedMemory, DetectExternalCallAndLeak, DetectIntegerOverflow
2019-07-23 19:35:21,942: [2423] m.main:INFO: Beginning analysis
2019-07-23 19:35:21,955: [2423] m.e.manticore:INFO: Starting symbolic create contract
2019-07-23 19:35:21,977: [2423] m.e.manticore:ERROR: Errors : Invalid solc compilation unique_chucks/1/0xff56cc6b1e6ded347aa0b7676c85ab0b3d08b0fa.sol:1:1: Error: Source file requires different compiler version (current compiler is 0.4.25+commit.59dbf8f1.Linux.g++ - note that nightly builds are considered to be strictly less than the released version
pragma solidity 0.4.23;
^---------------------^
unique_chucks/1/0xff56cc6b1e6ded347aa0b7676c85ab0b3d08b0fa.sol:90:3: Warning: Defining constructors as functions with the same name as the contract is deprecated. Use "constructor(...) { ... }" instead.
  function Ownable() public {
  ^ (Relevant source part starts here and spans across multiple lines).

. Solidity failed to generate bytecode for your contract. Check if all the abstract functions are implemented. 
2019-07-23 19:35:22,172: [2465] m.c.manticore:INFO: Generated testcase No. 0 - NO STATE RESULT (?)(0 txs)
2019-07-23 19:35:22,558: [2423] m.c.manticore:INFO: Results in /mcore_22vmp_yb
2019-07-23 19:35:23,371: [2724] m.main:INFO: Registered plugins: DetectReentrancySimple, DetectInvalid, DetectUnusedRetVal, DetectUninitializedStorage, DetectIntegerOverflow, DetectSuicidal, DetectExternalCallAndLeak, DetectEnvInstruction, DetectUninitializedMemory, DetectReentrancyAdvanced, DetectDelegatecall
2019-07-23 19:35:23,371: [2724] m.main:INFO: Beginning analysis
2019-07-23 19:35:23,389: [2724] m.e.manticore:INFO: Starting symbolic create contract
2019-07-23 19:35:23,426: [2724] m.e.manticore:ERROR: Errors : Invalid solc compilation unique_chucks/1/0xff56cc6b1e6ded347aa0b7676c85ab0b3d08b0fa.sol:1:1: Error: Source file requires different compiler version (current compiler is 0.4.25+commit.59dbf8f1.Linux.g++ - note that nightly builds are considered to be strictly less than the released version
pragma solidity 0.4.23;
^---------------------^
unique_chucks/1/0xff56cc6b1e6ded347aa0b7676c85ab0b3d08b0fa.sol:90:3: Warning: Defining constructors as functions with the same name as the contract is deprecated. Use "constructor(...) { ... }" instead.
  function Ownable() public {
  ^ (Relevant source part starts here and spans across multiple lines).

. Solidity failed to generate bytecode for your contract. Check if all the abstract functions are implemented. 
2019-07-23 19:35:23,555: [2766] m.c.manticore:INFO: Generated testcase No. 0 - NO STATE RESULT (?)(0 txs)
2019-07-23 19:35:23,946: [2724] m.c.manticore:INFO: Results in /mcore_5_yoq59h
2019-07-23 19:35:24,761: [3025] m.main:INFO: Registered plugins: DetectReentrancySimple, DetectInvalid, DetectUnusedRetVal, DetectEnvInstruction, DetectUninitializedStorage, DetectIntegerOverflow, DetectSuicidal, DetectExternalCallAndLeak, DetectUninitializedMemory, DetectReentrancyAdvanced, DetectDelegatecall
2019-07-23 19:35:24,761: [3025] m.main:INFO: Beginning analysis
2019-07-23 19:35:24,773: [3025] m.e.manticore:INFO: Starting symbolic create contract
2019-07-23 19:35:24,797: [3025] m.e.manticore:ERROR: Errors : Invalid solc compilation unique_chucks/1/0xff56cc6b1e6ded347aa0b7676c85ab0b3d08b0fa.sol:1:1: Error: Source file requires different compiler version (current compiler is 0.4.25+commit.59dbf8f1.Linux.g++ - note that nightly builds are considered to be strictly less than the released version
pragma solidity 0.4.23;
^---------------------^
unique_chucks/1/0xff56cc6b1e6ded347aa0b7676c85ab0b3d08b0fa.sol:90:3: Warning: Defining constructors as functions with the same name as the contract is deprecated. Use "constructor(...) { ... }" instead.
  function Ownable() public {
  ^ (Relevant source part starts here and spans across multiple lines).

. Solidity failed to generate bytecode for your contract. Check if all the abstract functions are implemented. 
2019-07-23 19:35:24,886: [3067] m.c.manticore:INFO: Generated testcase No. 0 - NO STATE RESULT (?)(0 txs)
2019-07-23 19:35:25,323: [3025] m.c.manticore:INFO: Results in /mcore_jzsfdb1a
2019-07-23 19:35:26,023: [3326] m.main:INFO: Registered plugins: DetectExternalCallAndLeak, DetectUninitializedMemory, DetectIntegerOverflow, DetectInvalid, DetectSuicidal, DetectReentrancySimple, DetectReentrancyAdvanced, DetectEnvInstruction, DetectDelegatecall, DetectUninitializedStorage, DetectUnusedRetVal
2019-07-23 19:35:26,023: [3326] m.main:INFO: Beginning analysis
2019-07-23 19:35:26,040: [3326] m.e.manticore:INFO: Starting symbolic create contract
2019-07-23 19:35:26,061: [3326] m.e.manticore:ERROR: Errors : Invalid solc compilation unique_chucks/1/0xff56cc6b1e6ded347aa0b7676c85ab0b3d08b0fa.sol:1:1: Error: Source file requires different compiler version (current compiler is 0.4.25+commit.59dbf8f1.Linux.g++ - note that nightly builds are considered to be strictly less than the released version
pragma solidity 0.4.23;
^---------------------^
unique_chucks/1/0xff56cc6b1e6ded347aa0b7676c85ab0b3d08b0fa.sol:90:3: Warning: Defining constructors as functions with the same name as the contract is deprecated. Use "constructor(...) { ... }" instead.
  function Ownable() public {
  ^ (Relevant source part starts here and spans across multiple lines).

. Solidity failed to generate bytecode for your contract. Check if all the abstract functions are implemented. 
2019-07-23 19:35:26,174: [3368] m.c.manticore:INFO: Generated testcase No. 0 - NO STATE RESULT (?)(0 txs)
2019-07-23 19:35:26,586: [3326] m.c.manticore:INFO: Results in /mcore_nldgkkpd