INFO:Slither:Compilation warnings/errors on /unique_chucks/22/0xbad0efffc7dc4f4d045815597a006ace5e738f6b.sol:
/unique_chucks/22/0xbad0efffc7dc4f4d045815597a006ace5e738f6b.sol:109:5: Warning: Defining constructors as functions with the same name as the contract is deprecated. Use "constructor(...) { ... }" instead.
    function KRUNK () public {
    ^ (Relevant source part starts here and spans across multiple lines).

INFO:Detectors:[93m
KRUNK.totalSupply (/unique_chucks/22/0xbad0efffc7dc4f4d045815597a006ace5e738f6b.sol#80-81) shadows:
	- ERC20Basic.totalSupply (/unique_chucks/22/0xbad0efffc7dc4f4d045815597a006ace5e738f6b.sol#55)
Reference: https://github.com/trailofbits/slither/wiki/Detectors-Documentation#state-variable-shadowing-from-abstract-contracts[0m
INFO:Detectors:[92m
ERC20Basic.totalSupply should be constant (/unique_chucks/22/0xbad0efffc7dc4f4d045815597a006ace5e738f6b.sol#55)
Reference: https://github.com/trailofbits/slither/wiki/Detectors-Documentation#state-variables-that-could-be-declared-constant[0m
INFO:Detectors:[92m
AltcoinToken.balanceOf (/unique_chucks/22/0xbad0efffc7dc4f4d045815597a006ace5e738f6b.sol#49-50) should be declared external
AltcoinToken.transfer (/unique_chucks/22/0xbad0efffc7dc4f4d045815597a006ace5e738f6b.sol#50-54) should be declared external
KRUNK.balanceOf (/unique_chucks/22/0xbad0efffc7dc4f4d045815597a006ace5e738f6b.sol#196-201) should be declared external
ERC20Basic.balanceOf (/unique_chucks/22/0xbad0efffc7dc4f4d045815597a006ace5e738f6b.sol#55-56) should be declared external
ERC20Basic.transfer (/unique_chucks/22/0xbad0efffc7dc4f4d045815597a006ace5e738f6b.sol#56-57) should be declared external
KRUNK.transfer (/unique_chucks/22/0xbad0efffc7dc4f4d045815597a006ace5e738f6b.sol#206-215) should be declared external
ERC20.allowance (/unique_chucks/22/0xbad0efffc7dc4f4d045815597a006ace5e738f6b.sol#61-62) should be declared external
KRUNK.allowance (/unique_chucks/22/0xbad0efffc7dc4f4d045815597a006ace5e738f6b.sol#237-243) should be declared external
KRUNK.transferFrom (/unique_chucks/22/0xbad0efffc7dc4f4d045815597a006ace5e738f6b.sol#216-227) should be declared external
ERC20.transferFrom (/unique_chucks/22/0xbad0efffc7dc4f4d045815597a006ace5e738f6b.sol#62-63) should be declared external
ERC20.approve (/unique_chucks/22/0xbad0efffc7dc4f4d045815597a006ace5e738f6b.sol#63-64) should be declared external
KRUNK.approve (/unique_chucks/22/0xbad0efffc7dc4f4d045815597a006ace5e738f6b.sol#227-237) should be declared external
KRUNK.transferOwnership (/unique_chucks/22/0xbad0efffc7dc4f4d045815597a006ace5e738f6b.sol#117-123) should be declared external
KRUNK.finishDistribution (/unique_chucks/22/0xbad0efffc7dc4f4d045815597a006ace5e738f6b.sol#124-129) should be declared external
KRUNK.adminClaimAirdrop (/unique_chucks/22/0xbad0efffc7dc4f4d045815597a006ace5e738f6b.sol#159-160) should be declared external
KRUNK.adminClaimAirdropMultiple (/unique_chucks/22/0xbad0efffc7dc4f4d045815597a006ace5e738f6b.sol#160-165) should be declared external
KRUNK.updateTokensPerEth (/unique_chucks/22/0xbad0efffc7dc4f4d045815597a006ace5e738f6b.sol#166-175) should be declared external
KRUNK.getTokenBalance (/unique_chucks/22/0xbad0efffc7dc4f4d045815597a006ace5e738f6b.sol#243-250) should be declared external
KRUNK.withdraw (/unique_chucks/22/0xbad0efffc7dc4f4d045815597a006ace5e738f6b.sol#250-254) should be declared external
KRUNK.burn (/unique_chucks/22/0xbad0efffc7dc4f4d045815597a006ace5e738f6b.sol#255-262) should be declared external
KRUNK.withdrawAltcoinTokens (/unique_chucks/22/0xbad0efffc7dc4f4d045815597a006ace5e738f6b.sol#264) should be declared external
Reference: https://github.com/trailofbits/slither/wiki/Detectors-Documentation#public-function-that-could-be-declared-as-external[0m
INFO:Detectors:[92m
Detected issues with version pragma in /unique_chucks/22/0xbad0efffc7dc4f4d045815597a006ace5e738f6b.sol:
	- pragma solidity^0.4.18 (/unique_chucks/22/0xbad0efffc7dc4f4d045815597a006ace5e738f6b.sol#1): it allows old versions
Reference: https://github.com/trailofbits/slither/wiki/Detectors-Documentation#incorrect-version-of-solidity[0m
INFO:Detectors:[92m
Parameter '_owner' of KRUNK.balanceOf (/unique_chucks/22/0xbad0efffc7dc4f4d045815597a006ace5e738f6b.sol#197) is not in mixedCase
Parameter '_to' of KRUNK.transfer (/unique_chucks/22/0xbad0efffc7dc4f4d045815597a006ace5e738f6b.sol#206) is not in mixedCase
Parameter '_amount' of KRUNK.transfer (/unique_chucks/22/0xbad0efffc7dc4f4d045815597a006ace5e738f6b.sol#206) is not in mixedCase
Parameter '_owner' of KRUNK.allowance (/unique_chucks/22/0xbad0efffc7dc4f4d045815597a006ace5e738f6b.sol#238) is not in mixedCase
Parameter '_spender' of KRUNK.allowance (/unique_chucks/22/0xbad0efffc7dc4f4d045815597a006ace5e738f6b.sol#238) is not in mixedCase
Parameter '_from' of KRUNK.transferFrom (/unique_chucks/22/0xbad0efffc7dc4f4d045815597a006ace5e738f6b.sol#216) is not in mixedCase
Parameter '_to' of KRUNK.transferFrom (/unique_chucks/22/0xbad0efffc7dc4f4d045815597a006ace5e738f6b.sol#216) is not in mixedCase
Parameter '_amount' of KRUNK.transferFrom (/unique_chucks/22/0xbad0efffc7dc4f4d045815597a006ace5e738f6b.sol#217-218) is not in mixedCase
Parameter '_spender' of KRUNK.approve (/unique_chucks/22/0xbad0efffc7dc4f4d045815597a006ace5e738f6b.sol#228) is not in mixedCase
Parameter '_value' of KRUNK.approve (/unique_chucks/22/0xbad0efffc7dc4f4d045815597a006ace5e738f6b.sol#228-229) is not in mixedCase
Function 'KRUNK.KRUNK' (/unique_chucks/22/0xbad0efffc7dc4f4d045815597a006ace5e738f6b.sol#112-117) is not in mixedCase
Parameter '_to' of KRUNK.distr (/unique_chucks/22/0xbad0efffc7dc4f4d045815597a006ace5e738f6b.sol#129-130) is not in mixedCase
Parameter '_amount' of KRUNK.distr (/unique_chucks/22/0xbad0efffc7dc4f4d045815597a006ace5e738f6b.sol#130) is not in mixedCase
Parameter '_participant' of KRUNK.doAirdrop (/unique_chucks/22/0xbad0efffc7dc4f4d045815597a006ace5e738f6b.sol#141-143) is not in mixedCase
Parameter '_amount' of KRUNK.doAirdrop (/unique_chucks/22/0xbad0efffc7dc4f4d045815597a006ace5e738f6b.sol#143) is not in mixedCase
Parameter '_participant' of KRUNK.adminClaimAirdrop (/unique_chucks/22/0xbad0efffc7dc4f4d045815597a006ace5e738f6b.sol#159) is not in mixedCase
Parameter '_amount' of KRUNK.adminClaimAirdrop (/unique_chucks/22/0xbad0efffc7dc4f4d045815597a006ace5e738f6b.sol#159) is not in mixedCase
Parameter '_addresses' of KRUNK.adminClaimAirdropMultiple (/unique_chucks/22/0xbad0efffc7dc4f4d045815597a006ace5e738f6b.sol#163) is not in mixedCase
Parameter '_amount' of KRUNK.adminClaimAirdropMultiple (/unique_chucks/22/0xbad0efffc7dc4f4d045815597a006ace5e738f6b.sol#163) is not in mixedCase
Parameter '_tokensPerEth' of KRUNK.updateTokensPerEth (/unique_chucks/22/0xbad0efffc7dc4f4d045815597a006ace5e738f6b.sol#168) is not in mixedCase
Parameter '_value' of KRUNK.burn (/unique_chucks/22/0xbad0efffc7dc4f4d045815597a006ace5e738f6b.sol#255) is not in mixedCase
Parameter '_tokenContract' of KRUNK.withdrawAltcoinTokens (/unique_chucks/22/0xbad0efffc7dc4f4d045815597a006ace5e738f6b.sol) is not in mixedCase
Constant 'KRUNK.minContribution' (/unique_chucks/22/0xbad0efffc7dc4f4d045815597a006ace5e738f6b.sol#84) is not in UPPER_CASE_WITH_UNDERSCORES
Reference: https://github.com/trailofbits/slither/wiki/Detectors-Documentation#conformance-to-solidity-naming-conventions[0m
INFO:Slither:/unique_chucks/22/0xbad0efffc7dc4f4d045815597a006ace5e738f6b.sol analyzed (5 contracts), 47 result(s) found