INFO:Slither:Compilation warnings/errors on /unique_chucks/36/0xb9bdf88704b957b4b8df79fbfc602f50089cc2b1.sol:
/unique_chucks/36/0xb9bdf88704b957b4b8df79fbfc602f50089cc2b1.sol:27:46: Warning: "throw" is deprecated in favour of "revert()", "require()" and "assert()".
        if(msg.data.length < (2 * 32) + 4) { throw; }
                                             ^---^
/unique_chucks/36/0xb9bdf88704b957b4b8df79fbfc602f50089cc2b1.sol:47:46: Warning: "throw" is deprecated in favour of "revert()", "require()" and "assert()".
        if(msg.data.length < (3 * 32) + 4) { throw; }
                                             ^---^
/unique_chucks/36/0xb9bdf88704b957b4b8df79fbfc602f50089cc2b1.sol:87:36: Warning: "throw" is deprecated in favour of "revert()", "require()" and "assert()".
        if (msg.sender != owner) { throw; }
                                   ^---^
/unique_chucks/36/0xb9bdf88704b957b4b8df79fbfc602f50089cc2b1.sol:100:31: Warning: "throw" is deprecated in favour of "revert()", "require()" and "assert()".
        if (msg.value == 0) { throw; }
                              ^---^
/unique_chucks/36/0xb9bdf88704b957b4b8df79fbfc602f50089cc2b1.sol:101:41: Warning: "throw" is deprecated in favour of "revert()", "require()" and "assert()".
        if (totalSupply >= maxAmount) { throw; }
                                        ^---^
/unique_chucks/36/0xb9bdf88704b957b4b8df79fbfc602f50089cc2b1.sol:40:13: Warning: Invoking events without "emit" prefix is deprecated.
            Transfer(msg.sender, _to, _value);
            ^-------------------------------^
/unique_chucks/36/0xb9bdf88704b957b4b8df79fbfc602f50089cc2b1.sol:64:13: Warning: Invoking events without "emit" prefix is deprecated.
            Transfer(_from, _to, _value);
            ^--------------------------^
/unique_chucks/36/0xb9bdf88704b957b4b8df79fbfc602f50089cc2b1.sol:75:9: Warning: Invoking events without "emit" prefix is deprecated.
        Approval(msg.sender, _spender, _value);
        ^------------------------------------^
/unique_chucks/36/0xb9bdf88704b957b4b8df79fbfc602f50089cc2b1.sol:118:9: Warning: Invoking events without "emit" prefix is deprecated.
        Transfer(address(this), msg.sender, tokensIssued);
        ^-----------------------------------------------^
/unique_chucks/36/0xb9bdf88704b957b4b8df79fbfc602f50089cc2b1.sol:4:5: Warning: No visibility specified. Defaulting to "public". 
    function balanceOf(address _owner) constant returns (uint256);
    ^------------------------------------------------------------^
/unique_chucks/36/0xb9bdf88704b957b4b8df79fbfc602f50089cc2b1.sol:5:5: Warning: No visibility specified. Defaulting to "public". 
    function transfer(address _to, uint256 _value) returns (bool);
    ^------------------------------------------------------------^
/unique_chucks/36/0xb9bdf88704b957b4b8df79fbfc602f50089cc2b1.sol:19:5: Warning: No visibility specified. Defaulting to "public". 
    function name() constant returns (string) { return "Surprise Motherfucker"; }
    ^---------------------------------------------------------------------------^
/unique_chucks/36/0xb9bdf88704b957b4b8df79fbfc602f50089cc2b1.sol:20:5: Warning: No visibility specified. Defaulting to "public". 
    function symbol() constant returns (string) { return "SM"; }
    ^----------------------------------------------------------^
/unique_chucks/36/0xb9bdf88704b957b4b8df79fbfc602f50089cc2b1.sol:21:5: Warning: No visibility specified. Defaulting to "public". 
    function decimals() constant returns (uint8) { return 18; }
    ^---------------------------------------------------------^
/unique_chucks/36/0xb9bdf88704b957b4b8df79fbfc602f50089cc2b1.sol:23:5: Warning: No visibility specified. Defaulting to "public". 
    function balanceOf(address _owner) constant returns (uint256) { return balances[_owner]; }
    ^----------------------------------------------------------------------------------------^
/unique_chucks/36/0xb9bdf88704b957b4b8df79fbfc602f50089cc2b1.sol:25:5: Warning: No visibility specified. Defaulting to "public". 
    function transfer(address _to, uint256 _value) returns (bool success) {
    ^ (Relevant source part starts here and spans across multiple lines).
/unique_chucks/36/0xb9bdf88704b957b4b8df79fbfc602f50089cc2b1.sol:45:5: Warning: No visibility specified. Defaulting to "public". 
    function transferFrom(address _from, address _to, uint256 _value) returns (bool success) {
    ^ (Relevant source part starts here and spans across multiple lines).
/unique_chucks/36/0xb9bdf88704b957b4b8df79fbfc602f50089cc2b1.sol:69:5: Warning: No visibility specified. Defaulting to "public". 
    function approve(address _spender, uint256 _value) returns (bool success) {
    ^ (Relevant source part starts here and spans across multiple lines).
/unique_chucks/36/0xb9bdf88704b957b4b8df79fbfc602f50089cc2b1.sol:79:5: Warning: No visibility specified. Defaulting to "public". 
    function allowance(address _owner, address _spender) constant returns (uint256) {
    ^ (Relevant source part starts here and spans across multiple lines).
/unique_chucks/36/0xb9bdf88704b957b4b8df79fbfc602f50089cc2b1.sol:86:5: Warning: No visibility specified. Defaulting to "public". 
    function withdrawForeignTokens(address _tokenContract) returns (bool) {
    ^ (Relevant source part starts here and spans across multiple lines).
/unique_chucks/36/0xb9bdf88704b957b4b8df79fbfc602f50089cc2b1.sol:95:5: Warning: No visibility specified. Defaulting to "public". 
    function getStats() constant returns (uint256) {
    ^ (Relevant source part starts here and spans across multiple lines).
/unique_chucks/36/0xb9bdf88704b957b4b8df79fbfc602f50089cc2b1.sol:99:5: Warning: No visibility specified. Defaulting to "public". 
    function() payable {
    ^ (Relevant source part starts here and spans across multiple lines).
/unique_chucks/36/0xb9bdf88704b957b4b8df79fbfc602f50089cc2b1.sol:19:5: Warning: Function state mutability can be restricted to pure
    function name() constant returns (string) { return "Surprise Motherfucker"; }
    ^---------------------------------------------------------------------------^
/unique_chucks/36/0xb9bdf88704b957b4b8df79fbfc602f50089cc2b1.sol:20:5: Warning: Function state mutability can be restricted to pure
    function symbol() constant returns (string) { return "SM"; }
    ^----------------------------------------------------------^
/unique_chucks/36/0xb9bdf88704b957b4b8df79fbfc602f50089cc2b1.sol:21:5: Warning: Function state mutability can be restricted to pure
    function decimals() constant returns (uint8) { return 18; }
    ^---------------------------------------------------------^

INFO:Detectors:[92m
SMContract.transferFrom.allowance (local variable @ /unique_chucks/36/0xb9bdf88704b957b4b8df79fbfc602f50089cc2b1.sol#54) shadows:
	- SMContract.allowance (function @ /unique_chucks/36/0xb9bdf88704b957b4b8df79fbfc602f50089cc2b1.sol#79-83)
Reference: https://github.com/trailofbits/slither/wiki/Detectors-Documentation#local-variable-shadowing[0m
INFO:Detectors:[92m
Deprecated standard detected @ /unique_chucks/36/0xb9bdf88704b957b4b8df79fbfc602f50089cc2b1.sol#29:
	- Usage of "throw" should be replaced with "revert()"
Deprecated standard detected @ /unique_chucks/36/0xb9bdf88704b957b4b8df79fbfc602f50089cc2b1.sol#49:
	- Usage of "throw" should be replaced with "revert()"
Deprecated standard detected @ /unique_chucks/36/0xb9bdf88704b957b4b8df79fbfc602f50089cc2b1.sol#91:
	- Usage of "throw" should be replaced with "revert()"
Deprecated standard detected @ /unique_chucks/36/0xb9bdf88704b957b4b8df79fbfc602f50089cc2b1.sol#103:
	- Usage of "throw" should be replaced with "revert()"
Deprecated standard detected @ /unique_chucks/36/0xb9bdf88704b957b4b8df79fbfc602f50089cc2b1.sol#104:
	- Usage of "throw" should be replaced with "revert()"
Reference: https://github.com/trailofbits/slither/wiki/Detectors-Documentation#deprecated-standards[0m
INFO:Detectors:[92m
ForeignToken.balanceOf (/unique_chucks/36/0xb9bdf88704b957b4b8df79fbfc602f50089cc2b1.sol#4-5) should be declared external
ForeignToken.transfer (/unique_chucks/36/0xb9bdf88704b957b4b8df79fbfc602f50089cc2b1.sol#5-8) should be declared external
SMContract.name (/unique_chucks/36/0xb9bdf88704b957b4b8df79fbfc602f50089cc2b1.sol#19-20) should be declared external
SMContract.symbol (/unique_chucks/36/0xb9bdf88704b957b4b8df79fbfc602f50089cc2b1.sol#20-21) should be declared external
SMContract.decimals (/unique_chucks/36/0xb9bdf88704b957b4b8df79fbfc602f50089cc2b1.sol#21-23) should be declared external
SMContract.balanceOf (/unique_chucks/36/0xb9bdf88704b957b4b8df79fbfc602f50089cc2b1.sol#23-25) should be declared external
SMContract.transfer (/unique_chucks/36/0xb9bdf88704b957b4b8df79fbfc602f50089cc2b1.sol#25-45) should be declared external
SMContract.transferFrom (/unique_chucks/36/0xb9bdf88704b957b4b8df79fbfc602f50089cc2b1.sol#45-69) should be declared external
SMContract.approve (/unique_chucks/36/0xb9bdf88704b957b4b8df79fbfc602f50089cc2b1.sol#69-79) should be declared external
SMContract.allowance (/unique_chucks/36/0xb9bdf88704b957b4b8df79fbfc602f50089cc2b1.sol#79-83) should be declared external
SMContract.withdrawForeignTokens (/unique_chucks/36/0xb9bdf88704b957b4b8df79fbfc602f50089cc2b1.sol#87-99) should be declared external
SMContract.getStats (/unique_chucks/36/0xb9bdf88704b957b4b8df79fbfc602f50089cc2b1.sol#99-101) should be declared external
SMContract.fallback (/unique_chucks/36/0xb9bdf88704b957b4b8df79fbfc602f50089cc2b1.sol#101-120) should be declared external
Reference: https://github.com/trailofbits/slither/wiki/Detectors-Documentation#public-function-that-could-be-declared-as-external[0m
INFO:Detectors:[92m
Detected issues with version pragma in /unique_chucks/36/0xb9bdf88704b957b4b8df79fbfc602f50089cc2b1.sol:
	- pragma solidity^0.4.10 (/unique_chucks/36/0xb9bdf88704b957b4b8df79fbfc602f50089cc2b1.sol#1): it allows old versions
Reference: https://github.com/trailofbits/slither/wiki/Detectors-Documentation#incorrect-version-of-solidity[0m
INFO:Detectors:[92m
Parameter '_owner' of SMContract.balanceOf (/unique_chucks/36/0xb9bdf88704b957b4b8df79fbfc602f50089cc2b1.sol#23) is not in mixedCase
Parameter '_to' of SMContract.transfer (/unique_chucks/36/0xb9bdf88704b957b4b8df79fbfc602f50089cc2b1.sol#25) is not in mixedCase
Parameter '_value' of SMContract.transfer (/unique_chucks/36/0xb9bdf88704b957b4b8df79fbfc602f50089cc2b1.sol#25) is not in mixedCase
Parameter '_from' of SMContract.transferFrom (/unique_chucks/36/0xb9bdf88704b957b4b8df79fbfc602f50089cc2b1.sol#45) is not in mixedCase
Parameter '_to' of SMContract.transferFrom (/unique_chucks/36/0xb9bdf88704b957b4b8df79fbfc602f50089cc2b1.sol#45-46) is not in mixedCase
Parameter '_value' of SMContract.transferFrom (/unique_chucks/36/0xb9bdf88704b957b4b8df79fbfc602f50089cc2b1.sol#46) is not in mixedCase
Parameter '_spender' of SMContract.approve (/unique_chucks/36/0xb9bdf88704b957b4b8df79fbfc602f50089cc2b1.sol#70) is not in mixedCase
Parameter '_value' of SMContract.approve (/unique_chucks/36/0xb9bdf88704b957b4b8df79fbfc602f50089cc2b1.sol#70) is not in mixedCase
Parameter '_owner' of SMContract.allowance (/unique_chucks/36/0xb9bdf88704b957b4b8df79fbfc602f50089cc2b1.sol#80) is not in mixedCase
Parameter '_spender' of SMContract.allowance (/unique_chucks/36/0xb9bdf88704b957b4b8df79fbfc602f50089cc2b1.sol#80-81) is not in mixedCase
Parameter '_tokenContract' of SMContract.withdrawForeignTokens (/unique_chucks/36/0xb9bdf88704b957b4b8df79fbfc602f50089cc2b1.sol#88-89) is not in mixedCase
Constant 'SMContract.price' (/unique_chucks/36/0xb9bdf88704b957b4b8df79fbfc602f50089cc2b1.sol#16-17) is not in UPPER_CASE_WITH_UNDERSCORES
Constant 'SMContract.maxAmount' (/unique_chucks/36/0xb9bdf88704b957b4b8df79fbfc602f50089cc2b1.sol#17-19) is not in UPPER_CASE_WITH_UNDERSCORES
Reference: https://github.com/trailofbits/slither/wiki/Detectors-Documentation#conformance-to-solidity-naming-conventions[0m
INFO:Slither:/unique_chucks/36/0xb9bdf88704b957b4b8df79fbfc602f50089cc2b1.sol analyzed (2 contracts), 33 result(s) found