/unique_chucks/22/0xc834a06943efac6b6129641f15191fcb033db515.sol
jar:file:/usr/local/lib/node_modules/@smartdec/smartcheck/jdeploy-bundle/smartcheck-2.0-jar-with-dependencies.jar!/solidity-rules.xmlruleId: SOLIDITY_PRAGMAS_VERSION
patternId: 23fc32
severity: 1
line: 1
column: 16
content: ^

ruleId: SOLIDITY_REDUNDANT_FALLBACK_REJECT
patternId: b85a32
severity: 1
line: 128
column: 15
content: {revert();}

ruleId: SOLIDITY_REVERT_REQUIRE
patternId: c56b12
severity: 1
line: 69
column: 8
content: if(_to==0x0)revert();

ruleId: SOLIDITY_REVERT_REQUIRE
patternId: c56b12
severity: 1
line: 70
column: 8
content: if(_value<=0)revert();

ruleId: SOLIDITY_REVERT_REQUIRE
patternId: c56b12
severity: 1
line: 71
column: 8
content: if(balanceOf[msg.sender]<_value)revert();

ruleId: SOLIDITY_REVERT_REQUIRE
patternId: c56b12
severity: 1
line: 72
column: 8
content: if(balanceOf[_to]+_value<balanceOf[_to])revert();

ruleId: SOLIDITY_REVERT_REQUIRE
patternId: c56b12
severity: 1
line: 80
column: 8
content: if(_value<=0)revert();

ruleId: SOLIDITY_REVERT_REQUIRE
patternId: c56b12
severity: 1
line: 87
column: 8
content: if(_to==0x0)revert();

ruleId: SOLIDITY_REVERT_REQUIRE
patternId: c56b12
severity: 1
line: 88
column: 8
content: if(_value<=0)revert();

ruleId: SOLIDITY_REVERT_REQUIRE
patternId: c56b12
severity: 1
line: 89
column: 8
content: if(balanceOf[_from]<_value)revert();

ruleId: SOLIDITY_REVERT_REQUIRE
patternId: c56b12
severity: 1
line: 90
column: 8
content: if(balanceOf[_to]+_value<balanceOf[_to])revert();

ruleId: SOLIDITY_REVERT_REQUIRE
patternId: c56b12
severity: 1
line: 91
column: 8
content: if(_value>allowance[_from][msg.sender])revert();

ruleId: SOLIDITY_REVERT_REQUIRE
patternId: c56b12
severity: 1
line: 101
column: 8
content: if(balanceOf[msg.sender]<_value)revert();

ruleId: SOLIDITY_REVERT_REQUIRE
patternId: c56b12
severity: 1
line: 102
column: 8
content: if(_value<=0)revert();

ruleId: SOLIDITY_REVERT_REQUIRE
patternId: c56b12
severity: 1
line: 110
column: 8
content: if(balanceOf[msg.sender]<_value)revert();

ruleId: SOLIDITY_REVERT_REQUIRE
patternId: c56b12
severity: 1
line: 111
column: 8
content: if(_value<=0)revert();

ruleId: SOLIDITY_REVERT_REQUIRE
patternId: c56b12
severity: 1
line: 119
column: 8
content: if(freezeOf[msg.sender]<_value)revert();

ruleId: SOLIDITY_REVERT_REQUIRE
patternId: c56b12
severity: 1
line: 120
column: 8
content: if(_value<=0)revert();

ruleId: SOLIDITY_VISIBILITY
patternId: 910067
severity: 1
line: 58
column: 4
content: functionRoboTC(){balanceOf[msg.sender]=4500000000000000000;totalSupply=4500000000000000000;name='RoboTC';symbol='RBTC';decimals=8;owner=msg.sender;}

ruleId: SOLIDITY_VISIBILITY
patternId: 910067
severity: 1
line: 68
column: 4
content: functiontransfer(address_to,uint256_value){if(_to==0x0)revert();if(_value<=0)revert();if(balanceOf[msg.sender]<_value)revert();if(balanceOf[_to]+_value<balanceOf[_to])revert();balanceOf[msg.sender]=SafeMath.safeSub(balanceOf[msg.sender],_value);balanceOf[_to]=SafeMath.safeAdd(balanceOf[_to],_value);Transfer(msg.sender,_to,_value);}

ruleId: SOLIDITY_VISIBILITY
patternId: 910067
severity: 1
line: 79
column: 4
content: functionapprove(address_spender,uint256_value)returns(boolsuccess){if(_value<=0)revert();allowance[msg.sender][_spender]=_value;returntrue;}

ruleId: SOLIDITY_VISIBILITY
patternId: 910067
severity: 1
line: 86
column: 4
content: functiontransferFrom(address_from,address_to,uint256_value)returns(boolsuccess){if(_to==0x0)revert();if(_value<=0)revert();if(balanceOf[_from]<_value)revert();if(balanceOf[_to]+_value<balanceOf[_to])revert();if(_value>allowance[_from][msg.sender])revert();balanceOf[_from]=SafeMath.safeSub(balanceOf[_from],_value);balanceOf[_to]=SafeMath.safeAdd(balanceOf[_to],_value);allowance[_from][msg.sender]=SafeMath.safeSub(allowance[_from][msg.sender],_value);Transfer(_from,_to,_value);returntrue;}

ruleId: SOLIDITY_VISIBILITY
patternId: 910067
severity: 1
line: 100
column: 4
content: functionburn(uint256_value)returns(boolsuccess){if(balanceOf[msg.sender]<_value)revert();if(_value<=0)revert();balanceOf[msg.sender]=SafeMath.safeSub(balanceOf[msg.sender],_value);totalSupply=SafeMath.safeSub(totalSupply,_value);Burn(msg.sender,_value);returntrue;}

ruleId: SOLIDITY_VISIBILITY
patternId: 910067
severity: 1
line: 109
column: 4
content: functionfreeze(uint256_value)returns(boolsuccess){if(balanceOf[msg.sender]<_value)revert();if(_value<=0)revert();balanceOf[msg.sender]=SafeMath.safeSub(balanceOf[msg.sender],_value);freezeOf[msg.sender]=SafeMath.safeAdd(freezeOf[msg.sender],_value);Freeze(msg.sender,_value);returntrue;}

ruleId: SOLIDITY_VISIBILITY
patternId: 910067
severity: 1
line: 118
column: 4
content: functionunfreeze(uint256_value)returns(boolsuccess){if(freezeOf[msg.sender]<_value)revert();if(_value<=0)revert();freezeOf[msg.sender]=SafeMath.safeSub(freezeOf[msg.sender],_value);balanceOf[msg.sender]=SafeMath.safeAdd(balanceOf[msg.sender],_value);Unfreeze(msg.sender,_value);returntrue;}

ruleId: SOLIDITY_VISIBILITY
patternId: 910067
severity: 1
line: 128
column: 4
content: function(){revert();}

SOLIDITY_VISIBILITY :8
SOLIDITY_PRAGMAS_VERSION :1
SOLIDITY_REVERT_REQUIRE :16
SOLIDITY_REDUNDANT_FALLBACK_REJECT :1