INFO:Slither:Compilation warnings/errors on /unique_chucks/26/0xe37b0c4c42e02c82a023d79600dc6465cfb94eb9.sol:
/unique_chucks/26/0xe37b0c4c42e02c82a023d79600dc6465cfb94eb9.sol:18:3: Warning: Defining constructors as functions with the same name as the contract is deprecated. Use "constructor(...) { ... }" instead.
  function Hexagon() public {
  ^ (Relevant source part starts here and spans across multiple lines).
/unique_chucks/26/0xe37b0c4c42e02c82a023d79600dc6465cfb94eb9.sol:42:5: Warning: Invoking events without "emit" prefix is deprecated.
    Burn(msg.sender, _value);
    ^----------------------^
/unique_chucks/26/0xe37b0c4c42e02c82a023d79600dc6465cfb94eb9.sol:54:5: Warning: Invoking events without "emit" prefix is deprecated.
    Approval(msg.sender, _spender, _value);
    ^------------------------------------^
/unique_chucks/26/0xe37b0c4c42e02c82a023d79600dc6465cfb94eb9.sol:88:5: Warning: Invoking events without "emit" prefix is deprecated.
    Burn(_from, burnPerTransaction);
    ^-----------------------------^
/unique_chucks/26/0xe37b0c4c42e02c82a023d79600dc6465cfb94eb9.sol:90:5: Warning: Invoking events without "emit" prefix is deprecated.
    Transfer(_from, _to, _value);
    ^--------------------------^

INFO:Detectors:[92m
Hexagon.transfer (/unique_chucks/26/0xe37b0c4c42e02c82a023d79600dc6465cfb94eb9.sol#25-32) should be declared external
Hexagon.burn (/unique_chucks/26/0xe37b0c4c42e02c82a023d79600dc6465cfb94eb9.sol#32-47) should be declared external
Hexagon.approve (/unique_chucks/26/0xe37b0c4c42e02c82a023d79600dc6465cfb94eb9.sol#48-60) should be declared external
Hexagon.transferFrom (/unique_chucks/26/0xe37b0c4c42e02c82a023d79600dc6465cfb94eb9.sol#60-72) should be declared external
Reference: https://github.com/trailofbits/slither/wiki/Detectors-Documentation#public-function-that-could-be-declared-as-external[0m
INFO:Detectors:[92m
Detected issues with version pragma in /unique_chucks/26/0xe37b0c4c42e02c82a023d79600dc6465cfb94eb9.sol:
	- pragma solidity^0.4.18 (/unique_chucks/26/0xe37b0c4c42e02c82a023d79600dc6465cfb94eb9.sol#1): it allows old versions
Reference: https://github.com/trailofbits/slither/wiki/Detectors-Documentation#incorrect-version-of-solidity[0m
INFO:Detectors:[92m
Function 'Hexagon.Hexagon' (/unique_chucks/26/0xe37b0c4c42e02c82a023d79600dc6465cfb94eb9.sol#18-24) is not in mixedCase
Parameter '_to' of Hexagon.transfer (/unique_chucks/26/0xe37b0c4c42e02c82a023d79600dc6465cfb94eb9.sol#25) is not in mixedCase
Parameter '_value' of Hexagon.transfer (/unique_chucks/26/0xe37b0c4c42e02c82a023d79600dc6465cfb94eb9.sol#25) is not in mixedCase
Parameter '_value' of Hexagon.burn (/unique_chucks/26/0xe37b0c4c42e02c82a023d79600dc6465cfb94eb9.sol#32) is not in mixedCase
Parameter '_spender' of Hexagon.approve (/unique_chucks/26/0xe37b0c4c42e02c82a023d79600dc6465cfb94eb9.sol#48) is not in mixedCase
Parameter '_value' of Hexagon.approve (/unique_chucks/26/0xe37b0c4c42e02c82a023d79600dc6465cfb94eb9.sol#48-49) is not in mixedCase
Parameter '_from' of Hexagon.transferFrom (/unique_chucks/26/0xe37b0c4c42e02c82a023d79600dc6465cfb94eb9.sol#60) is not in mixedCase
Parameter '_to' of Hexagon.transferFrom (/unique_chucks/26/0xe37b0c4c42e02c82a023d79600dc6465cfb94eb9.sol#60-61) is not in mixedCase
Parameter '_value' of Hexagon.transferFrom (/unique_chucks/26/0xe37b0c4c42e02c82a023d79600dc6465cfb94eb9.sol#61) is not in mixedCase
Function 'Hexagon._transfer' (/unique_chucks/26/0xe37b0c4c42e02c82a023d79600dc6465cfb94eb9.sol#73-94) is not in mixedCase
Parameter '_from' of Hexagon._transfer (/unique_chucks/26/0xe37b0c4c42e02c82a023d79600dc6465cfb94eb9.sol#73) is not in mixedCase
Parameter '_to' of Hexagon._transfer (/unique_chucks/26/0xe37b0c4c42e02c82a023d79600dc6465cfb94eb9.sol#73) is not in mixedCase
Parameter '_value' of Hexagon._transfer (/unique_chucks/26/0xe37b0c4c42e02c82a023d79600dc6465cfb94eb9.sol#73) is not in mixedCase
Constant 'Hexagon.burnPerTransaction' (/unique_chucks/26/0xe37b0c4c42e02c82a023d79600dc6465cfb94eb9.sol#8-9) is not in UPPER_CASE_WITH_UNDERSCORES
Constant 'Hexagon.initialSupply' (/unique_chucks/26/0xe37b0c4c42e02c82a023d79600dc6465cfb94eb9.sol#9-10) is not in UPPER_CASE_WITH_UNDERSCORES
Reference: https://github.com/trailofbits/slither/wiki/Detectors-Documentation#conformance-to-solidity-naming-conventions[0m
INFO:Slither:/unique_chucks/26/0xe37b0c4c42e02c82a023d79600dc6465cfb94eb9.sol analyzed (1 contracts), 20 result(s) found