/unique_chucks/10/0x26a024b09fe37da48c8bba7c918004df1624c7bb.sol:2:47: Error: The state mutability modifier "constant" was removed in version 0.5.0. Use "view" or "pure" instead.
  function mul(uint256 a, uint256 b) internal constant returns (uint256) {
                                              ^------^
/unique_chucks/10/0x26a024b09fe37da48c8bba7c918004df1624c7bb.sol:8:47: Error: The state mutability modifier "constant" was removed in version 0.5.0. Use "view" or "pure" instead.
  function div(uint256 a, uint256 b) internal constant returns (uint256) {
                                              ^------^
/unique_chucks/10/0x26a024b09fe37da48c8bba7c918004df1624c7bb.sol:15:47: Error: The state mutability modifier "constant" was removed in version 0.5.0. Use "view" or "pure" instead.
  function sub(uint256 a, uint256 b) internal constant returns (uint256) {
                                              ^------^
/unique_chucks/10/0x26a024b09fe37da48c8bba7c918004df1624c7bb.sol:20:47: Error: The state mutability modifier "constant" was removed in version 0.5.0. Use "view" or "pure" instead.
  function add(uint256 a, uint256 b) internal constant returns (uint256) {
                                              ^------^
/unique_chucks/10/0x26a024b09fe37da48c8bba7c918004df1624c7bb.sol:63:35: Error: The state mutability modifier "constant" was removed in version 0.5.0. Use "view" or "pure" instead.
  function balanceOf(address who) constant returns (uint256);
                                  ^------^
/unique_chucks/10/0x26a024b09fe37da48c8bba7c918004df1624c7bb.sol:69:54: Error: The state mutability modifier "constant" was removed in version 0.5.0. Use "view" or "pure" instead.
  function allowance(address owner, address spender) constant returns (uint256);
                                                     ^------^
/unique_chucks/10/0x26a024b09fe37da48c8bba7c918004df1624c7bb.sol:97:38: Error: The state mutability modifier "constant" was removed in version 0.5.0. Use "view" or "pure" instead.
  function balanceOf(address _owner) constant returns (uint256 balance) {
                                     ^------^
/unique_chucks/10/0x26a024b09fe37da48c8bba7c918004df1624c7bb.sol:151:56: Error: The state mutability modifier "constant" was removed in version 0.5.0. Use "view" or "pure" instead.
  function allowance(address _owner, address _spender) constant returns (uint256 remaining) {
                                                       ^------^
/unique_chucks/10/0x26a024b09fe37da48c8bba7c918004df1624c7bb.sol:274:37: Error: The state mutability modifier "constant" was removed in version 0.5.0. Use "view" or "pure" instead.
  function validPurchase() internal constant returns (bool) {
                                    ^------^
/unique_chucks/10/0x26a024b09fe37da48c8bba7c918004df1624c7bb.sol:282:30: Error: The state mutability modifier "constant" was removed in version 0.5.0. Use "view" or "pure" instead.
  function hasEnded() public constant returns (bool) {
                             ^------^
/unique_chucks/10/0x26a024b09fe37da48c8bba7c918004df1624c7bb.sol:330:37: Error: The state mutability modifier "constant" was removed in version 0.5.0. Use "view" or "pure" instead.
  function validPurchase() internal constant returns (bool) {
                                    ^------^
/unique_chucks/10/0x26a024b09fe37da48c8bba7c918004df1624c7bb.sol:337:30: Error: The state mutability modifier "constant" was removed in version 0.5.0. Use "view" or "pure" instead.
  function hasEnded() public constant returns (bool) {
                             ^------^
Exception in thread "main" java.lang.RuntimeException
	at ch.securify.CompilationHelpers.compileContracts(CompilationHelpers.java:115)
	at ch.securify.Main.processSolidityFile(Main.java:98)
	at ch.securify.Main.main(Main.java:254)