/unique_chucks/1/0xe0b7927c4af23765cb51314a0e0521a9645f0e2a.sol:83:44: Error: The state mutability modifier "constant" was removed in version 0.5.0. Use "view" or "pure" instead.
        function balanceOf(address _owner) constant returns(uint256 balance);
                                           ^------^
/unique_chucks/1/0xe0b7927c4af23765cb51314a0e0521a9645f0e2a.sol:107:62: Error: The state mutability modifier "constant" was removed in version 0.5.0. Use "view" or "pure" instead.
        function allowance(address _owner, address _spender) constant returns(uint256 remaining);
                                                             ^------^
/unique_chucks/1/0xe0b7927c4af23765cb51314a0e0521a9645f0e2a.sol:186:53: Error: The state mutability modifier "constant" was removed in version 0.5.0. Use "view" or "pure" instead.
        function ppb(uint256 _a, uint256 _c) public constant returns(uint256 b);
                                                    ^------^
/unique_chucks/1/0xe0b7927c4af23765cb51314a0e0521a9645f0e2a.sol:193:69: Error: The state mutability modifier "constant" was removed in version 0.5.0. Use "view" or "pure" instead.
        function calcShare(uint256 _contrib, uint256 _total) public constant returns(uint256 share);
                                                                    ^------^
/unique_chucks/1/0xe0b7927c4af23765cb51314a0e0521a9645f0e2a.sol:198:50: Error: The state mutability modifier "constant" was removed in version 0.5.0. Use "view" or "pure" instead.
        function weiToCents(uint256 _wei) public constant returns(uint256 centsvalue);
                                                 ^------^
/unique_chucks/1/0xe0b7927c4af23765cb51314a0e0521a9645f0e2a.sol:214:49: Error: The state mutability modifier "constant" was removed in version 0.5.0. Use "view" or "pure" instead.
        function userInfo(address _user) public constant returns(uint256 centstotal, uint256 weitotal, uint256 share, uint badges, bool claimed);
                                                ^------^
/unique_chucks/1/0xe0b7927c4af23765cb51314a0e0521a9645f0e2a.sol:217:34: Error: The state mutability modifier "constant" was removed in version 0.5.0. Use "view" or "pure" instead.
        function myInfo() public constant returns(uint256 centstotal, uint256 weitotal, uint256 share, uint badges, bool claimed);
                                 ^------^
/unique_chucks/1/0xe0b7927c4af23765cb51314a0e0521a9645f0e2a.sol:221:36: Error: The state mutability modifier "constant" was removed in version 0.5.0. Use "view" or "pure" instead.
        function totalWei() public constant returns(uint);
                                   ^------^
/unique_chucks/1/0xe0b7927c4af23765cb51314a0e0521a9645f0e2a.sol:225:38: Error: The state mutability modifier "constant" was removed in version 0.5.0. Use "view" or "pure" instead.
        function totalCents() public constant returns(uint);
                                     ^------^
/unique_chucks/1/0xe0b7927c4af23765cb51314a0e0521a9645f0e2a.sol:248:39: Error: The state mutability modifier "constant" was removed in version 0.5.0. Use "view" or "pure" instead.
        function goalReached() public constant returns(bool reached);
                                      ^------^
/unique_chucks/1/0xe0b7927c4af23765cb51314a0e0521a9645f0e2a.sol:252:37: Error: The state mutability modifier "constant" was removed in version 0.5.0. Use "view" or "pure" instead.
        function getPeriod() public constant returns(uint saleperiod);
                                    ^------^
/unique_chucks/1/0xe0b7927c4af23765cb51314a0e0521a9645f0e2a.sol:256:37: Error: The state mutability modifier "constant" was removed in version 0.5.0. Use "view" or "pure" instead.
        function startDate() public constant returns(uint date);
                                    ^------^
/unique_chucks/1/0xe0b7927c4af23765cb51314a0e0521a9645f0e2a.sol:260:37: Error: The state mutability modifier "constant" was removed in version 0.5.0. Use "view" or "pure" instead.
        function periodTwo() public constant returns(uint date);
                                    ^------^
/unique_chucks/1/0xe0b7927c4af23765cb51314a0e0521a9645f0e2a.sol:264:39: Error: The state mutability modifier "constant" was removed in version 0.5.0. Use "view" or "pure" instead.
        function periodThree() public constant returns(uint date);
                                      ^------^
/unique_chucks/1/0xe0b7927c4af23765cb51314a0e0521a9645f0e2a.sol:268:35: Error: The state mutability modifier "constant" was removed in version 0.5.0. Use "view" or "pure" instead.
        function endDate() public constant returns(uint date);
                                  ^------^
/unique_chucks/1/0xe0b7927c4af23765cb51314a0e0521a9645f0e2a.sol:273:35: Error: The state mutability modifier "constant" was removed in version 0.5.0. Use "view" or "pure" instead.
        function isEnded() public constant returns(bool ended);
                                  ^------^
/unique_chucks/1/0xe0b7927c4af23765cb51314a0e0521a9645f0e2a.sol:288:41: Error: The state mutability modifier "constant" was removed in version 0.5.0. Use "view" or "pure" instead.
        function getSaleStatus() public constant returns(bool fclaim, uint256 reltokens, uint256 relbadges, uint256 claimers);
                                        ^------^
/unique_chucks/1/0xe0b7927c4af23765cb51314a0e0521a9645f0e2a.sol:290:39: Error: The state mutability modifier "constant" was removed in version 0.5.0. Use "view" or "pure" instead.
        function getSaleInfo() public constant returns(uint256 weiamount, uint256 cents, uint256 realcents, uint256 amount);
                                      ^------^
/unique_chucks/1/0xe0b7927c4af23765cb51314a0e0521a9645f0e2a.sol:292:41: Error: The state mutability modifier "constant" was removed in version 0.5.0. Use "view" or "pure" instead.
 ...    function getSaleConfig() public constant returns(uint256 start, uint256 two ...
                                        ^------^
/unique_chucks/1/0xe0b7927c4af23765cb51314a0e0521a9645f0e2a.sol:314:17: Error: Expected ';' but got '}'
                }
                ^
Exception in thread "main" java.lang.RuntimeException
	at ch.securify.CompilationHelpers.compileContracts(CompilationHelpers.java:115)
	at ch.securify.Main.processSolidityFile(Main.java:98)
	at ch.securify.Main.main(Main.java:254)