INFO:Slither:Compilation warnings/errors on /unique_chucks/47/0x1e77b10ead7ae84bc54394bd33821e5c7b74fbb8.sol:
/unique_chucks/47/0x1e77b10ead7ae84bc54394bd33821e5c7b74fbb8.sol:50:5: Warning: Defining constructors as functions with the same name as the contract is deprecated. Use "constructor(...) { ... }" instead.
    function Testico() {
    ^ (Relevant source part starts here and spans across multiple lines).
/unique_chucks/47/0x1e77b10ead7ae84bc54394bd33821e5c7b74fbb8.sol:81:13: Warning: Invoking events without "emit" prefix is deprecated.
            Transfer(msg.sender, _to, _value);
            ^-------------------------------^
/unique_chucks/47/0x1e77b10ead7ae84bc54394bd33821e5c7b74fbb8.sol:110:13: Warning: Invoking events without "emit" prefix is deprecated.
            Transfer(_from, _to, _value);
            ^--------------------------^
/unique_chucks/47/0x1e77b10ead7ae84bc54394bd33821e5c7b74fbb8.sol:127:9: Warning: Invoking events without "emit" prefix is deprecated.
        Approval(msg.sender, _spender, _value);
        ^------------------------------------^
/unique_chucks/47/0x1e77b10ead7ae84bc54394bd33821e5c7b74fbb8.sol:141:9: Warning: Invoking events without "emit" prefix is deprecated.
        Burn(msg.sender, _value);
        ^----------------------^
/unique_chucks/47/0x1e77b10ead7ae84bc54394bd33821e5c7b74fbb8.sol:5:5: Warning: No visibility specified. Defaulting to "public". 
    function balanceOf(address _owner) constant returns (uint256 balance);
    ^--------------------------------------------------------------------^
/unique_chucks/47/0x1e77b10ead7ae84bc54394bd33821e5c7b74fbb8.sol:6:5: Warning: No visibility specified. Defaulting to "public". 
    function transfer(address _to, uint256 _value) returns (bool success);
    ^--------------------------------------------------------------------^
/unique_chucks/47/0x1e77b10ead7ae84bc54394bd33821e5c7b74fbb8.sol:7:5: Warning: No visibility specified. Defaulting to "public". 
    function transferFrom(address _from, address _to, uint256 _value) returns (bool success);
    ^---------------------------------------------------------------------------------------^
/unique_chucks/47/0x1e77b10ead7ae84bc54394bd33821e5c7b74fbb8.sol:8:5: Warning: No visibility specified. Defaulting to "public". 
    function approve(address _spender, uint256 _value) returns (bool success);
    ^------------------------------------------------------------------------^
/unique_chucks/47/0x1e77b10ead7ae84bc54394bd33821e5c7b74fbb8.sol:9:5: Warning: No visibility specified. Defaulting to "public". 
    function allowance(address _owner, address _spender) constant returns (uint256 remaining);
    ^----------------------------------------------------------------------------------------^
/unique_chucks/47/0x1e77b10ead7ae84bc54394bd33821e5c7b74fbb8.sol:50:5: Warning: No visibility specified. Defaulting to "public". 
    function Testico() {
    ^ (Relevant source part starts here and spans across multiple lines).
/unique_chucks/47/0x1e77b10ead7ae84bc54394bd33821e5c7b74fbb8.sol:58:5: Warning: No visibility specified. Defaulting to "public". 
    function balanceOf(address _owner) constant returns (uint256 balance) {
    ^ (Relevant source part starts here and spans across multiple lines).
/unique_chucks/47/0x1e77b10ead7ae84bc54394bd33821e5c7b74fbb8.sol:65:5: Warning: No visibility specified. Defaulting to "public". 
    function transfer(address _to, uint256 _value) onlyPayloadSize(2 * 32) returns (bool success) {
    ^ (Relevant source part starts here and spans across multiple lines).
/unique_chucks/47/0x1e77b10ead7ae84bc54394bd33821e5c7b74fbb8.sol:94:5: Warning: No visibility specified. Defaulting to "public". 
    function transferFrom(address _from, address _to, uint256 _value) returns (bool success) {
    ^ (Relevant source part starts here and spans across multiple lines).
/unique_chucks/47/0x1e77b10ead7ae84bc54394bd33821e5c7b74fbb8.sol:120:5: Warning: No visibility specified. Defaulting to "public". 
    function approve(address _spender, uint256 _value) returns (bool success) {
    ^ (Relevant source part starts here and spans across multiple lines).
/unique_chucks/47/0x1e77b10ead7ae84bc54394bd33821e5c7b74fbb8.sol:131:5: Warning: No visibility specified. Defaulting to "public". 
    function allowance(address _owner, address _spender) constant returns (uint256 remaining) {
    ^ (Relevant source part starts here and spans across multiple lines).
/unique_chucks/47/0x1e77b10ead7ae84bc54394bd33821e5c7b74fbb8.sol:137:5: Warning: No visibility specified. Defaulting to "public". 
    function burn(uint256 _value) onlyOwner returns (bool success) {
    ^ (Relevant source part starts here and spans across multiple lines).
/unique_chucks/47/0x1e77b10ead7ae84bc54394bd33821e5c7b74fbb8.sol:35:5: Warning: Function state mutability can be restricted to pure
    function isToken() public constant returns (bool weAre) {
    ^ (Relevant source part starts here and spans across multiple lines).
/unique_chucks/47/0x1e77b10ead7ae84bc54394bd33821e5c7b74fbb8.sol:157:5: Warning: Function state mutability can be restricted to view
    function shareholdersBalance() public returns (uint256) {
    ^ (Relevant source part starts here and spans across multiple lines).
/unique_chucks/47/0x1e77b10ead7ae84bc54394bd33821e5c7b74fbb8.sol:161:5: Warning: Function state mutability can be restricted to view
    function totalShareholders() public returns (uint256) {
    ^ (Relevant source part starts here and spans across multiple lines).
/unique_chucks/47/0x1e77b10ead7ae84bc54394bd33821e5c7b74fbb8.sol:165:5: Warning: Function state mutability can be restricted to view
    function getShareholder(uint256 _index) public returns (address) {
    ^ (Relevant source part starts here and spans across multiple lines).

INFO:Detectors:[92m
Testico.initialSupply should be constant (/unique_chucks/47/0x1e77b10ead7ae84bc54394bd33821e5c7b74fbb8.sol#20-22)
Reference: https://github.com/trailofbits/slither/wiki/Detectors-Documentation#state-variables-that-could-be-declared-constant[0m
INFO:Detectors:[92m
Testico.balanceOf (/unique_chucks/47/0x1e77b10ead7ae84bc54394bd33821e5c7b74fbb8.sol#58-62) should be declared external
ERC20Interface.balanceOf (/unique_chucks/47/0x1e77b10ead7ae84bc54394bd33821e5c7b74fbb8.sol#5-6) should be declared external
ERC20Interface.transfer (/unique_chucks/47/0x1e77b10ead7ae84bc54394bd33821e5c7b74fbb8.sol#6-7) should be declared external
Testico.transfer (/unique_chucks/47/0x1e77b10ead7ae84bc54394bd33821e5c7b74fbb8.sol#65-91) should be declared external
Testico.transferFrom (/unique_chucks/47/0x1e77b10ead7ae84bc54394bd33821e5c7b74fbb8.sol#95-118) should be declared external
ERC20Interface.transferFrom (/unique_chucks/47/0x1e77b10ead7ae84bc54394bd33821e5c7b74fbb8.sol#7-8) should be declared external
ERC20Interface.approve (/unique_chucks/47/0x1e77b10ead7ae84bc54394bd33821e5c7b74fbb8.sol#8-9) should be declared external
Testico.approve (/unique_chucks/47/0x1e77b10ead7ae84bc54394bd33821e5c7b74fbb8.sol#121-132) should be declared external
ERC20Interface.allowance (/unique_chucks/47/0x1e77b10ead7ae84bc54394bd33821e5c7b74fbb8.sol#9-10) should be declared external
Testico.allowance (/unique_chucks/47/0x1e77b10ead7ae84bc54394bd33821e5c7b74fbb8.sol#132-137) should be declared external
Testico.isToken (/unique_chucks/47/0x1e77b10ead7ae84bc54394bd33821e5c7b74fbb8.sol#35-39) should be declared external
Testico.burn (/unique_chucks/47/0x1e77b10ead7ae84bc54394bd33821e5c7b74fbb8.sol#138-146) should be declared external
Testico.shareholdersBalance (/unique_chucks/47/0x1e77b10ead7ae84bc54394bd33821e5c7b74fbb8.sol#161-165) should be declared external
Testico.totalShareholders (/unique_chucks/47/0x1e77b10ead7ae84bc54394bd33821e5c7b74fbb8.sol#165-168) should be declared external
Testico.getShareholder (/unique_chucks/47/0x1e77b10ead7ae84bc54394bd33821e5c7b74fbb8.sol) should be declared external
Reference: https://github.com/trailofbits/slither/wiki/Detectors-Documentation#public-function-that-could-be-declared-as-external[0m
INFO:Detectors:[92m
Detected issues with version pragma in /unique_chucks/47/0x1e77b10ead7ae84bc54394bd33821e5c7b74fbb8.sol:
	- pragma solidity^0.4.13 (/unique_chucks/47/0x1e77b10ead7ae84bc54394bd33821e5c7b74fbb8.sol#1): it allows old versions
Reference: https://github.com/trailofbits/slither/wiki/Detectors-Documentation#incorrect-version-of-solidity[0m
INFO:Detectors:[92m
Parameter '_owner' of Testico.balanceOf (/unique_chucks/47/0x1e77b10ead7ae84bc54394bd33821e5c7b74fbb8.sol#59) is not in mixedCase
Parameter '_to' of Testico.transfer (/unique_chucks/47/0x1e77b10ead7ae84bc54394bd33821e5c7b74fbb8.sol#65) is not in mixedCase
Parameter '_value' of Testico.transfer (/unique_chucks/47/0x1e77b10ead7ae84bc54394bd33821e5c7b74fbb8.sol#65-66) is not in mixedCase
Parameter '_from' of Testico.transferFrom (/unique_chucks/47/0x1e77b10ead7ae84bc54394bd33821e5c7b74fbb8.sol#95) is not in mixedCase
Parameter '_to' of Testico.transferFrom (/unique_chucks/47/0x1e77b10ead7ae84bc54394bd33821e5c7b74fbb8.sol#95) is not in mixedCase
Parameter '_value' of Testico.transferFrom (/unique_chucks/47/0x1e77b10ead7ae84bc54394bd33821e5c7b74fbb8.sol#95) is not in mixedCase
Parameter '_spender' of Testico.approve (/unique_chucks/47/0x1e77b10ead7ae84bc54394bd33821e5c7b74fbb8.sol#121-122) is not in mixedCase
Parameter '_value' of Testico.approve (/unique_chucks/47/0x1e77b10ead7ae84bc54394bd33821e5c7b74fbb8.sol#123) is not in mixedCase
Parameter '_owner' of Testico.allowance (/unique_chucks/47/0x1e77b10ead7ae84bc54394bd33821e5c7b74fbb8.sol#135) is not in mixedCase
Parameter '_spender' of Testico.allowance (/unique_chucks/47/0x1e77b10ead7ae84bc54394bd33821e5c7b74fbb8.sol#135) is not in mixedCase
Function 'Testico.Testico' (/unique_chucks/47/0x1e77b10ead7ae84bc54394bd33821e5c7b74fbb8.sol#52-58) is not in mixedCase
Parameter '_value' of Testico.burn (/unique_chucks/47/0x1e77b10ead7ae84bc54394bd33821e5c7b74fbb8.sol#138-139) is not in mixedCase
Parameter '_shareholder' of Testico.insertShareholder (/unique_chucks/47/0x1e77b10ead7ae84bc54394bd33821e5c7b74fbb8.sol#148-149) is not in mixedCase
Parameter '_index' of Testico.getShareholder (/unique_chucks/47/0x1e77b10ead7ae84bc54394bd33821e5c7b74fbb8.sol) is not in mixedCase
Reference: https://github.com/trailofbits/slither/wiki/Detectors-Documentation#conformance-to-solidity-naming-conventions[0m
INFO:Slither:/unique_chucks/47/0x1e77b10ead7ae84bc54394bd33821e5c7b74fbb8.sol analyzed (2 contracts), 31 result(s) found