2019-07-22 23:46:03,953: [12] m.main:INFO: Registered plugins: DetectSuicidal, DetectReentrancySimple, DetectInvalid, DetectReentrancyAdvanced, DetectExternalCallAndLeak, DetectEnvInstruction, DetectUninitializedStorage, DetectIntegerOverflow, DetectDelegatecall, DetectUnusedRetVal, DetectUninitializedMemory
2019-07-22 23:46:03,954: [12] m.main:INFO: Beginning analysis
2019-07-22 23:46:03,967: [12] m.e.manticore:INFO: Starting symbolic create contract
2019-07-22 23:46:03,989: [12] m.e.manticore:ERROR: Errors : Invalid solc compilation unique_chucks/4/0x6cb4ad504816bd3021ae48286f018ac725239b89.sol:1:1: Error: Source file requires different compiler version (current compiler is 0.4.25+commit.59dbf8f1.Linux.g++ - note that nightly builds are considered to be strictly less than the released version
pragma solidity 0.4.24;
^---------------------^

. Solidity failed to generate bytecode for your contract. Check if all the abstract functions are implemented. 
2019-07-22 23:46:04,197: [58] m.c.manticore:INFO: Generated testcase No. 0 - NO STATE RESULT (?)(0 txs)
2019-07-22 23:46:04,659: [12] m.c.manticore:INFO: Results in /mcore_zhwqtc8l
2019-07-22 23:46:05,453: [313] m.main:INFO: Registered plugins: DetectReentrancySimple, DetectInvalid, DetectUnusedRetVal, DetectDelegatecall, DetectUninitializedStorage, DetectSuicidal, DetectEnvInstruction, DetectUninitializedMemory, DetectReentrancyAdvanced, DetectExternalCallAndLeak, DetectIntegerOverflow
2019-07-22 23:46:05,453: [313] m.main:INFO: Beginning analysis
2019-07-22 23:46:05,477: [313] m.e.manticore:INFO: Starting symbolic create contract
2019-07-22 23:46:05,495: [313] m.e.manticore:ERROR: Errors : Invalid solc compilation unique_chucks/4/0x6cb4ad504816bd3021ae48286f018ac725239b89.sol:1:1: Error: Source file requires different compiler version (current compiler is 0.4.25+commit.59dbf8f1.Linux.g++ - note that nightly builds are considered to be strictly less than the released version
pragma solidity 0.4.24;
^---------------------^

. Solidity failed to generate bytecode for your contract. Check if all the abstract functions are implemented. 
2019-07-22 23:46:05,697: [356] m.c.manticore:INFO: Generated testcase No. 0 - NO STATE RESULT (?)(0 txs)
2019-07-22 23:46:06,087: [313] m.c.manticore:INFO: Results in /mcore_s__qxf75
2019-07-22 23:46:06,866: [614] m.main:INFO: Registered plugins: DetectIntegerOverflow, DetectUnusedRetVal, DetectReentrancySimple, DetectInvalid, DetectExternalCallAndLeak, DetectSuicidal, DetectUninitializedStorage, DetectDelegatecall, DetectEnvInstruction, DetectReentrancyAdvanced, DetectUninitializedMemory
2019-07-22 23:46:06,866: [614] m.main:INFO: Beginning analysis
2019-07-22 23:46:06,878: [614] m.e.manticore:INFO: Starting symbolic create contract
2019-07-22 23:46:06,894: [614] m.e.manticore:ERROR: Errors : Invalid solc compilation unique_chucks/4/0x6cb4ad504816bd3021ae48286f018ac725239b89.sol:1:1: Error: Source file requires different compiler version (current compiler is 0.4.25+commit.59dbf8f1.Linux.g++ - note that nightly builds are considered to be strictly less than the released version
pragma solidity 0.4.24;
^---------------------^

. Solidity failed to generate bytecode for your contract. Check if all the abstract functions are implemented. 
2019-07-22 23:46:07,102: [656] m.c.manticore:INFO: Generated testcase No. 0 - NO STATE RESULT (?)(0 txs)
2019-07-22 23:46:07,584: [614] m.c.manticore:INFO: Results in /mcore_75d4oz9r
2019-07-22 23:46:08,456: [915] m.main:INFO: Registered plugins: DetectUnusedRetVal, DetectReentrancySimple, DetectInvalid, DetectSuicidal, DetectUninitializedMemory, DetectIntegerOverflow, DetectDelegatecall, DetectEnvInstruction, DetectUninitializedStorage, DetectReentrancyAdvanced, DetectExternalCallAndLeak
2019-07-22 23:46:08,457: [915] m.main:INFO: Beginning analysis
2019-07-22 23:46:08,469: [915] m.e.manticore:INFO: Starting symbolic create contract
2019-07-22 23:46:08,488: [915] m.e.manticore:ERROR: Errors : Invalid solc compilation unique_chucks/4/0x6cb4ad504816bd3021ae48286f018ac725239b89.sol:1:1: Error: Source file requires different compiler version (current compiler is 0.4.25+commit.59dbf8f1.Linux.g++ - note that nightly builds are considered to be strictly less than the released version
pragma solidity 0.4.24;
^---------------------^

. Solidity failed to generate bytecode for your contract. Check if all the abstract functions are implemented. 
2019-07-22 23:46:08,667: [958] m.c.manticore:INFO: Generated testcase No. 0 - NO STATE RESULT (?)(0 txs)
2019-07-22 23:46:09,054: [915] m.c.manticore:INFO: Results in /mcore_sfu6w5nb
2019-07-22 23:46:09,779: [1216] m.main:INFO: Registered plugins: DetectIntegerOverflow, DetectExternalCallAndLeak, DetectReentrancySimple, DetectSuicidal, DetectReentrancyAdvanced, DetectInvalid, DetectDelegatecall, DetectUninitializedStorage, DetectEnvInstruction, DetectUnusedRetVal, DetectUninitializedMemory
2019-07-22 23:46:09,780: [1216] m.main:INFO: Beginning analysis
2019-07-22 23:46:09,795: [1216] m.e.manticore:INFO: Starting symbolic create contract
2019-07-22 23:46:09,832: [1216] m.e.manticore:ERROR: Errors : Invalid solc compilation unique_chucks/4/0x6cb4ad504816bd3021ae48286f018ac725239b89.sol:1:1: Error: Source file requires different compiler version (current compiler is 0.4.25+commit.59dbf8f1.Linux.g++ - note that nightly builds are considered to be strictly less than the released version
pragma solidity 0.4.24;
^---------------------^

. Solidity failed to generate bytecode for your contract. Check if all the abstract functions are implemented. 
2019-07-22 23:46:09,944: [1258] m.c.manticore:INFO: Generated testcase No. 0 - NO STATE RESULT (?)(0 txs)
2019-07-22 23:46:10,401: [1216] m.c.manticore:INFO: Results in /mcore_tp40udef
2019-07-22 23:46:11,171: [1517] m.main:INFO: Registered plugins: DetectReentrancySimple, DetectInvalid, DetectUnusedRetVal, DetectUninitializedStorage, DetectSuicidal, DetectExternalCallAndLeak, DetectReentrancyAdvanced, DetectEnvInstruction, DetectUninitializedMemory, DetectDelegatecall, DetectIntegerOverflow
2019-07-22 23:46:11,171: [1517] m.main:INFO: Beginning analysis
2019-07-22 23:46:11,185: [1517] m.e.manticore:INFO: Starting symbolic create contract
2019-07-22 23:46:11,202: [1517] m.e.manticore:ERROR: Errors : Invalid solc compilation unique_chucks/4/0x6cb4ad504816bd3021ae48286f018ac725239b89.sol:1:1: Error: Source file requires different compiler version (current compiler is 0.4.25+commit.59dbf8f1.Linux.g++ - note that nightly builds are considered to be strictly less than the released version
pragma solidity 0.4.24;
^---------------------^

. Solidity failed to generate bytecode for your contract. Check if all the abstract functions are implemented. 
2019-07-22 23:46:11,293: [1559] m.c.manticore:INFO: Generated testcase No. 0 - NO STATE RESULT (?)(0 txs)
2019-07-22 23:46:11,755: [1517] m.c.manticore:INFO: Results in /mcore_f6uombe1
2019-07-22 23:46:12,579: [1818] m.main:INFO: Registered plugins: DetectUninitializedStorage, DetectInvalid, DetectExternalCallAndLeak, DetectSuicidal, DetectUninitializedMemory, DetectIntegerOverflow, DetectEnvInstruction, DetectReentrancySimple, DetectDelegatecall, DetectUnusedRetVal, DetectReentrancyAdvanced
2019-07-22 23:46:12,579: [1818] m.main:INFO: Beginning analysis
2019-07-22 23:46:12,589: [1818] m.e.manticore:INFO: Starting symbolic create contract
2019-07-22 23:46:12,610: [1818] m.e.manticore:ERROR: Errors : Invalid solc compilation unique_chucks/4/0x6cb4ad504816bd3021ae48286f018ac725239b89.sol:1:1: Error: Source file requires different compiler version (current compiler is 0.4.25+commit.59dbf8f1.Linux.g++ - note that nightly builds are considered to be strictly less than the released version
pragma solidity 0.4.24;
^---------------------^

. Solidity failed to generate bytecode for your contract. Check if all the abstract functions are implemented. 
2019-07-22 23:46:12,864: [1861] m.c.manticore:INFO: Generated testcase No. 0 - NO STATE RESULT (?)(0 txs)
2019-07-22 23:46:13,280: [1818] m.c.manticore:INFO: Results in /mcore_dq2k9zjl