2019-07-25 17:58:41,944: [12] m.main:INFO: Registered plugins: DetectUnusedRetVal, DetectReentrancySimple, DetectInvalid, DetectExternalCallAndLeak, DetectSuicidal, DetectUninitializedStorage, DetectIntegerOverflow, DetectDelegatecall, DetectEnvInstruction, DetectReentrancyAdvanced, DetectUninitializedMemory
2019-07-25 17:58:41,944: [12] m.main:INFO: Beginning analysis
2019-07-25 17:58:41,974: [12] m.e.manticore:INFO: Starting symbolic create contract
2019-07-25 17:58:44,834: [12] m.e.manticore:INFO: Starting symbolic transaction: 0
2019-07-25 17:58:48,994: [12] m.e.manticore:INFO: 1 alive states, 5 terminated states
2019-07-25 17:58:49,794: [12] m.e.manticore:INFO: Starting symbolic transaction: 1
2019-07-25 17:58:53,954: [12] m.e.manticore:INFO: 1 alive states, 10 terminated states
2019-07-25 17:58:54,924: [1522] m.c.manticore:INFO: Generated testcase No. 0 - RETURN(3 txs)
2019-07-25 17:58:54,973: [1523] m.c.manticore:INFO: Generated testcase No. 2 - RETURN(1 txs)
2019-07-25 17:58:54,975: [1525] m.c.manticore:INFO: Generated testcase No. 1 - REVERT(2 txs)
2019-07-25 17:58:55,032: [1530] m.c.manticore:INFO: Generated testcase No. 3 - REVERT(2 txs)
2019-07-25 17:58:55,126: [1535] m.c.manticore:INFO: Generated testcase No. 4 - REVERT(2 txs)
2019-07-25 17:58:55,260: [1550] m.c.manticore:INFO: Generated testcase No. 6 - RETURN(2 txs)
2019-07-25 17:58:55,351: [1538] m.c.manticore:INFO: Generated testcase No. 5 - REVERT(2 txs)
2019-07-25 17:58:55,373: [1544] m.c.manticore:INFO: Generated testcase No. 8 - REVERT(3 txs)
2019-07-25 17:58:55,375: [1548] m.c.manticore:INFO: Generated testcase No. 7 - REVERT(3 txs)
2019-07-25 17:59:06,926: [1523] m.c.manticore:INFO: Generated testcase No. 9 - REVERT(3 txs)
2019-07-25 17:59:09,336: [1530] m.c.manticore:INFO: Generated testcase No. 10 - REVERT(3 txs)
2019-07-25 17:59:15,502: [12] m.c.manticore:INFO: Results in /mcore_f1_enj9t
2019-07-25 17:59:17,265: [2147] m.main:INFO: Registered plugins: DetectUninitializedStorage, DetectSuicidal, DetectExternalCallAndLeak, DetectEnvInstruction, DetectIntegerOverflow, DetectDelegatecall, DetectUninitializedMemory, DetectReentrancyAdvanced, DetectUnusedRetVal, DetectReentrancySimple, DetectInvalid
2019-07-25 17:59:17,265: [2147] m.main:INFO: Beginning analysis
2019-07-25 17:59:17,282: [2147] m.e.manticore:INFO: Starting symbolic create contract
2019-07-25 17:59:17,540: [2191] m.c.manticore:INFO: Generated testcase No. 0 - NO STATE RESULT (?)(0 txs)
2019-07-25 17:59:18,072: [2147] m.c.manticore:INFO: Results in /mcore_9a_3cb73
2019-07-25 17:59:19,003: [2450] m.main:INFO: Registered plugins: DetectReentrancySimple, DetectInvalid, DetectSuicidal, DetectUnusedRetVal, DetectUninitializedStorage, DetectDelegatecall, DetectEnvInstruction, DetectReentrancyAdvanced, DetectIntegerOverflow, DetectUninitializedMemory, DetectExternalCallAndLeak
2019-07-25 17:59:19,003: [2450] m.main:INFO: Beginning analysis
2019-07-25 17:59:19,040: [2450] m.e.manticore:INFO: Starting symbolic create contract
2019-07-25 17:59:36,697: [2498] m.e.detectors:WARNING: Unsigned integer overflow at MUL instruction
2019-07-25 17:59:38,076: [2498] m.e.detectors:WARNING: Unsigned integer overflow at MUL instruction
2019-07-25 18:00:05,982: [2450] m.e.manticore:INFO: Starting symbolic transaction: 0
2019-07-25 18:00:54,986: [3664] m.e.detectors:WARNING: Unsigned integer overflow at MUL instruction
2019-07-25 18:01:56,449: [3651] m.e.detectors:WARNING: Potentially reading uninitialized storage
2019-07-25 18:02:10,818: [3651] m.e.detectors:WARNING: Unsigned integer overflow at MUL instruction
2019-07-25 18:02:22,953: [3657] m.e.detectors:WARNING: Potentially reading uninitialized storage
2019-07-25 18:02:26,841: [3655] m.e.detectors:WARNING: Unsigned integer overflow at MUL instruction
2019-07-25 18:03:31,482: [3652] m.e.detectors:WARNING: Potentially reading uninitialized storage
2019-07-25 18:03:59,065: [3660] m.e.detectors:WARNING: Unsigned integer overflow at MUL instruction
2019-07-25 18:04:02,561: [3652] m.e.detectors:WARNING: Potentially reading uninitialized storage
2019-07-25 18:06:39,969: [3651] m.e.detectors:WARNING: Potentially reading uninitialized memory at instruction (address: 487567192169732701149590884635079092394321928748, offset 128)
2019-07-25 18:06:42,821: [3651] m.e.detectors:WARNING: Potentially reading uninitialized memory at instruction (address: 487567192169732701149590884635079092394321928748, offset 129)
2019-07-25 18:06:45,217: [3651] m.e.detectors:WARNING: Potentially reading uninitialized memory at instruction (address: 487567192169732701149590884635079092394321928748, offset 130)
2019-07-25 18:06:51,269: [3651] m.e.detectors:WARNING: Potentially reading uninitialized memory at instruction (address: 487567192169732701149590884635079092394321928748, offset 131)
2019-07-25 18:06:54,165: [3651] m.e.detectors:WARNING: Potentially reading uninitialized memory at instruction (address: 487567192169732701149590884635079092394321928748, offset 132)
2019-07-25 18:06:56,733: [3651] m.e.detectors:WARNING: Potentially reading uninitialized memory at instruction (address: 487567192169732701149590884635079092394321928748, offset 133)
2019-07-25 18:06:59,473: [3651] m.e.detectors:WARNING: Potentially reading uninitialized memory at instruction (address: 487567192169732701149590884635079092394321928748, offset 134)
2019-07-25 18:07:02,847: [3651] m.e.detectors:WARNING: Potentially reading uninitialized memory at instruction (address: 487567192169732701149590884635079092394321928748, offset 135)
2019-07-25 18:07:05,069: [3651] m.e.detectors:WARNING: Potentially reading uninitialized memory at instruction (address: 487567192169732701149590884635079092394321928748, offset 136)
2019-07-25 18:07:06,875: [3651] m.e.detectors:WARNING: Potentially reading uninitialized memory at instruction (address: 487567192169732701149590884635079092394321928748, offset 137)
2019-07-25 18:07:09,729: [3651] m.e.detectors:WARNING: Potentially reading uninitialized memory at instruction (address: 487567192169732701149590884635079092394321928748, offset 138)
2019-07-25 18:07:12,917: [3651] m.e.detectors:WARNING: Potentially reading uninitialized memory at instruction (address: 487567192169732701149590884635079092394321928748, offset 139)
2019-07-25 18:07:15,857: [3651] m.e.detectors:WARNING: Potentially reading uninitialized memory at instruction (address: 487567192169732701149590884635079092394321928748, offset 140)
2019-07-25 18:07:18,435: [3651] m.e.detectors:WARNING: Potentially reading uninitialized memory at instruction (address: 487567192169732701149590884635079092394321928748, offset 141)
2019-07-25 18:07:20,667: [3651] m.e.detectors:WARNING: Potentially reading uninitialized memory at instruction (address: 487567192169732701149590884635079092394321928748, offset 142)
2019-07-25 18:07:24,247: [3651] m.e.detectors:WARNING: Potentially reading uninitialized memory at instruction (address: 487567192169732701149590884635079092394321928748, offset 143)
2019-07-25 18:07:30,513: [3651] m.e.detectors:WARNING: Potentially reading uninitialized memory at instruction (address: 487567192169732701149590884635079092394321928748, offset 144)
2019-07-25 18:07:32,941: [3651] m.e.detectors:WARNING: Potentially reading uninitialized memory at instruction (address: 487567192169732701149590884635079092394321928748, offset 145)
2019-07-25 18:07:35,359: [3651] m.e.detectors:WARNING: Potentially reading uninitialized memory at instruction (address: 487567192169732701149590884635079092394321928748, offset 146)
2019-07-25 18:07:38,657: [3651] m.e.detectors:WARNING: Potentially reading uninitialized memory at instruction (address: 487567192169732701149590884635079092394321928748, offset 147)
2019-07-25 18:07:40,761: [3651] m.e.detectors:WARNING: Potentially reading uninitialized memory at instruction (address: 487567192169732701149590884635079092394321928748, offset 148)
2019-07-25 18:07:43,126: [3651] m.e.detectors:WARNING: Potentially reading uninitialized memory at instruction (address: 487567192169732701149590884635079092394321928748, offset 149)
2019-07-25 18:07:46,469: [3651] m.e.detectors:WARNING: Potentially reading uninitialized memory at instruction (address: 487567192169732701149590884635079092394321928748, offset 150)
2019-07-25 18:07:49,937: [3651] m.e.detectors:WARNING: Potentially reading uninitialized memory at instruction (address: 487567192169732701149590884635079092394321928748, offset 151)
2019-07-25 18:07:53,161: [3651] m.e.detectors:WARNING: Potentially reading uninitialized memory at instruction (address: 487567192169732701149590884635079092394321928748, offset 152)
2019-07-25 18:07:57,165: [3651] m.e.detectors:WARNING: Potentially reading uninitialized memory at instruction (address: 487567192169732701149590884635079092394321928748, offset 153)
2019-07-25 18:08:00,317: [3651] m.e.detectors:WARNING: Potentially reading uninitialized memory at instruction (address: 487567192169732701149590884635079092394321928748, offset 154)
2019-07-25 18:08:03,529: [3651] m.e.detectors:WARNING: Potentially reading uninitialized memory at instruction (address: 487567192169732701149590884635079092394321928748, offset 155)
2019-07-25 18:08:06,245: [3651] m.e.detectors:WARNING: Potentially reading uninitialized memory at instruction (address: 487567192169732701149590884635079092394321928748, offset 156)
2019-07-25 18:08:09,469: [3651] m.e.detectors:WARNING: Potentially reading uninitialized memory at instruction (address: 487567192169732701149590884635079092394321928748, offset 157)
2019-07-25 18:08:12,529: [3651] m.e.detectors:WARNING: Potentially reading uninitialized memory at instruction (address: 487567192169732701149590884635079092394321928748, offset 158)
2019-07-25 18:08:20,261: [3651] m.e.detectors:WARNING: Potentially reading uninitialized memory at instruction (address: 487567192169732701149590884635079092394321928748, offset 159)
2019-07-25 18:08:29,421: [3651] m.e.detectors:WARNING: Potentially reading uninitialized memory at instruction (address: 487567192169732701149590884635079092394321928748, offset 128)
2019-07-25 18:08:33,044: [3651] m.e.detectors:WARNING: Potentially reading uninitialized memory at instruction (address: 487567192169732701149590884635079092394321928748, offset 129)
2019-07-25 18:08:37,445: [3651] m.e.detectors:WARNING: Potentially reading uninitialized memory at instruction (address: 487567192169732701149590884635079092394321928748, offset 130)
2019-07-25 18:08:40,537: [3651] m.e.detectors:WARNING: Potentially reading uninitialized memory at instruction (address: 487567192169732701149590884635079092394321928748, offset 131)
2019-07-25 18:08:44,033: [3651] m.e.detectors:WARNING: Potentially reading uninitialized memory at instruction (address: 487567192169732701149590884635079092394321928748, offset 132)
2019-07-25 18:08:47,333: [3651] m.e.detectors:WARNING: Potentially reading uninitialized memory at instruction (address: 487567192169732701149590884635079092394321928748, offset 133)
2019-07-25 18:08:50,221: [3651] m.e.detectors:WARNING: Potentially reading uninitialized memory at instruction (address: 487567192169732701149590884635079092394321928748, offset 134)
2019-07-25 18:08:52,577: [3651] m.e.detectors:WARNING: Potentially reading uninitialized memory at instruction (address: 487567192169732701149590884635079092394321928748, offset 135)
2019-07-25 18:08:55,873: [3651] m.e.detectors:WARNING: Potentially reading uninitialized memory at instruction (address: 487567192169732701149590884635079092394321928748, offset 136)
2019-07-25 18:08:58,737: [3664] m.e.detectors:WARNING: Potentially reading uninitialized memory at instruction (address: 487567192169732701149590884635079092394321928748, offset 128)
2019-07-25 18:08:58,856: [3651] m.e.detectors:WARNING: Potentially reading uninitialized memory at instruction (address: 487567192169732701149590884635079092394321928748, offset 137)
2019-07-25 18:09:01,681: [3664] m.e.detectors:WARNING: Potentially reading uninitialized memory at instruction (address: 487567192169732701149590884635079092394321928748, offset 129)
2019-07-25 18:09:02,626: [3651] m.e.detectors:WARNING: Potentially reading uninitialized memory at instruction (address: 487567192169732701149590884635079092394321928748, offset 138)
2019-07-25 18:09:05,013: [3664] m.e.detectors:WARNING: Potentially reading uninitialized memory at instruction (address: 487567192169732701149590884635079092394321928748, offset 130)
2019-07-25 18:09:06,734: [3651] m.e.detectors:WARNING: Potentially reading uninitialized memory at instruction (address: 487567192169732701149590884635079092394321928748, offset 139)
2019-07-25 18:09:08,665: [3664] m.e.detectors:WARNING: Potentially reading uninitialized memory at instruction (address: 487567192169732701149590884635079092394321928748, offset 131)
2019-07-25 18:09:09,557: [3651] m.e.detectors:WARNING: Potentially reading uninitialized memory at instruction (address: 487567192169732701149590884635079092394321928748, offset 140)
2019-07-25 18:09:12,853: [3651] m.e.detectors:WARNING: Potentially reading uninitialized memory at instruction (address: 487567192169732701149590884635079092394321928748, offset 141)
2019-07-25 18:09:12,861: [3664] m.e.detectors:WARNING: Potentially reading uninitialized memory at instruction (address: 487567192169732701149590884635079092394321928748, offset 132)
2019-07-25 18:09:15,769: [3664] m.e.detectors:WARNING: Potentially reading uninitialized memory at instruction (address: 487567192169732701149590884635079092394321928748, offset 133)
2019-07-25 18:09:15,952: [3651] m.e.detectors:WARNING: Potentially reading uninitialized memory at instruction (address: 487567192169732701149590884635079092394321928748, offset 142)
2019-07-25 18:09:18,233: [3651] m.e.detectors:WARNING: Potentially reading uninitialized memory at instruction (address: 487567192169732701149590884635079092394321928748, offset 143)
2019-07-25 18:09:18,825: [3664] m.e.detectors:WARNING: Potentially reading uninitialized memory at instruction (address: 487567192169732701149590884635079092394321928748, offset 134)
2019-07-25 18:09:22,661: [3664] m.e.detectors:WARNING: Potentially reading uninitialized memory at instruction (address: 487567192169732701149590884635079092394321928748, offset 135)
2019-07-25 18:09:28,549: [3651] m.e.detectors:WARNING: Potentially reading uninitialized memory at instruction (address: 487567192169732701149590884635079092394321928748, offset 144)
2019-07-25 18:09:31,245: [3664] m.e.detectors:WARNING: Potentially reading uninitialized memory at instruction (address: 487567192169732701149590884635079092394321928748, offset 136)
2019-07-25 18:09:32,137: [3651] m.e.detectors:WARNING: Potentially reading uninitialized memory at instruction (address: 487567192169732701149590884635079092394321928748, offset 145)
2019-07-25 18:09:34,753: [3664] m.e.detectors:WARNING: Potentially reading uninitialized memory at instruction (address: 487567192169732701149590884635079092394321928748, offset 137)
2019-07-25 18:09:36,741: [3651] m.e.detectors:WARNING: Potentially reading uninitialized memory at instruction (address: 487567192169732701149590884635079092394321928748, offset 146)
2019-07-25 18:09:38,317: [3664] m.e.detectors:WARNING: Potentially reading uninitialized memory at instruction (address: 487567192169732701149590884635079092394321928748, offset 138)
2019-07-25 18:09:42,257: [3651] m.e.detectors:WARNING: Potentially reading uninitialized memory at instruction (address: 487567192169732701149590884635079092394321928748, offset 147)
2019-07-25 18:09:42,613: [3664] m.e.detectors:WARNING: Potentially reading uninitialized memory at instruction (address: 487567192169732701149590884635079092394321928748, offset 139)
2019-07-25 18:09:45,233: [3651] m.e.detectors:WARNING: Potentially reading uninitialized memory at instruction (address: 487567192169732701149590884635079092394321928748, offset 148)
2019-07-25 18:09:46,674: [3664] m.e.detectors:WARNING: Potentially reading uninitialized memory at instruction (address: 487567192169732701149590884635079092394321928748, offset 140)
2019-07-25 18:09:49,017: [3651] m.e.detectors:WARNING: Potentially reading uninitialized memory at instruction (address: 487567192169732701149590884635079092394321928748, offset 149)
2019-07-25 18:09:50,073: [3664] m.e.detectors:WARNING: Potentially reading uninitialized memory at instruction (address: 487567192169732701149590884635079092394321928748, offset 141)
2019-07-25 18:09:53,150: [3651] m.e.detectors:WARNING: Potentially reading uninitialized memory at instruction (address: 487567192169732701149590884635079092394321928748, offset 150)
2019-07-25 18:09:53,837: [3664] m.e.detectors:WARNING: Potentially reading uninitialized memory at instruction (address: 487567192169732701149590884635079092394321928748, offset 142)
2019-07-25 18:09:56,583: [3651] m.e.detectors:WARNING: Potentially reading uninitialized memory at instruction (address: 487567192169732701149590884635079092394321928748, offset 151)
2019-07-25 18:09:57,333: [3664] m.e.detectors:WARNING: Potentially reading uninitialized memory at instruction (address: 487567192169732701149590884635079092394321928748, offset 143)
2019-07-25 18:10:00,117: [3651] m.e.detectors:WARNING: Potentially reading uninitialized memory at instruction (address: 487567192169732701149590884635079092394321928748, offset 152)
2019-07-25 18:10:00,758: [3664] m.e.detectors:WARNING: Potentially reading uninitialized memory at instruction (address: 487567192169732701149590884635079092394321928748, offset 144)
2019-07-25 18:10:03,414: [3651] m.e.detectors:WARNING: Potentially reading uninitialized memory at instruction (address: 487567192169732701149590884635079092394321928748, offset 153)
2019-07-25 18:10:04,249: [3664] m.e.detectors:WARNING: Potentially reading uninitialized memory at instruction (address: 487567192169732701149590884635079092394321928748, offset 145)
2019-07-25 18:10:06,516: [3651] m.e.detectors:WARNING: Potentially reading uninitialized memory at instruction (address: 487567192169732701149590884635079092394321928748, offset 154)
2019-07-25 18:10:08,022: [3664] m.e.detectors:WARNING: Potentially reading uninitialized memory at instruction (address: 487567192169732701149590884635079092394321928748, offset 146)
2019-07-25 18:10:09,763: [3651] m.e.detectors:WARNING: Potentially reading uninitialized memory at instruction (address: 487567192169732701149590884635079092394321928748, offset 155)
2019-07-25 18:10:11,045: [3664] m.e.detectors:WARNING: Potentially reading uninitialized memory at instruction (address: 487567192169732701149590884635079092394321928748, offset 147)
2019-07-25 18:10:14,177: [3664] m.e.detectors:WARNING: Potentially reading uninitialized memory at instruction (address: 487567192169732701149590884635079092394321928748, offset 148)
2019-07-25 18:10:14,251: [3651] m.e.detectors:WARNING: Potentially reading uninitialized memory at instruction (address: 487567192169732701149590884635079092394321928748, offset 156)
2019-07-25 18:10:17,663: [3651] m.e.detectors:WARNING: Potentially reading uninitialized memory at instruction (address: 487567192169732701149590884635079092394321928748, offset 157)
2019-07-25 18:10:20,738: [3651] m.e.detectors:WARNING: Potentially reading uninitialized memory at instruction (address: 487567192169732701149590884635079092394321928748, offset 158)
2019-07-25 18:10:24,376: [3651] m.e.detectors:WARNING: Potentially reading uninitialized memory at instruction (address: 487567192169732701149590884635079092394321928748, offset 159)
2019-07-25 18:10:24,377: [3664] m.e.detectors:WARNING: Potentially reading uninitialized memory at instruction (address: 487567192169732701149590884635079092394321928748, offset 149)
2019-07-25 18:10:27,545: [3664] m.e.detectors:WARNING: Potentially reading uninitialized memory at instruction (address: 487567192169732701149590884635079092394321928748, offset 150)
2019-07-25 18:10:30,745: [3664] m.e.detectors:WARNING: Potentially reading uninitialized memory at instruction (address: 487567192169732701149590884635079092394321928748, offset 151)
2019-07-25 18:10:33,937: [3664] m.e.detectors:WARNING: Potentially reading uninitialized memory at instruction (address: 487567192169732701149590884635079092394321928748, offset 152)
2019-07-25 18:10:37,421: [3664] m.e.detectors:WARNING: Potentially reading uninitialized memory at instruction (address: 487567192169732701149590884635079092394321928748, offset 153)
2019-07-25 18:10:41,069: [3664] m.e.detectors:WARNING: Potentially reading uninitialized memory at instruction (address: 487567192169732701149590884635079092394321928748, offset 154)
2019-07-25 18:10:45,561: [3664] m.e.detectors:WARNING: Potentially reading uninitialized memory at instruction (address: 487567192169732701149590884635079092394321928748, offset 155)
2019-07-25 18:10:49,633: [3664] m.e.detectors:WARNING: Potentially reading uninitialized memory at instruction (address: 487567192169732701149590884635079092394321928748, offset 156)
2019-07-25 18:10:55,150: [3664] m.e.detectors:WARNING: Potentially reading uninitialized memory at instruction (address: 487567192169732701149590884635079092394321928748, offset 157)
2019-07-25 18:10:59,129: [3664] m.e.detectors:WARNING: Potentially reading uninitialized memory at instruction (address: 487567192169732701149590884635079092394321928748, offset 158)
2019-07-25 18:11:03,054: [3664] m.e.detectors:WARNING: Potentially reading uninitialized memory at instruction (address: 487567192169732701149590884635079092394321928748, offset 159)
2019-07-25 18:11:19,037: [3664] m.e.detectors:WARNING: Potentially reading uninitialized memory at instruction (address: 487567192169732701149590884635079092394321928748, offset 128)
2019-07-25 18:11:23,569: [3664] m.e.detectors:WARNING: Potentially reading uninitialized memory at instruction (address: 487567192169732701149590884635079092394321928748, offset 129)
2019-07-25 18:11:27,918: [3664] m.e.detectors:WARNING: Potentially reading uninitialized memory at instruction (address: 487567192169732701149590884635079092394321928748, offset 130)
2019-07-25 18:11:31,561: [3664] m.e.detectors:WARNING: Potentially reading uninitialized memory at instruction (address: 487567192169732701149590884635079092394321928748, offset 131)
2019-07-25 18:11:36,522: [3664] m.e.detectors:WARNING: Potentially reading uninitialized memory at instruction (address: 487567192169732701149590884635079092394321928748, offset 132)
2019-07-25 18:11:47,752: [3664] m.e.detectors:WARNING: Potentially reading uninitialized memory at instruction (address: 487567192169732701149590884635079092394321928748, offset 133)
2019-07-25 18:11:51,550: [3664] m.e.detectors:WARNING: Potentially reading uninitialized memory at instruction (address: 487567192169732701149590884635079092394321928748, offset 134)
2019-07-25 18:11:55,454: [3664] m.e.detectors:WARNING: Potentially reading uninitialized memory at instruction (address: 487567192169732701149590884635079092394321928748, offset 135)
2019-07-25 18:12:00,117: [3664] m.e.detectors:WARNING: Potentially reading uninitialized memory at instruction (address: 487567192169732701149590884635079092394321928748, offset 136)
2019-07-25 18:12:04,146: [3664] m.e.detectors:WARNING: Potentially reading uninitialized memory at instruction (address: 487567192169732701149590884635079092394321928748, offset 137)
2019-07-25 18:12:08,133: [3664] m.e.detectors:WARNING: Potentially reading uninitialized memory at instruction (address: 487567192169732701149590884635079092394321928748, offset 138)
2019-07-25 18:12:11,874: [3664] m.e.detectors:WARNING: Potentially reading uninitialized memory at instruction (address: 487567192169732701149590884635079092394321928748, offset 139)
2019-07-25 18:12:14,414: [3664] m.e.detectors:WARNING: Potentially reading uninitialized memory at instruction (address: 487567192169732701149590884635079092394321928748, offset 140)
2019-07-25 18:12:18,825: [3664] m.e.detectors:WARNING: Potentially reading uninitialized memory at instruction (address: 487567192169732701149590884635079092394321928748, offset 141)
2019-07-25 18:12:22,853: [3664] m.e.detectors:WARNING: Potentially reading uninitialized memory at instruction (address: 487567192169732701149590884635079092394321928748, offset 142)
2019-07-25 18:12:26,573: [3664] m.e.detectors:WARNING: Potentially reading uninitialized memory at instruction (address: 487567192169732701149590884635079092394321928748, offset 143)
2019-07-25 18:12:29,674: [3664] m.e.detectors:WARNING: Potentially reading uninitialized memory at instruction (address: 487567192169732701149590884635079092394321928748, offset 144)
2019-07-25 18:12:33,441: [3664] m.e.detectors:WARNING: Potentially reading uninitialized memory at instruction (address: 487567192169732701149590884635079092394321928748, offset 145)
2019-07-25 18:12:36,737: [3664] m.e.detectors:WARNING: Potentially reading uninitialized memory at instruction (address: 487567192169732701149590884635079092394321928748, offset 146)
2019-07-25 18:12:40,241: [3664] m.e.detectors:WARNING: Potentially reading uninitialized memory at instruction (address: 487567192169732701149590884635079092394321928748, offset 147)
2019-07-25 18:12:43,661: [3664] m.e.detectors:WARNING: Potentially reading uninitialized memory at instruction (address: 487567192169732701149590884635079092394321928748, offset 148)
2019-07-25 18:12:48,769: [3664] m.e.detectors:WARNING: Potentially reading uninitialized memory at instruction (address: 487567192169732701149590884635079092394321928748, offset 149)
2019-07-25 18:12:52,169: [3664] m.e.detectors:WARNING: Potentially reading uninitialized memory at instruction (address: 487567192169732701149590884635079092394321928748, offset 150)
2019-07-25 18:12:55,769: [3664] m.e.detectors:WARNING: Potentially reading uninitialized memory at instruction (address: 487567192169732701149590884635079092394321928748, offset 151)
2019-07-25 18:13:06,861: [3664] m.e.detectors:WARNING: Potentially reading uninitialized memory at instruction (address: 487567192169732701149590884635079092394321928748, offset 152)
2019-07-25 18:13:10,413: [3664] m.e.detectors:WARNING: Potentially reading uninitialized memory at instruction (address: 487567192169732701149590884635079092394321928748, offset 153)
2019-07-25 18:13:13,857: [3664] m.e.detectors:WARNING: Potentially reading uninitialized memory at instruction (address: 487567192169732701149590884635079092394321928748, offset 154)
2019-07-25 18:13:17,729: [3664] m.e.detectors:WARNING: Potentially reading uninitialized memory at instruction (address: 487567192169732701149590884635079092394321928748, offset 155)
2019-07-25 18:13:21,131: [3664] m.e.detectors:WARNING: Potentially reading uninitialized memory at instruction (address: 487567192169732701149590884635079092394321928748, offset 156)
2019-07-25 18:13:25,549: [3664] m.e.detectors:WARNING: Potentially reading uninitialized memory at instruction (address: 487567192169732701149590884635079092394321928748, offset 157)
2019-07-25 18:13:28,921: [3664] m.e.detectors:WARNING: Potentially reading uninitialized memory at instruction (address: 487567192169732701149590884635079092394321928748, offset 158)
2019-07-25 18:13:32,129: [3664] m.e.detectors:WARNING: Potentially reading uninitialized memory at instruction (address: 487567192169732701149590884635079092394321928748, offset 159)
2019-07-25 18:14:46,037: [3654] m.e.detectors:WARNING: Potentially reading uninitialized storage
2019-07-25 18:16:28,437: [3654] m.e.detectors:WARNING: Potentially reading uninitialized storage
2019-07-25 18:16:35,724: [3652] m.e.detectors:WARNING: Potentially reading uninitialized memory at instruction (address: 487567192169732701149590884635079092394321928748, offset 160)
2019-07-25 18:16:42,557: [3652] m.e.detectors:WARNING: Potentially reading uninitialized memory at instruction (address: 487567192169732701149590884635079092394321928748, offset 161)
2019-07-25 18:16:49,961: [3652] m.e.detectors:WARNING: Potentially reading uninitialized memory at instruction (address: 487567192169732701149590884635079092394321928748, offset 162)
2019-07-25 18:16:58,474: [3652] m.e.detectors:WARNING: Potentially reading uninitialized memory at instruction (address: 487567192169732701149590884635079092394321928748, offset 163)
2019-07-25 18:17:07,057: [3652] m.e.detectors:WARNING: Potentially reading uninitialized memory at instruction (address: 487567192169732701149590884635079092394321928748, offset 164)
2019-07-25 18:17:13,833: [3652] m.e.detectors:WARNING: Potentially reading uninitialized memory at instruction (address: 487567192169732701149590884635079092394321928748, offset 165)
2019-07-25 18:17:20,529: [3652] m.e.detectors:WARNING: Potentially reading uninitialized memory at instruction (address: 487567192169732701149590884635079092394321928748, offset 166)
2019-07-25 18:17:24,542: [3654] m.e.detectors:WARNING: Potentially reading uninitialized storage
2019-07-25 18:17:27,653: [3652] m.e.detectors:WARNING: Potentially reading uninitialized memory at instruction (address: 487567192169732701149590884635079092394321928748, offset 167)
2019-07-25 18:17:35,918: [3652] m.e.detectors:WARNING: Potentially reading uninitialized memory at instruction (address: 487567192169732701149590884635079092394321928748, offset 168)
2019-07-25 18:17:52,525: [3652] m.e.detectors:WARNING: Potentially reading uninitialized memory at instruction (address: 487567192169732701149590884635079092394321928748, offset 169)
2019-07-25 18:17:58,945: [3652] m.e.detectors:WARNING: Potentially reading uninitialized memory at instruction (address: 487567192169732701149590884635079092394321928748, offset 170)
2019-07-25 18:18:04,038: [3652] m.e.detectors:WARNING: Potentially reading uninitialized memory at instruction (address: 487567192169732701149590884635079092394321928748, offset 171)
2019-07-25 18:18:09,769: [3652] m.e.detectors:WARNING: Potentially reading uninitialized memory at instruction (address: 487567192169732701149590884635079092394321928748, offset 172)
2019-07-25 18:18:18,553: [3652] m.e.detectors:WARNING: Potentially reading uninitialized memory at instruction (address: 487567192169732701149590884635079092394321928748, offset 173)
2019-07-25 18:18:25,349: [3652] m.e.detectors:WARNING: Potentially reading uninitialized memory at instruction (address: 487567192169732701149590884635079092394321928748, offset 174)
2019-07-25 18:18:30,249: [3652] m.e.detectors:WARNING: Potentially reading uninitialized memory at instruction (address: 487567192169732701149590884635079092394321928748, offset 175)
2019-07-25 18:18:34,933: [3652] m.e.detectors:WARNING: Potentially reading uninitialized memory at instruction (address: 487567192169732701149590884635079092394321928748, offset 176)
2019-07-25 18:18:40,017: [3652] m.e.detectors:WARNING: Potentially reading uninitialized memory at instruction (address: 487567192169732701149590884635079092394321928748, offset 177)
2019-07-25 18:18:45,125: [3652] m.e.detectors:WARNING: Potentially reading uninitialized memory at instruction (address: 487567192169732701149590884635079092394321928748, offset 178)
2019-07-25 18:18:49,669: [3652] m.e.detectors:WARNING: Potentially reading uninitialized memory at instruction (address: 487567192169732701149590884635079092394321928748, offset 179)
2019-07-25 18:18:54,437: [3652] m.e.detectors:WARNING: Potentially reading uninitialized memory at instruction (address: 487567192169732701149590884635079092394321928748, offset 180)
2019-07-25 18:19:10,777: [3652] m.e.detectors:WARNING: Potentially reading uninitialized memory at instruction (address: 487567192169732701149590884635079092394321928748, offset 181)
2019-07-25 18:19:16,745: [3652] m.e.detectors:WARNING: Potentially reading uninitialized memory at instruction (address: 487567192169732701149590884635079092394321928748, offset 182)
2019-07-25 18:19:23,937: [3652] m.e.detectors:WARNING: Potentially reading uninitialized memory at instruction (address: 487567192169732701149590884635079092394321928748, offset 183)
2019-07-25 18:19:29,229: [3652] m.e.detectors:WARNING: Potentially reading uninitialized memory at instruction (address: 487567192169732701149590884635079092394321928748, offset 184)
2019-07-25 18:19:36,049: [3652] m.e.detectors:WARNING: Potentially reading uninitialized memory at instruction (address: 487567192169732701149590884635079092394321928748, offset 185)
2019-07-25 18:19:43,541: [3652] m.e.detectors:WARNING: Potentially reading uninitialized memory at instruction (address: 487567192169732701149590884635079092394321928748, offset 186)
2019-07-25 18:19:45,173: [3654] m.e.detectors:WARNING: Potentially reading uninitialized memory at instruction (address: 487567192169732701149590884635079092394321928748, offset 160)
2019-07-25 18:19:50,138: [3652] m.e.detectors:WARNING: Potentially reading uninitialized memory at instruction (address: 487567192169732701149590884635079092394321928748, offset 187)
2019-07-25 18:19:51,441: [3654] m.e.detectors:WARNING: Potentially reading uninitialized memory at instruction (address: 487567192169732701149590884635079092394321928748, offset 161)
2019-07-25 18:19:51,934: [3664] m.e.detectors:WARNING: Unsigned integer overflow at MUL instruction
2019-07-25 18:19:56,841: [3652] m.e.detectors:WARNING: Potentially reading uninitialized memory at instruction (address: 487567192169732701149590884635079092394321928748, offset 188)
2019-07-25 18:19:57,913: [3654] m.e.detectors:WARNING: Potentially reading uninitialized memory at instruction (address: 487567192169732701149590884635079092394321928748, offset 162)
2019-07-25 18:20:04,253: [3652] m.e.detectors:WARNING: Potentially reading uninitialized memory at instruction (address: 487567192169732701149590884635079092394321928748, offset 189)
2019-07-25 18:20:10,565: [3652] m.e.detectors:WARNING: Potentially reading uninitialized memory at instruction (address: 487567192169732701149590884635079092394321928748, offset 190)
2019-07-25 18:20:10,637: [3654] m.e.detectors:WARNING: Potentially reading uninitialized memory at instruction (address: 487567192169732701149590884635079092394321928748, offset 163)
2019-07-25 18:20:16,849: [3652] m.e.detectors:WARNING: Potentially reading uninitialized memory at instruction (address: 487567192169732701149590884635079092394321928748, offset 191)
2019-07-25 18:20:17,237: [3654] m.e.detectors:WARNING: Potentially reading uninitialized memory at instruction (address: 487567192169732701149590884635079092394321928748, offset 164)
2019-07-25 18:20:28,841: [3654] m.e.detectors:WARNING: Potentially reading uninitialized memory at instruction (address: 487567192169732701149590884635079092394321928748, offset 165)
2019-07-25 18:20:43,449: [3654] m.e.detectors:WARNING: Potentially reading uninitialized memory at instruction (address: 487567192169732701149590884635079092394321928748, offset 166)
2019-07-25 18:20:50,613: [3654] m.e.detectors:WARNING: Potentially reading uninitialized memory at instruction (address: 487567192169732701149590884635079092394321928748, offset 167)
2019-07-25 18:20:57,165: [3654] m.e.detectors:WARNING: Potentially reading uninitialized memory at instruction (address: 487567192169732701149590884635079092394321928748, offset 168)
2019-07-25 18:21:03,937: [3654] m.e.detectors:WARNING: Potentially reading uninitialized memory at instruction (address: 487567192169732701149590884635079092394321928748, offset 169)
2019-07-25 18:21:09,453: [3654] m.e.detectors:WARNING: Potentially reading uninitialized memory at instruction (address: 487567192169732701149590884635079092394321928748, offset 170)
2019-07-25 18:21:16,841: [3654] m.e.detectors:WARNING: Potentially reading uninitialized memory at instruction (address: 487567192169732701149590884635079092394321928748, offset 171)
2019-07-25 18:21:23,353: [3654] m.e.detectors:WARNING: Potentially reading uninitialized memory at instruction (address: 487567192169732701149590884635079092394321928748, offset 172)
2019-07-25 18:21:31,441: [3654] m.e.detectors:WARNING: Potentially reading uninitialized memory at instruction (address: 487567192169732701149590884635079092394321928748, offset 173)
2019-07-25 18:21:37,045: [3654] m.e.detectors:WARNING: Potentially reading uninitialized memory at instruction (address: 487567192169732701149590884635079092394321928748, offset 174)
2019-07-25 18:21:41,829: [3654] m.e.detectors:WARNING: Potentially reading uninitialized memory at instruction (address: 487567192169732701149590884635079092394321928748, offset 175)
2019-07-25 18:21:46,944: [3654] m.e.detectors:WARNING: Potentially reading uninitialized memory at instruction (address: 487567192169732701149590884635079092394321928748, offset 176)
2019-07-25 18:21:52,533: [3654] m.e.detectors:WARNING: Potentially reading uninitialized memory at instruction (address: 487567192169732701149590884635079092394321928748, offset 177)
2019-07-25 18:22:06,554: [3654] m.e.detectors:WARNING: Potentially reading uninitialized memory at instruction (address: 487567192169732701149590884635079092394321928748, offset 178)
2019-07-25 18:22:11,625: [3654] m.e.detectors:WARNING: Potentially reading uninitialized memory at instruction (address: 487567192169732701149590884635079092394321928748, offset 179)
2019-07-25 18:22:18,757: [3654] m.e.detectors:WARNING: Potentially reading uninitialized memory at instruction (address: 487567192169732701149590884635079092394321928748, offset 180)
2019-07-25 18:22:23,477: [3654] m.e.detectors:WARNING: Potentially reading uninitialized memory at instruction (address: 487567192169732701149590884635079092394321928748, offset 181)
2019-07-25 18:22:29,673: [3654] m.e.detectors:WARNING: Potentially reading uninitialized memory at instruction (address: 487567192169732701149590884635079092394321928748, offset 182)
2019-07-25 18:22:35,625: [3654] m.e.detectors:WARNING: Potentially reading uninitialized memory at instruction (address: 487567192169732701149590884635079092394321928748, offset 183)
2019-07-25 18:22:44,325: [3654] m.e.detectors:WARNING: Potentially reading uninitialized memory at instruction (address: 487567192169732701149590884635079092394321928748, offset 184)
2019-07-25 18:22:49,618: [3654] m.e.detectors:WARNING: Potentially reading uninitialized memory at instruction (address: 487567192169732701149590884635079092394321928748, offset 185)
2019-07-25 18:22:56,229: [3654] m.e.detectors:WARNING: Potentially reading uninitialized memory at instruction (address: 487567192169732701149590884635079092394321928748, offset 186)
2019-07-25 18:23:03,061: [3654] m.e.detectors:WARNING: Potentially reading uninitialized memory at instruction (address: 487567192169732701149590884635079092394321928748, offset 187)
2019-07-25 18:23:12,345: [3654] m.e.detectors:WARNING: Potentially reading uninitialized memory at instruction (address: 487567192169732701149590884635079092394321928748, offset 188)
2019-07-25 18:23:22,249: [3654] m.e.detectors:WARNING: Potentially reading uninitialized memory at instruction (address: 487567192169732701149590884635079092394321928748, offset 189)
2019-07-25 18:23:28,437: [3654] m.e.detectors:WARNING: Potentially reading uninitialized memory at instruction (address: 487567192169732701149590884635079092394321928748, offset 190)
2019-07-25 18:23:36,815: [3654] m.e.detectors:WARNING: Potentially reading uninitialized memory at instruction (address: 487567192169732701149590884635079092394321928748, offset 191)