INFO:Slither:Compilation warnings/errors on /unique_contracts/0x0384b55dacd00f2aa740fe125a1ed5ebb01a5c6d.sol:
/unique_contracts/0x0384b55dacd00f2aa740fe125a1ed5ebb01a5c6d.sol:49:3: Warning: Defining constructors as functions with the same name as the contract is deprecated. Use "constructor(...) { ... }" instead.
  function Ownable() public {
  ^ (Relevant source part starts here and spans across multiple lines).
/unique_contracts/0x0384b55dacd00f2aa740fe125a1ed5ebb01a5c6d.sol:763:48: Warning: This function only accepts a single "bytes" argument. Please use "abi.encodePacked(...)" or a similar function to encode the data.
    require(contracts[_contractId].hashlock == keccak256(_secret));
                                               ^----------------^
/unique_contracts/0x0384b55dacd00f2aa740fe125a1ed5ebb01a5c6d.sol:763:48: Warning: The provided argument of type bytes32 is not implicitly convertible to expected type bytes memory.
    require(contracts[_contractId].hashlock == keccak256(_secret));
                                               ^----------------^
/unique_contracts/0x0384b55dacd00f2aa740fe125a1ed5ebb01a5c6d.sol:812:18: Warning: This function only accepts a single "bytes" argument. Please use "abi.encodePacked(...)" or a similar function to encode the data.
    contractId = keccak256 (
                 ^ (Relevant source part starts here and spans across multiple lines).
/unique_contracts/0x0384b55dacd00f2aa740fe125a1ed5ebb01a5c6d.sol:1177:48: Warning: This function only accepts a single "bytes" argument. Please use "abi.encodePacked(...)" or a similar function to encode the data.
    require(contracts[_contractId].hashlock == keccak256(_secret));
                                               ^----------------^
/unique_contracts/0x0384b55dacd00f2aa740fe125a1ed5ebb01a5c6d.sol:1177:48: Warning: The provided argument of type bytes32 is not implicitly convertible to expected type bytes memory.
    require(contracts[_contractId].hashlock == keccak256(_secret));
                                               ^----------------^
/unique_contracts/0x0384b55dacd00f2aa740fe125a1ed5ebb01a5c6d.sol:1215:18: Warning: This function only accepts a single "bytes" argument. Please use "abi.encodePacked(...)" or a similar function to encode the data.
    contractId = keccak256 (
                 ^ (Relevant source part starts here and spans across multiple lines).

INFO:Detectors:[93m
AddressUtils.isContract (/unique_contracts/0x0384b55dacd00f2aa740fe125a1ed5ebb01a5c6d.sol#17-31) is declared view but contains assembly code
Serialize.addAddress (/unique_contracts/0x0384b55dacd00f2aa740fe125a1ed5ebb01a5c6d.sol#166-173) is declared view but contains assembly code
Serialize.addUint (/unique_contracts/0x0384b55dacd00f2aa740fe125a1ed5ebb01a5c6d.sol#174-181) is declared view but contains assembly code
Serialize.addUint8 (/unique_contracts/0x0384b55dacd00f2aa740fe125a1ed5ebb01a5c6d.sol#182-189) is declared view but contains assembly code
Serialize.addUint16 (/unique_contracts/0x0384b55dacd00f2aa740fe125a1ed5ebb01a5c6d.sol#189-196) is declared view but contains assembly code
Serialize.addUint64 (/unique_contracts/0x0384b55dacd00f2aa740fe125a1ed5ebb01a5c6d.sol#196-203) is declared view but contains assembly code
Serialize.getAddress (/unique_contracts/0x0384b55dacd00f2aa740fe125a1ed5ebb01a5c6d.sol#203-210) is declared view but contains assembly code
Serialize.getUint (/unique_contracts/0x0384b55dacd00f2aa740fe125a1ed5ebb01a5c6d.sol#210-217) is declared view but contains assembly code
Serialize.getUint8 (/unique_contracts/0x0384b55dacd00f2aa740fe125a1ed5ebb01a5c6d.sol#217-224) is declared view but contains assembly code
Serialize.getUint16 (/unique_contracts/0x0384b55dacd00f2aa740fe125a1ed5ebb01a5c6d.sol#225-232) is declared view but contains assembly code
Serialize.getUint64 (/unique_contracts/0x0384b55dacd00f2aa740fe125a1ed5ebb01a5c6d.sol#234-245) is declared view but contains assembly code
Reference: https://github.com/trailofbits/slither/wiki/Detectors-Documentation#constant-functions-changing-the-state[0m
INFO:Detectors:[93m
ERC721Basic (/unique_contracts/0x0384b55dacd00f2aa740fe125a1ed5ebb01a5c6d.sol#292-323) has incorrect ERC20 function interface(s):
	-approve (/unique_contracts/0x0384b55dacd00f2aa740fe125a1ed5ebb01a5c6d.sol#300-302)
	-transferFrom (/unique_contracts/0x0384b55dacd00f2aa740fe125a1ed5ebb01a5c6d.sol#313-317)
ERC721BasicToken (/unique_contracts/0x0384b55dacd00f2aa740fe125a1ed5ebb01a5c6d.sol#357-677) has incorrect ERC20 function interface(s):
	-approve (/unique_contracts/0x0384b55dacd00f2aa740fe125a1ed5ebb01a5c6d.sol#438-448)
	-transferFrom (/unique_contracts/0x0384b55dacd00f2aa740fe125a1ed5ebb01a5c6d.sol#491-502)
Reference: https://github.com/trailofbits/slither/wiki/Detectors-Documentation#incorrect-erc20-interface[0m
INFO:Detectors:[93m
GirlBasicToken.closable (/unique_contracts/0x0384b55dacd00f2aa740fe125a1ed5ebb01a5c6d.sol#801-807) uses a dangerous strict equality:
	- require(bool)(contracts[_contractId].state == States.OPEN)
	- require(bool)(contracts[_contractId].state == States.OPEN)
GirlBasicToken.closable (/unique_contracts/0x0384b55dacd00f2aa740fe125a1ed5ebb01a5c6d.sol#801-807) uses a dangerous strict equality:
	- require(bool)(contracts[_contractId].state == States.OPEN)
	- require(bool)(contracts[_contractId].state == States.OPEN)
GirlBasicToken.hashlockMatches (/unique_contracts/0x0384b55dacd00f2aa740fe125a1ed5ebb01a5c6d.sol#794-801) uses a dangerous strict equality:
	- require(bool)(contracts[_contractId].hashlock == keccak256()(_secret))
	- require(bool)(contracts[_contractId].hashlock == keccak256()(_secret))
GirlBasicToken.closable (/unique_contracts/0x0384b55dacd00f2aa740fe125a1ed5ebb01a5c6d.sol#801-807) uses a dangerous strict equality:
	- require(bool)(contracts[_contractId].state == States.OPEN)
	- require(bool)(contracts[_contractId].state == States.OPEN)
GirlBasicToken.hashlockMatches (/unique_contracts/0x0384b55dacd00f2aa740fe125a1ed5ebb01a5c6d.sol#794-801) uses a dangerous strict equality:
	- require(bool)(contracts[_contractId].hashlock == keccak256()(_secret))
	- require(bool)(contracts[_contractId].hashlock == keccak256()(_secret))
GirlBasicToken.refundable (/unique_contracts/0x0384b55dacd00f2aa740fe125a1ed5ebb01a5c6d.sol#807-809) uses a dangerous strict equality:
	- require(bool)(contracts[_contractId].state == States.OPEN)
	- require(bool)(contracts[_contractId].state == States.OPEN)
Reference: https://github.com/trailofbits/slither/wiki/Detectors-Documentation#dangerous-strict-equalities[0m
INFO:Detectors:[93m
PrizePool.sendPrize (/unique_contracts/0x0384b55dacd00f2aa740fe125a1ed5ebb01a5c6d.sol#1451-1459) does not use the value returned by external calls:
	-baseEquipment.mint(_to,1000000000000000000) (/unique_contracts/0x0384b55dacd00f2aa740fe125a1ed5ebb01a5c6d.sol)
PrizePool.mintGirl (/unique_contracts/0x0384b55dacd00f2aa740fe125a1ed5ebb01a5c6d.sol) does not use the value returned by external calls:
	-girlOps.createGirl(gene,to,_level) (/unique_contracts/0x0384b55dacd00f2aa740fe125a1ed5ebb01a5c6d.sol)
Reference: https://github.com/trailofbits/slither/wiki/Detectors-Documentation#unused-return[0m
INFO:Detectors:[92m
ERC721BasicToken.ownerOf.owner (local variable @ /unique_contracts/0x0384b55dacd00f2aa740fe125a1ed5ebb01a5c6d.sol#415-419) shadows:
	- Ownable.owner (state variable @ /unique_contracts/0x0384b55dacd00f2aa740fe125a1ed5ebb01a5c6d.sol#42)
ERC721BasicToken.exists.owner (local variable @ /unique_contracts/0x0384b55dacd00f2aa740fe125a1ed5ebb01a5c6d.sol#423-424) shadows:
	- Ownable.owner (state variable @ /unique_contracts/0x0384b55dacd00f2aa740fe125a1ed5ebb01a5c6d.sol#42)
ERC721BasicToken.approve.owner (local variable @ /unique_contracts/0x0384b55dacd00f2aa740fe125a1ed5ebb01a5c6d.sol#439-440) shadows:
	- Ownable.owner (state variable @ /unique_contracts/0x0384b55dacd00f2aa740fe125a1ed5ebb01a5c6d.sol#42)
ERC721BasicToken.isApprovedOrOwner.owner (local variable @ /unique_contracts/0x0384b55dacd00f2aa740fe125a1ed5ebb01a5c6d.sol#571-575) shadows:
	- Ownable.owner (state variable @ /unique_contracts/0x0384b55dacd00f2aa740fe125a1ed5ebb01a5c6d.sol#42)
GirlBasicToken._contractExists.exists (local variable @ /unique_contracts/0x0384b55dacd00f2aa740fe125a1ed5ebb01a5c6d.sol#927-930) shadows:
	- ERC721BasicToken.exists (function @ /unique_contracts/0x0384b55dacd00f2aa740fe125a1ed5ebb01a5c6d.sol#422-425)
	- ERC721Basic.exists (function @ /unique_contracts/0x0384b55dacd00f2aa740fe125a1ed5ebb01a5c6d.sol#300)
Reference: https://github.com/trailofbits/slither/wiki/Detectors-Documentation#local-variable-shadowing[0m
INFO:Detectors:[92m
AddressUtils.isContract uses assembly (/unique_contracts/0x0384b55dacd00f2aa740fe125a1ed5ebb01a5c6d.sol#17-31)
	- /unique_contracts/0x0384b55dacd00f2aa740fe125a1ed5ebb01a5c6d.sol#25-31
Serialize.addAddress uses assembly (/unique_contracts/0x0384b55dacd00f2aa740fe125a1ed5ebb01a5c6d.sol#166-173)
	- /unique_contracts/0x0384b55dacd00f2aa740fe125a1ed5ebb01a5c6d.sol#171-173
Serialize.addUint uses assembly (/unique_contracts/0x0384b55dacd00f2aa740fe125a1ed5ebb01a5c6d.sol#174-181)
	- /unique_contracts/0x0384b55dacd00f2aa740fe125a1ed5ebb01a5c6d.sol#178-180
Serialize.addUint8 uses assembly (/unique_contracts/0x0384b55dacd00f2aa740fe125a1ed5ebb01a5c6d.sol#182-189)
	- /unique_contracts/0x0384b55dacd00f2aa740fe125a1ed5ebb01a5c6d.sol#185-187
Serialize.addUint16 uses assembly (/unique_contracts/0x0384b55dacd00f2aa740fe125a1ed5ebb01a5c6d.sol#189-196)
	- /unique_contracts/0x0384b55dacd00f2aa740fe125a1ed5ebb01a5c6d.sol#192-194
Serialize.addUint64 uses assembly (/unique_contracts/0x0384b55dacd00f2aa740fe125a1ed5ebb01a5c6d.sol#196-203)
	- /unique_contracts/0x0384b55dacd00f2aa740fe125a1ed5ebb01a5c6d.sol#199-201
Serialize.getAddress uses assembly (/unique_contracts/0x0384b55dacd00f2aa740fe125a1ed5ebb01a5c6d.sol#203-210)
	- /unique_contracts/0x0384b55dacd00f2aa740fe125a1ed5ebb01a5c6d.sol#206-208
Serialize.getUint uses assembly (/unique_contracts/0x0384b55dacd00f2aa740fe125a1ed5ebb01a5c6d.sol#210-217)
	- /unique_contracts/0x0384b55dacd00f2aa740fe125a1ed5ebb01a5c6d.sol#213-216
Serialize.getUint8 uses assembly (/unique_contracts/0x0384b55dacd00f2aa740fe125a1ed5ebb01a5c6d.sol#217-224)
	- /unique_contracts/0x0384b55dacd00f2aa740fe125a1ed5ebb01a5c6d.sol#220-223
Serialize.getUint16 uses assembly (/unique_contracts/0x0384b55dacd00f2aa740fe125a1ed5ebb01a5c6d.sol#225-232)
	- /unique_contracts/0x0384b55dacd00f2aa740fe125a1ed5ebb01a5c6d.sol#227-231
Serialize.getUint64 uses assembly (/unique_contracts/0x0384b55dacd00f2aa740fe125a1ed5ebb01a5c6d.sol#234-245)
	- /unique_contracts/0x0384b55dacd00f2aa740fe125a1ed5ebb01a5c6d.sol#239-242
Reference: https://github.com/trailofbits/slither/wiki/Detectors-Documentation#assembly-usage[0m
INFO:Detectors:[92m
GirlOps.name should be constant (/unique_contracts/0x0384b55dacd00f2aa740fe125a1ed5ebb01a5c6d.sol#953-954)
GirlOps.symbol should be constant (/unique_contracts/0x0384b55dacd00f2aa740fe125a1ed5ebb01a5c6d.sol#954-956)
Reference: https://github.com/trailofbits/slither/wiki/Detectors-Documentation#state-variables-that-could-be-declared-constant[0m
INFO:Detectors:[92m
Ownable.transferOwnership (/unique_contracts/0x0384b55dacd00f2aa740fe125a1ed5ebb01a5c6d.sol#66-75) should be declared external
TrustedContractControl.addTrustedContracts (/unique_contracts/0x0384b55dacd00f2aa740fe125a1ed5ebb01a5c6d.sol#90-97) should be declared external
TrustedContractControl.removeTrustedContract (/unique_contracts/0x0384b55dacd00f2aa740fe125a1ed5ebb01a5c6d.sol#106-116) should be declared external
Pausable.pause (/unique_contracts/0x0384b55dacd00f2aa740fe125a1ed5ebb01a5c6d.sol#279-284) should be declared external
Pausable.unpause (/unique_contracts/0x0384b55dacd00f2aa740fe125a1ed5ebb01a5c6d.sol#285-288) should be declared external
ERC721Basic.balanceOf (/unique_contracts/0x0384b55dacd00f2aa740fe125a1ed5ebb01a5c6d.sol#297-299) should be declared external
ERC721BasicToken.balanceOf (/unique_contracts/0x0384b55dacd00f2aa740fe125a1ed5ebb01a5c6d.sol#402-409) should be declared external
ERC721Basic.exists (/unique_contracts/0x0384b55dacd00f2aa740fe125a1ed5ebb01a5c6d.sol#300) should be declared external
ERC721BasicToken.exists (/unique_contracts/0x0384b55dacd00f2aa740fe125a1ed5ebb01a5c6d.sol#422-425) should be declared external
ERC721BasicToken.approve (/unique_contracts/0x0384b55dacd00f2aa740fe125a1ed5ebb01a5c6d.sol#438-448) should be declared external
ERC721Basic.approve (/unique_contracts/0x0384b55dacd00f2aa740fe125a1ed5ebb01a5c6d.sol#300-302) should be declared external
ERC721Basic.setApprovalForAll (/unique_contracts/0x0384b55dacd00f2aa740fe125a1ed5ebb01a5c6d.sol#303-305) should be declared external
ERC721BasicToken.setApprovalForAll (/unique_contracts/0x0384b55dacd00f2aa740fe125a1ed5ebb01a5c6d.sol#462-468) should be declared external
ERC721BasicToken.safeTransferFrom (/unique_contracts/0x0384b55dacd00f2aa740fe125a1ed5ebb01a5c6d.sol#528-532) should be declared external
ERC721Basic.safeTransferFrom (/unique_contracts/0x0384b55dacd00f2aa740fe125a1ed5ebb01a5c6d.sol#317-318) should be declared external
ERC721Receiver.onERC721Received (/unique_contracts/0x0384b55dacd00f2aa740fe125a1ed5ebb01a5c6d.sol#349-353) should be declared external
ERC721BasicToken.transferBatch (/unique_contracts/0x0384b55dacd00f2aa740fe125a1ed5ebb01a5c6d.sol#502-509) should be declared external
GirlBasicToken.totalSupply (/unique_contracts/0x0384b55dacd00f2aa740fe125a1ed5ebb01a5c6d.sol#707-710) should be declared external
GirlBasicToken.getGirlGene (/unique_contracts/0x0384b55dacd00f2aa740fe125a1ed5ebb01a5c6d.sol#710-713) should be declared external
GirlBasicToken.getGirlBirthTime (/unique_contracts/0x0384b55dacd00f2aa740fe125a1ed5ebb01a5c6d.sol#714-717) should be declared external
GirlBasicToken.getGirlCoolDownEndTime (/unique_contracts/0x0384b55dacd00f2aa740fe125a1ed5ebb01a5c6d.sol#717-721) should be declared external
GirlBasicToken.getGirlStarLevel (/unique_contracts/0x0384b55dacd00f2aa740fe125a1ed5ebb01a5c6d.sol#721-723) should be declared external
GirlBasicToken.isNotCoolDown (/unique_contracts/0x0384b55dacd00f2aa740fe125a1ed5ebb01a5c6d.sol#723-727) should be declared external
GirlBasicToken.open (/unique_contracts/0x0384b55dacd00f2aa740fe125a1ed5ebb01a5c6d.sol#824-875) should be declared external
GirlBasicToken.close (/unique_contracts/0x0384b55dacd00f2aa740fe125a1ed5ebb01a5c6d.sol#876-902) should be declared external
GirlBasicToken.refund (/unique_contracts/0x0384b55dacd00f2aa740fe125a1ed5ebb01a5c6d.sol#902-926) should be declared external
GirlBasicToken.checkContract (/unique_contracts/0x0384b55dacd00f2aa740fe125a1ed5ebb01a5c6d.sol#930-947) should be declared external
GirlOps.createGirl (/unique_contracts/0x0384b55dacd00f2aa740fe125a1ed5ebb01a5c6d.sol#957-969) should be declared external
GirlOps.createPromotionGirl (/unique_contracts/0x0384b55dacd00f2aa740fe125a1ed5ebb01a5c6d.sol#970-974) should be declared external
GirlOps.burnGirl (/unique_contracts/0x0384b55dacd00f2aa740fe125a1ed5ebb01a5c6d.sol#974-981) should be declared external
GirlOps.setCoolDownTime (/unique_contracts/0x0384b55dacd00f2aa740fe125a1ed5ebb01a5c6d.sol#981-988) should be declared external
GirlOps.levelUp (/unique_contracts/0x0384b55dacd00f2aa740fe125a1ed5ebb01a5c6d.sol#988-993) should be declared external
GirlOps.safeTransferFromWithData (/unique_contracts/0x0384b55dacd00f2aa740fe125a1ed5ebb01a5c6d.sol#993-1000) should be declared external
ERC20Basic.totalSupply (/unique_contracts/0x0384b55dacd00f2aa740fe125a1ed5ebb01a5c6d.sol#1006-1007) should be declared external
BasicToken.totalSupply (/unique_contracts/0x0384b55dacd00f2aa740fe125a1ed5ebb01a5c6d.sol#1030-1033) should be declared external
ERC20Basic.balanceOf (/unique_contracts/0x0384b55dacd00f2aa740fe125a1ed5ebb01a5c6d.sol#1008-1011) should be declared external
BasicToken.balanceOf (/unique_contracts/0x0384b55dacd00f2aa740fe125a1ed5ebb01a5c6d.sol#1059-1060) should be declared external
ERC20.allowance (/unique_contracts/0x0384b55dacd00f2aa740fe125a1ed5ebb01a5c6d.sol#1064-1065) should be declared external
StandardToken.allowance (/unique_contracts/0x0384b55dacd00f2aa740fe125a1ed5ebb01a5c6d.sol#1125-1126) should be declared external
ERC20.transferFrom (/unique_contracts/0x0384b55dacd00f2aa740fe125a1ed5ebb01a5c6d.sol#1066-1068) should be declared external
StandardToken.transferFrom (/unique_contracts/0x0384b55dacd00f2aa740fe125a1ed5ebb01a5c6d.sol#1086-1098) should be declared external
StandardToken.increaseApproval (/unique_contracts/0x0384b55dacd00f2aa740fe125a1ed5ebb01a5c6d.sol#1141-1156) should be declared external
StandardToken.decreaseApproval (/unique_contracts/0x0384b55dacd00f2aa740fe125a1ed5ebb01a5c6d.sol#1176-1188) should be declared external
AtomicSwappableToken.open (/unique_contracts/0x0384b55dacd00f2aa740fe125a1ed5ebb01a5c6d.sol#1262-1294) should be declared external
AtomicSwappableToken.close (/unique_contracts/0x0384b55dacd00f2aa740fe125a1ed5ebb01a5c6d.sol#1295-1316) should be declared external
AtomicSwappableToken.refund (/unique_contracts/0x0384b55dacd00f2aa740fe125a1ed5ebb01a5c6d.sol#1316-1330) should be declared external
AtomicSwappableToken.checkContract (/unique_contracts/0x0384b55dacd00f2aa740fe125a1ed5ebb01a5c6d.sol#1338-1357) should be declared external
TokenReceiver.receiveApproval (/unique_contracts/0x0384b55dacd00f2aa740fe125a1ed5ebb01a5c6d.sol#1358-1363) should be declared external
BaseEquipment.setController (/unique_contracts/0x0384b55dacd00f2aa740fe125a1ed5ebb01a5c6d.sol#1386-1391) should be declared external
BaseEquipment.setProperty (/unique_contracts/0x0384b55dacd00f2aa740fe125a1ed5ebb01a5c6d.sol#1395-1400) should be declared external
BaseEquipment.mint (/unique_contracts/0x0384b55dacd00f2aa740fe125a1ed5ebb01a5c6d.sol#1407-1410) should be declared external
BaseEquipment.mintFromOwner (/unique_contracts/0x0384b55dacd00f2aa740fe125a1ed5ebb01a5c6d.sol#1410-1414) should be declared external
BaseEquipment.approveAndCall (/unique_contracts/0x0384b55dacd00f2aa740fe125a1ed5ebb01a5c6d.sol#1415-1424) should be declared external
BaseEquipment.checkCap (/unique_contracts/0x0384b55dacd00f2aa740fe125a1ed5ebb01a5c6d.sol#1424-1429) should be declared external
PrizePool.sendPrize (/unique_contracts/0x0384b55dacd00f2aa740fe125a1ed5ebb01a5c6d.sol#1451-1459) should be declared external
PrizePool.mintGirl (/unique_contracts/0x0384b55dacd00f2aa740fe125a1ed5ebb01a5c6d.sol) should be declared external
PrizePool.setEquipments (/unique_contracts/0x0384b55dacd00f2aa740fe125a1ed5ebb01a5c6d.sol) should be declared external
PrizePool.addMagicBoxes (/unique_contracts/0x0384b55dacd00f2aa740fe125a1ed5ebb01a5c6d.sol) should be declared external
PrizePool.removeMagicBox (/unique_contracts/0x0384b55dacd00f2aa740fe125a1ed5ebb01a5c6d.sol) should be declared external
Reference: https://github.com/trailofbits/slither/wiki/Detectors-Documentation#public-function-that-could-be-declared-as-external[0m
INFO:Detectors:[92m
Detected issues with version pragma in /unique_contracts/0x0384b55dacd00f2aa740fe125a1ed5ebb01a5c6d.sol:
	- pragma solidity^0.4.23 (/unique_contracts/0x0384b55dacd00f2aa740fe125a1ed5ebb01a5c6d.sol#1): it allows old versions
Reference: https://github.com/trailofbits/slither/wiki/Detectors-Documentation#incorrect-version-of-solidity[0m
INFO:Detectors:[92m
Function 'Ownable.Ownable' (/unique_contracts/0x0384b55dacd00f2aa740fe125a1ed5ebb01a5c6d.sol#50-54) is not in mixedCase
Parameter '_contractAddress' of TrustedContractControl.addTrustedContracts (/unique_contracts/0x0384b55dacd00f2aa740fe125a1ed5ebb01a5c6d.sol#90-91) is not in mixedCase
Parameter '_contractAddress' of TrustedContractControl.addTrustedContract (/unique_contracts/0x0384b55dacd00f2aa740fe125a1ed5ebb01a5c6d.sol#98-99) is not in mixedCase
Parameter '_contractAddress' of TrustedContractControl.removeTrustedContract (/unique_contracts/0x0384b55dacd00f2aa740fe125a1ed5ebb01a5c6d.sol#107) is not in mixedCase
Parameter '_offst' of Serialize.addAddress (/unique_contracts/0x0384b55dacd00f2aa740fe125a1ed5ebb01a5c6d.sol#168) is not in mixedCase
Parameter '_offst' of Serialize.addUint (/unique_contracts/0x0384b55dacd00f2aa740fe125a1ed5ebb01a5c6d.sol#175) is not in mixedCase
Parameter '_offst' of Serialize.addUint8 (/unique_contracts/0x0384b55dacd00f2aa740fe125a1ed5ebb01a5c6d.sol#182-183) is not in mixedCase
Parameter '_offst' of Serialize.addUint16 (/unique_contracts/0x0384b55dacd00f2aa740fe125a1ed5ebb01a5c6d.sol#189-192) is not in mixedCase
Parameter '_offst' of Serialize.addUint64 (/unique_contracts/0x0384b55dacd00f2aa740fe125a1ed5ebb01a5c6d.sol#198-199) is not in mixedCase
Parameter '_offst' of Serialize.getAddress (/unique_contracts/0x0384b55dacd00f2aa740fe125a1ed5ebb01a5c6d.sol#203-206) is not in mixedCase
Parameter '_offst' of Serialize.getUint (/unique_contracts/0x0384b55dacd00f2aa740fe125a1ed5ebb01a5c6d.sol#211-213) is not in mixedCase
Parameter '_offst' of Serialize.getUint8 (/unique_contracts/0x0384b55dacd00f2aa740fe125a1ed5ebb01a5c6d.sol#220) is not in mixedCase
Parameter '_offst' of Serialize.getUint16 (/unique_contracts/0x0384b55dacd00f2aa740fe125a1ed5ebb01a5c6d.sol#227) is not in mixedCase
Parameter '_offst' of Serialize.getUint64 (/unique_contracts/0x0384b55dacd00f2aa740fe125a1ed5ebb01a5c6d.sol#235) is not in mixedCase
Parameter '_owner' of ERC721BasicToken.balanceOf (/unique_contracts/0x0384b55dacd00f2aa740fe125a1ed5ebb01a5c6d.sol#402-403) is not in mixedCase
Parameter '_tokenId' of ERC721BasicToken.ownerOf (/unique_contracts/0x0384b55dacd00f2aa740fe125a1ed5ebb01a5c6d.sol#414) is not in mixedCase
Parameter '_tokenId' of ERC721BasicToken.exists (/unique_contracts/0x0384b55dacd00f2aa740fe125a1ed5ebb01a5c6d.sol#422-423) is not in mixedCase
Parameter '_to' of ERC721BasicToken.approve (/unique_contracts/0x0384b55dacd00f2aa740fe125a1ed5ebb01a5c6d.sol#439) is not in mixedCase
Parameter '_tokenId' of ERC721BasicToken.approve (/unique_contracts/0x0384b55dacd00f2aa740fe125a1ed5ebb01a5c6d.sol#439) is not in mixedCase
Parameter '_tokenId' of ERC721BasicToken.getApproved (/unique_contracts/0x0384b55dacd00f2aa740fe125a1ed5ebb01a5c6d.sol#453) is not in mixedCase
Parameter '_to' of ERC721BasicToken.setApprovalForAll (/unique_contracts/0x0384b55dacd00f2aa740fe125a1ed5ebb01a5c6d.sol#462) is not in mixedCase
Parameter '_approved' of ERC721BasicToken.setApprovalForAll (/unique_contracts/0x0384b55dacd00f2aa740fe125a1ed5ebb01a5c6d.sol#462) is not in mixedCase
Parameter '_owner' of ERC721BasicToken.isApprovedForAll (/unique_contracts/0x0384b55dacd00f2aa740fe125a1ed5ebb01a5c6d.sol#473-474) is not in mixedCase
Parameter '_operator' of ERC721BasicToken.isApprovedForAll (/unique_contracts/0x0384b55dacd00f2aa740fe125a1ed5ebb01a5c6d.sol#474) is not in mixedCase
Parameter '_from' of ERC721BasicToken.transferFrom (/unique_contracts/0x0384b55dacd00f2aa740fe125a1ed5ebb01a5c6d.sol#491-492) is not in mixedCase
Parameter '_to' of ERC721BasicToken.transferFrom (/unique_contracts/0x0384b55dacd00f2aa740fe125a1ed5ebb01a5c6d.sol#492) is not in mixedCase
Parameter '_tokenId' of ERC721BasicToken.transferFrom (/unique_contracts/0x0384b55dacd00f2aa740fe125a1ed5ebb01a5c6d.sol#492) is not in mixedCase
Parameter '_from' of ERC721BasicToken.safeTransferFrom (/unique_contracts/0x0384b55dacd00f2aa740fe125a1ed5ebb01a5c6d.sol#528-529) is not in mixedCase
Parameter '_to' of ERC721BasicToken.safeTransferFrom (/unique_contracts/0x0384b55dacd00f2aa740fe125a1ed5ebb01a5c6d.sol#529) is not in mixedCase
Parameter '_tokenId' of ERC721BasicToken.safeTransferFrom (/unique_contracts/0x0384b55dacd00f2aa740fe125a1ed5ebb01a5c6d.sol#529-530) is not in mixedCase
Parameter '_from' of ERC721BasicToken.safeTransferFrom (/unique_contracts/0x0384b55dacd00f2aa740fe125a1ed5ebb01a5c6d.sol#554-555) is not in mixedCase
Parameter '_to' of ERC721BasicToken.safeTransferFrom (/unique_contracts/0x0384b55dacd00f2aa740fe125a1ed5ebb01a5c6d.sol#555) is not in mixedCase
Parameter '_tokenId' of ERC721BasicToken.safeTransferFrom (/unique_contracts/0x0384b55dacd00f2aa740fe125a1ed5ebb01a5c6d.sol#555) is not in mixedCase
Parameter '_data' of ERC721BasicToken.safeTransferFrom (/unique_contracts/0x0384b55dacd00f2aa740fe125a1ed5ebb01a5c6d.sol#555) is not in mixedCase
Parameter '_from' of ERC721BasicToken.transferBatch (/unique_contracts/0x0384b55dacd00f2aa740fe125a1ed5ebb01a5c6d.sol#502-503) is not in mixedCase
Parameter '_to' of ERC721BasicToken.transferBatch (/unique_contracts/0x0384b55dacd00f2aa740fe125a1ed5ebb01a5c6d.sol#503) is not in mixedCase
Parameter '_tokenIds' of ERC721BasicToken.transferBatch (/unique_contracts/0x0384b55dacd00f2aa740fe125a1ed5ebb01a5c6d.sol#503) is not in mixedCase
Parameter '_spender' of ERC721BasicToken.isApprovedOrOwner (/unique_contracts/0x0384b55dacd00f2aa740fe125a1ed5ebb01a5c6d.sol#570) is not in mixedCase
Parameter '_tokenId' of ERC721BasicToken.isApprovedOrOwner (/unique_contracts/0x0384b55dacd00f2aa740fe125a1ed5ebb01a5c6d.sol#570-571) is not in mixedCase
Function 'ERC721BasicToken._mint' (/unique_contracts/0x0384b55dacd00f2aa740fe125a1ed5ebb01a5c6d.sol#586-588) is not in mixedCase
Parameter '_to' of ERC721BasicToken._mint (/unique_contracts/0x0384b55dacd00f2aa740fe125a1ed5ebb01a5c6d.sol#586) is not in mixedCase
Parameter '_tokenId' of ERC721BasicToken._mint (/unique_contracts/0x0384b55dacd00f2aa740fe125a1ed5ebb01a5c6d.sol#586) is not in mixedCase
Function 'ERC721BasicToken._burn' (/unique_contracts/0x0384b55dacd00f2aa740fe125a1ed5ebb01a5c6d.sol#593-600) is not in mixedCase
Parameter '_owner' of ERC721BasicToken._burn (/unique_contracts/0x0384b55dacd00f2aa740fe125a1ed5ebb01a5c6d.sol#593) is not in mixedCase
Parameter '_tokenId' of ERC721BasicToken._burn (/unique_contracts/0x0384b55dacd00f2aa740fe125a1ed5ebb01a5c6d.sol#593-594) is not in mixedCase
Parameter '_owner' of ERC721BasicToken.clearApproval (/unique_contracts/0x0384b55dacd00f2aa740fe125a1ed5ebb01a5c6d.sol#605) is not in mixedCase
Parameter '_tokenId' of ERC721BasicToken.clearApproval (/unique_contracts/0x0384b55dacd00f2aa740fe125a1ed5ebb01a5c6d.sol#605) is not in mixedCase
Parameter '_to' of ERC721BasicToken.addTokenTo (/unique_contracts/0x0384b55dacd00f2aa740fe125a1ed5ebb01a5c6d.sol#617) is not in mixedCase
Parameter '_tokenId' of ERC721BasicToken.addTokenTo (/unique_contracts/0x0384b55dacd00f2aa740fe125a1ed5ebb01a5c6d.sol#617) is not in mixedCase
Parameter '_from' of ERC721BasicToken.removeTokenFrom (/unique_contracts/0x0384b55dacd00f2aa740fe125a1ed5ebb01a5c6d.sol#627) is not in mixedCase
Parameter '_tokenId' of ERC721BasicToken.removeTokenFrom (/unique_contracts/0x0384b55dacd00f2aa740fe125a1ed5ebb01a5c6d.sol#627-628) is not in mixedCase
Parameter '_from' of ERC721BasicToken.checkAndCallSafeTransfer (/unique_contracts/0x0384b55dacd00f2aa740fe125a1ed5ebb01a5c6d.sol#653-654) is not in mixedCase
Parameter '_to' of ERC721BasicToken.checkAndCallSafeTransfer (/unique_contracts/0x0384b55dacd00f2aa740fe125a1ed5ebb01a5c6d.sol#654) is not in mixedCase
Parameter '_tokenId' of ERC721BasicToken.checkAndCallSafeTransfer (/unique_contracts/0x0384b55dacd00f2aa740fe125a1ed5ebb01a5c6d.sol#654) is not in mixedCase
Parameter '_data' of ERC721BasicToken.checkAndCallSafeTransfer (/unique_contracts/0x0384b55dacd00f2aa740fe125a1ed5ebb01a5c6d.sol#656) is not in mixedCase
Parameter '_index' of GirlBasicToken.getGirlGene (/unique_contracts/0x0384b55dacd00f2aa740fe125a1ed5ebb01a5c6d.sol#711) is not in mixedCase
Parameter '_index' of GirlBasicToken.getGirlBirthTime (/unique_contracts/0x0384b55dacd00f2aa740fe125a1ed5ebb01a5c6d.sol#715) is not in mixedCase
Parameter '_index' of GirlBasicToken.getGirlCoolDownEndTime (/unique_contracts/0x0384b55dacd00f2aa740fe125a1ed5ebb01a5c6d.sol#717) is not in mixedCase
Parameter '_index' of GirlBasicToken.getGirlStarLevel (/unique_contracts/0x0384b55dacd00f2aa740fe125a1ed5ebb01a5c6d.sol#721) is not in mixedCase
Parameter '_girlId' of GirlBasicToken.isNotCoolDown (/unique_contracts/0x0384b55dacd00f2aa740fe125a1ed5ebb01a5c6d.sol#723) is not in mixedCase
Function 'GirlBasicToken._createGirl' (/unique_contracts/0x0384b55dacd00f2aa740fe125a1ed5ebb01a5c6d.sol#727-743) is not in mixedCase
Parameter '_genes' of GirlBasicToken._createGirl (/unique_contracts/0x0384b55dacd00f2aa740fe125a1ed5ebb01a5c6d.sol#728) is not in mixedCase
Parameter '_owner' of GirlBasicToken._createGirl (/unique_contracts/0x0384b55dacd00f2aa740fe125a1ed5ebb01a5c6d.sol#728) is not in mixedCase
Parameter '_starLevel' of GirlBasicToken._createGirl (/unique_contracts/0x0384b55dacd00f2aa740fe125a1ed5ebb01a5c6d.sol#728-729) is not in mixedCase
Function 'GirlBasicToken._setCoolDownTime' (/unique_contracts/0x0384b55dacd00f2aa740fe125a1ed5ebb01a5c6d.sol#743-757) is not in mixedCase
Parameter '_tokenId' of GirlBasicToken._setCoolDownTime (/unique_contracts/0x0384b55dacd00f2aa740fe125a1ed5ebb01a5c6d.sol#744-745) is not in mixedCase
Parameter '_coolDownTime' of GirlBasicToken._setCoolDownTime (/unique_contracts/0x0384b55dacd00f2aa740fe125a1ed5ebb01a5c6d.sol#745-748) is not in mixedCase
Function 'GirlBasicToken._LevelUp' (/unique_contracts/0x0384b55dacd00f2aa740fe125a1ed5ebb01a5c6d.sol#757-767) is not in mixedCase
Parameter '_tokenId' of GirlBasicToken._LevelUp (/unique_contracts/0x0384b55dacd00f2aa740fe125a1ed5ebb01a5c6d.sol#758) is not in mixedCase
Parameter '_receiver' of GirlBasicToken.open (/unique_contracts/0x0384b55dacd00f2aa740fe125a1ed5ebb01a5c6d.sol#824) is not in mixedCase
Parameter '_hashlock' of GirlBasicToken.open (/unique_contracts/0x0384b55dacd00f2aa740fe125a1ed5ebb01a5c6d.sol#824-825) is not in mixedCase
Parameter '_duration' of GirlBasicToken.open (/unique_contracts/0x0384b55dacd00f2aa740fe125a1ed5ebb01a5c6d.sol#825) is not in mixedCase
Parameter '_tokenId' of GirlBasicToken.open (/unique_contracts/0x0384b55dacd00f2aa740fe125a1ed5ebb01a5c6d.sol#825) is not in mixedCase
Parameter '_contractId' of GirlBasicToken.close (/unique_contracts/0x0384b55dacd00f2aa740fe125a1ed5ebb01a5c6d.sol#876) is not in mixedCase
Parameter '_secret' of GirlBasicToken.close (/unique_contracts/0x0384b55dacd00f2aa740fe125a1ed5ebb01a5c6d.sol#876-877) is not in mixedCase
Parameter '_contractId' of GirlBasicToken.refund (/unique_contracts/0x0384b55dacd00f2aa740fe125a1ed5ebb01a5c6d.sol#902) is not in mixedCase
Function 'GirlBasicToken._contractExists' (/unique_contracts/0x0384b55dacd00f2aa740fe125a1ed5ebb01a5c6d.sol#926-930) is not in mixedCase
Parameter '_contractId' of GirlBasicToken._contractExists (/unique_contracts/0x0384b55dacd00f2aa740fe125a1ed5ebb01a5c6d.sol#927) is not in mixedCase
Parameter '_contractId' of GirlBasicToken.checkContract (/unique_contracts/0x0384b55dacd00f2aa740fe125a1ed5ebb01a5c6d.sol#930-931) is not in mixedCase
Parameter '_genes' of GirlOps.createGirl (/unique_contracts/0x0384b55dacd00f2aa740fe125a1ed5ebb01a5c6d.sol#957) is not in mixedCase
Parameter '_owner' of GirlOps.createGirl (/unique_contracts/0x0384b55dacd00f2aa740fe125a1ed5ebb01a5c6d.sol#957-958) is not in mixedCase
Parameter '_starLevel' of GirlOps.createGirl (/unique_contracts/0x0384b55dacd00f2aa740fe125a1ed5ebb01a5c6d.sol#960-963) is not in mixedCase
Parameter '_genes' of GirlOps.createPromotionGirl (/unique_contracts/0x0384b55dacd00f2aa740fe125a1ed5ebb01a5c6d.sol#971) is not in mixedCase
Parameter '_owner' of GirlOps.createPromotionGirl (/unique_contracts/0x0384b55dacd00f2aa740fe125a1ed5ebb01a5c6d.sol#971) is not in mixedCase
Parameter '_starLevel' of GirlOps.createPromotionGirl (/unique_contracts/0x0384b55dacd00f2aa740fe125a1ed5ebb01a5c6d.sol#971-972) is not in mixedCase
Parameter '_owner' of GirlOps.burnGirl (/unique_contracts/0x0384b55dacd00f2aa740fe125a1ed5ebb01a5c6d.sol#974) is not in mixedCase
Parameter '_tokenId' of GirlOps.burnGirl (/unique_contracts/0x0384b55dacd00f2aa740fe125a1ed5ebb01a5c6d.sol#974-975) is not in mixedCase
Parameter '_tokenId' of GirlOps.setCoolDownTime (/unique_contracts/0x0384b55dacd00f2aa740fe125a1ed5ebb01a5c6d.sol#981) is not in mixedCase
Parameter '_coolDownTime' of GirlOps.setCoolDownTime (/unique_contracts/0x0384b55dacd00f2aa740fe125a1ed5ebb01a5c6d.sol#981-983) is not in mixedCase
Parameter '_tokenId' of GirlOps.levelUp (/unique_contracts/0x0384b55dacd00f2aa740fe125a1ed5ebb01a5c6d.sol#989-991) is not in mixedCase
Parameter '_from' of GirlOps.safeTransferFromWithData (/unique_contracts/0x0384b55dacd00f2aa740fe125a1ed5ebb01a5c6d.sol#995-998) is not in mixedCase
Parameter '_to' of GirlOps.safeTransferFromWithData (/unique_contracts/0x0384b55dacd00f2aa740fe125a1ed5ebb01a5c6d.sol#998) is not in mixedCase
Parameter '_tokenId' of GirlOps.safeTransferFromWithData (/unique_contracts/0x0384b55dacd00f2aa740fe125a1ed5ebb01a5c6d.sol#998) is not in mixedCase
Parameter '_data' of GirlOps.safeTransferFromWithData (/unique_contracts/0x0384b55dacd00f2aa740fe125a1ed5ebb01a5c6d.sol#999) is not in mixedCase
Parameter '_owner' of BasicToken.balanceOf (/unique_contracts/0x0384b55dacd00f2aa740fe125a1ed5ebb01a5c6d.sol#1059) is not in mixedCase
Parameter '_to' of BasicToken.transfer (/unique_contracts/0x0384b55dacd00f2aa740fe125a1ed5ebb01a5c6d.sol#1038-1039) is not in mixedCase
Parameter '_value' of BasicToken.transfer (/unique_contracts/0x0384b55dacd00f2aa740fe125a1ed5ebb01a5c6d.sol#1039) is not in mixedCase
Parameter '_owner' of StandardToken.allowance (/unique_contracts/0x0384b55dacd00f2aa740fe125a1ed5ebb01a5c6d.sol#1125) is not in mixedCase
Parameter '_spender' of StandardToken.allowance (/unique_contracts/0x0384b55dacd00f2aa740fe125a1ed5ebb01a5c6d.sol#1125) is not in mixedCase
Parameter '_from' of StandardToken.transferFrom (/unique_contracts/0x0384b55dacd00f2aa740fe125a1ed5ebb01a5c6d.sol#1087) is not in mixedCase
Parameter '_to' of StandardToken.transferFrom (/unique_contracts/0x0384b55dacd00f2aa740fe125a1ed5ebb01a5c6d.sol#1087) is not in mixedCase
Parameter '_value' of StandardToken.transferFrom (/unique_contracts/0x0384b55dacd00f2aa740fe125a1ed5ebb01a5c6d.sol#1087-1088) is not in mixedCase
Parameter '_spender' of StandardToken.approve (/unique_contracts/0x0384b55dacd00f2aa740fe125a1ed5ebb01a5c6d.sol#1112-1113) is not in mixedCase
Parameter '_value' of StandardToken.approve (/unique_contracts/0x0384b55dacd00f2aa740fe125a1ed5ebb01a5c6d.sol#1113) is not in mixedCase
Parameter '_spender' of StandardToken.increaseApproval (/unique_contracts/0x0384b55dacd00f2aa740fe125a1ed5ebb01a5c6d.sol#1143) is not in mixedCase
Parameter '_addedValue' of StandardToken.increaseApproval (/unique_contracts/0x0384b55dacd00f2aa740fe125a1ed5ebb01a5c6d.sol#1143) is not in mixedCase
Parameter '_spender' of StandardToken.decreaseApproval (/unique_contracts/0x0384b55dacd00f2aa740fe125a1ed5ebb01a5c6d.sol#1176) is not in mixedCase
Parameter '_subtractedValue' of StandardToken.decreaseApproval (/unique_contracts/0x0384b55dacd00f2aa740fe125a1ed5ebb01a5c6d.sol#1176) is not in mixedCase
Parameter '_receiver' of AtomicSwappableToken.open (/unique_contracts/0x0384b55dacd00f2aa740fe125a1ed5ebb01a5c6d.sol#1263) is not in mixedCase
Parameter '_hashlock' of AtomicSwappableToken.open (/unique_contracts/0x0384b55dacd00f2aa740fe125a1ed5ebb01a5c6d.sol#1263-1264) is not in mixedCase
Parameter '_timelock' of AtomicSwappableToken.open (/unique_contracts/0x0384b55dacd00f2aa740fe125a1ed5ebb01a5c6d.sol#1264) is not in mixedCase
Parameter '_amount' of AtomicSwappableToken.open (/unique_contracts/0x0384b55dacd00f2aa740fe125a1ed5ebb01a5c6d.sol#1264-1265) is not in mixedCase
Parameter '_contractId' of AtomicSwappableToken.close (/unique_contracts/0x0384b55dacd00f2aa740fe125a1ed5ebb01a5c6d.sol#1300) is not in mixedCase
Parameter '_secret' of AtomicSwappableToken.close (/unique_contracts/0x0384b55dacd00f2aa740fe125a1ed5ebb01a5c6d.sol#1300) is not in mixedCase
Parameter '_contractId' of AtomicSwappableToken.refund (/unique_contracts/0x0384b55dacd00f2aa740fe125a1ed5ebb01a5c6d.sol#1317) is not in mixedCase
Function 'AtomicSwappableToken._contractExists' (/unique_contracts/0x0384b55dacd00f2aa740fe125a1ed5ebb01a5c6d.sol#1332-1338) is not in mixedCase
Parameter '_contractId' of AtomicSwappableToken._contractExists (/unique_contracts/0x0384b55dacd00f2aa740fe125a1ed5ebb01a5c6d.sol#1333) is not in mixedCase
Parameter '_contractId' of AtomicSwappableToken.checkContract (/unique_contracts/0x0384b55dacd00f2aa740fe125a1ed5ebb01a5c6d.sol#1339) is not in mixedCase
Parameter '_newController' of BaseEquipment.setController (/unique_contracts/0x0384b55dacd00f2aa740fe125a1ed5ebb01a5c6d.sol#1388) is not in mixedCase
Parameter '_cap' of BaseEquipment. (/unique_contracts/0x0384b55dacd00f2aa740fe125a1ed5ebb01a5c6d.sol#1391) is not in mixedCase
Parameter '_properties' of BaseEquipment. (/unique_contracts/0x0384b55dacd00f2aa740fe125a1ed5ebb01a5c6d.sol#1391-1392) is not in mixedCase
Parameter '_properties' of BaseEquipment.setProperty (/unique_contracts/0x0384b55dacd00f2aa740fe125a1ed5ebb01a5c6d.sol#1395-1396) is not in mixedCase
Function 'BaseEquipment._mint' (/unique_contracts/0x0384b55dacd00f2aa740fe125a1ed5ebb01a5c6d.sol#1400-1407) is not in mixedCase
Parameter '_to' of BaseEquipment._mint (/unique_contracts/0x0384b55dacd00f2aa740fe125a1ed5ebb01a5c6d.sol#1400) is not in mixedCase
Parameter '_amount' of BaseEquipment._mint (/unique_contracts/0x0384b55dacd00f2aa740fe125a1ed5ebb01a5c6d.sol#1400-1403) is not in mixedCase
Parameter '_to' of BaseEquipment.mint (/unique_contracts/0x0384b55dacd00f2aa740fe125a1ed5ebb01a5c6d.sol#1408) is not in mixedCase
Parameter '_amount' of BaseEquipment.mint (/unique_contracts/0x0384b55dacd00f2aa740fe125a1ed5ebb01a5c6d.sol#1408) is not in mixedCase
Parameter '_to' of BaseEquipment.mintFromOwner (/unique_contracts/0x0384b55dacd00f2aa740fe125a1ed5ebb01a5c6d.sol#1411) is not in mixedCase
Parameter '_amount' of BaseEquipment.mintFromOwner (/unique_contracts/0x0384b55dacd00f2aa740fe125a1ed5ebb01a5c6d.sol#1411) is not in mixedCase
Parameter '_spender' of BaseEquipment.approveAndCall (/unique_contracts/0x0384b55dacd00f2aa740fe125a1ed5ebb01a5c6d.sol#1417-1419) is not in mixedCase
Parameter '_amount' of BaseEquipment.approveAndCall (/unique_contracts/0x0384b55dacd00f2aa740fe125a1ed5ebb01a5c6d.sol#1419) is not in mixedCase
Parameter '_data' of BaseEquipment.approveAndCall (/unique_contracts/0x0384b55dacd00f2aa740fe125a1ed5ebb01a5c6d.sol#1419) is not in mixedCase
Parameter '_amount' of BaseEquipment.checkCap (/unique_contracts/0x0384b55dacd00f2aa740fe125a1ed5ebb01a5c6d.sol#1424-1425) is not in mixedCase
Parameter '_girlOpsAddress' of PrizePool. (/unique_contracts/0x0384b55dacd00f2aa740fe125a1ed5ebb01a5c6d.sol#1449-1450) is not in mixedCase
Parameter '_to' of PrizePool.sendPrize (/unique_contracts/0x0384b55dacd00f2aa740fe125a1ed5ebb01a5c6d.sol#1453-1454) is not in mixedCase
Parameter '_index' of PrizePool.sendPrize (/unique_contracts/0x0384b55dacd00f2aa740fe125a1ed5ebb01a5c6d.sol#1454) is not in mixedCase
Parameter '_level' of PrizePool.mintGirl (/unique_contracts/0x0384b55dacd00f2aa740fe125a1ed5ebb01a5c6d.sol) is not in mixedCase
Parameter '_equipments' of PrizePool.setEquipments (/unique_contracts/0x0384b55dacd00f2aa740fe125a1ed5ebb01a5c6d.sol) is not in mixedCase
Reference: https://github.com/trailofbits/slither/wiki/Detectors-Documentation#conformance-to-solidity-naming-conventions[0m
INFO:Slither:/unique_contracts/0x0384b55dacd00f2aa740fe125a1ed5ebb01a5c6d.sol analyzed (19 contracts), 233 result(s) found