INFO:Slither:Compilation warnings/errors on /unique_chucks/27/0x8b993084ab8ef8fd22c2677e13224d0e4d1db00a.sol:
/unique_chucks/27/0x8b993084ab8ef8fd22c2677e13224d0e4d1db00a.sol:26:5: Warning: Defining constructors as functions with the same name as the contract is deprecated. Use "constructor(...) { ... }" instead.
    function TokenERC20() public {
    ^ (Relevant source part starts here and spans across multiple lines).

INFO:Detectors:[91m
TokenERC20.sellPrice (/unique_chucks/27/0x8b993084ab8ef8fd22c2677e13224d0e4d1db00a.sol#169) is never initialized. It is used in:
	- sell (/unique_chucks/27/0x8b993084ab8ef8fd22c2677e13224d0e4d1db00a.sol#177-181)
TokenERC20.buyPrice (/unique_chucks/27/0x8b993084ab8ef8fd22c2677e13224d0e4d1db00a.sol#169) is never initialized. It is used in:
	- buy (/unique_chucks/27/0x8b993084ab8ef8fd22c2677e13224d0e4d1db00a.sol#170-176)
Reference: https://github.com/trailofbits/slither/wiki/Detectors-Documentation#uninitialized-state-variables[0m
INFO:Detectors:[93m
TokenERC20 (/unique_chucks/27/0x8b993084ab8ef8fd22c2677e13224d0e4d1db00a.sol#3-181) has incorrect ERC20 function interface(s):
	-transfer (/unique_chucks/27/0x8b993084ab8ef8fd22c2677e13224d0e4d1db00a.sol#63-69)
Reference: https://github.com/trailofbits/slither/wiki/Detectors-Documentation#incorrect-erc20-interface[0m
INFO:Detectors:[92m
TokenERC20.buyPrice should be constant (/unique_chucks/27/0x8b993084ab8ef8fd22c2677e13224d0e4d1db00a.sol#169)
TokenERC20.decimals should be constant (/unique_chucks/27/0x8b993084ab8ef8fd22c2677e13224d0e4d1db00a.sol#7-8)
TokenERC20.sellPrice should be constant (/unique_chucks/27/0x8b993084ab8ef8fd22c2677e13224d0e4d1db00a.sol#169)
Reference: https://github.com/trailofbits/slither/wiki/Detectors-Documentation#state-variables-that-could-be-declared-constant[0m
INFO:Detectors:[92m
TokenERC20.transfer (/unique_chucks/27/0x8b993084ab8ef8fd22c2677e13224d0e4d1db00a.sol#63-69) should be declared external
TokenERC20.transferFrom (/unique_chucks/27/0x8b993084ab8ef8fd22c2677e13224d0e4d1db00a.sol#75-85) should be declared external
TokenERC20.approve (/unique_chucks/27/0x8b993084ab8ef8fd22c2677e13224d0e4d1db00a.sol#91-99) should be declared external
TokenERC20.burn (/unique_chucks/27/0x8b993084ab8ef8fd22c2677e13224d0e4d1db00a.sol#104-114) should be declared external
TokenERC20.burnFrom (/unique_chucks/27/0x8b993084ab8ef8fd22c2677e13224d0e4d1db00a.sol#120-130) should be declared external
TokenERC20.mintToken (/unique_chucks/27/0x8b993084ab8ef8fd22c2677e13224d0e4d1db00a.sol#134-141) should be declared external
TokenERC20.freezeAccount (/unique_chucks/27/0x8b993084ab8ef8fd22c2677e13224d0e4d1db00a.sol#164-168) should be declared external
TokenERC20.buy (/unique_chucks/27/0x8b993084ab8ef8fd22c2677e13224d0e4d1db00a.sol#170-176) should be declared external
TokenERC20.sell (/unique_chucks/27/0x8b993084ab8ef8fd22c2677e13224d0e4d1db00a.sol#177-181) should be declared external
Reference: https://github.com/trailofbits/slither/wiki/Detectors-Documentation#public-function-that-could-be-declared-as-external[0m
INFO:Detectors:[92m
Detected issues with version pragma in /unique_chucks/27/0x8b993084ab8ef8fd22c2677e13224d0e4d1db00a.sol:
	- pragma solidity^0.4.21 (/unique_chucks/27/0x8b993084ab8ef8fd22c2677e13224d0e4d1db00a.sol#1): it allows old versions
Reference: https://github.com/trailofbits/slither/wiki/Detectors-Documentation#incorrect-version-of-solidity[0m
INFO:Detectors:[92m
Function 'TokenERC20.TokenERC20' (/unique_chucks/27/0x8b993084ab8ef8fd22c2677e13224d0e4d1db00a.sol#26-34) is not in mixedCase
Function 'TokenERC20._transfer' (/unique_chucks/27/0x8b993084ab8ef8fd22c2677e13224d0e4d1db00a.sol#36-57) is not in mixedCase
Parameter '_from' of TokenERC20._transfer (/unique_chucks/27/0x8b993084ab8ef8fd22c2677e13224d0e4d1db00a.sol#36) is not in mixedCase
Parameter '_to' of TokenERC20._transfer (/unique_chucks/27/0x8b993084ab8ef8fd22c2677e13224d0e4d1db00a.sol#36-37) is not in mixedCase
Parameter '_value' of TokenERC20._transfer (/unique_chucks/27/0x8b993084ab8ef8fd22c2677e13224d0e4d1db00a.sol#37) is not in mixedCase
Parameter '_to' of TokenERC20.transfer (/unique_chucks/27/0x8b993084ab8ef8fd22c2677e13224d0e4d1db00a.sol#63) is not in mixedCase
Parameter '_value' of TokenERC20.transfer (/unique_chucks/27/0x8b993084ab8ef8fd22c2677e13224d0e4d1db00a.sol#63-65) is not in mixedCase
Parameter '_from' of TokenERC20.transferFrom (/unique_chucks/27/0x8b993084ab8ef8fd22c2677e13224d0e4d1db00a.sol#75-76) is not in mixedCase
Parameter '_to' of TokenERC20.transferFrom (/unique_chucks/27/0x8b993084ab8ef8fd22c2677e13224d0e4d1db00a.sol#76) is not in mixedCase
Parameter '_value' of TokenERC20.transferFrom (/unique_chucks/27/0x8b993084ab8ef8fd22c2677e13224d0e4d1db00a.sol#76) is not in mixedCase
Parameter '_spender' of TokenERC20.approve (/unique_chucks/27/0x8b993084ab8ef8fd22c2677e13224d0e4d1db00a.sol#92) is not in mixedCase
Parameter '_value' of TokenERC20.approve (/unique_chucks/27/0x8b993084ab8ef8fd22c2677e13224d0e4d1db00a.sol#92) is not in mixedCase
Parameter '_value' of TokenERC20.burn (/unique_chucks/27/0x8b993084ab8ef8fd22c2677e13224d0e4d1db00a.sol#104) is not in mixedCase
Parameter '_from' of TokenERC20.burnFrom (/unique_chucks/27/0x8b993084ab8ef8fd22c2677e13224d0e4d1db00a.sol#120) is not in mixedCase
Parameter '_value' of TokenERC20.burnFrom (/unique_chucks/27/0x8b993084ab8ef8fd22c2677e13224d0e4d1db00a.sol#120) is not in mixedCase
Reference: https://github.com/trailofbits/slither/wiki/Detectors-Documentation#conformance-to-solidity-naming-conventions[0m
INFO:Slither:/unique_chucks/27/0x8b993084ab8ef8fd22c2677e13224d0e4d1db00a.sol analyzed (1 contracts), 29 result(s) found