INFO:Detectors:[92m
BancrypToken.decimals should be constant (/unique_chucks/3/0x3aa2d3ab4e0e9f8fb50d5288cc16bbd9b6b2513a.sol#305)
BancrypToken.name should be constant (/unique_chucks/3/0x3aa2d3ab4e0e9f8fb50d5288cc16bbd9b6b2513a.sol#304)
BancrypToken.symbol should be constant (/unique_chucks/3/0x3aa2d3ab4e0e9f8fb50d5288cc16bbd9b6b2513a.sol#303-304)
Reference: https://github.com/trailofbits/slither/wiki/Detectors-Documentation#state-variables-that-could-be-declared-constant[0m
INFO:Detectors:[92m
BasicToken.totalSupply (/unique_chucks/3/0x3aa2d3ab4e0e9f8fb50d5288cc16bbd9b6b2513a.sol#88-91) should be declared external
ERC20Basic.totalSupply (/unique_chucks/3/0x3aa2d3ab4e0e9f8fb50d5288cc16bbd9b6b2513a.sol#11-12) should be declared external
ERC20Basic.balanceOf (/unique_chucks/3/0x3aa2d3ab4e0e9f8fb50d5288cc16bbd9b6b2513a.sol#12-13) should be declared external
BasicToken.balanceOf (/unique_chucks/3/0x3aa2d3ab4e0e9f8fb50d5288cc16bbd9b6b2513a.sol#115-119) should be declared external
StandardToken.allowance (/unique_chucks/3/0x3aa2d3ab4e0e9f8fb50d5288cc16bbd9b6b2513a.sol#209-212) should be declared external
ERC20.allowance (/unique_chucks/3/0x3aa2d3ab4e0e9f8fb50d5288cc16bbd9b6b2513a.sol#125-128) should be declared external
ERC20.approve (/unique_chucks/3/0x3aa2d3ab4e0e9f8fb50d5288cc16bbd9b6b2513a.sol#131-136) should be declared external
StandardToken.approve (/unique_chucks/3/0x3aa2d3ab4e0e9f8fb50d5288cc16bbd9b6b2513a.sol#188-194) should be declared external
StandardToken.increaseApproval (/unique_chucks/3/0x3aa2d3ab4e0e9f8fb50d5288cc16bbd9b6b2513a.sol#227-235) should be declared external
StandardToken.decreaseApproval (/unique_chucks/3/0x3aa2d3ab4e0e9f8fb50d5288cc16bbd9b6b2513a.sol#250-268) should be declared external
BancrypToken.burn (/unique_chucks/3/0x3aa2d3ab4e0e9f8fb50d5288cc16bbd9b6b2513a.sol) should be declared external
BurnableToken.burn (/unique_chucks/3/0x3aa2d3ab4e0e9f8fb50d5288cc16bbd9b6b2513a.sol#281-283) should be declared external
Reference: https://github.com/trailofbits/slither/wiki/Detectors-Documentation#public-function-that-could-be-declared-as-external[0m
INFO:Detectors:[92m
Parameter '_owner' of BasicToken.balanceOf (/unique_chucks/3/0x3aa2d3ab4e0e9f8fb50d5288cc16bbd9b6b2513a.sol#115) is not in mixedCase
Parameter '_to' of BasicToken.transfer (/unique_chucks/3/0x3aa2d3ab4e0e9f8fb50d5288cc16bbd9b6b2513a.sol#96) is not in mixedCase
Parameter '_value' of BasicToken.transfer (/unique_chucks/3/0x3aa2d3ab4e0e9f8fb50d5288cc16bbd9b6b2513a.sol#96) is not in mixedCase
Parameter '_owner' of StandardToken.allowance (/unique_chucks/3/0x3aa2d3ab4e0e9f8fb50d5288cc16bbd9b6b2513a.sol#209) is not in mixedCase
Parameter '_spender' of StandardToken.allowance (/unique_chucks/3/0x3aa2d3ab4e0e9f8fb50d5288cc16bbd9b6b2513a.sol#211) is not in mixedCase
Parameter '_from' of StandardToken.transferFrom (/unique_chucks/3/0x3aa2d3ab4e0e9f8fb50d5288cc16bbd9b6b2513a.sol#165-166) is not in mixedCase
Parameter '_to' of StandardToken.transferFrom (/unique_chucks/3/0x3aa2d3ab4e0e9f8fb50d5288cc16bbd9b6b2513a.sol#166) is not in mixedCase
Parameter '_value' of StandardToken.transferFrom (/unique_chucks/3/0x3aa2d3ab4e0e9f8fb50d5288cc16bbd9b6b2513a.sol#166) is not in mixedCase
Parameter '_spender' of StandardToken.approve (/unique_chucks/3/0x3aa2d3ab4e0e9f8fb50d5288cc16bbd9b6b2513a.sol#192) is not in mixedCase
Parameter '_value' of StandardToken.approve (/unique_chucks/3/0x3aa2d3ab4e0e9f8fb50d5288cc16bbd9b6b2513a.sol#192) is not in mixedCase
Parameter '_spender' of StandardToken.increaseApproval (/unique_chucks/3/0x3aa2d3ab4e0e9f8fb50d5288cc16bbd9b6b2513a.sol#227) is not in mixedCase
Parameter '_addedValue' of StandardToken.increaseApproval (/unique_chucks/3/0x3aa2d3ab4e0e9f8fb50d5288cc16bbd9b6b2513a.sol#227-228) is not in mixedCase
Parameter '_spender' of StandardToken.decreaseApproval (/unique_chucks/3/0x3aa2d3ab4e0e9f8fb50d5288cc16bbd9b6b2513a.sol#252) is not in mixedCase
Parameter '_subtractedValue' of StandardToken.decreaseApproval (/unique_chucks/3/0x3aa2d3ab4e0e9f8fb50d5288cc16bbd9b6b2513a.sol#252) is not in mixedCase
Parameter '_value' of BurnableToken.burn (/unique_chucks/3/0x3aa2d3ab4e0e9f8fb50d5288cc16bbd9b6b2513a.sol#281) is not in mixedCase
Function 'BurnableToken._burn' (/unique_chucks/3/0x3aa2d3ab4e0e9f8fb50d5288cc16bbd9b6b2513a.sol#283-299) is not in mixedCase
Parameter '_who' of BurnableToken._burn (/unique_chucks/3/0x3aa2d3ab4e0e9f8fb50d5288cc16bbd9b6b2513a.sol#283) is not in mixedCase
Parameter '_value' of BurnableToken._burn (/unique_chucks/3/0x3aa2d3ab4e0e9f8fb50d5288cc16bbd9b6b2513a.sol#283-284) is not in mixedCase
Parameter '_to' of BancrypToken.transfer (/unique_chucks/3/0x3aa2d3ab4e0e9f8fb50d5288cc16bbd9b6b2513a.sol#361) is not in mixedCase
Parameter '_value' of BancrypToken.transfer (/unique_chucks/3/0x3aa2d3ab4e0e9f8fb50d5288cc16bbd9b6b2513a.sol#361) is not in mixedCase
Parameter '_from' of BancrypToken.transferFrom (/unique_chucks/3/0x3aa2d3ab4e0e9f8fb50d5288cc16bbd9b6b2513a.sol#375) is not in mixedCase
Parameter '_to' of BancrypToken.transferFrom (/unique_chucks/3/0x3aa2d3ab4e0e9f8fb50d5288cc16bbd9b6b2513a.sol#375) is not in mixedCase
Parameter '_value' of BancrypToken.transferFrom (/unique_chucks/3/0x3aa2d3ab4e0e9f8fb50d5288cc16bbd9b6b2513a.sol#375) is not in mixedCase
Parameter '_value' of BancrypToken.burn (/unique_chucks/3/0x3aa2d3ab4e0e9f8fb50d5288cc16bbd9b6b2513a.sol) is not in mixedCase
Reference: https://github.com/trailofbits/slither/wiki/Detectors-Documentation#conformance-to-solidity-naming-conventions[0m
INFO:Slither:/unique_chucks/3/0x3aa2d3ab4e0e9f8fb50d5288cc16bbd9b6b2513a.sol analyzed (7 contracts), 37 result(s) found