/unique_chucks/17/0x960845b9ccce1b6cf283bb86868162aa7990c812.sol
jar:file:/usr/local/lib/node_modules/@smartdec/smartcheck/jdeploy-bundle/smartcheck-2.0-jar-with-dependencies.jar!/solidity-rules.xmlruleId: SOLIDITY_ADDRESS_HARDCODED
patternId: c67a09
severity: 1
line: 127
column: 23
content: 0x0

ruleId: SOLIDITY_DEPRECATED_CONSTRUCTIONS
patternId: 28fa69
severity: 1
line: 138
column: 4
content: functionbalanceOf(address_owner)constantreturns(uint256balance);

ruleId: SOLIDITY_DEPRECATED_CONSTRUCTIONS
patternId: 28fa69
severity: 1
line: 162
column: 4
content: functionallowance(address_owner,address_spender)constantreturns(uint256remaining);

ruleId: SOLIDITY_DEPRECATED_CONSTRUCTIONS
patternId: 28fa69
severity: 1
line: 191
column: 4
content: functionbalanceOf(address_owner)publicconstantreturns(uint256balance){returnbalances[_owner];}

ruleId: SOLIDITY_DEPRECATED_CONSTRUCTIONS
patternId: 28fa69
severity: 1
line: 290
column: 4
content: functionallowance(address_owner,address_spender)publicconstantreturns(uintremaining){require(_spender!=0x0&&_owner!=0x0);require(_owner!=_spender&&_spender!=address(this));returnallowed[_owner][_spender];}

ruleId: SOLIDITY_ERC20_APPROVE
patternId: af782c
severity: 2
line: 271
column: 4
content: functionapprove(address_spender,uint256_value)publicreturns(boolsuccess){require(_spender!=0x0&&_spender!=address(this));require(allowed[msg.sender][_spender]==0);allowed[msg.sender][_spender]=_value;Approval(msg.sender,_spender,_value);returntrue;}

ruleId: SOLIDITY_PRAGMAS_VERSION
patternId: 23fc32
severity: 1
line: 29
column: 16
content: ^

ruleId: SOLIDITY_SAFEMATH
patternId: 837cac
severity: 1
line: 170
column: 4
content: usingSafeMathforuint256;

ruleId: SOLIDITY_VISIBILITY
patternId: 910067
severity: 1
line: 79
column: 4
content: functionOwnable(){owner=msg.sender;}

ruleId: SOLIDITY_VISIBILITY
patternId: 910067
severity: 1
line: 95
column: 4
content: functiontransferOwnership(addressnewOwner)onlyOwner{if(newOwner!=address(0)){owner=newOwner;}}

ruleId: SOLIDITY_VISIBILITY
patternId: 910067
severity: 1
line: 118
column: 4
content: functiontransferOwnership(addressnewOwner)onlyOwner{pendingOwner=newOwner;}

ruleId: SOLIDITY_VISIBILITY
patternId: 910067
severity: 1
line: 125
column: 4
content: functionclaimOwnership()onlyPendingOwner{owner=pendingOwner;pendingOwner=0x0;}

ruleId: SOLIDITY_VISIBILITY
patternId: 910067
severity: 1
line: 138
column: 4
content: functionbalanceOf(address_owner)constantreturns(uint256balance);

ruleId: SOLIDITY_VISIBILITY
patternId: 910067
severity: 1
line: 144
column: 4
content: functiontransfer(address_to,uint256_value)returns(boolsuccess);

ruleId: SOLIDITY_VISIBILITY
patternId: 910067
severity: 1
line: 151
column: 4
content: functiontransferFrom(address_from,address_to,uint256_value)returns(boolsuccess);

ruleId: SOLIDITY_VISIBILITY
patternId: 910067
severity: 1
line: 157
column: 4
content: functionapprove(address_spender,uint256_value)returns(boolsuccess);

ruleId: SOLIDITY_VISIBILITY
patternId: 910067
severity: 1
line: 162
column: 4
content: functionallowance(address_owner,address_spender)constantreturns(uint256remaining);

ruleId: SOLIDITY_VISIBILITY
patternId: 910067
severity: 1
line: 184
column: 4
content: functionERC20Token(string_name,string_symbol,uint8_decimals){name=_name;symbol=_symbol;decimals=_decimals;}

ruleId: SOLIDITY_VISIBILITY
patternId: 910067
severity: 1
line: 308
column: 4
content: functionSSDToken()ERC20Token('SIOUSADA','SSD',18){totalSupply=SUPPLY;balances[msg.sender]=SUPPLY;}

SOLIDITY_VISIBILITY :11
SOLIDITY_SAFEMATH :1
SOLIDITY_DEPRECATED_CONSTRUCTIONS :4
SOLIDITY_PRAGMAS_VERSION :1
SOLIDITY_ADDRESS_HARDCODED :1
SOLIDITY_ERC20_APPROVE :1