INFO:Slither:Compilation warnings/errors on /unique_contracts/0x487c55dba1d199ebecbb4843efc270b85d1006c0.sol:
/unique_contracts/0x487c55dba1d199ebecbb4843efc270b85d1006c0.sol:1021:50: Warning: This function only accepts a single "bytes" argument. Please use "abi.encodePacked(...)" or a similar function to encode the data.
        oraclize_randomDS_setCommitment(queryId, keccak256(delay_bytes8_left, args[1], sha256(args[0]), args[2]));
                                                 ^-------------------------------------------------------------^
/unique_contracts/0x487c55dba1d199ebecbb4843efc270b85d1006c0.sol:1133:47: Warning: This function only accepts a single "bytes" argument. Please use "abi.encodePacked(...)" or a similar function to encode the data.
        if (!(keccak256(keyhash) == keccak256(sha256(context_name, queryId)))) return false;
                                              ^---------------------------^
/unique_contracts/0x487c55dba1d199ebecbb4843efc270b85d1006c0.sol:1133:37: Warning: This function only accepts a single "bytes" argument. Please use "abi.encodePacked(...)" or a similar function to encode the data.
        if (!(keccak256(keyhash) == keccak256(sha256(context_name, queryId)))) return false;
                                    ^--------------------------------------^
/unique_contracts/0x487c55dba1d199ebecbb4843efc270b85d1006c0.sol:1133:37: Warning: The provided argument of type bytes32 is not implicitly convertible to expected type bytes memory.
        if (!(keccak256(keyhash) == keccak256(sha256(context_name, queryId)))) return false;
                                    ^--------------------------------------^
/unique_contracts/0x487c55dba1d199ebecbb4843efc270b85d1006c0.sol:1151:48: Warning: This function only accepts a single "bytes" argument. Please use "abi.encodePacked(...)" or a similar function to encode the data.
        if (oraclize_randomDS_args[queryId] == keccak256(commitmentSlice1, sessionPubkeyHash)){ //unonce, nbytes and sessionKeyHash match
                                               ^--------------------------------------------^
/unique_contracts/0x487c55dba1d199ebecbb4843efc270b85d1006c0.sol:407:5: Warning: Function state mutability can be restricted to pure
    function __callback(bytes32 myid, string result, bytes proof) public {
    ^ (Relevant source part starts here and spans across multiple lines).

INFO:Detectors:[91m
Reentrancy in FUNCrowdsale.startOraclize (/unique_contracts/0x487c55dba1d199ebecbb4843efc270b85d1006c0.sol):
	External calls:
	- oraclize_query(_time,URL,json(https://api.kraken.com/0/public/Ticker?pair=ETHUSD).result.XETHZUSD.c.0) (/unique_contracts/0x487c55dba1d199ebecbb4843efc270b85d1006c0.sol)
	- oraclizeBalance = oraclizeBalance.sub(oraclize_getPrice(URL)) (/unique_contracts/0x487c55dba1d199ebecbb4843efc270b85d1006c0.sol)
	External calls sending eth:
	- oraclize_query(_time,URL,json(https://api.kraken.com/0/public/Ticker?pair=ETHUSD).result.XETHZUSD.c.0) (/unique_contracts/0x487c55dba1d199ebecbb4843efc270b85d1006c0.sol)
	State variables written after the call(s):
	- OAR (/unique_contracts/0x487c55dba1d199ebecbb4843efc270b85d1006c0.sol)
	- oraclize (/unique_contracts/0x487c55dba1d199ebecbb4843efc270b85d1006c0.sol)
Reentrancy in FUNCrowdsale.update (/unique_contracts/0x487c55dba1d199ebecbb4843efc270b85d1006c0.sol#1616-1628):
	External calls:
	- oraclize_query(86400,URL,json(https://api.kraken.com/0/public/Ticker?pair=ETHUSD).result.XETHZUSD.c.0) (/unique_contracts/0x487c55dba1d199ebecbb4843efc270b85d1006c0.sol#1616-1623)
	- oraclizeBalance = oraclizeBalance.sub(oraclize_getPrice(URL)) (/unique_contracts/0x487c55dba1d199ebecbb4843efc270b85d1006c0.sol#1626-1628)
	External calls sending eth:
	- oraclize_query(86400,URL,json(https://api.kraken.com/0/public/Ticker?pair=ETHUSD).result.XETHZUSD.c.0) (/unique_contracts/0x487c55dba1d199ebecbb4843efc270b85d1006c0.sol#1616-1623)
	State variables written after the call(s):
	- OAR (/unique_contracts/0x487c55dba1d199ebecbb4843efc270b85d1006c0.sol#1626-1628)
	- oraclize (/unique_contracts/0x487c55dba1d199ebecbb4843efc270b85d1006c0.sol#1626-1628)
Reference: https://github.com/trailofbits/slither/wiki/Detectors-Documentation#reentrancy-vulnerabilities[0m
INFO:Detectors:[93m
Buffer.init (/unique_contracts/0x487c55dba1d199ebecbb4843efc270b85d1006c0.sol#137-149) is declared view but contains assembly code
Buffer.append (/unique_contracts/0x487c55dba1d199ebecbb4843efc270b85d1006c0.sol#168-210) is declared view but contains assembly code
Buffer.append (/unique_contracts/0x487c55dba1d199ebecbb4843efc270b85d1006c0.sol#219-236) is declared view but contains assembly code
Buffer.appendInt (/unique_contracts/0x487c55dba1d199ebecbb4843efc270b85d1006c0.sol#243-265) is declared view but contains assembly code
usingOraclize.getCodeSize (/unique_contracts/0x487c55dba1d199ebecbb4843efc270b85d1006c0.sol#828-834) is declared view but contains assembly code
usingOraclize.copyBytes (/unique_contracts/0x487c55dba1d199ebecbb4843efc270b85d1006c0.sol#1197-1221) is declared view but contains assembly code
Reference: https://github.com/trailofbits/slither/wiki/Detectors-Documentation#constant-functions-changing-the-state[0m
INFO:Detectors:[93m
FUNCrowdsale.getTokenPrice (/unique_contracts/0x487c55dba1d199ebecbb4843efc270b85d1006c0.sol#1505-1518) uses a dangerous strict equality:
	- _time == 0
FUNCrowdsale.getTokenPrice (/unique_contracts/0x487c55dba1d199ebecbb4843efc270b85d1006c0.sol#1505-1518) uses a dangerous strict equality:
	- _time == 0
FUNCrowdsale.isIco (/unique_contracts/0x487c55dba1d199ebecbb4843efc270b85d1006c0.sol#1495-1501) uses a dangerous strict equality:
	- _time == 0
FUNCrowdsale.getTokenPrice (/unique_contracts/0x487c55dba1d199ebecbb4843efc270b85d1006c0.sol#1505-1518) uses a dangerous strict equality:
	- _time == 0
FUNCrowdsale.isIco (/unique_contracts/0x487c55dba1d199ebecbb4843efc270b85d1006c0.sol#1495-1501) uses a dangerous strict equality:
	- _time == 0
FUNCrowdsale.isPreIco (/unique_contracts/0x487c55dba1d199ebecbb4843efc270b85d1006c0.sol#1479-1488) uses a dangerous strict equality:
	- _time == 0
FUNCrowdsale.getTokenPrice (/unique_contracts/0x487c55dba1d199ebecbb4843efc270b85d1006c0.sol#1505-1518) uses a dangerous strict equality:
	- _time == 0
FUNCrowdsale.isIco (/unique_contracts/0x487c55dba1d199ebecbb4843efc270b85d1006c0.sol#1495-1501) uses a dangerous strict equality:
	- _time == 0
FUNCrowdsale.isPreIco (/unique_contracts/0x487c55dba1d199ebecbb4843efc270b85d1006c0.sol#1479-1488) uses a dangerous strict equality:
	- _time == 0
FUNCrowdsale.tokenCalculate (/unique_contracts/0x487c55dba1d199ebecbb4843efc270b85d1006c0.sol#1523-1533) uses a dangerous strict equality:
	- _time == 0
	- tokenPrice == 0
Reference: https://github.com/trailofbits/slither/wiki/Detectors-Documentation#dangerous-strict-equalities[0m
INFO:Detectors:[93m
Reentrancy in usingOraclize.oraclizeAPI (/unique_contracts/0x487c55dba1d199ebecbb4843efc270b85d1006c0.sol#362-369):
	External calls:
	- address(oraclize) != OAR.getAddress() (/unique_contracts/0x487c55dba1d199ebecbb4843efc270b85d1006c0.sol#366-368)
	- oraclize = OraclizeI(OAR.getAddress()) (/unique_contracts/0x487c55dba1d199ebecbb4843efc270b85d1006c0.sol#368)
	State variables written after the call(s):
	- oraclize (/unique_contracts/0x487c55dba1d199ebecbb4843efc270b85d1006c0.sol#368)
Reference: https://github.com/trailofbits/slither/wiki/Detectors-Documentation#reentrancy-vulnerabilities-1[0m
INFO:Detectors:[93m
buf in usingOraclize.stra2cbor (/unique_contracts/0x487c55dba1d199ebecbb4843efc270b85d1006c0.sol#981) is a local variable never initialiazed
buf in usingOraclize.ba2cbor (/unique_contracts/0x487c55dba1d199ebecbb4843efc270b85d1006c0.sol#988) is a local variable never initialiazed
Reference: https://github.com/trailofbits/slither/wiki/Detectors-Documentation#uninitialized-local-variables[0m
INFO:Detectors:[93m
CBOR.encodeType (/unique_contracts/0x487c55dba1d199ebecbb4843efc270b85d1006c0.sol#275-296) does not use the value returned by external calls:
	-buf.appendInt(value,1) (/unique_contracts/0x487c55dba1d199ebecbb4843efc270b85d1006c0.sol#281-282)
	-buf.appendInt(value,2) (/unique_contracts/0x487c55dba1d199ebecbb4843efc270b85d1006c0.sol#284-286)
	-buf.appendInt(value,4) (/unique_contracts/0x487c55dba1d199ebecbb4843efc270b85d1006c0.sol#289)
	-buf.appendInt(value,8) (/unique_contracts/0x487c55dba1d199ebecbb4843efc270b85d1006c0.sol#293)
CBOR.encodeBytes (/unique_contracts/0x487c55dba1d199ebecbb4843efc270b85d1006c0.sol#310-315) does not use the value returned by external calls:
	-buf.append(value) (/unique_contracts/0x487c55dba1d199ebecbb4843efc270b85d1006c0.sol#315)
CBOR.encodeString (/unique_contracts/0x487c55dba1d199ebecbb4843efc270b85d1006c0.sol#315-322) does not use the value returned by external calls:
	-buf.append(bytes(value)) (/unique_contracts/0x487c55dba1d199ebecbb4843efc270b85d1006c0.sol#322)
Reference: https://github.com/trailofbits/slither/wiki/Detectors-Documentation#unused-return[0m
INFO:Detectors:[92m
Reentrancy in FUNCrowdsale.__callback (/unique_contracts/0x487c55dba1d199ebecbb4843efc270b85d1006c0.sol):
	External calls:
	- require(bool)(msg.sender == oraclize_cbAddress()) (/unique_contracts/0x487c55dba1d199ebecbb4843efc270b85d1006c0.sol)
	State variables written after the call(s):
	- USD (/unique_contracts/0x487c55dba1d199ebecbb4843efc270b85d1006c0.sol)
	- priceUpdateAt (/unique_contracts/0x487c55dba1d199ebecbb4843efc270b85d1006c0.sol)
Reentrancy in FUNCrowdsale.__callback (/unique_contracts/0x487c55dba1d199ebecbb4843efc270b85d1006c0.sol):
	External calls:
	- require(bool)(msg.sender == oraclize_cbAddress()) (/unique_contracts/0x487c55dba1d199ebecbb4843efc270b85d1006c0.sol)
	- update() (/unique_contracts/0x487c55dba1d199ebecbb4843efc270b85d1006c0.sol)
	External calls sending eth:
	- update() (/unique_contracts/0x487c55dba1d199ebecbb4843efc270b85d1006c0.sol)
	State variables written after the call(s):
	- oraclize_network_name (/unique_contracts/0x487c55dba1d199ebecbb4843efc270b85d1006c0.sol)
Reentrancy in FUNCrowdsale.buy (/unique_contracts/0x487c55dba1d199ebecbb4843efc270b85d1006c0.sol#1559-1581):
	External calls:
	- token.sendCrowdsaleTokens(_address,tokensToSend) (/unique_contracts/0x487c55dba1d199ebecbb4843efc270b85d1006c0.sol#1571-1572)
	- token.sendCrowdsaleTokens(_address,tokensToSend) (/unique_contracts/0x487c55dba1d199ebecbb4843efc270b85d1006c0.sol#1573-1575)
	External calls sending eth:
	- distributeEther() (/unique_contracts/0x487c55dba1d199ebecbb4843efc270b85d1006c0.sol#1572)
	- distributeEther() (/unique_contracts/0x487c55dba1d199ebecbb4843efc270b85d1006c0.sol#1575)
	State variables written after the call(s):
	- ethCollected (/unique_contracts/0x487c55dba1d199ebecbb4843efc270b85d1006c0.sol#1575-1578)
	- tokensSold (/unique_contracts/0x487c55dba1d199ebecbb4843efc270b85d1006c0.sol#1578-1579)
Reentrancy in FUNCrowdsale.constructor (/unique_contracts/0x487c55dba1d199ebecbb4843efc270b85d1006c0.sol#1385-1420):
	External calls:
	- token.setCrowdsaleContract(this) (/unique_contracts/0x487c55dba1d199ebecbb4843efc270b85d1006c0.sol#1405-1406)
	State variables written after the call(s):
	- OAR (/unique_contracts/0x487c55dba1d199ebecbb4843efc270b85d1006c0.sol#1406)
	- oraclize_network_name (/unique_contracts/0x487c55dba1d199ebecbb4843efc270b85d1006c0.sol#1406)
Reentrancy in FUNCrowdsale.constructor (/unique_contracts/0x487c55dba1d199ebecbb4843efc270b85d1006c0.sol#1385-1420):
	External calls:
	- token.setCrowdsaleContract(this) (/unique_contracts/0x487c55dba1d199ebecbb4843efc270b85d1006c0.sol#1405-1406)
	- oraclize = OraclizeI(OAR.getAddress()) (/unique_contracts/0x487c55dba1d199ebecbb4843efc270b85d1006c0.sol#1407)
	State variables written after the call(s):
	- USD (/unique_contracts/0x487c55dba1d199ebecbb4843efc270b85d1006c0.sol#1408-1409)
	- oraclize (/unique_contracts/0x487c55dba1d199ebecbb4843efc270b85d1006c0.sol#1407)
	- oraclizeBalance (/unique_contracts/0x487c55dba1d199ebecbb4843efc270b85d1006c0.sol#1409)
	- updateFlag (/unique_contracts/0x487c55dba1d199ebecbb4843efc270b85d1006c0.sol#1411)
Reentrancy in FUNCrowdsale.constructor (/unique_contracts/0x487c55dba1d199ebecbb4843efc270b85d1006c0.sol#1385-1420):
	External calls:
	- token.setCrowdsaleContract(this) (/unique_contracts/0x487c55dba1d199ebecbb4843efc270b85d1006c0.sol#1405-1406)
	- oraclize = OraclizeI(OAR.getAddress()) (/unique_contracts/0x487c55dba1d199ebecbb4843efc270b85d1006c0.sol#1407)
	- oraclize_query(URL,json(https://api.kraken.com/0/public/Ticker?pair=ETHUSD).result.XETHZUSD.c.0) (/unique_contracts/0x487c55dba1d199ebecbb4843efc270b85d1006c0.sol#1411-1420)
	External calls sending eth:
	- oraclize_query(URL,json(https://api.kraken.com/0/public/Ticker?pair=ETHUSD).result.XETHZUSD.c.0) (/unique_contracts/0x487c55dba1d199ebecbb4843efc270b85d1006c0.sol#1411-1420)
	State variables written after the call(s):
	- oraclize_network_name (/unique_contracts/0x487c55dba1d199ebecbb4843efc270b85d1006c0.sol#1411-1420)
Reentrancy in FUNCrowdsale.manualSendEther (/unique_contracts/0x487c55dba1d199ebecbb4843efc270b85d1006c0.sol#1590-1598):
	External calls:
	- token.sendCrowdsaleTokens(_address,tokensToSend) (/unique_contracts/0x487c55dba1d199ebecbb4843efc270b85d1006c0.sol#1595-1596)
	State variables written after the call(s):
	- ethCollected (/unique_contracts/0x487c55dba1d199ebecbb4843efc270b85d1006c0.sol#1596-1597)
	- tokensSold (/unique_contracts/0x487c55dba1d199ebecbb4843efc270b85d1006c0.sol#1597-1598)
Reentrancy in FUNCrowdsale.manualSendTokens (/unique_contracts/0x487c55dba1d199ebecbb4843efc270b85d1006c0.sol#1598-1606):
	External calls:
	- token.sendCrowdsaleTokens(_address,_value) (/unique_contracts/0x487c55dba1d199ebecbb4843efc270b85d1006c0.sol#1601-1603)
	State variables written after the call(s):
	- tokensSold (/unique_contracts/0x487c55dba1d199ebecbb4843efc270b85d1006c0.sol#1605-1606)
Reentrancy in usingOraclize.oraclize_newRandomDSQuery (/unique_contracts/0x487c55dba1d199ebecbb4843efc270b85d1006c0.sol#1001-1054):
	External calls:
	- sessionKeyHash_bytes32 = oraclize_randomDS_getSessionPubKeyHash() (/unique_contracts/0x487c55dba1d199ebecbb4843efc270b85d1006c0.sol#1011)
	- queryId = oraclize_query(random,args,_customGasLimit) (/unique_contracts/0x487c55dba1d199ebecbb4843efc270b85d1006c0.sol#1016-1017)
	External calls sending eth:
	- queryId = oraclize_query(random,args,_customGasLimit) (/unique_contracts/0x487c55dba1d199ebecbb4843efc270b85d1006c0.sol#1016-1017)
	State variables written after the call(s):
	- oraclize_network_name (/unique_contracts/0x487c55dba1d199ebecbb4843efc270b85d1006c0.sol#1016-1017)
	- oraclize_randomDS_args (/unique_contracts/0x487c55dba1d199ebecbb4843efc270b85d1006c0.sol#1049-1053)
Reentrancy in FUNCrowdsale.startOraclize (/unique_contracts/0x487c55dba1d199ebecbb4843efc270b85d1006c0.sol):
	External calls:
	- oraclize_query(_time,URL,json(https://api.kraken.com/0/public/Ticker?pair=ETHUSD).result.XETHZUSD.c.0) (/unique_contracts/0x487c55dba1d199ebecbb4843efc270b85d1006c0.sol)
	- oraclizeBalance = oraclizeBalance.sub(oraclize_getPrice(URL)) (/unique_contracts/0x487c55dba1d199ebecbb4843efc270b85d1006c0.sol)
	External calls sending eth:
	- oraclize_query(_time,URL,json(https://api.kraken.com/0/public/Ticker?pair=ETHUSD).result.XETHZUSD.c.0) (/unique_contracts/0x487c55dba1d199ebecbb4843efc270b85d1006c0.sol)
	State variables written after the call(s):
	- oraclize_network_name (/unique_contracts/0x487c55dba1d199ebecbb4843efc270b85d1006c0.sol)
Reentrancy in FUNCrowdsale.update (/unique_contracts/0x487c55dba1d199ebecbb4843efc270b85d1006c0.sol#1616-1628):
	External calls:
	- oraclize_query(86400,URL,json(https://api.kraken.com/0/public/Ticker?pair=ETHUSD).result.XETHZUSD.c.0) (/unique_contracts/0x487c55dba1d199ebecbb4843efc270b85d1006c0.sol#1616-1623)
	- oraclizeBalance = oraclizeBalance.sub(oraclize_getPrice(URL)) (/unique_contracts/0x487c55dba1d199ebecbb4843efc270b85d1006c0.sol#1626-1628)
	External calls sending eth:
	- oraclize_query(86400,URL,json(https://api.kraken.com/0/public/Ticker?pair=ETHUSD).result.XETHZUSD.c.0) (/unique_contracts/0x487c55dba1d199ebecbb4843efc270b85d1006c0.sol#1616-1623)
	State variables written after the call(s):
	- oraclize_network_name (/unique_contracts/0x487c55dba1d199ebecbb4843efc270b85d1006c0.sol#1626-1628)
Reference: https://github.com/trailofbits/slither/wiki/Detectors-Documentation#reentrancy-vulnerabilities-2[0m
INFO:Detectors:[92m
Buffer.init uses assembly (/unique_contracts/0x487c55dba1d199ebecbb4843efc270b85d1006c0.sol#137-149)
	- /unique_contracts/0x487c55dba1d199ebecbb4843efc270b85d1006c0.sol#146-149
Buffer.append uses assembly (/unique_contracts/0x487c55dba1d199ebecbb4843efc270b85d1006c0.sol#168-210)
	- /unique_contracts/0x487c55dba1d199ebecbb4843efc270b85d1006c0.sol#178-195
	- /unique_contracts/0x487c55dba1d199ebecbb4843efc270b85d1006c0.sol#196-199
	- /unique_contracts/0x487c55dba1d199ebecbb4843efc270b85d1006c0.sol#204-210
Buffer.append uses assembly (/unique_contracts/0x487c55dba1d199ebecbb4843efc270b85d1006c0.sol#219-236)
	- /unique_contracts/0x487c55dba1d199ebecbb4843efc270b85d1006c0.sol#223-236
Buffer.appendInt uses assembly (/unique_contracts/0x487c55dba1d199ebecbb4843efc270b85d1006c0.sol#243-265)
	- /unique_contracts/0x487c55dba1d199ebecbb4843efc270b85d1006c0.sol#249-265
usingOraclize.getCodeSize uses assembly (/unique_contracts/0x487c55dba1d199ebecbb4843efc270b85d1006c0.sol#828-834)
	- /unique_contracts/0x487c55dba1d199ebecbb4843efc270b85d1006c0.sol#833-834
usingOraclize.oraclize_newRandomDSQuery uses assembly (/unique_contracts/0x487c55dba1d199ebecbb4843efc270b85d1006c0.sol#1001-1054)
	- /unique_contracts/0x487c55dba1d199ebecbb4843efc270b85d1006c0.sol#1011-1014
	- /unique_contracts/0x487c55dba1d199ebecbb4843efc270b85d1006c0.sol#1014-1015
	- /unique_contracts/0x487c55dba1d199ebecbb4843efc270b85d1006c0.sol#1018-1052
usingOraclize.verifySig uses assembly (/unique_contracts/0x487c55dba1d199ebecbb4843efc270b85d1006c0.sol#1061-1081)
	- /unique_contracts/0x487c55dba1d199ebecbb4843efc270b85d1006c0.sol#1072-1074
usingOraclize.copyBytes uses assembly (/unique_contracts/0x487c55dba1d199ebecbb4843efc270b85d1006c0.sol#1197-1221)
	- /unique_contracts/0x487c55dba1d199ebecbb4843efc270b85d1006c0.sol#1212-1215
usingOraclize.safer_ecrecover uses assembly (/unique_contracts/0x487c55dba1d199ebecbb4843efc270b85d1006c0.sol#1223-1251)
	- /unique_contracts/0x487c55dba1d199ebecbb4843efc270b85d1006c0.sol#1239-1250
usingOraclize.ecrecovery uses assembly (/unique_contracts/0x487c55dba1d199ebecbb4843efc270b85d1006c0.sol#1252-1316)
	- /unique_contracts/0x487c55dba1d199ebecbb4843efc270b85d1006c0.sol#1269-1309
Reference: https://github.com/trailofbits/slither/wiki/Detectors-Documentation#assembly-usage[0m
INFO:Detectors:[92m
FUNCrowdsale.PRE_ICO_MAX_CAP should be constant (/unique_contracts/0x487c55dba1d199ebecbb4843efc270b85d1006c0.sol#1424-1426)
FUNCrowdsale.decimals should be constant (/unique_contracts/0x487c55dba1d199ebecbb4843efc270b85d1006c0.sol#1367)
FUNCrowdsale.startingExchangePrice should be constant (/unique_contracts/0x487c55dba1d199ebecbb4843efc270b85d1006c0.sol#1372-1374)
OraclizeI.cbAddress should be constant (/unique_contracts/0x487c55dba1d199ebecbb4843efc270b85d1006c0.sol#84)
Ownable.newOwner should be constant (/unique_contracts/0x487c55dba1d199ebecbb4843efc270b85d1006c0.sol#1330)
Reference: https://github.com/trailofbits/slither/wiki/Detectors-Documentation#state-variables-that-could-be-declared-constant[0m
INFO:Detectors:[92m
OraclizeI.query2 (/unique_contracts/0x487c55dba1d199ebecbb4843efc270b85d1006c0.sol#86-87) should be declared external
OraclizeI.queryN (/unique_contracts/0x487c55dba1d199ebecbb4843efc270b85d1006c0.sol#88-89) should be declared external
OraclizeI.getPrice (/unique_contracts/0x487c55dba1d199ebecbb4843efc270b85d1006c0.sol#91) should be declared external
OraclizeI.getPrice (/unique_contracts/0x487c55dba1d199ebecbb4843efc270b85d1006c0.sol#92-93) should be declared external
OraclizeAddrResolverI.getAddress (/unique_contracts/0x487c55dba1d199ebecbb4843efc270b85d1006c0.sol#104-106) should be declared external
usingOraclize.__callback (/unique_contracts/0x487c55dba1d199ebecbb4843efc270b85d1006c0.sol#415-417) should be declared external
Ownable.transferOwnership (/unique_contracts/0x487c55dba1d199ebecbb4843efc270b85d1006c0.sol#1345-1352) should be declared external
FUNToken.setCrowdsaleContract (/unique_contracts/0x487c55dba1d199ebecbb4843efc270b85d1006c0.sol#1357-1359) should be declared external
FUNToken.sendCrowdsaleTokens (/unique_contracts/0x487c55dba1d199ebecbb4843efc270b85d1006c0.sol#1359-1361) should be declared external
FUNCrowdsale.setupPreIco (/unique_contracts/0x487c55dba1d199ebecbb4843efc270b85d1006c0.sol#1444-1454) should be declared external
FUNCrowdsale.setupIco (/unique_contracts/0x487c55dba1d199ebecbb4843efc270b85d1006c0.sol#1466-1475) should be declared external
FUNCrowdsale.fallback (/unique_contracts/0x487c55dba1d199ebecbb4843efc270b85d1006c0.sol#1548-1551) should be declared external
FUNCrowdsale.startOraclize (/unique_contracts/0x487c55dba1d199ebecbb4843efc270b85d1006c0.sol) should be declared external
FUNCrowdsale.addEtherForOraclize (/unique_contracts/0x487c55dba1d199ebecbb4843efc270b85d1006c0.sol) should be declared external
FUNCrowdsale.requestOraclizeBalance (/unique_contracts/0x487c55dba1d199ebecbb4843efc270b85d1006c0.sol) should be declared external
FUNCrowdsale.stopOraclize (/unique_contracts/0x487c55dba1d199ebecbb4843efc270b85d1006c0.sol) should be declared external
Reference: https://github.com/trailofbits/slither/wiki/Detectors-Documentation#public-function-that-could-be-declared-as-external[0m
INFO:Detectors:[92m
Detected issues with version pragma in /unique_contracts/0x487c55dba1d199ebecbb4843efc270b85d1006c0.sol:
	- pragma solidity^0.4.22 (/unique_contracts/0x487c55dba1d199ebecbb4843efc270b85d1006c0.sol#1): it allows old versions
Reference: https://github.com/trailofbits/slither/wiki/Detectors-Documentation#incorrect-version-of-solidity[0m
INFO:Detectors:[92m
Function 'OraclizeI.query_withGasLimit' (/unique_contracts/0x487c55dba1d199ebecbb4843efc270b85d1006c0.sol#85-86) is not in mixedCase
Function 'OraclizeI.query2_withGasLimit' (/unique_contracts/0x487c55dba1d199ebecbb4843efc270b85d1006c0.sol#87-88) is not in mixedCase
Function 'OraclizeI.queryN_withGasLimit' (/unique_contracts/0x487c55dba1d199ebecbb4843efc270b85d1006c0.sol#89-91) is not in mixedCase
Function 'OraclizeI.randomDS_getSessionPubKeyHash' (/unique_contracts/0x487c55dba1d199ebecbb4843efc270b85d1006c0.sol#97-98) is not in mixedCase
Struct 'Buffer.buffer' (/unique_contracts/0x487c55dba1d199ebecbb4843efc270b85d1006c0.sol#135-136) is not in CapWords
Contract 'usingOraclize' (/unique_contracts/0x487c55dba1d199ebecbb4843efc270b85d1006c0.sol#339-1316) is not in CapWords
Function 'usingOraclize.oraclize_setNetwork' (/unique_contracts/0x487c55dba1d199ebecbb4843efc270b85d1006c0.sol#370-374) is not in mixedCase
Function 'usingOraclize.oraclize_setNetwork' (/unique_contracts/0x487c55dba1d199ebecbb4843efc270b85d1006c0.sol#374-413) is not in mixedCase
Function 'usingOraclize.__callback' (/unique_contracts/0x487c55dba1d199ebecbb4843efc270b85d1006c0.sol#415-417) is not in mixedCase
Function 'usingOraclize.__callback' (/unique_contracts/0x487c55dba1d199ebecbb4843efc270b85d1006c0.sol#417-421) is not in mixedCase
Function 'usingOraclize.oraclize_getPrice' (/unique_contracts/0x487c55dba1d199ebecbb4843efc270b85d1006c0.sol#421-423) is not in mixedCase
Function 'usingOraclize.oraclize_getPrice' (/unique_contracts/0x487c55dba1d199ebecbb4843efc270b85d1006c0.sol#423-425) is not in mixedCase
Function 'usingOraclize.oraclize_query' (/unique_contracts/0x487c55dba1d199ebecbb4843efc270b85d1006c0.sol#425-430) is not in mixedCase
Function 'usingOraclize.oraclize_query' (/unique_contracts/0x487c55dba1d199ebecbb4843efc270b85d1006c0.sol#430-435) is not in mixedCase
Function 'usingOraclize.oraclize_query' (/unique_contracts/0x487c55dba1d199ebecbb4843efc270b85d1006c0.sol#435-440) is not in mixedCase
Function 'usingOraclize.oraclize_query' (/unique_contracts/0x487c55dba1d199ebecbb4843efc270b85d1006c0.sol#440-445) is not in mixedCase
Function 'usingOraclize.oraclize_query' (/unique_contracts/0x487c55dba1d199ebecbb4843efc270b85d1006c0.sol#445-450) is not in mixedCase
Function 'usingOraclize.oraclize_query' (/unique_contracts/0x487c55dba1d199ebecbb4843efc270b85d1006c0.sol#450-455) is not in mixedCase
Function 'usingOraclize.oraclize_query' (/unique_contracts/0x487c55dba1d199ebecbb4843efc270b85d1006c0.sol#455-460) is not in mixedCase
Function 'usingOraclize.oraclize_query' (/unique_contracts/0x487c55dba1d199ebecbb4843efc270b85d1006c0.sol#460-466) is not in mixedCase
Function 'usingOraclize.oraclize_query' (/unique_contracts/0x487c55dba1d199ebecbb4843efc270b85d1006c0.sol#466-472) is not in mixedCase
Function 'usingOraclize.oraclize_query' (/unique_contracts/0x487c55dba1d199ebecbb4843efc270b85d1006c0.sol#472-478) is not in mixedCase
Function 'usingOraclize.oraclize_query' (/unique_contracts/0x487c55dba1d199ebecbb4843efc270b85d1006c0.sol#478-484) is not in mixedCase
Function 'usingOraclize.oraclize_query' (/unique_contracts/0x487c55dba1d199ebecbb4843efc270b85d1006c0.sol#484-492) is not in mixedCase
Function 'usingOraclize.oraclize_query' (/unique_contracts/0x487c55dba1d199ebecbb4843efc270b85d1006c0.sol#492-496) is not in mixedCase
Function 'usingOraclize.oraclize_query' (/unique_contracts/0x487c55dba1d199ebecbb4843efc270b85d1006c0.sol#497-501) is not in mixedCase
Function 'usingOraclize.oraclize_query' (/unique_contracts/0x487c55dba1d199ebecbb4843efc270b85d1006c0.sol#501-509) is not in mixedCase
Function 'usingOraclize.oraclize_query' (/unique_contracts/0x487c55dba1d199ebecbb4843efc270b85d1006c0.sol#509-514) is not in mixedCase
Function 'usingOraclize.oraclize_query' (/unique_contracts/0x487c55dba1d199ebecbb4843efc270b85d1006c0.sol#514-519) is not in mixedCase
Function 'usingOraclize.oraclize_query' (/unique_contracts/0x487c55dba1d199ebecbb4843efc270b85d1006c0.sol#519-525) is not in mixedCase
Function 'usingOraclize.oraclize_query' (/unique_contracts/0x487c55dba1d199ebecbb4843efc270b85d1006c0.sol#525-533) is not in mixedCase
Function 'usingOraclize.oraclize_query' (/unique_contracts/0x487c55dba1d199ebecbb4843efc270b85d1006c0.sol#533-539) is not in mixedCase
Function 'usingOraclize.oraclize_query' (/unique_contracts/0x487c55dba1d199ebecbb4843efc270b85d1006c0.sol#539-545) is not in mixedCase
Function 'usingOraclize.oraclize_query' (/unique_contracts/0x487c55dba1d199ebecbb4843efc270b85d1006c0.sol#545-552) is not in mixedCase
Function 'usingOraclize.oraclize_query' (/unique_contracts/0x487c55dba1d199ebecbb4843efc270b85d1006c0.sol#552-561) is not in mixedCase
Function 'usingOraclize.oraclize_query' (/unique_contracts/0x487c55dba1d199ebecbb4843efc270b85d1006c0.sol#562-569) is not in mixedCase
Function 'usingOraclize.oraclize_query' (/unique_contracts/0x487c55dba1d199ebecbb4843efc270b85d1006c0.sol#569-576) is not in mixedCase
Function 'usingOraclize.oraclize_query' (/unique_contracts/0x487c55dba1d199ebecbb4843efc270b85d1006c0.sol#576-584) is not in mixedCase
Function 'usingOraclize.oraclize_query' (/unique_contracts/0x487c55dba1d199ebecbb4843efc270b85d1006c0.sol#584-594) is not in mixedCase
Function 'usingOraclize.oraclize_query' (/unique_contracts/0x487c55dba1d199ebecbb4843efc270b85d1006c0.sol#594-602) is not in mixedCase
Function 'usingOraclize.oraclize_query' (/unique_contracts/0x487c55dba1d199ebecbb4843efc270b85d1006c0.sol#602-610) is not in mixedCase
Function 'usingOraclize.oraclize_query' (/unique_contracts/0x487c55dba1d199ebecbb4843efc270b85d1006c0.sol#610-619) is not in mixedCase
Function 'usingOraclize.oraclize_query' (/unique_contracts/0x487c55dba1d199ebecbb4843efc270b85d1006c0.sol#619-628) is not in mixedCase
Function 'usingOraclize.oraclize_query' (/unique_contracts/0x487c55dba1d199ebecbb4843efc270b85d1006c0.sol#628-635) is not in mixedCase
Function 'usingOraclize.oraclize_query' (/unique_contracts/0x487c55dba1d199ebecbb4843efc270b85d1006c0.sol#635-640) is not in mixedCase
Function 'usingOraclize.oraclize_query' (/unique_contracts/0x487c55dba1d199ebecbb4843efc270b85d1006c0.sol#640-646) is not in mixedCase
Function 'usingOraclize.oraclize_query' (/unique_contracts/0x487c55dba1d199ebecbb4843efc270b85d1006c0.sol#646-653) is not in mixedCase
Function 'usingOraclize.oraclize_query' (/unique_contracts/0x487c55dba1d199ebecbb4843efc270b85d1006c0.sol#654-660) is not in mixedCase
Function 'usingOraclize.oraclize_query' (/unique_contracts/0x487c55dba1d199ebecbb4843efc270b85d1006c0.sol#661-665) is not in mixedCase
Function 'usingOraclize.oraclize_query' (/unique_contracts/0x487c55dba1d199ebecbb4843efc270b85d1006c0.sol#665-671) is not in mixedCase
Function 'usingOraclize.oraclize_query' (/unique_contracts/0x487c55dba1d199ebecbb4843efc270b85d1006c0.sol#671-677) is not in mixedCase
Function 'usingOraclize.oraclize_query' (/unique_contracts/0x487c55dba1d199ebecbb4843efc270b85d1006c0.sol#678-683) is not in mixedCase
Function 'usingOraclize.oraclize_query' (/unique_contracts/0x487c55dba1d199ebecbb4843efc270b85d1006c0.sol#683-689) is not in mixedCase
Function 'usingOraclize.oraclize_query' (/unique_contracts/0x487c55dba1d199ebecbb4843efc270b85d1006c0.sol#689-695) is not in mixedCase
Function 'usingOraclize.oraclize_query' (/unique_contracts/0x487c55dba1d199ebecbb4843efc270b85d1006c0.sol#695-702) is not in mixedCase
Function 'usingOraclize.oraclize_query' (/unique_contracts/0x487c55dba1d199ebecbb4843efc270b85d1006c0.sol#702-709) is not in mixedCase
Function 'usingOraclize.oraclize_query' (/unique_contracts/0x487c55dba1d199ebecbb4843efc270b85d1006c0.sol#709-716) is not in mixedCase
Function 'usingOraclize.oraclize_query' (/unique_contracts/0x487c55dba1d199ebecbb4843efc270b85d1006c0.sol#716-724) is not in mixedCase
Function 'usingOraclize.oraclize_query' (/unique_contracts/0x487c55dba1d199ebecbb4843efc270b85d1006c0.sol#724-732) is not in mixedCase
Function 'usingOraclize.oraclize_query' (/unique_contracts/0x487c55dba1d199ebecbb4843efc270b85d1006c0.sol#732-740) is not in mixedCase
Function 'usingOraclize.oraclize_query' (/unique_contracts/0x487c55dba1d199ebecbb4843efc270b85d1006c0.sol#740-746) is not in mixedCase
Function 'usingOraclize.oraclize_query' (/unique_contracts/0x487c55dba1d199ebecbb4843efc270b85d1006c0.sol#746-755) is not in mixedCase
Function 'usingOraclize.oraclize_query' (/unique_contracts/0x487c55dba1d199ebecbb4843efc270b85d1006c0.sol#756-765) is not in mixedCase
Function 'usingOraclize.oraclize_query' (/unique_contracts/0x487c55dba1d199ebecbb4843efc270b85d1006c0.sol#765-774) is not in mixedCase
Function 'usingOraclize.oraclize_query' (/unique_contracts/0x487c55dba1d199ebecbb4843efc270b85d1006c0.sol#774-781) is not in mixedCase
Function 'usingOraclize.oraclize_query' (/unique_contracts/0x487c55dba1d199ebecbb4843efc270b85d1006c0.sol#781-790) is not in mixedCase
Function 'usingOraclize.oraclize_query' (/unique_contracts/0x487c55dba1d199ebecbb4843efc270b85d1006c0.sol#790-803) is not in mixedCase
Function 'usingOraclize.oraclize_query' (/unique_contracts/0x487c55dba1d199ebecbb4843efc270b85d1006c0.sol#803-814) is not in mixedCase
Function 'usingOraclize.oraclize_cbAddress' (/unique_contracts/0x487c55dba1d199ebecbb4843efc270b85d1006c0.sol#815-819) is not in mixedCase
Function 'usingOraclize.oraclize_setProof' (/unique_contracts/0x487c55dba1d199ebecbb4843efc270b85d1006c0.sol#819-822) is not in mixedCase
Function 'usingOraclize.oraclize_setCustomGasPrice' (/unique_contracts/0x487c55dba1d199ebecbb4843efc270b85d1006c0.sol#822-825) is not in mixedCase
Function 'usingOraclize.oraclize_randomDS_getSessionPubKeyHash' (/unique_contracts/0x487c55dba1d199ebecbb4843efc270b85d1006c0.sol#825-828) is not in mixedCase
Parameter '_a' of usingOraclize.parseAddr (/unique_contracts/0x487c55dba1d199ebecbb4843efc270b85d1006c0.sol#835) is not in mixedCase
Parameter '_a' of usingOraclize.strCompare (/unique_contracts/0x487c55dba1d199ebecbb4843efc270b85d1006c0.sol#856-857) is not in mixedCase
Parameter '_b' of usingOraclize.strCompare (/unique_contracts/0x487c55dba1d199ebecbb4843efc270b85d1006c0.sol#857) is not in mixedCase
Parameter '_haystack' of usingOraclize.indexOf (/unique_contracts/0x487c55dba1d199ebecbb4843efc270b85d1006c0.sol#878) is not in mixedCase
Parameter '_needle' of usingOraclize.indexOf (/unique_contracts/0x487c55dba1d199ebecbb4843efc270b85d1006c0.sol#878) is not in mixedCase
Parameter '_a' of usingOraclize.strConcat (/unique_contracts/0x487c55dba1d199ebecbb4843efc270b85d1006c0.sol#895) is not in mixedCase
Parameter '_b' of usingOraclize.strConcat (/unique_contracts/0x487c55dba1d199ebecbb4843efc270b85d1006c0.sol#895) is not in mixedCase
Parameter '_c' of usingOraclize.strConcat (/unique_contracts/0x487c55dba1d199ebecbb4843efc270b85d1006c0.sol#895-896) is not in mixedCase
Parameter '_d' of usingOraclize.strConcat (/unique_contracts/0x487c55dba1d199ebecbb4843efc270b85d1006c0.sol#896) is not in mixedCase
Parameter '_e' of usingOraclize.strConcat (/unique_contracts/0x487c55dba1d199ebecbb4843efc270b85d1006c0.sol#896) is not in mixedCase
Parameter '_a' of usingOraclize.strConcat (/unique_contracts/0x487c55dba1d199ebecbb4843efc270b85d1006c0.sol#920-921) is not in mixedCase
Parameter '_b' of usingOraclize.strConcat (/unique_contracts/0x487c55dba1d199ebecbb4843efc270b85d1006c0.sol#921) is not in mixedCase
Parameter '_c' of usingOraclize.strConcat (/unique_contracts/0x487c55dba1d199ebecbb4843efc270b85d1006c0.sol#921) is not in mixedCase
Parameter '_d' of usingOraclize.strConcat (/unique_contracts/0x487c55dba1d199ebecbb4843efc270b85d1006c0.sol#921-922) is not in mixedCase
Parameter '_a' of usingOraclize.strConcat (/unique_contracts/0x487c55dba1d199ebecbb4843efc270b85d1006c0.sol#925) is not in mixedCase
Parameter '_b' of usingOraclize.strConcat (/unique_contracts/0x487c55dba1d199ebecbb4843efc270b85d1006c0.sol#925) is not in mixedCase
Parameter '_c' of usingOraclize.strConcat (/unique_contracts/0x487c55dba1d199ebecbb4843efc270b85d1006c0.sol#925-926) is not in mixedCase
Parameter '_a' of usingOraclize.strConcat (/unique_contracts/0x487c55dba1d199ebecbb4843efc270b85d1006c0.sol#931) is not in mixedCase
Parameter '_b' of usingOraclize.strConcat (/unique_contracts/0x487c55dba1d199ebecbb4843efc270b85d1006c0.sol#931-932) is not in mixedCase
Parameter '_a' of usingOraclize.parseInt (/unique_contracts/0x487c55dba1d199ebecbb4843efc270b85d1006c0.sol#937-938) is not in mixedCase
Parameter '_a' of usingOraclize.parseInt (/unique_contracts/0x487c55dba1d199ebecbb4843efc270b85d1006c0.sol#942-943) is not in mixedCase
Parameter '_b' of usingOraclize.parseInt (/unique_contracts/0x487c55dba1d199ebecbb4843efc270b85d1006c0.sol#943) is not in mixedCase
Function 'usingOraclize.oraclize_setNetworkName' (/unique_contracts/0x487c55dba1d199ebecbb4843efc270b85d1006c0.sol#993-997) is not in mixedCase
Parameter '_network_name' of usingOraclize.oraclize_setNetworkName (/unique_contracts/0x487c55dba1d199ebecbb4843efc270b85d1006c0.sol#994-995) is not in mixedCase
Function 'usingOraclize.oraclize_getNetworkName' (/unique_contracts/0x487c55dba1d199ebecbb4843efc270b85d1006c0.sol#997-1001) is not in mixedCase
Function 'usingOraclize.oraclize_newRandomDSQuery' (/unique_contracts/0x487c55dba1d199ebecbb4843efc270b85d1006c0.sol#1001-1054) is not in mixedCase
Parameter '_delay' of usingOraclize.oraclize_newRandomDSQuery (/unique_contracts/0x487c55dba1d199ebecbb4843efc270b85d1006c0.sol#1003) is not in mixedCase
Parameter '_nbytes' of usingOraclize.oraclize_newRandomDSQuery (/unique_contracts/0x487c55dba1d199ebecbb4843efc270b85d1006c0.sol#1003) is not in mixedCase
Parameter '_customGasLimit' of usingOraclize.oraclize_newRandomDSQuery (/unique_contracts/0x487c55dba1d199ebecbb4843efc270b85d1006c0.sol#1003-1004) is not in mixedCase
Function 'usingOraclize.oraclize_randomDS_setCommitment' (/unique_contracts/0x487c55dba1d199ebecbb4843efc270b85d1006c0.sol#1054-1058) is not in mixedCase
Function 'usingOraclize.oraclize_randomDS_proofVerify__sessionKeyValidity' (/unique_contracts/0x487c55dba1d199ebecbb4843efc270b85d1006c0.sol#1081-1118) is not in mixedCase
Function 'usingOraclize.oraclize_randomDS_proofVerify__returnCode' (/unique_contracts/0x487c55dba1d199ebecbb4843efc270b85d1006c0.sol#1130-1138) is not in mixedCase
Parameter '_queryId' of usingOraclize.oraclize_randomDS_proofVerify__returnCode (/unique_contracts/0x487c55dba1d199ebecbb4843efc270b85d1006c0.sol#1131) is not in mixedCase
Parameter '_result' of usingOraclize.oraclize_randomDS_proofVerify__returnCode (/unique_contracts/0x487c55dba1d199ebecbb4843efc270b85d1006c0.sol#1132) is not in mixedCase
Parameter '_proof' of usingOraclize.oraclize_randomDS_proofVerify__returnCode (/unique_contracts/0x487c55dba1d199ebecbb4843efc270b85d1006c0.sol#1132) is not in mixedCase
Parameter 'n_random_bytes' of usingOraclize.matchBytes32Prefix (/unique_contracts/0x487c55dba1d199ebecbb4843efc270b85d1006c0.sol#1139) is not in mixedCase
Function 'usingOraclize.oraclize_randomDS_proofVerify__main' (/unique_contracts/0x487c55dba1d199ebecbb4843efc270b85d1006c0.sol#1142-1195) is not in mixedCase
Parameter 'context_name' of usingOraclize.oraclize_randomDS_proofVerify__main (/unique_contracts/0x487c55dba1d199ebecbb4843efc270b85d1006c0.sol#1144) is not in mixedCase
Function 'usingOraclize.safer_ecrecover' (/unique_contracts/0x487c55dba1d199ebecbb4843efc270b85d1006c0.sol#1223-1251) is not in mixedCase
Constant 'usingOraclize.day' (/unique_contracts/0x487c55dba1d199ebecbb4843efc270b85d1006c0.sol#340) is not in UPPER_CASE_WITH_UNDERSCORES
Constant 'usingOraclize.week' (/unique_contracts/0x487c55dba1d199ebecbb4843efc270b85d1006c0.sol#340-341) is not in UPPER_CASE_WITH_UNDERSCORES
Constant 'usingOraclize.month' (/unique_contracts/0x487c55dba1d199ebecbb4843efc270b85d1006c0.sol#341-342) is not in UPPER_CASE_WITH_UNDERSCORES
Constant 'usingOraclize.proofType_NONE' (/unique_contracts/0x487c55dba1d199ebecbb4843efc270b85d1006c0.sol#342-343) is not in UPPER_CASE_WITH_UNDERSCORES
Constant 'usingOraclize.proofType_TLSNotary' (/unique_contracts/0x487c55dba1d199ebecbb4843efc270b85d1006c0.sol#343-344) is not in UPPER_CASE_WITH_UNDERSCORES
Constant 'usingOraclize.proofType_Android' (/unique_contracts/0x487c55dba1d199ebecbb4843efc270b85d1006c0.sol#345) is not in UPPER_CASE_WITH_UNDERSCORES
Constant 'usingOraclize.proofType_Ledger' (/unique_contracts/0x487c55dba1d199ebecbb4843efc270b85d1006c0.sol#347-349) is not in UPPER_CASE_WITH_UNDERSCORES
Constant 'usingOraclize.proofType_Native' (/unique_contracts/0x487c55dba1d199ebecbb4843efc270b85d1006c0.sol#349-350) is not in UPPER_CASE_WITH_UNDERSCORES
Constant 'usingOraclize.proofStorage_IPFS' (/unique_contracts/0x487c55dba1d199ebecbb4843efc270b85d1006c0.sol#351) is not in UPPER_CASE_WITH_UNDERSCORES
Constant 'usingOraclize.networkID_auto' (/unique_contracts/0x487c55dba1d199ebecbb4843efc270b85d1006c0.sol#351-352) is not in UPPER_CASE_WITH_UNDERSCORES
Constant 'usingOraclize.networkID_mainnet' (/unique_contracts/0x487c55dba1d199ebecbb4843efc270b85d1006c0.sol#352-354) is not in UPPER_CASE_WITH_UNDERSCORES
Constant 'usingOraclize.networkID_testnet' (/unique_contracts/0x487c55dba1d199ebecbb4843efc270b85d1006c0.sol#354-355) is not in UPPER_CASE_WITH_UNDERSCORES
Constant 'usingOraclize.networkID_morden' (/unique_contracts/0x487c55dba1d199ebecbb4843efc270b85d1006c0.sol#355) is not in UPPER_CASE_WITH_UNDERSCORES
Constant 'usingOraclize.networkID_consensys' (/unique_contracts/0x487c55dba1d199ebecbb4843efc270b85d1006c0.sol#357-359) is not in UPPER_CASE_WITH_UNDERSCORES
Variable 'usingOraclize.OAR' (/unique_contracts/0x487c55dba1d199ebecbb4843efc270b85d1006c0.sol#360) is not in mixedCase
Variable 'usingOraclize.oraclize_network_name' (/unique_contracts/0x487c55dba1d199ebecbb4843efc270b85d1006c0.sol#993) is not in mixedCase
Variable 'usingOraclize.oraclize_randomDS_args' (/unique_contracts/0x487c55dba1d199ebecbb4843efc270b85d1006c0.sol#1060) is not in mixedCase
Variable 'usingOraclize.oraclize_randomDS_sessionKeysHashVerified' (/unique_contracts/0x487c55dba1d199ebecbb4843efc270b85d1006c0.sol#1060-1061) is not in mixedCase
Modifier 'usingOraclize.oraclize_randomDS_proofVerify' (/unique_contracts/0x487c55dba1d199ebecbb4843efc270b85d1006c0.sol#1118-1130) is not in mixedCase
Parameter '_newOwner' of Ownable.transferOwnership (/unique_contracts/0x487c55dba1d199ebecbb4843efc270b85d1006c0.sol#1346) is not in mixedCase
Parameter '' of FUNToken.setCrowdsaleContract (/unique_contracts/0x487c55dba1d199ebecbb4843efc270b85d1006c0.sol#1357) is not in mixedCase
Parameter '' of FUNToken.sendCrowdsaleTokens (/unique_contracts/0x487c55dba1d199ebecbb4843efc270b85d1006c0.sol#1361) is not in mixedCase
Parameter '_scope_0' of FUNToken.sendCrowdsaleTokens (/unique_contracts/0x487c55dba1d199ebecbb4843efc270b85d1006c0.sol#1361) is not in mixedCase
Function 'FUNCrowdsale.__callback' (/unique_contracts/0x487c55dba1d199ebecbb4843efc270b85d1006c0.sol) is not in mixedCase
Parameter '' of FUNCrowdsale.__callback (/unique_contracts/0x487c55dba1d199ebecbb4843efc270b85d1006c0.sol) is not in mixedCase
Parameter '_scope_0' of FUNCrowdsale.__callback (/unique_contracts/0x487c55dba1d199ebecbb4843efc270b85d1006c0.sol) is not in mixedCase
Parameter '_tokenAddress' of FUNCrowdsale. (/unique_contracts/0x487c55dba1d199ebecbb4843efc270b85d1006c0.sol#1385-1386) is not in mixedCase
Parameter '_preIcoStart' of FUNCrowdsale. (/unique_contracts/0x487c55dba1d199ebecbb4843efc270b85d1006c0.sol#1386) is not in mixedCase
Parameter '_preIcoFinish' of FUNCrowdsale. (/unique_contracts/0x487c55dba1d199ebecbb4843efc270b85d1006c0.sol#1386) is not in mixedCase
Parameter '_icoStart' of FUNCrowdsale. (/unique_contracts/0x487c55dba1d199ebecbb4843efc270b85d1006c0.sol#1387-1388) is not in mixedCase
Parameter '_icoFinish' of FUNCrowdsale. (/unique_contracts/0x487c55dba1d199ebecbb4843efc270b85d1006c0.sol#1388) is not in mixedCase
Parameter '_start' of FUNCrowdsale.setupPreIco (/unique_contracts/0x487c55dba1d199ebecbb4843efc270b85d1006c0.sol#1446-1449) is not in mixedCase
Parameter '_finish' of FUNCrowdsale.setupPreIco (/unique_contracts/0x487c55dba1d199ebecbb4843efc270b85d1006c0.sol#1449-1450) is not in mixedCase
Parameter '_start' of FUNCrowdsale.setupIco (/unique_contracts/0x487c55dba1d199ebecbb4843efc270b85d1006c0.sol#1468) is not in mixedCase
Parameter '_finish' of FUNCrowdsale.setupIco (/unique_contracts/0x487c55dba1d199ebecbb4843efc270b85d1006c0.sol#1468) is not in mixedCase
Parameter '_time' of FUNCrowdsale.isPreIco (/unique_contracts/0x487c55dba1d199ebecbb4843efc270b85d1006c0.sol#1479) is not in mixedCase
Parameter '_time' of FUNCrowdsale.isIco (/unique_contracts/0x487c55dba1d199ebecbb4843efc270b85d1006c0.sol#1497) is not in mixedCase
Parameter '_time' of FUNCrowdsale.getTokenPrice (/unique_contracts/0x487c55dba1d199ebecbb4843efc270b85d1006c0.sol#1506) is not in mixedCase
Parameter '_value' of FUNCrowdsale.tokenCalculate (/unique_contracts/0x487c55dba1d199ebecbb4843efc270b85d1006c0.sol#1524-1525) is not in mixedCase
Parameter '_time' of FUNCrowdsale.tokenCalculate (/unique_contracts/0x487c55dba1d199ebecbb4843efc270b85d1006c0.sol#1525) is not in mixedCase
Parameter '_address' of FUNCrowdsale.buy (/unique_contracts/0x487c55dba1d199ebecbb4843efc270b85d1006c0.sol#1559-1561) is not in mixedCase
Parameter '_value' of FUNCrowdsale.buy (/unique_contracts/0x487c55dba1d199ebecbb4843efc270b85d1006c0.sol#1561) is not in mixedCase
Parameter '_time' of FUNCrowdsale.buy (/unique_contracts/0x487c55dba1d199ebecbb4843efc270b85d1006c0.sol#1561) is not in mixedCase
Parameter '_address' of FUNCrowdsale.manualSendEther (/unique_contracts/0x487c55dba1d199ebecbb4843efc270b85d1006c0.sol#1591) is not in mixedCase
Parameter '_value' of FUNCrowdsale.manualSendEther (/unique_contracts/0x487c55dba1d199ebecbb4843efc270b85d1006c0.sol#1591) is not in mixedCase
Parameter '_address' of FUNCrowdsale.manualSendTokens (/unique_contracts/0x487c55dba1d199ebecbb4843efc270b85d1006c0.sol#1599-1600) is not in mixedCase
Parameter '_value' of FUNCrowdsale.manualSendTokens (/unique_contracts/0x487c55dba1d199ebecbb4843efc270b85d1006c0.sol#1600-1601) is not in mixedCase
Parameter '_time' of FUNCrowdsale.startOraclize (/unique_contracts/0x487c55dba1d199ebecbb4843efc270b85d1006c0.sol) is not in mixedCase
Variable 'FUNCrowdsale.USD' (/unique_contracts/0x487c55dba1d199ebecbb4843efc270b85d1006c0.sol#1377) is not in mixedCase
Variable 'FUNCrowdsale.PRE_ICO_MAX_CAP' (/unique_contracts/0x487c55dba1d199ebecbb4843efc270b85d1006c0.sol#1424-1426) is not in mixedCase
Variable 'FUNCrowdsale.PRE_ICO_START' (/unique_contracts/0x487c55dba1d199ebecbb4843efc270b85d1006c0.sol#1428-1430) is not in mixedCase
Variable 'FUNCrowdsale.PRE_ICO_FINISH' (/unique_contracts/0x487c55dba1d199ebecbb4843efc270b85d1006c0.sol#1435) is not in mixedCase
Variable 'FUNCrowdsale.ICO_START' (/unique_contracts/0x487c55dba1d199ebecbb4843efc270b85d1006c0.sol#1456-1458) is not in mixedCase
Variable 'FUNCrowdsale.ICO_FINISH' (/unique_contracts/0x487c55dba1d199ebecbb4843efc270b85d1006c0.sol#1459-1461) is not in mixedCase
Reference: https://github.com/trailofbits/slither/wiki/Detectors-Documentation#conformance-to-solidity-naming-conventions[0m
INFO:Detectors:[92m
usingOraclize.day (/unique_contracts/0x487c55dba1d199ebecbb4843efc270b85d1006c0.sol#340) is never used in FUNCrowdsale
usingOraclize.week (/unique_contracts/0x487c55dba1d199ebecbb4843efc270b85d1006c0.sol#340-341) is never used in FUNCrowdsale
usingOraclize.month (/unique_contracts/0x487c55dba1d199ebecbb4843efc270b85d1006c0.sol#341-342) is never used in FUNCrowdsale
usingOraclize.proofType_NONE (/unique_contracts/0x487c55dba1d199ebecbb4843efc270b85d1006c0.sol#342-343) is never used in FUNCrowdsale
usingOraclize.proofType_TLSNotary (/unique_contracts/0x487c55dba1d199ebecbb4843efc270b85d1006c0.sol#343-344) is never used in FUNCrowdsale
usingOraclize.proofType_Android (/unique_contracts/0x487c55dba1d199ebecbb4843efc270b85d1006c0.sol#345) is never used in FUNCrowdsale
usingOraclize.proofType_Ledger (/unique_contracts/0x487c55dba1d199ebecbb4843efc270b85d1006c0.sol#347-349) is never used in FUNCrowdsale
usingOraclize.proofType_Native (/unique_contracts/0x487c55dba1d199ebecbb4843efc270b85d1006c0.sol#349-350) is never used in FUNCrowdsale
usingOraclize.proofStorage_IPFS (/unique_contracts/0x487c55dba1d199ebecbb4843efc270b85d1006c0.sol#351) is never used in FUNCrowdsale
usingOraclize.networkID_mainnet (/unique_contracts/0x487c55dba1d199ebecbb4843efc270b85d1006c0.sol#352-354) is never used in FUNCrowdsale
usingOraclize.networkID_testnet (/unique_contracts/0x487c55dba1d199ebecbb4843efc270b85d1006c0.sol#354-355) is never used in FUNCrowdsale
usingOraclize.networkID_morden (/unique_contracts/0x487c55dba1d199ebecbb4843efc270b85d1006c0.sol#355) is never used in FUNCrowdsale
usingOraclize.networkID_consensys (/unique_contracts/0x487c55dba1d199ebecbb4843efc270b85d1006c0.sol#357-359) is never used in FUNCrowdsale
Reference: https://github.com/trailofbits/slither/wiki/Detectors-Documentation#unused-state-variables[0m
INFO:Slither:/unique_contracts/0x487c55dba1d199ebecbb4843efc270b85d1006c0.sol analyzed (9 contracts), 223 result(s) found