INFO:Slither:Compilation warnings/errors on /unique_chucks/9/0x61581cf69181c8ef88cf47cb3b2615dd51ad29d7.sol:
/unique_chucks/9/0x61581cf69181c8ef88cf47cb3b2615dd51ad29d7.sol:427:3: Warning: Defining constructors as functions with the same name as the contract is deprecated. Use "constructor(...) { ... }" instead.
  function OMICrowdsale (
  ^ (Relevant source part starts here and spans across multiple lines).
/unique_chucks/9/0x61581cf69181c8ef88cf47cb3b2615dd51ad29d7.sol:651:3: Warning: Defining constructors as functions with the same name as the contract is deprecated. Use "constructor(...) { ... }" instead.
  function OMITokenLock (address _token, address _allowanceProvider) public {
  ^ (Relevant source part starts here and spans across multiple lines).
/unique_chucks/9/0x61581cf69181c8ef88cf47cb3b2615dd51ad29d7.sol:1193:3: Warning: Defining constructors as functions with the same name as the contract is deprecated. Use "constructor(...) { ... }" instead.
  function OMIToken() public CappedToken(1000000000*1e18) {}
  ^--------------------------------------------------------^
/unique_chucks/9/0x61581cf69181c8ef88cf47cb3b2615dd51ad29d7.sol:475:5: Warning: Invoking events without "emit" prefix is deprecated.
    RateChanged(rate);
    ^---------------^
/unique_chucks/9/0x61581cf69181c8ef88cf47cb3b2615dd51ad29d7.sol:487:5: Warning: Invoking events without "emit" prefix is deprecated.
    USDRaisedUpdated(_total);
    ^----------------------^
/unique_chucks/9/0x61581cf69181c8ef88cf47cb3b2615dd51ad29d7.sol:505:5: Warning: Invoking events without "emit" prefix is deprecated.
    WhitelistAddressAdded(_beneficiary);
    ^---------------------------------^
/unique_chucks/9/0x61581cf69181c8ef88cf47cb3b2615dd51ad29d7.sol:513:7: Warning: Invoking events without "emit" prefix is deprecated.
      WhitelistAddressAdded(_beneficiaries[i]);
      ^--------------------------------------^
/unique_chucks/9/0x61581cf69181c8ef88cf47cb3b2615dd51ad29d7.sol:521:5: Warning: Invoking events without "emit" prefix is deprecated.
    WhitelistAddressRemoved(_beneficiary);
    ^-----------------------------------^
/unique_chucks/9/0x61581cf69181c8ef88cf47cb3b2615dd51ad29d7.sol:600:5: Warning: Invoking events without "emit" prefix is deprecated.
    CrowdsaleFinished();
    ^-----------------^
/unique_chucks/9/0x61581cf69181c8ef88cf47cb3b2615dd51ad29d7.sol:700:5: Warning: Invoking events without "emit" prefix is deprecated.
    FinishedCrowdsale();
    ^-----------------^
/unique_chucks/9/0x61581cf69181c8ef88cf47cb3b2615dd51ad29d7.sol:794:5: Warning: Invoking events without "emit" prefix is deprecated.
    LockedTokens(_beneficiary, _tokens, _lockDuration);
    ^------------------------------------------------^
/unique_chucks/9/0x61581cf69181c8ef88cf47cb3b2615dd51ad29d7.sol:854:7: Warning: Invoking events without "emit" prefix is deprecated.
      UnlockedTokens(_beneficiary, currentLock.amount);
      ^----------------------------------------------^
/unique_chucks/9/0x61581cf69181c8ef88cf47cb3b2615dd51ad29d7.sol:115:5: Warning: Unused function parameter. Remove or comment out the variable name to silence this warning.
    address _beneficiary,
    ^------------------^
/unique_chucks/9/0x61581cf69181c8ef88cf47cb3b2615dd51ad29d7.sol:116:5: Warning: Unused function parameter. Remove or comment out the variable name to silence this warning.
    uint256 _weiAmount
    ^----------------^
/unique_chucks/9/0x61581cf69181c8ef88cf47cb3b2615dd51ad29d7.sol:157:5: Warning: Unused function parameter. Remove or comment out the variable name to silence this warning.
    address _beneficiary,
    ^------------------^
/unique_chucks/9/0x61581cf69181c8ef88cf47cb3b2615dd51ad29d7.sol:158:5: Warning: Unused function parameter. Remove or comment out the variable name to silence this warning.
    uint256 _weiAmount
    ^----------------^
/unique_chucks/9/0x61581cf69181c8ef88cf47cb3b2615dd51ad29d7.sol:99:3: Warning: Function state mutability can be restricted to pure
  function _preValidatePurchase(
  ^ (Relevant source part starts here and spans across multiple lines).
/unique_chucks/9/0x61581cf69181c8ef88cf47cb3b2615dd51ad29d7.sol:114:3: Warning: Function state mutability can be restricted to pure
  function _postValidatePurchase(
  ^ (Relevant source part starts here and spans across multiple lines).
/unique_chucks/9/0x61581cf69181c8ef88cf47cb3b2615dd51ad29d7.sol:156:3: Warning: Function state mutability can be restricted to pure
  function _updatePurchasingState(
  ^ (Relevant source part starts here and spans across multiple lines).

INFO:Detectors:[91m
OMICrowdsale.token (/unique_chucks/9/0x61581cf69181c8ef88cf47cb3b2615dd51ad29d7.sol#410) shadows:
	- Crowdsale.token (/unique_chucks/9/0x61581cf69181c8ef88cf47cb3b2615dd51ad29d7.sol#7-9)
Reference: https://github.com/trailofbits/slither/wiki/Detectors-Documentation#state-variable-shadowing[0m
INFO:Detectors:[93m
Reentrancy in OMITokenLock._release (/unique_chucks/9/0x61581cf69181c8ef88cf47cb3b2615dd51ad29d7.sol#851-899):
	External calls:
	- require(bool)(currentLock.amount <= token.allowance(allowanceProvider,address(this))) (/unique_chucks/9/0x61581cf69181c8ef88cf47cb3b2615dd51ad29d7.sol#874-875)
	State variables written after the call(s):
	- tokenLocks (/unique_chucks/9/0x61581cf69181c8ef88cf47cb3b2615dd51ad29d7.sol#878-881)
	- tokenLocks (/unique_chucks/9/0x61581cf69181c8ef88cf47cb3b2615dd51ad29d7.sol#881-887)
Reentrancy in OMICrowdsale._updatePurchasingState (/unique_chucks/9/0x61581cf69181c8ef88cf47cb3b2615dd51ad29d7.sol#581-623):
	External calls:
	- _finalization() (/unique_chucks/9/0x61581cf69181c8ef88cf47cb3b2615dd51ad29d7.sol#610-611)
	- _finalization() (/unique_chucks/9/0x61581cf69181c8ef88cf47cb3b2615dd51ad29d7.sol#614)
	State variables written after the call(s):
	- isFinalized (/unique_chucks/9/0x61581cf69181c8ef88cf47cb3b2615dd51ad29d7.sol#614)
Reentrancy in OMICrowdsale._updatePurchasingState (/unique_chucks/9/0x61581cf69181c8ef88cf47cb3b2615dd51ad29d7.sol#581-623):
	External calls:
	- _finalization() (/unique_chucks/9/0x61581cf69181c8ef88cf47cb3b2615dd51ad29d7.sol#610-611)
	- _finalization() (/unique_chucks/9/0x61581cf69181c8ef88cf47cb3b2615dd51ad29d7.sol#614)
	- _finalization() (/unique_chucks/9/0x61581cf69181c8ef88cf47cb3b2615dd51ad29d7.sol#622)
	State variables written after the call(s):
	- isFinalized (/unique_chucks/9/0x61581cf69181c8ef88cf47cb3b2615dd51ad29d7.sol#622)
Reentrancy in OMITokenLock.lockTokens (/unique_chucks/9/0x61581cf69181c8ef88cf47cb3b2615dd51ad29d7.sol#782-825):
	External calls:
	- require(bool)(_tokens.add(totalTokensLocked) <= token.allowance(allowanceProvider,address(this))) (/unique_chucks/9/0x61581cf69181c8ef88cf47cb3b2615dd51ad29d7.sol#797-798)
	State variables written after the call(s):
	- totalTokensLocked (/unique_chucks/9/0x61581cf69181c8ef88cf47cb3b2615dd51ad29d7.sol#822-824)
Reference: https://github.com/trailofbits/slither/wiki/Detectors-Documentation#reentrancy-vulnerabilities-1[0m
INFO:Detectors:[93m
Crowdsale._deliverTokens (/unique_chucks/9/0x61581cf69181c8ef88cf47cb3b2615dd51ad29d7.sol#134-139) does not use the value returned by external calls:
	-token.transfer(_beneficiary,_tokenAmount) (/unique_chucks/9/0x61581cf69181c8ef88cf47cb3b2615dd51ad29d7.sol#138-139)
Reference: https://github.com/trailofbits/slither/wiki/Detectors-Documentation#unused-return[0m
INFO:Detectors:[92m
OMITokenLock._release has external calls inside a loop:
	- require(bool)(currentLock.amount <= token.allowance(allowanceProvider,address(this))) (/unique_chucks/9/0x61581cf69181c8ef88cf47cb3b2615dd51ad29d7.sol#874-875)
OMITokenLock._release has external calls inside a loop:
	- assert(bool)(token.transferFrom(allowanceProvider,_beneficiary,currentLock.amount)) (/unique_chucks/9/0x61581cf69181c8ef88cf47cb3b2615dd51ad29d7.sol#889-894)
Reference: https://github.com/trailofbits/slither/wiki/Detectors-Documentation/_edit#calls-inside-a-loop[0m
INFO:Detectors:[92m
Reentrancy in OMICrowdsale.OMICrowdsale (/unique_chucks/9/0x61581cf69181c8ef88cf47cb3b2615dd51ad29d7.sol#445-465):
	External calls:
	- require(bool)(token.isOMITokenContract()) (/unique_chucks/9/0x61581cf69181c8ef88cf47cb3b2615dd51ad29d7.sol#456-459)
	State variables written after the call(s):
	- tokenLock (/unique_chucks/9/0x61581cf69181c8ef88cf47cb3b2615dd51ad29d7.sol#459-462)
Reentrancy in OMICrowdsale.OMICrowdsale (/unique_chucks/9/0x61581cf69181c8ef88cf47cb3b2615dd51ad29d7.sol#445-465):
	External calls:
	- require(bool)(token.isOMITokenContract()) (/unique_chucks/9/0x61581cf69181c8ef88cf47cb3b2615dd51ad29d7.sol#456-459)
	- require(bool)(tokenLock.isOMITokenLockContract()) (/unique_chucks/9/0x61581cf69181c8ef88cf47cb3b2615dd51ad29d7.sol#462-465)
	State variables written after the call(s):
	- rate (/unique_chucks/9/0x61581cf69181c8ef88cf47cb3b2615dd51ad29d7.sol#465)
Reentrancy in OMITokenLock.OMITokenLock (/unique_chucks/9/0x61581cf69181c8ef88cf47cb3b2615dd51ad29d7.sol#674-681):
	External calls:
	- require(bool)(token.isOMITokenContract()) (/unique_chucks/9/0x61581cf69181c8ef88cf47cb3b2615dd51ad29d7.sol#680-681)
	State variables written after the call(s):
	- allowanceProvider (/unique_chucks/9/0x61581cf69181c8ef88cf47cb3b2615dd51ad29d7.sol#681)
Reentrancy in OMITokenLock._release (/unique_chucks/9/0x61581cf69181c8ef88cf47cb3b2615dd51ad29d7.sol#851-899):
	External calls:
	- require(bool)(currentLock.amount <= token.allowance(allowanceProvider,address(this))) (/unique_chucks/9/0x61581cf69181c8ef88cf47cb3b2615dd51ad29d7.sol#874-875)
	State variables written after the call(s):
	- totalTokensLocked (/unique_chucks/9/0x61581cf69181c8ef88cf47cb3b2615dd51ad29d7.sol#888-889)
Reentrancy in OMITokenLock.lockTokens (/unique_chucks/9/0x61581cf69181c8ef88cf47cb3b2615dd51ad29d7.sol#782-825):
	External calls:
	- require(bool)(_tokens.add(totalTokensLocked) <= token.allowance(allowanceProvider,address(this))) (/unique_chucks/9/0x61581cf69181c8ef88cf47cb3b2615dd51ad29d7.sol#797-798)
	State variables written after the call(s):
	- lockIndexes (/unique_chucks/9/0x61581cf69181c8ef88cf47cb3b2615dd51ad29d7.sol#809)
	- tokenLocks (/unique_chucks/9/0x61581cf69181c8ef88cf47cb3b2615dd51ad29d7.sol#808)
	- tokenLocks (/unique_chucks/9/0x61581cf69181c8ef88cf47cb3b2615dd51ad29d7.sol#808-809)
	- tokenLocks (/unique_chucks/9/0x61581cf69181c8ef88cf47cb3b2615dd51ad29d7.sol#816-817)
Reference: https://github.com/trailofbits/slither/wiki/Detectors-Documentation#reentrancy-vulnerabilities-2[0m
INFO:Detectors:[92m
OMIToken.decimals should be constant (/unique_chucks/9/0x61581cf69181c8ef88cf47cb3b2615dd51ad29d7.sol)
Reference: https://github.com/trailofbits/slither/wiki/Detectors-Documentation#state-variables-that-could-be-declared-constant[0m
INFO:Detectors:[92m
Ownable.renounceOwnership (/unique_chucks/9/0x61581cf69181c8ef88cf47cb3b2615dd51ad29d7.sol#267-271) should be declared external
Ownable.transferOwnership (/unique_chucks/9/0x61581cf69181c8ef88cf47cb3b2615dd51ad29d7.sol#277-279) should be declared external
Pausable.pause (/unique_chucks/9/0x61581cf69181c8ef88cf47cb3b2615dd51ad29d7.sol#383-385) should be declared external
Pausable.unpause (/unique_chucks/9/0x61581cf69181c8ef88cf47cb3b2615dd51ad29d7.sol#386-388) should be declared external
OMICrowdsale.isOMICrowdsaleContract (/unique_chucks/9/0x61581cf69181c8ef88cf47cb3b2615dd51ad29d7.sol#466-467) should be declared external
OMICrowdsale.isOpen (/unique_chucks/9/0x61581cf69181c8ef88cf47cb3b2615dd51ad29d7.sol#471-479) should be declared external
OMICrowdsale.setRate (/unique_chucks/9/0x61581cf69181c8ef88cf47cb3b2615dd51ad29d7.sol#490-496) should be declared external
OMICrowdsale.setUSDRaised (/unique_chucks/9/0x61581cf69181c8ef88cf47cb3b2615dd51ad29d7.sol#501-504) should be declared external
OMICrowdsale.getPurchaseRecord (/unique_chucks/9/0x61581cf69181c8ef88cf47cb3b2615dd51ad29d7.sol#508-510) should be declared external
OMITokenLock.isOMITokenLockContract (/unique_chucks/9/0x61581cf69181c8ef88cf47cb3b2615dd51ad29d7.sol#684-691) should be declared external
OMITokenLock.setCrowdsaleAddress (/unique_chucks/9/0x61581cf69181c8ef88cf47cb3b2615dd51ad29d7.sol#695-704) should be declared external
OMITokenLock.setAllowanceAddress (/unique_chucks/9/0x61581cf69181c8ef88cf47cb3b2615dd51ad29d7.sol#708-714) should be declared external
OMITokenLock.finishCrowdsale (/unique_chucks/9/0x61581cf69181c8ef88cf47cb3b2615dd51ad29d7.sol#716-724) should be declared external
OMITokenLock.getTokenBalance (/unique_chucks/9/0x61581cf69181c8ef88cf47cb3b2615dd51ad29d7.sol#728-732) should be declared external
OMITokenLock.getNumberOfLocks (/unique_chucks/9/0x61581cf69181c8ef88cf47cb3b2615dd51ad29d7.sol#736-740) should be declared external
OMITokenLock.getLockByIndex (/unique_chucks/9/0x61581cf69181c8ef88cf47cb3b2615dd51ad29d7.sol#745-761) should be declared external
OMITokenLock.revokeLockByIndex (/unique_chucks/9/0x61581cf69181c8ef88cf47cb3b2615dd51ad29d7.sol#765-776) should be declared external
OMITokenLock.releaseTokens (/unique_chucks/9/0x61581cf69181c8ef88cf47cb3b2615dd51ad29d7.sol#828-835) should be declared external
ERC20Basic.totalSupply (/unique_chucks/9/0x61581cf69181c8ef88cf47cb3b2615dd51ad29d7.sol#901-902) should be declared external
BasicToken.totalSupply (/unique_chucks/9/0x61581cf69181c8ef88cf47cb3b2615dd51ad29d7.sol#918-920) should be declared external
ERC20Basic.balanceOf (/unique_chucks/9/0x61581cf69181c8ef88cf47cb3b2615dd51ad29d7.sol#902-903) should be declared external
BasicToken.balanceOf (/unique_chucks/9/0x61581cf69181c8ef88cf47cb3b2615dd51ad29d7.sol#945-952) should be declared external
StandardToken.allowance (/unique_chucks/9/0x61581cf69181c8ef88cf47cb3b2615dd51ad29d7.sol#1020-1023) should be declared external
ERC20.allowance (/unique_chucks/9/0x61581cf69181c8ef88cf47cb3b2615dd51ad29d7.sol#953-956) should be declared external
MintableToken.finishMinting (/unique_chucks/9/0x61581cf69181c8ef88cf47cb3b2615dd51ad29d7.sol#1151-1160) should be declared external
OMIToken.isOMITokenContract (/unique_chucks/9/0x61581cf69181c8ef88cf47cb3b2615dd51ad29d7.sol) should be declared external
Reference: https://github.com/trailofbits/slither/wiki/Detectors-Documentation#public-function-that-could-be-declared-as-external[0m
INFO:Detectors:[92m
Detected issues with version pragma in /unique_chucks/9/0x61581cf69181c8ef88cf47cb3b2615dd51ad29d7.sol:
	- pragma solidity^0.4.13 (/unique_chucks/9/0x61581cf69181c8ef88cf47cb3b2615dd51ad29d7.sol#1): it allows old versions
Reference: https://github.com/trailofbits/slither/wiki/Detectors-Documentation#incorrect-version-of-solidity[0m
INFO:Detectors:[92m
Parameter '_rate' of Crowdsale. (/unique_chucks/9/0x61581cf69181c8ef88cf47cb3b2615dd51ad29d7.sol#40) is not in mixedCase
Parameter '_wallet' of Crowdsale. (/unique_chucks/9/0x61581cf69181c8ef88cf47cb3b2615dd51ad29d7.sol#40-41) is not in mixedCase
Parameter '_token' of Crowdsale. (/unique_chucks/9/0x61581cf69181c8ef88cf47cb3b2615dd51ad29d7.sol#41-42) is not in mixedCase
Parameter '_beneficiary' of Crowdsale.buyTokens (/unique_chucks/9/0x61581cf69181c8ef88cf47cb3b2615dd51ad29d7.sol#67-68) is not in mixedCase
Function 'Crowdsale._preValidatePurchase' (/unique_chucks/9/0x61581cf69181c8ef88cf47cb3b2615dd51ad29d7.sol#104-110) is not in mixedCase
Parameter '_beneficiary' of Crowdsale._preValidatePurchase (/unique_chucks/9/0x61581cf69181c8ef88cf47cb3b2615dd51ad29d7.sol#105-106) is not in mixedCase
Parameter '_weiAmount' of Crowdsale._preValidatePurchase (/unique_chucks/9/0x61581cf69181c8ef88cf47cb3b2615dd51ad29d7.sol#106-109) is not in mixedCase
Function 'Crowdsale._postValidatePurchase' (/unique_chucks/9/0x61581cf69181c8ef88cf47cb3b2615dd51ad29d7.sol#120-124) is not in mixedCase
Function 'Crowdsale._deliverTokens' (/unique_chucks/9/0x61581cf69181c8ef88cf47cb3b2615dd51ad29d7.sol#134-139) is not in mixedCase
Parameter '_beneficiary' of Crowdsale._deliverTokens (/unique_chucks/9/0x61581cf69181c8ef88cf47cb3b2615dd51ad29d7.sol#138) is not in mixedCase
Parameter '_tokenAmount' of Crowdsale._deliverTokens (/unique_chucks/9/0x61581cf69181c8ef88cf47cb3b2615dd51ad29d7.sol#138) is not in mixedCase
Function 'Crowdsale._processPurchase' (/unique_chucks/9/0x61581cf69181c8ef88cf47cb3b2615dd51ad29d7.sol#148-153) is not in mixedCase
Parameter '_beneficiary' of Crowdsale._processPurchase (/unique_chucks/9/0x61581cf69181c8ef88cf47cb3b2615dd51ad29d7.sol#152) is not in mixedCase
Parameter '_tokenAmount' of Crowdsale._processPurchase (/unique_chucks/9/0x61581cf69181c8ef88cf47cb3b2615dd51ad29d7.sol#152) is not in mixedCase
Function 'Crowdsale._updatePurchasingState' (/unique_chucks/9/0x61581cf69181c8ef88cf47cb3b2615dd51ad29d7.sol#166-168) is not in mixedCase
Function 'Crowdsale._getTokenAmount' (/unique_chucks/9/0x61581cf69181c8ef88cf47cb3b2615dd51ad29d7.sol#177-185) is not in mixedCase
Parameter '_weiAmount' of Crowdsale._getTokenAmount (/unique_chucks/9/0x61581cf69181c8ef88cf47cb3b2615dd51ad29d7.sol#178-179) is not in mixedCase
Function 'Crowdsale._forwardFunds' (/unique_chucks/9/0x61581cf69181c8ef88cf47cb3b2615dd51ad29d7.sol#189-190) is not in mixedCase
Parameter '_newOwner' of Ownable.transferOwnership (/unique_chucks/9/0x61581cf69181c8ef88cf47cb3b2615dd51ad29d7.sol#277-278) is not in mixedCase
Function 'Ownable._transferOwnership' (/unique_chucks/9/0x61581cf69181c8ef88cf47cb3b2615dd51ad29d7.sol#288-292) is not in mixedCase
Parameter '_newOwner' of Ownable._transferOwnership (/unique_chucks/9/0x61581cf69181c8ef88cf47cb3b2615dd51ad29d7.sol#289) is not in mixedCase
Function 'WhitelistedCrowdsale._preValidatePurchase' (/unique_chucks/9/0x61581cf69181c8ef88cf47cb3b2615dd51ad29d7.sol#347-355) is not in mixedCase
Parameter '_beneficiary' of WhitelistedCrowdsale._preValidatePurchase (/unique_chucks/9/0x61581cf69181c8ef88cf47cb3b2615dd51ad29d7.sol#347) is not in mixedCase
Parameter '_weiAmount' of WhitelistedCrowdsale._preValidatePurchase (/unique_chucks/9/0x61581cf69181c8ef88cf47cb3b2615dd51ad29d7.sol#347-349) is not in mixedCase
Parameter '_beneficiary' of WhitelistedCrowdsale.addToWhitelist (/unique_chucks/9/0x61581cf69181c8ef88cf47cb3b2615dd51ad29d7.sol#308) is not in mixedCase
Parameter '_beneficiaries' of WhitelistedCrowdsale.addManyToWhitelist (/unique_chucks/9/0x61581cf69181c8ef88cf47cb3b2615dd51ad29d7.sol#318) is not in mixedCase
Parameter '_beneficiary' of WhitelistedCrowdsale.removeFromWhitelist (/unique_chucks/9/0x61581cf69181c8ef88cf47cb3b2615dd51ad29d7.sol#328-329) is not in mixedCase
Function 'OMICrowdsale._preValidatePurchase' (/unique_chucks/9/0x61581cf69181c8ef88cf47cb3b2615dd51ad29d7.sol#547-565) is not in mixedCase
Parameter '_beneficiary' of OMICrowdsale._preValidatePurchase (/unique_chucks/9/0x61581cf69181c8ef88cf47cb3b2615dd51ad29d7.sol#548) is not in mixedCase
Parameter '_weiAmount' of OMICrowdsale._preValidatePurchase (/unique_chucks/9/0x61581cf69181c8ef88cf47cb3b2615dd51ad29d7.sol#549-550) is not in mixedCase
Function 'OMICrowdsale._processPurchase' (/unique_chucks/9/0x61581cf69181c8ef88cf47cb3b2615dd51ad29d7.sol#570-575) is not in mixedCase
Parameter '_beneficiary' of OMICrowdsale._processPurchase (/unique_chucks/9/0x61581cf69181c8ef88cf47cb3b2615dd51ad29d7.sol#572) is not in mixedCase
Parameter '_tokenAmount' of OMICrowdsale._processPurchase (/unique_chucks/9/0x61581cf69181c8ef88cf47cb3b2615dd51ad29d7.sol#572) is not in mixedCase
Function 'OMICrowdsale._updatePurchasingState' (/unique_chucks/9/0x61581cf69181c8ef88cf47cb3b2615dd51ad29d7.sol#581-623) is not in mixedCase
Parameter '_beneficiary' of OMICrowdsale._updatePurchasingState (/unique_chucks/9/0x61581cf69181c8ef88cf47cb3b2615dd51ad29d7.sol#583) is not in mixedCase
Parameter '_weiAmount' of OMICrowdsale._updatePurchasingState (/unique_chucks/9/0x61581cf69181c8ef88cf47cb3b2615dd51ad29d7.sol#584) is not in mixedCase
Parameter '_beneficiary' of OMICrowdsale.addToWhitelist (/unique_chucks/9/0x61581cf69181c8ef88cf47cb3b2615dd51ad29d7.sol#513-514) is not in mixedCase
Parameter '_beneficiaries' of OMICrowdsale.addManyToWhitelist (/unique_chucks/9/0x61581cf69181c8ef88cf47cb3b2615dd51ad29d7.sol#524-525) is not in mixedCase
Parameter '_beneficiary' of OMICrowdsale.removeFromWhitelist (/unique_chucks/9/0x61581cf69181c8ef88cf47cb3b2615dd51ad29d7.sol#535) is not in mixedCase
Function 'OMICrowdsale.OMICrowdsale' (/unique_chucks/9/0x61581cf69181c8ef88cf47cb3b2615dd51ad29d7.sol#445-465) is not in mixedCase
Parameter '_startingRate' of OMICrowdsale.OMICrowdsale (/unique_chucks/9/0x61581cf69181c8ef88cf47cb3b2615dd51ad29d7.sol#445) is not in mixedCase
Parameter '_OMIToken' of OMICrowdsale.OMICrowdsale (/unique_chucks/9/0x61581cf69181c8ef88cf47cb3b2615dd51ad29d7.sol#446) is not in mixedCase
Parameter '_OMITokenLock' of OMICrowdsale.OMICrowdsale (/unique_chucks/9/0x61581cf69181c8ef88cf47cb3b2615dd51ad29d7.sol#447-449) is not in mixedCase
Parameter '_newRate' of OMICrowdsale.setRate (/unique_chucks/9/0x61581cf69181c8ef88cf47cb3b2615dd51ad29d7.sol#490) is not in mixedCase
Parameter '_total' of OMICrowdsale.setUSDRaised (/unique_chucks/9/0x61581cf69181c8ef88cf47cb3b2615dd51ad29d7.sol#502) is not in mixedCase
Parameter '_beneficiary' of OMICrowdsale.getPurchaseRecord (/unique_chucks/9/0x61581cf69181c8ef88cf47cb3b2615dd51ad29d7.sol#508-509) is not in mixedCase
Function 'OMICrowdsale._finalization' (/unique_chucks/9/0x61581cf69181c8ef88cf47cb3b2615dd51ad29d7.sol#624-630) is not in mixedCase
Constant 'OMICrowdsale.crowdsaleStartTime' (/unique_chucks/9/0x61581cf69181c8ef88cf47cb3b2615dd51ad29d7.sol#390-395) is not in UPPER_CASE_WITH_UNDERSCORES
Constant 'OMICrowdsale.crowdsaleFinishTime' (/unique_chucks/9/0x61581cf69181c8ef88cf47cb3b2615dd51ad29d7.sol#396-399) is not in UPPER_CASE_WITH_UNDERSCORES
Constant 'OMICrowdsale.crowdsaleUSDGoal' (/unique_chucks/9/0x61581cf69181c8ef88cf47cb3b2615dd51ad29d7.sol#400-402) is not in UPPER_CASE_WITH_UNDERSCORES
Constant 'OMICrowdsale.crowdsaleTokenGoal' (/unique_chucks/9/0x61581cf69181c8ef88cf47cb3b2615dd51ad29d7.sol#402-407) is not in UPPER_CASE_WITH_UNDERSCORES
Constant 'OMICrowdsale.minimumTokenPurchase' (/unique_chucks/9/0x61581cf69181c8ef88cf47cb3b2615dd51ad29d7.sol#407-408) is not in UPPER_CASE_WITH_UNDERSCORES
Constant 'OMICrowdsale.maximumTokenPurchase' (/unique_chucks/9/0x61581cf69181c8ef88cf47cb3b2615dd51ad29d7.sol#408-409) is not in UPPER_CASE_WITH_UNDERSCORES
Function 'OMITokenLock.OMITokenLock' (/unique_chucks/9/0x61581cf69181c8ef88cf47cb3b2615dd51ad29d7.sol#674-681) is not in mixedCase
Parameter '_token' of OMITokenLock.OMITokenLock (/unique_chucks/9/0x61581cf69181c8ef88cf47cb3b2615dd51ad29d7.sol#675) is not in mixedCase
Parameter '_allowanceProvider' of OMITokenLock.OMITokenLock (/unique_chucks/9/0x61581cf69181c8ef88cf47cb3b2615dd51ad29d7.sol#675-677) is not in mixedCase
Parameter '_crowdsale' of OMITokenLock.setCrowdsaleAddress (/unique_chucks/9/0x61581cf69181c8ef88cf47cb3b2615dd51ad29d7.sol#697-698) is not in mixedCase
Parameter '_allowanceProvider' of OMITokenLock.setAllowanceAddress (/unique_chucks/9/0x61581cf69181c8ef88cf47cb3b2615dd51ad29d7.sol#710) is not in mixedCase
Parameter '_beneficiary' of OMITokenLock.getTokenBalance (/unique_chucks/9/0x61581cf69181c8ef88cf47cb3b2615dd51ad29d7.sol#729) is not in mixedCase
Parameter '_beneficiary' of OMITokenLock.getNumberOfLocks (/unique_chucks/9/0x61581cf69181c8ef88cf47cb3b2615dd51ad29d7.sol#737) is not in mixedCase
Parameter '_beneficiary' of OMITokenLock.getLockByIndex (/unique_chucks/9/0x61581cf69181c8ef88cf47cb3b2615dd51ad29d7.sol#745) is not in mixedCase
Parameter '_lockIndex' of OMITokenLock.getLockByIndex (/unique_chucks/9/0x61581cf69181c8ef88cf47cb3b2615dd51ad29d7.sol#745-746) is not in mixedCase
Parameter '_beneficiary' of OMITokenLock.revokeLockByIndex (/unique_chucks/9/0x61581cf69181c8ef88cf47cb3b2615dd51ad29d7.sol#766-768) is not in mixedCase
Parameter '_lockIndex' of OMITokenLock.revokeLockByIndex (/unique_chucks/9/0x61581cf69181c8ef88cf47cb3b2615dd51ad29d7.sol#768) is not in mixedCase
Parameter '_beneficiary' of OMITokenLock.lockTokens (/unique_chucks/9/0x61581cf69181c8ef88cf47cb3b2615dd51ad29d7.sol#783-785) is not in mixedCase
Parameter '_lockDuration' of OMITokenLock.lockTokens (/unique_chucks/9/0x61581cf69181c8ef88cf47cb3b2615dd51ad29d7.sol#785-786) is not in mixedCase
Parameter '_tokens' of OMITokenLock.lockTokens (/unique_chucks/9/0x61581cf69181c8ef88cf47cb3b2615dd51ad29d7.sol#786) is not in mixedCase
Parameter '_beneficiary' of OMITokenLock.releaseTokensByAddress (/unique_chucks/9/0x61581cf69181c8ef88cf47cb3b2615dd51ad29d7.sol#840) is not in mixedCase
Function 'OMITokenLock._release' (/unique_chucks/9/0x61581cf69181c8ef88cf47cb3b2615dd51ad29d7.sol#851-899) is not in mixedCase
Parameter '_beneficiary' of OMITokenLock._release (/unique_chucks/9/0x61581cf69181c8ef88cf47cb3b2615dd51ad29d7.sol#851) is not in mixedCase
Parameter '_owner' of BasicToken.balanceOf (/unique_chucks/9/0x61581cf69181c8ef88cf47cb3b2615dd51ad29d7.sol#946-947) is not in mixedCase
Parameter '_to' of BasicToken.transfer (/unique_chucks/9/0x61581cf69181c8ef88cf47cb3b2615dd51ad29d7.sol#926) is not in mixedCase
Parameter '_value' of BasicToken.transfer (/unique_chucks/9/0x61581cf69181c8ef88cf47cb3b2615dd51ad29d7.sol#926-927) is not in mixedCase
Parameter '_owner' of StandardToken.allowance (/unique_chucks/9/0x61581cf69181c8ef88cf47cb3b2615dd51ad29d7.sol#1022) is not in mixedCase
Parameter '_spender' of StandardToken.allowance (/unique_chucks/9/0x61581cf69181c8ef88cf47cb3b2615dd51ad29d7.sol#1022) is not in mixedCase
Parameter '_from' of StandardToken.transferFrom (/unique_chucks/9/0x61581cf69181c8ef88cf47cb3b2615dd51ad29d7.sol#970) is not in mixedCase
Parameter '_to' of StandardToken.transferFrom (/unique_chucks/9/0x61581cf69181c8ef88cf47cb3b2615dd51ad29d7.sol#970) is not in mixedCase
Parameter '_value' of StandardToken.transferFrom (/unique_chucks/9/0x61581cf69181c8ef88cf47cb3b2615dd51ad29d7.sol#970) is not in mixedCase
Parameter '_spender' of StandardToken.approve (/unique_chucks/9/0x61581cf69181c8ef88cf47cb3b2615dd51ad29d7.sol#1003) is not in mixedCase
Parameter '_value' of StandardToken.approve (/unique_chucks/9/0x61581cf69181c8ef88cf47cb3b2615dd51ad29d7.sol#1003) is not in mixedCase
Parameter '_spender' of StandardToken.increaseApproval (/unique_chucks/9/0x61581cf69181c8ef88cf47cb3b2615dd51ad29d7.sol#1040) is not in mixedCase
Parameter '_addedValue' of StandardToken.increaseApproval (/unique_chucks/9/0x61581cf69181c8ef88cf47cb3b2615dd51ad29d7.sol#1040) is not in mixedCase
Parameter '_spender' of StandardToken.decreaseApproval (/unique_chucks/9/0x61581cf69181c8ef88cf47cb3b2615dd51ad29d7.sol#1076-1077) is not in mixedCase
Parameter '_subtractedValue' of StandardToken.decreaseApproval (/unique_chucks/9/0x61581cf69181c8ef88cf47cb3b2615dd51ad29d7.sol#1078-1080) is not in mixedCase
Parameter '_to' of MintableToken.mint (/unique_chucks/9/0x61581cf69181c8ef88cf47cb3b2615dd51ad29d7.sol#1122) is not in mixedCase
Parameter '_amount' of MintableToken.mint (/unique_chucks/9/0x61581cf69181c8ef88cf47cb3b2615dd51ad29d7.sol#1122-1124) is not in mixedCase
Parameter '_to' of CappedToken.mint (/unique_chucks/9/0x61581cf69181c8ef88cf47cb3b2615dd51ad29d7.sol#1184) is not in mixedCase
Parameter '_amount' of CappedToken.mint (/unique_chucks/9/0x61581cf69181c8ef88cf47cb3b2615dd51ad29d7.sol#1184) is not in mixedCase
Parameter '_cap' of CappedToken. (/unique_chucks/9/0x61581cf69181c8ef88cf47cb3b2615dd51ad29d7.sol#1165-1166) is not in mixedCase
Parameter '_to' of PausableToken.transfer (/unique_chucks/9/0x61581cf69181c8ef88cf47cb3b2615dd51ad29d7.sol#1193-1195) is not in mixedCase
Parameter '_value' of PausableToken.transfer (/unique_chucks/9/0x61581cf69181c8ef88cf47cb3b2615dd51ad29d7.sol#1195) is not in mixedCase
Parameter '_from' of PausableToken.transferFrom (/unique_chucks/9/0x61581cf69181c8ef88cf47cb3b2615dd51ad29d7.sol#1201) is not in mixedCase
Parameter '_to' of PausableToken.transferFrom (/unique_chucks/9/0x61581cf69181c8ef88cf47cb3b2615dd51ad29d7.sol#1202-1203) is not in mixedCase
Parameter '_value' of PausableToken.transferFrom (/unique_chucks/9/0x61581cf69181c8ef88cf47cb3b2615dd51ad29d7.sol) is not in mixedCase
Parameter '_spender' of PausableToken.approve (/unique_chucks/9/0x61581cf69181c8ef88cf47cb3b2615dd51ad29d7.sol) is not in mixedCase
Parameter '_value' of PausableToken.approve (/unique_chucks/9/0x61581cf69181c8ef88cf47cb3b2615dd51ad29d7.sol) is not in mixedCase
Parameter '_spender' of PausableToken.increaseApproval (/unique_chucks/9/0x61581cf69181c8ef88cf47cb3b2615dd51ad29d7.sol) is not in mixedCase
Parameter '_addedValue' of PausableToken.increaseApproval (/unique_chucks/9/0x61581cf69181c8ef88cf47cb3b2615dd51ad29d7.sol) is not in mixedCase
Parameter '_spender' of PausableToken.decreaseApproval (/unique_chucks/9/0x61581cf69181c8ef88cf47cb3b2615dd51ad29d7.sol) is not in mixedCase
Parameter '_subtractedValue' of PausableToken.decreaseApproval (/unique_chucks/9/0x61581cf69181c8ef88cf47cb3b2615dd51ad29d7.sol) is not in mixedCase
Function 'OMIToken.OMIToken' (/unique_chucks/9/0x61581cf69181c8ef88cf47cb3b2615dd51ad29d7.sol) is not in mixedCase
Reference: https://github.com/trailofbits/slither/wiki/Detectors-Documentation#conformance-to-solidity-naming-conventions[0m
INFO:Slither:/unique_chucks/9/0x61581cf69181c8ef88cf47cb3b2615dd51ad29d7.sol analyzed (15 contracts), 142 result(s) found