INFO:Detectors:[92m
SENEGAL_WINS.decimals should be constant (/unique_chucks/37/0x635b7b07383961572c40c6b26f23a002782c7fe8.sol#9-10)
SENEGAL_WINS.name should be constant (/unique_chucks/37/0x635b7b07383961572c40c6b26f23a002782c7fe8.sol#7-8)
SENEGAL_WINS.symbol should be constant (/unique_chucks/37/0x635b7b07383961572c40c6b26f23a002782c7fe8.sol#8-9)
SENEGAL_WINS.totalSupply should be constant (/unique_chucks/37/0x635b7b07383961572c40c6b26f23a002782c7fe8.sol#11-12)
Reference: https://github.com/trailofbits/slither/wiki/Detectors-Documentation#state-variables-that-could-be-declared-constant[0m
INFO:Detectors:[92m
SENEGAL_WINS.SimpleERC20Token (/unique_chucks/37/0x635b7b07383961572c40c6b26f23a002782c7fe8.sol#15-19) should be declared external
SENEGAL_WINS.transfer (/unique_chucks/37/0x635b7b07383961572c40c6b26f23a002782c7fe8.sol#20-29) should be declared external
SENEGAL_WINS.approve (/unique_chucks/37/0x635b7b07383961572c40c6b26f23a002782c7fe8.sol#33-42) should be declared external
SENEGAL_WINS.transferFrom (/unique_chucks/37/0x635b7b07383961572c40c6b26f23a002782c7fe8.sol#42-55) should be declared external
Reference: https://github.com/trailofbits/slither/wiki/Detectors-Documentation#public-function-that-could-be-declared-as-external[0m
INFO:Detectors:[92m
Detected issues with version pragma in /unique_chucks/37/0x635b7b07383961572c40c6b26f23a002782c7fe8.sol:
	- pragma solidity^0.4.21 (/unique_chucks/37/0x635b7b07383961572c40c6b26f23a002782c7fe8.sol#1): it allows old versions
Reference: https://github.com/trailofbits/slither/wiki/Detectors-Documentation#incorrect-version-of-solidity[0m
INFO:Detectors:[92m
Contract 'SENEGAL_WINS' (/unique_chucks/37/0x635b7b07383961572c40c6b26f23a002782c7fe8.sol#3-55) is not in CapWords
Function 'SENEGAL_WINS.SimpleERC20Token' (/unique_chucks/37/0x635b7b07383961572c40c6b26f23a002782c7fe8.sol#15-19) is not in mixedCase
Reference: https://github.com/trailofbits/slither/wiki/Detectors-Documentation#conformance-to-solidity-naming-conventions[0m
INFO:Slither:/unique_chucks/37/0x635b7b07383961572c40c6b26f23a002782c7fe8.sol analyzed (1 contracts), 8 result(s) found