2019-07-24 23:47:24,801: [13] m.main:INFO: Registered plugins: DetectExternalCallAndLeak, DetectUnusedRetVal, DetectUninitializedStorage, DetectEnvInstruction, DetectSuicidal, DetectIntegerOverflow, DetectReentrancyAdvanced, DetectUninitializedMemory, DetectDelegatecall, DetectReentrancySimple, DetectInvalid
2019-07-24 23:47:24,802: [13] m.main:INFO: Beginning analysis
2019-07-24 23:47:24,825: [13] m.e.manticore:INFO: Starting symbolic create contract
2019-07-24 23:47:34,602: [63] m.e.detectors:WARNING: Unsigned integer overflow at SUB instruction
2019-07-24 23:47:34,889: [63] m.e.detectors:WARNING: Unsigned integer overflow at SUB instruction
2019-07-24 23:47:39,480: [13] m.e.manticore:INFO: Starting symbolic transaction: 0
2019-07-24 23:48:28,225: [1106] m.e.detectors:WARNING: Potentially reading uninitialized storage
2019-07-24 23:48:32,026: [1101] m.e.detectors:WARNING: Warning NUMBER instruction used
2019-07-24 23:48:32,818: [1101] m.e.detectors:WARNING: Warning BLOCKHASH instruction used
2019-07-24 23:48:34,759: [1106] m.e.detectors:WARNING: Unsigned integer overflow at SUB instruction
2019-07-24 23:48:35,853: [1099] m.e.detectors:WARNING: Unsigned integer overflow at SUB instruction
2019-07-24 23:48:50,476: [1100] m.e.detectors:WARNING: Unsigned integer overflow at SUB instruction
2019-07-24 23:49:00,990: [1105] m.e.detectors:WARNING: Potentially reading uninitialized storage
2019-07-24 23:49:13,313: [1105] m.e.detectors:WARNING: Potentially reading uninitialized storage
2019-07-24 23:49:16,000: [1095] m.e.detectors:WARNING: Unsigned integer overflow at SUB instruction
2019-07-24 23:50:17,909: [1096] m.e.detectors:WARNING: Potentially reading uninitialized storage
2019-07-24 23:50:24,861: [1096] m.e.detectors:WARNING: Potentially reading uninitialized storage
2019-07-24 23:50:31,841: [13] m.e.manticore:INFO: 10 alive states, 21 terminated states
2019-07-24 23:50:38,177: [13] m.e.manticore:INFO: Starting symbolic transaction: 1
2019-07-24 23:53:39,661: [5872] m.e.detectors:WARNING: Unsigned integer overflow at SUB instruction
2019-07-24 23:55:41,449: [5859] m.e.detectors:WARNING: Potentially reading uninitialized storage
2019-07-24 23:55:50,021: [5859] m.e.detectors:WARNING: Unsigned integer overflow at SUB instruction
2019-07-24 23:56:31,170: [5872] m.e.detectors:WARNING: Unsigned integer overflow at SUB instruction
2019-07-24 23:57:16,386: [5866] m.e.detectors:WARNING: Unsigned integer overflow at SUB instruction
2019-07-24 23:57:46,463: [5845] m.e.detectors:WARNING: Potentially reading uninitialized storage
2019-07-24 23:57:57,133: [5845] m.e.detectors:WARNING: Unsigned integer overflow at SUB instruction
2019-07-24 23:58:13,949: [5882] m.e.detectors:WARNING: Potentially reading uninitialized storage
2019-07-24 23:58:24,825: [5882] m.e.detectors:WARNING: Unsigned integer overflow at SUB instruction
2019-07-24 23:58:28,442: [5840] m.e.detectors:WARNING: Potentially reading uninitialized storage
2019-07-24 23:58:39,033: [5840] m.e.detectors:WARNING: Unsigned integer overflow at SUB instruction
2019-07-25 00:00:07,941: [5845] m.e.detectors:WARNING: Unsigned integer overflow at SUB instruction
2019-07-25 00:00:32,442: [5882] m.e.detectors:WARNING: Unsigned integer overflow at SUB instruction
2019-07-25 00:00:50,646: [5881] m.e.detectors:WARNING: Unsigned integer overflow at SUB instruction
2019-07-25 00:00:55,037: [5852] m.e.detectors:WARNING: Unsigned integer overflow at SUB instruction
2019-07-25 00:01:17,179: [5845] m.e.detectors:WARNING: Unsigned integer overflow at SUB instruction
2019-07-25 00:02:04,557: [5866] m.e.detectors:WARNING: Potentially reading uninitialized storage
2019-07-25 00:02:14,937: [5866] m.e.detectors:WARNING: Unsigned integer overflow at SUB instruction
2019-07-25 00:02:19,165: [5859] m.e.detectors:WARNING: Unsigned integer overflow at SUB instruction
2019-07-25 00:02:42,173: [5845] m.e.detectors:WARNING: Unsigned integer overflow at SUB instruction
2019-07-25 00:02:47,349: [5882] m.e.detectors:WARNING: Potentially reading uninitialized storage
2019-07-25 00:02:48,077: [5839] m.e.detectors:WARNING: Potentially reading uninitialized storage
2019-07-25 00:02:48,984: [5840] m.e.detectors:WARNING: Unsigned integer overflow at SUB instruction
2019-07-25 00:02:58,041: [5839] m.e.detectors:WARNING: Unsigned integer overflow at SUB instruction
2019-07-25 00:03:11,549: [5852] m.e.detectors:WARNING: Warning NUMBER instruction used
2019-07-25 00:03:12,061: [5852] m.e.detectors:WARNING: Warning BLOCKHASH instruction used
2019-07-25 00:03:53,669: [5882] m.e.detectors:WARNING: Potentially reading uninitialized storage
2019-07-25 00:04:52,850: [5872] m.e.detectors:WARNING: Warning NUMBER instruction used
2019-07-25 00:04:54,117: [5872] m.e.detectors:WARNING: Warning BLOCKHASH instruction used
2019-07-25 00:04:58,881: [5881] m.e.detectors:WARNING: Warning NUMBER instruction used
2019-07-25 00:04:59,849: [5881] m.e.detectors:WARNING: Warning BLOCKHASH instruction used
2019-07-25 00:05:10,599: [5866] m.e.detectors:WARNING: Potentially reading uninitialized storage
2019-07-25 00:05:16,737: [5839] m.e.detectors:WARNING: Potentially reading uninitialized storage
2019-07-25 00:05:18,760: [5872] m.e.detectors:WARNING: Warning NUMBER instruction used
2019-07-25 00:05:19,678: [5872] m.e.detectors:WARNING: Warning BLOCKHASH instruction used
2019-07-25 00:05:27,129: [5839] m.e.detectors:WARNING: Unsigned integer overflow at SUB instruction
2019-07-25 00:06:14,114: [5859] m.e.detectors:WARNING: Unsigned integer overflow at SUB instruction
2019-07-25 00:06:28,837: [5882] m.e.detectors:WARNING: Unsigned integer overflow at SUB instruction
2019-07-25 00:06:31,249: [5845] m.e.detectors:WARNING: Potentially reading uninitialized storage
2019-07-25 00:06:35,142: [5866] m.e.detectors:WARNING: Potentially reading uninitialized storage
2019-07-25 00:07:25,066: [5852] m.e.detectors:WARNING: Unsigned integer overflow at SUB instruction
2019-07-25 00:07:52,269: [5859] m.e.detectors:WARNING: Unsigned integer overflow at SUB instruction
2019-07-25 00:07:53,674: [5878] m.e.detectors:WARNING: Unsigned integer overflow at SUB instruction
2019-07-25 00:08:06,579: [5881] m.e.detectors:WARNING: Unsigned integer overflow at SUB instruction
2019-07-25 00:08:07,184: [5845] m.e.detectors:WARNING: Potentially reading uninitialized storage
2019-07-25 00:08:14,627: [5840] m.e.detectors:WARNING: Potentially reading uninitialized storage
2019-07-25 00:08:25,240: [5840] m.e.detectors:WARNING: Unsigned integer overflow at SUB instruction
2019-07-25 00:08:44,465: [5872] m.e.detectors:WARNING: Warning NUMBER instruction used
2019-07-25 00:08:45,153: [5872] m.e.detectors:WARNING: Warning BLOCKHASH instruction used
2019-07-25 00:09:28,461: [5859] m.e.detectors:WARNING: Unsigned integer overflow at SUB instruction
2019-07-25 00:09:30,437: [5866] m.e.detectors:WARNING: Potentially reading uninitialized storage
2019-07-25 00:09:35,117: [5881] m.e.detectors:WARNING: Unsigned integer overflow at SUB instruction
2019-07-25 00:09:39,833: [5866] m.e.detectors:WARNING: Unsigned integer overflow at SUB instruction
2019-07-25 00:09:53,627: [5878] m.e.detectors:WARNING: Potentially reading uninitialized storage
2019-07-25 00:10:13,150: [5881] m.e.detectors:WARNING: Warning NUMBER instruction used
2019-07-25 00:10:13,745: [5881] m.e.detectors:WARNING: Warning BLOCKHASH instruction used
2019-07-25 00:10:28,283: [5840] m.e.detectors:WARNING: Potentially reading uninitialized storage
2019-07-25 00:11:03,049: [5872] m.e.detectors:WARNING: Unsigned integer overflow at SUB instruction
2019-07-25 00:11:09,717: [5882] m.e.detectors:WARNING: Unsigned integer overflow at SUB instruction
2019-07-25 00:11:41,841: [5872] m.e.detectors:WARNING: Warning NUMBER instruction used
2019-07-25 00:11:42,766: [5872] m.e.detectors:WARNING: Warning BLOCKHASH instruction used
2019-07-25 00:11:49,137: [5878] m.e.detectors:WARNING: Potentially reading uninitialized storage
2019-07-25 00:12:26,431: [5840] m.e.detectors:WARNING: Potentially reading uninitialized storage
2019-07-25 00:12:26,449: [5845] m.e.detectors:WARNING: Unsigned integer overflow at SUB instruction
2019-07-25 00:12:41,934: [5852] m.e.detectors:WARNING: Potentially reading uninitialized storage
2019-07-25 00:13:08,569: [5839] m.e.detectors:WARNING: Potentially reading uninitialized storage
2019-07-25 00:13:20,653: [5839] m.e.detectors:WARNING: Unsigned integer overflow at SUB instruction
2019-07-25 00:13:22,981: [5882] m.e.detectors:WARNING: Unsigned integer overflow at SUB instruction
2019-07-25 00:13:45,017: [5866] m.e.detectors:WARNING: Potentially reading uninitialized storage
2019-07-25 00:13:56,653: [5866] m.e.detectors:WARNING: Unsigned integer overflow at SUB instruction
2019-07-25 00:14:34,649: [5852] m.e.detectors:WARNING: Potentially reading uninitialized storage
2019-07-25 00:15:03,969: [5878] m.e.detectors:WARNING: Warning NUMBER instruction used
2019-07-25 00:15:04,646: [5878] m.e.detectors:WARNING: Warning BLOCKHASH instruction used
2019-07-25 00:15:20,953: [5839] m.e.detectors:WARNING: Warning NUMBER instruction used
2019-07-25 00:15:22,125: [5839] m.e.detectors:WARNING: Warning BLOCKHASH instruction used
2019-07-25 00:15:46,321: [5840] m.e.detectors:WARNING: Unsigned integer overflow at SUB instruction
2019-07-25 00:15:58,741: [5881] m.e.detectors:WARNING: Warning NUMBER instruction used
2019-07-25 00:15:59,541: [5881] m.e.detectors:WARNING: Warning BLOCKHASH instruction used
2019-07-25 00:16:11,944: [5882] m.e.detectors:WARNING: Potentially reading uninitialized storage
2019-07-25 00:16:26,741: [5872] m.e.detectors:WARNING: Unsigned integer overflow at SUB instruction
2019-07-25 00:17:19,142: [5845] m.e.detectors:WARNING: Unsigned integer overflow at SUB instruction