INFO:Detectors:[92m
ERC20.totalSupply (/unique_chucks/6/0x2c479746a643e39f3e4a0f9bc93058f71bfc6e9d.sol#10-11) should be declared external
StandardToken.totalSupply (/unique_chucks/6/0x2c479746a643e39f3e4a0f9bc93058f71bfc6e9d.sol#96-97) should be declared external
StandardToken.balanceOf (/unique_chucks/6/0x2c479746a643e39f3e4a0f9bc93058f71bfc6e9d.sol#107-111) should be declared external
ERC20.balanceOf (/unique_chucks/6/0x2c479746a643e39f3e4a0f9bc93058f71bfc6e9d.sol#11-12) should be declared external
ERC20.allowance (/unique_chucks/6/0x2c479746a643e39f3e4a0f9bc93058f71bfc6e9d.sol#15-17) should be declared external
StandardToken.allowance (/unique_chucks/6/0x2c479746a643e39f3e4a0f9bc93058f71bfc6e9d.sol#116-122) should be declared external
Ownable.renounceOwnership (/unique_chucks/6/0x2c479746a643e39f3e4a0f9bc93058f71bfc6e9d.sol#253-256) should be declared external
Ownable.transferOwnership (/unique_chucks/6/0x2c479746a643e39f3e4a0f9bc93058f71bfc6e9d.sol#263-265) should be declared external
TokenTransferHelper.pause (/unique_chucks/6/0x2c479746a643e39f3e4a0f9bc93058f71bfc6e9d.sol#313-317) should be declared external
TokenTransferHelper.resume (/unique_chucks/6/0x2c479746a643e39f3e4a0f9bc93058f71bfc6e9d.sol#321-324) should be declared external
TokenTransferHelper.mint (/unique_chucks/6/0x2c479746a643e39f3e4a0f9bc93058f71bfc6e9d.sol#362-373) should be declared external
TokenTransferHelper.finishMinting (/unique_chucks/6/0x2c479746a643e39f3e4a0f9bc93058f71bfc6e9d.sol#379-381) should be declared external
TokenTransferHelper.burn (/unique_chucks/6/0x2c479746a643e39f3e4a0f9bc93058f71bfc6e9d.sol#384-388) should be declared external
TokenTransferHelper.burnFrom (/unique_chucks/6/0x2c479746a643e39f3e4a0f9bc93058f71bfc6e9d.sol#393-397) should be declared external
TokenTransferHelper.lockAccount (/unique_chucks/6/0x2c479746a643e39f3e4a0f9bc93058f71bfc6e9d.sol#411-414) should be declared external
TokenTransferHelper.unLockAccount (/unique_chucks/6/0x2c479746a643e39f3e4a0f9bc93058f71bfc6e9d.sol#414-419) should be declared external
Reference: https://github.com/trailofbits/slither/wiki/Detectors-Documentation#public-function-that-could-be-declared-as-external[0m
INFO:Detectors:[92m
Parameter '_owner' of StandardToken.balanceOf (/unique_chucks/6/0x2c479746a643e39f3e4a0f9bc93058f71bfc6e9d.sol#110) is not in mixedCase
Parameter '_to' of StandardToken.transfer (/unique_chucks/6/0x2c479746a643e39f3e4a0f9bc93058f71bfc6e9d.sol#126) is not in mixedCase
Parameter '_value' of StandardToken.transfer (/unique_chucks/6/0x2c479746a643e39f3e4a0f9bc93058f71bfc6e9d.sol#126-128) is not in mixedCase
Parameter '_from' of StandardToken.transferFrom (/unique_chucks/6/0x2c479746a643e39f3e4a0f9bc93058f71bfc6e9d.sol#157-158) is not in mixedCase
Parameter '_to' of StandardToken.transferFrom (/unique_chucks/6/0x2c479746a643e39f3e4a0f9bc93058f71bfc6e9d.sol#158) is not in mixedCase
Parameter '_value' of StandardToken.transferFrom (/unique_chucks/6/0x2c479746a643e39f3e4a0f9bc93058f71bfc6e9d.sol#158) is not in mixedCase
Parameter '_spender' of StandardToken.approve (/unique_chucks/6/0x2c479746a643e39f3e4a0f9bc93058f71bfc6e9d.sol#145) is not in mixedCase
Parameter '_value' of StandardToken.approve (/unique_chucks/6/0x2c479746a643e39f3e4a0f9bc93058f71bfc6e9d.sol#146) is not in mixedCase
Parameter '_owner' of StandardToken.allowance (/unique_chucks/6/0x2c479746a643e39f3e4a0f9bc93058f71bfc6e9d.sol#118-120) is not in mixedCase
Parameter '_spender' of StandardToken.allowance (/unique_chucks/6/0x2c479746a643e39f3e4a0f9bc93058f71bfc6e9d.sol#120) is not in mixedCase
Parameter '_spender' of StandardToken.increaseApproval (/unique_chucks/6/0x2c479746a643e39f3e4a0f9bc93058f71bfc6e9d.sol#179) is not in mixedCase
Parameter '_addedValue' of StandardToken.increaseApproval (/unique_chucks/6/0x2c479746a643e39f3e4a0f9bc93058f71bfc6e9d.sol#179) is not in mixedCase
Parameter '_spender' of StandardToken.decreaseApproval (/unique_chucks/6/0x2c479746a643e39f3e4a0f9bc93058f71bfc6e9d.sol#196) is not in mixedCase
Parameter '_subtractedValue' of StandardToken.decreaseApproval (/unique_chucks/6/0x2c479746a643e39f3e4a0f9bc93058f71bfc6e9d.sol#196-198) is not in mixedCase
Parameter '_newOwner' of Ownable.transferOwnership (/unique_chucks/6/0x2c479746a643e39f3e4a0f9bc93058f71bfc6e9d.sol#263-264) is not in mixedCase
Function 'Ownable._transferOwnership' (/unique_chucks/6/0x2c479746a643e39f3e4a0f9bc93058f71bfc6e9d.sol#274-279) is not in mixedCase
Parameter '_newOwner' of Ownable._transferOwnership (/unique_chucks/6/0x2c479746a643e39f3e4a0f9bc93058f71bfc6e9d.sol#274-275) is not in mixedCase
Parameter '_to' of TokenTransferHelper.transfer (/unique_chucks/6/0x2c479746a643e39f3e4a0f9bc93058f71bfc6e9d.sol#325) is not in mixedCase
Parameter '_value' of TokenTransferHelper.transfer (/unique_chucks/6/0x2c479746a643e39f3e4a0f9bc93058f71bfc6e9d.sol#325) is not in mixedCase
Parameter '_from' of TokenTransferHelper.transferFrom (/unique_chucks/6/0x2c479746a643e39f3e4a0f9bc93058f71bfc6e9d.sol#333) is not in mixedCase
Parameter '_to' of TokenTransferHelper.transferFrom (/unique_chucks/6/0x2c479746a643e39f3e4a0f9bc93058f71bfc6e9d.sol#333) is not in mixedCase
Parameter '_value' of TokenTransferHelper.transferFrom (/unique_chucks/6/0x2c479746a643e39f3e4a0f9bc93058f71bfc6e9d.sol#333-334) is not in mixedCase
Parameter '_spender' of TokenTransferHelper.approve (/unique_chucks/6/0x2c479746a643e39f3e4a0f9bc93058f71bfc6e9d.sol#341) is not in mixedCase
Parameter '_value' of TokenTransferHelper.approve (/unique_chucks/6/0x2c479746a643e39f3e4a0f9bc93058f71bfc6e9d.sol#342-343) is not in mixedCase
Parameter '_spender' of TokenTransferHelper.increaseApproval (/unique_chucks/6/0x2c479746a643e39f3e4a0f9bc93058f71bfc6e9d.sol#347-348) is not in mixedCase
Parameter '_addedValue' of TokenTransferHelper.increaseApproval (/unique_chucks/6/0x2c479746a643e39f3e4a0f9bc93058f71bfc6e9d.sol#348) is not in mixedCase
Parameter '_spender' of TokenTransferHelper.decreaseApproval (/unique_chucks/6/0x2c479746a643e39f3e4a0f9bc93058f71bfc6e9d.sol#354-355) is not in mixedCase
Parameter '_subtractedValue' of TokenTransferHelper.decreaseApproval (/unique_chucks/6/0x2c479746a643e39f3e4a0f9bc93058f71bfc6e9d.sol#355) is not in mixedCase
Parameter '_to' of TokenTransferHelper.mint (/unique_chucks/6/0x2c479746a643e39f3e4a0f9bc93058f71bfc6e9d.sol#363) is not in mixedCase
Parameter '_amount' of TokenTransferHelper.mint (/unique_chucks/6/0x2c479746a643e39f3e4a0f9bc93058f71bfc6e9d.sol#363) is not in mixedCase
Parameter '_value' of TokenTransferHelper.burn (/unique_chucks/6/0x2c479746a643e39f3e4a0f9bc93058f71bfc6e9d.sol#384-385) is not in mixedCase
Parameter '_from' of TokenTransferHelper.burnFrom (/unique_chucks/6/0x2c479746a643e39f3e4a0f9bc93058f71bfc6e9d.sol#396) is not in mixedCase
Parameter '_value' of TokenTransferHelper.burnFrom (/unique_chucks/6/0x2c479746a643e39f3e4a0f9bc93058f71bfc6e9d.sol#396) is not in mixedCase
Function 'TokenTransferHelper._burn' (/unique_chucks/6/0x2c479746a643e39f3e4a0f9bc93058f71bfc6e9d.sol#397-411) is not in mixedCase
Parameter '_who' of TokenTransferHelper._burn (/unique_chucks/6/0x2c479746a643e39f3e4a0f9bc93058f71bfc6e9d.sol#398-399) is not in mixedCase
Parameter '_value' of TokenTransferHelper._burn (/unique_chucks/6/0x2c479746a643e39f3e4a0f9bc93058f71bfc6e9d.sol#399-401) is not in mixedCase
Parameter '_to' of TokenTransferHelper.lockAccount (/unique_chucks/6/0x2c479746a643e39f3e4a0f9bc93058f71bfc6e9d.sol#411-412) is not in mixedCase
Parameter '_to' of TokenTransferHelper.unLockAccount (/unique_chucks/6/0x2c479746a643e39f3e4a0f9bc93058f71bfc6e9d.sol#414) is not in mixedCase
Constant 'JGXToken.initial_supply' (/unique_chucks/6/0x2c479746a643e39f3e4a0f9bc93058f71bfc6e9d.sol) is not in UPPER_CASE_WITH_UNDERSCORES
Reference: https://github.com/trailofbits/slither/wiki/Detectors-Documentation#conformance-to-solidity-naming-conventions[0m
INFO:Slither:/unique_chucks/6/0x2c479746a643e39f3e4a0f9bc93058f71bfc6e9d.sol analyzed (6 contracts), 55 result(s) found