/unique_chucks/7/0x2de60f36bb208b5c96acb36d4a49aad3e2be0627.sol
jar:file:/usr/local/lib/node_modules/@smartdec/smartcheck/jdeploy-bundle/smartcheck-2.0-jar-with-dependencies.jar!/solidity-rules.xmlruleId: SOLIDITY_DEPRECATED_CONSTRUCTIONS
patternId: 28fa69
severity: 1
line: 4
column: 2
content: functionmul(uint256a,uint256b)internalconstantreturns(uint256){uint256c=a*b;assert(a==0||c/a==b);returnc;}

ruleId: SOLIDITY_DEPRECATED_CONSTRUCTIONS
patternId: 28fa69
severity: 1
line: 10
column: 2
content: functiondiv(uint256a,uint256b)internalconstantreturns(uint256){uint256c=a/b;returnc;}

ruleId: SOLIDITY_DEPRECATED_CONSTRUCTIONS
patternId: 28fa69
severity: 1
line: 17
column: 2
content: functionsub(uint256a,uint256b)internalconstantreturns(uint256){assert(b<=a);returna-b;}

ruleId: SOLIDITY_DEPRECATED_CONSTRUCTIONS
patternId: 28fa69
severity: 1
line: 22
column: 2
content: functionadd(uint256a,uint256b)internalconstantreturns(uint256){uint256c=a+b;assert(c>=a);returnc;}

ruleId: SOLIDITY_DEPRECATED_CONSTRUCTIONS
patternId: 28fa69
severity: 1
line: 351
column: 2
content: functionvalidPurchase()internalconstantreturns(bool){boolwithinPeriod=now>=startTime&&now<=endTime;boolnonMinimumPurchase=msg.value>=minContribAmount;boolicoTokensAvailable=icoSoldTokens<icoCap;return!icoEnded&&icoEnabled&&withinPeriod&&nonMinimumPurchase&&icoTokensAvailable;}

ruleId: SOLIDITY_DEPRECATED_CONSTRUCTIONS
patternId: 28fa69
severity: 1
line: 368
column: 2
content: functionhasEnded()publicconstantreturns(bool){return(icoEnded||icoSoldTokens>=icoCap||now>endTime);}

ruleId: SOLIDITY_DEPRECATED_CONSTRUCTIONS
patternId: 28fa69
severity: 1
line: 373
column: 2
content: functiongetRate()publicconstantreturns(uint){require(now>=startTime);if(now<startTime.add(1weeks)){returnRATE_FOR_WEEK1;}elseif(now<startTime.add(2weeks)){returnRATE_FOR_WEEK2;}elseif(now<startTime.add(3weeks)){returnRATE_FOR_WEEK3;}elseif(now<endTime){returnRATE_NO_DISCOUNT;}return0;}

ruleId: SOLIDITY_DEPRECATED_CONSTRUCTIONS
patternId: 28fa69
severity: 1
line: 399
column: 2
content: functionbalanceOf(addresswho)publicconstantreturns(uint256);

ruleId: SOLIDITY_DEPRECATED_CONSTRUCTIONS
patternId: 28fa69
severity: 1
line: 430
column: 2
content: functionbalanceOf(address_owner)publicconstantreturns(uint256balance){returnbalances[_owner];}

ruleId: SOLIDITY_DEPRECATED_CONSTRUCTIONS
patternId: 28fa69
severity: 1
line: 437
column: 2
content: functionallowance(addressowner,addressspender)publicconstantreturns(uint256);

ruleId: SOLIDITY_DEPRECATED_CONSTRUCTIONS
patternId: 28fa69
severity: 1
line: 515
column: 4
content: functiongetVestingAmountByNow(addressuser)constantreturns(uint256){uint256amount;uint256i;for(i=0;i<vestingAccounts[user].length;i++){if(vestingAccounts[user][i].vestingDate<now){amount=amount.add(vestingAccounts[user][i].amount);}}}

ruleId: SOLIDITY_DEPRECATED_CONSTRUCTIONS
patternId: 28fa69
severity: 1
line: 527
column: 4
content: functiongetAvailableVestingAmount(addressuser)constantreturns(uint256){uint256amount;amount=getVestingAmountByNow(user);amount=amount.sub(totalVestedAmount[user]);returnamount;}

ruleId: SOLIDITY_DEPRECATED_CONSTRUCTIONS
patternId: 28fa69
severity: 1
line: 535
column: 4
content: functiongetAccountKeys(uint256page)externalconstantreturns(address[10]){address[10]memoryaccountList;uint256i;for(i=0+page*10;i<10;i++){if(i<accountKeys.length){accountList[i-page*10]=accountKeys[i];}}returnaccountList;}

ruleId: SOLIDITY_DEPRECATED_CONSTRUCTIONS
patternId: 28fa69
severity: 1
line: 607
column: 2
content: functionallowance(address_owner,address_spender)publicconstantreturns(uint256remaining){returnallowed[_owner][_spender];}

ruleId: SOLIDITY_ERC20_APPROVE
patternId: af782c
severity: 2
line: 595
column: 2
content: functionapprove(address_spender,uint256_value)publicreturns(bool){allowed[msg.sender][_spender]=_value;Approval(msg.sender,_spender,_value);returntrue;}

ruleId: SOLIDITY_ERC20_APPROVE
patternId: af782c
severity: 2
line: 654
column: 2
content: functionapprove(address_spender,uint256_value)publicwhenNotPausedOrOwnerreturns(bool){returnsuper.approve(_spender,_value);}

ruleId: SOLIDITY_EXTRA_GAS_IN_LOOPS
patternId: d3j11j
severity: 1
line: 518
column: 8
content: for(i=0;i<vestingAccounts[user].length;i++){if(vestingAccounts[user][i].vestingDate<now){amount=amount.add(vestingAccounts[user][i].amount);}}

ruleId: SOLIDITY_FUNCTIONS_RETURNS_TYPE_AND_NO_RETURN
patternId: 47acc2
severity: 1
line: 515
column: 4
content: functiongetVestingAmountByNow(addressuser)constantreturns(uint256){uint256amount;uint256i;for(i=0;i<vestingAccounts[user].length;i++){if(vestingAccounts[user][i].vestingDate<now){amount=amount.add(vestingAccounts[user][i].amount);}}}

ruleId: SOLIDITY_GAS_LIMIT_IN_LOOPS
patternId: f6f853
severity: 2
line: 518
column: 8
content: for(i=0;i<vestingAccounts[user].length;i++){if(vestingAccounts[user][i].vestingDate<now){amount=amount.add(vestingAccounts[user][i].amount);}}

ruleId: SOLIDITY_OVERPOWERED_ROLE
patternId: j83hf7
severity: 2
line: 236
column: 2
content: functionsetSoldPreSaleTokens(uint256_soldPreSaleTokens)externalonlyOwner{require(!icoEnabled);require(_soldPreSaleTokens<=preSaleCap);soldPreSaleTokens=_soldPreSaleTokens;}

ruleId: SOLIDITY_OVERPOWERED_ROLE
patternId: j83hf7
severity: 2
line: 260
column: 2
content: functionsetMultisignWallet(address_multisignWallet)externalonlyOwner{require(!icoEnabled||now<startTime);require(_multisignWallet!=address(0));multisignWallet=_multisignWallet;}

ruleId: SOLIDITY_OVERPOWERED_ROLE
patternId: j83hf7
severity: 2
line: 273
column: 2
content: functionsetContributionDates(uint256_startTime,uint256_endTime)externalonlyOwner{require(!icoEnabled);require(_startTime>=now);require(_endTime>=_startTime);startTime=_startTime;endTime=_endTime;}

ruleId: SOLIDITY_OVERPOWERED_ROLE
patternId: j83hf7
severity: 2
line: 490
column: 4
content: functionsetVestingToken(addresstoken_address)externalonlyOwner{require(token_address!=address(0));token=ERC20Basic(token_address);}

ruleId: SOLIDITY_PRAGMAS_VERSION
patternId: 23fc32
severity: 1
line: 1
column: 16
content: ^

ruleId: SOLIDITY_SAFEMATH
patternId: 837cac
severity: 1
line: 107
column: 2
content: usingSafeMathforuint256;

ruleId: SOLIDITY_SAFEMATH
patternId: 837cac
severity: 1
line: 405
column: 2
content: usingSafeMathforuint256;

ruleId: SOLIDITY_SAFEMATH
patternId: 837cac
severity: 1
line: 458
column: 4
content: usingSafeMathforuint256;

ruleId: SOLIDITY_VISIBILITY
patternId: 910067
severity: 1
line: 40
column: 2
content: functionOwnable(){owner=msg.sender;}

ruleId: SOLIDITY_VISIBILITY
patternId: 910067
severity: 1
line: 178
column: 2
content: functionGJCICO(address_multisignWallet){require(_multisignWallet!=address(0));token=createTokenContract();uint256tokensToDao=tokensForDevteam.add(tokensForPartners).add(tokensForBounty).add(tokensForCharity);multisignWallet=_multisignWallet;token.transfer(multisignWallet,tokensToDao);}

ruleId: SOLIDITY_VISIBILITY
patternId: 910067
severity: 1
line: 295
column: 2
content: function()payablewhenNotPaused{buyTokens(msg.sender);}

ruleId: SOLIDITY_VISIBILITY
patternId: 910067
severity: 1
line: 484
column: 4
content: functionTokenVesting(addresstoken_address){require(token_address!=address(0));token=ERC20Basic(token_address);}

ruleId: SOLIDITY_VISIBILITY
patternId: 910067
severity: 1
line: 515
column: 4
content: functiongetVestingAmountByNow(addressuser)constantreturns(uint256){uint256amount;uint256i;for(i=0;i<vestingAccounts[user].length;i++){if(vestingAccounts[user][i].vestingDate<now){amount=amount.add(vestingAccounts[user][i].amount);}}}

ruleId: SOLIDITY_VISIBILITY
patternId: 910067
severity: 1
line: 527
column: 4
content: functiongetAvailableVestingAmount(addressuser)constantreturns(uint256){uint256amount;amount=getVestingAmountByNow(user);amount=amount.sub(totalVestedAmount[user]);returnamount;}

ruleId: SOLIDITY_VISIBILITY
patternId: 910067
severity: 1
line: 674
column: 2
content: functionGJCToken(){paused=true;totalSupply=INITIAL_SUPPLY;Transfer(0x0,msg.sender,INITIAL_SUPPLY);balances[msg.sender]=INITIAL_SUPPLY;}

ruleId: SOLIDITY_VISIBILITY
patternId: b51ce0
severity: 1
line: 407
column: 2
content: mapping(address=>uint256)balances;

ruleId: SOLIDITY_VISIBILITY
patternId: b51ce0
severity: 1
line: 461
column: 4
content: ERC20Basictoken;

ruleId: SOLIDITY_VISIBILITY
patternId: b51ce0
severity: 1
line: 463
column: 4
content: mapping(address=>uint256)totalVestedAmount;

ruleId: SOLIDITY_VISIBILITY
patternId: b51ce0
severity: 1
line: 470
column: 4
content: address[]accountKeys;

ruleId: SOLIDITY_VISIBILITY
patternId: b51ce0
severity: 1
line: 671
column: 2
content: uint256constantTOKEN_UNIT=10**uint256(decimals);

ruleId: SOLIDITY_VISIBILITY
patternId: b51ce0
severity: 1
line: 672
column: 2
content: uint256constantINITIAL_SUPPLY=100000000*TOKEN_UNIT;

SOLIDITY_VISIBILITY :13
SOLIDITY_SAFEMATH :3
SOLIDITY_OVERPOWERED_ROLE :4
SOLIDITY_DEPRECATED_CONSTRUCTIONS :14
SOLIDITY_PRAGMAS_VERSION :1
SOLIDITY_FUNCTIONS_RETURNS_TYPE_AND_NO_RETURN :1
SOLIDITY_EXTRA_GAS_IN_LOOPS :1
SOLIDITY_GAS_LIMIT_IN_LOOPS :1
SOLIDITY_ERC20_APPROVE :2