INFO:Slither:Compilation warnings/errors on /unique_chucks/17/0xd10399746b72a23662f8ba010f951b002dc45cfe.sol:
/unique_chucks/17/0xd10399746b72a23662f8ba010f951b002dc45cfe.sol:21:3: Warning: Defining constructors as functions with the same name as the contract is deprecated. Use "constructor(...) { ... }" instead.
  function Ownable() public {
  ^ (Relevant source part starts here and spans across multiple lines).
/unique_chucks/17/0xd10399746b72a23662f8ba010f951b002dc45cfe.sol:41:5: Warning: Invoking events without "emit" prefix is deprecated.
    OwnershipTransferred(owner, newOwner);
    ^-----------------------------------^
/unique_chucks/17/0xd10399746b72a23662f8ba010f951b002dc45cfe.sol:143:5: Warning: Invoking events without "emit" prefix is deprecated.
    Transfer(msg.sender, _to, _value);
    ^-------------------------------^
/unique_chucks/17/0xd10399746b72a23662f8ba010f951b002dc45cfe.sol:199:5: Warning: Invoking events without "emit" prefix is deprecated.
    Transfer(_from, _to, _value);
    ^--------------------------^
/unique_chucks/17/0xd10399746b72a23662f8ba010f951b002dc45cfe.sol:215:5: Warning: Invoking events without "emit" prefix is deprecated.
    Approval(msg.sender, _spender, _value);
    ^------------------------------------^
/unique_chucks/17/0xd10399746b72a23662f8ba010f951b002dc45cfe.sol:241:5: Warning: Invoking events without "emit" prefix is deprecated.
    Approval(msg.sender, _spender, allowed[msg.sender][_spender]);
    ^-----------------------------------------------------------^
/unique_chucks/17/0xd10399746b72a23662f8ba010f951b002dc45cfe.sol:262:5: Warning: Invoking events without "emit" prefix is deprecated.
    Approval(msg.sender, _spender, allowed[msg.sender][_spender]);
    ^-----------------------------------------------------------^
/unique_chucks/17/0xd10399746b72a23662f8ba010f951b002dc45cfe.sol:307:5: Warning: Invoking events without "emit" prefix is deprecated.
    Mint(_to, _amount);
    ^----------------^
/unique_chucks/17/0xd10399746b72a23662f8ba010f951b002dc45cfe.sol:308:5: Warning: Invoking events without "emit" prefix is deprecated.
    Transfer(address(0), _to, _amount);
    ^--------------------------------^
/unique_chucks/17/0xd10399746b72a23662f8ba010f951b002dc45cfe.sol:319:5: Warning: Invoking events without "emit" prefix is deprecated.
    MintFinished();
    ^------------^
/unique_chucks/17/0xd10399746b72a23662f8ba010f951b002dc45cfe.sol:535:17: Warning: Using "years" as a unit denomination is deprecated.
    uint year = 1 years;
                ^-----^
/unique_chucks/17/0xd10399746b72a23662f8ba010f951b002dc45cfe.sol:537:33: Warning: Using "years" as a unit denomination is deprecated.
    uint prevYear = endDate.sub(1 years);
                                ^-----^
/unique_chucks/17/0xd10399746b72a23662f8ba010f951b002dc45cfe.sol:544:22: Warning: Using contract member "balance" inherited from the address type is deprecated. Convert the contract to "address" type to access the member, for example use "address(contract).balance" instead.
    initialBalance = this.balance;
                     ^----------^
/unique_chucks/17/0xd10399746b72a23662f8ba010f951b002dc45cfe.sol:570:19: Warning: Using contract member "balance" inherited from the address type is deprecated. Convert the contract to "address" type to access the member, for example use "address(contract).balance" instead.
      to.transfer(this.balance);
                  ^----------^
/unique_chucks/17/0xd10399746b72a23662f8ba010f951b002dc45cfe.sol:818:21: Warning: Using contract member "balance" inherited from the address type is deprecated. Convert the contract to "address" type to access the member, for example use "address(contract).balance" instead.
    wallet.transfer(this.balance);
                    ^----------^
/unique_chucks/17/0xd10399746b72a23662f8ba010f951b002dc45cfe.sol:829:3: Warning: Function state mutability can be restricted to pure
  function softcapReachedCallabck() internal {
  ^ (Relevant source part starts here and spans across multiple lines).

INFO:Detectors:[91m
CommonSale.transferToWallet (/unique_chucks/17/0xd10399746b72a23662f8ba010f951b002dc45cfe.sol#498-501) sends eth to arbitrary user
	Dangerous calls:
	- wallet.transfer(value) (/unique_chucks/17/0xd10399746b72a23662f8ba010f951b002dc45cfe.sol#500)
Reference: https://github.com/trailofbits/slither/wiki/Detectors-Documentation#functions-that-send-ether-to-arbitrary-destinations[0m
INFO:Detectors:[93m
MintTokensFeature.mintTokens (/unique_chucks/17/0xd10399746b72a23662f8ba010f951b002dc45cfe.sol#380-386) does not use the value returned by external calls:
	-token.mint(to,tokens) (/unique_chucks/17/0xd10399746b72a23662f8ba010f951b002dc45cfe.sol#381)
RetrieveTokensFeature.retrieveTokens (/unique_chucks/17/0xd10399746b72a23662f8ba010f951b002dc45cfe.sol#409-415) does not use the value returned by external calls:
	-alienToken.transfer(to,alienToken.balanceOf(this)) (/unique_chucks/17/0xd10399746b72a23662f8ba010f951b002dc45cfe.sol#411-413)
ITO.finish (/unique_chucks/17/0xd10399746b72a23662f8ba010f951b002dc45cfe.sol#802-806) does not use the value returned by external calls:
	-token.finishMinting() (/unique_chucks/17/0xd10399746b72a23662f8ba010f951b002dc45cfe.sol#802-804)
PreITO.finish (/unique_chucks/17/0xd10399746b72a23662f8ba010f951b002dc45cfe.sol#932-937) does not use the value returned by external calls:
	-token.finishMinting() (/unique_chucks/17/0xd10399746b72a23662f8ba010f951b002dc45cfe.sol#933)
Reference: https://github.com/trailofbits/slither/wiki/Detectors-Documentation#unused-return[0m
INFO:Detectors:[92m
Reentrancy in MintTokensFeature.mintTokens (/unique_chucks/17/0xd10399746b72a23662f8ba010f951b002dc45cfe.sol#380-386):
	External calls:
	- token.mint(to,tokens) (/unique_chucks/17/0xd10399746b72a23662f8ba010f951b002dc45cfe.sol#381)
	State variables written after the call(s):
	- minted (/unique_chucks/17/0xd10399746b72a23662f8ba010f951b002dc45cfe.sol#384-386)
Reentrancy in PreITO.mintTokensByETH (/unique_chucks/17/0xd10399746b72a23662f8ba010f951b002dc45cfe.sol#924-932):
	External calls:
	- _tokens = super.mintTokensByETH(to,_invested) (/unique_chucks/17/0xd10399746b72a23662f8ba010f951b002dc45cfe.sol#926-930)
	State variables written after the call(s):
	- balances (/unique_chucks/17/0xd10399746b72a23662f8ba010f951b002dc45cfe.sol#930)
	- softcapAchieved (/unique_chucks/17/0xd10399746b72a23662f8ba010f951b002dc45cfe.sol#930)
Reference: https://github.com/trailofbits/slither/wiki/Detectors-Documentation#reentrancy-vulnerabilities-2[0m
INFO:Detectors:[92m
ExtendedWalletsMintTokensFeature.percentRate should be constant (/unique_chucks/17/0xd10399746b72a23662f8ba010f951b002dc45cfe.sol#665-666)
Reference: https://github.com/trailofbits/slither/wiki/Detectors-Documentation#state-variables-that-could-be-declared-constant[0m
INFO:Detectors:[92m
Ownable.transferOwnership (/unique_chucks/17/0xd10399746b72a23662f8ba010f951b002dc45cfe.sol#39-47) should be declared external
AddressesFilterFeature.addAllowedAddress (/unique_chucks/17/0xd10399746b72a23662f8ba010f951b002dc45cfe.sol#61-65) should be declared external
AddressesFilterFeature.removeAllowedAddress (/unique_chucks/17/0xd10399746b72a23662f8ba010f951b002dc45cfe.sol#65-75) should be declared external
BasicToken.balanceOf (/unique_chucks/17/0xd10399746b72a23662f8ba010f951b002dc45cfe.sol#160-164) should be declared external
ERC20Basic.balanceOf (/unique_chucks/17/0xd10399746b72a23662f8ba010f951b002dc45cfe.sol#116-117) should be declared external
StandardToken.allowance (/unique_chucks/17/0xd10399746b72a23662f8ba010f951b002dc45cfe.sol#232-233) should be declared external
ERC20.allowance (/unique_chucks/17/0xd10399746b72a23662f8ba010f951b002dc45cfe.sol#166-168) should be declared external
ERC20.approve (/unique_chucks/17/0xd10399746b72a23662f8ba010f951b002dc45cfe.sol#171-175) should be declared external
StandardToken.approve (/unique_chucks/17/0xd10399746b72a23662f8ba010f951b002dc45cfe.sol#220-222) should be declared external
StandardToken.increaseApproval (/unique_chucks/17/0xd10399746b72a23662f8ba010f951b002dc45cfe.sol#242-249) should be declared external
StandardToken.decreaseApproval (/unique_chucks/17/0xd10399746b72a23662f8ba010f951b002dc45cfe.sol#260-280) should be declared external
MintableToken.lock (/unique_chucks/17/0xd10399746b72a23662f8ba010f951b002dc45cfe.sol#295-300) should be declared external
MintableToken.setSaleAgent (/unique_chucks/17/0xd10399746b72a23662f8ba010f951b002dc45cfe.sol#300-307) should be declared external
MintableToken.mint (/unique_chucks/17/0xd10399746b72a23662f8ba010f951b002dc45cfe.sol#307-320) should be declared external
MintableToken.finishMinting (/unique_chucks/17/0xd10399746b72a23662f8ba010f951b002dc45cfe.sol#324-333) should be declared external
TokenProvider.setToken (/unique_chucks/17/0xd10399746b72a23662f8ba010f951b002dc45cfe.sol#357-361) should be declared external
PercentRateFeature.setPercentRate (/unique_chucks/17/0xd10399746b72a23662f8ba010f951b002dc45cfe.sol#393-401) should be declared external
RetrieveTokensFeature.retrieveTokens (/unique_chucks/17/0xd10399746b72a23662f8ba010f951b002dc45cfe.sol#409-415) should be declared external
CommonSale.setHardcap (/unique_chucks/17/0xd10399746b72a23662f8ba010f951b002dc45cfe.sol#446-450) should be declared external
CommonSale.setStart (/unique_chucks/17/0xd10399746b72a23662f8ba010f951b002dc45cfe.sol#458-460) should be declared external
CommonSale.setMinInvestedLimit (/unique_chucks/17/0xd10399746b72a23662f8ba010f951b002dc45cfe.sol#460-464) should be declared external
CommonSale.setDirectMintAgent (/unique_chucks/17/0xd10399746b72a23662f8ba010f951b002dc45cfe.sol#466-467) should be declared external
CommonSale.setPrice (/unique_chucks/17/0xd10399746b72a23662f8ba010f951b002dc45cfe.sol#467-471) should be declared external
CommonSale.mintTokensExternal (/unique_chucks/17/0xd10399746b72a23662f8ba010f951b002dc45cfe.sol#471-477) should be declared external
CommonSale.mintTokensByETHExternal (/unique_chucks/17/0xd10399746b72a23662f8ba010f951b002dc45cfe.sol#479-486) should be declared external
SpecialWallet.start (/unique_chucks/17/0xd10399746b72a23662f8ba010f951b002dc45cfe.sol#553-570) should be declared external
SpecialWallet.setAvailableAfterStart (/unique_chucks/17/0xd10399746b72a23662f8ba010f951b002dc45cfe.sol#574-577) should be declared external
SpecialWallet.setEndDate (/unique_chucks/17/0xd10399746b72a23662f8ba010f951b002dc45cfe.sol#577-578) should be declared external
SpecialWallet.withdraw (/unique_chucks/17/0xd10399746b72a23662f8ba010f951b002dc45cfe.sol#579-616) should be declared external
SpecialWallet.fallback (/unique_chucks/17/0xd10399746b72a23662f8ba010f951b002dc45cfe.sol#618-620) should be declared external
AssembledCommonSale.setPeriod (/unique_chucks/17/0xd10399746b72a23662f8ba010f951b002dc45cfe.sol#636-638) should be declared external
WalletsPercents.addWallet (/unique_chucks/17/0xd10399746b72a23662f8ba010f951b002dc45cfe.sol#647-650) should be declared external
WalletsPercents.cleanWallets (/unique_chucks/17/0xd10399746b72a23662f8ba010f951b002dc45cfe.sol#650) should be declared external
StagedCrowdsale.milestonesCount (/unique_chucks/17/0xd10399746b72a23662f8ba010f951b002dc45cfe.sol#698-699) should be declared external
StagedCrowdsale.addMilestone (/unique_chucks/17/0xd10399746b72a23662f8ba010f951b002dc45cfe.sol#699-707) should be declared external
StagedCrowdsale.removeMilestone (/unique_chucks/17/0xd10399746b72a23662f8ba010f951b002dc45cfe.sol#707-721) should be declared external
StagedCrowdsale.changeMilestone (/unique_chucks/17/0xd10399746b72a23662f8ba010f951b002dc45cfe.sol#721-734) should be declared external
StagedCrowdsale.insertMilestone (/unique_chucks/17/0xd10399746b72a23662f8ba010f951b002dc45cfe.sol#734-750) should be declared external
StagedCrowdsale.clearMilestones (/unique_chucks/17/0xd10399746b72a23662f8ba010f951b002dc45cfe.sol#750-758) should be declared external
StagedCrowdsale.lastSaleDate (/unique_chucks/17/0xd10399746b72a23662f8ba010f951b002dc45cfe.sol#758-760) should be declared external
StagedCrowdsale.currentMilestone (/unique_chucks/17/0xd10399746b72a23662f8ba010f951b002dc45cfe.sol#763-778) should be declared external
ITO.finish (/unique_chucks/17/0xd10399746b72a23662f8ba010f951b002dc45cfe.sol#802-806) should be declared external
NextSaleAgentFeature.setNextSaleAgent (/unique_chucks/17/0xd10399746b72a23662f8ba010f951b002dc45cfe.sol#811-814) should be declared external
SoftcapFeature.setSoftcap (/unique_chucks/17/0xd10399746b72a23662f8ba010f951b002dc45cfe.sol#835-839) should be declared external
SoftcapFeature.refund (/unique_chucks/17/0xd10399746b72a23662f8ba010f951b002dc45cfe.sol#867-873) should be declared external
PreITO.setFirstBonusTokensLimit (/unique_chucks/17/0xd10399746b72a23662f8ba010f951b002dc45cfe.sol#888-890) should be declared external
PreITO.setFirstBonus (/unique_chucks/17/0xd10399746b72a23662f8ba010f951b002dc45cfe.sol#890-895) should be declared external
PreITO.setSecondBonus (/unique_chucks/17/0xd10399746b72a23662f8ba010f951b002dc45cfe.sol#895-899) should be declared external
PreITO.finish (/unique_chucks/17/0xd10399746b72a23662f8ba010f951b002dc45cfe.sol#932-937) should be declared external
ReceivingContractCallback.tokenFallback (/unique_chucks/17/0xd10399746b72a23662f8ba010f951b002dc45cfe.sol#948) should be declared external
Token.registerCallback (/unique_chucks/17/0xd10399746b72a23662f8ba010f951b002dc45cfe.sol#979-981) should be declared external
Token.deregisterCallback (/unique_chucks/17/0xd10399746b72a23662f8ba010f951b002dc45cfe.sol#981-986) should be declared external
Configurator.deploy (/unique_chucks/17/0xd10399746b72a23662f8ba010f951b002dc45cfe.sol#1001-1020) should be declared external
Reference: https://github.com/trailofbits/slither/wiki/Detectors-Documentation#public-function-that-could-be-declared-as-external[0m
INFO:Detectors:[92m
Detected issues with version pragma in /unique_chucks/17/0xd10399746b72a23662f8ba010f951b002dc45cfe.sol:
	- pragma solidity^0.4.18 (/unique_chucks/17/0xd10399746b72a23662f8ba010f951b002dc45cfe.sol#1): it allows old versions
Reference: https://github.com/trailofbits/slither/wiki/Detectors-Documentation#incorrect-version-of-solidity[0m
INFO:Detectors:[92m
Function 'Ownable.Ownable' (/unique_chucks/17/0xd10399746b72a23662f8ba010f951b002dc45cfe.sol#21-27) is not in mixedCase
Parameter '_owner' of BasicToken.balanceOf (/unique_chucks/17/0xd10399746b72a23662f8ba010f951b002dc45cfe.sol#161-162) is not in mixedCase
Parameter '_to' of BasicToken.transfer (/unique_chucks/17/0xd10399746b72a23662f8ba010f951b002dc45cfe.sol#140) is not in mixedCase
Parameter '_value' of BasicToken.transfer (/unique_chucks/17/0xd10399746b72a23662f8ba010f951b002dc45cfe.sol#140) is not in mixedCase
Parameter '_owner' of StandardToken.allowance (/unique_chucks/17/0xd10399746b72a23662f8ba010f951b002dc45cfe.sol#232) is not in mixedCase
Parameter '_spender' of StandardToken.allowance (/unique_chucks/17/0xd10399746b72a23662f8ba010f951b002dc45cfe.sol#232) is not in mixedCase
Parameter '_from' of StandardToken.transferFrom (/unique_chucks/17/0xd10399746b72a23662f8ba010f951b002dc45cfe.sol#194-196) is not in mixedCase
Parameter '_to' of StandardToken.transferFrom (/unique_chucks/17/0xd10399746b72a23662f8ba010f951b002dc45cfe.sol#196) is not in mixedCase
Parameter '_value' of StandardToken.transferFrom (/unique_chucks/17/0xd10399746b72a23662f8ba010f951b002dc45cfe.sol#196) is not in mixedCase
Parameter '_spender' of StandardToken.approve (/unique_chucks/17/0xd10399746b72a23662f8ba010f951b002dc45cfe.sol#220) is not in mixedCase
Parameter '_value' of StandardToken.approve (/unique_chucks/17/0xd10399746b72a23662f8ba010f951b002dc45cfe.sol#220) is not in mixedCase
Parameter '_spender' of StandardToken.increaseApproval (/unique_chucks/17/0xd10399746b72a23662f8ba010f951b002dc45cfe.sol#245-246) is not in mixedCase
Parameter '_addedValue' of StandardToken.increaseApproval (/unique_chucks/17/0xd10399746b72a23662f8ba010f951b002dc45cfe.sol#246) is not in mixedCase
Parameter '_spender' of StandardToken.decreaseApproval (/unique_chucks/17/0xd10399746b72a23662f8ba010f951b002dc45cfe.sol#260) is not in mixedCase
Parameter '_subtractedValue' of StandardToken.decreaseApproval (/unique_chucks/17/0xd10399746b72a23662f8ba010f951b002dc45cfe.sol#260-262) is not in mixedCase
Parameter '_to' of MintableToken.transfer (/unique_chucks/17/0xd10399746b72a23662f8ba010f951b002dc45cfe.sol#333) is not in mixedCase
Parameter '_value' of MintableToken.transfer (/unique_chucks/17/0xd10399746b72a23662f8ba010f951b002dc45cfe.sol#335) is not in mixedCase
Parameter '_from' of MintableToken.lock (/unique_chucks/17/0xd10399746b72a23662f8ba010f951b002dc45cfe.sol#296) is not in mixedCase
Parameter '_to' of MintableToken.mint (/unique_chucks/17/0xd10399746b72a23662f8ba010f951b002dc45cfe.sol#307-308) is not in mixedCase
Parameter '_amount' of MintableToken.mint (/unique_chucks/17/0xd10399746b72a23662f8ba010f951b002dc45cfe.sol#308) is not in mixedCase
Parameter '_invested' of CommonSale.mintTokensByETHExternal (/unique_chucks/17/0xd10399746b72a23662f8ba010f951b002dc45cfe.sol#481-482) is not in mixedCase
Parameter '_invested' of CommonSale.mintTokensByETH (/unique_chucks/17/0xd10399746b72a23662f8ba010f951b002dc45cfe.sol#487) is not in mixedCase
Parameter '_invested' of ITO.calculateTokens (/unique_chucks/17/0xd10399746b72a23662f8ba010f951b002dc45cfe.sol#786) is not in mixedCase
Constant 'SoftcapFeature.devLimit' (/unique_chucks/17/0xd10399746b72a23662f8ba010f951b002dc45cfe.sol#825-829) is not in UPPER_CASE_WITH_UNDERSCORES
Constant 'SoftcapFeature.devWallet' (/unique_chucks/17/0xd10399746b72a23662f8ba010f951b002dc45cfe.sol#829-833) is not in UPPER_CASE_WITH_UNDERSCORES
Constant 'SoftcapFeature.special' (/unique_chucks/17/0xd10399746b72a23662f8ba010f951b002dc45cfe.sol#833-835) is not in UPPER_CASE_WITH_UNDERSCORES
Parameter '_invested' of PreITO.calculateTokens (/unique_chucks/17/0xd10399746b72a23662f8ba010f951b002dc45cfe.sol#900) is not in mixedCase
Parameter '_invested' of PreITO.mintTokensByETH (/unique_chucks/17/0xd10399746b72a23662f8ba010f951b002dc45cfe.sol#924-926) is not in mixedCase
Parameter '_tokens' of PreITO.setFirstBonusTokensLimit (/unique_chucks/17/0xd10399746b72a23662f8ba010f951b002dc45cfe.sol#888-889) is not in mixedCase
Parameter '_to' of Token.transfer (/unique_chucks/17/0xd10399746b72a23662f8ba010f951b002dc45cfe.sol#960-962) is not in mixedCase
Parameter '_value' of Token.transfer (/unique_chucks/17/0xd10399746b72a23662f8ba010f951b002dc45cfe.sol#962-964) is not in mixedCase
Parameter '_from' of Token.transferFrom (/unique_chucks/17/0xd10399746b72a23662f8ba010f951b002dc45cfe.sol#972) is not in mixedCase
Parameter '_to' of Token.transferFrom (/unique_chucks/17/0xd10399746b72a23662f8ba010f951b002dc45cfe.sol#972) is not in mixedCase
Parameter '_value' of Token.transferFrom (/unique_chucks/17/0xd10399746b72a23662f8ba010f951b002dc45cfe.sol#972) is not in mixedCase
Reference: https://github.com/trailofbits/slither/wiki/Detectors-Documentation#conformance-to-solidity-naming-conventions[0m
INFO:Slither:/unique_chucks/17/0xd10399746b72a23662f8ba010f951b002dc45cfe.sol analyzed (29 contracts), 96 result(s) found