INFO:Detectors:[92m
URUGUAY_WINS.decimals should be constant (/unique_contracts/0x9ed65f6849b16f3fb1ed8fb6269f4ced4ef211b1.sol#9-10)
URUGUAY_WINS.name should be constant (/unique_contracts/0x9ed65f6849b16f3fb1ed8fb6269f4ced4ef211b1.sol#7-8)
URUGUAY_WINS.symbol should be constant (/unique_contracts/0x9ed65f6849b16f3fb1ed8fb6269f4ced4ef211b1.sol#8-9)
URUGUAY_WINS.totalSupply should be constant (/unique_contracts/0x9ed65f6849b16f3fb1ed8fb6269f4ced4ef211b1.sol#11-12)
Reference: https://github.com/trailofbits/slither/wiki/Detectors-Documentation#state-variables-that-could-be-declared-constant[0m
INFO:Detectors:[92m
URUGUAY_WINS.SimpleERC20Token (/unique_contracts/0x9ed65f6849b16f3fb1ed8fb6269f4ced4ef211b1.sol#15-19) should be declared external
URUGUAY_WINS.transfer (/unique_contracts/0x9ed65f6849b16f3fb1ed8fb6269f4ced4ef211b1.sol#20-29) should be declared external
URUGUAY_WINS.approve (/unique_contracts/0x9ed65f6849b16f3fb1ed8fb6269f4ced4ef211b1.sol#33-42) should be declared external
URUGUAY_WINS.transferFrom (/unique_contracts/0x9ed65f6849b16f3fb1ed8fb6269f4ced4ef211b1.sol#42-55) should be declared external
Reference: https://github.com/trailofbits/slither/wiki/Detectors-Documentation#public-function-that-could-be-declared-as-external[0m
INFO:Detectors:[92m
Detected issues with version pragma in /unique_contracts/0x9ed65f6849b16f3fb1ed8fb6269f4ced4ef211b1.sol:
	- pragma solidity^0.4.21 (/unique_contracts/0x9ed65f6849b16f3fb1ed8fb6269f4ced4ef211b1.sol#1): it allows old versions
Reference: https://github.com/trailofbits/slither/wiki/Detectors-Documentation#incorrect-version-of-solidity[0m
INFO:Detectors:[92m
Contract 'URUGUAY_WINS' (/unique_contracts/0x9ed65f6849b16f3fb1ed8fb6269f4ced4ef211b1.sol#3-55) is not in CapWords
Function 'URUGUAY_WINS.SimpleERC20Token' (/unique_contracts/0x9ed65f6849b16f3fb1ed8fb6269f4ced4ef211b1.sol#15-19) is not in mixedCase
Reference: https://github.com/trailofbits/slither/wiki/Detectors-Documentation#conformance-to-solidity-naming-conventions[0m
INFO:Slither:/unique_contracts/0x9ed65f6849b16f3fb1ed8fb6269f4ced4ef211b1.sol analyzed (1 contracts), 8 result(s) found