INFO:Slither:Compilation warnings/errors on /unique_chucks/46/0x30d1b797365f936300055a704a902124467b8b14.sol:
/unique_chucks/46/0x30d1b797365f936300055a704a902124467b8b14.sol:104:13: Warning: Failure condition of 'send' ignored. Consider using 'transfer' instead.
            PROMO.send(promo);
            ^---------------^
/unique_chucks/46/0x30d1b797365f936300055a704a902124467b8b14.sol:126:17: Warning: Failure condition of 'send' ignored. Consider using 'transfer' instead.
                dep.depositor.send(dep.expect); //Send money to him
                ^----------------------------^
/unique_chucks/46/0x30d1b797365f936300055a704a902124467b8b14.sol:133:17: Warning: Failure condition of 'send' ignored. Consider using 'transfer' instead.
                dep.depositor.send(money); //Send to him everything we have
                ^-----------------------^

INFO:Detectors:[92m
Multiplier.pay has external calls inside a loop:
	- dep.depositor.send(dep.expect) (/unique_chucks/46/0x30d1b797365f936300055a704a902124467b8b14.sol#148-149)
Multiplier.pay has external calls inside a loop:
	- dep.depositor.send(money) (/unique_chucks/46/0x30d1b797365f936300055a704a902124467b8b14.sol#156-157)
Reference: https://github.com/trailofbits/slither/wiki/Detectors-Documentation/_edit#calls-inside-a-loop[0m
INFO:Detectors:[92m
Multiplier.fallback (/unique_chucks/46/0x30d1b797365f936300055a704a902124467b8b14.sol#116-132) should be declared external
Multiplier.getDeposit (/unique_chucks/46/0x30d1b797365f936300055a704a902124467b8b14.sol#174-180) should be declared external
Multiplier.getDeposits (/unique_chucks/46/0x30d1b797365f936300055a704a902124467b8b14.sol) should be declared external
Multiplier.getQueueLength (/unique_chucks/46/0x30d1b797365f936300055a704a902124467b8b14.sol) should be declared external
Reference: https://github.com/trailofbits/slither/wiki/Detectors-Documentation#public-function-that-could-be-declared-as-external[0m
INFO:Slither:/unique_chucks/46/0x30d1b797365f936300055a704a902124467b8b14.sol analyzed (1 contracts), 6 result(s) found