2019-07-26 13:34:17,263: [13] m.main:INFO: Registered plugins: DetectReentrancySimple, DetectInvalid, DetectUnusedRetVal, DetectReentrancyAdvanced, DetectUninitializedStorage, DetectSuicidal, DetectExternalCallAndLeak, DetectEnvInstruction, DetectUninitializedMemory, DetectDelegatecall, DetectIntegerOverflow
2019-07-26 13:34:17,264: [13] m.main:INFO: Beginning analysis
2019-07-26 13:34:17,275: [13] m.e.manticore:INFO: Starting symbolic create contract
2019-07-26 13:34:27,590: [13] m.e.manticore:INFO: Starting symbolic transaction: 0
2019-07-26 13:36:53,169: [407] m.p.evm:WARNING: Concretizing CODECOPY's 3 argument and dropping its taints: the value might not be tracked properly (in case of using detectors)
2019-07-26 13:36:54,343: [412] m.p.evm:WARNING: Concretizing CODECOPY's 3 argument and dropping its taints: the value might not be tracked properly (in case of using detectors)
2019-07-26 13:37:01,811: [409] m.e.detectors:WARNING: INVALID instruction
2019-07-26 13:42:43,030: [418] m.e.detectors:WARNING: INVALID instruction
2019-07-26 13:46:06,326: [415] m.e.detectors:WARNING: INVALID instruction
2019-07-26 13:48:38,024: [417] m.c.worker:ERROR: Exception in state 6: EthereumError('Conditional not concretized at JMPDEST check',)
Traceback (most recent call last):
  File "/usr/local/lib/python3.6/dist-packages/manticore/core/worker.py", line 121, in run
    current_state.execute()
  File "/usr/local/lib/python3.6/dist-packages/manticore/ethereum/state.py", line 6, in execute
    return self._platform.execute()
  File "/usr/local/lib/python3.6/dist-packages/manticore/platforms/evm.py", line 2684, in execute
    self.current_vm.execute()
  File "/usr/local/lib/python3.6/dist-packages/manticore/platforms/evm.py", line 1208, in execute
    self._check_jmpdest()
  File "/usr/local/lib/python3.6/dist-packages/manticore/platforms/evm.py", line 1145, in _check_jmpdest
    raise EthereumError("Conditional not concretized at JMPDEST check")
manticore.exceptions.EthereumError: Conditional not concretized at JMPDEST check
 
2019-07-26 13:50:26,854: [415] m.e.detectors:WARNING: INVALID instruction
2019-07-26 13:54:02,922: [415] m.e.detectors:WARNING: INVALID instruction
2019-07-26 13:54:18,506: [415] m.e.detectors:WARNING: INVALID instruction
2019-07-26 13:55:02,726: [415] m.e.detectors:WARNING: INVALID instruction
2019-07-26 13:55:32,614: [415] m.e.detectors:WARNING: INVALID instruction