/unique_contracts/0xcf3dbc9dcaeb6936b8cefbf9f81b655651a92485.sol
jar:file:/usr/local/lib/node_modules/@smartdec/smartcheck/jdeploy-bundle/smartcheck-2.0-jar-with-dependencies.jar!/solidity-rules.xmlruleId: SOLIDITY_DEPRECATED_CONSTRUCTIONS
patternId: 49bd2a
severity: 1
line: 47
column: 6
content: throw

ruleId: SOLIDITY_DEPRECATED_CONSTRUCTIONS
patternId: 49bd2a
severity: 1
line: 84
column: 20
content: throw

ruleId: SOLIDITY_DEPRECATED_CONSTRUCTIONS
patternId: 49bd2a
severity: 1
line: 106
column: 6
content: throw

ruleId: SOLIDITY_DEPRECATED_CONSTRUCTIONS
patternId: 49bd2a
severity: 1
line: 133
column: 16
content: throw

ruleId: SOLIDITY_DEPRECATED_CONSTRUCTIONS
patternId: 49bd2a
severity: 1
line: 138
column: 17
content: throw

ruleId: SOLIDITY_DEPRECATED_CONSTRUCTIONS
patternId: 49bd2a
severity: 1
line: 363
column: 8
content: throw

ruleId: SOLIDITY_DEPRECATED_CONSTRUCTIONS
patternId: 49bd2a
severity: 1
line: 367
column: 8
content: throw

ruleId: SOLIDITY_DEPRECATED_CONSTRUCTIONS
patternId: 49bd2a
severity: 1
line: 373
column: 8
content: throw

ruleId: SOLIDITY_DEPRECATED_CONSTRUCTIONS
patternId: 49bd2a
severity: 1
line: 380
column: 8
content: throw

ruleId: SOLIDITY_DEPRECATED_CONSTRUCTIONS
patternId: 49bd2a
severity: 1
line: 391
column: 4
content: throw

ruleId: SOLIDITY_DEPRECATED_CONSTRUCTIONS
patternId: 49bd2a
severity: 1
line: 410
column: 8
content: throw

ruleId: SOLIDITY_DEPRECATED_CONSTRUCTIONS
patternId: 49bd2a
severity: 1
line: 417
column: 6
content: throw

ruleId: SOLIDITY_DEPRECATED_CONSTRUCTIONS
patternId: 49bd2a
severity: 1
line: 425
column: 6
content: throw

ruleId: SOLIDITY_DEPRECATED_CONSTRUCTIONS
patternId: 49bd2a
severity: 1
line: 443
column: 6
content: throw

ruleId: SOLIDITY_DEPRECATED_CONSTRUCTIONS
patternId: 49bd2a
severity: 1
line: 449
column: 40
content: throw

ruleId: SOLIDITY_DEPRECATED_CONSTRUCTIONS
patternId: 49bd2a
severity: 1
line: 492
column: 52
content: throw

ruleId: SOLIDITY_DEPRECATED_CONSTRUCTIONS
patternId: 49bd2a
severity: 1
line: 493
column: 25
content: throw

ruleId: SOLIDITY_DEPRECATED_CONSTRUCTIONS
patternId: 49bd2a
severity: 1
line: 501
column: 30
content: throw

ruleId: SOLIDITY_DEPRECATED_CONSTRUCTIONS
patternId: 49bd2a
severity: 1
line: 502
column: 24
content: throw

ruleId: SOLIDITY_DEPRECATED_CONSTRUCTIONS
patternId: 49bd2a
severity: 1
line: 510
column: 26
content: throw

ruleId: SOLIDITY_DEPRECATED_CONSTRUCTIONS
patternId: 49bd2a
severity: 1
line: 511
column: 30
content: throw

ruleId: SOLIDITY_DEPRECATED_CONSTRUCTIONS
patternId: 49bd2a
severity: 1
line: 549
column: 6
content: throw

ruleId: SOLIDITY_DEPRECATED_CONSTRUCTIONS
patternId: 49bd2a
severity: 1
line: 570
column: 6
content: throw

ruleId: SOLIDITY_DEPRECATED_CONSTRUCTIONS
patternId: 49bd2a
severity: 1
line: 618
column: 6
content: throw

ruleId: SOLIDITY_DEPRECATED_CONSTRUCTIONS
patternId: 49bd2a
severity: 1
line: 635
column: 6
content: throw

ruleId: SOLIDITY_DEPRECATED_CONSTRUCTIONS
patternId: 49bd2a
severity: 1
line: 650
column: 6
content: throw

ruleId: SOLIDITY_DEPRECATED_CONSTRUCTIONS
patternId: 49bd2a
severity: 1
line: 662
column: 23
content: throw

ruleId: SOLIDITY_DEPRECATED_CONSTRUCTIONS
patternId: 49bd2a
severity: 1
line: 671
column: 23
content: throw

ruleId: SOLIDITY_DEPRECATED_CONSTRUCTIONS
patternId: 49bd2a
severity: 1
line: 675
column: 36
content: throw

ruleId: SOLIDITY_DEPRECATED_CONSTRUCTIONS
patternId: 49bd2a
severity: 1
line: 732
column: 28
content: throw

ruleId: SOLIDITY_DEPRECATED_CONSTRUCTIONS
patternId: 49bd2a
severity: 1
line: 800
column: 7
content: throw

ruleId: SOLIDITY_DEPRECATED_CONSTRUCTIONS
patternId: 49bd2a
severity: 1
line: 835
column: 63
content: throw

ruleId: SOLIDITY_DEPRECATED_CONSTRUCTIONS
patternId: 49bd2a
severity: 1
line: 959
column: 6
content: throw

ruleId: SOLIDITY_DEPRECATED_CONSTRUCTIONS
patternId: 49bd2a
severity: 1
line: 964
column: 6
content: throw

ruleId: SOLIDITY_DEPRECATED_CONSTRUCTIONS
patternId: 49bd2a
severity: 1
line: 977
column: 6
content: throw

ruleId: SOLIDITY_DEPRECATED_CONSTRUCTIONS
patternId: 49bd2a
severity: 1
line: 989
column: 36
content: throw

ruleId: SOLIDITY_DEPRECATED_CONSTRUCTIONS
patternId: 49bd2a
severity: 1
line: 991
column: 23
content: throw

ruleId: SOLIDITY_DEPRECATED_CONSTRUCTIONS
patternId: 49bd2a
severity: 1
line: 1001
column: 6
content: throw

ruleId: SOLIDITY_DEPRECATED_CONSTRUCTIONS
patternId: 49bd2a
severity: 1
line: 1012
column: 6
content: throw

ruleId: SOLIDITY_DEPRECATED_CONSTRUCTIONS
patternId: 49bd2a
severity: 1
line: 1027
column: 6
content: throw

ruleId: SOLIDITY_DEPRECATED_CONSTRUCTIONS
patternId: 49bd2a
severity: 1
line: 1031
column: 32
content: throw

ruleId: SOLIDITY_DEPRECATED_CONSTRUCTIONS
patternId: 49bd2a
severity: 1
line: 1041
column: 6
content: throw

ruleId: SOLIDITY_DEPRECATED_CONSTRUCTIONS
patternId: 49bd2a
severity: 1
line: 1054
column: 6
content: throw

ruleId: SOLIDITY_DEPRECATED_CONSTRUCTIONS
patternId: 49bd2a
severity: 1
line: 1081
column: 6
content: throw

ruleId: SOLIDITY_DEPRECATED_CONSTRUCTIONS
patternId: 49bd2a
severity: 1
line: 1086
column: 6
content: throw

ruleId: SOLIDITY_DEPRECATED_CONSTRUCTIONS
patternId: 49bd2a
severity: 1
line: 1107
column: 38
content: throw

ruleId: SOLIDITY_DEPRECATED_CONSTRUCTIONS
patternId: 49bd2a
severity: 1
line: 1110
column: 32
content: throw

ruleId: SOLIDITY_DEPRECATED_CONSTRUCTIONS
patternId: 49bd2a
severity: 1
line: 1113
column: 31
content: throw

ruleId: SOLIDITY_DEPRECATED_CONSTRUCTIONS
patternId: 49bd2a
severity: 1
line: 1144
column: 4
content: throw

ruleId: SOLIDITY_DEPRECATED_CONSTRUCTIONS
patternId: 28fa69
severity: 1
line: 29
column: 2
content: functionmax64(uint64a,uint64b)internalconstantreturns(uint64){returna>=b?a:b;}

ruleId: SOLIDITY_DEPRECATED_CONSTRUCTIONS
patternId: 28fa69
severity: 1
line: 33
column: 2
content: functionmin64(uint64a,uint64b)internalconstantreturns(uint64){returna<b?a:b;}

ruleId: SOLIDITY_DEPRECATED_CONSTRUCTIONS
patternId: 28fa69
severity: 1
line: 37
column: 2
content: functionmax256(uint256a,uint256b)internalconstantreturns(uint256){returna>=b?a:b;}

ruleId: SOLIDITY_DEPRECATED_CONSTRUCTIONS
patternId: 28fa69
severity: 1
line: 41
column: 2
content: functionmin256(uint256a,uint256b)internalconstantreturns(uint256){returna<b?a:b;}

ruleId: SOLIDITY_DEPRECATED_CONSTRUCTIONS
patternId: 28fa69
severity: 1
line: 161
column: 2
content: functionisPricingStrategy()publicconstantreturns(bool){returntrue;}

ruleId: SOLIDITY_DEPRECATED_CONSTRUCTIONS
patternId: 28fa69
severity: 1
line: 169
column: 2
content: functionisSane(addresscrowdsale)publicconstantreturns(bool){returntrue;}

ruleId: SOLIDITY_DEPRECATED_CONSTRUCTIONS
patternId: 28fa69
severity: 1
line: 184
column: 2
content: functioncalculatePrice(uintvalue,uintweiRaised,uinttokensSold,addressmsgSender,uintdecimals)publicconstantreturns(uinttokenAmount);

ruleId: SOLIDITY_DEPRECATED_CONSTRUCTIONS
patternId: 28fa69
severity: 1
line: 197
column: 2
content: functionisFinalizeAgent()publicconstantreturns(bool){returntrue;}

ruleId: SOLIDITY_DEPRECATED_CONSTRUCTIONS
patternId: 28fa69
severity: 1
line: 206
column: 2
content: functionisSane()publicconstantreturns(bool);

ruleId: SOLIDITY_DEPRECATED_CONSTRUCTIONS
patternId: 28fa69
severity: 1
line: 222
column: 2
content: functionbalanceOf(addresswho)constantreturns(uint);

ruleId: SOLIDITY_DEPRECATED_CONSTRUCTIONS
patternId: 28fa69
severity: 1
line: 223
column: 2
content: functionallowance(addressowner,addressspender)constantreturns(uint);

ruleId: SOLIDITY_DEPRECATED_CONSTRUCTIONS
patternId: 28fa69
severity: 1
line: 681
column: 2
content: functionisMinimumGoalReached()publicconstantreturns(boolreached){returnweiRaised>=minimumFundingGoal;}

ruleId: SOLIDITY_DEPRECATED_CONSTRUCTIONS
patternId: 28fa69
severity: 1
line: 688
column: 2
content: functionisFinalizerSane()publicconstantreturns(boolsane){returnfinalizeAgent.isSane();}

ruleId: SOLIDITY_DEPRECATED_CONSTRUCTIONS
patternId: 28fa69
severity: 1
line: 695
column: 2
content: functionisPricingSane()publicconstantreturns(boolsane){returnpricingStrategy.isSane(address(this));}

ruleId: SOLIDITY_DEPRECATED_CONSTRUCTIONS
patternId: 28fa69
severity: 1
line: 704
column: 2
content: functiongetState()publicconstantreturns(State){if(finalized)returnState.Finalized;elseif(address(finalizeAgent)==0)returnState.Preparing;elseif(!finalizeAgent.isSane())returnState.Preparing;elseif(!pricingStrategy.isSane(address(this)))returnState.Preparing;elseif(block.timestamp<startsAt)returnState.PreFunding;elseif(block.timestamp<=endsAt&&!isCrowdsaleFull())returnState.Funding;elseif(isMinimumGoalReached())returnState.Success;elseif(!isMinimumGoalReached()&&weiRaised>0&&loadedRefund>=weiRaised)returnState.Refunding;elsereturnState.Failure;}

ruleId: SOLIDITY_DEPRECATED_CONSTRUCTIONS
patternId: 28fa69
severity: 1
line: 722
column: 2
content: functionisCrowdsale()publicconstantreturns(bool){returntrue;}

ruleId: SOLIDITY_DEPRECATED_CONSTRUCTIONS
patternId: 28fa69
severity: 1
line: 756
column: 2
content: functionisBreakingCap(uintweiAmount,uinttokenAmount,uintweiRaisedTotal,uinttokensSoldTotal)constantreturns(boollimitBroken);

ruleId: SOLIDITY_DEPRECATED_CONSTRUCTIONS
patternId: 28fa69
severity: 1
line: 761
column: 2
content: functionisCrowdsaleFull()publicconstantreturns(bool);

ruleId: SOLIDITY_DEPRECATED_CONSTRUCTIONS
patternId: 28fa69
severity: 1
line: 825
column: 2
content: functionbalanceOf(address_owner)constantreturns(uintbalance){returnbalances[_owner];}

ruleId: SOLIDITY_DEPRECATED_CONSTRUCTIONS
patternId: 28fa69
severity: 1
line: 842
column: 2
content: functionallowance(address_owner,address_spender)constantreturns(uintremaining){returnallowed[_owner][_spender];}

ruleId: SOLIDITY_DEPRECATED_CONSTRUCTIONS
patternId: 28fa69
severity: 1
line: 975
column: 2
content: functiongetToken()publicconstantreturns(FractionalERC20){if(address(crowdsale)==0){throw;}returncrowdsale.token();}

ruleId: SOLIDITY_DEPRECATED_CONSTRUCTIONS
patternId: 28fa69
severity: 1
line: 1050
column: 2
content: functiongetClaimAmount(addressinvestor)publicconstantreturns(uint){if(getState()!=State.Distributing){throw;}returnsafeMul(balances[investor],tokensBought)/weiRaisedTotal;}

ruleId: SOLIDITY_DEPRECATED_CONSTRUCTIONS
patternId: 28fa69
severity: 1
line: 1062
column: 2
content: functiongetClaimLeft(addressinvestor)publicconstantreturns(uint){returnsafeSub(getClaimAmount(investor),claimed[investor]);}

ruleId: SOLIDITY_ERC20_APPROVE
patternId: af782c
severity: 2
line: 829
column: 2
content: functionapprove(address_spender,uint_value)returns(boolsuccess){if((_value!=0)&&(allowed[msg.sender][_spender]!=0))throw;allowed[msg.sender][_spender]=_value;Approval(msg.sender,_spender,_value);returntrue;}

ruleId: SOLIDITY_MSGVALUE_EQUALS_ZERO
patternId: 1df89a
severity: 1
line: 662
column: 7
content: msg.value==0

ruleId: SOLIDITY_MSGVALUE_EQUALS_ZERO
patternId: 1df89a
severity: 1
line: 991
column: 7
content: msg.value==0

ruleId: SOLIDITY_OVERPOWERED_ROLE
patternId: j83hf7
severity: 2
line: 565
column: 2
content: functionsetFinalizeAgent(FinalizeAgentaddr)onlyOwner{finalizeAgent=addr;if(!finalizeAgent.isFinalizeAgent()){throw;}}

ruleId: SOLIDITY_OVERPOWERED_ROLE
patternId: j83hf7
severity: 2
line: 578
column: 2
content: functionsetRequireCustomerId(boolvalue)onlyOwner{requireCustomerId=value;InvestmentPolicyChanged(requireCustomerId,requiredSignedAddress,signerAddress);}

ruleId: SOLIDITY_OVERPOWERED_ROLE
patternId: j83hf7
severity: 2
line: 589
column: 2
content: functionsetRequireSignedAddress(boolvalue,address_signerAddress)onlyOwner{requiredSignedAddress=value;signerAddress=_signerAddress;InvestmentPolicyChanged(requireCustomerId,requiredSignedAddress,signerAddress);}

ruleId: SOLIDITY_OVERPOWERED_ROLE
patternId: j83hf7
severity: 2
line: 600
column: 2
content: functionsetEarlyParicipantWhitelist(addressaddr,boolstatus)onlyOwner{earlyParticipantWhitelist[addr]=status;Whitelisted(addr,status);}

ruleId: SOLIDITY_OVERPOWERED_ROLE
patternId: j83hf7
severity: 2
line: 615
column: 2
content: functionsetEndsAt(uinttime)onlyOwner{if(now>time){throw;}endsAt=time;EndsAtChanged(endsAt);}

ruleId: SOLIDITY_OVERPOWERED_ROLE
patternId: j83hf7
severity: 2
line: 630
column: 2
content: functionsetPricingStrategy(PricingStrategy_pricingStrategy)onlyOwner{pricingStrategy=_pricingStrategy;if(!pricingStrategy.isPricingStrategy()){throw;}}

ruleId: SOLIDITY_OVERPOWERED_ROLE
patternId: j83hf7
severity: 2
line: 646
column: 2
content: functionsetMultisig(addressaddr)publiconlyOwner{if(investorCount>MAX_INVESTMENTS_BEFORE_MULTISIG_CHANGE){throw;}multisigWallet=addr;}

ruleId: SOLIDITY_OVERPOWERED_ROLE
patternId: j83hf7
severity: 2
line: 717
column: 2
content: functionsetOwnerTestValue(uintval)onlyOwner{ownerTestValue=val;}

ruleId: SOLIDITY_OVERPOWERED_ROLE
patternId: j83hf7
severity: 2
line: 1120
column: 2
content: functionsetCrowdsale(Crowdsale_crowdsale)publiconlyOwner{crowdsale=_crowdsale;if(!crowdsale.isCrowdsale())true;}

ruleId: SOLIDITY_REVERT_REQUIRE
patternId: c56b12
severity: 1
line: 46
column: 4
content: if(!assertion){throw;}

ruleId: SOLIDITY_REVERT_REQUIRE
patternId: c56b12
severity: 1
line: 84
column: 4
content: if(!assertion)throw;

ruleId: SOLIDITY_REVERT_REQUIRE
patternId: c56b12
severity: 1
line: 105
column: 4
content: if(msg.sender!=owner){throw;}

ruleId: SOLIDITY_REVERT_REQUIRE
patternId: c56b12
severity: 1
line: 133
column: 4
content: if(halted)throw;

ruleId: SOLIDITY_REVERT_REQUIRE
patternId: c56b12
severity: 1
line: 138
column: 4
content: if(!halted)throw;

ruleId: SOLIDITY_REVERT_REQUIRE
patternId: c56b12
severity: 1
line: 362
column: 4
content: if(multisigWallet==0){throw;}

ruleId: SOLIDITY_REVERT_REQUIRE
patternId: c56b12
severity: 1
line: 366
column: 4
content: if(_start==0){throw;}

ruleId: SOLIDITY_REVERT_REQUIRE
patternId: c56b12
severity: 1
line: 372
column: 4
content: if(_end==0){throw;}

ruleId: SOLIDITY_REVERT_REQUIRE
patternId: c56b12
severity: 1
line: 379
column: 4
content: if(startsAt>=endsAt){throw;}

ruleId: SOLIDITY_REVERT_REQUIRE
patternId: c56b12
severity: 1
line: 409
column: 6
content: if(!earlyParticipantWhitelist[receiver]){throw;}

ruleId: SOLIDITY_REVERT_REQUIRE
patternId: c56b12
severity: 1
line: 412
column: 11
content: if(getState()==State.Funding){}else{throw;}

ruleId: SOLIDITY_REVERT_REQUIRE
patternId: c56b12
severity: 1
line: 423
column: 4
content: if(tokenAmount==0){throw;}

ruleId: SOLIDITY_REVERT_REQUIRE
patternId: c56b12
severity: 1
line: 442
column: 4
content: if(isBreakingCap(weiAmount,tokenAmount,weiRaised,tokensSold)){throw;}

ruleId: SOLIDITY_REVERT_REQUIRE
patternId: c56b12
severity: 1
line: 449
column: 4
content: if(!multisigWallet.send(weiAmount))throw;

ruleId: SOLIDITY_REVERT_REQUIRE
patternId: c56b12
severity: 1
line: 492
column: 5
content: if(ecrecover(hash,v,r,s)!=signerAddress)throw;

ruleId: SOLIDITY_REVERT_REQUIRE
patternId: c56b12
severity: 1
line: 493
column: 5
content: if(customerId==0)throw;

ruleId: SOLIDITY_REVERT_REQUIRE
patternId: c56b12
severity: 1
line: 501
column: 4
content: if(requiredSignedAddress)throw;

ruleId: SOLIDITY_REVERT_REQUIRE
patternId: c56b12
severity: 1
line: 502
column: 4
content: if(customerId==0)throw;

ruleId: SOLIDITY_REVERT_REQUIRE
patternId: c56b12
severity: 1
line: 510
column: 4
content: if(requireCustomerId)throw;

ruleId: SOLIDITY_REVERT_REQUIRE
patternId: c56b12
severity: 1
line: 511
column: 4
content: if(requiredSignedAddress)throw;

ruleId: SOLIDITY_REVERT_REQUIRE
patternId: c56b12
severity: 1
line: 548
column: 4
content: if(finalized){throw;}

ruleId: SOLIDITY_REVERT_REQUIRE
patternId: c56b12
severity: 1
line: 569
column: 4
content: if(!finalizeAgent.isFinalizeAgent()){throw;}

ruleId: SOLIDITY_REVERT_REQUIRE
patternId: c56b12
severity: 1
line: 617
column: 4
content: if(now>time){throw;}

ruleId: SOLIDITY_REVERT_REQUIRE
patternId: c56b12
severity: 1
line: 634
column: 4
content: if(!pricingStrategy.isPricingStrategy()){throw;}

ruleId: SOLIDITY_REVERT_REQUIRE
patternId: c56b12
severity: 1
line: 649
column: 4
content: if(investorCount>MAX_INVESTMENTS_BEFORE_MULTISIG_CHANGE){throw;}

ruleId: SOLIDITY_REVERT_REQUIRE
patternId: c56b12
severity: 1
line: 662
column: 4
content: if(msg.value==0)throw;

ruleId: SOLIDITY_REVERT_REQUIRE
patternId: c56b12
severity: 1
line: 671
column: 4
content: if(weiValue==0)throw;

ruleId: SOLIDITY_REVERT_REQUIRE
patternId: c56b12
severity: 1
line: 675
column: 4
content: if(!msg.sender.send(weiValue))throw;

ruleId: SOLIDITY_REVERT_REQUIRE
patternId: c56b12
severity: 1
line: 732
column: 4
content: if(getState()!=state)throw;

ruleId: SOLIDITY_REVERT_REQUIRE
patternId: c56b12
severity: 1
line: 799
column: 5
content: if(msg.data.length<size+4){throw;}

ruleId: SOLIDITY_REVERT_REQUIRE
patternId: c56b12
severity: 1
line: 835
column: 4
content: if((_value!=0)&&(allowed[msg.sender][_spender]!=0))throw;

ruleId: SOLIDITY_REVERT_REQUIRE
patternId: c56b12
severity: 1
line: 958
column: 4
content: if(_freezeEndsAt==0){throw;}

ruleId: SOLIDITY_REVERT_REQUIRE
patternId: c56b12
severity: 1
line: 963
column: 4
content: if(_weiMinimumLimit==0){throw;}

ruleId: SOLIDITY_REVERT_REQUIRE
patternId: c56b12
severity: 1
line: 976
column: 4
content: if(address(crowdsale)==0){throw;}

ruleId: SOLIDITY_REVERT_REQUIRE
patternId: c56b12
severity: 1
line: 989
column: 4
content: if(getState()!=State.Funding)throw;

ruleId: SOLIDITY_REVERT_REQUIRE
patternId: c56b12
severity: 1
line: 991
column: 4
content: if(msg.value==0)throw;

ruleId: SOLIDITY_REVERT_REQUIRE
patternId: c56b12
severity: 1
line: 1000
column: 4
content: if(balances[investor]<weiMinimumLimit){throw;}

ruleId: SOLIDITY_REVERT_REQUIRE
patternId: c56b12
severity: 1
line: 1011
column: 4
content: if(weiRaisedTotal>weiCap){throw;}

ruleId: SOLIDITY_REVERT_REQUIRE
patternId: c56b12
severity: 1
line: 1025
column: 4
content: if(getState()!=State.Funding){throw;}

ruleId: SOLIDITY_REVERT_REQUIRE
patternId: c56b12
severity: 1
line: 1031
column: 4
content: if(address(crowdsale)==0)throw;

ruleId: SOLIDITY_REVERT_REQUIRE
patternId: c56b12
severity: 1
line: 1039
column: 4
content: if(tokensBought==0){throw;}

ruleId: SOLIDITY_REVERT_REQUIRE
patternId: c56b12
severity: 1
line: 1053
column: 4
content: if(getState()!=State.Distributing){throw;}

ruleId: SOLIDITY_REVERT_REQUIRE
patternId: c56b12
severity: 1
line: 1080
column: 4
content: if(amount==0){throw;}

ruleId: SOLIDITY_REVERT_REQUIRE
patternId: c56b12
severity: 1
line: 1084
column: 4
content: if(getClaimLeft(investor)<amount){throw;}

ruleId: SOLIDITY_REVERT_REQUIRE
patternId: c56b12
severity: 1
line: 1107
column: 4
content: if(getState()!=State.Refunding)throw;

ruleId: SOLIDITY_REVERT_REQUIRE
patternId: c56b12
severity: 1
line: 1110
column: 4
content: if(balances[investor]==0)throw;

ruleId: SOLIDITY_REVERT_REQUIRE
patternId: c56b12
severity: 1
line: 1113
column: 4
content: if(!investor.send(amount))throw;

ruleId: SOLIDITY_VISIBILITY
patternId: 910067
severity: 1
line: 66
column: 2
content: functiontimes(uinta,uintb)returns(uint){uintc=a*b;assert(a==0||c/a==b);returnc;}

ruleId: SOLIDITY_VISIBILITY
patternId: 910067
severity: 1
line: 72
column: 2
content: functionminus(uinta,uintb)returns(uint){assert(b<=a);returna-b;}

ruleId: SOLIDITY_VISIBILITY
patternId: 910067
severity: 1
line: 77
column: 2
content: functionplus(uinta,uintb)returns(uint){uintc=a+b;assert(c>=a);returnc;}

ruleId: SOLIDITY_VISIBILITY
patternId: 910067
severity: 1
line: 100
column: 2
content: functionOwnable(){owner=msg.sender;}

ruleId: SOLIDITY_VISIBILITY
patternId: 910067
severity: 1
line: 111
column: 2
content: functiontransferOwnership(addressnewOwner)onlyOwner{if(newOwner!=address(0)){owner=newOwner;}}

ruleId: SOLIDITY_VISIBILITY
patternId: 910067
severity: 1
line: 209
column: 2
content: functionfinalizeCrowdsale();

ruleId: SOLIDITY_VISIBILITY
patternId: 910067
severity: 1
line: 222
column: 2
content: functionbalanceOf(addresswho)constantreturns(uint);

ruleId: SOLIDITY_VISIBILITY
patternId: 910067
severity: 1
line: 223
column: 2
content: functionallowance(addressowner,addressspender)constantreturns(uint);

ruleId: SOLIDITY_VISIBILITY
patternId: 910067
severity: 1
line: 225
column: 2
content: functiontransfer(addressto,uintvalue)returns(boolok);

ruleId: SOLIDITY_VISIBILITY
patternId: 910067
severity: 1
line: 226
column: 2
content: functiontransferFrom(addressfrom,addressto,uintvalue)returns(boolok);

ruleId: SOLIDITY_VISIBILITY
patternId: 910067
severity: 1
line: 227
column: 2
content: functionapprove(addressspender,uintvalue)returns(boolok);

ruleId: SOLIDITY_VISIBILITY
patternId: 910067
severity: 1
line: 353
column: 2
content: functionCrowdsale(address_token,PricingStrategy_pricingStrategy,address_multisigWallet,uint_start,uint_end,uint_minimumFundingGoal){owner=msg.sender;token=FractionalERC20(_token);setPricingStrategy(_pricingStrategy);multisigWallet=_multisigWallet;if(multisigWallet==0){throw;}if(_start==0){throw;}startsAt=_start;if(_end==0){throw;}endsAt=_end;if(startsAt>=endsAt){throw;}minimumFundingGoal=_minimumFundingGoal;}

ruleId: SOLIDITY_VISIBILITY
patternId: 910067
severity: 1
line: 390
column: 2
content: function()payable{throw;}

ruleId: SOLIDITY_VISIBILITY
patternId: 910067
severity: 1
line: 565
column: 2
content: functionsetFinalizeAgent(FinalizeAgentaddr)onlyOwner{finalizeAgent=addr;if(!finalizeAgent.isFinalizeAgent()){throw;}}

ruleId: SOLIDITY_VISIBILITY
patternId: 910067
severity: 1
line: 578
column: 2
content: functionsetRequireCustomerId(boolvalue)onlyOwner{requireCustomerId=value;InvestmentPolicyChanged(requireCustomerId,requiredSignedAddress,signerAddress);}

ruleId: SOLIDITY_VISIBILITY
patternId: 910067
severity: 1
line: 589
column: 2
content: functionsetRequireSignedAddress(boolvalue,address_signerAddress)onlyOwner{requiredSignedAddress=value;signerAddress=_signerAddress;InvestmentPolicyChanged(requireCustomerId,requiredSignedAddress,signerAddress);}

ruleId: SOLIDITY_VISIBILITY
patternId: 910067
severity: 1
line: 600
column: 2
content: functionsetEarlyParicipantWhitelist(addressaddr,boolstatus)onlyOwner{earlyParticipantWhitelist[addr]=status;Whitelisted(addr,status);}

ruleId: SOLIDITY_VISIBILITY
patternId: 910067
severity: 1
line: 615
column: 2
content: functionsetEndsAt(uinttime)onlyOwner{if(now>time){throw;}endsAt=time;EndsAtChanged(endsAt);}

ruleId: SOLIDITY_VISIBILITY
patternId: 910067
severity: 1
line: 630
column: 2
content: functionsetPricingStrategy(PricingStrategy_pricingStrategy)onlyOwner{pricingStrategy=_pricingStrategy;if(!pricingStrategy.isPricingStrategy()){throw;}}

ruleId: SOLIDITY_VISIBILITY
patternId: 910067
severity: 1
line: 717
column: 2
content: functionsetOwnerTestValue(uintval)onlyOwner{ownerTestValue=val;}

ruleId: SOLIDITY_VISIBILITY
patternId: 910067
severity: 1
line: 756
column: 2
content: functionisBreakingCap(uintweiAmount,uinttokenAmount,uintweiRaisedTotal,uinttokensSoldTotal)constantreturns(boollimitBroken);

ruleId: SOLIDITY_VISIBILITY
patternId: 910067
severity: 1
line: 805
column: 2
content: functiontransfer(address_to,uint_value)onlyPayloadSize(2*32)returns(boolsuccess){balances[msg.sender]=safeSub(balances[msg.sender],_value);balances[_to]=safeAdd(balances[_to],_value);Transfer(msg.sender,_to,_value);returntrue;}

ruleId: SOLIDITY_VISIBILITY
patternId: 910067
severity: 1
line: 812
column: 2
content: functiontransferFrom(address_from,address_to,uint_value)returns(boolsuccess){uint_allowance=allowed[_from][msg.sender];balances[_to]=safeAdd(balances[_to],_value);balances[_from]=safeSub(balances[_from],_value);allowed[_from][msg.sender]=safeSub(_allowance,_value);Transfer(_from,_to,_value);returntrue;}

ruleId: SOLIDITY_VISIBILITY
patternId: 910067
severity: 1
line: 825
column: 2
content: functionbalanceOf(address_owner)constantreturns(uintbalance){returnbalances[_owner];}

ruleId: SOLIDITY_VISIBILITY
patternId: 910067
severity: 1
line: 829
column: 2
content: functionapprove(address_spender,uint_value)returns(boolsuccess){if((_value!=0)&&(allowed[msg.sender][_spender]!=0))throw;allowed[msg.sender][_spender]=_value;Approval(msg.sender,_spender,_value);returntrue;}

ruleId: SOLIDITY_VISIBILITY
patternId: 910067
severity: 1
line: 842
column: 2
content: functionallowance(address_owner,address_spender)constantreturns(uintremaining){returnallowed[_owner][_spender];}

ruleId: SOLIDITY_VISIBILITY
patternId: 910067
severity: 1
line: 852
column: 2
content: functionaddApproval(address_spender,uint_addedValue)onlyPayloadSize(2*32)returns(boolsuccess){uintoldValue=allowed[msg.sender][_spender];allowed[msg.sender][_spender]=safeAdd(oldValue,_addedValue);Approval(msg.sender,_spender,allowed[msg.sender][_spender]);returntrue;}

ruleId: SOLIDITY_VISIBILITY
patternId: 910067
severity: 1
line: 866
column: 2
content: functionsubApproval(address_spender,uint_subtractedValue)onlyPayloadSize(2*32)returns(boolsuccess){uintoldVal=allowed[msg.sender][_spender];if(_subtractedValue>oldVal){allowed[msg.sender][_spender]=0;}else{allowed[msg.sender][_spender]=safeSub(oldVal,_subtractedValue);}Approval(msg.sender,_spender,allowed[msg.sender][_spender]);returntrue;}

ruleId: SOLIDITY_VISIBILITY
patternId: 910067
severity: 1
line: 953
column: 2
content: functionPreICOProxyBuyer(address_owner,uint_freezeEndsAt,uint_weiMinimumLimit,uint_weiCap){owner=_owner;if(_freezeEndsAt==0){throw;}if(_weiMinimumLimit==0){throw;}weiMinimumLimit=_weiMinimumLimit;weiCap=_weiCap;freezeEndsAt=_freezeEndsAt;}

ruleId: SOLIDITY_VISIBILITY
patternId: 910067
severity: 1
line: 1069
column: 2
content: functionclaimAll(){claim(getClaimLeft(msg.sender));}

ruleId: SOLIDITY_VISIBILITY
patternId: 910067
severity: 1
line: 1077
column: 2
content: functionclaim(uintamount)stopInEmergency{addressinvestor=msg.sender;if(amount==0){throw;}if(getClaimLeft(investor)<amount){throw;}if(claimed[investor]==0){claimCount++;}claimed[investor]=safeAdd(claimed[investor],amount);totalClaimed=safeAdd(totalClaimed,amount);getToken().transfer(investor,amount);Distributed(investor,amount);}

ruleId: SOLIDITY_VISIBILITY
patternId: 910067
severity: 1
line: 1104
column: 2
content: functionrefund()stopInEmergency{if(getState()!=State.Refunding)throw;addressinvestor=msg.sender;if(balances[investor]==0)throw;uintamount=balances[investor];deletebalances[investor];if(!investor.send(amount))throw;Refunded(investor,amount);}

ruleId: SOLIDITY_VISIBILITY
patternId: 910067
severity: 1
line: 1143
column: 2
content: function()payable{throw;}

ruleId: SOLIDITY_VISIBILITY
patternId: b51ce0
severity: 1
line: 787
column: 2
content: mapping(address=>uint)balances;

ruleId: SOLIDITY_VISIBILITY
patternId: b51ce0
severity: 1
line: 790
column: 2
content: mapping(address=>mapping(address=>uint))allowed;

SOLIDITY_VISIBILITY :35
SOLIDITY_MSGVALUE_EQUALS_ZERO :2
SOLIDITY_OVERPOWERED_ROLE :9
SOLIDITY_DEPRECATED_CONSTRUCTIONS :72
SOLIDITY_REVERT_REQUIRE :47
SOLIDITY_ERC20_APPROVE :1