INFO:Slither:Compilation warnings/errors on /unique_chucks/24/0xca7cb1e66ec971b4ce520f573b72054df33078f2.sol:
/unique_chucks/24/0xca7cb1e66ec971b4ce520f573b72054df33078f2.sol:21:3: Warning: Defining constructors as functions with the same name as the contract is deprecated. Use "constructor(...) { ... }" instead.
  function Ownable() {
  ^ (Relevant source part starts here and spans across multiple lines).
/unique_chucks/24/0xca7cb1e66ec971b4ce520f573b72054df33078f2.sol:41:5: Warning: Invoking events without "emit" prefix is deprecated.
    OwnershipTransferred(owner, newOwner);
    ^-----------------------------------^
/unique_chucks/24/0xca7cb1e66ec971b4ce520f573b72054df33078f2.sol:81:5: Warning: Invoking events without "emit" prefix is deprecated.
    Pause();
    ^-----^
/unique_chucks/24/0xca7cb1e66ec971b4ce520f573b72054df33078f2.sol:89:5: Warning: Invoking events without "emit" prefix is deprecated.
    Unpause();
    ^-------^
/unique_chucks/24/0xca7cb1e66ec971b4ce520f573b72054df33078f2.sol:142:9: Warning: Invoking events without "emit" prefix is deprecated.
        MonethaAddressSet(_address, _isMonethaAddress);
        ^--------------------------------------------^
/unique_chucks/24/0xca7cb1e66ec971b4ce520f573b72054df33078f2.sol:155:17: Warning: Using contract member "balance" inherited from the address type is deprecated. Convert the contract to "address" type to access the member, for example use "address(contract).balance" instead.
        require(this.balance == 0);
                ^----------^
/unique_chucks/24/0xca7cb1e66ec971b4ce520f573b72054df33078f2.sol:266:26: Warning: This function only accepts a single "bytes" argument. Please use "abi.encodePacked(...)" or a similar function to encode the data.
        merchantIdHash = keccak256(_merchantId);
                         ^--------------------^
/unique_chucks/24/0xca7cb1e66ec971b4ce520f573b72054df33078f2.sol:266:26: Warning: The provided argument of type string memory is not implicitly convertible to expected type bytes memory.
        merchantIdHash = keccak256(_merchantId);
                         ^--------------------^
/unique_chucks/24/0xca7cb1e66ec971b4ce520f573b72054df33078f2.sol:21:3: Warning: No visibility specified. Defaulting to "public". 
  function Ownable() {
  ^ (Relevant source part starts here and spans across multiple lines).

INFO:Detectors:[91m
MerchantWallet.doWithdrawal (/unique_chucks/24/0xca7cb1e66ec971b4ce520f573b72054df33078f2.sol#342-348) sends eth to arbitrary user
	Dangerous calls:
	- beneficiary.transfer(amount) (/unique_chucks/24/0xca7cb1e66ec971b4ce520f573b72054df33078f2.sol#347-348)
Reference: https://github.com/trailofbits/slither/wiki/Detectors-Documentation#functions-that-send-ether-to-arbitrary-destinations[0m
INFO:Detectors:[93m
SafeDestructible.destroy (/unique_chucks/24/0xca7cb1e66ec971b4ce520f573b72054df33078f2.sol#163-168) uses a dangerous strict equality:
	- require(bool)(this.balance == 0)
Reference: https://github.com/trailofbits/slither/wiki/Detectors-Documentation#dangerous-strict-equalities[0m
INFO:Detectors:[93m
MerchantWallet.withdrawAllTokensToExchange (/unique_chucks/24/0xca7cb1e66ec971b4ce520f573b72054df33078f2.sol#377-390) does not use the value returned by external calls:
	-ERC20(_tokenAddress).transfer(_depositAccount,balance) (/unique_chucks/24/0xca7cb1e66ec971b4ce520f573b72054df33078f2.sol#390)
Reference: https://github.com/trailofbits/slither/wiki/Detectors-Documentation#unused-return[0m
INFO:Detectors:[92m
Ownable.transferOwnership (/unique_chucks/24/0xca7cb1e66ec971b4ce520f573b72054df33078f2.sol#39-47) should be declared external
Pausable.pause (/unique_chucks/24/0xca7cb1e66ec971b4ce520f573b72054df33078f2.sol#81-87) should be declared external
Pausable.unpause (/unique_chucks/24/0xca7cb1e66ec971b4ce520f573b72054df33078f2.sol#90-96) should be declared external
Contactable.setContactInformation (/unique_chucks/24/0xca7cb1e66ec971b4ce520f573b72054df33078f2.sol#111-118) should be declared external
Restricted.setMonethaAddress (/unique_chucks/24/0xca7cb1e66ec971b4ce520f573b72054df33078f2.sol#140-151) should be declared external
SafeDestructible.destroy (/unique_chucks/24/0xca7cb1e66ec971b4ce520f573b72054df33078f2.sol#163-168) should be declared external
ERC20.totalSupply (/unique_chucks/24/0xca7cb1e66ec971b4ce520f573b72054df33078f2.sol#170-172) should be declared external
ERC20.decimals (/unique_chucks/24/0xca7cb1e66ec971b4ce520f573b72054df33078f2.sol#172-174) should be declared external
ERC20.balanceOf (/unique_chucks/24/0xca7cb1e66ec971b4ce520f573b72054df33078f2.sol#175) should be declared external
ERC20.allowance (/unique_chucks/24/0xca7cb1e66ec971b4ce520f573b72054df33078f2.sol#177-180) should be declared external
ERC20.transfer (/unique_chucks/24/0xca7cb1e66ec971b4ce520f573b72054df33078f2.sol#180-181) should be declared external
ERC20.approve (/unique_chucks/24/0xca7cb1e66ec971b4ce520f573b72054df33078f2.sol#181-185) should be declared external
ERC20.transferFrom (/unique_chucks/24/0xca7cb1e66ec971b4ce520f573b72054df33078f2.sol#186-191) should be declared external
Reference: https://github.com/trailofbits/slither/wiki/Detectors-Documentation#public-function-that-could-be-declared-as-external[0m
INFO:Detectors:[92m
Function 'Ownable.Ownable' (/unique_chucks/24/0xca7cb1e66ec971b4ce520f573b72054df33078f2.sol#21-27) is not in mixedCase
Parameter '_address' of Restricted.setMonethaAddress (/unique_chucks/24/0xca7cb1e66ec971b4ce520f573b72054df33078f2.sol#142) is not in mixedCase
Parameter '_isMonethaAddress' of Restricted.setMonethaAddress (/unique_chucks/24/0xca7cb1e66ec971b4ce520f573b72054df33078f2.sol#142-143) is not in mixedCase
Parameter '_merchantAccount' of MerchantWallet. (/unique_chucks/24/0xca7cb1e66ec971b4ce520f573b72054df33078f2.sol#266-268) is not in mixedCase
Parameter '_merchantId' of MerchantWallet. (/unique_chucks/24/0xca7cb1e66ec971b4ce520f573b72054df33078f2.sol#268) is not in mixedCase
Parameter '_fundAddress' of MerchantWallet. (/unique_chucks/24/0xca7cb1e66ec971b4ce520f573b72054df33078f2.sol#268-269) is not in mixedCase
Parameter 'min_amount' of MerchantWallet.withdrawAllToExchange (/unique_chucks/24/0xca7cb1e66ec971b4ce520f573b72054df33078f2.sol#370) is not in mixedCase
Parameter '_tokenAddress' of MerchantWallet.withdrawAllTokensToExchange (/unique_chucks/24/0xca7cb1e66ec971b4ce520f573b72054df33078f2.sol#380-381) is not in mixedCase
Parameter '_depositAccount' of MerchantWallet.withdrawAllTokensToExchange (/unique_chucks/24/0xca7cb1e66ec971b4ce520f573b72054df33078f2.sol#381) is not in mixedCase
Parameter '_minAmount' of MerchantWallet.withdrawAllTokensToExchange (/unique_chucks/24/0xca7cb1e66ec971b4ce520f573b72054df33078f2.sol#381-382) is not in mixedCase
Reference: https://github.com/trailofbits/slither/wiki/Detectors-Documentation#conformance-to-solidity-naming-conventions[0m
INFO:Detectors:[92m
MerchantWallet.VERSION (/unique_chucks/24/0xca7cb1e66ec971b4ce520f573b72054df33078f2.sol#213-215) is never used in MerchantWallet
Reference: https://github.com/trailofbits/slither/wiki/Detectors-Documentation#unused-state-variables[0m
INFO:Slither:/unique_chucks/24/0xca7cb1e66ec971b4ce520f573b72054df33078f2.sol analyzed (7 contracts), 27 result(s) found