INFO:Slither:Compilation warnings/errors on /unique_chucks/35/0xe4b260f9205293c15010b75df30804df9009ea2d.sol:
[91m/unique_chucks/35/0xe4b260f9205293c15010b75df30804df9009ea2d.sol:1:1: Error: Source file requires different compiler version (current compiler is 0.4.25+commit.59dbf8f1.Linux.g++ - note that nightly builds are considered to be strictly less than the released version[0m
pragma solidity 0.4.11;
^---------------------^
/unique_chucks/35/0xe4b260f9205293c15010b75df30804df9009ea2d.sol:6:2: Warning: Defining constructors as functions with the same name as the contract is deprecated. Use "constructor(...) { ... }" instead.
	function admined(){
 ^ (Relevant source part starts here and spans across multiple lines).
/unique_chucks/35/0xe4b260f9205293c15010b75df30804df9009ea2d.sol:11:27: Warning: "throw" is deprecated in favour of "revert()", "require()" and "assert()".
		if(msg.sender != admin) throw;
		                        ^---^
/unique_chucks/35/0xe4b260f9205293c15010b75df30804df9009ea2d.sol:32:2: Warning: Defining constructors as functions with the same name as the contract is deprecated. Use "constructor(...) { ... }" instead.
	function Token(uint256 initialSupply, string tokenName, string tokenSymbol, uint8 decimalUnits){
 ^ (Relevant source part starts here and spans across multiple lines).
/unique_chucks/35/0xe4b260f9205293c15010b75df30804df9009ea2d.sol:41:38: Warning: "throw" is deprecated in favour of "revert()", "require()" and "assert()".
		if(balanceOf[msg.sender] < _value) throw;
		                                   ^---^
/unique_chucks/35/0xe4b260f9205293c15010b75df30804df9009ea2d.sol:42:48: Warning: "throw" is deprecated in favour of "revert()", "require()" and "assert()".
		if(balanceOf[_to] + _value < balanceOf[_to]) throw;
		                                             ^---^
/unique_chucks/35/0xe4b260f9205293c15010b75df30804df9009ea2d.sol:55:2: Warning: Defining constructors as functions with the same name as the contract is deprecated. Use "constructor(...) { ... }" instead.
	function AssetToken(uint256 initialSupply, string tokenName, string tokenSymbol, uint8 decimalUnits, address centralAdmin) Token (0, tokenName, tokenSymbol, decimalUnits ){
 ^ (Relevant source part starts here and spans across multiple lines).
/unique_chucks/35/0xe4b260f9205293c15010b75df30804df9009ea2d.sol:73:34: Warning: "throw" is deprecated in favour of "revert()", "require()" and "assert()".
		if(balanceOf[msg.sender] <= 0) throw;
		                               ^---^
/unique_chucks/35/0xe4b260f9205293c15010b75df30804df9009ea2d.sol:74:38: Warning: "throw" is deprecated in favour of "revert()", "require()" and "assert()".
		if(balanceOf[msg.sender] < _value) throw;
		                                   ^---^
/unique_chucks/35/0xe4b260f9205293c15010b75df30804df9009ea2d.sol:75:48: Warning: "throw" is deprecated in favour of "revert()", "require()" and "assert()".
		if(balanceOf[_to] + _value < balanceOf[_to]) throw;
		                                             ^---^
/unique_chucks/35/0xe4b260f9205293c15010b75df30804df9009ea2d.sol:47:3: Warning: Invoking events without "emit" prefix is deprecated.
		Transfer(msg.sender, _to, _value);
		^-------------------------------^
/unique_chucks/35/0xe4b260f9205293c15010b75df30804df9009ea2d.sol:68:3: Warning: Invoking events without "emit" prefix is deprecated.
		Transfer(0, this, mintedAmount);
		^-----------------------------^
/unique_chucks/35/0xe4b260f9205293c15010b75df30804df9009ea2d.sol:69:3: Warning: Invoking events without "emit" prefix is deprecated.
		Transfer(this, target, mintedAmount);
		^----------------------------------^
/unique_chucks/35/0xe4b260f9205293c15010b75df30804df9009ea2d.sol:79:3: Warning: Invoking events without "emit" prefix is deprecated.
		Transfer(msg.sender, _to, _value);
		^-------------------------------^

INFO:SlitherSolcParsing:No contract were found in /unique_chucks/35/0xe4b260f9205293c15010b75df30804df9009ea2d.sol, check the correct compilation
WARNING:Slither:[91mNo contract was analyzed[0m
INFO:Slither:/unique_chucks/35/0xe4b260f9205293c15010b75df30804df9009ea2d.sol analyzed (0 contracts), 0 result(s) found