2019-07-17 10:41:07,572: [13] m.main:INFO: Registered plugins: DetectReentrancyAdvanced, DetectUninitializedStorage, DetectExternalCallAndLeak, DetectDelegatecall, DetectUninitializedMemory, DetectSuicidal, DetectUnusedRetVal, DetectIntegerOverflow, DetectEnvInstruction, DetectReentrancySimple, DetectInvalid
2019-07-17 10:41:07,572: [13] m.main:INFO: Beginning analysis
2019-07-17 10:41:07,645: [13] m.e.manticore:INFO: Starting symbolic create contract
2019-07-17 10:41:10,871: [13] m.e.manticore:INFO: Starting symbolic transaction: 0
2019-07-17 10:41:19,449: [395] m.e.detectors:WARNING: INVALID instruction
2019-07-17 10:41:20,344: [396] m.e.detectors:WARNING: Warning TIMESTAMP instruction used
2019-07-17 10:41:39,253: [383] m.e.detectors:WARNING: Reachable ether leak to sender
2019-07-17 10:41:52,942: [13] m.e.manticore:INFO: 3 alive states, 5 terminated states
2019-07-17 10:41:53,850: [13] m.e.manticore:INFO: Starting symbolic transaction: 1
2019-07-17 10:42:16,433: [1682] m.e.detectors:WARNING: INVALID instruction
2019-07-17 10:42:18,817: [1685] m.e.detectors:WARNING: INVALID instruction
2019-07-17 10:42:21,240: [1687] m.e.detectors:WARNING: INVALID instruction
2019-07-17 10:42:22,338: [1688] m.e.detectors:WARNING: Warning TIMESTAMP instruction used
2019-07-17 10:42:25,431: [1686] m.e.detectors:WARNING: Warning TIMESTAMP instruction used
2019-07-17 10:42:29,392: [1672] m.e.detectors:WARNING: Warning TIMESTAMP instruction used
2019-07-17 10:43:28,427: [1679] m.e.detectors:WARNING: Reachable ether leak to sender
2019-07-17 10:43:36,329: [1687] m.e.detectors:WARNING: Reachable ether leak to sender
2019-07-17 10:43:51,939: [1684] m.e.detectors:WARNING: Reachable ether leak to sender
2019-07-17 10:44:33,550: [13] m.e.manticore:INFO: 9 alive states, 20 terminated states
2019-07-17 10:44:34,824: [5061] m.c.manticore:INFO: Generated testcase No. 0 - STOP(3 txs)
2019-07-17 10:44:34,983: [5060] m.c.manticore:INFO: Generated testcase No. 1 - STOP(3 txs)
2019-07-17 10:44:35,400: [5080] m.c.manticore:INFO: Generated testcase No. 5 - RETURN(3 txs)
2019-07-17 10:44:35,401: [5065] m.c.manticore:INFO: Generated testcase No. 2 - RETURN(3 txs)
2019-07-17 10:44:35,477: [5062] m.c.manticore:INFO: Generated testcase No. 6 - RETURN(3 txs)
2019-07-17 10:44:35,518: [5068] m.c.manticore:INFO: Generated testcase No. 3 - STOP(3 txs)
2019-07-17 10:44:35,602: [5070] m.c.manticore:INFO: Generated testcase No. 4 - RETURN(3 txs)
2019-07-17 10:44:35,592: [5079] m.c.manticore:INFO: Generated testcase No. 8 - RETURN(3 txs)
2019-07-17 10:44:35,606: [5073] m.c.manticore:INFO: Generated testcase No. 7 - RETURN(3 txs)
2019-07-17 10:44:35,805: [5076] m.c.manticore:INFO: Generated testcase No. 9 - RETURN(1 txs)
2019-07-17 10:45:12,282: [5076] m.c.manticore:INFO: Generated testcase No. 10 - REVERT(2 txs)
2019-07-17 10:45:25,608: [5073] m.c.manticore:INFO: Generated testcase No. 11 - REVERT(2 txs)
2019-07-17 10:45:27,624: [5080] m.c.manticore:INFO: Generated testcase No. 12 - REVERT(2 txs)
2019-07-17 10:45:28,626: [5062] m.c.manticore:INFO: Generated testcase No. 13 - THROW(2 txs)
2019-07-17 10:45:29,202: [5061] m.c.manticore:INFO: Generated testcase No. 14 - RETURN(2 txs)
2019-07-17 10:45:30,201: [5065] m.c.manticore:INFO: Generated testcase No. 15 - RETURN(2 txs)
2019-07-17 10:45:30,499: [5060] m.c.manticore:INFO: Generated testcase No. 16 - STOP(2 txs)
2019-07-17 10:45:32,201: [5070] m.c.manticore:INFO: Generated testcase No. 17 - REVERT(3 txs)
2019-07-17 10:45:32,812: [5068] m.c.manticore:INFO: Generated testcase No. 18 - REVERT(3 txs)
2019-07-17 10:45:34,902: [5079] m.c.manticore:INFO: Generated testcase No. 19 - REVERT(3 txs)
2019-07-17 10:46:00,612: [5076] m.c.manticore:INFO: Generated testcase No. 20 - REVERT(3 txs)
2019-07-17 10:46:04,120: [5073] m.c.manticore:INFO: Generated testcase No. 21 - REVERT(3 txs)
2019-07-17 10:46:06,808: [5080] m.c.manticore:INFO: Generated testcase No. 22 - REVERT(3 txs)
2019-07-17 10:46:13,696: [5065] m.c.manticore:INFO: Generated testcase No. 23 - THROW(3 txs)
2019-07-17 10:46:14,193: [5062] m.c.manticore:INFO: Generated testcase No. 24 - REVERT(3 txs)
2019-07-17 10:46:16,083: [5060] m.c.manticore:INFO: Generated testcase No. 25 - REVERT(3 txs)
2019-07-17 10:46:19,582: [5061] m.c.manticore:INFO: Generated testcase No. 26 - REVERT(3 txs)
2019-07-17 10:46:23,782: [5070] m.c.manticore:INFO: Generated testcase No. 27 - THROW(3 txs)
2019-07-17 10:46:28,610: [5068] m.c.manticore:INFO: Generated testcase No. 28 - THROW(3 txs)
2019-07-17 10:47:01,658: [13] m.c.manticore:INFO: Results in /mcore_ulu00s36