2019-07-26 03:42:40,939: [12] m.main:INFO: Registered plugins: DetectEnvInstruction, DetectExternalCallAndLeak, DetectReentrancySimple, DetectInvalid, DetectSuicidal, DetectDelegatecall, DetectUnusedRetVal, DetectUninitializedStorage, DetectIntegerOverflow, DetectReentrancyAdvanced, DetectUninitializedMemory
2019-07-26 03:42:40,939: [12] m.main:INFO: Beginning analysis
2019-07-26 03:42:40,969: [12] m.e.manticore:INFO: Starting symbolic create contract
2019-07-26 03:42:40,996: [12] m.e.manticore:ERROR: Errors : Invalid solc compilation unique_chucks/7/0xc32659651d137a18b79925449722855aa327231d.sol:36:31: Error: Expected ',' but got 'payable'
    function setOwner(address payable newOwner) external;
                              ^-----^

. Solidity failed to generate bytecode for your contract. Check if all the abstract functions are implemented. 
2019-07-26 03:42:41,179: [54] m.c.manticore:INFO: Generated testcase No. 0 - NO STATE RESULT (?)(0 txs)
2019-07-26 03:42:41,698: [12] m.c.manticore:INFO: Results in /mcore_wl1homfr
2019-07-26 03:42:42,565: [313] m.main:INFO: Registered plugins: DetectReentrancySimple, DetectInvalid, DetectSuicidal, DetectUninitializedStorage, DetectDelegatecall, DetectUnusedRetVal, DetectIntegerOverflow, DetectReentrancyAdvanced, DetectUninitializedMemory, DetectExternalCallAndLeak, DetectEnvInstruction
2019-07-26 03:42:42,565: [313] m.main:INFO: Beginning analysis
2019-07-26 03:42:42,580: [313] m.e.manticore:INFO: Starting symbolic create contract
2019-07-26 03:42:42,611: [313] m.e.manticore:ERROR: Errors : Invalid solc compilation unique_chucks/7/0xc32659651d137a18b79925449722855aa327231d.sol:36:31: Error: Expected ',' but got 'payable'
    function setOwner(address payable newOwner) external;
                              ^-----^

. Solidity failed to generate bytecode for your contract. Check if all the abstract functions are implemented. 
2019-07-26 03:42:42,803: [355] m.c.manticore:INFO: Generated testcase No. 0 - NO STATE RESULT (?)(0 txs)
2019-07-26 03:42:43,348: [313] m.c.manticore:INFO: Results in /mcore_wnmjnb2w
2019-07-26 03:42:44,171: [614] m.main:INFO: Registered plugins: DetectReentrancySimple, DetectInvalid, DetectUnusedRetVal, DetectEnvInstruction, DetectExternalCallAndLeak, DetectUninitializedStorage, DetectSuicidal, DetectIntegerOverflow, DetectUninitializedMemory, DetectReentrancyAdvanced, DetectDelegatecall
2019-07-26 03:42:44,171: [614] m.main:INFO: Beginning analysis
2019-07-26 03:42:44,183: [614] m.e.manticore:INFO: Starting symbolic create contract
2019-07-26 03:42:44,231: [614] m.e.manticore:ERROR: Errors : Invalid solc compilation unique_chucks/7/0xc32659651d137a18b79925449722855aa327231d.sol:36:31: Error: Expected ',' but got 'payable'
    function setOwner(address payable newOwner) external;
                              ^-----^

. Solidity failed to generate bytecode for your contract. Check if all the abstract functions are implemented. 
2019-07-26 03:42:44,386: [656] m.c.manticore:INFO: Generated testcase No. 0 - NO STATE RESULT (?)(0 txs)
2019-07-26 03:42:45,076: [614] m.c.manticore:INFO: Results in /mcore_mehbfr2z
2019-07-26 03:42:46,083: [915] m.main:INFO: Registered plugins: DetectIntegerOverflow, DetectEnvInstruction, DetectDelegatecall, DetectUninitializedMemory, DetectUninitializedStorage, DetectUnusedRetVal, DetectExternalCallAndLeak, DetectReentrancyAdvanced, DetectInvalid, DetectSuicidal, DetectReentrancySimple
2019-07-26 03:42:46,084: [915] m.main:INFO: Beginning analysis
2019-07-26 03:42:46,100: [915] m.e.manticore:INFO: Starting symbolic create contract
2019-07-26 03:42:46,146: [915] m.e.manticore:ERROR: Errors : Invalid solc compilation unique_chucks/7/0xc32659651d137a18b79925449722855aa327231d.sol:36:31: Error: Expected ',' but got 'payable'
    function setOwner(address payable newOwner) external;
                              ^-----^

. Solidity failed to generate bytecode for your contract. Check if all the abstract functions are implemented. 
2019-07-26 03:42:46,301: [958] m.c.manticore:INFO: Generated testcase No. 0 - NO STATE RESULT (?)(0 txs)
2019-07-26 03:42:46,788: [915] m.c.manticore:INFO: Results in /mcore_dqiz6vbn
2019-07-26 03:42:47,640: [1217] m.main:INFO: Registered plugins: DetectReentrancySimple, DetectInvalid, DetectUnusedRetVal, DetectReentrancyAdvanced, DetectUninitializedStorage, DetectIntegerOverflow, DetectSuicidal, DetectEnvInstruction, DetectDelegatecall, DetectUninitializedMemory, DetectExternalCallAndLeak
2019-07-26 03:42:47,640: [1217] m.main:INFO: Beginning analysis
2019-07-26 03:42:47,661: [1217] m.e.manticore:INFO: Starting symbolic create contract
2019-07-26 03:42:47,686: [1217] m.e.manticore:ERROR: Errors : Invalid solc compilation unique_chucks/7/0xc32659651d137a18b79925449722855aa327231d.sol:36:31: Error: Expected ',' but got 'payable'
    function setOwner(address payable newOwner) external;
                              ^-----^

. Solidity failed to generate bytecode for your contract. Check if all the abstract functions are implemented. 
2019-07-26 03:42:47,955: [1259] m.c.manticore:INFO: Generated testcase No. 0 - NO STATE RESULT (?)(0 txs)
2019-07-26 03:42:48,393: [1217] m.c.manticore:INFO: Results in /mcore_ffssiux6
2019-07-26 03:42:49,155: [1518] m.main:INFO: Registered plugins: DetectReentrancySimple, DetectInvalid, DetectUnusedRetVal, DetectUninitializedStorage, DetectSuicidal, DetectExternalCallAndLeak, DetectEnvInstruction, DetectUninitializedMemory, DetectReentrancyAdvanced, DetectDelegatecall, DetectIntegerOverflow
2019-07-26 03:42:49,156: [1518] m.main:INFO: Beginning analysis
2019-07-26 03:42:49,174: [1518] m.e.manticore:INFO: Starting symbolic create contract
2019-07-26 03:42:49,198: [1518] m.e.manticore:ERROR: Errors : Invalid solc compilation unique_chucks/7/0xc32659651d137a18b79925449722855aa327231d.sol:36:31: Error: Expected ',' but got 'payable'
    function setOwner(address payable newOwner) external;
                              ^-----^

. Solidity failed to generate bytecode for your contract. Check if all the abstract functions are implemented. 
2019-07-26 03:42:49,375: [1563] m.c.manticore:INFO: Generated testcase No. 0 - NO STATE RESULT (?)(0 txs)
2019-07-26 03:42:49,873: [1518] m.c.manticore:INFO: Results in /mcore_bq_glyqx
2019-07-26 03:42:50,768: [1819] m.main:INFO: Registered plugins: DetectReentrancySimple, DetectInvalid, DetectUnusedRetVal, DetectUninitializedStorage, DetectExternalCallAndLeak, DetectSuicidal, DetectEnvInstruction, DetectIntegerOverflow, DetectUninitializedMemory, DetectReentrancyAdvanced, DetectDelegatecall
2019-07-26 03:42:50,769: [1819] m.main:INFO: Beginning analysis
2019-07-26 03:42:50,785: [1819] m.e.manticore:INFO: Starting symbolic create contract
2019-07-26 03:42:50,826: [1819] m.e.manticore:ERROR: Errors : Invalid solc compilation unique_chucks/7/0xc32659651d137a18b79925449722855aa327231d.sol:36:31: Error: Expected ',' but got 'payable'
    function setOwner(address payable newOwner) external;
                              ^-----^

. Solidity failed to generate bytecode for your contract. Check if all the abstract functions are implemented. 
2019-07-26 03:42:50,985: [1861] m.c.manticore:INFO: Generated testcase No. 0 - NO STATE RESULT (?)(0 txs)
2019-07-26 03:42:51,461: [1819] m.c.manticore:INFO: Results in /mcore_pai5y0a_
2019-07-26 03:42:52,355: [2120] m.main:INFO: Registered plugins: DetectReentrancyAdvanced, DetectReentrancySimple, DetectInvalid, DetectUnusedRetVal, DetectUninitializedStorage, DetectIntegerOverflow, DetectSuicidal, DetectExternalCallAndLeak, DetectEnvInstruction, DetectUninitializedMemory, DetectDelegatecall
2019-07-26 03:42:52,355: [2120] m.main:INFO: Beginning analysis
2019-07-26 03:42:52,376: [2120] m.e.manticore:INFO: Starting symbolic create contract
2019-07-26 03:42:52,411: [2120] m.e.manticore:ERROR: Errors : Invalid solc compilation unique_chucks/7/0xc32659651d137a18b79925449722855aa327231d.sol:36:31: Error: Expected ',' but got 'payable'
    function setOwner(address payable newOwner) external;
                              ^-----^

. Solidity failed to generate bytecode for your contract. Check if all the abstract functions are implemented. 
2019-07-26 03:42:52,623: [2165] m.c.manticore:INFO: Generated testcase No. 0 - NO STATE RESULT (?)(0 txs)
2019-07-26 03:42:53,092: [2120] m.c.manticore:INFO: Results in /mcore_syyoi75c
2019-07-26 03:42:53,844: [2421] m.main:INFO: Registered plugins: DetectReentrancySimple, DetectInvalid, DetectUnusedRetVal, DetectUninitializedStorage, DetectIntegerOverflow, DetectSuicidal, DetectExternalCallAndLeak, DetectEnvInstruction, DetectUninitializedMemory, DetectReentrancyAdvanced, DetectDelegatecall
2019-07-26 03:42:53,844: [2421] m.main:INFO: Beginning analysis
2019-07-26 03:42:53,859: [2421] m.e.manticore:INFO: Starting symbolic create contract
2019-07-26 03:42:53,880: [2421] m.e.manticore:ERROR: Errors : Invalid solc compilation unique_chucks/7/0xc32659651d137a18b79925449722855aa327231d.sol:36:31: Error: Expected ',' but got 'payable'
    function setOwner(address payable newOwner) external;
                              ^-----^

. Solidity failed to generate bytecode for your contract. Check if all the abstract functions are implemented. 
2019-07-26 03:42:54,094: [2463] m.c.manticore:INFO: Generated testcase No. 0 - NO STATE RESULT (?)(0 txs)
2019-07-26 03:42:54,567: [2421] m.c.manticore:INFO: Results in /mcore_f9jo0_do
2019-07-26 03:42:55,275: [2723] m.main:INFO: Registered plugins: DetectReentrancyAdvanced, DetectUnusedRetVal, DetectUninitializedMemory, DetectSuicidal, DetectReentrancySimple, DetectInvalid, DetectEnvInstruction, DetectDelegatecall, DetectUninitializedStorage, DetectIntegerOverflow, DetectExternalCallAndLeak
2019-07-26 03:42:55,275: [2723] m.main:INFO: Beginning analysis
2019-07-26 03:42:55,291: [2723] m.e.manticore:INFO: Starting symbolic create contract
2019-07-26 03:42:55,326: [2723] m.e.manticore:ERROR: Errors : Invalid solc compilation unique_chucks/7/0xc32659651d137a18b79925449722855aa327231d.sol:36:31: Error: Expected ',' but got 'payable'
    function setOwner(address payable newOwner) external;
                              ^-----^

. Solidity failed to generate bytecode for your contract. Check if all the abstract functions are implemented. 
2019-07-26 03:42:55,487: [2765] m.c.manticore:INFO: Generated testcase No. 0 - NO STATE RESULT (?)(0 txs)
2019-07-26 03:42:55,950: [2723] m.c.manticore:INFO: Results in /mcore_91fs8rqu
2019-07-26 03:42:56,655: [3024] m.main:INFO: Registered plugins: DetectEnvInstruction, DetectDelegatecall, DetectUnusedRetVal, DetectReentrancySimple, DetectInvalid, DetectReentrancyAdvanced, DetectUninitializedStorage, DetectExternalCallAndLeak, DetectIntegerOverflow, DetectUninitializedMemory, DetectSuicidal
2019-07-26 03:42:56,655: [3024] m.main:INFO: Beginning analysis
2019-07-26 03:42:56,671: [3024] m.e.manticore:INFO: Starting symbolic create contract
2019-07-26 03:42:56,697: [3024] m.e.manticore:ERROR: Errors : Invalid solc compilation unique_chucks/7/0xc32659651d137a18b79925449722855aa327231d.sol:36:31: Error: Expected ',' but got 'payable'
    function setOwner(address payable newOwner) external;
                              ^-----^

. Solidity failed to generate bytecode for your contract. Check if all the abstract functions are implemented. 
2019-07-26 03:42:56,804: [3066] m.c.manticore:INFO: Generated testcase No. 0 - NO STATE RESULT (?)(0 txs)
2019-07-26 03:42:57,352: [3024] m.c.manticore:INFO: Results in /mcore_qylv_k6m
2019-07-26 03:42:58,203: [3325] m.main:INFO: Registered plugins: DetectEnvInstruction, DetectReentrancyAdvanced, DetectUninitializedStorage, DetectUnusedRetVal, DetectExternalCallAndLeak, DetectUninitializedMemory, DetectIntegerOverflow, DetectSuicidal, DetectDelegatecall, DetectReentrancySimple, DetectInvalid
2019-07-26 03:42:58,203: [3325] m.main:INFO: Beginning analysis
2019-07-26 03:42:58,249: [3325] m.e.manticore:INFO: Starting symbolic create contract
2019-07-26 03:42:58,276: [3325] m.e.manticore:ERROR: Errors : Invalid solc compilation unique_chucks/7/0xc32659651d137a18b79925449722855aa327231d.sol:36:31: Error: Expected ',' but got 'payable'
    function setOwner(address payable newOwner) external;
                              ^-----^

. Solidity failed to generate bytecode for your contract. Check if all the abstract functions are implemented. 
2019-07-26 03:42:58,464: [3368] m.c.manticore:INFO: Generated testcase No. 0 - NO STATE RESULT (?)(0 txs)
2019-07-26 03:42:58,953: [3325] m.c.manticore:INFO: Results in /mcore_ud81707s
2019-07-26 03:42:59,740: [3626] m.main:INFO: Registered plugins: DetectSuicidal, DetectUninitializedMemory, DetectEnvInstruction, DetectIntegerOverflow, DetectReentrancySimple, DetectInvalid, DetectUnusedRetVal, DetectDelegatecall, DetectUninitializedStorage, DetectExternalCallAndLeak, DetectReentrancyAdvanced
2019-07-26 03:42:59,741: [3626] m.main:INFO: Beginning analysis
2019-07-26 03:42:59,761: [3626] m.e.manticore:INFO: Starting symbolic create contract
2019-07-26 03:42:59,785: [3626] m.e.manticore:ERROR: Errors : Invalid solc compilation unique_chucks/7/0xc32659651d137a18b79925449722855aa327231d.sol:36:31: Error: Expected ',' but got 'payable'
    function setOwner(address payable newOwner) external;
                              ^-----^

. Solidity failed to generate bytecode for your contract. Check if all the abstract functions are implemented. 
2019-07-26 03:43:00,003: [3670] m.c.manticore:INFO: Generated testcase No. 0 - NO STATE RESULT (?)(0 txs)
2019-07-26 03:43:00,479: [3626] m.c.manticore:INFO: Results in /mcore_nzjd2ko_
2019-07-26 03:43:01,173: [3928] m.main:INFO: Registered plugins: DetectSuicidal, DetectUnusedRetVal, DetectReentrancySimple, DetectInvalid, DetectExternalCallAndLeak, DetectDelegatecall, DetectUninitializedStorage, DetectIntegerOverflow, DetectEnvInstruction, DetectReentrancyAdvanced, DetectUninitializedMemory
2019-07-26 03:43:01,173: [3928] m.main:INFO: Beginning analysis
2019-07-26 03:43:01,184: [3928] m.e.manticore:INFO: Starting symbolic create contract
2019-07-26 03:43:01,222: [3928] m.e.manticore:ERROR: Errors : Invalid solc compilation unique_chucks/7/0xc32659651d137a18b79925449722855aa327231d.sol:36:31: Error: Expected ',' but got 'payable'
    function setOwner(address payable newOwner) external;
                              ^-----^

. Solidity failed to generate bytecode for your contract. Check if all the abstract functions are implemented. 
2019-07-26 03:43:01,371: [3970] m.c.manticore:INFO: Generated testcase No. 0 - NO STATE RESULT (?)(0 txs)
2019-07-26 03:43:01,883: [3928] m.c.manticore:INFO: Results in /mcore_9z9t3nrj
2019-07-26 03:43:02,714: [4229] m.main:INFO: Registered plugins: DetectReentrancyAdvanced, DetectUninitializedStorage, DetectEnvInstruction, DetectDelegatecall, DetectUninitializedMemory, DetectUnusedRetVal, DetectSuicidal, DetectExternalCallAndLeak, DetectIntegerOverflow, DetectReentrancySimple, DetectInvalid
2019-07-26 03:43:02,714: [4229] m.main:INFO: Beginning analysis
2019-07-26 03:43:02,759: [4229] m.e.manticore:INFO: Starting symbolic create contract
2019-07-26 03:43:02,782: [4229] m.e.manticore:ERROR: Errors : Invalid solc compilation unique_chucks/7/0xc32659651d137a18b79925449722855aa327231d.sol:36:31: Error: Expected ',' but got 'payable'
    function setOwner(address payable newOwner) external;
                              ^-----^

. Solidity failed to generate bytecode for your contract. Check if all the abstract functions are implemented. 
2019-07-26 03:43:02,981: [4271] m.c.manticore:INFO: Generated testcase No. 0 - NO STATE RESULT (?)(0 txs)
2019-07-26 03:43:03,458: [4229] m.c.manticore:INFO: Results in /mcore_frshc4_f
2019-07-26 03:43:04,273: [4530] m.main:INFO: Registered plugins: DetectUninitializedStorage, DetectEnvInstruction, DetectInvalid, DetectIntegerOverflow, DetectReentrancyAdvanced, DetectUnusedRetVal, DetectSuicidal, DetectDelegatecall, DetectExternalCallAndLeak, DetectReentrancySimple, DetectUninitializedMemory
2019-07-26 03:43:04,273: [4530] m.main:INFO: Beginning analysis
2019-07-26 03:43:04,287: [4530] m.e.manticore:INFO: Starting symbolic create contract
2019-07-26 03:43:04,320: [4530] m.e.manticore:ERROR: Errors : Invalid solc compilation unique_chucks/7/0xc32659651d137a18b79925449722855aa327231d.sol:36:31: Error: Expected ',' but got 'payable'
    function setOwner(address payable newOwner) external;
                              ^-----^

. Solidity failed to generate bytecode for your contract. Check if all the abstract functions are implemented. 
2019-07-26 03:43:04,487: [4572] m.c.manticore:INFO: Generated testcase No. 0 - NO STATE RESULT (?)(0 txs)
2019-07-26 03:43:05,068: [4530] m.c.manticore:INFO: Results in /mcore_mnvzfogo
2019-07-26 03:43:05,882: [4831] m.main:INFO: Registered plugins: DetectUnusedRetVal, DetectUninitializedStorage, DetectExternalCallAndLeak, DetectSuicidal, DetectEnvInstruction, DetectUninitializedMemory, DetectReentrancyAdvanced, DetectDelegatecall, DetectIntegerOverflow, DetectReentrancySimple, DetectInvalid
2019-07-26 03:43:05,882: [4831] m.main:INFO: Beginning analysis
2019-07-26 03:43:05,893: [4831] m.e.manticore:INFO: Starting symbolic create contract
2019-07-26 03:43:05,922: [4831] m.e.manticore:ERROR: Errors : Invalid solc compilation unique_chucks/7/0xc32659651d137a18b79925449722855aa327231d.sol:36:31: Error: Expected ',' but got 'payable'
    function setOwner(address payable newOwner) external;
                              ^-----^

. Solidity failed to generate bytecode for your contract. Check if all the abstract functions are implemented. 
2019-07-26 03:43:06,163: [4873] m.c.manticore:INFO: Generated testcase No. 0 - NO STATE RESULT (?)(0 txs)
2019-07-26 03:43:06,685: [4831] m.c.manticore:INFO: Results in /mcore_imqqsine
2019-07-26 03:43:07,445: [5132] m.main:INFO: Registered plugins: DetectReentrancySimple, DetectInvalid, DetectDelegatecall, DetectExternalCallAndLeak, DetectUninitializedStorage, DetectIntegerOverflow, DetectSuicidal, DetectEnvInstruction, DetectReentrancyAdvanced, DetectUninitializedMemory, DetectUnusedRetVal
2019-07-26 03:43:07,446: [5132] m.main:INFO: Beginning analysis
2019-07-26 03:43:07,463: [5132] m.e.manticore:INFO: Starting symbolic create contract
2019-07-26 03:43:07,488: [5132] m.e.manticore:ERROR: Errors : Invalid solc compilation unique_chucks/7/0xc32659651d137a18b79925449722855aa327231d.sol:36:31: Error: Expected ',' but got 'payable'
    function setOwner(address payable newOwner) external;
                              ^-----^

. Solidity failed to generate bytecode for your contract. Check if all the abstract functions are implemented. 
2019-07-26 03:43:07,701: [5181] m.c.manticore:INFO: Generated testcase No. 0 - NO STATE RESULT (?)(0 txs)
2019-07-26 03:43:08,169: [5132] m.c.manticore:INFO: Results in /mcore_tdh2iqrl