2019-07-22 14:42:51,327: [12] m.main:INFO: Registered plugins: DetectUnusedRetVal, DetectReentrancySimple, DetectInvalid, DetectSuicidal, DetectEnvInstruction, DetectDelegatecall, DetectUninitializedStorage, DetectReentrancyAdvanced, DetectExternalCallAndLeak, DetectUninitializedMemory, DetectIntegerOverflow
2019-07-22 14:42:51,328: [12] m.main:INFO: Beginning analysis
2019-07-22 14:42:51,372: [12] m.e.manticore:INFO: Starting symbolic create contract
2019-07-22 14:42:54,619: [12] m.e.manticore:INFO: Starting symbolic transaction: 0
2019-07-22 14:43:00,214: [12] m.e.manticore:INFO: 1 alive states, 7 terminated states
2019-07-22 14:43:01,363: [12] m.e.manticore:INFO: Starting symbolic transaction: 1
2019-07-22 14:43:07,372: [12] m.e.manticore:INFO: 1 alive states, 14 terminated states
2019-07-22 14:43:08,662: [1760] m.c.manticore:INFO: Generated testcase No. 0 - REVERT(2 txs)
2019-07-22 14:43:08,743: [1761] m.c.manticore:INFO: Generated testcase No. 2 - RETURN(1 txs)
2019-07-22 14:43:08,828: [1756] m.c.manticore:INFO: Generated testcase No. 4 - REVERT(2 txs)
2019-07-22 14:43:08,843: [1751] m.c.manticore:INFO: Generated testcase No. 1 - RETURN(3 txs)
2019-07-22 14:43:08,903: [1763] m.c.manticore:INFO: Generated testcase No. 5 - REVERT(2 txs)
2019-07-22 14:43:08,937: [1755] m.c.manticore:INFO: Generated testcase No. 3 - REVERT(2 txs)
2019-07-22 14:43:08,959: [1758] m.c.manticore:INFO: Generated testcase No. 7 - REVERT(2 txs)
2019-07-22 14:43:08,960: [1764] m.c.manticore:INFO: Generated testcase No. 6 - REVERT(2 txs)
2019-07-22 14:43:09,032: [1754] m.c.manticore:INFO: Generated testcase No. 8 - RETURN(2 txs)
2019-07-22 14:43:27,637: [1760] m.c.manticore:INFO: Generated testcase No. 9 - REVERT(3 txs)
2019-07-22 14:43:28,116: [1764] m.c.manticore:INFO: Generated testcase No. 10 - REVERT(3 txs)
2019-07-22 14:43:28,137: [1755] m.c.manticore:INFO: Generated testcase No. 11 - REVERT(3 txs)
2019-07-22 14:43:28,642: [1761] m.c.manticore:INFO: Generated testcase No. 13 - REVERT(3 txs)
2019-07-22 14:43:29,003: [1756] m.c.manticore:INFO: Generated testcase No. 12 - REVERT(3 txs)
2019-07-22 14:43:30,661: [1758] m.c.manticore:INFO: Generated testcase No. 14 - REVERT(3 txs)
2019-07-22 14:43:46,203: [12] m.c.manticore:INFO: Results in /mcore_7_5xe7o9
2019-07-22 14:43:48,650: [2500] m.main:INFO: Registered plugins: DetectReentrancySimple, DetectInvalid, DetectSuicidal, DetectReentrancyAdvanced, DetectUnusedRetVal, DetectUninitializedStorage, DetectDelegatecall, DetectEnvInstruction, DetectIntegerOverflow, DetectUninitializedMemory, DetectExternalCallAndLeak
2019-07-22 14:43:48,650: [2500] m.main:INFO: Beginning analysis
2019-07-22 14:43:48,671: [2500] m.e.manticore:INFO: Starting symbolic create contract
2019-07-22 14:43:52,870: [2500] m.e.manticore:INFO: Starting symbolic transaction: 0
2019-07-22 14:44:01,797: [2500] m.e.manticore:INFO: 2 alive states, 12 terminated states
2019-07-22 14:44:03,489: [2500] m.e.manticore:INFO: Starting symbolic transaction: 1
2019-07-22 14:44:24,577: [2500] m.e.manticore:INFO: 4 alive states, 36 terminated states
2019-07-22 14:44:26,820: [5854] m.c.manticore:INFO: Generated testcase No. 0 - RETURN(3 txs)
2019-07-22 14:44:26,855: [5853] m.c.manticore:INFO: Generated testcase No. 1 - RETURN(3 txs)
2019-07-22 14:44:26,862: [5851] m.c.manticore:INFO: Generated testcase No. 2 - RETURN(3 txs)
2019-07-22 14:44:27,324: [5862] m.c.manticore:INFO: Generated testcase No. 3 - RETURN(1 txs)
2019-07-22 14:44:27,328: [5870] m.c.manticore:INFO: Generated testcase No. 4 - RETURN(3 txs)
2019-07-22 14:44:27,335: [5867] m.c.manticore:INFO: Generated testcase No. 7 - REVERT(2 txs)
2019-07-22 14:44:27,437: [5864] m.c.manticore:INFO: Generated testcase No. 5 - REVERT(2 txs)
2019-07-22 14:44:27,535: [5858] m.c.manticore:INFO: Generated testcase No. 6 - REVERT(2 txs)
2019-07-22 14:44:27,553: [5873] m.c.manticore:INFO: Generated testcase No. 8 - REVERT(2 txs)
2019-07-22 14:44:27,764: [5869] m.c.manticore:INFO: Generated testcase No. 9 - REVERT(2 txs)
2019-07-22 14:44:59,613: [5862] m.c.manticore:INFO: Generated testcase No. 11 - REVERT(2 txs)
2019-07-22 14:44:59,708: [5858] m.c.manticore:INFO: Generated testcase No. 10 - REVERT(2 txs)
2019-07-22 14:45:00,256: [5869] m.c.manticore:INFO: Generated testcase No. 12 - REVERT(2 txs)
2019-07-22 14:45:00,907: [5873] m.c.manticore:INFO: Generated testcase No. 13 - REVERT(2 txs)
2019-07-22 14:45:00,928: [5867] m.c.manticore:INFO: Generated testcase No. 14 - REVERT(2 txs)
2019-07-22 14:45:01,952: [5864] m.c.manticore:INFO: Generated testcase No. 15 - REVERT(2 txs)
2019-07-22 14:45:04,437: [5851] m.c.manticore:INFO: Generated testcase No. 16 - RETURN(2 txs)
2019-07-22 14:45:06,202: [5853] m.c.manticore:INFO: Generated testcase No. 17 - RETURN(2 txs)
2019-07-22 14:45:07,350: [5854] m.c.manticore:INFO: Generated testcase No. 18 - REVERT(3 txs)
2019-07-22 14:45:11,446: [5870] m.c.manticore:INFO: Generated testcase No. 19 - REVERT(3 txs)
2019-07-22 14:45:31,316: [5862] m.c.manticore:INFO: Generated testcase No. 20 - REVERT(3 txs)
2019-07-22 14:45:32,839: [5864] m.c.manticore:INFO: Generated testcase No. 21 - REVERT(3 txs)
2019-07-22 14:45:34,524: [5873] m.c.manticore:INFO: Generated testcase No. 22 - REVERT(3 txs)
2019-07-22 14:45:36,545: [5858] m.c.manticore:INFO: Generated testcase No. 23 - REVERT(3 txs)
2019-07-22 14:45:37,438: [5853] m.c.manticore:INFO: Generated testcase No. 24 - REVERT(3 txs)
2019-07-22 14:45:37,548: [5867] m.c.manticore:INFO: Generated testcase No. 25 - REVERT(3 txs)
2019-07-22 14:45:42,418: [5851] m.c.manticore:INFO: Generated testcase No. 26 - REVERT(3 txs)
2019-07-22 14:45:46,051: [5869] m.c.manticore:INFO: Generated testcase No. 27 - REVERT(3 txs)
2019-07-22 14:45:48,960: [5854] m.c.manticore:INFO: Generated testcase No. 28 - REVERT(3 txs)
2019-07-22 14:45:53,445: [5870] m.c.manticore:INFO: Generated testcase No. 29 - REVERT(3 txs)
2019-07-22 14:46:05,449: [5862] m.c.manticore:INFO: Generated testcase No. 30 - REVERT(3 txs)
2019-07-22 14:46:09,703: [5858] m.c.manticore:INFO: Generated testcase No. 31 - REVERT(3 txs)
2019-07-22 14:46:12,834: [5873] m.c.manticore:INFO: Generated testcase No. 32 - REVERT(3 txs)
2019-07-22 14:46:13,939: [5864] m.c.manticore:INFO: Generated testcase No. 33 - REVERT(3 txs)
2019-07-22 14:46:15,055: [5853] m.c.manticore:INFO: Generated testcase No. 34 - REVERT(3 txs)
2019-07-22 14:46:20,307: [5867] m.c.manticore:INFO: Generated testcase No. 35 - REVERT(3 txs)
2019-07-22 14:46:29,059: [5869] m.c.manticore:INFO: Generated testcase No. 36 - REVERT(3 txs)
2019-07-22 14:46:30,806: [5851] m.c.manticore:INFO: Generated testcase No. 37 - REVERT(3 txs)
2019-07-22 14:46:32,220: [5870] m.c.manticore:INFO: Generated testcase No. 38 - REVERT(3 txs)
2019-07-22 14:46:33,705: [5854] m.c.manticore:INFO: Generated testcase No. 39 - REVERT(3 txs)
2019-07-22 14:46:58,791: [2500] m.c.manticore:INFO: Results in /mcore_2ou6c8sc
2019-07-22 14:47:02,075: [7424] m.main:INFO: Registered plugins: DetectReentrancySimple, DetectInvalid, DetectUnusedRetVal, DetectUninitializedStorage, DetectSuicidal, DetectExternalCallAndLeak, DetectEnvInstruction, DetectIntegerOverflow, DetectUninitializedMemory, DetectReentrancyAdvanced, DetectDelegatecall
2019-07-22 14:47:02,075: [7424] m.main:INFO: Beginning analysis
2019-07-22 14:47:02,091: [7424] m.e.manticore:INFO: Starting symbolic create contract
2019-07-22 14:47:03,467: [7424] m.e.manticore:INFO: Starting symbolic transaction: 0
2019-07-22 14:47:04,534: [7424] m.e.manticore:INFO: 0 alive states, 2 terminated states
2019-07-22 14:47:04,667: [7424] m.e.manticore:INFO: Starting symbolic transaction: 1
2019-07-22 14:47:04,803: [7995] m.c.manticore:INFO: Generated testcase No. 0 - RETURN(1 txs)
2019-07-22 14:47:04,846: [7996] m.c.manticore:INFO: Generated testcase No. 1 - REVERT(2 txs)
2019-07-22 14:47:05,844: [7424] m.c.manticore:INFO: Results in /mcore_felplau5
2019-07-22 14:47:06,775: [8309] m.main:INFO: Registered plugins: DetectInvalid, DetectUnusedRetVal, DetectReentrancySimple, DetectEnvInstruction, DetectSuicidal, DetectUninitializedStorage, DetectReentrancyAdvanced, DetectExternalCallAndLeak, DetectDelegatecall, DetectUninitializedMemory, DetectIntegerOverflow
2019-07-22 14:47:06,775: [8309] m.main:INFO: Beginning analysis
2019-07-22 14:47:06,787: [8309] m.e.manticore:INFO: Starting symbolic create contract
2019-07-22 14:47:07,160: [8354] m.c.manticore:INFO: Generated testcase No. 0 - NO STATE RESULT (?)(0 txs)
2019-07-22 14:47:07,670: [8309] m.c.manticore:INFO: Results in /mcore_esfhfvkj
2019-07-22 14:47:08,460: [8612] m.main:INFO: Registered plugins: DetectSuicidal, DetectUninitializedStorage, DetectInvalid, DetectDelegatecall, DetectUnusedRetVal, DetectUninitializedMemory, DetectIntegerOverflow, DetectExternalCallAndLeak, DetectReentrancySimple, DetectEnvInstruction, DetectReentrancyAdvanced
2019-07-22 14:47:08,460: [8612] m.main:INFO: Beginning analysis
2019-07-22 14:47:08,477: [8612] m.e.manticore:INFO: Starting symbolic create contract
2019-07-22 14:47:10,982: [8612] m.e.manticore:INFO: Starting symbolic transaction: 0
2019-07-22 14:47:33,460: [8612] m.e.manticore:INFO: 3 alive states, 7 terminated states
2019-07-22 14:47:34,860: [8612] m.e.manticore:INFO: Starting symbolic transaction: 1
2019-07-22 14:49:20,573: [8612] m.e.manticore:INFO: 9 alive states, 28 terminated states
2019-07-22 14:49:23,303: [14187] m.c.manticore:INFO: Generated testcase No. 0 - RETURN(3 txs)
2019-07-22 14:49:23,756: [14193] m.c.manticore:INFO: Generated testcase No. 5 - RETURN(1 txs)
2019-07-22 14:49:23,802: [14183] m.c.manticore:INFO: Generated testcase No. 3 - RETURN(3 txs)
2019-07-22 14:49:23,806: [14182] m.c.manticore:INFO: Generated testcase No. 1 - RETURN(3 txs)
2019-07-22 14:49:23,817: [14186] m.c.manticore:INFO: Generated testcase No. 2 - RETURN(3 txs)
2019-07-22 14:49:23,806: [14194] m.c.manticore:INFO: Generated testcase No. 6 - RETURN(3 txs)
2019-07-22 14:49:23,842: [14191] m.c.manticore:INFO: Generated testcase No. 4 - RETURN(3 txs)
2019-07-22 14:49:23,917: [14195] m.c.manticore:INFO: Generated testcase No. 8 - RETURN(3 txs)
2019-07-22 14:49:24,007: [14190] m.c.manticore:INFO: Generated testcase No. 7 - RETURN(3 txs)
2019-07-22 14:49:24,012: [14185] m.c.manticore:INFO: Generated testcase No. 9 - RETURN(3 txs)
2019-07-22 14:49:47,224: [14193] m.c.manticore:INFO: Generated testcase No. 10 - REVERT(2 txs)
2019-07-22 14:49:56,212: [14195] m.c.manticore:INFO: Generated testcase No. 12 - REVERT(2 txs)
2019-07-22 14:49:56,227: [14187] m.c.manticore:INFO: Generated testcase No. 11 - REVERT(2 txs)
2019-07-22 14:49:57,423: [14194] m.c.manticore:INFO: Generated testcase No. 13 - REVERT(2 txs)
2019-07-22 14:50:04,422: [14186] m.c.manticore:INFO: Generated testcase No. 14 - REVERT(2 txs)
2019-07-22 14:50:09,314: [14190] m.c.manticore:INFO: Generated testcase No. 15 - REVERT(2 txs)
2019-07-22 14:50:14,340: [14193] m.c.manticore:INFO: Generated testcase No. 16 - RETURN(2 txs)
2019-07-22 14:50:14,673: [14185] m.c.manticore:INFO: Generated testcase No. 17 - RETURN(2 txs)
2019-07-22 14:50:17,804: [14183] m.c.manticore:INFO: Generated testcase No. 18 - RETURN(2 txs)
2019-07-22 14:50:23,217: [14187] m.c.manticore:INFO: Generated testcase No. 19 - REVERT(3 txs)
2019-07-22 14:50:23,660: [14195] m.c.manticore:INFO: Generated testcase No. 20 - REVERT(3 txs)
2019-07-22 14:50:25,250: [14194] m.c.manticore:INFO: Generated testcase No. 21 - REVERT(3 txs)
2019-07-22 14:50:27,149: [14191] m.c.manticore:INFO: Generated testcase No. 22 - REVERT(3 txs)
2019-07-22 14:50:33,533: [14186] m.c.manticore:INFO: Generated testcase No. 23 - REVERT(3 txs)
2019-07-22 14:50:38,037: [14190] m.c.manticore:INFO: Generated testcase No. 24 - REVERT(3 txs)
2019-07-22 14:50:41,932: [14183] m.c.manticore:INFO: Generated testcase No. 25 - REVERT(3 txs)
2019-07-22 14:50:42,339: [14193] m.c.manticore:INFO: Generated testcase No. 26 - REVERT(3 txs)
2019-07-22 14:50:49,061: [14182] m.c.manticore:INFO: Generated testcase No. 27 - REVERT(3 txs)
2019-07-22 14:50:51,755: [14187] m.c.manticore:INFO: Generated testcase No. 28 - REVERT(3 txs)
2019-07-22 14:50:54,615: [14185] m.c.manticore:INFO: Generated testcase No. 29 - REVERT(3 txs)
2019-07-22 14:50:55,130: [14195] m.c.manticore:INFO: Generated testcase No. 30 - REVERT(3 txs)
2019-07-22 14:50:59,507: [14191] m.c.manticore:INFO: Generated testcase No. 31 - REVERT(3 txs)
2019-07-22 14:51:02,768: [14186] m.c.manticore:INFO: Generated testcase No. 32 - REVERT(3 txs)
2019-07-22 14:51:04,313: [14194] m.c.manticore:INFO: Generated testcase No. 33 - REVERT(3 txs)
2019-07-22 14:51:13,560: [14190] m.c.manticore:INFO: Generated testcase No. 34 - REVERT(3 txs)
2019-07-22 14:51:14,008: [14193] m.c.manticore:INFO: Generated testcase No. 35 - REVERT(3 txs)
2019-07-22 14:51:22,266: [14183] m.c.manticore:INFO: Generated testcase No. 36 - REVERT(3 txs)
2019-07-22 14:51:40,303: [8612] m.c.manticore:INFO: Results in /mcore_y2ycnpar
2019-07-22 14:51:43,385: [15556] m.main:INFO: Registered plugins: DetectUninitializedStorage, DetectInvalid, DetectSuicidal, DetectUninitializedMemory, DetectDelegatecall, DetectEnvInstruction, DetectReentrancyAdvanced, DetectReentrancySimple, DetectUnusedRetVal, DetectExternalCallAndLeak, DetectIntegerOverflow
2019-07-22 14:51:43,386: [15556] m.main:INFO: Beginning analysis
2019-07-22 14:51:43,397: [15556] m.e.manticore:INFO: Starting symbolic create contract
2019-07-22 14:51:43,677: [15600] m.c.manticore:INFO: Generated testcase No. 0 - NO STATE RESULT (?)(0 txs)
2019-07-22 14:51:44,186: [15556] m.c.manticore:INFO: Results in /mcore_omr32g6h
2019-07-22 14:51:44,969: [15859] m.main:INFO: Registered plugins: DetectReentrancySimple, DetectInvalid, DetectUnusedRetVal, DetectReentrancyAdvanced, DetectUninitializedStorage, DetectIntegerOverflow, DetectSuicidal, DetectExternalCallAndLeak, DetectEnvInstruction, DetectUninitializedMemory, DetectDelegatecall
2019-07-22 14:51:44,969: [15859] m.main:INFO: Beginning analysis
2019-07-22 14:51:44,980: [15859] m.e.manticore:INFO: Starting symbolic create contract
2019-07-22 14:51:51,986: [15859] m.e.manticore:INFO: Starting symbolic transaction: 0
2019-07-22 14:54:20,383: [15859] m.e.manticore:INFO: 9 alive states, 14 terminated states
2019-07-22 14:54:24,929: [15859] m.e.manticore:INFO: Starting symbolic transaction: 1
2019-07-22 14:57:22,786: [21549] m.e.detectors:WARNING: Potentially reading uninitialized storage
2019-07-22 14:58:26,615: [21544] m.e.detectors:WARNING: Potentially reading uninitialized storage