INFO:Slither:Compilation warnings/errors on /unique_chucks/14/0xc301f0a7f62b5ef5cfa8454af23a688da5a65ec8.sol:
/unique_chucks/14/0xc301f0a7f62b5ef5cfa8454af23a688da5a65ec8.sol:34:3: Warning: Defining constructors as functions with the same name as the contract is deprecated. Use "constructor(...) { ... }" instead.
  function Ownable() public {
  ^ (Relevant source part starts here and spans across multiple lines).
/unique_chucks/14/0xc301f0a7f62b5ef5cfa8454af23a688da5a65ec8.sol:52:5: Warning: Invoking events without "emit" prefix is deprecated.
    OwnershipTransferred(owner, newOwner);
    ^-----------------------------------^
/unique_chucks/14/0xc301f0a7f62b5ef5cfa8454af23a688da5a65ec8.sol:148:5: Warning: Invoking events without "emit" prefix is deprecated.
    Transfer(msg.sender, _to, _value);
    ^-------------------------------^
/unique_chucks/14/0xc301f0a7f62b5ef5cfa8454af23a688da5a65ec8.sol:207:5: Warning: Invoking events without "emit" prefix is deprecated.
    Transfer(_from, _to, _value);
    ^--------------------------^
/unique_chucks/14/0xc301f0a7f62b5ef5cfa8454af23a688da5a65ec8.sol:223:5: Warning: Invoking events without "emit" prefix is deprecated.
    Approval(msg.sender, _spender, _value);
    ^------------------------------------^
/unique_chucks/14/0xc301f0a7f62b5ef5cfa8454af23a688da5a65ec8.sol:249:5: Warning: Invoking events without "emit" prefix is deprecated.
    Approval(msg.sender, _spender, allowed[msg.sender][_spender]);
    ^-----------------------------------------------------------^
/unique_chucks/14/0xc301f0a7f62b5ef5cfa8454af23a688da5a65ec8.sol:270:5: Warning: Invoking events without "emit" prefix is deprecated.
    Approval(msg.sender, _spender, allowed[msg.sender][_spender]);
    ^-----------------------------------------------------------^
/unique_chucks/14/0xc301f0a7f62b5ef5cfa8454af23a688da5a65ec8.sol:306:5: Warning: Invoking events without "emit" prefix is deprecated.
    Mint(_to, _amount);
    ^----------------^
/unique_chucks/14/0xc301f0a7f62b5ef5cfa8454af23a688da5a65ec8.sol:307:5: Warning: Invoking events without "emit" prefix is deprecated.
    Transfer(address(0), _to, _amount);
    ^--------------------------------^
/unique_chucks/14/0xc301f0a7f62b5ef5cfa8454af23a688da5a65ec8.sol:317:5: Warning: Invoking events without "emit" prefix is deprecated.
    MintFinished();
    ^------------^

INFO:Detectors:[92m
BasicToken.totalSupply (/unique_chucks/14/0xc301f0a7f62b5ef5cfa8454af23a688da5a65ec8.sol#137-139) should be declared external
ERC20Basic.totalSupply (/unique_chucks/14/0xc301f0a7f62b5ef5cfa8454af23a688da5a65ec8.sol#10-11) should be declared external
ERC20Basic.balanceOf (/unique_chucks/14/0xc301f0a7f62b5ef5cfa8454af23a688da5a65ec8.sol#11-12) should be declared external
BasicToken.balanceOf (/unique_chucks/14/0xc301f0a7f62b5ef5cfa8454af23a688da5a65ec8.sol#170-173) should be declared external
ERC20Basic.transfer (/unique_chucks/14/0xc301f0a7f62b5ef5cfa8454af23a688da5a65ec8.sol#12-13) should be declared external
BasicToken.transfer (/unique_chucks/14/0xc301f0a7f62b5ef5cfa8454af23a688da5a65ec8.sol#143-155) should be declared external
Ownable.transferOwnership (/unique_chucks/14/0xc301f0a7f62b5ef5cfa8454af23a688da5a65ec8.sol#50-72) should be declared external
ERC20.allowance (/unique_chucks/14/0xc301f0a7f62b5ef5cfa8454af23a688da5a65ec8.sol#175-176) should be declared external
StandardToken.allowance (/unique_chucks/14/0xc301f0a7f62b5ef5cfa8454af23a688da5a65ec8.sol#240-241) should be declared external
ERC20.transferFrom (/unique_chucks/14/0xc301f0a7f62b5ef5cfa8454af23a688da5a65ec8.sol#176-182) should be declared external
StandardToken.transferFrom (/unique_chucks/14/0xc301f0a7f62b5ef5cfa8454af23a688da5a65ec8.sol#202-214) should be declared external
StandardToken.approve (/unique_chucks/14/0xc301f0a7f62b5ef5cfa8454af23a688da5a65ec8.sol#228-231) should be declared external
ERC20.approve (/unique_chucks/14/0xc301f0a7f62b5ef5cfa8454af23a688da5a65ec8.sol#182-184) should be declared external
StandardToken.increaseApproval (/unique_chucks/14/0xc301f0a7f62b5ef5cfa8454af23a688da5a65ec8.sol#250-258) should be declared external
StandardToken.decreaseApproval (/unique_chucks/14/0xc301f0a7f62b5ef5cfa8454af23a688da5a65ec8.sol#268-283) should be declared external
MintableToken.mint (/unique_chucks/14/0xc301f0a7f62b5ef5cfa8454af23a688da5a65ec8.sol#312-325) should be declared external
MintableToken.finishMinting (/unique_chucks/14/0xc301f0a7f62b5ef5cfa8454af23a688da5a65ec8.sol#329-330) should be declared external
Reference: https://github.com/trailofbits/slither/wiki/Detectors-Documentation#public-function-that-could-be-declared-as-external[0m
INFO:Detectors:[92m
Detected issues with version pragma in /unique_chucks/14/0xc301f0a7f62b5ef5cfa8454af23a688da5a65ec8.sol:
	- pragma solidity^0.4.18 (/unique_chucks/14/0xc301f0a7f62b5ef5cfa8454af23a688da5a65ec8.sol#1): it allows old versions
Reference: https://github.com/trailofbits/slither/wiki/Detectors-Documentation#incorrect-version-of-solidity[0m
INFO:Detectors:[92m
Function 'Ownable.Ownable' (/unique_chucks/14/0xc301f0a7f62b5ef5cfa8454af23a688da5a65ec8.sol#35-39) is not in mixedCase
Parameter '_owner' of BasicToken.balanceOf (/unique_chucks/14/0xc301f0a7f62b5ef5cfa8454af23a688da5a65ec8.sol#170) is not in mixedCase
Parameter '_to' of BasicToken.transfer (/unique_chucks/14/0xc301f0a7f62b5ef5cfa8454af23a688da5a65ec8.sol#145) is not in mixedCase
Parameter '_value' of BasicToken.transfer (/unique_chucks/14/0xc301f0a7f62b5ef5cfa8454af23a688da5a65ec8.sol#145) is not in mixedCase
Parameter '_owner' of StandardToken.allowance (/unique_chucks/14/0xc301f0a7f62b5ef5cfa8454af23a688da5a65ec8.sol#240) is not in mixedCase
Parameter '_spender' of StandardToken.allowance (/unique_chucks/14/0xc301f0a7f62b5ef5cfa8454af23a688da5a65ec8.sol#240) is not in mixedCase
Parameter '_from' of StandardToken.transferFrom (/unique_chucks/14/0xc301f0a7f62b5ef5cfa8454af23a688da5a65ec8.sol#204) is not in mixedCase
Parameter '_to' of StandardToken.transferFrom (/unique_chucks/14/0xc301f0a7f62b5ef5cfa8454af23a688da5a65ec8.sol#204) is not in mixedCase
Parameter '_value' of StandardToken.transferFrom (/unique_chucks/14/0xc301f0a7f62b5ef5cfa8454af23a688da5a65ec8.sol#204) is not in mixedCase
Parameter '_spender' of StandardToken.approve (/unique_chucks/14/0xc301f0a7f62b5ef5cfa8454af23a688da5a65ec8.sol#228) is not in mixedCase
Parameter '_value' of StandardToken.approve (/unique_chucks/14/0xc301f0a7f62b5ef5cfa8454af23a688da5a65ec8.sol#228) is not in mixedCase
Parameter '_spender' of StandardToken.increaseApproval (/unique_chucks/14/0xc301f0a7f62b5ef5cfa8454af23a688da5a65ec8.sol#254) is not in mixedCase
Parameter '_addedValue' of StandardToken.increaseApproval (/unique_chucks/14/0xc301f0a7f62b5ef5cfa8454af23a688da5a65ec8.sol#254) is not in mixedCase
Parameter '_spender' of StandardToken.decreaseApproval (/unique_chucks/14/0xc301f0a7f62b5ef5cfa8454af23a688da5a65ec8.sol#268) is not in mixedCase
Parameter '_subtractedValue' of StandardToken.decreaseApproval (/unique_chucks/14/0xc301f0a7f62b5ef5cfa8454af23a688da5a65ec8.sol#269-270) is not in mixedCase
Parameter '_to' of MintableToken.mint (/unique_chucks/14/0xc301f0a7f62b5ef5cfa8454af23a688da5a65ec8.sol#312-313) is not in mixedCase
Parameter '_amount' of MintableToken.mint (/unique_chucks/14/0xc301f0a7f62b5ef5cfa8454af23a688da5a65ec8.sol#313) is not in mixedCase
Reference: https://github.com/trailofbits/slither/wiki/Detectors-Documentation#conformance-to-solidity-naming-conventions[0m
INFO:Slither:/unique_chucks/14/0xc301f0a7f62b5ef5cfa8454af23a688da5a65ec8.sol analyzed (8 contracts), 35 result(s) found