INFO:Slither:Compilation warnings/errors on /unique_chucks/29/0xe2fa3d7b292c216390abad4c625d5f2524b85a1f.sol:
/unique_chucks/29/0xe2fa3d7b292c216390abad4c625d5f2524b85a1f.sol:6:5: Warning: Defining constructors as functions with the same name as the contract is deprecated. Use "constructor(...) { ... }" instead.
    function owned() {
    ^ (Relevant source part starts here and spans across multiple lines).
/unique_chucks/29/0xe2fa3d7b292c216390abad4c625d5f2524b85a1f.sol:11:34: Warning: "throw" is deprecated in favour of "revert()", "require()" and "assert()".
        if (msg.sender != owner) throw;
                                 ^---^
/unique_chucks/29/0xe2fa3d7b292c216390abad4c625d5f2524b85a1f.sol:38:5: Warning: Defining constructors as functions with the same name as the contract is deprecated. Use "constructor(...) { ... }" instead.
    function token(
    ^ (Relevant source part starts here and spans across multiple lines).
/unique_chucks/29/0xe2fa3d7b292c216390abad4c625d5f2524b85a1f.sol:53:45: Warning: "throw" is deprecated in favour of "revert()", "require()" and "assert()".
        if (balanceOf[msg.sender] < _value) throw;           // Check if the sender has enough
                                            ^---^
/unique_chucks/29/0xe2fa3d7b292c216390abad4c625d5f2524b85a1f.sol:54:55: Warning: "throw" is deprecated in favour of "revert()", "require()" and "assert()".
        if (balanceOf[_to] + _value < balanceOf[_to]) throw; // Check for overflows
                                                      ^---^
/unique_chucks/29/0xe2fa3d7b292c216390abad4c625d5f2524b85a1f.sol:79:40: Warning: "throw" is deprecated in favour of "revert()", "require()" and "assert()".
        if (balanceOf[_from] < _value) throw;                 // Check if the sender has enough
                                       ^---^
/unique_chucks/29/0xe2fa3d7b292c216390abad4c625d5f2524b85a1f.sol:80:55: Warning: "throw" is deprecated in favour of "revert()", "require()" and "assert()".
        if (balanceOf[_to] + _value < balanceOf[_to]) throw;  // Check for overflows
                                                      ^---^
/unique_chucks/29/0xe2fa3d7b292c216390abad4c625d5f2524b85a1f.sol:81:52: Warning: "throw" is deprecated in favour of "revert()", "require()" and "assert()".
        if (_value > allowance[_from][msg.sender]) throw;   // Check allowance
                                                   ^---^
/unique_chucks/29/0xe2fa3d7b292c216390abad4c625d5f2524b85a1f.sol:91:9: Warning: "throw" is deprecated in favour of "revert()", "require()" and "assert()".
        throw;     // Prevents accidental sending of ether
        ^---^
/unique_chucks/29/0xe2fa3d7b292c216390abad4c625d5f2524b85a1f.sol:111:5: Warning: Defining constructors as functions with the same name as the contract is deprecated. Use "constructor(...) { ... }" instead.
    function ETHEREUMBLACK() token (initialSupply, tokenName, decimalUnits, tokenSymbol) {}
    ^-------------------------------------------------------------------------------------^
/unique_chucks/29/0xe2fa3d7b292c216390abad4c625d5f2524b85a1f.sol:114:45: Warning: "throw" is deprecated in favour of "revert()", "require()" and "assert()".
        if (balanceOf[msg.sender] < _value) throw;           // Check if the sender has enough
                                            ^---^
/unique_chucks/29/0xe2fa3d7b292c216390abad4c625d5f2524b85a1f.sol:115:55: Warning: "throw" is deprecated in favour of "revert()", "require()" and "assert()".
        if (balanceOf[_to] + _value < balanceOf[_to]) throw; // Check for overflows
                                                      ^---^
/unique_chucks/29/0xe2fa3d7b292c216390abad4c625d5f2524b85a1f.sol:116:40: Warning: "throw" is deprecated in favour of "revert()", "require()" and "assert()".
        if (frozenAccount[msg.sender]) throw;                // Check if frozen
                                       ^---^
/unique_chucks/29/0xe2fa3d7b292c216390abad4c625d5f2524b85a1f.sol:125:35: Warning: "throw" is deprecated in favour of "revert()", "require()" and "assert()".
        if (frozenAccount[_from]) throw;                        // Check if frozen
                                  ^---^
/unique_chucks/29/0xe2fa3d7b292c216390abad4c625d5f2524b85a1f.sol:126:40: Warning: "throw" is deprecated in favour of "revert()", "require()" and "assert()".
        if (balanceOf[_from] < _value) throw;                 // Check if the sender has enough
                                       ^---^
/unique_chucks/29/0xe2fa3d7b292c216390abad4c625d5f2524b85a1f.sol:127:55: Warning: "throw" is deprecated in favour of "revert()", "require()" and "assert()".
        if (balanceOf[_to] + _value < balanceOf[_to]) throw;  // Check for overflows
                                                      ^---^
/unique_chucks/29/0xe2fa3d7b292c216390abad4c625d5f2524b85a1f.sol:128:52: Warning: "throw" is deprecated in favour of "revert()", "require()" and "assert()".
        if (_value > allowance[_from][msg.sender]) throw;   // Check allowance
                                                   ^---^
/unique_chucks/29/0xe2fa3d7b292c216390abad4c625d5f2524b85a1f.sol:155:39: Warning: "throw" is deprecated in favour of "revert()", "require()" and "assert()".
        if (balanceOf[this] < amount) throw;               // checks if it has enough to sell
                                      ^---^
/unique_chucks/29/0xe2fa3d7b292c216390abad4c625d5f2524b85a1f.sol:162:46: Warning: "throw" is deprecated in favour of "revert()", "require()" and "assert()".
        if (balanceOf[msg.sender] < amount ) throw;        // checks if the sender has enough to sell
                                             ^---^
/unique_chucks/29/0xe2fa3d7b292c216390abad4c625d5f2524b85a1f.sol:166:13: Warning: "throw" is deprecated in favour of "revert()", "require()" and "assert()".
            throw;                                         // to do this last to avoid recursion attacks
            ^---^
/unique_chucks/29/0xe2fa3d7b292c216390abad4c625d5f2524b85a1f.sol:57:9: Warning: Invoking events without "emit" prefix is deprecated.
        Transfer(msg.sender, _to, _value);                   // Notify anyone listening that this transfer took place
        ^-------------------------------^
/unique_chucks/29/0xe2fa3d7b292c216390abad4c625d5f2524b85a1f.sol:85:9: Warning: Invoking events without "emit" prefix is deprecated.
        Transfer(_from, _to, _value);
        ^--------------------------^
/unique_chucks/29/0xe2fa3d7b292c216390abad4c625d5f2524b85a1f.sol:119:9: Warning: Invoking events without "emit" prefix is deprecated.
        Transfer(msg.sender, _to, _value);                   // Notify anyone listening that this transfer took place
        ^-------------------------------^
/unique_chucks/29/0xe2fa3d7b292c216390abad4c625d5f2524b85a1f.sol:132:9: Warning: Invoking events without "emit" prefix is deprecated.
        Transfer(_from, _to, _value);
        ^--------------------------^
/unique_chucks/29/0xe2fa3d7b292c216390abad4c625d5f2524b85a1f.sol:139:9: Warning: Invoking events without "emit" prefix is deprecated.
        Transfer(0, this, mintedAmount);
        ^-----------------------------^
/unique_chucks/29/0xe2fa3d7b292c216390abad4c625d5f2524b85a1f.sol:140:9: Warning: Invoking events without "emit" prefix is deprecated.
        Transfer(this, target, mintedAmount);
        ^----------------------------------^
/unique_chucks/29/0xe2fa3d7b292c216390abad4c625d5f2524b85a1f.sol:145:9: Warning: Invoking events without "emit" prefix is deprecated.
        FrozenFunds(target, freeze);
        ^-------------------------^
/unique_chucks/29/0xe2fa3d7b292c216390abad4c625d5f2524b85a1f.sol:158:9: Warning: Invoking events without "emit" prefix is deprecated.
        Transfer(this, msg.sender, amount);                // execute an event reflecting the change
        ^--------------------------------^
/unique_chucks/29/0xe2fa3d7b292c216390abad4c625d5f2524b85a1f.sol:168:13: Warning: Invoking events without "emit" prefix is deprecated.
            Transfer(msg.sender, this, amount);            // executes an event reflecting on the change
            ^--------------------------------^
/unique_chucks/29/0xe2fa3d7b292c216390abad4c625d5f2524b85a1f.sol:6:5: Warning: No visibility specified. Defaulting to "public". 
    function owned() {
    ^ (Relevant source part starts here and spans across multiple lines).
/unique_chucks/29/0xe2fa3d7b292c216390abad4c625d5f2524b85a1f.sol:15:5: Warning: No visibility specified. Defaulting to "public". 
    function transferOwnership(address newOwner) onlyOwner {
    ^ (Relevant source part starts here and spans across multiple lines).
/unique_chucks/29/0xe2fa3d7b292c216390abad4c625d5f2524b85a1f.sol:20:27: Warning: No visibility specified. Defaulting to "public". 
contract tokenRecipient { function receiveApproval(address _from, uint256 _value, address _token, bytes _extraData); }
                          ^----------------------------------------------------------------------------------------^
/unique_chucks/29/0xe2fa3d7b292c216390abad4c625d5f2524b85a1f.sol:38:5: Warning: No visibility specified. Defaulting to "public". 
    function token(
    ^ (Relevant source part starts here and spans across multiple lines).
/unique_chucks/29/0xe2fa3d7b292c216390abad4c625d5f2524b85a1f.sol:52:5: Warning: No visibility specified. Defaulting to "public". 
    function transfer(address _to, uint256 _value) {
    ^ (Relevant source part starts here and spans across multiple lines).
/unique_chucks/29/0xe2fa3d7b292c216390abad4c625d5f2524b85a1f.sol:61:5: Warning: No visibility specified. Defaulting to "public". 
    function approve(address _spender, uint256 _value)
    ^ (Relevant source part starts here and spans across multiple lines).
/unique_chucks/29/0xe2fa3d7b292c216390abad4c625d5f2524b85a1f.sol:68:5: Warning: No visibility specified. Defaulting to "public". 
    function approveAndCall(address _spender, uint256 _value, bytes _extraData)
    ^ (Relevant source part starts here and spans across multiple lines).
/unique_chucks/29/0xe2fa3d7b292c216390abad4c625d5f2524b85a1f.sol:78:5: Warning: No visibility specified. Defaulting to "public". 
    function transferFrom(address _from, address _to, uint256 _value) returns (bool success) {
    ^ (Relevant source part starts here and spans across multiple lines).
/unique_chucks/29/0xe2fa3d7b292c216390abad4c625d5f2524b85a1f.sol:90:5: Warning: No visibility specified. Defaulting to "public". 
    function () {
    ^ (Relevant source part starts here and spans across multiple lines).
/unique_chucks/29/0xe2fa3d7b292c216390abad4c625d5f2524b85a1f.sol:111:5: Warning: No visibility specified. Defaulting to "public". 
    function ETHEREUMBLACK() token (initialSupply, tokenName, decimalUnits, tokenSymbol) {}
    ^-------------------------------------------------------------------------------------^
/unique_chucks/29/0xe2fa3d7b292c216390abad4c625d5f2524b85a1f.sol:113:5: Warning: No visibility specified. Defaulting to "public". 
    function transfer(address _to, uint256 _value) {
    ^ (Relevant source part starts here and spans across multiple lines).
/unique_chucks/29/0xe2fa3d7b292c216390abad4c625d5f2524b85a1f.sol:124:5: Warning: No visibility specified. Defaulting to "public". 
    function transferFrom(address _from, address _to, uint256 _value) returns (bool success) {
    ^ (Relevant source part starts here and spans across multiple lines).
/unique_chucks/29/0xe2fa3d7b292c216390abad4c625d5f2524b85a1f.sol:136:5: Warning: No visibility specified. Defaulting to "public". 
    function mintToken(address target, uint256 mintedAmount) onlyOwner {
    ^ (Relevant source part starts here and spans across multiple lines).
/unique_chucks/29/0xe2fa3d7b292c216390abad4c625d5f2524b85a1f.sol:143:5: Warning: No visibility specified. Defaulting to "public". 
    function freezeAccount(address target, bool freeze) onlyOwner {
    ^ (Relevant source part starts here and spans across multiple lines).
/unique_chucks/29/0xe2fa3d7b292c216390abad4c625d5f2524b85a1f.sol:148:5: Warning: No visibility specified. Defaulting to "public". 
    function setPrices(uint256 newSellPrice, uint256 newBuyPrice) onlyOwner {
    ^ (Relevant source part starts here and spans across multiple lines).
/unique_chucks/29/0xe2fa3d7b292c216390abad4c625d5f2524b85a1f.sol:153:5: Warning: No visibility specified. Defaulting to "public". 
    function buy() payable {
    ^ (Relevant source part starts here and spans across multiple lines).
/unique_chucks/29/0xe2fa3d7b292c216390abad4c625d5f2524b85a1f.sol:161:5: Warning: No visibility specified. Defaulting to "public". 
    function sell(uint256 amount) {
    ^ (Relevant source part starts here and spans across multiple lines).

INFO:Detectors:[93m
token (/unique_chucks/29/0xe2fa3d7b292c216390abad4c625d5f2524b85a1f.sol#23-98) has incorrect ERC20 function interface(s):
	-transfer (/unique_chucks/29/0xe2fa3d7b292c216390abad4c625d5f2524b85a1f.sol#53-60)
ETHEREUMBLACK (/unique_chucks/29/0xe2fa3d7b292c216390abad4c625d5f2524b85a1f.sol#98-171) has incorrect ERC20 function interface(s):
	-transfer (/unique_chucks/29/0xe2fa3d7b292c216390abad4c625d5f2524b85a1f.sol#114-124)
Reference: https://github.com/trailofbits/slither/wiki/Detectors-Documentation#incorrect-erc20-interface[0m
INFO:Detectors:[92m
ETHEREUMBLACK.tokenName should be constant (/unique_chucks/29/0xe2fa3d7b292c216390abad4c625d5f2524b85a1f.sol#111)
ETHEREUMBLACK.tokenSymbol should be constant (/unique_chucks/29/0xe2fa3d7b292c216390abad4c625d5f2524b85a1f.sol#111-112)
token.standard should be constant (/unique_chucks/29/0xe2fa3d7b292c216390abad4c625d5f2524b85a1f.sol#24-25)
Reference: https://github.com/trailofbits/slither/wiki/Detectors-Documentation#state-variables-that-could-be-declared-constant[0m
INFO:Detectors:[92m
Deprecated standard detected @ /unique_chucks/29/0xe2fa3d7b292c216390abad4c625d5f2524b85a1f.sol#12:
	- Usage of "throw" should be replaced with "revert()"
Deprecated standard detected @ /unique_chucks/29/0xe2fa3d7b292c216390abad4c625d5f2524b85a1f.sol#54:
	- Usage of "throw" should be replaced with "revert()"
Deprecated standard detected @ /unique_chucks/29/0xe2fa3d7b292c216390abad4c625d5f2524b85a1f.sol#55:
	- Usage of "throw" should be replaced with "revert()"
Deprecated standard detected @ /unique_chucks/29/0xe2fa3d7b292c216390abad4c625d5f2524b85a1f.sol#80:
	- Usage of "throw" should be replaced with "revert()"
Deprecated standard detected @ /unique_chucks/29/0xe2fa3d7b292c216390abad4c625d5f2524b85a1f.sol#81:
	- Usage of "throw" should be replaced with "revert()"
Deprecated standard detected @ /unique_chucks/29/0xe2fa3d7b292c216390abad4c625d5f2524b85a1f.sol#82:
	- Usage of "throw" should be replaced with "revert()"
Deprecated standard detected @ /unique_chucks/29/0xe2fa3d7b292c216390abad4c625d5f2524b85a1f.sol#95:
	- Usage of "throw" should be replaced with "revert()"
Deprecated standard detected @ /unique_chucks/29/0xe2fa3d7b292c216390abad4c625d5f2524b85a1f.sol#115:
	- Usage of "throw" should be replaced with "revert()"
Deprecated standard detected @ /unique_chucks/29/0xe2fa3d7b292c216390abad4c625d5f2524b85a1f.sol#117:
	- Usage of "throw" should be replaced with "revert()"
Deprecated standard detected @ /unique_chucks/29/0xe2fa3d7b292c216390abad4c625d5f2524b85a1f.sol#117:
	- Usage of "throw" should be replaced with "revert()"
Deprecated standard detected @ /unique_chucks/29/0xe2fa3d7b292c216390abad4c625d5f2524b85a1f.sol#126:
	- Usage of "throw" should be replaced with "revert()"
Deprecated standard detected @ /unique_chucks/29/0xe2fa3d7b292c216390abad4c625d5f2524b85a1f.sol#127:
	- Usage of "throw" should be replaced with "revert()"
Deprecated standard detected @ /unique_chucks/29/0xe2fa3d7b292c216390abad4c625d5f2524b85a1f.sol#129:
	- Usage of "throw" should be replaced with "revert()"
Deprecated standard detected @ /unique_chucks/29/0xe2fa3d7b292c216390abad4c625d5f2524b85a1f.sol#130:
	- Usage of "throw" should be replaced with "revert()"
Deprecated standard detected @ /unique_chucks/29/0xe2fa3d7b292c216390abad4c625d5f2524b85a1f.sol#157:
	- Usage of "throw" should be replaced with "revert()"
Deprecated standard detected @ /unique_chucks/29/0xe2fa3d7b292c216390abad4c625d5f2524b85a1f.sol#164:
	- Usage of "throw" should be replaced with "revert()"
Deprecated standard detected @ /unique_chucks/29/0xe2fa3d7b292c216390abad4c625d5f2524b85a1f.sol#168:
	- Usage of "throw" should be replaced with "revert()"
Reference: https://github.com/trailofbits/slither/wiki/Detectors-Documentation#deprecated-standards[0m
INFO:Detectors:[92m
owned.transferOwnership (/unique_chucks/29/0xe2fa3d7b292c216390abad4c625d5f2524b85a1f.sol#15-20) should be declared external
tokenRecipient.receiveApproval (/unique_chucks/29/0xe2fa3d7b292c216390abad4c625d5f2524b85a1f.sol#20-22) should be declared external
ETHEREUMBLACK.transfer (/unique_chucks/29/0xe2fa3d7b292c216390abad4c625d5f2524b85a1f.sol#114-124) should be declared external
token.transfer (/unique_chucks/29/0xe2fa3d7b292c216390abad4c625d5f2524b85a1f.sol#53-60) should be declared external
token.approveAndCall (/unique_chucks/29/0xe2fa3d7b292c216390abad4c625d5f2524b85a1f.sol#68-78) should be declared external
token.transferFrom (/unique_chucks/29/0xe2fa3d7b292c216390abad4c625d5f2524b85a1f.sol#78-89) should be declared external
ETHEREUMBLACK.transferFrom (/unique_chucks/29/0xe2fa3d7b292c216390abad4c625d5f2524b85a1f.sol#125-138) should be declared external
token.fallback (/unique_chucks/29/0xe2fa3d7b292c216390abad4c625d5f2524b85a1f.sol#95-98) should be declared external
ETHEREUMBLACK.mintToken (/unique_chucks/29/0xe2fa3d7b292c216390abad4c625d5f2524b85a1f.sol#138-145) should be declared external
ETHEREUMBLACK.freezeAccount (/unique_chucks/29/0xe2fa3d7b292c216390abad4c625d5f2524b85a1f.sol#146-150) should be declared external
ETHEREUMBLACK.setPrices (/unique_chucks/29/0xe2fa3d7b292c216390abad4c625d5f2524b85a1f.sol#153-155) should be declared external
ETHEREUMBLACK.buy (/unique_chucks/29/0xe2fa3d7b292c216390abad4c625d5f2524b85a1f.sol#155-163) should be declared external
ETHEREUMBLACK.sell (/unique_chucks/29/0xe2fa3d7b292c216390abad4c625d5f2524b85a1f.sol#163-171) should be declared external
Reference: https://github.com/trailofbits/slither/wiki/Detectors-Documentation#public-function-that-could-be-declared-as-external[0m
INFO:Detectors:[92m
Detected issues with version pragma in /unique_chucks/29/0xe2fa3d7b292c216390abad4c625d5f2524b85a1f.sol:
	- pragma solidity^0.4.17 (/unique_chucks/29/0xe2fa3d7b292c216390abad4c625d5f2524b85a1f.sol#2-3): it allows old versions
Reference: https://github.com/trailofbits/slither/wiki/Detectors-Documentation#incorrect-version-of-solidity[0m
INFO:Detectors:[92m
Contract 'owned' (/unique_chucks/29/0xe2fa3d7b292c216390abad4c625d5f2524b85a1f.sol#3-20) is not in CapWords
Contract 'tokenRecipient' (/unique_chucks/29/0xe2fa3d7b292c216390abad4c625d5f2524b85a1f.sol#20-23) is not in CapWords
Contract 'token' (/unique_chucks/29/0xe2fa3d7b292c216390abad4c625d5f2524b85a1f.sol#23-98) is not in CapWords
Parameter '_to' of token.transfer (/unique_chucks/29/0xe2fa3d7b292c216390abad4c625d5f2524b85a1f.sol#53) is not in mixedCase
Parameter '_value' of token.transfer (/unique_chucks/29/0xe2fa3d7b292c216390abad4c625d5f2524b85a1f.sol#53) is not in mixedCase
Parameter '_spender' of token.approve (/unique_chucks/29/0xe2fa3d7b292c216390abad4c625d5f2524b85a1f.sol#62-63) is not in mixedCase
Parameter '_value' of token.approve (/unique_chucks/29/0xe2fa3d7b292c216390abad4c625d5f2524b85a1f.sol#63) is not in mixedCase
Parameter '_spender' of token.approveAndCall (/unique_chucks/29/0xe2fa3d7b292c216390abad4c625d5f2524b85a1f.sol#69) is not in mixedCase
Parameter '_value' of token.approveAndCall (/unique_chucks/29/0xe2fa3d7b292c216390abad4c625d5f2524b85a1f.sol#70) is not in mixedCase
Parameter '_extraData' of token.approveAndCall (/unique_chucks/29/0xe2fa3d7b292c216390abad4c625d5f2524b85a1f.sol#70) is not in mixedCase
Parameter '_from' of token.transferFrom (/unique_chucks/29/0xe2fa3d7b292c216390abad4c625d5f2524b85a1f.sol#79) is not in mixedCase
Parameter '_to' of token.transferFrom (/unique_chucks/29/0xe2fa3d7b292c216390abad4c625d5f2524b85a1f.sol#79) is not in mixedCase
Parameter '_value' of token.transferFrom (/unique_chucks/29/0xe2fa3d7b292c216390abad4c625d5f2524b85a1f.sol#79) is not in mixedCase
Parameter '_to' of ETHEREUMBLACK.transfer (/unique_chucks/29/0xe2fa3d7b292c216390abad4c625d5f2524b85a1f.sol#114) is not in mixedCase
Parameter '_value' of ETHEREUMBLACK.transfer (/unique_chucks/29/0xe2fa3d7b292c216390abad4c625d5f2524b85a1f.sol#114-115) is not in mixedCase
Parameter '_from' of ETHEREUMBLACK.transferFrom (/unique_chucks/29/0xe2fa3d7b292c216390abad4c625d5f2524b85a1f.sol#125) is not in mixedCase
Parameter '_to' of ETHEREUMBLACK.transferFrom (/unique_chucks/29/0xe2fa3d7b292c216390abad4c625d5f2524b85a1f.sol#125) is not in mixedCase
Parameter '_value' of ETHEREUMBLACK.transferFrom (/unique_chucks/29/0xe2fa3d7b292c216390abad4c625d5f2524b85a1f.sol#125-126) is not in mixedCase
Function 'ETHEREUMBLACK.ETHEREUMBLACK' (/unique_chucks/29/0xe2fa3d7b292c216390abad4c625d5f2524b85a1f.sol#113-114) is not in mixedCase
Constant 'ETHEREUMBLACK.initialSupply' (/unique_chucks/29/0xe2fa3d7b292c216390abad4c625d5f2524b85a1f.sol#109-110) is not in UPPER_CASE_WITH_UNDERSCORES
Constant 'ETHEREUMBLACK.decimalUnits' (/unique_chucks/29/0xe2fa3d7b292c216390abad4c625d5f2524b85a1f.sol#110-111) is not in UPPER_CASE_WITH_UNDERSCORES
Reference: https://github.com/trailofbits/slither/wiki/Detectors-Documentation#conformance-to-solidity-naming-conventions[0m
INFO:Slither:/unique_chucks/29/0xe2fa3d7b292c216390abad4c625d5f2524b85a1f.sol analyzed (4 contracts), 55 result(s) found