INFO:Slither:Compilation warnings/errors on /unique_chucks/16/0x4a8d3a662e0fd6a8bd39ed0f91e4c1b729c81a38.sol:
/unique_chucks/16/0x4a8d3a662e0fd6a8bd39ed0f91e4c1b729c81a38.sol:67:5: Warning: Defining constructors as functions with the same name as the contract is deprecated. Use "constructor(...) { ... }" instead.
    function HODLWallet(address[] addrs, uint256[] _balances) public payable {
    ^ (Relevant source part starts here and spans across multiple lines).
/unique_chucks/16/0x4a8d3a662e0fd6a8bd39ed0f91e4c1b729c81a38.sol:89:9: Warning: Return value of low-level calls not used.
        to.call.value(amount)();
        ^---------------------^

INFO:Detectors:[91m
Reentrancy in HODLWallet.doWithdraw (/unique_chucks/16/0x4a8d3a662e0fd6a8bd39ed0f91e4c1b729c81a38.sol#79-98):
	External calls:
	- to.call.value(amount)() (/unique_chucks/16/0x4a8d3a662e0fd6a8bd39ed0f91e4c1b729c81a38.sol#92-94)
	State variables written after the call(s):
	- withdrawalCount (/unique_chucks/16/0x4a8d3a662e0fd6a8bd39ed0f91e4c1b729c81a38.sol#94-98)
Reference: https://github.com/trailofbits/slither/wiki/Detectors-Documentation#reentrancy-vulnerabilities[0m
INFO:Detectors:[92m
HODLWallet.fallback (/unique_chucks/16/0x4a8d3a662e0fd6a8bd39ed0f91e4c1b729c81a38.sol#98-101) should be declared external
HODLWallet.depositTo (/unique_chucks/16/0x4a8d3a662e0fd6a8bd39ed0f91e4c1b729c81a38.sol#111-117) should be declared external
HODLWallet.withdraw (/unique_chucks/16/0x4a8d3a662e0fd6a8bd39ed0f91e4c1b729c81a38.sol#118-120) should be declared external
HODLWallet.withdrawTo (/unique_chucks/16/0x4a8d3a662e0fd6a8bd39ed0f91e4c1b729c81a38.sol#122-124) should be declared external
HODLWallet.withdrawFor (/unique_chucks/16/0x4a8d3a662e0fd6a8bd39ed0f91e4c1b729c81a38.sol#124-128) should be declared external
HODLWallet.withdrawForTo (/unique_chucks/16/0x4a8d3a662e0fd6a8bd39ed0f91e4c1b729c81a38.sol#129-134) should be declared external
HODLWallet.destroy (/unique_chucks/16/0x4a8d3a662e0fd6a8bd39ed0f91e4c1b729c81a38.sol#134-143) should be declared external
HODLWallet.getBalance (/unique_chucks/16/0x4a8d3a662e0fd6a8bd39ed0f91e4c1b729c81a38.sol#143-144) should be declared external
HODLWallet.addBalances (/unique_chucks/16/0x4a8d3a662e0fd6a8bd39ed0f91e4c1b729c81a38.sol#144-156) should be declared external
HODLWallet.approve (/unique_chucks/16/0x4a8d3a662e0fd6a8bd39ed0f91e4c1b729c81a38.sol#156-164) should be declared external
HODLWallet.unapprove (/unique_chucks/16/0x4a8d3a662e0fd6a8bd39ed0f91e4c1b729c81a38.sol#165-168) should be declared external
Reference: https://github.com/trailofbits/slither/wiki/Detectors-Documentation#public-function-that-could-be-declared-as-external[0m
INFO:Detectors:[92m
Detected issues with version pragma in /unique_chucks/16/0x4a8d3a662e0fd6a8bd39ed0f91e4c1b729c81a38.sol:
	- pragma solidity^0.4.15 (/unique_chucks/16/0x4a8d3a662e0fd6a8bd39ed0f91e4c1b729c81a38.sol#1): it allows old versions
Reference: https://github.com/trailofbits/slither/wiki/Detectors-Documentation#incorrect-version-of-solidity[0m
INFO:Detectors:[92m
Low level call in HODLWallet.doWithdraw (/unique_chucks/16/0x4a8d3a662e0fd6a8bd39ed0f91e4c1b729c81a38.sol#79-98):
	-to.call.value(amount)() /unique_chucks/16/0x4a8d3a662e0fd6a8bd39ed0f91e4c1b729c81a38.sol#92-94
Reference: https://github.com/trailofbits/slither/wiki/Detectors-Documentation#low-level-calls[0m
INFO:Detectors:[92m
Function 'HODLWallet.HODLWallet' (/unique_chucks/16/0x4a8d3a662e0fd6a8bd39ed0f91e4c1b729c81a38.sol#67-78) is not in mixedCase
Parameter '_balances' of HODLWallet.HODLWallet (/unique_chucks/16/0x4a8d3a662e0fd6a8bd39ed0f91e4c1b729c81a38.sol#68) is not in mixedCase
Parameter '_balances' of HODLWallet.addBalances (/unique_chucks/16/0x4a8d3a662e0fd6a8bd39ed0f91e4c1b729c81a38.sol#146) is not in mixedCase
Reference: https://github.com/trailofbits/slither/wiki/Detectors-Documentation#conformance-to-solidity-naming-conventions[0m
INFO:Slither:/unique_chucks/16/0x4a8d3a662e0fd6a8bd39ed0f91e4c1b729c81a38.sol analyzed (2 contracts), 17 result(s) found