INFO:Detectors:[92m
CNTO._decimals should be constant (/unique_chucks/22/0x088803cec3decaf5d4184bd2f816a51b2670a59f.sol#77-78)
CNTO._name should be constant (/unique_chucks/22/0x088803cec3decaf5d4184bd2f816a51b2670a59f.sol#76-77)
CNTO._symbol should be constant (/unique_chucks/22/0x088803cec3decaf5d4184bd2f816a51b2670a59f.sol#77)
Reference: https://github.com/trailofbits/slither/wiki/Detectors-Documentation#state-variables-that-could-be-declared-constant[0m
INFO:Detectors:[92m
Owned.setOwner (/unique_chucks/22/0x088803cec3decaf5d4184bd2f816a51b2670a59f.sol#29-35) should be declared external
CNTO.name (/unique_chucks/22/0x088803cec3decaf5d4184bd2f816a51b2670a59f.sol#124-126) should be declared external
ERC20Token.name (/unique_chucks/22/0x088803cec3decaf5d4184bd2f816a51b2670a59f.sol#57) should be declared external
CNTO.symbol (/unique_chucks/22/0x088803cec3decaf5d4184bd2f816a51b2670a59f.sol#129-131) should be declared external
ERC20Token.symbol (/unique_chucks/22/0x088803cec3decaf5d4184bd2f816a51b2670a59f.sol#57-58) should be declared external
CNTO.decimals (/unique_chucks/22/0x088803cec3decaf5d4184bd2f816a51b2670a59f.sol#134-135) should be declared external
ERC20Token.decimals (/unique_chucks/22/0x088803cec3decaf5d4184bd2f816a51b2670a59f.sol#58-59) should be declared external
CNTO.totalSupply (/unique_chucks/22/0x088803cec3decaf5d4184bd2f816a51b2670a59f.sol#139-140) should be declared external
ERC20Token.totalSupply (/unique_chucks/22/0x088803cec3decaf5d4184bd2f816a51b2670a59f.sol#59-60) should be declared external
ERC20Token.balanceOf (/unique_chucks/22/0x088803cec3decaf5d4184bd2f816a51b2670a59f.sol#60-61) should be declared external
CNTO.balanceOf (/unique_chucks/22/0x088803cec3decaf5d4184bd2f816a51b2670a59f.sol#169-179) should be declared external
CNTO.transfer (/unique_chucks/22/0x088803cec3decaf5d4184bd2f816a51b2670a59f.sol#234-244) should be declared external
ERC20Token.transfer (/unique_chucks/22/0x088803cec3decaf5d4184bd2f816a51b2670a59f.sol#61-62) should be declared external
CNTO.transferFrom (/unique_chucks/22/0x088803cec3decaf5d4184bd2f816a51b2670a59f.sol#316-327) should be declared external
ERC20Token.transferFrom (/unique_chucks/22/0x088803cec3decaf5d4184bd2f816a51b2670a59f.sol#62-63) should be declared external
ERC20Token.approve (/unique_chucks/22/0x088803cec3decaf5d4184bd2f816a51b2670a59f.sol#63-64) should be declared external
CNTO.approve (/unique_chucks/22/0x088803cec3decaf5d4184bd2f816a51b2670a59f.sol#331-335) should be declared external
CNTO.setUnlockEarlier (/unique_chucks/22/0x088803cec3decaf5d4184bd2f816a51b2670a59f.sol#111-115) should be declared external
CNTO.setUnlockLater (/unique_chucks/22/0x088803cec3decaf5d4184bd2f816a51b2670a59f.sol#118-121) should be declared external
CNTO.balanceUnlocked (/unique_chucks/22/0x088803cec3decaf5d4184bd2f816a51b2670a59f.sol#146-156) should be declared external
CNTO.balanceLocked (/unique_chucks/22/0x088803cec3decaf5d4184bd2f816a51b2670a59f.sol#158-167) should be declared external
CNTO.showLockTimes (/unique_chucks/22/0x088803cec3decaf5d4184bd2f816a51b2670a59f.sol#179-189) should be declared external
CNTO.showLockValues (/unique_chucks/22/0x088803cec3decaf5d4184bd2f816a51b2670a59f.sol#192-196) should be declared external
CNTO.showLockNum (/unique_chucks/22/0x088803cec3decaf5d4184bd2f816a51b2670a59f.sol#196-200) should be declared external
CNTO.transferLocked (/unique_chucks/22/0x088803cec3decaf5d4184bd2f816a51b2670a59f.sol#245-280) should be declared external
CNTO.transferLockedFrom (/unique_chucks/22/0x088803cec3decaf5d4184bd2f816a51b2670a59f.sol#281-315) should be declared external
CNTO.increaseApproval (/unique_chucks/22/0x088803cec3decaf5d4184bd2f816a51b2670a59f.sol#338-342) should be declared external
CNTO.decreaseApproval (/unique_chucks/22/0x088803cec3decaf5d4184bd2f816a51b2670a59f.sol#343-353) should be declared external
CNTO.burn (/unique_chucks/22/0x088803cec3decaf5d4184bd2f816a51b2670a59f.sol#354-369) should be declared external
CNTO.fallback (/unique_chucks/22/0x088803cec3decaf5d4184bd2f816a51b2670a59f.sol#369-372) should be declared external
CNTO.emptyWrongToken (/unique_chucks/22/0x088803cec3decaf5d4184bd2f816a51b2670a59f.sol#372-381) should be declared external
CNTO.emptyWrongEther (/unique_chucks/22/0x088803cec3decaf5d4184bd2f816a51b2670a59f.sol) should be declared external
Reference: https://github.com/trailofbits/slither/wiki/Detectors-Documentation#public-function-that-could-be-declared-as-external[0m
INFO:Detectors:[92m
Parameter '_owner' of Owned.setOwner (/unique_chucks/22/0x088803cec3decaf5d4184bd2f816a51b2670a59f.sol#29-30) is not in mixedCase
Parameter '_a' of SafeMath.add (/unique_chucks/22/0x088803cec3decaf5d4184bd2f816a51b2670a59f.sol#36) is not in mixedCase
Parameter '_b' of SafeMath.add (/unique_chucks/22/0x088803cec3decaf5d4184bd2f816a51b2670a59f.sol#36) is not in mixedCase
Parameter '_a' of SafeMath.sub (/unique_chucks/22/0x088803cec3decaf5d4184bd2f816a51b2670a59f.sol#42) is not in mixedCase
Parameter '_b' of SafeMath.sub (/unique_chucks/22/0x088803cec3decaf5d4184bd2f816a51b2670a59f.sol#42-43) is not in mixedCase
Parameter '_a' of SafeMath.mul (/unique_chucks/22/0x088803cec3decaf5d4184bd2f816a51b2670a59f.sol#47) is not in mixedCase
Parameter '_b' of SafeMath.mul (/unique_chucks/22/0x088803cec3decaf5d4184bd2f816a51b2670a59f.sol#48) is not in mixedCase
Parameter '_address' of CNTO.balanceOf (/unique_chucks/22/0x088803cec3decaf5d4184bd2f816a51b2670a59f.sol#170) is not in mixedCase
Parameter '_to' of CNTO.transfer (/unique_chucks/22/0x088803cec3decaf5d4184bd2f816a51b2670a59f.sol#234) is not in mixedCase
Parameter '_value' of CNTO.transfer (/unique_chucks/22/0x088803cec3decaf5d4184bd2f816a51b2670a59f.sol#234) is not in mixedCase
Parameter '_from' of CNTO.transferFrom (/unique_chucks/22/0x088803cec3decaf5d4184bd2f816a51b2670a59f.sol#316) is not in mixedCase
Parameter '_to' of CNTO.transferFrom (/unique_chucks/22/0x088803cec3decaf5d4184bd2f816a51b2670a59f.sol#316) is not in mixedCase
Parameter '_value' of CNTO.transferFrom (/unique_chucks/22/0x088803cec3decaf5d4184bd2f816a51b2670a59f.sol#316-317) is not in mixedCase
Parameter '_spender' of CNTO.approve (/unique_chucks/22/0x088803cec3decaf5d4184bd2f816a51b2670a59f.sol#332) is not in mixedCase
Parameter '_value' of CNTO.approve (/unique_chucks/22/0x088803cec3decaf5d4184bd2f816a51b2670a59f.sol#332) is not in mixedCase
Parameter '_owner' of CNTO.allowance (/unique_chucks/22/0x088803cec3decaf5d4184bd2f816a51b2670a59f.sol#143) is not in mixedCase
Parameter '_spender' of CNTO.allowance (/unique_chucks/22/0x088803cec3decaf5d4184bd2f816a51b2670a59f.sol#143-144) is not in mixedCase
Parameter '_earlier' of CNTO.setUnlockEarlier (/unique_chucks/22/0x088803cec3decaf5d4184bd2f816a51b2670a59f.sol#113) is not in mixedCase
Parameter '_later' of CNTO.setUnlockLater (/unique_chucks/22/0x088803cec3decaf5d4184bd2f816a51b2670a59f.sol#118-119) is not in mixedCase
Parameter '_address' of CNTO.balanceUnlocked (/unique_chucks/22/0x088803cec3decaf5d4184bd2f816a51b2670a59f.sol#147) is not in mixedCase
Parameter '_address' of CNTO.balanceLocked (/unique_chucks/22/0x088803cec3decaf5d4184bd2f816a51b2670a59f.sol#159) is not in mixedCase
Parameter '_address' of CNTO.showLockTimes (/unique_chucks/22/0x088803cec3decaf5d4184bd2f816a51b2670a59f.sol#180) is not in mixedCase
Parameter '_address' of CNTO.showLockValues (/unique_chucks/22/0x088803cec3decaf5d4184bd2f816a51b2670a59f.sol#192) is not in mixedCase
Parameter '_address' of CNTO.showLockNum (/unique_chucks/22/0x088803cec3decaf5d4184bd2f816a51b2670a59f.sol#197) is not in mixedCase
Parameter '_address' of CNTO.calcUnlock (/unique_chucks/22/0x088803cec3decaf5d4184bd2f816a51b2670a59f.sol#202) is not in mixedCase
Parameter '_to' of CNTO.transferLocked (/unique_chucks/22/0x088803cec3decaf5d4184bd2f816a51b2670a59f.sol#246) is not in mixedCase
Parameter '_time' of CNTO.transferLocked (/unique_chucks/22/0x088803cec3decaf5d4184bd2f816a51b2670a59f.sol#246-247) is not in mixedCase
Parameter '_value' of CNTO.transferLocked (/unique_chucks/22/0x088803cec3decaf5d4184bd2f816a51b2670a59f.sol#247) is not in mixedCase
Parameter '_from' of CNTO.transferLockedFrom (/unique_chucks/22/0x088803cec3decaf5d4184bd2f816a51b2670a59f.sol#282) is not in mixedCase
Parameter '_to' of CNTO.transferLockedFrom (/unique_chucks/22/0x088803cec3decaf5d4184bd2f816a51b2670a59f.sol#282-283) is not in mixedCase
Parameter '_time' of CNTO.transferLockedFrom (/unique_chucks/22/0x088803cec3decaf5d4184bd2f816a51b2670a59f.sol#283) is not in mixedCase
Parameter '_value' of CNTO.transferLockedFrom (/unique_chucks/22/0x088803cec3decaf5d4184bd2f816a51b2670a59f.sol#283-284) is not in mixedCase
Parameter '_spender' of CNTO.increaseApproval (/unique_chucks/22/0x088803cec3decaf5d4184bd2f816a51b2670a59f.sol#338) is not in mixedCase
Parameter '_value' of CNTO.increaseApproval (/unique_chucks/22/0x088803cec3decaf5d4184bd2f816a51b2670a59f.sol#338) is not in mixedCase
Parameter '_spender' of CNTO.decreaseApproval (/unique_chucks/22/0x088803cec3decaf5d4184bd2f816a51b2670a59f.sol#344) is not in mixedCase
Parameter '_value' of CNTO.decreaseApproval (/unique_chucks/22/0x088803cec3decaf5d4184bd2f816a51b2670a59f.sol#344) is not in mixedCase
Parameter '_value' of CNTO.burn (/unique_chucks/22/0x088803cec3decaf5d4184bd2f816a51b2670a59f.sol#355-356) is not in mixedCase
Parameter '_addr' of CNTO.emptyWrongToken (/unique_chucks/22/0x088803cec3decaf5d4184bd2f816a51b2670a59f.sol#373) is not in mixedCase
Constant 'CNTO.standard' (/unique_chucks/22/0x088803cec3decaf5d4184bd2f816a51b2670a59f.sol#73-74) is not in UPPER_CASE_WITH_UNDERSCORES
Constant 'CNTO.version' (/unique_chucks/22/0x088803cec3decaf5d4184bd2f816a51b2670a59f.sol#74-75) is not in UPPER_CASE_WITH_UNDERSCORES
Reference: https://github.com/trailofbits/slither/wiki/Detectors-Documentation#conformance-to-solidity-naming-conventions[0m
INFO:Detectors:[92m
CNTO.standard (/unique_chucks/22/0x088803cec3decaf5d4184bd2f816a51b2670a59f.sol#73-74) is never used in CNTO
CNTO.version (/unique_chucks/22/0x088803cec3decaf5d4184bd2f816a51b2670a59f.sol#74-75) is never used in CNTO
Reference: https://github.com/trailofbits/slither/wiki/Detectors-Documentation#unused-state-variables[0m
INFO:Slither:/unique_chucks/22/0x088803cec3decaf5d4184bd2f816a51b2670a59f.sol analyzed (4 contracts), 74 result(s) found