2019-07-25 16:59:31,264: [13] m.main:INFO: Registered plugins: DetectDelegatecall, DetectUninitializedMemory, DetectIntegerOverflow, DetectUnusedRetVal, DetectSuicidal, DetectReentrancySimple, DetectInvalid, DetectExternalCallAndLeak, DetectUninitializedStorage, DetectEnvInstruction, DetectReentrancyAdvanced
2019-07-25 16:59:31,265: [13] m.main:INFO: Beginning analysis
2019-07-25 16:59:31,287: [13] m.e.manticore:INFO: Starting symbolic create contract
2019-07-25 16:59:34,096: [13] m.e.manticore:INFO: Starting symbolic transaction: 0
2019-07-25 16:59:44,404: [13] m.e.manticore:INFO: 6 alive states, 8 terminated states
2019-07-25 16:59:45,589: [13] m.e.manticore:INFO: Starting symbolic transaction: 1
2019-07-25 17:00:50,891: [13] m.e.manticore:INFO: 36 alive states, 56 terminated states
2019-07-25 17:00:52,383: [8355] m.c.manticore:INFO: Generated testcase No. 0 - RETURN(3 txs)
2019-07-25 17:00:52,828: [8358] m.c.manticore:INFO: Generated testcase No. 1 - RETURN(3 txs)
2019-07-25 17:00:53,064: [8363] m.c.manticore:INFO: Generated testcase No. 2 - RETURN(3 txs)
2019-07-25 17:00:53,419: [8374] m.c.manticore:INFO: Generated testcase No. 3 - RETURN(3 txs)
2019-07-25 17:00:53,432: [8377] m.c.manticore:INFO: Generated testcase No. 4 - RETURN(3 txs)
2019-07-25 17:00:53,463: [8372] m.c.manticore:INFO: Generated testcase No. 6 - RETURN(3 txs)
2019-07-25 17:00:53,571: [8370] m.c.manticore:INFO: Generated testcase No. 5 - RETURN(3 txs)
2019-07-25 17:00:53,759: [8379] m.c.manticore:INFO: Generated testcase No. 7 - RETURN(3 txs)
2019-07-25 17:00:53,829: [8373] m.c.manticore:INFO: Generated testcase No. 8 - RETURN(3 txs)
2019-07-25 17:00:53,972: [8380] m.c.manticore:INFO: Generated testcase No. 9 - RETURN(3 txs)
2019-07-25 17:01:23,547: [8355] m.c.manticore:INFO: Generated testcase No. 10 - RETURN(3 txs)
2019-07-25 17:01:23,636: [8370] m.c.manticore:INFO: Generated testcase No. 11 - RETURN(3 txs)
2019-07-25 17:01:23,948: [8379] m.c.manticore:INFO: Generated testcase No. 12 - RETURN(3 txs)
2019-07-25 17:01:24,170: [8358] m.c.manticore:INFO: Generated testcase No. 13 - RETURN(3 txs)
2019-07-25 17:01:24,929: [8377] m.c.manticore:INFO: Generated testcase No. 14 - RETURN(3 txs)
2019-07-25 17:01:24,938: [8373] m.c.manticore:INFO: Generated testcase No. 15 - RETURN(3 txs)
2019-07-25 17:01:26,431: [8363] m.c.manticore:INFO: Generated testcase No. 16 - RETURN(3 txs)
2019-07-25 17:01:26,664: [8372] m.c.manticore:INFO: Generated testcase No. 17 - RETURN(3 txs)
2019-07-25 17:01:27,479: [8380] m.c.manticore:INFO: Generated testcase No. 18 - RETURN(3 txs)
2019-07-25 17:01:30,133: [8374] m.c.manticore:INFO: Generated testcase No. 19 - RETURN(3 txs)
2019-07-25 17:01:54,377: [8355] m.c.manticore:INFO: Generated testcase No. 20 - RETURN(3 txs)
2019-07-25 17:01:55,143: [8373] m.c.manticore:INFO: Generated testcase No. 21 - RETURN(3 txs)
2019-07-25 17:01:55,827: [8372] m.c.manticore:INFO: Generated testcase No. 22 - RETURN(3 txs)
2019-07-25 17:01:57,067: [8358] m.c.manticore:INFO: Generated testcase No. 23 - RETURN(3 txs)
2019-07-25 17:01:57,953: [8379] m.c.manticore:INFO: Generated testcase No. 24 - RETURN(3 txs)
2019-07-25 17:01:58,735: [8377] m.c.manticore:INFO: Generated testcase No. 25 - RETURN(3 txs)
2019-07-25 17:01:59,937: [8370] m.c.manticore:INFO: Generated testcase No. 26 - RETURN(3 txs)
2019-07-25 17:02:00,252: [8380] m.c.manticore:INFO: Generated testcase No. 27 - RETURN(3 txs)
2019-07-25 17:02:01,933: [8363] m.c.manticore:INFO: Generated testcase No. 28 - RETURN(3 txs)
2019-07-25 17:02:07,653: [8374] m.c.manticore:INFO: Generated testcase No. 29 - RETURN(3 txs)
2019-07-25 17:02:23,869: [8355] m.c.manticore:INFO: Generated testcase No. 30 - RETURN(3 txs)
2019-07-25 17:02:27,471: [8373] m.c.manticore:INFO: Generated testcase No. 31 - RETURN(3 txs)
2019-07-25 17:02:28,034: [8358] m.c.manticore:INFO: Generated testcase No. 32 - RETURN(3 txs)
2019-07-25 17:02:28,881: [8363] m.c.manticore:INFO: Generated testcase No. 33 - RETURN(3 txs)
2019-07-25 17:02:30,575: [8372] m.c.manticore:INFO: Generated testcase No. 34 - RETURN(3 txs)
2019-07-25 17:02:34,584: [8377] m.c.manticore:INFO: Generated testcase No. 35 - RETURN(3 txs)
2019-07-25 17:02:35,770: [8370] m.c.manticore:INFO: Generated testcase No. 36 - RETURN(1 txs)
2019-07-25 17:02:35,978: [8379] m.c.manticore:INFO: Generated testcase No. 38 - REVERT(2 txs)
2019-07-25 17:02:35,982: [8380] m.c.manticore:INFO: Generated testcase No. 37 - REVERT(2 txs)
2019-07-25 17:02:37,972: [8374] m.c.manticore:INFO: Generated testcase No. 39 - REVERT(2 txs)
2019-07-25 17:02:52,852: [8370] m.c.manticore:INFO: Generated testcase No. 40 - REVERT(2 txs)
2019-07-25 17:02:58,675: [8379] m.c.manticore:INFO: Generated testcase No. 41 - REVERT(2 txs)
2019-07-25 17:03:00,652: [8355] m.c.manticore:INFO: Generated testcase No. 42 - REVERT(2 txs)
2019-07-25 17:03:00,784: [8374] m.c.manticore:INFO: Generated testcase No. 43 - REVERT(2 txs)
2019-07-25 17:03:00,948: [8372] m.c.manticore:INFO: Generated testcase No. 44 - RETURN(2 txs)
2019-07-25 17:03:03,267: [8373] m.c.manticore:INFO: Generated testcase No. 45 - RETURN(2 txs)
2019-07-25 17:03:04,144: [8380] m.c.manticore:INFO: Generated testcase No. 46 - RETURN(2 txs)
2019-07-25 17:03:05,764: [8363] m.c.manticore:INFO: Generated testcase No. 47 - RETURN(2 txs)
2019-07-25 17:03:07,672: [8358] m.c.manticore:INFO: Generated testcase No. 48 - RETURN(2 txs)
2019-07-25 17:03:12,756: [8377] m.c.manticore:INFO: Generated testcase No. 49 - RETURN(2 txs)
2019-07-25 17:03:18,844: [8370] m.c.manticore:INFO: Generated testcase No. 50 - REVERT(3 txs)
2019-07-25 17:03:22,831: [8374] m.c.manticore:INFO: Generated testcase No. 51 - REVERT(3 txs)
2019-07-25 17:03:23,118: [8355] m.c.manticore:INFO: Generated testcase No. 52 - REVERT(3 txs)
2019-07-25 17:03:25,770: [8379] m.c.manticore:INFO: Generated testcase No. 53 - REVERT(3 txs)
2019-07-25 17:03:26,272: [8372] m.c.manticore:INFO: Generated testcase No. 54 - REVERT(3 txs)
2019-07-25 17:03:26,948: [8373] m.c.manticore:INFO: Generated testcase No. 55 - REVERT(3 txs)
2019-07-25 17:03:27,247: [8380] m.c.manticore:INFO: Generated testcase No. 56 - REVERT(3 txs)
2019-07-25 17:03:35,955: [8363] m.c.manticore:INFO: Generated testcase No. 57 - REVERT(3 txs)
2019-07-25 17:03:36,731: [8358] m.c.manticore:INFO: Generated testcase No. 58 - REVERT(3 txs)
2019-07-25 17:03:43,552: [8377] m.c.manticore:INFO: Generated testcase No. 59 - REVERT(3 txs)
2019-07-25 17:03:51,868: [8370] m.c.manticore:INFO: Generated testcase No. 60 - REVERT(3 txs)
2019-07-25 17:03:52,374: [8355] m.c.manticore:INFO: Generated testcase No. 61 - REVERT(3 txs)
2019-07-25 17:03:56,356: [8374] m.c.manticore:INFO: Generated testcase No. 62 - REVERT(3 txs)
2019-07-25 17:03:56,943: [8372] m.c.manticore:INFO: Generated testcase No. 63 - REVERT(3 txs)
2019-07-25 17:03:58,021: [8379] m.c.manticore:INFO: Generated testcase No. 64 - REVERT(3 txs)
2019-07-25 17:03:59,376: [8373] m.c.manticore:INFO: Generated testcase No. 65 - REVERT(3 txs)
2019-07-25 17:04:00,847: [8380] m.c.manticore:INFO: Generated testcase No. 66 - REVERT(3 txs)
2019-07-25 17:04:06,647: [8363] m.c.manticore:INFO: Generated testcase No. 67 - REVERT(3 txs)
2019-07-25 17:04:09,967: [8358] m.c.manticore:INFO: Generated testcase No. 68 - REVERT(3 txs)
2019-07-25 17:04:16,758: [8377] m.c.manticore:INFO: Generated testcase No. 69 - REVERT(3 txs)
2019-07-25 17:04:25,071: [8370] m.c.manticore:INFO: Generated testcase No. 70 - REVERT(3 txs)
2019-07-25 17:04:29,358: [8355] m.c.manticore:INFO: Generated testcase No. 71 - REVERT(3 txs)
2019-07-25 17:04:30,248: [8372] m.c.manticore:INFO: Generated testcase No. 72 - REVERT(3 txs)
2019-07-25 17:04:31,655: [8380] m.c.manticore:INFO: Generated testcase No. 73 - REVERT(3 txs)
2019-07-25 17:04:33,269: [8374] m.c.manticore:INFO: Generated testcase No. 74 - REVERT(3 txs)
2019-07-25 17:04:34,241: [8379] m.c.manticore:INFO: Generated testcase No. 75 - REVERT(3 txs)
2019-07-25 17:04:37,051: [8373] m.c.manticore:INFO: Generated testcase No. 76 - REVERT(3 txs)
2019-07-25 17:04:42,529: [8363] m.c.manticore:INFO: Generated testcase No. 77 - REVERT(3 txs)
2019-07-25 17:04:46,471: [8358] m.c.manticore:INFO: Generated testcase No. 78 - REVERT(3 txs)
2019-07-25 17:04:49,956: [8377] m.c.manticore:INFO: Generated testcase No. 79 - REVERT(3 txs)
2019-07-25 17:05:00,464: [8370] m.c.manticore:INFO: Generated testcase No. 80 - REVERT(3 txs)
2019-07-25 17:05:00,921: [8355] m.c.manticore:INFO: Generated testcase No. 81 - REVERT(3 txs)
2019-07-25 17:05:01,367: [8372] m.c.manticore:INFO: Generated testcase No. 82 - REVERT(3 txs)
2019-07-25 17:05:06,660: [8380] m.c.manticore:INFO: Generated testcase No. 83 - REVERT(3 txs)
2019-07-25 17:05:10,038: [8379] m.c.manticore:INFO: Generated testcase No. 84 - REVERT(3 txs)
2019-07-25 17:05:10,860: [8374] m.c.manticore:INFO: Generated testcase No. 85 - REVERT(3 txs)
2019-07-25 17:05:15,856: [8373] m.c.manticore:INFO: Generated testcase No. 86 - REVERT(3 txs)
2019-07-25 17:05:19,023: [8363] m.c.manticore:INFO: Generated testcase No. 87 - REVERT(3 txs)
2019-07-25 17:05:21,558: [8358] m.c.manticore:INFO: Generated testcase No. 88 - REVERT(3 txs)
2019-07-25 17:05:31,450: [8377] m.c.manticore:INFO: Generated testcase No. 89 - REVERT(3 txs)
2019-07-25 17:05:34,839: [8372] m.c.manticore:INFO: Generated testcase No. 90 - REVERT(3 txs)
2019-07-25 17:05:36,348: [8370] m.c.manticore:INFO: Generated testcase No. 91 - REVERT(3 txs)
2019-07-25 17:05:53,169: [13] m.c.manticore:INFO: Results in /mcore_r4r9jz29
2019-07-25 17:05:55,802: [11308] m.main:INFO: Registered plugins: DetectSuicidal, DetectUninitializedStorage, DetectIntegerOverflow, DetectReentrancyAdvanced, DetectExternalCallAndLeak, DetectUnusedRetVal, DetectUninitializedMemory, DetectDelegatecall, DetectInvalid, DetectReentrancySimple, DetectEnvInstruction
2019-07-25 17:05:55,803: [11308] m.main:INFO: Beginning analysis
2019-07-25 17:05:55,868: [11308] m.e.manticore:INFO: Starting symbolic create contract
2019-07-25 17:06:00,780: [11308] m.e.manticore:INFO: Starting symbolic transaction: 0
2019-07-25 17:06:36,124: [11308] m.e.manticore:INFO: 8 alive states, 8 terminated states
2019-07-25 17:06:39,264: [11308] m.e.manticore:INFO: Starting symbolic transaction: 1
2019-07-25 17:16:24,602: [11308] m.e.manticore:INFO: 64 alive states, 72 terminated states
2019-07-25 17:16:30,754: [31568] m.c.manticore:INFO: Generated testcase No. 0 - RETURN(3 txs)
2019-07-25 17:16:30,954: [31573] m.c.manticore:INFO: Generated testcase No. 1 - RETURN(3 txs)
2019-07-25 17:16:30,972: [31572] m.c.manticore:INFO: Generated testcase No. 2 - RETURN(3 txs)
2019-07-25 17:16:31,127: [31575] m.c.manticore:INFO: Generated testcase No. 3 - RETURN(3 txs)
2019-07-25 17:16:31,270: [31570] m.c.manticore:INFO: Generated testcase No. 5 - RETURN(3 txs)
2019-07-25 17:16:31,445: [31567] m.c.manticore:INFO: Generated testcase No. 4 - RETURN(3 txs)
2019-07-25 17:16:31,460: [31565] m.c.manticore:INFO: Generated testcase No. 6 - RETURN(3 txs)
2019-07-25 17:16:31,556: [31580] m.c.manticore:INFO: Generated testcase No. 8 - RETURN(3 txs)
2019-07-25 17:16:31,626: [31585] m.c.manticore:INFO: Generated testcase No. 7 - RETURN(3 txs)
2019-07-25 17:17:37,422: [31580] m.c.manticore:INFO: Generated testcase No. 9 - RETURN(3 txs)
2019-07-25 17:17:41,460: [31573] m.c.manticore:INFO: Generated testcase No. 10 - RETURN(3 txs)
2019-07-25 17:17:41,666: [31585] m.c.manticore:INFO: Generated testcase No. 11 - RETURN(3 txs)
2019-07-25 17:17:47,735: [31575] m.c.manticore:INFO: Generated testcase No. 12 - RETURN(3 txs)
2019-07-25 17:17:51,858: [31572] m.c.manticore:INFO: Generated testcase No. 13 - RETURN(3 txs)
2019-07-25 17:17:54,330: [31568] m.c.manticore:INFO: Generated testcase No. 14 - RETURN(3 txs)
2019-07-25 17:17:57,723: [31565] m.c.manticore:INFO: Generated testcase No. 15 - RETURN(3 txs)
2019-07-25 17:18:03,531: [31570] m.c.manticore:INFO: Generated testcase No. 16 - RETURN(3 txs)
2019-07-25 17:18:17,624: [31567] m.c.manticore:INFO: Generated testcase No. 17 - RETURN(3 txs)
2019-07-25 17:18:47,918: [31585] m.c.manticore:INFO: Generated testcase No. 18 - RETURN(3 txs)
2019-07-25 17:18:55,174: [31575] m.c.manticore:INFO: Generated testcase No. 19 - RETURN(3 txs)
2019-07-25 17:18:56,429: [31565] m.c.manticore:INFO: Generated testcase No. 21 - RETURN(3 txs)
2019-07-25 17:18:58,754: [31573] m.c.manticore:INFO: Generated testcase No. 20 - RETURN(3 txs)
2019-07-25 17:18:59,934: [31580] m.c.manticore:INFO: Generated testcase No. 22 - RETURN(3 txs)
2019-07-25 17:19:16,747: [31568] m.c.manticore:INFO: Generated testcase No. 23 - RETURN(3 txs)
2019-07-25 17:19:19,719: [31567] m.c.manticore:INFO: Generated testcase No. 24 - RETURN(3 txs)
2019-07-25 17:19:27,679: [31572] m.c.manticore:INFO: Generated testcase No. 25 - RETURN(3 txs)
2019-07-25 17:19:47,143: [31570] m.c.manticore:INFO: Generated testcase No. 26 - RETURN(3 txs)
2019-07-25 17:20:07,959: [31585] m.c.manticore:INFO: Generated testcase No. 27 - RETURN(3 txs)
2019-07-25 17:20:11,869: [31565] m.c.manticore:INFO: Generated testcase No. 28 - RETURN(3 txs)
2019-07-25 17:20:14,783: [31575] m.c.manticore:INFO: Generated testcase No. 29 - RETURN(3 txs)
2019-07-25 17:20:15,050: [31573] m.c.manticore:INFO: Generated testcase No. 30 - RETURN(3 txs)
2019-07-25 17:20:22,259: [31567] m.c.manticore:INFO: Generated testcase No. 31 - RETURN(3 txs)
2019-07-25 17:20:28,130: [31568] m.c.manticore:INFO: Generated testcase No. 32 - RETURN(3 txs)
2019-07-25 17:20:29,146: [31580] m.c.manticore:INFO: Generated testcase No. 33 - RETURN(3 txs)
2019-07-25 17:20:33,151: [31572] m.c.manticore:INFO: Generated testcase No. 34 - RETURN(3 txs)
2019-07-25 17:20:57,152: [31570] m.c.manticore:INFO: Generated testcase No. 35 - RETURN(3 txs)
2019-07-25 17:21:17,957: [31585] m.c.manticore:INFO: Generated testcase No. 36 - RETURN(3 txs)
2019-07-25 17:21:27,551: [31573] m.c.manticore:INFO: Generated testcase No. 37 - RETURN(3 txs)
2019-07-25 17:21:31,950: [31568] m.c.manticore:INFO: Generated testcase No. 38 - RETURN(3 txs)
2019-07-25 17:21:32,841: [31575] m.c.manticore:INFO: Generated testcase No. 39 - RETURN(3 txs)
2019-07-25 17:21:37,523: [31567] m.c.manticore:INFO: Generated testcase No. 40 - RETURN(3 txs)
2019-07-25 17:21:42,656: [31572] m.c.manticore:INFO: Generated testcase No. 41 - RETURN(3 txs)
2019-07-25 17:21:48,819: [31565] m.c.manticore:INFO: Generated testcase No. 42 - RETURN(3 txs)
2019-07-25 17:21:51,755: [31580] m.c.manticore:INFO: Generated testcase No. 43 - RETURN(3 txs)
2019-07-25 17:22:20,126: [31570] m.c.manticore:INFO: Generated testcase No. 44 - RETURN(3 txs)
2019-07-25 17:22:25,062: [31585] m.c.manticore:INFO: Generated testcase No. 45 - RETURN(3 txs)
2019-07-25 17:22:32,633: [31568] m.c.manticore:INFO: Generated testcase No. 46 - RETURN(3 txs)
2019-07-25 17:22:44,937: [31573] m.c.manticore:INFO: Generated testcase No. 47 - RETURN(3 txs)
2019-07-25 17:22:46,222: [31567] m.c.manticore:INFO: Generated testcase No. 48 - RETURN(3 txs)
2019-07-25 17:22:51,732: [31572] m.c.manticore:INFO: Generated testcase No. 49 - RETURN(3 txs)
2019-07-25 17:22:53,960: [31575] m.c.manticore:INFO: Generated testcase No. 50 - RETURN(3 txs)
2019-07-25 17:23:00,970: [31565] m.c.manticore:INFO: Generated testcase No. 51 - RETURN(3 txs)
2019-07-25 17:23:01,621: [31580] m.c.manticore:INFO: Generated testcase No. 52 - RETURN(3 txs)
2019-07-25 17:23:26,263: [31585] m.c.manticore:INFO: Generated testcase No. 53 - RETURN(3 txs)
2019-07-25 17:23:32,169: [31570] m.c.manticore:INFO: Generated testcase No. 54 - RETURN(3 txs)
2019-07-25 17:23:57,572: [31573] m.c.manticore:INFO: Generated testcase No. 55 - RETURN(3 txs)
2019-07-25 17:23:58,476: [31568] m.c.manticore:INFO: Generated testcase No. 56 - RETURN(3 txs)
2019-07-25 17:24:01,921: [31565] m.c.manticore:INFO: Generated testcase No. 57 - RETURN(3 txs)
2019-07-25 17:24:03,036: [31575] m.c.manticore:INFO: Generated testcase No. 58 - RETURN(3 txs)
2019-07-25 17:24:03,533: [31567] m.c.manticore:INFO: Generated testcase No. 59 - RETURN(3 txs)
2019-07-25 17:24:16,472: [31572] m.c.manticore:INFO: Generated testcase No. 60 - RETURN(3 txs)
2019-07-25 17:24:21,765: [31580] m.c.manticore:INFO: Generated testcase No. 61 - RETURN(3 txs)
2019-07-25 17:24:35,743: [31585] m.c.manticore:INFO: Generated testcase No. 62 - RETURN(3 txs)
2019-07-25 17:24:54,932: [31570] m.c.manticore:INFO: Generated testcase No. 63 - RETURN(3 txs)
2019-07-25 17:25:15,835: [31565] m.c.manticore:INFO: Generated testcase No. 64 - RETURN(1 txs)
2019-07-25 17:25:16,579: [31573] m.c.manticore:INFO: Generated testcase No. 65 - REVERT(2 txs)
2019-07-25 17:25:18,144: [31575] m.c.manticore:INFO: Generated testcase No. 66 - REVERT(2 txs)
2019-07-25 17:25:18,585: [31568] m.c.manticore:INFO: Generated testcase No. 67 - REVERT(2 txs)
2019-07-25 17:25:30,458: [31567] m.c.manticore:INFO: Generated testcase No. 68 - REVERT(2 txs)
2019-07-25 17:25:35,357: [31572] m.c.manticore:INFO: Generated testcase No. 69 - REVERT(2 txs)
2019-07-25 17:25:37,541: [31585] m.c.manticore:INFO: Generated testcase No. 70 - REVERT(2 txs)
2019-07-25 17:25:42,061: [31580] m.c.manticore:INFO: Generated testcase No. 71 - REVERT(2 txs)
2019-07-25 17:26:02,444: [31570] m.c.manticore:INFO: Generated testcase No. 72 - RETURN(2 txs)
2019-07-25 17:26:10,281: [31565] m.c.manticore:INFO: Generated testcase No. 73 - RETURN(2 txs)
2019-07-25 17:26:18,761: [31568] m.c.manticore:INFO: Generated testcase No. 74 - RETURN(2 txs)
2019-07-25 17:26:18,864: [31573] m.c.manticore:INFO: Generated testcase No. 75 - RETURN(2 txs)
2019-07-25 17:26:23,646: [31575] m.c.manticore:INFO: Generated testcase No. 76 - RETURN(2 txs)
2019-07-25 17:26:31,936: [31567] m.c.manticore:INFO: Generated testcase No. 77 - RETURN(2 txs)
2019-07-25 17:26:34,086: [31585] m.c.manticore:INFO: Generated testcase No. 78 - RETURN(2 txs)
2019-07-25 17:26:35,181: [31572] m.c.manticore:INFO: Generated testcase No. 79 - RETURN(2 txs)
2019-07-25 17:26:40,331: [31580] m.c.manticore:INFO: Generated testcase No. 80 - REVERT(3 txs)
2019-07-25 17:27:05,364: [31565] m.c.manticore:INFO: Generated testcase No. 81 - REVERT(3 txs)
2019-07-25 17:27:10,031: [31570] m.c.manticore:INFO: Generated testcase No. 82 - REVERT(3 txs)
2019-07-25 17:27:16,821: [31573] m.c.manticore:INFO: Generated testcase No. 83 - REVERT(3 txs)
2019-07-25 17:27:19,423: [31568] m.c.manticore:INFO: Generated testcase No. 84 - REVERT(3 txs)
2019-07-25 17:27:22,378: [31575] m.c.manticore:INFO: Generated testcase No. 85 - REVERT(3 txs)
2019-07-25 17:27:25,428: [31567] m.c.manticore:INFO: Generated testcase No. 86 - REVERT(3 txs)
2019-07-25 17:27:35,861: [31572] m.c.manticore:INFO: Generated testcase No. 87 - REVERT(3 txs)
2019-07-25 17:27:42,339: [31580] m.c.manticore:INFO: Generated testcase No. 88 - REVERT(3 txs)
2019-07-25 17:27:43,984: [31585] m.c.manticore:INFO: Generated testcase No. 89 - REVERT(3 txs)
2019-07-25 17:28:11,435: [31570] m.c.manticore:INFO: Generated testcase No. 90 - REVERT(3 txs)
2019-07-25 17:28:13,128: [31565] m.c.manticore:INFO: Generated testcase No. 91 - REVERT(3 txs)
2019-07-25 17:28:26,763: [31573] m.c.manticore:INFO: Generated testcase No. 92 - REVERT(3 txs)
2019-07-25 17:28:28,220: [31568] m.c.manticore:INFO: Generated testcase No. 93 - REVERT(3 txs)
2019-07-25 17:28:35,941: [31575] m.c.manticore:INFO: Generated testcase No. 94 - REVERT(3 txs)
2019-07-25 17:28:36,648: [31567] m.c.manticore:INFO: Generated testcase No. 95 - REVERT(3 txs)
2019-07-25 17:28:38,857: [31572] m.c.manticore:INFO: Generated testcase No. 96 - REVERT(3 txs)
2019-07-25 17:28:52,934: [31580] m.c.manticore:INFO: Generated testcase No. 97 - REVERT(3 txs)
2019-07-25 17:29:04,731: [31585] m.c.manticore:INFO: Generated testcase No. 98 - REVERT(3 txs)
2019-07-25 17:29:16,335: [31570] m.c.manticore:INFO: Generated testcase No. 99 - REVERT(3 txs)
2019-07-25 17:29:22,618: [31565] m.c.manticore:INFO: Generated testcase No. 100 - REVERT(3 txs)