/unique_chucks/18/0x802388ab7ef5c1dcafe4e161c89431417e35551c.sol
line 9:91 extraneous input '_extraData' expecting {',', ')'}
jar:file:/usr/local/lib/node_modules/@smartdec/smartcheck/jdeploy-bundle/smartcheck-2.0-jar-with-dependencies.jar!/solidity-rules.xmlruleId: SOLIDITY_ADDRESS_HARDCODED
patternId: c67a09
severity: 1
line: 118
column: 31
content: 0x0

ruleId: SOLIDITY_PRAGMAS_VERSION
patternId: 23fc32
severity: 1
line: 1
column: 16
content: >=

ruleId: SOLIDITY_PRAGMAS_VERSION
patternId: 23fc32
severity: 1
line: 1
column: 25
content: <

ruleId: SOLIDITY_SAFEMATH
patternId: 837cac
severity: 1
line: 82
column: 4
content: usingSafeMathforuint256;

SOLIDITY_SAFEMATH :1
SOLIDITY_PRAGMAS_VERSION :2
SOLIDITY_ADDRESS_HARDCODED :1