2019-08-05 19:11:29,009: [13] m.main:INFO: Registered plugins: DetectDelegatecall, DetectIntegerOverflow, DetectReentrancySimple, DetectInvalid, DetectUnusedRetVal, DetectEnvInstruction, DetectUninitializedStorage, DetectReentrancyAdvanced, DetectSuicidal, DetectExternalCallAndLeak, DetectUninitializedMemory
2019-08-05 19:11:29,010: [13] m.main:INFO: Beginning analysis
2019-08-05 19:11:29,066: [13] m.e.manticore:INFO: Starting symbolic create contract
2019-08-05 19:11:30,445: [13] m.e.manticore:INFO: Starting symbolic transaction: 0
2019-08-05 19:11:31,105: [13] m.e.manticore:INFO: 0 alive states, 2 terminated states
2019-08-05 19:11:31,243: [13] m.e.manticore:INFO: Starting symbolic transaction: 1
2019-08-05 19:11:31,301: [583] m.c.manticore:INFO: Generated testcase No. 0 - RETURN(1 txs)
2019-08-05 19:11:31,321: [584] m.c.manticore:INFO: Generated testcase No. 1 - REVERT(2 txs)
2019-08-05 19:11:32,288: [13] m.c.manticore:INFO: Results in /mcore_0_gb30ig
2019-08-05 19:11:33,327: [898] m.main:INFO: Registered plugins: DetectReentrancySimple, DetectInvalid, DetectSuicidal, DetectExternalCallAndLeak, DetectEnvInstruction, DetectUninitializedStorage, DetectDelegatecall, DetectIntegerOverflow, DetectReentrancyAdvanced, DetectUninitializedMemory, DetectUnusedRetVal
2019-08-05 19:11:33,327: [898] m.main:INFO: Beginning analysis
2019-08-05 19:11:33,354: [898] m.e.manticore:INFO: Starting symbolic create contract
2019-08-05 19:11:35,874: [898] m.e.manticore:INFO: Starting symbolic transaction: 0
2019-08-05 19:11:38,767: [898] m.e.manticore:INFO: 1 alive states, 5 terminated states
2019-08-05 19:11:39,597: [898] m.e.manticore:INFO: Starting symbolic transaction: 1
2019-08-05 19:11:42,629: [898] m.e.manticore:INFO: 1 alive states, 10 terminated states
2019-08-05 19:11:43,581: [2408] m.c.manticore:INFO: Generated testcase No. 0 - RETURN(1 txs)
2019-08-05 19:11:43,584: [2407] m.c.manticore:INFO: Generated testcase No. 1 - RETURN(3 txs)
2019-08-05 19:11:43,610: [2411] m.c.manticore:INFO: Generated testcase No. 2 - REVERT(2 txs)
2019-08-05 19:11:43,629: [2417] m.c.manticore:INFO: Generated testcase No. 3 - REVERT(2 txs)
2019-08-05 19:11:43,665: [2435] m.c.manticore:INFO: Generated testcase No. 5 - REVERT(3 txs)
2019-08-05 19:11:43,671: [2440] m.c.manticore:INFO: Generated testcase No. 6 - REVERT(3 txs)
2019-08-05 19:11:43,674: [2426] m.c.manticore:INFO: Generated testcase No. 4 - REVERT(2 txs)
2019-08-05 19:11:43,675: [2427] m.c.manticore:INFO: Generated testcase No. 8 - REVERT(2 txs)
2019-08-05 19:11:43,719: [2423] m.c.manticore:INFO: Generated testcase No. 7 - RETURN(2 txs)
2019-08-05 19:11:49,541: [2408] m.c.manticore:INFO: Generated testcase No. 9 - REVERT(3 txs)
2019-08-05 19:11:51,023: [2411] m.c.manticore:INFO: Generated testcase No. 10 - REVERT(3 txs)
2019-08-05 19:11:54,670: [898] m.c.manticore:INFO: Results in /mcore_oozdxzl1
2019-08-05 19:11:56,839: [3032] m.main:INFO: Registered plugins: DetectExternalCallAndLeak, DetectUninitializedStorage, DetectIntegerOverflow, DetectEnvInstruction, DetectReentrancyAdvanced, DetectSuicidal, DetectDelegatecall, DetectUninitializedMemory, DetectUnusedRetVal, DetectReentrancySimple, DetectInvalid
2019-08-05 19:11:56,840: [3032] m.main:INFO: Beginning analysis
2019-08-05 19:11:56,865: [3032] m.e.manticore:INFO: Starting symbolic create contract
2019-08-05 19:11:57,108: [3077] m.c.manticore:INFO: Generated testcase No. 0 - NO STATE RESULT (?)(0 txs)
2019-08-05 19:11:57,461: [3032] m.c.manticore:INFO: Results in /mcore_41gvtyda
2019-08-05 19:11:58,229: [3335] m.main:INFO: Registered plugins: DetectEnvInstruction, DetectSuicidal, DetectIntegerOverflow, DetectReentrancyAdvanced, DetectReentrancySimple, DetectInvalid, DetectDelegatecall, DetectUninitializedStorage, DetectExternalCallAndLeak, DetectUnusedRetVal, DetectUninitializedMemory
2019-08-05 19:11:58,229: [3335] m.main:INFO: Beginning analysis
2019-08-05 19:11:58,257: [3335] m.e.manticore:INFO: Starting symbolic create contract
2019-08-05 19:11:58,501: [3379] m.c.manticore:INFO: Generated testcase No. 0 - NO STATE RESULT (?)(0 txs)
2019-08-05 19:11:58,877: [3335] m.c.manticore:INFO: Results in /mcore_rcc1ikxh
2019-08-05 19:11:59,702: [3638] m.main:INFO: Registered plugins: DetectUnusedRetVal, DetectUninitializedMemory, DetectExternalCallAndLeak, DetectSuicidal, DetectReentrancySimple, DetectInvalid, DetectReentrancyAdvanced, DetectEnvInstruction, DetectUninitializedStorage, DetectIntegerOverflow, DetectDelegatecall
2019-08-05 19:11:59,702: [3638] m.main:INFO: Beginning analysis
2019-08-05 19:11:59,762: [3638] m.e.manticore:INFO: Starting symbolic create contract
2019-08-05 19:12:24,325: [3638] m.e.manticore:INFO: Starting symbolic transaction: 0
2019-08-05 19:12:58,469: [4912] m.e.detectors:WARNING: Warning TIMESTAMP instruction used
2019-08-05 19:14:13,774: [4900] m.e.detectors:WARNING: Warning TIMESTAMP instruction used
2019-08-05 19:14:49,376: [4908] m.e.detectors:WARNING: Warning TIMESTAMP instruction used
2019-08-05 19:15:06,173: [4912] m.e.detectors:WARNING: Potentially reading uninitialized storage
2019-08-05 19:15:10,465: [4904] m.e.detectors:WARNING: Potentially reading uninitialized storage
2019-08-05 19:17:25,603: [3638] m.e.manticore:INFO: 28 alive states, 57 terminated states
2019-08-05 19:17:39,502: [3638] m.e.manticore:INFO: Starting symbolic transaction: 1
2019-08-05 19:27:04,916: [14364] m.e.detectors:WARNING: Warning TIMESTAMP instruction used
2019-08-05 19:30:01,140: [14321] m.e.detectors:WARNING: Potentially reading uninitialized storage
2019-08-05 19:34:22,336: [14321] m.e.detectors:WARNING: Warning TIMESTAMP instruction used
2019-08-05 19:35:20,254: [14345] m.e.detectors:WARNING: Warning TIMESTAMP instruction used
2019-08-05 19:35:22,550: [14333] m.e.detectors:WARNING: Warning TIMESTAMP instruction used
2019-08-05 19:36:42,441: [14358] m.e.detectors:WARNING: Warning TIMESTAMP instruction used
2019-08-05 19:38:50,949: [14364] m.e.detectors:WARNING: Warning TIMESTAMP instruction used
2019-08-05 19:39:35,729: [14345] m.e.detectors:WARNING: Warning TIMESTAMP instruction used
2019-08-05 19:41:07,536: [14315] m.e.detectors:WARNING: Warning TIMESTAMP instruction used