INFO:Slither:Compilation warnings/errors on /unique_chucks/43/0xa2fd77767c598c7e93fa7234fcfe1976cf7e3216.sol:
/unique_chucks/43/0xa2fd77767c598c7e93fa7234fcfe1976cf7e3216.sol:74:3: Warning: Defining constructors as functions with the same name as the contract is deprecated. Use "constructor(...) { ... }" instead.
  function RichToken() public {
  ^ (Relevant source part starts here and spans across multiple lines).
/unique_chucks/43/0xa2fd77767c598c7e93fa7234fcfe1976cf7e3216.sol:93:5: Warning: Invoking events without "emit" prefix is deprecated.
    Approval(msg.sender, _to, _tokenId);
    ^---------------------------------^
/unique_chucks/43/0xa2fd77767c598c7e93fa7234fcfe1976cf7e3216.sol:173:5: Warning: Invoking events without "emit" prefix is deprecated.
    TokenSold(_tokenId, sellingPrice, richtokenIndexToPrice[_tokenId], oldOwner, newOwner, richtokens[_tokenId].name);
    ^---------------------------------------------------------------------------------------------------------------^
/unique_chucks/43/0xa2fd77767c598c7e93fa7234fcfe1976cf7e3216.sol:268:5: Warning: Invoking events without "emit" prefix is deprecated.
    Birth(newRichId, _name, _owner);
    ^-----------------------------^
/unique_chucks/43/0xa2fd77767c598c7e93fa7234fcfe1976cf7e3216.sol:285:24: Warning: Using contract member "balance" inherited from the address type is deprecated. Convert the contract to "address" type to access the member, for example use "address(contract).balance" instead.
      creator.transfer(this.balance);
                       ^----------^
/unique_chucks/43/0xa2fd77767c598c7e93fa7234fcfe1976cf7e3216.sol:287:20: Warning: Using contract member "balance" inherited from the address type is deprecated. Convert the contract to "address" type to access the member, for example use "address(contract).balance" instead.
      _to.transfer(this.balance);
                   ^----------^
/unique_chucks/43/0xa2fd77767c598c7e93fa7234fcfe1976cf7e3216.sol:306:5: Warning: Invoking events without "emit" prefix is deprecated.
    Transfer(_from, _to, _tokenId);
    ^----------------------------^

INFO:Detectors:[91m
RichToken.purchase (/unique_chucks/43/0xa2fd77767c598c7e93fa7234fcfe1976cf7e3216.sol#150-182) sends eth to arbitrary user
	Dangerous calls:
	- oldOwner.transfer(payment) (/unique_chucks/43/0xa2fd77767c598c7e93fa7234fcfe1976cf7e3216.sol#175)
RichToken._payout (/unique_chucks/43/0xa2fd77767c598c7e93fa7234fcfe1976cf7e3216.sol#292-296) sends eth to arbitrary user
	Dangerous calls:
	- creator.transfer(this.balance) (/unique_chucks/43/0xa2fd77767c598c7e93fa7234fcfe1976cf7e3216.sol#293-294)
	- _to.transfer(this.balance) (/unique_chucks/43/0xa2fd77767c598c7e93fa7234fcfe1976cf7e3216.sol#294-295)
Reference: https://github.com/trailofbits/slither/wiki/Detectors-Documentation#functions-that-send-ether-to-arbitrary-destinations[0m
INFO:Detectors:[93m
ERC721 (/unique_chucks/43/0xa2fd77767c598c7e93fa7234fcfe1976cf7e3216.sol#3-20) has incorrect ERC20 function interface(s):
	-approve (/unique_chucks/43/0xa2fd77767c598c7e93fa7234fcfe1976cf7e3216.sol#5-6)
	-transferFrom (/unique_chucks/43/0xa2fd77767c598c7e93fa7234fcfe1976cf7e3216.sol#11-12)
	-transfer (/unique_chucks/43/0xa2fd77767c598c7e93fa7234fcfe1976cf7e3216.sol#12-14)
RichToken (/unique_chucks/43/0xa2fd77767c598c7e93fa7234fcfe1976cf7e3216.sol#20-324) has incorrect ERC20 function interface(s):
	-approve (/unique_chucks/43/0xa2fd77767c598c7e93fa7234fcfe1976cf7e3216.sol#88-97)
	-transferFrom (/unique_chucks/43/0xa2fd77767c598c7e93fa7234fcfe1976cf7e3216.sol#243-252)
	-transfer (/unique_chucks/43/0xa2fd77767c598c7e93fa7234fcfe1976cf7e3216.sol#229-232)
Reference: https://github.com/trailofbits/slither/wiki/Detectors-Documentation#incorrect-erc20-interface[0m
INFO:Detectors:[92m
RichToken.startingPrice should be constant (/unique_chucks/43/0xa2fd77767c598c7e93fa7234fcfe1976cf7e3216.sol#40-44)
Reference: https://github.com/trailofbits/slither/wiki/Detectors-Documentation#state-variables-that-could-be-declared-constant[0m
INFO:Detectors:[92m
ERC721.approve (/unique_chucks/43/0xa2fd77767c598c7e93fa7234fcfe1976cf7e3216.sol#5-6) should be declared external
RichToken.approve (/unique_chucks/43/0xa2fd77767c598c7e93fa7234fcfe1976cf7e3216.sol#88-97) should be declared external
RichToken.balanceOf (/unique_chucks/43/0xa2fd77767c598c7e93fa7234fcfe1976cf7e3216.sol#100-104) should be declared external
ERC721.balanceOf (/unique_chucks/43/0xa2fd77767c598c7e93fa7234fcfe1976cf7e3216.sol#6-7) should be declared external
ERC721.implementsERC721 (/unique_chucks/43/0xa2fd77767c598c7e93fa7234fcfe1976cf7e3216.sol#7-8) should be declared external
RichToken.implementsERC721 (/unique_chucks/43/0xa2fd77767c598c7e93fa7234fcfe1976cf7e3216.sol#124-129) should be declared external
RichToken.ownerOf (/unique_chucks/43/0xa2fd77767c598c7e93fa7234fcfe1976cf7e3216.sol#137-146) should be declared external
ERC721.ownerOf (/unique_chucks/43/0xa2fd77767c598c7e93fa7234fcfe1976cf7e3216.sol#8-9) should be declared external
RichToken.takeOwnership (/unique_chucks/43/0xa2fd77767c598c7e93fa7234fcfe1976cf7e3216.sol#200-215) should be declared external
ERC721.takeOwnership (/unique_chucks/43/0xa2fd77767c598c7e93fa7234fcfe1976cf7e3216.sol#9-10) should be declared external
RichToken.totalSupply (/unique_chucks/43/0xa2fd77767c598c7e93fa7234fcfe1976cf7e3216.sol#216-217) should be declared external
ERC721.totalSupply (/unique_chucks/43/0xa2fd77767c598c7e93fa7234fcfe1976cf7e3216.sol#10-11) should be declared external
RichToken.transferFrom (/unique_chucks/43/0xa2fd77767c598c7e93fa7234fcfe1976cf7e3216.sol#243-252) should be declared external
ERC721.transferFrom (/unique_chucks/43/0xa2fd77767c598c7e93fa7234fcfe1976cf7e3216.sol#11-12) should be declared external
ERC721.transfer (/unique_chucks/43/0xa2fd77767c598c7e93fa7234fcfe1976cf7e3216.sol#12-14) should be declared external
RichToken.transfer (/unique_chucks/43/0xa2fd77767c598c7e93fa7234fcfe1976cf7e3216.sol#229-232) should be declared external
RichToken.createRichContract (/unique_chucks/43/0xa2fd77767c598c7e93fa7234fcfe1976cf7e3216.sol#104-108) should be declared external
RichToken.getRichToken (/unique_chucks/43/0xa2fd77767c598c7e93fa7234fcfe1976cf7e3216.sol#111-124) should be declared external
RichToken.name (/unique_chucks/43/0xa2fd77767c598c7e93fa7234fcfe1976cf7e3216.sol#130-131) should be declared external
RichToken.payout (/unique_chucks/43/0xa2fd77767c598c7e93fa7234fcfe1976cf7e3216.sol#146-147) should be declared external
RichToken.purchase (/unique_chucks/43/0xa2fd77767c598c7e93fa7234fcfe1976cf7e3216.sol#150-182) should be declared external
RichToken.priceOf (/unique_chucks/43/0xa2fd77767c598c7e93fa7234fcfe1976cf7e3216.sol#182-189) should be declared external
RichToken.setCreator (/unique_chucks/43/0xa2fd77767c598c7e93fa7234fcfe1976cf7e3216.sol#189-193) should be declared external
RichToken.symbol (/unique_chucks/43/0xa2fd77767c598c7e93fa7234fcfe1976cf7e3216.sol#194-195) should be declared external
Reference: https://github.com/trailofbits/slither/wiki/Detectors-Documentation#public-function-that-could-be-declared-as-external[0m
INFO:Detectors:[92m
Detected issues with version pragma in /unique_chucks/43/0xa2fd77767c598c7e93fa7234fcfe1976cf7e3216.sol:
	- pragma solidity^0.4.18 (/unique_chucks/43/0xa2fd77767c598c7e93fa7234fcfe1976cf7e3216.sol#1): it allows old versions
Reference: https://github.com/trailofbits/slither/wiki/Detectors-Documentation#incorrect-version-of-solidity[0m
INFO:Detectors:[92m
Parameter '_to' of RichToken.approve (/unique_chucks/43/0xa2fd77767c598c7e93fa7234fcfe1976cf7e3216.sol#89) is not in mixedCase
Parameter '_tokenId' of RichToken.approve (/unique_chucks/43/0xa2fd77767c598c7e93fa7234fcfe1976cf7e3216.sol#89) is not in mixedCase
Parameter '_owner' of RichToken.balanceOf (/unique_chucks/43/0xa2fd77767c598c7e93fa7234fcfe1976cf7e3216.sol#101-103) is not in mixedCase
Parameter '_tokenId' of RichToken.ownerOf (/unique_chucks/43/0xa2fd77767c598c7e93fa7234fcfe1976cf7e3216.sol#138) is not in mixedCase
Parameter '_tokenId' of RichToken.takeOwnership (/unique_chucks/43/0xa2fd77767c598c7e93fa7234fcfe1976cf7e3216.sol#201) is not in mixedCase
Parameter '_from' of RichToken.transferFrom (/unique_chucks/43/0xa2fd77767c598c7e93fa7234fcfe1976cf7e3216.sol#246) is not in mixedCase
Parameter '_to' of RichToken.transferFrom (/unique_chucks/43/0xa2fd77767c598c7e93fa7234fcfe1976cf7e3216.sol#247) is not in mixedCase
Parameter '_tokenId' of RichToken.transferFrom (/unique_chucks/43/0xa2fd77767c598c7e93fa7234fcfe1976cf7e3216.sol#247) is not in mixedCase
Parameter '_to' of RichToken.transfer (/unique_chucks/43/0xa2fd77767c598c7e93fa7234fcfe1976cf7e3216.sol#229) is not in mixedCase
Parameter '_tokenId' of RichToken.transfer (/unique_chucks/43/0xa2fd77767c598c7e93fa7234fcfe1976cf7e3216.sol#229-230) is not in mixedCase
Function 'RichToken.RichToken' (/unique_chucks/43/0xa2fd77767c598c7e93fa7234fcfe1976cf7e3216.sol#78-79) is not in mixedCase
Parameter '_name' of RichToken.createRichContract (/unique_chucks/43/0xa2fd77767c598c7e93fa7234fcfe1976cf7e3216.sol#107) is not in mixedCase
Parameter '_tokenId' of RichToken.getRichToken (/unique_chucks/43/0xa2fd77767c598c7e93fa7234fcfe1976cf7e3216.sol#112-114) is not in mixedCase
Parameter '_to' of RichToken.payout (/unique_chucks/43/0xa2fd77767c598c7e93fa7234fcfe1976cf7e3216.sol#146) is not in mixedCase
Parameter '_tokenId' of RichToken.purchase (/unique_chucks/43/0xa2fd77767c598c7e93fa7234fcfe1976cf7e3216.sol#150) is not in mixedCase
Parameter '_tokenId' of RichToken.priceOf (/unique_chucks/43/0xa2fd77767c598c7e93fa7234fcfe1976cf7e3216.sol#183) is not in mixedCase
Parameter '_creator' of RichToken.setCreator (/unique_chucks/43/0xa2fd77767c598c7e93fa7234fcfe1976cf7e3216.sol#189) is not in mixedCase
Function 'RichToken._addressNotNull' (/unique_chucks/43/0xa2fd77767c598c7e93fa7234fcfe1976cf7e3216.sol#254-258) is not in mixedCase
Parameter '_to' of RichToken._addressNotNull (/unique_chucks/43/0xa2fd77767c598c7e93fa7234fcfe1976cf7e3216.sol#254) is not in mixedCase
Function 'RichToken._approved' (/unique_chucks/43/0xa2fd77767c598c7e93fa7234fcfe1976cf7e3216.sol#259-264) is not in mixedCase
Parameter '_to' of RichToken._approved (/unique_chucks/43/0xa2fd77767c598c7e93fa7234fcfe1976cf7e3216.sol#259) is not in mixedCase
Parameter '_tokenId' of RichToken._approved (/unique_chucks/43/0xa2fd77767c598c7e93fa7234fcfe1976cf7e3216.sol#260) is not in mixedCase
Function 'RichToken._createRich' (/unique_chucks/43/0xa2fd77767c598c7e93fa7234fcfe1976cf7e3216.sol#264-284) is not in mixedCase
Parameter '_name' of RichToken._createRich (/unique_chucks/43/0xa2fd77767c598c7e93fa7234fcfe1976cf7e3216.sol#265) is not in mixedCase
Parameter '_owner' of RichToken._createRich (/unique_chucks/43/0xa2fd77767c598c7e93fa7234fcfe1976cf7e3216.sol#265) is not in mixedCase
Parameter '_price' of RichToken._createRich (/unique_chucks/43/0xa2fd77767c598c7e93fa7234fcfe1976cf7e3216.sol#265) is not in mixedCase
Function 'RichToken._owns' (/unique_chucks/43/0xa2fd77767c598c7e93fa7234fcfe1976cf7e3216.sol#285-292) is not in mixedCase
Parameter '_tokenId' of RichToken._owns (/unique_chucks/43/0xa2fd77767c598c7e93fa7234fcfe1976cf7e3216.sol#287) is not in mixedCase
Function 'RichToken._payout' (/unique_chucks/43/0xa2fd77767c598c7e93fa7234fcfe1976cf7e3216.sol#292-296) is not in mixedCase
Parameter '_to' of RichToken._payout (/unique_chucks/43/0xa2fd77767c598c7e93fa7234fcfe1976cf7e3216.sol#292-293) is not in mixedCase
Function 'RichToken._transfer' (/unique_chucks/43/0xa2fd77767c598c7e93fa7234fcfe1976cf7e3216.sol#298-324) is not in mixedCase
Parameter '_from' of RichToken._transfer (/unique_chucks/43/0xa2fd77767c598c7e93fa7234fcfe1976cf7e3216.sol#298) is not in mixedCase
Parameter '_to' of RichToken._transfer (/unique_chucks/43/0xa2fd77767c598c7e93fa7234fcfe1976cf7e3216.sol#298) is not in mixedCase
Parameter '_tokenId' of RichToken._transfer (/unique_chucks/43/0xa2fd77767c598c7e93fa7234fcfe1976cf7e3216.sol#298-299) is not in mixedCase
Reference: https://github.com/trailofbits/slither/wiki/Detectors-Documentation#conformance-to-solidity-naming-conventions[0m
INFO:Detectors:[92m
RichToken (/unique_chucks/43/0xa2fd77767c598c7e93fa7234fcfe1976cf7e3216.sol#20-324) does not mark important ERC20 parameters as 'indexed':
	-Transfer (/unique_chucks/43/0xa2fd77767c598c7e93fa7234fcfe1976cf7e3216.sol#32-36) does not index parameter 'from'
	-Transfer (/unique_chucks/43/0xa2fd77767c598c7e93fa7234fcfe1976cf7e3216.sol#32-36) does not index parameter 'to'
Reference: https://github.com/trailofbits/slither/wiki/Detectors-Documentation#unindexed-erc20-event-parameters[0m
INFO:Slither:/unique_chucks/43/0xa2fd77767c598c7e93fa7234fcfe1976cf7e3216.sol analyzed (3 contracts), 65 result(s) found