INFO:Slither:Compilation warnings/errors on /unique_chucks/24/0x1da5a0bdcd4554bb7ba5dbc02f656d3cf89694f8.sol:
/unique_chucks/24/0x1da5a0bdcd4554bb7ba5dbc02f656d3cf89694f8.sol:76:5: Warning: Defining constructors as functions with the same name as the contract is deprecated. Use "constructor(...) { ... }" instead.
    function TIAToken(uint256 _initialAmount, string _tokenName, uint8 _decimalUnits, string _tokenSymbol) {
    ^ (Relevant source part starts here and spans across multiple lines).
/unique_chucks/24/0x1da5a0bdcd4554bb7ba5dbc02f656d3cf89694f8.sol:33:9: Warning: Invoking events without "emit" prefix is deprecated.
        Transfer(msg.sender, _to, _value);//Trigger the exchange transaction event
        ^-------------------------------^
/unique_chucks/24/0x1da5a0bdcd4554bb7ba5dbc02f656d3cf89694f8.sol:46:9: Warning: Invoking events without "emit" prefix is deprecated.
        Transfer(_from, _to, _value);//Trigger the exchange transaction event
        ^--------------------------^
/unique_chucks/24/0x1da5a0bdcd4554bb7ba5dbc02f656d3cf89694f8.sol:53:9: Warning: Invoking events without "emit" prefix is deprecated.
        Approval(msg.sender, _spender, _value);
        ^------------------------------------^
/unique_chucks/24/0x1da5a0bdcd4554bb7ba5dbc02f656d3cf89694f8.sol:88:9: Warning: Invoking events without "emit" prefix is deprecated.
        Approval(msg.sender, _spender, _value);
        ^------------------------------------^
/unique_chucks/24/0x1da5a0bdcd4554bb7ba5dbc02f656d3cf89694f8.sol:89:46: Warning: "sha3" has been deprecated in favour of "keccak256"
        require(_spender.call(bytes4(bytes32(sha3("receiveApproval(address,uint256,address,bytes)"))), msg.sender, _value, this, _extraData));
                                             ^----------------------------------------------------^
/unique_chucks/24/0x1da5a0bdcd4554bb7ba5dbc02f656d3cf89694f8.sol:6:5: Warning: No visibility specified. Defaulting to "public". 
    function balanceOf(address _owner) constant returns (uint256 balance);    // Gets the number of tokens owned by the account _owner
    ^--------------------------------------------------------------------^
/unique_chucks/24/0x1da5a0bdcd4554bb7ba5dbc02f656d3cf89694f8.sol:9:5: Warning: No visibility specified. Defaulting to "public". 
    function transfer(address _to, uint256 _value) returns (bool success);    //Token that transfers amount to _value from message sender account
    ^--------------------------------------------------------------------^
/unique_chucks/24/0x1da5a0bdcd4554bb7ba5dbc02f656d3cf89694f8.sol:11:5: Warning: No visibility specified. Defaulting to "public". 
    function transferFrom(address _from, address _to, uint256 _value) returns   // token transferred from account _from to account _to is used in conjunction with the approve method
    ^ (Relevant source part starts here and spans across multiple lines).
/unique_chucks/24/0x1da5a0bdcd4554bb7ba5dbc02f656d3cf89694f8.sol:14:5: Warning: No visibility specified. Defaulting to "public". 
    function allowance(address _owner, address _spender) constant returns // get the number of tokens that the account _spender can transfer from the account _owner
    ^ (Relevant source part starts here and spans across multiple lines).
/unique_chucks/24/0x1da5a0bdcd4554bb7ba5dbc02f656d3cf89694f8.sol:17:5: Warning: No visibility specified. Defaulting to "public". 
 ... function approve(address _spender, uint256 _value) returns (bool success); ... 
     ^------------------------------------------------------------------------^
/unique_chucks/24/0x1da5a0bdcd4554bb7ba5dbc02f656d3cf89694f8.sol:27:5: Warning: No visibility specified. Defaulting to "public". 
    function transfer(address _to, uint256 _value) returns (bool success) {
    ^ (Relevant source part starts here and spans across multiple lines).
/unique_chucks/24/0x1da5a0bdcd4554bb7ba5dbc02f656d3cf89694f8.sol:38:5: Warning: No visibility specified. Defaulting to "public". 
    function transferFrom(address _from, address _to, uint256 _value) returns 
    ^ (Relevant source part starts here and spans across multiple lines).
/unique_chucks/24/0x1da5a0bdcd4554bb7ba5dbc02f656d3cf89694f8.sol:50:5: Warning: No visibility specified. Defaulting to "public". 
    function approve(address _spender, uint256 _value) returns (bool success)   
    ^ (Relevant source part starts here and spans across multiple lines).
/unique_chucks/24/0x1da5a0bdcd4554bb7ba5dbc02f656d3cf89694f8.sol:57:5: Warning: No visibility specified. Defaulting to "public". 
    function balanceOf(address _owner) constant returns (uint256 balance) {
    ^ (Relevant source part starts here and spans across multiple lines).
/unique_chucks/24/0x1da5a0bdcd4554bb7ba5dbc02f656d3cf89694f8.sol:61:5: Warning: No visibility specified. Defaulting to "public". 
    function allowance(address _owner, address _spender) constant returns (uint256 remaining) {
    ^ (Relevant source part starts here and spans across multiple lines).
/unique_chucks/24/0x1da5a0bdcd4554bb7ba5dbc02f656d3cf89694f8.sol:76:5: Warning: No visibility specified. Defaulting to "public". 
    function TIAToken(uint256 _initialAmount, string _tokenName, uint8 _decimalUnits, string _tokenSymbol) {
    ^ (Relevant source part starts here and spans across multiple lines).
/unique_chucks/24/0x1da5a0bdcd4554bb7ba5dbc02f656d3cf89694f8.sol:86:5: Warning: No visibility specified. Defaulting to "public". 
    function approveAndCall(address _spender, uint256 _value, bytes _extraData) returns (bool success) {
    ^ (Relevant source part starts here and spans across multiple lines).

INFO:Detectors:[92m
TIAToken.version should be constant (/unique_chucks/24/0x1da5a0bdcd4554bb7ba5dbc02f656d3cf89694f8.sol#76)
Reference: https://github.com/trailofbits/slither/wiki/Detectors-Documentation#state-variables-that-could-be-declared-constant[0m
INFO:Detectors:[92m
Deprecated standard detected @ /unique_chucks/24/0x1da5a0bdcd4554bb7ba5dbc02f656d3cf89694f8.sol#89-93:
	- Usage of "sha3()" should be replaced with "keccak256()"
Reference: https://github.com/trailofbits/slither/wiki/Detectors-Documentation#deprecated-standards[0m
INFO:Detectors:[92m
StandardToken.balanceOf (/unique_chucks/24/0x1da5a0bdcd4554bb7ba5dbc02f656d3cf89694f8.sol#57-61) should be declared external
Token.balanceOf (/unique_chucks/24/0x1da5a0bdcd4554bb7ba5dbc02f656d3cf89694f8.sol#6) should be declared external
Token.transfer (/unique_chucks/24/0x1da5a0bdcd4554bb7ba5dbc02f656d3cf89694f8.sol#9) should be declared external
StandardToken.transfer (/unique_chucks/24/0x1da5a0bdcd4554bb7ba5dbc02f656d3cf89694f8.sol#27-38) should be declared external
Token.transferFrom (/unique_chucks/24/0x1da5a0bdcd4554bb7ba5dbc02f656d3cf89694f8.sol#11-14) should be declared external
StandardToken.transferFrom (/unique_chucks/24/0x1da5a0bdcd4554bb7ba5dbc02f656d3cf89694f8.sol#38-50) should be declared external
Token.allowance (/unique_chucks/24/0x1da5a0bdcd4554bb7ba5dbc02f656d3cf89694f8.sol#14-17) should be declared external
StandardToken.allowance (/unique_chucks/24/0x1da5a0bdcd4554bb7ba5dbc02f656d3cf89694f8.sol#61-65) should be declared external
Token.approve (/unique_chucks/24/0x1da5a0bdcd4554bb7ba5dbc02f656d3cf89694f8.sol#17) should be declared external
StandardToken.approve (/unique_chucks/24/0x1da5a0bdcd4554bb7ba5dbc02f656d3cf89694f8.sol#50-57) should be declared external
TIAToken.approveAndCall (/unique_chucks/24/0x1da5a0bdcd4554bb7ba5dbc02f656d3cf89694f8.sol#86-93) should be declared external
Reference: https://github.com/trailofbits/slither/wiki/Detectors-Documentation#public-function-that-could-be-declared-as-external[0m
INFO:Detectors:[92m
Detected issues with version pragma in /unique_chucks/24/0x1da5a0bdcd4554bb7ba5dbc02f656d3cf89694f8.sol:
	- pragma solidity^0.4.8 (/unique_chucks/24/0x1da5a0bdcd4554bb7ba5dbc02f656d3cf89694f8.sol#1): it allows old versions
Reference: https://github.com/trailofbits/slither/wiki/Detectors-Documentation#incorrect-version-of-solidity[0m
INFO:Detectors:[92m
Low level call in TIAToken.approveAndCall (/unique_chucks/24/0x1da5a0bdcd4554bb7ba5dbc02f656d3cf89694f8.sol#86-93):
	-require(bool)(_spender.call(bytes4(bytes32(sha3()(receiveApproval(address,uint256,address,bytes)))),msg.sender,_value,this,_extraData)) /unique_chucks/24/0x1da5a0bdcd4554bb7ba5dbc02f656d3cf89694f8.sol#89-93
Reference: https://github.com/trailofbits/slither/wiki/Detectors-Documentation#low-level-calls[0m
INFO:Detectors:[92m
Parameter '_owner' of StandardToken.balanceOf (/unique_chucks/24/0x1da5a0bdcd4554bb7ba5dbc02f656d3cf89694f8.sol#58) is not in mixedCase
Parameter '_to' of StandardToken.transfer (/unique_chucks/24/0x1da5a0bdcd4554bb7ba5dbc02f656d3cf89694f8.sol#27) is not in mixedCase
Parameter '_value' of StandardToken.transfer (/unique_chucks/24/0x1da5a0bdcd4554bb7ba5dbc02f656d3cf89694f8.sol#27) is not in mixedCase
Parameter '_from' of StandardToken.transferFrom (/unique_chucks/24/0x1da5a0bdcd4554bb7ba5dbc02f656d3cf89694f8.sol#38) is not in mixedCase
Parameter '_to' of StandardToken.transferFrom (/unique_chucks/24/0x1da5a0bdcd4554bb7ba5dbc02f656d3cf89694f8.sol#38-39) is not in mixedCase
Parameter '_value' of StandardToken.transferFrom (/unique_chucks/24/0x1da5a0bdcd4554bb7ba5dbc02f656d3cf89694f8.sol#39-40) is not in mixedCase
Parameter '_owner' of StandardToken.allowance (/unique_chucks/24/0x1da5a0bdcd4554bb7ba5dbc02f656d3cf89694f8.sol#61-62) is not in mixedCase
Parameter '_spender' of StandardToken.allowance (/unique_chucks/24/0x1da5a0bdcd4554bb7ba5dbc02f656d3cf89694f8.sol#62) is not in mixedCase
Parameter '_spender' of StandardToken.approve (/unique_chucks/24/0x1da5a0bdcd4554bb7ba5dbc02f656d3cf89694f8.sol#50-51) is not in mixedCase
Parameter '_value' of StandardToken.approve (/unique_chucks/24/0x1da5a0bdcd4554bb7ba5dbc02f656d3cf89694f8.sol#52) is not in mixedCase
Function 'TIAToken.TIAToken' (/unique_chucks/24/0x1da5a0bdcd4554bb7ba5dbc02f656d3cf89694f8.sol#76-86) is not in mixedCase
Parameter '_initialAmount' of TIAToken.TIAToken (/unique_chucks/24/0x1da5a0bdcd4554bb7ba5dbc02f656d3cf89694f8.sol#76-77) is not in mixedCase
Parameter '_tokenName' of TIAToken.TIAToken (/unique_chucks/24/0x1da5a0bdcd4554bb7ba5dbc02f656d3cf89694f8.sol#77) is not in mixedCase
Parameter '_decimalUnits' of TIAToken.TIAToken (/unique_chucks/24/0x1da5a0bdcd4554bb7ba5dbc02f656d3cf89694f8.sol#77-78) is not in mixedCase
Parameter '_tokenSymbol' of TIAToken.TIAToken (/unique_chucks/24/0x1da5a0bdcd4554bb7ba5dbc02f656d3cf89694f8.sol#78) is not in mixedCase
Parameter '_spender' of TIAToken.approveAndCall (/unique_chucks/24/0x1da5a0bdcd4554bb7ba5dbc02f656d3cf89694f8.sol#87) is not in mixedCase
Parameter '_value' of TIAToken.approveAndCall (/unique_chucks/24/0x1da5a0bdcd4554bb7ba5dbc02f656d3cf89694f8.sol#87) is not in mixedCase
Parameter '_extraData' of TIAToken.approveAndCall (/unique_chucks/24/0x1da5a0bdcd4554bb7ba5dbc02f656d3cf89694f8.sol#87-88) is not in mixedCase
Reference: https://github.com/trailofbits/slither/wiki/Detectors-Documentation#conformance-to-solidity-naming-conventions[0m
INFO:Slither:/unique_chucks/24/0x1da5a0bdcd4554bb7ba5dbc02f656d3cf89694f8.sol analyzed (3 contracts), 33 result(s) found