INFO:Slither:Compilation warnings/errors on /unique_contracts/0xfd645ad26d3cca2a65ef36877b55b84fda7b9012.sol:
/unique_contracts/0xfd645ad26d3cca2a65ef36877b55b84fda7b9012.sol:1:1: Warning: Source file does not specify required compiler version!Consider adding "pragma solidity ^0.4.25;"
contract TeikhosBounty {
^ (Relevant source part starts here and spans across multiple lines).
/unique_contracts/0xfd645ad26d3cca2a65ef36877b55b84fda7b9012.sol:34:27: Warning: This function only accepts a single "bytes" argument. Please use "abi.encodePacked(...)" or a similar function to encode the data.
        bytes32 msgHash = keccak256("\x19Ethereum Signed Message:\n64", _publicKey);
                          ^-------------------------------------------------------^
/unique_contracts/0xfd645ad26d3cca2a65ef36877b55b84fda7b9012.sol:37:52: Warning: "suicide" has been deprecated in favour of "selfdestruct"
        if(ecrecover(msgHash, 27, r, s) == signer) suicide(msg.sender);
                                                   ^-----------------^
/unique_contracts/0xfd645ad26d3cca2a65ef36877b55b84fda7b9012.sol:38:52: Warning: "suicide" has been deprecated in favour of "selfdestruct"
        if(ecrecover(msgHash, 28, r, s) == signer) suicide(msg.sender);
                                                   ^-----------------^
/unique_contracts/0xfd645ad26d3cca2a65ef36877b55b84fda7b9012.sol:11:5: Warning: No visibility specified. Defaulting to "public". 
    function authenticate(bytes _publicKey) { // Accepts an array of bytes, for example ["0x00","0xaa", "0xff"]
    ^ (Relevant source part starts here and spans across multiple lines).

INFO:Detectors:[91m
TeikhosBounty.authenticate (/unique_contracts/0xfd645ad26d3cca2a65ef36877b55b84fda7b9012.sol#11-40) allows anyone to destruct the contract
Reference: https://github.com/trailofbits/slither/wiki/Detectors-Documentation#suicidal[0m
INFO:Detectors:[92m
TeikhosBounty.authenticate uses assembly (/unique_contracts/0xfd645ad26d3cca2a65ef36877b55b84fda7b9012.sol#11-40)
	- /unique_contracts/0xfd645ad26d3cca2a65ef36877b55b84fda7b9012.sol#22-27
Reference: https://github.com/trailofbits/slither/wiki/Detectors-Documentation#assembly-usage[0m
INFO:Detectors:[92m
TeikhosBounty.proof_of_public_key1 should be constant (/unique_contracts/0xfd645ad26d3cca2a65ef36877b55b84fda7b9012.sol#4-5)
TeikhosBounty.proof_of_public_key2 should be constant (/unique_contracts/0xfd645ad26d3cca2a65ef36877b55b84fda7b9012.sol#5-7)
TeikhosBounty.proof_of_symmetric_key1 should be constant (/unique_contracts/0xfd645ad26d3cca2a65ef36877b55b84fda7b9012.sol#8-9)
TeikhosBounty.proof_of_symmetric_key2 should be constant (/unique_contracts/0xfd645ad26d3cca2a65ef36877b55b84fda7b9012.sol#9-10)
Reference: https://github.com/trailofbits/slither/wiki/Detectors-Documentation#state-variables-that-could-be-declared-constant[0m
INFO:Detectors:[92m
Deprecated standard detected @ /unique_contracts/0xfd645ad26d3cca2a65ef36877b55b84fda7b9012.sol#38:
	- Usage of "suicide()" should be replaced with "selfdestruct()"
Deprecated standard detected @ /unique_contracts/0xfd645ad26d3cca2a65ef36877b55b84fda7b9012.sol:
	- Usage of "suicide()" should be replaced with "selfdestruct()"
Reference: https://github.com/trailofbits/slither/wiki/Detectors-Documentation#deprecated-standards[0m
INFO:Detectors:[92m
TeikhosBounty.authenticate (/unique_contracts/0xfd645ad26d3cca2a65ef36877b55b84fda7b9012.sol#11-40) should be declared external
Reference: https://github.com/trailofbits/slither/wiki/Detectors-Documentation#public-function-that-could-be-declared-as-external[0m
INFO:Detectors:[92m
Parameter '_publicKey' of TeikhosBounty.authenticate (/unique_contracts/0xfd645ad26d3cca2a65ef36877b55b84fda7b9012.sol#11) is not in mixedCase
Variable 'TeikhosBounty.proof_of_public_key1' (/unique_contracts/0xfd645ad26d3cca2a65ef36877b55b84fda7b9012.sol#4-5) is not in mixedCase
Variable 'TeikhosBounty.proof_of_public_key2' (/unique_contracts/0xfd645ad26d3cca2a65ef36877b55b84fda7b9012.sol#5-7) is not in mixedCase
Variable 'TeikhosBounty.proof_of_symmetric_key1' (/unique_contracts/0xfd645ad26d3cca2a65ef36877b55b84fda7b9012.sol#8-9) is not in mixedCase
Variable 'TeikhosBounty.proof_of_symmetric_key2' (/unique_contracts/0xfd645ad26d3cca2a65ef36877b55b84fda7b9012.sol#9-10) is not in mixedCase
Reference: https://github.com/trailofbits/slither/wiki/Detectors-Documentation#conformance-to-solidity-naming-conventions[0m
INFO:Slither:/unique_contracts/0xfd645ad26d3cca2a65ef36877b55b84fda7b9012.sol analyzed (1 contracts), 11 result(s) found