2019-07-22 18:40:41,001: [12] m.main:INFO: Registered plugins: DetectUnusedRetVal, DetectReentrancySimple, DetectInvalid, DetectDelegatecall, DetectExternalCallAndLeak, DetectEnvInstruction, DetectSuicidal, DetectUninitializedStorage, DetectIntegerOverflow, DetectReentrancyAdvanced, DetectUninitializedMemory
2019-07-22 18:40:41,002: [12] m.main:INFO: Beginning analysis
2019-07-22 18:40:41,070: [12] m.e.manticore:INFO: Starting symbolic create contract
2019-07-22 18:40:41,336: [56] m.c.manticore:INFO: Generated testcase No. 0 - NO STATE RESULT (?)(0 txs)
2019-07-22 18:40:41,880: [12] m.c.manticore:INFO: Results in /mcore_7i5wvdrz
2019-07-22 18:40:42,684: [315] m.main:INFO: Registered plugins: DetectReentrancyAdvanced, DetectReentrancySimple, DetectInvalid, DetectUnusedRetVal, DetectUninitializedStorage, DetectIntegerOverflow, DetectSuicidal, DetectExternalCallAndLeak, DetectEnvInstruction, DetectUninitializedMemory, DetectDelegatecall
2019-07-22 18:40:42,685: [315] m.main:INFO: Beginning analysis
2019-07-22 18:40:42,696: [315] m.e.manticore:INFO: Starting symbolic create contract
2019-07-22 18:40:42,979: [359] m.c.manticore:INFO: Generated testcase No. 0 - NO STATE RESULT (?)(0 txs)
2019-07-22 18:40:43,505: [315] m.c.manticore:INFO: Results in /mcore_ov40k3wr
2019-07-22 18:40:44,322: [618] m.main:INFO: Registered plugins: DetectReentrancySimple, DetectInvalid, DetectUnusedRetVal, DetectReentrancyAdvanced, DetectUninitializedStorage, DetectSuicidal, DetectExternalCallAndLeak, DetectEnvInstruction, DetectIntegerOverflow, DetectUninitializedMemory, DetectDelegatecall
2019-07-22 18:40:44,322: [618] m.main:INFO: Beginning analysis
2019-07-22 18:40:44,373: [618] m.e.manticore:INFO: Starting symbolic create contract
2019-07-22 18:40:47,001: [618] m.e.manticore:INFO: Starting symbolic transaction: 0
2019-07-22 18:40:50,975: [618] m.e.manticore:INFO: 1 alive states, 5 terminated states
2019-07-22 18:40:51,775: [618] m.e.manticore:INFO: Starting symbolic transaction: 1
2019-07-22 18:40:55,982: [618] m.e.manticore:INFO: 1 alive states, 10 terminated states
2019-07-22 18:40:57,155: [2126] m.c.manticore:INFO: Generated testcase No. 0 - RETURN(3 txs)
2019-07-22 18:40:57,223: [2127] m.c.manticore:INFO: Generated testcase No. 1 - RETURN(1 txs)
2019-07-22 18:40:57,284: [2130] m.c.manticore:INFO: Generated testcase No. 3 - REVERT(2 txs)
2019-07-22 18:40:57,315: [2134] m.c.manticore:INFO: Generated testcase No. 2 - REVERT(2 txs)
2019-07-22 18:40:57,362: [2129] m.c.manticore:INFO: Generated testcase No. 4 - REVERT(2 txs)
2019-07-22 18:40:57,377: [2138] m.c.manticore:INFO: Generated testcase No. 5 - REVERT(2 txs)
2019-07-22 18:40:57,439: [2148] m.c.manticore:INFO: Generated testcase No. 6 - REVERT(3 txs)
2019-07-22 18:40:57,469: [2144] m.c.manticore:INFO: Generated testcase No. 7 - RETURN(2 txs)
2019-07-22 18:40:57,647: [2151] m.c.manticore:INFO: Generated testcase No. 8 - REVERT(3 txs)
2019-07-22 18:41:09,760: [2127] m.c.manticore:INFO: Generated testcase No. 9 - REVERT(3 txs)
2019-07-22 18:41:11,224: [2144] m.c.manticore:INFO: Generated testcase No. 10 - REVERT(3 txs)
2019-07-22 18:41:17,499: [618] m.c.manticore:INFO: Results in /mcore_zmv0e0k7
2019-07-22 18:41:19,497: [2751] m.main:INFO: Registered plugins: DetectDelegatecall, DetectReentrancySimple, DetectInvalid, DetectUnusedRetVal, DetectUninitializedStorage, DetectIntegerOverflow, DetectExternalCallAndLeak, DetectReentrancyAdvanced, DetectEnvInstruction, DetectUninitializedMemory, DetectSuicidal
2019-07-22 18:41:19,497: [2751] m.main:INFO: Beginning analysis
2019-07-22 18:41:19,521: [2751] m.e.manticore:INFO: Starting symbolic create contract
2019-07-22 18:41:20,990: [2751] m.e.manticore:INFO: Starting symbolic transaction: 0
2019-07-22 18:41:22,101: [2751] m.e.manticore:INFO: 0 alive states, 2 terminated states
2019-07-22 18:41:22,283: [2751] m.e.manticore:INFO: Starting symbolic transaction: 1
2019-07-22 18:41:22,436: [3321] m.c.manticore:INFO: Generated testcase No. 0 - RETURN(1 txs)
2019-07-22 18:41:22,531: [3325] m.c.manticore:INFO: Generated testcase No. 1 - REVERT(2 txs)
2019-07-22 18:41:23,580: [2751] m.c.manticore:INFO: Results in /mcore_gwy3xszy
2019-07-22 18:41:24,581: [3636] m.main:INFO: Registered plugins: DetectReentrancyAdvanced, DetectReentrancySimple, DetectInvalid, DetectUnusedRetVal, DetectSuicidal, DetectUninitializedStorage, DetectDelegatecall, DetectEnvInstruction, DetectUninitializedMemory, DetectExternalCallAndLeak, DetectIntegerOverflow
2019-07-22 18:41:24,581: [3636] m.main:INFO: Beginning analysis
2019-07-22 18:41:24,592: [3636] m.e.manticore:INFO: Starting symbolic create contract
2019-07-22 18:41:35,155: [3636] m.e.manticore:INFO: Starting symbolic transaction: 0
2019-07-22 18:42:18,042: [4377] m.e.detectors:WARNING: Potentially reading uninitialized storage
2019-07-22 18:42:28,879: [4376] m.e.detectors:WARNING: INVALID instruction
2019-07-22 18:42:35,142: [4368] m.e.detectors:WARNING: INVALID instruction
2019-07-22 18:42:45,873: [4382] m.e.detectors:WARNING: Potentially reading uninitialized storage
2019-07-22 18:42:56,957: [4381] m.e.detectors:WARNING: Potentially reading uninitialized storage
2019-07-22 18:43:36,194: [3636] m.e.manticore:INFO: 13 alive states, 21 terminated states
2019-07-22 18:43:40,942: [3636] m.e.manticore:INFO: Starting symbolic transaction: 1
2019-07-22 18:51:07,866: [9605] m.e.detectors:WARNING: INVALID instruction
2019-07-22 18:51:25,462: [9609] m.e.detectors:WARNING: Potentially reading uninitialized storage
2019-07-22 18:55:34,402: [9623] m.e.detectors:WARNING: INVALID instruction
2019-07-22 18:55:43,522: [9607] m.e.detectors:WARNING: Potentially reading uninitialized storage
2019-07-22 18:55:44,383: [9617] m.e.detectors:WARNING: Potentially reading uninitialized storage
2019-07-22 18:56:43,206: [9609] m.e.detectors:WARNING: Potentially reading uninitialized storage
2019-07-22 18:57:10,910: [9607] m.e.detectors:WARNING: INVALID instruction
2019-07-22 18:57:27,454: [9607] m.e.detectors:WARNING: INVALID instruction
2019-07-22 18:57:31,946: [9625] m.e.detectors:WARNING: Potentially reading uninitialized storage
2019-07-22 18:58:00,826: [9605] m.e.detectors:WARNING: INVALID instruction
2019-07-22 19:01:56,542: [9623] m.e.detectors:WARNING: Potentially reading uninitialized storage
2019-07-22 19:01:57,442: [9616] m.e.detectors:WARNING: INVALID instruction
2019-07-22 19:02:38,654: [9620] m.e.detectors:WARNING: Potentially reading uninitialized storage
2019-07-22 19:03:13,322: [9605] m.e.detectors:WARNING: INVALID instruction
2019-07-22 19:03:20,444: [9623] m.e.detectors:WARNING: INVALID instruction
2019-07-22 19:04:15,326: [9609] m.e.detectors:WARNING: Potentially reading uninitialized storage
2019-07-22 19:04:21,266: [9620] m.e.detectors:WARNING: Potentially reading uninitialized storage
2019-07-22 19:05:20,426: [9625] m.e.detectors:WARNING: Potentially reading uninitialized storage
2019-07-22 19:05:33,306: [9610] m.e.detectors:WARNING: Potentially reading uninitialized storage
2019-07-22 19:06:03,342: [9613] m.e.detectors:WARNING: Potentially reading uninitialized storage
2019-07-22 19:06:28,518: [9617] m.e.detectors:WARNING: Potentially reading uninitialized storage
2019-07-22 19:07:48,551: [9623] m.e.detectors:WARNING: Potentially reading uninitialized storage
2019-07-22 19:07:49,254: [9607] m.e.detectors:WARNING: Potentially reading uninitialized storage
2019-07-22 19:09:27,314: [9616] m.e.detectors:WARNING: Potentially reading uninitialized storage