INFO:Slither:Compilation warnings/errors on /unique_chucks/4/0xf34a0e6b54df071d1efdf96396b9c17f7a0c1e00.sol:
/unique_chucks/4/0xf34a0e6b54df071d1efdf96396b9c17f7a0c1e00.sol:88:3: Warning: Defining constructors as functions with the same name as the contract is deprecated. Use "constructor(...) { ... }" instead.
  function Ownable() public {
  ^ (Relevant source part starts here and spans across multiple lines).
/unique_chucks/4/0xf34a0e6b54df071d1efdf96396b9c17f7a0c1e00.sol:355:3: Warning: Defining constructors as functions with the same name as the contract is deprecated. Use "constructor(...) { ... }" instead.
  function CICoin() public {
  ^ (Relevant source part starts here and spans across multiple lines).
/unique_chucks/4/0xf34a0e6b54df071d1efdf96396b9c17f7a0c1e00.sol:106:5: Warning: Invoking events without "emit" prefix is deprecated.
    OwnershipTransferred(owner, newOwner);
    ^-----------------------------------^
/unique_chucks/4/0xf34a0e6b54df071d1efdf96396b9c17f7a0c1e00.sol:144:5: Warning: Invoking events without "emit" prefix is deprecated.
    Pause();
    ^-----^
/unique_chucks/4/0xf34a0e6b54df071d1efdf96396b9c17f7a0c1e00.sol:152:5: Warning: Invoking events without "emit" prefix is deprecated.
    Unpause();
    ^-------^
/unique_chucks/4/0xf34a0e6b54df071d1efdf96396b9c17f7a0c1e00.sol:210:5: Warning: Invoking events without "emit" prefix is deprecated.
    Transfer(msg.sender, _to, _value);
    ^-------------------------------^
/unique_chucks/4/0xf34a0e6b54df071d1efdf96396b9c17f7a0c1e00.sol:251:5: Warning: Invoking events without "emit" prefix is deprecated.
    Transfer(_from, _to, _value);
    ^--------------------------^
/unique_chucks/4/0xf34a0e6b54df071d1efdf96396b9c17f7a0c1e00.sol:267:5: Warning: Invoking events without "emit" prefix is deprecated.
    Approval(msg.sender, _spender, _value);
    ^------------------------------------^
/unique_chucks/4/0xf34a0e6b54df071d1efdf96396b9c17f7a0c1e00.sol:293:5: Warning: Invoking events without "emit" prefix is deprecated.
    Approval(msg.sender, _spender, allowed[msg.sender][_spender]);
    ^-----------------------------------------------------------^
/unique_chucks/4/0xf34a0e6b54df071d1efdf96396b9c17f7a0c1e00.sol:314:5: Warning: Invoking events without "emit" prefix is deprecated.
    Approval(msg.sender, _spender, allowed[msg.sender][_spender]);
    ^-----------------------------------------------------------^
/unique_chucks/4/0xf34a0e6b54df071d1efdf96396b9c17f7a0c1e00.sol:358:5: Warning: Invoking events without "emit" prefix is deprecated.
    Transfer(0x0, msg.sender, INITIAL_SUPPLY);
    ^---------------------------------------^
/unique_chucks/4/0xf34a0e6b54df071d1efdf96396b9c17f7a0c1e00.sol:371:5: Warning: Invoking events without "emit" prefix is deprecated.
    Transfer(msg.sender, _to, _value);
    ^-------------------------------^
/unique_chucks/4/0xf34a0e6b54df071d1efdf96396b9c17f7a0c1e00.sol:375:3: Warning: No visibility specified. Defaulting to "public". 
  function() payable {
  ^ (Relevant source part starts here and spans across multiple lines).

INFO:Detectors:[92m
Ownable.transferOwnership (/unique_chucks/4/0xf34a0e6b54df071d1efdf96396b9c17f7a0c1e00.sol#106-114) should be declared external
Pausable.unpause (/unique_chucks/4/0xf34a0e6b54df071d1efdf96396b9c17f7a0c1e00.sol#158-161) should be declared external
BasicToken.totalSupply (/unique_chucks/4/0xf34a0e6b54df071d1efdf96396b9c17f7a0c1e00.sol#201-203) should be declared external
ERC20Basic.totalSupply (/unique_chucks/4/0xf34a0e6b54df071d1efdf96396b9c17f7a0c1e00.sol#164-165) should be declared external
BasicToken.balanceOf (/unique_chucks/4/0xf34a0e6b54df071d1efdf96396b9c17f7a0c1e00.sol#229-230) should be declared external
ERC20Basic.balanceOf (/unique_chucks/4/0xf34a0e6b54df071d1efdf96396b9c17f7a0c1e00.sol#165-170) should be declared external
ERC20.allowance (/unique_chucks/4/0xf34a0e6b54df071d1efdf96396b9c17f7a0c1e00.sol#176-177) should be declared external
StandardToken.allowance (/unique_chucks/4/0xf34a0e6b54df071d1efdf96396b9c17f7a0c1e00.sol#284-286) should be declared external
CICoin.transferByOwner (/unique_chucks/4/0xf34a0e6b54df071d1efdf96396b9c17f7a0c1e00.sol#372-378) should be declared external
CICoin.fallback (/unique_chucks/4/0xf34a0e6b54df071d1efdf96396b9c17f7a0c1e00.sol) should be declared external
Reference: https://github.com/trailofbits/slither/wiki/Detectors-Documentation#public-function-that-could-be-declared-as-external[0m
INFO:Detectors:[92m
Detected issues with version pragma in /unique_chucks/4/0xf34a0e6b54df071d1efdf96396b9c17f7a0c1e00.sol:
	- pragma solidity^0.4.18 (/unique_chucks/4/0xf34a0e6b54df071d1efdf96396b9c17f7a0c1e00.sol#1): it allows old versions
Reference: https://github.com/trailofbits/slither/wiki/Detectors-Documentation#incorrect-version-of-solidity[0m
INFO:Detectors:[92m
Function 'Ownable.Ownable' (/unique_chucks/4/0xf34a0e6b54df071d1efdf96396b9c17f7a0c1e00.sol#93-95) is not in mixedCase
Parameter '_owner' of BasicToken.balanceOf (/unique_chucks/4/0xf34a0e6b54df071d1efdf96396b9c17f7a0c1e00.sol#229) is not in mixedCase
Parameter '_to' of BasicToken.transfer (/unique_chucks/4/0xf34a0e6b54df071d1efdf96396b9c17f7a0c1e00.sol#208) is not in mixedCase
Parameter '_value' of BasicToken.transfer (/unique_chucks/4/0xf34a0e6b54df071d1efdf96396b9c17f7a0c1e00.sol#208) is not in mixedCase
Parameter '_owner' of StandardToken.allowance (/unique_chucks/4/0xf34a0e6b54df071d1efdf96396b9c17f7a0c1e00.sol#285) is not in mixedCase
Parameter '_spender' of StandardToken.allowance (/unique_chucks/4/0xf34a0e6b54df071d1efdf96396b9c17f7a0c1e00.sol#285) is not in mixedCase
Parameter '_from' of StandardToken.transferFrom (/unique_chucks/4/0xf34a0e6b54df071d1efdf96396b9c17f7a0c1e00.sol#248-249) is not in mixedCase
Parameter '_to' of StandardToken.transferFrom (/unique_chucks/4/0xf34a0e6b54df071d1efdf96396b9c17f7a0c1e00.sol#249) is not in mixedCase
Parameter '_value' of StandardToken.transferFrom (/unique_chucks/4/0xf34a0e6b54df071d1efdf96396b9c17f7a0c1e00.sol#249) is not in mixedCase
Parameter '_spender' of StandardToken.approve (/unique_chucks/4/0xf34a0e6b54df071d1efdf96396b9c17f7a0c1e00.sol#273) is not in mixedCase
Parameter '_value' of StandardToken.approve (/unique_chucks/4/0xf34a0e6b54df071d1efdf96396b9c17f7a0c1e00.sol#273) is not in mixedCase
Parameter '_spender' of StandardToken.increaseApproval (/unique_chucks/4/0xf34a0e6b54df071d1efdf96396b9c17f7a0c1e00.sol#298) is not in mixedCase
Parameter '_addedValue' of StandardToken.increaseApproval (/unique_chucks/4/0xf34a0e6b54df071d1efdf96396b9c17f7a0c1e00.sol#298-300) is not in mixedCase
Parameter '_spender' of StandardToken.decreaseApproval (/unique_chucks/4/0xf34a0e6b54df071d1efdf96396b9c17f7a0c1e00.sol#314) is not in mixedCase
Parameter '_subtractedValue' of StandardToken.decreaseApproval (/unique_chucks/4/0xf34a0e6b54df071d1efdf96396b9c17f7a0c1e00.sol#314) is not in mixedCase
Parameter '_to' of PausableToken.transfer (/unique_chucks/4/0xf34a0e6b54df071d1efdf96396b9c17f7a0c1e00.sol#331) is not in mixedCase
Parameter '_value' of PausableToken.transfer (/unique_chucks/4/0xf34a0e6b54df071d1efdf96396b9c17f7a0c1e00.sol#331) is not in mixedCase
Parameter '_from' of PausableToken.transferFrom (/unique_chucks/4/0xf34a0e6b54df071d1efdf96396b9c17f7a0c1e00.sol#335) is not in mixedCase
Parameter '_to' of PausableToken.transferFrom (/unique_chucks/4/0xf34a0e6b54df071d1efdf96396b9c17f7a0c1e00.sol#335) is not in mixedCase
Parameter '_value' of PausableToken.transferFrom (/unique_chucks/4/0xf34a0e6b54df071d1efdf96396b9c17f7a0c1e00.sol#335) is not in mixedCase
Parameter '_spender' of PausableToken.approve (/unique_chucks/4/0xf34a0e6b54df071d1efdf96396b9c17f7a0c1e00.sol#339) is not in mixedCase
Parameter '_value' of PausableToken.approve (/unique_chucks/4/0xf34a0e6b54df071d1efdf96396b9c17f7a0c1e00.sol#339) is not in mixedCase
Parameter '_spender' of PausableToken.increaseApproval (/unique_chucks/4/0xf34a0e6b54df071d1efdf96396b9c17f7a0c1e00.sol#344) is not in mixedCase
Parameter '_addedValue' of PausableToken.increaseApproval (/unique_chucks/4/0xf34a0e6b54df071d1efdf96396b9c17f7a0c1e00.sol#344) is not in mixedCase
Parameter '_spender' of PausableToken.decreaseApproval (/unique_chucks/4/0xf34a0e6b54df071d1efdf96396b9c17f7a0c1e00.sol#350) is not in mixedCase
Parameter '_subtractedValue' of PausableToken.decreaseApproval (/unique_chucks/4/0xf34a0e6b54df071d1efdf96396b9c17f7a0c1e00.sol#350) is not in mixedCase
Function 'CICoin.CICoin' (/unique_chucks/4/0xf34a0e6b54df071d1efdf96396b9c17f7a0c1e00.sol#367-372) is not in mixedCase
Parameter '_to' of CICoin.transferByOwner (/unique_chucks/4/0xf34a0e6b54df071d1efdf96396b9c17f7a0c1e00.sol#375-376) is not in mixedCase
Parameter '_value' of CICoin.transferByOwner (/unique_chucks/4/0xf34a0e6b54df071d1efdf96396b9c17f7a0c1e00.sol#376) is not in mixedCase
Reference: https://github.com/trailofbits/slither/wiki/Detectors-Documentation#conformance-to-solidity-naming-conventions[0m
INFO:Slither:/unique_chucks/4/0xf34a0e6b54df071d1efdf96396b9c17f7a0c1e00.sol analyzed (10 contracts), 40 result(s) found