/unique_contracts/0x41dab199a4aa0e14434473f689aecfcb1c8e520c.sol:412:9: Error: The state mutability modifier "constant" was removed in version 0.5.0. Use "view" or "pure" instead.
        constant
        ^------^
/unique_contracts/0x41dab199a4aa0e14434473f689aecfcb1c8e520c.sol:436:9: Error: The state mutability modifier "constant" was removed in version 0.5.0. Use "view" or "pure" instead.
        constant
        ^------^
/unique_contracts/0x41dab199a4aa0e14434473f689aecfcb1c8e520c.sol:450:9: Error: The state mutability modifier "constant" was removed in version 0.5.0. Use "view" or "pure" instead.
        constant
        ^------^
/unique_contracts/0x41dab199a4aa0e14434473f689aecfcb1c8e520c.sol:463:9: Error: The state mutability modifier "constant" was removed in version 0.5.0. Use "view" or "pure" instead.
        constant
        ^------^
/unique_contracts/0x41dab199a4aa0e14434473f689aecfcb1c8e520c.sol:474:9: Error: The state mutability modifier "constant" was removed in version 0.5.0. Use "view" or "pure" instead.
        constant
        ^------^
/unique_contracts/0x41dab199a4aa0e14434473f689aecfcb1c8e520c.sol:498:9: Error: The state mutability modifier "constant" was removed in version 0.5.0. Use "view" or "pure" instead.
        constant
        ^------^
Exception in thread "main" java.lang.RuntimeException
	at ch.securify.CompilationHelpers.compileContracts(CompilationHelpers.java:115)
	at ch.securify.Main.processSolidityFile(Main.java:98)
	at ch.securify.Main.main(Main.java:254)