INFO:Detectors:[92m
CompanyToken.constructor.name (local variable @ /unique_chucks/33/0x738891399730b918fface51730670b0950b5780c.sol#469-470) shadows:
	- CompanyToken.name (function @ /unique_chucks/33/0x738891399730b918fface51730670b0950b5780c.sol)
CompanyToken.constructor.symbol (local variable @ /unique_chucks/33/0x738891399730b918fface51730670b0950b5780c.sol#470) shadows:
	- CompanyToken.symbol (function @ /unique_chucks/33/0x738891399730b918fface51730670b0950b5780c.sol)
Reference: https://github.com/trailofbits/slither/wiki/Detectors-Documentation#local-variable-shadowing[0m
INFO:Detectors:[92m
BasicToken.totalSupply (/unique_chucks/33/0x738891399730b918fface51730670b0950b5780c.sol#83-87) should be declared external
ERC20Basic.totalSupply (/unique_chucks/33/0x738891399730b918fface51730670b0950b5780c.sol#11-12) should be declared external
ERC20Basic.balanceOf (/unique_chucks/33/0x738891399730b918fface51730670b0950b5780c.sol#12-13) should be declared external
BasicToken.balanceOf (/unique_chucks/33/0x738891399730b918fface51730670b0950b5780c.sol#108-116) should be declared external
ERC20.allowance (/unique_chucks/33/0x738891399730b918fface51730670b0950b5780c.sol#120-121) should be declared external
StandardToken.allowance (/unique_chucks/33/0x738891399730b918fface51730670b0950b5780c.sol#189-192) should be declared external
ERC20.totalSupply (/unique_chucks/33/0x738891399730b918fface51730670b0950b5780c.sol#124) should be declared external
ERC20.balanceOf (/unique_chucks/33/0x738891399730b918fface51730670b0950b5780c.sol#124-126) should be declared external
Ownable.owner (/unique_chucks/33/0x738891399730b918fface51730670b0950b5780c.sol#259-264) should be declared external
Ownable.renounceOwnership (/unique_chucks/33/0x738891399730b918fface51730670b0950b5780c.sol#283-287) should be declared external
Ownable.transferOwnership (/unique_chucks/33/0x738891399730b918fface51730670b0950b5780c.sol#293-295) should be declared external
MintableToken.mint (/unique_chucks/33/0x738891399730b918fface51730670b0950b5780c.sol#335-349) should be declared external
MintableToken.finishMinting (/unique_chucks/33/0x738891399730b918fface51730670b0950b5780c.sol#352-362) should be declared external
Pausable.paused (/unique_chucks/33/0x738891399730b918fface51730670b0950b5780c.sol#377-380) should be declared external
Pausable.unpause (/unique_chucks/33/0x738891399730b918fface51730670b0950b5780c.sol#410-413) should be declared external
CompanyToken.name (/unique_chucks/33/0x738891399730b918fface51730670b0950b5780c.sol) should be declared external
CompanyToken.symbol (/unique_chucks/33/0x738891399730b918fface51730670b0950b5780c.sol) should be declared external
CompanyToken.decimals (/unique_chucks/33/0x738891399730b918fface51730670b0950b5780c.sol) should be declared external
Reference: https://github.com/trailofbits/slither/wiki/Detectors-Documentation#public-function-that-could-be-declared-as-external[0m
INFO:Detectors:[92m
Parameter '_owner' of BasicToken.balanceOf (/unique_chucks/33/0x738891399730b918fface51730670b0950b5780c.sol#112) is not in mixedCase
Parameter '_to' of BasicToken.transfer (/unique_chucks/33/0x738891399730b918fface51730670b0950b5780c.sol#91) is not in mixedCase
Parameter '_value' of BasicToken.transfer (/unique_chucks/33/0x738891399730b918fface51730670b0950b5780c.sol#91) is not in mixedCase
Parameter '_owner' of StandardToken.allowance (/unique_chucks/33/0x738891399730b918fface51730670b0950b5780c.sol#189-191) is not in mixedCase
Parameter '_spender' of StandardToken.allowance (/unique_chucks/33/0x738891399730b918fface51730670b0950b5780c.sol#191) is not in mixedCase
Parameter '_from' of StandardToken.transferFrom (/unique_chucks/33/0x738891399730b918fface51730670b0950b5780c.sol#153) is not in mixedCase
Parameter '_to' of StandardToken.transferFrom (/unique_chucks/33/0x738891399730b918fface51730670b0950b5780c.sol#153) is not in mixedCase
Parameter '_value' of StandardToken.transferFrom (/unique_chucks/33/0x738891399730b918fface51730670b0950b5780c.sol#153-154) is not in mixedCase
Parameter '_spender' of StandardToken.approve (/unique_chucks/33/0x738891399730b918fface51730670b0950b5780c.sol#176-179) is not in mixedCase
Parameter '_value' of StandardToken.approve (/unique_chucks/33/0x738891399730b918fface51730670b0950b5780c.sol#179) is not in mixedCase
Parameter '_spender' of StandardToken.increaseApproval (/unique_chucks/33/0x738891399730b918fface51730670b0950b5780c.sol#200) is not in mixedCase
Parameter '_addedValue' of StandardToken.increaseApproval (/unique_chucks/33/0x738891399730b918fface51730670b0950b5780c.sol#200-201) is not in mixedCase
Parameter '_spender' of StandardToken.decreaseApproval (/unique_chucks/33/0x738891399730b918fface51730670b0950b5780c.sol#219) is not in mixedCase
Parameter '_subtractedValue' of StandardToken.decreaseApproval (/unique_chucks/33/0x738891399730b918fface51730670b0950b5780c.sol#219) is not in mixedCase
Function 'Ownable._transferOwnership' (/unique_chucks/33/0x738891399730b918fface51730670b0950b5780c.sol#304-306) is not in mixedCase
Variable 'Ownable._owner' (/unique_chucks/33/0x738891399730b918fface51730670b0950b5780c.sol#242-243) is not in mixedCase
Parameter '_to' of MintableToken.mint (/unique_chucks/33/0x738891399730b918fface51730670b0950b5780c.sol#336) is not in mixedCase
Parameter '_amount' of MintableToken.mint (/unique_chucks/33/0x738891399730b918fface51730670b0950b5780c.sol#336) is not in mixedCase
Parameter '_from' of PausableToken.transferFrom (/unique_chucks/33/0x738891399730b918fface51730670b0950b5780c.sol#422) is not in mixedCase
Parameter '_to' of PausableToken.transferFrom (/unique_chucks/33/0x738891399730b918fface51730670b0950b5780c.sol#422) is not in mixedCase
Parameter '_value' of PausableToken.transferFrom (/unique_chucks/33/0x738891399730b918fface51730670b0950b5780c.sol#422-425) is not in mixedCase
Parameter '_spender' of PausableToken.approve (/unique_chucks/33/0x738891399730b918fface51730670b0950b5780c.sol#426) is not in mixedCase
Parameter '_value' of PausableToken.approve (/unique_chucks/33/0x738891399730b918fface51730670b0950b5780c.sol#426) is not in mixedCase
Parameter '_to' of PausableToken.transfer (/unique_chucks/33/0x738891399730b918fface51730670b0950b5780c.sol#418-421) is not in mixedCase
Parameter '_value' of PausableToken.transfer (/unique_chucks/33/0x738891399730b918fface51730670b0950b5780c.sol#421) is not in mixedCase
Parameter '_spender' of PausableToken.increaseApproval (/unique_chucks/33/0x738891399730b918fface51730670b0950b5780c.sol#433) is not in mixedCase
Parameter '_addedValue' of PausableToken.increaseApproval (/unique_chucks/33/0x738891399730b918fface51730670b0950b5780c.sol#433) is not in mixedCase
Parameter '_spender' of PausableToken.decreaseApproval (/unique_chucks/33/0x738891399730b918fface51730670b0950b5780c.sol#437-438) is not in mixedCase
Parameter '_subtractedValue' of PausableToken.decreaseApproval (/unique_chucks/33/0x738891399730b918fface51730670b0950b5780c.sol#438) is not in mixedCase
Constant 'CompanyToken._decimals' (/unique_chucks/33/0x738891399730b918fface51730670b0950b5780c.sol#458-461) is not in UPPER_CASE_WITH_UNDERSCORES
Reference: https://github.com/trailofbits/slither/wiki/Detectors-Documentation#conformance-to-solidity-naming-conventions[0m
INFO:Slither:/unique_chucks/33/0x738891399730b918fface51730670b0950b5780c.sol analyzed (10 contracts), 50 result(s) found