2019-07-25 11:28:28,000: [14] m.main:INFO: Registered plugins: DetectUnusedRetVal, DetectReentrancySimple, DetectInvalid, DetectExternalCallAndLeak, DetectSuicidal, DetectUninitializedStorage, DetectEnvInstruction, DetectReentrancyAdvanced, DetectIntegerOverflow, DetectDelegatecall, DetectUninitializedMemory
2019-07-25 11:28:28,001: [14] m.main:INFO: Beginning analysis
2019-07-25 11:28:28,052: [14] m.e.manticore:INFO: Starting symbolic create contract
2019-07-25 11:28:28,072: [14] m.e.manticore:ERROR: Errors : Invalid solc compilation unique_chucks/4/0xf97b5d65da6b0468b90d531ddae2a69843e6797d.sol:1:1: Error: Source file requires different compiler version (current compiler is 0.4.25+commit.59dbf8f1.Linux.g++ - note that nightly builds are considered to be strictly less than the released version
pragma solidity ^0.5.2;
^---------------------^

. Solidity failed to generate bytecode for your contract. Check if all the abstract functions are implemented. 
2019-07-25 11:28:28,257: [56] m.c.manticore:INFO: Generated testcase No. 0 - NO STATE RESULT (?)(0 txs)
2019-07-25 11:28:28,685: [14] m.c.manticore:INFO: Results in /mcore_ep4s_bs_
2019-07-25 11:28:29,431: [315] m.main:INFO: Registered plugins: DetectDelegatecall, DetectUninitializedMemory, DetectIntegerOverflow, DetectUnusedRetVal, DetectReentrancySimple, DetectInvalid, DetectExternalCallAndLeak, DetectEnvInstruction, DetectSuicidal, DetectUninitializedStorage, DetectReentrancyAdvanced
2019-07-25 11:28:29,432: [315] m.main:INFO: Beginning analysis
2019-07-25 11:28:29,467: [315] m.e.manticore:INFO: Starting symbolic create contract
2019-07-25 11:28:29,490: [315] m.e.manticore:ERROR: Errors : Invalid solc compilation unique_chucks/4/0xf97b5d65da6b0468b90d531ddae2a69843e6797d.sol:1:1: Error: Source file requires different compiler version (current compiler is 0.4.25+commit.59dbf8f1.Linux.g++ - note that nightly builds are considered to be strictly less than the released version
pragma solidity ^0.5.2;
^---------------------^

. Solidity failed to generate bytecode for your contract. Check if all the abstract functions are implemented. 
2019-07-25 11:28:29,686: [361] m.c.manticore:INFO: Generated testcase No. 0 - NO STATE RESULT (?)(0 txs)
2019-07-25 11:28:30,097: [315] m.c.manticore:INFO: Results in /mcore_3s25s1k4
2019-07-25 11:28:30,858: [616] m.main:INFO: Registered plugins: DetectReentrancyAdvanced, DetectExternalCallAndLeak, DetectIntegerOverflow, DetectUninitializedMemory, DetectSuicidal, DetectInvalid, DetectReentrancySimple, DetectUnusedRetVal, DetectEnvInstruction, DetectDelegatecall, DetectUninitializedStorage
2019-07-25 11:28:30,858: [616] m.main:INFO: Beginning analysis
2019-07-25 11:28:30,868: [616] m.e.manticore:INFO: Starting symbolic create contract
2019-07-25 11:28:30,889: [616] m.e.manticore:ERROR: Errors : Invalid solc compilation unique_chucks/4/0xf97b5d65da6b0468b90d531ddae2a69843e6797d.sol:1:1: Error: Source file requires different compiler version (current compiler is 0.4.25+commit.59dbf8f1.Linux.g++ - note that nightly builds are considered to be strictly less than the released version
pragma solidity ^0.5.2;
^---------------------^

. Solidity failed to generate bytecode for your contract. Check if all the abstract functions are implemented. 
2019-07-25 11:28:31,082: [658] m.c.manticore:INFO: Generated testcase No. 0 - NO STATE RESULT (?)(0 txs)
2019-07-25 11:28:31,504: [616] m.c.manticore:INFO: Results in /mcore_ho87f4km