INFO:Slither:Compilation warnings/errors on /unique_chucks/26/0xfc9fb1dbf7e8b01f1889cc3f5cdd5960768f20b5.sol:
/unique_chucks/26/0xfc9fb1dbf7e8b01f1889cc3f5cdd5960768f20b5.sol:19:3: Warning: Defining constructors as functions with the same name as the contract is deprecated. Use "constructor(...) { ... }" instead.
  function Ownable() public {
  ^ (Relevant source part starts here and spans across multiple lines).
/unique_chucks/26/0xfc9fb1dbf7e8b01f1889cc3f5cdd5960768f20b5.sol:263:3: Warning: Defining constructors as functions with the same name as the contract is deprecated. Use "constructor(...) { ... }" instead.
  function GlobalChain() public {
  ^ (Relevant source part starts here and spans across multiple lines).

INFO:Detectors:[93m
Contract locking ether found in /unique_chucks/26/0xfc9fb1dbf7e8b01f1889cc3f5cdd5960768f20b5.sol:
	Contract GlobalChain has payable functions:
	 - fallback (/unique_chucks/26/0xfc9fb1dbf7e8b01f1889cc3f5cdd5960768f20b5.sol)
	But does not have a function to withdraw the ether
Reference: https://github.com/trailofbits/slither/wiki/Detectors-Documentation#contracts-that-lock-ether[0m
INFO:Detectors:[92m
Ownable.transferOwnership (/unique_chucks/26/0xfc9fb1dbf7e8b01f1889cc3f5cdd5960768f20b5.sol#35-45) should be declared external
ERC20Basic.totalSupply (/unique_chucks/26/0xfc9fb1dbf7e8b01f1889cc3f5cdd5960768f20b5.sol#96-97) should be declared external
BasicToken.totalSupply (/unique_chucks/26/0xfc9fb1dbf7e8b01f1889cc3f5cdd5960768f20b5.sol#129-131) should be declared external
BasicToken.balanceOf (/unique_chucks/26/0xfc9fb1dbf7e8b01f1889cc3f5cdd5960768f20b5.sol#161-164) should be declared external
ERC20Basic.balanceOf (/unique_chucks/26/0xfc9fb1dbf7e8b01f1889cc3f5cdd5960768f20b5.sol#97-98) should be declared external
ERC20Basic.transfer (/unique_chucks/26/0xfc9fb1dbf7e8b01f1889cc3f5cdd5960768f20b5.sol#98-102) should be declared external
BasicToken.transfer (/unique_chucks/26/0xfc9fb1dbf7e8b01f1889cc3f5cdd5960768f20b5.sol#135-151) should be declared external
StandardToken.allowance (/unique_chucks/26/0xfc9fb1dbf7e8b01f1889cc3f5cdd5960768f20b5.sol#224-225) should be declared external
ERC20.allowance (/unique_chucks/26/0xfc9fb1dbf7e8b01f1889cc3f5cdd5960768f20b5.sol#165-167) should be declared external
ERC20.transferFrom (/unique_chucks/26/0xfc9fb1dbf7e8b01f1889cc3f5cdd5960768f20b5.sol#167-171) should be declared external
StandardToken.transferFrom (/unique_chucks/26/0xfc9fb1dbf7e8b01f1889cc3f5cdd5960768f20b5.sol#190-203) should be declared external
ERC20.approve (/unique_chucks/26/0xfc9fb1dbf7e8b01f1889cc3f5cdd5960768f20b5.sol#171-173) should be declared external
StandardToken.approve (/unique_chucks/26/0xfc9fb1dbf7e8b01f1889cc3f5cdd5960768f20b5.sol#212-214) should be declared external
StandardToken.increaseApproval (/unique_chucks/26/0xfc9fb1dbf7e8b01f1889cc3f5cdd5960768f20b5.sol#233-241) should be declared external
StandardToken.decreaseApproval (/unique_chucks/26/0xfc9fb1dbf7e8b01f1889cc3f5cdd5960768f20b5.sol#251-266) should be declared external
GlobalChain.fallback (/unique_chucks/26/0xfc9fb1dbf7e8b01f1889cc3f5cdd5960768f20b5.sol) should be declared external
Reference: https://github.com/trailofbits/slither/wiki/Detectors-Documentation#public-function-that-could-be-declared-as-external[0m
INFO:Detectors:[92m
Detected issues with version pragma in /unique_chucks/26/0xfc9fb1dbf7e8b01f1889cc3f5cdd5960768f20b5.sol:
	- pragma solidity^0.4.18 (/unique_chucks/26/0xfc9fb1dbf7e8b01f1889cc3f5cdd5960768f20b5.sol#1): it allows old versions
Reference: https://github.com/trailofbits/slither/wiki/Detectors-Documentation#incorrect-version-of-solidity[0m
INFO:Detectors:[92m
Function 'Ownable.Ownable' (/unique_chucks/26/0xfc9fb1dbf7e8b01f1889cc3f5cdd5960768f20b5.sol#19-24) is not in mixedCase
Parameter '_owner' of BasicToken.balanceOf (/unique_chucks/26/0xfc9fb1dbf7e8b01f1889cc3f5cdd5960768f20b5.sol#161) is not in mixedCase
Parameter '_to' of BasicToken.transfer (/unique_chucks/26/0xfc9fb1dbf7e8b01f1889cc3f5cdd5960768f20b5.sol#135-137) is not in mixedCase
Parameter '_value' of BasicToken.transfer (/unique_chucks/26/0xfc9fb1dbf7e8b01f1889cc3f5cdd5960768f20b5.sol#137) is not in mixedCase
Parameter '_owner' of StandardToken.allowance (/unique_chucks/26/0xfc9fb1dbf7e8b01f1889cc3f5cdd5960768f20b5.sol#224) is not in mixedCase
Parameter '_spender' of StandardToken.allowance (/unique_chucks/26/0xfc9fb1dbf7e8b01f1889cc3f5cdd5960768f20b5.sol#224) is not in mixedCase
Parameter '_from' of StandardToken.transferFrom (/unique_chucks/26/0xfc9fb1dbf7e8b01f1889cc3f5cdd5960768f20b5.sol#190-192) is not in mixedCase
Parameter '_to' of StandardToken.transferFrom (/unique_chucks/26/0xfc9fb1dbf7e8b01f1889cc3f5cdd5960768f20b5.sol#192) is not in mixedCase
Parameter '_value' of StandardToken.transferFrom (/unique_chucks/26/0xfc9fb1dbf7e8b01f1889cc3f5cdd5960768f20b5.sol#192) is not in mixedCase
Parameter '_spender' of StandardToken.approve (/unique_chucks/26/0xfc9fb1dbf7e8b01f1889cc3f5cdd5960768f20b5.sol#212) is not in mixedCase
Parameter '_value' of StandardToken.approve (/unique_chucks/26/0xfc9fb1dbf7e8b01f1889cc3f5cdd5960768f20b5.sol#212) is not in mixedCase
Parameter '_spender' of StandardToken.increaseApproval (/unique_chucks/26/0xfc9fb1dbf7e8b01f1889cc3f5cdd5960768f20b5.sol#234-238) is not in mixedCase
Parameter '_addedValue' of StandardToken.increaseApproval (/unique_chucks/26/0xfc9fb1dbf7e8b01f1889cc3f5cdd5960768f20b5.sol#238) is not in mixedCase
Parameter '_spender' of StandardToken.decreaseApproval (/unique_chucks/26/0xfc9fb1dbf7e8b01f1889cc3f5cdd5960768f20b5.sol#251) is not in mixedCase
Parameter '_subtractedValue' of StandardToken.decreaseApproval (/unique_chucks/26/0xfc9fb1dbf7e8b01f1889cc3f5cdd5960768f20b5.sol#251-252) is not in mixedCase
Function 'GlobalChain.GlobalChain' (/unique_chucks/26/0xfc9fb1dbf7e8b01f1889cc3f5cdd5960768f20b5.sol#270-276) is not in mixedCase
Reference: https://github.com/trailofbits/slither/wiki/Detectors-Documentation#conformance-to-solidity-naming-conventions[0m
INFO:Slither:/unique_chucks/26/0xfc9fb1dbf7e8b01f1889cc3f5cdd5960768f20b5.sol analyzed (7 contracts), 34 result(s) found