INFO:Detectors:[92m
ERC20.allowance.owner (local variable @ /unique_chucks/15/0xd3003b3778bf4887e73eb320b71a04728961505c.sol#161-163) shadows:
	- Ownable.owner (state variable @ /unique_chucks/15/0xd3003b3778bf4887e73eb320b71a04728961505c.sol#80)
Reference: https://github.com/trailofbits/slither/wiki/Detectors-Documentation#local-variable-shadowing[0m
INFO:Detectors:[92m
Ownable.transferOwnership (/unique_chucks/15/0xd3003b3778bf4887e73eb320b71a04728961505c.sol#100-108) should be declared external
BasicToken.balanceOf (/unique_chucks/15/0xd3003b3778bf4887e73eb320b71a04728961505c.sol#154-157) should be declared external
ERC20Basic.balanceOf (/unique_chucks/15/0xd3003b3778bf4887e73eb320b71a04728961505c.sol#113-114) should be declared external
BasicToken.transfer (/unique_chucks/15/0xd3003b3778bf4887e73eb320b71a04728961505c.sol#136-144) should be declared external
ERC20Basic.transfer (/unique_chucks/15/0xd3003b3778bf4887e73eb320b71a04728961505c.sol#114-119) should be declared external
StandardToken.allowance (/unique_chucks/15/0xd3003b3778bf4887e73eb320b71a04728961505c.sol#241-244) should be declared external
ERC20.allowance (/unique_chucks/15/0xd3003b3778bf4887e73eb320b71a04728961505c.sol#161-163) should be declared external
ERC20.transferFrom (/unique_chucks/15/0xd3003b3778bf4887e73eb320b71a04728961505c.sol#163-167) should be declared external
StandardToken.transferFrom (/unique_chucks/15/0xd3003b3778bf4887e73eb320b71a04728961505c.sol#197-210) should be declared external
StandardToken.approve (/unique_chucks/15/0xd3003b3778bf4887e73eb320b71a04728961505c.sol#224-226) should be declared external
ERC20.approve (/unique_chucks/15/0xd3003b3778bf4887e73eb320b71a04728961505c.sol#167-174) should be declared external
StandardToken.increaseApproval (/unique_chucks/15/0xd3003b3778bf4887e73eb320b71a04728961505c.sol#259-268) should be declared external
StandardToken.decreaseApproval (/unique_chucks/15/0xd3003b3778bf4887e73eb320b71a04728961505c.sol#284-302) should be declared external
Reference: https://github.com/trailofbits/slither/wiki/Detectors-Documentation#public-function-that-could-be-declared-as-external[0m
INFO:Detectors:[92m
Parameter '_owner' of BasicToken.balanceOf (/unique_chucks/15/0xd3003b3778bf4887e73eb320b71a04728961505c.sol#154) is not in mixedCase
Parameter '_to' of BasicToken.transfer (/unique_chucks/15/0xd3003b3778bf4887e73eb320b71a04728961505c.sol#136) is not in mixedCase
Parameter '_value' of BasicToken.transfer (/unique_chucks/15/0xd3003b3778bf4887e73eb320b71a04728961505c.sol#136) is not in mixedCase
Parameter '_owner' of StandardToken.allowance (/unique_chucks/15/0xd3003b3778bf4887e73eb320b71a04728961505c.sol#243) is not in mixedCase
Parameter '_spender' of StandardToken.allowance (/unique_chucks/15/0xd3003b3778bf4887e73eb320b71a04728961505c.sol#243) is not in mixedCase
Parameter '_from' of StandardToken.transferFrom (/unique_chucks/15/0xd3003b3778bf4887e73eb320b71a04728961505c.sol#198) is not in mixedCase
Parameter '_to' of StandardToken.transferFrom (/unique_chucks/15/0xd3003b3778bf4887e73eb320b71a04728961505c.sol#198-200) is not in mixedCase
Parameter '_value' of StandardToken.transferFrom (/unique_chucks/15/0xd3003b3778bf4887e73eb320b71a04728961505c.sol#200) is not in mixedCase
Parameter '_spender' of StandardToken.approve (/unique_chucks/15/0xd3003b3778bf4887e73eb320b71a04728961505c.sol#224) is not in mixedCase
Parameter '_value' of StandardToken.approve (/unique_chucks/15/0xd3003b3778bf4887e73eb320b71a04728961505c.sol#224) is not in mixedCase
Parameter '_spender' of StandardToken.increaseApproval (/unique_chucks/15/0xd3003b3778bf4887e73eb320b71a04728961505c.sol#260-263) is not in mixedCase
Parameter '_addedValue' of StandardToken.increaseApproval (/unique_chucks/15/0xd3003b3778bf4887e73eb320b71a04728961505c.sol#264) is not in mixedCase
Parameter '_spender' of StandardToken.decreaseApproval (/unique_chucks/15/0xd3003b3778bf4887e73eb320b71a04728961505c.sol#284) is not in mixedCase
Parameter '_subtractedValue' of StandardToken.decreaseApproval (/unique_chucks/15/0xd3003b3778bf4887e73eb320b71a04728961505c.sol#285-286) is not in mixedCase
Reference: https://github.com/trailofbits/slither/wiki/Detectors-Documentation#conformance-to-solidity-naming-conventions[0m
INFO:Slither:/unique_chucks/15/0xd3003b3778bf4887e73eb320b71a04728961505c.sol analyzed (7 contracts), 28 result(s) found