2019-07-26 02:10:05,696: [13] m.main:INFO: Registered plugins: DetectUninitializedStorage, DetectExternalCallAndLeak, DetectSuicidal, DetectEnvInstruction, DetectUninitializedMemory, DetectReentrancyAdvanced, DetectUnusedRetVal, DetectIntegerOverflow, DetectDelegatecall, DetectReentrancySimple, DetectInvalid
2019-07-26 02:10:05,697: [13] m.main:INFO: Beginning analysis
2019-07-26 02:10:05,756: [13] m.e.manticore:INFO: Starting symbolic create contract
2019-07-26 02:10:07,568: [13] m.e.manticore:INFO: Starting symbolic transaction: 0
2019-07-26 02:11:10,957: [319] m.e.detectors:WARNING: Unsigned integer overflow at MUL instruction
2019-07-26 02:11:11,283: [13] m.e.manticore:INFO: 5 alive states, 10 terminated states
2019-07-26 02:11:15,117: [13] m.e.manticore:INFO: Starting symbolic transaction: 1
2019-07-26 02:18:36,918: [1676] m.e.detectors:WARNING: Unsigned integer overflow at MUL instruction
2019-07-26 02:20:00,480: [1695] m.e.detectors:WARNING: Unsigned integer overflow at MUL instruction
2019-07-26 02:20:01,250: [13] m.e.manticore:INFO: 25 alive states, 60 terminated states
2019-07-26 02:20:05,959: [7536] m.c.manticore:INFO: Generated testcase No. 0 - RETURN(3 txs)
2019-07-26 02:20:05,979: [7537] m.c.manticore:INFO: Generated testcase No. 1 - RETURN(3 txs)
2019-07-26 02:20:06,161: [7540] m.c.manticore:INFO: Generated testcase No. 2 - RETURN(3 txs)
2019-07-26 02:20:06,333: [7554] m.c.manticore:INFO: Generated testcase No. 6 - RETURN(3 txs)
2019-07-26 02:20:06,335: [7539] m.c.manticore:INFO: Generated testcase No. 3 - RETURN(3 txs)
2019-07-26 02:20:06,359: [7544] m.c.manticore:INFO: Generated testcase No. 5 - RETURN(3 txs)
2019-07-26 02:20:06,414: [7559] m.c.manticore:INFO: Generated testcase No. 8 - RETURN(3 txs)
2019-07-26 02:20:06,504: [7558] m.c.manticore:INFO: Generated testcase No. 4 - RETURN(3 txs)
2019-07-26 02:20:06,514: [7549] m.c.manticore:INFO: Generated testcase No. 7 - RETURN(3 txs)
2019-07-26 02:20:44,352: [7559] m.c.manticore:INFO: Generated testcase No. 9 - RETURN(3 txs)
2019-07-26 02:20:49,066: [7554] m.c.manticore:INFO: Generated testcase No. 10 - RETURN(3 txs)
2019-07-26 02:20:51,865: [7549] m.c.manticore:INFO: Generated testcase No. 11 - RETURN(3 txs)
2019-07-26 02:20:56,308: [7558] m.c.manticore:INFO: Generated testcase No. 12 - RETURN(3 txs)
2019-07-26 02:21:33,207: [7549] m.c.manticore:INFO: Generated testcase No. 13 - RETURN(3 txs)
2019-07-26 02:21:48,368: [7559] m.c.manticore:INFO: Generated testcase No. 14 - RETURN(3 txs)
2019-07-26 02:22:18,019: [7549] m.c.manticore:INFO: Generated testcase No. 15 - RETURN(3 txs)
2019-07-26 02:22:32,844: [7559] m.c.manticore:INFO: Generated testcase No. 16 - RETURN(3 txs)
2019-07-26 02:23:06,545: [7549] m.c.manticore:INFO: Generated testcase No. 17 - RETURN(3 txs)
2019-07-26 02:23:11,039: [7559] m.c.manticore:INFO: Generated testcase No. 18 - RETURN(3 txs)
2019-07-26 02:23:45,154: [7549] m.c.manticore:INFO: Generated testcase No. 19 - RETURN(3 txs)
2019-07-26 02:24:05,930: [7559] m.c.manticore:INFO: Generated testcase No. 20 - RETURN(3 txs)
2019-07-26 02:25:46,655: [7544] m.c.manticore:INFO: Generated testcase No. 21 - RETURN(3 txs)
2019-07-26 02:25:49,851: [7536] m.c.manticore:INFO: Generated testcase No. 22 - RETURN(3 txs)
2019-07-26 02:25:56,109: [7537] m.c.manticore:INFO: Generated testcase No. 23 - RETURN(3 txs)
2019-07-26 02:26:24,648: [7558] m.c.manticore:INFO: Generated testcase No. 24 - RETURN(3 txs)
2019-07-26 02:26:24,925: [7544] m.c.manticore:INFO: Generated testcase No. 25 - RETURN(1 txs)
2019-07-26 02:26:26,824: [7536] m.c.manticore:INFO: Generated testcase No. 26 - REVERT(2 txs)
2019-07-26 02:26:34,212: [7537] m.c.manticore:INFO: Generated testcase No. 27 - REVERT(2 txs)
2019-07-26 02:26:41,751: [7544] m.c.manticore:INFO: Generated testcase No. 28 - REVERT(2 txs)
2019-07-26 02:26:49,206: [7536] m.c.manticore:INFO: Generated testcase No. 29 - REVERT(2 txs)
2019-07-26 02:26:55,841: [7537] m.c.manticore:INFO: Generated testcase No. 30 - REVERT(2 txs)
2019-07-26 02:26:57,248: [7558] m.c.manticore:INFO: Generated testcase No. 31 - REVERT(2 txs)
2019-07-26 02:27:05,560: [7544] m.c.manticore:INFO: Generated testcase No. 32 - REVERT(2 txs)
2019-07-26 02:27:10,452: [7536] m.c.manticore:INFO: Generated testcase No. 33 - REVERT(2 txs)
2019-07-26 02:27:19,269: [7558] m.c.manticore:INFO: Generated testcase No. 34 - REVERT(2 txs)
2019-07-26 02:27:19,547: [7537] m.c.manticore:INFO: Generated testcase No. 35 - RETURN(2 txs)
2019-07-26 02:27:28,429: [7544] m.c.manticore:INFO: Generated testcase No. 36 - RETURN(2 txs)
2019-07-26 02:27:39,205: [7536] m.c.manticore:INFO: Generated testcase No. 37 - RETURN(2 txs)
2019-07-26 02:27:58,625: [7537] m.c.manticore:INFO: Generated testcase No. 38 - RETURN(2 txs)
2019-07-26 02:27:59,644: [7544] m.c.manticore:INFO: Generated testcase No. 39 - RETURN(2 txs)
2019-07-26 02:28:31,974: [7537] m.c.manticore:INFO: Generated testcase No. 40 - REVERT(3 txs)
2019-07-26 02:28:34,345: [7544] m.c.manticore:INFO: Generated testcase No. 41 - REVERT(3 txs)
2019-07-26 02:29:13,063: [7537] m.c.manticore:INFO: Generated testcase No. 42 - REVERT(3 txs)
2019-07-26 02:29:41,424: [7549] m.c.manticore:INFO: Generated testcase No. 43 - REVERT(3 txs)
2019-07-26 02:29:43,921: [7559] m.c.manticore:INFO: Generated testcase No. 44 - REVERT(3 txs)
2019-07-26 02:29:56,668: [7537] m.c.manticore:INFO: Generated testcase No. 45 - REVERT(3 txs)
2019-07-26 02:30:23,608: [7559] m.c.manticore:INFO: Generated testcase No. 46 - REVERT(3 txs)
2019-07-26 02:30:25,113: [7549] m.c.manticore:INFO: Generated testcase No. 47 - REVERT(3 txs)
2019-07-26 02:30:33,240: [7537] m.c.manticore:INFO: Generated testcase No. 48 - REVERT(3 txs)
2019-07-26 02:31:00,054: [7559] m.c.manticore:INFO: Generated testcase No. 49 - REVERT(3 txs)
2019-07-26 02:31:02,657: [7540] m.c.manticore:INFO: Generated testcase No. 50 - REVERT(3 txs)
2019-07-26 02:31:11,969: [7549] m.c.manticore:INFO: Generated testcase No. 52 - REVERT(3 txs)
2019-07-26 02:31:12,128: [7537] m.c.manticore:INFO: Generated testcase No. 51 - REVERT(3 txs)
2019-07-26 02:31:33,745: [7559] m.c.manticore:INFO: Generated testcase No. 53 - REVERT(3 txs)
2019-07-26 02:31:42,031: [7537] m.c.manticore:INFO: Generated testcase No. 54 - REVERT(3 txs)
2019-07-26 02:31:52,505: [7536] m.c.manticore:INFO: Generated testcase No. 55 - REVERT(3 txs)
2019-07-26 02:32:12,151: [7559] m.c.manticore:INFO: Generated testcase No. 56 - REVERT(3 txs)
2019-07-26 02:32:36,515: [7536] m.c.manticore:INFO: Generated testcase No. 57 - REVERT(3 txs)
2019-07-26 02:32:52,552: [7559] m.c.manticore:INFO: Generated testcase No. 58 - REVERT(3 txs)
2019-07-26 02:33:23,157: [7536] m.c.manticore:INFO: Generated testcase No. 59 - REVERT(3 txs)
2019-07-26 02:33:35,648: [7544] m.c.manticore:INFO: Generated testcase No. 60 - REVERT(3 txs)
2019-07-26 02:33:40,336: [7559] m.c.manticore:INFO: Generated testcase No. 61 - REVERT(3 txs)
2019-07-26 02:33:51,846: [7554] m.c.manticore:INFO: Generated testcase No. 62 - REVERT(3 txs)
2019-07-26 02:34:03,969: [7544] m.c.manticore:INFO: Generated testcase No. 63 - REVERT(3 txs)
2019-07-26 02:34:07,008: [7536] m.c.manticore:INFO: Generated testcase No. 64 - REVERT(3 txs)
2019-07-26 02:34:15,813: [7559] m.c.manticore:INFO: Generated testcase No. 65 - REVERT(3 txs)
2019-07-26 02:34:25,008: [7554] m.c.manticore:INFO: Generated testcase No. 66 - REVERT(3 txs)
2019-07-26 02:34:38,130: [7544] m.c.manticore:INFO: Generated testcase No. 67 - REVERT(3 txs)
2019-07-26 02:34:41,748: [7539] m.c.manticore:INFO: Generated testcase No. 68 - REVERT(3 txs)
2019-07-26 02:34:50,621: [7559] m.c.manticore:INFO: Generated testcase No. 69 - REVERT(3 txs)
2019-07-26 02:34:52,536: [7536] m.c.manticore:INFO: Generated testcase No. 70 - REVERT(3 txs)
2019-07-26 02:35:03,661: [7554] m.c.manticore:INFO: Generated testcase No. 71 - REVERT(3 txs)
2019-07-26 02:35:11,324: [7539] m.c.manticore:INFO: Generated testcase No. 72 - REVERT(3 txs)
2019-07-26 02:35:32,765: [7536] m.c.manticore:INFO: Generated testcase No. 73 - REVERT(3 txs)
2019-07-26 02:35:35,644: [7554] m.c.manticore:INFO: Generated testcase No. 74 - REVERT(3 txs)
2019-07-26 02:35:46,953: [7558] m.c.manticore:INFO: Generated testcase No. 75 - REVERT(3 txs)
2019-07-26 02:35:54,754: [7549] m.c.manticore:INFO: Generated testcase No. 76 - REVERT(3 txs)
2019-07-26 02:35:57,031: [7539] m.c.manticore:INFO: Generated testcase No. 77 - REVERT(3 txs)
2019-07-26 02:36:06,616: [7536] m.c.manticore:INFO: Generated testcase No. 78 - REVERT(3 txs)
2019-07-26 02:36:21,870: [7554] m.c.manticore:INFO: Generated testcase No. 79 - REVERT(3 txs)
2019-07-26 02:36:28,609: [7540] m.c.manticore:INFO: Generated testcase No. 80 - REVERT(3 txs)
2019-07-26 02:36:29,212: [7537] m.c.manticore:INFO: Generated testcase No. 81 - REVERT(3 txs)
2019-07-26 02:36:44,456: [7549] m.c.manticore:INFO: Generated testcase No. 82 - REVERT(3 txs)
2019-07-26 02:37:05,209: [7554] m.c.manticore:INFO: Generated testcase No. 83 - REVERT(3 txs)
2019-07-26 02:37:11,717: [7536] m.c.manticore:INFO: Generated testcase No. 84 - REVERT(3 txs)