/unique_chucks/38/0x324ddd3145d415c87efea9f2e43eacb63c195764.sol
jar:file:/usr/local/lib/node_modules/@smartdec/smartcheck/jdeploy-bundle/smartcheck-2.0-jar-with-dependencies.jar!/solidity-rules.xmlruleId: SOLIDITY_ERC20_APPROVE
patternId: af782c
severity: 2
line: 278
column: 2
content: functionapprove(address_spender,uint256_value)publicreturns(bool){allowed[msg.sender][_spender]=_value;emitApproval(msg.sender,_spender,_value);returntrue;}

ruleId: SOLIDITY_ERC20_APPROVE
patternId: af782c
severity: 2
line: 352
column: 2
content: functionapprove(address_spender,uint256_value)publicwhenNotPausedreturns(bool){returnsuper.approve(_spender,_value);}

ruleId: SOLIDITY_EXTRA_GAS_IN_LOOPS
patternId: d3j11j
severity: 1
line: 377
column: 8
content: for(uint8i=0;i<_toAddresses.length;i++){transfer(_toAddresses[i],_amounts[i]);}

ruleId: SOLIDITY_EXTRA_GAS_IN_LOOPS
patternId: d3j11j
severity: 1
line: 396
column: 8
content: for(uint8i=0;i<_toAddresses.length;i++){transferFrom(_from,_toAddresses[i],_amounts[i]);}

ruleId: SOLIDITY_FUNCTIONS_RETURNS_TYPE_AND_NO_RETURN
patternId: 47acc2
severity: 1
line: 371
column: 4
content: functionmultiTransfer(address[]_toAddresses,uint256[]_amounts)publicwhenNotPausedreturns(bool){require(_toAddresses.length<=255);require(_toAddresses.length==_amounts.length);for(uint8i=0;i<_toAddresses.length;i++){transfer(_toAddresses[i],_amounts[i]);}}

ruleId: SOLIDITY_FUNCTIONS_RETURNS_TYPE_AND_NO_RETURN
patternId: 47acc2
severity: 1
line: 390
column: 4
content: functionmultiTransferFrom(address_from,address[]_toAddresses,uint256[]_amounts)publicwhenNotPausedreturns(bool){require(_toAddresses.length<=255);require(_toAddresses.length==_amounts.length);for(uint8i=0;i<_toAddresses.length;i++){transferFrom(_from,_toAddresses[i],_amounts[i]);}}

ruleId: SOLIDITY_GAS_LIMIT_IN_LOOPS
patternId: f6f853
severity: 2
line: 377
column: 8
content: for(uint8i=0;i<_toAddresses.length;i++){transfer(_toAddresses[i],_amounts[i]);}

ruleId: SOLIDITY_GAS_LIMIT_IN_LOOPS
patternId: f6f853
severity: 2
line: 396
column: 8
content: for(uint8i=0;i<_toAddresses.length;i++){transferFrom(_from,_toAddresses[i],_amounts[i]);}

ruleId: SOLIDITY_PRAGMAS_VERSION
patternId: 23fc32
severity: 1
line: 1
column: 16
content: ^

ruleId: SOLIDITY_REDUNDANT_FALLBACK_REJECT
patternId: b85a32
severity: 1
line: 305
column: 30
content: {revert();}

ruleId: SOLIDITY_SAFEMATH
patternId: 837cac
severity: 1
line: 191
column: 2
content: usingSafeMathforuint256;

ruleId: SOLIDITY_UPGRADE_TO_050
patternId: 91h3sa
severity: 1
line: 305
column: 15
content: public

ruleId: SOLIDITY_UPGRADE_TO_050
patternId: 341gim
severity: 1
line: 371
column: 27
content: address[]_toAddresses

ruleId: SOLIDITY_UPGRADE_TO_050
patternId: 341gim
severity: 1
line: 371
column: 51
content: uint256[]_amounts

ruleId: SOLIDITY_UPGRADE_TO_050
patternId: 341gim
severity: 1
line: 390
column: 46
content: address[]_toAddresses

ruleId: SOLIDITY_UPGRADE_TO_050
patternId: 341gim
severity: 1
line: 390
column: 70
content: uint256[]_amounts

ruleId: SOLIDITY_VISIBILITY
patternId: b51ce0
severity: 1
line: 193
column: 2
content: mapping(address=>uint256)balances;

ruleId: SOLIDITY_VISIBILITY
patternId: b51ce0
severity: 1
line: 195
column: 2
content: uint256totalSupply_;

SOLIDITY_VISIBILITY :2
SOLIDITY_SAFEMATH :1
SOLIDITY_PRAGMAS_VERSION :1
SOLIDITY_FUNCTIONS_RETURNS_TYPE_AND_NO_RETURN :2
SOLIDITY_EXTRA_GAS_IN_LOOPS :2
SOLIDITY_UPGRADE_TO_050 :5
SOLIDITY_GAS_LIMIT_IN_LOOPS :2
SOLIDITY_REDUNDANT_FALLBACK_REJECT :1
SOLIDITY_ERC20_APPROVE :2