INFO:Slither:Compilation warnings/errors on /unique_chucks/21/0x838cda4a4cc873fff10f4d6373ada6636517fa31.sol:
/unique_chucks/21/0x838cda4a4cc873fff10f4d6373ada6636517fa31.sol:12:5: Warning: Defining constructors as functions with the same name as the contract is deprecated. Use "constructor(...) { ... }" instead.
    function BasicAccessControl() public {
    ^ (Relevant source part starts here and spans across multiple lines).

INFO:Detectors:[92m
BasicAccessControl.ChangeOwner (/unique_chucks/21/0x838cda4a4cc873fff10f4d6373ada6636517fa31.sol#31-38) should be declared external
BasicAccessControl.AddModerator (/unique_chucks/21/0x838cda4a4cc873fff10f4d6373ada6636517fa31.sol#38-45) should be declared external
BasicAccessControl.RemoveModerator (/unique_chucks/21/0x838cda4a4cc873fff10f4d6373ada6636517fa31.sol#45-52) should be declared external
BasicAccessControl.UpdateMaintaining (/unique_chucks/21/0x838cda4a4cc873fff10f4d6373ada6636517fa31.sol#52-58) should be declared external
Reference: https://github.com/trailofbits/slither/wiki/Detectors-Documentation#public-function-that-could-be-declared-as-external[0m
INFO:Detectors:[92m
Detected issues with version pragma in /unique_chucks/21/0x838cda4a4cc873fff10f4d6373ada6636517fa31.sol:
	- pragma solidity^0.4.16 (/unique_chucks/21/0x838cda4a4cc873fff10f4d6373ada6636517fa31.sol#1): it allows old versions
Reference: https://github.com/trailofbits/slither/wiki/Detectors-Documentation#incorrect-version-of-solidity[0m
INFO:Detectors:[92m
Function 'BasicAccessControl.BasicAccessControl' (/unique_chucks/21/0x838cda4a4cc873fff10f4d6373ada6636517fa31.sol#12-16) is not in mixedCase
Function 'BasicAccessControl.ChangeOwner' (/unique_chucks/21/0x838cda4a4cc873fff10f4d6373ada6636517fa31.sol#31-38) is not in mixedCase
Parameter '_newOwner' of BasicAccessControl.ChangeOwner (/unique_chucks/21/0x838cda4a4cc873fff10f4d6373ada6636517fa31.sol#31-32) is not in mixedCase
Function 'BasicAccessControl.AddModerator' (/unique_chucks/21/0x838cda4a4cc873fff10f4d6373ada6636517fa31.sol#38-45) is not in mixedCase
Parameter '_newModerator' of BasicAccessControl.AddModerator (/unique_chucks/21/0x838cda4a4cc873fff10f4d6373ada6636517fa31.sol#38-39) is not in mixedCase
Function 'BasicAccessControl.RemoveModerator' (/unique_chucks/21/0x838cda4a4cc873fff10f4d6373ada6636517fa31.sol#45-52) is not in mixedCase
Parameter '_oldModerator' of BasicAccessControl.RemoveModerator (/unique_chucks/21/0x838cda4a4cc873fff10f4d6373ada6636517fa31.sol#46) is not in mixedCase
Function 'BasicAccessControl.UpdateMaintaining' (/unique_chucks/21/0x838cda4a4cc873fff10f4d6373ada6636517fa31.sol#52-58) is not in mixedCase
Parameter '_isMaintaining' of BasicAccessControl.UpdateMaintaining (/unique_chucks/21/0x838cda4a4cc873fff10f4d6373ada6636517fa31.sol#53) is not in mixedCase
Parameter '_startingPoint' of EtheremonRankData.updateConfig (/unique_chucks/21/0x838cda4a4cc873fff10f4d6373ada6636517fa31.sol#84-87) is not in mixedCase
Parameter '_trainer' of EtheremonRankData.setPlayer (/unique_chucks/21/0x838cda4a4cc873fff10f4d6373ada6636517fa31.sol#87) is not in mixedCase
Parameter '_a0' of EtheremonRankData.setPlayer (/unique_chucks/21/0x838cda4a4cc873fff10f4d6373ada6636517fa31.sol#87) is not in mixedCase
Parameter '_a1' of EtheremonRankData.setPlayer (/unique_chucks/21/0x838cda4a4cc873fff10f4d6373ada6636517fa31.sol#87) is not in mixedCase
Parameter '_a2' of EtheremonRankData.setPlayer (/unique_chucks/21/0x838cda4a4cc873fff10f4d6373ada6636517fa31.sol#87) is not in mixedCase
Parameter '_s0' of EtheremonRankData.setPlayer (/unique_chucks/21/0x838cda4a4cc873fff10f4d6373ada6636517fa31.sol#88) is not in mixedCase
Parameter '_s1' of EtheremonRankData.setPlayer (/unique_chucks/21/0x838cda4a4cc873fff10f4d6373ada6636517fa31.sol#88) is not in mixedCase
Parameter '_s2' of EtheremonRankData.setPlayer (/unique_chucks/21/0x838cda4a4cc873fff10f4d6373ada6636517fa31.sol#88) is not in mixedCase
Parameter '_playerId' of EtheremonRankData.updatePlayerPoint (/unique_chucks/21/0x838cda4a4cc873fff10f4d6373ada6636517fa31.sol#112) is not in mixedCase
Parameter '_totalWin' of EtheremonRankData.updatePlayerPoint (/unique_chucks/21/0x838cda4a4cc873fff10f4d6373ada6636517fa31.sol#112) is not in mixedCase
Parameter '_totalLose' of EtheremonRankData.updatePlayerPoint (/unique_chucks/21/0x838cda4a4cc873fff10f4d6373ada6636517fa31.sol#112-113) is not in mixedCase
Parameter '_point' of EtheremonRankData.updatePlayerPoint (/unique_chucks/21/0x838cda4a4cc873fff10f4d6373ada6636517fa31.sol#113) is not in mixedCase
Parameter '_playerId' of EtheremonRankData.updateEnergy (/unique_chucks/21/0x838cda4a4cc873fff10f4d6373ada6636517fa31.sol#119-120) is not in mixedCase
Parameter '_energy' of EtheremonRankData.updateEnergy (/unique_chucks/21/0x838cda4a4cc873fff10f4d6373ada6636517fa31.sol#120) is not in mixedCase
Parameter '_lastClaim' of EtheremonRankData.updateEnergy (/unique_chucks/21/0x838cda4a4cc873fff10f4d6373ada6636517fa31.sol#120-121) is not in mixedCase
Parameter '_playerId' of EtheremonRankData.getPlayerData (/unique_chucks/21/0x838cda4a4cc873fff10f4d6373ada6636517fa31.sol#126) is not in mixedCase
Parameter '_trainer' of EtheremonRankData.getPlayerDataByAddress (/unique_chucks/21/0x838cda4a4cc873fff10f4d6373ada6636517fa31.sol#133) is not in mixedCase
Parameter '_trainer' of EtheremonRankData.isOnBattle (/unique_chucks/21/0x838cda4a4cc873fff10f4d6373ada6636517fa31.sol#152) is not in mixedCase
Parameter '_objId' of EtheremonRankData.isOnBattle (/unique_chucks/21/0x838cda4a4cc873fff10f4d6373ada6636517fa31.sol#152-153) is not in mixedCase
Parameter '_playerId' of EtheremonRankData.getPlayerPoint (/unique_chucks/21/0x838cda4a4cc873fff10f4d6373ada6636517fa31.sol#161-162) is not in mixedCase
Parameter '_trainer' of EtheremonRankData.getPlayerId (/unique_chucks/21/0x838cda4a4cc873fff10f4d6373ada6636517fa31.sol#169) is not in mixedCase
Parameter '_playerId' of EtheremonRankData.getPlayerEnergy (/unique_chucks/21/0x838cda4a4cc873fff10f4d6373ada6636517fa31.sol#171-172) is not in mixedCase
Parameter '_trainer' of EtheremonRankData.getPlayerEnergyByAddress (/unique_chucks/21/0x838cda4a4cc873fff10f4d6373ada6636517fa31.sol#178-179) is not in mixedCase
Reference: https://github.com/trailofbits/slither/wiki/Detectors-Documentation#conformance-to-solidity-naming-conventions[0m
INFO:Slither:/unique_chucks/21/0x838cda4a4cc873fff10f4d6373ada6636517fa31.sol analyzed (2 contracts), 37 result(s) found