INFO:Slither:Compilation warnings/errors on /unique_chucks/41/0xc5c5aa3f03523c3e5442cd6bc41076cb194e4d11.sol:
/unique_chucks/41/0xc5c5aa3f03523c3e5442cd6bc41076cb194e4d11.sol:79:24: Warning: This function only accepts a single "bytes" argument. Please use "abi.encodePacked(...)" or a similar function to encode the data.
        return ((uint)(keccak256(adr,hash1,hash2)))%37;
                       ^------------------------^
/unique_chucks/41/0xc5c5aa3f03523c3e5442cd6bc41076cb194e4d11.sol:76:23: Warning: "block.blockhash()" has been deprecated in favor of "blockhash()"
        bytes32 hash1=block.blockhash(height+1);
                      ^-------------^
/unique_chucks/41/0xc5c5aa3f03523c3e5442cd6bc41076cb194e4d11.sol:77:23: Warning: "block.blockhash()" has been deprecated in favor of "blockhash()"
        bytes32 hash2=block.blockhash(height+2);
                      ^-------------^

INFO:Detectors:[93m
OurRoulette.BetPayout (/unique_chucks/41/0xc5c5aa3f03523c3e5442cd6bc41076cb194e4d11.sol#84-95) uses a dangerous strict equality:
	- n == 69
OurRoulette.BetPayout (/unique_chucks/41/0xc5c5aa3f03523c3e5442cd6bc41076cb194e4d11.sol#84-95) uses a dangerous strict equality:
	- n == 69
OurRoulette.GetNumber (/unique_chucks/41/0xc5c5aa3f03523c3e5442cd6bc41076cb194e4d11.sol#76-83) uses a dangerous strict equality:
	- hash1 == 0 || hash2 == 0
	- hash1 == 0 || hash2 == 0
Reference: https://github.com/trailofbits/slither/wiki/Detectors-Documentation#dangerous-strict-equalities[0m
INFO:Detectors:[92m
OurRoulette.PlaceBet.balance (local variable @ /unique_chucks/41/0xc5c5aa3f03523c3e5442cd6bc41076cb194e4d11.sol#99) shadows:
	- OurRoulette.balance (function @ /unique_chucks/41/0xc5c5aa3f03523c3e5442cd6bc41076cb194e4d11.sol#458-463)
OurRoulette.balanceOf.balance (local variable @ /unique_chucks/41/0xc5c5aa3f03523c3e5442cd6bc41076cb194e4d11.sol#293) shadows:
	- OurRoulette.balance (function @ /unique_chucks/41/0xc5c5aa3f03523c3e5442cd6bc41076cb194e4d11.sol#458-463)
OurRoulette.withdraw.balance (local variable @ /unique_chucks/41/0xc5c5aa3f03523c3e5442cd6bc41076cb194e4d11.sol#300-302) shadows:
	- OurRoulette.balance (function @ /unique_chucks/41/0xc5c5aa3f03523c3e5442cd6bc41076cb194e4d11.sol#458-463)
OurRoulette.reinvestDividends.balance (local variable @ /unique_chucks/41/0xc5c5aa3f03523c3e5442cd6bc41076cb194e4d11.sol#317) shadows:
	- OurRoulette.balance (function @ /unique_chucks/41/0xc5c5aa3f03523c3e5442cd6bc41076cb194e4d11.sol#458-463)
OurRoulette.sellMyTokens.balance (local variable @ /unique_chucks/41/0xc5c5aa3f03523c3e5442cd6bc41076cb194e4d11.sol#405-406) shadows:
	- OurRoulette.balance (function @ /unique_chucks/41/0xc5c5aa3f03523c3e5442cd6bc41076cb194e4d11.sol#458-463)
Reference: https://github.com/trailofbits/slither/wiki/Detectors-Documentation#local-variable-shadowing[0m
INFO:Detectors:[92m
Deprecated standard detected @ /unique_chucks/41/0xc5c5aa3f03523c3e5442cd6bc41076cb194e4d11.sol#77-78:
	- Usage of "block.blockhash()" should be replaced with "blockhash()"
Deprecated standard detected @ /unique_chucks/41/0xc5c5aa3f03523c3e5442cd6bc41076cb194e4d11.sol#78:
	- Usage of "block.blockhash()" should be replaced with "blockhash()"
Reference: https://github.com/trailofbits/slither/wiki/Detectors-Documentation#deprecated-standards[0m
INFO:Detectors:[92m
OurRoulette.Kill (/unique_chucks/41/0xc5c5aa3f03523c3e5442cd6bc41076cb194e4d11.sol#38-40) should be declared external
OurRoulette.AddDiv (/unique_chucks/41/0xc5c5aa3f03523c3e5442cd6bc41076cb194e4d11.sol#41-46) should be declared external
OurRoulette.SubDiv (/unique_chucks/41/0xc5c5aa3f03523c3e5442cd6bc41076cb194e4d11.sol#47-55) should be declared external
OurRoulette.PlaceBet (/unique_chucks/41/0xc5c5aa3f03523c3e5442cd6bc41076cb194e4d11.sol#97-162) should be declared external
OurRoulette.ClaimMyBet (/unique_chucks/41/0xc5c5aa3f03523c3e5442cd6bc41076cb194e4d11.sol#174-206) should be declared external
OurRoulette.GetMyBet (/unique_chucks/41/0xc5c5aa3f03523c3e5442cd6bc41076cb194e4d11.sol#208-217) should be declared external
OurRoulette.reinvestDividends (/unique_chucks/41/0xc5c5aa3f03523c3e5442cd6bc41076cb194e4d11.sol#314-398) should be declared external
OurRoulette.buyPrice (/unique_chucks/41/0xc5c5aa3f03523c3e5442cd6bc41076cb194e4d11.sol#432-433) should be declared external
OurRoulette.sellPrice (/unique_chucks/41/0xc5c5aa3f03523c3e5442cd6bc41076cb194e4d11.sol#433-436) should be declared external
OurRoulette.realDividends (/unique_chucks/41/0xc5c5aa3f03523c3e5442cd6bc41076cb194e4d11.sol#451-455) should be declared external
OurRoulette.fallback (/unique_chucks/41/0xc5c5aa3f03523c3e5442cd6bc41076cb194e4d11.sol) should be declared external
Reference: https://github.com/trailofbits/slither/wiki/Detectors-Documentation#public-function-that-could-be-declared-as-external[0m
INFO:Detectors:[92m
Detected issues with version pragma in /unique_chucks/41/0xc5c5aa3f03523c3e5442cd6bc41076cb194e4d11.sol:
	- pragma solidity^0.4.19 (/unique_chucks/41/0xc5c5aa3f03523c3e5442cd6bc41076cb194e4d11.sol#1): it allows old versions
Reference: https://github.com/trailofbits/slither/wiki/Detectors-Documentation#incorrect-version-of-solidity[0m
INFO:Detectors:[92m
Function 'OurRoulette.Kill' (/unique_chucks/41/0xc5c5aa3f03523c3e5442cd6bc41076cb194e4d11.sol#38-40) is not in mixedCase
Function 'OurRoulette.AddDiv' (/unique_chucks/41/0xc5c5aa3f03523c3e5442cd6bc41076cb194e4d11.sol#41-46) is not in mixedCase
Function 'OurRoulette.SubDiv' (/unique_chucks/41/0xc5c5aa3f03523c3e5442cd6bc41076cb194e4d11.sol#47-55) is not in mixedCase
Function 'OurRoulette.GroupMultiplier' (/unique_chucks/41/0xc5c5aa3f03523c3e5442cd6bc41076cb194e4d11.sol#56-74) is not in mixedCase
Function 'OurRoulette.GetNumber' (/unique_chucks/41/0xc5c5aa3f03523c3e5442cd6bc41076cb194e4d11.sol#76-83) is not in mixedCase
Function 'OurRoulette.BetPayout' (/unique_chucks/41/0xc5c5aa3f03523c3e5442cd6bc41076cb194e4d11.sol#84-95) is not in mixedCase
Function 'OurRoulette.PlaceBet' (/unique_chucks/41/0xc5c5aa3f03523c3e5442cd6bc41076cb194e4d11.sol#97-162) is not in mixedCase
Function 'OurRoulette.AddToDividends' (/unique_chucks/41/0xc5c5aa3f03523c3e5442cd6bc41076cb194e4d11.sol#165-167) is not in mixedCase
Function 'OurRoulette.SubFromDividends' (/unique_chucks/41/0xc5c5aa3f03523c3e5442cd6bc41076cb194e4d11.sol#171-173) is not in mixedCase
Function 'OurRoulette.ClaimMyBet' (/unique_chucks/41/0xc5c5aa3f03523c3e5442cd6bc41076cb194e4d11.sol#174-206) is not in mixedCase
Function 'OurRoulette.GetMyBet' (/unique_chucks/41/0xc5c5aa3f03523c3e5442cd6bc41076cb194e4d11.sol#208-217) is not in mixedCase
Parameter '_owner' of OurRoulette.balanceOf (/unique_chucks/41/0xc5c5aa3f03523c3e5442cd6bc41076cb194e4d11.sol#293) is not in mixedCase
Parameter '_owner' of OurRoulette.dividends (/unique_chucks/41/0xc5c5aa3f03523c3e5442cd6bc41076cb194e4d11.sol#443) is not in mixedCase
Parameter '_owner' of OurRoulette.realDividends (/unique_chucks/41/0xc5c5aa3f03523c3e5442cd6bc41076cb194e4d11.sol#452-453) is not in mixedCase
Constant 'OurRoulette.scaleFactor' (/unique_chucks/41/0xc5c5aa3f03523c3e5442cd6bc41076cb194e4d11.sol#255-256) is not in UPPER_CASE_WITH_UNDERSCORES
Constant 'OurRoulette.crr_n' (/unique_chucks/41/0xc5c5aa3f03523c3e5442cd6bc41076cb194e4d11.sol#260-262) is not in UPPER_CASE_WITH_UNDERSCORES
Constant 'OurRoulette.crr_d' (/unique_chucks/41/0xc5c5aa3f03523c3e5442cd6bc41076cb194e4d11.sol#262) is not in UPPER_CASE_WITH_UNDERSCORES
Constant 'OurRoulette.price_coeff' (/unique_chucks/41/0xc5c5aa3f03523c3e5442cd6bc41076cb194e4d11.sol#266-267) is not in UPPER_CASE_WITH_UNDERSCORES
Constant 'OurRoulette.one' (/unique_chucks/41/0xc5c5aa3f03523c3e5442cd6bc41076cb194e4d11.sol#643-644) is not in UPPER_CASE_WITH_UNDERSCORES
Constant 'OurRoulette.sqrt2' (/unique_chucks/41/0xc5c5aa3f03523c3e5442cd6bc41076cb194e4d11.sol#644-645) is not in UPPER_CASE_WITH_UNDERSCORES
Constant 'OurRoulette.sqrtdot5' (/unique_chucks/41/0xc5c5aa3f03523c3e5442cd6bc41076cb194e4d11.sol#645) is not in UPPER_CASE_WITH_UNDERSCORES
Constant 'OurRoulette.ln2' (/unique_chucks/41/0xc5c5aa3f03523c3e5442cd6bc41076cb194e4d11.sol#646-648) is not in UPPER_CASE_WITH_UNDERSCORES
Constant 'OurRoulette.ln2_64dot5' (/unique_chucks/41/0xc5c5aa3f03523c3e5442cd6bc41076cb194e4d11.sol#649-652) is not in UPPER_CASE_WITH_UNDERSCORES
Constant 'OurRoulette.c1' (/unique_chucks/41/0xc5c5aa3f03523c3e5442cd6bc41076cb194e4d11.sol#653-655) is not in UPPER_CASE_WITH_UNDERSCORES
Constant 'OurRoulette.c3' (/unique_chucks/41/0xc5c5aa3f03523c3e5442cd6bc41076cb194e4d11.sol#655-656) is not in UPPER_CASE_WITH_UNDERSCORES
Constant 'OurRoulette.c5' (/unique_chucks/41/0xc5c5aa3f03523c3e5442cd6bc41076cb194e4d11.sol#657-658) is not in UPPER_CASE_WITH_UNDERSCORES
Constant 'OurRoulette.c7' (/unique_chucks/41/0xc5c5aa3f03523c3e5442cd6bc41076cb194e4d11.sol#658-659) is not in UPPER_CASE_WITH_UNDERSCORES
Constant 'OurRoulette.c9' (/unique_chucks/41/0xc5c5aa3f03523c3e5442cd6bc41076cb194e4d11.sol#659-662) is not in UPPER_CASE_WITH_UNDERSCORES
Constant 'OurRoulette.c11' (/unique_chucks/41/0xc5c5aa3f03523c3e5442cd6bc41076cb194e4d11.sol#662-664) is not in UPPER_CASE_WITH_UNDERSCORES
Constant 'OurRoulette.c2' (/unique_chucks/41/0xc5c5aa3f03523c3e5442cd6bc41076cb194e4d11.sol#680-684) is not in UPPER_CASE_WITH_UNDERSCORES
Constant 'OurRoulette.c4' (/unique_chucks/41/0xc5c5aa3f03523c3e5442cd6bc41076cb194e4d11.sol#684) is not in UPPER_CASE_WITH_UNDERSCORES
Constant 'OurRoulette.c6' (/unique_chucks/41/0xc5c5aa3f03523c3e5442cd6bc41076cb194e4d11.sol#684-685) is not in UPPER_CASE_WITH_UNDERSCORES
Constant 'OurRoulette.c8' (/unique_chucks/41/0xc5c5aa3f03523c3e5442cd6bc41076cb194e4d11.sol#685) is not in UPPER_CASE_WITH_UNDERSCORES
Reference: https://github.com/trailofbits/slither/wiki/Detectors-Documentation#conformance-to-solidity-naming-conventions[0m
INFO:Slither:/unique_chucks/41/0xc5c5aa3f03523c3e5442cd6bc41076cb194e4d11.sol analyzed (1 contracts), 54 result(s) found