INFO:Slither:Compilation warnings/errors on /unique_chucks/29/0xf4f52fe42631a43e3973283ce275959b6cbb103a.sol:
/unique_chucks/29/0xf4f52fe42631a43e3973283ce275959b6cbb103a.sol:110:16: Warning: Using contract member "balance" inherited from the address type is deprecated. Convert the contract to "address" type to access the member, for example use "address(contract).balance" instead.
        return this.balance;
               ^----------^

INFO:Detectors:[92m
RegalX.promoter should be constant (/unique_chucks/29/0xf4f52fe42631a43e3973283ce275959b6cbb103a.sol#10-11)
RegalX.promoter1 should be constant (/unique_chucks/29/0xf4f52fe42631a43e3973283ce275959b6cbb103a.sol#11-13)
Reference: https://github.com/trailofbits/slither/wiki/Detectors-Documentation#state-variables-that-could-be-declared-constant[0m
INFO:Detectors:[92m
RegalX.investETH (/unique_chucks/29/0xf4f52fe42631a43e3973283ce275959b6cbb103a.sol#13-36) should be declared external
RegalX.divestETH (/unique_chucks/29/0xf4f52fe42631a43e3973283ce275959b6cbb103a.sol#37-52) should be declared external
RegalX.withdraw (/unique_chucks/29/0xf4f52fe42631a43e3973283ce275959b6cbb103a.sol#52-58) should be declared external
RegalX.getProfitFromSender (/unique_chucks/29/0xf4f52fe42631a43e3973283ce275959b6cbb103a.sol#58-62) should be declared external
RegalX.reinvestProfit (/unique_chucks/29/0xf4f52fe42631a43e3973283ce275959b6cbb103a.sol#89-95) should be declared external
RegalX.getAffiliateCommision (/unique_chucks/29/0xf4f52fe42631a43e3973283ce275959b6cbb103a.sol#95-99) should be declared external
RegalX.withdrawAffiliateCommision (/unique_chucks/29/0xf4f52fe42631a43e3973283ce275959b6cbb103a.sol#99-106) should be declared external
RegalX.getBalance (/unique_chucks/29/0xf4f52fe42631a43e3973283ce275959b6cbb103a.sol#113-116) should be declared external
Reference: https://github.com/trailofbits/slither/wiki/Detectors-Documentation#public-function-that-could-be-declared-as-external[0m
INFO:Detectors:[92m
Detected issues with version pragma in /unique_chucks/29/0xf4f52fe42631a43e3973283ce275959b6cbb103a.sol:
	- pragma solidity^0.4.18 (/unique_chucks/29/0xf4f52fe42631a43e3973283ce275959b6cbb103a.sol#1): it allows old versions
Reference: https://github.com/trailofbits/slither/wiki/Detectors-Documentation#incorrect-version-of-solidity[0m
INFO:Slither:/unique_chucks/29/0xf4f52fe42631a43e3973283ce275959b6cbb103a.sol analyzed (2 contracts), 10 result(s) found