/unique_chucks/23/0x7c1d82a70285f11bffe5de9053f93af9d270c411.sol
jar:file:/usr/local/lib/node_modules/@smartdec/smartcheck/jdeploy-bundle/smartcheck-2.0-jar-with-dependencies.jar!/solidity-rules.xmlruleId: SOLIDITY_ADDRESS_HARDCODED
patternId: a91b18
severity: 1
line: 656
column: 8
content: contributors[contributorIndex]=address(0)

ruleId: SOLIDITY_ADDRESS_HARDCODED
patternId: c67a09
severity: 1
line: 543
column: 28
content: 0x0

ruleId: SOLIDITY_DEPRECATED_CONSTRUCTIONS
patternId: 28fa69
severity: 1
line: 15
column: 4
content: functioncanCall(addresssrc,addressdst,bytes4sig)constantreturns(bool);

ruleId: SOLIDITY_DEPRECATED_CONSTRUCTIONS
patternId: 28fa69
severity: 1
line: 88
column: 4
content: functiontotalSupply()constantreturns(uintsupply);

ruleId: SOLIDITY_DEPRECATED_CONSTRUCTIONS
patternId: 28fa69
severity: 1
line: 89
column: 4
content: functionbalanceOf(addresswho)constantreturns(uintvalue);

ruleId: SOLIDITY_DEPRECATED_CONSTRUCTIONS
patternId: 28fa69
severity: 1
line: 90
column: 4
content: functionallowance(addressowner,addressspender)constantreturns(uint_allowance);

ruleId: SOLIDITY_DEPRECATED_CONSTRUCTIONS
patternId: 28fa69
severity: 1
line: 115
column: 4
content: functionadd(uint256x,uint256y)constantinternalreturns(uint256z){require((z=x+y)>=x);}

ruleId: SOLIDITY_DEPRECATED_CONSTRUCTIONS
patternId: 28fa69
severity: 1
line: 119
column: 4
content: functionsub(uint256x,uint256y)constantinternalreturns(uint256z){require((z=x-y)<=x);}

ruleId: SOLIDITY_DEPRECATED_CONSTRUCTIONS
patternId: 28fa69
severity: 1
line: 123
column: 4
content: functionmul(uint256x,uint256y)constantinternalreturns(uint256z){z=x*y;require(z==0||z>=(x>y?x:y));}

ruleId: SOLIDITY_DEPRECATED_CONSTRUCTIONS
patternId: 28fa69
severity: 1
line: 128
column: 4
content: functiondiv(uint256x,uint256y)constantinternalreturns(uint256z){require(y>0);z=x/y;}

ruleId: SOLIDITY_DEPRECATED_CONSTRUCTIONS
patternId: 28fa69
severity: 1
line: 133
column: 4
content: functionmin(uint256x,uint256y)constantinternalreturns(uint256z){returnx<=y?x:y;}

ruleId: SOLIDITY_DEPRECATED_CONSTRUCTIONS
patternId: 28fa69
severity: 1
line: 136
column: 4
content: functionmax(uint256x,uint256y)constantinternalreturns(uint256z){returnx>=y?x:y;}

ruleId: SOLIDITY_DEPRECATED_CONSTRUCTIONS
patternId: 28fa69
severity: 1
line: 145
column: 4
content: functionhadd(uint128x,uint128y)constantinternalreturns(uint128z){require((z=x+y)>=x);}

ruleId: SOLIDITY_DEPRECATED_CONSTRUCTIONS
patternId: 28fa69
severity: 1
line: 149
column: 4
content: functionhsub(uint128x,uint128y)constantinternalreturns(uint128z){require((z=x-y)<=x);}

ruleId: SOLIDITY_DEPRECATED_CONSTRUCTIONS
patternId: 28fa69
severity: 1
line: 153
column: 4
content: functionhmul(uint128x,uint128y)constantinternalreturns(uint128z){require((z=x*y)>=x);}

ruleId: SOLIDITY_DEPRECATED_CONSTRUCTIONS
patternId: 28fa69
severity: 1
line: 157
column: 4
content: functionhdiv(uint128x,uint128y)constantinternalreturns(uint128z){require(y>0);z=x/y;}

ruleId: SOLIDITY_DEPRECATED_CONSTRUCTIONS
patternId: 28fa69
severity: 1
line: 162
column: 4
content: functionhmin(uint128x,uint128y)constantinternalreturns(uint128z){returnx<=y?x:y;}

ruleId: SOLIDITY_DEPRECATED_CONSTRUCTIONS
patternId: 28fa69
severity: 1
line: 165
column: 4
content: functionhmax(uint128x,uint128y)constantinternalreturns(uint128z){returnx>=y?x:y;}

ruleId: SOLIDITY_DEPRECATED_CONSTRUCTIONS
patternId: 28fa69
severity: 1
line: 174
column: 4
content: functionimin(int256x,int256y)constantinternalreturns(int256z){returnx<=y?x:y;}

ruleId: SOLIDITY_DEPRECATED_CONSTRUCTIONS
patternId: 28fa69
severity: 1
line: 177
column: 4
content: functionimax(int256x,int256y)constantinternalreturns(int256z){returnx>=y?x:y;}

ruleId: SOLIDITY_DEPRECATED_CONSTRUCTIONS
patternId: 28fa69
severity: 1
line: 187
column: 4
content: functionwadd(uint128x,uint128y)constantinternalreturns(uint128){returnhadd(x,y);}

ruleId: SOLIDITY_DEPRECATED_CONSTRUCTIONS
patternId: 28fa69
severity: 1
line: 191
column: 4
content: functionwsub(uint128x,uint128y)constantinternalreturns(uint128){returnhsub(x,y);}

ruleId: SOLIDITY_DEPRECATED_CONSTRUCTIONS
patternId: 28fa69
severity: 1
line: 195
column: 4
content: functionwmul(uint128x,uint128y)constantinternalreturns(uint128z){z=cast((uint256(x)*y+WAD/2)/WAD);}

ruleId: SOLIDITY_DEPRECATED_CONSTRUCTIONS
patternId: 28fa69
severity: 1
line: 199
column: 4
content: functionwdiv(uint128x,uint128y)constantinternalreturns(uint128z){z=cast((uint256(x)*WAD+y/2)/y);}

ruleId: SOLIDITY_DEPRECATED_CONSTRUCTIONS
patternId: 28fa69
severity: 1
line: 203
column: 4
content: functionwmin(uint128x,uint128y)constantinternalreturns(uint128){returnhmin(x,y);}

ruleId: SOLIDITY_DEPRECATED_CONSTRUCTIONS
patternId: 28fa69
severity: 1
line: 206
column: 4
content: functionwmax(uint128x,uint128y)constantinternalreturns(uint128){returnhmax(x,y);}

ruleId: SOLIDITY_DEPRECATED_CONSTRUCTIONS
patternId: 28fa69
severity: 1
line: 216
column: 4
content: functionradd(uint128x,uint128y)constantinternalreturns(uint128){returnhadd(x,y);}

ruleId: SOLIDITY_DEPRECATED_CONSTRUCTIONS
patternId: 28fa69
severity: 1
line: 220
column: 4
content: functionrsub(uint128x,uint128y)constantinternalreturns(uint128){returnhsub(x,y);}

ruleId: SOLIDITY_DEPRECATED_CONSTRUCTIONS
patternId: 28fa69
severity: 1
line: 224
column: 4
content: functionrmul(uint128x,uint128y)constantinternalreturns(uint128z){z=cast((uint256(x)*y+RAY/2)/RAY);}

ruleId: SOLIDITY_DEPRECATED_CONSTRUCTIONS
patternId: 28fa69
severity: 1
line: 228
column: 4
content: functionrdiv(uint128x,uint128y)constantinternalreturns(uint128z){z=cast((uint256(x)*RAY+y/2)/y);}

ruleId: SOLIDITY_DEPRECATED_CONSTRUCTIONS
patternId: 28fa69
severity: 1
line: 232
column: 4
content: functionrpow(uint128x,uint64n)constantinternalreturns(uint128z){z=n%2!=0?x:RAY;for(n/=2;n!=0;n/=2){x=rmul(x,x);if(n%2!=0){z=rmul(z,x);}}}

ruleId: SOLIDITY_DEPRECATED_CONSTRUCTIONS
patternId: 28fa69
severity: 1
line: 259
column: 4
content: functionrmin(uint128x,uint128y)constantinternalreturns(uint128){returnhmin(x,y);}

ruleId: SOLIDITY_DEPRECATED_CONSTRUCTIONS
patternId: 28fa69
severity: 1
line: 262
column: 4
content: functionrmax(uint128x,uint128y)constantinternalreturns(uint128){returnhmax(x,y);}

ruleId: SOLIDITY_DEPRECATED_CONSTRUCTIONS
patternId: 28fa69
severity: 1
line: 266
column: 4
content: functioncast(uint256x)constantinternalreturns(uint128z){require((z=uint128(x))==x);}

ruleId: SOLIDITY_DEPRECATED_CONSTRUCTIONS
patternId: 28fa69
severity: 1
line: 397
column: 4
content: functiontotalSupply()constantreturns(uint256){returnlogic.totalSupply();}

ruleId: SOLIDITY_DEPRECATED_CONSTRUCTIONS
patternId: 28fa69
severity: 1
line: 401
column: 4
content: functionbalanceOf(addresswho)constantreturns(uintvalue){returnlogic.balanceOf(who);}

ruleId: SOLIDITY_DEPRECATED_CONSTRUCTIONS
patternId: 28fa69
severity: 1
line: 405
column: 4
content: functionallowance(addressowner,addressspender)constantreturns(uint_allowance){returnlogic.allowance(owner,spender);}

ruleId: SOLIDITY_DEPRECATED_CONSTRUCTIONS
patternId: 28fa69
severity: 1
line: 558
column: 4
content: functioncontributorCount()constantreturns(uint){returncontributors.length;}

ruleId: SOLIDITY_DEPRECATED_CONSTRUCTIONS
patternId: 28fa69
severity: 1
line: 586
column: 4
content: functiontotalSupply()constantreturns(uint256){returndata.supply();}

ruleId: SOLIDITY_DEPRECATED_CONSTRUCTIONS
patternId: 28fa69
severity: 1
line: 590
column: 4
content: functionbalanceOf(addresssrc)constantreturns(uint256){returndata.balances(src);}

ruleId: SOLIDITY_DEPRECATED_CONSTRUCTIONS
patternId: 28fa69
severity: 1
line: 594
column: 4
content: functionallowance(addresssrc,addressguy)constantreturns(uint256){returndata.approvals(src,guy);}

ruleId: SOLIDITY_ERC20_APPROVE
patternId: af782c
severity: 2
line: 421
column: 4
content: functionapprove(addressguy,uintwad)stoppablenotereturns(bool){returnlogic.approve(msg.sender,guy,wad);}

ruleId: SOLIDITY_ERC20_APPROVE
patternId: af782c
severity: 2
line: 618
column: 4
content: functionapprove(addresssrc,addressguy,uint256wad)tokenOnlyreturns(bool){data.setApprovals(src,guy,wad);Approval(src,guy,wad);returntrue;}

ruleId: SOLIDITY_PRAGMAS_VERSION
patternId: 23fc32
severity: 1
line: 12
column: 16
content: ^

ruleId: SOLIDITY_USING_INLINE_ASSEMBLY
patternId: 109cd5
severity: 1
line: 322
column: 8
content: assembly{foo:=calldataload(4)bar:=calldataload(36)}

ruleId: SOLIDITY_VISIBILITY
patternId: 910067
severity: 1
line: 15
column: 4
content: functioncanCall(addresssrc,addressdst,bytes4sig)constantreturns(bool);

ruleId: SOLIDITY_VISIBILITY
patternId: 910067
severity: 1
line: 28
column: 4
content: functionAuth(){owner=msg.sender;LogSetOwner(msg.sender);}

ruleId: SOLIDITY_VISIBILITY
patternId: 910067
severity: 1
line: 33
column: 4
content: functionsetOwner(addressowner_)auth{owner=owner_;LogSetOwner(owner);}

ruleId: SOLIDITY_VISIBILITY
patternId: 910067
severity: 1
line: 38
column: 4
content: functionsetAuthority(Authorityauthority_)auth{authority=authority_;LogSetAuthority(authority);}

ruleId: SOLIDITY_VISIBILITY
patternId: 910067
severity: 1
line: 88
column: 4
content: functiontotalSupply()constantreturns(uintsupply);

ruleId: SOLIDITY_VISIBILITY
patternId: 910067
severity: 1
line: 89
column: 4
content: functionbalanceOf(addresswho)constantreturns(uintvalue);

ruleId: SOLIDITY_VISIBILITY
patternId: 910067
severity: 1
line: 90
column: 4
content: functionallowance(addressowner,addressspender)constantreturns(uint_allowance);

ruleId: SOLIDITY_VISIBILITY
patternId: 910067
severity: 1
line: 92
column: 4
content: functiontransfer(addressto,uintvalue)returns(boolok);

ruleId: SOLIDITY_VISIBILITY
patternId: 910067
severity: 1
line: 93
column: 4
content: functiontransferFrom(addressfrom,addressto,uintvalue)returns(boolok);

ruleId: SOLIDITY_VISIBILITY
patternId: 910067
severity: 1
line: 94
column: 4
content: functionapprove(addressspender,uintvalue)returns(boolok);

ruleId: SOLIDITY_VISIBILITY
patternId: 910067
severity: 1
line: 281
column: 2
content: functionMigrations(){owner=msg.sender;}

ruleId: SOLIDITY_VISIBILITY
patternId: 910067
severity: 1
line: 285
column: 2
content: functionsetCompleted(uintcompleted)restricted{last_completed_migration=completed;}

ruleId: SOLIDITY_VISIBILITY
patternId: 910067
severity: 1
line: 289
column: 2
content: functionupgrade(addressnew_address)restricted{Migrationsupgraded=Migrations(new_address);upgraded.setCompleted(last_completed_migration);}

ruleId: SOLIDITY_VISIBILITY
patternId: 910067
severity: 1
line: 352
column: 4
content: functionstop()authnote{stopped=true;}

ruleId: SOLIDITY_VISIBILITY
patternId: 910067
severity: 1
line: 355
column: 4
content: functionstart()authnote{stopped=false;}

ruleId: SOLIDITY_VISIBILITY
patternId: 910067
severity: 1
line: 378
column: 4
content: functionToken(stringname_,bytes32symbol_){name=name_;symbol=symbol_;}

ruleId: SOLIDITY_VISIBILITY
patternId: 910067
severity: 1
line: 383
column: 4
content: functionsetLogic(TokenLogiclogic_)authnotereturns(bool){logic=logic_;returntrue;}

ruleId: SOLIDITY_VISIBILITY
patternId: 910067
severity: 1
line: 388
column: 4
content: functionsetOwner(addressowner_)auth{uintwad=balanceOf(owner);logic.transfer(owner,owner_,wad);Transfer(owner,owner_,wad);logic.setOwner(owner_);super.setOwner(owner_);}

ruleId: SOLIDITY_VISIBILITY
patternId: 910067
severity: 1
line: 397
column: 4
content: functiontotalSupply()constantreturns(uint256){returnlogic.totalSupply();}

ruleId: SOLIDITY_VISIBILITY
patternId: 910067
severity: 1
line: 401
column: 4
content: functionbalanceOf(addresswho)constantreturns(uintvalue){returnlogic.balanceOf(who);}

ruleId: SOLIDITY_VISIBILITY
patternId: 910067
severity: 1
line: 405
column: 4
content: functionallowance(addressowner,addressspender)constantreturns(uint_allowance){returnlogic.allowance(owner,spender);}

ruleId: SOLIDITY_VISIBILITY
patternId: 910067
severity: 1
line: 409
column: 4
content: functiontransfer(addressdst,uintwad)stoppablenotereturns(bool){boolretVal=logic.transfer(msg.sender,dst,wad);Transfer(msg.sender,dst,wad);returnretVal;}

ruleId: SOLIDITY_VISIBILITY
patternId: 910067
severity: 1
line: 415
column: 4
content: functiontransferFrom(addresssrc,addressdst,uintwad)stoppablenotereturns(bool){boolretVal=logic.transferFrom(src,dst,wad);Transfer(src,dst,wad);returnretVal;}

ruleId: SOLIDITY_VISIBILITY
patternId: 910067
severity: 1
line: 421
column: 4
content: functionapprove(addressguy,uintwad)stoppablenotereturns(bool){returnlogic.approve(msg.sender,guy,wad);}

ruleId: SOLIDITY_VISIBILITY
patternId: 910067
severity: 1
line: 425
column: 4
content: functionpush(addressdst,uint128wad)returns(bool){returntransfer(dst,wad);}

ruleId: SOLIDITY_VISIBILITY
patternId: 910067
severity: 1
line: 429
column: 4
content: functionpull(addresssrc,uint128wad)returns(bool){returntransferFrom(src,msg.sender,wad);}

ruleId: SOLIDITY_VISIBILITY
patternId: 910067
severity: 1
line: 433
column: 4
content: functionmint(uint128wad)authstoppablenote{logic.mint(wad);Transfer(this,msg.sender,wad);}

ruleId: SOLIDITY_VISIBILITY
patternId: 910067
severity: 1
line: 438
column: 4
content: functionburn(uint128wad)authstoppablenote{logic.burn(msg.sender,wad);}

ruleId: SOLIDITY_VISIBILITY
patternId: 910067
severity: 1
line: 442
column: 4
content: functionsetName(stringname_)auth{name=name_;}

ruleId: SOLIDITY_VISIBILITY
patternId: 910067
severity: 1
line: 446
column: 4
content: functionsetSymbol(bytes32symbol_)auth{symbol=symbol_;}

ruleId: SOLIDITY_VISIBILITY
patternId: 910067
severity: 1
line: 450
column: 4
content: function()payable{require(msg.value>0);uintwad=logic.handlePayment(msg.sender,msg.value);Transfer(this,msg.sender,wad);}

ruleId: SOLIDITY_VISIBILITY
patternId: 910067
severity: 1
line: 457
column: 4
content: functiontransferEth(addressdst,uintwad){require(msg.sender==address(logic));require(wad<this.balance);dst.transfer(wad);}

ruleId: SOLIDITY_VISIBILITY
patternId: 910067
severity: 1
line: 464
column: 4
content: functiontriggerTansferEvent(addresssrc,addressdst,uintwad){require(msg.sender==address(logic));Transfer(src,dst,wad);}

ruleId: SOLIDITY_VISIBILITY
patternId: 910067
severity: 1
line: 469
column: 4
content: functionpayout(addressdst)auth{require(dst!=address(0));dst.transfer(this.balance);}

ruleId: SOLIDITY_VISIBILITY
patternId: 910067
severity: 1
line: 487
column: 4
content: functionTokenData(addresstoken_,uintsupply_,addressowner_){token=token_;supply=supply_;owner=owner_;balances[owner]=supply;}

ruleId: SOLIDITY_VISIBILITY
patternId: 910067
severity: 1
line: 494
column: 4
content: functionsetOwner(addressowner_)tokenOnly{owner=owner_;LogSetOwner(owner);}

ruleId: SOLIDITY_VISIBILITY
patternId: 910067
severity: 1
line: 499
column: 4
content: functionsetToken(addresstoken_)auth{token=token_;}

ruleId: SOLIDITY_VISIBILITY
patternId: 910067
severity: 1
line: 503
column: 4
content: functionsetSupply(uintsupply_)tokenOnly{supply=supply_;}

ruleId: SOLIDITY_VISIBILITY
patternId: 910067
severity: 1
line: 507
column: 4
content: functionsetBalances(addressguy,uintbalance)tokenOnly{balances[guy]=balance;}

ruleId: SOLIDITY_VISIBILITY
patternId: 910067
severity: 1
line: 511
column: 4
content: functionsetApprovals(addresssrc,addressguy,uintwad)tokenOnly{approvals[src][guy]=wad;}

ruleId: SOLIDITY_VISIBILITY
patternId: 910067
severity: 1
line: 540
column: 4
content: functionTokenLogic(Tokentoken_,TokenDatadata_,uinticoStart_,uinticoHours_){require(token_!=Token(0x0));if(data_==address(0x0)){data=newTokenData(this,120000000000000000000000000,msg.sender);}else{data=data_;}token=token_;icoStart=icoStart_;icoEnd=icoStart+icoHours_*3600;}

ruleId: SOLIDITY_VISIBILITY
patternId: 910067
severity: 1
line: 558
column: 4
content: functioncontributorCount()constantreturns(uint){returncontributors.length;}

ruleId: SOLIDITY_VISIBILITY
patternId: 910067
severity: 1
line: 562
column: 4
content: functionsetOwner(addressowner_)tokenOnly{owner=owner_;LogSetOwner(owner);data.setOwner(owner);}

ruleId: SOLIDITY_VISIBILITY
patternId: 910067
severity: 1
line: 568
column: 4
content: functionsetToken(Tokentoken_)auth{token=token_;}

ruleId: SOLIDITY_VISIBILITY
patternId: 910067
severity: 1
line: 572
column: 4
content: functionsetIcoStart(uinticoStart_,uinticoHours_)auth{icoStart=icoStart_;icoEnd=icoStart+icoHours_*3600;}

ruleId: SOLIDITY_VISIBILITY
patternId: 910067
severity: 1
line: 577
column: 4
content: functionsetPresale(boolpresale_)auth{presale=presale_;}

ruleId: SOLIDITY_VISIBILITY
patternId: 910067
severity: 1
line: 581
column: 4
content: functionsetTokensPerWei(uinttokensPerWei_)auth{require(tokensPerWei_>0);tokensPerWei=tokensPerWei_;}

ruleId: SOLIDITY_VISIBILITY
patternId: 910067
severity: 1
line: 586
column: 4
content: functiontotalSupply()constantreturns(uint256){returndata.supply();}

ruleId: SOLIDITY_VISIBILITY
patternId: 910067
severity: 1
line: 590
column: 4
content: functionbalanceOf(addresssrc)constantreturns(uint256){returndata.balances(src);}

ruleId: SOLIDITY_VISIBILITY
patternId: 910067
severity: 1
line: 594
column: 4
content: functionallowance(addresssrc,addressguy)constantreturns(uint256){returndata.approvals(src,guy);}

ruleId: SOLIDITY_VISIBILITY
patternId: 910067
severity: 1
line: 598
column: 4
content: functiontransfer(addresssrc,addressdst,uintwad)tokenOnlyreturns(bool){require(balanceOf(src)>=wad);data.setBalances(src,sub(data.balances(src),wad));data.setBalances(dst,add(data.balances(dst),wad));returntrue;}

ruleId: SOLIDITY_VISIBILITY
patternId: 910067
severity: 1
line: 607
column: 4
content: functiontransferFrom(addresssrc,addressdst,uintwad)tokenOnlyreturns(bool){require(data.balances(src)>=wad);require(data.approvals(src,dst)>=wad);data.setApprovals(src,dst,sub(data.approvals(src,dst),wad));data.setBalances(src,sub(data.balances(src),wad));data.setBalances(dst,add(data.balances(dst),wad));returntrue;}

ruleId: SOLIDITY_VISIBILITY
patternId: 910067
severity: 1
line: 618
column: 4
content: functionapprove(addresssrc,addressguy,uint256wad)tokenOnlyreturns(bool){data.setApprovals(src,guy,wad);Approval(src,guy,wad);returntrue;}

ruleId: SOLIDITY_VISIBILITY
patternId: 910067
severity: 1
line: 627
column: 4
content: functionmint(uint128wad)tokenOnly{data.setBalances(data.owner(),add(data.balances(data.owner()),wad));data.setSupply(add(data.supply(),wad));}

ruleId: SOLIDITY_VISIBILITY
patternId: 910067
severity: 1
line: 632
column: 4
content: functionburn(addresssrc,uint128wad)tokenOnly{require(balanceOf(src)>=wad);data.setBalances(src,sub(data.balances(src),wad));data.setSupply(sub(data.supply(),wad));}

ruleId: SOLIDITY_VISIBILITY
patternId: 910067
severity: 1
line: 638
column: 4
content: functionreturnIcoInvestments(uintcontributorIndex)auth{require(now>icoEnd&&icoSale<20000000000000000000000000);addresssrc=contributors[contributorIndex];require(src!=address(0));uintsrcBalance=balanceOf(src);token.transferEth(src,sub(div(srcBalance,tokensPerWei),5finney));data.setBalances(src,sub(data.balances(src),srcBalance));data.setBalances(owner,add(data.balances(owner),srcBalance));token.triggerTansferEvent(src,owner,srcBalance);contributors[contributorIndex]=address(0);}

ruleId: SOLIDITY_VISIBILITY
patternId: 910067
severity: 1
line: 659
column: 4
content: functionhandlePayment(addresssrc,uinteth)tokenOnlyreturns(uint){require(eth>0);require(now>=icoStart&&now<=icoEnd);require(icoSale<maxIco);uinttokenAmount=mul(tokensPerWei,eth);if(!presale){if(now<icoStart+(168*3600)){tokenAmount=tokenAmount*150/100;}elseif(now<icoStart+(312*3600)){tokenAmount=tokenAmount*130/100;}elseif(now<icoStart+(456*3600)){tokenAmount=tokenAmount*110/100;}}icoSale+=tokenAmount;if(icoSale>maxIco){uintexcess=sub(icoSale,maxIco);tokenAmount=sub(tokenAmount,excess);token.transferEth(src,div(excess,tokensPerWei));icoSale=maxIco;}require(balanceOf(owner)>=tokenAmount);data.setBalances(owner,sub(data.balances(owner),tokenAmount));data.setBalances(src,add(data.balances(src),tokenAmount));contributors.push(src);token.triggerTansferEvent(owner,src,tokenAmount);returntokenAmount;}

ruleId: SOLIDITY_VISIBILITY
patternId: b51ce0
severity: 1
line: 185
column: 4
content: uint128constantWAD=10**18;

ruleId: SOLIDITY_VISIBILITY
patternId: b51ce0
severity: 1
line: 214
column: 4
content: uint128constantRAY=10**27;

ruleId: SOLIDITY_VISIBILITY
patternId: b51ce0
severity: 1
line: 480
column: 4
content: addresstoken;

ruleId: SOLIDITY_VISIBILITY
patternId: b51ce0
severity: 1
line: 538
column: 4
content: address[]contributors;

SOLIDITY_VISIBILITY :61
SOLIDITY_DEPRECATED_CONSTRUCTIONS :39
SOLIDITY_PRAGMAS_VERSION :1
SOLIDITY_ADDRESS_HARDCODED :2
SOLIDITY_USING_INLINE_ASSEMBLY :1
SOLIDITY_ERC20_APPROVE :2