/unique_chucks/38/0x43955b12f5964a658ce62f7ce4539f1803ceb9ac.sol
jar:file:/usr/local/lib/node_modules/@smartdec/smartcheck/jdeploy-bundle/smartcheck-2.0-jar-with-dependencies.jar!/solidity-rules.xmlruleId: SOLIDITY_ADDRESS_HARDCODED
patternId: adc165
severity: 1
line: 573
column: 35
content: 0x8De57367b1Bb53afc74f5efAbAebC3A971FA69A9

ruleId: SOLIDITY_ERC20_APPROVE
patternId: af782c
severity: 2
line: 163
column: 2
content: functionapprove(address_spender,uint256_value)publicreturns(bool){allowed[msg.sender][_spender]=_value;Approval(msg.sender,_spender,_value);returntrue;}

ruleId: SOLIDITY_FUNCTIONS_RETURNS_TYPE_AND_NO_RETURN
patternId: 58bdd3
severity: 1
line: 334
column: 4
content: functionfreezingCount(address_addr)publicviewreturns(uintcount){uint64release=chains[toKey(_addr,0)];while(release!=0){count++;release=chains[toKey(_addr,release)];}}

ruleId: SOLIDITY_FUNCTIONS_RETURNS_TYPE_AND_NO_RETURN
patternId: 58bdd3
severity: 1
line: 412
column: 4
content: functionreleaseAll()publicreturns(uinttokens){uintrelease;uintbalance;(release,balance)=getFreezing(msg.sender,0);while(release!=0&&block.timestamp>release){releaseOnce();tokens+=balance;(release,balance)=getFreezing(msg.sender,0);}}

ruleId: SOLIDITY_GAS_LIMIT_IN_LOOPS
patternId: 17f23a
severity: 1
line: 416
column: 15
content: release!=0&&block.timestamp>release

ruleId: SOLIDITY_GAS_LIMIT_IN_LOOPS
patternId: 17f23a
severity: 1
line: 446
column: 15
content: next!=0&&_until>next

ruleId: SOLIDITY_PRAGMAS_VERSION
patternId: 23fc32
severity: 1
line: 20
column: 16
content: ^

ruleId: SOLIDITY_SAFEMATH
patternId: 837cac
severity: 1
line: 77
column: 2
content: usingSafeMathforuint256;

ruleId: SOLIDITY_SHOULD_NOT_BE_PURE
patternId: 11314f
severity: 1
line: 423
column: 4
content: functiontoKey(address_addr,uint_release)internalpurereturns(bytes32result){result=0x5749534800000000000000000000000000000000000000000000000000000000;assembly{result:=or(result,mul(_addr,0x10000000000000000))result:=or(result,_release)}}

ruleId: SOLIDITY_UPGRADE_TO_050
patternId: 341gim
severity: 1
line: 588
column: 41
content: string_name

ruleId: SOLIDITY_UPGRADE_TO_050
patternId: 341gim
severity: 1
line: 592
column: 43
content: string_symbol

ruleId: SOLIDITY_USING_INLINE_ASSEMBLY
patternId: 109cd5
severity: 1
line: 426
column: 8
content: assembly{result:=or(result,mul(_addr,0x10000000000000000))result:=or(result,_release)}

ruleId: SOLIDITY_VISIBILITY
patternId: b51ce0
severity: 1
line: 79
column: 2
content: mapping(address=>uint256)balances;

ruleId: SOLIDITY_VISIBILITY
patternId: b51ce0
severity: 1
line: 566
column: 4
content: uintconstantTOKEN_DECIMALS=18;

ruleId: SOLIDITY_VISIBILITY
patternId: b51ce0
severity: 1
line: 567
column: 4
content: uint8constantTOKEN_DECIMALS_UINT8=18;

ruleId: SOLIDITY_VISIBILITY
patternId: b51ce0
severity: 1
line: 568
column: 4
content: uintconstantTOKEN_DECIMAL_MULTIPLIER=10**TOKEN_DECIMALS;

ruleId: SOLIDITY_VISIBILITY
patternId: b51ce0
severity: 1
line: 570
column: 4
content: stringconstantTOKEN_NAME="MAKEAFOLIO";

ruleId: SOLIDITY_VISIBILITY
patternId: b51ce0
severity: 1
line: 571
column: 4
content: stringconstantTOKEN_SYMBOL="MAF";

ruleId: SOLIDITY_VISIBILITY
patternId: b51ce0
severity: 1
line: 572
column: 4
content: boolconstantPAUSED=true;

ruleId: SOLIDITY_VISIBILITY
patternId: b51ce0
severity: 1
line: 573
column: 4
content: addressconstantTARGET_USER=0x8De57367b1Bb53afc74f5efAbAebC3A971FA69A9;

ruleId: SOLIDITY_VISIBILITY
patternId: b51ce0
severity: 1
line: 575
column: 4
content: uintconstantSTART_TIME=1530417600;

ruleId: SOLIDITY_VISIBILITY
patternId: b51ce0
severity: 1
line: 577
column: 4
content: boolconstantCONTINUE_MINTING=false;

SOLIDITY_VISIBILITY :10
SOLIDITY_SAFEMATH :1
SOLIDITY_PRAGMAS_VERSION :1
SOLIDITY_FUNCTIONS_RETURNS_TYPE_AND_NO_RETURN :2
SOLIDITY_ADDRESS_HARDCODED :1
SOLIDITY_UPGRADE_TO_050 :2
SOLIDITY_GAS_LIMIT_IN_LOOPS :2
SOLIDITY_USING_INLINE_ASSEMBLY :1
SOLIDITY_SHOULD_NOT_BE_PURE :1
SOLIDITY_ERC20_APPROVE :1