INFO:Slither:Compilation warnings/errors on /unique_chucks/23/0x37d82a4e03e93529c1a32429984e12e7875ea1d8.sol:
/unique_chucks/23/0x37d82a4e03e93529c1a32429984e12e7875ea1d8.sol:67:2: Warning: Defining constructors as functions with the same name as the contract is deprecated. Use "constructor(...) { ... }" instead.
	function Owned() public {
 ^ (Relevant source part starts here and spans across multiple lines).
/unique_chucks/23/0x37d82a4e03e93529c1a32429984e12e7875ea1d8.sol:103:2: Warning: Defining constructors as functions with the same name as the contract is deprecated. Use "constructor(...) { ... }" instead.
	function OMGCatCoin() public {
 ^ (Relevant source part starts here and spans across multiple lines).
/unique_chucks/23/0x37d82a4e03e93529c1a32429984e12e7875ea1d8.sol:82:3: Warning: Invoking events without "emit" prefix is deprecated.
		OwnershipTransferred(owner, newOwner);
		^-----------------------------------^
/unique_chucks/23/0x37d82a4e03e93529c1a32429984e12e7875ea1d8.sol:109:3: Warning: Invoking events without "emit" prefix is deprecated.
		Transfer(address(0), 0x921beCA00339c458342cF09b4B0f4adb3942e332, _totalSupply);
		^----------------------------------------------------------------------------^
/unique_chucks/23/0x37d82a4e03e93529c1a32429984e12e7875ea1d8.sol:134:3: Warning: Invoking events without "emit" prefix is deprecated.
		Transfer(msg.sender, to, tokens);
		^------------------------------^
/unique_chucks/23/0x37d82a4e03e93529c1a32429984e12e7875ea1d8.sol:148:6: Warning: Invoking events without "emit" prefix is deprecated.
    	Approval(msg.sender, spender, tokens);
    	^-----------------------------------^
/unique_chucks/23/0x37d82a4e03e93529c1a32429984e12e7875ea1d8.sol:164:6: Warning: Invoking events without "emit" prefix is deprecated.
    	Transfer(from, to, tokens);
    	^------------------------^
/unique_chucks/23/0x37d82a4e03e93529c1a32429984e12e7875ea1d8.sol:182:6: Warning: Invoking events without "emit" prefix is deprecated.
    	Approval(msg.sender, spender, tokens);
    	^-----------------------------------^

INFO:Detectors:[93m
Contract locking ether found in /unique_chucks/23/0x37d82a4e03e93529c1a32429984e12e7875ea1d8.sol:
	Contract OMGCatCoin has payable functions:
	 - fallback (/unique_chucks/23/0x37d82a4e03e93529c1a32429984e12e7875ea1d8.sol#197)
	But does not have a function to withdraw the ether
Reference: https://github.com/trailofbits/slither/wiki/Detectors-Documentation#contracts-that-lock-ether[0m
INFO:Detectors:[92m
SafeMath.safeMul (/unique_chucks/23/0x37d82a4e03e93529c1a32429984e12e7875ea1d8.sol#25-30) should be declared external
SafeMath.safeDiv (/unique_chucks/23/0x37d82a4e03e93529c1a32429984e12e7875ea1d8.sol#30-36) should be declared external
OMGCatCoin.totalSupply (/unique_chucks/23/0x37d82a4e03e93529c1a32429984e12e7875ea1d8.sol#119-122) should be declared external
ERC20Interface.totalSupply (/unique_chucks/23/0x37d82a4e03e93529c1a32429984e12e7875ea1d8.sol#40-41) should be declared external
ERC20Interface.balanceOf (/unique_chucks/23/0x37d82a4e03e93529c1a32429984e12e7875ea1d8.sol#41-42) should be declared external
OMGCatCoin.balanceOf (/unique_chucks/23/0x37d82a4e03e93529c1a32429984e12e7875ea1d8.sol#126-128) should be declared external
OMGCatCoin.allowance (/unique_chucks/23/0x37d82a4e03e93529c1a32429984e12e7875ea1d8.sol#177-179) should be declared external
ERC20Interface.allowance (/unique_chucks/23/0x37d82a4e03e93529c1a32429984e12e7875ea1d8.sol#42-43) should be declared external
OMGCatCoin.transfer (/unique_chucks/23/0x37d82a4e03e93529c1a32429984e12e7875ea1d8.sol#132-141) should be declared external
ERC20Interface.transfer (/unique_chucks/23/0x37d82a4e03e93529c1a32429984e12e7875ea1d8.sol#43-44) should be declared external
ERC20Interface.approve (/unique_chucks/23/0x37d82a4e03e93529c1a32429984e12e7875ea1d8.sol#44-45) should be declared external
OMGCatCoin.approve (/unique_chucks/23/0x37d82a4e03e93529c1a32429984e12e7875ea1d8.sol#148-155) should be declared external
ERC20Interface.transferFrom (/unique_chucks/23/0x37d82a4e03e93529c1a32429984e12e7875ea1d8.sol#45-47) should be declared external
OMGCatCoin.transferFrom (/unique_chucks/23/0x37d82a4e03e93529c1a32429984e12e7875ea1d8.sol#162-172) should be declared external
ApproveAndCallFallBack.receiveApproval (/unique_chucks/23/0x37d82a4e03e93529c1a32429984e12e7875ea1d8.sol#55-60) should be declared external
Owned.transferOwnership (/unique_chucks/23/0x37d82a4e03e93529c1a32429984e12e7875ea1d8.sol#77-82) should be declared external
Owned.acceptOwnership (/unique_chucks/23/0x37d82a4e03e93529c1a32429984e12e7875ea1d8.sol#82-89) should be declared external
OMGCatCoin.approveAndCall (/unique_chucks/23/0x37d82a4e03e93529c1a32429984e12e7875ea1d8.sol#182-195) should be declared external
OMGCatCoin.fallback (/unique_chucks/23/0x37d82a4e03e93529c1a32429984e12e7875ea1d8.sol#197) should be declared external
OMGCatCoin.transferAnyERC20Token (/unique_chucks/23/0x37d82a4e03e93529c1a32429984e12e7875ea1d8.sol) should be declared external
Reference: https://github.com/trailofbits/slither/wiki/Detectors-Documentation#public-function-that-could-be-declared-as-external[0m
INFO:Detectors:[92m
Detected issues with version pragma in /unique_chucks/23/0x37d82a4e03e93529c1a32429984e12e7875ea1d8.sol:
	- pragma solidity^0.4.18 (/unique_chucks/23/0x37d82a4e03e93529c1a32429984e12e7875ea1d8.sol#1): it allows old versions
Reference: https://github.com/trailofbits/slither/wiki/Detectors-Documentation#incorrect-version-of-solidity[0m
INFO:Detectors:[92m
Function 'Owned.Owned' (/unique_chucks/23/0x37d82a4e03e93529c1a32429984e12e7875ea1d8.sol#71-76) is not in mixedCase
Parameter '_newOwner' of Owned.transferOwnership (/unique_chucks/23/0x37d82a4e03e93529c1a32429984e12e7875ea1d8.sol#80) is not in mixedCase
Function 'OMGCatCoin.OMGCatCoin' (/unique_chucks/23/0x37d82a4e03e93529c1a32429984e12e7875ea1d8.sol#107-115) is not in mixedCase
Variable 'OMGCatCoin._totalSupply' (/unique_chucks/23/0x37d82a4e03e93529c1a32429984e12e7875ea1d8.sol#98-99) is not in mixedCase
Reference: https://github.com/trailofbits/slither/wiki/Detectors-Documentation#conformance-to-solidity-naming-conventions[0m
INFO:Slither:/unique_chucks/23/0x37d82a4e03e93529c1a32429984e12e7875ea1d8.sol analyzed (5 contracts), 26 result(s) found