INFO:Slither:Compilation warnings/errors on /unique_contracts/0x5afc0b82bd845f20804e42ec049bee8e17fa9700.sol:
/unique_contracts/0x5afc0b82bd845f20804e42ec049bee8e17fa9700.sol:20:3: Warning: Defining constructors as functions with the same name as the contract is deprecated. Use "constructor(...) { ... }" instead.
  function Ownable() {
  ^ (Relevant source part starts here and spans across multiple lines).
/unique_contracts/0x5afc0b82bd845f20804e42ec049bee8e17fa9700.sol:117:7: Warning: "throw" is deprecated in favour of "revert()", "require()" and "assert()".
      throw;
      ^---^
/unique_contracts/0x5afc0b82bd845f20804e42ec049bee8e17fa9700.sol:191:30: Warning: "throw" is deprecated in favour of "revert()", "require()" and "assert()".
      if(!istransferAllowed) throw;
                             ^---^
/unique_contracts/0x5afc0b82bd845f20804e42ec049bee8e17fa9700.sol:210:5: Warning: Defining constructors as functions with the same name as the contract is deprecated. Use "constructor(...) { ... }" instead.
    function CevacToken(uint256 _fundingStartBlock, uint256 _fundingEndBlock){
    ^ (Relevant source part starts here and spans across multiple lines).
/unique_contracts/0x5afc0b82bd845f20804e42ec049bee8e17fa9700.sol:243:30: Warning: "throw" is deprecated in favour of "revert()", "require()" and "assert()".
      if(!istransferAllowed) throw;
                             ^---^
/unique_contracts/0x5afc0b82bd845f20804e42ec049bee8e17fa9700.sol:257:36: Warning: "throw" is deprecated in favour of "revert()", "require()" and "assert()".
        if(!ownership[msg.sender]) throw;
                                   ^---^
/unique_contracts/0x5afc0b82bd845f20804e42ec049bee8e17fa9700.sol:335:33: Warning: "throw" is deprecated in favour of "revert()", "require()" and "assert()".
        if(usdraised>maxCapUSD) throw;
                                ^---^
/unique_contracts/0x5afc0b82bd845f20804e42ec049bee8e17fa9700.sol:341:9: Warning: "throw" is deprecated in favour of "revert()", "require()" and "assert()".
        throw;
        ^---^
/unique_contracts/0x5afc0b82bd845f20804e42ec049bee8e17fa9700.sol:40:5: Warning: Invoking events without "emit" prefix is deprecated.
    OwnershipTransferred(owner, newOwner);
    ^-----------------------------------^
/unique_contracts/0x5afc0b82bd845f20804e42ec049bee8e17fa9700.sol:127:5: Warning: Invoking events without "emit" prefix is deprecated.
    Pause();
    ^-----^
/unique_contracts/0x5afc0b82bd845f20804e42ec049bee8e17fa9700.sol:135:5: Warning: Invoking events without "emit" prefix is deprecated.
    Unpause();
    ^-------^
/unique_contracts/0x5afc0b82bd845f20804e42ec049bee8e17fa9700.sol:195:9: Warning: Invoking events without "emit" prefix is deprecated.
        Transfer(msg.sender, _to, _value);
        ^-------------------------------^
/unique_contracts/0x5afc0b82bd845f20804e42ec049bee8e17fa9700.sol:248:9: Warning: Invoking events without "emit" prefix is deprecated.
        Transfer(_from, _to, _value);
        ^--------------------------^
/unique_contracts/0x5afc0b82bd845f20804e42ec049bee8e17fa9700.sol:260:9: Warning: Invoking events without "emit" prefix is deprecated.
        Transfer(address(this), _person, value);
        ^-------------------------------------^
/unique_contracts/0x5afc0b82bd845f20804e42ec049bee8e17fa9700.sol:285:9: Warning: Invoking events without "emit" prefix is deprecated.
        Approval(msg.sender, _spender, _value);
        ^------------------------------------^
/unique_contracts/0x5afc0b82bd845f20804e42ec049bee8e17fa9700.sol:20:3: Warning: No visibility specified. Defaulting to "public". 
  function Ownable() {
  ^ (Relevant source part starts here and spans across multiple lines).
/unique_contracts/0x5afc0b82bd845f20804e42ec049bee8e17fa9700.sol:142:5: Warning: No visibility specified. Defaulting to "public". 
    function balanceOf(address _owner) constant returns (uint256 balance);
    ^--------------------------------------------------------------------^
/unique_contracts/0x5afc0b82bd845f20804e42ec049bee8e17fa9700.sol:143:5: Warning: No visibility specified. Defaulting to "public". 
    function transfer(address _to, uint256 _value) returns (bool success);
    ^--------------------------------------------------------------------^
/unique_contracts/0x5afc0b82bd845f20804e42ec049bee8e17fa9700.sol:144:5: Warning: No visibility specified. Defaulting to "public". 
    function transferFrom(address _from, address _to, uint256 _value) returns (bool success);
    ^---------------------------------------------------------------------------------------^
/unique_contracts/0x5afc0b82bd845f20804e42ec049bee8e17fa9700.sol:145:5: Warning: No visibility specified. Defaulting to "public". 
    function approve(address _spender, uint256 _value) returns (bool success);
    ^------------------------------------------------------------------------^
/unique_contracts/0x5afc0b82bd845f20804e42ec049bee8e17fa9700.sol:146:5: Warning: No visibility specified. Defaulting to "public". 
    function allowance(address _owner, address _spender) constant returns (uint256 remaining);
    ^----------------------------------------------------------------------------------------^
/unique_contracts/0x5afc0b82bd845f20804e42ec049bee8e17fa9700.sol:190:5: Warning: No visibility specified. Defaulting to "public". 
    function transfer(address _to, uint256 _value) onlyPayloadSize(2 * 32) returns (bool success) {
    ^ (Relevant source part starts here and spans across multiple lines).
/unique_contracts/0x5afc0b82bd845f20804e42ec049bee8e17fa9700.sol:210:5: Warning: No visibility specified. Defaulting to "public". 
    function CevacToken(uint256 _fundingStartBlock, uint256 _fundingEndBlock){
    ^ (Relevant source part starts here and spans across multiple lines).
/unique_contracts/0x5afc0b82bd845f20804e42ec049bee8e17fa9700.sol:242:5: Warning: No visibility specified. Defaulting to "public". 
    function transferFrom(address _from, address _to, uint256 _value) onlyPayloadSize(3 * 32) returns (bool success) {
    ^ (Relevant source part starts here and spans across multiple lines).
/unique_contracts/0x5afc0b82bd845f20804e42ec049bee8e17fa9700.sol:256:5: Warning: No visibility specified. Defaulting to "public". 
    function addToBalances(address _person,uint256 value) {
    ^ (Relevant source part starts here and spans across multiple lines).
/unique_contracts/0x5afc0b82bd845f20804e42ec049bee8e17fa9700.sol:266:5: Warning: No visibility specified. Defaulting to "public". 
    function addToOwnership(address owners) onlyOwner{
    ^ (Relevant source part starts here and spans across multiple lines).
/unique_contracts/0x5afc0b82bd845f20804e42ec049bee8e17fa9700.sol:274:5: Warning: No visibility specified. Defaulting to "public". 
    function removeFromOwnership(address owners) onlyOwner{
    ^ (Relevant source part starts here and spans across multiple lines).
/unique_contracts/0x5afc0b82bd845f20804e42ec049bee8e17fa9700.sol:278:5: Warning: No visibility specified. Defaulting to "public". 
    function balanceOf(address _owner) view returns (uint256 balance) {
    ^ (Relevant source part starts here and spans across multiple lines).
/unique_contracts/0x5afc0b82bd845f20804e42ec049bee8e17fa9700.sol:282:5: Warning: No visibility specified. Defaulting to "public". 
    function approve(address _spender, uint256 _value) onlyPayloadSize(2 * 32) returns (bool success) {
    ^ (Relevant source part starts here and spans across multiple lines).
/unique_contracts/0x5afc0b82bd845f20804e42ec049bee8e17fa9700.sol:289:5: Warning: No visibility specified. Defaulting to "public". 
    function allowance(address _owner, address _spender) view returns (uint256 remaining) {
    ^ (Relevant source part starts here and spans across multiple lines).
/unique_contracts/0x5afc0b82bd845f20804e42ec049bee8e17fa9700.sol:293:5: Warning: No visibility specified. Defaulting to "public". 
    function increaseEthRaised(uint256 value){
    ^ (Relevant source part starts here and spans across multiple lines).
/unique_contracts/0x5afc0b82bd845f20804e42ec049bee8e17fa9700.sol:298:5: Warning: No visibility specified. Defaulting to "public". 
    function increaseBTCRaised(uint256 value){
    ^ (Relevant source part starts here and spans across multiple lines).
/unique_contracts/0x5afc0b82bd845f20804e42ec049bee8e17fa9700.sol:303:5: Warning: No visibility specified. Defaulting to "public". 
    function increaseUSDRaised(uint256 value){
    ^ (Relevant source part starts here and spans across multiple lines).
/unique_contracts/0x5afc0b82bd845f20804e42ec049bee8e17fa9700.sol:324:5: Warning: No visibility specified. Defaulting to "public". 
    function finalizeICOOwner() onlyOwner{
    ^ (Relevant source part starts here and spans across multiple lines).
/unique_contracts/0x5afc0b82bd845f20804e42ec049bee8e17fa9700.sol:329:5: Warning: No visibility specified. Defaulting to "public". 
    function isValid() returns(bool){
    ^ (Relevant source part starts here and spans across multiple lines).
/unique_contracts/0x5afc0b82bd845f20804e42ec049bee8e17fa9700.sol:340:5: Warning: No visibility specified. Defaulting to "public". 
    function() payable{
    ^ (Relevant source part starts here and spans across multiple lines).
/unique_contracts/0x5afc0b82bd845f20804e42ec049bee8e17fa9700.sol:54:3: Warning: Function state mutability can be restricted to pure
  function mul(uint256 a, uint256 b) internal returns (uint256) {
  ^ (Relevant source part starts here and spans across multiple lines).
/unique_contracts/0x5afc0b82bd845f20804e42ec049bee8e17fa9700.sol:63:3: Warning: Function state mutability can be restricted to pure
  function div(uint256 a, uint256 b) internal returns (uint256) {
  ^ (Relevant source part starts here and spans across multiple lines).
/unique_contracts/0x5afc0b82bd845f20804e42ec049bee8e17fa9700.sol:70:3: Warning: Function state mutability can be restricted to pure
  function sub(uint256 a, uint256 b) internal returns (uint256) {
  ^ (Relevant source part starts here and spans across multiple lines).
/unique_contracts/0x5afc0b82bd845f20804e42ec049bee8e17fa9700.sol:75:3: Warning: Function state mutability can be restricted to pure
  function add(uint256 a, uint256 b) internal returns (uint256) {
  ^ (Relevant source part starts here and spans across multiple lines).
/unique_contracts/0x5afc0b82bd845f20804e42ec049bee8e17fa9700.sol:329:5: Warning: Function state mutability can be restricted to view
    function isValid() returns(bool){
    ^ (Relevant source part starts here and spans across multiple lines).

INFO:Detectors:[93m
Contract locking ether found in /unique_contracts/0x5afc0b82bd845f20804e42ec049bee8e17fa9700.sol:
	Contract CevacToken has payable functions:
	 - fallback (/unique_contracts/0x5afc0b82bd845f20804e42ec049bee8e17fa9700.sol)
	But does not have a function to withdraw the ether
Reference: https://github.com/trailofbits/slither/wiki/Detectors-Documentation#contracts-that-lock-ether[0m
INFO:Detectors:[92m
CevacToken.numberOfBackers should be constant (/unique_contracts/0x5afc0b82bd845f20804e42ec049bee8e17fa9700.sol#172)
CevacToken.ownerWallet should be constant (/unique_contracts/0x5afc0b82bd845f20804e42ec049bee8e17fa9700.sol#183-186)
CevacToken.tokenCreationMax should be constant (/unique_contracts/0x5afc0b82bd845f20804e42ec049bee8e17fa9700.sol#177-179)
CevacToken.valueToBeSent should be constant (/unique_contracts/0x5afc0b82bd845f20804e42ec049bee8e17fa9700.sol#164-167)
CevacToken.version should be constant (/unique_contracts/0x5afc0b82bd845f20804e42ec049bee8e17fa9700.sol#163-164)
Reference: https://github.com/trailofbits/slither/wiki/Detectors-Documentation#state-variables-that-could-be-declared-constant[0m
INFO:Detectors:[92m
Deprecated standard detected @ /unique_contracts/0x5afc0b82bd845f20804e42ec049bee8e17fa9700.sol#125:
	- Usage of "throw" should be replaced with "revert()"
Deprecated standard detected @ /unique_contracts/0x5afc0b82bd845f20804e42ec049bee8e17fa9700.sol#196:
	- Usage of "throw" should be replaced with "revert()"
Deprecated standard detected @ /unique_contracts/0x5afc0b82bd845f20804e42ec049bee8e17fa9700.sol#248:
	- Usage of "throw" should be replaced with "revert()"
Deprecated standard detected @ /unique_contracts/0x5afc0b82bd845f20804e42ec049bee8e17fa9700.sol#264:
	- Usage of "throw" should be replaced with "revert()"
Deprecated standard detected @ /unique_contracts/0x5afc0b82bd845f20804e42ec049bee8e17fa9700.sol:
	- Usage of "throw" should be replaced with "revert()"
Deprecated standard detected @ /unique_contracts/0x5afc0b82bd845f20804e42ec049bee8e17fa9700.sol:
	- Usage of "throw" should be replaced with "revert()"
Reference: https://github.com/trailofbits/slither/wiki/Detectors-Documentation#deprecated-standards[0m
INFO:Detectors:[92m
Ownable.transferOwnership (/unique_contracts/0x5afc0b82bd845f20804e42ec049bee8e17fa9700.sol#38-51) should be declared external
Pausable.pause (/unique_contracts/0x5afc0b82bd845f20804e42ec049bee8e17fa9700.sol#131-133) should be declared external
Pausable.unpause (/unique_contracts/0x5afc0b82bd845f20804e42ec049bee8e17fa9700.sol#141-143) should be declared external
Token.balanceOf (/unique_contracts/0x5afc0b82bd845f20804e42ec049bee8e17fa9700.sol#143-144) should be declared external
CevacToken.balanceOf (/unique_contracts/0x5afc0b82bd845f20804e42ec049bee8e17fa9700.sol#283-286) should be declared external
Token.transfer (/unique_contracts/0x5afc0b82bd845f20804e42ec049bee8e17fa9700.sol#144-145) should be declared external
CevacToken.transfer (/unique_contracts/0x5afc0b82bd845f20804e42ec049bee8e17fa9700.sol#192-205) should be declared external
CevacToken.transferFrom (/unique_contracts/0x5afc0b82bd845f20804e42ec049bee8e17fa9700.sol#244-260) should be declared external
Token.transferFrom (/unique_contracts/0x5afc0b82bd845f20804e42ec049bee8e17fa9700.sol#145-146) should be declared external
Token.approve (/unique_contracts/0x5afc0b82bd845f20804e42ec049bee8e17fa9700.sol#146-147) should be declared external
CevacToken.approve (/unique_contracts/0x5afc0b82bd845f20804e42ec049bee8e17fa9700.sol#286-298) should be declared external
CevacToken.allowance (/unique_contracts/0x5afc0b82bd845f20804e42ec049bee8e17fa9700.sol#298-304) should be declared external
Token.allowance (/unique_contracts/0x5afc0b82bd845f20804e42ec049bee8e17fa9700.sol#147-148) should be declared external
CevacToken.burnTokens (/unique_contracts/0x5afc0b82bd845f20804e42ec049bee8e17fa9700.sol#205-213) should be declared external
CevacToken.changeEndBlock (/unique_contracts/0x5afc0b82bd845f20804e42ec049bee8e17fa9700.sol#225-230) should be declared external
CevacToken.changeStartBlock (/unique_contracts/0x5afc0b82bd845f20804e42ec049bee8e17fa9700.sol#231-237) should be declared external
CevacToken.changeMinCapUSD (/unique_contracts/0x5afc0b82bd845f20804e42ec049bee8e17fa9700.sol#238-242) should be declared external
CevacToken.changeMaxCapUSD (/unique_contracts/0x5afc0b82bd845f20804e42ec049bee8e17fa9700.sol#243-244) should be declared external
CevacToken.addToBalances (/unique_contracts/0x5afc0b82bd845f20804e42ec049bee8e17fa9700.sol#260-271) should be declared external
CevacToken.addToOwnership (/unique_contracts/0x5afc0b82bd845f20804e42ec049bee8e17fa9700.sol#274-277) should be declared external
CevacToken.removeFromOwnership (/unique_contracts/0x5afc0b82bd845f20804e42ec049bee8e17fa9700.sol#282-283) should be declared external
CevacToken.increaseEthRaised (/unique_contracts/0x5afc0b82bd845f20804e42ec049bee8e17fa9700.sol#304-309) should be declared external
CevacToken.increaseBTCRaised (/unique_contracts/0x5afc0b82bd845f20804e42ec049bee8e17fa9700.sol#309-315) should be declared external
CevacToken.increaseUSDRaised (/unique_contracts/0x5afc0b82bd845f20804e42ec049bee8e17fa9700.sol#315-319) should be declared external
CevacToken.finalizeICO (/unique_contracts/0x5afc0b82bd845f20804e42ec049bee8e17fa9700.sol#320-325) should be declared external
CevacToken.enableTransfers (/unique_contracts/0x5afc0b82bd845f20804e42ec049bee8e17fa9700.sol#325-329) should be declared external
CevacToken.disableTransfers (/unique_contracts/0x5afc0b82bd845f20804e42ec049bee8e17fa9700.sol#330-332) should be declared external
CevacToken.finalizeICOOwner (/unique_contracts/0x5afc0b82bd845f20804e42ec049bee8e17fa9700.sol#336-343) should be declared external
CevacToken.isValid (/unique_contracts/0x5afc0b82bd845f20804e42ec049bee8e17fa9700.sol) should be declared external
CevacToken.fallback (/unique_contracts/0x5afc0b82bd845f20804e42ec049bee8e17fa9700.sol) should be declared external
Reference: https://github.com/trailofbits/slither/wiki/Detectors-Documentation#public-function-that-could-be-declared-as-external[0m
INFO:Detectors:[92m
Detected issues with version pragma in /unique_contracts/0x5afc0b82bd845f20804e42ec049bee8e17fa9700.sol:
	- pragma solidity^0.4.11 (/unique_contracts/0x5afc0b82bd845f20804e42ec049bee8e17fa9700.sol#1): it allows old versions
Reference: https://github.com/trailofbits/slither/wiki/Detectors-Documentation#incorrect-version-of-solidity[0m
INFO:Detectors:[92m
Function 'Ownable.Ownable' (/unique_contracts/0x5afc0b82bd845f20804e42ec049bee8e17fa9700.sol#20-26) is not in mixedCase
Parameter '_owner' of CevacToken.balanceOf (/unique_contracts/0x5afc0b82bd845f20804e42ec049bee8e17fa9700.sol#284) is not in mixedCase
Parameter '_to' of CevacToken.transfer (/unique_contracts/0x5afc0b82bd845f20804e42ec049bee8e17fa9700.sol#193) is not in mixedCase
Parameter '_value' of CevacToken.transfer (/unique_contracts/0x5afc0b82bd845f20804e42ec049bee8e17fa9700.sol#193-194) is not in mixedCase
Parameter '_from' of CevacToken.transferFrom (/unique_contracts/0x5afc0b82bd845f20804e42ec049bee8e17fa9700.sol#245) is not in mixedCase
Parameter '_to' of CevacToken.transferFrom (/unique_contracts/0x5afc0b82bd845f20804e42ec049bee8e17fa9700.sol#246) is not in mixedCase
Parameter '_value' of CevacToken.transferFrom (/unique_contracts/0x5afc0b82bd845f20804e42ec049bee8e17fa9700.sol#246) is not in mixedCase
Parameter '_spender' of CevacToken.approve (/unique_contracts/0x5afc0b82bd845f20804e42ec049bee8e17fa9700.sol#289) is not in mixedCase
Parameter '_value' of CevacToken.approve (/unique_contracts/0x5afc0b82bd845f20804e42ec049bee8e17fa9700.sol#289) is not in mixedCase
Parameter '_owner' of CevacToken.allowance (/unique_contracts/0x5afc0b82bd845f20804e42ec049bee8e17fa9700.sol#299) is not in mixedCase
Parameter '_spender' of CevacToken.allowance (/unique_contracts/0x5afc0b82bd845f20804e42ec049bee8e17fa9700.sol#299) is not in mixedCase
Parameter '_value' of CevacToken.burnTokens (/unique_contracts/0x5afc0b82bd845f20804e42ec049bee8e17fa9700.sol#206-209) is not in mixedCase
Function 'CevacToken.CevacToken' (/unique_contracts/0x5afc0b82bd845f20804e42ec049bee8e17fa9700.sol#214-225) is not in mixedCase
Parameter '_fundingStartBlock' of CevacToken.CevacToken (/unique_contracts/0x5afc0b82bd845f20804e42ec049bee8e17fa9700.sol#214-217) is not in mixedCase
Parameter '_fundingEndBlock' of CevacToken.CevacToken (/unique_contracts/0x5afc0b82bd845f20804e42ec049bee8e17fa9700.sol#217-219) is not in mixedCase
Parameter '_newFundingEndBlock' of CevacToken.changeEndBlock (/unique_contracts/0x5afc0b82bd845f20804e42ec049bee8e17fa9700.sol#226) is not in mixedCase
Parameter '_newFundingStartBlock' of CevacToken.changeStartBlock (/unique_contracts/0x5afc0b82bd845f20804e42ec049bee8e17fa9700.sol#231-232) is not in mixedCase
Parameter '_newMinCap' of CevacToken.changeMinCapUSD (/unique_contracts/0x5afc0b82bd845f20804e42ec049bee8e17fa9700.sol#242) is not in mixedCase
Parameter '_newMaxCap' of CevacToken.changeMaxCapUSD (/unique_contracts/0x5afc0b82bd845f20804e42ec049bee8e17fa9700.sol#244) is not in mixedCase
Parameter '_person' of CevacToken.addToBalances (/unique_contracts/0x5afc0b82bd845f20804e42ec049bee8e17fa9700.sol#260-261) is not in mixedCase
Constant 'CevacToken.CevacFund' (/unique_contracts/0x5afc0b82bd845f20804e42ec049bee8e17fa9700.sol#173-174) is not in UPPER_CASE_WITH_UNDERSCORES
Reference: https://github.com/trailofbits/slither/wiki/Detectors-Documentation#conformance-to-solidity-naming-conventions[0m
INFO:Slither:/unique_contracts/0x5afc0b82bd845f20804e42ec049bee8e17fa9700.sol analyzed (5 contracts), 60 result(s) found