2019-07-24 10:42:16,890: [12] m.main:INFO: Registered plugins: DetectUnusedRetVal, DetectDelegatecall, DetectReentrancySimple, DetectInvalid, DetectSuicidal, DetectEnvInstruction, DetectUninitializedMemory, DetectReentrancyAdvanced, DetectExternalCallAndLeak, DetectUninitializedStorage, DetectIntegerOverflow
2019-07-24 10:42:16,890: [12] m.main:INFO: Beginning analysis
2019-07-24 10:42:16,919: [12] m.e.manticore:INFO: Starting symbolic create contract
2019-07-24 10:42:18,501: [12] m.e.manticore:INFO: Starting symbolic transaction: 0
2019-07-24 10:42:19,670: [12] m.e.manticore:INFO: 0 alive states, 2 terminated states
2019-07-24 10:42:19,780: [12] m.e.manticore:INFO: Starting symbolic transaction: 1
2019-07-24 10:42:19,985: [583] m.c.manticore:INFO: Generated testcase No. 0 - RETURN(1 txs)
2019-07-24 10:42:19,990: [582] m.c.manticore:INFO: Generated testcase No. 1 - REVERT(2 txs)
2019-07-24 10:42:21,178: [12] m.c.manticore:INFO: Results in /mcore_pheoo6ck
2019-07-24 10:42:22,288: [897] m.main:INFO: Registered plugins: DetectDelegatecall, DetectReentrancySimple, DetectInvalid, DetectUnusedRetVal, DetectUninitializedStorage, DetectExternalCallAndLeak, DetectSuicidal, DetectReentrancyAdvanced, DetectEnvInstruction, DetectIntegerOverflow, DetectUninitializedMemory
2019-07-24 10:42:22,288: [897] m.main:INFO: Beginning analysis
2019-07-24 10:42:22,301: [897] m.e.manticore:INFO: Starting symbolic create contract
2019-07-24 10:42:22,615: [941] m.c.manticore:INFO: Generated testcase No. 0 - NO STATE RESULT (?)(0 txs)
2019-07-24 10:42:23,201: [897] m.c.manticore:INFO: Results in /mcore_jz9dvpev
2019-07-24 10:42:23,993: [1200] m.main:INFO: Registered plugins: DetectReentrancySimple, DetectInvalid, DetectUnusedRetVal, DetectUninitializedStorage, DetectExternalCallAndLeak, DetectSuicidal, DetectReentrancyAdvanced, DetectEnvInstruction, DetectUninitializedMemory, DetectDelegatecall, DetectIntegerOverflow
2019-07-24 10:42:23,994: [1200] m.main:INFO: Beginning analysis
2019-07-24 10:42:24,023: [1200] m.e.manticore:INFO: Starting symbolic create contract
2019-07-24 10:42:24,392: [1244] m.c.manticore:INFO: Generated testcase No. 0 - NO STATE RESULT (?)(0 txs)
2019-07-24 10:42:24,899: [1200] m.c.manticore:INFO: Results in /mcore_x6_coj90
2019-07-24 10:42:25,798: [1503] m.main:INFO: Registered plugins: DetectUninitializedMemory, DetectReentrancyAdvanced, DetectDelegatecall, DetectEnvInstruction, DetectReentrancySimple, DetectInvalid, DetectUnusedRetVal, DetectExternalCallAndLeak, DetectUninitializedStorage, DetectIntegerOverflow, DetectSuicidal
2019-07-24 10:42:25,798: [1503] m.main:INFO: Beginning analysis
2019-07-24 10:42:25,863: [1503] m.e.manticore:INFO: Starting symbolic create contract
2019-07-24 10:42:26,193: [1547] m.c.manticore:INFO: Generated testcase No. 0 - NO STATE RESULT (?)(0 txs)
2019-07-24 10:42:26,789: [1503] m.c.manticore:INFO: Results in /mcore_hopm4ail
2019-07-24 10:42:27,660: [1806] m.main:INFO: Registered plugins: DetectDelegatecall, DetectReentrancyAdvanced, DetectReentrancySimple, DetectInvalid, DetectUnusedRetVal, DetectUninitializedStorage, DetectExternalCallAndLeak, DetectSuicidal, DetectEnvInstruction, DetectIntegerOverflow, DetectUninitializedMemory
2019-07-24 10:42:27,661: [1806] m.main:INFO: Beginning analysis
2019-07-24 10:42:27,676: [1806] m.e.manticore:INFO: Starting symbolic create contract
2019-07-24 10:42:28,089: [1850] m.c.manticore:INFO: Generated testcase No. 0 - NO STATE RESULT (?)(0 txs)
2019-07-24 10:42:28,689: [1806] m.c.manticore:INFO: Results in /mcore_dsy_juam
2019-07-24 10:42:29,469: [2109] m.main:INFO: Registered plugins: DetectReentrancySimple, DetectInvalid, DetectUnusedRetVal, DetectReentrancyAdvanced, DetectUninitializedStorage, DetectExternalCallAndLeak, DetectSuicidal, DetectEnvInstruction, DetectIntegerOverflow, DetectUninitializedMemory, DetectDelegatecall
2019-07-24 10:42:29,470: [2109] m.main:INFO: Beginning analysis
2019-07-24 10:42:29,479: [2109] m.e.manticore:INFO: Starting symbolic create contract
2019-07-24 10:42:52,677: [2109] m.e.manticore:INFO: Starting symbolic transaction: 0
2019-07-24 10:44:17,231: [3276] m.e.detectors:WARNING: Potentially reading uninitialized storage
2019-07-24 10:44:48,754: [3286] m.e.detectors:WARNING: Potentially reading uninitialized storage
2019-07-24 10:49:20,142: [3286] m.e.detectors:WARNING: Potentially reading uninitialized storage
2019-07-24 10:52:35,870: [3284] m.e.detectors:WARNING: Potentially reading uninitialized storage
2019-07-24 10:54:53,358: [3276] m.e.detectors:WARNING: Potentially reading uninitialized storage
2019-07-24 11:06:17,123: [2109] m.e.manticore:INFO: 18 alive states, 44 terminated states
2019-07-24 11:06:32,130: [2109] m.e.manticore:INFO: Starting symbolic transaction: 1