INFO:Slither:Compilation warnings/errors on /unique_chucks/1/0x35a69642857083ba2f30bfab735dacc7f0bac969.sol:
/unique_chucks/1/0x35a69642857083ba2f30bfab735dacc7f0bac969.sol:166:5: Warning: Defining constructors as functions with the same name as the contract is deprecated. Use "constructor(...) { ... }" instead.
    function BBNToken() public {      
    ^ (Relevant source part starts here and spans across multiple lines).
/unique_chucks/1/0x35a69642857083ba2f30bfab735dacc7f0bac969.sol:81:5: Warning: Invoking events without "emit" prefix is deprecated.
    Transfer(msg.sender, _to, _value);
    ^-------------------------------^
/unique_chucks/1/0x35a69642857083ba2f30bfab735dacc7f0bac969.sol:121:5: Warning: Invoking events without "emit" prefix is deprecated.
    Transfer(_from, _to, _value);
    ^--------------------------^
/unique_chucks/1/0x35a69642857083ba2f30bfab735dacc7f0bac969.sol:137:5: Warning: Invoking events without "emit" prefix is deprecated.
    Approval(msg.sender, _spender, _value);
    ^------------------------------------^

INFO:Detectors:[92m
ERC20Basic.balanceOf (/unique_chucks/1/0x35a69642857083ba2f30bfab735dacc7f0bac969.sol#44-45) should be declared external
BasicToken.balanceOf (/unique_chucks/1/0x35a69642857083ba2f30bfab735dacc7f0bac969.sol#91-99) should be declared external
ERC20Basic.transfer (/unique_chucks/1/0x35a69642857083ba2f30bfab735dacc7f0bac969.sol#45-46) should be declared external
BasicToken.transfer (/unique_chucks/1/0x35a69642857083ba2f30bfab735dacc7f0bac969.sol#75-87) should be declared external
StandardToken.allowance (/unique_chucks/1/0x35a69642857083ba2f30bfab735dacc7f0bac969.sol#154-156) should be declared external
ERC20.allowance (/unique_chucks/1/0x35a69642857083ba2f30bfab735dacc7f0bac969.sol#54-55) should be declared external
ERC20.transferFrom (/unique_chucks/1/0x35a69642857083ba2f30bfab735dacc7f0bac969.sol#55-56) should be declared external
StandardToken.transferFrom (/unique_chucks/1/0x35a69642857083ba2f30bfab735dacc7f0bac969.sol#114-128) should be declared external
StandardToken.approve (/unique_chucks/1/0x35a69642857083ba2f30bfab735dacc7f0bac969.sol#137-143) should be declared external
ERC20.approve (/unique_chucks/1/0x35a69642857083ba2f30bfab735dacc7f0bac969.sol#56-57) should be declared external
Reference: https://github.com/trailofbits/slither/wiki/Detectors-Documentation#public-function-that-could-be-declared-as-external[0m
INFO:Detectors:[92m
Detected issues with version pragma in /unique_chucks/1/0x35a69642857083ba2f30bfab735dacc7f0bac969.sol:
	- pragma solidity^0.4.19 (/unique_chucks/1/0x35a69642857083ba2f30bfab735dacc7f0bac969.sol#1): it allows old versions
Reference: https://github.com/trailofbits/slither/wiki/Detectors-Documentation#incorrect-version-of-solidity[0m
INFO:Detectors:[92m
Parameter '_owner' of BasicToken.balanceOf (/unique_chucks/1/0x35a69642857083ba2f30bfab735dacc7f0bac969.sol#93-97) is not in mixedCase
Parameter '_to' of BasicToken.transfer (/unique_chucks/1/0x35a69642857083ba2f30bfab735dacc7f0bac969.sol#75) is not in mixedCase
Parameter '_value' of BasicToken.transfer (/unique_chucks/1/0x35a69642857083ba2f30bfab735dacc7f0bac969.sol#76) is not in mixedCase
Parameter '_owner' of StandardToken.allowance (/unique_chucks/1/0x35a69642857083ba2f30bfab735dacc7f0bac969.sol#155) is not in mixedCase
Parameter '_spender' of StandardToken.allowance (/unique_chucks/1/0x35a69642857083ba2f30bfab735dacc7f0bac969.sol#155) is not in mixedCase
Parameter '_from' of StandardToken.transferFrom (/unique_chucks/1/0x35a69642857083ba2f30bfab735dacc7f0bac969.sol#115) is not in mixedCase
Parameter '_to' of StandardToken.transferFrom (/unique_chucks/1/0x35a69642857083ba2f30bfab735dacc7f0bac969.sol#115) is not in mixedCase
Parameter '_value' of StandardToken.transferFrom (/unique_chucks/1/0x35a69642857083ba2f30bfab735dacc7f0bac969.sol#116) is not in mixedCase
Parameter '_spender' of StandardToken.approve (/unique_chucks/1/0x35a69642857083ba2f30bfab735dacc7f0bac969.sol#137-138) is not in mixedCase
Parameter '_value' of StandardToken.approve (/unique_chucks/1/0x35a69642857083ba2f30bfab735dacc7f0bac969.sol#138-139) is not in mixedCase
Function 'BBNToken.BBNToken' (/unique_chucks/1/0x35a69642857083ba2f30bfab735dacc7f0bac969.sol#172-174) is not in mixedCase
Reference: https://github.com/trailofbits/slither/wiki/Detectors-Documentation#conformance-to-solidity-naming-conventions[0m
INFO:Slither:/unique_chucks/1/0x35a69642857083ba2f30bfab735dacc7f0bac969.sol analyzed (6 contracts), 22 result(s) found