/unique_contracts/0x06f726f750dd2a140a3f3bbe1fa58b624b361a33.sol
jar:file:/usr/local/lib/node_modules/@smartdec/smartcheck/jdeploy-bundle/smartcheck-2.0-jar-with-dependencies.jar!/solidity-rules.xmlruleId: SOLIDITY_OVERPOWERED_ROLE
patternId: j83hf7
severity: 2
line: 174
column: 4
content: functionsetPrices(uint256newSellPrice,uint256newBuyPrice)onlyOwnerpublic{sellPrice=newSellPrice;buyPrice=newBuyPrice;}

ruleId: SOLIDITY_OVERPOWERED_ROLE
patternId: j83hf7
severity: 2
line: 195
column: 4
content: functionsetCrowdsaleAgent(address_crowdsaleAgent)onlyOwnerpublic{crowdsaleAgent=_crowdsaleAgent;}

ruleId: SOLIDITY_OVERPOWERED_ROLE
patternId: j83hf7
severity: 2
line: 282
column: 4
content: functionsetEndsAt(uinttime)onlyOwner{require(!finalized);endsAt=time;EndsAtChanged(endsAt);}

ruleId: SOLIDITY_OVERPOWERED_ROLE
patternId: j83hf7
severity: 2
line: 287
column: 4
content: functionsetRate(uintvalue)onlyOwner{require(!finalized);require(value>0);RateChanged(TokenPerETH,value);TokenPerETH=value;}

ruleId: SOLIDITY_PRAGMAS_VERSION
patternId: 23fc32
severity: 1
line: 1
column: 16
content: ^

ruleId: SOLIDITY_UPGRADE_TO_050
patternId: 341gim
severity: 1
line: 20
column: 99
content: bytes_extraData

ruleId: SOLIDITY_UPGRADE_TO_050
patternId: 341gim
severity: 1
line: 144
column: 62
content: bytes_extraData

ruleId: SOLIDITY_VISIBILITY
patternId: 23rt6g
severity: 1
line: 20
column: 117
content: public

ruleId: SOLIDITY_VISIBILITY
patternId: 910067
severity: 1
line: 201
column: 4
content: functionkill()onlyOwner{selfdestruct(owner);}

ruleId: SOLIDITY_VISIBILITY
patternId: 910067
severity: 1
line: 247
column: 4
content: functionRajTestICO(address_token){token=RajTest(_token);}

ruleId: SOLIDITY_VISIBILITY
patternId: 910067
severity: 1
line: 278
column: 4
content: function()payable{buy();}

ruleId: SOLIDITY_VISIBILITY
patternId: 910067
severity: 1
line: 282
column: 4
content: functionsetEndsAt(uinttime)onlyOwner{require(!finalized);endsAt=time;EndsAtChanged(endsAt);}

ruleId: SOLIDITY_VISIBILITY
patternId: 910067
severity: 1
line: 287
column: 4
content: functionsetRate(uintvalue)onlyOwner{require(!finalized);require(value>0);RateChanged(TokenPerETH,value);TokenPerETH=value;}

SOLIDITY_VISIBILITY :6
SOLIDITY_OVERPOWERED_ROLE :4
SOLIDITY_PRAGMAS_VERSION :1
SOLIDITY_UPGRADE_TO_050 :2