2019-07-26 05:48:43,709: [12] m.main:INFO: Registered plugins: DetectReentrancySimple, DetectInvalid, DetectUnusedRetVal, DetectReentrancyAdvanced, DetectUninitializedStorage, DetectSuicidal, DetectExternalCallAndLeak, DetectEnvInstruction, DetectIntegerOverflow, DetectUninitializedMemory, DetectDelegatecall
2019-07-26 05:48:43,709: [12] m.main:INFO: Beginning analysis
2019-07-26 05:48:43,779: [12] m.e.manticore:INFO: Starting symbolic create contract
2019-07-26 05:48:45,544: [12] m.e.manticore:INFO: Starting symbolic transaction: 0
2019-07-26 05:48:46,678: [12] m.e.manticore:INFO: 0 alive states, 2 terminated states
2019-07-26 05:48:46,876: [12] m.e.manticore:INFO: Starting symbolic transaction: 1
2019-07-26 05:48:46,985: [582] m.c.manticore:INFO: Generated testcase No. 0 - RETURN(1 txs)
2019-07-26 05:48:47,058: [584] m.c.manticore:INFO: Generated testcase No. 1 - REVERT(2 txs)
2019-07-26 05:48:48,294: [12] m.c.manticore:INFO: Results in /mcore_5r98sses
2019-07-26 05:48:49,387: [897] m.main:INFO: Registered plugins: DetectReentrancySimple, DetectInvalid, DetectUnusedRetVal, DetectReentrancyAdvanced, DetectUninitializedStorage, DetectSuicidal, DetectExternalCallAndLeak, DetectEnvInstruction, DetectUninitializedMemory, DetectDelegatecall, DetectIntegerOverflow
2019-07-26 05:48:49,387: [897] m.main:INFO: Beginning analysis
2019-07-26 05:48:49,401: [897] m.e.manticore:INFO: Starting symbolic create contract
2019-07-26 05:48:49,789: [941] m.c.manticore:INFO: Generated testcase No. 0 - NO STATE RESULT (?)(0 txs)
2019-07-26 05:48:50,390: [897] m.c.manticore:INFO: Results in /mcore_jtl5ai4g
2019-07-26 05:48:51,372: [1200] m.main:INFO: Registered plugins: DetectReentrancySimple, DetectInvalid, DetectSuicidal, DetectUnusedRetVal, DetectExternalCallAndLeak, DetectUninitializedStorage, DetectDelegatecall, DetectIntegerOverflow, DetectReentrancyAdvanced, DetectEnvInstruction, DetectUninitializedMemory
2019-07-26 05:48:51,372: [1200] m.main:INFO: Beginning analysis
2019-07-26 05:48:51,386: [1200] m.e.manticore:INFO: Starting symbolic create contract
2019-07-26 05:48:59,737: [1200] m.e.manticore:INFO: Starting symbolic transaction: 0
2019-07-26 05:51:31,702: [1200] m.e.manticore:INFO: 8 alive states, 18 terminated states
2019-07-26 05:51:37,474: [1200] m.e.manticore:INFO: Starting symbolic transaction: 1
2019-07-26 05:58:25,761: [6922] m.e.detectors:WARNING: Potentially reading uninitialized storage
2019-07-26 06:03:16,441: [6909] m.e.detectors:WARNING: Potentially reading uninitialized storage
2019-07-26 06:06:32,141: [6931] m.e.detectors:WARNING: Potentially reading uninitialized storage
2019-07-26 06:13:50,463: [6923] m.e.detectors:WARNING: Potentially reading uninitialized storage