2019-07-25 04:38:46,415: [13] m.main:INFO: Registered plugins: DetectReentrancySimple, DetectInvalid, DetectExternalCallAndLeak, DetectSuicidal, DetectUninitializedStorage, DetectEnvInstruction, DetectReentrancyAdvanced, DetectUninitializedMemory, DetectDelegatecall, DetectIntegerOverflow, DetectUnusedRetVal
2019-07-25 04:38:46,415: [13] m.main:INFO: Beginning analysis
2019-07-25 04:38:46,480: [13] m.e.manticore:INFO: Starting symbolic create contract
2019-07-25 04:38:48,112: [13] m.e.manticore:INFO: Starting symbolic transaction: 0
2019-07-25 04:38:49,298: [13] m.e.manticore:INFO: 0 alive states, 2 terminated states
2019-07-25 04:38:49,491: [13] m.e.manticore:INFO: Starting symbolic transaction: 1
2019-07-25 04:38:49,685: [583] m.c.manticore:INFO: Generated testcase No. 0 - RETURN(1 txs)
2019-07-25 04:38:49,699: [584] m.c.manticore:INFO: Generated testcase No. 1 - REVERT(2 txs)
2019-07-25 04:38:50,904: [13] m.c.manticore:INFO: Results in /mcore_1xxg_3q1
2019-07-25 04:38:52,084: [898] m.main:INFO: Registered plugins: DetectDelegatecall, DetectEnvInstruction, DetectReentrancySimple, DetectInvalid, DetectReentrancyAdvanced, DetectUninitializedStorage, DetectIntegerOverflow, DetectExternalCallAndLeak, DetectUnusedRetVal, DetectSuicidal, DetectUninitializedMemory
2019-07-25 04:38:52,085: [898] m.main:INFO: Beginning analysis
2019-07-25 04:38:52,096: [898] m.e.manticore:INFO: Starting symbolic create contract
2019-07-25 04:38:52,485: [942] m.c.manticore:INFO: Generated testcase No. 0 - NO STATE RESULT (?)(0 txs)
2019-07-25 04:38:52,990: [898] m.c.manticore:INFO: Results in /mcore_hhs3fnl1
2019-07-25 04:38:53,901: [1201] m.main:INFO: Registered plugins: DetectReentrancySimple, DetectInvalid, DetectExternalCallAndLeak, DetectUninitializedStorage, DetectEnvInstruction, DetectSuicidal, DetectDelegatecall, DetectIntegerOverflow, DetectReentrancyAdvanced, DetectUninitializedMemory, DetectUnusedRetVal
2019-07-25 04:38:53,901: [1201] m.main:INFO: Beginning analysis
2019-07-25 04:38:53,912: [1201] m.e.manticore:INFO: Starting symbolic create contract
2019-07-25 04:38:54,197: [1245] m.c.manticore:INFO: Generated testcase No. 0 - NO STATE RESULT (?)(0 txs)
2019-07-25 04:38:54,794: [1201] m.c.manticore:INFO: Results in /mcore_v8pnsje3
2019-07-25 04:38:55,605: [1504] m.main:INFO: Registered plugins: DetectDelegatecall, DetectReentrancySimple, DetectInvalid, DetectUnusedRetVal, DetectEnvInstruction, DetectUninitializedStorage, DetectIntegerOverflow, DetectReentrancyAdvanced, DetectSuicidal, DetectExternalCallAndLeak, DetectUninitializedMemory
2019-07-25 04:38:55,605: [1504] m.main:INFO: Beginning analysis
2019-07-25 04:38:55,653: [1504] m.e.manticore:INFO: Starting symbolic create contract
2019-07-25 04:38:59,501: [1504] m.e.manticore:INFO: Starting symbolic transaction: 0
2019-07-25 04:39:07,012: [1504] m.e.manticore:INFO: 2 alive states, 8 terminated states
2019-07-25 04:39:08,604: [1504] m.e.manticore:INFO: Starting symbolic transaction: 1
2019-07-25 04:39:23,972: [1504] m.e.manticore:INFO: 4 alive states, 24 terminated states
2019-07-25 04:39:25,951: [4131] m.c.manticore:INFO: Generated testcase No. 0 - RETURN(3 txs)
2019-07-25 04:39:26,659: [4148] m.c.manticore:INFO: Generated testcase No. 1 - RETURN(3 txs)
2019-07-25 04:39:26,735: [4138] m.c.manticore:INFO: Generated testcase No. 2 - RETURN(3 txs)
2019-07-25 04:39:26,749: [4132] m.c.manticore:INFO: Generated testcase No. 3 - RETURN(3 txs)
2019-07-25 04:39:26,873: [4134] m.c.manticore:INFO: Generated testcase No. 4 - REVERT(2 txs)
2019-07-25 04:39:26,883: [4141] m.c.manticore:INFO: Generated testcase No. 6 - REVERT(2 txs)
2019-07-25 04:39:27,123: [4151] m.c.manticore:INFO: Generated testcase No. 5 - REVERT(2 txs)
2019-07-25 04:39:27,228: [4144] m.c.manticore:INFO: Generated testcase No. 7 - RETURN(1 txs)
2019-07-25 04:39:27,380: [4149] m.c.manticore:INFO: Generated testcase No. 8 - REVERT(2 txs)
2019-07-25 04:39:50,650: [4141] m.c.manticore:INFO: Generated testcase No. 9 - REVERT(2 txs)
2019-07-25 04:39:52,314: [4144] m.c.manticore:INFO: Generated testcase No. 10 - REVERT(2 txs)
2019-07-25 04:39:52,721: [4134] m.c.manticore:INFO: Generated testcase No. 11 - REVERT(2 txs)
2019-07-25 04:39:55,456: [4149] m.c.manticore:INFO: Generated testcase No. 12 - RETURN(2 txs)
2019-07-25 04:39:55,613: [4151] m.c.manticore:INFO: Generated testcase No. 13 - RETURN(2 txs)
2019-07-25 04:39:57,846: [4132] m.c.manticore:INFO: Generated testcase No. 14 - REVERT(3 txs)
2019-07-25 04:39:59,728: [4131] m.c.manticore:INFO: Generated testcase No. 15 - REVERT(3 txs)
2019-07-25 04:40:01,763: [4148] m.c.manticore:INFO: Generated testcase No. 16 - REVERT(3 txs)
2019-07-25 04:40:03,619: [4138] m.c.manticore:INFO: Generated testcase No. 17 - REVERT(3 txs)
2019-07-25 04:40:17,285: [4141] m.c.manticore:INFO: Generated testcase No. 18 - REVERT(3 txs)
2019-07-25 04:40:21,354: [4144] m.c.manticore:INFO: Generated testcase No. 19 - REVERT(3 txs)
2019-07-25 04:40:22,416: [4134] m.c.manticore:INFO: Generated testcase No. 20 - REVERT(3 txs)
2019-07-25 04:40:25,528: [4151] m.c.manticore:INFO: Generated testcase No. 21 - REVERT(3 txs)
2019-07-25 04:40:25,662: [4149] m.c.manticore:INFO: Generated testcase No. 22 - REVERT(3 txs)
2019-07-25 04:40:31,531: [4131] m.c.manticore:INFO: Generated testcase No. 23 - REVERT(3 txs)
2019-07-25 04:40:34,848: [4138] m.c.manticore:INFO: Generated testcase No. 24 - REVERT(3 txs)
2019-07-25 04:40:35,931: [4148] m.c.manticore:INFO: Generated testcase No. 25 - REVERT(3 txs)
2019-07-25 04:40:36,545: [4132] m.c.manticore:INFO: Generated testcase No. 26 - REVERT(3 txs)
2019-07-25 04:40:50,855: [4141] m.c.manticore:INFO: Generated testcase No. 27 - REVERT(3 txs)
2019-07-25 04:41:04,711: [1504] m.c.manticore:INFO: Results in /mcore_9kqfippb
2019-07-25 04:41:07,504: [5318] m.main:INFO: Registered plugins: DetectReentrancyAdvanced, DetectReentrancySimple, DetectInvalid, DetectUnusedRetVal, DetectUninitializedStorage, DetectIntegerOverflow, DetectSuicidal, DetectExternalCallAndLeak, DetectEnvInstruction, DetectUninitializedMemory, DetectDelegatecall
2019-07-25 04:41:07,504: [5318] m.main:INFO: Beginning analysis
2019-07-25 04:41:07,549: [5318] m.e.manticore:INFO: Starting symbolic create contract
2019-07-25 04:41:29,105: [5318] m.e.manticore:INFO: Starting symbolic transaction: 0
2019-07-25 04:42:31,523: [6498] m.e.detectors:WARNING: Potentially reading uninitialized storage
2019-07-25 04:42:57,879: [6497] m.e.detectors:WARNING: Potentially reading uninitialized storage
2019-07-25 04:45:52,183: [6488] m.e.detectors:WARNING: Potentially reading uninitialized storage