INFO:Slither:Compilation warnings/errors on /unique_chucks/5/0x6067f3fe6e565f515c2c43b84582e1acc618c521.sol:
/unique_chucks/5/0x6067f3fe6e565f515c2c43b84582e1acc618c521.sol:36:13: Warning: "throw" is deprecated in favour of "revert()", "require()" and "assert()".
            throw;
            ^---^
/unique_chucks/5/0x6067f3fe6e565f515c2c43b84582e1acc618c521.sol:42:13: Warning: "throw" is deprecated in favour of "revert()", "require()" and "assert()".
            throw;
            ^---^
/unique_chucks/5/0x6067f3fe6e565f515c2c43b84582e1acc618c521.sol:48:13: Warning: "throw" is deprecated in favour of "revert()", "require()" and "assert()".
            throw;
            ^---^
/unique_chucks/5/0x6067f3fe6e565f515c2c43b84582e1acc618c521.sol:54:13: Warning: "throw" is deprecated in favour of "revert()", "require()" and "assert()".
            throw;
            ^---^
/unique_chucks/5/0x6067f3fe6e565f515c2c43b84582e1acc618c521.sol:60:13: Warning: "throw" is deprecated in favour of "revert()", "require()" and "assert()".
            throw;
            ^---^
/unique_chucks/5/0x6067f3fe6e565f515c2c43b84582e1acc618c521.sol:66:13: Warning: "throw" is deprecated in favour of "revert()", "require()" and "assert()".
            throw;
            ^---^
/unique_chucks/5/0x6067f3fe6e565f515c2c43b84582e1acc618c521.sol:72:13: Warning: "throw" is deprecated in favour of "revert()", "require()" and "assert()".
            throw;
            ^---^
/unique_chucks/5/0x6067f3fe6e565f515c2c43b84582e1acc618c521.sol:78:13: Warning: "throw" is deprecated in favour of "revert()", "require()" and "assert()".
            throw;
            ^---^
/unique_chucks/5/0x6067f3fe6e565f515c2c43b84582e1acc618c521.sol:87:13: Warning: "throw" is deprecated in favour of "revert()", "require()" and "assert()".
            throw;
            ^---^
/unique_chucks/5/0x6067f3fe6e565f515c2c43b84582e1acc618c521.sol:105:5: Warning: Defining constructors as functions with the same name as the contract is deprecated. Use "constructor(...) { ... }" instead.
    function MultiSigWallet(address[] _owners, uint _required)
    ^ (Relevant source part starts here and spans across multiple lines).
/unique_chucks/5/0x6067f3fe6e565f515c2c43b84582e1acc618c521.sol:111:17: Warning: "throw" is deprecated in favour of "revert()", "require()" and "assert()".
                throw;
                ^---^
/unique_chucks/5/0x6067f3fe6e565f515c2c43b84582e1acc618c521.sol:227:13: Warning: This declaration shadows a builtin symbol.
            Transaction tx = transactions[transactionId];
            ^------------^
/unique_chucks/5/0x6067f3fe6e565f515c2c43b84582e1acc618c521.sol:227:13: Warning: Variable is declared as a storage pointer. Use an explicit "storage" keyword to silence this warning.
            Transaction tx = transactions[transactionId];
            ^------------^
/unique_chucks/5/0x6067f3fe6e565f515c2c43b84582e1acc618c521.sol:96:13: Warning: Invoking events without "emit" prefix is deprecated.
            Deposit(msg.sender, msg.value);
            ^----------------------------^
/unique_chucks/5/0x6067f3fe6e565f515c2c43b84582e1acc618c521.sol:129:9: Warning: Invoking events without "emit" prefix is deprecated.
        OwnerAddition(owner);
        ^------------------^
/unique_chucks/5/0x6067f3fe6e565f515c2c43b84582e1acc618c521.sol:148:9: Warning: Invoking events without "emit" prefix is deprecated.
        OwnerRemoval(owner);
        ^-----------------^
/unique_chucks/5/0x6067f3fe6e565f515c2c43b84582e1acc618c521.sol:167:9: Warning: Invoking events without "emit" prefix is deprecated.
        OwnerRemoval(owner);
        ^-----------------^
/unique_chucks/5/0x6067f3fe6e565f515c2c43b84582e1acc618c521.sol:168:9: Warning: Invoking events without "emit" prefix is deprecated.
        OwnerAddition(newOwner);
        ^---------------------^
/unique_chucks/5/0x6067f3fe6e565f515c2c43b84582e1acc618c521.sol:179:9: Warning: Invoking events without "emit" prefix is deprecated.
        RequirementChange(_required);
        ^--------------------------^
/unique_chucks/5/0x6067f3fe6e565f515c2c43b84582e1acc618c521.sol:204:9: Warning: Invoking events without "emit" prefix is deprecated.
        Confirmation(msg.sender, transactionId);
        ^-------------------------------------^
/unique_chucks/5/0x6067f3fe6e565f515c2c43b84582e1acc618c521.sol:217:9: Warning: Invoking events without "emit" prefix is deprecated.
        Revocation(msg.sender, transactionId);
        ^-----------------------------------^
/unique_chucks/5/0x6067f3fe6e565f515c2c43b84582e1acc618c521.sol:230:17: Warning: Invoking events without "emit" prefix is deprecated.
                Execution(transactionId);
                ^----------------------^
/unique_chucks/5/0x6067f3fe6e565f515c2c43b84582e1acc618c521.sol:232:17: Warning: Invoking events without "emit" prefix is deprecated.
                ExecutionFailure(transactionId);
                ^-----------------------------^
/unique_chucks/5/0x6067f3fe6e565f515c2c43b84582e1acc618c521.sol:276:9: Warning: Invoking events without "emit" prefix is deprecated.
        Submission(transactionId);
        ^-----------------------^
/unique_chucks/5/0x6067f3fe6e565f515c2c43b84582e1acc618c521.sol:92:5: Warning: No visibility specified. Defaulting to "public". 
    function()
    ^ (Relevant source part starts here and spans across multiple lines).

INFO:Detectors:[92m
MultiSigWallet.executeTransaction.tx (local variable @ /unique_chucks/5/0x6067f3fe6e565f515c2c43b84582e1acc618c521.sol#232-233) shadows built-in symbol "tx"
Reference: https://github.com/trailofbits/slither/wiki/Detectors-Documentation#builtin-symbol-shadowing[0m
INFO:Detectors:[92m
Deprecated standard detected @ /unique_chucks/5/0x6067f3fe6e565f515c2c43b84582e1acc618c521.sol#115-116:
	- Usage of "throw" should be replaced with "revert()"
Deprecated standard detected @ /unique_chucks/5/0x6067f3fe6e565f515c2c43b84582e1acc618c521.sol#40:
	- Usage of "throw" should be replaced with "revert()"
Deprecated standard detected @ /unique_chucks/5/0x6067f3fe6e565f515c2c43b84582e1acc618c521.sol#46:
	- Usage of "throw" should be replaced with "revert()"
Deprecated standard detected @ /unique_chucks/5/0x6067f3fe6e565f515c2c43b84582e1acc618c521.sol#52:
	- Usage of "throw" should be replaced with "revert()"
Deprecated standard detected @ /unique_chucks/5/0x6067f3fe6e565f515c2c43b84582e1acc618c521.sol#58:
	- Usage of "throw" should be replaced with "revert()"
Deprecated standard detected @ /unique_chucks/5/0x6067f3fe6e565f515c2c43b84582e1acc618c521.sol#64:
	- Usage of "throw" should be replaced with "revert()"
Deprecated standard detected @ /unique_chucks/5/0x6067f3fe6e565f515c2c43b84582e1acc618c521.sol#70:
	- Usage of "throw" should be replaced with "revert()"
Deprecated standard detected @ /unique_chucks/5/0x6067f3fe6e565f515c2c43b84582e1acc618c521.sol#77:
	- Usage of "throw" should be replaced with "revert()"
Deprecated standard detected @ /unique_chucks/5/0x6067f3fe6e565f515c2c43b84582e1acc618c521.sol#82:
	- Usage of "throw" should be replaced with "revert()"
Deprecated standard detected @ /unique_chucks/5/0x6067f3fe6e565f515c2c43b84582e1acc618c521.sol#92:
	- Usage of "throw" should be replaced with "revert()"
Reference: https://github.com/trailofbits/slither/wiki/Detectors-Documentation#deprecated-standards[0m
INFO:Detectors:[92m
MultiSigWallet.fallback (/unique_chucks/5/0x6067f3fe6e565f515c2c43b84582e1acc618c521.sol#96-102) should be declared external
MultiSigWallet.addOwner (/unique_chucks/5/0x6067f3fe6e565f515c2c43b84582e1acc618c521.sol#124-134) should be declared external
MultiSigWallet.removeOwner (/unique_chucks/5/0x6067f3fe6e565f515c2c43b84582e1acc618c521.sol#139-152) should be declared external
MultiSigWallet.replaceOwner (/unique_chucks/5/0x6067f3fe6e565f515c2c43b84582e1acc618c521.sol#159-173) should be declared external
MultiSigWallet.submitTransaction (/unique_chucks/5/0x6067f3fe6e565f515c2c43b84582e1acc618c521.sol#191-199) should be declared external
MultiSigWallet.revokeConfirmation (/unique_chucks/5/0x6067f3fe6e565f515c2c43b84582e1acc618c521.sol#216-225) should be declared external
MultiSigWallet.getConfirmationCount (/unique_chucks/5/0x6067f3fe6e565f515c2c43b84582e1acc618c521.sol#295-299) should be declared external
MultiSigWallet.getTransactionCount (/unique_chucks/5/0x6067f3fe6e565f515c2c43b84582e1acc618c521.sol#307-321) should be declared external
MultiSigWallet.getOwners (/unique_chucks/5/0x6067f3fe6e565f515c2c43b84582e1acc618c521.sol#323-328) should be declared external
MultiSigWallet.getConfirmations (/unique_chucks/5/0x6067f3fe6e565f515c2c43b84582e1acc618c521.sol#332-346) should be declared external
MultiSigWallet.getTransactionIds (/unique_chucks/5/0x6067f3fe6e565f515c2c43b84582e1acc618c521.sol#356-366) should be declared external
Reference: https://github.com/trailofbits/slither/wiki/Detectors-Documentation#public-function-that-could-be-declared-as-external[0m
INFO:Detectors:[92m
Detected issues with version pragma in /unique_chucks/5/0x6067f3fe6e565f515c2c43b84582e1acc618c521.sol:
	- pragma solidity^0.4.13 (/unique_chucks/5/0x6067f3fe6e565f515c2c43b84582e1acc618c521.sol#1): it allows old versions
Reference: https://github.com/trailofbits/slither/wiki/Detectors-Documentation#incorrect-version-of-solidity[0m
INFO:Detectors:[92m
Low level call in MultiSigWallet.executeTransaction (/unique_chucks/5/0x6067f3fe6e565f515c2c43b84582e1acc618c521.sol#228-244):
	-tx.destination.call.value(tx.value)(tx.data) /unique_chucks/5/0x6067f3fe6e565f515c2c43b84582e1acc618c521.sol#238-243
Reference: https://github.com/trailofbits/slither/wiki/Detectors-Documentation#low-level-calls[0m
INFO:Detectors:[92m
Function 'MultiSigWallet.MultiSigWallet' (/unique_chucks/5/0x6067f3fe6e565f515c2c43b84582e1acc618c521.sol#107-119) is not in mixedCase
Parameter '_owners' of MultiSigWallet.MultiSigWallet (/unique_chucks/5/0x6067f3fe6e565f515c2c43b84582e1acc618c521.sol#108-109) is not in mixedCase
Parameter '_required' of MultiSigWallet.MultiSigWallet (/unique_chucks/5/0x6067f3fe6e565f515c2c43b84582e1acc618c521.sol#109) is not in mixedCase
Parameter '_required' of MultiSigWallet.changeRequirement (/unique_chucks/5/0x6067f3fe6e565f515c2c43b84582e1acc618c521.sol#179-182) is not in mixedCase
Reference: https://github.com/trailofbits/slither/wiki/Detectors-Documentation#conformance-to-solidity-naming-conventions[0m
INFO:Slither:/unique_chucks/5/0x6067f3fe6e565f515c2c43b84582e1acc618c521.sol analyzed (1 contracts), 28 result(s) found