INFO:Slither:Compilation warnings/errors on /unique_contracts/0x357f69c9d7680c84c2bb26864a0f50bc561166d0.sol:
/unique_contracts/0x357f69c9d7680c84c2bb26864a0f50bc561166d0.sol:292:3: Warning: Defining constructors as functions with the same name as the contract is deprecated. Use "constructor(...) { ... }" instead.
  function Crowdsale(uint256 _startTime, uint256 _endTime, uint256 _rate, address _wallet) public {
  ^ (Relevant source part starts here and spans across multiple lines).
/unique_contracts/0x357f69c9d7680c84c2bb26864a0f50bc561166d0.sol:362:3: Warning: Defining constructors as functions with the same name as the contract is deprecated. Use "constructor(...) { ... }" instead.
  function CappedCrowdsale(uint256 _cap) public {
  ^ (Relevant source part starts here and spans across multiple lines).
/unique_contracts/0x357f69c9d7680c84c2bb26864a0f50bc561166d0.sol:423:3: Warning: Defining constructors as functions with the same name as the contract is deprecated. Use "constructor(...) { ... }" instead.
  function Ownable() public {
  ^ (Relevant source part starts here and spans across multiple lines).
/unique_contracts/0x357f69c9d7680c84c2bb26864a0f50bc561166d0.sol:331:5: Warning: Invoking events without "emit" prefix is deprecated.
    TokenPurchase(msg.sender, beneficiary, weiAmount, tokens);
    ^-------------------------------------------------------^
/unique_contracts/0x357f69c9d7680c84c2bb26864a0f50bc561166d0.sol:443:5: Warning: Invoking events without "emit" prefix is deprecated.
    OwnershipTransferred(owner, newOwner);
    ^-----------------------------------^
/unique_contracts/0x357f69c9d7680c84c2bb26864a0f50bc561166d0.sol:616:5: Warning: Invoking events without "emit" prefix is deprecated.
    Finalized();
    ^---------^
/unique_contracts/0x357f69c9d7680c84c2bb26864a0f50bc561166d0.sol:875:5: Warning: Invoking events without "emit" prefix is deprecated.
    Pause();
    ^-----^
/unique_contracts/0x357f69c9d7680c84c2bb26864a0f50bc561166d0.sol:883:5: Warning: Invoking events without "emit" prefix is deprecated.
    Unpause();
    ^-------^
/unique_contracts/0x357f69c9d7680c84c2bb26864a0f50bc561166d0.sol:994:5: Warning: Invoking events without "emit" prefix is deprecated.
    Transfer(msg.sender, _to, _value);
    ^-------------------------------^
/unique_contracts/0x357f69c9d7680c84c2bb26864a0f50bc561166d0.sol:1025:9: Warning: Invoking events without "emit" prefix is deprecated.
        Burn(burner, _value);
        ^------------------^
/unique_contracts/0x357f69c9d7680c84c2bb26864a0f50bc561166d0.sol:1055:5: Warning: Invoking events without "emit" prefix is deprecated.
    Transfer(_from, _to, _value);
    ^--------------------------^
/unique_contracts/0x357f69c9d7680c84c2bb26864a0f50bc561166d0.sol:1071:5: Warning: Invoking events without "emit" prefix is deprecated.
    Approval(msg.sender, _spender, _value);
    ^------------------------------------^
/unique_contracts/0x357f69c9d7680c84c2bb26864a0f50bc561166d0.sol:1097:5: Warning: Invoking events without "emit" prefix is deprecated.
    Approval(msg.sender, _spender, allowed[msg.sender][_spender]);
    ^-----------------------------------------------------------^
/unique_contracts/0x357f69c9d7680c84c2bb26864a0f50bc561166d0.sol:1118:5: Warning: Invoking events without "emit" prefix is deprecated.
    Approval(msg.sender, _spender, allowed[msg.sender][_spender]);
    ^-----------------------------------------------------------^
/unique_contracts/0x357f69c9d7680c84c2bb26864a0f50bc561166d0.sol:1145:5: Warning: Invoking events without "emit" prefix is deprecated.
    Mint(_to, _amount);
    ^----------------^
/unique_contracts/0x357f69c9d7680c84c2bb26864a0f50bc561166d0.sol:1146:5: Warning: Invoking events without "emit" prefix is deprecated.
    Transfer(address(0), _to, _amount);
    ^--------------------------------^
/unique_contracts/0x357f69c9d7680c84c2bb26864a0f50bc561166d0.sol:1156:5: Warning: Invoking events without "emit" prefix is deprecated.
    MintFinished();
    ^------------^
/unique_contracts/0x357f69c9d7680c84c2bb26864a0f50bc561166d0.sol:626:3: Warning: Function state mutability can be restricted to pure
  function finalization() internal {
  ^ (Relevant source part starts here and spans across multiple lines).

INFO:Detectors:[93m
Reentrancy in ICOCrowdsale.buyTokens (/unique_contracts/0x357f69c9d7680c84c2bb26864a0f50bc561166d0.sol#770-803):
	External calls:
	- beneficiaryBalance = token.balanceOf(beneficiary) (/unique_contracts/0x357f69c9d7680c84c2bb26864a0f50bc561166d0.sol#783-785)
	State variables written after the call(s):
	- preSalesEndDate (/unique_contracts/0x357f69c9d7680c84c2bb26864a0f50bc561166d0.sol#792)
	- weiRaised (/unique_contracts/0x357f69c9d7680c84c2bb26864a0f50bc561166d0.sol#790)
Reentrancy in ICOTokenExtended.transferOverBalanceFunds (/unique_contracts/0x357f69c9d7680c84c2bb26864a0f50bc561166d0.sol):
	External calls:
	- require(bool)(! hookOperator.isOverBalanceLimitHolder(from)) (/unique_contracts/0x357f69c9d7680c84c2bb26864a0f50bc561166d0.sol)
	- oracleRate = aiurExchangeOracle.rate() (/unique_contracts/0x357f69c9d7680c84c2bb26864a0f50bc561166d0.sol)
	- maxTokensBalance = totalSupply.mul(hookOperator.getBalancePercentageLimit()).div(100) (/unique_contracts/0x357f69c9d7680c84c2bb26864a0f50bc561166d0.sol)
	- weiToRefund = aiurExchangeOracle.convertTokensAmountInWeiAtRate(tokensToTake,rate) (/unique_contracts/0x357f69c9d7680c84c2bb26864a0f50bc561166d0.sol)
	- require(bool)(hookOperator.isInBalanceLimit(to,tokensToTake)) (/unique_contracts/0x357f69c9d7680c84c2bb26864a0f50bc561166d0.sol)
	State variables written after the call(s):
	- balances (/unique_contracts/0x357f69c9d7680c84c2bb26864a0f50bc561166d0.sol)
Reference: https://github.com/trailofbits/slither/wiki/Detectors-Documentation#reentrancy-vulnerabilities-1[0m
INFO:Detectors:[93m
Crowdsale.buyTokens (/unique_contracts/0x357f69c9d7680c84c2bb26864a0f50bc561166d0.sol#330-344) does not use the value returned by external calls:
	-token.mint(beneficiary,tokens) (/unique_contracts/0x357f69c9d7680c84c2bb26864a0f50bc561166d0.sol#342-343)
ICOCrowdsale.buyTokens (/unique_contracts/0x357f69c9d7680c84c2bb26864a0f50bc561166d0.sol#770-803) does not use the value returned by external calls:
	-token.mint(beneficiary,tokens) (/unique_contracts/0x357f69c9d7680c84c2bb26864a0f50bc561166d0.sol#798)
ICOCrowdsale.createBountyToken (/unique_contracts/0x357f69c9d7680c84c2bb26864a0f50bc561166d0.sol#837-855) does not use the value returned by external calls:
	-token.mint(beneficiary,amount) (/unique_contracts/0x357f69c9d7680c84c2bb26864a0f50bc561166d0.sol#847-848)
Reference: https://github.com/trailofbits/slither/wiki/Detectors-Documentation#unused-return[0m
INFO:Detectors:[92m
ICOCrowdsale.constructor.startTime (local variable @ /unique_contracts/0x357f69c9d7680c84c2bb26864a0f50bc561166d0.sol#736) shadows:
	- Crowdsale.startTime (state variable @ /unique_contracts/0x357f69c9d7680c84c2bb26864a0f50bc561166d0.sol#283)
ICOCrowdsale.constructor.endTime (local variable @ /unique_contracts/0x357f69c9d7680c84c2bb26864a0f50bc561166d0.sol#736) shadows:
	- Crowdsale.endTime (state variable @ /unique_contracts/0x357f69c9d7680c84c2bb26864a0f50bc561166d0.sol#284)
ICOCrowdsale.constructor.wallet (local variable @ /unique_contracts/0x357f69c9d7680c84c2bb26864a0f50bc561166d0.sol#736-738) shadows:
	- Crowdsale.wallet (state variable @ /unique_contracts/0x357f69c9d7680c84c2bb26864a0f50bc561166d0.sol#285-286)
ICOCappedRefundableCrowdsale.constructor.startTime (local variable @ /unique_contracts/0x357f69c9d7680c84c2bb26864a0f50bc561166d0.sol#871-873) shadows:
	- Crowdsale.startTime (state variable @ /unique_contracts/0x357f69c9d7680c84c2bb26864a0f50bc561166d0.sol#283)
ICOCappedRefundableCrowdsale.constructor.endTime (local variable @ /unique_contracts/0x357f69c9d7680c84c2bb26864a0f50bc561166d0.sol#873) shadows:
	- Crowdsale.endTime (state variable @ /unique_contracts/0x357f69c9d7680c84c2bb26864a0f50bc561166d0.sol#284)
ICOCappedRefundableCrowdsale.constructor.wallet (local variable @ /unique_contracts/0x357f69c9d7680c84c2bb26864a0f50bc561166d0.sol#874-875) shadows:
	- Crowdsale.wallet (state variable @ /unique_contracts/0x357f69c9d7680c84c2bb26864a0f50bc561166d0.sol#285-286)
Reference: https://github.com/trailofbits/slither/wiki/Detectors-Documentation#local-variable-shadowing[0m
INFO:Detectors:[92m
Reentrancy in ICOTokenExtended.burn (/unique_contracts/0x357f69c9d7680c84c2bb26864a0f50bc561166d0.sol#1306-1309):
	External calls:
	- hookOperator.onBurn(tokensAmount) (/unique_contracts/0x357f69c9d7680c84c2bb26864a0f50bc561166d0.sol#1307)
	State variables written after the call(s):
	- balances (/unique_contracts/0x357f69c9d7680c84c2bb26864a0f50bc561166d0.sol#1309)
	- totalSupply (/unique_contracts/0x357f69c9d7680c84c2bb26864a0f50bc561166d0.sol#1309)
Reentrancy in ICOCrowdsale.buyTokens (/unique_contracts/0x357f69c9d7680c84c2bb26864a0f50bc561166d0.sol#770-803):
	External calls:
	- beneficiaryBalance = token.balanceOf(beneficiary) (/unique_contracts/0x357f69c9d7680c84c2bb26864a0f50bc561166d0.sol#783-785)
	State variables written after the call(s):
	- isPresalesNotEndedInAdvance (/unique_contracts/0x357f69c9d7680c84c2bb26864a0f50bc561166d0.sol#793-795)
Reentrancy in ICOTokenExtended.mint (/unique_contracts/0x357f69c9d7680c84c2bb26864a0f50bc561166d0.sol#1295-1306):
	External calls:
	- hookOperator.onMint(to,tokensAmount) (/unique_contracts/0x357f69c9d7680c84c2bb26864a0f50bc561166d0.sol#1298-1300)
	State variables written after the call(s):
	- balances (/unique_contracts/0x357f69c9d7680c84c2bb26864a0f50bc561166d0.sol#1301-1304)
	- totalSupply (/unique_contracts/0x357f69c9d7680c84c2bb26864a0f50bc561166d0.sol#1300-1301)
Reentrancy in ICOTokenExtended.transfer (/unique_contracts/0x357f69c9d7680c84c2bb26864a0f50bc561166d0.sol#1309-1315):
	External calls:
	- hookOperator.onTransfer(msg.sender,to,tokensAmount) (/unique_contracts/0x357f69c9d7680c84c2bb26864a0f50bc561166d0.sol#1312-1314)
	State variables written after the call(s):
	- balances (/unique_contracts/0x357f69c9d7680c84c2bb26864a0f50bc561166d0.sol#1314-1315)
Reentrancy in ICOTokenExtended.transferFrom (/unique_contracts/0x357f69c9d7680c84c2bb26864a0f50bc561166d0.sol#1315-1320):
	External calls:
	- hookOperator.onTransfer(from,to,tokensAmount) (/unique_contracts/0x357f69c9d7680c84c2bb26864a0f50bc561166d0.sol#1319)
	State variables written after the call(s):
	- allowed (/unique_contracts/0x357f69c9d7680c84c2bb26864a0f50bc561166d0.sol#1320)
	- balances (/unique_contracts/0x357f69c9d7680c84c2bb26864a0f50bc561166d0.sol#1320)
Reference: https://github.com/trailofbits/slither/wiki/Detectors-Documentation#reentrancy-vulnerabilities-2[0m
INFO:Detectors:[92m
ExchangeOracle.isIrisOracle should be constant (/unique_contracts/0x357f69c9d7680c84c2bb26864a0f50bc561166d0.sol#918-920)
Reference: https://github.com/trailofbits/slither/wiki/Detectors-Documentation#state-variables-that-could-be-declared-constant[0m
INFO:Detectors:[92m
INotInitedOwnable.init (/unique_contracts/0x357f69c9d7680c84c2bb26864a0f50bc561166d0.sol#5-6) should be declared external
IOwnableUpgradeableImplementation.transferOwnership (/unique_contracts/0x357f69c9d7680c84c2bb26864a0f50bc561166d0.sol#12-14) should be declared external
INotInitedOwnable.transferOwnership (/unique_contracts/0x357f69c9d7680c84c2bb26864a0f50bc561166d0.sol#7-10) should be declared external
IOwnableUpgradeableImplementation.getOwner (/unique_contracts/0x357f69c9d7680c84c2bb26864a0f50bc561166d0.sol#14-16) should be declared external
IOwnableUpgradeableImplementation.upgradeImplementation (/unique_contracts/0x357f69c9d7680c84c2bb26864a0f50bc561166d0.sol#16-18) should be declared external
IOwnableUpgradeableImplementation.getImplementation (/unique_contracts/0x357f69c9d7680c84c2bb26864a0f50bc561166d0.sol#18-21) should be declared external
IHookOperator.setBalancePercentageLimit (/unique_contracts/0x357f69c9d7680c84c2bb26864a0f50bc561166d0.sol#39-40) should be declared external
IHookOperator.getBalancePercentageLimit (/unique_contracts/0x357f69c9d7680c84c2bb26864a0f50bc561166d0.sol#40-42) should be declared external
IHookOperator.setOverBalanceLimitHolder (/unique_contracts/0x357f69c9d7680c84c2bb26864a0f50bc561166d0.sol#42-44) should be declared external
IHookOperator.setUserManager (/unique_contracts/0x357f69c9d7680c84c2bb26864a0f50bc561166d0.sol#44-45) should be declared external
IHookOperator.getUserManager (/unique_contracts/0x357f69c9d7680c84c2bb26864a0f50bc561166d0.sol#45-47) should be declared external
IHookOperator.setICOToken (/unique_contracts/0x357f69c9d7680c84c2bb26864a0f50bc561166d0.sol#47-48) should be declared external
IHookOperator.getICOToken (/unique_contracts/0x357f69c9d7680c84c2bb26864a0f50bc561166d0.sol#48-53) should be declared external
IHookOperator.onTransfer (/unique_contracts/0x357f69c9d7680c84c2bb26864a0f50bc561166d0.sol#53-55) should be declared external
IHookOperator.onMint (/unique_contracts/0x357f69c9d7680c84c2bb26864a0f50bc561166d0.sol#55-59) should be declared external
IHookOperator.onBurn (/unique_contracts/0x357f69c9d7680c84c2bb26864a0f50bc561166d0.sol#59) should be declared external
IHookOperator.onTaxTransfer (/unique_contracts/0x357f69c9d7680c84c2bb26864a0f50bc561166d0.sol#59-64) should be declared external
IHookOperator.kycVerification (/unique_contracts/0x357f69c9d7680c84c2bb26864a0f50bc561166d0.sol#64-66) should be declared external
IHookOperator.setKYCVerificationContract (/unique_contracts/0x357f69c9d7680c84c2bb26864a0f50bc561166d0.sol#66-68) should be declared external
IHookOperator.getKYCVerificationContractAddress (/unique_contracts/0x357f69c9d7680c84c2bb26864a0f50bc561166d0.sol#68-73) should be declared external
IHookOperator.updateUserRatio (/unique_contracts/0x357f69c9d7680c84c2bb26864a0f50bc561166d0.sol#73-75) should be declared external
IHookOperator.isOverBalanceLimitHolder (/unique_contracts/0x357f69c9d7680c84c2bb26864a0f50bc561166d0.sol#75-77) should be declared external
IHookOperator.isInBalanceLimit (/unique_contracts/0x357f69c9d7680c84c2bb26864a0f50bc561166d0.sol#77-81) should be declared external
IUserContract.isExchangeUser (/unique_contracts/0x357f69c9d7680c84c2bb26864a0f50bc561166d0.sol#128-130) should be declared external
IUserContract.isUserPolicyAccepted (/unique_contracts/0x357f69c9d7680c84c2bb26864a0f50bc561166d0.sol#132-134) should be declared external
IUserManager.setDataContract (/unique_contracts/0x357f69c9d7680c84c2bb26864a0f50bc561166d0.sol#222-223) should be declared external
IUserManager.getDataContractAddress (/unique_contracts/0x357f69c9d7680c84c2bb26864a0f50bc561166d0.sol#225-228) should be declared external
IUserManager.setTaxPercentage (/unique_contracts/0x357f69c9d7680c84c2bb26864a0f50bc561166d0.sol#228-230) should be declared external
IUserManager.setTaxationPeriod (/unique_contracts/0x357f69c9d7680c84c2bb26864a0f50bc561166d0.sol#230-231) should be declared external
IUserManager.setUserFactoryContract (/unique_contracts/0x357f69c9d7680c84c2bb26864a0f50bc561166d0.sol#234-236) should be declared external
IUserManager.getUserFactoryContractAddress (/unique_contracts/0x357f69c9d7680c84c2bb26864a0f50bc561166d0.sol#236-238) should be declared external
IUserManager.setHookOperatorContract (/unique_contracts/0x357f69c9d7680c84c2bb26864a0f50bc561166d0.sol#242) should be declared external
IUserManager.getHookOperatorContractAddress (/unique_contracts/0x357f69c9d7680c84c2bb26864a0f50bc561166d0.sol#242-246) should be declared external
IUserManager.isUserKYCVerified (/unique_contracts/0x357f69c9d7680c84c2bb26864a0f50bc561166d0.sol#246-248) should be declared external
IUserManager.isBlacklisted (/unique_contracts/0x357f69c9d7680c84c2bb26864a0f50bc561166d0.sol#248-250) should be declared external
IUserManager.isBannedUser (/unique_contracts/0x357f69c9d7680c84c2bb26864a0f50bc561166d0.sol#250-252) should be declared external
IUserManager.updateGenerationRatio (/unique_contracts/0x357f69c9d7680c84c2bb26864a0f50bc561166d0.sol#252-254) should be declared external
IUserManager.updateLastTransactionTime (/unique_contracts/0x357f69c9d7680c84c2bb26864a0f50bc561166d0.sol#256) should be declared external
IUserManager.getUserContractAddress (/unique_contracts/0x357f69c9d7680c84c2bb26864a0f50bc561166d0.sol#258-260) should be declared external
IUserManager.isValidUser (/unique_contracts/0x357f69c9d7680c84c2bb26864a0f50bc561166d0.sol#260-264) should be declared external
Ownable.transferOwnership (/unique_contracts/0x357f69c9d7680c84c2bb26864a0f50bc561166d0.sol#456-462) should be declared external
FinalizableCrowdsale.finalize (/unique_contracts/0x357f69c9d7680c84c2bb26864a0f50bc561166d0.sol#639-646) should be declared external
ICOCrowdsale.extendPreSalesPeriodWith (/unique_contracts/0x357f69c9d7680c84c2bb26864a0f50bc561166d0.sol#762-769) should be declared external
ICOCrowdsale.createBountyToken (/unique_contracts/0x357f69c9d7680c84c2bb26864a0f50bc561166d0.sol#837-855) should be declared external
ICOCrowdsale.setUserManagerContract (/unique_contracts/0x357f69c9d7680c84c2bb26864a0f50bc561166d0.sol#855-865) should be declared external
Pausable.pause (/unique_contracts/0x357f69c9d7680c84c2bb26864a0f50bc561166d0.sol#910-911) should be declared external
Pausable.unpause (/unique_contracts/0x357f69c9d7680c84c2bb26864a0f50bc561166d0.sol#912-914) should be declared external
ERC20.allowance (/unique_contracts/0x357f69c9d7680c84c2bb26864a0f50bc561166d0.sol#1053-1055) should be declared external
StandardToken.allowance (/unique_contracts/0x357f69c9d7680c84c2bb26864a0f50bc561166d0.sol#1105-1108) should be declared external
MintableToken.mint (/unique_contracts/0x357f69c9d7680c84c2bb26864a0f50bc561166d0.sol#1176-1184) should be declared external
ICOTokenExtended.mint (/unique_contracts/0x357f69c9d7680c84c2bb26864a0f50bc561166d0.sol#1295-1306) should be declared external
MintableToken.finishMinting (/unique_contracts/0x357f69c9d7680c84c2bb26864a0f50bc561166d0.sol#1188-1195) should be declared external
Reference: https://github.com/trailofbits/slither/wiki/Detectors-Documentation#public-function-that-could-be-declared-as-external[0m
INFO:Detectors:[92m
Function 'Crowdsale.Crowdsale' (/unique_contracts/0x357f69c9d7680c84c2bb26864a0f50bc561166d0.sol#300-314) is not in mixedCase
Parameter '_startTime' of Crowdsale.Crowdsale (/unique_contracts/0x357f69c9d7680c84c2bb26864a0f50bc561166d0.sol#300-301) is not in mixedCase
Parameter '_endTime' of Crowdsale.Crowdsale (/unique_contracts/0x357f69c9d7680c84c2bb26864a0f50bc561166d0.sol#301-302) is not in mixedCase
Parameter '_rate' of Crowdsale.Crowdsale (/unique_contracts/0x357f69c9d7680c84c2bb26864a0f50bc561166d0.sol#302-305) is not in mixedCase
Parameter '_wallet' of Crowdsale.Crowdsale (/unique_contracts/0x357f69c9d7680c84c2bb26864a0f50bc561166d0.sol#305) is not in mixedCase
Function 'CappedCrowdsale.CappedCrowdsale' (/unique_contracts/0x357f69c9d7680c84c2bb26864a0f50bc561166d0.sol#371-375) is not in mixedCase
Parameter '_cap' of CappedCrowdsale.CappedCrowdsale (/unique_contracts/0x357f69c9d7680c84c2bb26864a0f50bc561166d0.sol#374) is not in mixedCase
Function 'Ownable.Ownable' (/unique_contracts/0x357f69c9d7680c84c2bb26864a0f50bc561166d0.sol#441-443) is not in mixedCase
Parameter '_wallet' of RefundVault. (/unique_contracts/0x357f69c9d7680c84c2bb26864a0f50bc561166d0.sol#490) is not in mixedCase
Parameter '_goal' of RefundableCrowdsale. (/unique_contracts/0x357f69c9d7680c84c2bb26864a0f50bc561166d0.sol#665-666) is not in mixedCase
Parameter 'HookOperatorContractAddress' of ICOCappedRefundableCrowdsale. (/unique_contracts/0x357f69c9d7680c84c2bb26864a0f50bc561166d0.sol#875-879) is not in mixedCase
Parameter '_owner' of BasicToken.balanceOf (/unique_contracts/0x357f69c9d7680c84c2bb26864a0f50bc561166d0.sol#1032) is not in mixedCase
Parameter '_to' of BasicToken.transfer (/unique_contracts/0x357f69c9d7680c84c2bb26864a0f50bc561166d0.sol#1019) is not in mixedCase
Parameter '_value' of BasicToken.transfer (/unique_contracts/0x357f69c9d7680c84c2bb26864a0f50bc561166d0.sol#1019) is not in mixedCase
Parameter '_value' of BurnableToken.burn (/unique_contracts/0x357f69c9d7680c84c2bb26864a0f50bc561166d0.sol#1043) is not in mixedCase
Parameter '_owner' of StandardToken.allowance (/unique_contracts/0x357f69c9d7680c84c2bb26864a0f50bc561166d0.sol#1106) is not in mixedCase
Parameter '_spender' of StandardToken.allowance (/unique_contracts/0x357f69c9d7680c84c2bb26864a0f50bc561166d0.sol#1106-1107) is not in mixedCase
Parameter '_from' of StandardToken.transferFrom (/unique_contracts/0x357f69c9d7680c84c2bb26864a0f50bc561166d0.sol#1069) is not in mixedCase
Parameter '_to' of StandardToken.transferFrom (/unique_contracts/0x357f69c9d7680c84c2bb26864a0f50bc561166d0.sol#1069) is not in mixedCase
Parameter '_value' of StandardToken.transferFrom (/unique_contracts/0x357f69c9d7680c84c2bb26864a0f50bc561166d0.sol#1069) is not in mixedCase
Parameter '_spender' of StandardToken.approve (/unique_contracts/0x357f69c9d7680c84c2bb26864a0f50bc561166d0.sol#1095) is not in mixedCase
Parameter '_value' of StandardToken.approve (/unique_contracts/0x357f69c9d7680c84c2bb26864a0f50bc561166d0.sol#1095) is not in mixedCase
Parameter '_spender' of StandardToken.increaseApproval (/unique_contracts/0x357f69c9d7680c84c2bb26864a0f50bc561166d0.sol#1122-1124) is not in mixedCase
Parameter '_addedValue' of StandardToken.increaseApproval (/unique_contracts/0x357f69c9d7680c84c2bb26864a0f50bc561166d0.sol#1124) is not in mixedCase
Parameter '_spender' of StandardToken.decreaseApproval (/unique_contracts/0x357f69c9d7680c84c2bb26864a0f50bc561166d0.sol#1150-1151) is not in mixedCase
Parameter '_subtractedValue' of StandardToken.decreaseApproval (/unique_contracts/0x357f69c9d7680c84c2bb26864a0f50bc561166d0.sol#1151) is not in mixedCase
Parameter '_to' of MintableToken.mint (/unique_contracts/0x357f69c9d7680c84c2bb26864a0f50bc561166d0.sol#1176) is not in mixedCase
Parameter '_amount' of MintableToken.mint (/unique_contracts/0x357f69c9d7680c84c2bb26864a0f50bc561166d0.sol#1176-1179) is not in mixedCase
Parameter '_to' of PausableToken.transfer (/unique_contracts/0x357f69c9d7680c84c2bb26864a0f50bc561166d0.sol#1198) is not in mixedCase
Parameter '_value' of PausableToken.transfer (/unique_contracts/0x357f69c9d7680c84c2bb26864a0f50bc561166d0.sol#1198-1200) is not in mixedCase
Parameter '_from' of PausableToken.transferFrom (/unique_contracts/0x357f69c9d7680c84c2bb26864a0f50bc561166d0.sol#1200-1202) is not in mixedCase
Parameter '_to' of PausableToken.transferFrom (/unique_contracts/0x357f69c9d7680c84c2bb26864a0f50bc561166d0.sol#1202) is not in mixedCase
Parameter '_value' of PausableToken.transferFrom (/unique_contracts/0x357f69c9d7680c84c2bb26864a0f50bc561166d0.sol#1202) is not in mixedCase
Parameter '_spender' of PausableToken.approve (/unique_contracts/0x357f69c9d7680c84c2bb26864a0f50bc561166d0.sol#1204) is not in mixedCase
Parameter '_value' of PausableToken.approve (/unique_contracts/0x357f69c9d7680c84c2bb26864a0f50bc561166d0.sol#1204) is not in mixedCase
Parameter '_spender' of PausableToken.increaseApproval (/unique_contracts/0x357f69c9d7680c84c2bb26864a0f50bc561166d0.sol#1208) is not in mixedCase
Parameter '_addedValue' of PausableToken.increaseApproval (/unique_contracts/0x357f69c9d7680c84c2bb26864a0f50bc561166d0.sol#1208-1209) is not in mixedCase
Parameter '_spender' of PausableToken.decreaseApproval (/unique_contracts/0x357f69c9d7680c84c2bb26864a0f50bc561166d0.sol#1215-1217) is not in mixedCase
Parameter '_subtractedValue' of PausableToken.decreaseApproval (/unique_contracts/0x357f69c9d7680c84c2bb26864a0f50bc561166d0.sol#1217-1220) is not in mixedCase
Reference: https://github.com/trailofbits/slither/wiki/Detectors-Documentation#conformance-to-solidity-naming-conventions[0m
INFO:Slither:/unique_contracts/0x357f69c9d7680c84c2bb26864a0f50bc561166d0.sol analyzed (26 contracts), 108 result(s) found