2019-07-25 01:08:06,077: [12] m.main:INFO: Registered plugins: DetectSuicidal, DetectUninitializedStorage, DetectReentrancySimple, DetectInvalid, DetectEnvInstruction, DetectDelegatecall, DetectUninitializedMemory, DetectUnusedRetVal, DetectExternalCallAndLeak, DetectReentrancyAdvanced, DetectIntegerOverflow
2019-07-25 01:08:06,078: [12] m.main:INFO: Beginning analysis
2019-07-25 01:08:06,106: [12] m.e.manticore:INFO: Starting symbolic create contract
2019-07-25 01:08:06,493: [56] m.c.manticore:INFO: Generated testcase No. 0 - NO STATE RESULT (?)(0 txs)
2019-07-25 01:08:07,167: [12] m.c.manticore:INFO: Results in /mcore_ep334b3i
2019-07-25 01:08:08,108: [315] m.main:INFO: Registered plugins: DetectUnusedRetVal, DetectReentrancySimple, DetectInvalid, DetectExternalCallAndLeak, DetectSuicidal, DetectUninitializedStorage, DetectEnvInstruction, DetectReentrancyAdvanced, DetectDelegatecall, DetectUninitializedMemory, DetectIntegerOverflow
2019-07-25 01:08:08,108: [315] m.main:INFO: Beginning analysis
2019-07-25 01:08:08,182: [315] m.e.manticore:INFO: Starting symbolic create contract
2019-07-25 01:08:11,340: [315] m.e.manticore:INFO: Starting symbolic transaction: 0
2019-07-25 01:08:15,709: [315] m.e.manticore:INFO: 1 alive states, 5 terminated states
2019-07-25 01:08:16,662: [315] m.e.manticore:INFO: Starting symbolic transaction: 1
2019-07-25 01:08:21,497: [315] m.e.manticore:INFO: 1 alive states, 10 terminated states
2019-07-25 01:08:22,691: [1827] m.c.manticore:INFO: Generated testcase No. 0 - RETURN(3 txs)
2019-07-25 01:08:22,716: [1825] m.c.manticore:INFO: Generated testcase No. 1 - REVERT(2 txs)
2019-07-25 01:08:22,744: [1824] m.c.manticore:INFO: Generated testcase No. 2 - RETURN(1 txs)
2019-07-25 01:08:22,755: [1829] m.c.manticore:INFO: Generated testcase No. 3 - REVERT(2 txs)
2019-07-25 01:08:22,946: [1830] m.c.manticore:INFO: Generated testcase No. 4 - REVERT(2 txs)
2019-07-25 01:08:22,975: [1833] m.c.manticore:INFO: Generated testcase No. 5 - REVERT(2 txs)
2019-07-25 01:08:23,024: [1838] m.c.manticore:INFO: Generated testcase No. 6 - REVERT(3 txs)
2019-07-25 01:08:23,119: [1836] m.c.manticore:INFO: Generated testcase No. 7 - RETURN(2 txs)
2019-07-25 01:08:23,122: [1840] m.c.manticore:INFO: Generated testcase No. 8 - REVERT(3 txs)
2019-07-25 01:08:23,239: [1843] m.c.manticore:INFO: Generated testcase No. 9 - REVERT(3 txs)
2019-07-25 01:08:40,682: [1824] m.c.manticore:INFO: Generated testcase No. 10 - REVERT(3 txs)
2019-07-25 01:08:48,883: [315] m.c.manticore:INFO: Results in /mcore_d7slgl_1
2019-07-25 01:08:51,304: [2451] m.main:INFO: Registered plugins: DetectReentrancySimple, DetectInvalid, DetectUnusedRetVal, DetectReentrancyAdvanced, DetectUninitializedStorage, DetectIntegerOverflow, DetectSuicidal, DetectExternalCallAndLeak, DetectEnvInstruction, DetectUninitializedMemory, DetectDelegatecall
2019-07-25 01:08:51,304: [2451] m.main:INFO: Beginning analysis
2019-07-25 01:08:51,347: [2451] m.e.manticore:INFO: Starting symbolic create contract
2019-07-25 01:08:52,911: [2451] m.e.manticore:INFO: Starting symbolic transaction: 0
2019-07-25 01:08:54,091: [2451] m.e.manticore:INFO: 0 alive states, 2 terminated states
2019-07-25 01:08:54,295: [2451] m.e.manticore:INFO: Starting symbolic transaction: 1
2019-07-25 01:08:54,505: [3023] m.c.manticore:INFO: Generated testcase No. 0 - RETURN(1 txs)
2019-07-25 01:08:54,508: [3021] m.c.manticore:INFO: Generated testcase No. 1 - REVERT(2 txs)
2019-07-25 01:08:55,705: [2451] m.c.manticore:INFO: Results in /mcore_75wwl0cb
2019-07-25 01:08:56,879: [3336] m.main:INFO: Registered plugins: DetectInvalid, DetectUnusedRetVal, DetectUninitializedStorage, DetectExternalCallAndLeak, DetectSuicidal, DetectEnvInstruction, DetectReentrancySimple, DetectUninitializedMemory, DetectReentrancyAdvanced, DetectDelegatecall, DetectIntegerOverflow
2019-07-25 01:08:56,880: [3336] m.main:INFO: Beginning analysis
2019-07-25 01:08:56,890: [3336] m.e.manticore:INFO: Starting symbolic create contract
2019-07-25 01:08:59,946: [3336] m.e.manticore:INFO: Starting symbolic transaction: 0
2019-07-25 01:09:07,578: [3649] m.e.detectors:WARNING: INVALID instruction
2019-07-25 01:09:24,306: [3336] m.e.manticore:INFO: 3 alive states, 7 terminated states
2019-07-25 01:09:25,704: [3336] m.e.manticore:INFO: Starting symbolic transaction: 1
2019-07-25 01:09:54,589: [4998] m.e.detectors:WARNING: INVALID instruction
2019-07-25 01:09:56,185: [4992] m.e.detectors:WARNING: INVALID instruction
2019-07-25 01:10:07,178: [4987] m.e.detectors:WARNING: INVALID instruction
2019-07-25 01:11:09,426: [3336] m.e.manticore:INFO: 9 alive states, 28 terminated states
2019-07-25 01:11:11,670: [8652] m.c.manticore:INFO: Generated testcase No. 0 - RETURN(3 txs)
2019-07-25 01:11:11,931: [8651] m.c.manticore:INFO: Generated testcase No. 1 - RETURN(3 txs)
2019-07-25 01:11:11,940: [8670] m.c.manticore:INFO: Generated testcase No. 3 - RETURN(3 txs)
2019-07-25 01:11:12,065: [8666] m.c.manticore:INFO: Generated testcase No. 4 - RETURN(3 txs)
2019-07-25 01:11:12,238: [8659] m.c.manticore:INFO: Generated testcase No. 6 - RETURN(3 txs)
2019-07-25 01:11:12,326: [8662] m.c.manticore:INFO: Generated testcase No. 2 - RETURN(3 txs)
2019-07-25 01:11:12,327: [8674] m.c.manticore:INFO: Generated testcase No. 7 - RETURN(3 txs)
2019-07-25 01:11:12,362: [8656] m.c.manticore:INFO: Generated testcase No. 5 - RETURN(3 txs)
2019-07-25 01:11:12,630: [8668] m.c.manticore:INFO: Generated testcase No. 8 - RETURN(3 txs)
2019-07-25 01:11:43,385: [8674] m.c.manticore:INFO: Generated testcase No. 9 - RETURN(1 txs)
2019-07-25 01:11:45,029: [8670] m.c.manticore:INFO: Generated testcase No. 10 - REVERT(2 txs)
2019-07-25 01:11:46,575: [8659] m.c.manticore:INFO: Generated testcase No. 11 - REVERT(2 txs)
2019-07-25 01:11:50,321: [8666] m.c.manticore:INFO: Generated testcase No. 12 - REVERT(2 txs)
2019-07-25 01:11:57,267: [8668] m.c.manticore:INFO: Generated testcase No. 13 - REVERT(2 txs)
2019-07-25 01:11:58,665: [8651] m.c.manticore:INFO: Generated testcase No. 14 - REVERT(2 txs)
2019-07-25 01:11:59,837: [8662] m.c.manticore:INFO: Generated testcase No. 15 - THROW(2 txs)
2019-07-25 01:12:07,861: [8674] m.c.manticore:INFO: Generated testcase No. 16 - RETURN(2 txs)
2019-07-25 01:12:08,977: [8656] m.c.manticore:INFO: Generated testcase No. 17 - RETURN(2 txs)
2019-07-25 01:12:12,065: [8670] m.c.manticore:INFO: Generated testcase No. 18 - RETURN(2 txs)
2019-07-25 01:12:15,013: [8659] m.c.manticore:INFO: Generated testcase No. 19 - REVERT(3 txs)
2019-07-25 01:12:18,343: [8666] m.c.manticore:INFO: Generated testcase No. 20 - REVERT(3 txs)
2019-07-25 01:12:23,367: [8651] m.c.manticore:INFO: Generated testcase No. 21 - REVERT(3 txs)
2019-07-25 01:12:25,116: [8668] m.c.manticore:INFO: Generated testcase No. 22 - REVERT(3 txs)
2019-07-25 01:12:27,874: [8662] m.c.manticore:INFO: Generated testcase No. 23 - REVERT(3 txs)
2019-07-25 01:12:32,445: [8674] m.c.manticore:INFO: Generated testcase No. 24 - REVERT(3 txs)
2019-07-25 01:12:32,567: [8652] m.c.manticore:INFO: Generated testcase No. 25 - REVERT(3 txs)
2019-07-25 01:12:36,940: [8656] m.c.manticore:INFO: Generated testcase No. 26 - REVERT(3 txs)
2019-07-25 01:12:48,551: [8670] m.c.manticore:INFO: Generated testcase No. 27 - REVERT(3 txs)
2019-07-25 01:12:51,072: [8659] m.c.manticore:INFO: Generated testcase No. 28 - REVERT(3 txs)
2019-07-25 01:12:55,864: [8666] m.c.manticore:INFO: Generated testcase No. 29 - REVERT(3 txs)
2019-07-25 01:13:00,867: [8651] m.c.manticore:INFO: Generated testcase No. 30 - REVERT(3 txs)
2019-07-25 01:13:01,761: [8662] m.c.manticore:INFO: Generated testcase No. 31 - REVERT(3 txs)
2019-07-25 01:13:02,479: [8674] m.c.manticore:INFO: Generated testcase No. 32 - REVERT(3 txs)
2019-07-25 01:13:05,235: [8668] m.c.manticore:INFO: Generated testcase No. 33 - REVERT(3 txs)
2019-07-25 01:13:07,983: [8652] m.c.manticore:INFO: Generated testcase No. 34 - THROW(3 txs)
2019-07-25 01:13:21,114: [8656] m.c.manticore:INFO: Generated testcase No. 35 - THROW(3 txs)
2019-07-25 01:13:27,428: [8659] m.c.manticore:INFO: Generated testcase No. 36 - THROW(3 txs)
2019-07-25 01:13:43,895: [3336] m.c.manticore:INFO: Results in /mcore_rjfytbd1
2019-07-25 01:13:47,605: [10019] m.main:INFO: Registered plugins: DetectReentrancySimple, DetectInvalid, DetectUnusedRetVal, DetectUninitializedStorage, DetectIntegerOverflow, DetectSuicidal, DetectExternalCallAndLeak, DetectReentrancyAdvanced, DetectEnvInstruction, DetectUninitializedMemory, DetectDelegatecall
2019-07-25 01:13:47,606: [10019] m.main:INFO: Beginning analysis
2019-07-25 01:13:47,671: [10019] m.e.manticore:INFO: Starting symbolic create contract
2019-07-25 01:13:48,070: [10063] m.c.manticore:INFO: Generated testcase No. 0 - NO STATE RESULT (?)(0 txs)
2019-07-25 01:13:48,672: [10019] m.c.manticore:INFO: Results in /mcore_gk137ytk
2019-07-25 01:13:49,691: [10322] m.main:INFO: Registered plugins: DetectSuicidal, DetectReentrancySimple, DetectInvalid, DetectDelegatecall, DetectUnusedRetVal, DetectUninitializedStorage, DetectIntegerOverflow, DetectExternalCallAndLeak, DetectEnvInstruction, DetectUninitializedMemory, DetectReentrancyAdvanced
2019-07-25 01:13:49,691: [10322] m.main:INFO: Beginning analysis
2019-07-25 01:13:49,702: [10322] m.e.manticore:INFO: Starting symbolic create contract
2019-07-25 01:13:57,579: [10322] m.e.manticore:INFO: Starting symbolic transaction: 0
2019-07-25 01:14:40,657: [10618] m.e.detectors:WARNING: INVALID instruction
2019-07-25 01:15:07,985: [10632] m.e.detectors:WARNING: INVALID instruction
2019-07-25 01:16:25,012: [10322] m.e.manticore:INFO: 9 alive states, 14 terminated states
2019-07-25 01:16:31,270: [10322] m.e.manticore:INFO: Starting symbolic transaction: 1
2019-07-25 01:19:40,829: [15758] m.e.detectors:WARNING: Potentially reading uninitialized storage
2019-07-25 01:23:07,369: [15761] m.e.detectors:WARNING: INVALID instruction
2019-07-25 01:24:13,157: [15758] m.e.detectors:WARNING: INVALID instruction
2019-07-25 01:26:51,833: [15753] m.e.detectors:WARNING: INVALID instruction
2019-07-25 01:27:09,729: [15746] m.e.detectors:WARNING: INVALID instruction
2019-07-25 01:28:35,321: [15762] m.e.detectors:WARNING: INVALID instruction
2019-07-25 01:28:43,233: [15762] m.e.detectors:WARNING: INVALID instruction
2019-07-25 01:28:50,538: [15762] m.e.detectors:WARNING: INVALID instruction
2019-07-25 01:31:51,133: [15736] m.e.detectors:WARNING: Potentially reading uninitialized storage
2019-07-25 01:32:32,034: [15755] m.e.detectors:WARNING: Potentially reading uninitialized storage
2019-07-25 01:33:01,629: [15736] m.e.detectors:WARNING: INVALID instruction
2019-07-25 01:33:17,781: [15736] m.e.detectors:WARNING: INVALID instruction
2019-07-25 01:37:17,965: [15736] m.e.detectors:WARNING: INVALID instruction
2019-07-25 01:37:29,545: [15751] m.e.detectors:WARNING: INVALID instruction