INFO:Slither:Compilation warnings/errors on /unique_chucks/34/0x128eb016a48ea9c451ffd802379d24b60b3da304.sol:
/unique_chucks/34/0x128eb016a48ea9c451ffd802379d24b60b3da304.sol:136:17: Warning: Function declared as view, but this expression (potentially) modifies the state and thus requires non-payable (the default) or payable.
        return (t.balanceOf(this));
                ^---------------^

INFO:Detectors:[93m
Token (/unique_chucks/34/0x128eb016a48ea9c451ffd802379d24b60b3da304.sol#3-8) has incorrect ERC20 function interface(s):
	-transfer (/unique_chucks/34/0x128eb016a48ea9c451ffd802379d24b60b3da304.sol#4-5)
Reference: https://github.com/trailofbits/slither/wiki/Detectors-Documentation#incorrect-erc20-interface[0m
INFO:Detectors:[92m
Axioms.distributeVariable has external calls inside a loop:
	- airdrop.tokenSC.transfer(_addrs[i],_vals[i]) (/unique_chucks/34/0x128eb016a48ea9c451ffd802379d24b60b3da304.sol#84-87)
Axioms.distributeFixed has external calls inside a loop:
	- airdrop.tokenSC.transfer(_addrs[i],_amoutToEach) (/unique_chucks/34/0x128eb016a48ea9c451ffd802379d24b60b3da304.sol#104-107)
Reference: https://github.com/trailofbits/slither/wiki/Detectors-Documentation/_edit#calls-inside-a-loop[0m
INFO:Detectors:[92m
Reentrancy in Axioms.addNewAirdrop (/unique_chucks/34/0x128eb016a48ea9c451ffd802379d24b60b3da304.sol#43-66):
	External calls:
	- t.balanceOf(this) >= _tokenAmount (/unique_chucks/34/0x128eb016a48ea9c451ffd802379d24b60b3da304.sol#55-56)
	State variables written after the call(s):
	- airdrops (/unique_chucks/34/0x128eb016a48ea9c451ffd802379d24b60b3da304.sol#56)
	- airdrops (/unique_chucks/34/0x128eb016a48ea9c451ffd802379d24b60b3da304.sol#58-59)
	- airdrops (/unique_chucks/34/0x128eb016a48ea9c451ffd802379d24b60b3da304.sol#59-60)
	- airdrops (/unique_chucks/34/0x128eb016a48ea9c451ffd802379d24b60b3da304.sol#61)
	- airdrops (/unique_chucks/34/0x128eb016a48ea9c451ffd802379d24b60b3da304.sol#61-62)
	- airdrops (/unique_chucks/34/0x128eb016a48ea9c451ffd802379d24b60b3da304.sol#62-63)
	- airdrops (/unique_chucks/34/0x128eb016a48ea9c451ffd802379d24b60b3da304.sol#63-66)
	- idCounter (/unique_chucks/34/0x128eb016a48ea9c451ffd802379d24b60b3da304.sol#66)
Reference: https://github.com/trailofbits/slither/wiki/Detectors-Documentation#reentrancy-vulnerabilities-2[0m
INFO:Detectors:[92m
Token.transfer (/unique_chucks/34/0x128eb016a48ea9c451ffd802379d24b60b3da304.sol#4-5) should be declared external
Token.balanceOf (/unique_chucks/34/0x128eb016a48ea9c451ffd802379d24b60b3da304.sol#5-8) should be declared external
Axioms.addNewAirdrop (/unique_chucks/34/0x128eb016a48ea9c451ffd802379d24b60b3da304.sol#43-66) should be declared external
Axioms.distributeVariable (/unique_chucks/34/0x128eb016a48ea9c451ffd802379d24b60b3da304.sol#73-87) should be declared external
Axioms.distributeFixed (/unique_chucks/34/0x128eb016a48ea9c451ffd802379d24b60b3da304.sol#94-108) should be declared external
Axioms.withdrawTokens (/unique_chucks/34/0x128eb016a48ea9c451ffd802379d24b60b3da304.sol#117-123) should be declared external
Axioms.withdrawLeftOverEth (/unique_chucks/34/0x128eb016a48ea9c451ffd802379d24b60b3da304.sol#146-148) should be declared external
Reference: https://github.com/trailofbits/slither/wiki/Detectors-Documentation#public-function-that-could-be-declared-as-external[0m
INFO:Detectors:[92m
Parameter '_tokenAmount' of Axioms.addNewAirdrop (/unique_chucks/34/0x128eb016a48ea9c451ffd802379d24b60b3da304.sol#45-46) is not in mixedCase
Parameter '_name' of Axioms.addNewAirdrop (/unique_chucks/34/0x128eb016a48ea9c451ffd802379d24b60b3da304.sol#46) is not in mixedCase
Parameter '_countDown' of Axioms.addNewAirdrop (/unique_chucks/34/0x128eb016a48ea9c451ffd802379d24b60b3da304.sol#47-49) is not in mixedCase
Parameter '_smartContract' of Axioms.addNewAirdrop (/unique_chucks/34/0x128eb016a48ea9c451ffd802379d24b60b3da304.sol#50-52) is not in mixedCase
Parameter '_addrs' of Axioms.distributeVariable (/unique_chucks/34/0x128eb016a48ea9c451ffd802379d24b60b3da304.sol#77-79) is not in mixedCase
Parameter '_vals' of Axioms.distributeVariable (/unique_chucks/34/0x128eb016a48ea9c451ffd802379d24b60b3da304.sol#79) is not in mixedCase
Parameter '_addrs' of Axioms.distributeFixed (/unique_chucks/34/0x128eb016a48ea9c451ffd802379d24b60b3da304.sol#99) is not in mixedCase
Parameter '_amoutToEach' of Axioms.distributeFixed (/unique_chucks/34/0x128eb016a48ea9c451ffd802379d24b60b3da304.sol#99) is not in mixedCase
Parameter '_amount' of Axioms.withdrawTokens (/unique_chucks/34/0x128eb016a48ea9c451ffd802379d24b60b3da304.sol#119) is not in mixedCase
Reference: https://github.com/trailofbits/slither/wiki/Detectors-Documentation#conformance-to-solidity-naming-conventions[0m
INFO:Slither:/unique_chucks/34/0x128eb016a48ea9c451ffd802379d24b60b3da304.sol analyzed (2 contracts), 20 result(s) found