2019-07-26 01:09:46,047: [12] m.main:INFO: Registered plugins: DetectReentrancySimple, DetectInvalid, DetectUnusedRetVal, DetectReentrancyAdvanced, DetectUninitializedStorage, DetectIntegerOverflow, DetectSuicidal, DetectExternalCallAndLeak, DetectEnvInstruction, DetectUninitializedMemory, DetectDelegatecall
2019-07-26 01:09:46,048: [12] m.main:INFO: Beginning analysis
2019-07-26 01:09:46,067: [12] m.e.manticore:INFO: Starting symbolic create contract
2019-07-26 01:09:47,282: [12] m.e.manticore:INFO: Starting symbolic transaction: 0
2019-07-26 01:09:48,287: [12] m.e.manticore:INFO: 0 alive states, 2 terminated states
2019-07-26 01:09:48,422: [12] m.e.manticore:INFO: Starting symbolic transaction: 1
2019-07-26 01:09:48,551: [584] m.c.manticore:INFO: Generated testcase No. 0 - RETURN(1 txs)
2019-07-26 01:09:48,574: [582] m.c.manticore:INFO: Generated testcase No. 1 - REVERT(2 txs)
2019-07-26 01:09:49,788: [12] m.c.manticore:INFO: Results in /mcore_ltx_hsse
2019-07-26 01:09:50,899: [897] m.main:INFO: Registered plugins: DetectReentrancySimple, DetectInvalid, DetectUnusedRetVal, DetectUninitializedStorage, DetectIntegerOverflow, DetectSuicidal, DetectExternalCallAndLeak, DetectReentrancyAdvanced, DetectEnvInstruction, DetectUninitializedMemory, DetectDelegatecall
2019-07-26 01:09:50,899: [897] m.main:INFO: Beginning analysis
2019-07-26 01:09:50,956: [897] m.e.manticore:INFO: Starting symbolic create contract
2019-07-26 01:09:51,192: [941] m.c.manticore:INFO: Generated testcase No. 0 - NO STATE RESULT (?)(0 txs)
2019-07-26 01:09:51,733: [897] m.c.manticore:INFO: Results in /mcore_zgtmtrjw
2019-07-26 01:09:52,484: [1200] m.main:INFO: Registered plugins: DetectReentrancySimple, DetectInvalid, DetectUnusedRetVal, DetectExternalCallAndLeak, DetectSuicidal, DetectUninitializedStorage, DetectEnvInstruction, DetectReentrancyAdvanced, DetectDelegatecall, DetectUninitializedMemory, DetectIntegerOverflow
2019-07-26 01:09:52,484: [1200] m.main:INFO: Beginning analysis
2019-07-26 01:09:52,500: [1200] m.e.manticore:INFO: Starting symbolic create contract
2019-07-26 01:09:55,300: [1200] m.e.manticore:INFO: Starting symbolic transaction: 0
2019-07-26 01:10:02,361: [1496] m.e.detectors:WARNING: INVALID instruction
2019-07-26 01:10:17,623: [1200] m.e.manticore:INFO: 3 alive states, 7 terminated states
2019-07-26 01:10:19,146: [1200] m.e.manticore:INFO: Starting symbolic transaction: 1
2019-07-26 01:10:45,936: [2850] m.e.detectors:WARNING: INVALID instruction
2019-07-26 01:10:48,062: [2850] m.e.detectors:WARNING: INVALID instruction
2019-07-26 01:10:59,753: [2868] m.e.detectors:WARNING: INVALID instruction
2019-07-26 01:12:20,281: [1200] m.e.manticore:INFO: 9 alive states, 28 terminated states
2019-07-26 01:12:22,257: [6514] m.c.manticore:INFO: Generated testcase No. 0 - RETURN(3 txs)
2019-07-26 01:12:22,278: [6516] m.c.manticore:INFO: Generated testcase No. 1 - RETURN(3 txs)
2019-07-26 01:12:22,632: [6531] m.c.manticore:INFO: Generated testcase No. 2 - RETURN(3 txs)
2019-07-26 01:12:22,831: [6521] m.c.manticore:INFO: Generated testcase No. 3 - RETURN(3 txs)
2019-07-26 01:12:22,834: [6541] m.c.manticore:INFO: Generated testcase No. 6 - RETURN(3 txs)
2019-07-26 01:12:22,935: [6543] m.c.manticore:INFO: Generated testcase No. 7 - RETURN(1 txs)
2019-07-26 01:12:23,005: [6539] m.c.manticore:INFO: Generated testcase No. 4 - RETURN(3 txs)
2019-07-26 01:12:23,008: [6535] m.c.manticore:INFO: Generated testcase No. 8 - RETURN(3 txs)
2019-07-26 01:12:23,263: [6544] m.c.manticore:INFO: Generated testcase No. 9 - RETURN(3 txs)
2019-07-26 01:12:23,304: [6528] m.c.manticore:INFO: Generated testcase No. 5 - RETURN(3 txs)
2019-07-26 01:12:48,907: [6543] m.c.manticore:INFO: Generated testcase No. 10 - REVERT(2 txs)
2019-07-26 01:12:54,426: [6544] m.c.manticore:INFO: Generated testcase No. 11 - REVERT(2 txs)
2019-07-26 01:12:56,636: [6539] m.c.manticore:INFO: Generated testcase No. 12 - REVERT(2 txs)
2019-07-26 01:12:59,213: [6541] m.c.manticore:INFO: Generated testcase No. 13 - REVERT(2 txs)
2019-07-26 01:13:04,409: [6528] m.c.manticore:INFO: Generated testcase No. 14 - REVERT(2 txs)
2019-07-26 01:13:07,914: [6521] m.c.manticore:INFO: Generated testcase No. 15 - THROW(2 txs)
2019-07-26 01:13:14,319: [6531] m.c.manticore:INFO: Generated testcase No. 16 - RETURN(2 txs)
2019-07-26 01:13:14,531: [6516] m.c.manticore:INFO: Generated testcase No. 17 - RETURN(2 txs)
2019-07-26 01:13:15,121: [6543] m.c.manticore:INFO: Generated testcase No. 18 - RETURN(2 txs)
2019-07-26 01:13:15,206: [6535] m.c.manticore:INFO: Generated testcase No. 19 - REVERT(3 txs)
2019-07-26 01:13:21,442: [6544] m.c.manticore:INFO: Generated testcase No. 20 - REVERT(3 txs)
2019-07-26 01:13:25,342: [6541] m.c.manticore:INFO: Generated testcase No. 21 - REVERT(3 txs)
2019-07-26 01:13:26,963: [6539] m.c.manticore:INFO: Generated testcase No. 22 - REVERT(3 txs)
2019-07-26 01:13:31,555: [6528] m.c.manticore:INFO: Generated testcase No. 23 - REVERT(3 txs)
2019-07-26 01:13:32,726: [6521] m.c.manticore:INFO: Generated testcase No. 24 - REVERT(3 txs)
2019-07-26 01:13:41,046: [6514] m.c.manticore:INFO: Generated testcase No. 25 - REVERT(3 txs)
2019-07-26 01:13:42,632: [6516] m.c.manticore:INFO: Generated testcase No. 26 - REVERT(3 txs)
2019-07-26 01:13:44,963: [6531] m.c.manticore:INFO: Generated testcase No. 27 - REVERT(3 txs)
2019-07-26 01:13:50,508: [6535] m.c.manticore:INFO: Generated testcase No. 28 - REVERT(3 txs)
2019-07-26 01:13:56,045: [6544] m.c.manticore:INFO: Generated testcase No. 29 - REVERT(3 txs)
2019-07-26 01:13:57,611: [6543] m.c.manticore:INFO: Generated testcase No. 31 - REVERT(3 txs)
2019-07-26 01:13:58,644: [6541] m.c.manticore:INFO: Generated testcase No. 30 - REVERT(3 txs)
2019-07-26 01:14:02,937: [6521] m.c.manticore:INFO: Generated testcase No. 32 - REVERT(3 txs)
2019-07-26 01:14:03,964: [6539] m.c.manticore:INFO: Generated testcase No. 33 - REVERT(3 txs)
2019-07-26 01:14:07,024: [6528] m.c.manticore:INFO: Generated testcase No. 34 - THROW(3 txs)
2019-07-26 01:14:16,134: [6514] m.c.manticore:INFO: Generated testcase No. 35 - THROW(3 txs)
2019-07-26 01:14:26,141: [6535] m.c.manticore:INFO: Generated testcase No. 36 - THROW(3 txs)
2019-07-26 01:14:42,980: [1200] m.c.manticore:INFO: Results in /mcore_o8g15l5v
2019-07-26 01:14:46,132: [7884] m.main:INFO: Registered plugins: DetectSuicidal, DetectReentrancyAdvanced, DetectInvalid, DetectUnusedRetVal, DetectEnvInstruction, DetectDelegatecall, DetectUninitializedStorage, DetectIntegerOverflow, DetectReentrancySimple, DetectExternalCallAndLeak, DetectUninitializedMemory
2019-07-26 01:14:46,133: [7884] m.main:INFO: Beginning analysis
2019-07-26 01:14:46,164: [7884] m.e.manticore:INFO: Starting symbolic create contract
2019-07-26 01:14:46,280: [7928] m.c.manticore:INFO: Generated testcase No. 0 - NO STATE RESULT (?)(0 txs)
2019-07-26 01:14:46,864: [7884] m.c.manticore:INFO: Results in /mcore_5ibc0qcm
2019-07-26 01:14:47,601: [8187] m.main:INFO: Registered plugins: DetectReentrancyAdvanced, DetectSuicidal, DetectEnvInstruction, DetectUnusedRetVal, DetectInvalid, DetectDelegatecall, DetectUninitializedStorage, DetectExternalCallAndLeak, DetectReentrancySimple, DetectIntegerOverflow, DetectUninitializedMemory
2019-07-26 01:14:47,612: [8187] m.main:INFO: Beginning analysis
2019-07-26 01:14:47,652: [8187] m.e.manticore:INFO: Starting symbolic create contract
2019-07-26 01:14:54,660: [8187] m.e.manticore:INFO: Starting symbolic transaction: 0
2019-07-26 01:15:34,727: [8483] m.e.detectors:WARNING: INVALID instruction
2019-07-26 01:15:56,814: [8483] m.e.detectors:WARNING: INVALID instruction
2019-07-26 01:17:07,450: [8187] m.e.manticore:INFO: 9 alive states, 14 terminated states
2019-07-26 01:17:11,730: [8187] m.e.manticore:INFO: Starting symbolic transaction: 1
2019-07-26 01:21:14,951: [13631] m.e.detectors:WARNING: Potentially reading uninitialized storage
2019-07-26 01:23:52,730: [13614] m.e.detectors:WARNING: Potentially reading uninitialized storage
2019-07-26 01:24:14,958: [13628] m.e.detectors:WARNING: INVALID instruction
2019-07-26 01:24:30,602: [13628] m.e.detectors:WARNING: INVALID instruction
2019-07-26 01:24:51,867: [13619] m.e.detectors:WARNING: Potentially reading uninitialized storage
2019-07-26 01:24:59,518: [13628] m.e.detectors:WARNING: INVALID instruction
2019-07-26 01:25:14,442: [13631] m.e.detectors:WARNING: INVALID instruction
2019-07-26 01:27:39,402: [13623] m.e.detectors:WARNING: INVALID instruction
2019-07-26 01:31:51,014: [13628] m.e.detectors:WARNING: INVALID instruction
2019-07-26 01:32:16,806: [13603] m.e.detectors:WARNING: INVALID instruction
2019-07-26 01:32:53,834: [13625] m.e.detectors:WARNING: INVALID instruction
2019-07-26 01:33:01,402: [13631] m.e.detectors:WARNING: Potentially reading uninitialized storage
2019-07-26 01:38:14,456: [13603] m.e.detectors:WARNING: INVALID instruction