INFO:root:Contract /unique_chucks/37/0x657ccd6a9816a49da1bce76ff5245de29ce73807.sol:GiveMeLambosVitalik:
INFO:symExec:Running, please wait...
INFO:symExec:	============ Results ===========
INFO:symExec:	  EVM code coverage: 	 99.8%
INFO:symExec:	  Arithmetic bugs: 	 False
INFO:symExec:	  └> Overflow bugs: 	 False
INFO:symExec:	  └> Underflow bugs: 	 False
INFO:symExec:	  └> Division bugs: 	 False
INFO:symExec:	  └> Modulo bugs:   	 False
INFO:symExec:	  └> Truncation bugs: 	 False
INFO:symExec:	  └> Signedness bugs: 	 False
INFO:symExec:	  Callstack bug: 	 False
INFO:symExec:	  Concurrency bug: 	 False
INFO:symExec:	  Time dependency bug: 	 False
INFO:symExec:	  Reentrancy bug: 	 False
INFO:symExec:	 --- 1.60280203819 seconds ---
INFO:symExec:	====== Analysis Completed ======
INFO:root:Contract /unique_chucks/37/0x657ccd6a9816a49da1bce76ff5245de29ce73807.sol:Lambo:
INFO:symExec:Running, please wait...
INFO:symExec:	============ Results ===========
INFO:symExec:	  EVM code coverage: 	 56.1%
INFO:symExec:	  Arithmetic bugs: 	 True
INFO:symExec:	  └> Overflow bugs: 	 True
/unique_chucks/37/0x657ccd6a9816a49da1bce76ff5245de29ce73807.sol:Lambo:104:37
howmuch * (10 ** decimals)
^
/unique_chucks/37/0x657ccd6a9816a49da1bce76ff5245de29ce73807.sol:Lambo:103:26
balanceOf[who] + howmuch * (10 ** decimals)
^
/unique_chucks/37/0x657ccd6a9816a49da1bce76ff5245de29ce73807.sol:Lambo:104:23
totalSupply + howmuch * (10 ** decimals)
^
/unique_chucks/37/0x657ccd6a9816a49da1bce76ff5245de29ce73807.sol:Lambo:103:43
howmuch * (10 ** decimals)
^
INFO:symExec:	  └> Underflow bugs: 	 False
INFO:symExec:	  └> Division bugs: 	 False
INFO:symExec:	  └> Modulo bugs:   	 False
INFO:symExec:	  └> Truncation bugs: 	 False
INFO:symExec:	  └> Signedness bugs: 	 False
INFO:symExec:	  Callstack bug: 	 False
INFO:symExec:	  Concurrency bug: 	 False
INFO:symExec:	  Time dependency bug: 	 False
INFO:symExec:	  Reentrancy bug: 	 False
INFO:symExec:	 --- 50.0978679657 seconds ---
INFO:symExec:	====== Analysis Completed ======

  .oooooo.             o8o            o8o          
 d8P'  `Y8b            `"'            `"'          
888      888  .oooo.o oooo  oooo d8b oooo   .oooo.o
888      888 d88(  "8 `888  `888""8P `888  d88(  "8
888      888 `"Y88b.   888   888      888  `"Y88b. 
`88b    d88' o.  )88b  888   888      888  o.  )88b
 `Y8bood8P'  8""888P' o888o d888b    o888o 8""888P'



!!! SYMBOLIC EXECUTION TIMEOUT !!!