INFO:Slither:Compilation warnings/errors on /unique_chucks/34/0x1ab345a819eb8c2c4708a82e046a7a16ed534984.sol:
/unique_chucks/34/0x1ab345a819eb8c2c4708a82e046a7a16ed534984.sol:77:5: Warning: Defining constructors as functions with the same name as the contract is deprecated. Use "constructor(...) { ... }" instead.
    function Owned() public {
    ^ (Relevant source part starts here and spans across multiple lines).
/unique_chucks/34/0x1ab345a819eb8c2c4708a82e046a7a16ed534984.sol:115:5: Warning: Defining constructors as functions with the same name as the contract is deprecated. Use "constructor(...) { ... }" instead.
    function PureChainToken() public {
    ^ (Relevant source part starts here and spans across multiple lines).
/unique_chucks/34/0x1ab345a819eb8c2c4708a82e046a7a16ed534984.sol:91:9: Warning: Invoking events without "emit" prefix is deprecated.
        OwnershipTransferred(owner, newOwner);
        ^-----------------------------------^
/unique_chucks/34/0x1ab345a819eb8c2c4708a82e046a7a16ed534984.sol:121:9: Warning: Invoking events without "emit" prefix is deprecated.
        Transfer(address(0), 0x86a04D6922f1d9996EA0BDaBaCCe90Dc8E6De9bd, _totalSupply);
        ^----------------------------------------------------------------------------^
/unique_chucks/34/0x1ab345a819eb8c2c4708a82e046a7a16ed534984.sol:149:9: Warning: Invoking events without "emit" prefix is deprecated.
        Transfer(msg.sender, to, tokens);
        ^------------------------------^
/unique_chucks/34/0x1ab345a819eb8c2c4708a82e046a7a16ed534984.sol:164:9: Warning: Invoking events without "emit" prefix is deprecated.
        Approval(msg.sender, spender, tokens);
        ^-----------------------------------^
/unique_chucks/34/0x1ab345a819eb8c2c4708a82e046a7a16ed534984.sol:182:9: Warning: Invoking events without "emit" prefix is deprecated.
        Transfer(from, to, tokens);
        ^------------------------^
/unique_chucks/34/0x1ab345a819eb8c2c4708a82e046a7a16ed534984.sol:203:9: Warning: Invoking events without "emit" prefix is deprecated.
        Approval(msg.sender, spender, tokens);
        ^-----------------------------------^

INFO:Detectors:[93m
Contract locking ether found in /unique_chucks/34/0x1ab345a819eb8c2c4708a82e046a7a16ed534984.sol:
	Contract PureChainToken has payable functions:
	 - fallback (/unique_chucks/34/0x1ab345a819eb8c2c4708a82e046a7a16ed534984.sol#219)
	But does not have a function to withdraw the ether
Reference: https://github.com/trailofbits/slither/wiki/Detectors-Documentation#contracts-that-lock-ether[0m
INFO:Detectors:[92m
SafeMath.safeMul (/unique_chucks/34/0x1ab345a819eb8c2c4708a82e046a7a16ed534984.sol#30-34) should be declared external
SafeMath.safeDiv (/unique_chucks/34/0x1ab345a819eb8c2c4708a82e046a7a16ed534984.sol#34-41) should be declared external
PureChainToken.totalSupply (/unique_chucks/34/0x1ab345a819eb8c2c4708a82e046a7a16ed534984.sol#133-134) should be declared external
ERC20Interface.totalSupply (/unique_chucks/34/0x1ab345a819eb8c2c4708a82e046a7a16ed534984.sol#46-47) should be declared external
PureChainToken.balanceOf (/unique_chucks/34/0x1ab345a819eb8c2c4708a82e046a7a16ed534984.sol#141-142) should be declared external
ERC20Interface.balanceOf (/unique_chucks/34/0x1ab345a819eb8c2c4708a82e046a7a16ed534984.sol#47-48) should be declared external
ERC20Interface.allowance (/unique_chucks/34/0x1ab345a819eb8c2c4708a82e046a7a16ed534984.sol#48-49) should be declared external
PureChainToken.allowance (/unique_chucks/34/0x1ab345a819eb8c2c4708a82e046a7a16ed534984.sol#196-198) should be declared external
PureChainToken.transfer (/unique_chucks/34/0x1ab345a819eb8c2c4708a82e046a7a16ed534984.sol#148-155) should be declared external
ERC20Interface.transfer (/unique_chucks/34/0x1ab345a819eb8c2c4708a82e046a7a16ed534984.sol#49-50) should be declared external
PureChainToken.approve (/unique_chucks/34/0x1ab345a819eb8c2c4708a82e046a7a16ed534984.sol#164-172) should be declared external
ERC20Interface.approve (/unique_chucks/34/0x1ab345a819eb8c2c4708a82e046a7a16ed534984.sol#50-51) should be declared external
ERC20Interface.transferFrom (/unique_chucks/34/0x1ab345a819eb8c2c4708a82e046a7a16ed534984.sol#51-53) should be declared external
PureChainToken.transferFrom (/unique_chucks/34/0x1ab345a819eb8c2c4708a82e046a7a16ed534984.sol#180-189) should be declared external
ApproveAndCallFallBack.receiveApproval (/unique_chucks/34/0x1ab345a819eb8c2c4708a82e046a7a16ed534984.sol#64-68) should be declared external
Owned.transferOwnership (/unique_chucks/34/0x1ab345a819eb8c2c4708a82e046a7a16ed534984.sol#87-91) should be declared external
Owned.acceptOwnership (/unique_chucks/34/0x1ab345a819eb8c2c4708a82e046a7a16ed534984.sol#91-99) should be declared external
PureChainToken.approveAndCall (/unique_chucks/34/0x1ab345a819eb8c2c4708a82e046a7a16ed534984.sol#204-212) should be declared external
PureChainToken.fallback (/unique_chucks/34/0x1ab345a819eb8c2c4708a82e046a7a16ed534984.sol#219) should be declared external
PureChainToken.transferAnyERC20Token (/unique_chucks/34/0x1ab345a819eb8c2c4708a82e046a7a16ed534984.sol) should be declared external
Reference: https://github.com/trailofbits/slither/wiki/Detectors-Documentation#public-function-that-could-be-declared-as-external[0m
INFO:Detectors:[92m
Detected issues with version pragma in /unique_chucks/34/0x1ab345a819eb8c2c4708a82e046a7a16ed534984.sol:
	- pragma solidity^0.4.18 (/unique_chucks/34/0x1ab345a819eb8c2c4708a82e046a7a16ed534984.sol#1): it allows old versions
Reference: https://github.com/trailofbits/slither/wiki/Detectors-Documentation#incorrect-version-of-solidity[0m
INFO:Detectors:[92m
Function 'Owned.Owned' (/unique_chucks/34/0x1ab345a819eb8c2c4708a82e046a7a16ed534984.sol#81-84) is not in mixedCase
Parameter '_newOwner' of Owned.transferOwnership (/unique_chucks/34/0x1ab345a819eb8c2c4708a82e046a7a16ed534984.sol#89) is not in mixedCase
Function 'PureChainToken.PureChainToken' (/unique_chucks/34/0x1ab345a819eb8c2c4708a82e046a7a16ed534984.sol#118-127) is not in mixedCase
Variable 'PureChainToken._totalSupply' (/unique_chucks/34/0x1ab345a819eb8c2c4708a82e046a7a16ed534984.sol#109-112) is not in mixedCase
Reference: https://github.com/trailofbits/slither/wiki/Detectors-Documentation#conformance-to-solidity-naming-conventions[0m
INFO:Slither:/unique_chucks/34/0x1ab345a819eb8c2c4708a82e046a7a16ed534984.sol analyzed (5 contracts), 26 result(s) found