2019-08-01 18:45:40,450: [12] m.main:INFO: Registered plugins: DetectReentrancySimple, DetectInvalid, DetectSuicidal, DetectUninitializedStorage, DetectUnusedRetVal, DetectDelegatecall, DetectEnvInstruction, DetectUninitializedMemory, DetectReentrancyAdvanced, DetectExternalCallAndLeak, DetectIntegerOverflow
2019-08-01 18:45:40,451: [12] m.main:INFO: Beginning analysis
2019-08-01 18:45:40,461: [12] m.e.manticore:INFO: Starting symbolic create contract
2019-08-01 18:45:54,496: [12] m.e.manticore:INFO: Starting symbolic transaction: 0
2019-08-01 18:46:03,015: [1288] m.e.detectors:WARNING: INVALID instruction
2019-08-01 18:46:16,519: [1295] m.e.detectors:WARNING: Potentially reading uninitialized storage
2019-08-01 18:46:31,202: [1278] m.e.detectors:WARNING: Potentially reading uninitialized storage
2019-08-01 18:46:43,513: [1302] m.e.detectors:WARNING: Potentially reading uninitialized storage
2019-08-01 18:46:47,009: [1284] m.e.detectors:WARNING: INVALID instruction
2019-08-01 18:46:59,604: [1276] m.e.detectors:WARNING: Potentially reading uninitialized storage
2019-08-01 18:47:03,008: [1302] m.e.detectors:WARNING: Potentially reading uninitialized storage
2019-08-01 18:47:13,375: [1276] m.e.detectors:WARNING: Potentially reading uninitialized storage
2019-08-01 18:48:07,738: [1284] m.e.detectors:WARNING: Potentially reading uninitialized storage
2019-08-01 18:48:39,427: [1306] m.e.detectors:WARNING: Potentially reading uninitialized storage
2019-08-01 18:51:24,571: [1276] m.e.detectors:WARNING: INVALID instruction
2019-08-01 18:51:31,957: [1281] m.e.detectors:WARNING: INVALID instruction
2019-08-01 18:51:32,371: [12] m.e.manticore:INFO: 16 alive states, 29 terminated states
2019-08-01 18:51:39,775: [12] m.e.manticore:INFO: Starting symbolic transaction: 1
2019-08-01 18:53:13,580: [8416] m.e.detectors:WARNING: INVALID instruction
2019-08-01 18:53:56,410: [8422] m.e.detectors:WARNING: INVALID instruction
2019-08-01 18:53:59,142: [8378] m.e.detectors:WARNING: INVALID instruction
2019-08-01 18:54:40,500: [8407] m.e.detectors:WARNING: INVALID instruction
2019-08-01 18:54:43,014: [8380] m.e.detectors:WARNING: INVALID instruction
2019-08-01 18:54:58,054: [8373] m.e.detectors:WARNING: INVALID instruction
2019-08-01 18:55:04,186: [8375] m.e.detectors:WARNING: Potentially reading uninitialized storage
2019-08-01 18:55:37,330: [8378] m.e.detectors:WARNING: INVALID instruction
2019-08-01 18:55:48,687: [8380] m.e.detectors:WARNING: Potentially reading uninitialized storage
2019-08-01 18:55:49,247: [8375] m.e.detectors:WARNING: INVALID instruction
2019-08-01 18:56:32,855: [8375] m.e.detectors:WARNING: INVALID instruction
2019-08-01 18:56:37,490: [8416] m.e.detectors:WARNING: Potentially reading uninitialized storage
2019-08-01 18:56:41,094: [8407] m.e.detectors:WARNING: INVALID instruction
2019-08-01 18:56:53,843: [8377] m.e.detectors:WARNING: INVALID instruction
2019-08-01 18:57:26,710: [8399] m.e.detectors:WARNING: Potentially reading uninitialized storage
2019-08-01 18:57:34,995: [8416] m.e.detectors:WARNING: Potentially reading uninitialized storage
2019-08-01 18:57:46,834: [8422] m.e.detectors:WARNING: Potentially reading uninitialized storage
2019-08-01 18:58:24,382: [8378] m.e.detectors:WARNING: Potentially reading uninitialized storage
2019-08-01 18:59:02,135: [8422] m.e.detectors:WARNING: Potentially reading uninitialized storage
2019-08-01 18:59:27,199: [8375] m.e.detectors:WARNING: Potentially reading uninitialized storage
2019-08-01 18:59:29,906: [8422] m.e.detectors:WARNING: INVALID instruction
2019-08-01 18:59:56,818: [8380] m.e.detectors:WARNING: INVALID instruction
2019-08-01 19:00:48,902: [8378] m.e.detectors:WARNING: INVALID instruction
2019-08-01 19:02:39,615: [8375] m.e.detectors:WARNING: Potentially reading uninitialized storage
2019-08-01 19:04:10,782: [8380] m.e.detectors:WARNING: Potentially reading uninitialized storage
2019-08-01 19:04:46,380: [8416] m.e.detectors:WARNING: Potentially reading uninitialized storage
2019-08-01 19:05:24,840: [8375] m.e.detectors:WARNING: Potentially reading uninitialized storage
2019-08-01 19:05:49,814: [8380] m.e.detectors:WARNING: Potentially reading uninitialized storage
2019-08-01 19:06:34,482: [8407] m.e.detectors:WARNING: Potentially reading uninitialized storage
2019-08-01 19:08:13,775: [8407] m.e.detectors:WARNING: Potentially reading uninitialized storage
2019-08-01 19:08:44,598: [8375] m.e.detectors:WARNING: Potentially reading uninitialized storage
2019-08-01 19:10:20,090: [8378] m.e.detectors:WARNING: Potentially reading uninitialized storage
2019-08-01 19:11:28,221: [8375] m.e.detectors:WARNING: Potentially reading uninitialized storage
2019-08-01 19:12:59,774: [8407] m.e.detectors:WARNING: Potentially reading uninitialized storage
2019-08-01 19:13:03,399: [8375] m.e.detectors:WARNING: Potentially reading uninitialized storage
2019-08-01 19:15:04,907: [8399] m.e.detectors:WARNING: Potentially reading uninitialized storage
2019-08-01 19:15:16,699: [8407] m.e.detectors:WARNING: Potentially reading uninitialized storage