INFO:Slither:Compilation warnings/errors on /unique_chucks/40/0xf272da7bdcced511a9c34b98fcfe7adfbcf330f7.sol:
/unique_chucks/40/0xf272da7bdcced511a9c34b98fcfe7adfbcf330f7.sol:19:5: Warning: Defining constructors as functions with the same name as the contract is deprecated. Use "constructor(...) { ... }" instead.
    function Ownable() public {
    ^ (Relevant source part starts here and spans across multiple lines).
/unique_chucks/40/0xf272da7bdcced511a9c34b98fcfe7adfbcf330f7.sol:39:9: Warning: Invoking events without "emit" prefix is deprecated.
        OwnershipTransferred(owner, newOwner);
        ^-----------------------------------^
/unique_chucks/40/0xf272da7bdcced511a9c34b98fcfe7adfbcf330f7.sol:111:9: Warning: Invoking events without "emit" prefix is deprecated.
        Transfer(msg.sender, _to, _value);
        ^-------------------------------^
/unique_chucks/40/0xf272da7bdcced511a9c34b98fcfe7adfbcf330f7.sol:163:9: Warning: Invoking events without "emit" prefix is deprecated.
        Transfer(_from, _to, _value);
        ^--------------------------^
/unique_chucks/40/0xf272da7bdcced511a9c34b98fcfe7adfbcf330f7.sol:179:9: Warning: Invoking events without "emit" prefix is deprecated.
        Approval(msg.sender, _spender, _value);
        ^------------------------------------^
/unique_chucks/40/0xf272da7bdcced511a9c34b98fcfe7adfbcf330f7.sol:201:9: Warning: Invoking events without "emit" prefix is deprecated.
        Approval(msg.sender, _spender, allowed[msg.sender][_spender]);
        ^-----------------------------------------------------------^
/unique_chucks/40/0xf272da7bdcced511a9c34b98fcfe7adfbcf330f7.sol:212:9: Warning: Invoking events without "emit" prefix is deprecated.
        Approval(msg.sender, _spender, allowed[msg.sender][_spender]);
        ^-----------------------------------------------------------^
/unique_chucks/40/0xf272da7bdcced511a9c34b98fcfe7adfbcf330f7.sol:233:9: Warning: Invoking events without "emit" prefix is deprecated.
        Mint(_to, _amount);
        ^----------------^
/unique_chucks/40/0xf272da7bdcced511a9c34b98fcfe7adfbcf330f7.sol:234:9: Warning: Invoking events without "emit" prefix is deprecated.
        Transfer(address(0), _to, _amount);
        ^--------------------------------^
/unique_chucks/40/0xf272da7bdcced511a9c34b98fcfe7adfbcf330f7.sol:243:9: Warning: Invoking events without "emit" prefix is deprecated.
        MintingAgentChanged(_address, _state);
        ^-----------------------------------^

INFO:Detectors:[92m
GameStarsToken.mintingFinished should be constant (/unique_chucks/40/0xf272da7bdcced511a9c34b98fcfe7adfbcf330f7.sol#230-231)
Reference: https://github.com/trailofbits/slither/wiki/Detectors-Documentation#state-variables-that-could-be-declared-constant[0m
INFO:Detectors:[92m
Ownable.transferOwnership (/unique_chucks/40/0xf272da7bdcced511a9c34b98fcfe7adfbcf330f7.sol#37-47) should be declared external
BasicToken.balanceOf (/unique_chucks/40/0xf272da7bdcced511a9c34b98fcfe7adfbcf330f7.sol#126-130) should be declared external
ERC20Basic.balanceOf (/unique_chucks/40/0xf272da7bdcced511a9c34b98fcfe7adfbcf330f7.sol#86-87) should be declared external
BasicToken.transfer (/unique_chucks/40/0xf272da7bdcced511a9c34b98fcfe7adfbcf330f7.sol#105-117) should be declared external
ERC20Basic.transfer (/unique_chucks/40/0xf272da7bdcced511a9c34b98fcfe7adfbcf330f7.sol#87-91) should be declared external
ERC20.allowance (/unique_chucks/40/0xf272da7bdcced511a9c34b98fcfe7adfbcf330f7.sol#132-133) should be declared external
StandardToken.allowance (/unique_chucks/40/0xf272da7bdcced511a9c34b98fcfe7adfbcf330f7.sol#194-196) should be declared external
ERC20.transferFrom (/unique_chucks/40/0xf272da7bdcced511a9c34b98fcfe7adfbcf330f7.sol#133-134) should be declared external
StandardToken.transferFrom (/unique_chucks/40/0xf272da7bdcced511a9c34b98fcfe7adfbcf330f7.sol#157-170) should be declared external
StandardToken.approve (/unique_chucks/40/0xf272da7bdcced511a9c34b98fcfe7adfbcf330f7.sol#180-186) should be declared external
ERC20.approve (/unique_chucks/40/0xf272da7bdcced511a9c34b98fcfe7adfbcf330f7.sol#134-140) should be declared external
StandardToken.increaseApproval (/unique_chucks/40/0xf272da7bdcced511a9c34b98fcfe7adfbcf330f7.sol#201-208) should be declared external
StandardToken.decreaseApproval (/unique_chucks/40/0xf272da7bdcced511a9c34b98fcfe7adfbcf330f7.sol#208-223) should be declared external
GameStarsToken.mint (/unique_chucks/40/0xf272da7bdcced511a9c34b98fcfe7adfbcf330f7.sol#233-247) should be declared external
GameStarsToken.setMintAgent (/unique_chucks/40/0xf272da7bdcced511a9c34b98fcfe7adfbcf330f7.sol#247-257) should be declared external
Reference: https://github.com/trailofbits/slither/wiki/Detectors-Documentation#public-function-that-could-be-declared-as-external[0m
INFO:Detectors:[92m
Detected issues with version pragma in /unique_chucks/40/0xf272da7bdcced511a9c34b98fcfe7adfbcf330f7.sol:
	- pragma solidity^0.4.18 (/unique_chucks/40/0xf272da7bdcced511a9c34b98fcfe7adfbcf330f7.sol#1): it allows old versions
Reference: https://github.com/trailofbits/slither/wiki/Detectors-Documentation#incorrect-version-of-solidity[0m
INFO:Detectors:[92m
Function 'Ownable.Ownable' (/unique_chucks/40/0xf272da7bdcced511a9c34b98fcfe7adfbcf330f7.sol#19-25) is not in mixedCase
Parameter '_owner' of BasicToken.balanceOf (/unique_chucks/40/0xf272da7bdcced511a9c34b98fcfe7adfbcf330f7.sol#127-128) is not in mixedCase
Parameter '_to' of BasicToken.transfer (/unique_chucks/40/0xf272da7bdcced511a9c34b98fcfe7adfbcf330f7.sol#106) is not in mixedCase
Parameter '_value' of BasicToken.transfer (/unique_chucks/40/0xf272da7bdcced511a9c34b98fcfe7adfbcf330f7.sol#106) is not in mixedCase
Parameter '_owner' of StandardToken.allowance (/unique_chucks/40/0xf272da7bdcced511a9c34b98fcfe7adfbcf330f7.sol#194-195) is not in mixedCase
Parameter '_spender' of StandardToken.allowance (/unique_chucks/40/0xf272da7bdcced511a9c34b98fcfe7adfbcf330f7.sol#195) is not in mixedCase
Parameter '_from' of StandardToken.transferFrom (/unique_chucks/40/0xf272da7bdcced511a9c34b98fcfe7adfbcf330f7.sol#158) is not in mixedCase
Parameter '_to' of StandardToken.transferFrom (/unique_chucks/40/0xf272da7bdcced511a9c34b98fcfe7adfbcf330f7.sol#158) is not in mixedCase
Parameter '_value' of StandardToken.transferFrom (/unique_chucks/40/0xf272da7bdcced511a9c34b98fcfe7adfbcf330f7.sol#158) is not in mixedCase
Parameter '_spender' of StandardToken.approve (/unique_chucks/40/0xf272da7bdcced511a9c34b98fcfe7adfbcf330f7.sol#181-184) is not in mixedCase
Parameter '_value' of StandardToken.approve (/unique_chucks/40/0xf272da7bdcced511a9c34b98fcfe7adfbcf330f7.sol#184) is not in mixedCase
Parameter '_spender' of StandardToken.increaseApproval (/unique_chucks/40/0xf272da7bdcced511a9c34b98fcfe7adfbcf330f7.sol#201) is not in mixedCase
Parameter '_addedValue' of StandardToken.increaseApproval (/unique_chucks/40/0xf272da7bdcced511a9c34b98fcfe7adfbcf330f7.sol#201-202) is not in mixedCase
Parameter '_spender' of StandardToken.decreaseApproval (/unique_chucks/40/0xf272da7bdcced511a9c34b98fcfe7adfbcf330f7.sol#208-209) is not in mixedCase
Parameter '_subtractedValue' of StandardToken.decreaseApproval (/unique_chucks/40/0xf272da7bdcced511a9c34b98fcfe7adfbcf330f7.sol#209-210) is not in mixedCase
Parameter '_to' of GameStarsToken.mint (/unique_chucks/40/0xf272da7bdcced511a9c34b98fcfe7adfbcf330f7.sol#234) is not in mixedCase
Parameter '_amount' of GameStarsToken.mint (/unique_chucks/40/0xf272da7bdcced511a9c34b98fcfe7adfbcf330f7.sol#234) is not in mixedCase
Parameter '_address' of GameStarsToken.setMintAgent (/unique_chucks/40/0xf272da7bdcced511a9c34b98fcfe7adfbcf330f7.sol#249-251) is not in mixedCase
Parameter '_state' of GameStarsToken.setMintAgent (/unique_chucks/40/0xf272da7bdcced511a9c34b98fcfe7adfbcf330f7.sol#251) is not in mixedCase
Reference: https://github.com/trailofbits/slither/wiki/Detectors-Documentation#conformance-to-solidity-naming-conventions[0m
INFO:Slither:/unique_chucks/40/0xf272da7bdcced511a9c34b98fcfe7adfbcf330f7.sol analyzed (7 contracts), 36 result(s) found