/unique_chucks/23/0xd111bd7ad596ed9c78ad8fdecc6e23aca63b4383.sol
jar:file:/usr/local/lib/node_modules/@smartdec/smartcheck/jdeploy-bundle/smartcheck-2.0-jar-with-dependencies.jar!/solidity-rules.xmlruleId: SOLIDITY_DEPRECATED_CONSTRUCTIONS
patternId: 49bd2a
severity: 1
line: 40
column: 12
content: throw

ruleId: SOLIDITY_DEPRECATED_CONSTRUCTIONS
patternId: 49bd2a
severity: 1
line: 49
column: 12
content: throw

ruleId: SOLIDITY_DEPRECATED_CONSTRUCTIONS
patternId: 49bd2a
severity: 1
line: 56
column: 12
content: throw

ruleId: SOLIDITY_DEPRECATED_CONSTRUCTIONS
patternId: 49bd2a
severity: 1
line: 114
column: 12
content: throw

ruleId: SOLIDITY_DEPRECATED_CONSTRUCTIONS
patternId: 49bd2a
severity: 1
line: 145
column: 44
content: throw

ruleId: SOLIDITY_DEPRECATED_CONSTRUCTIONS
patternId: 28fa69
severity: 1
line: 4
column: 4
content: functioncrowdsaleStartingBlock()constantreturns(uint256startingBlock){}

ruleId: SOLIDITY_DEPRECATED_CONSTRUCTIONS
patternId: 28fa69
severity: 1
line: 71
column: 4
content: functionpurchasedAmountBy(addresspurchaser)externalconstantreturns(uintamount){for(uinti;i<earlyPurchases.length;i++){if(earlyPurchases[i].purchaser==purchaser){amount+=earlyPurchases[i].amount;}}}

ruleId: SOLIDITY_DEPRECATED_CONSTRUCTIONS
patternId: 28fa69
severity: 1
line: 84
column: 4
content: functiontotalAmountOfEarlyPurchases()constantreturns(uinttotalAmount){for(uinti;i<earlyPurchases.length;i++){totalAmount+=earlyPurchases[i].amount;}}

ruleId: SOLIDITY_DEPRECATED_CONSTRUCTIONS
patternId: 28fa69
severity: 1
line: 94
column: 4
content: functionnumberOfEarlyPurchases()externalconstantreturns(uint){returnearlyPurchases.length;}

ruleId: SOLIDITY_EXTRA_GAS_IN_LOOPS
patternId: d3j11j
severity: 1
line: 76
column: 8
content: for(uinti;i<earlyPurchases.length;i++){if(earlyPurchases[i].purchaser==purchaser){amount+=earlyPurchases[i].amount;}}

ruleId: SOLIDITY_EXTRA_GAS_IN_LOOPS
patternId: d3j11j
severity: 1
line: 88
column: 8
content: for(uinti;i<earlyPurchases.length;i++){totalAmount+=earlyPurchases[i].amount;}

ruleId: SOLIDITY_FUNCTIONS_RETURNS_TYPE_AND_NO_RETURN
patternId: 47acc2
severity: 1
line: 122
column: 4
content: functioncloseEarlyPurchase()externalonlyOwnerreturns(bool){earlyPurchaseClosedAt=now;}

ruleId: SOLIDITY_FUNCTIONS_RETURNS_TYPE_AND_NO_RETURN
patternId: 58bdd3
severity: 1
line: 4
column: 4
content: functioncrowdsaleStartingBlock()constantreturns(uint256startingBlock){}

ruleId: SOLIDITY_FUNCTIONS_RETURNS_TYPE_AND_NO_RETURN
patternId: 58bdd3
severity: 1
line: 71
column: 4
content: functionpurchasedAmountBy(addresspurchaser)externalconstantreturns(uintamount){for(uinti;i<earlyPurchases.length;i++){if(earlyPurchases[i].purchaser==purchaser){amount+=earlyPurchases[i].amount;}}}

ruleId: SOLIDITY_FUNCTIONS_RETURNS_TYPE_AND_NO_RETURN
patternId: 58bdd3
severity: 1
line: 84
column: 4
content: functiontotalAmountOfEarlyPurchases()constantreturns(uinttotalAmount){for(uinti;i<earlyPurchases.length;i++){totalAmount+=earlyPurchases[i].amount;}}

ruleId: SOLIDITY_GAS_LIMIT_IN_LOOPS
patternId: f6f853
severity: 2
line: 76
column: 8
content: for(uinti;i<earlyPurchases.length;i++){if(earlyPurchases[i].purchaser==purchaser){amount+=earlyPurchases[i].amount;}}

ruleId: SOLIDITY_GAS_LIMIT_IN_LOOPS
patternId: f6f853
severity: 2
line: 88
column: 8
content: for(uinti;i<earlyPurchases.length;i++){totalAmount+=earlyPurchases[i].amount;}

ruleId: SOLIDITY_OVERPOWERED_ROLE
patternId: j83hf7
severity: 2
line: 132
column: 4
content: functionsetup(addresszenOSCrowdsaleAddress)externalonlyOwnerreturns(bool){if(address(zenOSCrowdsale)==0){zenOSCrowdsale=AbstractZENOSCrowdsale(zenOSCrowdsaleAddress);returntrue;}returnfalse;}

ruleId: SOLIDITY_PRAGMAS_VERSION
patternId: 23fc32
severity: 1
line: 1
column: 16
content: ^

ruleId: SOLIDITY_REVERT_REQUIRE
patternId: c56b12
severity: 1
line: 39
column: 8
content: if(msg.sender!=owner){throw;}

ruleId: SOLIDITY_REVERT_REQUIRE
patternId: c56b12
severity: 1
line: 46
column: 8
content: if(address(zenOSCrowdsale)!=0&&zenOSCrowdsale.crowdsaleStartingBlock()>0){throw;}

ruleId: SOLIDITY_REVERT_REQUIRE
patternId: c56b12
severity: 1
line: 55
column: 8
content: if(earlyPurchaseClosedAt>0){throw;}

ruleId: SOLIDITY_REVERT_REQUIRE
patternId: c56b12
severity: 1
line: 113
column: 8
content: if(purchasedAt==0||purchasedAt>now){throw;}

ruleId: SOLIDITY_REVERT_REQUIRE
patternId: c56b12
severity: 1
line: 145
column: 10
content: if(!owner.send(withdrawalAmount))throw;

ruleId: SOLIDITY_VISIBILITY
patternId: 910067
severity: 1
line: 4
column: 4
content: functioncrowdsaleStartingBlock()constantreturns(uint256startingBlock){}

ruleId: SOLIDITY_VISIBILITY
patternId: 910067
severity: 1
line: 62
column: 4
content: functionZENOSEarlyPurchase(){owner=msg.sender;}

ruleId: SOLIDITY_VISIBILITY
patternId: 910067
severity: 1
line: 84
column: 4
content: functiontotalAmountOfEarlyPurchases()constantreturns(uinttotalAmount){for(uinti;i<earlyPurchases.length;i++){totalAmount+=earlyPurchases[i].amount;}}

ruleId: SOLIDITY_VISIBILITY
patternId: 910067
severity: 1
line: 144
column: 4
content: functionwithdraw(uintwithdrawalAmount)onlyOwner{if(!owner.send(withdrawalAmount))throw;}

ruleId: SOLIDITY_VISIBILITY
patternId: 910067
severity: 1
line: 148
column: 4
content: functiontransferOwnership(addressnewOwner)onlyOwner{owner=newOwner;}

ruleId: SOLIDITY_VISIBILITY
patternId: 910067
severity: 1
line: 153
column: 4
content: function()payable{appendEarlyPurchase(msg.sender,msg.value,block.timestamp);}

SOLIDITY_VISIBILITY :6
SOLIDITY_OVERPOWERED_ROLE :1
SOLIDITY_DEPRECATED_CONSTRUCTIONS :9
SOLIDITY_PRAGMAS_VERSION :1
SOLIDITY_REVERT_REQUIRE :5
SOLIDITY_FUNCTIONS_RETURNS_TYPE_AND_NO_RETURN :4
SOLIDITY_EXTRA_GAS_IN_LOOPS :2
SOLIDITY_GAS_LIMIT_IN_LOOPS :2