2019-07-23 08:23:45,387: [12] m.main:INFO: Registered plugins: DetectExternalCallAndLeak, DetectReentrancySimple, DetectInvalid, DetectSuicidal, DetectUnusedRetVal, DetectUninitializedMemory, DetectEnvInstruction, DetectDelegatecall, DetectUninitializedStorage, DetectIntegerOverflow, DetectReentrancyAdvanced
2019-07-23 08:23:45,387: [12] m.main:INFO: Beginning analysis
2019-07-23 08:23:45,402: [12] m.e.manticore:INFO: Starting symbolic create contract
2019-07-23 08:23:46,561: [12] m.e.manticore:INFO: Starting symbolic transaction: 0
2019-07-23 08:23:47,460: [12] m.e.manticore:INFO: 0 alive states, 2 terminated states
2019-07-23 08:23:47,555: [12] m.e.manticore:INFO: Starting symbolic transaction: 1
2019-07-23 08:23:47,688: [582] m.c.manticore:INFO: Generated testcase No. 0 - RETURN(1 txs)
2019-07-23 08:23:47,697: [585] m.c.manticore:INFO: Generated testcase No. 1 - REVERT(2 txs)
2019-07-23 08:23:48,736: [12] m.c.manticore:INFO: Results in /mcore_zs7lmisa
2019-07-23 08:23:49,692: [897] m.main:INFO: Registered plugins: DetectReentrancyAdvanced, DetectUninitializedStorage, DetectUnusedRetVal, DetectExternalCallAndLeak, DetectEnvInstruction, DetectReentrancySimple, DetectInvalid, DetectDelegatecall, DetectSuicidal, DetectUninitializedMemory, DetectIntegerOverflow
2019-07-23 08:23:49,692: [897] m.main:INFO: Beginning analysis
2019-07-23 08:23:49,742: [897] m.e.manticore:INFO: Starting symbolic create contract
2019-07-23 08:23:49,901: [941] m.c.manticore:INFO: Generated testcase No. 0 - NO STATE RESULT (?)(0 txs)
2019-07-23 08:23:50,455: [897] m.c.manticore:INFO: Results in /mcore_su44anc9
2019-07-23 08:23:51,029: [1200] m.main:INFO: Registered plugins: DetectUninitializedMemory, DetectSuicidal, DetectReentrancyAdvanced, DetectInvalid, DetectDelegatecall, DetectEnvInstruction, DetectUnusedRetVal, DetectReentrancySimple, DetectUninitializedStorage, DetectExternalCallAndLeak, DetectIntegerOverflow
2019-07-23 08:23:51,030: [1200] m.main:INFO: Beginning analysis
2019-07-23 08:23:51,055: [1200] m.e.manticore:INFO: Starting symbolic create contract
2019-07-23 08:23:51,269: [1244] m.c.manticore:INFO: Generated testcase No. 0 - NO STATE RESULT (?)(0 txs)
2019-07-23 08:23:51,691: [1200] m.c.manticore:INFO: Results in /mcore_b06_foub
2019-07-23 08:23:52,403: [1503] m.main:INFO: Registered plugins: DetectReentrancySimple, DetectInvalid, DetectSuicidal, DetectReentrancyAdvanced, DetectUnusedRetVal, DetectUninitializedStorage, DetectDelegatecall, DetectEnvInstruction, DetectUninitializedMemory, DetectExternalCallAndLeak, DetectIntegerOverflow
2019-07-23 08:23:52,403: [1503] m.main:INFO: Beginning analysis
2019-07-23 08:23:52,460: [1503] m.e.manticore:INFO: Starting symbolic create contract
2019-07-23 08:23:54,631: [1503] m.e.manticore:INFO: Starting symbolic transaction: 0
2019-07-23 08:23:59,550: [1804] m.e.detectors:WARNING: INVALID instruction
2019-07-23 08:24:11,287: [1503] m.e.manticore:INFO: 3 alive states, 6 terminated states
2019-07-23 08:24:12,566: [1503] m.e.manticore:INFO: Starting symbolic transaction: 1
2019-07-23 08:24:32,534: [3108] m.e.detectors:WARNING: INVALID instruction
2019-07-23 08:24:33,760: [3117] m.e.detectors:WARNING: INVALID instruction
2019-07-23 08:24:42,630: [3133] m.e.detectors:WARNING: INVALID instruction
2019-07-23 08:25:40,459: [1503] m.e.manticore:INFO: 9 alive states, 24 terminated states
2019-07-23 08:25:42,538: [6641] m.c.manticore:INFO: Generated testcase No. 0 - RETURN(3 txs)
2019-07-23 08:25:42,738: [6643] m.c.manticore:INFO: Generated testcase No. 1 - RETURN(3 txs)
2019-07-23 08:25:42,823: [6669] m.c.manticore:INFO: Generated testcase No. 2 - RETURN(3 txs)
2019-07-23 08:25:42,934: [6664] m.c.manticore:INFO: Generated testcase No. 6 - RETURN(3 txs)
2019-07-23 08:25:42,944: [6671] m.c.manticore:INFO: Generated testcase No. 5 - RETURN(3 txs)
2019-07-23 08:25:43,015: [6656] m.c.manticore:INFO: Generated testcase No. 3 - RETURN(3 txs)
2019-07-23 08:25:43,037: [6652] m.c.manticore:INFO: Generated testcase No. 7 - RETURN(1 txs)
2019-07-23 08:25:43,106: [6660] m.c.manticore:INFO: Generated testcase No. 4 - RETURN(3 txs)
2019-07-23 08:25:43,112: [6646] m.c.manticore:INFO: Generated testcase No. 8 - RETURN(3 txs)
2019-07-23 08:25:43,139: [6648] m.c.manticore:INFO: Generated testcase No. 9 - RETURN(3 txs)
2019-07-23 08:26:01,206: [6652] m.c.manticore:INFO: Generated testcase No. 10 - REVERT(2 txs)
2019-07-23 08:26:10,650: [6664] m.c.manticore:INFO: Generated testcase No. 11 - REVERT(2 txs)
2019-07-23 08:26:13,716: [6656] m.c.manticore:INFO: Generated testcase No. 12 - REVERT(2 txs)
2019-07-23 08:26:16,316: [6646] m.c.manticore:INFO: Generated testcase No. 13 - REVERT(2 txs)
2019-07-23 08:26:17,547: [6669] m.c.manticore:INFO: Generated testcase No. 14 - THROW(2 txs)
2019-07-23 08:26:22,223: [6643] m.c.manticore:INFO: Generated testcase No. 15 - RETURN(2 txs)
2019-07-23 08:26:23,455: [6652] m.c.manticore:INFO: Generated testcase No. 16 - RETURN(2 txs)
2019-07-23 08:26:24,142: [6648] m.c.manticore:INFO: Generated testcase No. 17 - RETURN(2 txs)
2019-07-23 08:26:24,652: [6671] m.c.manticore:INFO: Generated testcase No. 18 - REVERT(3 txs)
2019-07-23 08:26:31,616: [6660] m.c.manticore:INFO: Generated testcase No. 19 - REVERT(3 txs)
2019-07-23 08:26:35,050: [6664] m.c.manticore:INFO: Generated testcase No. 20 - REVERT(3 txs)
2019-07-23 08:26:35,403: [6656] m.c.manticore:INFO: Generated testcase No. 21 - REVERT(3 txs)
2019-07-23 08:26:38,721: [6646] m.c.manticore:INFO: Generated testcase No. 22 - REVERT(3 txs)
2019-07-23 08:26:39,919: [6669] m.c.manticore:INFO: Generated testcase No. 23 - REVERT(3 txs)
2019-07-23 08:26:46,433: [6643] m.c.manticore:INFO: Generated testcase No. 24 - REVERT(3 txs)
2019-07-23 08:26:47,835: [6671] m.c.manticore:INFO: Generated testcase No. 25 - REVERT(3 txs)
2019-07-23 08:26:49,702: [6641] m.c.manticore:INFO: Generated testcase No. 26 - REVERT(3 txs)
2019-07-23 08:26:50,608: [6652] m.c.manticore:INFO: Generated testcase No. 27 - REVERT(3 txs)
2019-07-23 08:27:01,505: [6648] m.c.manticore:INFO: Generated testcase No. 28 - REVERT(3 txs)
2019-07-23 08:27:03,507: [6664] m.c.manticore:INFO: Generated testcase No. 29 - REVERT(3 txs)
2019-07-23 08:27:04,140: [6646] m.c.manticore:INFO: Generated testcase No. 30 - THROW(3 txs)
2019-07-23 08:27:05,839: [6660] m.c.manticore:INFO: Generated testcase No. 31 - THROW(3 txs)
2019-07-23 08:27:06,902: [6656] m.c.manticore:INFO: Generated testcase No. 32 - THROW(3 txs)
2019-07-23 08:27:28,595: [1503] m.c.manticore:INFO: Results in /mcore_pkife9q1
2019-07-23 08:27:31,174: [7897] m.main:INFO: Registered plugins: DetectReentrancySimple, DetectInvalid, DetectUnusedRetVal, DetectReentrancyAdvanced, DetectUninitializedStorage, DetectIntegerOverflow, DetectSuicidal, DetectExternalCallAndLeak, DetectEnvInstruction, DetectUninitializedMemory, DetectDelegatecall
2019-07-23 08:27:31,174: [7897] m.main:INFO: Beginning analysis
2019-07-23 08:27:31,185: [7897] m.e.manticore:INFO: Starting symbolic create contract
2019-07-23 08:27:35,759: [7897] m.e.manticore:INFO: Starting symbolic transaction: 0
2019-07-23 08:27:53,268: [8206] m.e.detectors:WARNING: INVALID instruction
2019-07-23 08:28:26,459: [8205] m.e.detectors:WARNING: INVALID instruction
2019-07-23 08:28:49,584: [7897] m.e.manticore:INFO: 7 alive states, 10 terminated states
2019-07-23 08:28:52,778: [7897] m.e.manticore:INFO: Starting symbolic transaction: 1
2019-07-23 08:34:18,838: [11895] m.e.detectors:WARNING: Potentially reading uninitialized storage
2019-07-23 08:34:31,754: [11895] m.e.detectors:WARNING: INVALID instruction
2019-07-23 08:35:31,338: [11897] m.e.detectors:WARNING: Potentially reading uninitialized storage
2019-07-23 08:37:14,758: [11912] m.e.detectors:WARNING: Potentially reading uninitialized storage
2019-07-23 08:38:25,402: [11895] m.e.detectors:WARNING: Potentially reading uninitialized storage
2019-07-23 08:38:57,635: [11910] m.e.detectors:WARNING: Potentially reading uninitialized storage
2019-07-23 08:39:10,626: [11897] m.e.detectors:WARNING: INVALID instruction
2019-07-23 08:39:21,118: [11897] m.e.detectors:WARNING: INVALID instruction
2019-07-23 08:39:23,150: [11905] m.e.detectors:WARNING: INVALID instruction
2019-07-23 08:39:51,726: [11905] m.e.detectors:WARNING: INVALID instruction
2019-07-23 08:42:24,118: [11900] m.e.detectors:WARNING: Potentially reading uninitialized storage
2019-07-23 08:42:36,150: [11893] m.e.detectors:WARNING: INVALID instruction
2019-07-23 08:43:22,058: [11893] m.e.detectors:WARNING: INVALID instruction
2019-07-23 08:43:41,458: [11910] m.e.detectors:WARNING: INVALID instruction
2019-07-23 08:43:51,466: [11900] m.e.detectors:WARNING: INVALID instruction
2019-07-23 08:44:03,150: [11910] m.e.detectors:WARNING: INVALID instruction
2019-07-23 08:44:07,218: [11900] m.e.detectors:WARNING: INVALID instruction
2019-07-23 08:44:41,030: [11908] m.e.detectors:WARNING: INVALID instruction
2019-07-23 08:44:52,343: [11908] m.e.detectors:WARNING: INVALID instruction
2019-07-23 08:44:59,706: [11908] m.e.detectors:WARNING: INVALID instruction
2019-07-23 08:46:09,446: [11893] m.e.detectors:WARNING: Potentially reading uninitialized storage
2019-07-23 08:46:39,803: [11895] m.e.detectors:WARNING: Potentially reading uninitialized storage
2019-07-23 08:49:37,342: [11893] m.e.detectors:WARNING: INVALID instruction
2019-07-23 08:49:55,354: [11893] m.e.detectors:WARNING: INVALID instruction
2019-07-23 08:51:30,246: [11900] m.e.detectors:WARNING: INVALID instruction
2019-07-23 08:52:18,226: [11905] m.e.detectors:WARNING: INVALID instruction
2019-07-23 08:53:04,222: [11905] m.e.detectors:WARNING: INVALID instruction