INFO:Slither:Compilation warnings/errors on /unique_chucks/20/0xb3958e98fc8a0b50cb9012c7f6f9e839f8c40dfd.sol:
/unique_chucks/20/0xb3958e98fc8a0b50cb9012c7f6f9e839f8c40dfd.sol:223:3: Warning: Function state mutability can be restricted to view
  function _preValidatePurchase(address _beneficiary, uint256 _weiAmount) internal whenNotPaused {
  ^ (Relevant source part starts here and spans across multiple lines).

INFO:Detectors:[93m
UTP_ICO._deliverTokens (/unique_chucks/20/0xb3958e98fc8a0b50cb9012c7f6f9e839f8c40dfd.sol#239-241) does not use the value returned by external calls:
	-token.transfer(_beneficiary,_tokenAmount) (/unique_chucks/20/0xb3958e98fc8a0b50cb9012c7f6f9e839f8c40dfd.sol#241)
UTP_ICO.withdrawTokens (/unique_chucks/20/0xb3958e98fc8a0b50cb9012c7f6f9e839f8c40dfd.sol) does not use the value returned by external calls:
	-token.transfer(owner,unsold) (/unique_chucks/20/0xb3958e98fc8a0b50cb9012c7f6f9e839f8c40dfd.sol)
Reference: https://github.com/trailofbits/slither/wiki/Detectors-Documentation#unused-return[0m
INFO:Detectors:[92m
UTP_ICO.supply should be constant (/unique_chucks/20/0xb3958e98fc8a0b50cb9012c7f6f9e839f8c40dfd.sol#133)
Reference: https://github.com/trailofbits/slither/wiki/Detectors-Documentation#state-variables-that-could-be-declared-constant[0m
INFO:Detectors:[92m
Ownable.transferOwnership (/unique_chucks/20/0xb3958e98fc8a0b50cb9012c7f6f9e839f8c40dfd.sol#59-70) should be declared external
Pausable.pause (/unique_chucks/20/0xb3958e98fc8a0b50cb9012c7f6f9e839f8c40dfd.sol#88-93) should be declared external
Pausable.unpause (/unique_chucks/20/0xb3958e98fc8a0b50cb9012c7f6f9e839f8c40dfd.sol#94-101) should be declared external
ERC20Basic.totalSupply (/unique_chucks/20/0xb3958e98fc8a0b50cb9012c7f6f9e839f8c40dfd.sol#102-103) should be declared external
ERC20Basic.balanceOf (/unique_chucks/20/0xb3958e98fc8a0b50cb9012c7f6f9e839f8c40dfd.sol#103-104) should be declared external
ERC20Basic.transfer (/unique_chucks/20/0xb3958e98fc8a0b50cb9012c7f6f9e839f8c40dfd.sol#104-108) should be declared external
ERC20.allowance (/unique_chucks/20/0xb3958e98fc8a0b50cb9012c7f6f9e839f8c40dfd.sol#112-113) should be declared external
ERC20.transferFrom (/unique_chucks/20/0xb3958e98fc8a0b50cb9012c7f6f9e839f8c40dfd.sol#113-114) should be declared external
ERC20.approve (/unique_chucks/20/0xb3958e98fc8a0b50cb9012c7f6f9e839f8c40dfd.sol#114-117) should be declared external
UTP_ICO.start (/unique_chucks/20/0xb3958e98fc8a0b50cb9012c7f6f9e839f8c40dfd.sol#176-182) should be declared external
UTP_ICO.changeRate (/unique_chucks/20/0xb3958e98fc8a0b50cb9012c7f6f9e839f8c40dfd.sol#184-187) should be declared external
UTP_ICO.hasClosed (/unique_chucks/20/0xb3958e98fc8a0b50cb9012c7f6f9e839f8c40dfd.sol#276-279) should be declared external
UTP_ICO.withdrawTokens (/unique_chucks/20/0xb3958e98fc8a0b50cb9012c7f6f9e839f8c40dfd.sol) should be declared external
Reference: https://github.com/trailofbits/slither/wiki/Detectors-Documentation#public-function-that-could-be-declared-as-external[0m
INFO:Detectors:[92m
Contract 'UTP_ICO' (/unique_chucks/20/0xb3958e98fc8a0b50cb9012c7f6f9e839f8c40dfd.sol#123-279) is not in CapWords
Parameter '_duration' of UTP_ICO.start (/unique_chucks/20/0xb3958e98fc8a0b50cb9012c7f6f9e839f8c40dfd.sol#176) is not in mixedCase
Parameter '_rate' of UTP_ICO.changeRate (/unique_chucks/20/0xb3958e98fc8a0b50cb9012c7f6f9e839f8c40dfd.sol#184-186) is not in mixedCase
Parameter '_beneficiary' of UTP_ICO.buyTokens (/unique_chucks/20/0xb3958e98fc8a0b50cb9012c7f6f9e839f8c40dfd.sol#203) is not in mixedCase
Function 'UTP_ICO._preValidatePurchase' (/unique_chucks/20/0xb3958e98fc8a0b50cb9012c7f6f9e839f8c40dfd.sol#226-232) is not in mixedCase
Parameter '_beneficiary' of UTP_ICO._preValidatePurchase (/unique_chucks/20/0xb3958e98fc8a0b50cb9012c7f6f9e839f8c40dfd.sol#230) is not in mixedCase
Parameter '_weiAmount' of UTP_ICO._preValidatePurchase (/unique_chucks/20/0xb3958e98fc8a0b50cb9012c7f6f9e839f8c40dfd.sol#230) is not in mixedCase
Function 'UTP_ICO._deliverTokens' (/unique_chucks/20/0xb3958e98fc8a0b50cb9012c7f6f9e839f8c40dfd.sol#239-241) is not in mixedCase
Parameter '_beneficiary' of UTP_ICO._deliverTokens (/unique_chucks/20/0xb3958e98fc8a0b50cb9012c7f6f9e839f8c40dfd.sol#240) is not in mixedCase
Parameter '_tokenAmount' of UTP_ICO._deliverTokens (/unique_chucks/20/0xb3958e98fc8a0b50cb9012c7f6f9e839f8c40dfd.sol#240) is not in mixedCase
Function 'UTP_ICO._processPurchase' (/unique_chucks/20/0xb3958e98fc8a0b50cb9012c7f6f9e839f8c40dfd.sol#249-252) is not in mixedCase
Parameter '_beneficiary' of UTP_ICO._processPurchase (/unique_chucks/20/0xb3958e98fc8a0b50cb9012c7f6f9e839f8c40dfd.sol#249-250) is not in mixedCase
Parameter '_tokenAmount' of UTP_ICO._processPurchase (/unique_chucks/20/0xb3958e98fc8a0b50cb9012c7f6f9e839f8c40dfd.sol#250) is not in mixedCase
Function 'UTP_ICO._getTokenAmount' (/unique_chucks/20/0xb3958e98fc8a0b50cb9012c7f6f9e839f8c40dfd.sol#260-265) is not in mixedCase
Parameter '_weiAmount' of UTP_ICO._getTokenAmount (/unique_chucks/20/0xb3958e98fc8a0b50cb9012c7f6f9e839f8c40dfd.sol#264) is not in mixedCase
Function 'UTP_ICO._forwardFunds' (/unique_chucks/20/0xb3958e98fc8a0b50cb9012c7f6f9e839f8c40dfd.sol#267-272) is not in mixedCase
Reference: https://github.com/trailofbits/slither/wiki/Detectors-Documentation#conformance-to-solidity-naming-conventions[0m
INFO:Slither:/unique_chucks/20/0xb3958e98fc8a0b50cb9012c7f6f9e839f8c40dfd.sol analyzed (6 contracts), 32 result(s) found