/unique_chucks/25/0xf290d6422c64222dabe98c5f4acd646acab6f81f.sol
jar:file:/usr/local/lib/node_modules/@smartdec/smartcheck/jdeploy-bundle/smartcheck-2.0-jar-with-dependencies.jar!/solidity-rules.xmlruleId: SOLIDITY_ADDRESS_HARDCODED
patternId: b140cd
severity: 1
line: 95
column: 48
content: 0x80ac58cd

ruleId: SOLIDITY_ADDRESS_HARDCODED
patternId: b140cd
severity: 1
line: 109
column: 54
content: 0x4f558e79

ruleId: SOLIDITY_ADDRESS_HARDCODED
patternId: b140cd
severity: 1
line: 115
column: 58
content: 0x780e9d63

ruleId: SOLIDITY_ADDRESS_HARDCODED
patternId: b140cd
severity: 1
line: 123
column: 56
content: 0x5b5e139f

ruleId: SOLIDITY_ADDRESS_HARDCODED
patternId: b140cd
severity: 1
line: 223
column: 45
content: 0x150b7a02

ruleId: SOLIDITY_ADDRESS_HARDCODED
patternId: b140cd
severity: 1
line: 338
column: 46
content: 0x01ffc9a7

ruleId: SOLIDITY_ADDRESS_HARDCODED
patternId: b140cd
severity: 1
line: 376
column: 28
content: 0xffffffff

ruleId: SOLIDITY_ADDRESS_HARDCODED
patternId: b140cd
severity: 1
line: 394
column: 44
content: 0x150b7a02

ruleId: SOLIDITY_ADDRESS_HARDCODED
patternId: b140cd
severity: 1
line: 971
column: 19
content: 0xffffffffffffffffffffffffffffffff

ruleId: SOLIDITY_ADDRESS_HARDCODED
patternId: b140cd
severity: 1
line: 973
column: 40
content: 0x100000000000000000000000000000000

ruleId: SOLIDITY_ADDRESS_HARDCODED
patternId: b140cd
severity: 1
line: 975
column: 19
content: 0xffffffffffffffff

ruleId: SOLIDITY_ADDRESS_HARDCODED
patternId: b140cd
severity: 1
line: 977
column: 40
content: 0x10000000000000000

ruleId: SOLIDITY_ADDRESS_HARDCODED
patternId: b140cd
severity: 1
line: 979
column: 19
content: 0xffffffff

ruleId: SOLIDITY_ADDRESS_HARDCODED
patternId: b140cd
severity: 1
line: 981
column: 40
content: 0x100000000

ruleId: SOLIDITY_ADDRESS_HARDCODED
patternId: b140cd
severity: 1
line: 983
column: 19
content: 0xffff

ruleId: SOLIDITY_ADDRESS_HARDCODED
patternId: b140cd
severity: 1
line: 985
column: 40
content: 0x10000

ruleId: SOLIDITY_ADDRESS_HARDCODED
patternId: b140cd
severity: 1
line: 987
column: 19
content: 0xff

ruleId: SOLIDITY_ADDRESS_HARDCODED
patternId: b140cd
severity: 1
line: 1049
column: 20
content: 0x80

ruleId: SOLIDITY_ADDRESS_HARDCODED
patternId: b140cd
severity: 1
line: 1051
column: 26
content: 0xE0

ruleId: SOLIDITY_ADDRESS_HARDCODED
patternId: b140cd
severity: 1
line: 1053
column: 26
content: 0xF0

ruleId: SOLIDITY_ADDRESS_HARDCODED
patternId: b140cd
severity: 1
line: 1055
column: 26
content: 0xF8

ruleId: SOLIDITY_ADDRESS_HARDCODED
patternId: b140cd
severity: 1
line: 1057
column: 26
content: 0xFC

ruleId: SOLIDITY_ADDRESS_HARDCODED
patternId: b140cd
severity: 1
line: 1139
column: 16
content: 0x80

ruleId: SOLIDITY_ADDRESS_HARDCODED
patternId: b140cd
severity: 1
line: 1141
column: 22
content: 0xE0

ruleId: SOLIDITY_ADDRESS_HARDCODED
patternId: b140cd
severity: 1
line: 1143
column: 22
content: 0xF0

ruleId: SOLIDITY_ADDRESS_HARDCODED
patternId: b140cd
severity: 1
line: 1190
column: 16
content: 0x80

ruleId: SOLIDITY_ADDRESS_HARDCODED
patternId: b140cd
severity: 1
line: 1193
column: 22
content: 0xE0

ruleId: SOLIDITY_ADDRESS_HARDCODED
patternId: b140cd
severity: 1
line: 1194
column: 22
content: 0x1F

ruleId: SOLIDITY_ADDRESS_HARDCODED
patternId: b140cd
severity: 1
line: 1196
column: 22
content: 0xF0

ruleId: SOLIDITY_ADDRESS_HARDCODED
patternId: b140cd
severity: 1
line: 1197
column: 22
content: 0x0F

ruleId: SOLIDITY_ADDRESS_HARDCODED
patternId: b140cd
severity: 1
line: 1200
column: 22
content: 0x07

ruleId: SOLIDITY_ADDRESS_HARDCODED
patternId: b140cd
severity: 1
line: 1211
column: 35
content: 0xFF

ruleId: SOLIDITY_ADDRESS_HARDCODED
patternId: b140cd
severity: 1
line: 1212
column: 20
content: 0xC0

ruleId: SOLIDITY_ADDRESS_HARDCODED
patternId: b140cd
severity: 1
line: 1212
column: 28
content: 0x80

ruleId: SOLIDITY_ADDRESS_HARDCODED
patternId: b140cd
severity: 1
line: 1216
column: 36
content: 0x3F

ruleId: SOLIDITY_ADDRESS_HARDCODED
patternId: b140cd
severity: 1
line: 1643
column: 28
content: 0xdead

ruleId: SOLIDITY_ADDRESS_HARDCODED
patternId: b140cd
severity: 1
line: 2262
column: 20
content: 0x80

ruleId: SOLIDITY_ADDRESS_HARDCODED
patternId: b140cd
severity: 1
line: 2264
column: 27
content: 0xE0

ruleId: SOLIDITY_ADDRESS_HARDCODED
patternId: b140cd
severity: 1
line: 2266
column: 27
content: 0xF0

ruleId: SOLIDITY_ADDRESS_HARDCODED
patternId: b140cd
severity: 1
line: 2268
column: 27
content: 0xF8

ruleId: SOLIDITY_ADDRESS_HARDCODED
patternId: b140cd
severity: 1
line: 2270
column: 27
content: 0xFC

ruleId: SOLIDITY_ADDRESS_HARDCODED
patternId: a91b18
severity: 1
line: 45
column: 4
content: owner=address(0)

ruleId: SOLIDITY_ADDRESS_HARDCODED
patternId: a91b18
severity: 1
line: 634
column: 6
content: tokenApprovals[_tokenId]=address(0)

ruleId: SOLIDITY_ADDRESS_HARDCODED
patternId: a91b18
severity: 1
line: 657
column: 4
content: tokenOwner[_tokenId]=address(0)

ruleId: SOLIDITY_ARRAY_LENGTH_MANIPULATION
patternId: 872bdd
severity: 1
line: 832
column: 4
content: ownedTokens[_from].length--

ruleId: SOLIDITY_ARRAY_LENGTH_MANIPULATION
patternId: 872bdd
severity: 1
line: 877
column: 4
content: allTokens.length--

ruleId: SOLIDITY_DEPRECATED_CONSTRUCTIONS
patternId: 187b5a
severity: 1
line: 1276
column: 28
content: sha3

ruleId: SOLIDITY_DEPRECATED_CONSTRUCTIONS
patternId: 187b5a
severity: 1
line: 1276
column: 51
content: sha3

ruleId: SOLIDITY_DEPRECATED_CONSTRUCTIONS
patternId: 187b5a
severity: 1
line: 1369
column: 35
content: sha3

ruleId: SOLIDITY_DEPRECATED_CONSTRUCTIONS
patternId: 187b5a
severity: 1
line: 1373
column: 43
content: sha3

ruleId: SOLIDITY_DEPRECATED_CONSTRUCTIONS
patternId: 187b5a
severity: 1
line: 1409
column: 35
content: sha3

ruleId: SOLIDITY_DEPRECATED_CONSTRUCTIONS
patternId: 187b5a
severity: 1
line: 1413
column: 43
content: sha3

ruleId: SOLIDITY_DEPRECATED_CONSTRUCTIONS
patternId: 852kwn
severity: 1
line: 1809
column: 69
content: years

ruleId: SOLIDITY_DEPRECATED_CONSTRUCTIONS
patternId: 852kwn
severity: 1
line: 2014
column: 46
content: years

ruleId: SOLIDITY_ERC20_APPROVE
patternId: af782c
severity: 2
line: 455
column: 2
content: functionapprove(address_to,uint256_tokenId)public{addressowner=ownerOf(_tokenId);require(_to!=owner);require(msg.sender==owner||isApprovedForAll(owner,msg.sender));tokenApprovals[_tokenId]=_to;emitApproval(owner,_to,_tokenId);}

ruleId: SOLIDITY_EXTRA_GAS_IN_LOOPS
patternId: d3j11j
severity: 1
line: 1578
column: 8
content: for(uinti=0;i<parts.length;i++)length+=parts[i]._len;

ruleId: SOLIDITY_EXTRA_GAS_IN_LOOPS
patternId: d3j11j
severity: 1
line: 1585
column: 8
content: for(i=0;i<parts.length;i++){memcpy(retptr,parts[i]._ptr,parts[i]._len);retptr+=parts[i]._len;if(i<parts.length-1){memcpy(retptr,self._ptr,self._len);retptr+=self._len;}}

ruleId: SOLIDITY_EXTRA_GAS_IN_LOOPS
patternId: d3j11j
severity: 1
line: 1854
column: 8
content: for(uinti=0;i<_hashes.length;i++){startAuction(_hashes[i]);}

ruleId: SOLIDITY_FUNCTIONS_RETURNS_TYPE_AND_NO_RETURN
patternId: 58bdd3
severity: 1
line: 1169
column: 4
content: functionnextRune(sliceself)internalreturns(sliceret){nextRune(self,ret);}

ruleId: SOLIDITY_FUNCTIONS_RETURNS_TYPE_AND_NO_RETURN
patternId: 58bdd3
severity: 1
line: 1227
column: 4
content: functionkeccak(sliceself)internalreturns(bytes32ret){assembly{ret:=keccak256(mload(add(self,32)),mload(self))}}

ruleId: SOLIDITY_FUNCTIONS_RETURNS_TYPE_AND_NO_RETURN
patternId: 58bdd3
severity: 1
line: 1485
column: 4
content: functionsplit(sliceself,sliceneedle)internalreturns(slicetoken){split(self,needle,token);}

ruleId: SOLIDITY_FUNCTIONS_RETURNS_TYPE_AND_NO_RETURN
patternId: 58bdd3
severity: 1
line: 1521
column: 4
content: functionrsplit(sliceself,sliceneedle)internalreturns(slicetoken){rsplit(self,needle,token);}

ruleId: SOLIDITY_FUNCTIONS_RETURNS_TYPE_AND_NO_RETURN
patternId: 58bdd3
severity: 1
line: 1531
column: 4
content: functioncount(sliceself,sliceneedle)internalreturns(uintcnt){uintptr=findPtr(self._len,self._ptr,needle._len,needle._ptr)+needle._len;while(ptr<=self._ptr+self._len){cnt++;ptr=findPtr(self._len-(ptr-self._ptr),ptr,needle._len,needle._ptr)+needle._len;}}

ruleId: SOLIDITY_FUNCTIONS_RETURNS_TYPE_AND_NO_RETURN
patternId: 58bdd3
severity: 1
line: 2304
column: 4
content: functiontokenURI(uint_tokenId)publicviewreturns(string_infoUrl){address_impl=getMetadata();bytesmemorydata=msg.data;assembly{letresult:=delegatecall(gas,_impl,add(data,0x20),mload(data),0,0)letsize:=returndatasizeletptr:=mload(0x40)returndatacopy(ptr,0,size)switchresultcase0{revert(ptr,size)}default{return(ptr,size)}}}

ruleId: SOLIDITY_GAS_LIMIT_IN_LOOPS
patternId: f6f853
severity: 2
line: 1578
column: 8
content: for(uinti=0;i<parts.length;i++)length+=parts[i]._len;

ruleId: SOLIDITY_GAS_LIMIT_IN_LOOPS
patternId: f6f853
severity: 2
line: 1585
column: 8
content: for(i=0;i<parts.length;i++){memcpy(retptr,parts[i]._ptr,parts[i]._len);retptr+=parts[i]._len;if(i<parts.length-1){memcpy(retptr,self._ptr,self._len);retptr+=self._len;}}

ruleId: SOLIDITY_GAS_LIMIT_IN_LOOPS
patternId: f6f853
severity: 2
line: 1854
column: 8
content: for(uinti=0;i<_hashes.length;i++){startAuction(_hashes[i]);}

ruleId: SOLIDITY_GAS_LIMIT_IN_LOOPS
patternId: 17f23a
severity: 1
line: 1411
column: 23
content: ptr>=selfptr

ruleId: SOLIDITY_GAS_LIMIT_IN_LOOPS
patternId: 17f23a
severity: 1
line: 1533
column: 15
content: ptr<=self._ptr+self._len

ruleId: SOLIDITY_PRAGMAS_VERSION
patternId: 23fc32
severity: 1
line: 1
column: 16
content: ^

ruleId: SOLIDITY_PRAGMAS_VERSION
patternId: 23fc32
severity: 1
line: 922
column: 16
content: ^

ruleId: SOLIDITY_PRIVATE_MODIFIER_DONT_HIDE_DATA
patternId: 5616b2
severity: 1
line: 394
column: 9
content: private

ruleId: SOLIDITY_REVERT_REQUIRE
patternId: c56b12
severity: 1
line: 1918
column: 15
content: if(auctionState!=Mode.Reveal){revert();}elseif(value<minPrice||bid.creationDate()>h.registrationDate-revealPeriod){bid.closeDeed(995);BidRevealed(_hash,msg.sender,value,0);}elseif(value>h.highestBid){if(address(h.deed)!=0){DeedpreviousWinner=h.deed;previousWinner.closeDeed(995);}h.value=h.highestBid;h.highestBid=value;h.deed=bid;BidRevealed(_hash,msg.sender,value,2);}elseif(value>h.value){h.value=value;bid.closeDeed(995);BidRevealed(_hash,msg.sender,value,3);}else{bid.closeDeed(995);BidRevealed(_hash,msg.sender,value,4);}

ruleId: SOLIDITY_SAFEMATH
patternId: 837cac
severity: 1
line: 389
column: 2
content: usingSafeMathforuint256;

ruleId: SOLIDITY_SEND
patternId: 430636
severity: 1
line: 1691
column: 22
content: send(this.balance-newValue)

ruleId: SOLIDITY_SEND
patternId: 430636
severity: 1
line: 1701
column: 21
content: send(((1000-refundRatio)*this.balance)/1000)

ruleId: SOLIDITY_SHOULD_NOT_BE_PURE
patternId: 11314f
severity: 1
line: 2250
column: 4
content: functionstrlen(strings)internalpurereturns(uint){s;uintptr;uintend;assembly{ptr:=add(s,1)end:=add(mload(s),ptr)}for(uintlen=0;ptr<end;len++){uint8b;assembly{b:=and(mload(ptr),0xFF)}if(b<0x80){ptr+=1;}elseif(b<0xE0){ptr+=2;}elseif(b<0xF0){ptr+=3;}elseif(b<0xF8){ptr+=4;}elseif(b<0xFC){ptr+=5;}else{ptr+=6;}}returnlen;}

ruleId: SOLIDITY_SHOULD_NOT_BE_VIEW
patternId: 189abf
severity: 1
line: 314
column: 2
content: functionisContract(address_addr)internalviewreturns(bool){uint256size;assembly{size:=extcodesize(_addr)}returnsize>0;}

ruleId: SOLIDITY_SHOULD_NOT_BE_VIEW
patternId: 189abf
severity: 1
line: 2304
column: 4
content: functiontokenURI(uint_tokenId)publicviewreturns(string_infoUrl){address_impl=getMetadata();bytesmemorydata=msg.data;assembly{letresult:=delegatecall(gas,_impl,add(data,0x20),mload(data),0,0)letsize:=returndatasizeletptr:=mload(0x40)returndatacopy(ptr,0,size)switchresultcase0{revert(ptr,size)}default{return(ptr,size)}}}

ruleId: SOLIDITY_UPGRADE_TO_050
patternId: 901eae
severity: 1
line: 2178
column: 15
content: keccak256(hash,owner,value,salt)

ruleId: SOLIDITY_UPGRADE_TO_050
patternId: 901eae
severity: 1
line: 2184
column: 27
content: keccak256(rootNode,label)

ruleId: SOLIDITY_UPGRADE_TO_050
patternId: 901eae
severity: 1
line: 2193
column: 15
content: keccak256(node,labels[idx])

ruleId: SOLIDITY_UPGRADE_TO_050
patternId: 341gim
severity: 1
line: 167
column: 4
content: bytes_data

ruleId: SOLIDITY_UPGRADE_TO_050
patternId: 341gim
severity: 1
line: 199
column: 59
content: string

ruleId: SOLIDITY_UPGRADE_TO_050
patternId: 341gim
severity: 1
line: 242
column: 4
content: bytes_data

ruleId: SOLIDITY_UPGRADE_TO_050
patternId: 341gim
severity: 1
line: 567
column: 4
content: bytes_data

ruleId: SOLIDITY_UPGRADE_TO_050
patternId: 341gim
severity: 1
line: 673
column: 4
content: bytes_data

ruleId: SOLIDITY_UPGRADE_TO_050
patternId: 341gim
severity: 1
line: 721
column: 14
content: string_name

ruleId: SOLIDITY_UPGRADE_TO_050
patternId: 341gim
severity: 1
line: 721
column: 28
content: string_symbol

ruleId: SOLIDITY_UPGRADE_TO_050
patternId: 341gim
severity: 1
line: 751
column: 59
content: string

ruleId: SOLIDITY_UPGRADE_TO_050
patternId: 341gim
severity: 1
line: 799
column: 42
content: string_uri

ruleId: SOLIDITY_UPGRADE_TO_050
patternId: 341gim
severity: 1
line: 954
column: 21
content: stringself

ruleId: SOLIDITY_UPGRADE_TO_050
patternId: 341gim
severity: 1
line: 1025
column: 52
content: string

ruleId: SOLIDITY_UPGRADE_TO_050
patternId: 341gim
severity: 1
line: 1556
column: 63
content: string

ruleId: SOLIDITY_UPGRADE_TO_050
patternId: 341gim
severity: 1
line: 1573
column: 30
content: slice[]parts

ruleId: SOLIDITY_UPGRADE_TO_050
patternId: 341gim
severity: 1
line: 1573
column: 63
content: string

ruleId: SOLIDITY_UPGRADE_TO_050
patternId: 341gim
severity: 1
line: 1610
column: 58
content: string_infoUrl

ruleId: SOLIDITY_UPGRADE_TO_050
patternId: 341gim
severity: 1
line: 1615
column: 56
content: string

ruleId: SOLIDITY_UPGRADE_TO_050
patternId: 341gim
severity: 1
line: 1853
column: 27
content: bytes32[]_hashes

ruleId: SOLIDITY_UPGRADE_TO_050
patternId: 341gim
severity: 1
line: 1891
column: 33
content: bytes32[]hashes

ruleId: SOLIDITY_UPGRADE_TO_050
patternId: 341gim
severity: 1
line: 2034
column: 28
content: stringunhashedName

ruleId: SOLIDITY_UPGRADE_TO_050
patternId: 341gim
severity: 1
line: 2068
column: 23
content: bytes32[]labels

ruleId: SOLIDITY_UPGRADE_TO_050
patternId: 341gim
severity: 1
line: 2190
column: 43
content: bytes32[]labels

ruleId: SOLIDITY_UPGRADE_TO_050
patternId: 341gim
severity: 1
line: 2250
column: 20
content: strings

ruleId: SOLIDITY_UPGRADE_TO_050
patternId: 341gim
severity: 1
line: 2294
column: 17
content: string_name

ruleId: SOLIDITY_UPGRADE_TO_050
patternId: 341gim
severity: 1
line: 2294
column: 31
content: string_symbol

ruleId: SOLIDITY_UPGRADE_TO_050
patternId: 341gim
severity: 1
line: 2304
column: 58
content: string_infoUrl

ruleId: SOLIDITY_USING_INLINE_ASSEMBLY
patternId: 109cd5
severity: 1
line: 933
column: 12
content: assembly{mstore(dest,mload(src))}

ruleId: SOLIDITY_USING_INLINE_ASSEMBLY
patternId: 109cd5
severity: 1
line: 942
column: 8
content: assembly{letsrcpart:=and(mload(src),not(mask))letdestpart:=and(mload(dest),mask)mstore(dest,or(destpart,srcpart))}

ruleId: SOLIDITY_USING_INLINE_ASSEMBLY
patternId: 109cd5
severity: 1
line: 956
column: 8
content: assembly{ptr:=add(self,0x20)}

ruleId: SOLIDITY_USING_INLINE_ASSEMBLY
patternId: 109cd5
severity: 1
line: 1002
column: 8
content: assembly{letptr:=mload(0x40)mstore(0x40,add(ptr,0x20))mstore(ptr,self)mstore(add(ret,0x20),ptr)}

ruleId: SOLIDITY_USING_INLINE_ASSEMBLY
patternId: 109cd5
severity: 1
line: 1028
column: 8
content: assembly{retptr:=add(ret,32)}

ruleId: SOLIDITY_USING_INLINE_ASSEMBLY
patternId: 109cd5
severity: 1
line: 1048
column: 12
content: assembly{b:=and(mload(ptr),0xFF)}

ruleId: SOLIDITY_USING_INLINE_ASSEMBLY
patternId: 109cd5
severity: 1
line: 1093
column: 12
content: assembly{a:=mload(selfptr)b:=mload(otherptr)}

ruleId: SOLIDITY_USING_INLINE_ASSEMBLY
patternId: 109cd5
severity: 1
line: 1138
column: 8
content: assembly{b:=and(mload(sub(mload(add(self,32)),31)),0xFF)}

ruleId: SOLIDITY_USING_INLINE_ASSEMBLY
patternId: 109cd5
severity: 1
line: 1188
column: 8
content: assembly{word:=mload(mload(add(self,32)))}

ruleId: SOLIDITY_USING_INLINE_ASSEMBLY
patternId: 109cd5
severity: 1
line: 1228
column: 8
content: assembly{ret:=keccak256(mload(add(self,32)),mload(self))}

ruleId: SOLIDITY_USING_INLINE_ASSEMBLY
patternId: 109cd5
severity: 1
line: 1249
column: 8
content: assembly{letlength:=mload(needle)letselfptr:=mload(add(self,0x20))letneedleptr:=mload(add(needle,0x20))equal:=eq(keccak256(selfptr,length),keccak256(needleptr,length))}

ruleId: SOLIDITY_USING_INLINE_ASSEMBLY
patternId: 109cd5
severity: 1
line: 1272
column: 12
content: assembly{letlength:=mload(needle)letselfptr:=mload(add(self,0x20))letneedleptr:=mload(add(needle,0x20))equal:=eq(sha3(selfptr,length),sha3(needleptr,length))}

ruleId: SOLIDITY_USING_INLINE_ASSEMBLY
patternId: 109cd5
severity: 1
line: 1306
column: 8
content: assembly{letlength:=mload(needle)letneedleptr:=mload(add(needle,0x20))equal:=eq(keccak256(selfptr,length),keccak256(needleptr,length))}

ruleId: SOLIDITY_USING_INLINE_ASSEMBLY
patternId: 109cd5
severity: 1
line: 1330
column: 12
content: assembly{letlength:=mload(needle)letneedleptr:=mload(add(needle,0x20))equal:=eq(keccak256(selfptr,length),keccak256(needleptr,length))}

ruleId: SOLIDITY_USING_INLINE_ASSEMBLY
patternId: 109cd5
severity: 1
line: 1353
column: 16
content: assembly{letmask:=not(sub(exp(2,mul(8,sub(32,needlelen))),1))letneedledata:=and(mload(needleptr),mask)letend:=add(selfptr,sub(selflen,needlelen))ptr:=selfptrloop:jumpi(exit,eq(and(mload(ptr),mask),needledata))ptr:=add(ptr,1)jumpi(loop,lt(sub(ptr,1),end))ptr:=add(selfptr,selflen)exit:}

ruleId: SOLIDITY_USING_INLINE_ASSEMBLY
patternId: 109cd5
severity: 1
line: 1369
column: 16
content: assembly{hash:=sha3(needleptr,needlelen)}

ruleId: SOLIDITY_USING_INLINE_ASSEMBLY
patternId: 109cd5
severity: 1
line: 1373
column: 20
content: assembly{testHash:=sha3(ptr,needlelen)}

ruleId: SOLIDITY_USING_INLINE_ASSEMBLY
patternId: 109cd5
severity: 1
line: 1391
column: 16
content: assembly{letmask:=not(sub(exp(2,mul(8,sub(32,needlelen))),1))letneedledata:=and(mload(needleptr),mask)ptr:=add(selfptr,sub(selflen,needlelen))loop:jumpi(ret,eq(and(mload(ptr),mask),needledata))ptr:=sub(ptr,1)jumpi(loop,gt(add(ptr,1),selfptr))ptr:=selfptrjump(exit)ret:ptr:=add(ptr,needlelen)exit:}

ruleId: SOLIDITY_USING_INLINE_ASSEMBLY
patternId: 109cd5
severity: 1
line: 1409
column: 16
content: assembly{hash:=sha3(needleptr,needlelen)}

ruleId: SOLIDITY_USING_INLINE_ASSEMBLY
patternId: 109cd5
severity: 1
line: 1413
column: 20
content: assembly{testHash:=sha3(ptr,needlelen)}

ruleId: SOLIDITY_USING_INLINE_ASSEMBLY
patternId: 109cd5
severity: 1
line: 1559
column: 8
content: assembly{retptr:=add(ret,32)}

ruleId: SOLIDITY_USING_INLINE_ASSEMBLY
patternId: 109cd5
severity: 1
line: 1583
column: 8
content: assembly{retptr:=add(ret,32)}

ruleId: SOLIDITY_USING_INLINE_ASSEMBLY
patternId: 109cd5
severity: 1
line: 2255
column: 8
content: assembly{ptr:=add(s,1)end:=add(mload(s),ptr)}

ruleId: SOLIDITY_USING_INLINE_ASSEMBLY
patternId: 109cd5
severity: 1
line: 2261
column: 12
content: assembly{b:=and(mload(ptr),0xFF)}

ruleId: SOLIDITY_USING_INLINE_ASSEMBLY
patternId: 109cd5
severity: 1
line: 2307
column: 8
content: assembly{letresult:=delegatecall(gas,_impl,add(data,0x20),mload(data),0,0)letsize:=returndatasizeletptr:=mload(0x40)returndatacopy(ptr,0,size)switchresultcase0{revert(ptr,size)}default{return(ptr,size)}}

ruleId: SOLIDITY_VAR
patternId: d28aa7
severity: 2
line: 1044
column: 8
content: varptr=self._ptr-31

ruleId: SOLIDITY_VISIBILITY
patternId: 23rt6g
severity: 1
line: 1738
column: 73
content: public

ruleId: SOLIDITY_VISIBILITY
patternId: 23rt6g
severity: 1
line: 1739
column: 57
content: public

ruleId: SOLIDITY_VISIBILITY
patternId: 23rt6g
severity: 1
line: 1740
column: 51
content: public

ruleId: SOLIDITY_VISIBILITY
patternId: 23rt6g
severity: 1
line: 1741
column: 46
content: public

ruleId: SOLIDITY_VISIBILITY
patternId: 23rt6g
severity: 1
line: 1742
column: 33
content: public

ruleId: SOLIDITY_VISIBILITY
patternId: 23rt6g
severity: 1
line: 1743
column: 36
content: public

ruleId: SOLIDITY_VISIBILITY
patternId: 23rt6g
severity: 1
line: 1744
column: 31
content: public

ruleId: SOLIDITY_VISIBILITY
patternId: 910067
severity: 1
line: 2331
column: 4
content: functionburn(uint256tokenId){require(ownerOf(tokenId)==msg.sender);_burn(msg.sender,tokenId);registrar.transfer(bytes32(tokenId),msg.sender);}

ruleId: SOLIDITY_VISIBILITY
patternId: b51ce0
severity: 1
line: 1643
column: 4
content: addressconstantburn=0xdead;

ruleId: SOLIDITY_VISIBILITY
patternId: b51ce0
severity: 1
line: 1652
column: 4
content: boolactive;

ruleId: SOLIDITY_VISIBILITY
patternId: b51ce0
severity: 1
line: 1772
column: 4
content: mapping(bytes32=>Entry)_entries;

ruleId: SOLIDITY_VISIBILITY
patternId: b51ce0
severity: 1
line: 1777
column: 4
content: uint32constanttotalAuctionLength=5days;

ruleId: SOLIDITY_VISIBILITY
patternId: b51ce0
severity: 1
line: 1778
column: 4
content: uint32constantrevealPeriod=48hours;

ruleId: SOLIDITY_VISIBILITY
patternId: b51ce0
severity: 1
line: 1781
column: 4
content: uintconstantminPrice=0.01ether;

ruleId: SOLIDITY_VISIBILITY
patternId: b51ce0
severity: 1
line: 2292
column: 4
content: addressmetadata;

ruleId: SOLIDITY_VISIBILITY
patternId: b51ce0
severity: 1
line: 2293
column: 4
content: Registrarregistrar;

SOLIDITY_VISIBILITY :16
SOLIDITY_PRAGMAS_VERSION :2
SOLIDITY_ARRAY_LENGTH_MANIPULATION :2
SOLIDITY_FUNCTIONS_RETURNS_TYPE_AND_NO_RETURN :6
SOLIDITY_PRIVATE_MODIFIER_DONT_HIDE_DATA :1
SOLIDITY_EXTRA_GAS_IN_LOOPS :3
SOLIDITY_ADDRESS_HARDCODED :44
SOLIDITY_UPGRADE_TO_050 :28
SOLIDITY_GAS_LIMIT_IN_LOOPS :5
SOLIDITY_SHOULD_NOT_BE_PURE :1
SOLIDITY_ERC20_APPROVE :1
SOLIDITY_SAFEMATH :1
SOLIDITY_DEPRECATED_CONSTRUCTIONS :8
SOLIDITY_REVERT_REQUIRE :1
SOLIDITY_VAR :1
SOLIDITY_SEND :2
SOLIDITY_USING_INLINE_ASSEMBLY :25
SOLIDITY_SHOULD_NOT_BE_VIEW :2