INFO:Slither:Compilation warnings/errors on /unique_chucks/4/0xe7714fe843f442f0d67cb768c39b7a3137d7cfac.sol:
/unique_chucks/4/0xe7714fe843f442f0d67cb768c39b7a3137d7cfac.sol:132:4: Warning: Defining constructors as functions with the same name as the contract is deprecated. Use "constructor(...) { ... }" instead.
   function SelfDesctructionContract() {
   ^ (Relevant source part starts here and spans across multiple lines).
/unique_chucks/4/0xe7714fe843f442f0d67cb768c39b7a3137d7cfac.sol:39:3: Warning: No visibility specified. Defaulting to "public". 
  function transfer(address _to, uint256 _value) returns (bool success);
  ^--------------------------------------------------------------------^
/unique_chucks/4/0xe7714fe843f442f0d67cb768c39b7a3137d7cfac.sol:40:3: Warning: No visibility specified. Defaulting to "public". 
  function transferFrom(address _from, address _to, uint256 _value) returns (bool success);
  ^---------------------------------------------------------------------------------------^
/unique_chucks/4/0xe7714fe843f442f0d67cb768c39b7a3137d7cfac.sol:42:3: Warning: No visibility specified. Defaulting to "public". 
  function approve(address _spender, uint256 _value) returns (bool success);
  ^------------------------------------------------------------------------^
/unique_chucks/4/0xe7714fe843f442f0d67cb768c39b7a3137d7cfac.sol:43:3: Warning: No visibility specified. Defaulting to "public". 
  function allowance(address _owner, address _spender) view returns (uint256 remaining);
  ^------------------------------------------------------------------------------------^
/unique_chucks/4/0xe7714fe843f442f0d67cb768c39b7a3137d7cfac.sol:62:3: Warning: No visibility specified. Defaulting to "public". 
  function transfer(address _to, uint256 _value) returns (bool success) {
  ^ (Relevant source part starts here and spans across multiple lines).
/unique_chucks/4/0xe7714fe843f442f0d67cb768c39b7a3137d7cfac.sol:77:3: Warning: No visibility specified. Defaulting to "public". 
  function transferFrom(address _from, address _to, uint256 _value) returns (bool success) {
  ^ (Relevant source part starts here and spans across multiple lines).
/unique_chucks/4/0xe7714fe843f442f0d67cb768c39b7a3137d7cfac.sol:92:3: Warning: No visibility specified. Defaulting to "public". 
  function approve(address _spender, uint256 _value) returns (bool success) {
  ^ (Relevant source part starts here and spans across multiple lines).
/unique_chucks/4/0xe7714fe843f442f0d67cb768c39b7a3137d7cfac.sol:99:3: Warning: No visibility specified. Defaulting to "public". 
  function allowance(address _owner, address _spender) view returns (uint256 remaining) {
  ^ (Relevant source part starts here and spans across multiple lines).
/unique_chucks/4/0xe7714fe843f442f0d67cb768c39b7a3137d7cfac.sol:132:4: Warning: No visibility specified. Defaulting to "public". 
   function SelfDesctructionContract() {
   ^ (Relevant source part starts here and spans across multiple lines).
/unique_chucks/4/0xe7714fe843f442f0d67cb768c39b7a3137d7cfac.sol:136:4: Warning: No visibility specified. Defaulting to "public". 
   function setSomeValue(string value){
   ^ (Relevant source part starts here and spans across multiple lines).
/unique_chucks/4/0xe7714fe843f442f0d67cb768c39b7a3137d7cfac.sol:140:4: Warning: No visibility specified. Defaulting to "public". 
   function destroyContract() ownerRestricted {
   ^ (Relevant source part starts here and spans across multiple lines).

INFO:Detectors:[92m
SafeMath.safeMul (/unique_chucks/4/0xe7714fe843f442f0d67cb768c39b7a3137d7cfac.sol#4-10) should be declared external
SafeMath.safeDiv (/unique_chucks/4/0xe7714fe843f442f0d67cb768c39b7a3137d7cfac.sol#10-17) should be declared external
SafeMath._assert (/unique_chucks/4/0xe7714fe843f442f0d67cb768c39b7a3137d7cfac.sol#28-34) should be declared external
ERC20Interface.transfer (/unique_chucks/4/0xe7714fe843f442f0d67cb768c39b7a3137d7cfac.sol#39-40) should be declared external
EOI.transfer (/unique_chucks/4/0xe7714fe843f442f0d67cb768c39b7a3137d7cfac.sol#178-180) should be declared external
ERC20.transfer (/unique_chucks/4/0xe7714fe843f442f0d67cb768c39b7a3137d7cfac.sol#62-77) should be declared external
EOI.transferFrom (/unique_chucks/4/0xe7714fe843f442f0d67cb768c39b7a3137d7cfac.sol#180-188) should be declared external
ERC20Interface.transferFrom (/unique_chucks/4/0xe7714fe843f442f0d67cb768c39b7a3137d7cfac.sol#40-42) should be declared external
ERC20.transferFrom (/unique_chucks/4/0xe7714fe843f442f0d67cb768c39b7a3137d7cfac.sol#77-93) should be declared external
ERC20Interface.approve (/unique_chucks/4/0xe7714fe843f442f0d67cb768c39b7a3137d7cfac.sol#42-43) should be declared external
ERC20.approve (/unique_chucks/4/0xe7714fe843f442f0d67cb768c39b7a3137d7cfac.sol#93-100) should be declared external
ERC20Interface.allowance (/unique_chucks/4/0xe7714fe843f442f0d67cb768c39b7a3137d7cfac.sol#43-44) should be declared external
ERC20.allowance (/unique_chucks/4/0xe7714fe843f442f0d67cb768c39b7a3137d7cfac.sol#100-110) should be declared external
owned.transferOwnerShip (/unique_chucks/4/0xe7714fe843f442f0d67cb768c39b7a3137d7cfac.sol#124-128) should be declared external
SelfDesctructionContract.setSomeValue (/unique_chucks/4/0xe7714fe843f442f0d67cb768c39b7a3137d7cfac.sol#141-149) should be declared external
SelfDesctructionContract.destroyContract (/unique_chucks/4/0xe7714fe843f442f0d67cb768c39b7a3137d7cfac.sol#149-151) should be declared external
EOI.mine (/unique_chucks/4/0xe7714fe843f442f0d67cb768c39b7a3137d7cfac.sol#161-170) should be declared external
EOI.freezeAccount (/unique_chucks/4/0xe7714fe843f442f0d67cb768c39b7a3137d7cfac.sol#173-178) should be declared external
EOI.burn (/unique_chucks/4/0xe7714fe843f442f0d67cb768c39b7a3137d7cfac.sol#202-212) should be declared external
EOI.burnFrom (/unique_chucks/4/0xe7714fe843f442f0d67cb768c39b7a3137d7cfac.sol#212-219) should be declared external
Reference: https://github.com/trailofbits/slither/wiki/Detectors-Documentation#public-function-that-could-be-declared-as-external[0m
INFO:Detectors:[92m
Detected issues with version pragma in /unique_chucks/4/0xe7714fe843f442f0d67cb768c39b7a3137d7cfac.sol:
	- pragma solidity^0.4.20 (/unique_chucks/4/0xe7714fe843f442f0d67cb768c39b7a3137d7cfac.sol#1): it allows old versions
Reference: https://github.com/trailofbits/slither/wiki/Detectors-Documentation#incorrect-version-of-solidity[0m
INFO:Detectors:[92m
Function 'SafeMath._assert' (/unique_chucks/4/0xe7714fe843f442f0d67cb768c39b7a3137d7cfac.sol#28-34) is not in mixedCase
Parameter '_to' of ERC20.transfer (/unique_chucks/4/0xe7714fe843f442f0d67cb768c39b7a3137d7cfac.sol#63) is not in mixedCase
Parameter '_value' of ERC20.transfer (/unique_chucks/4/0xe7714fe843f442f0d67cb768c39b7a3137d7cfac.sol#63-64) is not in mixedCase
Parameter '_from' of ERC20.transferFrom (/unique_chucks/4/0xe7714fe843f442f0d67cb768c39b7a3137d7cfac.sol#78) is not in mixedCase
Parameter '_to' of ERC20.transferFrom (/unique_chucks/4/0xe7714fe843f442f0d67cb768c39b7a3137d7cfac.sol#78) is not in mixedCase
Parameter '_value' of ERC20.transferFrom (/unique_chucks/4/0xe7714fe843f442f0d67cb768c39b7a3137d7cfac.sol#79) is not in mixedCase
Parameter '_spender' of ERC20.approve (/unique_chucks/4/0xe7714fe843f442f0d67cb768c39b7a3137d7cfac.sol#93-95) is not in mixedCase
Parameter '_value' of ERC20.approve (/unique_chucks/4/0xe7714fe843f442f0d67cb768c39b7a3137d7cfac.sol#95) is not in mixedCase
Parameter '_owner' of ERC20.allowance (/unique_chucks/4/0xe7714fe843f442f0d67cb768c39b7a3137d7cfac.sol#100-101) is not in mixedCase
Parameter '_spender' of ERC20.allowance (/unique_chucks/4/0xe7714fe843f442f0d67cb768c39b7a3137d7cfac.sol#103-106) is not in mixedCase
Parameter '_name' of ERC20. (/unique_chucks/4/0xe7714fe843f442f0d67cb768c39b7a3137d7cfac.sol#55-56) is not in mixedCase
Contract 'owned' (/unique_chucks/4/0xe7714fe843f442f0d67cb768c39b7a3137d7cfac.sol#111-128) is not in CapWords
Function 'SelfDesctructionContract.SelfDesctructionContract' (/unique_chucks/4/0xe7714fe843f442f0d67cb768c39b7a3137d7cfac.sol#137-141) is not in mixedCase
Parameter '_to' of EOI.transfer (/unique_chucks/4/0xe7714fe843f442f0d67cb768c39b7a3137d7cfac.sol#178) is not in mixedCase
Parameter '_value' of EOI.transfer (/unique_chucks/4/0xe7714fe843f442f0d67cb768c39b7a3137d7cfac.sol#178) is not in mixedCase
Parameter '_from' of EOI.transferFrom (/unique_chucks/4/0xe7714fe843f442f0d67cb768c39b7a3137d7cfac.sol#180-181) is not in mixedCase
Parameter '_to' of EOI.transferFrom (/unique_chucks/4/0xe7714fe843f442f0d67cb768c39b7a3137d7cfac.sol#181) is not in mixedCase
Parameter '_value' of EOI.transferFrom (/unique_chucks/4/0xe7714fe843f442f0d67cb768c39b7a3137d7cfac.sol#181) is not in mixedCase
Function 'EOI._transfer' (/unique_chucks/4/0xe7714fe843f442f0d67cb768c39b7a3137d7cfac.sol#188-202) is not in mixedCase
Parameter '_from' of EOI._transfer (/unique_chucks/4/0xe7714fe843f442f0d67cb768c39b7a3137d7cfac.sol#188-189) is not in mixedCase
Parameter '_to' of EOI._transfer (/unique_chucks/4/0xe7714fe843f442f0d67cb768c39b7a3137d7cfac.sol#189) is not in mixedCase
Parameter '_value' of EOI._transfer (/unique_chucks/4/0xe7714fe843f442f0d67cb768c39b7a3137d7cfac.sol#189) is not in mixedCase
Parameter '_value' of EOI.burn (/unique_chucks/4/0xe7714fe843f442f0d67cb768c39b7a3137d7cfac.sol#202) is not in mixedCase
Parameter '_from' of EOI.burnFrom (/unique_chucks/4/0xe7714fe843f442f0d67cb768c39b7a3137d7cfac.sol#212) is not in mixedCase
Parameter '_value' of EOI.burnFrom (/unique_chucks/4/0xe7714fe843f442f0d67cb768c39b7a3137d7cfac.sol#212-213) is not in mixedCase
Reference: https://github.com/trailofbits/slither/wiki/Detectors-Documentation#conformance-to-solidity-naming-conventions[0m
INFO:Slither:/unique_chucks/4/0xe7714fe843f442f0d67cb768c39b7a3137d7cfac.sol analyzed (6 contracts), 46 result(s) found