INFO:Detectors:[93m
NameFilter.nameFilter (/unique_chucks/30/0xb066135b92a122225bf786c38bc5d2284be7a27e.sol#611-690) is declared view but contains assembly code
Reference: https://github.com/trailofbits/slither/wiki/Detectors-Documentation#constant-functions-changing-the-state[0m
INFO:Detectors:[93m
_affID in PlayerBook.registerNameXaddrFromDapp (/unique_chucks/30/0xb066135b92a122225bf786c38bc5d2284be7a27e.sol#512) is a local variable never initialiazed
_affID in PlayerBook.registerNameXname (/unique_chucks/30/0xb066135b92a122225bf786c38bc5d2284be7a27e.sol#272-273) is a local variable never initialiazed
_affID in PlayerBook.registerNameXaddr (/unique_chucks/30/0xb066135b92a122225bf786c38bc5d2284be7a27e.sol#231-232) is a local variable never initialiazed
_affID in PlayerBook.registerNameXnameFromDapp (/unique_chucks/30/0xb066135b92a122225bf786c38bc5d2284be7a27e.sol#550) is a local variable never initialiazed
Reference: https://github.com/trailofbits/slither/wiki/Detectors-Documentation#uninitialized-local-variables[0m
INFO:Detectors:[92m
PlayerBook.addMeToGame has external calls inside a loop:
	- games_[_gameID].receivePlayerNameList(_pID,plyrNameList_[_pID][ii]) (/unique_chucks/30/0xb066135b92a122225bf786c38bc5d2284be7a27e.sol#318-320)
PlayerBook.addMeToAllGames has external calls inside a loop:
	- games_[i].receivePlayerInfo(_pID,_addr,_name,_laff) (/unique_chucks/30/0xb066135b92a122225bf786c38bc5d2284be7a27e.sol#336-337)
PlayerBook.addMeToAllGames has external calls inside a loop:
	- games_[i].receivePlayerNameList(_pID,plyrNameList_[_pID][ii]) (/unique_chucks/30/0xb066135b92a122225bf786c38bc5d2284be7a27e.sol#340-342)
PlayerBook.registerNameCore has external calls inside a loop:
	- games_[i].receivePlayerInfo(_pID,_addr,_name,_affID) (/unique_chucks/30/0xb066135b92a122225bf786c38bc5d2284be7a27e.sol#391-392)
Reference: https://github.com/trailofbits/slither/wiki/Detectors-Documentation/_edit#calls-inside-a-loop[0m
INFO:Detectors:[92m
NameFilter.nameFilter uses assembly (/unique_chucks/30/0xb066135b92a122225bf786c38bc5d2284be7a27e.sol#611-690)
	- /unique_chucks/30/0xb066135b92a122225bf786c38bc5d2284be7a27e.sol#684-687
Reference: https://github.com/trailofbits/slither/wiki/Detectors-Documentation#assembly-usage[0m
INFO:Detectors:[92m
PlayerBook.deleteAnyProposal (/unique_chucks/30/0xb066135b92a122225bf786c38bc5d2284be7a27e.sol#28-29) should be declared external
PlayerBook.checkData (/unique_chucks/30/0xb066135b92a122225bf786c38bc5d2284be7a27e.sol#29-30) should be declared external
PlayerBook.checkSignersByAddress (/unique_chucks/30/0xb066135b92a122225bf786c38bc5d2284be7a27e.sol#30-31) should be declared external
PlayerBook.checkSignersByName (/unique_chucks/30/0xb066135b92a122225bf786c38bc5d2284be7a27e.sol#31-33) should be declared external
PlayerBook.checkIfNameValid (/unique_chucks/30/0xb066135b92a122225bf786c38bc5d2284be7a27e.sol#136-144) should be declared external
PlayerBook.registerNameXID (/unique_chucks/30/0xb066135b92a122225bf786c38bc5d2284be7a27e.sol#174-209) should be declared external
PlayerBook.registerNameXaddr (/unique_chucks/30/0xb066135b92a122225bf786c38bc5d2284be7a27e.sol#209-249) should be declared external
PlayerBook.registerNameXname (/unique_chucks/30/0xb066135b92a122225bf786c38bc5d2284be7a27e.sol#249-287) should be declared external
PlayerBook.addMeToGame (/unique_chucks/30/0xb066135b92a122225bf786c38bc5d2284be7a27e.sol#298-320) should be declared external
PlayerBook.addMeToAllGames (/unique_chucks/30/0xb066135b92a122225bf786c38bc5d2284be7a27e.sol#323-345) should be declared external
PlayerBook.useMyOldName (/unique_chucks/30/0xb066135b92a122225bf786c38bc5d2284be7a27e.sol#351-361) should be declared external
PlayerBook.addGame (/unique_chucks/30/0xb066135b92a122225bf786c38bc5d2284be7a27e.sol#571-596) should be declared external
PlayerBook.setRegistrationFee (/unique_chucks/30/0xb066135b92a122225bf786c38bc5d2284be7a27e.sol#597-602) should be declared external
Reference: https://github.com/trailofbits/slither/wiki/Detectors-Documentation#public-function-that-could-be-declared-as-external[0m
INFO:Detectors:[92m
Event 'PlayerBook.onNewName' (/unique_chucks/30/0xb066135b92a122225bf786c38bc5d2284be7a27e.sol#119-129) is not in CapWords
Parameter '_whatFunction' of PlayerBook.multiSigDev (/unique_chucks/30/0xb066135b92a122225bf786c38bc5d2284be7a27e.sol#26) is not in mixedCase
Parameter '_whatFunction' of PlayerBook.deleteProposal (/unique_chucks/30/0xb066135b92a122225bf786c38bc5d2284be7a27e.sol#27) is not in mixedCase
Parameter '_whatFunction' of PlayerBook.deleteAnyProposal (/unique_chucks/30/0xb066135b92a122225bf786c38bc5d2284be7a27e.sol#28) is not in mixedCase
Parameter '_whatFunction' of PlayerBook.checkData (/unique_chucks/30/0xb066135b92a122225bf786c38bc5d2284be7a27e.sol#29) is not in mixedCase
Parameter '_whatFunction' of PlayerBook.checkSignersByAddress (/unique_chucks/30/0xb066135b92a122225bf786c38bc5d2284be7a27e.sol#30) is not in mixedCase
Parameter '_signerA' of PlayerBook.checkSignersByAddress (/unique_chucks/30/0xb066135b92a122225bf786c38bc5d2284be7a27e.sol#30) is not in mixedCase
Parameter '_signerB' of PlayerBook.checkSignersByAddress (/unique_chucks/30/0xb066135b92a122225bf786c38bc5d2284be7a27e.sol#30) is not in mixedCase
Parameter '_signerC' of PlayerBook.checkSignersByAddress (/unique_chucks/30/0xb066135b92a122225bf786c38bc5d2284be7a27e.sol#30) is not in mixedCase
Parameter '_whatFunction' of PlayerBook.checkSignersByName (/unique_chucks/30/0xb066135b92a122225bf786c38bc5d2284be7a27e.sol#31) is not in mixedCase
Parameter '_signerA' of PlayerBook.checkSignersByName (/unique_chucks/30/0xb066135b92a122225bf786c38bc5d2284be7a27e.sol#31) is not in mixedCase
Parameter '_signerB' of PlayerBook.checkSignersByName (/unique_chucks/30/0xb066135b92a122225bf786c38bc5d2284be7a27e.sol#31) is not in mixedCase
Parameter '_signerC' of PlayerBook.checkSignersByName (/unique_chucks/30/0xb066135b92a122225bf786c38bc5d2284be7a27e.sol#31) is not in mixedCase
Parameter '_nameStr' of PlayerBook.checkIfNameValid (/unique_chucks/30/0xb066135b92a122225bf786c38bc5d2284be7a27e.sol#137-138) is not in mixedCase
Parameter '_nameString' of PlayerBook.registerNameXID (/unique_chucks/30/0xb066135b92a122225bf786c38bc5d2284be7a27e.sol#174) is not in mixedCase
Parameter '_affCode' of PlayerBook.registerNameXID (/unique_chucks/30/0xb066135b92a122225bf786c38bc5d2284be7a27e.sol#174) is not in mixedCase
Parameter '_all' of PlayerBook.registerNameXID (/unique_chucks/30/0xb066135b92a122225bf786c38bc5d2284be7a27e.sol#174) is not in mixedCase
Parameter '_nameString' of PlayerBook.registerNameXaddr (/unique_chucks/30/0xb066135b92a122225bf786c38bc5d2284be7a27e.sol#209) is not in mixedCase
Parameter '_affCode' of PlayerBook.registerNameXaddr (/unique_chucks/30/0xb066135b92a122225bf786c38bc5d2284be7a27e.sol#210-211) is not in mixedCase
Parameter '_all' of PlayerBook.registerNameXaddr (/unique_chucks/30/0xb066135b92a122225bf786c38bc5d2284be7a27e.sol#211) is not in mixedCase
Parameter '_nameString' of PlayerBook.registerNameXname (/unique_chucks/30/0xb066135b92a122225bf786c38bc5d2284be7a27e.sol#251) is not in mixedCase
Parameter '_affCode' of PlayerBook.registerNameXname (/unique_chucks/30/0xb066135b92a122225bf786c38bc5d2284be7a27e.sol#251-252) is not in mixedCase
Parameter '_all' of PlayerBook.registerNameXname (/unique_chucks/30/0xb066135b92a122225bf786c38bc5d2284be7a27e.sol#252) is not in mixedCase
Parameter '_gameID' of PlayerBook.addMeToGame (/unique_chucks/30/0xb066135b92a122225bf786c38bc5d2284be7a27e.sol#299) is not in mixedCase
Parameter '_nameString' of PlayerBook.useMyOldName (/unique_chucks/30/0xb066135b92a122225bf786c38bc5d2284be7a27e.sol#352) is not in mixedCase
Parameter '_pID' of PlayerBook.registerNameCore (/unique_chucks/30/0xb066135b92a122225bf786c38bc5d2284be7a27e.sol#367) is not in mixedCase
Parameter '_addr' of PlayerBook.registerNameCore (/unique_chucks/30/0xb066135b92a122225bf786c38bc5d2284be7a27e.sol#367-368) is not in mixedCase
Parameter '_affID' of PlayerBook.registerNameCore (/unique_chucks/30/0xb066135b92a122225bf786c38bc5d2284be7a27e.sol#368) is not in mixedCase
Parameter '_name' of PlayerBook.registerNameCore (/unique_chucks/30/0xb066135b92a122225bf786c38bc5d2284be7a27e.sol#368) is not in mixedCase
Parameter '_isNewPlayer' of PlayerBook.registerNameCore (/unique_chucks/30/0xb066135b92a122225bf786c38bc5d2284be7a27e.sol#368-369) is not in mixedCase
Parameter '_all' of PlayerBook.registerNameCore (/unique_chucks/30/0xb066135b92a122225bf786c38bc5d2284be7a27e.sol#369) is not in mixedCase
Parameter '_addr' of PlayerBook.determinePID (/unique_chucks/30/0xb066135b92a122225bf786c38bc5d2284be7a27e.sol#408) is not in mixedCase
Parameter '_addr' of PlayerBook.getPlayerID (/unique_chucks/30/0xb066135b92a122225bf786c38bc5d2284be7a27e.sol#432) is not in mixedCase
Parameter '_pID' of PlayerBook.getPlayerName (/unique_chucks/30/0xb066135b92a122225bf786c38bc5d2284be7a27e.sol#441-442) is not in mixedCase
Parameter '_pID' of PlayerBook.getPlayerLAff (/unique_chucks/30/0xb066135b92a122225bf786c38bc5d2284be7a27e.sol#448) is not in mixedCase
Parameter '_pID' of PlayerBook.getPlayerAddr (/unique_chucks/30/0xb066135b92a122225bf786c38bc5d2284be7a27e.sol#454) is not in mixedCase
Parameter '_addr' of PlayerBook.registerNameXIDFromDapp (/unique_chucks/30/0xb066135b92a122225bf786c38bc5d2284be7a27e.sol#461) is not in mixedCase
Parameter '_name' of PlayerBook.registerNameXIDFromDapp (/unique_chucks/30/0xb066135b92a122225bf786c38bc5d2284be7a27e.sol#461) is not in mixedCase
Parameter '_affCode' of PlayerBook.registerNameXIDFromDapp (/unique_chucks/30/0xb066135b92a122225bf786c38bc5d2284be7a27e.sol#461-463) is not in mixedCase
Parameter '_all' of PlayerBook.registerNameXIDFromDapp (/unique_chucks/30/0xb066135b92a122225bf786c38bc5d2284be7a27e.sol#463) is not in mixedCase
Parameter '_addr' of PlayerBook.registerNameXaddrFromDapp (/unique_chucks/30/0xb066135b92a122225bf786c38bc5d2284be7a27e.sol#493-495) is not in mixedCase
Parameter '_name' of PlayerBook.registerNameXaddrFromDapp (/unique_chucks/30/0xb066135b92a122225bf786c38bc5d2284be7a27e.sol#495) is not in mixedCase
Parameter '_affCode' of PlayerBook.registerNameXaddrFromDapp (/unique_chucks/30/0xb066135b92a122225bf786c38bc5d2284be7a27e.sol#495) is not in mixedCase
Parameter '_all' of PlayerBook.registerNameXaddrFromDapp (/unique_chucks/30/0xb066135b92a122225bf786c38bc5d2284be7a27e.sol#495-496) is not in mixedCase
Parameter '_addr' of PlayerBook.registerNameXnameFromDapp (/unique_chucks/30/0xb066135b92a122225bf786c38bc5d2284be7a27e.sol#531) is not in mixedCase
Parameter '_name' of PlayerBook.registerNameXnameFromDapp (/unique_chucks/30/0xb066135b92a122225bf786c38bc5d2284be7a27e.sol#532) is not in mixedCase
Parameter '_affCode' of PlayerBook.registerNameXnameFromDapp (/unique_chucks/30/0xb066135b92a122225bf786c38bc5d2284be7a27e.sol#532) is not in mixedCase
Parameter '_all' of PlayerBook.registerNameXnameFromDapp (/unique_chucks/30/0xb066135b92a122225bf786c38bc5d2284be7a27e.sol#532) is not in mixedCase
Parameter '_gameAddress' of PlayerBook.addGame (/unique_chucks/30/0xb066135b92a122225bf786c38bc5d2284be7a27e.sol#573-574) is not in mixedCase
Parameter '_gameNameStr' of PlayerBook.addGame (/unique_chucks/30/0xb066135b92a122225bf786c38bc5d2284be7a27e.sol#574) is not in mixedCase
Parameter '_fee' of PlayerBook.setRegistrationFee (/unique_chucks/30/0xb066135b92a122225bf786c38bc5d2284be7a27e.sol#599) is not in mixedCase
Constant 'PlayerBook.TeamAnonymous' (/unique_chucks/30/0xb066135b92a122225bf786c38bc5d2284be7a27e.sol#23-25) is not in UPPER_CASE_WITH_UNDERSCORES
Constant 'PlayerBook.team' (/unique_chucks/30/0xb066135b92a122225bf786c38bc5d2284be7a27e.sol#33-35) is not in UPPER_CASE_WITH_UNDERSCORES
Parameter '_input' of NameFilter.nameFilter (/unique_chucks/30/0xb066135b92a122225bf786c38bc5d2284be7a27e.sol#611) is not in mixedCase
Parameter '_requiredSignatures' of MSFun.multiSig (/unique_chucks/30/0xb066135b92a122225bf786c38bc5d2284be7a27e.sol#802) is not in mixedCase
Parameter '_whatFunction' of MSFun.multiSig (/unique_chucks/30/0xb066135b92a122225bf786c38bc5d2284be7a27e.sol#802-803) is not in mixedCase
Parameter '_whatFunction' of MSFun.deleteProposal (/unique_chucks/30/0xb066135b92a122225bf786c38bc5d2284be7a27e.sol#888) is not in mixedCase
Parameter '_whatFunction' of MSFun.whatProposal (/unique_chucks/30/0xb066135b92a122225bf786c38bc5d2284be7a27e.sol#917) is not in mixedCase
Parameter '_whatFunction' of MSFun.checkMsgData (/unique_chucks/30/0xb066135b92a122225bf786c38bc5d2284be7a27e.sol#929) is not in mixedCase
Parameter '_whatFunction' of MSFun.checkCount (/unique_chucks/30/0xb066135b92a122225bf786c38bc5d2284be7a27e.sol) is not in mixedCase
Parameter '_whatFunction' of MSFun.checkSigner (/unique_chucks/30/0xb066135b92a122225bf786c38bc5d2284be7a27e.sol) is not in mixedCase
Parameter '_signer' of MSFun.checkSigner (/unique_chucks/30/0xb066135b92a122225bf786c38bc5d2284be7a27e.sol) is not in mixedCase
Reference: https://github.com/trailofbits/slither/wiki/Detectors-Documentation#conformance-to-solidity-naming-conventions[0m
INFO:Slither:/unique_chucks/30/0xb066135b92a122225bf786c38bc5d2284be7a27e.sol analyzed (6 contracts), 85 result(s) found