/unique_contracts/0xeb67323b53a7f787984ae56897ffb5c17813b4ec.sol
line 381:12 extraneous input 'payable' expecting {'solidity', 'experimental', 'from', 'constructor', 'block', 'coinbase', 'difficulty', 'gaslimit', 'number', 'timestamp', 'blockhash', 'msg', 'data', 'gas', 'sender', 'sig', 'value', 'now', 'this', 'tx', 'origin', 'gasprice', 'public', 'internal', 'external', 'private', 'constant', 'length', 'balance', 'emit', '_', 'revert', Identifier}
line 407:39 mismatched input 'payable' expecting {',', ')'}
line 407:55 no viable alternative at input 'newOwner)'
line 407:55 extraneous input ')' expecting {'solidity', 'experimental', 'from', 'constructor', 'block', 'coinbase', 'difficulty', 'gaslimit', 'number', 'timestamp', 'blockhash', 'msg', 'data', 'gas', 'sender', 'sig', 'value', 'now', 'this', 'tx', 'origin', 'gasprice', 'public', 'internal', 'external', 'private', 'constant', 'length', 'balance', 'emit', '_', 'revert', Identifier}
line 407:74 mismatched input '{' expecting {';', '='}
line 408:26 extraneous input '(' expecting {'solidity', 'experimental', 'from', 'constructor', 'block', 'coinbase', 'difficulty', 'gaslimit', 'number', 'timestamp', 'blockhash', 'msg', 'data', 'gas', 'sender', 'sig', 'value', 'now', 'this', 'tx', 'origin', 'gasprice', 'public', 'internal', 'external', 'private', 'constant', 'length', 'balance', 'emit', '_', 'revert', Identifier}
line 408:35 extraneous input ')' expecting {';', '='}
line 415:4 extraneous input 'function' expecting {<EOF>, 'pragma', 'import', 'contract', 'library', 'interface'}
line 439:90 extraneous input 'instruction' expecting {',', ')'}
line 439:101 mismatched input ',' expecting {'solidity', 'experimental', 'from', 'constructor', 'block', 'coinbase', 'difficulty', 'gaslimit', 'number', 'timestamp', 'blockhash', 'msg', 'data', 'gas', 'sender', 'sig', 'value', 'now', 'this', 'tx', 'origin', 'gasprice', 'public', 'internal', 'external', 'private', 'constant', 'length', 'balance', 'emit', '_', 'revert', Identifier}
line 439:119 mismatched input 'message' expecting {';', '='}
line 439:126 mismatched input ',' expecting {'solidity', 'experimental', 'from', 'constructor', 'block', 'coinbase', 'difficulty', 'gaslimit', 'number', 'timestamp', 'blockhash', 'msg', 'data', 'gas', 'sender', 'sig', 'value', 'now', 'this', 'tx', 'origin', 'gasprice', 'public', 'internal', 'external', 'private', 'constant', 'length', 'balance', 'emit', '_', 'revert', Identifier}
line 439:140 mismatched input ')' expecting {';', '='}
line 440:11 mismatched input '(' expecting {'solidity', 'experimental', 'from', 'constructor', 'block', 'coinbase', 'difficulty', 'gaslimit', 'number', 'timestamp', 'blockhash', 'msg', 'data', 'gas', 'sender', 'sig', 'value', 'now', 'this', 'tx', 'origin', 'gasprice', 'public', 'internal', 'external', 'private', 'constant', 'length', 'balance', 'emit', '_', 'revert', Identifier}
line 440:19 mismatched input '(' expecting ')'
line 440:33 extraneous input ',' expecting {'solidity', 'experimental', 'from', 'constructor', 'block', 'coinbase', 'difficulty', 'gaslimit', 'number', 'timestamp', 'blockhash', 'msg', 'data', 'gas', 'sender', 'sig', 'value', 'now', 'this', 'tx', 'origin', 'gasprice', 'public', 'internal', 'external', 'private', 'constant', 'length', 'balance', 'emit', '_', 'revert', Identifier}
line 440:40 extraneous input ')' expecting {';', '='}
line 442:26 extraneous input '(' expecting {'solidity', 'experimental', 'from', 'constructor', 'block', 'coinbase', 'difficulty', 'gaslimit', 'number', 'timestamp', 'blockhash', 'msg', 'data', 'gas', 'sender', 'sig', 'value', 'now', 'this', 'tx', 'origin', 'gasprice', 'public', 'internal', 'external', 'private', 'constant', 'length', 'balance', 'emit', '_', 'revert', Identifier}
line 442:30 mismatched input '.' expecting {';', '='}
line 442:37 extraneous input ',' expecting {'solidity', 'experimental', 'from', 'constructor', 'block', 'coinbase', 'difficulty', 'gaslimit', 'number', 'timestamp', 'blockhash', 'msg', 'data', 'gas', 'sender', 'sig', 'value', 'now', 'this', 'tx', 'origin', 'gasprice', 'public', 'internal', 'external', 'private', 'constant', 'length', 'balance', 'emit', '_', 'revert', Identifier}
line 442:45 mismatched input ',' expecting {';', '='}
line 442:54 extraneous input '(' expecting {'solidity', 'experimental', 'from', 'constructor', 'block', 'coinbase', 'difficulty', 'gaslimit', 'number', 'timestamp', 'blockhash', 'msg', 'data', 'gas', 'sender', 'sig', 'value', 'now', 'this', 'tx', 'origin', 'gasprice', 'public', 'internal', 'external', 'private', 'constant', 'length', 'balance', 'emit', '_', 'revert', Identifier}
line 442:59 mismatched input ')' expecting {';', '='}
line 442:69 extraneous input ',' expecting {'solidity', 'experimental', 'from', 'constructor', 'block', 'coinbase', 'difficulty', 'gaslimit', 'number', 'timestamp', 'blockhash', 'msg', 'data', 'gas', 'sender', 'sig', 'value', 'now', 'this', 'tx', 'origin', 'gasprice', 'public', 'internal', 'external', 'private', 'constant', 'length', 'balance', 'emit', '_', 'revert', Identifier}
line 442:82 mismatched input ',' expecting {';', '='}
line 442:91 extraneous input ',' expecting {'solidity', 'experimental', 'from', 'constructor', 'block', 'coinbase', 'difficulty', 'gaslimit', 'number', 'timestamp', 'blockhash', 'msg', 'data', 'gas', 'sender', 'sig', 'value', 'now', 'this', 'tx', 'origin', 'gasprice', 'public', 'internal', 'external', 'private', 'constant', 'length', 'balance', 'emit', '_', 'revert', Identifier}
line 442:97 extraneous input ')' expecting {';', '='}
line 447:0 extraneous input '}' expecting {<EOF>, 'pragma', 'import', 'contract', 'library', 'interface'}
line 457:66 extraneous input 'payable' expecting {',', ')'}
jar:file:/usr/local/lib/node_modules/@smartdec/smartcheck/jdeploy-bundle/smartcheck-2.0-jar-with-dependencies.jar!/solidity-rules.xmlruleId: SOLIDITY_ADDRESS_HARDCODED
patternId: adc165
severity: 1
line: 463
column: 59
content: 0x8024A6e9f0842E86079e707bF874AFC061c38D60

ruleId: SOLIDITY_ERC20_APPROVE
patternId: af782c
severity: 2
line: 163
column: 4
content: functionapprove(addressspender,uint256value)publicreturns(bool){_approve(msg.sender,spender,value);returntrue;}

ruleId: SOLIDITY_LOCKED_MONEY
patternId: 30281d
severity: 3
line: 380
column: 0
content: contractOwnablePayable{addresspayablepublic_owner;eventOwnershipTransferred(addressindexedpreviousOwner,addressindexednewOwner);constructor()internal{_owner=msg.sender;emitOwnershipTransferred(address(0),_owner);}modifieronlyOwner(){require(msg.sender==_owner);_;}functiontransferOwnership(addresspayablenewOwner)publiconlyOwner{_transferOwnership(newOwner);}

ruleId: SOLIDITY_PRIVATE_MODIFIER_DONT_HIDE_DATA
patternId: 5616b2
severity: 1
line: 112
column: 33
content: private

ruleId: SOLIDITY_PRIVATE_MODIFIER_DONT_HIDE_DATA
patternId: 5616b2
severity: 1
line: 114
column: 54
content: private

ruleId: SOLIDITY_PRIVATE_MODIFIER_DONT_HIDE_DATA
patternId: 5616b2
severity: 1
line: 116
column: 12
content: private

ruleId: SOLIDITY_PRIVATE_MODIFIER_DONT_HIDE_DATA
patternId: 5616b2
severity: 1
line: 327
column: 15
content: private

ruleId: SOLIDITY_SAFEMATH
patternId: 837cac
severity: 1
line: 110
column: 4
content: usingSafeMathforuint256;

ruleId: SOLIDITY_SAFEMATH
patternId: 837cac
severity: 1
line: 426
column: 4
content: usingSafeMathforuint256;

ruleId: SOLIDITY_SAFEMATH
patternId: 837cac
severity: 1
line: 473
column: 1
content: usingSafeMathforuint256;

ruleId: SOLIDITY_VISIBILITY
patternId: 910067
severity: 1
line: 407
column: 4
content: functiontransferOwnership(addresspayable

ruleId: SOLIDITY_VISIBILITY
patternId: 910067
severity: 1
line: 439
column: 3
content: functionsendToGateway(addressgatewayAddr,uintamount,uintorderId,uint[]calldata<missing ')'>

ruleId: SOLIDITY_VISIBILITY
patternId: b51ce0
severity: 1
line: 408
column: 8
content: _transferOwnership(newOwner);

ruleId: SOLIDITY_VISIBILITY
patternId: b51ce0
severity: 1
line: 439
column: 90
content: instruction,

ruleId: SOLIDITY_VISIBILITY
patternId: b51ce0
severity: 1
line: 439
column: 103
content: stringcalldata

ruleId: SOLIDITY_VISIBILITY
patternId: b51ce0
severity: 1
line: 439
column: 119
content: message,

ruleId: SOLIDITY_VISIBILITY
patternId: b51ce0
severity: 1
line: 439
column: 128
content: addressaddr)external{

ruleId: SOLIDITY_VISIBILITY
patternId: b51ce0
severity: 1
line: 440
column: 4
content: approve

ruleId: SOLIDITY_VISIBILITY
patternId: b51ce0
severity: 1
line: 440
column: 11
content: (address<missing ';'>

ruleId: SOLIDITY_VISIBILITY
patternId: b51ce0
severity: 1
line: 440
column: 19
content: (gatewayAddr),amount);

ruleId: SOLIDITY_VISIBILITY
patternId: b51ce0
severity: 1
line: 441
column: 4
content: FrenchIco_Gatewaygateway=FrenchIco_Gateway(address(gatewayAddr));

ruleId: SOLIDITY_VISIBILITY
patternId: b51ce0
severity: 1
line: 442
column: 4
content: gateway.orderFromToken(msg.

ruleId: SOLIDITY_VISIBILITY
patternId: b51ce0
severity: 1
line: 442
column: 31
content: sender,amount,

ruleId: SOLIDITY_VISIBILITY
patternId: b51ce0
severity: 1
line: 442
column: 47
content: address(this),

ruleId: SOLIDITY_VISIBILITY
patternId: b51ce0
severity: 1
line: 442
column: 62
content: orderId,instruction,

ruleId: SOLIDITY_VISIBILITY
patternId: b51ce0
severity: 1
line: 442
column: 84
content: message,addr);

ruleId: SOLIDITY_VISIBILITY
patternId: b51ce0
severity: 1
line: 463
column: 4
content: FrenchIco_CorporateFico=FrenchIco_Corporate(address(0x8024A6e9f0842E86079e707bF874AFC061c38D60));

SOLIDITY_VISIBILITY :17
SOLIDITY_SAFEMATH :3
SOLIDITY_LOCKED_MONEY :1
SOLIDITY_PRIVATE_MODIFIER_DONT_HIDE_DATA :4
SOLIDITY_ADDRESS_HARDCODED :1
SOLIDITY_ERC20_APPROVE :1