/unique_chucks/24/0xbfbcf2059f5436167459ed802489e69f5b41decf.sol
jar:file:/usr/local/lib/node_modules/@smartdec/smartcheck/jdeploy-bundle/smartcheck-2.0-jar-with-dependencies.jar!/solidity-rules.xmlruleId: SOLIDITY_ADDRESS_HARDCODED
patternId: adc165
severity: 1
line: 177
column: 24
content: 0x1d3B2638a7cC9f2CB3D298A3DA7a90B67E5506ed

ruleId: SOLIDITY_ADDRESS_HARDCODED
patternId: adc165
severity: 1
line: 178
column: 40
content: 0x1d3B2638a7cC9f2CB3D298A3DA7a90B67E5506ed

ruleId: SOLIDITY_ADDRESS_HARDCODED
patternId: adc165
severity: 1
line: 182
column: 24
content: 0xc03A2615D5efaf5F49F60B7BB6583eaec212fdf1

ruleId: SOLIDITY_ADDRESS_HARDCODED
patternId: adc165
severity: 1
line: 183
column: 40
content: 0xc03A2615D5efaf5F49F60B7BB6583eaec212fdf1

ruleId: SOLIDITY_ADDRESS_HARDCODED
patternId: adc165
severity: 1
line: 187
column: 24
content: 0xB7A07BcF2Ba2f2703b24C0691b5278999C59AC7e

ruleId: SOLIDITY_ADDRESS_HARDCODED
patternId: adc165
severity: 1
line: 188
column: 40
content: 0xB7A07BcF2Ba2f2703b24C0691b5278999C59AC7e

ruleId: SOLIDITY_ADDRESS_HARDCODED
patternId: adc165
severity: 1
line: 192
column: 24
content: 0x146500cfd35B22E4A392Fe0aDc06De1a1368Ed48

ruleId: SOLIDITY_ADDRESS_HARDCODED
patternId: adc165
severity: 1
line: 193
column: 40
content: 0x146500cfd35B22E4A392Fe0aDc06De1a1368Ed48

ruleId: SOLIDITY_ADDRESS_HARDCODED
patternId: adc165
severity: 1
line: 197
column: 24
content: 0x6f485C8BF6fc43eA212E93BBF8ce046C7f1cb475

ruleId: SOLIDITY_ADDRESS_HARDCODED
patternId: adc165
severity: 1
line: 198
column: 40
content: 0x6f485C8BF6fc43eA212E93BBF8ce046C7f1cb475

ruleId: SOLIDITY_ADDRESS_HARDCODED
patternId: adc165
severity: 1
line: 201
column: 24
content: 0x20e12A1F859B3FeaE5Fb2A0A32C18F5a65555bBF

ruleId: SOLIDITY_ADDRESS_HARDCODED
patternId: adc165
severity: 1
line: 202
column: 40
content: 0x20e12A1F859B3FeaE5Fb2A0A32C18F5a65555bBF

ruleId: SOLIDITY_ADDRESS_HARDCODED
patternId: adc165
severity: 1
line: 205
column: 24
content: 0x51efaF4c8B3C9AfBD5aB9F4bbC82784Ab6ef8fAA

ruleId: SOLIDITY_ADDRESS_HARDCODED
patternId: adc165
severity: 1
line: 206
column: 40
content: 0x51efaF4c8B3C9AfBD5aB9F4bbC82784Ab6ef8fAA

ruleId: SOLIDITY_ADDRESS_HARDCODED
patternId: b140cd
severity: 1
line: 143
column: 35
content: 0x00

ruleId: SOLIDITY_ADDRESS_HARDCODED
patternId: b140cd
severity: 1
line: 144
column: 40
content: 0x10

ruleId: SOLIDITY_ADDRESS_HARDCODED
patternId: b140cd
severity: 1
line: 145
column: 38
content: 0x20

ruleId: SOLIDITY_ADDRESS_HARDCODED
patternId: b140cd
severity: 1
line: 146
column: 37
content: 0x30

ruleId: SOLIDITY_ADDRESS_HARDCODED
patternId: b140cd
severity: 1
line: 147
column: 37
content: 0xF0

ruleId: SOLIDITY_ADDRESS_HARDCODED
patternId: b140cd
severity: 1
line: 148
column: 38
content: 0x01

ruleId: SOLIDITY_ADDRESS_HARDCODED
patternId: b140cd
severity: 1
line: 767
column: 36
content: 0x80

ruleId: SOLIDITY_ADDRESS_HARDCODED
patternId: b140cd
severity: 1
line: 776
column: 27
content: 0x5F

ruleId: SOLIDITY_ADDRESS_HARDCODED
patternId: b140cd
severity: 1
line: 782
column: 39
content: 0x40

ruleId: SOLIDITY_ADDRESS_HARDCODED
patternId: b140cd
severity: 1
line: 792
column: 27
content: 0xFF

ruleId: SOLIDITY_ADDRESS_HARDCODED
patternId: b140cd
severity: 1
line: 809
column: 36
content: 0x80

ruleId: SOLIDITY_ADDRESS_HARDCODED
patternId: b140cd
severity: 1
line: 818
column: 27
content: 0x5F

ruleId: SOLIDITY_ADDRESS_HARDCODED
patternId: b140cd
severity: 1
line: 824
column: 39
content: 0x40

ruleId: SOLIDITY_ADDRESS_HARDCODED
patternId: b140cd
severity: 1
line: 834
column: 27
content: 0xFF

ruleId: SOLIDITY_ADDRESS_HARDCODED
patternId: b140cd
severity: 1
line: 884
column: 43
content: 0x20

ruleId: SOLIDITY_ADDRESS_HARDCODED
patternId: b140cd
severity: 1
line: 888
column: 67
content: 0x20

ruleId: SOLIDITY_ADDRESS_HARDCODED
patternId: b140cd
severity: 1
line: 928
column: 21
content: 0xFE

ruleId: SOLIDITY_ADDRESS_HARDCODED
patternId: a91b18
severity: 1
line: 1479
column: 24
content: (msg.sender,address(0))

ruleId: SOLIDITY_DEPRECATED_CONSTRUCTIONS
patternId: 28fa69
severity: 1
line: 134
column: 4
content: functionrandomDS_getSessionPubKeyHash()externalconstantreturns(bytes32);

ruleId: SOLIDITY_DEPRECATED_CONSTRUCTIONS
patternId: 28fa69
severity: 1
line: 615
column: 4
content: functiongetCodeSize(address_addr)constantinternalreturns(uint_size){assembly{_size:=extcodesize(_addr)}}

ruleId: SOLIDITY_EXTRA_GAS_IN_LOOPS
patternId: d3j11j
severity: 1
line: 669
column: 12
content: for(uinti=0;i<h.length;i++){if(h[i]==n[0]){subindex=1;while(subindex<n.length&&(i+subindex)<h.length&&h[i+subindex]==n[subindex]){subindex++;}if(subindex==n.length)returnint(i);}}

ruleId: SOLIDITY_EXTRA_GAS_IN_LOOPS
patternId: d3j11j
severity: 1
line: 695
column: 8
content: for(uinti=0;i<_ba.length;i++)babcde[k++]=_ba[i];

ruleId: SOLIDITY_EXTRA_GAS_IN_LOOPS
patternId: d3j11j
severity: 1
line: 696
column: 8
content: for(i=0;i<_bb.length;i++)babcde[k++]=_bb[i];

ruleId: SOLIDITY_EXTRA_GAS_IN_LOOPS
patternId: d3j11j
severity: 1
line: 697
column: 8
content: for(i=0;i<_bc.length;i++)babcde[k++]=_bc[i];

ruleId: SOLIDITY_EXTRA_GAS_IN_LOOPS
patternId: d3j11j
severity: 1
line: 698
column: 8
content: for(i=0;i<_bd.length;i++)babcde[k++]=_bd[i];

ruleId: SOLIDITY_EXTRA_GAS_IN_LOOPS
patternId: d3j11j
severity: 1
line: 699
column: 8
content: for(i=0;i<_be.length;i++)babcde[k++]=_be[i];

ruleId: SOLIDITY_EXTRA_GAS_IN_LOOPS
patternId: d3j11j
severity: 1
line: 725
column: 8
content: for(uinti=0;i<bresult.length;i++){if((bresult[i]>=48)&&(bresult[i]<=57)){if(decimals){if(_b==0)break;else_b--;}mint*=10;mint+=uint(bresult[i])-48;}elseif(bresult[i]==46)decimals=true;}

ruleId: SOLIDITY_EXTRA_GAS_IN_LOOPS
patternId: d3j11j
severity: 1
line: 778
column: 16
content: for(uintx=0;x<elemArray[i].length;x++){if(x%23==0){uintelemcborlen=elemArray[i].length-x>=24?23:elemArray[i].length-x;elemcborlen+=0x40;uintlctr=ctr;while(byte(elemcborlen).length>ctr-lctr){res[ctr]=byte(elemcborlen)[ctr-lctr];ctr++;}}res[ctr]=elemArray[i][x];ctr++;}

ruleId: SOLIDITY_EXTRA_GAS_IN_LOOPS
patternId: d3j11j
severity: 1
line: 820
column: 16
content: for(uintx=0;x<elemArray[i].length;x++){if(x%23==0){uintelemcborlen=elemArray[i].length-x>=24?23:elemArray[i].length-x;elemcborlen+=0x40;uintlctr=ctr;while(byte(elemcborlen).length>ctr-lctr){res[ctr]=byte(elemcborlen)[ctr-lctr];ctr++;}}res[ctr]=elemArray[i][x];ctr++;}

ruleId: SOLIDITY_EXTRA_GAS_IN_LOOPS
patternId: k4o1l4
severity: 1
line: 674
column: 20
content: while(subindex<n.length&&(i+subindex)<h.length&&h[i+subindex]==n[subindex]){subindex++;}

ruleId: SOLIDITY_EXTRA_GAS_IN_LOOPS
patternId: k4o1l4
severity: 1
line: 771
column: 12
content: while(byte(cborlen).length>ctr){res[ctr]=byte(cborlen)[ctr];ctr++;}

ruleId: SOLIDITY_EXTRA_GAS_IN_LOOPS
patternId: k4o1l4
severity: 1
line: 784
column: 24
content: while(byte(elemcborlen).length>ctr-lctr){res[ctr]=byte(elemcborlen)[ctr-lctr];ctr++;}

ruleId: SOLIDITY_EXTRA_GAS_IN_LOOPS
patternId: k4o1l4
severity: 1
line: 813
column: 12
content: while(byte(cborlen).length>ctr){res[ctr]=byte(cborlen)[ctr];ctr++;}

ruleId: SOLIDITY_EXTRA_GAS_IN_LOOPS
patternId: k4o1l4
severity: 1
line: 826
column: 24
content: while(byte(elemcborlen).length>ctr-lctr){res[ctr]=byte(elemcborlen)[ctr-lctr];ctr++;}

ruleId: SOLIDITY_FUNCTIONS_RETURNS_TYPE_AND_NO_RETURN
patternId: 58bdd3
severity: 1
line: 615
column: 4
content: functiongetCodeSize(address_addr)constantinternalreturns(uint_size){assembly{_size:=extcodesize(_addr)}}

ruleId: SOLIDITY_GAS_LIMIT_IN_LOOPS
patternId: f6f853
severity: 2
line: 646
column: 8
content: for(uinti=0;i<minLength;i++)if(a[i]<b[i])return-1;elseif(a[i]>b[i])return1;

ruleId: SOLIDITY_GAS_LIMIT_IN_LOOPS
patternId: f6f853
severity: 2
line: 669
column: 12
content: for(uinti=0;i<h.length;i++){if(h[i]==n[0]){subindex=1;while(subindex<n.length&&(i+subindex)<h.length&&h[i+subindex]==n[subindex]){subindex++;}if(subindex==n.length)returnint(i);}}

ruleId: SOLIDITY_GAS_LIMIT_IN_LOOPS
patternId: f6f853
severity: 2
line: 695
column: 8
content: for(uinti=0;i<_ba.length;i++)babcde[k++]=_ba[i];

ruleId: SOLIDITY_GAS_LIMIT_IN_LOOPS
patternId: f6f853
severity: 2
line: 696
column: 8
content: for(i=0;i<_bb.length;i++)babcde[k++]=_bb[i];

ruleId: SOLIDITY_GAS_LIMIT_IN_LOOPS
patternId: f6f853
severity: 2
line: 697
column: 8
content: for(i=0;i<_bc.length;i++)babcde[k++]=_bc[i];

ruleId: SOLIDITY_GAS_LIMIT_IN_LOOPS
patternId: f6f853
severity: 2
line: 698
column: 8
content: for(i=0;i<_bd.length;i++)babcde[k++]=_bd[i];

ruleId: SOLIDITY_GAS_LIMIT_IN_LOOPS
patternId: f6f853
severity: 2
line: 699
column: 8
content: for(i=0;i<_be.length;i++)babcde[k++]=_be[i];

ruleId: SOLIDITY_GAS_LIMIT_IN_LOOPS
patternId: f6f853
severity: 2
line: 725
column: 8
content: for(uinti=0;i<bresult.length;i++){if((bresult[i]>=48)&&(bresult[i]<=57)){if(decimals){if(_b==0)break;else_b--;}mint*=10;mint+=uint(bresult[i])-48;}elseif(bresult[i]==46)decimals=true;}

ruleId: SOLIDITY_GAS_LIMIT_IN_LOOPS
patternId: f6f853
severity: 2
line: 762
column: 12
content: for(uinti=0;i<arrlen;i++){elemArray[i]=(bytes(arr[i]));outputlen+=elemArray[i].length+(elemArray[i].length-1)/23+3;}

ruleId: SOLIDITY_GAS_LIMIT_IN_LOOPS
patternId: f6f853
severity: 2
line: 775
column: 12
content: for(i=0;i<arrlen;i++){res[ctr]=0x5F;ctr++;for(uintx=0;x<elemArray[i].length;x++){if(x%23==0){uintelemcborlen=elemArray[i].length-x>=24?23:elemArray[i].length-x;elemcborlen+=0x40;uintlctr=ctr;while(byte(elemcborlen).length>ctr-lctr){res[ctr]=byte(elemcborlen)[ctr-lctr];ctr++;}}res[ctr]=elemArray[i][x];ctr++;}res[ctr]=0xFF;ctr++;}

ruleId: SOLIDITY_GAS_LIMIT_IN_LOOPS
patternId: f6f853
severity: 2
line: 778
column: 16
content: for(uintx=0;x<elemArray[i].length;x++){if(x%23==0){uintelemcborlen=elemArray[i].length-x>=24?23:elemArray[i].length-x;elemcborlen+=0x40;uintlctr=ctr;while(byte(elemcborlen).length>ctr-lctr){res[ctr]=byte(elemcborlen)[ctr-lctr];ctr++;}}res[ctr]=elemArray[i][x];ctr++;}

ruleId: SOLIDITY_GAS_LIMIT_IN_LOOPS
patternId: f6f853
severity: 2
line: 804
column: 12
content: for(uinti=0;i<arrlen;i++){elemArray[i]=(bytes(arr[i]));outputlen+=elemArray[i].length+(elemArray[i].length-1)/23+3;}

ruleId: SOLIDITY_GAS_LIMIT_IN_LOOPS
patternId: f6f853
severity: 2
line: 817
column: 12
content: for(i=0;i<arrlen;i++){res[ctr]=0x5F;ctr++;for(uintx=0;x<elemArray[i].length;x++){if(x%23==0){uintelemcborlen=elemArray[i].length-x>=24?23:elemArray[i].length-x;elemcborlen+=0x40;uintlctr=ctr;while(byte(elemcborlen).length>ctr-lctr){res[ctr]=byte(elemcborlen)[ctr-lctr];ctr++;}}res[ctr]=elemArray[i][x];ctr++;}res[ctr]=0xFF;ctr++;}

ruleId: SOLIDITY_GAS_LIMIT_IN_LOOPS
patternId: f6f853
severity: 2
line: 820
column: 16
content: for(uintx=0;x<elemArray[i].length;x++){if(x%23==0){uintelemcborlen=elemArray[i].length-x>=24?23:elemArray[i].length-x;elemcborlen+=0x40;uintlctr=ctr;while(byte(elemcborlen).length>ctr-lctr){res[ctr]=byte(elemcborlen)[ctr-lctr];ctr++;}}res[ctr]=elemArray[i][x];ctr++;}

ruleId: SOLIDITY_GAS_LIMIT_IN_LOOPS
patternId: 17f23a
severity: 1
line: 674
column: 26
content: subindex<n.length&&(i+subindex)<h.length&&h[i+subindex]==n[subindex]

ruleId: SOLIDITY_GAS_LIMIT_IN_LOOPS
patternId: 17f23a
severity: 1
line: 771
column: 19
content: byte(cborlen).length>ctr

ruleId: SOLIDITY_GAS_LIMIT_IN_LOOPS
patternId: 17f23a
severity: 1
line: 784
column: 31
content: byte(elemcborlen).length>ctr-lctr

ruleId: SOLIDITY_GAS_LIMIT_IN_LOOPS
patternId: 17f23a
severity: 1
line: 813
column: 19
content: byte(cborlen).length>ctr

ruleId: SOLIDITY_GAS_LIMIT_IN_LOOPS
patternId: 17f23a
severity: 1
line: 826
column: 31
content: byte(elemcborlen).length>ctr-lctr

ruleId: SOLIDITY_GAS_LIMIT_IN_LOOPS
patternId: 17f23a
severity: 1
line: 1023
column: 15
content: i<(32+fromOffset+length)

ruleId: SOLIDITY_LOCKED_MONEY
patternId: 30281d
severity: 3
line: 122
column: 0
content: contractOraclizeI{addresspubliccbAddress;functionquery(uint_timestamp,string_datasource,string_arg)externalpayablereturns(bytes32_id);functionquery_withGasLimit(uint_timestamp,string_datasource,string_arg,uint_gaslimit)externalpayablereturns(bytes32_id);functionquery2(uint_timestamp,string_datasource,string_arg1,string_arg2)publicpayablereturns(bytes32_id);functionquery2_withGasLimit(uint_timestamp,string_datasource,string_arg1,string_arg2,uint_gaslimit)externalpayablereturns(bytes32_id);functionqueryN(uint_timestamp,string_datasource,bytes_argN)publicpayablereturns(bytes32_id);functionqueryN_withGasLimit(uint_timestamp,string_datasource,bytes_argN,uint_gaslimit)externalpayablereturns(bytes32_id);functiongetPrice(string_datasource)publicreturns(uint_dsprice);functiongetPrice(string_datasource,uintgaslimit)publicreturns(uint_dsprice);functionsetProofType(byte_proofType)external;functionsetCustomGasPrice(uint_gasPrice)external;functionrandomDS_getSessionPubKeyHash()externalconstantreturns(bytes32);}

ruleId: SOLIDITY_OVERPOWERED_ROLE
patternId: j83hf7
severity: 2
line: 1606
column: 4
content: functionsetOffer(address_beneficiary,uint256_condition,uint256_specialPrice)onlyOwnerpublic{require(_beneficiary!=address(0));require(_condition>=MIN_FUNDING_AMOUNT);require(_specialPrice>0);offers[_beneficiary].condition=_condition;offers[_beneficiary].specialPrice=_specialPrice;}

ruleId: SOLIDITY_OVERPOWERED_ROLE
patternId: j83hf7
severity: 2
line: 1627
column: 4
content: functionsetOraclizeGasLimit(uint256_gasLimit)onlyOwnerpublic{require(_gasLimit>0);oraclizeGasLimit=_gasLimit;}

ruleId: SOLIDITY_OVERPOWERED_ROLE
patternId: j83hf7
severity: 2
line: 1636
column: 4
content: functionsetOraclizeGasPrice(uint256_gasPrice)onlyOwnerpublic{require(_gasPrice>0);oraclize_setCustomGasPrice(_gasPrice);}

ruleId: SOLIDITY_PRAGMAS_VERSION
patternId: 23fc32
severity: 1
line: 1
column: 16
content: ^

ruleId: SOLIDITY_PRAGMAS_VERSION
patternId: 23fc32
severity: 1
line: 120
column: 16
content: ^

ruleId: SOLIDITY_SAFEMATH
patternId: 837cac
severity: 1
line: 1318
column: 4
content: usingSafeMathforuint256;

ruleId: SOLIDITY_SHOULD_NOT_BE_PURE
patternId: 11314f
severity: 1
line: 1013
column: 4
content: functioncopyBytes(bytesfrom,uintfromOffset,uintlength,bytesto,uinttoOffset)internalpurereturns(bytes){uintminLength=length+toOffset;require(to.length>=minLength);uinti=32+fromOffset;uintj=32+toOffset;while(i<(32+fromOffset+length)){assembly{lettmp:=mload(add(from,i))mstore(add(to,j),tmp)}i+=32;j+=32;}returnto;}

ruleId: SOLIDITY_SHOULD_RETURN_STRUCT
patternId: 7d54ca
severity: 1
line: 1037
column: 91
content: (bool,address)

ruleId: SOLIDITY_SHOULD_RETURN_STRUCT
patternId: 7d54ca
severity: 1
line: 1065
column: 66
content: (bool,address)

ruleId: SOLIDITY_UNCHECKED_CALL
patternId: f39eed
severity: 3
line: 213
column: 8
content: __callback(myid,result,newbytes(0))

ruleId: SOLIDITY_UPGRADE_TO_050
patternId: 901eae
severity: 1
line: 865
column: 49
content: keccak256(bytes8(_delay),args[1],sha256(args[0]),args[2])

ruleId: SOLIDITY_UPGRADE_TO_050
patternId: 901eae
severity: 1
line: 994
column: 47
content: keccak256(commitmentSlice1,sessionPubkeyHash)

ruleId: SOLIDITY_UPGRADE_TO_050
patternId: 91h3sa
severity: 1
line: 1477
column: 16
content: public

ruleId: SOLIDITY_UPGRADE_TO_050
patternId: 341gim
severity: 1
line: 126
column: 37
content: string_datasource

ruleId: SOLIDITY_UPGRADE_TO_050
patternId: 341gim
severity: 1
line: 126
column: 57
content: string_arg1

ruleId: SOLIDITY_UPGRADE_TO_050
patternId: 341gim
severity: 1
line: 126
column: 71
content: string_arg2

ruleId: SOLIDITY_UPGRADE_TO_050
patternId: 341gim
severity: 1
line: 128
column: 37
content: string_datasource

ruleId: SOLIDITY_UPGRADE_TO_050
patternId: 341gim
severity: 1
line: 128
column: 57
content: bytes_argN

ruleId: SOLIDITY_UPGRADE_TO_050
patternId: 341gim
severity: 1
line: 130
column: 22
content: string_datasource

ruleId: SOLIDITY_UPGRADE_TO_050
patternId: 341gim
severity: 1
line: 131
column: 22
content: string_datasource

ruleId: SOLIDITY_UPGRADE_TO_050
patternId: 341gim
severity: 1
line: 212
column: 38
content: stringresult

ruleId: SOLIDITY_UPGRADE_TO_050
patternId: 341gim
severity: 1
line: 215
column: 38
content: stringresult

ruleId: SOLIDITY_UPGRADE_TO_050
patternId: 341gim
severity: 1
line: 215
column: 53
content: bytesproof

ruleId: SOLIDITY_UPGRADE_TO_050
patternId: 341gim
severity: 1
line: 220
column: 31
content: stringdatasource

ruleId: SOLIDITY_UPGRADE_TO_050
patternId: 341gim
severity: 1
line: 224
column: 31
content: stringdatasource

ruleId: SOLIDITY_UPGRADE_TO_050
patternId: 341gim
severity: 1
line: 228
column: 28
content: stringdatasource

ruleId: SOLIDITY_UPGRADE_TO_050
patternId: 341gim
severity: 1
line: 228
column: 47
content: stringarg

ruleId: SOLIDITY_UPGRADE_TO_050
patternId: 341gim
severity: 1
line: 233
column: 44
content: stringdatasource

ruleId: SOLIDITY_UPGRADE_TO_050
patternId: 341gim
severity: 1
line: 233
column: 63
content: stringarg

ruleId: SOLIDITY_UPGRADE_TO_050
patternId: 341gim
severity: 1
line: 238
column: 44
content: stringdatasource

ruleId: SOLIDITY_UPGRADE_TO_050
patternId: 341gim
severity: 1
line: 238
column: 63
content: stringarg

ruleId: SOLIDITY_UPGRADE_TO_050
patternId: 341gim
severity: 1
line: 243
column: 28
content: stringdatasource

ruleId: SOLIDITY_UPGRADE_TO_050
patternId: 341gim
severity: 1
line: 243
column: 47
content: stringarg

ruleId: SOLIDITY_UPGRADE_TO_050
patternId: 341gim
severity: 1
line: 248
column: 28
content: stringdatasource

ruleId: SOLIDITY_UPGRADE_TO_050
patternId: 341gim
severity: 1
line: 248
column: 47
content: stringarg1

ruleId: SOLIDITY_UPGRADE_TO_050
patternId: 341gim
severity: 1
line: 248
column: 60
content: stringarg2

ruleId: SOLIDITY_UPGRADE_TO_050
patternId: 341gim
severity: 1
line: 253
column: 44
content: stringdatasource

ruleId: SOLIDITY_UPGRADE_TO_050
patternId: 341gim
severity: 1
line: 253
column: 63
content: stringarg1

ruleId: SOLIDITY_UPGRADE_TO_050
patternId: 341gim
severity: 1
line: 253
column: 76
content: stringarg2

ruleId: SOLIDITY_UPGRADE_TO_050
patternId: 341gim
severity: 1
line: 258
column: 44
content: stringdatasource

ruleId: SOLIDITY_UPGRADE_TO_050
patternId: 341gim
severity: 1
line: 258
column: 63
content: stringarg1

ruleId: SOLIDITY_UPGRADE_TO_050
patternId: 341gim
severity: 1
line: 258
column: 76
content: stringarg2

ruleId: SOLIDITY_UPGRADE_TO_050
patternId: 341gim
severity: 1
line: 263
column: 28
content: stringdatasource

ruleId: SOLIDITY_UPGRADE_TO_050
patternId: 341gim
severity: 1
line: 263
column: 47
content: stringarg1

ruleId: SOLIDITY_UPGRADE_TO_050
patternId: 341gim
severity: 1
line: 263
column: 60
content: stringarg2

ruleId: SOLIDITY_UPGRADE_TO_050
patternId: 341gim
severity: 1
line: 268
column: 28
content: stringdatasource

ruleId: SOLIDITY_UPGRADE_TO_050
patternId: 341gim
severity: 1
line: 268
column: 47
content: string[]argN

ruleId: SOLIDITY_UPGRADE_TO_050
patternId: 341gim
severity: 1
line: 274
column: 44
content: stringdatasource

ruleId: SOLIDITY_UPGRADE_TO_050
patternId: 341gim
severity: 1
line: 274
column: 63
content: string[]argN

ruleId: SOLIDITY_UPGRADE_TO_050
patternId: 341gim
severity: 1
line: 280
column: 44
content: stringdatasource

ruleId: SOLIDITY_UPGRADE_TO_050
patternId: 341gim
severity: 1
line: 280
column: 63
content: string[]argN

ruleId: SOLIDITY_UPGRADE_TO_050
patternId: 341gim
severity: 1
line: 286
column: 28
content: stringdatasource

ruleId: SOLIDITY_UPGRADE_TO_050
patternId: 341gim
severity: 1
line: 286
column: 47
content: string[]argN

ruleId: SOLIDITY_UPGRADE_TO_050
patternId: 341gim
severity: 1
line: 292
column: 28
content: stringdatasource

ruleId: SOLIDITY_UPGRADE_TO_050
patternId: 341gim
severity: 1
line: 297
column: 44
content: stringdatasource

ruleId: SOLIDITY_UPGRADE_TO_050
patternId: 341gim
severity: 1
line: 302
column: 44
content: stringdatasource

ruleId: SOLIDITY_UPGRADE_TO_050
patternId: 341gim
severity: 1
line: 307
column: 28
content: stringdatasource

ruleId: SOLIDITY_UPGRADE_TO_050
patternId: 341gim
severity: 1
line: 313
column: 28
content: stringdatasource

ruleId: SOLIDITY_UPGRADE_TO_050
patternId: 341gim
severity: 1
line: 319
column: 44
content: stringdatasource

ruleId: SOLIDITY_UPGRADE_TO_050
patternId: 341gim
severity: 1
line: 325
column: 44
content: stringdatasource

ruleId: SOLIDITY_UPGRADE_TO_050
patternId: 341gim
severity: 1
line: 331
column: 28
content: stringdatasource

ruleId: SOLIDITY_UPGRADE_TO_050
patternId: 341gim
severity: 1
line: 337
column: 28
content: stringdatasource

ruleId: SOLIDITY_UPGRADE_TO_050
patternId: 341gim
severity: 1
line: 344
column: 44
content: stringdatasource

ruleId: SOLIDITY_UPGRADE_TO_050
patternId: 341gim
severity: 1
line: 351
column: 44
content: stringdatasource

ruleId: SOLIDITY_UPGRADE_TO_050
patternId: 341gim
severity: 1
line: 358
column: 28
content: stringdatasource

ruleId: SOLIDITY_UPGRADE_TO_050
patternId: 341gim
severity: 1
line: 366
column: 28
content: stringdatasource

ruleId: SOLIDITY_UPGRADE_TO_050
patternId: 341gim
severity: 1
line: 374
column: 44
content: stringdatasource

ruleId: SOLIDITY_UPGRADE_TO_050
patternId: 341gim
severity: 1
line: 382
column: 44
content: stringdatasource

ruleId: SOLIDITY_UPGRADE_TO_050
patternId: 341gim
severity: 1
line: 390
column: 28
content: stringdatasource

ruleId: SOLIDITY_UPGRADE_TO_050
patternId: 341gim
severity: 1
line: 398
column: 28
content: stringdatasource

ruleId: SOLIDITY_UPGRADE_TO_050
patternId: 341gim
severity: 1
line: 407
column: 44
content: stringdatasource

ruleId: SOLIDITY_UPGRADE_TO_050
patternId: 341gim
severity: 1
line: 416
column: 44
content: stringdatasource

ruleId: SOLIDITY_UPGRADE_TO_050
patternId: 341gim
severity: 1
line: 425
column: 28
content: stringdatasource

ruleId: SOLIDITY_UPGRADE_TO_050
patternId: 341gim
severity: 1
line: 434
column: 28
content: stringdatasource

ruleId: SOLIDITY_UPGRADE_TO_050
patternId: 341gim
severity: 1
line: 434
column: 47
content: bytes[]argN

ruleId: SOLIDITY_UPGRADE_TO_050
patternId: 341gim
severity: 1
line: 440
column: 44
content: stringdatasource

ruleId: SOLIDITY_UPGRADE_TO_050
patternId: 341gim
severity: 1
line: 440
column: 63
content: bytes[]argN

ruleId: SOLIDITY_UPGRADE_TO_050
patternId: 341gim
severity: 1
line: 446
column: 44
content: stringdatasource

ruleId: SOLIDITY_UPGRADE_TO_050
patternId: 341gim
severity: 1
line: 446
column: 63
content: bytes[]argN

ruleId: SOLIDITY_UPGRADE_TO_050
patternId: 341gim
severity: 1
line: 452
column: 28
content: stringdatasource

ruleId: SOLIDITY_UPGRADE_TO_050
patternId: 341gim
severity: 1
line: 452
column: 47
content: bytes[]argN

ruleId: SOLIDITY_UPGRADE_TO_050
patternId: 341gim
severity: 1
line: 458
column: 28
content: stringdatasource

ruleId: SOLIDITY_UPGRADE_TO_050
patternId: 341gim
severity: 1
line: 463
column: 44
content: stringdatasource

ruleId: SOLIDITY_UPGRADE_TO_050
patternId: 341gim
severity: 1
line: 468
column: 44
content: stringdatasource

ruleId: SOLIDITY_UPGRADE_TO_050
patternId: 341gim
severity: 1
line: 473
column: 28
content: stringdatasource

ruleId: SOLIDITY_UPGRADE_TO_050
patternId: 341gim
severity: 1
line: 479
column: 28
content: stringdatasource

ruleId: SOLIDITY_UPGRADE_TO_050
patternId: 341gim
severity: 1
line: 485
column: 44
content: stringdatasource

ruleId: SOLIDITY_UPGRADE_TO_050
patternId: 341gim
severity: 1
line: 491
column: 44
content: stringdatasource

ruleId: SOLIDITY_UPGRADE_TO_050
patternId: 341gim
severity: 1
line: 497
column: 28
content: stringdatasource

ruleId: SOLIDITY_UPGRADE_TO_050
patternId: 341gim
severity: 1
line: 503
column: 28
content: stringdatasource

ruleId: SOLIDITY_UPGRADE_TO_050
patternId: 341gim
severity: 1
line: 510
column: 44
content: stringdatasource

ruleId: SOLIDITY_UPGRADE_TO_050
patternId: 341gim
severity: 1
line: 517
column: 44
content: stringdatasource

ruleId: SOLIDITY_UPGRADE_TO_050
patternId: 341gim
severity: 1
line: 524
column: 28
content: stringdatasource

ruleId: SOLIDITY_UPGRADE_TO_050
patternId: 341gim
severity: 1
line: 532
column: 28
content: stringdatasource

ruleId: SOLIDITY_UPGRADE_TO_050
patternId: 341gim
severity: 1
line: 540
column: 44
content: stringdatasource

ruleId: SOLIDITY_UPGRADE_TO_050
patternId: 341gim
severity: 1
line: 548
column: 44
content: stringdatasource

ruleId: SOLIDITY_UPGRADE_TO_050
patternId: 341gim
severity: 1
line: 556
column: 28
content: stringdatasource

ruleId: SOLIDITY_UPGRADE_TO_050
patternId: 341gim
severity: 1
line: 564
column: 28
content: stringdatasource

ruleId: SOLIDITY_UPGRADE_TO_050
patternId: 341gim
severity: 1
line: 573
column: 44
content: stringdatasource

ruleId: SOLIDITY_UPGRADE_TO_050
patternId: 341gim
severity: 1
line: 582
column: 44
content: stringdatasource

ruleId: SOLIDITY_UPGRADE_TO_050
patternId: 341gim
severity: 1
line: 591
column: 28
content: stringdatasource

ruleId: SOLIDITY_UPGRADE_TO_050
patternId: 341gim
severity: 1
line: 621
column: 23
content: string_a

ruleId: SOLIDITY_UPGRADE_TO_050
patternId: 341gim
severity: 1
line: 641
column: 24
content: string_a

ruleId: SOLIDITY_UPGRADE_TO_050
patternId: 341gim
severity: 1
line: 641
column: 35
content: string_b

ruleId: SOLIDITY_UPGRADE_TO_050
patternId: 341gim
severity: 1
line: 659
column: 21
content: string_haystack

ruleId: SOLIDITY_UPGRADE_TO_050
patternId: 341gim
severity: 1
line: 659
column: 39
content: string_needle

ruleId: SOLIDITY_UPGRADE_TO_050
patternId: 341gim
severity: 1
line: 686
column: 23
content: string_a

ruleId: SOLIDITY_UPGRADE_TO_050
patternId: 341gim
severity: 1
line: 686
column: 34
content: string_b

ruleId: SOLIDITY_UPGRADE_TO_050
patternId: 341gim
severity: 1
line: 686
column: 45
content: string_c

ruleId: SOLIDITY_UPGRADE_TO_050
patternId: 341gim
severity: 1
line: 686
column: 56
content: string_d

ruleId: SOLIDITY_UPGRADE_TO_050
patternId: 341gim
severity: 1
line: 686
column: 67
content: string_e

ruleId: SOLIDITY_UPGRADE_TO_050
patternId: 341gim
severity: 1
line: 686
column: 101
content: string

ruleId: SOLIDITY_UPGRADE_TO_050
patternId: 341gim
severity: 1
line: 703
column: 23
content: string_a

ruleId: SOLIDITY_UPGRADE_TO_050
patternId: 341gim
severity: 1
line: 703
column: 34
content: string_b

ruleId: SOLIDITY_UPGRADE_TO_050
patternId: 341gim
severity: 1
line: 703
column: 45
content: string_c

ruleId: SOLIDITY_UPGRADE_TO_050
patternId: 341gim
severity: 1
line: 703
column: 56
content: string_d

ruleId: SOLIDITY_UPGRADE_TO_050
patternId: 341gim
severity: 1
line: 703
column: 90
content: string

ruleId: SOLIDITY_UPGRADE_TO_050
patternId: 341gim
severity: 1
line: 707
column: 23
content: string_a

ruleId: SOLIDITY_UPGRADE_TO_050
patternId: 341gim
severity: 1
line: 707
column: 34
content: string_b

ruleId: SOLIDITY_UPGRADE_TO_050
patternId: 341gim
severity: 1
line: 707
column: 45
content: string_c

ruleId: SOLIDITY_UPGRADE_TO_050
patternId: 341gim
severity: 1
line: 707
column: 79
content: string

ruleId: SOLIDITY_UPGRADE_TO_050
patternId: 341gim
severity: 1
line: 711
column: 23
content: string_a

ruleId: SOLIDITY_UPGRADE_TO_050
patternId: 341gim
severity: 1
line: 711
column: 34
content: string_b

ruleId: SOLIDITY_UPGRADE_TO_050
patternId: 341gim
severity: 1
line: 711
column: 68
content: string

ruleId: SOLIDITY_UPGRADE_TO_050
patternId: 341gim
severity: 1
line: 716
column: 22
content: string_a

ruleId: SOLIDITY_UPGRADE_TO_050
patternId: 341gim
severity: 1
line: 721
column: 22
content: string_a

ruleId: SOLIDITY_UPGRADE_TO_050
patternId: 341gim
severity: 1
line: 739
column: 53
content: string

ruleId: SOLIDITY_UPGRADE_TO_050
patternId: 341gim
severity: 1
line: 756
column: 23
content: string[]arr

ruleId: SOLIDITY_UPGRADE_TO_050
patternId: 341gim
severity: 1
line: 756
column: 60
content: bytes

ruleId: SOLIDITY_UPGRADE_TO_050
patternId: 341gim
severity: 1
line: 798
column: 21
content: bytes[]arr

ruleId: SOLIDITY_UPGRADE_TO_050
patternId: 341gim
severity: 1
line: 798
column: 57
content: bytes

ruleId: SOLIDITY_UPGRADE_TO_050
patternId: 341gim
severity: 1
line: 842
column: 37
content: string_network_name

ruleId: SOLIDITY_UPGRADE_TO_050
patternId: 341gim
severity: 1
line: 846
column: 62
content: string

ruleId: SOLIDITY_UPGRADE_TO_050
patternId: 341gim
severity: 1
line: 876
column: 40
content: bytesdersig

ruleId: SOLIDITY_UPGRADE_TO_050
patternId: 341gim
severity: 1
line: 876
column: 54
content: bytespubkey

ruleId: SOLIDITY_UPGRADE_TO_050
patternId: 341gim
severity: 1
line: 904
column: 63
content: bytesproof

ruleId: SOLIDITY_UPGRADE_TO_050
patternId: 341gim
severity: 1
line: 949
column: 73
content: string_result

ruleId: SOLIDITY_UPGRADE_TO_050
patternId: 341gim
severity: 1
line: 949
column: 89
content: bytes_proof

ruleId: SOLIDITY_UPGRADE_TO_050
patternId: 341gim
severity: 1
line: 959
column: 49
content: bytesprefix

ruleId: SOLIDITY_UPGRADE_TO_050
patternId: 341gim
severity: 1
line: 970
column: 49
content: bytesproof

ruleId: SOLIDITY_UPGRADE_TO_050
patternId: 341gim
severity: 1
line: 970
column: 79
content: bytesresult

ruleId: SOLIDITY_UPGRADE_TO_050
patternId: 341gim
severity: 1
line: 970
column: 93
content: stringcontext_name

ruleId: SOLIDITY_UPGRADE_TO_050
patternId: 341gim
severity: 1
line: 1013
column: 23
content: bytesfrom

ruleId: SOLIDITY_UPGRADE_TO_050
patternId: 341gim
severity: 1
line: 1013
column: 65
content: bytesto

ruleId: SOLIDITY_UPGRADE_TO_050
patternId: 341gim
severity: 1
line: 1013
column: 113
content: bytes

ruleId: SOLIDITY_UPGRADE_TO_050
patternId: 341gim
severity: 1
line: 1065
column: 38
content: bytessig

ruleId: SOLIDITY_UPGRADE_TO_050
patternId: 341gim
severity: 1
line: 1554
column: 42
content: string_result

ruleId: SOLIDITY_USING_INLINE_ASSEMBLY
patternId: 109cd5
severity: 1
line: 857
column: 8
content: assembly{mstore(unonce,0x20)mstore(add(unonce,0x20),xor(blockhash(sub(number,1)),xor(coinbase,timestamp)))mstore(sessionKeyHash,0x20)mstore(add(sessionKeyHash,0x20),sessionKeyHash_bytes32)}

ruleId: SOLIDITY_USING_INLINE_ASSEMBLY
patternId: 109cd5
severity: 1
line: 890
column: 8
content: assembly{sigr:=mload(add(sigr_,32))sigs:=mload(add(sigs_,32))}

ruleId: SOLIDITY_USING_INLINE_ASSEMBLY
patternId: 109cd5
severity: 1
line: 1024
column: 12
content: assembly{lettmp:=mload(add(from,i))mstore(add(to,j),tmp)}

ruleId: SOLIDITY_USING_INLINE_ASSEMBLY
patternId: 109cd5
severity: 1
line: 1048
column: 8
content: assembly{letsize:=mload(0x40)mstore(size,hash)mstore(add(size,32),v)mstore(add(size,64),r)mstore(add(size,96),s)ret:=call(3000,1,0,size,128,size,32)addr:=mload(size)}

ruleId: SOLIDITY_USING_INLINE_ASSEMBLY
patternId: 109cd5
severity: 1
line: 1076
column: 8
content: assembly{r:=mload(add(sig,32))s:=mload(add(sig,64))v:=byte(0,mload(add(sig,96)))}

ruleId: SOLIDITY_VISIBILITY
patternId: b51ce0
severity: 1
line: 140
column: 4
content: uintconstantday=60*60*24;

ruleId: SOLIDITY_VISIBILITY
patternId: b51ce0
severity: 1
line: 141
column: 4
content: uintconstantweek=60*60*24*7;

ruleId: SOLIDITY_VISIBILITY
patternId: b51ce0
severity: 1
line: 142
column: 4
content: uintconstantmonth=60*60*24*30;

ruleId: SOLIDITY_VISIBILITY
patternId: b51ce0
severity: 1
line: 143
column: 4
content: byteconstantproofType_NONE=0x00;

ruleId: SOLIDITY_VISIBILITY
patternId: b51ce0
severity: 1
line: 144
column: 4
content: byteconstantproofType_TLSNotary=0x10;

ruleId: SOLIDITY_VISIBILITY
patternId: b51ce0
severity: 1
line: 145
column: 4
content: byteconstantproofType_Android=0x20;

ruleId: SOLIDITY_VISIBILITY
patternId: b51ce0
severity: 1
line: 146
column: 4
content: byteconstantproofType_Ledger=0x30;

ruleId: SOLIDITY_VISIBILITY
patternId: b51ce0
severity: 1
line: 147
column: 4
content: byteconstantproofType_Native=0xF0;

ruleId: SOLIDITY_VISIBILITY
patternId: b51ce0
severity: 1
line: 148
column: 4
content: byteconstantproofStorage_IPFS=0x01;

ruleId: SOLIDITY_VISIBILITY
patternId: b51ce0
severity: 1
line: 149
column: 4
content: uint8constantnetworkID_auto=0;

ruleId: SOLIDITY_VISIBILITY
patternId: b51ce0
severity: 1
line: 150
column: 4
content: uint8constantnetworkID_mainnet=1;

ruleId: SOLIDITY_VISIBILITY
patternId: b51ce0
severity: 1
line: 151
column: 4
content: uint8constantnetworkID_testnet=2;

ruleId: SOLIDITY_VISIBILITY
patternId: b51ce0
severity: 1
line: 152
column: 4
content: uint8constantnetworkID_morden=2;

ruleId: SOLIDITY_VISIBILITY
patternId: b51ce0
severity: 1
line: 153
column: 4
content: uint8constantnetworkID_consensys=161;

ruleId: SOLIDITY_VISIBILITY
patternId: b51ce0
severity: 1
line: 155
column: 4
content: OraclizeAddrResolverIOAR;

ruleId: SOLIDITY_VISIBILITY
patternId: b51ce0
severity: 1
line: 157
column: 4
content: OraclizeIoraclize;

ruleId: SOLIDITY_VISIBILITY
patternId: b51ce0
severity: 1
line: 841
column: 4
content: stringoraclize_network_name;

ruleId: SOLIDITY_VISIBILITY
patternId: b51ce0
severity: 1
line: 873
column: 4
content: mapping(bytes32=>bytes32)oraclize_randomDS_args;

ruleId: SOLIDITY_VISIBILITY
patternId: b51ce0
severity: 1
line: 874
column: 4
content: mapping(bytes32=>bool)oraclize_randomDS_sessionKeysHashVerified;

SOLIDITY_VISIBILITY :19
SOLIDITY_OVERPOWERED_ROLE :3
SOLIDITY_PRAGMAS_VERSION :2
SOLIDITY_FUNCTIONS_RETURNS_TYPE_AND_NO_RETURN :1
SOLIDITY_EXTRA_GAS_IN_LOOPS :14
SOLIDITY_ADDRESS_HARDCODED :32
SOLIDITY_UPGRADE_TO_050 :137
SOLIDITY_GAS_LIMIT_IN_LOOPS :20
SOLIDITY_UNCHECKED_CALL :1
SOLIDITY_SHOULD_RETURN_STRUCT :2
SOLIDITY_SHOULD_NOT_BE_PURE :1
SOLIDITY_SAFEMATH :1
SOLIDITY_DEPRECATED_CONSTRUCTIONS :2
SOLIDITY_LOCKED_MONEY :1
SOLIDITY_USING_INLINE_ASSEMBLY :5