INFO:Slither:Compilation warnings/errors on /unique_chucks/5/0x8bccc9ba2e5706e24a36dda02ca2a846e39a7bbf.sol:
/unique_chucks/5/0x8bccc9ba2e5706e24a36dda02ca2a846e39a7bbf.sol:25:28: Warning: "throw" is deprecated in favour of "revert()", "require()" and "assert()".
        if (tokenSwapLock) throw;
                           ^---^
/unique_chucks/5/0x8bccc9ba2e5706e24a36dda02ca2a846e39a7bbf.sol:46:23: Warning: "throw" is deprecated in favour of "revert()", "require()" and "assert()".
            if (lock) throw;
                      ^---^
/unique_chucks/5/0x8bccc9ba2e5706e24a36dda02ca2a846e39a7bbf.sol:63:5: Warning: Defining constructors as functions with the same name as the contract is deprecated. Use "constructor(...) { ... }" instead.
    function Lockable() {
    ^ (Relevant source part starts here and spans across multiple lines).
/unique_chucks/5/0x8bccc9ba2e5706e24a36dda02ca2a846e39a7bbf.sol:95:40: Warning: "throw" is deprecated in favour of "revert()", "require()" and "assert()".
      if (msg.sender != walletAddress) throw;
                                       ^---^
/unique_chucks/5/0x8bccc9ba2e5706e24a36dda02ca2a846e39a7bbf.sol:99:3: Warning: Defining constructors as functions with the same name as the contract is deprecated. Use "constructor(...) { ... }" instead.
  function Token( uint initial_balance, address wallet) {
  ^ (Relevant source part starts here and spans across multiple lines).
/unique_chucks/5/0x8bccc9ba2e5706e24a36dda02ca2a846e39a7bbf.sol:129:9: Warning: "throw" is deprecated in favour of "revert()", "require()" and "assert()".
        throw;
        ^---^
/unique_chucks/5/0x8bccc9ba2e5706e24a36dda02ca2a846e39a7bbf.sol:132:9: Warning: "throw" is deprecated in favour of "revert()", "require()" and "assert()".
        throw;
        ^---^
/unique_chucks/5/0x8bccc9ba2e5706e24a36dda02ca2a846e39a7bbf.sol:148:9: Warning: "throw" is deprecated in favour of "revert()", "require()" and "assert()".
        throw;
        ^---^
/unique_chucks/5/0x8bccc9ba2e5706e24a36dda02ca2a846e39a7bbf.sol:152:9: Warning: "throw" is deprecated in favour of "revert()", "require()" and "assert()".
        throw;
        ^---^
/unique_chucks/5/0x8bccc9ba2e5706e24a36dda02ca2a846e39a7bbf.sol:155:9: Warning: "throw" is deprecated in favour of "revert()", "require()" and "assert()".
        throw;
        ^---^
/unique_chucks/5/0x8bccc9ba2e5706e24a36dda02ca2a846e39a7bbf.sol:201:65: Warning: "throw" is deprecated in favour of "revert()", "require()" and "assert()".
        if(!safeToAdd(_balances[newTokenHolder],tokensAmount )) throw;
                                                                ^---^
/unique_chucks/5/0x8bccc9ba2e5706e24a36dda02ca2a846e39a7bbf.sol:202:46: Warning: "throw" is deprecated in favour of "revert()", "require()" and "assert()".
        if(!safeToAdd(_supply,tokensAmount)) throw;
                                             ^---^
/unique_chucks/5/0x8bccc9ba2e5706e24a36dda02ca2a846e39a7bbf.sol:279:5: Warning: Defining constructors as functions with the same name as the contract is deprecated. Use "constructor(...) { ... }" instead.
    function multiowned(address[] _owners, uint _required) {
    ^ (Relevant source part starts here and spans across multiple lines).
/unique_chucks/5/0x8bccc9ba2e5706e24a36dda02ca2a846e39a7bbf.sol:297:9: Warning: Use of the "var" keyword is deprecated.
        var pending = m_pending[_operation];
        ^---------^
/unique_chucks/5/0x8bccc9ba2e5706e24a36dda02ca2a846e39a7bbf.sol:361:9: Warning: Use of the "var" keyword is deprecated.
        var pending = m_pending[_operation];
        ^---------^
/unique_chucks/5/0x8bccc9ba2e5706e24a36dda02ca2a846e39a7bbf.sol:380:9: Warning: Use of the "var" keyword is deprecated.
        var pending = m_pending[_operation];
        ^---------^
/unique_chucks/5/0x8bccc9ba2e5706e24a36dda02ca2a846e39a7bbf.sol:467:5: Warning: Defining constructors as functions with the same name as the contract is deprecated. Use "constructor(...) { ... }" instead.
    function daylimit(uint _limit) {
    ^ (Relevant source part starts here and spans across multiple lines).
/unique_chucks/5/0x8bccc9ba2e5706e24a36dda02ca2a846e39a7bbf.sol:539:29: Warning: "throw" is deprecated in favour of "revert()", "require()" and "assert()".
        if (msg.value == 0) throw;
                            ^---^
/unique_chucks/5/0x8bccc9ba2e5706e24a36dda02ca2a846e39a7bbf.sol:544:42: Warning: "throw" is deprecated in favour of "revert()", "require()" and "assert()".
	if (amountRaised + msg.value > MAX_ETH) throw;
	                                        ^---^
/unique_chucks/5/0x8bccc9ba2e5706e24a36dda02ca2a846e39a7bbf.sol:549:25: Warning: "throw" is deprecated in favour of "revert()", "require()" and "assert()".
        if (!tokenSwap) throw;
                        ^---^
/unique_chucks/5/0x8bccc9ba2e5706e24a36dda02ca2a846e39a7bbf.sol:582:51: Warning: "throw" is deprecated in favour of "revert()", "require()" and "assert()".
        if (newTokenContractAddr == address(0x0)) throw;
                                                  ^---^
/unique_chucks/5/0x8bccc9ba2e5706e24a36dda02ca2a846e39a7bbf.sol:584:39: Warning: "throw" is deprecated in favour of "revert()", "require()" and "assert()".
        if (tokenCtr != address(0x0)) throw;
                                      ^---^
/unique_chucks/5/0x8bccc9ba2e5706e24a36dda02ca2a846e39a7bbf.sol:597:50: Warning: "throw" is deprecated in favour of "revert()", "require()" and "assert()".
        if (!safeToAdd(amountRaised, msg.value)) throw;
                                                 ^---^
/unique_chucks/5/0x8bccc9ba2e5706e24a36dda02ca2a846e39a7bbf.sol:620:5: Warning: Defining constructors as functions with the same name as the contract is deprecated. Use "constructor(...) { ... }" instead.
    function Wallet(address[] _owners, uint _required, uint _daylimit)
    ^ (Relevant source part starts here and spans across multiple lines).
/unique_chucks/5/0x8bccc9ba2e5706e24a36dda02ca2a846e39a7bbf.sol:630:39: Warning: "throw" is deprecated in favour of "revert()", "require()" and "assert()".
        if (tokenCtr.tokenSwapLock()) throw;
                                      ^---^
/unique_chucks/5/0x8bccc9ba2e5706e24a36dda02ca2a846e39a7bbf.sol:649:39: Warning: "throw" is deprecated in favour of "revert()", "require()" and "assert()".
        if (_to == address(tokenCtr)) throw;
                                      ^---^
/unique_chucks/5/0x8bccc9ba2e5706e24a36dda02ca2a846e39a7bbf.sol:49:13: Warning: Invoking events without "emit" prefix is deprecated.
            Locked();
            ^------^
/unique_chucks/5/0x8bccc9ba2e5706e24a36dda02ca2a846e39a7bbf.sol:57:17: Warning: Invoking events without "emit" prefix is deprecated.
                Unlocked();
                ^--------^
/unique_chucks/5/0x8bccc9ba2e5706e24a36dda02ca2a846e39a7bbf.sol:137:5: Warning: Invoking events without "emit" prefix is deprecated.
    Transfer( msg.sender, to, value );
    ^-------------------------------^
/unique_chucks/5/0x8bccc9ba2e5706e24a36dda02ca2a846e39a7bbf.sol:161:5: Warning: Invoking events without "emit" prefix is deprecated.
    Transfer( from, to, value );
    ^-------------------------^
/unique_chucks/5/0x8bccc9ba2e5706e24a36dda02ca2a846e39a7bbf.sol:171:5: Warning: Invoking events without "emit" prefix is deprecated.
    Approval( msg.sender, spender, value );
    ^------------------------------------^
/unique_chucks/5/0x8bccc9ba2e5706e24a36dda02ca2a846e39a7bbf.sol:207:9: Warning: Invoking events without "emit" prefix is deprecated.
        TokenMint(newTokenHolder, tokensAmount);
        ^-------------------------------------^
/unique_chucks/5/0x8bccc9ba2e5706e24a36dda02ca2a846e39a7bbf.sol:216:9: Warning: Invoking events without "emit" prefix is deprecated.
        TokenSwapOver();
        ^-------------^
/unique_chucks/5/0x8bccc9ba2e5706e24a36dda02ca2a846e39a7bbf.sol:301:13: Warning: Invoking events without "emit" prefix is deprecated.
            Revoke(msg.sender, _operation);
            ^----------------------------^
/unique_chucks/5/0x8bccc9ba2e5706e24a36dda02ca2a846e39a7bbf.sol:306:69: Warning: "sha3" has been deprecated in favour of "keccak256"
    function changeOwner(address _from, address _to) onlymanyowners(sha3(msg.data)) external {
                                                                    ^------------^
/unique_chucks/5/0x8bccc9ba2e5706e24a36dda02ca2a846e39a7bbf.sol:315:9: Warning: Invoking events without "emit" prefix is deprecated.
        OwnerChanged(_from, _to);
        ^----------------------^
/unique_chucks/5/0x8bccc9ba2e5706e24a36dda02ca2a846e39a7bbf.sol:318:54: Warning: "sha3" has been deprecated in favour of "keccak256"
    function addOwner(address _owner) onlymanyowners(sha3(msg.data)) external {
                                                     ^------------^
/unique_chucks/5/0x8bccc9ba2e5706e24a36dda02ca2a846e39a7bbf.sol:329:9: Warning: Invoking events without "emit" prefix is deprecated.
        OwnerAdded(_owner);
        ^----------------^
/unique_chucks/5/0x8bccc9ba2e5706e24a36dda02ca2a846e39a7bbf.sol:332:57: Warning: "sha3" has been deprecated in favour of "keccak256"
    function removeOwner(address _owner) onlymanyowners(sha3(msg.data)) external {
                                                        ^------------^
/unique_chucks/5/0x8bccc9ba2e5706e24a36dda02ca2a846e39a7bbf.sol:341:9: Warning: Invoking events without "emit" prefix is deprecated.
        OwnerRemoved(_owner);
        ^------------------^
/unique_chucks/5/0x8bccc9ba2e5706e24a36dda02ca2a846e39a7bbf.sol:344:66: Warning: "sha3" has been deprecated in favour of "keccak256"
    function changeRequirement(uint _newRequired) onlymanyowners(sha3(msg.data)) external {
                                                                 ^------------^
/unique_chucks/5/0x8bccc9ba2e5706e24a36dda02ca2a846e39a7bbf.sol:348:9: Warning: Invoking events without "emit" prefix is deprecated.
        RequirementChanged(_newRequired);
        ^------------------------------^
/unique_chucks/5/0x8bccc9ba2e5706e24a36dda02ca2a846e39a7bbf.sol:394:13: Warning: Invoking events without "emit" prefix is deprecated.
            Confirmation(msg.sender, _operation);
            ^----------------------------------^
/unique_chucks/5/0x8bccc9ba2e5706e24a36dda02ca2a846e39a7bbf.sol:472:59: Warning: "sha3" has been deprecated in favour of "keccak256"
    function setDailyLimit(uint _newLimit) onlymanyowners(sha3(msg.data)) external {
                                                          ^------------^
/unique_chucks/5/0x8bccc9ba2e5706e24a36dda02ca2a846e39a7bbf.sol:476:47: Warning: "sha3" has been deprecated in favour of "keccak256"
    function resetSpentToday() onlymanyowners(sha3(msg.data)) external {
                                              ^------------^
/unique_chucks/5/0x8bccc9ba2e5706e24a36dda02ca2a846e39a7bbf.sol:595:9: Warning: Invoking events without "emit" prefix is deprecated.
        Deposit(msg.sender, msg.value);
        ^----------------------------^
/unique_chucks/5/0x8bccc9ba2e5706e24a36dda02ca2a846e39a7bbf.sol:625:47: Warning: "sha3" has been deprecated in favour of "keccak256"
    function kill(address _to) onlymanyowners(sha3(msg.data)) external {
                                              ^------------^
/unique_chucks/5/0x8bccc9ba2e5706e24a36dda02ca2a846e39a7bbf.sol:632:9: Warning: "suicide" has been deprecated in favour of "selfdestruct"
        suicide(_to);
        ^----------^
/unique_chucks/5/0x8bccc9ba2e5706e24a36dda02ca2a846e39a7bbf.sol:653:13: Warning: Invoking events without "emit" prefix is deprecated.
            SingleTransact(msg.sender, _value, _to, _data);
            ^--------------------------------------------^
/unique_chucks/5/0x8bccc9ba2e5706e24a36dda02ca2a846e39a7bbf.sol:659:14: Warning: "sha3" has been deprecated in favour of "keccak256"
        _r = sha3(msg.data, block.number);
             ^--------------------------^
/unique_chucks/5/0x8bccc9ba2e5706e24a36dda02ca2a846e39a7bbf.sol:659:14: Warning: This function only accepts a single "bytes" argument. Please use "abi.encodePacked(...)" or a similar function to encode the data.
        _r = sha3(msg.data, block.number);
             ^--------------------------^
/unique_chucks/5/0x8bccc9ba2e5706e24a36dda02ca2a846e39a7bbf.sol:664:13: Warning: Invoking events without "emit" prefix is deprecated.
            ConfirmationNeeded(_r, msg.sender, _value, _to, _data);
            ^----------------------------------------------------^
/unique_chucks/5/0x8bccc9ba2e5706e24a36dda02ca2a846e39a7bbf.sol:673:13: Warning: Invoking events without "emit" prefix is deprecated.
            MultiTransact(msg.sender, _h, m_txs[_h].value, m_txs[_h].to, m_txs[_h].data);
            ^--------------------------------------------------------------------------^
/unique_chucks/5/0x8bccc9ba2e5706e24a36dda02ca2a846e39a7bbf.sol:63:5: Warning: No visibility specified. Defaulting to "public". 
    function Lockable() {
    ^ (Relevant source part starts here and spans across multiple lines).
/unique_chucks/5/0x8bccc9ba2e5706e24a36dda02ca2a846e39a7bbf.sol:72:5: Warning: No visibility specified. Defaulting to "public". 
    function totalSupply() constant returns (uint);
    ^---------------------------------------------^
/unique_chucks/5/0x8bccc9ba2e5706e24a36dda02ca2a846e39a7bbf.sol:73:5: Warning: No visibility specified. Defaulting to "public". 
    function balanceOf(address who) constant returns (uint);
    ^------------------------------------------------------^
/unique_chucks/5/0x8bccc9ba2e5706e24a36dda02ca2a846e39a7bbf.sol:74:5: Warning: No visibility specified. Defaulting to "public". 
    function allowance(address owner, address spender) constant returns (uint);
    ^-------------------------------------------------------------------------^
/unique_chucks/5/0x8bccc9ba2e5706e24a36dda02ca2a846e39a7bbf.sol:76:5: Warning: No visibility specified. Defaulting to "public". 
    function transfer(address to, uint value) returns (bool ok);
    ^----------------------------------------------------------^
/unique_chucks/5/0x8bccc9ba2e5706e24a36dda02ca2a846e39a7bbf.sol:77:5: Warning: No visibility specified. Defaulting to "public". 
    function transferFrom(address from, address to, uint value) returns (bool ok);
    ^----------------------------------------------------------------------------^
/unique_chucks/5/0x8bccc9ba2e5706e24a36dda02ca2a846e39a7bbf.sol:78:5: Warning: No visibility specified. Defaulting to "public". 
    function approve(address spender, uint value) returns (bool ok);
    ^--------------------------------------------------------------^
/unique_chucks/5/0x8bccc9ba2e5706e24a36dda02ca2a846e39a7bbf.sol:99:3: Warning: No visibility specified. Defaulting to "public". 
  function Token( uint initial_balance, address wallet) {
  ^ (Relevant source part starts here and spans across multiple lines).
/unique_chucks/5/0x8bccc9ba2e5706e24a36dda02ca2a846e39a7bbf.sol:105:3: Warning: No visibility specified. Defaulting to "public". 
  function totalSupply() constant returns (uint supply) {
  ^ (Relevant source part starts here and spans across multiple lines).
/unique_chucks/5/0x8bccc9ba2e5706e24a36dda02ca2a846e39a7bbf.sol:109:3: Warning: No visibility specified. Defaulting to "public". 
  function balanceOf( address who ) constant returns (uint value) {
  ^ (Relevant source part starts here and spans across multiple lines).
/unique_chucks/5/0x8bccc9ba2e5706e24a36dda02ca2a846e39a7bbf.sol:113:3: Warning: No visibility specified. Defaulting to "public". 
  function allowance(address owner, address spender) constant returns (uint _allowance) {
  ^ (Relevant source part starts here and spans across multiple lines).
/unique_chucks/5/0x8bccc9ba2e5706e24a36dda02ca2a846e39a7bbf.sol:122:3: Warning: No visibility specified. Defaulting to "public". 
  function transfer( address to, uint value)
  ^ (Relevant source part starts here and spans across multiple lines).
/unique_chucks/5/0x8bccc9ba2e5706e24a36dda02ca2a846e39a7bbf.sol:141:3: Warning: No visibility specified. Defaulting to "public". 
  function transferFrom( address from, address to, uint value)
  ^ (Relevant source part starts here and spans across multiple lines).
/unique_chucks/5/0x8bccc9ba2e5706e24a36dda02ca2a846e39a7bbf.sol:165:3: Warning: No visibility specified. Defaulting to "public". 
  function approve(address spender, uint value)
  ^ (Relevant source part starts here and spans across multiple lines).
/unique_chucks/5/0x8bccc9ba2e5706e24a36dda02ca2a846e39a7bbf.sol:177:3: Warning: No visibility specified. Defaulting to "public". 
  function currentSwapRate() constant returns(uint) {
  ^ (Relevant source part starts here and spans across multiple lines).
/unique_chucks/5/0x8bccc9ba2e5706e24a36dda02ca2a846e39a7bbf.sol:279:5: Warning: No visibility specified. Defaulting to "public". 
    function multiowned(address[] _owners, uint _required) {
    ^ (Relevant source part starts here and spans across multiple lines).
/unique_chucks/5/0x8bccc9ba2e5706e24a36dda02ca2a846e39a7bbf.sol:356:5: Warning: No visibility specified. Defaulting to "public". 
    function isOwner(address _addr) returns (bool) {
    ^ (Relevant source part starts here and spans across multiple lines).
/unique_chucks/5/0x8bccc9ba2e5706e24a36dda02ca2a846e39a7bbf.sol:360:5: Warning: No visibility specified. Defaulting to "public". 
    function hasConfirmed(bytes32 _operation, address _owner) constant returns (bool) {
    ^ (Relevant source part starts here and spans across multiple lines).
/unique_chucks/5/0x8bccc9ba2e5706e24a36dda02ca2a846e39a7bbf.sol:467:5: Warning: No visibility specified. Defaulting to "public". 
    function daylimit(uint _limit) {
    ^ (Relevant source part starts here and spans across multiple lines).
/unique_chucks/5/0x8bccc9ba2e5706e24a36dda02ca2a846e39a7bbf.sol:528:5: Warning: No visibility specified. Defaulting to "public". 
    function confirm(bytes32 _h) returns (bool);
    ^------------------------------------------^
/unique_chucks/5/0x8bccc9ba2e5706e24a36dda02ca2a846e39a7bbf.sol:573:5: Warning: No visibility specified. Defaulting to "public". 
    function startTokenSwap() onlyowner {
    ^ (Relevant source part starts here and spans across multiple lines).
/unique_chucks/5/0x8bccc9ba2e5706e24a36dda02ca2a846e39a7bbf.sol:577:5: Warning: No visibility specified. Defaulting to "public". 
    function stopTokenSwap() onlyowner {
    ^ (Relevant source part starts here and spans across multiple lines).
/unique_chucks/5/0x8bccc9ba2e5706e24a36dda02ca2a846e39a7bbf.sol:581:5: Warning: No visibility specified. Defaulting to "public". 
    function setTokenContract(address newTokenContractAddr) onlyowner {
    ^ (Relevant source part starts here and spans across multiple lines).
/unique_chucks/5/0x8bccc9ba2e5706e24a36dda02ca2a846e39a7bbf.sol:589:5: Warning: No visibility specified. Defaulting to "public". 
    function buyTokens(address _beneficiary)
    ^ (Relevant source part starts here and spans across multiple lines).
/unique_chucks/5/0x8bccc9ba2e5706e24a36dda02ca2a846e39a7bbf.sol:620:5: Warning: No visibility specified. Defaulting to "public". 
    function Wallet(address[] _owners, uint _required, uint _daylimit)
    ^ (Relevant source part starts here and spans across multiple lines).
/unique_chucks/5/0x8bccc9ba2e5706e24a36dda02ca2a846e39a7bbf.sol:636:5: Warning: No visibility specified. Defaulting to "public". 
    function()
    ^ (Relevant source part starts here and spans across multiple lines).
/unique_chucks/5/0x8bccc9ba2e5706e24a36dda02ca2a846e39a7bbf.sol:670:5: Warning: No visibility specified. Defaulting to "public". 
    function confirm(bytes32 _h) onlymanyowners(_h) returns (bool) {
    ^ (Relevant source part starts here and spans across multiple lines).
/unique_chucks/5/0x8bccc9ba2e5706e24a36dda02ca2a846e39a7bbf.sol:118:3: Warning: Function state mutability can be restricted to pure
  function safeToAdd(uint a, uint b) internal returns (bool) {
  ^ (Relevant source part starts here and spans across multiple lines).
/unique_chucks/5/0x8bccc9ba2e5706e24a36dda02ca2a846e39a7bbf.sol:356:5: Warning: Function state mutability can be restricted to view
    function isOwner(address _addr) returns (bool) {
    ^ (Relevant source part starts here and spans across multiple lines).
/unique_chucks/5/0x8bccc9ba2e5706e24a36dda02ca2a846e39a7bbf.sol:569:5: Warning: Function state mutability can be restricted to pure
    function safeToAdd(uint a, uint b) internal returns (bool) {
    ^ (Relevant source part starts here and spans across multiple lines).

INFO:Detectors:[91m
Reentrancy in Wallet.confirm (/unique_chucks/5/0x8bccc9ba2e5706e24a36dda02ca2a846e39a7bbf.sol#691-692):
	External calls:
	- ! m_txs[_h].to.call.value(m_txs[_h].value)(m_txs[_h].data) (/unique_chucks/5/0x8bccc9ba2e5706e24a36dda02ca2a846e39a7bbf.sol)
	State variables written after the call(s):
	- m_txs (/unique_chucks/5/0x8bccc9ba2e5706e24a36dda02ca2a846e39a7bbf.sol)
Reentrancy in Wallet.execute (/unique_chucks/5/0x8bccc9ba2e5706e24a36dda02ca2a846e39a7bbf.sol#655-683):
	External calls:
	- ! _to.call.value(_value)(_data) (/unique_chucks/5/0x8bccc9ba2e5706e24a36dda02ca2a846e39a7bbf.sol#671-672)
	- ! confirm(_r) && m_txs[_r].to == 0 (/unique_chucks/5/0x8bccc9ba2e5706e24a36dda02ca2a846e39a7bbf.sol#673-683)
	State variables written after the call(s):
	- m_txs (/unique_chucks/5/0x8bccc9ba2e5706e24a36dda02ca2a846e39a7bbf.sol#675-676)
	- m_txs (/unique_chucks/5/0x8bccc9ba2e5706e24a36dda02ca2a846e39a7bbf.sol#677-679)
	- m_txs (/unique_chucks/5/0x8bccc9ba2e5706e24a36dda02ca2a846e39a7bbf.sol#681)
Reference: https://github.com/trailofbits/slither/wiki/Detectors-Documentation#reentrancy-vulnerabilities[0m
INFO:Detectors:[92m
Reentrancy in tokenswap.areConditionsSatisfied (/unique_chucks/5/0x8bccc9ba2e5706e24a36dda02ca2a846e39a7bbf.sol#570-589):
	External calls:
	- tokenCtr.creationTime() + SWAP_LENGTH < now (/unique_chucks/5/0x8bccc9ba2e5706e24a36dda02ca2a846e39a7bbf.sol#574-589)
	- tokenCtr.disableTokenSwapLock() (/unique_chucks/5/0x8bccc9ba2e5706e24a36dda02ca2a846e39a7bbf.sol#578-581)
	State variables written after the call(s):
	- tokenSwap (/unique_chucks/5/0x8bccc9ba2e5706e24a36dda02ca2a846e39a7bbf.sol#581)
Reentrancy in tokenswap.areConditionsSatisfied (/unique_chucks/5/0x8bccc9ba2e5706e24a36dda02ca2a846e39a7bbf.sol#570-589):
	External calls:
	- tokenCtr.disableTokenSwapLock() (/unique_chucks/5/0x8bccc9ba2e5706e24a36dda02ca2a846e39a7bbf.sol#584-586)
	State variables written after the call(s):
	- tokenSwap (/unique_chucks/5/0x8bccc9ba2e5706e24a36dda02ca2a846e39a7bbf.sol#586-589)
Reentrancy in tokenswap.buyTokens (/unique_chucks/5/0x8bccc9ba2e5706e24a36dda02ca2a846e39a7bbf.sol#609-621):
	External calls:
	- tokenCtr.mintTokens(_beneficiary,msg.value) (/unique_chucks/5/0x8bccc9ba2e5706e24a36dda02ca2a846e39a7bbf.sol#618-619)
	State variables written after the call(s):
	- amountRaised (/unique_chucks/5/0x8bccc9ba2e5706e24a36dda02ca2a846e39a7bbf.sol#620-621)
Reference: https://github.com/trailofbits/slither/wiki/Detectors-Documentation#reentrancy-vulnerabilities-2[0m
INFO:Detectors:[92m
Deprecated standard detected @ /unique_chucks/5/0x8bccc9ba2e5706e24a36dda02ca2a846e39a7bbf.sol#28-29:
	- Usage of "throw" should be replaced with "revert()"
Deprecated standard detected @ /unique_chucks/5/0x8bccc9ba2e5706e24a36dda02ca2a846e39a7bbf.sol#49:
	- Usage of "throw" should be replaced with "revert()"
Deprecated standard detected @ /unique_chucks/5/0x8bccc9ba2e5706e24a36dda02ca2a846e39a7bbf.sol#136:
	- Usage of "throw" should be replaced with "revert()"
Deprecated standard detected @ /unique_chucks/5/0x8bccc9ba2e5706e24a36dda02ca2a846e39a7bbf.sol#138-139:
	- Usage of "throw" should be replaced with "revert()"
Deprecated standard detected @ /unique_chucks/5/0x8bccc9ba2e5706e24a36dda02ca2a846e39a7bbf.sol#154:
	- Usage of "throw" should be replaced with "revert()"
Deprecated standard detected @ /unique_chucks/5/0x8bccc9ba2e5706e24a36dda02ca2a846e39a7bbf.sol#158-159:
	- Usage of "throw" should be replaced with "revert()"
Deprecated standard detected @ /unique_chucks/5/0x8bccc9ba2e5706e24a36dda02ca2a846e39a7bbf.sol#161:
	- Usage of "throw" should be replaced with "revert()"
Deprecated standard detected @ /unique_chucks/5/0x8bccc9ba2e5706e24a36dda02ca2a846e39a7bbf.sol#210:
	- Usage of "throw" should be replaced with "revert()"
Deprecated standard detected @ /unique_chucks/5/0x8bccc9ba2e5706e24a36dda02ca2a846e39a7bbf.sol#210:
	- Usage of "throw" should be replaced with "revert()"
Deprecated standard detected @ /unique_chucks/5/0x8bccc9ba2e5706e24a36dda02ca2a846e39a7bbf.sol#100:
	- Usage of "throw" should be replaced with "revert()"
Deprecated standard detected @ /unique_chucks/5/0x8bccc9ba2e5706e24a36dda02ca2a846e39a7bbf.sol#604:
	- Usage of "throw" should be replaced with "revert()"
Deprecated standard detected @ /unique_chucks/5/0x8bccc9ba2e5706e24a36dda02ca2a846e39a7bbf.sol#607-609:
	- Usage of "throw" should be replaced with "revert()"
Deprecated standard detected @ /unique_chucks/5/0x8bccc9ba2e5706e24a36dda02ca2a846e39a7bbf.sol#620:
	- Usage of "throw" should be replaced with "revert()"
Deprecated standard detected @ /unique_chucks/5/0x8bccc9ba2e5706e24a36dda02ca2a846e39a7bbf.sol#563:
	- Usage of "throw" should be replaced with "revert()"
Deprecated standard detected @ /unique_chucks/5/0x8bccc9ba2e5706e24a36dda02ca2a846e39a7bbf.sol#566:
	- Usage of "throw" should be replaced with "revert()"
Deprecated standard detected @ /unique_chucks/5/0x8bccc9ba2e5706e24a36dda02ca2a846e39a7bbf.sol#570:
	- Usage of "throw" should be replaced with "revert()"
Deprecated standard detected @ /unique_chucks/5/0x8bccc9ba2e5706e24a36dda02ca2a846e39a7bbf.sol#668:
	- Usage of "throw" should be replaced with "revert()"
Deprecated standard detected @ /unique_chucks/5/0x8bccc9ba2e5706e24a36dda02ca2a846e39a7bbf.sol#673:
	- Usage of "sha3()" should be replaced with "keccak256()"
Deprecated standard detected @ /unique_chucks/5/0x8bccc9ba2e5706e24a36dda02ca2a846e39a7bbf.sol#645:
	- Usage of "throw" should be replaced with "revert()"
Deprecated standard detected @ /unique_chucks/5/0x8bccc9ba2e5706e24a36dda02ca2a846e39a7bbf.sol#645-646:
	- Usage of "suicide()" should be replaced with "selfdestruct()"
Reference: https://github.com/trailofbits/slither/wiki/Detectors-Documentation#deprecated-standards[0m
INFO:Detectors:[92m
Token.totalSupply (/unique_chucks/5/0x8bccc9ba2e5706e24a36dda02ca2a846e39a7bbf.sol#109-113) should be declared external
ERC20.totalSupply (/unique_chucks/5/0x8bccc9ba2e5706e24a36dda02ca2a846e39a7bbf.sol#73-74) should be declared external
ERC20.balanceOf (/unique_chucks/5/0x8bccc9ba2e5706e24a36dda02ca2a846e39a7bbf.sol#74) should be declared external
Token.balanceOf (/unique_chucks/5/0x8bccc9ba2e5706e24a36dda02ca2a846e39a7bbf.sol#113-114) should be declared external
ERC20.allowance (/unique_chucks/5/0x8bccc9ba2e5706e24a36dda02ca2a846e39a7bbf.sol#74-77) should be declared external
Token.allowance (/unique_chucks/5/0x8bccc9ba2e5706e24a36dda02ca2a846e39a7bbf.sol#114-119) should be declared external
ERC20.transfer (/unique_chucks/5/0x8bccc9ba2e5706e24a36dda02ca2a846e39a7bbf.sol#77) should be declared external
Token.transfer (/unique_chucks/5/0x8bccc9ba2e5706e24a36dda02ca2a846e39a7bbf.sol#128-146) should be declared external
Token.transferFrom (/unique_chucks/5/0x8bccc9ba2e5706e24a36dda02ca2a846e39a7bbf.sol#146-170) should be declared external
ERC20.transferFrom (/unique_chucks/5/0x8bccc9ba2e5706e24a36dda02ca2a846e39a7bbf.sol#77-80) should be declared external
Token.approve (/unique_chucks/5/0x8bccc9ba2e5706e24a36dda02ca2a846e39a7bbf.sol#171-177) should be declared external
ERC20.approve (/unique_chucks/5/0x8bccc9ba2e5706e24a36dda02ca2a846e39a7bbf.sol#80-81) should be declared external
multiowned.hasConfirmed (/unique_chucks/5/0x8bccc9ba2e5706e24a36dda02ca2a846e39a7bbf.sol#368-381) should be declared external
tokenswap.startTokenSwap (/unique_chucks/5/0x8bccc9ba2e5706e24a36dda02ca2a846e39a7bbf.sol#595-597) should be declared external
tokenswap.stopTokenSwap (/unique_chucks/5/0x8bccc9ba2e5706e24a36dda02ca2a846e39a7bbf.sol#597-598) should be declared external
tokenswap.setTokenContract (/unique_chucks/5/0x8bccc9ba2e5706e24a36dda02ca2a846e39a7bbf.sol#599-609) should be declared external
Wallet.fallback (/unique_chucks/5/0x8bccc9ba2e5706e24a36dda02ca2a846e39a7bbf.sol#646-647) should be declared external
Reference: https://github.com/trailofbits/slither/wiki/Detectors-Documentation#public-function-that-could-be-declared-as-external[0m
INFO:Detectors:[92m
Detected issues with version pragma in /unique_chucks/5/0x8bccc9ba2e5706e24a36dda02ca2a846e39a7bbf.sol:
	- pragma solidity^0.4.0 (/unique_chucks/5/0x8bccc9ba2e5706e24a36dda02ca2a846e39a7bbf.sol#1): it allows old versions
	- pragma solidity^0.4.0 (/unique_chucks/5/0x8bccc9ba2e5706e24a36dda02ca2a846e39a7bbf.sol#226): it allows old versions
Reference: https://github.com/trailofbits/slither/wiki/Detectors-Documentation#incorrect-version-of-solidity[0m
INFO:Detectors:[92m
Low level call in Wallet.execute (/unique_chucks/5/0x8bccc9ba2e5706e24a36dda02ca2a846e39a7bbf.sol#655-683):
	-! _to.call.value(_value)(_data) /unique_chucks/5/0x8bccc9ba2e5706e24a36dda02ca2a846e39a7bbf.sol#671-672
Low level call in Wallet.confirm (/unique_chucks/5/0x8bccc9ba2e5706e24a36dda02ca2a846e39a7bbf.sol#691-692):
	-! m_txs[_h].to.call.value(m_txs[_h].value)(m_txs[_h].data) /unique_chucks/5/0x8bccc9ba2e5706e24a36dda02ca2a846e39a7bbf.sol
Reference: https://github.com/trailofbits/slither/wiki/Detectors-Documentation#low-level-calls[0m
INFO:Detectors:[92m
Function 'Lockable.Lockable' (/unique_chucks/5/0x8bccc9ba2e5706e24a36dda02ca2a846e39a7bbf.sol#65-72) is not in mixedCase
Function 'Token.Token' (/unique_chucks/5/0x8bccc9ba2e5706e24a36dda02ca2a846e39a7bbf.sol#100-109) is not in mixedCase
Parameter 'initial_balance' of Token.Token (/unique_chucks/5/0x8bccc9ba2e5706e24a36dda02ca2a846e39a7bbf.sol#101-102) is not in mixedCase
Variable 'Token._balances' (/unique_chucks/5/0x8bccc9ba2e5706e24a36dda02ca2a846e39a7bbf.sol#87-89) is not in mixedCase
Variable 'Token._approvals' (/unique_chucks/5/0x8bccc9ba2e5706e24a36dda02ca2a846e39a7bbf.sol#89-91) is not in mixedCase
Variable 'Token._supply' (/unique_chucks/5/0x8bccc9ba2e5706e24a36dda02ca2a846e39a7bbf.sol#91) is not in mixedCase
Contract 'multiowned' (/unique_chucks/5/0x8bccc9ba2e5706e24a36dda02ca2a846e39a7bbf.sol#249-462) is not in CapWords
Parameter '_owners' of multiowned.multiowned (/unique_chucks/5/0x8bccc9ba2e5706e24a36dda02ca2a846e39a7bbf.sol#286) is not in mixedCase
Parameter '_required' of multiowned.multiowned (/unique_chucks/5/0x8bccc9ba2e5706e24a36dda02ca2a846e39a7bbf.sol#286) is not in mixedCase
Parameter '_operation' of multiowned.revoke (/unique_chucks/5/0x8bccc9ba2e5706e24a36dda02ca2a846e39a7bbf.sol#298-299) is not in mixedCase
Parameter '_from' of multiowned.changeOwner (/unique_chucks/5/0x8bccc9ba2e5706e24a36dda02ca2a846e39a7bbf.sol#314) is not in mixedCase
Parameter '_to' of multiowned.changeOwner (/unique_chucks/5/0x8bccc9ba2e5706e24a36dda02ca2a846e39a7bbf.sol#314) is not in mixedCase
Parameter '_owner' of multiowned.addOwner (/unique_chucks/5/0x8bccc9ba2e5706e24a36dda02ca2a846e39a7bbf.sol#327-328) is not in mixedCase
Parameter '_owner' of multiowned.removeOwner (/unique_chucks/5/0x8bccc9ba2e5706e24a36dda02ca2a846e39a7bbf.sol#340) is not in mixedCase
Parameter '_newRequired' of multiowned.changeRequirement (/unique_chucks/5/0x8bccc9ba2e5706e24a36dda02ca2a846e39a7bbf.sol#352) is not in mixedCase
Parameter '_addr' of multiowned.isOwner (/unique_chucks/5/0x8bccc9ba2e5706e24a36dda02ca2a846e39a7bbf.sol#367) is not in mixedCase
Parameter '_operation' of multiowned.hasConfirmed (/unique_chucks/5/0x8bccc9ba2e5706e24a36dda02ca2a846e39a7bbf.sol#369) is not in mixedCase
Parameter '_owner' of multiowned.hasConfirmed (/unique_chucks/5/0x8bccc9ba2e5706e24a36dda02ca2a846e39a7bbf.sol#369) is not in mixedCase
Parameter '_operation' of multiowned.confirmAndCheck (/unique_chucks/5/0x8bccc9ba2e5706e24a36dda02ca2a846e39a7bbf.sol#381-382) is not in mixedCase
Variable 'multiowned.m_required' (/unique_chucks/5/0x8bccc9ba2e5706e24a36dda02ca2a846e39a7bbf.sol#451) is not in mixedCase
Variable 'multiowned.m_numOwners' (/unique_chucks/5/0x8bccc9ba2e5706e24a36dda02ca2a846e39a7bbf.sol#452) is not in mixedCase
Variable 'multiowned.m_owners' (/unique_chucks/5/0x8bccc9ba2e5706e24a36dda02ca2a846e39a7bbf.sol#452) is not in mixedCase
Constant 'multiowned.c_maxOwners' (/unique_chucks/5/0x8bccc9ba2e5706e24a36dda02ca2a846e39a7bbf.sol#452-453) is not in UPPER_CASE_WITH_UNDERSCORES
Variable 'multiowned.m_ownerIndex' (/unique_chucks/5/0x8bccc9ba2e5706e24a36dda02ca2a846e39a7bbf.sol#454-458) is not in mixedCase
Variable 'multiowned.m_pending' (/unique_chucks/5/0x8bccc9ba2e5706e24a36dda02ca2a846e39a7bbf.sol#459-460) is not in mixedCase
Variable 'multiowned.m_pendingIndex' (/unique_chucks/5/0x8bccc9ba2e5706e24a36dda02ca2a846e39a7bbf.sol#460-461) is not in mixedCase
Contract 'daylimit' (/unique_chucks/5/0x8bccc9ba2e5706e24a36dda02ca2a846e39a7bbf.sol#471-518) is not in CapWords
Parameter '_limit' of daylimit.daylimit (/unique_chucks/5/0x8bccc9ba2e5706e24a36dda02ca2a846e39a7bbf.sol#476) is not in mixedCase
Parameter '_newLimit' of daylimit.setDailyLimit (/unique_chucks/5/0x8bccc9ba2e5706e24a36dda02ca2a846e39a7bbf.sol#483-484) is not in mixedCase
Parameter '_value' of daylimit.underLimit (/unique_chucks/5/0x8bccc9ba2e5706e24a36dda02ca2a846e39a7bbf.sol#493) is not in mixedCase
Variable 'daylimit.m_dailyLimit' (/unique_chucks/5/0x8bccc9ba2e5706e24a36dda02ca2a846e39a7bbf.sol#517-518) is not in mixedCase
Variable 'daylimit.m_spentToday' (/unique_chucks/5/0x8bccc9ba2e5706e24a36dda02ca2a846e39a7bbf.sol#518) is not in mixedCase
Variable 'daylimit.m_lastDay' (/unique_chucks/5/0x8bccc9ba2e5706e24a36dda02ca2a846e39a7bbf.sol#518) is not in mixedCase
Contract 'multisig' (/unique_chucks/5/0x8bccc9ba2e5706e24a36dda02ca2a846e39a7bbf.sol#519-554) is not in CapWords
Contract 'tokenswap' (/unique_chucks/5/0x8bccc9ba2e5706e24a36dda02ca2a846e39a7bbf.sol#554-621) is not in CapWords
Parameter '_beneficiary' of tokenswap.buyTokens (/unique_chucks/5/0x8bccc9ba2e5706e24a36dda02ca2a846e39a7bbf.sol#609-610) is not in mixedCase
Parameter '_to' of Wallet.execute (/unique_chucks/5/0x8bccc9ba2e5706e24a36dda02ca2a846e39a7bbf.sol#656) is not in mixedCase
Parameter '_value' of Wallet.execute (/unique_chucks/5/0x8bccc9ba2e5706e24a36dda02ca2a846e39a7bbf.sol#657-658) is not in mixedCase
Parameter '_data' of Wallet.execute (/unique_chucks/5/0x8bccc9ba2e5706e24a36dda02ca2a846e39a7bbf.sol#658) is not in mixedCase
Parameter '_h' of Wallet.confirm (/unique_chucks/5/0x8bccc9ba2e5706e24a36dda02ca2a846e39a7bbf.sol) is not in mixedCase
Function 'Wallet.Wallet' (/unique_chucks/5/0x8bccc9ba2e5706e24a36dda02ca2a846e39a7bbf.sol#637-641) is not in mixedCase
Parameter '_to' of Wallet.kill (/unique_chucks/5/0x8bccc9ba2e5706e24a36dda02ca2a846e39a7bbf.sol#642) is not in mixedCase
Variable 'Wallet.m_txs' (/unique_chucks/5/0x8bccc9ba2e5706e24a36dda02ca2a846e39a7bbf.sol) is not in mixedCase
Reference: https://github.com/trailofbits/slither/wiki/Detectors-Documentation#conformance-to-solidity-naming-conventions[0m
INFO:Slither:/unique_chucks/5/0x8bccc9ba2e5706e24a36dda02ca2a846e39a7bbf.sol analyzed (8 contracts), 88 result(s) found