WARNING:root:You are using evm version 1.8.2. The supported version is 1.7.3
WARNING:root:You are using solc version 0.4.25, The latest supported version is 0.4.19
INFO:root:contract /unique_chucks/33/0x79bddecb728afda275923998701bac34d277fb19.sol:Controlled:
INFO:symExec:	============ Results ===========
INFO:symExec:	  EVM Code Coverage: 			 99.4%
INFO:symExec:	  Integer Underflow: 			 False
INFO:symExec:	  Integer Overflow: 			 False
INFO:symExec:	  Parity Multisig Bug 2: 		 False
INFO:symExec:	  Callstack Depth Attack Vulnerability:  False
INFO:symExec:	  Transaction-Ordering Dependence (TOD): False
INFO:symExec:	  Timestamp Dependency: 		 False
INFO:symExec:	  Re-Entrancy Vulnerability: 		 False
INFO:symExec:	====== Analysis Completed ======
INFO:root:contract /unique_chucks/33/0x79bddecb728afda275923998701bac34d277fb19.sol:Escapable:
INFO:symExec:	============ Results ===========
INFO:symExec:	  EVM Code Coverage: 			 98.2%
INFO:symExec:	  Integer Underflow: 			 False
INFO:symExec:	  Integer Overflow: 			 False
INFO:symExec:	  Parity Multisig Bug 2: 		 False
INFO:symExec:	  Callstack Depth Attack Vulnerability:  False
INFO:symExec:	  Transaction-Ordering Dependence (TOD): True
INFO:symExec:	  Timestamp Dependency: 		 False
INFO:symExec:	  Re-Entrancy Vulnerability: 		 False
INFO:symExec:Flow1
/unique_chucks/33/0x79bddecb728afda275923998701bac34d277fb19.sol:286:13: Warning: Transaction-Ordering Dependency.
            escapeHatchDestination.transfer(balance)
Flow2
/unique_chucks/33/0x79bddecb728afda275923998701bac34d277fb19.sol:286:13: Warning: Transaction-Ordering Dependency.
            escapeHatchDestination.transfer(balance)
INFO:symExec:	====== Analysis Completed ======
INFO:root:contract /unique_chucks/33/0x79bddecb728afda275923998701bac34d277fb19.sol:LPPDacs:
INFO:symExec:	============ Results ===========
INFO:symExec:	  EVM Code Coverage: 			 12.3%
INFO:symExec:	  Integer Underflow: 			 False
INFO:symExec:	  Integer Overflow: 			 True
INFO:symExec:	  Parity Multisig Bug 2: 		 False
INFO:symExec:	  Callstack Depth Attack Vulnerability:  False
INFO:symExec:	  Transaction-Ordering Dependence (TOD): False
INFO:symExec:	  Timestamp Dependency: 		 False
INFO:symExec:	  Re-Entrancy Vulnerability: 		 False
INFO:symExec:/unique_chucks/33/0x79bddecb728afda275923998701bac34d277fb19.sol:2520:9: Warning: Integer Overflow.
        d.owner
/unique_chucks/33/0x79bddecb728afda275923998701bac34d277fb19.sol:2523:5: Warning: Integer Overflow.
    function updateDac(
    ^
Spanning multiple lines.
/unique_chucks/33/0x79bddecb728afda275923998701bac34d277fb19.sol:2549:17: Warning: Integer Overflow.
        owner = d.owner
/unique_chucks/33/0x79bddecb728afda275923998701bac34d277fb19.sol:2457:5: Warning: Integer Overflow.
    function addDac(
    ^
Spanning multiple lines.
/unique_chucks/33/0x79bddecb728afda275923998701bac34d277fb19.sol:2478:5: Warning: Integer Overflow.
    function addDac(
    ^
Spanning multiple lines.
INFO:symExec:	====== Analysis Completed ======
INFO:root:contract /unique_chucks/33/0x79bddecb728afda275923998701bac34d277fb19.sol:LiquidPledging:
INFO:symExec:	============ Results ===========
INFO:symExec:	  EVM Code Coverage: 			 26.3%
INFO:symExec:	  Integer Underflow: 			 True
INFO:symExec:	  Integer Overflow: 			 True
INFO:symExec:	  Parity Multisig Bug 2: 		 False
INFO:symExec:	  Callstack Depth Attack Vulnerability:  False
INFO:symExec:	  Transaction-Ordering Dependence (TOD): True
INFO:symExec:	  Timestamp Dependency: 		 False
INFO:symExec:	  Re-Entrancy Vulnerability: 		 False
INFO:symExec:/unique_chucks/33/0x79bddecb728afda275923998701bac34d277fb19.sol:674:40: Warning: Integer Underflow.
        idDelegate = p.delegationChain[idxDelegate - 1
Integer Underflow occurs if:
    pledges.length = 115792089237316195423570985008687907853269984665640564020568118076434548785151
/unique_chucks/33/0x79bddecb728afda275923998701bac34d277fb19.sol:712:9: Warning: Integer Underflow.
        name = m.name
Integer Underflow occurs if:
    admins.length = 115792089237316195423570985008687907853269984665640564039457584007913129639935
/unique_chucks/33/0x79bddecb728afda275923998701bac34d277fb19.sol:683:16: Warning: Integer Underflow.
        return admins.length - 1
Integer Underflow occurs if:
    admins.length = 0
/unique_chucks/33/0x79bddecb728afda275923998701bac34d277fb19.sol:638:16: Warning: Integer Underflow.
        return pledges.length - 1
Integer Underflow occurs if:
    pledges.length = 0
INFO:symExec:/unique_chucks/33/0x79bddecb728afda275923998701bac34d277fb19.sol:659:27: Warning: Integer Overflow.
        intendedProject = p.intendedProject
Integer Overflow occurs if:
    pledges.length = 115792089237316195423570985008686480605577278705759505753488134512776746893311
/unique_chucks/33/0x79bddecb728afda275923998701bac34d277fb19.sol:838:13: Warning: Integer Overflow.
        if (m.canceled
Integer Overflow occurs if:
    pledges.length = 33554432
    admins.length = 9223372036854775808
    idPledge = 33554430
/unique_chucks/33/0x79bddecb728afda275923998701bac34d277fb19.sol:1526:17: Warning: Integer Overflow.
                p.owner
Integer Overflow occurs if:
    pledges.length = 9223372036854775808
    idPledge = 9223372036854775807
/unique_chucks/33/0x79bddecb728afda275923998701bac34d277fb19.sol:536:5: Warning: Integer Overflow.
    function updateDelegate(
    ^
Spanning multiple lines.
/unique_chucks/33/0x79bddecb728afda275923998701bac34d277fb19.sol:611:5: Warning: Integer Overflow.
    function updateProject(
    ^
Spanning multiple lines.
/unique_chucks/33/0x79bddecb728afda275923998701bac34d277fb19.sol:712:16: Warning: Integer Overflow.
        name = m.name
Integer Overflow occurs if:
    admins.length = 115792089237316195423570985008686480605577278705759505753488134512776746893311
/unique_chucks/33/0x79bddecb728afda275923998701bac34d277fb19.sol:855:32: Warning: Integer Overflow.
        if (!isProjectCanceled(p.owner
Integer Overflow occurs if:
    pledges.length = 33554432
    admins.length = 9223372036854775808
    idPledge = 33554430
/unique_chucks/33/0x79bddecb728afda275923998701bac34d277fb19.sol:765:16: Warning: Integer Overflow.
        return admins[idAdmin]
Integer Overflow occurs if:
    admins.length = 3
/unique_chucks/33/0x79bddecb728afda275923998701bac34d277fb19.sol:1527:17: Warning: Integer Overflow.
                p.delegationChain
Integer Overflow occurs if:
    pledges.length = 9223372036854775808
    idPledge = 9223372036854775807
/unique_chucks/33/0x79bddecb728afda275923998701bac34d277fb19.sol:1308:5: Warning: Integer Overflow.
    function mNormalizePledge(uint64[] pledges) {
    ^
Spanning multiple lines.
Integer Overflow occurs if:
    pledges = 115792089237316195423570985008687907853269984665640564039457584007913129639935
/unique_chucks/33/0x79bddecb728afda275923998701bac34d277fb19.sol:674:22: Warning: Integer Overflow.
        idDelegate = p.delegationChain
Integer Overflow occurs if:
    pledges.length = 115792089237316195423570985008686480605577278705759505753488134512776746893311
/unique_chucks/33/0x79bddecb728afda275923998701bac34d277fb19.sol:1283:5: Warning: Integer Overflow.
    function mConfirmPayment(uint[] pledgesAmounts) {
    ^
Spanning multiple lines.
Integer Overflow occurs if:
    pledgesAmounts = 115792089237316195423570985008687907853269984665640564039457584007913129639935
/unique_chucks/33/0x79bddecb728afda275923998701bac34d277fb19.sol:661:21: Warning: Integer Overflow.
        oldPledge = p.oldPledge
Integer Overflow occurs if:
    pledges.length = 115792089237316195423570985008686480605577278705759505753488134512776746893311
/unique_chucks/33/0x79bddecb728afda275923998701bac34d277fb19.sol:470:5: Warning: Integer Overflow.
    function updateGiver(
    ^
Spanning multiple lines.
/unique_chucks/33/0x79bddecb728afda275923998701bac34d277fb19.sol:1252:5: Warning: Integer Overflow.
    function mTransfer(
    ^
Spanning multiple lines.
Integer Overflow occurs if:
    pledgesAmounts = 115792089237316195423570985008687907853269984665640564039457584007913129639935
/unique_chucks/33/0x79bddecb728afda275923998701bac34d277fb19.sol:658:29: Warning: Integer Overflow.
        nDelegates = uint64(p.delegationChain
Integer Overflow occurs if:
    pledges.length = 115792089237316195423570985008686480605577278705759505753488134512776746893311
/unique_chucks/33/0x79bddecb728afda275923998701bac34d277fb19.sol:566:5: Warning: Integer Overflow.
    function addProject(
    ^
Spanning multiple lines.
/unique_chucks/33/0x79bddecb728afda275923998701bac34d277fb19.sol:662:23: Warning: Integer Overflow.
        pledgeState = p.pledgeState
Integer Overflow occurs if:
    pledges.length = 115792089237316195423570985008686480605577278705759505753488134512776746893311
/unique_chucks/33/0x79bddecb728afda275923998701bac34d277fb19.sol:1270:5: Warning: Integer Overflow.
    function mWithdraw(uint[] pledgesAmounts) {
    ^
Spanning multiple lines.
Integer Overflow occurs if:
    pledgesAmounts = 115792089237316195423570985008687907853269984665640564039457584007913129639935
/unique_chucks/33/0x79bddecb728afda275923998701bac34d277fb19.sol:674:22: Warning: Integer Overflow.
        idDelegate = p.delegationChain[idxDelegate - 1]
Integer Overflow occurs if:
    pledges.length = 115792089237316195423570985008687907853269984665640564039439137263839420088319
/unique_chucks/33/0x79bddecb728afda275923998701bac34d277fb19.sol:435:5: Warning: Integer Overflow.
    function addGiver(
    ^
Spanning multiple lines.
/unique_chucks/33/0x79bddecb728afda275923998701bac34d277fb19.sol:1296:5: Warning: Integer Overflow.
    function mCancelPayment(uint[] pledgesAmounts) {
    ^
Spanning multiple lines.
Integer Overflow occurs if:
    pledgesAmounts = 115792089237316195423570985008687907853269984665640564039457584007913129639935
/unique_chucks/33/0x79bddecb728afda275923998701bac34d277fb19.sol:499:5: Warning: Integer Overflow.
    function addDelegate(
    ^
Spanning multiple lines.
/unique_chucks/33/0x79bddecb728afda275923998701bac34d277fb19.sol:660:22: Warning: Integer Overflow.
        commitTime = p.commitTime
Integer Overflow occurs if:
    pledges.length = 115792089237316195423570985008686480605577278705759505753488134512776746893311
/unique_chucks/33/0x79bddecb728afda275923998701bac34d277fb19.sol:657:17: Warning: Integer Overflow.
        owner = p.owner
Integer Overflow occurs if:
    pledges.length = 115792089237316195423570985008686480605577278705759505753488134512776746893311
INFO:symExec:Flow1
/unique_chucks/33/0x79bddecb728afda275923998701bac34d277fb19.sol:286:13: Warning: Transaction-Ordering Dependency.
            escapeHatchDestination.transfer(balance)
Flow2
/unique_chucks/33/0x79bddecb728afda275923998701bac34d277fb19.sol:286:13: Warning: Transaction-Ordering Dependency.
            escapeHatchDestination.transfer(balance)
INFO:symExec:	====== Analysis Completed ======
INFO:root:contract /unique_chucks/33/0x79bddecb728afda275923998701bac34d277fb19.sol:LiquidPledgingBase:
INFO:symExec:	============ Results ===========
INFO:symExec:	  EVM Code Coverage: 			 41.7%
INFO:symExec:	  Integer Underflow: 			 True
INFO:symExec:	  Integer Overflow: 			 True
INFO:symExec:	  Parity Multisig Bug 2: 		 False
INFO:symExec:	  Callstack Depth Attack Vulnerability:  False
INFO:symExec:	  Transaction-Ordering Dependence (TOD): True
INFO:symExec:	  Timestamp Dependency: 		 False
INFO:symExec:	  Re-Entrancy Vulnerability: 		 False
INFO:symExec:/unique_chucks/33/0x79bddecb728afda275923998701bac34d277fb19.sol:674:40: Warning: Integer Underflow.
        idDelegate = p.delegationChain[idxDelegate - 1
Integer Underflow occurs if:
    pledges.length = 115792089237316195423570985008687907853269984665640564039457584007913129639935
    idxDelegate = 0
    idPledge = 18446744073709551614
/unique_chucks/33/0x79bddecb728afda275923998701bac34d277fb19.sol:712:9: Warning: Integer Underflow.
        name = m.name
Integer Underflow occurs if:
    admins.length = 115792089237316195423570985008687907853269984665640564039457584007913129639935
    name = 1
    idAdmin = 18446744073709551614
/unique_chucks/33/0x79bddecb728afda275923998701bac34d277fb19.sol:683:16: Warning: Integer Underflow.
        return admins.length - 1
Integer Underflow occurs if:
    admins.length = 0
/unique_chucks/33/0x79bddecb728afda275923998701bac34d277fb19.sol:638:16: Warning: Integer Underflow.
        return pledges.length - 1
Integer Underflow occurs if:
    pledges.length = 0
INFO:symExec:/unique_chucks/33/0x79bddecb728afda275923998701bac34d277fb19.sol:470:5: Warning: Integer Overflow.
    function updateGiver(
    ^
Spanning multiple lines.
Integer Overflow occurs if:
    newName = 115792089237316195423570985008687907853269984665640564039457584007913129639935
/unique_chucks/33/0x79bddecb728afda275923998701bac34d277fb19.sol:674:22: Warning: Integer Overflow.
        idDelegate = p.delegationChain[idxDelegate - 1]
Integer Overflow occurs if:
    pledges.length = 115792089237316195423570985008687907853269984665640564039439137263839420088319
    idxDelegate = 115792089237316195423570985008687907853269984665640564039457584007913129639933
    idPledge = 18446744073709551614
/unique_chucks/33/0x79bddecb728afda275923998701bac34d277fb19.sol:659:27: Warning: Integer Overflow.
        intendedProject = p.intendedProject
Integer Overflow occurs if:
    pledges.length = 115792089237316195423570985008687896702897385400328993252708981752253795794943
    idPledge = 18446744073709551614
/unique_chucks/33/0x79bddecb728afda275923998701bac34d277fb19.sol:566:5: Warning: Integer Overflow.
    function addProject(
    ^
Spanning multiple lines.
Integer Overflow occurs if:
    name = 115792089237316195423570985008687907853269984665640564039457584007913129639935
/unique_chucks/33/0x79bddecb728afda275923998701bac34d277fb19.sol:838:13: Warning: Integer Overflow.
        if (m.canceled
Integer Overflow occurs if:
    admins.length = 9223372036854775808
    projectId = 9223372036854775807
/unique_chucks/33/0x79bddecb728afda275923998701bac34d277fb19.sol:611:5: Warning: Integer Overflow.
    function updateProject(
    ^
Spanning multiple lines.
Integer Overflow occurs if:
    newName = 115792089237316195423570985008687907853269984665640564039457584007913129639935
/unique_chucks/33/0x79bddecb728afda275923998701bac34d277fb19.sol:536:5: Warning: Integer Overflow.
    function updateDelegate(
    ^
Spanning multiple lines.
Integer Overflow occurs if:
    newName = 115792089237316195423570985008687907853269984665640564039457584007913129639935
/unique_chucks/33/0x79bddecb728afda275923998701bac34d277fb19.sol:662:23: Warning: Integer Overflow.
        pledgeState = p.pledgeState
Integer Overflow occurs if:
    pledges.length = 115792089237316195423570985008687907853269984665640564020568118076434548785151
    idPledge = 18446744073709551614
/unique_chucks/33/0x79bddecb728afda275923998701bac34d277fb19.sol:839:13: Warning: Integer Overflow.
        if (m.parentProject
Integer Overflow occurs if:
    admins.length = 9223372036854775808
    projectId = 9223372036854775807
/unique_chucks/33/0x79bddecb728afda275923998701bac34d277fb19.sol:499:5: Warning: Integer Overflow.
    function addDelegate(
    ^
Spanning multiple lines.
Integer Overflow occurs if:
    name = 115792089237316195423570985008687907853269984665640564039457584007913129639935
/unique_chucks/33/0x79bddecb728afda275923998701bac34d277fb19.sol:674:22: Warning: Integer Overflow.
        idDelegate = p.delegationChain
Integer Overflow occurs if:
    pledges.length = 115792089237316195423570985008687907853269984665640564039457584007913129639935
    idPledge = 18446744073709551614
/unique_chucks/33/0x79bddecb728afda275923998701bac34d277fb19.sol:660:22: Warning: Integer Overflow.
        commitTime = p.commitTime
Integer Overflow occurs if:
    pledges.length = 115792089237316195423570985008687907766157698733563404742776627155006291705855
    idPledge = 18446744073709551614
/unique_chucks/33/0x79bddecb728afda275923998701bac34d277fb19.sol:765:16: Warning: Integer Overflow.
        return admins[idAdmin]
Integer Overflow occurs if:
    admins.length = 3
    projectId = 2
/unique_chucks/33/0x79bddecb728afda275923998701bac34d277fb19.sol:658:29: Warning: Integer Overflow.
        nDelegates = uint64(p.delegationChain
Integer Overflow occurs if:
    pledges.length = 115792089237316195423570985008687907853269984665640564039457584007913129639935
    idPledge = 18446744073709551614
/unique_chucks/33/0x79bddecb728afda275923998701bac34d277fb19.sol:657:17: Warning: Integer Overflow.
        owner = p.owner
Integer Overflow occurs if:
    pledges.length = 115792089237316195423570985008687907766157698733880317392833684505380467507199
    idPledge = 18446744073709551614
/unique_chucks/33/0x79bddecb728afda275923998701bac34d277fb19.sol:773:16: Warning: Integer Overflow.
        return pledges[idPledge]
Integer Overflow occurs if:
    pledges.length = 3
    idPledge = 2
/unique_chucks/33/0x79bddecb728afda275923998701bac34d277fb19.sol:435:5: Warning: Integer Overflow.
    function addGiver(
    ^
Spanning multiple lines.
Integer Overflow occurs if:
    name = 115792089237316195423570985008687907853269984665640564039457584007913129639935
/unique_chucks/33/0x79bddecb728afda275923998701bac34d277fb19.sol:712:16: Warning: Integer Overflow.
        name = m.name
Integer Overflow occurs if:
    admins.length = 115792089237316195423570985008687907853269984665640564039457584007913129639935
    idAdmin = 18446744073709551614
/unique_chucks/33/0x79bddecb728afda275923998701bac34d277fb19.sol:661:21: Warning: Integer Overflow.
        oldPledge = p.oldPledge
Integer Overflow occurs if:
    pledges.length = 115792089237316195423570984821615698274914411135568905451773357491953764139007
    idPledge = 18446744073709551614
INFO:symExec:Flow1
/unique_chucks/33/0x79bddecb728afda275923998701bac34d277fb19.sol:286:13: Warning: Transaction-Ordering Dependency.
            escapeHatchDestination.transfer(balance)
Flow2
/unique_chucks/33/0x79bddecb728afda275923998701bac34d277fb19.sol:286:13: Warning: Transaction-Ordering Dependency.
            escapeHatchDestination.transfer(balance)
INFO:symExec:	====== Analysis Completed ======
INFO:root:contract /unique_chucks/33/0x79bddecb728afda275923998701bac34d277fb19.sol:MiniMeToken:
INFO:symExec:	============ Results ===========
INFO:symExec:	  EVM Code Coverage: 			 48.4%
INFO:symExec:	  Integer Underflow: 			 True
INFO:symExec:	  Integer Overflow: 			 True
INFO:symExec:	  Parity Multisig Bug 2: 		 False
INFO:symExec:	  Callstack Depth Attack Vulnerability:  False
INFO:symExec:	  Transaction-Ordering Dependence (TOD): False
INFO:symExec:	  Timestamp Dependency: 		 False
INFO:symExec:	  Re-Entrancy Vulnerability: 		 False
INFO:symExec:/unique_chucks/33/0x79bddecb728afda275923998701bac34d277fb19.sol:1809:5: Warning: Integer Underflow.
    string public name
/unique_chucks/33/0x79bddecb728afda275923998701bac34d277fb19.sol:1811:5: Warning: Integer Underflow.
    string public symbol
/unique_chucks/33/0x79bddecb728afda275923998701bac34d277fb19.sol:1812:5: Warning: Integer Underflow.
    string public version = 'MMT_0.2'
INFO:symExec:/unique_chucks/33/0x79bddecb728afda275923998701bac34d277fb19.sol:2112:5: Warning: Integer Overflow.
    function createCloneToken(
    ^
Spanning multiple lines.
Integer Overflow occurs if:
    _cloneTokenName = 115792089237316195423570985008687907853269984665640564039457584007913129639935
/unique_chucks/33/0x79bddecb728afda275923998701bac34d277fb19.sol:2022:5: Warning: Integer Overflow.
    function approveAndCall(address _spender, uint256 _amount, bytes _extraData
    ^
Spanning multiple lines.
Integer Overflow occurs if:
    _extraData = 115792089237316195423570985008687907853269984665640564039457584007913129639935
INFO:symExec:	====== Analysis Completed ======
INFO:root:contract /unique_chucks/33/0x79bddecb728afda275923998701bac34d277fb19.sol:MiniMeTokenFactory:
INFO:symExec:	============ Results ===========
INFO:symExec:	  EVM Code Coverage: 			 1.3%
INFO:symExec:	  Integer Underflow: 			 False
INFO:symExec:	  Integer Overflow: 			 True
INFO:symExec:	  Parity Multisig Bug 2: 		 False
INFO:symExec:	  Callstack Depth Attack Vulnerability:  False
INFO:symExec:	  Transaction-Ordering Dependence (TOD): False
INFO:symExec:	  Timestamp Dependency: 		 False
INFO:symExec:	  Re-Entrancy Vulnerability: 		 False
INFO:symExec:/unique_chucks/33/0x79bddecb728afda275923998701bac34d277fb19.sol:2311:5: Warning: Integer Overflow.
    function createCloneToken(
    ^
Spanning multiple lines.
Integer Overflow occurs if:
    _tokenName = 115792089237316195423570985008687907853269984665640564039457584007913129639935
INFO:symExec:	====== Analysis Completed ======
INFO:root:contract /unique_chucks/33/0x79bddecb728afda275923998701bac34d277fb19.sol:Owned:
INFO:symExec:	============ Results ===========
INFO:symExec:	  EVM Code Coverage: 			 99.9%
INFO:symExec:	  Integer Underflow: 			 False
INFO:symExec:	  Integer Overflow: 			 False
INFO:symExec:	  Parity Multisig Bug 2: 		 False
INFO:symExec:	  Callstack Depth Attack Vulnerability:  False
INFO:symExec:	  Transaction-Ordering Dependence (TOD): False
INFO:symExec:	  Timestamp Dependency: 		 False
INFO:symExec:	  Re-Entrancy Vulnerability: 		 False
INFO:symExec:	====== Analysis Completed ======