2019-07-23 11:18:20,088: [13] m.main:INFO: Registered plugins: DetectEnvInstruction, DetectUninitializedMemory, DetectReentrancySimple, DetectReentrancyAdvanced, DetectInvalid, DetectSuicidal, DetectDelegatecall, DetectIntegerOverflow, DetectExternalCallAndLeak, DetectUninitializedStorage, DetectUnusedRetVal
2019-07-23 11:18:20,089: [13] m.main:INFO: Beginning analysis
2019-07-23 11:18:20,101: [13] m.e.manticore:INFO: Starting symbolic create contract
2019-07-23 11:18:20,484: [57] m.c.manticore:INFO: Generated testcase No. 0 - NO STATE RESULT (?)(0 txs)
2019-07-23 11:18:21,076: [13] m.c.manticore:INFO: Results in /mcore_z4ztttku
2019-07-23 11:18:22,000: [316] m.main:INFO: Registered plugins: DetectReentrancyAdvanced, DetectReentrancySimple, DetectInvalid, DetectUnusedRetVal, DetectUninitializedStorage, DetectIntegerOverflow, DetectSuicidal, DetectExternalCallAndLeak, DetectEnvInstruction, DetectUninitializedMemory, DetectDelegatecall
2019-07-23 11:18:22,000: [316] m.main:INFO: Beginning analysis
2019-07-23 11:18:22,063: [316] m.e.manticore:INFO: Starting symbolic create contract
2019-07-23 11:18:32,131: [316] m.e.manticore:INFO: Starting symbolic transaction: 0
2019-07-23 11:19:10,826: [316] m.e.manticore:INFO: 4 alive states, 20 terminated states
2019-07-23 11:19:17,404: [316] m.e.manticore:INFO: Starting symbolic transaction: 1
2019-07-23 11:22:27,229: [316] m.e.manticore:INFO: 16 alive states, 100 terminated states
2019-07-23 11:22:36,315: [10868] m.c.manticore:INFO: Generated testcase No. 0 - RETURN(3 txs)
2019-07-23 11:22:37,306: [10871] m.c.manticore:INFO: Generated testcase No. 2 - RETURN(3 txs)
2019-07-23 11:22:37,577: [10875] m.c.manticore:INFO: Generated testcase No. 1 - RETURN(3 txs)
2019-07-23 11:22:37,667: [10885] m.c.manticore:INFO: Generated testcase No. 5 - RETURN(3 txs)
2019-07-23 11:22:37,825: [10891] m.c.manticore:INFO: Generated testcase No. 7 - RETURN(3 txs)
2019-07-23 11:22:37,873: [10881] m.c.manticore:INFO: Generated testcase No. 3 - RETURN(3 txs)
2019-07-23 11:22:38,066: [10883] m.c.manticore:INFO: Generated testcase No. 8 - RETURN(3 txs)
2019-07-23 11:22:38,103: [10880] m.c.manticore:INFO: Generated testcase No. 6 - RETURN(3 txs)
2019-07-23 11:22:38,127: [10882] m.c.manticore:INFO: Generated testcase No. 4 - RETURN(3 txs)
2019-07-23 11:22:38,623: [10887] m.c.manticore:INFO: Generated testcase No. 9 - RETURN(3 txs)
2019-07-23 11:24:31,768: [10881] m.c.manticore:INFO: Generated testcase No. 10 - RETURN(3 txs)
2019-07-23 11:24:35,746: [10891] m.c.manticore:INFO: Generated testcase No. 11 - RETURN(3 txs)
2019-07-23 11:24:38,372: [10875] m.c.manticore:INFO: Generated testcase No. 12 - RETURN(3 txs)
2019-07-23 11:24:40,111: [10887] m.c.manticore:INFO: Generated testcase No. 13 - RETURN(3 txs)
2019-07-23 11:24:41,144: [10880] m.c.manticore:INFO: Generated testcase No. 14 - RETURN(3 txs)
2019-07-23 11:24:42,132: [10868] m.c.manticore:INFO: Generated testcase No. 15 - RETURN(3 txs)
2019-07-23 11:24:43,324: [10885] m.c.manticore:INFO: Generated testcase No. 16 - RETURN(1 txs)
2019-07-23 11:24:48,525: [10871] m.c.manticore:INFO: Generated testcase No. 17 - REVERT(2 txs)
2019-07-23 11:24:49,421: [10882] m.c.manticore:INFO: Generated testcase No. 18 - REVERT(2 txs)
2019-07-23 11:24:54,838: [10883] m.c.manticore:INFO: Generated testcase No. 19 - REVERT(2 txs)
2019-07-23 11:26:26,358: [10885] m.c.manticore:INFO: Generated testcase No. 20 - REVERT(2 txs)
2019-07-23 11:26:40,418: [10887] m.c.manticore:INFO: Generated testcase No. 22 - REVERT(2 txs)
2019-07-23 11:26:40,563: [10881] m.c.manticore:INFO: Generated testcase No. 21 - REVERT(2 txs)
2019-07-23 11:26:45,159: [10880] m.c.manticore:INFO: Generated testcase No. 23 - REVERT(2 txs)
2019-07-23 11:26:45,651: [10891] m.c.manticore:INFO: Generated testcase No. 24 - REVERT(2 txs)
2019-07-23 11:26:47,103: [10882] m.c.manticore:INFO: Generated testcase No. 25 - REVERT(2 txs)
2019-07-23 11:26:48,919: [10868] m.c.manticore:INFO: Generated testcase No. 26 - REVERT(2 txs)
2019-07-23 11:27:00,042: [10875] m.c.manticore:INFO: Generated testcase No. 27 - REVERT(2 txs)
2019-07-23 11:27:04,943: [10883] m.c.manticore:INFO: Generated testcase No. 28 - REVERT(2 txs)
2019-07-23 11:27:07,204: [10871] m.c.manticore:INFO: Generated testcase No. 29 - REVERT(2 txs)
2019-07-23 11:28:20,335: [10885] m.c.manticore:INFO: Generated testcase No. 30 - REVERT(2 txs)
2019-07-23 11:28:48,139: [10880] m.c.manticore:INFO: Generated testcase No. 32 - REVERT(2 txs)
2019-07-23 11:28:48,458: [10881] m.c.manticore:INFO: Generated testcase No. 31 - REVERT(2 txs)
2019-07-23 11:28:49,221: [10868] m.c.manticore:INFO: Generated testcase No. 33 - REVERT(2 txs)
2019-07-23 11:28:52,253: [10887] m.c.manticore:INFO: Generated testcase No. 35 - REVERT(2 txs)
2019-07-23 11:28:55,948: [10891] m.c.manticore:INFO: Generated testcase No. 36 - REVERT(2 txs)
2019-07-23 11:28:56,848: [10882] m.c.manticore:INFO: Generated testcase No. 34 - RETURN(2 txs)
2019-07-23 11:29:07,726: [10871] m.c.manticore:INFO: Generated testcase No. 37 - RETURN(2 txs)
2019-07-23 11:29:11,051: [10875] m.c.manticore:INFO: Generated testcase No. 38 - RETURN(2 txs)
2019-07-23 11:29:11,544: [10883] m.c.manticore:INFO: Generated testcase No. 39 - RETURN(2 txs)
2019-07-23 11:30:23,618: [10885] m.c.manticore:INFO: Generated testcase No. 40 - REVERT(3 txs)
2019-07-23 11:30:54,249: [10880] m.c.manticore:INFO: Generated testcase No. 42 - REVERT(3 txs)
2019-07-23 11:30:54,370: [10891] m.c.manticore:INFO: Generated testcase No. 41 - REVERT(3 txs)
2019-07-23 11:30:57,048: [10868] m.c.manticore:INFO: Generated testcase No. 43 - REVERT(3 txs)
2019-07-23 11:30:58,052: [10887] m.c.manticore:INFO: Generated testcase No. 44 - REVERT(3 txs)
2019-07-23 11:31:05,356: [10882] m.c.manticore:INFO: Generated testcase No. 45 - REVERT(3 txs)
2019-07-23 11:31:07,935: [10881] m.c.manticore:INFO: Generated testcase No. 46 - REVERT(3 txs)
2019-07-23 11:31:12,455: [10875] m.c.manticore:INFO: Generated testcase No. 47 - REVERT(3 txs)
2019-07-23 11:31:12,718: [10883] m.c.manticore:INFO: Generated testcase No. 48 - REVERT(3 txs)
2019-07-23 11:31:39,119: [10871] m.c.manticore:INFO: Generated testcase No. 49 - REVERT(3 txs)
2019-07-23 11:32:50,440: [10885] m.c.manticore:INFO: Generated testcase No. 50 - REVERT(3 txs)
2019-07-23 11:33:04,226: [10887] m.c.manticore:INFO: Generated testcase No. 51 - REVERT(3 txs)
2019-07-23 11:33:05,943: [10891] m.c.manticore:INFO: Generated testcase No. 52 - REVERT(3 txs)
2019-07-23 11:33:11,358: [10880] m.c.manticore:INFO: Generated testcase No. 53 - REVERT(3 txs)
2019-07-23 11:33:18,404: [10868] m.c.manticore:INFO: Generated testcase No. 54 - REVERT(3 txs)
2019-07-23 11:33:21,410: [10881] m.c.manticore:INFO: Generated testcase No. 55 - REVERT(3 txs)
2019-07-23 11:33:23,777: [10883] m.c.manticore:INFO: Generated testcase No. 56 - REVERT(3 txs)
2019-07-23 11:33:31,643: [10882] m.c.manticore:INFO: Generated testcase No. 57 - REVERT(3 txs)
2019-07-23 11:33:33,937: [10875] m.c.manticore:INFO: Generated testcase No. 58 - REVERT(3 txs)
2019-07-23 11:34:14,441: [10871] m.c.manticore:INFO: Generated testcase No. 59 - REVERT(3 txs)
2019-07-23 11:35:04,854: [10885] m.c.manticore:INFO: Generated testcase No. 60 - REVERT(3 txs)
2019-07-23 11:35:22,546: [10887] m.c.manticore:INFO: Generated testcase No. 61 - REVERT(3 txs)
2019-07-23 11:35:23,667: [10891] m.c.manticore:INFO: Generated testcase No. 62 - REVERT(3 txs)
2019-07-23 11:35:37,247: [10881] m.c.manticore:INFO: Generated testcase No. 63 - REVERT(3 txs)
2019-07-23 11:35:42,826: [10868] m.c.manticore:INFO: Generated testcase No. 64 - REVERT(3 txs)
2019-07-23 11:35:42,813: [10880] m.c.manticore:INFO: Generated testcase No. 65 - REVERT(3 txs)
2019-07-23 11:35:51,822: [10883] m.c.manticore:INFO: Generated testcase No. 66 - REVERT(3 txs)
2019-07-23 11:35:53,916: [10875] m.c.manticore:INFO: Generated testcase No. 67 - REVERT(3 txs)
2019-07-23 11:35:54,816: [10882] m.c.manticore:INFO: Generated testcase No. 68 - REVERT(3 txs)
2019-07-23 11:36:33,853: [10871] m.c.manticore:INFO: Generated testcase No. 69 - REVERT(3 txs)
2019-07-23 11:37:23,352: [10885] m.c.manticore:INFO: Generated testcase No. 70 - REVERT(3 txs)
2019-07-23 11:37:43,912: [10891] m.c.manticore:INFO: Generated testcase No. 71 - REVERT(3 txs)
2019-07-23 11:37:57,544: [10887] m.c.manticore:INFO: Generated testcase No. 72 - REVERT(3 txs)
2019-07-23 11:38:00,423: [10868] m.c.manticore:INFO: Generated testcase No. 73 - REVERT(3 txs)
2019-07-23 11:38:08,430: [10881] m.c.manticore:INFO: Generated testcase No. 74 - REVERT(3 txs)
2019-07-23 11:38:09,063: [10880] m.c.manticore:INFO: Generated testcase No. 75 - REVERT(3 txs)
2019-07-23 11:38:15,662: [10882] m.c.manticore:INFO: Generated testcase No. 76 - REVERT(3 txs)
2019-07-23 11:38:25,203: [10875] m.c.manticore:INFO: Generated testcase No. 77 - REVERT(3 txs)
2019-07-23 11:38:26,450: [10883] m.c.manticore:INFO: Generated testcase No. 78 - REVERT(3 txs)
2019-07-23 11:39:09,309: [10871] m.c.manticore:INFO: Generated testcase No. 79 - REVERT(3 txs)
2019-07-23 11:39:35,453: [10885] m.c.manticore:INFO: Generated testcase No. 80 - REVERT(3 txs)
2019-07-23 11:40:02,009: [10891] m.c.manticore:INFO: Generated testcase No. 81 - REVERT(3 txs)
2019-07-23 11:40:17,811: [10887] m.c.manticore:INFO: Generated testcase No. 82 - REVERT(3 txs)
2019-07-23 11:40:21,641: [10880] m.c.manticore:INFO: Generated testcase No. 83 - REVERT(3 txs)
2019-07-23 11:40:27,420: [10868] m.c.manticore:INFO: Generated testcase No. 84 - REVERT(3 txs)
2019-07-23 11:40:28,723: [10881] m.c.manticore:INFO: Generated testcase No. 85 - REVERT(3 txs)
2019-07-23 11:40:31,516: [10875] m.c.manticore:INFO: Generated testcase No. 86 - REVERT(3 txs)
2019-07-23 11:40:35,644: [10882] m.c.manticore:INFO: Generated testcase No. 87 - REVERT(3 txs)
2019-07-23 11:40:36,718: [10883] m.c.manticore:INFO: Generated testcase No. 88 - REVERT(3 txs)
2019-07-23 11:41:46,868: [10871] m.c.manticore:INFO: Generated testcase No. 89 - REVERT(3 txs)
2019-07-23 11:42:14,128: [10891] m.c.manticore:INFO: Generated testcase No. 90 - REVERT(3 txs)
2019-07-23 11:42:14,130: [10885] m.c.manticore:INFO: Generated testcase No. 91 - REVERT(3 txs)
2019-07-23 11:42:29,145: [10887] m.c.manticore:INFO: Generated testcase No. 92 - REVERT(3 txs)
2019-07-23 11:42:32,519: [10868] m.c.manticore:INFO: Generated testcase No. 93 - REVERT(3 txs)
2019-07-23 11:42:37,359: [10882] m.c.manticore:INFO: Generated testcase No. 95 - REVERT(3 txs)
2019-07-23 11:42:37,439: [10880] m.c.manticore:INFO: Generated testcase No. 94 - REVERT(3 txs)
2019-07-23 11:42:52,149: [10875] m.c.manticore:INFO: Generated testcase No. 96 - REVERT(3 txs)
2019-07-23 11:42:53,322: [10881] m.c.manticore:INFO: Generated testcase No. 97 - REVERT(3 txs)
2019-07-23 11:43:11,265: [10883] m.c.manticore:INFO: Generated testcase No. 98 - REVERT(3 txs)
2019-07-23 11:43:46,745: [10871] m.c.manticore:INFO: Generated testcase No. 99 - REVERT(3 txs)
2019-07-23 11:44:36,944: [10885] m.c.manticore:INFO: Generated testcase No. 100 - REVERT(3 txs)
2019-07-23 11:44:52,528: [10891] m.c.manticore:INFO: Generated testcase No. 101 - REVERT(3 txs)
2019-07-23 11:44:52,560: [10887] m.c.manticore:INFO: Generated testcase No. 102 - REVERT(3 txs)
2019-07-23 11:44:54,944: [10880] m.c.manticore:INFO: Generated testcase No. 103 - REVERT(3 txs)
2019-07-23 11:44:57,152: [10868] m.c.manticore:INFO: Generated testcase No. 104 - REVERT(3 txs)
2019-07-23 11:45:07,444: [10881] m.c.manticore:INFO: Generated testcase No. 105 - REVERT(3 txs)
2019-07-23 11:45:12,634: [10882] m.c.manticore:INFO: Generated testcase No. 106 - REVERT(3 txs)
2019-07-23 11:45:23,519: [10875] m.c.manticore:INFO: Generated testcase No. 107 - REVERT(3 txs)
2019-07-23 11:45:31,705: [10883] m.c.manticore:INFO: Generated testcase No. 108 - REVERT(3 txs)
2019-07-23 11:46:03,337: [10871] m.c.manticore:INFO: Generated testcase No. 109 - REVERT(3 txs)
2019-07-23 11:46:59,703: [10885] m.c.manticore:INFO: Generated testcase No. 110 - REVERT(3 txs)
2019-07-23 11:47:04,937: [10891] m.c.manticore:INFO: Generated testcase No. 111 - REVERT(3 txs)
2019-07-23 11:47:07,056: [10880] m.c.manticore:INFO: Generated testcase No. 112 - REVERT(3 txs)
2019-07-23 11:47:16,761: [10868] m.c.manticore:INFO: Generated testcase No. 113 - REVERT(3 txs)
2019-07-23 11:47:18,241: [10887] m.c.manticore:INFO: Generated testcase No. 114 - REVERT(3 txs)
2019-07-23 11:47:27,122: [10882] m.c.manticore:INFO: Generated testcase No. 115 - REVERT(3 txs)