INFO:Slither:Compilation warnings/errors on /unique_chucks/23/0x58ac2e510e41fd878d81131cf8d87bc09b2a7afd.sol:
/unique_chucks/23/0x58ac2e510e41fd878d81131cf8d87bc09b2a7afd.sol:51:5: Warning: Defining constructors as functions with the same name as the contract is deprecated. Use "constructor(...) { ... }" instead.
    function Ownable() public {
    ^ (Relevant source part starts here and spans across multiple lines).
/unique_chucks/23/0x58ac2e510e41fd878d81131cf8d87bc09b2a7afd.sol:172:5: Warning: Defining constructors as functions with the same name as the contract is deprecated. Use "constructor(...) { ... }" instead.
    function ExhaustionCoin() public {
    ^ (Relevant source part starts here and spans across multiple lines).
/unique_chucks/23/0x58ac2e510e41fd878d81131cf8d87bc09b2a7afd.sol:69:9: Warning: Invoking events without "emit" prefix is deprecated.
        OwnershipTransferred(owner, newOwner);
        ^-----------------------------------^
/unique_chucks/23/0x58ac2e510e41fd878d81131cf8d87bc09b2a7afd.sol:206:13: Warning: Invoking events without "emit" prefix is deprecated.
            FrozenFunds(targets[j], isFrozen);
            ^-------------------------------^
/unique_chucks/23/0x58ac2e510e41fd878d81131cf8d87bc09b2a7afd.sol:215:13: Warning: Invoking events without "emit" prefix is deprecated.
            LockedFunds(targets[j], unixTimes[j]);
            ^-----------------------------------^
/unique_chucks/23/0x58ac2e510e41fd878d81131cf8d87bc09b2a7afd.sol:228:45: Warning: This function only accepts a single "bytes" argument. Please use "abi.encodePacked(...)" or a similar function to encode the data.
            assert(_to.call.value(0)(bytes4(keccak256(_custom_fallback)), msg.sender, _value, _data));
                                            ^-------------------------^
/unique_chucks/23/0x58ac2e510e41fd878d81131cf8d87bc09b2a7afd.sol:228:45: Warning: The provided argument of type string memory is not implicitly convertible to expected type bytes memory.
            assert(_to.call.value(0)(bytes4(keccak256(_custom_fallback)), msg.sender, _value, _data));
                                            ^-------------------------^
/unique_chucks/23/0x58ac2e510e41fd878d81131cf8d87bc09b2a7afd.sol:229:13: Warning: Invoking events without "emit" prefix is deprecated.
            Transfer(msg.sender, _to, _value, _data);
            ^--------------------------------------^
/unique_chucks/23/0x58ac2e510e41fd878d81131cf8d87bc09b2a7afd.sol:230:13: Warning: Invoking events without "emit" prefix is deprecated.
            Transfer(msg.sender, _to, _value);
            ^-------------------------------^
/unique_chucks/23/0x58ac2e510e41fd878d81131cf8d87bc09b2a7afd.sol:272:9: Warning: Invoking events without "emit" prefix is deprecated.
        Transfer(msg.sender, _to, _value, _data);
        ^--------------------------------------^
/unique_chucks/23/0x58ac2e510e41fd878d81131cf8d87bc09b2a7afd.sol:273:9: Warning: Invoking events without "emit" prefix is deprecated.
        Transfer(msg.sender, _to, _value);
        ^-------------------------------^
/unique_chucks/23/0x58ac2e510e41fd878d81131cf8d87bc09b2a7afd.sol:282:9: Warning: Invoking events without "emit" prefix is deprecated.
        Transfer(msg.sender, _to, _value, _data);
        ^--------------------------------------^
/unique_chucks/23/0x58ac2e510e41fd878d81131cf8d87bc09b2a7afd.sol:283:9: Warning: Invoking events without "emit" prefix is deprecated.
        Transfer(msg.sender, _to, _value);
        ^-------------------------------^
/unique_chucks/23/0x58ac2e510e41fd878d81131cf8d87bc09b2a7afd.sol:299:9: Warning: Invoking events without "emit" prefix is deprecated.
        Transfer(_from, _to, _value);
        ^--------------------------^
/unique_chucks/23/0x58ac2e510e41fd878d81131cf8d87bc09b2a7afd.sol:304:9: Warning: Invoking events without "emit" prefix is deprecated.
        Approval(msg.sender, _spender, _value);
        ^------------------------------------^
/unique_chucks/23/0x58ac2e510e41fd878d81131cf8d87bc09b2a7afd.sol:316:9: Warning: Invoking events without "emit" prefix is deprecated.
        Burn(_from, _unitAmount);
        ^----------------------^
/unique_chucks/23/0x58ac2e510e41fd878d81131cf8d87bc09b2a7afd.sol:327:9: Warning: Invoking events without "emit" prefix is deprecated.
        Mint(_to, _unitAmount);
        ^--------------------^
/unique_chucks/23/0x58ac2e510e41fd878d81131cf8d87bc09b2a7afd.sol:328:9: Warning: Invoking events without "emit" prefix is deprecated.
        Transfer(address(0), _to, _unitAmount);
        ^------------------------------------^
/unique_chucks/23/0x58ac2e510e41fd878d81131cf8d87bc09b2a7afd.sol:333:9: Warning: Invoking events without "emit" prefix is deprecated.
        MintFinished();
        ^------------^
/unique_chucks/23/0x58ac2e510e41fd878d81131cf8d87bc09b2a7afd.sol:352:13: Warning: Invoking events without "emit" prefix is deprecated.
            Transfer(msg.sender, addresses[j], amount);
            ^----------------------------------------^
/unique_chucks/23/0x58ac2e510e41fd878d81131cf8d87bc09b2a7afd.sol:378:13: Warning: Invoking events without "emit" prefix is deprecated.
            Transfer(msg.sender, addresses[j], amounts[j]);
            ^--------------------------------------------^
/unique_chucks/23/0x58ac2e510e41fd878d81131cf8d87bc09b2a7afd.sol:399:13: Warning: Invoking events without "emit" prefix is deprecated.
            Transfer(addresses[j], msg.sender, amounts[j]);
            ^--------------------------------------------^
/unique_chucks/23/0x58ac2e510e41fd878d81131cf8d87bc09b2a7afd.sol:416:9: Warning: Invoking events without "emit" prefix is deprecated.
        Transfer(Addr1, msg.sender, distributeAmount);
        ^-------------------------------------------^

INFO:Detectors:[93m
ExhaustionCoin.isContract (/unique_chucks/23/0x58ac2e510e41fd878d81131cf8d87bc09b2a7afd.sol#268-271) is declared view but contains assembly code
Reference: https://github.com/trailofbits/slither/wiki/Detectors-Documentation#constant-functions-changing-the-state[0m
INFO:Detectors:[93m
ExhaustionCoin.totalSupply (/unique_chucks/23/0x58ac2e510e41fd878d81131cf8d87bc09b2a7afd.sol#153) shadows:
	- ERC223.totalSupply (/unique_chucks/23/0x58ac2e510e41fd878d81131cf8d87bc09b2a7afd.sol#85)
Reference: https://github.com/trailofbits/slither/wiki/Detectors-Documentation#state-variable-shadowing-from-abstract-contracts[0m
INFO:Detectors:[93m
tkn in ContractReceiver.tokenFallback (/unique_chucks/23/0x58ac2e510e41fd878d81131cf8d87bc09b2a7afd.sol#125) is a local variable never initialiazed
empty in ExhaustionCoin.transfer (/unique_chucks/23/0x58ac2e510e41fd878d81131cf8d87bc09b2a7afd.sol#261) is a local variable never initialiazed
Reference: https://github.com/trailofbits/slither/wiki/Detectors-Documentation#uninitialized-local-variables[0m
INFO:Detectors:[92m
ExhaustionCoin.isContract uses assembly (/unique_chucks/23/0x58ac2e510e41fd878d81131cf8d87bc09b2a7afd.sol#268-271)
	- /unique_chucks/23/0x58ac2e510e41fd878d81131cf8d87bc09b2a7afd.sol#270-271
Reference: https://github.com/trailofbits/slither/wiki/Detectors-Documentation#assembly-usage[0m
INFO:Detectors:[92m
ERC223.totalSupply should be constant (/unique_chucks/23/0x58ac2e510e41fd878d81131cf8d87bc09b2a7afd.sol#85)
ExhaustionCoin.Addr1 should be constant (/unique_chucks/23/0x58ac2e510e41fd878d81131cf8d87bc09b2a7afd.sol#155-156)
ExhaustionCoin.Addr2 should be constant (/unique_chucks/23/0x58ac2e510e41fd878d81131cf8d87bc09b2a7afd.sol#156-157)
ExhaustionCoin.Addr3 should be constant (/unique_chucks/23/0x58ac2e510e41fd878d81131cf8d87bc09b2a7afd.sol#157-158)
ExhaustionCoin.Addr4 should be constant (/unique_chucks/23/0x58ac2e510e41fd878d81131cf8d87bc09b2a7afd.sol#158-159)
ExhaustionCoin.Addr5 should be constant (/unique_chucks/23/0x58ac2e510e41fd878d81131cf8d87bc09b2a7afd.sol#159-161)
ExhaustionCoin.Addr6 should be constant (/unique_chucks/23/0x58ac2e510e41fd878d81131cf8d87bc09b2a7afd.sol#161-162)
ExhaustionCoin.Addr7 should be constant (/unique_chucks/23/0x58ac2e510e41fd878d81131cf8d87bc09b2a7afd.sol#162-163)
ExhaustionCoin.decimals should be constant (/unique_chucks/23/0x58ac2e510e41fd878d81131cf8d87bc09b2a7afd.sol#151-153)
ExhaustionCoin.name should be constant (/unique_chucks/23/0x58ac2e510e41fd878d81131cf8d87bc09b2a7afd.sol#149-150)
ExhaustionCoin.symbol should be constant (/unique_chucks/23/0x58ac2e510e41fd878d81131cf8d87bc09b2a7afd.sol#150-151)
Reference: https://github.com/trailofbits/slither/wiki/Detectors-Documentation#state-variables-that-could-be-declared-constant[0m
INFO:Detectors:[92m
Ownable.transferOwnership (/unique_chucks/23/0x58ac2e510e41fd878d81131cf8d87bc09b2a7afd.sol#68-79) should be declared external
ERC223.balanceOf (/unique_chucks/23/0x58ac2e510e41fd878d81131cf8d87bc09b2a7afd.sol#86-87) should be declared external
ExhaustionCoin.balanceOf (/unique_chucks/23/0x58ac2e510e41fd878d81131cf8d87bc09b2a7afd.sol#201-204) should be declared external
ERC223.totalSupply (/unique_chucks/23/0x58ac2e510e41fd878d81131cf8d87bc09b2a7afd.sol#87-88) should be declared external
ExhaustionCoin.totalSupply (/unique_chucks/23/0x58ac2e510e41fd878d81131cf8d87bc09b2a7afd.sol#198-200) should be declared external
ExhaustionCoin.transfer (/unique_chucks/23/0x58ac2e510e41fd878d81131cf8d87bc09b2a7afd.sol#252-268) should be declared external
ERC223.transfer (/unique_chucks/23/0x58ac2e510e41fd878d81131cf8d87bc09b2a7afd.sol#88-89) should be declared external
ERC223.transfer (/unique_chucks/23/0x58ac2e510e41fd878d81131cf8d87bc09b2a7afd.sol#89) should be declared external
ExhaustionCoin.transfer (/unique_chucks/23/0x58ac2e510e41fd878d81131cf8d87bc09b2a7afd.sol#240-252) should be declared external
ExhaustionCoin.transfer (/unique_chucks/23/0x58ac2e510e41fd878d81131cf8d87bc09b2a7afd.sol#221-240) should be declared external
ERC223.transfer (/unique_chucks/23/0x58ac2e510e41fd878d81131cf8d87bc09b2a7afd.sol#89-90) should be declared external
ExhaustionCoin.name (/unique_chucks/23/0x58ac2e510e41fd878d81131cf8d87bc09b2a7afd.sol#191-194) should be declared external
ERC223.name (/unique_chucks/23/0x58ac2e510e41fd878d81131cf8d87bc09b2a7afd.sol#94-95) should be declared external
ERC223.symbol (/unique_chucks/23/0x58ac2e510e41fd878d81131cf8d87bc09b2a7afd.sol#95-97) should be declared external
ExhaustionCoin.symbol (/unique_chucks/23/0x58ac2e510e41fd878d81131cf8d87bc09b2a7afd.sol#194-195) should be declared external
ExhaustionCoin.decimals (/unique_chucks/23/0x58ac2e510e41fd878d81131cf8d87bc09b2a7afd.sol#195-198) should be declared external
ERC223.decimals (/unique_chucks/23/0x58ac2e510e41fd878d81131cf8d87bc09b2a7afd.sol#98) should be declared external
ERC223.transferFrom (/unique_chucks/23/0x58ac2e510e41fd878d81131cf8d87bc09b2a7afd.sol#99-100) should be declared external
ExhaustionCoin.transferFrom (/unique_chucks/23/0x58ac2e510e41fd878d81131cf8d87bc09b2a7afd.sol#291-307) should be declared external
ExhaustionCoin.approve (/unique_chucks/23/0x58ac2e510e41fd878d81131cf8d87bc09b2a7afd.sol#307-312) should be declared external
ERC223.approve (/unique_chucks/23/0x58ac2e510e41fd878d81131cf8d87bc09b2a7afd.sol#100) should be declared external
ERC223.allowance (/unique_chucks/23/0x58ac2e510e41fd878d81131cf8d87bc09b2a7afd.sol#101-102) should be declared external
ExhaustionCoin.allowance (/unique_chucks/23/0x58ac2e510e41fd878d81131cf8d87bc09b2a7afd.sol#314-317) should be declared external
ContractReceiver.tokenFallback (/unique_chucks/23/0x58ac2e510e41fd878d81131cf8d87bc09b2a7afd.sol#122-146) should be declared external
ExhaustionCoin.freezeAccounts (/unique_chucks/23/0x58ac2e510e41fd878d81131cf8d87bc09b2a7afd.sol#204-212) should be declared external
ExhaustionCoin.lockupAccounts (/unique_chucks/23/0x58ac2e510e41fd878d81131cf8d87bc09b2a7afd.sol#213-221) should be declared external
ExhaustionCoin.burn (/unique_chucks/23/0x58ac2e510e41fd878d81131cf8d87bc09b2a7afd.sol#318-326) should be declared external
ExhaustionCoin.mint (/unique_chucks/23/0x58ac2e510e41fd878d81131cf8d87bc09b2a7afd.sol#329-339) should be declared external
ExhaustionCoin.finishMinting (/unique_chucks/23/0x58ac2e510e41fd878d81131cf8d87bc09b2a7afd.sol#339-343) should be declared external
ExhaustionCoin.distributeAirdrop (/unique_chucks/23/0x58ac2e510e41fd878d81131cf8d87bc09b2a7afd.sol#343-365) should be declared external
ExhaustionCoin.distributeAirdrop (/unique_chucks/23/0x58ac2e510e41fd878d81131cf8d87bc09b2a7afd.sol#365-392) should be declared external
ExhaustionCoin.collectTokens (/unique_chucks/23/0x58ac2e510e41fd878d81131cf8d87bc09b2a7afd.sol#392-412) should be declared external
ExhaustionCoin.setDistributeAmount (/unique_chucks/23/0x58ac2e510e41fd878d81131cf8d87bc09b2a7afd.sol#412-415) should be declared external
ExhaustionCoin.fallback (/unique_chucks/23/0x58ac2e510e41fd878d81131cf8d87bc09b2a7afd.sol) should be declared external
Reference: https://github.com/trailofbits/slither/wiki/Detectors-Documentation#public-function-that-could-be-declared-as-external[0m
INFO:Detectors:[92m
Detected issues with version pragma in /unique_chucks/23/0x58ac2e510e41fd878d81131cf8d87bc09b2a7afd.sol:
	- pragma solidity^0.4.23 (/unique_chucks/23/0x58ac2e510e41fd878d81131cf8d87bc09b2a7afd.sol#1): it allows old versions
Reference: https://github.com/trailofbits/slither/wiki/Detectors-Documentation#incorrect-version-of-solidity[0m
INFO:Detectors:[92m
Low level call in ExhaustionCoin.transfer (/unique_chucks/23/0x58ac2e510e41fd878d81131cf8d87bc09b2a7afd.sol#221-240):
	-assert(bool)(_to.call.value(0)(bytes4(keccak256()(_custom_fallback)),msg.sender,_value,_data)) /unique_chucks/23/0x58ac2e510e41fd878d81131cf8d87bc09b2a7afd.sol#232-236
Reference: https://github.com/trailofbits/slither/wiki/Detectors-Documentation#low-level-calls[0m
INFO:Detectors:[92m
Function 'Ownable.Ownable' (/unique_chucks/23/0x58ac2e510e41fd878d81131cf8d87bc09b2a7afd.sol#52-56) is not in mixedCase
Parameter '_from' of ContractReceiver.tokenFallback (/unique_chucks/23/0x58ac2e510e41fd878d81131cf8d87bc09b2a7afd.sol#123) is not in mixedCase
Parameter '_value' of ContractReceiver.tokenFallback (/unique_chucks/23/0x58ac2e510e41fd878d81131cf8d87bc09b2a7afd.sol#123-124) is not in mixedCase
Parameter '_data' of ContractReceiver.tokenFallback (/unique_chucks/23/0x58ac2e510e41fd878d81131cf8d87bc09b2a7afd.sol#124) is not in mixedCase
Parameter '_owner' of ExhaustionCoin.balanceOf (/unique_chucks/23/0x58ac2e510e41fd878d81131cf8d87bc09b2a7afd.sol#201) is not in mixedCase
Parameter '_to' of ExhaustionCoin.transfer (/unique_chucks/23/0x58ac2e510e41fd878d81131cf8d87bc09b2a7afd.sol#253) is not in mixedCase
Parameter '_value' of ExhaustionCoin.transfer (/unique_chucks/23/0x58ac2e510e41fd878d81131cf8d87bc09b2a7afd.sol#253) is not in mixedCase
Parameter '_to' of ExhaustionCoin.transfer (/unique_chucks/23/0x58ac2e510e41fd878d81131cf8d87bc09b2a7afd.sol#240) is not in mixedCase
Parameter '_value' of ExhaustionCoin.transfer (/unique_chucks/23/0x58ac2e510e41fd878d81131cf8d87bc09b2a7afd.sol#240-241) is not in mixedCase
Parameter '_data' of ExhaustionCoin.transfer (/unique_chucks/23/0x58ac2e510e41fd878d81131cf8d87bc09b2a7afd.sol#241) is not in mixedCase
Parameter '_to' of ExhaustionCoin.transfer (/unique_chucks/23/0x58ac2e510e41fd878d81131cf8d87bc09b2a7afd.sol#221-222) is not in mixedCase
Parameter '_value' of ExhaustionCoin.transfer (/unique_chucks/23/0x58ac2e510e41fd878d81131cf8d87bc09b2a7afd.sol#222) is not in mixedCase
Parameter '_data' of ExhaustionCoin.transfer (/unique_chucks/23/0x58ac2e510e41fd878d81131cf8d87bc09b2a7afd.sol#222) is not in mixedCase
Parameter '_custom_fallback' of ExhaustionCoin.transfer (/unique_chucks/23/0x58ac2e510e41fd878d81131cf8d87bc09b2a7afd.sol#222-223) is not in mixedCase
Parameter '_from' of ExhaustionCoin.transferFrom (/unique_chucks/23/0x58ac2e510e41fd878d81131cf8d87bc09b2a7afd.sol#291-292) is not in mixedCase
Parameter '_to' of ExhaustionCoin.transferFrom (/unique_chucks/23/0x58ac2e510e41fd878d81131cf8d87bc09b2a7afd.sol#292) is not in mixedCase
Parameter '_value' of ExhaustionCoin.transferFrom (/unique_chucks/23/0x58ac2e510e41fd878d81131cf8d87bc09b2a7afd.sol#292) is not in mixedCase
Parameter '_spender' of ExhaustionCoin.approve (/unique_chucks/23/0x58ac2e510e41fd878d81131cf8d87bc09b2a7afd.sol#308) is not in mixedCase
Parameter '_value' of ExhaustionCoin.approve (/unique_chucks/23/0x58ac2e510e41fd878d81131cf8d87bc09b2a7afd.sol#308) is not in mixedCase
Parameter '_owner' of ExhaustionCoin.allowance (/unique_chucks/23/0x58ac2e510e41fd878d81131cf8d87bc09b2a7afd.sol#314) is not in mixedCase
Parameter '_spender' of ExhaustionCoin.allowance (/unique_chucks/23/0x58ac2e510e41fd878d81131cf8d87bc09b2a7afd.sol#314) is not in mixedCase
Function 'ExhaustionCoin.ExhaustionCoin' (/unique_chucks/23/0x58ac2e510e41fd878d81131cf8d87bc09b2a7afd.sol#176-191) is not in mixedCase
Parameter '_to' of ExhaustionCoin.transferToAddress (/unique_chucks/23/0x58ac2e510e41fd878d81131cf8d87bc09b2a7afd.sol#272) is not in mixedCase
Parameter '_value' of ExhaustionCoin.transferToAddress (/unique_chucks/23/0x58ac2e510e41fd878d81131cf8d87bc09b2a7afd.sol#272) is not in mixedCase
Parameter '_data' of ExhaustionCoin.transferToAddress (/unique_chucks/23/0x58ac2e510e41fd878d81131cf8d87bc09b2a7afd.sol#273) is not in mixedCase
Parameter '_to' of ExhaustionCoin.transferToContract (/unique_chucks/23/0x58ac2e510e41fd878d81131cf8d87bc09b2a7afd.sol#280) is not in mixedCase
Parameter '_value' of ExhaustionCoin.transferToContract (/unique_chucks/23/0x58ac2e510e41fd878d81131cf8d87bc09b2a7afd.sol#280) is not in mixedCase
Parameter '_data' of ExhaustionCoin.transferToContract (/unique_chucks/23/0x58ac2e510e41fd878d81131cf8d87bc09b2a7afd.sol#281) is not in mixedCase
Parameter '_from' of ExhaustionCoin.burn (/unique_chucks/23/0x58ac2e510e41fd878d81131cf8d87bc09b2a7afd.sol#318-319) is not in mixedCase
Parameter '_unitAmount' of ExhaustionCoin.burn (/unique_chucks/23/0x58ac2e510e41fd878d81131cf8d87bc09b2a7afd.sol#319) is not in mixedCase
Parameter '_to' of ExhaustionCoin.mint (/unique_chucks/23/0x58ac2e510e41fd878d81131cf8d87bc09b2a7afd.sol#329-331) is not in mixedCase
Parameter '_unitAmount' of ExhaustionCoin.mint (/unique_chucks/23/0x58ac2e510e41fd878d81131cf8d87bc09b2a7afd.sol#331) is not in mixedCase
Parameter '_unitAmount' of ExhaustionCoin.setDistributeAmount (/unique_chucks/23/0x58ac2e510e41fd878d81131cf8d87bc09b2a7afd.sol#414) is not in mixedCase
Variable 'ExhaustionCoin.Addr1' (/unique_chucks/23/0x58ac2e510e41fd878d81131cf8d87bc09b2a7afd.sol#155-156) is not in mixedCase
Variable 'ExhaustionCoin.Addr2' (/unique_chucks/23/0x58ac2e510e41fd878d81131cf8d87bc09b2a7afd.sol#156-157) is not in mixedCase
Variable 'ExhaustionCoin.Addr3' (/unique_chucks/23/0x58ac2e510e41fd878d81131cf8d87bc09b2a7afd.sol#157-158) is not in mixedCase
Variable 'ExhaustionCoin.Addr4' (/unique_chucks/23/0x58ac2e510e41fd878d81131cf8d87bc09b2a7afd.sol#158-159) is not in mixedCase
Variable 'ExhaustionCoin.Addr5' (/unique_chucks/23/0x58ac2e510e41fd878d81131cf8d87bc09b2a7afd.sol#159-161) is not in mixedCase
Variable 'ExhaustionCoin.Addr6' (/unique_chucks/23/0x58ac2e510e41fd878d81131cf8d87bc09b2a7afd.sol#161-162) is not in mixedCase
Variable 'ExhaustionCoin.Addr7' (/unique_chucks/23/0x58ac2e510e41fd878d81131cf8d87bc09b2a7afd.sol#162-163) is not in mixedCase
Reference: https://github.com/trailofbits/slither/wiki/Detectors-Documentation#conformance-to-solidity-naming-conventions[0m
INFO:Slither:/unique_chucks/23/0x58ac2e510e41fd878d81131cf8d87bc09b2a7afd.sol analyzed (5 contracts), 82 result(s) found