INFO:Slither:Compilation warnings/errors on /unique_chucks/17/0xd0d9e2d407b726994b202a434e01e714b832153e.sol:
/unique_chucks/17/0xd0d9e2d407b726994b202a434e01e714b832153e.sol:110:5: Warning: Use of the "var" keyword is deprecated.
    var _allowance = allowed[_from][msg.sender];
    ^------------^
/unique_chucks/17/0xd0d9e2d407b726994b202a434e01e714b832153e.sol:165:3: Warning: Defining constructors as functions with the same name as the contract is deprecated. Use "constructor(...) { ... }" instead.
  function Ownable() {
  ^ (Relevant source part starts here and spans across multiple lines).
/unique_chucks/17/0xd0d9e2d407b726994b202a434e01e714b832153e.sol:263:3: Warning: Defining constructors as functions with the same name as the contract is deprecated. Use "constructor(...) { ... }" instead.
  function UNLB() {
  ^ (Relevant source part starts here and spans across multiple lines).
/unique_chucks/17/0xd0d9e2d407b726994b202a434e01e714b832153e.sol:285:3: Warning: Defining constructors as functions with the same name as the contract is deprecated. Use "constructor(...) { ... }" instead.
  function ICO() {
  ^ (Relevant source part starts here and spans across multiple lines).
/unique_chucks/17/0xd0d9e2d407b726994b202a434e01e714b832153e.sol:76:5: Warning: Invoking events without "emit" prefix is deprecated.
    Transfer(msg.sender, _to, _value);
    ^-------------------------------^
/unique_chucks/17/0xd0d9e2d407b726994b202a434e01e714b832153e.sol:118:5: Warning: Invoking events without "emit" prefix is deprecated.
    Transfer(_from, _to, _value);
    ^--------------------------^
/unique_chucks/17/0xd0d9e2d407b726994b202a434e01e714b832153e.sol:136:5: Warning: Invoking events without "emit" prefix is deprecated.
    Approval(msg.sender, _spender, _value);
    ^------------------------------------^
/unique_chucks/17/0xd0d9e2d407b726994b202a434e01e714b832153e.sol:224:5: Warning: Invoking events without "emit" prefix is deprecated.
    Pause();
    ^-----^
/unique_chucks/17/0xd0d9e2d407b726994b202a434e01e714b832153e.sol:233:5: Warning: Invoking events without "emit" prefix is deprecated.
    Unpause();
    ^-------^
/unique_chucks/17/0xd0d9e2d407b726994b202a434e01e714b832153e.sol:270:5: Warning: Invoking events without "emit" prefix is deprecated.
    Transfer(0x0, _x, _v);
    ^-------------------^
/unique_chucks/17/0xd0d9e2d407b726994b202a434e01e714b832153e.sol:319:25: Warning: Using contract member "balance" inherited from the address type is deprecated. Convert the contract to "address" type to access the member, for example use "address(contract).balance" instead.
    teamWallet.transfer(this.balance);
                        ^----------^
/unique_chucks/17/0xd0d9e2d407b726994b202a434e01e714b832153e.sol:41:3: Warning: No visibility specified. Defaulting to "public". 
  function balanceOf(address who) constant returns (uint256);
  ^---------------------------------------------------------^
/unique_chucks/17/0xd0d9e2d407b726994b202a434e01e714b832153e.sol:42:3: Warning: No visibility specified. Defaulting to "public". 
  function transfer(address to, uint256 value) returns (bool);
  ^----------------------------------------------------------^
/unique_chucks/17/0xd0d9e2d407b726994b202a434e01e714b832153e.sol:52:3: Warning: No visibility specified. Defaulting to "public". 
  function allowance(address owner, address spender) constant returns (uint256);
  ^----------------------------------------------------------------------------^
/unique_chucks/17/0xd0d9e2d407b726994b202a434e01e714b832153e.sol:53:3: Warning: No visibility specified. Defaulting to "public". 
  function transferFrom(address from, address to, uint256 value) returns (bool);
  ^----------------------------------------------------------------------------^
/unique_chucks/17/0xd0d9e2d407b726994b202a434e01e714b832153e.sol:54:3: Warning: No visibility specified. Defaulting to "public". 
  function approve(address spender, uint256 value) returns (bool);
  ^--------------------------------------------------------------^
/unique_chucks/17/0xd0d9e2d407b726994b202a434e01e714b832153e.sol:73:3: Warning: No visibility specified. Defaulting to "public". 
  function transfer(address _to, uint256 _value) returns (bool) {
  ^ (Relevant source part starts here and spans across multiple lines).
/unique_chucks/17/0xd0d9e2d407b726994b202a434e01e714b832153e.sol:85:3: Warning: No visibility specified. Defaulting to "public". 
  function balanceOf(address _owner) constant returns (uint256 balance) {
  ^ (Relevant source part starts here and spans across multiple lines).
/unique_chucks/17/0xd0d9e2d407b726994b202a434e01e714b832153e.sol:109:3: Warning: No visibility specified. Defaulting to "public". 
  function transferFrom(address _from, address _to, uint256 _value) returns (bool) {
  ^ (Relevant source part starts here and spans across multiple lines).
/unique_chucks/17/0xd0d9e2d407b726994b202a434e01e714b832153e.sol:127:3: Warning: No visibility specified. Defaulting to "public". 
  function approve(address _spender, uint256 _value) returns (bool) {
  ^ (Relevant source part starts here and spans across multiple lines).
/unique_chucks/17/0xd0d9e2d407b726994b202a434e01e714b832153e.sol:146:3: Warning: No visibility specified. Defaulting to "public". 
  function allowance(address _owner, address _spender) constant returns (uint256 remaining) {
  ^ (Relevant source part starts here and spans across multiple lines).
/unique_chucks/17/0xd0d9e2d407b726994b202a434e01e714b832153e.sol:165:3: Warning: No visibility specified. Defaulting to "public". 
  function Ownable() {
  ^ (Relevant source part starts here and spans across multiple lines).
/unique_chucks/17/0xd0d9e2d407b726994b202a434e01e714b832153e.sol:183:3: Warning: No visibility specified. Defaulting to "public". 
  function transferOwnership(address newOwner) onlyOwner {
  ^ (Relevant source part starts here and spans across multiple lines).
/unique_chucks/17/0xd0d9e2d407b726994b202a434e01e714b832153e.sol:222:3: Warning: No visibility specified. Defaulting to "public". 
  function pause() onlyOwner whenNotPaused returns (bool) {
  ^ (Relevant source part starts here and spans across multiple lines).
/unique_chucks/17/0xd0d9e2d407b726994b202a434e01e714b832153e.sol:231:3: Warning: No visibility specified. Defaulting to "public". 
  function unpause() onlyOwner whenPaused returns (bool) {
  ^ (Relevant source part starts here and spans across multiple lines).
/unique_chucks/17/0xd0d9e2d407b726994b202a434e01e714b832153e.sol:247:3: Warning: No visibility specified. Defaulting to "public". 
  function transfer(address _to, uint _value) whenNotPaused returns (bool) {
  ^ (Relevant source part starts here and spans across multiple lines).
/unique_chucks/17/0xd0d9e2d407b726994b202a434e01e714b832153e.sol:251:3: Warning: No visibility specified. Defaulting to "public". 
  function transferFrom(address _from, address _to, uint _value) whenNotPaused returns (bool) {
  ^ (Relevant source part starts here and spans across multiple lines).
/unique_chucks/17/0xd0d9e2d407b726994b202a434e01e714b832153e.sol:263:3: Warning: No visibility specified. Defaulting to "public". 
  function UNLB() {
  ^ (Relevant source part starts here and spans across multiple lines).
/unique_chucks/17/0xd0d9e2d407b726994b202a434e01e714b832153e.sol:285:3: Warning: No visibility specified. Defaulting to "public". 
  function ICO() {
  ^ (Relevant source part starts here and spans across multiple lines).
/unique_chucks/17/0xd0d9e2d407b726994b202a434e01e714b832153e.sol:8:3: Warning: Function state mutability can be restricted to pure
  function mul(uint256 a, uint256 b) internal constant returns (uint256) {
  ^ (Relevant source part starts here and spans across multiple lines).
/unique_chucks/17/0xd0d9e2d407b726994b202a434e01e714b832153e.sol:14:3: Warning: Function state mutability can be restricted to pure
  function div(uint256 a, uint256 b) internal constant returns (uint256) {
  ^ (Relevant source part starts here and spans across multiple lines).
/unique_chucks/17/0xd0d9e2d407b726994b202a434e01e714b832153e.sol:21:3: Warning: Function state mutability can be restricted to pure
  function sub(uint256 a, uint256 b) internal constant returns (uint256) {
  ^ (Relevant source part starts here and spans across multiple lines).
/unique_chucks/17/0xd0d9e2d407b726994b202a434e01e714b832153e.sol:26:3: Warning: Function state mutability can be restricted to pure
  function add(uint256 a, uint256 b) internal constant returns (uint256) {
  ^ (Relevant source part starts here and spans across multiple lines).

INFO:Detectors:[93m
Reentrancy in ICO.finish (/unique_chucks/17/0xd0d9e2d407b726994b202a434e01e714b832153e.sol#313-325):
	External calls:
	- unlb.unpause() (/unique_chucks/17/0xd0d9e2d407b726994b202a434e01e714b832153e.sol#319)
	State variables written after the call(s):
	- isFinished (/unique_chucks/17/0xd0d9e2d407b726994b202a434e01e714b832153e.sol#319-322)
Reference: https://github.com/trailofbits/slither/wiki/Detectors-Documentation#reentrancy-vulnerabilities-1[0m
INFO:Detectors:[93m
ICO.ICO (/unique_chucks/17/0xd0d9e2d407b726994b202a434e01e714b832153e.sol#293-294) does not use the value returned by external calls:
	-unlb.pause() (/unique_chucks/17/0xd0d9e2d407b726994b202a434e01e714b832153e.sol#294)
ICO.finish (/unique_chucks/17/0xd0d9e2d407b726994b202a434e01e714b832153e.sol#313-325) does not use the value returned by external calls:
	-unlb.unpause() (/unique_chucks/17/0xd0d9e2d407b726994b202a434e01e714b832153e.sol#319)
Reference: https://github.com/trailofbits/slither/wiki/Detectors-Documentation#unused-return[0m
INFO:Detectors:[92m
ERC20Basic.balanceOf (/unique_chucks/17/0xd0d9e2d407b726994b202a434e01e714b832153e.sol#41-42) should be declared external
BasicToken.balanceOf (/unique_chucks/17/0xd0d9e2d407b726994b202a434e01e714b832153e.sol#86-94) should be declared external
ERC20.allowance (/unique_chucks/17/0xd0d9e2d407b726994b202a434e01e714b832153e.sol#52-53) should be declared external
StandardToken.allowance (/unique_chucks/17/0xd0d9e2d407b726994b202a434e01e714b832153e.sol#153-155) should be declared external
ERC20.approve (/unique_chucks/17/0xd0d9e2d407b726994b202a434e01e714b832153e.sol#54-55) should be declared external
StandardToken.approve (/unique_chucks/17/0xd0d9e2d407b726994b202a434e01e714b832153e.sol#129-142) should be declared external
Ownable.transferOwnership (/unique_chucks/17/0xd0d9e2d407b726994b202a434e01e714b832153e.sol#194-199) should be declared external
Pausable.pause (/unique_chucks/17/0xd0d9e2d407b726994b202a434e01e714b832153e.sol#231-242) should be declared external
Pausable.unpause (/unique_chucks/17/0xd0d9e2d407b726994b202a434e01e714b832153e.sol#245-248) should be declared external
UNLB.mint (/unique_chucks/17/0xd0d9e2d407b726994b202a434e01e714b832153e.sol#277-279) should be declared external
ICO.fallback (/unique_chucks/17/0xd0d9e2d407b726994b202a434e01e714b832153e.sol#307-313) should be declared external
Reference: https://github.com/trailofbits/slither/wiki/Detectors-Documentation#public-function-that-could-be-declared-as-external[0m
INFO:Detectors:[92m
Detected issues with version pragma in /unique_chucks/17/0xd0d9e2d407b726994b202a434e01e714b832153e.sol:
	- pragma solidity^0.4.15 (/unique_chucks/17/0xd0d9e2d407b726994b202a434e01e714b832153e.sol#1): it allows old versions
Reference: https://github.com/trailofbits/slither/wiki/Detectors-Documentation#incorrect-version-of-solidity[0m
INFO:Detectors:[92m
Parameter '_owner' of BasicToken.balanceOf (/unique_chucks/17/0xd0d9e2d407b726994b202a434e01e714b832153e.sol#87-92) is not in mixedCase
Parameter '_to' of BasicToken.transfer (/unique_chucks/17/0xd0d9e2d407b726994b202a434e01e714b832153e.sol#74) is not in mixedCase
Parameter '_value' of BasicToken.transfer (/unique_chucks/17/0xd0d9e2d407b726994b202a434e01e714b832153e.sol#74) is not in mixedCase
Parameter '_owner' of StandardToken.allowance (/unique_chucks/17/0xd0d9e2d407b726994b202a434e01e714b832153e.sol#154) is not in mixedCase
Parameter '_spender' of StandardToken.allowance (/unique_chucks/17/0xd0d9e2d407b726994b202a434e01e714b832153e.sol#154) is not in mixedCase
Parameter '_from' of StandardToken.transferFrom (/unique_chucks/17/0xd0d9e2d407b726994b202a434e01e714b832153e.sol#110-112) is not in mixedCase
Parameter '_to' of StandardToken.transferFrom (/unique_chucks/17/0xd0d9e2d407b726994b202a434e01e714b832153e.sol#112) is not in mixedCase
Parameter '_value' of StandardToken.transferFrom (/unique_chucks/17/0xd0d9e2d407b726994b202a434e01e714b832153e.sol#112) is not in mixedCase
Parameter '_spender' of StandardToken.approve (/unique_chucks/17/0xd0d9e2d407b726994b202a434e01e714b832153e.sol#129-130) is not in mixedCase
Parameter '_value' of StandardToken.approve (/unique_chucks/17/0xd0d9e2d407b726994b202a434e01e714b832153e.sol#130) is not in mixedCase
Function 'Ownable.Ownable' (/unique_chucks/17/0xd0d9e2d407b726994b202a434e01e714b832153e.sol#174-180) is not in mixedCase
Parameter '_to' of PausableToken.transfer (/unique_chucks/17/0xd0d9e2d407b726994b202a434e01e714b832153e.sol#252-257) is not in mixedCase
Parameter '_value' of PausableToken.transfer (/unique_chucks/17/0xd0d9e2d407b726994b202a434e01e714b832153e.sol#257) is not in mixedCase
Parameter '_from' of PausableToken.transferFrom (/unique_chucks/17/0xd0d9e2d407b726994b202a434e01e714b832153e.sol#261) is not in mixedCase
Parameter '_to' of PausableToken.transferFrom (/unique_chucks/17/0xd0d9e2d407b726994b202a434e01e714b832153e.sol#261) is not in mixedCase
Parameter '_value' of PausableToken.transferFrom (/unique_chucks/17/0xd0d9e2d407b726994b202a434e01e714b832153e.sol#261) is not in mixedCase
Function 'UNLB.UNLB' (/unique_chucks/17/0xd0d9e2d407b726994b202a434e01e714b832153e.sol#276-277) is not in mixedCase
Parameter '_x' of UNLB.mint (/unique_chucks/17/0xd0d9e2d407b726994b202a434e01e714b832153e.sol#277) is not in mixedCase
Parameter '_v' of UNLB.mint (/unique_chucks/17/0xd0d9e2d407b726994b202a434e01e714b832153e.sol#277) is not in mixedCase
Function 'ICO.ICO' (/unique_chucks/17/0xd0d9e2d407b726994b202a434e01e714b832153e.sol#293-294) is not in mixedCase
Parameter '_team' of ICO.finish (/unique_chucks/17/0xd0d9e2d407b726994b202a434e01e714b832153e.sol#313-314) is not in mixedCase
Parameter '_fund' of ICO.finish (/unique_chucks/17/0xd0d9e2d407b726994b202a434e01e714b832153e.sol#314) is not in mixedCase
Parameter '_bounty' of ICO.finish (/unique_chucks/17/0xd0d9e2d407b726994b202a434e01e714b832153e.sol#314) is not in mixedCase
Parameter '_a' of ICO.transferTokenOwnership (/unique_chucks/17/0xd0d9e2d407b726994b202a434e01e714b832153e.sol) is not in mixedCase
Constant 'ICO.admin' (/unique_chucks/17/0xd0d9e2d407b726994b202a434e01e714b832153e.sol#287-291) is not in UPPER_CASE_WITH_UNDERSCORES
Constant 'ICO.teamWallet' (/unique_chucks/17/0xd0d9e2d407b726994b202a434e01e714b832153e.sol#292-293) is not in UPPER_CASE_WITH_UNDERSCORES
Reference: https://github.com/trailofbits/slither/wiki/Detectors-Documentation#conformance-to-solidity-naming-conventions[0m
INFO:Slither:/unique_chucks/17/0xd0d9e2d407b726994b202a434e01e714b832153e.sol analyzed (10 contracts), 41 result(s) found