/unique_chucks/41/0xc4d5d04cf64e949b99239cfb410f6c4d39d4b08a.sol
jar:file:/usr/local/lib/node_modules/@smartdec/smartcheck/jdeploy-bundle/smartcheck-2.0-jar-with-dependencies.jar!/solidity-rules.xmlruleId: SOLIDITY_DEPRECATED_CONSTRUCTIONS
patternId: 28fa69
severity: 1
line: 58
column: 4
content: functiontotalSupply()publicconstantreturns(uint);

ruleId: SOLIDITY_DEPRECATED_CONSTRUCTIONS
patternId: 28fa69
severity: 1
line: 59
column: 4
content: functionbalanceOf(addresstokenOwner)publicconstantreturns(uintbalance);

ruleId: SOLIDITY_DEPRECATED_CONSTRUCTIONS
patternId: 28fa69
severity: 1
line: 60
column: 4
content: functionallowance(addresstokenOwner,addressspender)publicconstantreturns(uintremaining);

ruleId: SOLIDITY_DEPRECATED_CONSTRUCTIONS
patternId: 28fa69
severity: 1
line: 102
column: 4
content: functiontotalSupply()publicconstantreturns(uint){returntotSupply;}

ruleId: SOLIDITY_DEPRECATED_CONSTRUCTIONS
patternId: 28fa69
severity: 1
line: 110
column: 4
content: functionbalanceOf(address_tokenOwner)publicconstantreturns(uintbalance){returnbalances[_tokenOwner];}

ruleId: SOLIDITY_DEPRECATED_CONSTRUCTIONS
patternId: 28fa69
severity: 1
line: 172
column: 4
content: functionallowance(addresstokenOwner,addressspender)publicconstantreturns(uintremaining){returnallowed[tokenOwner][spender];}

ruleId: SOLIDITY_ERC20_APPROVE
patternId: af782c
severity: 2
line: 137
column: 4
content: functionapprove(addressspender,uinttokens)publicreturns(boolsuccess){allowed[msg.sender][spender]=tokens;Approval(msg.sender,spender,tokens);returntrue;}

ruleId: SOLIDITY_PRAGMAS_VERSION
patternId: 23fc32
severity: 1
line: 1
column: 16
content: ^

ruleId: SOLIDITY_REDUNDANT_FALLBACK_REJECT
patternId: b85a32
severity: 1
line: 179
column: 31
content: {revert();}

ruleId: SOLIDITY_UPGRADE_TO_050
patternId: 91h3sa
severity: 1
line: 179
column: 16
content: public

ruleId: SOLIDITY_UPGRADE_TO_050
patternId: 341gim
severity: 1
line: 91
column: 20
content: string_name

ruleId: SOLIDITY_UPGRADE_TO_050
patternId: 341gim
severity: 1
line: 91
column: 34
content: string_sym

ruleId: SOLIDITY_VISIBILITY
patternId: b51ce0
severity: 1
line: 38
column: 4
content: mapping(address=>bool)whitelist;

ruleId: SOLIDITY_VISIBILITY
patternId: b51ce0
severity: 1
line: 186
column: 4
content: boolfreezed;

SOLIDITY_VISIBILITY :2
SOLIDITY_DEPRECATED_CONSTRUCTIONS :6
SOLIDITY_PRAGMAS_VERSION :1
SOLIDITY_UPGRADE_TO_050 :3
SOLIDITY_REDUNDANT_FALLBACK_REJECT :1
SOLIDITY_ERC20_APPROVE :1