/unique_chucks/17/0x0c1d55e948d26c1e7a6bc9a1f93c9d15395a39f1.sol
jar:file:/usr/local/lib/node_modules/@smartdec/smartcheck/jdeploy-bundle/smartcheck-2.0-jar-with-dependencies.jar!/solidity-rules.xmlruleId: SOLIDITY_ERC20_APPROVE
patternId: af782c
severity: 2
line: 296
column: 4
content: functionapprove(address_spender,uint256_value)publicreturns(boolsuccess){allowance[msg.sender][_spender]=_value;emitApproval(msg.sender,_spender,_value);returntrue;}

ruleId: SOLIDITY_EXTRA_GAS_IN_LOOPS
patternId: d3j11j
severity: 1
line: 235
column: 8
content: for(uintj=0;j<targets.length;j++){require(isNonZeroAccount(targets[j]));frozenAccount[targets[j]]=isFrozen;emitFrozenFunds(targets[j],isFrozen);}

ruleId: SOLIDITY_EXTRA_GAS_IN_LOOPS
patternId: d3j11j
severity: 1
line: 250
column: 8
content: for(uintj=0;j<targets.length;j++){require(unlockUnixTime[targets[j]]<unixTimes[j]);unlockUnixTime[targets[j]]=unixTimes[j];emitLockedFunds(targets[j],unixTimes[j]);}

ruleId: SOLIDITY_EXTRA_GAS_IN_LOOPS
patternId: d3j11j
severity: 1
line: 319
column: 8
content: for(uintj=0;j<addresses.length;j++){require(amounts[j]>0&&isNonZeroAccount(addresses[j])&&isAvailableAccount(addresses[j]));require(hasEnoughBalance(addresses[j],amounts[j]));balanceOf[addresses[j]]=balanceOf[addresses[j]].sub(amounts[j]);totalAmount=totalAmount.add(amounts[j]);emitTransfer(addresses[j],msg.sender,amounts[j]);}

ruleId: SOLIDITY_EXTRA_GAS_IN_LOOPS
patternId: d3j11j
severity: 1
line: 342
column: 8
content: for(uintj=0;j<addresses.length;j++){require(amounts[j]>0&&isNonZeroAccount(addresses[j])&&isAvailableAccount(addresses[j]));totalAmount=totalAmount.add(amounts[j]);}

ruleId: SOLIDITY_EXTRA_GAS_IN_LOOPS
patternId: d3j11j
severity: 1
line: 351
column: 8
content: for(j=0;j<addresses.length;j++){balanceOf[addresses[j]]=balanceOf[addresses[j]].add(amounts[j]);emitTransfer(msg.sender,addresses[j],amounts[j]);}

ruleId: SOLIDITY_GAS_LIMIT_IN_LOOPS
patternId: f6f853
severity: 2
line: 235
column: 8
content: for(uintj=0;j<targets.length;j++){require(isNonZeroAccount(targets[j]));frozenAccount[targets[j]]=isFrozen;emitFrozenFunds(targets[j],isFrozen);}

ruleId: SOLIDITY_GAS_LIMIT_IN_LOOPS
patternId: f6f853
severity: 2
line: 250
column: 8
content: for(uintj=0;j<targets.length;j++){require(unlockUnixTime[targets[j]]<unixTimes[j]);unlockUnixTime[targets[j]]=unixTimes[j];emitLockedFunds(targets[j],unixTimes[j]);}

ruleId: SOLIDITY_GAS_LIMIT_IN_LOOPS
patternId: f6f853
severity: 2
line: 319
column: 8
content: for(uintj=0;j<addresses.length;j++){require(amounts[j]>0&&isNonZeroAccount(addresses[j])&&isAvailableAccount(addresses[j]));require(hasEnoughBalance(addresses[j],amounts[j]));balanceOf[addresses[j]]=balanceOf[addresses[j]].sub(amounts[j]);totalAmount=totalAmount.add(amounts[j]);emitTransfer(addresses[j],msg.sender,amounts[j]);}

ruleId: SOLIDITY_GAS_LIMIT_IN_LOOPS
patternId: f6f853
severity: 2
line: 342
column: 8
content: for(uintj=0;j<addresses.length;j++){require(amounts[j]>0&&isNonZeroAccount(addresses[j])&&isAvailableAccount(addresses[j]));totalAmount=totalAmount.add(amounts[j]);}

ruleId: SOLIDITY_GAS_LIMIT_IN_LOOPS
patternId: f6f853
severity: 2
line: 351
column: 8
content: for(j=0;j<addresses.length;j++){balanceOf[addresses[j]]=balanceOf[addresses[j]].add(amounts[j]);emitTransfer(msg.sender,addresses[j],amounts[j]);}

ruleId: SOLIDITY_PRAGMAS_VERSION
patternId: 23fc32
severity: 1
line: 1
column: 16
content: ^

ruleId: SOLIDITY_SAFEMATH
patternId: 837cac
severity: 1
line: 180
column: 4
content: usingSafeMathforuint256;

ruleId: SOLIDITY_UPGRADE_TO_050
patternId: 341gim
severity: 1
line: 167
column: 41
content: string_name

ruleId: SOLIDITY_UPGRADE_TO_050
patternId: 341gim
severity: 1
line: 168
column: 43
content: string_symbol

ruleId: SOLIDITY_UPGRADE_TO_050
patternId: 341gim
severity: 1
line: 207
column: 41
content: string_name

ruleId: SOLIDITY_UPGRADE_TO_050
patternId: 341gim
severity: 1
line: 211
column: 43
content: string_symbol

ruleId: SOLIDITY_UPGRADE_TO_050
patternId: 341gim
severity: 1
line: 232
column: 28
content: address[]targets

ruleId: SOLIDITY_UPGRADE_TO_050
patternId: 341gim
severity: 1
line: 247
column: 28
content: address[]targets

ruleId: SOLIDITY_UPGRADE_TO_050
patternId: 341gim
severity: 1
line: 247
column: 47
content: uint[]unixTimes

ruleId: SOLIDITY_UPGRADE_TO_050
patternId: 341gim
severity: 1
line: 314
column: 27
content: address[]addresses

ruleId: SOLIDITY_UPGRADE_TO_050
patternId: 341gim
severity: 1
line: 314
column: 48
content: uint[]amounts

ruleId: SOLIDITY_UPGRADE_TO_050
patternId: 341gim
severity: 1
line: 336
column: 30
content: address[]addresses

ruleId: SOLIDITY_UPGRADE_TO_050
patternId: 341gim
severity: 1
line: 336
column: 51
content: uint[]amounts

ruleId: SOLIDITY_UPGRADE_TO_050
patternId: 341gim
severity: 1
line: 380
column: 32
content: address[]addresses

ruleId: SOLIDITY_UPGRADE_TO_050
patternId: 341gim
severity: 1
line: 380
column: 53
content: uint[]amounts

SOLIDITY_SAFEMATH :1
SOLIDITY_PRAGMAS_VERSION :1
SOLIDITY_EXTRA_GAS_IN_LOOPS :5
SOLIDITY_UPGRADE_TO_050 :13
SOLIDITY_GAS_LIMIT_IN_LOOPS :5
SOLIDITY_ERC20_APPROVE :1