/unique_chucks/6/0x9375f11e963d4177b2205c57f67cfcae14687ab9.sol
jar:file:/usr/local/lib/node_modules/@smartdec/smartcheck/jdeploy-bundle/smartcheck-2.0-jar-with-dependencies.jar!/solidity-rules.xmlruleId: SOLIDITY_DEPRECATED_CONSTRUCTIONS
patternId: 28fa69
severity: 1
line: 19
column: 4
content: functiontotalSupply()constantreturns(uint256totalSupply){return_totalSupply;}

ruleId: SOLIDITY_DEPRECATED_CONSTRUCTIONS
patternId: 28fa69
severity: 1
line: 23
column: 4
content: functionbalanceOf(address_owner)constantreturns(uint256balance){returnbalances[_owner];}

ruleId: SOLIDITY_DEPRECATED_CONSTRUCTIONS
patternId: 28fa69
severity: 1
line: 57
column: 4
content: functionallowance(address_owner,address_spender)constantreturns(uint256remaining){returnallowed[_owner][_spender];}

ruleId: SOLIDITY_DEPRECATED_CONSTRUCTIONS
patternId: 28fa69
severity: 1
line: 66
column: 4
content: functiontotalSupply()constantreturns(uint256totalSupply);

ruleId: SOLIDITY_DEPRECATED_CONSTRUCTIONS
patternId: 28fa69
severity: 1
line: 67
column: 4
content: functionbalanceOf(address_owner)constantreturns(uint256balance);

ruleId: SOLIDITY_DEPRECATED_CONSTRUCTIONS
patternId: 28fa69
severity: 1
line: 71
column: 4
content: functionallowance(address_owner,address_spender)constantreturns(uint256remaining);

ruleId: SOLIDITY_PRAGMAS_VERSION
patternId: 23fc32
severity: 1
line: 1
column: 16
content: ^

ruleId: SOLIDITY_SAFEMATH
patternId: 837cac
severity: 1
line: 5
column: 4
content: usingSafeMathforuint256;

ruleId: SOLIDITY_VISIBILITY
patternId: 910067
severity: 1
line: 15
column: 4
content: functionGnome(){balances[msg.sender]=_totalSupply;}

ruleId: SOLIDITY_VISIBILITY
patternId: 910067
severity: 1
line: 19
column: 4
content: functiontotalSupply()constantreturns(uint256totalSupply){return_totalSupply;}

ruleId: SOLIDITY_VISIBILITY
patternId: 910067
severity: 1
line: 23
column: 4
content: functionbalanceOf(address_owner)constantreturns(uint256balance){returnbalances[_owner];}

ruleId: SOLIDITY_VISIBILITY
patternId: 910067
severity: 1
line: 27
column: 4
content: functiontransfer(address_to,uint256_value)returns(boolsuccess){require(balances[msg.sender]>=_value&&_value>0);balances[msg.sender]-=_value;balances[_to]+=_value;Transfer(msg.sender,_to,_value);returntrue;}

ruleId: SOLIDITY_VISIBILITY
patternId: 910067
severity: 1
line: 38
column: 4
content: functiontransferFrom(address_from,address_to,uint256_value)returns(boolsuccess){require(allowed[_from][msg.sender]>=_value&&balances[_from]>=_value&&_value>0);balances[_from]-=_value;balances[_to]+=_value;allowed[_from][msg.sender]-=_value;Transfer(_from,_to,_value);returntrue;}

ruleId: SOLIDITY_VISIBILITY
patternId: 910067
severity: 1
line: 51
column: 4
content: functionapprove(address_spender,uint256_value)returns(boolsuccess){allowed[msg.sender][_spender]=_value;Approval(msg.sender,_spender,_value);returntrue;}

ruleId: SOLIDITY_VISIBILITY
patternId: 910067
severity: 1
line: 57
column: 4
content: functionallowance(address_owner,address_spender)constantreturns(uint256remaining){returnallowed[_owner][_spender];}

ruleId: SOLIDITY_VISIBILITY
patternId: 910067
severity: 1
line: 66
column: 4
content: functiontotalSupply()constantreturns(uint256totalSupply);

ruleId: SOLIDITY_VISIBILITY
patternId: 910067
severity: 1
line: 67
column: 4
content: functionbalanceOf(address_owner)constantreturns(uint256balance);

ruleId: SOLIDITY_VISIBILITY
patternId: 910067
severity: 1
line: 68
column: 4
content: functiontransfer(address_to,uint256_value)returns(boolsuccess);

ruleId: SOLIDITY_VISIBILITY
patternId: 910067
severity: 1
line: 69
column: 4
content: functiontransferFrom(address_from,address_to,uint256_value)returns(boolsuccess);

ruleId: SOLIDITY_VISIBILITY
patternId: 910067
severity: 1
line: 70
column: 4
content: functionapprove(address_spender,uint256_value)returns(boolsuccess);

ruleId: SOLIDITY_VISIBILITY
patternId: 910067
severity: 1
line: 71
column: 4
content: functionallowance(address_owner,address_spender)constantreturns(uint256remaining);

ruleId: SOLIDITY_VISIBILITY
patternId: b51ce0
severity: 1
line: 12
column: 4
content: mapping(address=>uint256)balances;

ruleId: SOLIDITY_VISIBILITY
patternId: b51ce0
severity: 1
line: 13
column: 4
content: mapping(address=>mapping(address=>uint256))allowed;

SOLIDITY_VISIBILITY :15
SOLIDITY_SAFEMATH :1
SOLIDITY_DEPRECATED_CONSTRUCTIONS :6
SOLIDITY_PRAGMAS_VERSION :1