INFO:Slither:Compilation warnings/errors on /unique_chucks/10/0x07597255910a51509ca469568b048f2597e72504.sol:
/unique_chucks/10/0x07597255910a51509ca469568b048f2597e72504.sol:76:5: Warning: Defining constructors as functions with the same name as the contract is deprecated. Use "constructor(...) { ... }" instead.
    function Uptrennd(
    ^ (Relevant source part starts here and spans across multiple lines).
/unique_chucks/10/0x07597255910a51509ca469568b048f2597e72504.sol:108:36: Warning: Unused function parameter. Remove or comment out the variable name to silence this warning.
    function purchase(address _to, uint256 _value) public payable returns (bool success) {
                                   ^------------^
/unique_chucks/10/0x07597255910a51509ca469568b048f2597e72504.sol:162:23: Warning: Unused function parameter. Remove or comment out the variable name to silence this warning.
    function burnFrom(address to, uint256 value) public returns (bool success) {
                      ^--------^

INFO:Detectors:[93m
Contract locking ether found in /unique_chucks/10/0x07597255910a51509ca469568b048f2597e72504.sol:
	Contract Uptrennd has payable functions:
	 - purchase (/unique_chucks/10/0x07597255910a51509ca469568b048f2597e72504.sol#109-118)
	But does not have a function to withdraw the ether
Reference: https://github.com/trailofbits/slither/wiki/Detectors-Documentation#contracts-that-lock-ether[0m
INFO:Detectors:[92m
Uptrennd.transferFrom.allowance (local variable @ /unique_chucks/10/0x07597255910a51509ca469568b048f2597e72504.sol#121-122) shadows:
	- Uptrennd.allowance (function @ /unique_chucks/10/0x07597255910a51509ca469568b048f2597e72504.sol#147-150)
	- EIP20Interface.allowance (function @ /unique_chucks/10/0x07597255910a51509ca469568b048f2597e72504.sol#35-37)
Reference: https://github.com/trailofbits/slither/wiki/Detectors-Documentation#local-variable-shadowing[0m
INFO:Detectors:[92m
EIP20Interface.balanceOf (/unique_chucks/10/0x07597255910a51509ca469568b048f2597e72504.sol#11-13) should be declared external
Uptrennd.balanceOf (/unique_chucks/10/0x07597255910a51509ca469568b048f2597e72504.sol#135-136) should be declared external
Uptrennd.transfer (/unique_chucks/10/0x07597255910a51509ca469568b048f2597e72504.sol#100-108) should be declared external
EIP20Interface.transfer (/unique_chucks/10/0x07597255910a51509ca469568b048f2597e72504.sol#17-19) should be declared external
Uptrennd.transferFrom (/unique_chucks/10/0x07597255910a51509ca469568b048f2597e72504.sol#119-131) should be declared external
EIP20Interface.transferFrom (/unique_chucks/10/0x07597255910a51509ca469568b048f2597e72504.sol#24-26) should be declared external
Uptrennd.approve (/unique_chucks/10/0x07597255910a51509ca469568b048f2597e72504.sol#138-144) should be declared external
EIP20Interface.approve (/unique_chucks/10/0x07597255910a51509ca469568b048f2597e72504.sol#30-32) should be declared external
EIP20Interface.allowance (/unique_chucks/10/0x07597255910a51509ca469568b048f2597e72504.sol#35-37) should be declared external
Uptrennd.allowance (/unique_chucks/10/0x07597255910a51509ca469568b048f2597e72504.sol#147-150) should be declared external
Uptrennd.transferOwnership (/unique_chucks/10/0x07597255910a51509ca469568b048f2597e72504.sol#56-67) should be declared external
Uptrennd.setPrice (/unique_chucks/10/0x07597255910a51509ca469568b048f2597e72504.sol#94-99) should be declared external
Uptrennd.purchase (/unique_chucks/10/0x07597255910a51509ca469568b048f2597e72504.sol#109-118) should be declared external
Uptrennd.burn (/unique_chucks/10/0x07597255910a51509ca469568b048f2597e72504.sol#162-163) should be declared external
Uptrennd.burnFrom (/unique_chucks/10/0x07597255910a51509ca469568b048f2597e72504.sol#164-168) should be declared external
Reference: https://github.com/trailofbits/slither/wiki/Detectors-Documentation#public-function-that-could-be-declared-as-external[0m
INFO:Detectors:[92m
Detected issues with version pragma in /unique_chucks/10/0x07597255910a51509ca469568b048f2597e72504.sol:
	- pragma solidity^0.4.21 (/unique_chucks/10/0x07597255910a51509ca469568b048f2597e72504.sol#1): it allows old versions
Reference: https://github.com/trailofbits/slither/wiki/Detectors-Documentation#incorrect-version-of-solidity[0m
INFO:Detectors:[92m
Parameter '_owner' of Uptrennd.balanceOf (/unique_chucks/10/0x07597255910a51509ca469568b048f2597e72504.sol#135) is not in mixedCase
Parameter '_to' of Uptrennd.transfer (/unique_chucks/10/0x07597255910a51509ca469568b048f2597e72504.sol#100) is not in mixedCase
Parameter '_value' of Uptrennd.transfer (/unique_chucks/10/0x07597255910a51509ca469568b048f2597e72504.sol#101) is not in mixedCase
Parameter '_from' of Uptrennd.transferFrom (/unique_chucks/10/0x07597255910a51509ca469568b048f2597e72504.sol#119) is not in mixedCase
Parameter '_to' of Uptrennd.transferFrom (/unique_chucks/10/0x07597255910a51509ca469568b048f2597e72504.sol#120) is not in mixedCase
Parameter '_value' of Uptrennd.transferFrom (/unique_chucks/10/0x07597255910a51509ca469568b048f2597e72504.sol#120) is not in mixedCase
Parameter '_spender' of Uptrennd.approve (/unique_chucks/10/0x07597255910a51509ca469568b048f2597e72504.sol#138) is not in mixedCase
Parameter '_value' of Uptrennd.approve (/unique_chucks/10/0x07597255910a51509ca469568b048f2597e72504.sol#138-139) is not in mixedCase
Parameter '_owner' of Uptrennd.allowance (/unique_chucks/10/0x07597255910a51509ca469568b048f2597e72504.sol#148) is not in mixedCase
Parameter '_spender' of Uptrennd.allowance (/unique_chucks/10/0x07597255910a51509ca469568b048f2597e72504.sol#148) is not in mixedCase
Function 'Uptrennd.Uptrennd' (/unique_chucks/10/0x07597255910a51509ca469568b048f2597e72504.sol#78-93) is not in mixedCase
Parameter '_initialAmount' of Uptrennd.Uptrennd (/unique_chucks/10/0x07597255910a51509ca469568b048f2597e72504.sol#79-80) is not in mixedCase
Parameter '_tokenName' of Uptrennd.Uptrennd (/unique_chucks/10/0x07597255910a51509ca469568b048f2597e72504.sol#80-81) is not in mixedCase
Parameter '_decimalUnits' of Uptrennd.Uptrennd (/unique_chucks/10/0x07597255910a51509ca469568b048f2597e72504.sol#82-83) is not in mixedCase
Parameter '_tokenSymbol' of Uptrennd.Uptrennd (/unique_chucks/10/0x07597255910a51509ca469568b048f2597e72504.sol#83) is not in mixedCase
Parameter '_price' of Uptrennd.Uptrennd (/unique_chucks/10/0x07597255910a51509ca469568b048f2597e72504.sol#83) is not in mixedCase
Parameter '_price' of Uptrennd.setPrice (/unique_chucks/10/0x07597255910a51509ca469568b048f2597e72504.sol#95) is not in mixedCase
Parameter '_to' of Uptrennd.purchase (/unique_chucks/10/0x07597255910a51509ca469568b048f2597e72504.sol#109) is not in mixedCase
Function 'Uptrennd._burn' (/unique_chucks/10/0x07597255910a51509ca469568b048f2597e72504.sol#152-161) is not in mixedCase
Variable 'Uptrennd.TokenPrice' (/unique_chucks/10/0x07597255910a51509ca469568b048f2597e72504.sol#71-72) is not in mixedCase
Reference: https://github.com/trailofbits/slither/wiki/Detectors-Documentation#conformance-to-solidity-naming-conventions[0m
INFO:Slither:/unique_chucks/10/0x07597255910a51509ca469568b048f2597e72504.sol analyzed (2 contracts), 38 result(s) found