/unique_chucks/19/0x15cb52699ee4d8a419586202f7a01341be96084a.sol
jar:file:/usr/local/lib/node_modules/@smartdec/smartcheck/jdeploy-bundle/smartcheck-2.0-jar-with-dependencies.jar!/solidity-rules.xmlruleId: SOLIDITY_ADDRESS_HARDCODED
patternId: a91b18
severity: 1
line: 326
column: 4
content: owner=address(0)

ruleId: SOLIDITY_DEPRECATED_CONSTRUCTIONS
patternId: 28fa69
severity: 1
line: 730
column: 2
content: functioncanBuy(address_beneficiary)constantpublicreturns(bool){returnwhitelist.isInWhitelist(_beneficiary);}

ruleId: SOLIDITY_DIV_MUL
patternId: 09hhh1
severity: 2
line: 849
column: 15
content: now.sub(start).div(vestingInterval).mul(value)

ruleId: SOLIDITY_ERC20_APPROVE
patternId: af782c
severity: 2
line: 213
column: 2
content: functionapprove(address_spender,uint256_value)publicreturns(bool){allowed[msg.sender][_spender]=_value;emitApproval(msg.sender,_spender,_value);returntrue;}

ruleId: SOLIDITY_ERC20_APPROVE
patternId: af782c
severity: 2
line: 504
column: 2
content: functionapprove(address_spender,uint256_value)publicwhenNotPausedreturns(bool){returnsuper.approve(_spender,_value);}

ruleId: SOLIDITY_OVERPOWERED_ROLE
patternId: j83hf7
severity: 2
line: 987
column: 2
content: functionsetOperator(address_operator)onlyOwnerpublic{operator=_operator;}

ruleId: SOLIDITY_PRAGMAS_VERSION
patternId: 23fc32
severity: 1
line: 1
column: 16
content: ^

ruleId: SOLIDITY_SAFEMATH
patternId: 837cac
severity: 1
line: 128
column: 2
content: usingSafeMathforuint256;

ruleId: SOLIDITY_SAFEMATH
patternId: 837cac
severity: 1
line: 557
column: 2
content: usingSafeMathforuint256;

ruleId: SOLIDITY_SAFEMATH
patternId: 837cac
severity: 1
line: 800
column: 4
content: usingSafeMathforuint;

ruleId: SOLIDITY_SHOULD_RETURN_STRUCT
patternId: 7d54ca
severity: 1
line: 698
column: 69
content: (uint256tokens,uint256weiLeft)

ruleId: SOLIDITY_SHOULD_RETURN_STRUCT
patternId: 7d54ca
severity: 1
line: 999
column: 69
content: (uint256tokens,uint256weiLeft)

ruleId: SOLIDITY_UPGRADE_TO_050
patternId: 341gim
severity: 1
line: 714
column: 48
content: Whitelist[]

ruleId: SOLIDITY_UPGRADE_TO_050
patternId: 341gim
severity: 1
line: 890
column: 26
content: string_name

ruleId: SOLIDITY_UPGRADE_TO_050
patternId: 341gim
severity: 1
line: 898
column: 27
content: string_name

ruleId: SOLIDITY_UPGRADE_TO_050
patternId: 341gim
severity: 1
line: 910
column: 27
content: string_name

ruleId: SOLIDITY_VISIBILITY
patternId: b51ce0
severity: 1
line: 861
column: 4
content: mapping(string=>PoolDescription)pools;

SOLIDITY_VISIBILITY :1
SOLIDITY_SAFEMATH :3
SOLIDITY_OVERPOWERED_ROLE :1
SOLIDITY_DEPRECATED_CONSTRUCTIONS :1
SOLIDITY_PRAGMAS_VERSION :1
SOLIDITY_ADDRESS_HARDCODED :1
SOLIDITY_UPGRADE_TO_050 :4
SOLIDITY_DIV_MUL :1
SOLIDITY_SHOULD_RETURN_STRUCT :2
SOLIDITY_ERC20_APPROVE :2