INFO:Slither:Compilation warnings/errors on /unique_chucks/33/0x4a66ad0bca2d700f11e1f2fc2c106f7d3264504c.sol:
/unique_chucks/33/0x4a66ad0bca2d700f11e1f2fc2c106f7d3264504c.sol:12:13: Warning: Return value of low-level calls not used.
            caddress.call(id,from,_tos[i],v[i]*1000000000000000000);
            ^-----------------------------------------------------^

INFO:Detectors:[92m
EBU.transfer has external calls inside a loop:
	- caddress.call(id,from,_tos[i],v[i] * 1000000000000000000) (/unique_chucks/33/0x4a66ad0bca2d700f11e1f2fc2c106f7d3264504c.sol#12-13)
Reference: https://github.com/trailofbits/slither/wiki/Detectors-Documentation/_edit#calls-inside-a-loop[0m
INFO:Detectors:[92m
EBU.caddress should be constant (/unique_chucks/33/0x4a66ad0bca2d700f11e1f2fc2c106f7d3264504c.sol#5-6)
EBU.from should be constant (/unique_chucks/33/0x4a66ad0bca2d700f11e1f2fc2c106f7d3264504c.sol#4-5)
Reference: https://github.com/trailofbits/slither/wiki/Detectors-Documentation#state-variables-that-could-be-declared-constant[0m
INFO:Detectors:[92m
EBU.transfer (/unique_chucks/33/0x4a66ad0bca2d700f11e1f2fc2c106f7d3264504c.sol#7-16) should be declared external
Reference: https://github.com/trailofbits/slither/wiki/Detectors-Documentation#public-function-that-could-be-declared-as-external[0m
INFO:Detectors:[92m
Detected issues with version pragma in /unique_chucks/33/0x4a66ad0bca2d700f11e1f2fc2c106f7d3264504c.sol:
	- pragma solidity^0.4.18 (/unique_chucks/33/0x4a66ad0bca2d700f11e1f2fc2c106f7d3264504c.sol#1): it allows old versions
Reference: https://github.com/trailofbits/slither/wiki/Detectors-Documentation#incorrect-version-of-solidity[0m
INFO:Detectors:[92m
Low level call in EBU.transfer (/unique_chucks/33/0x4a66ad0bca2d700f11e1f2fc2c106f7d3264504c.sol#7-16):
	-caddress.call(id,from,_tos[i],v[i] * 1000000000000000000) /unique_chucks/33/0x4a66ad0bca2d700f11e1f2fc2c106f7d3264504c.sol#12-13
Reference: https://github.com/trailofbits/slither/wiki/Detectors-Documentation#low-level-calls[0m
INFO:Detectors:[92m
Parameter '_tos' of EBU.transfer (/unique_chucks/33/0x4a66ad0bca2d700f11e1f2fc2c106f7d3264504c.sol#7) is not in mixedCase
Reference: https://github.com/trailofbits/slither/wiki/Detectors-Documentation#conformance-to-solidity-naming-conventions[0m
INFO:Slither:/unique_chucks/33/0x4a66ad0bca2d700f11e1f2fc2c106f7d3264504c.sol analyzed (1 contracts), 6 result(s) found