2019-07-24 08:05:31,413: [13] m.main:INFO: Registered plugins: DetectReentrancyAdvanced, DetectReentrancySimple, DetectInvalid, DetectUnusedRetVal, DetectSuicidal, DetectUninitializedStorage, DetectEnvInstruction, DetectDelegatecall, DetectUninitializedMemory, DetectExternalCallAndLeak, DetectIntegerOverflow
2019-07-24 08:05:31,414: [13] m.main:INFO: Beginning analysis
2019-07-24 08:05:31,453: [13] m.e.manticore:INFO: Starting symbolic create contract
2019-07-24 08:05:33,584: [13] m.e.manticore:INFO: Starting symbolic transaction: 0
2019-07-24 08:05:34,969: [13] m.e.manticore:INFO: 0 alive states, 2 terminated states
2019-07-24 08:05:35,162: [13] m.e.manticore:INFO: Starting symbolic transaction: 1
2019-07-24 08:05:35,503: [586] m.c.manticore:INFO: Generated testcase No. 0 - RETURN(1 txs)
2019-07-24 08:05:35,544: [587] m.c.manticore:INFO: Generated testcase No. 1 - REVERT(2 txs)
2019-07-24 08:05:36,850: [13] m.c.manticore:INFO: Results in /mcore_guyw8u07
2019-07-24 08:05:38,043: [898] m.main:INFO: Registered plugins: DetectUninitializedMemory, DetectUnusedRetVal, DetectExternalCallAndLeak, DetectEnvInstruction, DetectReentrancySimple, DetectInvalid, DetectSuicidal, DetectReentrancyAdvanced, DetectUninitializedStorage, DetectDelegatecall, DetectIntegerOverflow
2019-07-24 08:05:38,044: [898] m.main:INFO: Beginning analysis
2019-07-24 08:05:38,071: [898] m.e.manticore:INFO: Starting symbolic create contract
2019-07-24 08:05:40,895: [898] m.e.manticore:INFO: Starting symbolic transaction: 0
2019-07-24 08:05:49,502: [898] m.e.manticore:INFO: 2 alive states, 6 terminated states
2019-07-24 08:05:50,709: [898] m.e.manticore:INFO: Starting symbolic transaction: 1
2019-07-24 08:06:08,888: [898] m.e.manticore:INFO: 4 alive states, 18 terminated states
2019-07-24 08:06:11,118: [3186] m.c.manticore:INFO: Generated testcase No. 0 - RETURN(3 txs)
2019-07-24 08:06:11,247: [3176] m.c.manticore:INFO: Generated testcase No. 1 - REVERT(2 txs)
2019-07-24 08:06:11,320: [3177] m.c.manticore:INFO: Generated testcase No. 4 - REVERT(2 txs)
2019-07-24 08:06:11,352: [3180] m.c.manticore:INFO: Generated testcase No. 2 - RETURN(3 txs)
2019-07-24 08:06:11,356: [3178] m.c.manticore:INFO: Generated testcase No. 3 - RETURN(3 txs)
2019-07-24 08:06:11,516: [3182] m.c.manticore:INFO: Generated testcase No. 5 - RETURN(3 txs)
2019-07-24 08:06:11,535: [3187] m.c.manticore:INFO: Generated testcase No. 7 - REVERT(2 txs)
2019-07-24 08:06:11,554: [3191] m.c.manticore:INFO: Generated testcase No. 6 - REVERT(2 txs)
2019-07-24 08:06:11,628: [3189] m.c.manticore:INFO: Generated testcase No. 8 - RETURN(1 txs)
2019-07-24 08:06:29,064: [3177] m.c.manticore:INFO: Generated testcase No. 9 - RETURN(2 txs)
2019-07-24 08:06:29,214: [3176] m.c.manticore:INFO: Generated testcase No. 10 - REVERT(2 txs)
2019-07-24 08:06:29,680: [3191] m.c.manticore:INFO: Generated testcase No. 11 - RETURN(2 txs)
2019-07-24 08:06:30,278: [3189] m.c.manticore:INFO: Generated testcase No. 12 - REVERT(3 txs)
2019-07-24 08:06:30,339: [3187] m.c.manticore:INFO: Generated testcase No. 13 - REVERT(3 txs)
2019-07-24 08:06:37,302: [3178] m.c.manticore:INFO: Generated testcase No. 14 - REVERT(3 txs)
2019-07-24 08:06:39,115: [3180] m.c.manticore:INFO: Generated testcase No. 15 - REVERT(3 txs)
2019-07-24 08:06:41,027: [3186] m.c.manticore:INFO: Generated testcase No. 16 - REVERT(3 txs)
2019-07-24 08:06:44,521: [3182] m.c.manticore:INFO: Generated testcase No. 17 - REVERT(3 txs)
2019-07-24 08:06:47,524: [3176] m.c.manticore:INFO: Generated testcase No. 18 - REVERT(3 txs)
2019-07-24 08:06:50,455: [3177] m.c.manticore:INFO: Generated testcase No. 19 - REVERT(3 txs)
2019-07-24 08:06:50,942: [3191] m.c.manticore:INFO: Generated testcase No. 20 - REVERT(3 txs)
2019-07-24 08:06:54,446: [3189] m.c.manticore:INFO: Generated testcase No. 21 - REVERT(3 txs)
2019-07-24 08:07:10,604: [898] m.c.manticore:INFO: Results in /mcore_zlb9b27h
2019-07-24 08:07:14,302: [4061] m.main:INFO: Registered plugins: DetectReentrancySimple, DetectInvalid, DetectSuicidal, DetectReentrancyAdvanced, DetectUninitializedStorage, DetectDelegatecall, DetectEnvInstruction, DetectIntegerOverflow, DetectUninitializedMemory, DetectUnusedRetVal, DetectExternalCallAndLeak
2019-07-24 08:07:14,302: [4061] m.main:INFO: Beginning analysis
2019-07-24 08:07:14,353: [4061] m.e.manticore:INFO: Starting symbolic create contract
2019-07-24 08:07:20,305: [4061] m.e.manticore:INFO: Starting symbolic transaction: 0
2019-07-24 08:07:30,203: [4061] m.e.manticore:INFO: 1 alive states, 5 terminated states
2019-07-24 08:07:31,447: [4061] m.e.manticore:INFO: Starting symbolic transaction: 1
2019-07-24 08:07:41,577: [4061] m.e.manticore:INFO: 1 alive states, 10 terminated states
2019-07-24 08:07:43,298: [5572] m.c.manticore:INFO: Generated testcase No. 0 - RETURN(3 txs)
2019-07-24 08:07:43,355: [5571] m.c.manticore:INFO: Generated testcase No. 1 - RETURN(1 txs)
2019-07-24 08:07:43,512: [5575] m.c.manticore:INFO: Generated testcase No. 3 - REVERT(2 txs)
2019-07-24 08:07:43,488: [5578] m.c.manticore:INFO: Generated testcase No. 2 - REVERT(2 txs)
2019-07-24 08:07:43,622: [5588] m.c.manticore:INFO: Generated testcase No. 6 - REVERT(2 txs)
2019-07-24 08:07:43,624: [5582] m.c.manticore:INFO: Generated testcase No. 7 - REVERT(3 txs)
2019-07-24 08:07:43,627: [5570] m.c.manticore:INFO: Generated testcase No. 4 - REVERT(2 txs)
2019-07-24 08:07:43,661: [5579] m.c.manticore:INFO: Generated testcase No. 5 - RETURN(2 txs)
2019-07-24 08:07:43,791: [5583] m.c.manticore:INFO: Generated testcase No. 8 - REVERT(3 txs)
2019-07-24 08:07:44,058: [5585] m.c.manticore:INFO: Generated testcase No. 9 - REVERT(3 txs)
2019-07-24 08:07:59,122: [5571] m.c.manticore:INFO: Generated testcase No. 10 - REVERT(3 txs)
2019-07-24 08:08:10,414: [4061] m.c.manticore:INFO: Results in /mcore__ze3ptfm
2019-07-24 08:08:13,827: [6197] m.main:INFO: Registered plugins: DetectUninitializedStorage, DetectIntegerOverflow, DetectSuicidal, DetectExternalCallAndLeak, DetectEnvInstruction, DetectUninitializedMemory, DetectReentrancyAdvanced, DetectUnusedRetVal, DetectDelegatecall, DetectReentrancySimple, DetectInvalid
2019-07-24 08:08:13,828: [6197] m.main:INFO: Beginning analysis
2019-07-24 08:08:13,879: [6197] m.e.manticore:INFO: Starting symbolic create contract
2019-07-24 08:08:25,766: [6197] m.e.manticore:INFO: Starting symbolic transaction: 0
2019-07-24 08:08:46,944: [6197] m.e.manticore:INFO: 2 alive states, 4 terminated states
2019-07-24 08:08:52,295: [6197] m.e.manticore:INFO: Starting symbolic transaction: 1
2019-07-24 08:09:41,169: [6197] m.e.manticore:INFO: 4 alive states, 12 terminated states
2019-07-24 08:09:49,758: [8436] m.c.manticore:INFO: Generated testcase No. 0 - REVERT(2 txs)
2019-07-24 08:09:50,643: [8431] m.c.manticore:INFO: Generated testcase No. 1 - RETURN(3 txs)
2019-07-24 08:09:51,017: [8430] m.c.manticore:INFO: Generated testcase No. 2 - RETURN(3 txs)
2019-07-24 08:09:51,270: [8428] m.c.manticore:INFO: Generated testcase No. 3 - RETURN(3 txs)
2019-07-24 08:09:51,579: [8444] m.c.manticore:INFO: Generated testcase No. 5 - RETURN(2 txs)
2019-07-24 08:09:51,583: [8441] m.c.manticore:INFO: Generated testcase No. 4 - REVERT(2 txs)
2019-07-24 08:09:51,747: [8446] m.c.manticore:INFO: Generated testcase No. 6 - RETURN(2 txs)
2019-07-24 08:09:51,820: [8439] m.c.manticore:INFO: Generated testcase No. 7 - RETURN(1 txs)
2019-07-24 08:09:51,895: [8445] m.c.manticore:INFO: Generated testcase No. 9 - REVERT(2 txs)
2019-07-24 08:09:52,447: [8433] m.c.manticore:INFO: Generated testcase No. 8 - RETURN(3 txs)
Process Process-32:
Traceback (most recent call last):
  File "/usr/local/lib/python3.6/dist-packages/manticore/ethereum/abi.py", line 212, in deserialize
    result += (ABI._deserialize(abitypes.parse(ty), data[4:]),)
  File "/usr/local/lib/python3.6/dist-packages/ply/yacc.py", line 333, in parse
    return self.parseopt_notrack(input, lexer, debug, tracking, tokenfunc)
  File "/usr/local/lib/python3.6/dist-packages/ply/yacc.py", line 1063, in parseopt_notrack
    lookahead = get_token()     # Get the next token
  File "/usr/local/lib/python3.6/dist-packages/ply/lex.py", line 386, in token
    newtok = self.lexerrorf(tok)
  File "/usr/local/lib/python3.6/dist-packages/manticore/ethereum/abitypes.py", line 144, in t_error
    raise Exception("Illegal character '%s'" % t.value[0])
Exception: Illegal character 'S'

During handling of the above exception, another exception occurred:

Traceback (most recent call last):
  File "/usr/lib/python3.6/multiprocessing/process.py", line 258, in _bootstrap
    self.run()
  File "/usr/lib/python3.6/multiprocessing/process.py", line 93, in run
    self._target(*self._args, **self._kwargs)
  File "/usr/local/lib/python3.6/dist-packages/manticore/ethereum/manticore.py", line 1656, in worker_finalize
    finalizer(q.get_nowait())
  File "/usr/local/lib/python3.6/dist-packages/manticore/ethereum/manticore.py", line 1651, in finalizer
    self.generate_testcase(st, message=message)
  File "/usr/local/lib/python3.6/dist-packages/manticore/ethereum/manticore.py", line 1568, in generate_testcase
    is_something_symbolic = sym_tx.dump(tx_summary, state, self, conc_tx=conc_tx)
  File "/usr/local/lib/python3.6/dist-packages/manticore/platforms/evm.py", line 252, in dump
    _, arguments = ABI.deserialize(signature, calldata)
  File "/usr/local/lib/python3.6/dist-packages/manticore/ethereum/abi.py", line 219, in deserialize
    raise EthereumError("Error {} deserializing type {:s}".format(str(e), type_spec))
manticore.exceptions.EthereumError: Error Illegal character 'S' deserializing type getBest(SaleListLib.SaleList storage)
2019-07-24 08:11:18,552: [8445] m.c.manticore:INFO: Generated testcase No. 10 - REVERT(3 txs)
2019-07-24 08:11:20,909: [8439] m.c.manticore:INFO: Generated testcase No. 11 - REVERT(3 txs)
Process Process-36:
Traceback (most recent call last):
  File "/usr/local/lib/python3.6/dist-packages/manticore/ethereum/abi.py", line 212, in deserialize
    result += (ABI._deserialize(abitypes.parse(ty), data[4:]),)
  File "/usr/local/lib/python3.6/dist-packages/ply/yacc.py", line 333, in parse
    return self.parseopt_notrack(input, lexer, debug, tracking, tokenfunc)
  File "/usr/local/lib/python3.6/dist-packages/ply/yacc.py", line 1063, in parseopt_notrack
    lookahead = get_token()     # Get the next token
  File "/usr/local/lib/python3.6/dist-packages/ply/lex.py", line 386, in token
    newtok = self.lexerrorf(tok)
  File "/usr/local/lib/python3.6/dist-packages/manticore/ethereum/abitypes.py", line 144, in t_error
    raise Exception("Illegal character '%s'" % t.value[0])
Exception: Illegal character 'S'

During handling of the above exception, another exception occurred:

Traceback (most recent call last):
  File "/usr/lib/python3.6/multiprocessing/process.py", line 258, in _bootstrap
    self.run()
  File "/usr/lib/python3.6/multiprocessing/process.py", line 93, in run
    self._target(*self._args, **self._kwargs)
  File "/usr/local/lib/python3.6/dist-packages/manticore/ethereum/manticore.py", line 1656, in worker_finalize
    finalizer(q.get_nowait())
  File "/usr/local/lib/python3.6/dist-packages/manticore/ethereum/manticore.py", line 1651, in finalizer
    self.generate_testcase(st, message=message)
  File "/usr/local/lib/python3.6/dist-packages/manticore/ethereum/manticore.py", line 1568, in generate_testcase
    is_something_symbolic = sym_tx.dump(tx_summary, state, self, conc_tx=conc_tx)
  File "/usr/local/lib/python3.6/dist-packages/manticore/platforms/evm.py", line 252, in dump
    _, arguments = ABI.deserialize(signature, calldata)
  File "/usr/local/lib/python3.6/dist-packages/manticore/ethereum/abi.py", line 219, in deserialize
    raise EthereumError("Error {} deserializing type {:s}".format(str(e), type_spec))
manticore.exceptions.EthereumError: Error Illegal character 'S' deserializing type addSale(SaleListLib.SaleList storage,address,uint256)
Process Process-35:
Traceback (most recent call last):
  File "/usr/local/lib/python3.6/dist-packages/manticore/ethereum/abi.py", line 212, in deserialize
    result += (ABI._deserialize(abitypes.parse(ty), data[4:]),)
  File "/usr/local/lib/python3.6/dist-packages/ply/yacc.py", line 333, in parse
    return self.parseopt_notrack(input, lexer, debug, tracking, tokenfunc)
  File "/usr/local/lib/python3.6/dist-packages/ply/yacc.py", line 1063, in parseopt_notrack
    lookahead = get_token()     # Get the next token
  File "/usr/local/lib/python3.6/dist-packages/ply/lex.py", line 386, in token
    newtok = self.lexerrorf(tok)
  File "/usr/local/lib/python3.6/dist-packages/manticore/ethereum/abitypes.py", line 144, in t_error
    raise Exception("Illegal character '%s'" % t.value[0])
Exception: Illegal character 'S'

During handling of the above exception, another exception occurred:

Traceback (most recent call last):
  File "/usr/lib/python3.6/multiprocessing/process.py", line 258, in _bootstrap
    self.run()
  File "/usr/lib/python3.6/multiprocessing/process.py", line 93, in run
    self._target(*self._args, **self._kwargs)
  File "/usr/local/lib/python3.6/dist-packages/manticore/ethereum/manticore.py", line 1656, in worker_finalize
    finalizer(q.get_nowait())
  File "/usr/local/lib/python3.6/dist-packages/manticore/ethereum/manticore.py", line 1651, in finalizer
    self.generate_testcase(st, message=message)
  File "/usr/local/lib/python3.6/dist-packages/manticore/ethereum/manticore.py", line 1568, in generate_testcase
    is_something_symbolic = sym_tx.dump(tx_summary, state, self, conc_tx=conc_tx)
  File "/usr/local/lib/python3.6/dist-packages/manticore/platforms/evm.py", line 252, in dump
    _, arguments = ABI.deserialize(signature, calldata)
  File "/usr/local/lib/python3.6/dist-packages/manticore/ethereum/abi.py", line 219, in deserialize
    raise EthereumError("Error {} deserializing type {:s}".format(str(e), type_spec))
manticore.exceptions.EthereumError: Error Illegal character 'S' deserializing type getBest(SaleListLib.SaleList storage)
2019-07-24 08:11:28,295: [8444] m.c.manticore:INFO: Generated testcase No. 12 - REVERT(3 txs)
2019-07-24 08:11:29,439: [8430] m.c.manticore:INFO: Generated testcase No. 13 - REVERT(3 txs)
Process Process-38:
Traceback (most recent call last):
  File "/usr/local/lib/python3.6/dist-packages/manticore/ethereum/abi.py", line 212, in deserialize
    result += (ABI._deserialize(abitypes.parse(ty), data[4:]),)
  File "/usr/local/lib/python3.6/dist-packages/ply/yacc.py", line 333, in parse
    return self.parseopt_notrack(input, lexer, debug, tracking, tokenfunc)
  File "/usr/local/lib/python3.6/dist-packages/ply/yacc.py", line 1063, in parseopt_notrack
    lookahead = get_token()     # Get the next token
  File "/usr/local/lib/python3.6/dist-packages/ply/lex.py", line 386, in token
    newtok = self.lexerrorf(tok)
  File "/usr/local/lib/python3.6/dist-packages/manticore/ethereum/abitypes.py", line 144, in t_error
    raise Exception("Illegal character '%s'" % t.value[0])
Exception: Illegal character 'S'

During handling of the above exception, another exception occurred:

Traceback (most recent call last):
  File "/usr/lib/python3.6/multiprocessing/process.py", line 258, in _bootstrap
    self.run()
  File "/usr/lib/python3.6/multiprocessing/process.py", line 93, in run
    self._target(*self._args, **self._kwargs)
  File "/usr/local/lib/python3.6/dist-packages/manticore/ethereum/manticore.py", line 1656, in worker_finalize
    finalizer(q.get_nowait())
  File "/usr/local/lib/python3.6/dist-packages/manticore/ethereum/manticore.py", line 1651, in finalizer
    self.generate_testcase(st, message=message)
  File "/usr/local/lib/python3.6/dist-packages/manticore/ethereum/manticore.py", line 1568, in generate_testcase
    is_something_symbolic = sym_tx.dump(tx_summary, state, self, conc_tx=conc_tx)
  File "/usr/local/lib/python3.6/dist-packages/manticore/platforms/evm.py", line 252, in dump
    _, arguments = ABI.deserialize(signature, calldata)
  File "/usr/local/lib/python3.6/dist-packages/manticore/ethereum/abi.py", line 219, in deserialize
    raise EthereumError("Error {} deserializing type {:s}".format(str(e), type_spec))
manticore.exceptions.EthereumError: Error Illegal character 'S' deserializing type removeSale(SaleListLib.SaleList storage,address)
Process Process-41:
Traceback (most recent call last):
  File "/usr/local/lib/python3.6/dist-packages/manticore/ethereum/abi.py", line 212, in deserialize
    result += (ABI._deserialize(abitypes.parse(ty), data[4:]),)
  File "/usr/local/lib/python3.6/dist-packages/ply/yacc.py", line 333, in parse
    return self.parseopt_notrack(input, lexer, debug, tracking, tokenfunc)
  File "/usr/local/lib/python3.6/dist-packages/ply/yacc.py", line 1063, in parseopt_notrack
    lookahead = get_token()     # Get the next token
  File "/usr/local/lib/python3.6/dist-packages/ply/lex.py", line 386, in token
    newtok = self.lexerrorf(tok)
  File "/usr/local/lib/python3.6/dist-packages/manticore/ethereum/abitypes.py", line 144, in t_error
    raise Exception("Illegal character '%s'" % t.value[0])
Exception: Illegal character 'S'

During handling of the above exception, another exception occurred:

Traceback (most recent call last):
  File "/usr/lib/python3.6/multiprocessing/process.py", line 258, in _bootstrap
    self.run()
  File "/usr/lib/python3.6/multiprocessing/process.py", line 93, in run
    self._target(*self._args, **self._kwargs)
  File "/usr/local/lib/python3.6/dist-packages/manticore/ethereum/manticore.py", line 1656, in worker_finalize
    finalizer(q.get_nowait())
  File "/usr/local/lib/python3.6/dist-packages/manticore/ethereum/manticore.py", line 1651, in finalizer
    self.generate_testcase(st, message=message)
  File "/usr/local/lib/python3.6/dist-packages/manticore/ethereum/manticore.py", line 1568, in generate_testcase
    is_something_symbolic = sym_tx.dump(tx_summary, state, self, conc_tx=conc_tx)
  File "/usr/local/lib/python3.6/dist-packages/manticore/platforms/evm.py", line 252, in dump
    _, arguments = ABI.deserialize(signature, calldata)
  File "/usr/local/lib/python3.6/dist-packages/manticore/ethereum/abi.py", line 219, in deserialize
    raise EthereumError("Error {} deserializing type {:s}".format(str(e), type_spec))
manticore.exceptions.EthereumError: Error Illegal character 'S' deserializing type getBest(SaleListLib.SaleList storage)
Process Process-34:
Traceback (most recent call last):
  File "/usr/local/lib/python3.6/dist-packages/manticore/ethereum/abi.py", line 212, in deserialize
    result += (ABI._deserialize(abitypes.parse(ty), data[4:]),)
  File "/usr/local/lib/python3.6/dist-packages/ply/yacc.py", line 333, in parse
    return self.parseopt_notrack(input, lexer, debug, tracking, tokenfunc)
  File "/usr/local/lib/python3.6/dist-packages/ply/yacc.py", line 1063, in parseopt_notrack
    lookahead = get_token()     # Get the next token
  File "/usr/local/lib/python3.6/dist-packages/ply/lex.py", line 386, in token
    newtok = self.lexerrorf(tok)
  File "/usr/local/lib/python3.6/dist-packages/manticore/ethereum/abitypes.py", line 144, in t_error
    raise Exception("Illegal character '%s'" % t.value[0])
Exception: Illegal character 'S'

During handling of the above exception, another exception occurred:

Traceback (most recent call last):
  File "/usr/lib/python3.6/multiprocessing/process.py", line 258, in _bootstrap
    self.run()
  File "/usr/lib/python3.6/multiprocessing/process.py", line 93, in run
    self._target(*self._args, **self._kwargs)
  File "/usr/local/lib/python3.6/dist-packages/manticore/ethereum/manticore.py", line 1656, in worker_finalize
    finalizer(q.get_nowait())
  File "/usr/local/lib/python3.6/dist-packages/manticore/ethereum/manticore.py", line 1651, in finalizer
    self.generate_testcase(st, message=message)
  File "/usr/local/lib/python3.6/dist-packages/manticore/ethereum/manticore.py", line 1568, in generate_testcase
    is_something_symbolic = sym_tx.dump(tx_summary, state, self, conc_tx=conc_tx)
  File "/usr/local/lib/python3.6/dist-packages/manticore/platforms/evm.py", line 252, in dump
    _, arguments = ABI.deserialize(signature, calldata)
  File "/usr/local/lib/python3.6/dist-packages/manticore/ethereum/abi.py", line 219, in deserialize
    raise EthereumError("Error {} deserializing type {:s}".format(str(e), type_spec))
manticore.exceptions.EthereumError: Error Illegal character 'S' deserializing type getBest(SaleListLib.SaleList storage)
Process Process-40:
Traceback (most recent call last):
  File "/usr/local/lib/python3.6/dist-packages/manticore/ethereum/abi.py", line 212, in deserialize
    result += (ABI._deserialize(abitypes.parse(ty), data[4:]),)
  File "/usr/local/lib/python3.6/dist-packages/ply/yacc.py", line 333, in parse
    return self.parseopt_notrack(input, lexer, debug, tracking, tokenfunc)
  File "/usr/local/lib/python3.6/dist-packages/ply/yacc.py", line 1063, in parseopt_notrack
    lookahead = get_token()     # Get the next token
  File "/usr/local/lib/python3.6/dist-packages/ply/lex.py", line 386, in token
    newtok = self.lexerrorf(tok)
  File "/usr/local/lib/python3.6/dist-packages/manticore/ethereum/abitypes.py", line 144, in t_error
    raise Exception("Illegal character '%s'" % t.value[0])
Exception: Illegal character 'S'

During handling of the above exception, another exception occurred:

Traceback (most recent call last):
  File "/usr/lib/python3.6/multiprocessing/process.py", line 258, in _bootstrap
    self.run()
  File "/usr/lib/python3.6/multiprocessing/process.py", line 93, in run
    self._target(*self._args, **self._kwargs)
  File "/usr/local/lib/python3.6/dist-packages/manticore/ethereum/manticore.py", line 1656, in worker_finalize
    finalizer(q.get_nowait())
  File "/usr/local/lib/python3.6/dist-packages/manticore/ethereum/manticore.py", line 1651, in finalizer
    self.generate_testcase(st, message=message)
  File "/usr/local/lib/python3.6/dist-packages/manticore/ethereum/manticore.py", line 1568, in generate_testcase
    is_something_symbolic = sym_tx.dump(tx_summary, state, self, conc_tx=conc_tx)
  File "/usr/local/lib/python3.6/dist-packages/manticore/platforms/evm.py", line 252, in dump
    _, arguments = ABI.deserialize(signature, calldata)
  File "/usr/local/lib/python3.6/dist-packages/manticore/ethereum/abi.py", line 219, in deserialize
    raise EthereumError("Error {} deserializing type {:s}".format(str(e), type_spec))
manticore.exceptions.EthereumError: Error Illegal character 'S' deserializing type addSale(SaleListLib.SaleList storage,address,uint256)
Process Process-33:
Traceback (most recent call last):
  File "/usr/local/lib/python3.6/dist-packages/manticore/ethereum/abi.py", line 212, in deserialize
    result += (ABI._deserialize(abitypes.parse(ty), data[4:]),)
  File "/usr/local/lib/python3.6/dist-packages/ply/yacc.py", line 333, in parse
    return self.parseopt_notrack(input, lexer, debug, tracking, tokenfunc)
  File "/usr/local/lib/python3.6/dist-packages/ply/yacc.py", line 1063, in parseopt_notrack
    lookahead = get_token()     # Get the next token
  File "/usr/local/lib/python3.6/dist-packages/ply/lex.py", line 386, in token
    newtok = self.lexerrorf(tok)
  File "/usr/local/lib/python3.6/dist-packages/manticore/ethereum/abitypes.py", line 144, in t_error
    raise Exception("Illegal character '%s'" % t.value[0])
Exception: Illegal character 'S'

During handling of the above exception, another exception occurred:

Traceback (most recent call last):
  File "/usr/lib/python3.6/multiprocessing/process.py", line 258, in _bootstrap
    self.run()
  File "/usr/lib/python3.6/multiprocessing/process.py", line 93, in run
    self._target(*self._args, **self._kwargs)
  File "/usr/local/lib/python3.6/dist-packages/manticore/ethereum/manticore.py", line 1656, in worker_finalize
    finalizer(q.get_nowait())
  File "/usr/local/lib/python3.6/dist-packages/manticore/ethereum/manticore.py", line 1651, in finalizer
    self.generate_testcase(st, message=message)
  File "/usr/local/lib/python3.6/dist-packages/manticore/ethereum/manticore.py", line 1568, in generate_testcase
    is_something_symbolic = sym_tx.dump(tx_summary, state, self, conc_tx=conc_tx)
  File "/usr/local/lib/python3.6/dist-packages/manticore/platforms/evm.py", line 252, in dump
    _, arguments = ABI.deserialize(signature, calldata)
  File "/usr/local/lib/python3.6/dist-packages/manticore/ethereum/abi.py", line 219, in deserialize
    raise EthereumError("Error {} deserializing type {:s}".format(str(e), type_spec))
manticore.exceptions.EthereumError: Error Illegal character 'S' deserializing type getBest(SaleListLib.SaleList storage)
2019-07-24 08:12:06,258: [8439] m.c.manticore:INFO: Generated testcase No. 14 - REVERT(3 txs)
Process Process-39:
Traceback (most recent call last):
  File "/usr/local/lib/python3.6/dist-packages/manticore/ethereum/abi.py", line 212, in deserialize
    result += (ABI._deserialize(abitypes.parse(ty), data[4:]),)
  File "/usr/local/lib/python3.6/dist-packages/ply/yacc.py", line 333, in parse
    return self.parseopt_notrack(input, lexer, debug, tracking, tokenfunc)
  File "/usr/local/lib/python3.6/dist-packages/ply/yacc.py", line 1063, in parseopt_notrack
    lookahead = get_token()     # Get the next token
  File "/usr/local/lib/python3.6/dist-packages/ply/lex.py", line 386, in token
    newtok = self.lexerrorf(tok)
  File "/usr/local/lib/python3.6/dist-packages/manticore/ethereum/abitypes.py", line 144, in t_error
    raise Exception("Illegal character '%s'" % t.value[0])
Exception: Illegal character 'S'

During handling of the above exception, another exception occurred:

Traceback (most recent call last):
  File "/usr/lib/python3.6/multiprocessing/process.py", line 258, in _bootstrap
    self.run()
  File "/usr/lib/python3.6/multiprocessing/process.py", line 93, in run
    self._target(*self._args, **self._kwargs)
  File "/usr/local/lib/python3.6/dist-packages/manticore/ethereum/manticore.py", line 1656, in worker_finalize
    finalizer(q.get_nowait())
  File "/usr/local/lib/python3.6/dist-packages/manticore/ethereum/manticore.py", line 1651, in finalizer
    self.generate_testcase(st, message=message)
  File "/usr/local/lib/python3.6/dist-packages/manticore/ethereum/manticore.py", line 1568, in generate_testcase
    is_something_symbolic = sym_tx.dump(tx_summary, state, self, conc_tx=conc_tx)
  File "/usr/local/lib/python3.6/dist-packages/manticore/platforms/evm.py", line 252, in dump
    _, arguments = ABI.deserialize(signature, calldata)
  File "/usr/local/lib/python3.6/dist-packages/manticore/ethereum/abi.py", line 219, in deserialize
    raise EthereumError("Error {} deserializing type {:s}".format(str(e), type_spec))
manticore.exceptions.EthereumError: Error Illegal character 'S' deserializing type removeSale(SaleListLib.SaleList storage,address)
Process Process-37:
Traceback (most recent call last):
  File "/usr/local/lib/python3.6/dist-packages/manticore/ethereum/abi.py", line 212, in deserialize
    result += (ABI._deserialize(abitypes.parse(ty), data[4:]),)
  File "/usr/local/lib/python3.6/dist-packages/ply/yacc.py", line 333, in parse
    return self.parseopt_notrack(input, lexer, debug, tracking, tokenfunc)
  File "/usr/local/lib/python3.6/dist-packages/ply/yacc.py", line 1063, in parseopt_notrack
    lookahead = get_token()     # Get the next token
  File "/usr/local/lib/python3.6/dist-packages/ply/lex.py", line 386, in token
    newtok = self.lexerrorf(tok)
  File "/usr/local/lib/python3.6/dist-packages/manticore/ethereum/abitypes.py", line 144, in t_error
    raise Exception("Illegal character '%s'" % t.value[0])
Exception: Illegal character 'S'

During handling of the above exception, another exception occurred:

Traceback (most recent call last):
  File "/usr/lib/python3.6/multiprocessing/process.py", line 258, in _bootstrap
    self.run()
  File "/usr/lib/python3.6/multiprocessing/process.py", line 93, in run
    self._target(*self._args, **self._kwargs)
  File "/usr/local/lib/python3.6/dist-packages/manticore/ethereum/manticore.py", line 1656, in worker_finalize
    finalizer(q.get_nowait())
  File "/usr/local/lib/python3.6/dist-packages/manticore/ethereum/manticore.py", line 1651, in finalizer
    self.generate_testcase(st, message=message)
  File "/usr/local/lib/python3.6/dist-packages/manticore/ethereum/manticore.py", line 1568, in generate_testcase
    is_something_symbolic = sym_tx.dump(tx_summary, state, self, conc_tx=conc_tx)
  File "/usr/local/lib/python3.6/dist-packages/manticore/platforms/evm.py", line 252, in dump
    _, arguments = ABI.deserialize(signature, calldata)
  File "/usr/local/lib/python3.6/dist-packages/manticore/ethereum/abi.py", line 219, in deserialize
    raise EthereumError("Error {} deserializing type {:s}".format(str(e), type_spec))
manticore.exceptions.EthereumError: Error Illegal character 'S' deserializing type getBest(SaleListLib.SaleList storage)
2019-07-24 08:12:24,953: [6197] m.c.manticore:INFO: Results in /mcore_49adxcal
2019-07-24 08:12:37,196: [9104] m.main:INFO: Registered plugins: DetectEnvInstruction, DetectUninitializedStorage, DetectSuicidal, DetectReentrancySimple, DetectInvalid, DetectUnusedRetVal, DetectExternalCallAndLeak, DetectDelegatecall, DetectUninitializedMemory, DetectReentrancyAdvanced, DetectIntegerOverflow
2019-07-24 08:12:37,196: [9104] m.main:INFO: Beginning analysis
2019-07-24 08:12:37,367: [9104] m.e.manticore:INFO: Starting symbolic create contract
2019-07-24 08:12:55,230: [9104] m.e.manticore:INFO: Starting symbolic transaction: 0
2019-07-24 08:13:45,973: [9104] m.e.manticore:INFO: 3 alive states, 11 terminated states
2019-07-24 08:13:50,498: [9104] m.e.manticore:INFO: Starting symbolic transaction: 1
2019-07-24 08:15:45,609: [9104] m.e.manticore:INFO: 9 alive states, 44 terminated states
2019-07-24 08:15:52,482: [15547] m.c.manticore:INFO: Generated testcase No. 3 - RETURN(4 txs)
2019-07-24 08:15:52,649: [15549] m.c.manticore:INFO: Generated testcase No. 2 - RETURN(4 txs)
2019-07-24 08:15:53,096: [15559] m.c.manticore:INFO: Generated testcase No. 4 - RETURN(4 txs)
2019-07-24 08:15:53,214: [15556] m.c.manticore:INFO: Generated testcase No. 5 - RETURN(4 txs)
2019-07-24 08:15:53,230: [15563] m.c.manticore:INFO: Generated testcase No. 0 - RETURN(4 txs)
2019-07-24 08:15:53,315: [15551] m.c.manticore:INFO: Generated testcase No. 6 - RETURN(4 txs)
2019-07-24 08:15:53,528: [15561] m.c.manticore:INFO: Generated testcase No. 8 - RETURN(4 txs)
2019-07-24 08:15:53,599: [15567] m.c.manticore:INFO: Generated testcase No. 7 - RETURN(4 txs)
2019-07-24 08:15:53,832: [15565] m.c.manticore:INFO: Generated testcase No. 9 - RETURN(4 txs)
2019-07-24 08:15:53,900: [15564] m.c.manticore:INFO: Generated testcase No. 1 - RETURN(2 txs)
2019-07-24 08:16:46,708: [15564] m.c.manticore:INFO: Generated testcase No. 10 - REVERT(3 txs)
2019-07-24 08:16:47,080: [15559] m.c.manticore:INFO: Generated testcase No. 11 - REVERT(3 txs)
2019-07-24 08:16:58,017: [15563] m.c.manticore:INFO: Generated testcase No. 12 - REVERT(3 txs)
2019-07-24 08:17:02,281: [15556] m.c.manticore:INFO: Generated testcase No. 13 - REVERT(3 txs)
2019-07-24 08:17:03,362: [15567] m.c.manticore:INFO: Generated testcase No. 14 - REVERT(3 txs)
2019-07-24 08:17:03,505: [15549] m.c.manticore:INFO: Generated testcase No. 15 - REVERT(3 txs)
2019-07-24 08:17:04,818: [15547] m.c.manticore:INFO: Generated testcase No. 16 - REVERT(3 txs)
2019-07-24 08:17:05,070: [15551] m.c.manticore:INFO: Generated testcase No. 17 - REVERT(3 txs)
2019-07-24 08:17:07,416: [15561] m.c.manticore:INFO: Generated testcase No. 18 - REVERT(3 txs)
2019-07-24 08:17:15,772: [15565] m.c.manticore:INFO: Generated testcase No. 19 - REVERT(3 txs)
2019-07-24 08:17:46,401: [15559] m.c.manticore:INFO: Generated testcase No. 20 - RETURN(3 txs)
2019-07-24 08:17:52,226: [15564] m.c.manticore:INFO: Generated testcase No. 21 - RETURN(3 txs)
2019-07-24 08:17:57,371: [15556] m.c.manticore:INFO: Generated testcase No. 22 - RETURN(3 txs)
2019-07-24 08:17:58,019: [15563] m.c.manticore:INFO: Generated testcase No. 23 - REVERT(4 txs)
2019-07-24 08:18:00,131: [15567] m.c.manticore:INFO: Generated testcase No. 24 - REVERT(4 txs)
2019-07-24 08:18:01,228: [15551] m.c.manticore:INFO: Generated testcase No. 25 - REVERT(4 txs)
2019-07-24 08:18:02,789: [15547] m.c.manticore:INFO: Generated testcase No. 26 - REVERT(4 txs)
2019-07-24 08:18:04,172: [15561] m.c.manticore:INFO: Generated testcase No. 27 - REVERT(4 txs)
2019-07-24 08:18:12,000: [15565] m.c.manticore:INFO: Generated testcase No. 28 - REVERT(4 txs)
2019-07-24 08:18:17,924: [15549] m.c.manticore:INFO: Generated testcase No. 29 - REVERT(4 txs)
2019-07-24 08:18:50,947: [15556] m.c.manticore:INFO: Generated testcase No. 30 - REVERT(4 txs)
2019-07-24 08:18:56,910: [15564] m.c.manticore:INFO: Generated testcase No. 31 - REVERT(4 txs)
2019-07-24 08:18:57,763: [15559] m.c.manticore:INFO: Generated testcase No. 32 - REVERT(4 txs)
2019-07-24 08:19:10,558: [15551] m.c.manticore:INFO: Generated testcase No. 33 - REVERT(4 txs)
2019-07-24 08:19:12,300: [15561] m.c.manticore:INFO: Generated testcase No. 34 - REVERT(4 txs)
2019-07-24 08:19:15,091: [15563] m.c.manticore:INFO: Generated testcase No. 35 - REVERT(4 txs)
2019-07-24 08:19:17,554: [15547] m.c.manticore:INFO: Generated testcase No. 36 - REVERT(4 txs)
2019-07-24 08:19:21,708: [15567] m.c.manticore:INFO: Generated testcase No. 37 - REVERT(4 txs)
2019-07-24 08:19:34,584: [15565] m.c.manticore:INFO: Generated testcase No. 38 - REVERT(4 txs)
2019-07-24 08:19:41,144: [15549] m.c.manticore:INFO: Generated testcase No. 39 - REVERT(4 txs)
2019-07-24 08:20:06,031: [15564] m.c.manticore:INFO: Generated testcase No. 40 - REVERT(4 txs)
2019-07-24 08:20:12,379: [15556] m.c.manticore:INFO: Generated testcase No. 41 - REVERT(4 txs)
2019-07-24 08:20:16,004: [15547] m.c.manticore:INFO: Generated testcase No. 42 - REVERT(4 txs)
2019-07-24 08:20:17,428: [15559] m.c.manticore:INFO: Generated testcase No. 43 - REVERT(4 txs)
2019-07-24 08:20:28,032: [15551] m.c.manticore:INFO: Generated testcase No. 44 - REVERT(4 txs)
2019-07-24 08:20:30,096: [15561] m.c.manticore:INFO: Generated testcase No. 45 - REVERT(4 txs)
2019-07-24 08:20:34,970: [15563] m.c.manticore:INFO: Generated testcase No. 46 - REVERT(4 txs)
2019-07-24 08:20:38,401: [15567] m.c.manticore:INFO: Generated testcase No. 47 - REVERT(4 txs)
2019-07-24 08:20:41,316: [15565] m.c.manticore:INFO: Generated testcase No. 48 - REVERT(4 txs)
2019-07-24 08:20:58,532: [15549] m.c.manticore:INFO: Generated testcase No. 49 - REVERT(4 txs)
2019-07-24 08:21:21,199: [15556] m.c.manticore:INFO: Generated testcase No. 50 - REVERT(4 txs)
2019-07-24 08:21:24,821: [15547] m.c.manticore:INFO: Generated testcase No. 51 - REVERT(4 txs)
2019-07-24 08:21:29,331: [15564] m.c.manticore:INFO: Generated testcase No. 52 - REVERT(4 txs)
2019-07-24 08:22:16,265: [9104] m.c.manticore:INFO: Results in /mcore_2o8eb1wm
2019-07-24 08:22:25,707: [17957] m.main:INFO: Registered plugins: DetectEnvInstruction, DetectReentrancyAdvanced, DetectInvalid, DetectDelegatecall, DetectUninitializedStorage, DetectSuicidal, DetectUninitializedMemory, DetectIntegerOverflow, DetectExternalCallAndLeak, DetectUnusedRetVal, DetectReentrancySimple
2019-07-24 08:22:25,708: [17957] m.main:INFO: Beginning analysis
2019-07-24 08:22:25,870: [17957] m.e.manticore:INFO: Starting symbolic create contract
2019-07-24 08:22:32,741: [17957] m.e.manticore:INFO: Starting symbolic transaction: 0
2019-07-24 08:23:04,761: [17957] m.e.manticore:INFO: 3 alive states, 5 terminated states
2019-07-24 08:23:07,054: [17957] m.e.manticore:INFO: Starting symbolic transaction: 1
2019-07-24 08:24:20,017: [17957] m.e.manticore:INFO: 9 alive states, 20 terminated states
2019-07-24 08:24:23,412: [22001] m.c.manticore:INFO: Generated testcase No. 0 - RETURN(3 txs)
2019-07-24 08:24:23,996: [22000] m.c.manticore:INFO: Generated testcase No. 2 - RETURN(3 txs)
2019-07-24 08:24:24,008: [21993] m.c.manticore:INFO: Generated testcase No. 1 - RETURN(3 txs)
2019-07-24 08:24:24,140: [22005] m.c.manticore:INFO: Generated testcase No. 5 - RETURN(1 txs)
2019-07-24 08:24:24,192: [22002] m.c.manticore:INFO: Generated testcase No. 4 - RETURN(3 txs)
2019-07-24 08:24:24,285: [22006] m.c.manticore:INFO: Generated testcase No. 7 - RETURN(3 txs)
2019-07-24 08:24:24,276: [21995] m.c.manticore:INFO: Generated testcase No. 3 - RETURN(3 txs)
2019-07-24 08:24:24,328: [21999] m.c.manticore:INFO: Generated testcase No. 6 - RETURN(3 txs)
2019-07-24 08:24:24,426: [22004] m.c.manticore:INFO: Generated testcase No. 8 - RETURN(3 txs)
2019-07-24 08:24:24,882: [21996] m.c.manticore:INFO: Generated testcase No. 9 - RETURN(3 txs)
2019-07-24 08:24:43,576: [22005] m.c.manticore:INFO: Generated testcase No. 10 - REVERT(2 txs)
2019-07-24 08:24:52,571: [22001] m.c.manticore:INFO: Generated testcase No. 11 - REVERT(2 txs)
2019-07-24 08:24:53,551: [22004] m.c.manticore:INFO: Generated testcase No. 12 - REVERT(2 txs)
2019-07-24 08:24:55,728: [22000] m.c.manticore:INFO: Generated testcase No. 13 - REVERT(2 txs)
2019-07-24 08:24:59,042: [22006] m.c.manticore:INFO: Generated testcase No. 14 - RETURN(2 txs)
2019-07-24 08:24:59,107: [21999] m.c.manticore:INFO: Generated testcase No. 15 - RETURN(2 txs)
2019-07-24 08:25:00,190: [22002] m.c.manticore:INFO: Generated testcase No. 16 - RETURN(2 txs)
2019-07-24 08:25:00,430: [21996] m.c.manticore:INFO: Generated testcase No. 17 - REVERT(3 txs)
2019-07-24 08:25:04,357: [21995] m.c.manticore:INFO: Generated testcase No. 18 - REVERT(3 txs)
2019-07-24 08:25:04,866: [21993] m.c.manticore:INFO: Generated testcase No. 19 - REVERT(3 txs)
2019-07-24 08:25:05,798: [22005] m.c.manticore:INFO: Generated testcase No. 20 - REVERT(3 txs)
2019-07-24 08:25:19,683: [22000] m.c.manticore:INFO: Generated testcase No. 21 - REVERT(3 txs)
2019-07-24 08:25:21,004: [22001] m.c.manticore:INFO: Generated testcase No. 22 - REVERT(3 txs)
2019-07-24 08:25:21,787: [22004] m.c.manticore:INFO: Generated testcase No. 23 - REVERT(3 txs)
2019-07-24 08:25:26,337: [21999] m.c.manticore:INFO: Generated testcase No. 24 - REVERT(3 txs)
2019-07-24 08:25:29,083: [22006] m.c.manticore:INFO: Generated testcase No. 25 - REVERT(3 txs)
2019-07-24 08:25:31,118: [22002] m.c.manticore:INFO: Generated testcase No. 26 - REVERT(3 txs)
2019-07-24 08:25:32,115: [21996] m.c.manticore:INFO: Generated testcase No. 27 - REVERT(3 txs)
2019-07-24 08:25:35,486: [21993] m.c.manticore:INFO: Generated testcase No. 28 - REVERT(3 txs)
2019-07-24 08:26:01,227: [17957] m.c.manticore:INFO: Results in /mcore_qynk9t4o
2019-07-24 08:26:07,704: [23095] m.main:INFO: Registered plugins: DetectInvalid, DetectUnusedRetVal, DetectUninitializedStorage, DetectExternalCallAndLeak, DetectSuicidal, DetectReentrancyAdvanced, DetectEnvInstruction, DetectIntegerOverflow, DetectReentrancySimple, DetectUninitializedMemory, DetectDelegatecall
2019-07-24 08:26:07,704: [23095] m.main:INFO: Beginning analysis
2019-07-24 08:26:07,946: [23095] m.e.manticore:INFO: Starting symbolic create contract
2019-07-24 08:26:15,326: [23095] m.e.manticore:INFO: Starting symbolic transaction: 0
2019-07-24 08:26:21,181: [23095] m.e.manticore:INFO: 0 alive states, 2 terminated states
2019-07-24 08:26:21,993: [23095] m.e.manticore:INFO: Starting symbolic transaction: 1
2019-07-24 08:26:22,986: [23635] m.c.manticore:INFO: Generated testcase No. 0 - RETURN(1 txs)
2019-07-24 08:26:23,023: [23632] m.c.manticore:INFO: Generated testcase No. 1 - REVERT(2 txs)
2019-07-24 08:26:28,154: [23095] m.c.manticore:INFO: Results in /mcore_uj_oqpgz
2019-07-24 08:26:33,188: [23946] m.main:INFO: Registered plugins: DetectInvalid, DetectExternalCallAndLeak, DetectSuicidal, DetectReentrancySimple, DetectReentrancyAdvanced, DetectEnvInstruction, DetectDelegatecall, DetectUninitializedStorage, DetectIntegerOverflow, DetectUnusedRetVal, DetectUninitializedMemory
2019-07-24 08:26:33,189: [23946] m.main:INFO: Beginning analysis
2019-07-24 08:26:33,445: [23946] m.e.manticore:INFO: Starting symbolic create contract
2019-07-24 08:27:17,562: [23946] m.e.manticore:INFO: Starting symbolic transaction: 0
2019-07-24 08:34:50,854: [23946] m.e.manticore:INFO: 13 alive states, 38 terminated states
2019-07-24 08:35:14,059: [23946] m.e.manticore:INFO: Starting symbolic transaction: 1