/unique_chucks/45/0x5ce1d9d1d7f4f8c50b96c6f6dd50caf44a193799.sol
jar:file:/usr/local/lib/node_modules/@smartdec/smartcheck/jdeploy-bundle/smartcheck-2.0-jar-with-dependencies.jar!/solidity-rules.xmlruleId: SOLIDITY_ADDRESS_HARDCODED
patternId: adc165
severity: 1
line: 122
column: 18
content: 0x902e3f24dd0410a5e80cf3c771a1ed158432b740

ruleId: SOLIDITY_ADDRESS_HARDCODED
patternId: adc165
severity: 1
line: 123
column: 29
content: 0x902e3f24dd0410a5e80cf3c771a1ed158432b740

ruleId: SOLIDITY_ADDRESS_HARDCODED
patternId: a91b18
severity: 1
line: 90
column: 8
content: newOwner=address(0)

ruleId: SOLIDITY_ADDRESS_HARDCODED
patternId: a91b18
severity: 1
line: 132
column: 31
content: balances[address(0)]

ruleId: SOLIDITY_DEPRECATED_CONSTRUCTIONS
patternId: 28fa69
severity: 1
line: 43
column: 4
content: functiontotalSupply()publicconstantreturns(uint);

ruleId: SOLIDITY_DEPRECATED_CONSTRUCTIONS
patternId: 28fa69
severity: 1
line: 44
column: 4
content: functionbalanceOf(addresstokenOwner)publicconstantreturns(uintbalance);

ruleId: SOLIDITY_DEPRECATED_CONSTRUCTIONS
patternId: 28fa69
severity: 1
line: 45
column: 4
content: functionallowance(addresstokenOwner,addressspender)publicconstantreturns(uintremaining);

ruleId: SOLIDITY_DEPRECATED_CONSTRUCTIONS
patternId: 28fa69
severity: 1
line: 131
column: 4
content: functiontotalSupply()publicconstantreturns(uint){return_totalSupply-balances[address(0)];}

ruleId: SOLIDITY_DEPRECATED_CONSTRUCTIONS
patternId: 28fa69
severity: 1
line: 139
column: 4
content: functionbalanceOf(addresstokenOwner)publicconstantreturns(uintbalance){returnbalances[tokenOwner];}

ruleId: SOLIDITY_DEPRECATED_CONSTRUCTIONS
patternId: 28fa69
severity: 1
line: 194
column: 4
content: functionallowance(addresstokenOwner,addressspender)publicconstantreturns(uintremaining){returnallowed[tokenOwner][spender];}

ruleId: SOLIDITY_ERC20_APPROVE
patternId: af782c
severity: 2
line: 165
column: 4
content: functionapprove(addressspender,uinttokens)publicreturns(boolsuccess){allowed[msg.sender][spender]=tokens;Approval(msg.sender,spender,tokens);returntrue;}

ruleId: SOLIDITY_PRAGMAS_VERSION
patternId: 23fc32
severity: 1
line: 1
column: 16
content: ^

ruleId: SOLIDITY_UPGRADE_TO_050
patternId: 91h3sa
severity: 1
line: 214
column: 16
content: public

ruleId: SOLIDITY_UPGRADE_TO_050
patternId: 341gim
severity: 1
line: 61
column: 74
content: bytesdata

ruleId: SOLIDITY_UPGRADE_TO_050
patternId: 341gim
severity: 1
line: 204
column: 58
content: bytesdata

ruleId: SOLIDITY_VISIBILITY
patternId: b51ce0
severity: 1
line: 108
column: 4
content: mapping(address=>uint)balances;

ruleId: SOLIDITY_VISIBILITY
patternId: b51ce0
severity: 1
line: 109
column: 4
content: mapping(address=>mapping(address=>uint))allowed;

SOLIDITY_VISIBILITY :2
SOLIDITY_DEPRECATED_CONSTRUCTIONS :6
SOLIDITY_PRAGMAS_VERSION :1
SOLIDITY_ADDRESS_HARDCODED :4
SOLIDITY_UPGRADE_TO_050 :3
SOLIDITY_ERC20_APPROVE :1