INFO:Slither:Compilation warnings/errors on /unique_chucks/25/0x5f960a7fe869f5e7a7ab5e4688911b5ec7202812.sol:
/unique_chucks/25/0x5f960a7fe869f5e7a7ab5e4688911b5ec7202812.sol:47:5: Warning: Defining constructors as functions with the same name as the contract is deprecated. Use "constructor(...) { ... }" instead.
    function TokenERC20(uint256 _initialSupply, string _tokenName, string _tokenSymbol, uint8 _decimals) public {
    ^ (Relevant source part starts here and spans across multiple lines).
/unique_chucks/25/0x5f960a7fe869f5e7a7ab5e4688911b5ec7202812.sol:211:5: Warning: Defining constructors as functions with the same name as the contract is deprecated. Use "constructor(...) { ... }" instead.
    function BinaxToken() TokenERC20(1000000000, "BINAX Token", "BIN", 18) public {
    ^ (Relevant source part starts here and spans across multiple lines).
/unique_chucks/25/0x5f960a7fe869f5e7a7ab5e4688911b5ec7202812.sol:22:5: Warning: Functions in interfaces should be declared external.
    function receiveApproval(address _from, uint256 _value, address _token, bytes _extraData) public;
    ^-----------------------------------------------------------------------------------------------^
/unique_chucks/25/0x5f960a7fe869f5e7a7ab5e4688911b5ec7202812.sol:80:9: Warning: Invoking events without "emit" prefix is deprecated.
        Transfer(_from, _to, _value);
        ^--------------------------^
/unique_chucks/25/0x5f960a7fe869f5e7a7ab5e4688911b5ec7202812.sol:124:9: Warning: Invoking events without "emit" prefix is deprecated.
        Approval(msg.sender, _spender, _value);
        ^------------------------------------^
/unique_chucks/25/0x5f960a7fe869f5e7a7ab5e4688911b5ec7202812.sol:157:9: Warning: Invoking events without "emit" prefix is deprecated.
        Burn(msg.sender, _value);
        ^----------------------^
/unique_chucks/25/0x5f960a7fe869f5e7a7ab5e4688911b5ec7202812.sol:175:9: Warning: Invoking events without "emit" prefix is deprecated.
        Burn(_from, _value);
        ^-----------------^
/unique_chucks/25/0x5f960a7fe869f5e7a7ab5e4688911b5ec7202812.sol:190:9: Warning: Invoking events without "emit" prefix is deprecated.
        Approval(msg.sender, _spender, allowances[msg.sender][_spender]);
        ^--------------------------------------------------------------^
/unique_chucks/25/0x5f960a7fe869f5e7a7ab5e4688911b5ec7202812.sol:201:9: Warning: Invoking events without "emit" prefix is deprecated.
        Approval(msg.sender, _spender, allowances[msg.sender][_spender]);
        ^--------------------------------------------------------------^

INFO:Detectors:[92m
ERC20.balanceOf (/unique_chucks/25/0x5f960a7fe869f5e7a7ab5e4688911b5ec7202812.sol#11-12) should be declared external
TokenERC20.balanceOf (/unique_chucks/25/0x5f960a7fe869f5e7a7ab5e4688911b5ec7202812.sol#56-60) should be declared external
ERC20.transfer (/unique_chucks/25/0x5f960a7fe869f5e7a7ab5e4688911b5ec7202812.sol#12-14) should be declared external
TokenERC20.transfer (/unique_chucks/25/0x5f960a7fe869f5e7a7ab5e4688911b5ec7202812.sol#96-102) should be declared external
TokenERC20.allowance (/unique_chucks/25/0x5f960a7fe869f5e7a7ab5e4688911b5ec7202812.sol#60-65) should be declared external
ERC20.allowance (/unique_chucks/25/0x5f960a7fe869f5e7a7ab5e4688911b5ec7202812.sol#14-15) should be declared external
TokenERC20.transferFrom (/unique_chucks/25/0x5f960a7fe869f5e7a7ab5e4688911b5ec7202812.sol#109-117) should be declared external
ERC20.transferFrom (/unique_chucks/25/0x5f960a7fe869f5e7a7ab5e4688911b5ec7202812.sol#16-21) should be declared external
TokenRecipient.receiveApproval (/unique_chucks/25/0x5f960a7fe869f5e7a7ab5e4688911b5ec7202812.sol#22-27) should be declared external
TokenERC20.approveAndCall (/unique_chucks/25/0x5f960a7fe869f5e7a7ab5e4688911b5ec7202812.sol#138-151) should be declared external
TokenERC20.burn (/unique_chucks/25/0x5f960a7fe869f5e7a7ab5e4688911b5ec7202812.sol#155-166) should be declared external
TokenERC20.burnFrom (/unique_chucks/25/0x5f960a7fe869f5e7a7ab5e4688911b5ec7202812.sol#170-182) should be declared external
TokenERC20.increaseApproval (/unique_chucks/25/0x5f960a7fe869f5e7a7ab5e4688911b5ec7202812.sol#187-196) should be declared external
TokenERC20.decreaseApproval (/unique_chucks/25/0x5f960a7fe869f5e7a7ab5e4688911b5ec7202812.sol#197-214) should be declared external
Reference: https://github.com/trailofbits/slither/wiki/Detectors-Documentation#public-function-that-could-be-declared-as-external[0m
INFO:Detectors:[92m
Detected issues with version pragma in /unique_chucks/25/0x5f960a7fe869f5e7a7ab5e4688911b5ec7202812.sol:
	- pragma solidity^0.4.18 (/unique_chucks/25/0x5f960a7fe869f5e7a7ab5e4688911b5ec7202812.sol#1): it allows old versions
Reference: https://github.com/trailofbits/slither/wiki/Detectors-Documentation#incorrect-version-of-solidity[0m
INFO:Detectors:[92m
Parameter '_owner' of TokenERC20.balanceOf (/unique_chucks/25/0x5f960a7fe869f5e7a7ab5e4688911b5ec7202812.sol#57) is not in mixedCase
Parameter '_to' of TokenERC20.transfer (/unique_chucks/25/0x5f960a7fe869f5e7a7ab5e4688911b5ec7202812.sol#96-97) is not in mixedCase
Parameter '_value' of TokenERC20.transfer (/unique_chucks/25/0x5f960a7fe869f5e7a7ab5e4688911b5ec7202812.sol#97-100) is not in mixedCase
Parameter '_owner' of TokenERC20.allowance (/unique_chucks/25/0x5f960a7fe869f5e7a7ab5e4688911b5ec7202812.sol#60-61) is not in mixedCase
Parameter '_spender' of TokenERC20.allowance (/unique_chucks/25/0x5f960a7fe869f5e7a7ab5e4688911b5ec7202812.sol#61) is not in mixedCase
Parameter '_spender' of TokenERC20.approve (/unique_chucks/25/0x5f960a7fe869f5e7a7ab5e4688911b5ec7202812.sol#124) is not in mixedCase
Parameter '_value' of TokenERC20.approve (/unique_chucks/25/0x5f960a7fe869f5e7a7ab5e4688911b5ec7202812.sol#124) is not in mixedCase
Parameter '_from' of TokenERC20.transferFrom (/unique_chucks/25/0x5f960a7fe869f5e7a7ab5e4688911b5ec7202812.sol#109) is not in mixedCase
Parameter '_to' of TokenERC20.transferFrom (/unique_chucks/25/0x5f960a7fe869f5e7a7ab5e4688911b5ec7202812.sol#109) is not in mixedCase
Parameter '_value' of TokenERC20.transferFrom (/unique_chucks/25/0x5f960a7fe869f5e7a7ab5e4688911b5ec7202812.sol#109-110) is not in mixedCase
Function 'TokenERC20.TokenERC20' (/unique_chucks/25/0x5f960a7fe869f5e7a7ab5e4688911b5ec7202812.sol#47-56) is not in mixedCase
Parameter '_initialSupply' of TokenERC20.TokenERC20 (/unique_chucks/25/0x5f960a7fe869f5e7a7ab5e4688911b5ec7202812.sol#47) is not in mixedCase
Parameter '_tokenName' of TokenERC20.TokenERC20 (/unique_chucks/25/0x5f960a7fe869f5e7a7ab5e4688911b5ec7202812.sol#47) is not in mixedCase
Parameter '_tokenSymbol' of TokenERC20.TokenERC20 (/unique_chucks/25/0x5f960a7fe869f5e7a7ab5e4688911b5ec7202812.sol#47-48) is not in mixedCase
Parameter '_decimals' of TokenERC20.TokenERC20 (/unique_chucks/25/0x5f960a7fe869f5e7a7ab5e4688911b5ec7202812.sol#48) is not in mixedCase
Function 'TokenERC20._transfer' (/unique_chucks/25/0x5f960a7fe869f5e7a7ab5e4688911b5ec7202812.sol#67-90) is not in mixedCase
Parameter '_from' of TokenERC20._transfer (/unique_chucks/25/0x5f960a7fe869f5e7a7ab5e4688911b5ec7202812.sol#68) is not in mixedCase
Parameter '_to' of TokenERC20._transfer (/unique_chucks/25/0x5f960a7fe869f5e7a7ab5e4688911b5ec7202812.sol#68) is not in mixedCase
Parameter '_value' of TokenERC20._transfer (/unique_chucks/25/0x5f960a7fe869f5e7a7ab5e4688911b5ec7202812.sol#68) is not in mixedCase
Parameter '_spender' of TokenERC20.approveAndCall (/unique_chucks/25/0x5f960a7fe869f5e7a7ab5e4688911b5ec7202812.sol#139) is not in mixedCase
Parameter '_value' of TokenERC20.approveAndCall (/unique_chucks/25/0x5f960a7fe869f5e7a7ab5e4688911b5ec7202812.sol#139) is not in mixedCase
Parameter '_extraData' of TokenERC20.approveAndCall (/unique_chucks/25/0x5f960a7fe869f5e7a7ab5e4688911b5ec7202812.sol#139-140) is not in mixedCase
Parameter '_value' of TokenERC20.burn (/unique_chucks/25/0x5f960a7fe869f5e7a7ab5e4688911b5ec7202812.sol#155) is not in mixedCase
Parameter '_from' of TokenERC20.burnFrom (/unique_chucks/25/0x5f960a7fe869f5e7a7ab5e4688911b5ec7202812.sol#171) is not in mixedCase
Parameter '_value' of TokenERC20.burnFrom (/unique_chucks/25/0x5f960a7fe869f5e7a7ab5e4688911b5ec7202812.sol#171) is not in mixedCase
Parameter '_spender' of TokenERC20.increaseApproval (/unique_chucks/25/0x5f960a7fe869f5e7a7ab5e4688911b5ec7202812.sol#187-189) is not in mixedCase
Parameter '_addedValue' of TokenERC20.increaseApproval (/unique_chucks/25/0x5f960a7fe869f5e7a7ab5e4688911b5ec7202812.sol#189) is not in mixedCase
Parameter '_spender' of TokenERC20.decreaseApproval (/unique_chucks/25/0x5f960a7fe869f5e7a7ab5e4688911b5ec7202812.sol#197) is not in mixedCase
Parameter '_subtractedValue' of TokenERC20.decreaseApproval (/unique_chucks/25/0x5f960a7fe869f5e7a7ab5e4688911b5ec7202812.sol#197-198) is not in mixedCase
Function 'BinaxToken.BinaxToken' (/unique_chucks/25/0x5f960a7fe869f5e7a7ab5e4688911b5ec7202812.sol) is not in mixedCase
Reference: https://github.com/trailofbits/slither/wiki/Detectors-Documentation#conformance-to-solidity-naming-conventions[0m
INFO:Slither:/unique_chucks/25/0x5f960a7fe869f5e7a7ab5e4688911b5ec7202812.sol analyzed (4 contracts), 45 result(s) found