/unique_chucks/35/0xc684bf3b56ca914b7b0670845092420a661963f7.sol
jar:file:/usr/local/lib/node_modules/@smartdec/smartcheck/jdeploy-bundle/smartcheck-2.0-jar-with-dependencies.jar!/solidity-rules.xmlruleId: SOLIDITY_ADDRESS_HARDCODED
patternId: adc165
severity: 1
line: 60
column: 26
content: 0x3398BdC73b3e245187aAe7b231e453c0089AA04e

ruleId: SOLIDITY_ADDRESS_HARDCODED
patternId: adc165
severity: 1
line: 62
column: 26
content: 0x0B65Ce79206468fdA9E12eC77f2CEE87Ff63F81C

ruleId: SOLIDITY_ADDRESS_HARDCODED
patternId: adc165
severity: 1
line: 64
column: 26
content: 0x3398BdC73b3e245187aAe7b231e453c0089AA04e

ruleId: SOLIDITY_EXTRA_GAS_IN_LOOPS
patternId: k4o1l4
severity: 1
line: 74
column: 8
content: while(i++<vaults.length){if(now>vaults[i].unfrozen&&vaults[i].amount>0){token.transfer(vaults[i].wallet,vaults[i].amount);vaults[i].amount=0;}}

ruleId: SOLIDITY_EXTRA_GAS_IN_LOOPS
patternId: k4o1l4
severity: 1
line: 84
column: 8
content: while(i++<vaults.length){if(now>vaults[i].unfrozen&&vaults[i].amount>0){returntrue;}}

ruleId: SOLIDITY_GAS_LIMIT_IN_LOOPS
patternId: 17f23a
severity: 1
line: 74
column: 15
content: i++<vaults.length

ruleId: SOLIDITY_GAS_LIMIT_IN_LOOPS
patternId: 17f23a
severity: 1
line: 84
column: 15
content: i++<vaults.length

ruleId: SOLIDITY_OVERPOWERED_ROLE
patternId: j83hf7
severity: 2
line: 67
column: 4
content: functionsetToken(XRRtoken_token)publiconlyOwner{token=_token;}

ruleId: SOLIDITY_PRAGMAS_VERSION
patternId: 23fc32
severity: 1
line: 1
column: 16
content: ^

ruleId: SOLIDITY_VISIBILITY
patternId: b51ce0
severity: 1
line: 47
column: 4
content: XRRtokentoken;

SOLIDITY_VISIBILITY :1
SOLIDITY_OVERPOWERED_ROLE :1
SOLIDITY_PRAGMAS_VERSION :1
SOLIDITY_EXTRA_GAS_IN_LOOPS :2
SOLIDITY_ADDRESS_HARDCODED :3
SOLIDITY_GAS_LIMIT_IN_LOOPS :2