INFO:Detectors:[92m
Token0xC.BaseTimestamp should be constant (/unique_chucks/3/0x60d8234a662651e586173c17eb45ca9833a7aa6c.sol#300-302)
Reference: https://github.com/trailofbits/slither/wiki/Detectors-Documentation#state-variables-that-could-be-declared-constant[0m
INFO:Detectors:[92m
Ownable.transferOwnership (/unique_chucks/3/0x60d8234a662651e586173c17eb45ca9833a7aa6c.sol#174-178) should be declared external
StandardToken.transfer (/unique_chucks/3/0x60d8234a662651e586173c17eb45ca9833a7aa6c.sol#197-211) should be declared external
StandardToken.balanceOf (/unique_chucks/3/0x60d8234a662651e586173c17eb45ca9833a7aa6c.sol#218-220) should be declared external
StandardToken.transferFrom (/unique_chucks/3/0x60d8234a662651e586173c17eb45ca9833a7aa6c.sol#224-240) should be declared external
StandardToken.approve (/unique_chucks/3/0x60d8234a662651e586173c17eb45ca9833a7aa6c.sol#246-258) should be declared external
StandardToken.allowance (/unique_chucks/3/0x60d8234a662651e586173c17eb45ca9833a7aa6c.sol#269-274) should be declared external
Token0xC.fallback (/unique_chucks/3/0x60d8234a662651e586173c17eb45ca9833a7aa6c.sol#326-328) should be declared external
Token0xC.initialize (/unique_chucks/3/0x60d8234a662651e586173c17eb45ca9833a7aa6c.sol#329-353) should be declared external
Token0xC.setPeriod (/unique_chucks/3/0x60d8234a662651e586173c17eb45ca9833a7aa6c.sol#354-373) should be declared external
Token0xC.setPeriodRate (/unique_chucks/3/0x60d8234a662651e586173c17eb45ca9833a7aa6c.sol#373-381) should be declared external
Token0xC.transferToken (/unique_chucks/3/0x60d8234a662651e586173c17eb45ca9833a7aa6c.sol#382-398) should be declared external
Token0xC.setDailyCap (/unique_chucks/3/0x60d8234a662651e586173c17eb45ca9833a7aa6c.sol#398-401) should be declared external
Token0xC.setSaleLimit (/unique_chucks/3/0x60d8234a662651e586173c17eb45ca9833a7aa6c.sol#401-404) should be declared external
Token0xC.setSaleCap (/unique_chucks/3/0x60d8234a662651e586173c17eb45ca9833a7aa6c.sol#404-422) should be declared external
Token0xC.finalize (/unique_chucks/3/0x60d8234a662651e586173c17eb45ca9833a7aa6c.sol#438-445) should be declared external
Reference: https://github.com/trailofbits/slither/wiki/Detectors-Documentation#public-function-that-could-be-declared-as-external[0m
INFO:Detectors:[92m
Parameter '_to' of StandardToken.transfer (/unique_chucks/3/0x60d8234a662651e586173c17eb45ca9833a7aa6c.sol#197) is not in mixedCase
Parameter '_value' of StandardToken.transfer (/unique_chucks/3/0x60d8234a662651e586173c17eb45ca9833a7aa6c.sol#197) is not in mixedCase
Parameter '_owner' of StandardToken.balanceOf (/unique_chucks/3/0x60d8234a662651e586173c17eb45ca9833a7aa6c.sol#218) is not in mixedCase
Parameter '_from' of StandardToken.transferFrom (/unique_chucks/3/0x60d8234a662651e586173c17eb45ca9833a7aa6c.sol#226) is not in mixedCase
Parameter '_to' of StandardToken.transferFrom (/unique_chucks/3/0x60d8234a662651e586173c17eb45ca9833a7aa6c.sol#226) is not in mixedCase
Parameter '_value' of StandardToken.transferFrom (/unique_chucks/3/0x60d8234a662651e586173c17eb45ca9833a7aa6c.sol#226-227) is not in mixedCase
Parameter '_spender' of StandardToken.approve (/unique_chucks/3/0x60d8234a662651e586173c17eb45ca9833a7aa6c.sol#246) is not in mixedCase
Parameter '_value' of StandardToken.approve (/unique_chucks/3/0x60d8234a662651e586173c17eb45ca9833a7aa6c.sol#246-247) is not in mixedCase
Parameter '_owner' of StandardToken.allowance (/unique_chucks/3/0x60d8234a662651e586173c17eb45ca9833a7aa6c.sol#270) is not in mixedCase
Parameter '_spender' of StandardToken.allowance (/unique_chucks/3/0x60d8234a662651e586173c17eb45ca9833a7aa6c.sol#270) is not in mixedCase
Parameter '_tokenWallet' of Token0xC.initialize (/unique_chucks/3/0x60d8234a662651e586173c17eb45ca9833a7aa6c.sol#329-330) is not in mixedCase
Parameter '_fundWallet' of Token0xC.initialize (/unique_chucks/3/0x60d8234a662651e586173c17eb45ca9833a7aa6c.sol#330) is not in mixedCase
Parameter '_start1' of Token0xC.initialize (/unique_chucks/3/0x60d8234a662651e586173c17eb45ca9833a7aa6c.sol#330-332) is not in mixedCase
Parameter '_end1' of Token0xC.initialize (/unique_chucks/3/0x60d8234a662651e586173c17eb45ca9833a7aa6c.sol#332) is not in mixedCase
Parameter '_dailyCap' of Token0xC.initialize (/unique_chucks/3/0x60d8234a662651e586173c17eb45ca9833a7aa6c.sol#333-334) is not in mixedCase
Parameter '_saleCap' of Token0xC.initialize (/unique_chucks/3/0x60d8234a662651e586173c17eb45ca9833a7aa6c.sol#334-335) is not in mixedCase
Parameter '_totalSupply' of Token0xC.initialize (/unique_chucks/3/0x60d8234a662651e586173c17eb45ca9833a7aa6c.sol#335) is not in mixedCase
Parameter '_start' of Token0xC.setPeriod (/unique_chucks/3/0x60d8234a662651e586173c17eb45ca9833a7aa6c.sol#355) is not in mixedCase
Parameter '_end' of Token0xC.setPeriod (/unique_chucks/3/0x60d8234a662651e586173c17eb45ca9833a7aa6c.sol#355) is not in mixedCase
Parameter '_period' of Token0xC.setPeriodRate (/unique_chucks/3/0x60d8234a662651e586173c17eb45ca9833a7aa6c.sol#374) is not in mixedCase
Parameter '_rate' of Token0xC.setPeriodRate (/unique_chucks/3/0x60d8234a662651e586173c17eb45ca9833a7aa6c.sol#374) is not in mixedCase
Parameter '_to' of Token0xC.transferToken (/unique_chucks/3/0x60d8234a662651e586173c17eb45ca9833a7aa6c.sol#382) is not in mixedCase
Parameter '_dailyCap' of Token0xC.setDailyCap (/unique_chucks/3/0x60d8234a662651e586173c17eb45ca9833a7aa6c.sol#399-400) is not in mixedCase
Parameter '_etherLimit' of Token0xC.setSaleLimit (/unique_chucks/3/0x60d8234a662651e586173c17eb45ca9833a7aa6c.sol#401-402) is not in mixedCase
Parameter '_saleCap' of Token0xC.setSaleCap (/unique_chucks/3/0x60d8234a662651e586173c17eb45ca9833a7aa6c.sol#404-405) is not in mixedCase
Function 'Token0xC.DateConverter' (/unique_chucks/3/0x60d8234a662651e586173c17eb45ca9833a7aa6c.sol#446-455) is not in mixedCase
Variable 'Token0xC.BaseTimestamp' (/unique_chucks/3/0x60d8234a662651e586173c17eb45ca9833a7aa6c.sol#300-302) is not in mixedCase
Variable 'Token0xC.LastbetDay' (/unique_chucks/3/0x60d8234a662651e586173c17eb45ca9833a7aa6c.sol#306) is not in mixedCase
Variable 'Token0xC.LeftDailyCap' (/unique_chucks/3/0x60d8234a662651e586173c17eb45ca9833a7aa6c.sol#306) is not in mixedCase
Variable 'Token0xC.EtheLowLimit' (/unique_chucks/3/0x60d8234a662651e586173c17eb45ca9833a7aa6c.sol#306-307) is not in mixedCase
Reference: https://github.com/trailofbits/slither/wiki/Detectors-Documentation#conformance-to-solidity-naming-conventions[0m
INFO:Slither:/unique_chucks/3/0x60d8234a662651e586173c17eb45ca9833a7aa6c.sol analyzed (4 contracts), 46 result(s) found