INFO:Slither:Compilation warnings/errors on /unique_contracts/0x921f9f83faa6d58a26c755430c22161e0e3646e7.sol:
/unique_contracts/0x921f9f83faa6d58a26c755430c22161e0e3646e7.sol:419:5: Warning: No visibility specified. Defaulting to "public". 
    function setBarrelPrice(uint _price){
    ^ (Relevant source part starts here and spans across multiple lines).
/unique_contracts/0x921f9f83faa6d58a26c755430c22161e0e3646e7.sol:424:5: Warning: No visibility specified. Defaulting to "public". 
    function setEtherPrice(uint _price){
    ^ (Relevant source part starts here and spans across multiple lines).

INFO:Detectors:[92m
IPCToken.balanceOf.owner (local variable @ /unique_contracts/0x921f9f83faa6d58a26c755430c22161e0e3646e7.sol#252) shadows:
	- Ownable.owner (function @ /unique_contracts/0x921f9f83faa6d58a26c755430c22161e0e3646e7.sol#171-177)
IPCToken.allowance.owner (local variable @ /unique_contracts/0x921f9f83faa6d58a26c755430c22161e0e3646e7.sol#257) shadows:
	- Ownable.owner (function @ /unique_contracts/0x921f9f83faa6d58a26c755430c22161e0e3646e7.sol#171-177)
Reference: https://github.com/trailofbits/slither/wiki/Detectors-Documentation#local-variable-shadowing[0m
INFO:Detectors:[92m
IPCCrowdsale._wallet should be constant (/unique_contracts/0x921f9f83faa6d58a26c755430c22161e0e3646e7.sol#388-394)
IPCToken.decimals should be constant (/unique_contracts/0x921f9f83faa6d58a26c755430c22161e0e3646e7.sol#227-229)
IPCToken.name should be constant (/unique_contracts/0x921f9f83faa6d58a26c755430c22161e0e3646e7.sol#227)
IPCToken.symbol should be constant (/unique_contracts/0x921f9f83faa6d58a26c755430c22161e0e3646e7.sol#229-232)
Reference: https://github.com/trailofbits/slither/wiki/Detectors-Documentation#state-variables-that-could-be-declared-constant[0m
INFO:Detectors:[92m
Ownable.owner (/unique_contracts/0x921f9f83faa6d58a26c755430c22161e0e3646e7.sol#171-177) should be declared external
Ownable.renounceOwnership (/unique_contracts/0x921f9f83faa6d58a26c755430c22161e0e3646e7.sol#195-198) should be declared external
IPCToken.totalSupply (/unique_contracts/0x921f9f83faa6d58a26c755430c22161e0e3646e7.sol#245-251) should be declared external
IERC20.totalSupply (/unique_contracts/0x921f9f83faa6d58a26c755430c22161e0e3646e7.sol#74-75) should be declared external
IERC20.balanceOf (/unique_contracts/0x921f9f83faa6d58a26c755430c22161e0e3646e7.sol#76-77) should be declared external
IPCToken.balanceOf (/unique_contracts/0x921f9f83faa6d58a26c755430c22161e0e3646e7.sol#252-256) should be declared external
IERC20.allowance (/unique_contracts/0x921f9f83faa6d58a26c755430c22161e0e3646e7.sol#77-80) should be declared external
IPCToken.allowance (/unique_contracts/0x921f9f83faa6d58a26c755430c22161e0e3646e7.sol#257-261) should be declared external
IERC20.transfer (/unique_contracts/0x921f9f83faa6d58a26c755430c22161e0e3646e7.sol#81-82) should be declared external
IPCToken.transfer (/unique_contracts/0x921f9f83faa6d58a26c755430c22161e0e3646e7.sol#261-276) should be declared external
IERC20.approve (/unique_contracts/0x921f9f83faa6d58a26c755430c22161e0e3646e7.sol#84-85) should be declared external
IPCToken.approve (/unique_contracts/0x921f9f83faa6d58a26c755430c22161e0e3646e7.sol#276-286) should be declared external
IERC20.transferFrom (/unique_contracts/0x921f9f83faa6d58a26c755430c22161e0e3646e7.sol#85-89) should be declared external
IPCToken.transferFrom (/unique_contracts/0x921f9f83faa6d58a26c755430c22161e0e3646e7.sol#288-307) should be declared external
IPCToken.increaseAllowance (/unique_contracts/0x921f9f83faa6d58a26c755430c22161e0e3646e7.sol#307-324) should be declared external
IPCToken.decreaseAllowance (/unique_contracts/0x921f9f83faa6d58a26c755430c22161e0e3646e7.sol#324-336) should be declared external
IPCToken.burnFrom (/unique_contracts/0x921f9f83faa6d58a26c755430c22161e0e3646e7.sol#359-373) should be declared external
IPCCrowdsale.startMainSale (/unique_contracts/0x921f9f83faa6d58a26c755430c22161e0e3646e7.sol#415-419) should be declared external
IPCCrowdsale.wallet (/unique_contracts/0x921f9f83faa6d58a26c755430c22161e0e3646e7.sol#430-433) should be declared external
IPCCrowdsale.setBarrelPrice (/unique_contracts/0x921f9f83faa6d58a26c755430c22161e0e3646e7.sol#438-444) should be declared external
IPCCrowdsale.setEtherPrice (/unique_contracts/0x921f9f83faa6d58a26c755430c22161e0e3646e7.sol#444-446) should be declared external
IPCCrowdsale.weiRaised (/unique_contracts/0x921f9f83faa6d58a26c755430c22161e0e3646e7.sol#447-451) should be declared external
Reference: https://github.com/trailofbits/slither/wiki/Detectors-Documentation#public-function-that-could-be-declared-as-external[0m
INFO:Detectors:[92m
Function 'IERC20._mint' (/unique_contracts/0x921f9f83faa6d58a26c755430c22161e0e3646e7.sol#90-92) is not in mixedCase
Function 'Ownable._transferOwnership' (/unique_contracts/0x921f9f83faa6d58a26c755430c22161e0e3646e7.sol#213-223) is not in mixedCase
Function 'IPCToken._mint' (/unique_contracts/0x921f9f83faa6d58a26c755430c22161e0e3646e7.sol#336-346) is not in mixedCase
Function 'IPCToken._burn' (/unique_contracts/0x921f9f83faa6d58a26c755430c22161e0e3646e7.sol#346-357) is not in mixedCase
Parameter '_price' of IPCCrowdsale.setBarrelPrice (/unique_contracts/0x921f9f83faa6d58a26c755430c22161e0e3646e7.sol#442) is not in mixedCase
Parameter '_price' of IPCCrowdsale.setEtherPrice (/unique_contracts/0x921f9f83faa6d58a26c755430c22161e0e3646e7.sol#444-446) is not in mixedCase
Function 'IPCCrowdsale.get_max_supply' (/unique_contracts/0x921f9f83faa6d58a26c755430c22161e0e3646e7.sol#451-455) is not in mixedCase
Function 'IPCCrowdsale._deliverTokens' (/unique_contracts/0x921f9f83faa6d58a26c755430c22161e0e3646e7.sol#491-497) is not in mixedCase
Function 'IPCCrowdsale._processPurchase' (/unique_contracts/0x921f9f83faa6d58a26c755430c22161e0e3646e7.sol) is not in mixedCase
Function 'IPCCrowdsale._getTokenAmount' (/unique_contracts/0x921f9f83faa6d58a26c755430c22161e0e3646e7.sol) is not in mixedCase
Function 'IPCCrowdsale._forwardFunds' (/unique_contracts/0x921f9f83faa6d58a26c755430c22161e0e3646e7.sol) is not in mixedCase
Variable 'IPCCrowdsale._weiRaised' (/unique_contracts/0x921f9f83faa6d58a26c755430c22161e0e3646e7.sol#381) is not in mixedCase
Variable 'IPCCrowdsale.phase_bonuses' (/unique_contracts/0x921f9f83faa6d58a26c755430c22161e0e3646e7.sol#382-383) is not in mixedCase
Variable 'IPCCrowdsale.phase_supply_limits' (/unique_contracts/0x921f9f83faa6d58a26c755430c22161e0e3646e7.sol#383-388) is not in mixedCase
Variable 'IPCCrowdsale.usd_per_barrel_rate' (/unique_contracts/0x921f9f83faa6d58a26c755430c22161e0e3646e7.sol#394-395) is not in mixedCase
Variable 'IPCCrowdsale.eth_per_usd_rate' (/unique_contracts/0x921f9f83faa6d58a26c755430c22161e0e3646e7.sol#395-396) is not in mixedCase
Reference: https://github.com/trailofbits/slither/wiki/Detectors-Documentation#conformance-to-solidity-naming-conventions[0m
INFO:Slither:/unique_contracts/0x921f9f83faa6d58a26c755430c22161e0e3646e7.sol analyzed (6 contracts), 41 result(s) found