/unique_chucks/23/0x3bcc57726166dd1b391e4abc34fa41aee1457843.sol
jar:file:/usr/local/lib/node_modules/@smartdec/smartcheck/jdeploy-bundle/smartcheck-2.0-jar-with-dependencies.jar!/solidity-rules.xmlruleId: SOLIDITY_DEPRECATED_CONSTRUCTIONS
patternId: 28fa69
severity: 1
line: 179
column: 4
content: functiongetCountPartipants()publicconstantreturns(uintcount){returnallParticipants.length;}

ruleId: SOLIDITY_DEPRECATED_CONSTRUCTIONS
patternId: 28fa69
severity: 1
line: 182
column: 4
content: functiongetParticipantIndexAddress(uintindex)publicconstantreturns(address){returnallParticipants[index];}

ruleId: SOLIDITY_DEPRECATED_CONSTRUCTIONS
patternId: 28fa69
severity: 1
line: 191
column: 2
content: functionbalanceOf(address_owner)publicconstantreturns(uint256balance){returnbalances[_owner];}

ruleId: SOLIDITY_DEPRECATED_CONSTRUCTIONS
patternId: 28fa69
severity: 1
line: 256
column: 2
content: functionallowance(address_owner,address_spender)publicconstantreturns(uint256remaining){returnallowed[_owner][_spender];}

ruleId: SOLIDITY_ERC20_APPROVE
patternId: af782c
severity: 2
line: 244
column: 2
content: functionapprove(address_spender,uint256_value)publicreturns(bool){allowed[msg.sender][_spender]=_value;Approval(msg.sender,_spender,_value);returntrue;}

ruleId: SOLIDITY_REDUNDANT_FALLBACK_REJECT
patternId: b85a32
severity: 1
line: 298
column: 23
content: {revert();}

ruleId: SOLIDITY_SAFEMATH
patternId: 837cac
severity: 1
line: 151
column: 2
content: usingSafeMathforuint256;

ruleId: SOLIDITY_UPGRADE_TO_050
patternId: 91h3sa
severity: 1
line: 298
column: 16
content: public

ruleId: SOLIDITY_VISIBILITY
patternId: b51ce0
severity: 1
line: 153
column: 2
content: mapping(address=>uint256)balances;

ruleId: SOLIDITY_VISIBILITY
patternId: b51ce0
severity: 1
line: 154
column: 4
content: address[]allParticipants;

ruleId: SOLIDITY_VISIBILITY
patternId: b51ce0
severity: 1
line: 155
column: 4
content: mapping(address=>bool)isParticipated;

ruleId: SOLIDITY_VISIBILITY
patternId: b51ce0
severity: 1
line: 290
column: 4
content: address[]allParticipants;

ruleId: SOLIDITY_VISIBILITY
patternId: b51ce0
severity: 1
line: 291
column: 4
content: mapping(address=>bool)isParticipated;

SOLIDITY_VISIBILITY :5
SOLIDITY_SAFEMATH :1
SOLIDITY_DEPRECATED_CONSTRUCTIONS :4
SOLIDITY_UPGRADE_TO_050 :1
SOLIDITY_REDUNDANT_FALLBACK_REJECT :1
SOLIDITY_ERC20_APPROVE :1