2019-08-03 19:30:05,390: [12] m.main:INFO: Registered plugins: DetectReentrancySimple, DetectInvalid, DetectUnusedRetVal, DetectReentrancyAdvanced, DetectUninitializedStorage, DetectSuicidal, DetectExternalCallAndLeak, DetectEnvInstruction, DetectUninitializedMemory, DetectDelegatecall, DetectIntegerOverflow
2019-08-03 19:30:05,391: [12] m.main:INFO: Beginning analysis
2019-08-03 19:30:05,427: [12] m.e.manticore:INFO: Starting symbolic create contract
2019-08-03 19:30:08,074: [12] m.e.manticore:INFO: Starting symbolic transaction: 0
2019-08-03 19:30:11,136: [12] m.e.manticore:INFO: 1 alive states, 7 terminated states
2019-08-03 19:30:12,297: [12] m.e.manticore:INFO: Starting symbolic transaction: 1
2019-08-03 19:30:15,562: [12] m.e.manticore:INFO: 1 alive states, 14 terminated states
2019-08-03 19:30:16,874: [1753] m.c.manticore:INFO: Generated testcase No. 1 - RETURN(1 txs)
2019-08-03 19:30:16,884: [1751] m.c.manticore:INFO: Generated testcase No. 0 - RETURN(3 txs)
2019-08-03 19:30:16,891: [1756] m.c.manticore:INFO: Generated testcase No. 2 - REVERT(2 txs)
2019-08-03 19:30:16,911: [1769] m.c.manticore:INFO: Generated testcase No. 4 - REVERT(2 txs)
2019-08-03 19:30:16,915: [1760] m.c.manticore:INFO: Generated testcase No. 3 - REVERT(2 txs)
2019-08-03 19:30:16,917: [1776] m.c.manticore:INFO: Generated testcase No. 5 - REVERT(2 txs)
2019-08-03 19:30:16,988: [1779] m.c.manticore:INFO: Generated testcase No. 6 - REVERT(2 txs)
2019-08-03 19:30:17,017: [1774] m.c.manticore:INFO: Generated testcase No. 7 - REVERT(2 txs)
2019-08-03 19:30:24,018: [1753] m.c.manticore:INFO: Generated testcase No. 8 - RETURN(2 txs)
2019-08-03 19:30:24,925: [1756] m.c.manticore:INFO: Generated testcase No. 9 - REVERT(3 txs)
2019-08-03 19:30:25,224: [1769] m.c.manticore:INFO: Generated testcase No. 10 - REVERT(3 txs)
2019-08-03 19:30:25,319: [1774] m.c.manticore:INFO: Generated testcase No. 11 - REVERT(3 txs)
2019-08-03 19:30:25,378: [1760] m.c.manticore:INFO: Generated testcase No. 12 - REVERT(3 txs)
2019-08-03 19:30:25,833: [1779] m.c.manticore:INFO: Generated testcase No. 13 - REVERT(3 txs)
2019-08-03 19:30:25,901: [1776] m.c.manticore:INFO: Generated testcase No. 14 - REVERT(3 txs)
2019-08-03 19:30:34,970: [12] m.c.manticore:INFO: Results in /mcore_h_hmwa5p
2019-08-03 19:30:37,497: [2498] m.main:INFO: Registered plugins: DetectUninitializedStorage, DetectIntegerOverflow, DetectSuicidal, DetectExternalCallAndLeak, DetectEnvInstruction, DetectDelegatecall, DetectUninitializedMemory, DetectReentrancyAdvanced, DetectUnusedRetVal, DetectReentrancySimple, DetectInvalid
2019-08-03 19:30:37,497: [2498] m.main:INFO: Beginning analysis
2019-08-03 19:30:37,527: [2498] m.e.manticore:INFO: Starting symbolic create contract
2019-08-03 19:30:38,469: [2498] m.e.manticore:INFO: Starting symbolic transaction: 0
2019-08-03 19:30:39,052: [2498] m.e.manticore:INFO: 0 alive states, 2 terminated states
2019-08-03 19:30:39,173: [2498] m.e.manticore:INFO: Starting symbolic transaction: 1
2019-08-03 19:30:39,271: [3068] m.c.manticore:INFO: Generated testcase No. 0 - RETURN(1 txs)
2019-08-03 19:30:39,273: [3070] m.c.manticore:INFO: Generated testcase No. 1 - REVERT(2 txs)
2019-08-03 19:30:40,085: [2498] m.c.manticore:INFO: Results in /mcore_b9g2affc
2019-08-03 19:30:41,067: [3383] m.main:INFO: Registered plugins: DetectUnusedRetVal, DetectReentrancySimple, DetectInvalid, DetectExternalCallAndLeak, DetectSuicidal, DetectUninitializedStorage, DetectEnvInstruction, DetectReentrancyAdvanced, DetectDelegatecall, DetectUninitializedMemory, DetectIntegerOverflow
2019-08-03 19:30:41,067: [3383] m.main:INFO: Beginning analysis
2019-08-03 19:30:41,119: [3383] m.e.manticore:INFO: Starting symbolic create contract
2019-08-03 19:30:41,265: [3427] m.c.manticore:INFO: Generated testcase No. 0 - NO STATE RESULT (?)(0 txs)
2019-08-03 19:30:41,538: [3383] m.c.manticore:INFO: Results in /mcore_7u0u7k9j
2019-08-03 19:30:42,323: [3686] m.main:INFO: Registered plugins: DetectIntegerOverflow, DetectUnusedRetVal, DetectReentrancySimple, DetectDelegatecall, DetectExternalCallAndLeak, DetectSuicidal, DetectUninitializedStorage, DetectEnvInstruction, DetectInvalid, DetectReentrancyAdvanced, DetectUninitializedMemory
2019-08-03 19:30:42,324: [3686] m.main:INFO: Beginning analysis
2019-08-03 19:30:42,334: [3686] m.e.manticore:INFO: Starting symbolic create contract
2019-08-03 19:30:44,822: [3686] m.e.manticore:INFO: Starting symbolic transaction: 0
2019-08-03 19:31:05,649: [3686] m.e.manticore:INFO: 3 alive states, 7 terminated states
2019-08-03 19:31:07,168: [3686] m.e.manticore:INFO: Starting symbolic transaction: 1
2019-08-03 19:32:36,658: [3686] m.e.manticore:INFO: 9 alive states, 28 terminated states
2019-08-03 19:32:38,985: [9267] m.c.manticore:INFO: Generated testcase No. 2 - RETURN(3 txs)
2019-08-03 19:32:38,993: [9281] m.c.manticore:INFO: Generated testcase No. 3 - RETURN(3 txs)
2019-08-03 19:32:39,033: [9253] m.c.manticore:INFO: Generated testcase No. 0 - RETURN(3 txs)
2019-08-03 19:32:39,111: [9262] m.c.manticore:INFO: Generated testcase No. 5 - RETURN(3 txs)
2019-08-03 19:32:39,111: [9300] m.c.manticore:INFO: Generated testcase No. 6 - RETURN(3 txs)
2019-08-03 19:32:39,122: [9275] m.c.manticore:INFO: Generated testcase No. 4 - RETURN(3 txs)
2019-08-03 19:32:39,124: [9308] m.c.manticore:INFO: Generated testcase No. 7 - RETURN(1 txs)
2019-08-03 19:32:39,132: [9256] m.c.manticore:INFO: Generated testcase No. 1 - RETURN(3 txs)
2019-08-03 19:32:39,186: [9288] m.c.manticore:INFO: Generated testcase No. 8 - RETURN(3 txs)
2019-08-03 19:32:39,221: [9294] m.c.manticore:INFO: Generated testcase No. 9 - RETURN(3 txs)
2019-08-03 19:32:50,083: [9308] m.c.manticore:INFO: Generated testcase No. 10 - REVERT(2 txs)
2019-08-03 19:32:53,423: [9300] m.c.manticore:INFO: Generated testcase No. 11 - REVERT(2 txs)
2019-08-03 19:32:56,227: [9294] m.c.manticore:INFO: Generated testcase No. 12 - REVERT(2 txs)
2019-08-03 19:32:56,716: [9281] m.c.manticore:INFO: Generated testcase No. 13 - REVERT(2 txs)
2019-08-03 19:32:58,481: [9275] m.c.manticore:INFO: Generated testcase No. 14 - REVERT(2 txs)
2019-08-03 19:33:01,954: [9308] m.c.manticore:INFO: Generated testcase No. 15 - REVERT(2 txs)
2019-08-03 19:33:02,722: [9288] m.c.manticore:INFO: Generated testcase No. 16 - RETURN(2 txs)
2019-08-03 19:33:04,875: [9262] m.c.manticore:INFO: Generated testcase No. 17 - RETURN(2 txs)
2019-08-03 19:33:06,880: [9300] m.c.manticore:INFO: Generated testcase No. 18 - RETURN(2 txs)
2019-08-03 19:33:07,477: [9256] m.c.manticore:INFO: Generated testcase No. 19 - REVERT(3 txs)
2019-08-03 19:33:07,819: [9267] m.c.manticore:INFO: Generated testcase No. 20 - REVERT(3 txs)
2019-08-03 19:33:09,674: [9294] m.c.manticore:INFO: Generated testcase No. 21 - REVERT(3 txs)
2019-08-03 19:33:11,383: [9281] m.c.manticore:INFO: Generated testcase No. 22 - REVERT(3 txs)
2019-08-03 19:33:11,622: [9275] m.c.manticore:INFO: Generated testcase No. 23 - REVERT(3 txs)
2019-08-03 19:33:15,378: [9308] m.c.manticore:INFO: Generated testcase No. 24 - REVERT(3 txs)
2019-08-03 19:33:16,710: [9288] m.c.manticore:INFO: Generated testcase No. 25 - REVERT(3 txs)
2019-08-03 19:33:19,006: [9262] m.c.manticore:INFO: Generated testcase No. 26 - REVERT(3 txs)
2019-08-03 19:33:20,885: [9253] m.c.manticore:INFO: Generated testcase No. 27 - REVERT(3 txs)
2019-08-03 19:33:21,948: [9267] m.c.manticore:INFO: Generated testcase No. 28 - REVERT(3 txs)
2019-08-03 19:33:22,677: [9256] m.c.manticore:INFO: Generated testcase No. 29 - REVERT(3 txs)
2019-08-03 19:33:25,407: [9281] m.c.manticore:INFO: Generated testcase No. 30 - REVERT(3 txs)
2019-08-03 19:33:25,941: [9294] m.c.manticore:INFO: Generated testcase No. 32 - REVERT(3 txs)
2019-08-03 19:33:25,984: [9300] m.c.manticore:INFO: Generated testcase No. 31 - REVERT(3 txs)
2019-08-03 19:33:26,194: [9275] m.c.manticore:INFO: Generated testcase No. 33 - REVERT(3 txs)
2019-08-03 19:33:33,374: [9308] m.c.manticore:INFO: Generated testcase No. 34 - REVERT(3 txs)
2019-08-03 19:33:34,225: [9288] m.c.manticore:INFO: Generated testcase No. 35 - REVERT(3 txs)
2019-08-03 19:33:36,653: [9262] m.c.manticore:INFO: Generated testcase No. 36 - REVERT(3 txs)
2019-08-03 19:33:49,062: [3686] m.c.manticore:INFO: Results in /mcore_ga164thl
2019-08-03 19:33:52,743: [10627] m.main:INFO: Registered plugins: DetectReentrancySimple, DetectInvalid, DetectUnusedRetVal, DetectReentrancyAdvanced, DetectUninitializedStorage, DetectExternalCallAndLeak, DetectSuicidal, DetectEnvInstruction, DetectUninitializedMemory, DetectDelegatecall, DetectIntegerOverflow
2019-08-03 19:33:52,743: [10627] m.main:INFO: Beginning analysis
2019-08-03 19:33:52,753: [10627] m.e.manticore:INFO: Starting symbolic create contract
2019-08-03 19:33:52,976: [10671] m.c.manticore:INFO: Generated testcase No. 0 - NO STATE RESULT (?)(0 txs)
2019-08-03 19:33:53,332: [10627] m.c.manticore:INFO: Results in /mcore_gkfimhoh
2019-08-03 19:33:54,164: [10930] m.main:INFO: Registered plugins: DetectExternalCallAndLeak, DetectUninitializedMemory, DetectSuicidal, DetectReentrancySimple, DetectInvalid, DetectUnusedRetVal, DetectIntegerOverflow, DetectDelegatecall, DetectEnvInstruction, DetectUninitializedStorage, DetectReentrancyAdvanced
2019-08-03 19:33:54,165: [10930] m.main:INFO: Beginning analysis
2019-08-03 19:33:54,178: [10930] m.e.manticore:INFO: Starting symbolic create contract
2019-08-03 19:34:02,447: [10930] m.e.manticore:INFO: Starting symbolic transaction: 0
2019-08-03 19:36:02,170: [10930] m.e.manticore:INFO: 9 alive states, 14 terminated states
2019-08-03 19:36:07,843: [10930] m.e.manticore:INFO: Starting symbolic transaction: 1
2019-08-03 19:38:50,643: [16631] m.e.detectors:WARNING: Potentially reading uninitialized storage
2019-08-03 19:43:24,442: [16619] m.e.detectors:WARNING: Potentially reading uninitialized storage
2019-08-03 19:49:18,875: [16619] m.e.detectors:WARNING: Potentially reading uninitialized storage
2019-08-03 19:49:25,037: [16628] m.e.detectors:WARNING: Potentially reading uninitialized storage
2019-08-03 19:52:02,795: [16630] m.e.detectors:WARNING: INVALID instruction