/unique_chucks/3/0x8020d165806db531777b05bdb3b4eb8f6b3ce8ba.sol
jar:file:/usr/local/lib/node_modules/@smartdec/smartcheck/jdeploy-bundle/smartcheck-2.0-jar-with-dependencies.jar!/solidity-rules.xmlruleId: SOLIDITY_ADDRESS_HARDCODED
patternId: adc165
severity: 1
line: 256
column: 11
content: 0x1944EbE39319e513c4b3477CE2dbe22683B59024

ruleId: SOLIDITY_ADDRESS_HARDCODED
patternId: a91b18
severity: 1
line: 160
column: 8
content: newOwner=address(0)

ruleId: SOLIDITY_ADDRESS_HARDCODED
patternId: a91b18
severity: 1
line: 466
column: 31
content: balances[address(0)]

ruleId: SOLIDITY_DEPRECATED_CONSTRUCTIONS
patternId: 28fa69
severity: 1
line: 75
column: 4
content: functiontotalSupply()publicconstantreturns(uint);

ruleId: SOLIDITY_DEPRECATED_CONSTRUCTIONS
patternId: 28fa69
severity: 1
line: 77
column: 4
content: functionbalanceOf(addresstokenOwner)publicconstantreturns(uintbalance);

ruleId: SOLIDITY_DEPRECATED_CONSTRUCTIONS
patternId: 28fa69
severity: 1
line: 79
column: 4
content: functionallowance(addresstokenOwner,addressspender)publicconstantreturns(uintremaining);

ruleId: SOLIDITY_DEPRECATED_CONSTRUCTIONS
patternId: 28fa69
severity: 1
line: 413
column: 4
content: functiongetChallengeNumber()publicconstantreturns(bytes32){returnchallengeNumber;}

ruleId: SOLIDITY_DEPRECATED_CONSTRUCTIONS
patternId: 28fa69
severity: 1
line: 418
column: 5
content: functiongetMiningDifficulty()publicconstantreturns(uint){return_MAXIMUM_TARGET.div(miningTarget);}

ruleId: SOLIDITY_DEPRECATED_CONSTRUCTIONS
patternId: 28fa69
severity: 1
line: 422
column: 4
content: functiongetMiningTarget()publicconstantreturns(uint){returnminingTarget;}

ruleId: SOLIDITY_DEPRECATED_CONSTRUCTIONS
patternId: 28fa69
severity: 1
line: 430
column: 4
content: functiongetMiningReward()publicconstantreturns(uint){return(1000000);}

ruleId: SOLIDITY_DEPRECATED_CONSTRUCTIONS
patternId: 28fa69
severity: 1
line: 464
column: 4
content: functiontotalSupply()publicconstantreturns(uint){return_totalSupply-balances[address(0)];}

ruleId: SOLIDITY_DEPRECATED_CONSTRUCTIONS
patternId: 28fa69
severity: 1
line: 478
column: 4
content: functionbalanceOf(addresstokenOwner)publicconstantreturns(uintbalance){returnbalances[tokenOwner];}

ruleId: SOLIDITY_DEPRECATED_CONSTRUCTIONS
patternId: 28fa69
severity: 1
line: 580
column: 4
content: functionallowance(addresstokenOwner,addressspender)publicconstantreturns(uintremaining){returnallowed[tokenOwner][spender];}

ruleId: SOLIDITY_DIV_MUL
patternId: 09hhh1
severity: 2
line: 386
column: 42
content: miningTarget.div(2000).mul(excess_block_pct_extra)

ruleId: SOLIDITY_DIV_MUL
patternId: 09hhh1
severity: 2
line: 393
column: 42
content: miningTarget.div(2000).mul(shortage_block_pct_extra)

ruleId: SOLIDITY_ERC20_APPROVE
patternId: af782c
severity: 2
line: 526
column: 4
content: functionapprove(addressspender,uinttokens)publicreturns(boolsuccess){allowed[msg.sender][spender]=tokens;Approval(msg.sender,spender,tokens);returntrue;}

ruleId: SOLIDITY_PRAGMAS_VERSION
patternId: 23fc32
severity: 1
line: 1
column: 16
content: ^

ruleId: SOLIDITY_REDUNDANT_FALLBACK_REJECT
patternId: b85a32
severity: 1
line: 618
column: 31
content: {revert();}

ruleId: SOLIDITY_REVERT_REQUIRE
patternId: c56b12
severity: 1
line: 258
column: 8
content: if(locked)revert();

ruleId: SOLIDITY_REVERT_REQUIRE
patternId: c56b12
severity: 1
line: 284
column: 12
content: if(digest!=challenge_digest)revert();

ruleId: SOLIDITY_REVERT_REQUIRE
patternId: c56b12
severity: 1
line: 287
column: 12
content: if(uint256(digest)>miningTarget)revert();

ruleId: SOLIDITY_REVERT_REQUIRE
patternId: c56b12
severity: 1
line: 293
column: 13
content: if(solution!=0x0)revert();

ruleId: SOLIDITY_REVERT_REQUIRE
patternId: c56b12
severity: 1
line: 450
column: 10
content: if(uint256(digest)>testTarget)revert();

ruleId: SOLIDITY_SAFEMATH
patternId: 837cac
severity: 1
line: 178
column: 4
content: usingSafeMathforuint;

ruleId: SOLIDITY_UPGRADE_TO_050
patternId: 901eae
severity: 1
line: 281
column: 30
content: keccak256(challengeNumber,msg.sender,nonce)

ruleId: SOLIDITY_UPGRADE_TO_050
patternId: 901eae
severity: 1
line: 439
column: 25
content: keccak256(challenge_number,msg.sender,nonce)

ruleId: SOLIDITY_UPGRADE_TO_050
patternId: 901eae
severity: 1
line: 448
column: 27
content: keccak256(challenge_number,msg.sender,nonce)

ruleId: SOLIDITY_UPGRADE_TO_050
patternId: 91h3sa
severity: 1
line: 618
column: 16
content: public

ruleId: SOLIDITY_UPGRADE_TO_050
patternId: 341gim
severity: 1
line: 108
column: 74
content: bytesdata

ruleId: SOLIDITY_UPGRADE_TO_050
patternId: 341gim
severity: 1
line: 598
column: 58
content: bytesdata

ruleId: SOLIDITY_VISIBILITY
patternId: b51ce0
severity: 1
line: 225
column: 4
content: boollocked=false;

ruleId: SOLIDITY_VISIBILITY
patternId: b51ce0
severity: 1
line: 227
column: 4
content: mapping(bytes32=>bytes32)solutionForChallenge;

ruleId: SOLIDITY_VISIBILITY
patternId: b51ce0
severity: 1
line: 231
column: 4
content: mapping(address=>uint)balances;

ruleId: SOLIDITY_VISIBILITY
patternId: b51ce0
severity: 1
line: 234
column: 4
content: mapping(address=>mapping(address=>uint))allowed;

SOLIDITY_VISIBILITY :4
SOLIDITY_SAFEMATH :1
SOLIDITY_DEPRECATED_CONSTRUCTIONS :10
SOLIDITY_PRAGMAS_VERSION :1
SOLIDITY_REVERT_REQUIRE :5
SOLIDITY_ADDRESS_HARDCODED :3
SOLIDITY_UPGRADE_TO_050 :6
SOLIDITY_DIV_MUL :2
SOLIDITY_REDUNDANT_FALLBACK_REJECT :1
SOLIDITY_ERC20_APPROVE :1