2019-07-24 04:08:27,097: [12] m.main:INFO: Registered plugins: DetectIntegerOverflow, DetectUnusedRetVal, DetectSuicidal, DetectDelegatecall, DetectReentrancySimple, DetectInvalid, DetectEnvInstruction, DetectUninitializedStorage, DetectExternalCallAndLeak, DetectReentrancyAdvanced, DetectUninitializedMemory
2019-07-24 04:08:27,098: [12] m.main:INFO: Beginning analysis
2019-07-24 04:08:27,160: [12] m.e.manticore:INFO: Starting symbolic create contract
2019-07-24 04:08:29,857: [12] m.e.manticore:INFO: Starting symbolic transaction: 0
2019-07-24 04:08:33,873: [12] m.e.manticore:INFO: 1 alive states, 5 terminated states
2019-07-24 04:08:34,779: [12] m.e.manticore:INFO: Starting symbolic transaction: 1
2019-07-24 04:08:38,895: [12] m.e.manticore:INFO: 1 alive states, 10 terminated states
2019-07-24 04:08:39,844: [1519] m.c.manticore:INFO: Generated testcase No. 0 - RETURN(3 txs)
2019-07-24 04:08:39,919: [1520] m.c.manticore:INFO: Generated testcase No. 1 - RETURN(1 txs)
2019-07-24 04:08:39,953: [1527] m.c.manticore:INFO: Generated testcase No. 3 - REVERT(2 txs)
2019-07-24 04:08:40,042: [1524] m.c.manticore:INFO: Generated testcase No. 2 - REVERT(2 txs)
2019-07-24 04:08:40,128: [1533] m.c.manticore:INFO: Generated testcase No. 4 - REVERT(2 txs)
2019-07-24 04:08:40,224: [1543] m.c.manticore:INFO: Generated testcase No. 5 - RETURN(2 txs)
2019-07-24 04:08:40,329: [1537] m.c.manticore:INFO: Generated testcase No. 7 - REVERT(3 txs)
2019-07-24 04:08:40,346: [1540] m.c.manticore:INFO: Generated testcase No. 6 - REVERT(3 txs)
2019-07-24 04:08:40,359: [1530] m.c.manticore:INFO: Generated testcase No. 8 - REVERT(2 txs)
2019-07-24 04:08:54,957: [1527] m.c.manticore:INFO: Generated testcase No. 9 - REVERT(3 txs)
2019-07-24 04:08:55,530: [1520] m.c.manticore:INFO: Generated testcase No. 10 - REVERT(3 txs)
2019-07-24 04:09:01,464: [12] m.c.manticore:INFO: Results in /mcore_fciryisb
2019-07-24 04:09:03,595: [2144] m.main:INFO: Registered plugins: DetectUninitializedStorage, DetectInvalid, DetectExternalCallAndLeak, DetectSuicidal, DetectReentrancySimple, DetectEnvInstruction, DetectIntegerOverflow, DetectReentrancyAdvanced, DetectUninitializedMemory, DetectDelegatecall, DetectUnusedRetVal
2019-07-24 04:09:03,595: [2144] m.main:INFO: Beginning analysis
2019-07-24 04:09:03,626: [2144] m.e.manticore:INFO: Starting symbolic create contract
2019-07-24 04:09:05,062: [2144] m.e.manticore:INFO: Starting symbolic transaction: 0
2019-07-24 04:09:06,091: [2144] m.e.manticore:INFO: 0 alive states, 2 terminated states
2019-07-24 04:09:06,265: [2144] m.e.manticore:INFO: Starting symbolic transaction: 1
2019-07-24 04:09:06,398: [2715] m.c.manticore:INFO: Generated testcase No. 0 - RETURN(1 txs)
2019-07-24 04:09:06,404: [2714] m.c.manticore:INFO: Generated testcase No. 1 - REVERT(2 txs)
2019-07-24 04:09:07,587: [2144] m.c.manticore:INFO: Results in /mcore_3w6bqb5h
2019-07-24 04:09:08,594: [3029] m.main:INFO: Registered plugins: DetectReentrancySimple, DetectInvalid, DetectUninitializedStorage, DetectEnvInstruction, DetectDelegatecall, DetectIntegerOverflow, DetectUninitializedMemory, DetectReentrancyAdvanced, DetectExternalCallAndLeak, DetectSuicidal, DetectUnusedRetVal
2019-07-24 04:09:08,594: [3029] m.main:INFO: Beginning analysis
2019-07-24 04:09:08,660: [3029] m.e.manticore:INFO: Starting symbolic create contract
2019-07-24 04:09:23,676: [3029] m.e.manticore:INFO: Starting symbolic transaction: 0
2019-07-24 04:12:24,715: [3029] m.e.manticore:INFO: 15 alive states, 34 terminated states
2019-07-24 04:12:34,689: [3029] m.e.manticore:INFO: Starting symbolic transaction: 1