INFO:Detectors:[93m
EIE._transfer (/unique_chucks/10/0xb7a9bf7cc64ad5d8e625d7326ec0ecdb2d4e3a14.sol#78-98) uses a dangerous strict equality:
	- assert(bool)(balanceOf[_from] + balanceOf[_to] == previousBalances)
Reference: https://github.com/trailofbits/slither/wiki/Detectors-Documentation#dangerous-strict-equalities[0m
INFO:Detectors:[93m
Contract locking ether found in /unique_chucks/10/0xb7a9bf7cc64ad5d8e625d7326ec0ecdb2d4e3a14.sol:
	Contract EIE has payable functions:
	 - fallback (/unique_chucks/10/0xb7a9bf7cc64ad5d8e625d7326ec0ecdb2d4e3a14.sol)
	But does not have a function to withdraw the ether
Reference: https://github.com/trailofbits/slither/wiki/Detectors-Documentation#contracts-that-lock-ether[0m
INFO:Detectors:[92m
EIE.decimals should be constant (/unique_chucks/10/0xb7a9bf7cc64ad5d8e625d7326ec0ecdb2d4e3a14.sol#31)
EIE.name should be constant (/unique_chucks/10/0xb7a9bf7cc64ad5d8e625d7326ec0ecdb2d4e3a14.sol#28-29)
EIE.symbol should be constant (/unique_chucks/10/0xb7a9bf7cc64ad5d8e625d7326ec0ecdb2d4e3a14.sol#29-30)
Reference: https://github.com/trailofbits/slither/wiki/Detectors-Documentation#state-variables-that-could-be-declared-constant[0m
INFO:Detectors:[92m
EIE.transfer (/unique_chucks/10/0xb7a9bf7cc64ad5d8e625d7326ec0ecdb2d4e3a14.sol#104-115) should be declared external
EIE.transferFrom (/unique_chucks/10/0xb7a9bf7cc64ad5d8e625d7326ec0ecdb2d4e3a14.sol#122-131) should be declared external
EIE.approveAndCall (/unique_chucks/10/0xb7a9bf7cc64ad5d8e625d7326ec0ecdb2d4e3a14.sol#155-167) should be declared external
Reference: https://github.com/trailofbits/slither/wiki/Detectors-Documentation#public-function-that-could-be-declared-as-external[0m
INFO:Detectors:[92m
Contract 'tokenRecipient' (/unique_chucks/10/0xb7a9bf7cc64ad5d8e625d7326ec0ecdb2d4e3a14.sol#24-27) is not in CapWords
Function 'EIE._issue' (/unique_chucks/10/0xb7a9bf7cc64ad5d8e625d7326ec0ecdb2d4e3a14.sol#68-75) is not in mixedCase
Parameter '_value' of EIE._issue (/unique_chucks/10/0xb7a9bf7cc64ad5d8e625d7326ec0ecdb2d4e3a14.sol#69) is not in mixedCase
Function 'EIE._transfer' (/unique_chucks/10/0xb7a9bf7cc64ad5d8e625d7326ec0ecdb2d4e3a14.sol#78-98) is not in mixedCase
Parameter '_from' of EIE._transfer (/unique_chucks/10/0xb7a9bf7cc64ad5d8e625d7326ec0ecdb2d4e3a14.sol#78) is not in mixedCase
Parameter '_to' of EIE._transfer (/unique_chucks/10/0xb7a9bf7cc64ad5d8e625d7326ec0ecdb2d4e3a14.sol#78) is not in mixedCase
Parameter '_value' of EIE._transfer (/unique_chucks/10/0xb7a9bf7cc64ad5d8e625d7326ec0ecdb2d4e3a14.sol#78-79) is not in mixedCase
Parameter '_to' of EIE.transfer (/unique_chucks/10/0xb7a9bf7cc64ad5d8e625d7326ec0ecdb2d4e3a14.sol#105) is not in mixedCase
Parameter '_value' of EIE.transfer (/unique_chucks/10/0xb7a9bf7cc64ad5d8e625d7326ec0ecdb2d4e3a14.sol#105-106) is not in mixedCase
Parameter '_from' of EIE.transferFrom (/unique_chucks/10/0xb7a9bf7cc64ad5d8e625d7326ec0ecdb2d4e3a14.sol#122) is not in mixedCase
Parameter '_to' of EIE.transferFrom (/unique_chucks/10/0xb7a9bf7cc64ad5d8e625d7326ec0ecdb2d4e3a14.sol#122) is not in mixedCase
Parameter '_value' of EIE.transferFrom (/unique_chucks/10/0xb7a9bf7cc64ad5d8e625d7326ec0ecdb2d4e3a14.sol#122-123) is not in mixedCase
Parameter '_spender' of EIE.approve (/unique_chucks/10/0xb7a9bf7cc64ad5d8e625d7326ec0ecdb2d4e3a14.sol#139) is not in mixedCase
Parameter '_value' of EIE.approve (/unique_chucks/10/0xb7a9bf7cc64ad5d8e625d7326ec0ecdb2d4e3a14.sol#139) is not in mixedCase
Parameter '_spender' of EIE.approveAndCall (/unique_chucks/10/0xb7a9bf7cc64ad5d8e625d7326ec0ecdb2d4e3a14.sol#155-156) is not in mixedCase
Parameter '_value' of EIE.approveAndCall (/unique_chucks/10/0xb7a9bf7cc64ad5d8e625d7326ec0ecdb2d4e3a14.sol#156) is not in mixedCase
Parameter '_extraData' of EIE.approveAndCall (/unique_chucks/10/0xb7a9bf7cc64ad5d8e625d7326ec0ecdb2d4e3a14.sol#156-157) is not in mixedCase
Parameter '_value' of EIE.burn (/unique_chucks/10/0xb7a9bf7cc64ad5d8e625d7326ec0ecdb2d4e3a14.sol#171) is not in mixedCase
Reference: https://github.com/trailofbits/slither/wiki/Detectors-Documentation#conformance-to-solidity-naming-conventions[0m
INFO:Slither:/unique_chucks/10/0xb7a9bf7cc64ad5d8e625d7326ec0ecdb2d4e3a14.sol analyzed (2 contracts), 24 result(s) found