INFO:Slither:Compilation warnings/errors on /unique_chucks/7/0x95fc2b5ff1f40c0df89183eceb8db8692b900a88.sol:
/unique_chucks/7/0x95fc2b5ff1f40c0df89183eceb8db8692b900a88.sol:764:46: Warning: Initial value for constant variable has to be compile-time constant. This will fail to compile with the next breaking version change.
    uint256 public constant INITIAL_SUPPLY = 6000000 * (10 ** uint256(decimals()));
                                             ^-----------------------------------^

INFO:Detectors:[92m
ERC20Detailed.constructor.name (local variable @ /unique_chucks/7/0x95fc2b5ff1f40c0df89183eceb8db8692b900a88.sol#280-282) shadows:
	- ERC20Detailed.name (function @ /unique_chucks/7/0x95fc2b5ff1f40c0df89183eceb8db8692b900a88.sol#291-293)
ERC20Detailed.constructor.symbol (local variable @ /unique_chucks/7/0x95fc2b5ff1f40c0df89183eceb8db8692b900a88.sol#283) shadows:
	- ERC20Detailed.symbol (function @ /unique_chucks/7/0x95fc2b5ff1f40c0df89183eceb8db8692b900a88.sol#299-303)
ERC20Detailed.constructor.decimals (local variable @ /unique_chucks/7/0x95fc2b5ff1f40c0df89183eceb8db8692b900a88.sol#283) shadows:
	- ERC20Detailed.decimals (function @ /unique_chucks/7/0x95fc2b5ff1f40c0df89183eceb8db8692b900a88.sol#307-309)
ERC20.balanceOf.owner (local variable @ /unique_chucks/7/0x95fc2b5ff1f40c0df89183eceb8db8692b900a88.sol#500-501) shadows:
	- Ownable.owner (function @ /unique_chucks/7/0x95fc2b5ff1f40c0df89183eceb8db8692b900a88.sol#32-37)
ERC20.allowance.owner (local variable @ /unique_chucks/7/0x95fc2b5ff1f40c0df89183eceb8db8692b900a88.sol#515) shadows:
	- Ownable.owner (function @ /unique_chucks/7/0x95fc2b5ff1f40c0df89183eceb8db8692b900a88.sol#32-37)
Reference: https://github.com/trailofbits/slither/wiki/Detectors-Documentation#local-variable-shadowing[0m
INFO:Detectors:[92m
AiBe.supplier should be constant (/unique_chucks/7/0x95fc2b5ff1f40c0df89183eceb8db8692b900a88.sol)
Reference: https://github.com/trailofbits/slither/wiki/Detectors-Documentation#state-variables-that-could-be-declared-constant[0m
INFO:Detectors:[92m
Ownable.owner (/unique_chucks/7/0x95fc2b5ff1f40c0df89183eceb8db8692b900a88.sol#32-37) should be declared external
Ownable.renounceOwnership (/unique_chucks/7/0x95fc2b5ff1f40c0df89183eceb8db8692b900a88.sol#58-63) should be declared external
Ownable.transferOwnership (/unique_chucks/7/0x95fc2b5ff1f40c0df89183eceb8db8692b900a88.sol#67-71) should be declared external
ERC20Detailed.name (/unique_chucks/7/0x95fc2b5ff1f40c0df89183eceb8db8692b900a88.sol#291-293) should be declared external
ERC20Detailed.symbol (/unique_chucks/7/0x95fc2b5ff1f40c0df89183eceb8db8692b900a88.sol#299-303) should be declared external
ERC20Detailed.decimals (/unique_chucks/7/0x95fc2b5ff1f40c0df89183eceb8db8692b900a88.sol#307-309) should be declared external
SignerRole.addSigner (/unique_chucks/7/0x95fc2b5ff1f40c0df89183eceb8db8692b900a88.sol#372-378) should be declared external
SignerRole.renounceSigner (/unique_chucks/7/0x95fc2b5ff1f40c0df89183eceb8db8692b900a88.sol#379-381) should be declared external
MinterRole.addMinter (/unique_chucks/7/0x95fc2b5ff1f40c0df89183eceb8db8692b900a88.sol#414-421) should be declared external
MinterRole.renounceMinter (/unique_chucks/7/0x95fc2b5ff1f40c0df89183eceb8db8692b900a88.sol#421-422) should be declared external
PauserRole.addPauser (/unique_chucks/7/0x95fc2b5ff1f40c0df89183eceb8db8692b900a88.sol#459-462) should be declared external
PauserRole.renouncePauser (/unique_chucks/7/0x95fc2b5ff1f40c0df89183eceb8db8692b900a88.sol#462-463) should be declared external
ERC20.totalSupply (/unique_chucks/7/0x95fc2b5ff1f40c0df89183eceb8db8692b900a88.sol#495-497) should be declared external
IERC20.totalSupply (/unique_chucks/7/0x95fc2b5ff1f40c0df89183eceb8db8692b900a88.sol#209-211) should be declared external
ERC20.balanceOf (/unique_chucks/7/0x95fc2b5ff1f40c0df89183eceb8db8692b900a88.sol#500-505) should be declared external
IERC20.balanceOf (/unique_chucks/7/0x95fc2b5ff1f40c0df89183eceb8db8692b900a88.sol#211-213) should be declared external
IERC20.allowance (/unique_chucks/7/0x95fc2b5ff1f40c0df89183eceb8db8692b900a88.sol#213-215) should be declared external
ERC20.allowance (/unique_chucks/7/0x95fc2b5ff1f40c0df89183eceb8db8692b900a88.sol#515-516) should be declared external
Pausable.paused (/unique_chucks/7/0x95fc2b5ff1f40c0df89183eceb8db8692b900a88.sol#687-689) should be declared external
Pausable.pause (/unique_chucks/7/0x95fc2b5ff1f40c0df89183eceb8db8692b900a88.sol#710-711) should be declared external
Pausable.unpause (/unique_chucks/7/0x95fc2b5ff1f40c0df89183eceb8db8692b900a88.sol#713-721) should be declared external
ERC20Burnable.burn (/unique_chucks/7/0x95fc2b5ff1f40c0df89183eceb8db8692b900a88.sol#729) should be declared external
ERC20Burnable.burnFrom (/unique_chucks/7/0x95fc2b5ff1f40c0df89183eceb8db8692b900a88.sol#737-738) should be declared external
ERC20Mintable.mint (/unique_chucks/7/0x95fc2b5ff1f40c0df89183eceb8db8692b900a88.sol) should be declared external
Reference: https://github.com/trailofbits/slither/wiki/Detectors-Documentation#public-function-that-could-be-declared-as-external[0m
INFO:Detectors:[92m
Function 'Ownable._transferOwnership' (/unique_chucks/7/0x95fc2b5ff1f40c0df89183eceb8db8692b900a88.sol#75-84) is not in mixedCase
Function 'SignerRole._addSigner' (/unique_chucks/7/0x95fc2b5ff1f40c0df89183eceb8db8692b900a88.sol#382-387) is not in mixedCase
Function 'SignerRole._removeSigner' (/unique_chucks/7/0x95fc2b5ff1f40c0df89183eceb8db8692b900a88.sol#387-395) is not in mixedCase
Function 'MinterRole._addMinter' (/unique_chucks/7/0x95fc2b5ff1f40c0df89183eceb8db8692b900a88.sol#422-430) is not in mixedCase
Function 'MinterRole._removeMinter' (/unique_chucks/7/0x95fc2b5ff1f40c0df89183eceb8db8692b900a88.sol#430-436) is not in mixedCase
Function 'PauserRole._addPauser' (/unique_chucks/7/0x95fc2b5ff1f40c0df89183eceb8db8692b900a88.sol#463-465) is not in mixedCase
Function 'PauserRole._removePauser' (/unique_chucks/7/0x95fc2b5ff1f40c0df89183eceb8db8692b900a88.sol#465-466) is not in mixedCase
Function 'ERC20._transfer' (/unique_chucks/7/0x95fc2b5ff1f40c0df89183eceb8db8692b900a88.sol#602-608) is not in mixedCase
Function 'ERC20._mint' (/unique_chucks/7/0x95fc2b5ff1f40c0df89183eceb8db8692b900a88.sol#620-627) is not in mixedCase
Function 'ERC20._burn' (/unique_chucks/7/0x95fc2b5ff1f40c0df89183eceb8db8692b900a88.sol#631-636) is not in mixedCase
Function 'ERC20._burnFrom' (/unique_chucks/7/0x95fc2b5ff1f40c0df89183eceb8db8692b900a88.sol#656-666) is not in mixedCase
Reference: https://github.com/trailofbits/slither/wiki/Detectors-Documentation#conformance-to-solidity-naming-conventions[0m
INFO:Slither:/unique_chucks/7/0x95fc2b5ff1f40c0df89183eceb8db8692b900a88.sol analyzed (15 contracts), 41 result(s) found