INFO:Slither:Compilation warnings/errors on /unique_chucks/1/0xe94327d07fc17907b4db788e5adf2ed424addff6.sol:
/unique_chucks/1/0xe94327d07fc17907b4db788e5adf2ed424addff6.sol:111:5: Warning: Use of the "var" keyword is deprecated.
    var _allowance = allowed[_from][msg.sender];
    ^------------^
/unique_chucks/1/0xe94327d07fc17907b4db788e5adf2ed424addff6.sol:167:3: Warning: Defining constructors as functions with the same name as the contract is deprecated. Use "constructor(...) { ... }" instead.
  function Ownable() {
  ^ (Relevant source part starts here and spans across multiple lines).
/unique_chucks/1/0xe94327d07fc17907b4db788e5adf2ed424addff6.sol:296:3: Warning: Defining constructors as functions with the same name as the contract is deprecated. Use "constructor(...) { ... }" instead.
  function RepToken(address _legacyRepContract, uint256 _amountUsedToFreeze, address _accountToSendFrozenRepTo) {
  ^ (Relevant source part starts here and spans across multiple lines).
/unique_chucks/1/0xe94327d07fc17907b4db788e5adf2ed424addff6.sol:76:5: Warning: Invoking events without "emit" prefix is deprecated.
    Transfer(msg.sender, _to, _value);
    ^-------------------------------^
/unique_chucks/1/0xe94327d07fc17907b4db788e5adf2ed424addff6.sol:119:5: Warning: Invoking events without "emit" prefix is deprecated.
    Transfer(_from, _to, _value);
    ^--------------------------^
/unique_chucks/1/0xe94327d07fc17907b4db788e5adf2ed424addff6.sol:137:5: Warning: Invoking events without "emit" prefix is deprecated.
    Approval(msg.sender, _spender, _value);
    ^------------------------------------^
/unique_chucks/1/0xe94327d07fc17907b4db788e5adf2ed424addff6.sol:226:5: Warning: Invoking events without "emit" prefix is deprecated.
    Pause();
    ^-----^
/unique_chucks/1/0xe94327d07fc17907b4db788e5adf2ed424addff6.sol:235:5: Warning: Invoking events without "emit" prefix is deprecated.
    Unpause();
    ^-------^
/unique_chucks/1/0xe94327d07fc17907b4db788e5adf2ed424addff6.sol:334:5: Warning: Invoking events without "emit" prefix is deprecated.
    Migrated(_holder, amount);
    ^-----------------------^
/unique_chucks/1/0xe94327d07fc17907b4db788e5adf2ed424addff6.sol:41:3: Warning: No visibility specified. Defaulting to "public". 
  function balanceOf(address who) constant returns (uint256);
  ^---------------------------------------------------------^
/unique_chucks/1/0xe94327d07fc17907b4db788e5adf2ed424addff6.sol:42:3: Warning: No visibility specified. Defaulting to "public". 
  function transfer(address to, uint256 value) returns (bool);
  ^----------------------------------------------------------^
/unique_chucks/1/0xe94327d07fc17907b4db788e5adf2ed424addff6.sol:52:3: Warning: No visibility specified. Defaulting to "public". 
  function allowance(address owner, address spender) constant returns (uint256);
  ^----------------------------------------------------------------------------^
/unique_chucks/1/0xe94327d07fc17907b4db788e5adf2ed424addff6.sol:53:3: Warning: No visibility specified. Defaulting to "public". 
  function transferFrom(address from, address to, uint256 value) returns (bool);
  ^----------------------------------------------------------------------------^
/unique_chucks/1/0xe94327d07fc17907b4db788e5adf2ed424addff6.sol:54:3: Warning: No visibility specified. Defaulting to "public". 
  function approve(address spender, uint256 value) returns (bool);
  ^--------------------------------------------------------------^
/unique_chucks/1/0xe94327d07fc17907b4db788e5adf2ed424addff6.sol:73:3: Warning: No visibility specified. Defaulting to "public". 
  function transfer(address _to, uint256 _value) returns (bool) {
  ^ (Relevant source part starts here and spans across multiple lines).
/unique_chucks/1/0xe94327d07fc17907b4db788e5adf2ed424addff6.sol:85:3: Warning: No visibility specified. Defaulting to "public". 
  function balanceOf(address _owner) constant returns (uint256 balance) {
  ^ (Relevant source part starts here and spans across multiple lines).
/unique_chucks/1/0xe94327d07fc17907b4db788e5adf2ed424addff6.sol:110:3: Warning: No visibility specified. Defaulting to "public". 
  function transferFrom(address _from, address _to, uint256 _value) returns (bool) {
  ^ (Relevant source part starts here and spans across multiple lines).
/unique_chucks/1/0xe94327d07fc17907b4db788e5adf2ed424addff6.sol:128:3: Warning: No visibility specified. Defaulting to "public". 
  function approve(address _spender, uint256 _value) returns (bool) {
  ^ (Relevant source part starts here and spans across multiple lines).
/unique_chucks/1/0xe94327d07fc17907b4db788e5adf2ed424addff6.sol:147:3: Warning: No visibility specified. Defaulting to "public". 
  function allowance(address _owner, address _spender) constant returns (uint256 remaining) {
  ^ (Relevant source part starts here and spans across multiple lines).
/unique_chucks/1/0xe94327d07fc17907b4db788e5adf2ed424addff6.sol:167:3: Warning: No visibility specified. Defaulting to "public". 
  function Ownable() {
  ^ (Relevant source part starts here and spans across multiple lines).
/unique_chucks/1/0xe94327d07fc17907b4db788e5adf2ed424addff6.sol:185:3: Warning: No visibility specified. Defaulting to "public". 
  function transferOwnership(address newOwner) onlyOwner {
  ^ (Relevant source part starts here and spans across multiple lines).
/unique_chucks/1/0xe94327d07fc17907b4db788e5adf2ed424addff6.sol:224:3: Warning: No visibility specified. Defaulting to "public". 
  function pause() onlyOwner whenNotPaused returns (bool) {
  ^ (Relevant source part starts here and spans across multiple lines).
/unique_chucks/1/0xe94327d07fc17907b4db788e5adf2ed424addff6.sol:233:3: Warning: No visibility specified. Defaulting to "public". 
  function unpause() onlyOwner whenPaused returns (bool) {
  ^ (Relevant source part starts here and spans across multiple lines).
/unique_chucks/1/0xe94327d07fc17907b4db788e5adf2ed424addff6.sol:248:3: Warning: No visibility specified. Defaulting to "public". 
  function transfer(address _to, uint _value) whenNotPaused returns (bool) {
  ^ (Relevant source part starts here and spans across multiple lines).
/unique_chucks/1/0xe94327d07fc17907b4db788e5adf2ed424addff6.sol:252:3: Warning: No visibility specified. Defaulting to "public". 
  function transferFrom(address _from, address _to, uint _value) whenNotPaused returns (bool) {
  ^ (Relevant source part starts here and spans across multiple lines).
/unique_chucks/1/0xe94327d07fc17907b4db788e5adf2ed424addff6.sol:296:3: Warning: No visibility specified. Defaulting to "public". 
  function RepToken(address _legacyRepContract, uint256 _amountUsedToFreeze, address _accountToSendFrozenRepTo) {
  ^ (Relevant source part starts here and spans across multiple lines).
/unique_chucks/1/0xe94327d07fc17907b4db788e5adf2ed424addff6.sol:310:3: Warning: No visibility specified. Defaulting to "public". 
  function migrateBalances(address[] _holders) onlyOwner beforeInitialized returns (bool) {
  ^ (Relevant source part starts here and spans across multiple lines).
/unique_chucks/1/0xe94327d07fc17907b4db788e5adf2ed424addff6.sol:322:3: Warning: No visibility specified. Defaulting to "public". 
  function migrateBalance(address _holder) onlyOwner beforeInitialized returns (bool) {
  ^ (Relevant source part starts here and spans across multiple lines).
/unique_chucks/1/0xe94327d07fc17907b4db788e5adf2ed424addff6.sol:345:3: Warning: No visibility specified. Defaulting to "public". 
  function unpause() onlyOwner whenPaused afterInitialized returns (bool) {
  ^ (Relevant source part starts here and spans across multiple lines).
/unique_chucks/1/0xe94327d07fc17907b4db788e5adf2ed424addff6.sol:8:3: Warning: Function state mutability can be restricted to pure
  function mul(uint256 a, uint256 b) internal constant returns (uint256) {
  ^ (Relevant source part starts here and spans across multiple lines).
/unique_chucks/1/0xe94327d07fc17907b4db788e5adf2ed424addff6.sol:14:3: Warning: Function state mutability can be restricted to pure
  function div(uint256 a, uint256 b) internal constant returns (uint256) {
  ^ (Relevant source part starts here and spans across multiple lines).
/unique_chucks/1/0xe94327d07fc17907b4db788e5adf2ed424addff6.sol:21:3: Warning: Function state mutability can be restricted to pure
  function sub(uint256 a, uint256 b) internal constant returns (uint256) {
  ^ (Relevant source part starts here and spans across multiple lines).
/unique_chucks/1/0xe94327d07fc17907b4db788e5adf2ed424addff6.sol:26:3: Warning: Function state mutability can be restricted to pure
  function add(uint256 a, uint256 b) internal constant returns (uint256) {
  ^ (Relevant source part starts here and spans across multiple lines).

INFO:Detectors:[93m
RepToken.migrateBalance (/unique_chucks/1/0xe94327d07fc17907b4db788e5adf2ed424addff6.sol#330-349) uses a dangerous strict equality:
	- amount == 0
	- targetSupply == totalSupply
Reference: https://github.com/trailofbits/slither/wiki/Detectors-Documentation#dangerous-strict-equalities[0m
INFO:Detectors:[93m
Reentrancy in RepToken.migrateBalance (/unique_chucks/1/0xe94327d07fc17907b4db788e5adf2ed424addff6.sol#330-349):
	External calls:
	- amount = legacyRepContract.balanceOf(_holder) (/unique_chucks/1/0xe94327d07fc17907b4db788e5adf2ed424addff6.sol#338-343)
	State variables written after the call(s):
	- balances (/unique_chucks/1/0xe94327d07fc17907b4db788e5adf2ed424addff6.sol#345)
Reference: https://github.com/trailofbits/slither/wiki/Detectors-Documentation#reentrancy-vulnerabilities-1[0m
INFO:Detectors:[92m
Reentrancy in RepToken.RepToken (/unique_chucks/1/0xe94327d07fc17907b4db788e5adf2ed424addff6.sol#300-311):
	External calls:
	- targetSupply = legacyRepContract.totalSupply() (/unique_chucks/1/0xe94327d07fc17907b4db788e5adf2ed424addff6.sol#307-308)
	State variables written after the call(s):
	- balances (/unique_chucks/1/0xe94327d07fc17907b4db788e5adf2ed424addff6.sol#308-310)
	- paused (/unique_chucks/1/0xe94327d07fc17907b4db788e5adf2ed424addff6.sol#310-311)
	- totalSupply (/unique_chucks/1/0xe94327d07fc17907b4db788e5adf2ed424addff6.sol#310)
Reentrancy in RepToken.migrateBalance (/unique_chucks/1/0xe94327d07fc17907b4db788e5adf2ed424addff6.sol#330-349):
	External calls:
	- amount = legacyRepContract.balanceOf(_holder) (/unique_chucks/1/0xe94327d07fc17907b4db788e5adf2ed424addff6.sol#338-343)
	State variables written after the call(s):
	- initialized (/unique_chucks/1/0xe94327d07fc17907b4db788e5adf2ed424addff6.sol)
	- totalSupply (/unique_chucks/1/0xe94327d07fc17907b4db788e5adf2ed424addff6.sol#345-346)
Reference: https://github.com/trailofbits/slither/wiki/Detectors-Documentation#reentrancy-vulnerabilities-2[0m
INFO:Detectors:[92m
BasicToken.balanceOf (/unique_chucks/1/0xe94327d07fc17907b4db788e5adf2ed424addff6.sol#86-95) should be declared external
ERC20Basic.balanceOf (/unique_chucks/1/0xe94327d07fc17907b4db788e5adf2ed424addff6.sol#41-42) should be declared external
StandardToken.allowance (/unique_chucks/1/0xe94327d07fc17907b4db788e5adf2ed424addff6.sol#155-157) should be declared external
ERC20.allowance (/unique_chucks/1/0xe94327d07fc17907b4db788e5adf2ed424addff6.sol#52-53) should be declared external
ERC20.approve (/unique_chucks/1/0xe94327d07fc17907b4db788e5adf2ed424addff6.sol#54-55) should be declared external
StandardToken.approve (/unique_chucks/1/0xe94327d07fc17907b4db788e5adf2ed424addff6.sol#130-143) should be declared external
Ownable.transferOwnership (/unique_chucks/1/0xe94327d07fc17907b4db788e5adf2ed424addff6.sol#196-202) should be declared external
RepToken.migrateBalances (/unique_chucks/1/0xe94327d07fc17907b4db788e5adf2ed424addff6.sol#319-322) should be declared external
Reference: https://github.com/trailofbits/slither/wiki/Detectors-Documentation#public-function-that-could-be-declared-as-external[0m
INFO:Detectors:[92m
Detected issues with version pragma in /unique_chucks/1/0xe94327d07fc17907b4db788e5adf2ed424addff6.sol:
	- pragma solidity^0.4.11 (/unique_chucks/1/0xe94327d07fc17907b4db788e5adf2ed424addff6.sol#1): it allows old versions
Reference: https://github.com/trailofbits/slither/wiki/Detectors-Documentation#incorrect-version-of-solidity[0m
INFO:Detectors:[92m
Parameter '_owner' of BasicToken.balanceOf (/unique_chucks/1/0xe94327d07fc17907b4db788e5adf2ed424addff6.sol#87-93) is not in mixedCase
Parameter '_to' of BasicToken.transfer (/unique_chucks/1/0xe94327d07fc17907b4db788e5adf2ed424addff6.sol#74) is not in mixedCase
Parameter '_value' of BasicToken.transfer (/unique_chucks/1/0xe94327d07fc17907b4db788e5adf2ed424addff6.sol#74) is not in mixedCase
Parameter '_owner' of StandardToken.allowance (/unique_chucks/1/0xe94327d07fc17907b4db788e5adf2ed424addff6.sol#156) is not in mixedCase
Parameter '_spender' of StandardToken.allowance (/unique_chucks/1/0xe94327d07fc17907b4db788e5adf2ed424addff6.sol#156) is not in mixedCase
Parameter '_from' of StandardToken.transferFrom (/unique_chucks/1/0xe94327d07fc17907b4db788e5adf2ed424addff6.sol#111-113) is not in mixedCase
Parameter '_to' of StandardToken.transferFrom (/unique_chucks/1/0xe94327d07fc17907b4db788e5adf2ed424addff6.sol#113) is not in mixedCase
Parameter '_value' of StandardToken.transferFrom (/unique_chucks/1/0xe94327d07fc17907b4db788e5adf2ed424addff6.sol#113) is not in mixedCase
Parameter '_spender' of StandardToken.approve (/unique_chucks/1/0xe94327d07fc17907b4db788e5adf2ed424addff6.sol#130-131) is not in mixedCase
Parameter '_value' of StandardToken.approve (/unique_chucks/1/0xe94327d07fc17907b4db788e5adf2ed424addff6.sol#131) is not in mixedCase
Function 'Ownable.Ownable' (/unique_chucks/1/0xe94327d07fc17907b4db788e5adf2ed424addff6.sol#176-182) is not in mixedCase
Parameter '_to' of PausableToken.transfer (/unique_chucks/1/0xe94327d07fc17907b4db788e5adf2ed424addff6.sol#253-258) is not in mixedCase
Parameter '_value' of PausableToken.transfer (/unique_chucks/1/0xe94327d07fc17907b4db788e5adf2ed424addff6.sol#258) is not in mixedCase
Parameter '_from' of PausableToken.transferFrom (/unique_chucks/1/0xe94327d07fc17907b4db788e5adf2ed424addff6.sol#263-266) is not in mixedCase
Parameter '_to' of PausableToken.transferFrom (/unique_chucks/1/0xe94327d07fc17907b4db788e5adf2ed424addff6.sol#266) is not in mixedCase
Parameter '_value' of PausableToken.transferFrom (/unique_chucks/1/0xe94327d07fc17907b4db788e5adf2ed424addff6.sol#266) is not in mixedCase
Function 'RepToken.RepToken' (/unique_chucks/1/0xe94327d07fc17907b4db788e5adf2ed424addff6.sol#300-311) is not in mixedCase
Parameter '_legacyRepContract' of RepToken.RepToken (/unique_chucks/1/0xe94327d07fc17907b4db788e5adf2ed424addff6.sol#300-301) is not in mixedCase
Parameter '_amountUsedToFreeze' of RepToken.RepToken (/unique_chucks/1/0xe94327d07fc17907b4db788e5adf2ed424addff6.sol#301-302) is not in mixedCase
Parameter '_accountToSendFrozenRepTo' of RepToken.RepToken (/unique_chucks/1/0xe94327d07fc17907b4db788e5adf2ed424addff6.sol#302-306) is not in mixedCase
Parameter '_holders' of RepToken.migrateBalances (/unique_chucks/1/0xe94327d07fc17907b4db788e5adf2ed424addff6.sol#319-320) is not in mixedCase
Parameter '_holder' of RepToken.migrateBalance (/unique_chucks/1/0xe94327d07fc17907b4db788e5adf2ed424addff6.sol#332-333) is not in mixedCase
Reference: https://github.com/trailofbits/slither/wiki/Detectors-Documentation#conformance-to-solidity-naming-conventions[0m
INFO:Slither:/unique_chucks/1/0xe94327d07fc17907b4db788e5adf2ed424addff6.sol analyzed (10 contracts), 35 result(s) found