INFO:Slither:Compilation warnings/errors on /unique_chucks/2/0x167cb3f2446f829eb327344b66e271d1a7efec9a.sol:
/unique_chucks/2/0x167cb3f2446f829eb327344b66e271d1a7efec9a.sol:188:5: Warning: Defining constructors as functions with the same name as the contract is deprecated. Use "constructor(...) { ... }" instead.
    function GandhiJi()
    ^ (Relevant source part starts here and spans across multiple lines).
/unique_chucks/2/0x167cb3f2446f829eb327344b66e271d1a7efec9a.sol:74:32: Warning: This function only accepts a single "bytes" argument. Please use "abi.encodePacked(...)" or a similar function to encode the data.
        require(administrators[keccak256(_customerAddress)]);
                               ^-------------------------^
/unique_chucks/2/0x167cb3f2446f829eb327344b66e271d1a7efec9a.sol:74:32: Warning: The provided argument of type address is not implicitly convertible to expected type bytes memory.
        require(administrators[keccak256(_customerAddress)]);
                               ^-------------------------^
/unique_chucks/2/0x167cb3f2446f829eb327344b66e271d1a7efec9a.sol:241:9: Warning: Invoking events without "emit" prefix is deprecated.
        onReinvestment(_customerAddress, _dividends, _tokens);
        ^---------------------------------------------------^
/unique_chucks/2/0x167cb3f2446f829eb327344b66e271d1a7efec9a.sol:281:9: Warning: Invoking events without "emit" prefix is deprecated.
        onWithdraw(_customerAddress, _dividends);
        ^--------------------------------------^
/unique_chucks/2/0x167cb3f2446f829eb327344b66e271d1a7efec9a.sol:315:9: Warning: Invoking events without "emit" prefix is deprecated.
        onTokenSell(_customerAddress, _tokens, _taxedEthereum);
        ^----------------------------------------------------^
/unique_chucks/2/0x167cb3f2446f829eb327344b66e271d1a7efec9a.sol:359:9: Warning: Invoking events without "emit" prefix is deprecated.
        Transfer(_customerAddress, _toAddress, _taxedTokens);
        ^--------------------------------------------------^
/unique_chucks/2/0x167cb3f2446f829eb327344b66e271d1a7efec9a.sol:420:16: Warning: Using contract member "balance" inherited from the address type is deprecated. Convert the contract to "address" type to access the member, for example use "address(contract).balance" instead.
        return this.balance;
               ^----------^
/unique_chucks/2/0x167cb3f2446f829eb327344b66e271d1a7efec9a.sol:610:9: Warning: Invoking events without "emit" prefix is deprecated.
        onTokenPurchase(_customerAddress, _incomingEthereum, _amountOfTokens, _referredBy);
        ^--------------------------------------------------------------------------------^

INFO:Detectors:[92m
GandhiJi.buy (/unique_chucks/2/0x167cb3f2446f829eb327344b66e271d1a7efec9a.sol#214-223) should be declared external
GandhiJi.fallback (/unique_chucks/2/0x167cb3f2446f829eb327344b66e271d1a7efec9a.sol#224-227) should be declared external
GandhiJi.reinvest (/unique_chucks/2/0x167cb3f2446f829eb327344b66e271d1a7efec9a.sol#229-252) should be declared external
GandhiJi.exit (/unique_chucks/2/0x167cb3f2446f829eb327344b66e271d1a7efec9a.sol#254-268) should be declared external
GandhiJi.transfer (/unique_chucks/2/0x167cb3f2446f829eb327344b66e271d1a7efec9a.sol#333-379) should be declared external
GandhiJi.disableInitialStage (/unique_chucks/2/0x167cb3f2446f829eb327344b66e271d1a7efec9a.sol#387-394) should be declared external
GandhiJi.setAdministrator (/unique_chucks/2/0x167cb3f2446f829eb327344b66e271d1a7efec9a.sol#395-405) should be declared external
GandhiJi.setStakingRequirement (/unique_chucks/2/0x167cb3f2446f829eb327344b66e271d1a7efec9a.sol#406-413) should be declared external
GandhiJi.setName (/unique_chucks/2/0x167cb3f2446f829eb327344b66e271d1a7efec9a.sol#413-419) should be declared external
GandhiJi.setSymbol (/unique_chucks/2/0x167cb3f2446f829eb327344b66e271d1a7efec9a.sol#420-427) should be declared external
GandhiJi.totalSupply (/unique_chucks/2/0x167cb3f2446f829eb327344b66e271d1a7efec9a.sol#447-452) should be declared external
GandhiJi.sellPrice (/unique_chucks/2/0x167cb3f2446f829eb327344b66e271d1a7efec9a.sol#500-514) should be declared external
GandhiJi.buyPrice (/unique_chucks/2/0x167cb3f2446f829eb327344b66e271d1a7efec9a.sol#519-535) should be declared external
GandhiJi.calculateTokensReceived (/unique_chucks/2/0x167cb3f2446f829eb327344b66e271d1a7efec9a.sol#536-547) should be declared external
GandhiJi.calculateEthereumReceived (/unique_chucks/2/0x167cb3f2446f829eb327344b66e271d1a7efec9a.sol#547-556) should be declared external
Reference: https://github.com/trailofbits/slither/wiki/Detectors-Documentation#public-function-that-could-be-declared-as-external[0m
INFO:Detectors:[92m
Detected issues with version pragma in /unique_chucks/2/0x167cb3f2446f829eb327344b66e271d1a7efec9a.sol:
	- pragma solidity^0.4.20 (/unique_chucks/2/0x167cb3f2446f829eb327344b66e271d1a7efec9a.sol#1): it allows old versions
Reference: https://github.com/trailofbits/slither/wiki/Detectors-Documentation#incorrect-version-of-solidity[0m
INFO:Detectors:[92m
Event 'GandhiJi.onTokenPurchase' (/unique_chucks/2/0x167cb3f2446f829eb327344b66e271d1a7efec9a.sol#113-120) is not in CapWords
Event 'GandhiJi.onTokenSell' (/unique_chucks/2/0x167cb3f2446f829eb327344b66e271d1a7efec9a.sol#120-126) is not in CapWords
Event 'GandhiJi.onReinvestment' (/unique_chucks/2/0x167cb3f2446f829eb327344b66e271d1a7efec9a.sol#126-135) is not in CapWords
Event 'GandhiJi.onWithdraw' (/unique_chucks/2/0x167cb3f2446f829eb327344b66e271d1a7efec9a.sol#135-141) is not in CapWords
Function 'GandhiJi.GandhiJi' (/unique_chucks/2/0x167cb3f2446f829eb327344b66e271d1a7efec9a.sol#195-205) is not in mixedCase
Parameter '_referredBy' of GandhiJi.buy (/unique_chucks/2/0x167cb3f2446f829eb327344b66e271d1a7efec9a.sol#216) is not in mixedCase
Parameter '_amountOfTokens' of GandhiJi.sell (/unique_chucks/2/0x167cb3f2446f829eb327344b66e271d1a7efec9a.sol#296-297) is not in mixedCase
Parameter '_toAddress' of GandhiJi.transfer (/unique_chucks/2/0x167cb3f2446f829eb327344b66e271d1a7efec9a.sol#333-334) is not in mixedCase
Parameter '_amountOfTokens' of GandhiJi.transfer (/unique_chucks/2/0x167cb3f2446f829eb327344b66e271d1a7efec9a.sol#334-335) is not in mixedCase
Parameter '_identifier' of GandhiJi.setAdministrator (/unique_chucks/2/0x167cb3f2446f829eb327344b66e271d1a7efec9a.sol#395-397) is not in mixedCase
Parameter '_status' of GandhiJi.setAdministrator (/unique_chucks/2/0x167cb3f2446f829eb327344b66e271d1a7efec9a.sol#397-398) is not in mixedCase
Parameter '_amountOfTokens' of GandhiJi.setStakingRequirement (/unique_chucks/2/0x167cb3f2446f829eb327344b66e271d1a7efec9a.sol#410) is not in mixedCase
Parameter '_name' of GandhiJi.setName (/unique_chucks/2/0x167cb3f2446f829eb327344b66e271d1a7efec9a.sol#414-415) is not in mixedCase
Parameter '_symbol' of GandhiJi.setSymbol (/unique_chucks/2/0x167cb3f2446f829eb327344b66e271d1a7efec9a.sol#421-423) is not in mixedCase
Parameter '_includeReferralBonus' of GandhiJi.myDividends (/unique_chucks/2/0x167cb3f2446f829eb327344b66e271d1a7efec9a.sol#464-466) is not in mixedCase
Parameter '_customerAddress' of GandhiJi.balanceOf (/unique_chucks/2/0x167cb3f2446f829eb327344b66e271d1a7efec9a.sol#477-480) is not in mixedCase
Parameter '_customerAddress' of GandhiJi.dividendsOf (/unique_chucks/2/0x167cb3f2446f829eb327344b66e271d1a7efec9a.sol#490-491) is not in mixedCase
Parameter '_ethereumToSpend' of GandhiJi.calculateTokensReceived (/unique_chucks/2/0x167cb3f2446f829eb327344b66e271d1a7efec9a.sol#537-538) is not in mixedCase
Parameter '_tokensToSell' of GandhiJi.calculateEthereumReceived (/unique_chucks/2/0x167cb3f2446f829eb327344b66e271d1a7efec9a.sol#548) is not in mixedCase
Parameter '_incomingEthereum' of GandhiJi.purchaseTokens (/unique_chucks/2/0x167cb3f2446f829eb327344b66e271d1a7efec9a.sol#559) is not in mixedCase
Parameter '_referredBy' of GandhiJi.purchaseTokens (/unique_chucks/2/0x167cb3f2446f829eb327344b66e271d1a7efec9a.sol#559) is not in mixedCase
Parameter '_ethereum' of GandhiJi.ethereumToTokens_ (/unique_chucks/2/0x167cb3f2446f829eb327344b66e271d1a7efec9a.sol#638-639) is not in mixedCase
Parameter '_tokens' of GandhiJi.tokensToEthereum_ (/unique_chucks/2/0x167cb3f2446f829eb327344b66e271d1a7efec9a.sol#674-675) is not in mixedCase
Constant 'GandhiJi.dividendFee_' (/unique_chucks/2/0x167cb3f2446f829eb327344b66e271d1a7efec9a.sol#150-151) is not in UPPER_CASE_WITH_UNDERSCORES
Constant 'GandhiJi.tokenPriceInitial_' (/unique_chucks/2/0x167cb3f2446f829eb327344b66e271d1a7efec9a.sol#151-153) is not in UPPER_CASE_WITH_UNDERSCORES
Constant 'GandhiJi.tokenPriceIncremental_' (/unique_chucks/2/0x167cb3f2446f829eb327344b66e271d1a7efec9a.sol#153-156) is not in UPPER_CASE_WITH_UNDERSCORES
Constant 'GandhiJi.magnitude' (/unique_chucks/2/0x167cb3f2446f829eb327344b66e271d1a7efec9a.sol#156-157) is not in UPPER_CASE_WITH_UNDERSCORES
Constant 'GandhiJi.ambassadorMaxPurchase_' (/unique_chucks/2/0x167cb3f2446f829eb327344b66e271d1a7efec9a.sol#163-165) is not in UPPER_CASE_WITH_UNDERSCORES
Constant 'GandhiJi.ambassadorQuota_' (/unique_chucks/2/0x167cb3f2446f829eb327344b66e271d1a7efec9a.sol#165-166) is not in UPPER_CASE_WITH_UNDERSCORES
Reference: https://github.com/trailofbits/slither/wiki/Detectors-Documentation#conformance-to-solidity-naming-conventions[0m
INFO:Slither:/unique_chucks/2/0x167cb3f2446f829eb327344b66e271d1a7efec9a.sol analyzed (2 contracts), 45 result(s) found