/unique_contracts/0x48681684ffcc808c10e519364d31b73662b3e333.sol
jar:file:/usr/local/lib/node_modules/@smartdec/smartcheck/jdeploy-bundle/smartcheck-2.0-jar-with-dependencies.jar!/solidity-rules.xmlruleId: SOLIDITY_DEPRECATED_CONSTRUCTIONS
patternId: 187b5a
severity: 1
line: 99
column: 15
content: sha3

ruleId: SOLIDITY_DEPRECATED_CONSTRUCTIONS
patternId: 28fa69
severity: 1
line: 86
column: 4
content: functionhasRole(address_from,bytes32_role,address_to)constantreturns(bool){return_isFuture(rolesExpiration[_getRoleSignature(_from,_role,_to)]);}

ruleId: SOLIDITY_DEPRECATED_CONSTRUCTIONS
patternId: 28fa69
severity: 1
line: 90
column: 4
content: functionisOwner(address_node,address_owner)constantreturns(bool){returnhasRole(_node,OWNER,_owner);}

ruleId: SOLIDITY_DEPRECATED_CONSTRUCTIONS
patternId: 28fa69
severity: 1
line: 98
column: 4
content: function_getRoleSignature(address_from,bytes32_role,address_to)internalconstantreturns(bytes32){returnsha3(_from,_role,_to);}

ruleId: SOLIDITY_DEPRECATED_CONSTRUCTIONS
patternId: 28fa69
severity: 1
line: 102
column: 4
content: function_isPast(uint_timestamp)internalconstantreturns(bool){return_timestamp<now;}

ruleId: SOLIDITY_DEPRECATED_CONSTRUCTIONS
patternId: 28fa69
severity: 1
line: 106
column: 4
content: function_isFuture(uint_timestamp)internalconstantreturns(bool){return!_isPast(_timestamp);}

ruleId: SOLIDITY_PRAGMAS_VERSION
patternId: 23fc32
severity: 1
line: 5
column: 16
content: ^

ruleId: SOLIDITY_VISIBILITY
patternId: 910067
severity: 1
line: 25
column: 4
content: functionclaimFor(address_address,address_owner)returns(bool){if(nodes[_address]){_error("Access denied: already owned");returnfalse;}nodes[_address]=true;_assignRole(_address,OWNER,_owner,LIFETIME);returntrue;}

ruleId: SOLIDITY_VISIBILITY
patternId: 910067
severity: 1
line: 35
column: 4
content: functionclaim(address_address)returns(bool){returnclaimFor(_address,msg.sender);}

ruleId: SOLIDITY_VISIBILITY
patternId: 910067
severity: 1
line: 39
column: 4
content: functionassignOwner(address_node,address_owner)returns(bool){returnassignRole(_node,OWNER,_owner);}

ruleId: SOLIDITY_VISIBILITY
patternId: 910067
severity: 1
line: 43
column: 4
content: functionassignRole(address_from,bytes32_role,address_to)returns(bool){returnassignRoleWithExpiration(_from,_role,_to,LIFETIME);}

ruleId: SOLIDITY_VISIBILITY
patternId: 910067
severity: 1
line: 47
column: 4
content: functionassignRoleWithExpiration(address_from,bytes32_role,address_to,uint_expirationDate)onlyNodeOwner(_from)returns(bool){if(hasRole(_from,_role,_to)&&rolesExpiration[_getRoleSignature(_from,_role,_to)]==_expirationDate){_error("Role already assigned");returnfalse;}if(_isPast(_expirationDate)){_error("Invalid expiration date");returnfalse;}_assignRole(_from,_role,_to,_expirationDate);returntrue;}

ruleId: SOLIDITY_VISIBILITY
patternId: 910067
severity: 1
line: 66
column: 4
content: functionunassignOwner(address_node,address_owner)returns(bool){if(_owner==msg.sender){_error("Cannot remove ownership");returnfalse;}returnunassignRole(_node,OWNER,_owner);}

ruleId: SOLIDITY_VISIBILITY
patternId: 910067
severity: 1
line: 75
column: 4
content: functionunassignRole(address_from,bytes32_role,address_to)onlyNodeOwner(_from)returns(bool){if(!hasRole(_from,_role,_to)){_error("Role not assigned");returnfalse;}deleterolesExpiration[_getRoleSignature(_from,_role,_to)];Unassign(_from,_role,_to);returntrue;}

ruleId: SOLIDITY_VISIBILITY
patternId: 910067
severity: 1
line: 86
column: 4
content: functionhasRole(address_from,bytes32_role,address_to)constantreturns(bool){return_isFuture(rolesExpiration[_getRoleSignature(_from,_role,_to)]);}

ruleId: SOLIDITY_VISIBILITY
patternId: 910067
severity: 1
line: 90
column: 4
content: functionisOwner(address_node,address_owner)constantreturns(bool){returnhasRole(_node,OWNER,_owner);}

ruleId: SOLIDITY_VISIBILITY
patternId: b51ce0
severity: 1
line: 8
column: 4
content: bytes32constantOWNER="__root__";

ruleId: SOLIDITY_VISIBILITY
patternId: b51ce0
severity: 1
line: 9
column: 4
content: uintconstantLIFETIME=0xffffffffffffffffffffffffffffffffffffffffffffffffffffffffffffffff;

ruleId: SOLIDITY_VISIBILITY
patternId: b51ce0
severity: 1
line: 10
column: 4
content: mapping(bytes32=>uint)rolesExpiration;

ruleId: SOLIDITY_VISIBILITY
patternId: b51ce0
severity: 1
line: 11
column: 4
content: mapping(address=>bool)nodes;

SOLIDITY_VISIBILITY :13
SOLIDITY_DEPRECATED_CONSTRUCTIONS :6
SOLIDITY_PRAGMAS_VERSION :1