/unique_chucks/22/0x1df2111d0d6eff0a35370052797ffc00f0261284.sol
jar:file:/usr/local/lib/node_modules/@smartdec/smartcheck/jdeploy-bundle/smartcheck-2.0-jar-with-dependencies.jar!/solidity-rules.xmlruleId: SOLIDITY_ERC20_APPROVE
patternId: af782c
severity: 2
line: 52
column: 4
content: functionapprove(address_spender,uint256_value)publicreturns(boolsuccess){allowed[msg.sender][_spender]=_value;emitApproval(msg.sender,_spender,_value);returntrue;}

ruleId: SOLIDITY_PRAGMAS_VERSION
patternId: 23fc32
severity: 1
line: 1
column: 16
content: ^

ruleId: SOLIDITY_UPGRADE_TO_050
patternId: 341gim
severity: 1
line: 19
column: 8
content: string_tokenName

ruleId: SOLIDITY_UPGRADE_TO_050
patternId: 341gim
severity: 1
line: 21
column: 8
content: string_tokenSymbol

SOLIDITY_PRAGMAS_VERSION :1
SOLIDITY_UPGRADE_TO_050 :2
SOLIDITY_ERC20_APPROVE :1