/unique_chucks/9/0xed678608de045609da5a7a459c5416fe25bc5532.sol
jar:file:/usr/local/lib/node_modules/@smartdec/smartcheck/jdeploy-bundle/smartcheck-2.0-jar-with-dependencies.jar!/solidity-rules.xmlruleId: SOLIDITY_ADDRESS_HARDCODED
patternId: b140cd
severity: 1
line: 190
column: 24
content: 0x01ffc9a7

ruleId: SOLIDITY_ADDRESS_HARDCODED
patternId: b140cd
severity: 1
line: 216
column: 45
content: 0x150b7a02

ruleId: SOLIDITY_ADDRESS_HARDCODED
patternId: b140cd
severity: 1
line: 267
column: 24
content: 0x80ac58cd

ruleId: SOLIDITY_ADDRESS_HARDCODED
patternId: b140cd
severity: 1
line: 490
column: 24
content: 0x780e9d63

ruleId: SOLIDITY_ADDRESS_HARDCODED
patternId: b140cd
severity: 1
line: 610
column: 24
content: 0x5b5e139f

ruleId: SOLIDITY_ARRAY_LENGTH_MANIPULATION
patternId: 872bdd
severity: 1
line: 521
column: 4
content: tokens.length--

ruleId: SOLIDITY_ARRAY_LENGTH_MANIPULATION
patternId: 872bdd
severity: 1
line: 541
column: 4
content: ownerToIds[_from].length--

ruleId: SOLIDITY_ERC20_APPROVE
patternId: af782c
severity: 2
line: 329
column: 2
content: functionapprove(address_approved,uint256_tokenId)externalcanOperate(_tokenId)validNFToken(_tokenId){addresstokenOwner=idToOwner[_tokenId];require(_approved!=tokenOwner);idToApprovals[_tokenId]=_approved;emitApproval(tokenOwner,_approved,_tokenId);}

ruleId: SOLIDITY_PRAGMAS_VERSION
patternId: 23fc32
severity: 1
line: 1
column: 16
content: ^

ruleId: SOLIDITY_SAFEMATH
patternId: 837cac
severity: 1
line: 209
column: 2
content: usingSafeMathforuint256;

ruleId: SOLIDITY_SHOULD_NOT_BE_VIEW
patternId: 189abf
severity: 1
line: 164
column: 4
content: functionisContract(addressaddr)internalviewreturns(bool){uint256size;assembly{size:=extcodesize(addr)}returnsize>0;}

ruleId: SOLIDITY_UPGRADE_TO_050
patternId: 341gim
severity: 1
line: 383
column: 4
content: bytes_data

ruleId: SOLIDITY_UPGRADE_TO_050
patternId: 341gim
severity: 1
line: 615
column: 4
content: string_uri

ruleId: SOLIDITY_UPGRADE_TO_050
patternId: 341gim
severity: 1
line: 616
column: 4
content: string_chtype

ruleId: SOLIDITY_UPGRADE_TO_050
patternId: 341gim
severity: 1
line: 617
column: 4
content: string_name

ruleId: SOLIDITY_VISIBILITY
patternId: b51ce0
severity: 1
line: 216
column: 2
content: bytes4constantMAGIC_ON_ERC721_RECEIVED=0x150b7a02;

SOLIDITY_VISIBILITY :1
SOLIDITY_SAFEMATH :1
SOLIDITY_PRAGMAS_VERSION :1
SOLIDITY_ARRAY_LENGTH_MANIPULATION :2
SOLIDITY_ADDRESS_HARDCODED :5
SOLIDITY_UPGRADE_TO_050 :4
SOLIDITY_SHOULD_NOT_BE_VIEW :1
SOLIDITY_ERC20_APPROVE :1