INFO:Detectors:[93m
VACToken.refundTokens (/unique_chucks/16/0x9f3ecba366bbf358314c4bcbc60771b0335aed2f.sol#365-375) does not use the value returned by external calls:
	-token.transfer(_refund,_value) (/unique_chucks/16/0x9f3ecba366bbf358314c4bcbc60771b0335aed2f.sol#371)
Reference: https://github.com/trailofbits/slither/wiki/Detectors-Documentation#unused-return[0m
INFO:Detectors:[92m
VACToken.totalSupply (/unique_chucks/16/0x9f3ecba366bbf358314c4bcbc60771b0335aed2f.sol#235-237) should be declared external
Token.totalSupply (/unique_chucks/16/0x9f3ecba366bbf358314c4bcbc60771b0335aed2f.sol#56-57) should be declared external
AbstractToken.balanceOf (/unique_chucks/16/0x9f3ecba366bbf358314c4bcbc60771b0335aed2f.sol#88-93) should be declared external
Token.balanceOf (/unique_chucks/16/0x9f3ecba366bbf358314c4bcbc60771b0335aed2f.sol#57-58) should be declared external
VACToken.createTokens (/unique_chucks/16/0x9f3ecba366bbf358314c4bcbc60771b0335aed2f.sol#296-322) should be declared external
VACToken.setOwner (/unique_chucks/16/0x9f3ecba366bbf358314c4bcbc60771b0335aed2f.sol#329-336) should be declared external
VACToken.freezeTransfers (/unique_chucks/16/0x9f3ecba366bbf358314c4bcbc60771b0335aed2f.sol#341-349) should be declared external
VACToken.unfreezeTransfers (/unique_chucks/16/0x9f3ecba366bbf358314c4bcbc60771b0335aed2f.sol#350-351) should be declared external
VACToken.refundTokens (/unique_chucks/16/0x9f3ecba366bbf358314c4bcbc60771b0335aed2f.sol#365-375) should be declared external
VACToken.freezeAccount (/unique_chucks/16/0x9f3ecba366bbf358314c4bcbc60771b0335aed2f.sol#382-396) should be declared external
Reference: https://github.com/trailofbits/slither/wiki/Detectors-Documentation#public-function-that-could-be-declared-as-external[0m
INFO:Detectors:[92m
Parameter '_owner' of AbstractToken.balanceOf (/unique_chucks/16/0x9f3ecba366bbf358314c4bcbc60771b0335aed2f.sol#88-91) is not in mixedCase
Parameter '_to' of AbstractToken.transfer (/unique_chucks/16/0x9f3ecba366bbf358314c4bcbc60771b0335aed2f.sol#102) is not in mixedCase
Parameter '_value' of AbstractToken.transfer (/unique_chucks/16/0x9f3ecba366bbf358314c4bcbc60771b0335aed2f.sol#102) is not in mixedCase
Parameter '_from' of AbstractToken.transferFrom (/unique_chucks/16/0x9f3ecba366bbf358314c4bcbc60771b0335aed2f.sol#125) is not in mixedCase
Parameter '_to' of AbstractToken.transferFrom (/unique_chucks/16/0x9f3ecba366bbf358314c4bcbc60771b0335aed2f.sol#125) is not in mixedCase
Parameter '_value' of AbstractToken.transferFrom (/unique_chucks/16/0x9f3ecba366bbf358314c4bcbc60771b0335aed2f.sol#125) is not in mixedCase
Parameter '_spender' of AbstractToken.approve (/unique_chucks/16/0x9f3ecba366bbf358314c4bcbc60771b0335aed2f.sol#145) is not in mixedCase
Parameter '_value' of AbstractToken.approve (/unique_chucks/16/0x9f3ecba366bbf358314c4bcbc60771b0335aed2f.sol#145-146) is not in mixedCase
Parameter '_owner' of AbstractToken.allowance (/unique_chucks/16/0x9f3ecba366bbf358314c4bcbc60771b0335aed2f.sol#166) is not in mixedCase
Parameter '_spender' of AbstractToken.allowance (/unique_chucks/16/0x9f3ecba366bbf358314c4bcbc60771b0335aed2f.sol#166) is not in mixedCase
Parameter '_to' of VACToken.transfer (/unique_chucks/16/0x9f3ecba366bbf358314c4bcbc60771b0335aed2f.sol#248) is not in mixedCase
Parameter '_value' of VACToken.transfer (/unique_chucks/16/0x9f3ecba366bbf358314c4bcbc60771b0335aed2f.sol#248) is not in mixedCase
Parameter '_from' of VACToken.transferFrom (/unique_chucks/16/0x9f3ecba366bbf358314c4bcbc60771b0335aed2f.sol#264) is not in mixedCase
Parameter '_to' of VACToken.transferFrom (/unique_chucks/16/0x9f3ecba366bbf358314c4bcbc60771b0335aed2f.sol#264) is not in mixedCase
Parameter '_value' of VACToken.transferFrom (/unique_chucks/16/0x9f3ecba366bbf358314c4bcbc60771b0335aed2f.sol#264) is not in mixedCase
Parameter '_spender' of VACToken.approve (/unique_chucks/16/0x9f3ecba366bbf358314c4bcbc60771b0335aed2f.sol#283) is not in mixedCase
Parameter '_value' of VACToken.approve (/unique_chucks/16/0x9f3ecba366bbf358314c4bcbc60771b0335aed2f.sol#283) is not in mixedCase
Parameter '_value' of VACToken.createTokens (/unique_chucks/16/0x9f3ecba366bbf358314c4bcbc60771b0335aed2f.sol#296) is not in mixedCase
Parameter '_newOwner' of VACToken.setOwner (/unique_chucks/16/0x9f3ecba366bbf358314c4bcbc60771b0335aed2f.sol#330-332) is not in mixedCase
Parameter '_token' of VACToken.refundTokens (/unique_chucks/16/0x9f3ecba366bbf358314c4bcbc60771b0335aed2f.sol#366-367) is not in mixedCase
Parameter '_refund' of VACToken.refundTokens (/unique_chucks/16/0x9f3ecba366bbf358314c4bcbc60771b0335aed2f.sol#367) is not in mixedCase
Parameter '_value' of VACToken.refundTokens (/unique_chucks/16/0x9f3ecba366bbf358314c4bcbc60771b0335aed2f.sol#367) is not in mixedCase
Parameter '_target' of VACToken.freezeAccount (/unique_chucks/16/0x9f3ecba366bbf358314c4bcbc60771b0335aed2f.sol#385) is not in mixedCase
Reference: https://github.com/trailofbits/slither/wiki/Detectors-Documentation#conformance-to-solidity-naming-conventions[0m
INFO:Slither:/unique_chucks/16/0x9f3ecba366bbf358314c4bcbc60771b0335aed2f.sol analyzed (4 contracts), 34 result(s) found