2019-07-25 18:33:05,900: [12] m.main:INFO: Registered plugins: DetectReentrancySimple, DetectUnusedRetVal, DetectDelegatecall, DetectEnvInstruction, DetectUninitializedStorage, DetectInvalid, DetectSuicidal, DetectExternalCallAndLeak, DetectUninitializedMemory, DetectIntegerOverflow, DetectReentrancyAdvanced
2019-07-25 18:33:05,901: [12] m.main:INFO: Beginning analysis
2019-07-25 18:33:05,953: [12] m.e.manticore:INFO: Starting symbolic create contract
2019-07-25 18:33:06,160: [56] m.c.manticore:INFO: Generated testcase No. 0 - NO STATE RESULT (?)(0 txs)
2019-07-25 18:33:06,679: [12] m.c.manticore:INFO: Results in /mcore_xo46_o2h
2019-07-25 18:33:07,368: [315] m.main:INFO: Registered plugins: DetectUninitializedMemory, DetectIntegerOverflow, DetectReentrancyAdvanced, DetectInvalid, DetectExternalCallAndLeak, DetectUnusedRetVal, DetectReentrancySimple, DetectSuicidal, DetectEnvInstruction, DetectUninitializedStorage, DetectDelegatecall
2019-07-25 18:33:07,368: [315] m.main:INFO: Beginning analysis
2019-07-25 18:33:07,387: [315] m.e.manticore:INFO: Starting symbolic create contract
2019-07-25 18:33:25,359: [363] m.e.detectors:WARNING: Unsigned integer overflow at MUL instruction
2019-07-25 18:33:26,347: [363] m.e.detectors:WARNING: Unsigned integer overflow at MUL instruction
2019-07-25 18:33:45,760: [315] m.e.manticore:INFO: Starting symbolic transaction: 0
2019-07-25 18:34:30,954: [1515] m.e.detectors:WARNING: Unsigned integer overflow at MUL instruction
2019-07-25 18:35:20,934: [1515] m.e.detectors:WARNING: Potentially reading uninitialized storage
2019-07-25 18:35:31,222: [1515] m.e.detectors:WARNING: Unsigned integer overflow at MUL instruction
2019-07-25 18:35:40,603: [1524] m.e.detectors:WARNING: Potentially reading uninitialized storage
2019-07-25 18:35:50,610: [1535] m.e.detectors:WARNING: Unsigned integer overflow at MUL instruction
2019-07-25 18:36:42,930: [1515] m.e.detectors:WARNING: Potentially reading uninitialized storage
2019-07-25 18:37:11,362: [1515] m.e.detectors:WARNING: Potentially reading uninitialized storage
2019-07-25 18:37:15,862: [1530] m.e.detectors:WARNING: Unsigned integer overflow at MUL instruction
2019-07-25 18:40:38,356: [1524] m.e.detectors:WARNING: Potentially reading uninitialized memory at instruction (address: 276448836097457351362717846227348538055234081604, offset 128)
2019-07-25 18:40:41,430: [1524] m.e.detectors:WARNING: Potentially reading uninitialized memory at instruction (address: 276448836097457351362717846227348538055234081604, offset 129)
2019-07-25 18:40:43,754: [1524] m.e.detectors:WARNING: Potentially reading uninitialized memory at instruction (address: 276448836097457351362717846227348538055234081604, offset 130)
2019-07-25 18:40:44,514: [1535] m.e.detectors:WARNING: Potentially reading uninitialized storage
2019-07-25 18:40:45,938: [1524] m.e.detectors:WARNING: Potentially reading uninitialized memory at instruction (address: 276448836097457351362717846227348538055234081604, offset 131)
2019-07-25 18:40:48,552: [1524] m.e.detectors:WARNING: Potentially reading uninitialized memory at instruction (address: 276448836097457351362717846227348538055234081604, offset 132)
2019-07-25 18:40:52,051: [1524] m.e.detectors:WARNING: Potentially reading uninitialized memory at instruction (address: 276448836097457351362717846227348538055234081604, offset 133)
2019-07-25 18:40:56,014: [1524] m.e.detectors:WARNING: Potentially reading uninitialized memory at instruction (address: 276448836097457351362717846227348538055234081604, offset 134)
2019-07-25 18:41:02,058: [1524] m.e.detectors:WARNING: Potentially reading uninitialized memory at instruction (address: 276448836097457351362717846227348538055234081604, offset 135)
2019-07-25 18:41:05,135: [1524] m.e.detectors:WARNING: Potentially reading uninitialized memory at instruction (address: 276448836097457351362717846227348538055234081604, offset 136)
2019-07-25 18:41:08,058: [1524] m.e.detectors:WARNING: Potentially reading uninitialized memory at instruction (address: 276448836097457351362717846227348538055234081604, offset 137)
2019-07-25 18:41:11,106: [1524] m.e.detectors:WARNING: Potentially reading uninitialized memory at instruction (address: 276448836097457351362717846227348538055234081604, offset 138)
2019-07-25 18:41:13,042: [1524] m.e.detectors:WARNING: Potentially reading uninitialized memory at instruction (address: 276448836097457351362717846227348538055234081604, offset 139)
2019-07-25 18:41:15,614: [1524] m.e.detectors:WARNING: Potentially reading uninitialized memory at instruction (address: 276448836097457351362717846227348538055234081604, offset 140)
2019-07-25 18:41:18,510: [1524] m.e.detectors:WARNING: Potentially reading uninitialized memory at instruction (address: 276448836097457351362717846227348538055234081604, offset 141)
2019-07-25 18:41:22,010: [1524] m.e.detectors:WARNING: Potentially reading uninitialized memory at instruction (address: 276448836097457351362717846227348538055234081604, offset 142)
2019-07-25 18:41:24,322: [1524] m.e.detectors:WARNING: Potentially reading uninitialized memory at instruction (address: 276448836097457351362717846227348538055234081604, offset 143)
2019-07-25 18:41:26,806: [1524] m.e.detectors:WARNING: Potentially reading uninitialized memory at instruction (address: 276448836097457351362717846227348538055234081604, offset 144)
2019-07-25 18:41:29,955: [1524] m.e.detectors:WARNING: Potentially reading uninitialized memory at instruction (address: 276448836097457351362717846227348538055234081604, offset 145)
2019-07-25 18:41:37,502: [1524] m.e.detectors:WARNING: Potentially reading uninitialized memory at instruction (address: 276448836097457351362717846227348538055234081604, offset 146)
2019-07-25 18:41:39,466: [1524] m.e.detectors:WARNING: Potentially reading uninitialized memory at instruction (address: 276448836097457351362717846227348538055234081604, offset 147)
2019-07-25 18:41:41,822: [1524] m.e.detectors:WARNING: Potentially reading uninitialized memory at instruction (address: 276448836097457351362717846227348538055234081604, offset 148)
2019-07-25 18:41:44,542: [1524] m.e.detectors:WARNING: Potentially reading uninitialized memory at instruction (address: 276448836097457351362717846227348538055234081604, offset 149)
2019-07-25 18:41:48,335: [1524] m.e.detectors:WARNING: Potentially reading uninitialized memory at instruction (address: 276448836097457351362717846227348538055234081604, offset 150)
2019-07-25 18:41:51,007: [1524] m.e.detectors:WARNING: Potentially reading uninitialized memory at instruction (address: 276448836097457351362717846227348538055234081604, offset 151)
2019-07-25 18:41:53,746: [1524] m.e.detectors:WARNING: Potentially reading uninitialized memory at instruction (address: 276448836097457351362717846227348538055234081604, offset 152)
2019-07-25 18:41:56,158: [1524] m.e.detectors:WARNING: Potentially reading uninitialized memory at instruction (address: 276448836097457351362717846227348538055234081604, offset 153)
2019-07-25 18:41:58,161: [1524] m.e.detectors:WARNING: Potentially reading uninitialized memory at instruction (address: 276448836097457351362717846227348538055234081604, offset 154)
2019-07-25 18:42:01,242: [1524] m.e.detectors:WARNING: Potentially reading uninitialized memory at instruction (address: 276448836097457351362717846227348538055234081604, offset 155)
2019-07-25 18:42:02,364: [1533] m.e.detectors:WARNING: Potentially reading uninitialized memory at instruction (address: 276448836097457351362717846227348538055234081604, offset 128)
2019-07-25 18:42:03,954: [1524] m.e.detectors:WARNING: Potentially reading uninitialized memory at instruction (address: 276448836097457351362717846227348538055234081604, offset 156)
2019-07-25 18:42:06,234: [1533] m.e.detectors:WARNING: Potentially reading uninitialized memory at instruction (address: 276448836097457351362717846227348538055234081604, offset 129)
2019-07-25 18:42:06,614: [1524] m.e.detectors:WARNING: Potentially reading uninitialized memory at instruction (address: 276448836097457351362717846227348538055234081604, offset 157)
2019-07-25 18:42:09,615: [1533] m.e.detectors:WARNING: Potentially reading uninitialized memory at instruction (address: 276448836097457351362717846227348538055234081604, offset 130)
2019-07-25 18:42:09,642: [1524] m.e.detectors:WARNING: Potentially reading uninitialized memory at instruction (address: 276448836097457351362717846227348538055234081604, offset 158)
2019-07-25 18:42:13,602: [1524] m.e.detectors:WARNING: Potentially reading uninitialized memory at instruction (address: 276448836097457351362717846227348538055234081604, offset 159)
2019-07-25 18:42:17,343: [1533] m.e.detectors:WARNING: Potentially reading uninitialized memory at instruction (address: 276448836097457351362717846227348538055234081604, offset 131)
2019-07-25 18:42:20,106: [1533] m.e.detectors:WARNING: Potentially reading uninitialized memory at instruction (address: 276448836097457351362717846227348538055234081604, offset 132)
2019-07-25 18:42:23,206: [1533] m.e.detectors:WARNING: Potentially reading uninitialized memory at instruction (address: 276448836097457351362717846227348538055234081604, offset 133)
2019-07-25 18:42:26,762: [1533] m.e.detectors:WARNING: Potentially reading uninitialized memory at instruction (address: 276448836097457351362717846227348538055234081604, offset 134)
2019-07-25 18:42:29,926: [1533] m.e.detectors:WARNING: Potentially reading uninitialized memory at instruction (address: 276448836097457351362717846227348538055234081604, offset 135)
2019-07-25 18:42:31,450: [1524] m.e.detectors:WARNING: Potentially reading uninitialized memory at instruction (address: 276448836097457351362717846227348538055234081604, offset 128)
2019-07-25 18:42:33,518: [1533] m.e.detectors:WARNING: Potentially reading uninitialized memory at instruction (address: 276448836097457351362717846227348538055234081604, offset 136)
2019-07-25 18:42:34,506: [1524] m.e.detectors:WARNING: Potentially reading uninitialized memory at instruction (address: 276448836097457351362717846227348538055234081604, offset 129)
2019-07-25 18:42:36,942: [1533] m.e.detectors:WARNING: Potentially reading uninitialized memory at instruction (address: 276448836097457351362717846227348538055234081604, offset 137)
2019-07-25 18:42:37,838: [1524] m.e.detectors:WARNING: Potentially reading uninitialized memory at instruction (address: 276448836097457351362717846227348538055234081604, offset 130)
2019-07-25 18:42:40,816: [1524] m.e.detectors:WARNING: Potentially reading uninitialized memory at instruction (address: 276448836097457351362717846227348538055234081604, offset 131)
2019-07-25 18:42:42,146: [1533] m.e.detectors:WARNING: Potentially reading uninitialized memory at instruction (address: 276448836097457351362717846227348538055234081604, offset 138)
2019-07-25 18:42:43,002: [1524] m.e.detectors:WARNING: Potentially reading uninitialized memory at instruction (address: 276448836097457351362717846227348538055234081604, offset 132)
2019-07-25 18:42:45,168: [1533] m.e.detectors:WARNING: Potentially reading uninitialized memory at instruction (address: 276448836097457351362717846227348538055234081604, offset 139)
2019-07-25 18:42:45,662: [1524] m.e.detectors:WARNING: Potentially reading uninitialized memory at instruction (address: 276448836097457351362717846227348538055234081604, offset 133)
2019-07-25 18:42:47,610: [1533] m.e.detectors:WARNING: Potentially reading uninitialized memory at instruction (address: 276448836097457351362717846227348538055234081604, offset 140)
2019-07-25 18:42:48,662: [1524] m.e.detectors:WARNING: Potentially reading uninitialized memory at instruction (address: 276448836097457351362717846227348538055234081604, offset 134)
2019-07-25 18:42:50,273: [1533] m.e.detectors:WARNING: Potentially reading uninitialized memory at instruction (address: 276448836097457351362717846227348538055234081604, offset 141)
2019-07-25 18:42:51,122: [1524] m.e.detectors:WARNING: Potentially reading uninitialized memory at instruction (address: 276448836097457351362717846227348538055234081604, offset 135)
2019-07-25 18:42:52,930: [1533] m.e.detectors:WARNING: Potentially reading uninitialized memory at instruction (address: 276448836097457351362717846227348538055234081604, offset 142)
2019-07-25 18:42:54,128: [1524] m.e.detectors:WARNING: Potentially reading uninitialized memory at instruction (address: 276448836097457351362717846227348538055234081604, offset 136)
2019-07-25 18:42:56,406: [1524] m.e.detectors:WARNING: Potentially reading uninitialized memory at instruction (address: 276448836097457351362717846227348538055234081604, offset 137)
2019-07-25 18:43:00,450: [1524] m.e.detectors:WARNING: Potentially reading uninitialized memory at instruction (address: 276448836097457351362717846227348538055234081604, offset 138)
2019-07-25 18:43:01,210: [1533] m.e.detectors:WARNING: Potentially reading uninitialized memory at instruction (address: 276448836097457351362717846227348538055234081604, offset 143)
2019-07-25 18:43:03,459: [1533] m.e.detectors:WARNING: Potentially reading uninitialized memory at instruction (address: 276448836097457351362717846227348538055234081604, offset 144)
2019-07-25 18:43:03,842: [1524] m.e.detectors:WARNING: Potentially reading uninitialized memory at instruction (address: 276448836097457351362717846227348538055234081604, offset 139)
2019-07-25 18:43:06,021: [1533] m.e.detectors:WARNING: Potentially reading uninitialized memory at instruction (address: 276448836097457351362717846227348538055234081604, offset 145)
2019-07-25 18:43:06,110: [1524] m.e.detectors:WARNING: Potentially reading uninitialized memory at instruction (address: 276448836097457351362717846227348538055234081604, offset 140)
2019-07-25 18:43:08,946: [1533] m.e.detectors:WARNING: Potentially reading uninitialized memory at instruction (address: 276448836097457351362717846227348538055234081604, offset 146)
2019-07-25 18:43:09,650: [1524] m.e.detectors:WARNING: Potentially reading uninitialized memory at instruction (address: 276448836097457351362717846227348538055234081604, offset 141)
2019-07-25 18:43:11,314: [1533] m.e.detectors:WARNING: Potentially reading uninitialized memory at instruction (address: 276448836097457351362717846227348538055234081604, offset 147)
2019-07-25 18:43:13,258: [1524] m.e.detectors:WARNING: Potentially reading uninitialized memory at instruction (address: 276448836097457351362717846227348538055234081604, offset 142)
2019-07-25 18:43:13,528: [1533] m.e.detectors:WARNING: Potentially reading uninitialized memory at instruction (address: 276448836097457351362717846227348538055234081604, offset 148)
2019-07-25 18:43:16,158: [1524] m.e.detectors:WARNING: Potentially reading uninitialized memory at instruction (address: 276448836097457351362717846227348538055234081604, offset 143)
2019-07-25 18:43:16,510: [1533] m.e.detectors:WARNING: Potentially reading uninitialized memory at instruction (address: 276448836097457351362717846227348538055234081604, offset 149)
2019-07-25 18:43:18,746: [1524] m.e.detectors:WARNING: Potentially reading uninitialized memory at instruction (address: 276448836097457351362717846227348538055234081604, offset 144)
2019-07-25 18:43:19,206: [1533] m.e.detectors:WARNING: Potentially reading uninitialized memory at instruction (address: 276448836097457351362717846227348538055234081604, offset 150)
2019-07-25 18:43:22,202: [1533] m.e.detectors:WARNING: Potentially reading uninitialized memory at instruction (address: 276448836097457351362717846227348538055234081604, offset 151)
2019-07-25 18:43:25,031: [1533] m.e.detectors:WARNING: Potentially reading uninitialized memory at instruction (address: 276448836097457351362717846227348538055234081604, offset 152)
2019-07-25 18:43:27,764: [1533] m.e.detectors:WARNING: Potentially reading uninitialized memory at instruction (address: 276448836097457351362717846227348538055234081604, offset 153)
2019-07-25 18:43:29,518: [1524] m.e.detectors:WARNING: Potentially reading uninitialized memory at instruction (address: 276448836097457351362717846227348538055234081604, offset 145)
2019-07-25 18:43:31,155: [1533] m.e.detectors:WARNING: Potentially reading uninitialized memory at instruction (address: 276448836097457351362717846227348538055234081604, offset 154)
2019-07-25 18:43:32,246: [1524] m.e.detectors:WARNING: Potentially reading uninitialized memory at instruction (address: 276448836097457351362717846227348538055234081604, offset 146)
2019-07-25 18:43:35,415: [1533] m.e.detectors:WARNING: Potentially reading uninitialized memory at instruction (address: 276448836097457351362717846227348538055234081604, offset 155)
2019-07-25 18:43:35,826: [1524] m.e.detectors:WARNING: Potentially reading uninitialized memory at instruction (address: 276448836097457351362717846227348538055234081604, offset 147)
2019-07-25 18:43:38,854: [1533] m.e.detectors:WARNING: Potentially reading uninitialized memory at instruction (address: 276448836097457351362717846227348538055234081604, offset 156)
2019-07-25 18:43:39,159: [1524] m.e.detectors:WARNING: Potentially reading uninitialized memory at instruction (address: 276448836097457351362717846227348538055234081604, offset 148)
2019-07-25 18:43:41,954: [1533] m.e.detectors:WARNING: Potentially reading uninitialized memory at instruction (address: 276448836097457351362717846227348538055234081604, offset 157)
2019-07-25 18:43:42,934: [1524] m.e.detectors:WARNING: Potentially reading uninitialized memory at instruction (address: 276448836097457351362717846227348538055234081604, offset 149)
2019-07-25 18:43:46,759: [1524] m.e.detectors:WARNING: Potentially reading uninitialized memory at instruction (address: 276448836097457351362717846227348538055234081604, offset 150)
2019-07-25 18:43:49,346: [1524] m.e.detectors:WARNING: Potentially reading uninitialized memory at instruction (address: 276448836097457351362717846227348538055234081604, offset 151)
2019-07-25 18:43:51,227: [1533] m.e.detectors:WARNING: Potentially reading uninitialized memory at instruction (address: 276448836097457351362717846227348538055234081604, offset 158)
2019-07-25 18:43:51,938: [1524] m.e.detectors:WARNING: Potentially reading uninitialized memory at instruction (address: 276448836097457351362717846227348538055234081604, offset 152)
2019-07-25 18:43:54,226: [1524] m.e.detectors:WARNING: Potentially reading uninitialized memory at instruction (address: 276448836097457351362717846227348538055234081604, offset 153)
2019-07-25 18:43:54,802: [1533] m.e.detectors:WARNING: Potentially reading uninitialized memory at instruction (address: 276448836097457351362717846227348538055234081604, offset 159)
2019-07-25 18:43:57,154: [1524] m.e.detectors:WARNING: Potentially reading uninitialized memory at instruction (address: 276448836097457351362717846227348538055234081604, offset 154)
2019-07-25 18:43:59,348: [1524] m.e.detectors:WARNING: Potentially reading uninitialized memory at instruction (address: 276448836097457351362717846227348538055234081604, offset 155)
2019-07-25 18:44:03,114: [1524] m.e.detectors:WARNING: Potentially reading uninitialized memory at instruction (address: 276448836097457351362717846227348538055234081604, offset 156)
2019-07-25 18:44:06,618: [1524] m.e.detectors:WARNING: Potentially reading uninitialized memory at instruction (address: 276448836097457351362717846227348538055234081604, offset 157)
2019-07-25 18:44:07,318: [1533] m.e.detectors:WARNING: Potentially reading uninitialized memory at instruction (address: 276448836097457351362717846227348538055234081604, offset 128)
2019-07-25 18:44:11,522: [1533] m.e.detectors:WARNING: Potentially reading uninitialized memory at instruction (address: 276448836097457351362717846227348538055234081604, offset 129)
2019-07-25 18:44:12,043: [1524] m.e.detectors:WARNING: Potentially reading uninitialized memory at instruction (address: 276448836097457351362717846227348538055234081604, offset 158)
2019-07-25 18:44:14,303: [1533] m.e.detectors:WARNING: Potentially reading uninitialized memory at instruction (address: 276448836097457351362717846227348538055234081604, offset 130)
2019-07-25 18:44:14,746: [1524] m.e.detectors:WARNING: Potentially reading uninitialized memory at instruction (address: 276448836097457351362717846227348538055234081604, offset 159)
2019-07-25 18:44:17,226: [1533] m.e.detectors:WARNING: Potentially reading uninitialized memory at instruction (address: 276448836097457351362717846227348538055234081604, offset 131)
2019-07-25 18:44:20,062: [1533] m.e.detectors:WARNING: Potentially reading uninitialized memory at instruction (address: 276448836097457351362717846227348538055234081604, offset 132)
2019-07-25 18:44:22,410: [1533] m.e.detectors:WARNING: Potentially reading uninitialized memory at instruction (address: 276448836097457351362717846227348538055234081604, offset 133)
2019-07-25 18:44:25,446: [1533] m.e.detectors:WARNING: Potentially reading uninitialized memory at instruction (address: 276448836097457351362717846227348538055234081604, offset 134)
2019-07-25 18:44:29,030: [1533] m.e.detectors:WARNING: Potentially reading uninitialized memory at instruction (address: 276448836097457351362717846227348538055234081604, offset 135)
2019-07-25 18:44:31,939: [1533] m.e.detectors:WARNING: Potentially reading uninitialized memory at instruction (address: 276448836097457351362717846227348538055234081604, offset 136)
2019-07-25 18:44:35,743: [1533] m.e.detectors:WARNING: Potentially reading uninitialized memory at instruction (address: 276448836097457351362717846227348538055234081604, offset 137)
2019-07-25 18:44:38,138: [1533] m.e.detectors:WARNING: Potentially reading uninitialized memory at instruction (address: 276448836097457351362717846227348538055234081604, offset 138)
2019-07-25 18:44:41,659: [1533] m.e.detectors:WARNING: Potentially reading uninitialized memory at instruction (address: 276448836097457351362717846227348538055234081604, offset 139)
2019-07-25 18:44:44,354: [1533] m.e.detectors:WARNING: Potentially reading uninitialized memory at instruction (address: 276448836097457351362717846227348538055234081604, offset 140)
2019-07-25 18:44:47,551: [1533] m.e.detectors:WARNING: Potentially reading uninitialized memory at instruction (address: 276448836097457351362717846227348538055234081604, offset 141)
2019-07-25 18:44:50,954: [1533] m.e.detectors:WARNING: Potentially reading uninitialized memory at instruction (address: 276448836097457351362717846227348538055234081604, offset 142)
2019-07-25 18:45:02,434: [1533] m.e.detectors:WARNING: Potentially reading uninitialized memory at instruction (address: 276448836097457351362717846227348538055234081604, offset 143)
2019-07-25 18:45:07,206: [1533] m.e.detectors:WARNING: Potentially reading uninitialized memory at instruction (address: 276448836097457351362717846227348538055234081604, offset 144)
2019-07-25 18:45:11,580: [1533] m.e.detectors:WARNING: Potentially reading uninitialized memory at instruction (address: 276448836097457351362717846227348538055234081604, offset 145)
2019-07-25 18:45:14,654: [1533] m.e.detectors:WARNING: Potentially reading uninitialized memory at instruction (address: 276448836097457351362717846227348538055234081604, offset 146)
2019-07-25 18:45:17,451: [1533] m.e.detectors:WARNING: Potentially reading uninitialized memory at instruction (address: 276448836097457351362717846227348538055234081604, offset 147)
2019-07-25 18:45:21,050: [1533] m.e.detectors:WARNING: Potentially reading uninitialized memory at instruction (address: 276448836097457351362717846227348538055234081604, offset 148)
2019-07-25 18:45:24,906: [1533] m.e.detectors:WARNING: Potentially reading uninitialized memory at instruction (address: 276448836097457351362717846227348538055234081604, offset 149)
2019-07-25 18:45:27,863: [1533] m.e.detectors:WARNING: Potentially reading uninitialized memory at instruction (address: 276448836097457351362717846227348538055234081604, offset 150)
2019-07-25 18:45:31,847: [1533] m.e.detectors:WARNING: Potentially reading uninitialized memory at instruction (address: 276448836097457351362717846227348538055234081604, offset 151)
2019-07-25 18:45:36,010: [1533] m.e.detectors:WARNING: Potentially reading uninitialized memory at instruction (address: 276448836097457351362717846227348538055234081604, offset 152)
2019-07-25 18:45:40,526: [1533] m.e.detectors:WARNING: Potentially reading uninitialized memory at instruction (address: 276448836097457351362717846227348538055234081604, offset 153)
2019-07-25 18:45:44,752: [1533] m.e.detectors:WARNING: Potentially reading uninitialized memory at instruction (address: 276448836097457351362717846227348538055234081604, offset 154)
2019-07-25 18:45:48,035: [1533] m.e.detectors:WARNING: Potentially reading uninitialized memory at instruction (address: 276448836097457351362717846227348538055234081604, offset 155)
2019-07-25 18:45:51,150: [1533] m.e.detectors:WARNING: Potentially reading uninitialized memory at instruction (address: 276448836097457351362717846227348538055234081604, offset 156)
2019-07-25 18:45:55,455: [1533] m.e.detectors:WARNING: Potentially reading uninitialized memory at instruction (address: 276448836097457351362717846227348538055234081604, offset 157)
2019-07-25 18:45:58,354: [1533] m.e.detectors:WARNING: Potentially reading uninitialized memory at instruction (address: 276448836097457351362717846227348538055234081604, offset 158)
2019-07-25 18:46:01,858: [1533] m.e.detectors:WARNING: Potentially reading uninitialized memory at instruction (address: 276448836097457351362717846227348538055234081604, offset 159)
2019-07-25 18:46:44,015: [1535] m.e.detectors:WARNING: Potentially reading uninitialized storage
2019-07-25 18:47:32,847: [1530] m.e.detectors:WARNING: Unsigned integer overflow at MUL instruction
2019-07-25 18:47:35,706: [1535] m.e.detectors:WARNING: Potentially reading uninitialized storage
2019-07-25 18:49:51,121: [1535] m.e.detectors:WARNING: Potentially reading uninitialized memory at instruction (address: 276448836097457351362717846227348538055234081604, offset 160)
2019-07-25 18:50:01,850: [1535] m.e.detectors:WARNING: Potentially reading uninitialized memory at instruction (address: 276448836097457351362717846227348538055234081604, offset 161)
2019-07-25 18:50:09,015: [1535] m.e.detectors:WARNING: Potentially reading uninitialized memory at instruction (address: 276448836097457351362717846227348538055234081604, offset 162)
2019-07-25 18:50:13,522: [1535] m.e.detectors:WARNING: Potentially reading uninitialized memory at instruction (address: 276448836097457351362717846227348538055234081604, offset 163)
2019-07-25 18:50:21,018: [1535] m.e.detectors:WARNING: Potentially reading uninitialized memory at instruction (address: 276448836097457351362717846227348538055234081604, offset 164)
2019-07-25 18:50:27,214: [1535] m.e.detectors:WARNING: Potentially reading uninitialized memory at instruction (address: 276448836097457351362717846227348538055234081604, offset 165)
2019-07-25 18:50:32,134: [1535] m.e.detectors:WARNING: Potentially reading uninitialized memory at instruction (address: 276448836097457351362717846227348538055234081604, offset 166)
2019-07-25 18:50:38,806: [1535] m.e.detectors:WARNING: Potentially reading uninitialized memory at instruction (address: 276448836097457351362717846227348538055234081604, offset 167)
2019-07-25 18:50:46,207: [1535] m.e.detectors:WARNING: Potentially reading uninitialized memory at instruction (address: 276448836097457351362717846227348538055234081604, offset 168)
2019-07-25 18:50:52,803: [1535] m.e.detectors:WARNING: Potentially reading uninitialized memory at instruction (address: 276448836097457351362717846227348538055234081604, offset 169)
2019-07-25 18:50:59,534: [1535] m.e.detectors:WARNING: Potentially reading uninitialized memory at instruction (address: 276448836097457351362717846227348538055234081604, offset 170)
2019-07-25 18:51:16,426: [1535] m.e.detectors:WARNING: Potentially reading uninitialized memory at instruction (address: 276448836097457351362717846227348538055234081604, offset 171)
2019-07-25 18:51:22,710: [1535] m.e.detectors:WARNING: Potentially reading uninitialized memory at instruction (address: 276448836097457351362717846227348538055234081604, offset 172)
2019-07-25 18:51:29,222: [1535] m.e.detectors:WARNING: Potentially reading uninitialized memory at instruction (address: 276448836097457351362717846227348538055234081604, offset 173)
2019-07-25 18:51:36,342: [1535] m.e.detectors:WARNING: Potentially reading uninitialized memory at instruction (address: 276448836097457351362717846227348538055234081604, offset 174)
2019-07-25 18:51:41,626: [1535] m.e.detectors:WARNING: Potentially reading uninitialized memory at instruction (address: 276448836097457351362717846227348538055234081604, offset 175)
2019-07-25 18:51:47,538: [1535] m.e.detectors:WARNING: Potentially reading uninitialized memory at instruction (address: 276448836097457351362717846227348538055234081604, offset 176)
2019-07-25 18:51:53,826: [1535] m.e.detectors:WARNING: Potentially reading uninitialized memory at instruction (address: 276448836097457351362717846227348538055234081604, offset 177)
2019-07-25 18:51:59,610: [1535] m.e.detectors:WARNING: Potentially reading uninitialized memory at instruction (address: 276448836097457351362717846227348538055234081604, offset 178)
2019-07-25 18:52:06,204: [1535] m.e.detectors:WARNING: Potentially reading uninitialized memory at instruction (address: 276448836097457351362717846227348538055234081604, offset 179)
2019-07-25 18:52:17,530: [1535] m.e.detectors:WARNING: Potentially reading uninitialized memory at instruction (address: 276448836097457351362717846227348538055234081604, offset 180)
2019-07-25 18:52:23,239: [1535] m.e.detectors:WARNING: Potentially reading uninitialized memory at instruction (address: 276448836097457351362717846227348538055234081604, offset 181)
2019-07-25 18:52:29,218: [1535] m.e.detectors:WARNING: Potentially reading uninitialized memory at instruction (address: 276448836097457351362717846227348538055234081604, offset 182)
2019-07-25 18:52:47,215: [1535] m.e.detectors:WARNING: Potentially reading uninitialized memory at instruction (address: 276448836097457351362717846227348538055234081604, offset 183)
2019-07-25 18:52:53,122: [1535] m.e.detectors:WARNING: Potentially reading uninitialized memory at instruction (address: 276448836097457351362717846227348538055234081604, offset 184)
2019-07-25 18:52:56,318: [1533] m.e.detectors:WARNING: Potentially reading uninitialized memory at instruction (address: 276448836097457351362717846227348538055234081604, offset 160)
2019-07-25 18:53:01,048: [1535] m.e.detectors:WARNING: Potentially reading uninitialized memory at instruction (address: 276448836097457351362717846227348538055234081604, offset 185)
2019-07-25 18:53:04,826: [1533] m.e.detectors:WARNING: Potentially reading uninitialized memory at instruction (address: 276448836097457351362717846227348538055234081604, offset 161)
2019-07-25 18:53:05,130: [1535] m.e.detectors:WARNING: Potentially reading uninitialized memory at instruction (address: 276448836097457351362717846227348538055234081604, offset 186)
2019-07-25 18:53:08,046: [1533] m.e.detectors:WARNING: Potentially reading uninitialized memory at instruction (address: 276448836097457351362717846227348538055234081604, offset 162)
2019-07-25 18:53:09,155: [1535] m.e.detectors:WARNING: Potentially reading uninitialized memory at instruction (address: 276448836097457351362717846227348538055234081604, offset 187)
2019-07-25 18:53:10,646: [1533] m.e.detectors:WARNING: Potentially reading uninitialized memory at instruction (address: 276448836097457351362717846227348538055234081604, offset 163)
2019-07-25 18:53:12,259: [1535] m.e.detectors:WARNING: Potentially reading uninitialized memory at instruction (address: 276448836097457351362717846227348538055234081604, offset 188)
2019-07-25 18:53:14,246: [1533] m.e.detectors:WARNING: Potentially reading uninitialized memory at instruction (address: 276448836097457351362717846227348538055234081604, offset 164)
2019-07-25 18:53:14,262: [1535] m.e.detectors:WARNING: Potentially reading uninitialized memory at instruction (address: 276448836097457351362717846227348538055234081604, offset 189)
2019-07-25 18:53:17,054: [1535] m.e.detectors:WARNING: Potentially reading uninitialized memory at instruction (address: 276448836097457351362717846227348538055234081604, offset 190)
2019-07-25 18:53:17,081: [1533] m.e.detectors:WARNING: Potentially reading uninitialized memory at instruction (address: 276448836097457351362717846227348538055234081604, offset 165)
2019-07-25 18:53:19,151: [1535] m.e.detectors:WARNING: Potentially reading uninitialized memory at instruction (address: 276448836097457351362717846227348538055234081604, offset 191)
2019-07-25 18:53:19,251: [1533] m.e.detectors:WARNING: Potentially reading uninitialized memory at instruction (address: 276448836097457351362717846227348538055234081604, offset 166)
2019-07-25 18:53:21,822: [1533] m.e.detectors:WARNING: Potentially reading uninitialized memory at instruction (address: 276448836097457351362717846227348538055234081604, offset 167)
2019-07-25 18:53:25,338: [1533] m.e.detectors:WARNING: Potentially reading uninitialized memory at instruction (address: 276448836097457351362717846227348538055234081604, offset 168)
2019-07-25 18:53:30,218: [1533] m.e.detectors:WARNING: Potentially reading uninitialized memory at instruction (address: 276448836097457351362717846227348538055234081604, offset 169)
2019-07-25 18:53:35,610: [1533] m.e.detectors:WARNING: Potentially reading uninitialized memory at instruction (address: 276448836097457351362717846227348538055234081604, offset 170)
2019-07-25 18:53:39,714: [1533] m.e.detectors:WARNING: Potentially reading uninitialized memory at instruction (address: 276448836097457351362717846227348538055234081604, offset 171)
2019-07-25 18:53:44,414: [1533] m.e.detectors:WARNING: Potentially reading uninitialized memory at instruction (address: 276448836097457351362717846227348538055234081604, offset 172)
2019-07-25 18:53:50,602: [1533] m.e.detectors:WARNING: Potentially reading uninitialized memory at instruction (address: 276448836097457351362717846227348538055234081604, offset 173)
2019-07-25 18:53:56,706: [1533] m.e.detectors:WARNING: Potentially reading uninitialized memory at instruction (address: 276448836097457351362717846227348538055234081604, offset 174)
2019-07-25 18:54:02,510: [1533] m.e.detectors:WARNING: Potentially reading uninitialized memory at instruction (address: 276448836097457351362717846227348538055234081604, offset 175)
2019-07-25 18:54:24,510: [1533] m.e.detectors:WARNING: Potentially reading uninitialized memory at instruction (address: 276448836097457351362717846227348538055234081604, offset 176)
2019-07-25 18:54:36,334: [1533] m.e.detectors:WARNING: Potentially reading uninitialized memory at instruction (address: 276448836097457351362717846227348538055234081604, offset 177)
2019-07-25 18:54:42,511: [1533] m.e.detectors:WARNING: Potentially reading uninitialized memory at instruction (address: 276448836097457351362717846227348538055234081604, offset 178)
2019-07-25 18:54:55,202: [1533] m.e.detectors:WARNING: Potentially reading uninitialized memory at instruction (address: 276448836097457351362717846227348538055234081604, offset 179)
2019-07-25 18:55:01,102: [1533] m.e.detectors:WARNING: Potentially reading uninitialized memory at instruction (address: 276448836097457351362717846227348538055234081604, offset 180)
2019-07-25 18:55:07,415: [1533] m.e.detectors:WARNING: Potentially reading uninitialized memory at instruction (address: 276448836097457351362717846227348538055234081604, offset 181)
2019-07-25 18:55:13,138: [1533] m.e.detectors:WARNING: Potentially reading uninitialized memory at instruction (address: 276448836097457351362717846227348538055234081604, offset 182)
2019-07-25 18:55:18,706: [1533] m.e.detectors:WARNING: Potentially reading uninitialized memory at instruction (address: 276448836097457351362717846227348538055234081604, offset 183)
2019-07-25 18:55:26,306: [1533] m.e.detectors:WARNING: Potentially reading uninitialized memory at instruction (address: 276448836097457351362717846227348538055234081604, offset 184)
2019-07-25 18:55:34,730: [1533] m.e.detectors:WARNING: Potentially reading uninitialized memory at instruction (address: 276448836097457351362717846227348538055234081604, offset 185)
2019-07-25 18:55:38,922: [1533] m.e.detectors:WARNING: Potentially reading uninitialized memory at instruction (address: 276448836097457351362717846227348538055234081604, offset 186)
2019-07-25 18:55:44,102: [1533] m.e.detectors:WARNING: Potentially reading uninitialized memory at instruction (address: 276448836097457351362717846227348538055234081604, offset 187)
2019-07-25 18:55:50,406: [1533] m.e.detectors:WARNING: Potentially reading uninitialized memory at instruction (address: 276448836097457351362717846227348538055234081604, offset 188)
2019-07-25 18:55:56,818: [1533] m.e.detectors:WARNING: Potentially reading uninitialized memory at instruction (address: 276448836097457351362717846227348538055234081604, offset 189)
2019-07-25 18:56:05,030: [1533] m.e.detectors:WARNING: Potentially reading uninitialized memory at instruction (address: 276448836097457351362717846227348538055234081604, offset 190)
2019-07-25 18:56:09,230: [1533] m.e.detectors:WARNING: Potentially reading uninitialized memory at instruction (address: 276448836097457351362717846227348538055234081604, offset 191)
2019-07-25 18:58:39,826: [1514] m.e.detectors:WARNING: Potentially reading uninitialized storage