/unique_chucks/29/0xf9f381782a18e29556c10072f430f30e5cb73669.sol
jar:file:/usr/local/lib/node_modules/@smartdec/smartcheck/jdeploy-bundle/smartcheck-2.0-jar-with-dependencies.jar!/solidity-rules.xmlruleId: SOLIDITY_ADDRESS_HARDCODED
patternId: c67a09
severity: 1
line: 213
column: 19
content: 0x0

ruleId: SOLIDITY_ADDRESS_HARDCODED
patternId: c67a09
severity: 1
line: 258
column: 21
content: 0x0

ruleId: SOLIDITY_ARRAY_LENGTH_MANIPULATION
patternId: 872bdd
severity: 1
line: 558
column: 8
content: quickBuyPath.length=0

ruleId: SOLIDITY_DEPRECATED_CONSTRUCTIONS
patternId: 28fa69
severity: 1
line: 80
column: 4
content: functionname()publicconstantreturns(string){}

ruleId: SOLIDITY_DEPRECATED_CONSTRUCTIONS
patternId: 28fa69
severity: 1
line: 81
column: 4
content: functionsymbol()publicconstantreturns(string){}

ruleId: SOLIDITY_DEPRECATED_CONSTRUCTIONS
patternId: 28fa69
severity: 1
line: 82
column: 4
content: functiondecimals()publicconstantreturns(uint8){}

ruleId: SOLIDITY_DEPRECATED_CONSTRUCTIONS
patternId: 28fa69
severity: 1
line: 83
column: 4
content: functiontotalSupply()publicconstantreturns(uint256){}

ruleId: SOLIDITY_DEPRECATED_CONSTRUCTIONS
patternId: 28fa69
severity: 1
line: 84
column: 4
content: functionbalanceOf(address_owner)publicconstantreturns(uint256){_owner;}

ruleId: SOLIDITY_DEPRECATED_CONSTRUCTIONS
patternId: 28fa69
severity: 1
line: 85
column: 4
content: functionallowance(address_owner,address_spender)publicconstantreturns(uint256){_owner;_spender;}

ruleId: SOLIDITY_DEPRECATED_CONSTRUCTIONS
patternId: 28fa69
severity: 1
line: 97
column: 4
content: functionowner()publicconstantreturns(address){}

ruleId: SOLIDITY_DEPRECATED_CONSTRUCTIONS
patternId: 28fa69
severity: 1
line: 114
column: 4
content: functionconvertibleTokenCount()publicconstantreturns(uint16);

ruleId: SOLIDITY_DEPRECATED_CONSTRUCTIONS
patternId: 28fa69
severity: 1
line: 115
column: 4
content: functionconvertibleToken(uint16_tokenIndex)publicconstantreturns(address);

ruleId: SOLIDITY_DEPRECATED_CONSTRUCTIONS
patternId: 28fa69
severity: 1
line: 116
column: 4
content: functiongetReturn(IERC20Token_fromToken,IERC20Token_toToken,uint256_amount)publicconstantreturns(uint256);

ruleId: SOLIDITY_DEPRECATED_CONSTRUCTIONS
patternId: 28fa69
severity: 1
line: 135
column: 4
content: functionformula()publicconstantreturns(IStandardFormula){}

ruleId: SOLIDITY_DEPRECATED_CONSTRUCTIONS
patternId: 28fa69
severity: 1
line: 136
column: 4
content: functiongasPriceLimit()publicconstantreturns(IStandardGasPriceLimit){}

ruleId: SOLIDITY_DEPRECATED_CONSTRUCTIONS
patternId: 28fa69
severity: 1
line: 137
column: 4
content: functionquickConverter()publicconstantreturns(IStandardQuickConverter){}

ruleId: SOLIDITY_DEPRECATED_CONSTRUCTIONS
patternId: 28fa69
severity: 1
line: 144
column: 4
content: functioncalculatePurchaseReturn(uint256_supply,uint256_reserveBalance,uint32_reserveRatio,uint256_depositAmount)publicconstantreturns(uint256);

ruleId: SOLIDITY_DEPRECATED_CONSTRUCTIONS
patternId: 28fa69
severity: 1
line: 145
column: 4
content: functioncalculateSaleReturn(uint256_supply,uint256_reserveBalance,uint32_reserveRatio,uint256_sellAmount)publicconstantreturns(uint256);

ruleId: SOLIDITY_DEPRECATED_CONSTRUCTIONS
patternId: 28fa69
severity: 1
line: 152
column: 4
content: functiongasPrice()publicconstantreturns(uint256){}

ruleId: SOLIDITY_DEPRECATED_CONSTRUCTIONS
patternId: 28fa69
severity: 1
line: 500
column: 4
content: functionreserveTokenCount()publicconstantreturns(uint16){returnuint16(reserveTokens.length);}

ruleId: SOLIDITY_DEPRECATED_CONSTRUCTIONS
patternId: 28fa69
severity: 1
line: 510
column: 4
content: functionconvertibleTokenCount()publicconstantreturns(uint16){returnreserveTokenCount()+1;}

ruleId: SOLIDITY_DEPRECATED_CONSTRUCTIONS
patternId: 28fa69
severity: 1
line: 521
column: 4
content: functionconvertibleToken(uint16_tokenIndex)publicconstantreturns(address){if(_tokenIndex==0)returntoken;returnreserveTokens[_tokenIndex-1];}

ruleId: SOLIDITY_DEPRECATED_CONSTRUCTIONS
patternId: 28fa69
severity: 1
line: 566
column: 4
content: functiongetQuickBuyPathLength()publicconstantreturns(uint256){returnquickBuyPath.length;}

ruleId: SOLIDITY_DEPRECATED_CONSTRUCTIONS
patternId: 28fa69
severity: 1
line: 600
column: 4
content: functiongetConversionFeeAmount(uint256_amount)publicconstantreturns(uint256){returnsafeMul(_amount,conversionFee)/MAX_CONVERSION_FEE;}

ruleId: SOLIDITY_DEPRECATED_CONSTRUCTIONS
patternId: 28fa69
severity: 1
line: 678
column: 4
content: functiongetReserveBalance(IERC20Token_reserveToken)publicconstantvalidReserve(_reserveToken)returns(uint256){Reservestoragereserve=reserves[_reserveToken];returnreserve.isVirtualBalanceEnabled?reserve.virtualBalance:_reserveToken.balanceOf(this);}

ruleId: SOLIDITY_DEPRECATED_CONSTRUCTIONS
patternId: 28fa69
severity: 1
line: 697
column: 4
content: functiongetReturn(IERC20Token_fromToken,IERC20Token_toToken,uint256_amount)publicconstantreturns(uint256){require(_fromToken!=_toToken);if(_toToken==token)returngetPurchaseReturn(_fromToken,_amount);elseif(_fromToken==token)returngetSaleReturn(_toToken,_amount);uint256purchaseReturnAmount=getPurchaseReturn(_fromToken,_amount);returngetSaleReturn(_toToken,purchaseReturnAmount,safeAdd(token.totalSupply(),purchaseReturnAmount));}

ruleId: SOLIDITY_DEPRECATED_CONSTRUCTIONS
patternId: 28fa69
severity: 1
line: 719
column: 4
content: functiongetPurchaseReturn(IERC20Token_reserveToken,uint256_depositAmount)publicconstantactivevalidReserve(_reserveToken)returns(uint256){Reservestoragereserve=reserves[_reserveToken];require(reserve.isPurchaseEnabled);uint256tokenSupply=token.totalSupply();uint256reserveBalance=getReserveBalance(_reserveToken);uint256amount=extensions.formula().calculatePurchaseReturn(tokenSupply,reserveBalance,reserve.ratio,_depositAmount);uint256feeAmount=getConversionFeeAmount(amount);returnsafeSub(amount,feeAmount);}

ruleId: SOLIDITY_DEPRECATED_CONSTRUCTIONS
patternId: 28fa69
severity: 1
line: 746
column: 4
content: functiongetSaleReturn(IERC20Token_reserveToken,uint256_sellAmount)publicconstantreturns(uint256){returngetSaleReturn(_reserveToken,_sellAmount,token.totalSupply());}

ruleId: SOLIDITY_DEPRECATED_CONSTRUCTIONS
patternId: 28fa69
severity: 1
line: 912
column: 4
content: functionhasQuickBuyEtherToken()publicconstantreturns(bool){returnquickBuyPath.length>0;}

ruleId: SOLIDITY_DEPRECATED_CONSTRUCTIONS
patternId: 28fa69
severity: 1
line: 917
column: 4
content: functiongetQuickBuyEtherToken()publicconstantreturns(IEtherToken){assert(quickBuyPath.length>0);returnIEtherToken(quickBuyPath[0]);}

ruleId: SOLIDITY_DEPRECATED_CONSTRUCTIONS
patternId: 28fa69
severity: 1
line: 931
column: 4
content: functiongetSaleReturn(IERC20Token_reserveToken,uint256_sellAmount,uint256_totalSupply)privateconstantactivevalidReserve(_reserveToken)greaterThanZero(_totalSupply)returns(uint256){Reservestoragereserve=reserves[_reserveToken];uint256reserveBalance=getReserveBalance(_reserveToken);uint256amount=extensions.formula().calculateSaleReturn(_totalSupply,reserveBalance,reserve.ratio,_sellAmount);uint256feeAmount=getConversionFeeAmount(amount);returnsafeSub(amount,feeAmount);}

ruleId: SOLIDITY_FUNCTIONS_RETURNS_TYPE_AND_NO_RETURN
patternId: 47acc2
severity: 1
line: 80
column: 4
content: functionname()publicconstantreturns(string){}

ruleId: SOLIDITY_FUNCTIONS_RETURNS_TYPE_AND_NO_RETURN
patternId: 47acc2
severity: 1
line: 81
column: 4
content: functionsymbol()publicconstantreturns(string){}

ruleId: SOLIDITY_FUNCTIONS_RETURNS_TYPE_AND_NO_RETURN
patternId: 47acc2
severity: 1
line: 82
column: 4
content: functiondecimals()publicconstantreturns(uint8){}

ruleId: SOLIDITY_FUNCTIONS_RETURNS_TYPE_AND_NO_RETURN
patternId: 47acc2
severity: 1
line: 83
column: 4
content: functiontotalSupply()publicconstantreturns(uint256){}

ruleId: SOLIDITY_FUNCTIONS_RETURNS_TYPE_AND_NO_RETURN
patternId: 47acc2
severity: 1
line: 84
column: 4
content: functionbalanceOf(address_owner)publicconstantreturns(uint256){_owner;}

ruleId: SOLIDITY_FUNCTIONS_RETURNS_TYPE_AND_NO_RETURN
patternId: 47acc2
severity: 1
line: 85
column: 4
content: functionallowance(address_owner,address_spender)publicconstantreturns(uint256){_owner;_spender;}

ruleId: SOLIDITY_FUNCTIONS_RETURNS_TYPE_AND_NO_RETURN
patternId: 47acc2
severity: 1
line: 97
column: 4
content: functionowner()publicconstantreturns(address){}

ruleId: SOLIDITY_FUNCTIONS_RETURNS_TYPE_AND_NO_RETURN
patternId: 47acc2
severity: 1
line: 135
column: 4
content: functionformula()publicconstantreturns(IStandardFormula){}

ruleId: SOLIDITY_FUNCTIONS_RETURNS_TYPE_AND_NO_RETURN
patternId: 47acc2
severity: 1
line: 136
column: 4
content: functiongasPriceLimit()publicconstantreturns(IStandardGasPriceLimit){}

ruleId: SOLIDITY_FUNCTIONS_RETURNS_TYPE_AND_NO_RETURN
patternId: 47acc2
severity: 1
line: 137
column: 4
content: functionquickConverter()publicconstantreturns(IStandardQuickConverter){}

ruleId: SOLIDITY_FUNCTIONS_RETURNS_TYPE_AND_NO_RETURN
patternId: 47acc2
severity: 1
line: 152
column: 4
content: functiongasPrice()publicconstantreturns(uint256){}

ruleId: SOLIDITY_LOCKED_MONEY
patternId: 30281d
severity: 3
line: 158
column: 0
content: contractIStandardQuickConverter{functionconvert(IERC20Token[]_path,uint256_amount,uint256_minReturn)publicpayablereturns(uint256);functionconvertFor(IERC20Token[]_path,uint256_amount,uint256_minReturn,address_for)publicpayablereturns(uint256);}

ruleId: SOLIDITY_LOCKED_MONEY
patternId: 30281d
severity: 3
line: 166
column: 0
content: contractIEtherTokenisITokenHolder,IERC20Token{functiondeposit()publicpayable;functionwithdraw(uint256_amount)public;functionwithdrawTo(address_to,uint256_amount);}

ruleId: SOLIDITY_MSGVALUE_EQUALS_ZERO
patternId: 1df89a
severity: 1
line: 879
column: 12
content: msg.value==0

ruleId: SOLIDITY_PRAGMAS_VERSION
patternId: 23fc32
severity: 1
line: 1
column: 16
content: ^

ruleId: SOLIDITY_PRIVATE_MODIFIER_DONT_HIDE_DATA
patternId: 5616b2
severity: 1
line: 399
column: 11
content: private

ruleId: SOLIDITY_PRIVATE_MODIFIER_DONT_HIDE_DATA
patternId: 5616b2
severity: 1
line: 400
column: 11
content: private

ruleId: SOLIDITY_PRIVATE_MODIFIER_DONT_HIDE_DATA
patternId: 5616b2
severity: 1
line: 417
column: 11
content: private

ruleId: SOLIDITY_UPGRADE_TO_050
patternId: 341gim
severity: 1
line: 80
column: 45
content: string

ruleId: SOLIDITY_UPGRADE_TO_050
patternId: 341gim
severity: 1
line: 81
column: 47
content: string

ruleId: SOLIDITY_UPGRADE_TO_050
patternId: 341gim
severity: 1
line: 159
column: 21
content: IERC20Token[]_path

ruleId: SOLIDITY_UPGRADE_TO_050
patternId: 341gim
severity: 1
line: 160
column: 24
content: IERC20Token[]_path

ruleId: SOLIDITY_UPGRADE_TO_050
patternId: 341gim
severity: 1
line: 546
column: 29
content: IERC20Token[]_path

ruleId: SOLIDITY_UPGRADE_TO_050
patternId: 341gim
severity: 1
line: 868
column: 26
content: IERC20Token[]_path

ruleId: SOLIDITY_UPGRADE_TO_050
patternId: 341gim
severity: 1
line: 902
column: 25
content: IERC20Token[]_path

ruleId: SOLIDITY_VISIBILITY
patternId: 910067
severity: 1
line: 10
column: 4
content: functionUtils(){}

ruleId: SOLIDITY_VISIBILITY
patternId: 910067
severity: 1
line: 169
column: 4
content: functionwithdrawTo(address_to,uint256_amount);

ruleId: SOLIDITY_VISIBILITY
patternId: 910067
severity: 1
line: 184
column: 4
content: functionOwned(){owner=msg.sender;}

ruleId: SOLIDITY_VISIBILITY
patternId: 910067
severity: 1
line: 229
column: 4
content: functionManaged(){manager=msg.sender;}

ruleId: SOLIDITY_VISIBILITY
patternId: 910067
severity: 1
line: 273
column: 4
content: functionTokenHolder(){}

ruleId: SOLIDITY_VISIBILITY
patternId: 910067
severity: 1
line: 317
column: 4
content: functionStandardTokenController(IStandardToken_token)validAddress(_token){token=_token;}

ruleId: SOLIDITY_VISIBILITY
patternId: 910067
severity: 1
line: 435
column: 4
content: functionStandardConverter(IStandardToken_token,IStandardConverterExtensions_extensions,uint32_maxConversionFee,IERC20Token_reserveToken,uint32_reserveRatio)StandardTokenController(_token)validAddress(_extensions)validMaxConversionFee(_maxConversionFee){extensions=_extensions;maxConversionFee=_maxConversionFee;if(address(_reserveToken)!=0x0)addReserve(_reserveToken,_reserveRatio,false);}

ruleId: SOLIDITY_VISIBILITY
patternId: 910067
severity: 1
line: 952
column: 4
content: function()payable{quickConvert(quickBuyPath,msg.value,1);}

SOLIDITY_VISIBILITY :8
SOLIDITY_MSGVALUE_EQUALS_ZERO :1
SOLIDITY_DEPRECATED_CONSTRUCTIONS :28
SOLIDITY_PRAGMAS_VERSION :1
SOLIDITY_ARRAY_LENGTH_MANIPULATION :1
SOLIDITY_LOCKED_MONEY :2
SOLIDITY_FUNCTIONS_RETURNS_TYPE_AND_NO_RETURN :11
SOLIDITY_PRIVATE_MODIFIER_DONT_HIDE_DATA :3
SOLIDITY_ADDRESS_HARDCODED :2
SOLIDITY_UPGRADE_TO_050 :7