2019-08-02 07:05:50,329: [12] m.main:INFO: Registered plugins: DetectReentrancySimple, DetectInvalid, DetectDelegatecall, DetectSuicidal, DetectExternalCallAndLeak, DetectUninitializedStorage, DetectIntegerOverflow, DetectEnvInstruction, DetectReentrancyAdvanced, DetectUninitializedMemory, DetectUnusedRetVal
2019-08-02 07:05:50,329: [12] m.main:INFO: Beginning analysis
2019-08-02 07:05:50,344: [12] m.e.manticore:INFO: Starting symbolic create contract
2019-08-02 07:05:50,476: [56] m.c.manticore:INFO: Generated testcase No. 0 - NO STATE RESULT (?)(0 txs)
2019-08-02 07:05:50,866: [12] m.c.manticore:INFO: Results in /mcore_r7sjfnnh
2019-08-02 07:05:51,764: [315] m.main:INFO: Registered plugins: DetectReentrancySimple, DetectInvalid, DetectSuicidal, DetectReentrancyAdvanced, DetectUninitializedStorage, DetectIntegerOverflow, DetectDelegatecall, DetectEnvInstruction, DetectUnusedRetVal, DetectUninitializedMemory, DetectExternalCallAndLeak
2019-08-02 07:05:51,764: [315] m.main:INFO: Beginning analysis
2019-08-02 07:05:51,779: [315] m.e.manticore:INFO: Starting symbolic create contract
2019-08-02 07:06:07,772: [315] m.e.manticore:INFO: Starting symbolic transaction: 0
2019-08-02 07:06:33,475: [1544] m.e.detectors:WARNING: Potentially reading uninitialized storage
2019-08-02 07:06:35,993: [1543] m.e.detectors:WARNING: Potentially reading uninitialized storage
2019-08-02 07:06:42,736: [1536] m.e.detectors:WARNING: Potentially reading uninitialized storage
2019-08-02 07:06:51,734: [1541] m.e.detectors:WARNING: Potentially reading uninitialized storage
2019-08-02 07:06:56,498: [1533] m.e.detectors:WARNING: Potentially reading uninitialized storage
2019-08-02 07:07:04,710: [1541] m.e.detectors:WARNING: Potentially reading uninitialized storage
2019-08-02 07:07:07,787: [1533] m.e.detectors:WARNING: Potentially reading uninitialized storage
2019-08-02 07:07:52,142: [1532] m.e.detectors:WARNING: Potentially reading uninitialized storage
2019-08-02 07:08:18,832: [1544] m.e.detectors:WARNING: Potentially reading uninitialized storage
2019-08-02 07:09:12,995: [1544] m.e.detectors:WARNING: Potentially reading uninitialized storage
2019-08-02 07:10:54,923: [1536] m.c.worker:ERROR: Exception in state 3: SolverError('',)
Traceback (most recent call last):
  File "/usr/local/lib/python3.6/dist-packages/manticore/platforms/evm.py", line 1213, in execute
    result = self._handler(*arguments)
  File "/usr/local/lib/python3.6/dist-packages/manticore/platforms/evm.py", line 1086, in _handler
    return implementation(*arguments)
  File "/usr/local/lib/python3.6/dist-packages/manticore/platforms/evm.py", line 1637, in CALLDATACOPY
    raise ConcretizeArgument(3, policy="SAMPLED")
manticore.platforms.evm.ConcretizeArgument: 3

During handling of the above exception, another exception occurred:

Traceback (most recent call last):
  File "/usr/local/lib/python3.6/dist-packages/manticore/core/worker.py", line 121, in run
    current_state.execute()
  File "/usr/local/lib/python3.6/dist-packages/manticore/ethereum/state.py", line 6, in execute
    return self._platform.execute()
  File "/usr/local/lib/python3.6/dist-packages/manticore/platforms/evm.py", line 2684, in execute
    self.current_vm.execute()
  File "/usr/local/lib/python3.6/dist-packages/manticore/platforms/evm.py", line 1279, in execute
    policy=ex.policy,
manticore.core.state.Concretize

During handling of the above exception, another exception occurred:

Traceback (most recent call last):
  File "/usr/local/lib/python3.6/dist-packages/manticore/core/worker.py", line 142, in run
    m._fork(current_state, exc.expression, exc.policy, exc.setstate)
  File "/usr/local/lib/python3.6/dist-packages/manticore/core/manticore.py", line 332, in _fork
    solutions = state.concretize(expression, policy)
  File "/usr/local/lib/python3.6/dist-packages/manticore/core/state.py", line 251, in concretize
    m, M = self._solver.minmax(self._constraints, symbolic)
  File "/usr/local/lib/python3.6/dist-packages/manticore/core/smtlib/solver.py", line 124, in minmax
    M = self.max(constraints, x, iters)
  File "/usr/local/lib/python3.6/dist-packages/manticore/core/smtlib/solver.py", line 107, in max
    return self.optimize(constraints, X, "maximize", M)
  File "/usr/local/lib/python3.6/dist-packages/manticore/core/smtlib/solver.py", line 508, in optimize
    while self._is_sat():
  File "/usr/local/lib/python3.6/dist-packages/manticore/core/smtlib/solver.py", line 328, in _is_sat
    raise SolverError(status)
manticore.exceptions.SolverError
 
2019-08-02 07:14:45,204: [1539] m.c.worker:ERROR: Exception in state 5: SolverError('',)
Traceback (most recent call last):
  File "/usr/local/lib/python3.6/dist-packages/manticore/core/worker.py", line 121, in run
    current_state.execute()
  File "/usr/local/lib/python3.6/dist-packages/manticore/ethereum/state.py", line 6, in execute
    return self._platform.execute()
  File "/usr/local/lib/python3.6/dist-packages/manticore/platforms/evm.py", line 2684, in execute
    self.current_vm.execute()
  File "/usr/local/lib/python3.6/dist-packages/manticore/platforms/evm.py", line 1210, in execute
    last_pc, last_gas, instruction, arguments, fee, allocated = self._checkpoint()
  File "/usr/local/lib/python3.6/dist-packages/manticore/platforms/evm.py", line 1109, in _checkpoint
    self._consume(fee)
  File "/usr/local/lib/python3.6/dist-packages/manticore/platforms/evm.py", line 972, in _consume
    self.constraints, constraint
  File "/usr/local/lib/python3.6/dist-packages/manticore/core/smtlib/solver.py", line 436, in get_all_values
    while self._is_sat():
  File "/usr/local/lib/python3.6/dist-packages/manticore/core/smtlib/solver.py", line 328, in _is_sat
    raise SolverError(status)
manticore.exceptions.SolverError
 
2019-08-02 07:15:43,506: [1543] m.c.worker:ERROR: Exception in state 8: SolverError('',)
Traceback (most recent call last):
  File "/usr/local/lib/python3.6/dist-packages/manticore/core/worker.py", line 121, in run
    current_state.execute()
  File "/usr/local/lib/python3.6/dist-packages/manticore/ethereum/state.py", line 6, in execute
    return self._platform.execute()
  File "/usr/local/lib/python3.6/dist-packages/manticore/platforms/evm.py", line 2684, in execute
    self.current_vm.execute()
  File "/usr/local/lib/python3.6/dist-packages/manticore/platforms/evm.py", line 1210, in execute
    last_pc, last_gas, instruction, arguments, fee, allocated = self._checkpoint()
  File "/usr/local/lib/python3.6/dist-packages/manticore/platforms/evm.py", line 1109, in _checkpoint
    self._consume(fee)
  File "/usr/local/lib/python3.6/dist-packages/manticore/platforms/evm.py", line 972, in _consume
    self.constraints, constraint
  File "/usr/local/lib/python3.6/dist-packages/manticore/core/smtlib/solver.py", line 436, in get_all_values
    while self._is_sat():
  File "/usr/local/lib/python3.6/dist-packages/manticore/core/smtlib/solver.py", line 328, in _is_sat
    raise SolverError(status)
manticore.exceptions.SolverError
 
2019-08-02 07:27:45,313: [1544] m.c.worker:ERROR: Exception in state 9: SolverError('',)
Traceback (most recent call last):
  File "/usr/local/lib/python3.6/dist-packages/manticore/core/worker.py", line 121, in run
    current_state.execute()
  File "/usr/local/lib/python3.6/dist-packages/manticore/ethereum/state.py", line 6, in execute
    return self._platform.execute()
  File "/usr/local/lib/python3.6/dist-packages/manticore/platforms/evm.py", line 2684, in execute
    self.current_vm.execute()
  File "/usr/local/lib/python3.6/dist-packages/manticore/platforms/evm.py", line 1210, in execute
    last_pc, last_gas, instruction, arguments, fee, allocated = self._checkpoint()
  File "/usr/local/lib/python3.6/dist-packages/manticore/platforms/evm.py", line 1109, in _checkpoint
    self._consume(fee)
  File "/usr/local/lib/python3.6/dist-packages/manticore/platforms/evm.py", line 972, in _consume
    self.constraints, constraint
  File "/usr/local/lib/python3.6/dist-packages/manticore/core/smtlib/solver.py", line 436, in get_all_values
    while self._is_sat():
  File "/usr/local/lib/python3.6/dist-packages/manticore/core/smtlib/solver.py", line 328, in _is_sat
    raise SolverError(status)
manticore.exceptions.SolverError
 
2019-08-02 07:29:30,607: [1540] m.c.worker:ERROR: Exception in state 6: SolverError('',)
Traceback (most recent call last):
  File "/usr/local/lib/python3.6/dist-packages/manticore/core/worker.py", line 121, in run
    current_state.execute()
  File "/usr/local/lib/python3.6/dist-packages/manticore/ethereum/state.py", line 6, in execute
    return self._platform.execute()
  File "/usr/local/lib/python3.6/dist-packages/manticore/platforms/evm.py", line 2684, in execute
    self.current_vm.execute()
  File "/usr/local/lib/python3.6/dist-packages/manticore/platforms/evm.py", line 1210, in execute
    last_pc, last_gas, instruction, arguments, fee, allocated = self._checkpoint()
  File "/usr/local/lib/python3.6/dist-packages/manticore/platforms/evm.py", line 1109, in _checkpoint
    self._consume(fee)
  File "/usr/local/lib/python3.6/dist-packages/manticore/platforms/evm.py", line 972, in _consume
    self.constraints, constraint
  File "/usr/local/lib/python3.6/dist-packages/manticore/core/smtlib/solver.py", line 436, in get_all_values
    while self._is_sat():
  File "/usr/local/lib/python3.6/dist-packages/manticore/core/smtlib/solver.py", line 328, in _is_sat
    raise SolverError(status)
manticore.exceptions.SolverError
 
2019-08-02 07:30:48,271: [1533] m.c.worker:ERROR: Exception in state 1: SolverError('',)
Traceback (most recent call last):
  File "/usr/local/lib/python3.6/dist-packages/manticore/core/worker.py", line 121, in run
    current_state.execute()
  File "/usr/local/lib/python3.6/dist-packages/manticore/ethereum/state.py", line 6, in execute
    return self._platform.execute()
  File "/usr/local/lib/python3.6/dist-packages/manticore/platforms/evm.py", line 2684, in execute
    self.current_vm.execute()
  File "/usr/local/lib/python3.6/dist-packages/manticore/platforms/evm.py", line 1210, in execute
    last_pc, last_gas, instruction, arguments, fee, allocated = self._checkpoint()
  File "/usr/local/lib/python3.6/dist-packages/manticore/platforms/evm.py", line 1109, in _checkpoint
    self._consume(fee)
  File "/usr/local/lib/python3.6/dist-packages/manticore/platforms/evm.py", line 972, in _consume
    self.constraints, constraint
  File "/usr/local/lib/python3.6/dist-packages/manticore/core/smtlib/solver.py", line 436, in get_all_values
    while self._is_sat():
  File "/usr/local/lib/python3.6/dist-packages/manticore/core/smtlib/solver.py", line 328, in _is_sat
    raise SolverError(status)
manticore.exceptions.SolverError