INFO:Slither:Compilation warnings/errors on /unique_chucks/47/0x29f709e42c95c604ba76e73316d325077f8eb7b2.sol:
/unique_chucks/47/0x29f709e42c95c604ba76e73316d325077f8eb7b2.sol:128:3: Warning: Defining constructors as functions with the same name as the contract is deprecated. Use "constructor(...) { ... }" instead.
  function Shareable(address[] _owners, uint _required) {
  ^ (Relevant source part starts here and spans across multiple lines).
/unique_chucks/47/0x29f709e42c95c604ba76e73316d325077f8eb7b2.sol:135:35: Warning: "throw" is deprecated in favour of "revert()", "require()" and "assert()".
    if (required > owners.length) throw;
                                  ^---^
/unique_chucks/47/0x29f709e42c95c604ba76e73316d325077f8eb7b2.sol:159:35: Warning: "throw" is deprecated in favour of "revert()", "require()" and "assert()".
    if (required > owners.length) throw;
                                  ^---^
/unique_chucks/47/0x29f709e42c95c604ba76e73316d325077f8eb7b2.sol:171:5: Warning: Use of the "var" keyword is deprecated.
    var pending = pendings[_operation];
    ^---------^
/unique_chucks/47/0x29f709e42c95c604ba76e73316d325077f8eb7b2.sol:189:5: Warning: Use of the "var" keyword is deprecated.
    var pending = pendings[_operation];
    ^---------^
/unique_chucks/47/0x29f709e42c95c604ba76e73316d325077f8eb7b2.sol:208:5: Warning: Use of the "var" keyword is deprecated.
    var pending = pendings[_operation];
    ^---------^
/unique_chucks/47/0x29f709e42c95c604ba76e73316d325077f8eb7b2.sol:314:3: Warning: Defining constructors as functions with the same name as the contract is deprecated. Use "constructor(...) { ... }" instead.
  function StoppableShareable(address[] _owners, uint _required) Shareable(_owners, _required) {
  ^ (Relevant source part starts here and spans across multiple lines).
/unique_chucks/47/0x29f709e42c95c604ba76e73316d325077f8eb7b2.sol:180:21: Warning: This declaration shadows an existing declaration.
  function getOwner(uint ownerIndex) external constant returns (address) {
                    ^-------------^
/unique_chucks/47/0x29f709e42c95c604ba76e73316d325077f8eb7b2.sol:91:3: The shadowed declaration is here:
  mapping(address => uint) ownerIndex;
  ^---------------------------------^

/unique_chucks/47/0x29f709e42c95c604ba76e73316d325077f8eb7b2.sol:154:78: Warning: "sha3" has been deprecated in favour of "keccak256"
  function changeShareable(address[] _owners, uint _required) onlyManyOwners(sha3(msg.data)) {
                                                                             ^------------^
/unique_chucks/47/0x29f709e42c95c604ba76e73316d325077f8eb7b2.sol:175:7: Warning: Invoking events without "emit" prefix is deprecated.
      Revoke(msg.sender, _operation);
      ^----------------------------^
/unique_chucks/47/0x29f709e42c95c604ba76e73316d325077f8eb7b2.sol:222:7: Warning: Invoking events without "emit" prefix is deprecated.
      Confirmation(msg.sender, _operation);
      ^----------------------------------^
/unique_chucks/47/0x29f709e42c95c604ba76e73316d325077f8eb7b2.sol:326:46: Warning: "sha3" has been deprecated in favour of "keccak256"
  function release() external onlyManyOwners(sha3(msg.data)) {
                                             ^------------^
/unique_chucks/47/0x29f709e42c95c604ba76e73316d325077f8eb7b2.sol:333:54: Warning: "sha3" has been deprecated in favour of "keccak256"
  function disableStopping() external onlyManyOwners(sha3(msg.data)) {
                                                     ^------------^
/unique_chucks/47/0x29f709e42c95c604ba76e73316d325077f8eb7b2.sol:128:3: Warning: No visibility specified. Defaulting to "public". 
  function Shareable(address[] _owners, uint _required) {
  ^ (Relevant source part starts here and spans across multiple lines).
/unique_chucks/47/0x29f709e42c95c604ba76e73316d325077f8eb7b2.sol:154:3: Warning: No visibility specified. Defaulting to "public". 
  function changeShareable(address[] _owners, uint _required) onlyManyOwners(sha3(msg.data)) {
  ^ (Relevant source part starts here and spans across multiple lines).
/unique_chucks/47/0x29f709e42c95c604ba76e73316d325077f8eb7b2.sol:184:3: Warning: No visibility specified. Defaulting to "public". 
  function isOwner(address _addr) constant returns (bool) {
  ^ (Relevant source part starts here and spans across multiple lines).
/unique_chucks/47/0x29f709e42c95c604ba76e73316d325077f8eb7b2.sol:188:3: Warning: No visibility specified. Defaulting to "public". 
  function hasConfirmed(bytes32 _operation, address _owner) constant returns (bool) {
  ^ (Relevant source part starts here and spans across multiple lines).
/unique_chucks/47/0x29f709e42c95c604ba76e73316d325077f8eb7b2.sol:300:5: Warning: No visibility specified. Defaulting to "public". 
    function () payable { }
    ^---------------------^
/unique_chucks/47/0x29f709e42c95c604ba76e73316d325077f8eb7b2.sol:314:3: Warning: No visibility specified. Defaulting to "public". 
  function StoppableShareable(address[] _owners, uint _required) Shareable(_owners, _required) {
  ^ (Relevant source part starts here and spans across multiple lines).
/unique_chucks/47/0x29f709e42c95c604ba76e73316d325077f8eb7b2.sol:398:5: Warning: No visibility specified. Defaulting to "public". 
    function getMintable() constant returns (uint256) {
    ^ (Relevant source part starts here and spans across multiple lines).
/unique_chucks/47/0x29f709e42c95c604ba76e73316d325077f8eb7b2.sol:258:5: Warning: Function state mutability can be restricted to pure
    function safeAdd(uint a, uint b) internal returns (uint) {
    ^ (Relevant source part starts here and spans across multiple lines).
/unique_chucks/47/0x29f709e42c95c604ba76e73316d325077f8eb7b2.sol:268:5: Warning: Function state mutability can be restricted to pure
    function safeSubtract(uint a, uint b) internal returns (uint) {
    ^ (Relevant source part starts here and spans across multiple lines).
/unique_chucks/47/0x29f709e42c95c604ba76e73316d325077f8eb7b2.sol:278:5: Warning: Function state mutability can be restricted to pure
    function safeMultiply(uint a, uint b) internal returns (uint) {
    ^ (Relevant source part starts here and spans across multiple lines).
/unique_chucks/47/0x29f709e42c95c604ba76e73316d325077f8eb7b2.sol:287:5: Warning: Function state mutability can be restricted to pure
    function shrink128(uint a) internal returns (uint128) {
    ^ (Relevant source part starts here and spans across multiple lines).
/unique_chucks/47/0x29f709e42c95c604ba76e73316d325077f8eb7b2.sol:403:25: Warning: Function declared as view, but this expression (potentially) modifies the state and thus requires non-payable (the default) or payable.
                        safeSubtract(block.timestamp, deploy_time))
                        ^----------------------------------------^
/unique_chucks/47/0x29f709e42c95c604ba76e73316d325077f8eb7b2.sol:402:21: Warning: Function declared as view, but this expression (potentially) modifies the state and thus requires non-payable (the default) or payable.
                    safeMultiply(weekly_disbursement,
                    ^ (Relevant source part starts here and spans across multiple lines).
/unique_chucks/47/0x29f709e42c95c604ba76e73316d325077f8eb7b2.sol:401:17: Warning: Function declared as view, but this expression (potentially) modifies the state and thus requires non-payable (the default) or payable.
                safeAdd(initial_disbursement,
                ^ (Relevant source part starts here and spans across multiple lines).
/unique_chucks/47/0x29f709e42c95c604ba76e73316d325077f8eb7b2.sol:400:13: Warning: Function declared as view, but this expression (potentially) modifies the state and thus requires non-payable (the default) or payable.
            safeSubtract(
            ^ (Relevant source part starts here and spans across multiple lines).

INFO:Detectors:[91m
NumeraireShared.initial_disbursement (/unique_chucks/47/0x29f709e42c95c604ba76e73316d325077f8eb7b2.sol#360) is never initialized. It is used in:
	- getMintable (/unique_chucks/47/0x29f709e42c95c604ba76e73316d325077f8eb7b2.sol#414-423)
NumeraireShared.deploy_time (/unique_chucks/47/0x29f709e42c95c604ba76e73316d325077f8eb7b2.sol#362-363) is never initialized. It is used in:
	- getMintable (/unique_chucks/47/0x29f709e42c95c604ba76e73316d325077f8eb7b2.sol#414-423)
NumeraireShared.total_minted (/unique_chucks/47/0x29f709e42c95c604ba76e73316d325077f8eb7b2.sol#363-364) is never initialized. It is used in:
	- getMintable (/unique_chucks/47/0x29f709e42c95c604ba76e73316d325077f8eb7b2.sol#414-423)
Reference: https://github.com/trailofbits/slither/wiki/Detectors-Documentation#uninitialized-state-variables[0m
INFO:Detectors:[93m
Contract locking ether found in /unique_chucks/47/0x29f709e42c95c604ba76e73316d325077f8eb7b2.sol:
	Contract NumeraireDelegateV3 has payable functions:
	 - fallback (/unique_chucks/47/0x29f709e42c95c604ba76e73316d325077f8eb7b2.sol#312)
	But does not have a function to withdraw the ether
Reference: https://github.com/trailofbits/slither/wiki/Detectors-Documentation#contracts-that-lock-ether[0m
INFO:Detectors:[92m
Shareable.getOwner.ownerIndex (local variable @ /unique_chucks/47/0x29f709e42c95c604ba76e73316d325077f8eb7b2.sol#185) shadows:
	- Shareable.ownerIndex (state variable @ /unique_chucks/47/0x29f709e42c95c604ba76e73316d325077f8eb7b2.sol#93-94)
Reference: https://github.com/trailofbits/slither/wiki/Detectors-Documentation#local-variable-shadowing[0m
INFO:Detectors:[92m
Safe.safeSubtract (/unique_chucks/47/0x29f709e42c95c604ba76e73316d325077f8eb7b2.sol#277-281) uses timestamp for comparisons
	Dangerous comparisons:
	- assert(bool)(b <= a && c <= a) (/unique_chucks/47/0x29f709e42c95c604ba76e73316d325077f8eb7b2.sol#279-280)
Reference: https://github.com/trailofbits/slither/wiki/Detectors-Documentation#block-timestamp[0m
INFO:Detectors:[92m
NumeraireDelegateV3.decimals should be constant (/unique_chucks/47/0x29f709e42c95c604ba76e73316d325077f8eb7b2.sol#443)
NumeraireDelegateV3.name should be constant (/unique_chucks/47/0x29f709e42c95c604ba76e73316d325077f8eb7b2.sol#443)
NumeraireDelegateV3.standard should be constant (/unique_chucks/47/0x29f709e42c95c604ba76e73316d325077f8eb7b2.sol#442)
NumeraireDelegateV3.symbol should be constant (/unique_chucks/47/0x29f709e42c95c604ba76e73316d325077f8eb7b2.sol#443)
NumeraireShared.deploy_time should be constant (/unique_chucks/47/0x29f709e42c95c604ba76e73316d325077f8eb7b2.sol#362-363)
NumeraireShared.initial_disbursement should be constant (/unique_chucks/47/0x29f709e42c95c604ba76e73316d325077f8eb7b2.sol#360)
NumeraireShared.supply_cap should be constant (/unique_chucks/47/0x29f709e42c95c604ba76e73316d325077f8eb7b2.sol#357-358)
NumeraireShared.total_minted should be constant (/unique_chucks/47/0x29f709e42c95c604ba76e73316d325077f8eb7b2.sol#363-364)
NumeraireShared.weekly_disbursement should be constant (/unique_chucks/47/0x29f709e42c95c604ba76e73316d325077f8eb7b2.sol#358-360)
Reference: https://github.com/trailofbits/slither/wiki/Detectors-Documentation#state-variables-that-could-be-declared-constant[0m
INFO:Detectors:[92m
Deprecated standard detected @ /unique_chucks/47/0x29f709e42c95c604ba76e73316d325077f8eb7b2.sol#140-141:
	- Usage of "throw" should be replaced with "revert()"
Deprecated standard detected @ /unique_chucks/47/0x29f709e42c95c604ba76e73316d325077f8eb7b2.sol#167:
	- Usage of "throw" should be replaced with "revert()"
Reference: https://github.com/trailofbits/slither/wiki/Detectors-Documentation#deprecated-standards[0m
INFO:Detectors:[92m
Shareable.changeShareable (/unique_chucks/47/0x29f709e42c95c604ba76e73316d325077f8eb7b2.sol#156-167) should be declared external
Shareable.hasConfirmed (/unique_chucks/47/0x29f709e42c95c604ba76e73316d325077f8eb7b2.sol#192-205) should be declared external
Safe.fallback (/unique_chucks/47/0x29f709e42c95c604ba76e73316d325077f8eb7b2.sol#312) should be declared external
NumeraireShared.getMintable (/unique_chucks/47/0x29f709e42c95c604ba76e73316d325077f8eb7b2.sol#414-423) should be declared external
NumeraireDelegateV3.withdraw (/unique_chucks/47/0x29f709e42c95c604ba76e73316d325077f8eb7b2.sol#475-485) should be declared external
NumeraireDelegateV3.createRound (/unique_chucks/47/0x29f709e42c95c604ba76e73316d325077f8eb7b2.sol#488-494) should be declared external
NumeraireDelegateV3.createTournament (/unique_chucks/47/0x29f709e42c95c604ba76e73316d325077f8eb7b2.sol#506-515) should be declared external
NumeraireDelegateV3.mint (/unique_chucks/47/0x29f709e42c95c604ba76e73316d325077f8eb7b2.sol#521-527) should be declared external
NumeraireDelegateV3.numeraiTransfer (/unique_chucks/47/0x29f709e42c95c604ba76e73316d325077f8eb7b2.sol#531-535) should be declared external
NumeraireDelegateV3.releaseStake (/unique_chucks/47/0x29f709e42c95c604ba76e73316d325077f8eb7b2.sol#570-573) should be declared external
NumeraireDelegateV3.destroyStake (/unique_chucks/47/0x29f709e42c95c604ba76e73316d325077f8eb7b2.sol) should be declared external
NumeraireDelegateV3.stake (/unique_chucks/47/0x29f709e42c95c604ba76e73316d325077f8eb7b2.sol) should be declared external
NumeraireDelegateV3.stakeOnBehalf (/unique_chucks/47/0x29f709e42c95c604ba76e73316d325077f8eb7b2.sol) should be declared external
Reference: https://github.com/trailofbits/slither/wiki/Detectors-Documentation#public-function-that-could-be-declared-as-external[0m
INFO:Detectors:[92m
Function 'Shareable.Shareable' (/unique_chucks/47/0x29f709e42c95c604ba76e73316d325077f8eb7b2.sol#131-141) is not in mixedCase
Parameter '_owners' of Shareable.Shareable (/unique_chucks/47/0x29f709e42c95c604ba76e73316d325077f8eb7b2.sol#131) is not in mixedCase
Parameter '_required' of Shareable.Shareable (/unique_chucks/47/0x29f709e42c95c604ba76e73316d325077f8eb7b2.sol#132) is not in mixedCase
Parameter '_owners' of Shareable.changeShareable (/unique_chucks/47/0x29f709e42c95c604ba76e73316d325077f8eb7b2.sol#157) is not in mixedCase
Parameter '_required' of Shareable.changeShareable (/unique_chucks/47/0x29f709e42c95c604ba76e73316d325077f8eb7b2.sol#157) is not in mixedCase
Parameter '_operation' of Shareable.revoke (/unique_chucks/47/0x29f709e42c95c604ba76e73316d325077f8eb7b2.sol#170-171) is not in mixedCase
Parameter '_addr' of Shareable.isOwner (/unique_chucks/47/0x29f709e42c95c604ba76e73316d325077f8eb7b2.sol#189) is not in mixedCase
Parameter '_operation' of Shareable.hasConfirmed (/unique_chucks/47/0x29f709e42c95c604ba76e73316d325077f8eb7b2.sol#193) is not in mixedCase
Parameter '_owner' of Shareable.hasConfirmed (/unique_chucks/47/0x29f709e42c95c604ba76e73316d325077f8eb7b2.sol#193-195) is not in mixedCase
Parameter '_operation' of Shareable.confirmAndCheck (/unique_chucks/47/0x29f709e42c95c604ba76e73316d325077f8eb7b2.sol#208) is not in mixedCase
Constant 'Shareable.c_maxOwners' (/unique_chucks/47/0x29f709e42c95c604ba76e73316d325077f8eb7b2.sol#90-91) is not in UPPER_CASE_WITH_UNDERSCORES
Function 'StoppableShareable.StoppableShareable' (/unique_chucks/47/0x29f709e42c95c604ba76e73316d325077f8eb7b2.sol#325-326) is not in mixedCase
Variable 'NumeraireShared.supply_cap' (/unique_chucks/47/0x29f709e42c95c604ba76e73316d325077f8eb7b2.sol#357-358) is not in mixedCase
Variable 'NumeraireShared.weekly_disbursement' (/unique_chucks/47/0x29f709e42c95c604ba76e73316d325077f8eb7b2.sol#358-360) is not in mixedCase
Variable 'NumeraireShared.initial_disbursement' (/unique_chucks/47/0x29f709e42c95c604ba76e73316d325077f8eb7b2.sol#360) is not in mixedCase
Variable 'NumeraireShared.deploy_time' (/unique_chucks/47/0x29f709e42c95c604ba76e73316d325077f8eb7b2.sol#362-363) is not in mixedCase
Variable 'NumeraireShared.total_minted' (/unique_chucks/47/0x29f709e42c95c604ba76e73316d325077f8eb7b2.sol#363-364) is not in mixedCase
Parameter '_num_required' of NumeraireDelegateV3. (/unique_chucks/47/0x29f709e42c95c604ba76e73316d325077f8eb7b2.sol#458) is not in mixedCase
Parameter '_from' of NumeraireDelegateV3.withdraw (/unique_chucks/47/0x29f709e42c95c604ba76e73316d325077f8eb7b2.sol#475) is not in mixedCase
Parameter '_to' of NumeraireDelegateV3.withdraw (/unique_chucks/47/0x29f709e42c95c604ba76e73316d325077f8eb7b2.sol#475) is not in mixedCase
Parameter '_value' of NumeraireDelegateV3.withdraw (/unique_chucks/47/0x29f709e42c95c604ba76e73316d325077f8eb7b2.sol#475-476) is not in mixedCase
Parameter '' of NumeraireDelegateV3.createRound (/unique_chucks/47/0x29f709e42c95c604ba76e73316d325077f8eb7b2.sol#489) is not in mixedCase
Parameter '_scope_0' of NumeraireDelegateV3.createRound (/unique_chucks/47/0x29f709e42c95c604ba76e73316d325077f8eb7b2.sol#489) is not in mixedCase
Parameter '_scope_1' of NumeraireDelegateV3.createRound (/unique_chucks/47/0x29f709e42c95c604ba76e73316d325077f8eb7b2.sol#489) is not in mixedCase
Parameter '_scope_2' of NumeraireDelegateV3.createRound (/unique_chucks/47/0x29f709e42c95c604ba76e73316d325077f8eb7b2.sol#489) is not in mixedCase
Parameter '_newDelegate' of NumeraireDelegateV3.createTournament (/unique_chucks/47/0x29f709e42c95c604ba76e73316d325077f8eb7b2.sol#506) is not in mixedCase
Parameter '_value' of NumeraireDelegateV3.mint (/unique_chucks/47/0x29f709e42c95c604ba76e73316d325077f8eb7b2.sol#523) is not in mixedCase
Parameter '_to' of NumeraireDelegateV3.numeraiTransfer (/unique_chucks/47/0x29f709e42c95c604ba76e73316d325077f8eb7b2.sol#533) is not in mixedCase
Parameter '_value' of NumeraireDelegateV3.numeraiTransfer (/unique_chucks/47/0x29f709e42c95c604ba76e73316d325077f8eb7b2.sol#533) is not in mixedCase
Function 'NumeraireDelegateV3._burn' (/unique_chucks/47/0x29f709e42c95c604ba76e73316d325077f8eb7b2.sol#541-546) is not in mixedCase
Parameter '_account' of NumeraireDelegateV3._burn (/unique_chucks/47/0x29f709e42c95c604ba76e73316d325077f8eb7b2.sol#542) is not in mixedCase
Parameter '_value' of NumeraireDelegateV3._burn (/unique_chucks/47/0x29f709e42c95c604ba76e73316d325077f8eb7b2.sol#542) is not in mixedCase
Function 'NumeraireDelegateV3._burnFrom' (/unique_chucks/47/0x29f709e42c95c604ba76e73316d325077f8eb7b2.sol#559-565) is not in mixedCase
Parameter '_account' of NumeraireDelegateV3._burnFrom (/unique_chucks/47/0x29f709e42c95c604ba76e73316d325077f8eb7b2.sol#559-560) is not in mixedCase
Parameter '_value' of NumeraireDelegateV3._burnFrom (/unique_chucks/47/0x29f709e42c95c604ba76e73316d325077f8eb7b2.sol#560) is not in mixedCase
Parameter '' of NumeraireDelegateV3.releaseStake (/unique_chucks/47/0x29f709e42c95c604ba76e73316d325077f8eb7b2.sol#570) is not in mixedCase
Parameter '_scope_0' of NumeraireDelegateV3.releaseStake (/unique_chucks/47/0x29f709e42c95c604ba76e73316d325077f8eb7b2.sol#570) is not in mixedCase
Parameter '_scope_1' of NumeraireDelegateV3.releaseStake (/unique_chucks/47/0x29f709e42c95c604ba76e73316d325077f8eb7b2.sol#570) is not in mixedCase
Parameter '_scope_2' of NumeraireDelegateV3.releaseStake (/unique_chucks/47/0x29f709e42c95c604ba76e73316d325077f8eb7b2.sol#570-571) is not in mixedCase
Parameter '_scope_3' of NumeraireDelegateV3.releaseStake (/unique_chucks/47/0x29f709e42c95c604ba76e73316d325077f8eb7b2.sol#571) is not in mixedCase
Parameter '_scope_4' of NumeraireDelegateV3.releaseStake (/unique_chucks/47/0x29f709e42c95c604ba76e73316d325077f8eb7b2.sol#571) is not in mixedCase
Parameter '' of NumeraireDelegateV3.destroyStake (/unique_chucks/47/0x29f709e42c95c604ba76e73316d325077f8eb7b2.sol) is not in mixedCase
Parameter '_scope_0' of NumeraireDelegateV3.destroyStake (/unique_chucks/47/0x29f709e42c95c604ba76e73316d325077f8eb7b2.sol) is not in mixedCase
Parameter '_scope_1' of NumeraireDelegateV3.destroyStake (/unique_chucks/47/0x29f709e42c95c604ba76e73316d325077f8eb7b2.sol) is not in mixedCase
Parameter '_scope_2' of NumeraireDelegateV3.destroyStake (/unique_chucks/47/0x29f709e42c95c604ba76e73316d325077f8eb7b2.sol) is not in mixedCase
Parameter '' of NumeraireDelegateV3.stake (/unique_chucks/47/0x29f709e42c95c604ba76e73316d325077f8eb7b2.sol) is not in mixedCase
Parameter '_scope_0' of NumeraireDelegateV3.stake (/unique_chucks/47/0x29f709e42c95c604ba76e73316d325077f8eb7b2.sol) is not in mixedCase
Parameter '_scope_1' of NumeraireDelegateV3.stake (/unique_chucks/47/0x29f709e42c95c604ba76e73316d325077f8eb7b2.sol) is not in mixedCase
Parameter '_scope_2' of NumeraireDelegateV3.stake (/unique_chucks/47/0x29f709e42c95c604ba76e73316d325077f8eb7b2.sol) is not in mixedCase
Parameter '_scope_3' of NumeraireDelegateV3.stake (/unique_chucks/47/0x29f709e42c95c604ba76e73316d325077f8eb7b2.sol) is not in mixedCase
Parameter '' of NumeraireDelegateV3.stakeOnBehalf (/unique_chucks/47/0x29f709e42c95c604ba76e73316d325077f8eb7b2.sol) is not in mixedCase
Parameter '_scope_0' of NumeraireDelegateV3.stakeOnBehalf (/unique_chucks/47/0x29f709e42c95c604ba76e73316d325077f8eb7b2.sol) is not in mixedCase
Parameter '_scope_1' of NumeraireDelegateV3.stakeOnBehalf (/unique_chucks/47/0x29f709e42c95c604ba76e73316d325077f8eb7b2.sol) is not in mixedCase
Parameter '_scope_2' of NumeraireDelegateV3.stakeOnBehalf (/unique_chucks/47/0x29f709e42c95c604ba76e73316d325077f8eb7b2.sol) is not in mixedCase
Parameter '_scope_3' of NumeraireDelegateV3.stakeOnBehalf (/unique_chucks/47/0x29f709e42c95c604ba76e73316d325077f8eb7b2.sol) is not in mixedCase
Parameter '_scope_4' of NumeraireDelegateV3.stakeOnBehalf (/unique_chucks/47/0x29f709e42c95c604ba76e73316d325077f8eb7b2.sol) is not in mixedCase
Reference: https://github.com/trailofbits/slither/wiki/Detectors-Documentation#conformance-to-solidity-naming-conventions[0m
INFO:Detectors:[92m
Shareable.c_maxOwners (/unique_chucks/47/0x29f709e42c95c604ba76e73316d325077f8eb7b2.sol#90-91) is never used in NumeraireDelegateV3
Shareable.thisContract (/unique_chucks/47/0x29f709e42c95c604ba76e73316d325077f8eb7b2.sol#111-113) is never used in NumeraireDelegateV3
Reference: https://github.com/trailofbits/slither/wiki/Detectors-Documentation#unused-state-variables[0m
INFO:Slither:/unique_chucks/47/0x29f709e42c95c604ba76e73316d325077f8eb7b2.sol analyzed (6 contracts), 79 result(s) found