INFO:Slither:Compilation warnings/errors on /unique_chucks/44/0x8247637b5154287fd1ce157bd5d6768e117afb81.sol:
/unique_chucks/44/0x8247637b5154287fd1ce157bd5d6768e117afb81.sol:109:9: Warning: "throw" is deprecated in favour of "revert()", "require()" and "assert()".
        throw;
        ^---^
/unique_chucks/44/0x8247637b5154287fd1ce157bd5d6768e117afb81.sol:127:1: Warning: Defining constructors as functions with the same name as the contract is deprecated. Use "constructor(...) { ... }" instead.
function BACToken
^ (Relevant source part starts here and spans across multiple lines).
/unique_chucks/44/0x8247637b5154287fd1ce157bd5d6768e117afb81.sol:151:141: Warning: "throw" is deprecated in favour of "revert()", "require()" and "assert()".
        if(!_spender.call(bytes4(bytes32(sha3("receiveApproval(address,uint256,address,bytes)"))), msg.sender, _value, this, _extraData)) { throw; }
                                                                                                                                            ^---^
/unique_chucks/44/0x8247637b5154287fd1ce157bd5d6768e117afb81.sol:159:44: Warning: "throw" is deprecated in favour of "revert()", "require()" and "assert()".
        if (balances[msg.sender] < _value) throw;            // Check if the sender has enough
                                           ^---^
/unique_chucks/44/0x8247637b5154287fd1ce157bd5d6768e117afb81.sol:167:39: Warning: "throw" is deprecated in favour of "revert()", "require()" and "assert()".
        if (balances[_from] < _value) throw;                // Check if the sender has enough
                                      ^---^
/unique_chucks/44/0x8247637b5154287fd1ce157bd5d6768e117afb81.sol:168:50: Warning: "throw" is deprecated in favour of "revert()", "require()" and "assert()".
        if (_value > allowed[_from][msg.sender]) throw;    // Check allowance
                                                 ^---^
/unique_chucks/44/0x8247637b5154287fd1ce157bd5d6768e117afb81.sol:70:13: Warning: Invoking events without "emit" prefix is deprecated.
            Transfer(msg.sender, _to, _value);
            ^-------------------------------^
/unique_chucks/44/0x8247637b5154287fd1ce157bd5d6768e117afb81.sol:82:13: Warning: Invoking events without "emit" prefix is deprecated.
            Transfer(_from, _to, _value);
            ^--------------------------^
/unique_chucks/44/0x8247637b5154287fd1ce157bd5d6768e117afb81.sol:93:9: Warning: Invoking events without "emit" prefix is deprecated.
        Approval(msg.sender, _spender, _value);
        ^------------------------------------^
/unique_chucks/44/0x8247637b5154287fd1ce157bd5d6768e117afb81.sol:146:9: Warning: Invoking events without "emit" prefix is deprecated.
        Approval(msg.sender, _spender, _value);
        ^------------------------------------^
/unique_chucks/44/0x8247637b5154287fd1ce157bd5d6768e117afb81.sol:151:42: Warning: "sha3" has been deprecated in favour of "keccak256"
        if(!_spender.call(bytes4(bytes32(sha3("receiveApproval(address,uint256,address,bytes)"))), msg.sender, _value, this, _extraData)) { throw; }
                                         ^----------------------------------------------------^
/unique_chucks/44/0x8247637b5154287fd1ce157bd5d6768e117afb81.sol:162:9: Warning: Invoking events without "emit" prefix is deprecated.
        Burn(msg.sender, _value);
        ^----------------------^
/unique_chucks/44/0x8247637b5154287fd1ce157bd5d6768e117afb81.sol:171:9: Warning: Invoking events without "emit" prefix is deprecated.
        Burn(_from, _value);
        ^-----------------^
/unique_chucks/44/0x8247637b5154287fd1ce157bd5d6768e117afb81.sol:21:5: Warning: No visibility specified. Defaulting to "public". 
    function balanceOf(address _owner) constant returns (uint256 balance);
    ^--------------------------------------------------------------------^
/unique_chucks/44/0x8247637b5154287fd1ce157bd5d6768e117afb81.sol:27:5: Warning: No visibility specified. Defaulting to "public". 
    function transfer(address _to, uint256 _value) returns (bool success);
    ^--------------------------------------------------------------------^
/unique_chucks/44/0x8247637b5154287fd1ce157bd5d6768e117afb81.sol:34:5: Warning: No visibility specified. Defaulting to "public". 
    function transferFrom(address _from, address _to, uint256 _value) returns (bool success);
    ^---------------------------------------------------------------------------------------^
/unique_chucks/44/0x8247637b5154287fd1ce157bd5d6768e117afb81.sol:40:5: Warning: No visibility specified. Defaulting to "public". 
    function approve(address _spender, uint256 _value) returns (bool success);
    ^------------------------------------------------------------------------^
/unique_chucks/44/0x8247637b5154287fd1ce157bd5d6768e117afb81.sol:45:5: Warning: No visibility specified. Defaulting to "public". 
    function allowance(address _owner, address _spender) constant returns (uint256 remaining);
    ^----------------------------------------------------------------------------------------^
/unique_chucks/44/0x8247637b5154287fd1ce157bd5d6768e117afb81.sol:62:5: Warning: No visibility specified. Defaulting to "public". 
    function transfer(address _to, uint256 _value) returns (bool success) {
    ^ (Relevant source part starts here and spans across multiple lines).
/unique_chucks/44/0x8247637b5154287fd1ce157bd5d6768e117afb81.sol:75:5: Warning: No visibility specified. Defaulting to "public". 
    function transferFrom(address _from, address _to, uint256 _value) returns (bool success) {
    ^ (Relevant source part starts here and spans across multiple lines).
/unique_chucks/44/0x8247637b5154287fd1ce157bd5d6768e117afb81.sol:87:5: Warning: No visibility specified. Defaulting to "public". 
    function balanceOf(address _owner) constant returns (uint256 balance) {
    ^ (Relevant source part starts here and spans across multiple lines).
/unique_chucks/44/0x8247637b5154287fd1ce157bd5d6768e117afb81.sol:91:5: Warning: No visibility specified. Defaulting to "public". 
    function approve(address _spender, uint256 _value) returns (bool success) {
    ^ (Relevant source part starts here and spans across multiple lines).
/unique_chucks/44/0x8247637b5154287fd1ce157bd5d6768e117afb81.sol:97:5: Warning: No visibility specified. Defaulting to "public". 
    function allowance(address _owner, address _spender) constant returns (uint256 remaining) {
    ^ (Relevant source part starts here and spans across multiple lines).
/unique_chucks/44/0x8247637b5154287fd1ce157bd5d6768e117afb81.sol:107:5: Warning: No visibility specified. Defaulting to "public". 
    function () {
    ^ (Relevant source part starts here and spans across multiple lines).
/unique_chucks/44/0x8247637b5154287fd1ce157bd5d6768e117afb81.sol:127:1: Warning: No visibility specified. Defaulting to "public". 
function BACToken
^ (Relevant source part starts here and spans across multiple lines).
/unique_chucks/44/0x8247637b5154287fd1ce157bd5d6768e117afb81.sol:144:5: Warning: No visibility specified. Defaulting to "public". 
    function approveAndCall(address _spender, uint256 _value, bytes _extraData) returns (bool success) {
    ^ (Relevant source part starts here and spans across multiple lines).
/unique_chucks/44/0x8247637b5154287fd1ce157bd5d6768e117afb81.sol:158:5: Warning: No visibility specified. Defaulting to "public". 
    function burn(uint256 _value) returns (bool success) {
    ^ (Relevant source part starts here and spans across multiple lines).
/unique_chucks/44/0x8247637b5154287fd1ce157bd5d6768e117afb81.sol:166:5: Warning: No visibility specified. Defaulting to "public". 
    function burnFrom(address _from, uint256 _value) returns (bool success) {
    ^ (Relevant source part starts here and spans across multiple lines).

INFO:Detectors:[92m
BACToken.version should be constant (/unique_chucks/44/0x8247637b5154287fd1ce157bd5d6768e117afb81.sol#129)
Reference: https://github.com/trailofbits/slither/wiki/Detectors-Documentation#state-variables-that-could-be-declared-constant[0m
INFO:Detectors:[92m
Deprecated standard detected @ /unique_chucks/44/0x8247637b5154287fd1ce157bd5d6768e117afb81.sol#117:
	- Usage of "throw" should be replaced with "revert()"
Deprecated standard detected @ /unique_chucks/44/0x8247637b5154287fd1ce157bd5d6768e117afb81.sol#152-158:
	- Usage of "sha3()" should be replaced with "keccak256()"
Deprecated standard detected @ /unique_chucks/44/0x8247637b5154287fd1ce157bd5d6768e117afb81.sol#158:
	- Usage of "throw" should be replaced with "revert()"
Deprecated standard detected @ /unique_chucks/44/0x8247637b5154287fd1ce157bd5d6768e117afb81.sol#161:
	- Usage of "throw" should be replaced with "revert()"
Deprecated standard detected @ /unique_chucks/44/0x8247637b5154287fd1ce157bd5d6768e117afb81.sol#169:
	- Usage of "throw" should be replaced with "revert()"
Deprecated standard detected @ /unique_chucks/44/0x8247637b5154287fd1ce157bd5d6768e117afb81.sol#170:
	- Usage of "throw" should be replaced with "revert()"
Reference: https://github.com/trailofbits/slither/wiki/Detectors-Documentation#deprecated-standards[0m
INFO:Detectors:[92m
Token.balanceOf (/unique_chucks/44/0x8247637b5154287fd1ce157bd5d6768e117afb81.sol#21-23) should be declared external
StandardToken.balanceOf (/unique_chucks/44/0x8247637b5154287fd1ce157bd5d6768e117afb81.sol#88-92) should be declared external
Token.transfer (/unique_chucks/44/0x8247637b5154287fd1ce157bd5d6768e117afb81.sol#27-29) should be declared external
StandardToken.transfer (/unique_chucks/44/0x8247637b5154287fd1ce157bd5d6768e117afb81.sol#62-75) should be declared external
Token.transferFrom (/unique_chucks/44/0x8247637b5154287fd1ce157bd5d6768e117afb81.sol#34-36) should be declared external
StandardToken.transferFrom (/unique_chucks/44/0x8247637b5154287fd1ce157bd5d6768e117afb81.sol#75-88) should be declared external
Token.approve (/unique_chucks/44/0x8247637b5154287fd1ce157bd5d6768e117afb81.sol#40-42) should be declared external
StandardToken.approve (/unique_chucks/44/0x8247637b5154287fd1ce157bd5d6768e117afb81.sol#92-97) should be declared external
StandardToken.allowance (/unique_chucks/44/0x8247637b5154287fd1ce157bd5d6768e117afb81.sol#98-102) should be declared external
Token.allowance (/unique_chucks/44/0x8247637b5154287fd1ce157bd5d6768e117afb81.sol#45-47) should be declared external
BACToken.fallback (/unique_chucks/44/0x8247637b5154287fd1ce157bd5d6768e117afb81.sol#112-117) should be declared external
BACToken.approveAndCall (/unique_chucks/44/0x8247637b5154287fd1ce157bd5d6768e117afb81.sol#145-158) should be declared external
BACToken.burn (/unique_chucks/44/0x8247637b5154287fd1ce157bd5d6768e117afb81.sol#160-167) should be declared external
BACToken.burnFrom (/unique_chucks/44/0x8247637b5154287fd1ce157bd5d6768e117afb81.sol#167-174) should be declared external
Reference: https://github.com/trailofbits/slither/wiki/Detectors-Documentation#public-function-that-could-be-declared-as-external[0m
INFO:Detectors:[92m
Detected issues with version pragma in /unique_chucks/44/0x8247637b5154287fd1ce157bd5d6768e117afb81.sol:
	- pragma solidity^0.4.11 (/unique_chucks/44/0x8247637b5154287fd1ce157bd5d6768e117afb81.sol#3-5): it allows old versions
Reference: https://github.com/trailofbits/slither/wiki/Detectors-Documentation#incorrect-version-of-solidity[0m
INFO:Detectors:[92m
Low level call in BACToken.approveAndCall (/unique_chucks/44/0x8247637b5154287fd1ce157bd5d6768e117afb81.sol#145-158):
	-! _spender.call(bytes4(bytes32(sha3()(receiveApproval(address,uint256,address,bytes)))),msg.sender,_value,this,_extraData) /unique_chucks/44/0x8247637b5154287fd1ce157bd5d6768e117afb81.sol#152-158
Reference: https://github.com/trailofbits/slither/wiki/Detectors-Documentation#low-level-calls[0m
INFO:Detectors:[92m
Parameter '_owner' of StandardToken.balanceOf (/unique_chucks/44/0x8247637b5154287fd1ce157bd5d6768e117afb81.sol#89-91) is not in mixedCase
Parameter '_to' of StandardToken.transfer (/unique_chucks/44/0x8247637b5154287fd1ce157bd5d6768e117afb81.sol#63) is not in mixedCase
Parameter '_value' of StandardToken.transfer (/unique_chucks/44/0x8247637b5154287fd1ce157bd5d6768e117afb81.sol#63) is not in mixedCase
Parameter '_from' of StandardToken.transferFrom (/unique_chucks/44/0x8247637b5154287fd1ce157bd5d6768e117afb81.sol#76) is not in mixedCase
Parameter '_to' of StandardToken.transferFrom (/unique_chucks/44/0x8247637b5154287fd1ce157bd5d6768e117afb81.sol#76) is not in mixedCase
Parameter '_value' of StandardToken.transferFrom (/unique_chucks/44/0x8247637b5154287fd1ce157bd5d6768e117afb81.sol#76) is not in mixedCase
Parameter '_spender' of StandardToken.approve (/unique_chucks/44/0x8247637b5154287fd1ce157bd5d6768e117afb81.sol#92) is not in mixedCase
Parameter '_value' of StandardToken.approve (/unique_chucks/44/0x8247637b5154287fd1ce157bd5d6768e117afb81.sol#93) is not in mixedCase
Parameter '_owner' of StandardToken.allowance (/unique_chucks/44/0x8247637b5154287fd1ce157bd5d6768e117afb81.sol#98) is not in mixedCase
Parameter '_spender' of StandardToken.allowance (/unique_chucks/44/0x8247637b5154287fd1ce157bd5d6768e117afb81.sol#98-101) is not in mixedCase
Function 'BACToken.BACToken' (/unique_chucks/44/0x8247637b5154287fd1ce157bd5d6768e117afb81.sol#132-144) is not in mixedCase
Parameter '_initialAmount' of BACToken.BACToken (/unique_chucks/44/0x8247637b5154287fd1ce157bd5d6768e117afb81.sol#136) is not in mixedCase
Parameter '_tokenName' of BACToken.BACToken (/unique_chucks/44/0x8247637b5154287fd1ce157bd5d6768e117afb81.sol#136) is not in mixedCase
Parameter '_decimalUnits' of BACToken.BACToken (/unique_chucks/44/0x8247637b5154287fd1ce157bd5d6768e117afb81.sol#136) is not in mixedCase
Parameter '_tokenSymbol' of BACToken.BACToken (/unique_chucks/44/0x8247637b5154287fd1ce157bd5d6768e117afb81.sol#136-137) is not in mixedCase
Parameter '_spender' of BACToken.approveAndCall (/unique_chucks/44/0x8247637b5154287fd1ce157bd5d6768e117afb81.sol#146) is not in mixedCase
Parameter '_value' of BACToken.approveAndCall (/unique_chucks/44/0x8247637b5154287fd1ce157bd5d6768e117afb81.sol#146-148) is not in mixedCase
Parameter '_extraData' of BACToken.approveAndCall (/unique_chucks/44/0x8247637b5154287fd1ce157bd5d6768e117afb81.sol#148) is not in mixedCase
Parameter '_value' of BACToken.burn (/unique_chucks/44/0x8247637b5154287fd1ce157bd5d6768e117afb81.sol#160) is not in mixedCase
Parameter '_from' of BACToken.burnFrom (/unique_chucks/44/0x8247637b5154287fd1ce157bd5d6768e117afb81.sol#168) is not in mixedCase
Parameter '_value' of BACToken.burnFrom (/unique_chucks/44/0x8247637b5154287fd1ce157bd5d6768e117afb81.sol#168) is not in mixedCase
Reference: https://github.com/trailofbits/slither/wiki/Detectors-Documentation#conformance-to-solidity-naming-conventions[0m
INFO:Slither:/unique_chucks/44/0x8247637b5154287fd1ce157bd5d6768e117afb81.sol analyzed (3 contracts), 44 result(s) found