/unique_chucks/34/0x0cab2d4f3804de20facb7ae095d68b339e32732a.sol
jar:file:/usr/local/lib/node_modules/@smartdec/smartcheck/jdeploy-bundle/smartcheck-2.0-jar-with-dependencies.jar!/solidity-rules.xmlruleId: SOLIDITY_ADDRESS_HARDCODED
patternId: a91b18
severity: 1
line: 91
column: 8
content: newOwner=address(0)

ruleId: SOLIDITY_ADDRESS_HARDCODED
patternId: a91b18
severity: 1
line: 130
column: 32
content: balances[address(0)]

ruleId: SOLIDITY_ERC20_APPROVE
patternId: af782c
severity: 2
line: 163
column: 4
content: functionapprove(addressspender,uinttokens)publicreturns(boolsuccess){allowed[msg.sender][spender]=tokens;emitApproval(msg.sender,spender,tokens);returntrue;}

ruleId: SOLIDITY_PRAGMAS_VERSION
patternId: 23fc32
severity: 1
line: 1
column: 16
content: ^

ruleId: SOLIDITY_REDUNDANT_FALLBACK_REJECT
patternId: b85a32
severity: 1
line: 213
column: 33
content: {revert();}

ruleId: SOLIDITY_SAFEMATH
patternId: 837cac
severity: 1
line: 102
column: 4
content: usingSafeMathforuint;

ruleId: SOLIDITY_SHOULD_NOT_BE_PURE
patternId: 11314f
severity: 1
line: 287
column: 4
content: functiongenAddressFromGTIN13date(stringmemory_GTIN13,stringmemory_YYMMDD)publicpurereturns(addressb){bytes32a=keccak256(abi.encodePacked(_GTIN13,_YYMMDD));assembly{mstore(0,a)b:=mload(0)}returnb;}

ruleId: SOLIDITY_USING_INLINE_ASSEMBLY
patternId: 109cd5
severity: 1
line: 293
column: 8
content: assembly{mstore(0,a)b:=mload(0)}

ruleId: SOLIDITY_VISIBILITY
patternId: b51ce0
severity: 1
line: 109
column: 4
content: mapping(address=>uint)balances;

ruleId: SOLIDITY_VISIBILITY
patternId: b51ce0
severity: 1
line: 110
column: 4
content: mapping(address=>mapping(address=>uint))allowed;

SOLIDITY_VISIBILITY :2
SOLIDITY_SAFEMATH :1
SOLIDITY_PRAGMAS_VERSION :1
SOLIDITY_ADDRESS_HARDCODED :2
SOLIDITY_USING_INLINE_ASSEMBLY :1
SOLIDITY_REDUNDANT_FALLBACK_REJECT :1
SOLIDITY_SHOULD_NOT_BE_PURE :1
SOLIDITY_ERC20_APPROVE :1