/unique_chucks/34/0xfd7d1e28059e578cb074457fde0606c3c901ae1b.sol:16:5: Error: Functions are not allowed to have the same name as the contract. If you intend this to be a constructor, use "constructor(...) { ... }" to define it.
    function BxpCCnV1() {
    ^ (Relevant source part starts here and spans across multiple lines).
/unique_chucks/34/0xfd7d1e28059e578cb074457fde0606c3c901ae1b.sol:16:5: Error: No visibility specified. Did you intend to add "public"?
    function BxpCCnV1() {
    ^ (Relevant source part starts here and spans across multiple lines).
/unique_chucks/34/0xfd7d1e28059e578cb074457fde0606c3c901ae1b.sol:29:5: Error: No visibility specified. Did you intend to add "public"?
    function transfer(address _to, uint256 _value) {
    ^ (Relevant source part starts here and spans across multiple lines).
/unique_chucks/34/0xfd7d1e28059e578cb074457fde0606c3c901ae1b.sol:30:45: Error: "throw" is deprecated in favour of "revert()", "require()" and "assert()".
        if (balanceOf[msg.sender] < _value) throw;           // Check if the sender has enough
                                            ^---^
/unique_chucks/34/0xfd7d1e28059e578cb074457fde0606c3c901ae1b.sol:31:55: Error: "throw" is deprecated in favour of "revert()", "require()" and "assert()".
        if (balanceOf[_to] + _value < balanceOf[_to]) throw; // Check for overflows
                                                      ^---^
/unique_chucks/34/0xfd7d1e28059e578cb074457fde0606c3c901ae1b.sol:38:5: Error: No visibility specified. Did you intend to add "external"?
    function () {
    ^ (Relevant source part starts here and spans across multiple lines).
/unique_chucks/34/0xfd7d1e28059e578cb074457fde0606c3c901ae1b.sol:39:9: Error: "throw" is deprecated in favour of "revert()", "require()" and "assert()".
        throw;     // Prevents accidental sending of ether
        ^---^
/unique_chucks/34/0xfd7d1e28059e578cb074457fde0606c3c901ae1b.sol:1:1: Warning: Source file does not specify required compiler version! Consider adding "pragma solidity ^0.5.8;"
contract BxpCCnV1{
^ (Relevant source part starts here and spans across multiple lines).
/unique_chucks/34/0xfd7d1e28059e578cb074457fde0606c3c901ae1b.sol:16:5: Warning: This declaration shadows an existing declaration.
    function BxpCCnV1() {
    ^ (Relevant source part starts here and spans across multiple lines).
/unique_chucks/34/0xfd7d1e28059e578cb074457fde0606c3c901ae1b.sol:1:1: The shadowed declaration is here:
contract BxpCCnV1{
^ (Relevant source part starts here and spans across multiple lines).
/unique_chucks/34/0xfd7d1e28059e578cb074457fde0606c3c901ae1b.sol:38:5: Error: Fallback function must be defined as "external".
    function () {
    ^ (Relevant source part starts here and spans across multiple lines).
Exception in thread "main" java.lang.RuntimeException
	at ch.securify.CompilationHelpers.compileContracts(CompilationHelpers.java:115)
	at ch.securify.Main.processSolidityFile(Main.java:98)
	at ch.securify.Main.main(Main.java:254)