INFO:Slither:Compilation warnings/errors on /unique_chucks/25/0x3257073d3b80bae378db8dea32519938910d05cc.sol:
[91m/unique_chucks/25/0x3257073d3b80bae378db8dea32519938910d05cc.sol:1:1: Error: Source file requires different compiler version (current compiler is 0.4.25+commit.59dbf8f1.Linux.g++ - note that nightly builds are considered to be strictly less than the released version[0m
pragma solidity 0.4.18;
^---------------------^
/unique_chucks/25/0x3257073d3b80bae378db8dea32519938910d05cc.sol:200:5: Warning: Defining constructors as functions with the same name as the contract is deprecated. Use "constructor(...) { ... }" instead.
    function PermissionGroups() public {
    ^ (Relevant source part starts here and spans across multiple lines).
/unique_chucks/25/0x3257073d3b80bae378db8dea32519938910d05cc.sol:353:5: Warning: Defining constructors as functions with the same name as the contract is deprecated. Use "constructor(...) { ... }" instead.
    function KyberNetworkProxy(address _admin) public {
    ^ (Relevant source part starts here and spans across multiple lines).
/unique_chucks/25/0x3257073d3b80bae378db8dea32519938910d05cc.sol:7:5: Warning: Functions in interfaces should be declared external.
    function totalSupply() public view returns (uint supply);
    ^-------------------------------------------------------^
/unique_chucks/25/0x3257073d3b80bae378db8dea32519938910d05cc.sol:8:5: Warning: Functions in interfaces should be declared external.
    function balanceOf(address _owner) public view returns (uint balance);
    ^--------------------------------------------------------------------^
/unique_chucks/25/0x3257073d3b80bae378db8dea32519938910d05cc.sol:9:5: Warning: Functions in interfaces should be declared external.
    function transfer(address _to, uint _value) public returns (bool success);
    ^------------------------------------------------------------------------^
/unique_chucks/25/0x3257073d3b80bae378db8dea32519938910d05cc.sol:10:5: Warning: Functions in interfaces should be declared external.
    function transferFrom(address _from, address _to, uint _value) public returns (bool success);
    ^-------------------------------------------------------------------------------------------^
/unique_chucks/25/0x3257073d3b80bae378db8dea32519938910d05cc.sol:11:5: Warning: Functions in interfaces should be declared external.
    function approve(address _spender, uint _value) public returns (bool success);
    ^----------------------------------------------------------------------------^
/unique_chucks/25/0x3257073d3b80bae378db8dea32519938910d05cc.sol:12:5: Warning: Functions in interfaces should be declared external.
    function allowance(address _owner, address _spender) public view returns (uint remaining);
    ^----------------------------------------------------------------------------------------^
/unique_chucks/25/0x3257073d3b80bae378db8dea32519938910d05cc.sol:13:5: Warning: Functions in interfaces should be declared external.
    function decimals() public view returns(uint digits);
    ^---------------------------------------------------^
/unique_chucks/25/0x3257073d3b80bae378db8dea32519938910d05cc.sol:21:5: Warning: Functions in interfaces should be declared external.
    function maxGasPrice() public view returns(uint);
    ^-----------------------------------------------^
/unique_chucks/25/0x3257073d3b80bae378db8dea32519938910d05cc.sol:22:5: Warning: Functions in interfaces should be declared external.
    function getUserCapInWei(address user) public view returns(uint);
    ^---------------------------------------------------------------^
/unique_chucks/25/0x3257073d3b80bae378db8dea32519938910d05cc.sol:23:5: Warning: Functions in interfaces should be declared external.
    function getUserCapInTokenWei(address user, ERC20 token) public view returns(uint);
    ^---------------------------------------------------------------------------------^
/unique_chucks/25/0x3257073d3b80bae378db8dea32519938910d05cc.sol:24:5: Warning: Functions in interfaces should be declared external.
    function enabled() public view returns(bool);
    ^-------------------------------------------^
/unique_chucks/25/0x3257073d3b80bae378db8dea32519938910d05cc.sol:25:5: Warning: Functions in interfaces should be declared external.
    function info(bytes32 id) public view returns(uint);
    ^--------------------------------------------------^
/unique_chucks/25/0x3257073d3b80bae378db8dea32519938910d05cc.sol:27:5: Warning: Functions in interfaces should be declared external.
    function getExpectedRate(ERC20 src, ERC20 dest, uint srcQty) public view
    ^ (Relevant source part starts here and spans across multiple lines).
/unique_chucks/25/0x3257073d3b80bae378db8dea32519938910d05cc.sol:30:5: Warning: Functions in interfaces should be declared external.
    function tradeWithHint(address trader, ERC20 src, uint srcAmount, ERC20 dest, address destAddress,
    ^ (Relevant source part starts here and spans across multiple lines).
/unique_chucks/25/0x3257073d3b80bae378db8dea32519938910d05cc.sol:38:5: Warning: Functions in interfaces should be declared external.
    function maxGasPrice() public view returns(uint);
    ^-----------------------------------------------^
/unique_chucks/25/0x3257073d3b80bae378db8dea32519938910d05cc.sol:39:5: Warning: Functions in interfaces should be declared external.
    function getUserCapInWei(address user) public view returns(uint);
    ^---------------------------------------------------------------^
/unique_chucks/25/0x3257073d3b80bae378db8dea32519938910d05cc.sol:40:5: Warning: Functions in interfaces should be declared external.
    function getUserCapInTokenWei(address user, ERC20 token) public view returns(uint);
    ^---------------------------------------------------------------------------------^
/unique_chucks/25/0x3257073d3b80bae378db8dea32519938910d05cc.sol:41:5: Warning: Functions in interfaces should be declared external.
    function enabled() public view returns(bool);
    ^-------------------------------------------^
/unique_chucks/25/0x3257073d3b80bae378db8dea32519938910d05cc.sol:42:5: Warning: Functions in interfaces should be declared external.
    function info(bytes32 id) public view returns(uint);
    ^--------------------------------------------------^
/unique_chucks/25/0x3257073d3b80bae378db8dea32519938910d05cc.sol:44:5: Warning: Functions in interfaces should be declared external.
    function getExpectedRate(ERC20 src, ERC20 dest, uint srcQty) public view
    ^ (Relevant source part starts here and spans across multiple lines).
/unique_chucks/25/0x3257073d3b80bae378db8dea32519938910d05cc.sol:47:5: Warning: Functions in interfaces should be declared external.
    function tradeWithHint(ERC20 src, uint srcAmount, ERC20 dest, address destAddress, uint maxDestAmount,
    ^ (Relevant source part starts here and spans across multiple lines).
/unique_chucks/25/0x3257073d3b80bae378db8dea32519938910d05cc.sol:55:5: Warning: Functions in interfaces should be declared external.
    function swapTokenToToken(ERC20 src, uint srcAmount, ERC20 dest, uint minConversionRate) public returns(uint);
    ^------------------------------------------------------------------------------------------------------------^
/unique_chucks/25/0x3257073d3b80bae378db8dea32519938910d05cc.sol:56:5: Warning: Functions in interfaces should be declared external.
    function swapEtherToToken(ERC20 token, uint minConversionRate) public payable returns(uint);
    ^------------------------------------------------------------------------------------------^
/unique_chucks/25/0x3257073d3b80bae378db8dea32519938910d05cc.sol:57:5: Warning: Functions in interfaces should be declared external.
    function swapTokenToEther(ERC20 token, uint srcAmount, uint minConversionRate) public returns(uint);
    ^--------------------------------------------------------------------------------------------------^
/unique_chucks/25/0x3257073d3b80bae378db8dea32519938910d05cc.sol:235:9: Warning: Invoking events without "emit" prefix is deprecated.
        TransferAdminPending(pendingAdmin);
        ^--------------------------------^
/unique_chucks/25/0x3257073d3b80bae378db8dea32519938910d05cc.sol:245:9: Warning: Invoking events without "emit" prefix is deprecated.
        TransferAdminPending(newAdmin);
        ^----------------------------^
/unique_chucks/25/0x3257073d3b80bae378db8dea32519938910d05cc.sol:246:9: Warning: Invoking events without "emit" prefix is deprecated.
        AdminClaimed(newAdmin, admin);
        ^---------------------------^
/unique_chucks/25/0x3257073d3b80bae378db8dea32519938910d05cc.sol:257:9: Warning: Invoking events without "emit" prefix is deprecated.
        AdminClaimed(pendingAdmin, admin);
        ^-------------------------------^
/unique_chucks/25/0x3257073d3b80bae378db8dea32519938910d05cc.sol:268:9: Warning: Invoking events without "emit" prefix is deprecated.
        AlerterAdded(newAlerter, true);
        ^----------------------------^
/unique_chucks/25/0x3257073d3b80bae378db8dea32519938910d05cc.sol:281:17: Warning: Invoking events without "emit" prefix is deprecated.
                AlerterAdded(alerter, false);
                ^--------------------------^
/unique_chucks/25/0x3257073d3b80bae378db8dea32519938910d05cc.sol:293:9: Warning: Invoking events without "emit" prefix is deprecated.
        OperatorAdded(newOperator, true);
        ^------------------------------^
/unique_chucks/25/0x3257073d3b80bae378db8dea32519938910d05cc.sol:306:17: Warning: Invoking events without "emit" prefix is deprecated.
                OperatorAdded(operator, false);
                ^----------------------------^
/unique_chucks/25/0x3257073d3b80bae378db8dea32519938910d05cc.sol:331:9: Warning: Invoking events without "emit" prefix is deprecated.
        TokenWithdraw(token, amount, sendTo);
        ^----------------------------------^
/unique_chucks/25/0x3257073d3b80bae378db8dea32519938910d05cc.sol:341:9: Warning: Invoking events without "emit" prefix is deprecated.
        EtherWithdraw(amount, sendTo);
        ^---------------------------^
/unique_chucks/25/0x3257073d3b80bae378db8dea32519938910d05cc.sol:532:9: Warning: Invoking events without "emit" prefix is deprecated.
        ExecuteTrade(msg.sender, src, dest, tradeOutcome.userDeltaSrcAmount, tradeOutcome.userDeltaDestAmount);
        ^----------------------------------------------------------------------------------------------------^
/unique_chucks/25/0x3257073d3b80bae378db8dea32519938910d05cc.sol:542:9: Warning: Invoking events without "emit" prefix is deprecated.
        KyberNetworkSet(_kyberNetworkContract, kyberNetworkContract);
        ^----------------------------------------------------------^

INFO:SlitherSolcParsing:No contract were found in /unique_chucks/25/0x3257073d3b80bae378db8dea32519938910d05cc.sol, check the correct compilation
WARNING:Slither:[91mNo contract was analyzed[0m
INFO:Slither:/unique_chucks/25/0x3257073d3b80bae378db8dea32519938910d05cc.sol analyzed (0 contracts), 0 result(s) found