INFO:Slither:Compilation warnings/errors on /unique_chucks/28/0xadecefea77510cf09906cb445cc69c2e49d4a468.sol:
/unique_chucks/28/0xadecefea77510cf09906cb445cc69c2e49d4a468.sol:6:5: Warning: Defining constructors as functions with the same name as the contract is deprecated. Use "constructor(...) { ... }" instead.
    function owned() public {
    ^ (Relevant source part starts here and spans across multiple lines).
/unique_chucks/28/0xadecefea77510cf09906cb445cc69c2e49d4a468.sol:49:5: Warning: Defining constructors as functions with the same name as the contract is deprecated. Use "constructor(...) { ... }" instead.
    function ALpay(
    ^ (Relevant source part starts here and spans across multiple lines).
/unique_chucks/28/0xadecefea77510cf09906cb445cc69c2e49d4a468.sol:193:5: Warning: Defining constructors as functions with the same name as the contract is deprecated. Use "constructor(...) { ... }" instead.
    function MyAdvancedToken(
    ^ (Relevant source part starts here and spans across multiple lines).

INFO:Detectors:[92m
ALpay.decimals should be constant (/unique_chucks/28/0xadecefea77510cf09906cb445cc69c2e49d4a468.sol#26-27)
Reference: https://github.com/trailofbits/slither/wiki/Detectors-Documentation#state-variables-that-could-be-declared-constant[0m
INFO:Detectors:[92m
owned.transferOwnership (/unique_chucks/28/0xadecefea77510cf09906cb445cc69c2e49d4a468.sol#15-20) should be declared external
ALpay.transfer (/unique_chucks/28/0xadecefea77510cf09906cb445cc69c2e49d4a468.sol#90-97) should be declared external
ALpay.transferFrom (/unique_chucks/28/0xadecefea77510cf09906cb445cc69c2e49d4a468.sol#104-113) should be declared external
ALpay.approveAndCall (/unique_chucks/28/0xadecefea77510cf09906cb445cc69c2e49d4a468.sol#137-149) should be declared external
ALpay.burn (/unique_chucks/28/0xadecefea77510cf09906cb445cc69c2e49d4a468.sol#153-164) should be declared external
ALpay.burnFrom (/unique_chucks/28/0xadecefea77510cf09906cb445cc69c2e49d4a468.sol#168-182) should be declared external
MyAdvancedToken.mintToken (/unique_chucks/28/0xadecefea77510cf09906cb445cc69c2e49d4a468.sol#218-224) should be declared external
MyAdvancedToken.freezeAccount (/unique_chucks/28/0xadecefea77510cf09906cb445cc69c2e49d4a468.sol#229-231) should be declared external
MyAdvancedToken.setPrices (/unique_chucks/28/0xadecefea77510cf09906cb445cc69c2e49d4a468.sol#238-240) should be declared external
MyAdvancedToken.buy (/unique_chucks/28/0xadecefea77510cf09906cb445cc69c2e49d4a468.sol#243-247) should be declared external
MyAdvancedToken.sell (/unique_chucks/28/0xadecefea77510cf09906cb445cc69c2e49d4a468.sol#248-251) should be declared external
Reference: https://github.com/trailofbits/slither/wiki/Detectors-Documentation#public-function-that-could-be-declared-as-external[0m
INFO:Detectors:[92m
Detected issues with version pragma in /unique_chucks/28/0xadecefea77510cf09906cb445cc69c2e49d4a468.sol:
	- pragma solidity^0.4.16 (/unique_chucks/28/0xadecefea77510cf09906cb445cc69c2e49d4a468.sol#1): it allows old versions
Reference: https://github.com/trailofbits/slither/wiki/Detectors-Documentation#incorrect-version-of-solidity[0m
INFO:Detectors:[92m
Contract 'owned' (/unique_chucks/28/0xadecefea77510cf09906cb445cc69c2e49d4a468.sol#3-20) is not in CapWords
Contract 'tokenRecipient' (/unique_chucks/28/0xadecefea77510cf09906cb445cc69c2e49d4a468.sol#20-23) is not in CapWords
Function 'ALpay.ALpay' (/unique_chucks/28/0xadecefea77510cf09906cb445cc69c2e49d4a468.sol#51-61) is not in mixedCase
Function 'ALpay._transfer' (/unique_chucks/28/0xadecefea77510cf09906cb445cc69c2e49d4a468.sol#63-84) is not in mixedCase
Parameter '_from' of ALpay._transfer (/unique_chucks/28/0xadecefea77510cf09906cb445cc69c2e49d4a468.sol#64) is not in mixedCase
Parameter '_to' of ALpay._transfer (/unique_chucks/28/0xadecefea77510cf09906cb445cc69c2e49d4a468.sol#64) is not in mixedCase
Parameter '_value' of ALpay._transfer (/unique_chucks/28/0xadecefea77510cf09906cb445cc69c2e49d4a468.sol#64) is not in mixedCase
Parameter '_to' of ALpay.transfer (/unique_chucks/28/0xadecefea77510cf09906cb445cc69c2e49d4a468.sol#90) is not in mixedCase
Parameter '_value' of ALpay.transfer (/unique_chucks/28/0xadecefea77510cf09906cb445cc69c2e49d4a468.sol#90-91) is not in mixedCase
Parameter '_from' of ALpay.transferFrom (/unique_chucks/28/0xadecefea77510cf09906cb445cc69c2e49d4a468.sol#104) is not in mixedCase
Parameter '_to' of ALpay.transferFrom (/unique_chucks/28/0xadecefea77510cf09906cb445cc69c2e49d4a468.sol#104) is not in mixedCase
Parameter '_value' of ALpay.transferFrom (/unique_chucks/28/0xadecefea77510cf09906cb445cc69c2e49d4a468.sol#104) is not in mixedCase
Parameter '_spender' of ALpay.approve (/unique_chucks/28/0xadecefea77510cf09906cb445cc69c2e49d4a468.sol#120-121) is not in mixedCase
Parameter '_value' of ALpay.approve (/unique_chucks/28/0xadecefea77510cf09906cb445cc69c2e49d4a468.sol#121) is not in mixedCase
Parameter '_spender' of ALpay.approveAndCall (/unique_chucks/28/0xadecefea77510cf09906cb445cc69c2e49d4a468.sol#137) is not in mixedCase
Parameter '_value' of ALpay.approveAndCall (/unique_chucks/28/0xadecefea77510cf09906cb445cc69c2e49d4a468.sol#137-138) is not in mixedCase
Parameter '_extraData' of ALpay.approveAndCall (/unique_chucks/28/0xadecefea77510cf09906cb445cc69c2e49d4a468.sol#138) is not in mixedCase
Parameter '_value' of ALpay.burn (/unique_chucks/28/0xadecefea77510cf09906cb445cc69c2e49d4a468.sol#153) is not in mixedCase
Parameter '_from' of ALpay.burnFrom (/unique_chucks/28/0xadecefea77510cf09906cb445cc69c2e49d4a468.sol#169) is not in mixedCase
Parameter '_value' of ALpay.burnFrom (/unique_chucks/28/0xadecefea77510cf09906cb445cc69c2e49d4a468.sol#169) is not in mixedCase
Function 'MyAdvancedToken._transfer' (/unique_chucks/28/0xadecefea77510cf09906cb445cc69c2e49d4a468.sol#202-214) is not in mixedCase
Parameter '_from' of MyAdvancedToken._transfer (/unique_chucks/28/0xadecefea77510cf09906cb445cc69c2e49d4a468.sol#202) is not in mixedCase
Parameter '_to' of MyAdvancedToken._transfer (/unique_chucks/28/0xadecefea77510cf09906cb445cc69c2e49d4a468.sol#202) is not in mixedCase
Parameter '_value' of MyAdvancedToken._transfer (/unique_chucks/28/0xadecefea77510cf09906cb445cc69c2e49d4a468.sol#202) is not in mixedCase
Function 'MyAdvancedToken.MyAdvancedToken' (/unique_chucks/28/0xadecefea77510cf09906cb445cc69c2e49d4a468.sol#199-201) is not in mixedCase
Reference: https://github.com/trailofbits/slither/wiki/Detectors-Documentation#conformance-to-solidity-naming-conventions[0m
INFO:Slither:/unique_chucks/28/0xadecefea77510cf09906cb445cc69c2e49d4a468.sol analyzed (4 contracts), 38 result(s) found