2019-08-02 01:04:14,620: [12] m.main:INFO: Registered plugins: DetectReentrancySimple, DetectInvalid, DetectReentrancyAdvanced, DetectUninitializedStorage, DetectExternalCallAndLeak, DetectSuicidal, DetectEnvInstruction, DetectIntegerOverflow, DetectUnusedRetVal, DetectUninitializedMemory, DetectDelegatecall
2019-08-02 01:04:14,620: [12] m.main:INFO: Beginning analysis
2019-08-02 01:04:14,643: [12] m.e.manticore:INFO: Starting symbolic create contract
2019-08-02 01:04:15,867: [12] m.e.manticore:INFO: Starting symbolic transaction: 0
2019-08-02 01:04:16,584: [12] m.e.manticore:INFO: 0 alive states, 2 terminated states
2019-08-02 01:04:16,730: [12] m.e.manticore:INFO: Starting symbolic transaction: 1
2019-08-02 01:04:16,837: [582] m.c.manticore:INFO: Generated testcase No. 0 - RETURN(1 txs)
2019-08-02 01:04:16,857: [583] m.c.manticore:INFO: Generated testcase No. 1 - REVERT(2 txs)
2019-08-02 01:04:17,829: [12] m.c.manticore:INFO: Results in /mcore_c6bmaxea
2019-08-02 01:04:18,858: [897] m.main:INFO: Registered plugins: DetectReentrancySimple, DetectInvalid, DetectDelegatecall, DetectUnusedRetVal, DetectSuicidal, DetectUninitializedStorage, DetectIntegerOverflow, DetectExternalCallAndLeak, DetectReentrancyAdvanced, DetectUninitializedMemory, DetectEnvInstruction
2019-08-02 01:04:18,858: [897] m.main:INFO: Beginning analysis
2019-08-02 01:04:18,868: [897] m.e.manticore:INFO: Starting symbolic create contract
2019-08-02 01:04:19,226: [944] m.c.manticore:INFO: Generated testcase No. 0 - NO STATE RESULT (?)(0 txs)
2019-08-02 01:04:19,547: [897] m.c.manticore:INFO: Results in /mcore_6pl7ag7n
2019-08-02 01:04:20,395: [1200] m.main:INFO: Registered plugins: DetectReentrancyAdvanced, DetectInvalid, DetectDelegatecall, DetectSuicidal, DetectUninitializedStorage, DetectIntegerOverflow, DetectUnusedRetVal, DetectEnvInstruction, DetectUninitializedMemory, DetectExternalCallAndLeak, DetectReentrancySimple
2019-08-02 01:04:20,396: [1200] m.main:INFO: Beginning analysis
2019-08-02 01:04:20,424: [1200] m.e.manticore:INFO: Starting symbolic create contract
2019-08-02 01:04:20,697: [1244] m.c.manticore:INFO: Generated testcase No. 0 - NO STATE RESULT (?)(0 txs)
2019-08-02 01:04:21,034: [1200] m.c.manticore:INFO: Results in /mcore_o7vw2bie
2019-08-02 01:04:21,803: [1503] m.main:INFO: Registered plugins: DetectReentrancySimple, DetectInvalid, DetectSuicidal, DetectUninitializedMemory, DetectDelegatecall, DetectEnvInstruction, DetectUnusedRetVal, DetectUninitializedStorage, DetectReentrancyAdvanced, DetectExternalCallAndLeak, DetectIntegerOverflow
2019-08-02 01:04:21,804: [1503] m.main:INFO: Beginning analysis
2019-08-02 01:04:21,832: [1503] m.e.manticore:INFO: Starting symbolic create contract
2019-08-02 01:04:24,853: [1503] m.e.manticore:INFO: Starting symbolic transaction: 0
2019-08-02 01:04:29,154: [1806] m.e.detectors:WARNING: INVALID instruction
2019-08-02 01:04:30,231: [1503] m.e.manticore:INFO: 3 alive states, 7 terminated states
2019-08-02 01:04:31,751: [1503] m.e.manticore:INFO: Starting symbolic transaction: 1
2019-08-02 01:04:42,848: [2717] m.e.detectors:WARNING: INVALID instruction
2019-08-02 01:04:43,065: [2713] m.e.detectors:WARNING: INVALID instruction
2019-08-02 01:04:43,135: [2724] m.e.detectors:WARNING: INVALID instruction
2019-08-02 01:04:44,670: [1503] m.e.manticore:INFO: 9 alive states, 28 terminated states
2019-08-02 01:04:46,627: [5034] m.c.manticore:INFO: Generated testcase No. 4 - RETURN(3 txs)
2019-08-02 01:04:46,790: [5012] m.c.manticore:INFO: Generated testcase No. 6 - RETURN(3 txs)
2019-08-02 01:04:46,912: [5019] m.c.manticore:INFO: Generated testcase No. 1 - RETURN(3 txs)
2019-08-02 01:04:46,992: [5026] m.c.manticore:INFO: Generated testcase No. 5 - RETURN(3 txs)
2019-08-02 01:04:46,993: [5015] m.c.manticore:INFO: Generated testcase No. 0 - RETURN(3 txs)
2019-08-02 01:04:47,012: [5011] m.c.manticore:INFO: Generated testcase No. 7 - RETURN(3 txs)
2019-08-02 01:04:47,017: [5023] m.c.manticore:INFO: Generated testcase No. 2 - RETURN(3 txs)
2019-08-02 01:04:47,021: [5042] m.c.manticore:INFO: Generated testcase No. 3 - RETURN(3 txs)
2019-08-02 01:04:47,086: [5014] m.c.manticore:INFO: Generated testcase No. 8 - RETURN(3 txs)
2019-08-02 01:05:00,697: [5026] m.c.manticore:INFO: Generated testcase No. 10 - REVERT(2 txs)
2019-08-02 01:05:00,707: [5014] m.c.manticore:INFO: Generated testcase No. 9 - RETURN(1 txs)
2019-08-02 01:05:00,802: [5042] m.c.manticore:INFO: Generated testcase No. 11 - REVERT(2 txs)
2019-08-02 01:05:01,315: [5015] m.c.manticore:INFO: Generated testcase No. 12 - REVERT(2 txs)
2019-08-02 01:05:01,589: [5034] m.c.manticore:INFO: Generated testcase No. 13 - REVERT(2 txs)
2019-08-02 01:05:01,631: [5023] m.c.manticore:INFO: Generated testcase No. 14 - REVERT(2 txs)
2019-08-02 01:05:01,683: [5019] m.c.manticore:INFO: Generated testcase No. 15 - THROW(2 txs)
2019-08-02 01:05:02,313: [5012] m.c.manticore:INFO: Generated testcase No. 16 - RETURN(2 txs)
2019-08-02 01:05:02,903: [5011] m.c.manticore:INFO: Generated testcase No. 17 - RETURN(2 txs)
2019-08-02 01:05:11,837: [5014] m.c.manticore:INFO: Generated testcase No. 18 - RETURN(2 txs)
2019-08-02 01:05:12,908: [5026] m.c.manticore:INFO: Generated testcase No. 19 - REVERT(3 txs)
2019-08-02 01:05:13,187: [5042] m.c.manticore:INFO: Generated testcase No. 20 - REVERT(3 txs)
2019-08-02 01:05:13,249: [5034] m.c.manticore:INFO: Generated testcase No. 21 - REVERT(3 txs)
2019-08-02 01:05:14,146: [5015] m.c.manticore:INFO: Generated testcase No. 22 - REVERT(3 txs)
2019-08-02 01:05:14,227: [5019] m.c.manticore:INFO: Generated testcase No. 24 - REVERT(3 txs)
2019-08-02 01:05:14,282: [5023] m.c.manticore:INFO: Generated testcase No. 23 - REVERT(3 txs)
2019-08-02 01:05:15,421: [5012] m.c.manticore:INFO: Generated testcase No. 25 - REVERT(3 txs)
2019-08-02 01:05:15,680: [5011] m.c.manticore:INFO: Generated testcase No. 26 - REVERT(3 txs)
2019-08-02 01:05:24,794: [5014] m.c.manticore:INFO: Generated testcase No. 27 - REVERT(3 txs)
2019-08-02 01:05:25,638: [5034] m.c.manticore:INFO: Generated testcase No. 28 - REVERT(3 txs)
2019-08-02 01:05:26,809: [5042] m.c.manticore:INFO: Generated testcase No. 29 - REVERT(3 txs)
2019-08-02 01:05:27,941: [5026] m.c.manticore:INFO: Generated testcase No. 30 - REVERT(3 txs)
2019-08-02 01:05:28,736: [5023] m.c.manticore:INFO: Generated testcase No. 31 - REVERT(3 txs)
2019-08-02 01:05:29,685: [5019] m.c.manticore:INFO: Generated testcase No. 32 - REVERT(3 txs)
2019-08-02 01:05:30,054: [5015] m.c.manticore:INFO: Generated testcase No. 33 - REVERT(3 txs)
2019-08-02 01:05:30,285: [5011] m.c.manticore:INFO: Generated testcase No. 34 - THROW(3 txs)
2019-08-02 01:05:30,516: [5012] m.c.manticore:INFO: Generated testcase No. 35 - THROW(3 txs)
2019-08-02 01:05:39,542: [5014] m.c.manticore:INFO: Generated testcase No. 36 - THROW(3 txs)
2019-08-02 01:05:46,444: [1503] m.c.manticore:INFO: Results in /mcore_u1whhr2h
2019-08-02 01:05:49,547: [6327] m.main:INFO: Registered plugins: DetectReentrancySimple, DetectInvalid, DetectDelegatecall, DetectExternalCallAndLeak, DetectSuicidal, DetectUninitializedStorage, DetectIntegerOverflow, DetectEnvInstruction, DetectReentrancyAdvanced, DetectUninitializedMemory, DetectUnusedRetVal
2019-08-02 01:05:49,547: [6327] m.main:INFO: Beginning analysis
2019-08-02 01:05:49,556: [6327] m.e.manticore:INFO: Starting symbolic create contract
2019-08-02 01:05:58,413: [6327] m.e.manticore:INFO: Starting symbolic transaction: 0
2019-08-02 01:06:08,747: [6637] m.e.detectors:WARNING: INVALID instruction
2019-08-02 01:06:13,961: [6625] m.e.detectors:WARNING: INVALID instruction
2019-08-02 01:06:18,450: [6623] m.e.detectors:WARNING: INVALID instruction
2019-08-02 01:06:35,591: [6327] m.e.manticore:INFO: 7 alive states, 14 terminated states
2019-08-02 01:06:41,444: [6327] m.e.manticore:INFO: Starting symbolic transaction: 1
2019-08-02 01:07:33,538: [9995] m.e.detectors:WARNING: INVALID instruction
2019-08-02 01:07:57,619: [10011] m.e.detectors:WARNING: INVALID instruction
2019-08-02 01:08:00,441: [10033] m.e.detectors:WARNING: INVALID instruction
2019-08-02 01:08:05,810: [10000] m.e.detectors:WARNING: INVALID instruction
2019-08-02 01:08:15,410: [10027] m.e.detectors:WARNING: INVALID instruction
2019-08-02 01:08:34,947: [10029] m.e.detectors:WARNING: INVALID instruction
2019-08-02 01:08:43,948: [10031] m.e.detectors:WARNING: INVALID instruction
2019-08-02 01:08:44,058: [10000] m.e.detectors:WARNING: Potentially reading uninitialized storage
2019-08-02 01:08:48,161: [10011] m.e.detectors:WARNING: Potentially reading uninitialized storage
2019-08-02 01:08:51,252: [10031] m.e.detectors:WARNING: INVALID instruction
2019-08-02 01:09:15,515: [10000] m.e.detectors:WARNING: Potentially reading uninitialized storage
2019-08-02 01:09:42,243: [10027] m.e.detectors:WARNING: INVALID instruction
2019-08-02 01:09:48,182: [10000] m.e.detectors:WARNING: INVALID instruction
2019-08-02 01:09:51,535: [10029] m.e.detectors:WARNING: INVALID instruction
2019-08-02 01:09:53,111: [10011] m.e.detectors:WARNING: INVALID instruction
2019-08-02 01:10:02,138: [10029] m.e.detectors:WARNING: INVALID instruction
2019-08-02 01:10:08,635: [10020] m.e.detectors:WARNING: INVALID instruction
2019-08-02 01:10:17,698: [10029] m.e.detectors:WARNING: INVALID instruction
2019-08-02 01:10:19,002: [10020] m.e.detectors:WARNING: INVALID instruction
2019-08-02 01:10:30,734: [10011] m.e.detectors:WARNING: Potentially reading uninitialized storage
2019-08-02 01:10:45,110: [10011] m.e.detectors:WARNING: INVALID instruction
2019-08-02 01:10:51,706: [10000] m.e.detectors:WARNING: INVALID instruction
2019-08-02 01:11:06,782: [10000] m.e.detectors:WARNING: INVALID instruction
2019-08-02 01:12:01,414: [10011] m.e.detectors:WARNING: INVALID instruction
2019-08-02 01:12:32,994: [10033] m.e.detectors:WARNING: INVALID instruction
2019-08-02 01:12:36,674: [10024] m.e.detectors:WARNING: INVALID instruction
2019-08-02 01:13:04,078: [10024] m.e.detectors:WARNING: INVALID instruction
2019-08-02 01:15:21,201: [6327] m.e.manticore:INFO: 49 alive states, 114 terminated states
2019-08-02 01:15:27,982: [6327] m.e.manticore:INFO: Starting symbolic transaction: 2
2019-08-02 01:21:53,298: [1332] m.e.detectors:WARNING: INVALID instruction
2019-08-02 01:22:53,294: [1289] m.e.detectors:WARNING: INVALID instruction
2019-08-02 01:23:34,787: [1332] m.e.detectors:WARNING: INVALID instruction
2019-08-02 01:25:08,714: [1334] m.e.detectors:WARNING: INVALID instruction
2019-08-02 01:28:10,806: [1294] m.e.detectors:WARNING: Potentially reading uninitialized storage
2019-08-02 01:28:17,951: [1280] m.e.detectors:WARNING: INVALID instruction
2019-08-02 01:28:22,810: [1303] m.e.detectors:WARNING: INVALID instruction
2019-08-02 01:28:36,223: [1289] m.e.detectors:WARNING: Potentially reading uninitialized storage
2019-08-02 01:28:45,948: [1332] m.e.detectors:WARNING: INVALID instruction
2019-08-02 01:29:22,542: [1303] m.e.detectors:WARNING: INVALID instruction
2019-08-02 01:29:32,952: [1303] m.e.detectors:WARNING: INVALID instruction
2019-08-02 01:29:36,898: [1329] m.e.detectors:WARNING: Potentially reading uninitialized storage
2019-08-02 01:30:15,514: [1303] m.e.detectors:WARNING: INVALID instruction
2019-08-02 01:32:48,798: [1294] m.e.detectors:WARNING: INVALID instruction
2019-08-02 01:32:52,198: [1282] m.e.detectors:WARNING: INVALID instruction
2019-08-02 01:33:11,582: [1294] m.e.detectors:WARNING: INVALID instruction
2019-08-02 01:33:27,650: [1317] m.e.detectors:WARNING: Potentially reading uninitialized storage
2019-08-02 01:33:49,624: [1334] m.e.detectors:WARNING: INVALID instruction
2019-08-02 01:33:50,674: [1317] m.e.detectors:WARNING: INVALID instruction