INFO:Slither:Compilation warnings/errors on /unique_chucks/39/0x09cd1ee870130b87409bdab8f7e16d2820dc4301.sol:
/unique_chucks/39/0x09cd1ee870130b87409bdab8f7e16d2820dc4301.sol:143:5: Warning: Variable is declared as a storage pointer. Use an explicit "storage" keyword to silence this warning.
    uint64[3] latestVersionForMajor = versions[majorToLatestVersion[major]].semanticVersion;
    ^-----------------------------^

INFO:Detectors:[92m
Different versions of Solidity is used in /unique_chucks/39/0x09cd1ee870130b87409bdab8f7e16d2820dc4301.sol:
	- Version used: ['^0.4.23', '^0.4.24']
	- /unique_chucks/39/0x09cd1ee870130b87409bdab8f7e16d2820dc4301.sol#3-5 declares pragma solidity^0.4.23
	- /unique_chucks/39/0x09cd1ee870130b87409bdab8f7e16d2820dc4301.sol#72 declares pragma solidity^0.4.24
Reference: https://github.com/trailofbits/slither/wiki/Detectors-Documentation#different-pragma-directives-are-used[0m
INFO:Detectors:[92m
Ownable.renounceOwnership (/unique_chucks/39/0x09cd1ee870130b87409bdab8f7e16d2820dc4301.sol#41-47) should be declared external
Ownable.transferOwnership (/unique_chucks/39/0x09cd1ee870130b87409bdab8f7e16d2820dc4301.sol#50-55) should be declared external
Package.getVersion (/unique_chucks/39/0x09cd1ee870130b87409bdab8f7e16d2820dc4301.sol#101-108) should be declared external
Package.getContract (/unique_chucks/39/0x09cd1ee870130b87409bdab8f7e16d2820dc4301.sol#113-119) should be declared external
Package.addVersion (/unique_chucks/39/0x09cd1ee870130b87409bdab8f7e16d2820dc4301.sol#126-157) should be declared external
Package.getLatest (/unique_chucks/39/0x09cd1ee870130b87409bdab8f7e16d2820dc4301.sol#175-176) should be declared external
Reference: https://github.com/trailofbits/slither/wiki/Detectors-Documentation#public-function-that-could-be-declared-as-external[0m
INFO:Detectors:[92m
Detected issues with version pragma in /unique_chucks/39/0x09cd1ee870130b87409bdab8f7e16d2820dc4301.sol:
	- pragma solidity^0.4.23 (/unique_chucks/39/0x09cd1ee870130b87409bdab8f7e16d2820dc4301.sol#3-5): it allows old versions
Reference: https://github.com/trailofbits/slither/wiki/Detectors-Documentation#incorrect-version-of-solidity[0m
INFO:Detectors:[92m
Parameter '_newOwner' of Ownable.transferOwnership (/unique_chucks/39/0x09cd1ee870130b87409bdab8f7e16d2820dc4301.sol#51) is not in mixedCase
Function 'Ownable._transferOwnership' (/unique_chucks/39/0x09cd1ee870130b87409bdab8f7e16d2820dc4301.sol#58-67) is not in mixedCase
Parameter '_newOwner' of Ownable._transferOwnership (/unique_chucks/39/0x09cd1ee870130b87409bdab8f7e16d2820dc4301.sol#59-60) is not in mixedCase
Reference: https://github.com/trailofbits/slither/wiki/Detectors-Documentation#conformance-to-solidity-naming-conventions[0m
INFO:Slither:/unique_chucks/39/0x09cd1ee870130b87409bdab8f7e16d2820dc4301.sol analyzed (2 contracts), 11 result(s) found