{
  "/unique_contracts/0xdb7f954936f2cbdd68ab413352451d217f370fdb.sol:SafeMath": {
    "results": {
      "TODReceiver": {
        "violations": [
          -1
        ],
        "warnings": [],
        "safe": [],
        "conflicts": []
      },
      "UnhandledException": {
        "violations": [],
        "warnings": [
          -1
        ],
        "safe": [],
        "conflicts": []
      },
      "TODTransfer": {
        "violations": [],
        "warnings": [],
        "safe": [],
        "conflicts": [
          -1
        ]
      },
      "DAO": {
        "violations": [],
        "warnings": [],
        "safe": [],
        "conflicts": []
      },
      "TODAmount": {
        "violations": [
          -1
        ],
        "warnings": [],
        "safe": [],
        "conflicts": []
      },
      "MissingInputValidation": {
        "violations": [],
        "warnings": [],
        "safe": [],
        "conflicts": []
      },
      "DAOConstantGas": {
        "violations": [],
        "warnings": [
          -1
        ],
        "safe": [],
        "conflicts": []
      },
      "UnrestrictedEtherFlow": {
        "violations": [],
        "warnings": [
          -1
        ],
        "safe": [],
        "conflicts": []
      }
    }
  },
  "/unique_contracts/0xdb7f954936f2cbdd68ab413352451d217f370fdb.sol:BioXToken": {
    "results": {
      "TODReceiver": {
        "violations": [
          322
        ],
        "warnings": [],
        "safe": [],
        "conflicts": []
      },
      "UnhandledException": {
        "violations": [],
        "warnings": [
          322
        ],
        "safe": [],
        "conflicts": []
      },
      "TODTransfer": {
        "violations": [],
        "warnings": [],
        "safe": [],
        "conflicts": [
          322
        ]
      },
      "DAO": {
        "violations": [],
        "warnings": [],
        "safe": [],
        "conflicts": []
      },
      "TODAmount": {
        "violations": [
          322
        ],
        "warnings": [],
        "safe": [],
        "conflicts": []
      },
      "MissingInputValidation": {
        "violations": [],
        "warnings": [],
        "safe": [],
        "conflicts": []
      },
      "DAOConstantGas": {
        "violations": [],
        "warnings": [
          322
        ],
        "safe": [],
        "conflicts": []
      },
      "UnrestrictedEtherFlow": {
        "violations": [],
        "warnings": [
          322
        ],
        "safe": [],
        "conflicts": []
      }
    }
  }
}