INFO:Slither:Compilation warnings/errors on /unique_contracts/0xac576a8ea6a48fb03f1d86723d454d816da7e3e1.sol:
/unique_contracts/0xac576a8ea6a48fb03f1d86723d454d816da7e3e1.sol:23:3: Warning: Defining constructors as functions with the same name as the contract is deprecated. Use "constructor(...) { ... }" instead.
  function Ownable() public {
  ^ (Relevant source part starts here and spans across multiple lines).
/unique_contracts/0xac576a8ea6a48fb03f1d86723d454d816da7e3e1.sol:131:5: Warning: Defining constructors as functions with the same name as the contract is deprecated. Use "constructor(...) { ... }" instead.
    function TestVesting(ERC20Basic _token,
    ^ (Relevant source part starts here and spans across multiple lines).

INFO:Detectors:[93m
Reentrancy in TestVesting.allocateToken (/unique_contracts/0xac576a8ea6a48fb03f1d86723d454d816da7e3e1.sol#150-162):
	External calls:
	- require(bool)(token.balanceOf(address(this)) >= totalAllocation) (/unique_contracts/0xac576a8ea6a48fb03f1d86723d454d816da7e3e1.sol#155-157)
	State variables written after the call(s):
	- allocations (/unique_contracts/0xac576a8ea6a48fb03f1d86723d454d816da7e3e1.sol#157-160)
Reference: https://github.com/trailofbits/slither/wiki/Detectors-Documentation#reentrancy-vulnerabilities-1[0m
INFO:Detectors:[92m
Reentrancy in TestVesting.allocateToken (/unique_contracts/0xac576a8ea6a48fb03f1d86723d454d816da7e3e1.sol#150-162):
	External calls:
	- require(bool)(token.balanceOf(address(this)) >= totalAllocation) (/unique_contracts/0xac576a8ea6a48fb03f1d86723d454d816da7e3e1.sol#155-157)
	State variables written after the call(s):
	- stageSettings (/unique_contracts/0xac576a8ea6a48fb03f1d86723d454d816da7e3e1.sol#160-161)
	- timeLockDurations (/unique_contracts/0xac576a8ea6a48fb03f1d86723d454d816da7e3e1.sol#161-162)
Reference: https://github.com/trailofbits/slither/wiki/Detectors-Documentation#reentrancy-vulnerabilities-2[0m
INFO:Detectors:[92m
TestVesting.allocateToken (/unique_contracts/0xac576a8ea6a48fb03f1d86723d454d816da7e3e1.sol#150-162) uses timestamp for comparisons
	Dangerous comparisons:
	- require(bool)(block.timestamp > lockStartTime) (/unique_contracts/0xac576a8ea6a48fb03f1d86723d454d816da7e3e1.sol#151-152)
TestVesting.vestStage (/unique_contracts/0xac576a8ea6a48fb03f1d86723d454d816da7e3e1.sol#177-184) uses timestamp for comparisons
	Dangerous comparisons:
	- stage > stageSettings[msg.sender] (/unique_contracts/0xac576a8ea6a48fb03f1d86723d454d816da7e3e1.sol)
Reference: https://github.com/trailofbits/slither/wiki/Detectors-Documentation#block-timestamp[0m
INFO:Detectors:[92m
TestVesting.teamAllocation should be constant (/unique_contracts/0xac576a8ea6a48fb03f1d86723d454d816da7e3e1.sol#108-110)
TestVesting.teamStageSetting should be constant (/unique_contracts/0xac576a8ea6a48fb03f1d86723d454d816da7e3e1.sol#114-116)
TestVesting.teamTimeLock should be constant (/unique_contracts/0xac576a8ea6a48fb03f1d86723d454d816da7e3e1.sol#106-108)
TestVesting.totalAllocation should be constant (/unique_contracts/0xac576a8ea6a48fb03f1d86723d454d816da7e3e1.sol#112-114)
Reference: https://github.com/trailofbits/slither/wiki/Detectors-Documentation#state-variables-that-could-be-declared-constant[0m
INFO:Detectors:[92m
ERC20Basic.totalSupply (/unique_contracts/0xac576a8ea6a48fb03f1d86723d454d816da7e3e1.sol#90-91) should be declared external
ERC20Basic.balanceOf (/unique_contracts/0xac576a8ea6a48fb03f1d86723d454d816da7e3e1.sol#91-92) should be declared external
ERC20Basic.transfer (/unique_contracts/0xac576a8ea6a48fb03f1d86723d454d816da7e3e1.sol#92-96) should be declared external
TestVesting.allocateToken (/unique_contracts/0xac576a8ea6a48fb03f1d86723d454d816da7e3e1.sol#150-162) should be declared external
TestVesting.releaseToken (/unique_contracts/0xac576a8ea6a48fb03f1d86723d454d816da7e3e1.sol#163-171) should be declared external
Reference: https://github.com/trailofbits/slither/wiki/Detectors-Documentation#public-function-that-could-be-declared-as-external[0m
INFO:Detectors:[92m
Detected issues with version pragma in /unique_contracts/0xac576a8ea6a48fb03f1d86723d454d816da7e3e1.sol:
	- pragma solidity^0.4.21 (/unique_contracts/0xac576a8ea6a48fb03f1d86723d454d816da7e3e1.sol#1): it allows old versions
Reference: https://github.com/trailofbits/slither/wiki/Detectors-Documentation#incorrect-version-of-solidity[0m
INFO:Detectors:[92m
Function 'Ownable.Ownable' (/unique_contracts/0xac576a8ea6a48fb03f1d86723d454d816da7e3e1.sol#23-28) is not in mixedCase
Function 'TestVesting.TestVesting' (/unique_contracts/0xac576a8ea6a48fb03f1d86723d454d816da7e3e1.sol#134-150) is not in mixedCase
Parameter '_token' of TestVesting.TestVesting (/unique_contracts/0xac576a8ea6a48fb03f1d86723d454d816da7e3e1.sol#134) is not in mixedCase
Parameter '_teamWallet' of TestVesting.TestVesting (/unique_contracts/0xac576a8ea6a48fb03f1d86723d454d816da7e3e1.sol#135-136) is not in mixedCase
Parameter '_start' of TestVesting.TestVesting (/unique_contracts/0xac576a8ea6a48fb03f1d86723d454d816da7e3e1.sol#137) is not in mixedCase
Parameter '_lockTime' of TestVesting.TestVesting (/unique_contracts/0xac576a8ea6a48fb03f1d86723d454d816da7e3e1.sol#138) is not in mixedCase
Reference: https://github.com/trailofbits/slither/wiki/Detectors-Documentation#conformance-to-solidity-naming-conventions[0m
INFO:Slither:/unique_contracts/0xac576a8ea6a48fb03f1d86723d454d816da7e3e1.sol analyzed (4 contracts), 17 result(s) found