INFO:Detectors:[93m
NameFilter.nameFilter (/unique_chucks/30/0x9aa6c2fbf1c610670ba575c76ecf37e3aa0ffed0.sol#599-676) is declared view but contains assembly code
Reference: https://github.com/trailofbits/slither/wiki/Detectors-Documentation#constant-functions-changing-the-state[0m
INFO:Detectors:[93m
_affID in PlayerBook.registerNameXnameFromDapp (/unique_chucks/30/0x9aa6c2fbf1c610670ba575c76ecf37e3aa0ffed0.sol#541-544) is a local variable never initialiazed
_affID in PlayerBook.registerNameXaddrFromDapp (/unique_chucks/30/0x9aa6c2fbf1c610670ba575c76ecf37e3aa0ffed0.sol#503-505) is a local variable never initialiazed
_affID in PlayerBook.registerNameXname (/unique_chucks/30/0x9aa6c2fbf1c610670ba575c76ecf37e3aa0ffed0.sol#263-264) is a local variable never initialiazed
_affID in PlayerBook.registerNameXaddr (/unique_chucks/30/0x9aa6c2fbf1c610670ba575c76ecf37e3aa0ffed0.sol#222) is a local variable never initialiazed
Reference: https://github.com/trailofbits/slither/wiki/Detectors-Documentation#uninitialized-local-variables[0m
INFO:Detectors:[92m
PlayerBook.addMeToGame has external calls inside a loop:
	- games_[_gameID].receivePlayerNameList(_pID,plyrNameList_[_pID][ii]) (/unique_chucks/30/0x9aa6c2fbf1c610670ba575c76ecf37e3aa0ffed0.sol#309-311)
PlayerBook.addMeToAllGames has external calls inside a loop:
	- games_[i].receivePlayerInfo(_pID,_addr,_name,_laff) (/unique_chucks/30/0x9aa6c2fbf1c610670ba575c76ecf37e3aa0ffed0.sol#327-328)
PlayerBook.addMeToAllGames has external calls inside a loop:
	- games_[i].receivePlayerNameList(_pID,plyrNameList_[_pID][ii]) (/unique_chucks/30/0x9aa6c2fbf1c610670ba575c76ecf37e3aa0ffed0.sol#332-334)
PlayerBook.registerNameCore has external calls inside a loop:
	- games_[i].receivePlayerInfo(_pID,_addr,_name,_affID) (/unique_chucks/30/0x9aa6c2fbf1c610670ba575c76ecf37e3aa0ffed0.sol#382)
Reference: https://github.com/trailofbits/slither/wiki/Detectors-Documentation/_edit#calls-inside-a-loop[0m
INFO:Detectors:[92m
NameFilter.nameFilter uses assembly (/unique_chucks/30/0x9aa6c2fbf1c610670ba575c76ecf37e3aa0ffed0.sol#599-676)
	- /unique_chucks/30/0x9aa6c2fbf1c610670ba575c76ecf37e3aa0ffed0.sol#672-674
Reference: https://github.com/trailofbits/slither/wiki/Detectors-Documentation#assembly-usage[0m
INFO:Detectors:[92m
PlayerBook.checkIfNameValid (/unique_chucks/30/0x9aa6c2fbf1c610670ba575c76ecf37e3aa0ffed0.sol#127-134) should be declared external
PlayerBook.registerNameXID (/unique_chucks/30/0x9aa6c2fbf1c610670ba575c76ecf37e3aa0ffed0.sol#165-200) should be declared external
PlayerBook.registerNameXaddr (/unique_chucks/30/0x9aa6c2fbf1c610670ba575c76ecf37e3aa0ffed0.sol#200-240) should be declared external
PlayerBook.registerNameXname (/unique_chucks/30/0x9aa6c2fbf1c610670ba575c76ecf37e3aa0ffed0.sol#240-278) should be declared external
PlayerBook.addMeToGame (/unique_chucks/30/0x9aa6c2fbf1c610670ba575c76ecf37e3aa0ffed0.sol#289-311) should be declared external
PlayerBook.addMeToAllGames (/unique_chucks/30/0x9aa6c2fbf1c610670ba575c76ecf37e3aa0ffed0.sol#314-336) should be declared external
PlayerBook.useMyOldName (/unique_chucks/30/0x9aa6c2fbf1c610670ba575c76ecf37e3aa0ffed0.sol#343-351) should be declared external
PlayerBook.addGame (/unique_chucks/30/0x9aa6c2fbf1c610670ba575c76ecf37e3aa0ffed0.sol#560-586) should be declared external
PlayerBook.setRegistrationFee (/unique_chucks/30/0x9aa6c2fbf1c610670ba575c76ecf37e3aa0ffed0.sol#586-590) should be declared external
Reference: https://github.com/trailofbits/slither/wiki/Detectors-Documentation#public-function-that-could-be-declared-as-external[0m
INFO:Detectors:[92m
Event 'PlayerBook.onNewName' (/unique_chucks/30/0x9aa6c2fbf1c610670ba575c76ecf37e3aa0ffed0.sol#110-119) is not in CapWords
Parameter '_nameStr' of PlayerBook.checkIfNameValid (/unique_chucks/30/0x9aa6c2fbf1c610670ba575c76ecf37e3aa0ffed0.sol#128) is not in mixedCase
Parameter '_nameString' of PlayerBook.registerNameXID (/unique_chucks/30/0x9aa6c2fbf1c610670ba575c76ecf37e3aa0ffed0.sol#165) is not in mixedCase
Parameter '_affCode' of PlayerBook.registerNameXID (/unique_chucks/30/0x9aa6c2fbf1c610670ba575c76ecf37e3aa0ffed0.sol#165) is not in mixedCase
Parameter '_all' of PlayerBook.registerNameXID (/unique_chucks/30/0x9aa6c2fbf1c610670ba575c76ecf37e3aa0ffed0.sol#165) is not in mixedCase
Parameter '_nameString' of PlayerBook.registerNameXaddr (/unique_chucks/30/0x9aa6c2fbf1c610670ba575c76ecf37e3aa0ffed0.sol#200) is not in mixedCase
Parameter '_affCode' of PlayerBook.registerNameXaddr (/unique_chucks/30/0x9aa6c2fbf1c610670ba575c76ecf37e3aa0ffed0.sol#200-202) is not in mixedCase
Parameter '_all' of PlayerBook.registerNameXaddr (/unique_chucks/30/0x9aa6c2fbf1c610670ba575c76ecf37e3aa0ffed0.sol#202) is not in mixedCase
Parameter '_nameString' of PlayerBook.registerNameXname (/unique_chucks/30/0x9aa6c2fbf1c610670ba575c76ecf37e3aa0ffed0.sol#242) is not in mixedCase
Parameter '_affCode' of PlayerBook.registerNameXname (/unique_chucks/30/0x9aa6c2fbf1c610670ba575c76ecf37e3aa0ffed0.sol#242-243) is not in mixedCase
Parameter '_all' of PlayerBook.registerNameXname (/unique_chucks/30/0x9aa6c2fbf1c610670ba575c76ecf37e3aa0ffed0.sol#243) is not in mixedCase
Parameter '_gameID' of PlayerBook.addMeToGame (/unique_chucks/30/0x9aa6c2fbf1c610670ba575c76ecf37e3aa0ffed0.sol#289-290) is not in mixedCase
Parameter '_nameString' of PlayerBook.useMyOldName (/unique_chucks/30/0x9aa6c2fbf1c610670ba575c76ecf37e3aa0ffed0.sol#343-344) is not in mixedCase
Parameter '_pID' of PlayerBook.registerNameCore (/unique_chucks/30/0x9aa6c2fbf1c610670ba575c76ecf37e3aa0ffed0.sol#358) is not in mixedCase
Parameter '_addr' of PlayerBook.registerNameCore (/unique_chucks/30/0x9aa6c2fbf1c610670ba575c76ecf37e3aa0ffed0.sol#358) is not in mixedCase
Parameter '_affID' of PlayerBook.registerNameCore (/unique_chucks/30/0x9aa6c2fbf1c610670ba575c76ecf37e3aa0ffed0.sol#358-359) is not in mixedCase
Parameter '_name' of PlayerBook.registerNameCore (/unique_chucks/30/0x9aa6c2fbf1c610670ba575c76ecf37e3aa0ffed0.sol#359) is not in mixedCase
Parameter '_isNewPlayer' of PlayerBook.registerNameCore (/unique_chucks/30/0x9aa6c2fbf1c610670ba575c76ecf37e3aa0ffed0.sol#359-360) is not in mixedCase
Parameter '_all' of PlayerBook.registerNameCore (/unique_chucks/30/0x9aa6c2fbf1c610670ba575c76ecf37e3aa0ffed0.sol#360) is not in mixedCase
Parameter '_addr' of PlayerBook.determinePID (/unique_chucks/30/0x9aa6c2fbf1c610670ba575c76ecf37e3aa0ffed0.sol#399) is not in mixedCase
Parameter '_addr' of PlayerBook.getPlayerID (/unique_chucks/30/0x9aa6c2fbf1c610670ba575c76ecf37e3aa0ffed0.sol#423-425) is not in mixedCase
Parameter '_pID' of PlayerBook.getPlayerName (/unique_chucks/30/0x9aa6c2fbf1c610670ba575c76ecf37e3aa0ffed0.sol#434-435) is not in mixedCase
Parameter '_pID' of PlayerBook.getPlayerLAff (/unique_chucks/30/0x9aa6c2fbf1c610670ba575c76ecf37e3aa0ffed0.sol#439) is not in mixedCase
Parameter '_pID' of PlayerBook.getPlayerAddr (/unique_chucks/30/0x9aa6c2fbf1c610670ba575c76ecf37e3aa0ffed0.sol#445-446) is not in mixedCase
Parameter '_addr' of PlayerBook.registerNameXIDFromDapp (/unique_chucks/30/0x9aa6c2fbf1c610670ba575c76ecf37e3aa0ffed0.sol#452) is not in mixedCase
Parameter '_name' of PlayerBook.registerNameXIDFromDapp (/unique_chucks/30/0x9aa6c2fbf1c610670ba575c76ecf37e3aa0ffed0.sol#452-454) is not in mixedCase
Parameter '_affCode' of PlayerBook.registerNameXIDFromDapp (/unique_chucks/30/0x9aa6c2fbf1c610670ba575c76ecf37e3aa0ffed0.sol#454) is not in mixedCase
Parameter '_all' of PlayerBook.registerNameXIDFromDapp (/unique_chucks/30/0x9aa6c2fbf1c610670ba575c76ecf37e3aa0ffed0.sol#454) is not in mixedCase
Parameter '_addr' of PlayerBook.registerNameXaddrFromDapp (/unique_chucks/30/0x9aa6c2fbf1c610670ba575c76ecf37e3aa0ffed0.sol#486) is not in mixedCase
Parameter '_name' of PlayerBook.registerNameXaddrFromDapp (/unique_chucks/30/0x9aa6c2fbf1c610670ba575c76ecf37e3aa0ffed0.sol#486) is not in mixedCase
Parameter '_affCode' of PlayerBook.registerNameXaddrFromDapp (/unique_chucks/30/0x9aa6c2fbf1c610670ba575c76ecf37e3aa0ffed0.sol#487) is not in mixedCase
Parameter '_all' of PlayerBook.registerNameXaddrFromDapp (/unique_chucks/30/0x9aa6c2fbf1c610670ba575c76ecf37e3aa0ffed0.sol#487) is not in mixedCase
Parameter '_addr' of PlayerBook.registerNameXnameFromDapp (/unique_chucks/30/0x9aa6c2fbf1c610670ba575c76ecf37e3aa0ffed0.sol#523) is not in mixedCase
Parameter '_name' of PlayerBook.registerNameXnameFromDapp (/unique_chucks/30/0x9aa6c2fbf1c610670ba575c76ecf37e3aa0ffed0.sol#523) is not in mixedCase
Parameter '_affCode' of PlayerBook.registerNameXnameFromDapp (/unique_chucks/30/0x9aa6c2fbf1c610670ba575c76ecf37e3aa0ffed0.sol#523) is not in mixedCase
Parameter '_all' of PlayerBook.registerNameXnameFromDapp (/unique_chucks/30/0x9aa6c2fbf1c610670ba575c76ecf37e3aa0ffed0.sol#523) is not in mixedCase
Parameter '_gameAddress' of PlayerBook.addGame (/unique_chucks/30/0x9aa6c2fbf1c610670ba575c76ecf37e3aa0ffed0.sol#560) is not in mixedCase
Parameter '_gameNameStr' of PlayerBook.addGame (/unique_chucks/30/0x9aa6c2fbf1c610670ba575c76ecf37e3aa0ffed0.sol#560) is not in mixedCase
Parameter '_fee' of PlayerBook.setRegistrationFee (/unique_chucks/30/0x9aa6c2fbf1c610670ba575c76ecf37e3aa0ffed0.sol#589) is not in mixedCase
Parameter '_input' of NameFilter.nameFilter (/unique_chucks/30/0x9aa6c2fbf1c610670ba575c76ecf37e3aa0ffed0.sol#599) is not in mixedCase
Reference: https://github.com/trailofbits/slither/wiki/Detectors-Documentation#conformance-to-solidity-naming-conventions[0m
INFO:Slither:/unique_chucks/30/0x9aa6c2fbf1c610670ba575c76ecf37e3aa0ffed0.sol analyzed (4 contracts), 59 result(s) found