INFO:Detectors:[92m
NovaToken.INITIAL_SUPPLY should be constant (/unique_contracts/0x2dfbad4a737c37602ee8f215958db98f79acd189.sol)
Reference: https://github.com/trailofbits/slither/wiki/Detectors-Documentation#state-variables-that-could-be-declared-constant[0m
INFO:Detectors:[92m
Ownable.renounceOwnership (/unique_contracts/0x2dfbad4a737c37602ee8f215958db98f79acd189.sol#95-100) should be declared external
Ownable.transferOwnership (/unique_contracts/0x2dfbad4a737c37602ee8f215958db98f79acd189.sol#104-108) should be declared external
ERC20Basic.totalSupply (/unique_contracts/0x2dfbad4a737c37602ee8f215958db98f79acd189.sol#125) should be declared external
BasicToken.totalSupply (/unique_contracts/0x2dfbad4a737c37602ee8f215958db98f79acd189.sol#166-169) should be declared external
BasicToken.balanceOf (/unique_contracts/0x2dfbad4a737c37602ee8f215958db98f79acd189.sol#193-195) should be declared external
ERC20Basic.balanceOf (/unique_contracts/0x2dfbad4a737c37602ee8f215958db98f79acd189.sol#125-126) should be declared external
ERC20Basic.transfer (/unique_contracts/0x2dfbad4a737c37602ee8f215958db98f79acd189.sol#126-131) should be declared external
BasicToken.transfer (/unique_contracts/0x2dfbad4a737c37602ee8f215958db98f79acd189.sol#173-182) should be declared external
ERC20.allowance (/unique_contracts/0x2dfbad4a737c37602ee8f215958db98f79acd189.sol#136-138) should be declared external
StandardToken.allowance (/unique_contracts/0x2dfbad4a737c37602ee8f215958db98f79acd189.sol#261-263) should be declared external
ERC20.transferFrom (/unique_contracts/0x2dfbad4a737c37602ee8f215958db98f79acd189.sol#138-141) should be declared external
StandardToken.transferFrom (/unique_contracts/0x2dfbad4a737c37602ee8f215958db98f79acd189.sol#218-230) should be declared external
StandardToken.approve (/unique_contracts/0x2dfbad4a737c37602ee8f215958db98f79acd189.sol#243-246) should be declared external
ERC20.approve (/unique_contracts/0x2dfbad4a737c37602ee8f215958db98f79acd189.sol#141-148) should be declared external
StandardToken.increaseApproval (/unique_contracts/0x2dfbad4a737c37602ee8f215958db98f79acd189.sol#277-286) should be declared external
StandardToken.decreaseApproval (/unique_contracts/0x2dfbad4a737c37602ee8f215958db98f79acd189.sol#301-315) should be declared external
BurnableToken.burn (/unique_contracts/0x2dfbad4a737c37602ee8f215958db98f79acd189.sol#389-391) should be declared external
Reference: https://github.com/trailofbits/slither/wiki/Detectors-Documentation#public-function-that-could-be-declared-as-external[0m
INFO:Detectors:[92m
Parameter '_newOwner' of Ownable.transferOwnership (/unique_contracts/0x2dfbad4a737c37602ee8f215958db98f79acd189.sol#107) is not in mixedCase
Function 'Ownable._transferOwnership' (/unique_contracts/0x2dfbad4a737c37602ee8f215958db98f79acd189.sol#112-120) is not in mixedCase
Parameter '_newOwner' of Ownable._transferOwnership (/unique_contracts/0x2dfbad4a737c37602ee8f215958db98f79acd189.sol#112-113) is not in mixedCase
Parameter '_owner' of BasicToken.balanceOf (/unique_contracts/0x2dfbad4a737c37602ee8f215958db98f79acd189.sol#194) is not in mixedCase
Parameter '_to' of BasicToken.transfer (/unique_contracts/0x2dfbad4a737c37602ee8f215958db98f79acd189.sol#173) is not in mixedCase
Parameter '_value' of BasicToken.transfer (/unique_contracts/0x2dfbad4a737c37602ee8f215958db98f79acd189.sol#173-174) is not in mixedCase
Parameter '_owner' of StandardToken.allowance (/unique_contracts/0x2dfbad4a737c37602ee8f215958db98f79acd189.sol#261) is not in mixedCase
Parameter '_spender' of StandardToken.allowance (/unique_contracts/0x2dfbad4a737c37602ee8f215958db98f79acd189.sol#261-262) is not in mixedCase
Parameter '_from' of StandardToken.transferFrom (/unique_contracts/0x2dfbad4a737c37602ee8f215958db98f79acd189.sol#218-220) is not in mixedCase
Parameter '_to' of StandardToken.transferFrom (/unique_contracts/0x2dfbad4a737c37602ee8f215958db98f79acd189.sol#220) is not in mixedCase
Parameter '_value' of StandardToken.transferFrom (/unique_contracts/0x2dfbad4a737c37602ee8f215958db98f79acd189.sol#220) is not in mixedCase
Parameter '_spender' of StandardToken.approve (/unique_contracts/0x2dfbad4a737c37602ee8f215958db98f79acd189.sol#243) is not in mixedCase
Parameter '_value' of StandardToken.approve (/unique_contracts/0x2dfbad4a737c37602ee8f215958db98f79acd189.sol#243-244) is not in mixedCase
Parameter '_spender' of StandardToken.increaseApproval (/unique_contracts/0x2dfbad4a737c37602ee8f215958db98f79acd189.sol#281-282) is not in mixedCase
Parameter '_addedValue' of StandardToken.increaseApproval (/unique_contracts/0x2dfbad4a737c37602ee8f215958db98f79acd189.sol#282) is not in mixedCase
Parameter '_spender' of StandardToken.decreaseApproval (/unique_contracts/0x2dfbad4a737c37602ee8f215958db98f79acd189.sol#301-302) is not in mixedCase
Parameter '_subtractedValue' of StandardToken.decreaseApproval (/unique_contracts/0x2dfbad4a737c37602ee8f215958db98f79acd189.sol#303) is not in mixedCase
Parameter '_to' of MintableToken.mint (/unique_contracts/0x2dfbad4a737c37602ee8f215958db98f79acd189.sol#354-355) is not in mixedCase
Parameter '_amount' of MintableToken.mint (/unique_contracts/0x2dfbad4a737c37602ee8f215958db98f79acd189.sol#355) is not in mixedCase
Parameter '_value' of BurnableToken.burn (/unique_contracts/0x2dfbad4a737c37602ee8f215958db98f79acd189.sol#389) is not in mixedCase
Function 'BurnableToken._burn' (/unique_contracts/0x2dfbad4a737c37602ee8f215958db98f79acd189.sol#391-408) is not in mixedCase
Parameter '_who' of BurnableToken._burn (/unique_contracts/0x2dfbad4a737c37602ee8f215958db98f79acd189.sol#392) is not in mixedCase
Parameter '_value' of BurnableToken._burn (/unique_contracts/0x2dfbad4a737c37602ee8f215958db98f79acd189.sol#392) is not in mixedCase
Variable 'NovaToken.INITIAL_SUPPLY' (/unique_contracts/0x2dfbad4a737c37602ee8f215958db98f79acd189.sol) is not in mixedCase
Reference: https://github.com/trailofbits/slither/wiki/Detectors-Documentation#conformance-to-solidity-naming-conventions[0m
INFO:Slither:/unique_contracts/0x2dfbad4a737c37602ee8f215958db98f79acd189.sol analyzed (9 contracts), 42 result(s) found