/unique_chucks/34/0x16cfdd5effccd86a1f06bffd6bdd45e3609bbef4.sol
jar:file:/usr/local/lib/node_modules/@smartdec/smartcheck/jdeploy-bundle/smartcheck-2.0-jar-with-dependencies.jar!/solidity-rules.xmlruleId: SOLIDITY_PRAGMAS_VERSION
patternId: 23fc32
severity: 1
line: 1
column: 16
content: ^

ruleId: SOLIDITY_VISIBILITY
patternId: 910067
severity: 1
line: 6
column: 4
content: functionjvCoin(){balances[msg.sender]=10000;}

ruleId: SOLIDITY_VISIBILITY
patternId: 910067
severity: 1
line: 10
column: 4
content: functionsendCoin(addressreceiver,uintamount)returns(boolsufficient){if(balances[msg.sender]<amount)returnfalse;balances[msg.sender]-=amount;balances[receiver]+=amount;returntrue;}

ruleId: SOLIDITY_VISIBILITY
patternId: b51ce0
severity: 1
line: 4
column: 4
content: mapping(address=>uint)balances;

SOLIDITY_VISIBILITY :3
SOLIDITY_PRAGMAS_VERSION :1