INFO:Slither:Compilation warnings/errors on /unique_chucks/30/0x911675d9cd965d874ba9c7c014b5da116cba26c9.sol:
/unique_chucks/30/0x911675d9cd965d874ba9c7c014b5da116cba26c9.sol:93:5: Warning: Defining constructors as functions with the same name as the contract is deprecated. Use "constructor(...) { ... }" instead.
    function Model() public {
    ^ (Relevant source part starts here and spans across multiple lines).
/unique_chucks/30/0x911675d9cd965d874ba9c7c014b5da116cba26c9.sol:1:1: Warning: Source file does not specify required compiler version!Consider adding "pragma solidity ^0.4.25;"
library SafeMath {
^ (Relevant source part starts here and spans across multiple lines).

INFO:Detectors:[93m
Model.totalSupply (/unique_chucks/30/0x911675d9cd965d874ba9c7c014b5da116cba26c9.sol#64-65) shadows:
	- ERC20Basic.totalSupply (/unique_chucks/30/0x911675d9cd965d874ba9c7c014b5da116cba26c9.sol#32)
Reference: https://github.com/trailofbits/slither/wiki/Detectors-Documentation#state-variable-shadowing-from-abstract-contracts[0m
INFO:Detectors:[92m
ERC20Basic.totalSupply should be constant (/unique_chucks/30/0x911675d9cd965d874ba9c7c014b5da116cba26c9.sol#32)
Reference: https://github.com/trailofbits/slither/wiki/Detectors-Documentation#state-variables-that-could-be-declared-constant[0m
INFO:Detectors:[92m
ForeignToken.balanceOf (/unique_chucks/30/0x911675d9cd965d874ba9c7c014b5da116cba26c9.sol#26-27) should be declared external
ForeignToken.transfer (/unique_chucks/30/0x911675d9cd965d874ba9c7c014b5da116cba26c9.sol#27-31) should be declared external
Model.balanceOf (/unique_chucks/30/0x911675d9cd965d874ba9c7c014b5da116cba26c9.sol#154-159) should be declared external
ERC20Basic.balanceOf (/unique_chucks/30/0x911675d9cd965d874ba9c7c014b5da116cba26c9.sol#32-33) should be declared external
ERC20Basic.transfer (/unique_chucks/30/0x911675d9cd965d874ba9c7c014b5da116cba26c9.sol#33-34) should be declared external
Model.transfer (/unique_chucks/30/0x911675d9cd965d874ba9c7c014b5da116cba26c9.sol#161-170) should be declared external
ERC20.allowance (/unique_chucks/30/0x911675d9cd965d874ba9c7c014b5da116cba26c9.sol#38-39) should be declared external
Model.allowance (/unique_chucks/30/0x911675d9cd965d874ba9c7c014b5da116cba26c9.sol#192-194) should be declared external
ERC20.transferFrom (/unique_chucks/30/0x911675d9cd965d874ba9c7c014b5da116cba26c9.sol#39-40) should be declared external
Model.transferFrom (/unique_chucks/30/0x911675d9cd965d874ba9c7c014b5da116cba26c9.sol#171-183) should be declared external
ERC20.approve (/unique_chucks/30/0x911675d9cd965d874ba9c7c014b5da116cba26c9.sol#40-41) should be declared external
Model.approve (/unique_chucks/30/0x911675d9cd965d874ba9c7c014b5da116cba26c9.sol#183-192) should be declared external
Model.transferOwnership (/unique_chucks/30/0x911675d9cd965d874ba9c7c014b5da116cba26c9.sol#99-105) should be declared external
Model.finishDistribution (/unique_chucks/30/0x911675d9cd965d874ba9c7c014b5da116cba26c9.sol#105-111) should be declared external
Model.getTokenBalance (/unique_chucks/30/0x911675d9cd965d874ba9c7c014b5da116cba26c9.sol#195-203) should be declared external
Model.withdraw (/unique_chucks/30/0x911675d9cd965d874ba9c7c014b5da116cba26c9.sol#204-207) should be declared external
Model.burn (/unique_chucks/30/0x911675d9cd965d874ba9c7c014b5da116cba26c9.sol#208-215) should be declared external
Model.withdrawForeignTokens (/unique_chucks/30/0x911675d9cd965d874ba9c7c014b5da116cba26c9.sol#216-218) should be declared external
Reference: https://github.com/trailofbits/slither/wiki/Detectors-Documentation#public-function-that-could-be-declared-as-external[0m
INFO:Detectors:[92m
Parameter '_owner' of Model.balanceOf (/unique_chucks/30/0x911675d9cd965d874ba9c7c014b5da116cba26c9.sol#155) is not in mixedCase
Parameter '_to' of Model.transfer (/unique_chucks/30/0x911675d9cd965d874ba9c7c014b5da116cba26c9.sol#161) is not in mixedCase
Parameter '_amount' of Model.transfer (/unique_chucks/30/0x911675d9cd965d874ba9c7c014b5da116cba26c9.sol#161-163) is not in mixedCase
Parameter '_owner' of Model.allowance (/unique_chucks/30/0x911675d9cd965d874ba9c7c014b5da116cba26c9.sol#192) is not in mixedCase
Parameter '_spender' of Model.allowance (/unique_chucks/30/0x911675d9cd965d874ba9c7c014b5da116cba26c9.sol#192-193) is not in mixedCase
Parameter '_from' of Model.transferFrom (/unique_chucks/30/0x911675d9cd965d874ba9c7c014b5da116cba26c9.sol#171) is not in mixedCase
Parameter '_to' of Model.transferFrom (/unique_chucks/30/0x911675d9cd965d874ba9c7c014b5da116cba26c9.sol#172) is not in mixedCase
Parameter '_amount' of Model.transferFrom (/unique_chucks/30/0x911675d9cd965d874ba9c7c014b5da116cba26c9.sol#172) is not in mixedCase
Parameter '_spender' of Model.approve (/unique_chucks/30/0x911675d9cd965d874ba9c7c014b5da116cba26c9.sol#183-184) is not in mixedCase
Parameter '_value' of Model.approve (/unique_chucks/30/0x911675d9cd965d874ba9c7c014b5da116cba26c9.sol#184) is not in mixedCase
Function 'Model.Model' (/unique_chucks/30/0x911675d9cd965d874ba9c7c014b5da116cba26c9.sol#95-99) is not in mixedCase
Parameter '_to' of Model.distr (/unique_chucks/30/0x911675d9cd965d874ba9c7c014b5da116cba26c9.sol#111) is not in mixedCase
Parameter '_amount' of Model.distr (/unique_chucks/30/0x911675d9cd965d874ba9c7c014b5da116cba26c9.sol#112) is not in mixedCase
Parameter '_value' of Model.burn (/unique_chucks/30/0x911675d9cd965d874ba9c7c014b5da116cba26c9.sol#208) is not in mixedCase
Parameter '_tokenContract' of Model.withdrawForeignTokens (/unique_chucks/30/0x911675d9cd965d874ba9c7c014b5da116cba26c9.sol#216-218) is not in mixedCase
Reference: https://github.com/trailofbits/slither/wiki/Detectors-Documentation#conformance-to-solidity-naming-conventions[0m
INFO:Slither:/unique_chucks/30/0x911675d9cd965d874ba9c7c014b5da116cba26c9.sol analyzed (6 contracts), 35 result(s) found