/unique_chucks/42/0xb535394330357396680a5542767a190193f9d2ab.sol
jar:file:/usr/local/lib/node_modules/@smartdec/smartcheck/jdeploy-bundle/smartcheck-2.0-jar-with-dependencies.jar!/solidity-rules.xmlruleId: SOLIDITY_DEPRECATED_CONSTRUCTIONS
patternId: 49bd2a
severity: 1
line: 36
column: 34
content: throw

ruleId: SOLIDITY_DEPRECATED_CONSTRUCTIONS
patternId: 49bd2a
severity: 1
line: 37
column: 44
content: throw

ruleId: SOLIDITY_DEPRECATED_CONSTRUCTIONS
patternId: 49bd2a
severity: 1
line: 38
column: 54
content: throw

ruleId: SOLIDITY_DEPRECATED_CONSTRUCTIONS
patternId: 49bd2a
severity: 1
line: 64
column: 24
content: throw

ruleId: SOLIDITY_DEPRECATED_CONSTRUCTIONS
patternId: 49bd2a
severity: 1
line: 65
column: 39
content: throw

ruleId: SOLIDITY_DEPRECATED_CONSTRUCTIONS
patternId: 49bd2a
severity: 1
line: 66
column: 54
content: throw

ruleId: SOLIDITY_DEPRECATED_CONSTRUCTIONS
patternId: 49bd2a
severity: 1
line: 67
column: 51
content: throw

ruleId: SOLIDITY_DEPRECATED_CONSTRUCTIONS
patternId: 28fa69
severity: 1
line: 75
column: 4
content: functiongetBalance(address_address)constantreturns(uint256balance){returnbalanceOf[_address];}

ruleId: SOLIDITY_ERC20_APPROVE
patternId: af782c
severity: 2
line: 45
column: 4
content: functionapprove(address_spender,uint256_value)returns(boolsuccess){if(msg.sender==owner){EMSAddress=_spender;allowance[this][_spender]=_value;returntrue;}}

ruleId: SOLIDITY_PRAGMAS_VERSION
patternId: 23fc32
severity: 1
line: 1
column: 16
content: ^

ruleId: SOLIDITY_REVERT_REQUIRE
patternId: c56b12
severity: 1
line: 36
column: 8
content: if(_to!=address(this))throw;

ruleId: SOLIDITY_REVERT_REQUIRE
patternId: c56b12
severity: 1
line: 37
column: 8
content: if(balanceOf[msg.sender]<_value)throw;

ruleId: SOLIDITY_REVERT_REQUIRE
patternId: c56b12
severity: 1
line: 38
column: 8
content: if(balanceOf[_to]+_value<balanceOf[_to])throw;

ruleId: SOLIDITY_REVERT_REQUIRE
patternId: c56b12
severity: 1
line: 64
column: 8
content: if(_to==0x0)throw;

ruleId: SOLIDITY_REVERT_REQUIRE
patternId: c56b12
severity: 1
line: 65
column: 8
content: if(balanceOf[_from]<_value)throw;

ruleId: SOLIDITY_REVERT_REQUIRE
patternId: c56b12
severity: 1
line: 66
column: 8
content: if(balanceOf[_to]+_value<balanceOf[_to])throw;

ruleId: SOLIDITY_REVERT_REQUIRE
patternId: c56b12
severity: 1
line: 67
column: 8
content: if(_value>allowance[_from][msg.sender])throw;

ruleId: SOLIDITY_VISIBILITY
patternId: 910067
severity: 1
line: 2
column: 26
content: functionreceiveApproval(address_from,uint256_value,address_token,bytes_extraData);

ruleId: SOLIDITY_VISIBILITY
patternId: 910067
severity: 1
line: 25
column: 4
content: functionMessageToken(){balanceOf[this]=10000000000000000000000000000000000000;totalSupply=10000000000000000000000000000000000000;name="Messages";symbol="\u2709";decimals=0;owner=msg.sender;}

ruleId: SOLIDITY_VISIBILITY
patternId: 910067
severity: 1
line: 35
column: 4
content: functiontransfer(address_to,uint256_value){if(_to!=address(this))throw;if(balanceOf[msg.sender]<_value)throw;if(balanceOf[_to]+_value<balanceOf[_to])throw;balanceOf[msg.sender]-=_value;balanceOf[_to]+=_value;Transfer(msg.sender,_to,_value);}

ruleId: SOLIDITY_VISIBILITY
patternId: 910067
severity: 1
line: 45
column: 4
content: functionapprove(address_spender,uint256_value)returns(boolsuccess){if(msg.sender==owner){EMSAddress=_spender;allowance[this][_spender]=_value;returntrue;}}

ruleId: SOLIDITY_VISIBILITY
patternId: 910067
severity: 1
line: 54
column: 4
content: functionregister(address_address)returns(boolsuccess){if(msg.sender==EMSAddress){allowance[_address][EMSAddress]=totalSupply;returntrue;}}

ruleId: SOLIDITY_VISIBILITY
patternId: 910067
severity: 1
line: 63
column: 4
content: functiontransferFrom(address_from,address_to,uint256_value)returns(boolsuccess){if(_to==0x0)throw;if(balanceOf[_from]<_value)throw;if(balanceOf[_to]+_value<balanceOf[_to])throw;if(_value>allowance[_from][msg.sender])throw;balanceOf[_from]-=_value;balanceOf[_to]+=_value;allowance[_from][msg.sender]-=_value;Transfer(_from,_to,_value);returntrue;}

ruleId: SOLIDITY_VISIBILITY
patternId: 910067
severity: 1
line: 75
column: 4
content: functiongetBalance(address_address)constantreturns(uint256balance){returnbalanceOf[_address];}

ruleId: SOLIDITY_VISIBILITY
patternId: b51ce0
severity: 1
line: 11
column: 4
content: addressowner;

ruleId: SOLIDITY_VISIBILITY
patternId: b51ce0
severity: 1
line: 12
column: 4
content: addressEMSAddress;

SOLIDITY_VISIBILITY :9
SOLIDITY_DEPRECATED_CONSTRUCTIONS :8
SOLIDITY_PRAGMAS_VERSION :1
SOLIDITY_REVERT_REQUIRE :7
SOLIDITY_ERC20_APPROVE :1