INFO:Slither:Compilation warnings/errors on /unique_chucks/12/0x4bb0a085db8cedf43344bd2fbec83c2c79c4e76b.sol:
/unique_chucks/12/0x4bb0a085db8cedf43344bd2fbec83c2c79c4e76b.sol:553:34: Warning: Initial value for constant variable has to be compile-time constant. This will fail to compile with the next breaking version change.
    uint256 constant TOTAL_CAP = 1000000000 * (10 ** uint256(decimals));
                                 ^------------------------------------^

INFO:Detectors:[93m
Contract locking ether found in /unique_chucks/12/0x4bb0a085db8cedf43344bd2fbec83c2c79c4e76b.sol:
	Contract WplusToken has payable functions:
	 - fallback (/unique_chucks/12/0x4bb0a085db8cedf43344bd2fbec83c2c79c4e76b.sol#244-247)
	But does not have a function to withdraw the ether
Reference: https://github.com/trailofbits/slither/wiki/Detectors-Documentation#contracts-that-lock-ether[0m
INFO:Detectors:[92m
WplusToken.decimals should be constant (/unique_chucks/12/0x4bb0a085db8cedf43344bd2fbec83c2c79c4e76b.sol)
WplusToken.name should be constant (/unique_chucks/12/0x4bb0a085db8cedf43344bd2fbec83c2c79c4e76b.sol)
WplusToken.symbol should be constant (/unique_chucks/12/0x4bb0a085db8cedf43344bd2fbec83c2c79c4e76b.sol)
Reference: https://github.com/trailofbits/slither/wiki/Detectors-Documentation#state-variables-that-could-be-declared-constant[0m
INFO:Detectors:[92m
Ownable.renounceOwnership (/unique_chucks/12/0x4bb0a085db8cedf43344bd2fbec83c2c79c4e76b.sol#90-94) should be declared external
Ownable.transferOwnership (/unique_chucks/12/0x4bb0a085db8cedf43344bd2fbec83c2c79c4e76b.sol#98-103) should be declared external
Pausable.pause (/unique_chucks/12/0x4bb0a085db8cedf43344bd2fbec83c2c79c4e76b.sol#149-152) should be declared external
Pausable.unpause (/unique_chucks/12/0x4bb0a085db8cedf43344bd2fbec83c2c79c4e76b.sol#160-163) should be declared external
BasicToken.totalSupply (/unique_chucks/12/0x4bb0a085db8cedf43344bd2fbec83c2c79c4e76b.sol#192-194) should be declared external
ERC20Basic.totalSupply (/unique_chucks/12/0x4bb0a085db8cedf43344bd2fbec83c2c79c4e76b.sol#166-167) should be declared external
ERC20Basic.balanceOf (/unique_chucks/12/0x4bb0a085db8cedf43344bd2fbec83c2c79c4e76b.sol#167-172) should be declared external
BasicToken.balanceOf (/unique_chucks/12/0x4bb0a085db8cedf43344bd2fbec83c2c79c4e76b.sol#219-221) should be declared external
ERC20.allowance (/unique_chucks/12/0x4bb0a085db8cedf43344bd2fbec83c2c79c4e76b.sol#226-229) should be declared external
StandardToken.allowance (/unique_chucks/12/0x4bb0a085db8cedf43344bd2fbec83c2c79c4e76b.sol#341-344) should be declared external
ERC20.fallback (/unique_chucks/12/0x4bb0a085db8cedf43344bd2fbec83c2c79c4e76b.sol#244-247) should be declared external
BurnableToken.burn (/unique_chucks/12/0x4bb0a085db8cedf43344bd2fbec83c2c79c4e76b.sol#257) should be declared external
MintableToken.finishMinting (/unique_chucks/12/0x4bb0a085db8cedf43344bd2fbec83c2c79c4e76b.sol#459-461) should be declared external
Reference: https://github.com/trailofbits/slither/wiki/Detectors-Documentation#public-function-that-could-be-declared-as-external[0m
INFO:Detectors:[92m
Detected issues with version pragma in /unique_chucks/12/0x4bb0a085db8cedf43344bd2fbec83c2c79c4e76b.sol:
	- pragma solidity^0.4.23 (/unique_chucks/12/0x4bb0a085db8cedf43344bd2fbec83c2c79c4e76b.sol#1): it allows old versions
Reference: https://github.com/trailofbits/slither/wiki/Detectors-Documentation#incorrect-version-of-solidity[0m
INFO:Detectors:[92m
Parameter '_newOwner' of Ownable.transferOwnership (/unique_chucks/12/0x4bb0a085db8cedf43344bd2fbec83c2c79c4e76b.sol#102) is not in mixedCase
Function 'Ownable._transferOwnership' (/unique_chucks/12/0x4bb0a085db8cedf43344bd2fbec83c2c79c4e76b.sol#107-115) is not in mixedCase
Parameter '_newOwner' of Ownable._transferOwnership (/unique_chucks/12/0x4bb0a085db8cedf43344bd2fbec83c2c79c4e76b.sol#107-108) is not in mixedCase
Parameter '_owner' of BasicToken.balanceOf (/unique_chucks/12/0x4bb0a085db8cedf43344bd2fbec83c2c79c4e76b.sol#220) is not in mixedCase
Parameter '_to' of BasicToken.transfer (/unique_chucks/12/0x4bb0a085db8cedf43344bd2fbec83c2c79c4e76b.sol#199) is not in mixedCase
Parameter '_value' of BasicToken.transfer (/unique_chucks/12/0x4bb0a085db8cedf43344bd2fbec83c2c79c4e76b.sol#199) is not in mixedCase
Parameter '_value' of BurnableToken.burn (/unique_chucks/12/0x4bb0a085db8cedf43344bd2fbec83c2c79c4e76b.sol#257) is not in mixedCase
Function 'BurnableToken._burn' (/unique_chucks/12/0x4bb0a085db8cedf43344bd2fbec83c2c79c4e76b.sol#257-271) is not in mixedCase
Parameter '_who' of BurnableToken._burn (/unique_chucks/12/0x4bb0a085db8cedf43344bd2fbec83c2c79c4e76b.sol#259) is not in mixedCase
Parameter '_value' of BurnableToken._burn (/unique_chucks/12/0x4bb0a085db8cedf43344bd2fbec83c2c79c4e76b.sol#259) is not in mixedCase
Parameter '_owner' of StandardToken.allowance (/unique_chucks/12/0x4bb0a085db8cedf43344bd2fbec83c2c79c4e76b.sol#341) is not in mixedCase
Parameter '_spender' of StandardToken.allowance (/unique_chucks/12/0x4bb0a085db8cedf43344bd2fbec83c2c79c4e76b.sol#341) is not in mixedCase
Parameter '_from' of StandardToken.transferFrom (/unique_chucks/12/0x4bb0a085db8cedf43344bd2fbec83c2c79c4e76b.sol#298) is not in mixedCase
Parameter '_to' of StandardToken.transferFrom (/unique_chucks/12/0x4bb0a085db8cedf43344bd2fbec83c2c79c4e76b.sol#298-299) is not in mixedCase
Parameter '_value' of StandardToken.transferFrom (/unique_chucks/12/0x4bb0a085db8cedf43344bd2fbec83c2c79c4e76b.sol#299) is not in mixedCase
Parameter '_spender' of StandardToken.approve (/unique_chucks/12/0x4bb0a085db8cedf43344bd2fbec83c2c79c4e76b.sol#322-323) is not in mixedCase
Parameter '_value' of StandardToken.approve (/unique_chucks/12/0x4bb0a085db8cedf43344bd2fbec83c2c79c4e76b.sol#323) is not in mixedCase
Parameter '_spender' of StandardToken.increaseApproval (/unique_chucks/12/0x4bb0a085db8cedf43344bd2fbec83c2c79c4e76b.sol#362-363) is not in mixedCase
Parameter '_addedValue' of StandardToken.increaseApproval (/unique_chucks/12/0x4bb0a085db8cedf43344bd2fbec83c2c79c4e76b.sol#363) is not in mixedCase
Parameter '_spender' of StandardToken.decreaseApproval (/unique_chucks/12/0x4bb0a085db8cedf43344bd2fbec83c2c79c4e76b.sol#383-384) is not in mixedCase
Parameter '_subtractedValue' of StandardToken.decreaseApproval (/unique_chucks/12/0x4bb0a085db8cedf43344bd2fbec83c2c79c4e76b.sol#385-390) is not in mixedCase
Parameter '_to' of MintableToken.mint (/unique_chucks/12/0x4bb0a085db8cedf43344bd2fbec83c2c79c4e76b.sol#437) is not in mixedCase
Parameter '_amount' of MintableToken.mint (/unique_chucks/12/0x4bb0a085db8cedf43344bd2fbec83c2c79c4e76b.sol#437) is not in mixedCase
Parameter '_to' of CappedToken.mint (/unique_chucks/12/0x4bb0a085db8cedf43344bd2fbec83c2c79c4e76b.sol#494-495) is not in mixedCase
Parameter '_amount' of CappedToken.mint (/unique_chucks/12/0x4bb0a085db8cedf43344bd2fbec83c2c79c4e76b.sol#495-496) is not in mixedCase
Parameter '_cap' of CappedToken. (/unique_chucks/12/0x4bb0a085db8cedf43344bd2fbec83c2c79c4e76b.sol#473) is not in mixedCase
Parameter '_to' of PausableToken.transfer (/unique_chucks/12/0x4bb0a085db8cedf43344bd2fbec83c2c79c4e76b.sol#515-518) is not in mixedCase
Parameter '_value' of PausableToken.transfer (/unique_chucks/12/0x4bb0a085db8cedf43344bd2fbec83c2c79c4e76b.sol#518) is not in mixedCase
Parameter '_from' of PausableToken.transferFrom (/unique_chucks/12/0x4bb0a085db8cedf43344bd2fbec83c2c79c4e76b.sol#526) is not in mixedCase
Parameter '_to' of PausableToken.transferFrom (/unique_chucks/12/0x4bb0a085db8cedf43344bd2fbec83c2c79c4e76b.sol#526-527) is not in mixedCase
Parameter '_value' of PausableToken.transferFrom (/unique_chucks/12/0x4bb0a085db8cedf43344bd2fbec83c2c79c4e76b.sol#529) is not in mixedCase
Parameter '_spender' of PausableToken.approve (/unique_chucks/12/0x4bb0a085db8cedf43344bd2fbec83c2c79c4e76b.sol#537) is not in mixedCase
Parameter '_value' of PausableToken.approve (/unique_chucks/12/0x4bb0a085db8cedf43344bd2fbec83c2c79c4e76b.sol#537) is not in mixedCase
Parameter '_spender' of PausableToken.increaseApproval (/unique_chucks/12/0x4bb0a085db8cedf43344bd2fbec83c2c79c4e76b.sol#545) is not in mixedCase
Parameter '_addedValue' of PausableToken.increaseApproval (/unique_chucks/12/0x4bb0a085db8cedf43344bd2fbec83c2c79c4e76b.sol#545) is not in mixedCase
Parameter '_spender' of PausableToken.decreaseApproval (/unique_chucks/12/0x4bb0a085db8cedf43344bd2fbec83c2c79c4e76b.sol#550) is not in mixedCase
Parameter '_subtractedValue' of PausableToken.decreaseApproval (/unique_chucks/12/0x4bb0a085db8cedf43344bd2fbec83c2c79c4e76b.sol#550-551) is not in mixedCase
Reference: https://github.com/trailofbits/slither/wiki/Detectors-Documentation#conformance-to-solidity-naming-conventions[0m
INFO:Detectors:[92m
WplusToken.TOTAL_CAP (/unique_chucks/12/0x4bb0a085db8cedf43344bd2fbec83c2c79c4e76b.sol) is never used in WplusToken
Reference: https://github.com/trailofbits/slither/wiki/Detectors-Documentation#unused-state-variables[0m
INFO:Slither:/unique_chucks/12/0x4bb0a085db8cedf43344bd2fbec83c2c79c4e76b.sol analyzed (12 contracts), 54 result(s) found