2019-07-24 18:41:45,009: [12] m.main:INFO: Registered plugins: DetectDelegatecall, DetectReentrancyAdvanced, DetectInvalid, DetectExternalCallAndLeak, DetectSuicidal, DetectUninitializedStorage, DetectEnvInstruction, DetectUninitializedMemory, DetectReentrancySimple, DetectUnusedRetVal, DetectIntegerOverflow
2019-07-24 18:41:45,009: [12] m.main:INFO: Beginning analysis
2019-07-24 18:41:45,024: [12] m.e.manticore:INFO: Starting symbolic create contract
2019-07-24 18:41:45,053: [12] m.e.manticore:ERROR: Errors : Invalid solc compilation unique_chucks/3/0xbdda280ee7bccc68f3be60a369b6b1eaee02493c.sol:1:1: Error: Source file requires different compiler version (current compiler is 0.4.25+commit.59dbf8f1.Linux.g++ - note that nightly builds are considered to be strictly less than the released version
pragma solidity 0.4.24;
^---------------------^

. Solidity failed to generate bytecode for your contract. Check if all the abstract functions are implemented. 
2019-07-24 18:41:45,224: [54] m.c.manticore:INFO: Generated testcase No. 0 - NO STATE RESULT (?)(0 txs)
2019-07-24 18:41:45,696: [12] m.c.manticore:INFO: Results in /mcore_idkf_vh4
2019-07-24 18:41:46,496: [313] m.main:INFO: Registered plugins: DetectUninitializedMemory, DetectInvalid, DetectUnusedRetVal, DetectEnvInstruction, DetectReentrancySimple, DetectSuicidal, DetectUninitializedStorage, DetectIntegerOverflow, DetectExternalCallAndLeak, DetectReentrancyAdvanced, DetectDelegatecall
2019-07-24 18:41:46,497: [313] m.main:INFO: Beginning analysis
2019-07-24 18:41:46,516: [313] m.e.manticore:INFO: Starting symbolic create contract
2019-07-24 18:41:46,539: [313] m.e.manticore:ERROR: Errors : Invalid solc compilation unique_chucks/3/0xbdda280ee7bccc68f3be60a369b6b1eaee02493c.sol:1:1: Error: Source file requires different compiler version (current compiler is 0.4.25+commit.59dbf8f1.Linux.g++ - note that nightly builds are considered to be strictly less than the released version
pragma solidity 0.4.24;
^---------------------^

. Solidity failed to generate bytecode for your contract. Check if all the abstract functions are implemented. 
2019-07-24 18:41:46,740: [355] m.c.manticore:INFO: Generated testcase No. 0 - NO STATE RESULT (?)(0 txs)
2019-07-24 18:41:47,147: [313] m.c.manticore:INFO: Results in /mcore_dxcuppdi
2019-07-24 18:41:47,913: [614] m.main:INFO: Registered plugins: DetectReentrancyAdvanced, DetectUninitializedMemory, DetectDelegatecall, DetectIntegerOverflow, DetectUnusedRetVal, DetectSuicidal, DetectReentrancySimple, DetectInvalid, DetectExternalCallAndLeak, DetectUninitializedStorage, DetectEnvInstruction
2019-07-24 18:41:47,914: [614] m.main:INFO: Beginning analysis
2019-07-24 18:41:47,928: [614] m.e.manticore:INFO: Starting symbolic create contract
2019-07-24 18:41:47,962: [614] m.e.manticore:ERROR: Errors : Invalid solc compilation unique_chucks/3/0xbdda280ee7bccc68f3be60a369b6b1eaee02493c.sol:1:1: Error: Source file requires different compiler version (current compiler is 0.4.25+commit.59dbf8f1.Linux.g++ - note that nightly builds are considered to be strictly less than the released version
pragma solidity 0.4.24;
^---------------------^

. Solidity failed to generate bytecode for your contract. Check if all the abstract functions are implemented. 
2019-07-24 18:41:48,112: [656] m.c.manticore:INFO: Generated testcase No. 0 - NO STATE RESULT (?)(0 txs)
2019-07-24 18:41:48,555: [614] m.c.manticore:INFO: Results in /mcore_etu2evvx
2019-07-24 18:41:49,432: [915] m.main:INFO: Registered plugins: DetectEnvInstruction, DetectDelegatecall, DetectUninitializedStorage, DetectUnusedRetVal, DetectInvalid, DetectExternalCallAndLeak, DetectUninitializedMemory, DetectIntegerOverflow, DetectSuicidal, DetectReentrancySimple, DetectReentrancyAdvanced
2019-07-24 18:41:49,433: [915] m.main:INFO: Beginning analysis
2019-07-24 18:41:49,478: [915] m.e.manticore:INFO: Starting symbolic create contract
2019-07-24 18:41:49,531: [915] m.e.manticore:ERROR: Errors : Invalid solc compilation unique_chucks/3/0xbdda280ee7bccc68f3be60a369b6b1eaee02493c.sol:1:1: Error: Source file requires different compiler version (current compiler is 0.4.25+commit.59dbf8f1.Linux.g++ - note that nightly builds are considered to be strictly less than the released version
pragma solidity 0.4.24;
^---------------------^

. Solidity failed to generate bytecode for your contract. Check if all the abstract functions are implemented. 
2019-07-24 18:41:49,662: [957] m.c.manticore:INFO: Generated testcase No. 0 - NO STATE RESULT (?)(0 txs)
2019-07-24 18:41:50,120: [915] m.c.manticore:INFO: Results in /mcore_ya8ddt8c
2019-07-24 18:41:50,949: [1216] m.main:INFO: Registered plugins: DetectUnusedRetVal, DetectReentrancySimple, DetectInvalid, DetectSuicidal, DetectReentrancyAdvanced, DetectUninitializedStorage, DetectIntegerOverflow, DetectDelegatecall, DetectEnvInstruction, DetectUninitializedMemory, DetectExternalCallAndLeak
2019-07-24 18:41:50,949: [1216] m.main:INFO: Beginning analysis
2019-07-24 18:41:51,003: [1216] m.e.manticore:INFO: Starting symbolic create contract
2019-07-24 18:41:51,027: [1216] m.e.manticore:ERROR: Errors : Invalid solc compilation unique_chucks/3/0xbdda280ee7bccc68f3be60a369b6b1eaee02493c.sol:1:1: Error: Source file requires different compiler version (current compiler is 0.4.25+commit.59dbf8f1.Linux.g++ - note that nightly builds are considered to be strictly less than the released version
pragma solidity 0.4.24;
^---------------------^

. Solidity failed to generate bytecode for your contract. Check if all the abstract functions are implemented. 
2019-07-24 18:41:51,137: [1258] m.c.manticore:INFO: Generated testcase No. 0 - NO STATE RESULT (?)(0 txs)
2019-07-24 18:41:51,654: [1216] m.c.manticore:INFO: Results in /mcore_5pnkncmt
2019-07-24 18:41:52,472: [1517] m.main:INFO: Registered plugins: DetectReentrancySimple, DetectInvalid, DetectUnusedRetVal, DetectReentrancyAdvanced, DetectExternalCallAndLeak, DetectUninitializedStorage, DetectIntegerOverflow, DetectSuicidal, DetectEnvInstruction, DetectUninitializedMemory, DetectDelegatecall
2019-07-24 18:41:52,473: [1517] m.main:INFO: Beginning analysis
2019-07-24 18:41:52,502: [1517] m.e.manticore:INFO: Starting symbolic create contract
2019-07-24 18:41:52,532: [1517] m.e.manticore:ERROR: Errors : Invalid solc compilation unique_chucks/3/0xbdda280ee7bccc68f3be60a369b6b1eaee02493c.sol:1:1: Error: Source file requires different compiler version (current compiler is 0.4.25+commit.59dbf8f1.Linux.g++ - note that nightly builds are considered to be strictly less than the released version
pragma solidity 0.4.24;
^---------------------^

. Solidity failed to generate bytecode for your contract. Check if all the abstract functions are implemented. 
2019-07-24 18:41:52,714: [1559] m.c.manticore:INFO: Generated testcase No. 0 - NO STATE RESULT (?)(0 txs)
2019-07-24 18:41:53,147: [1517] m.c.manticore:INFO: Results in /mcore_6r93_srb
2019-07-24 18:41:53,916: [1818] m.main:INFO: Registered plugins: DetectExternalCallAndLeak, DetectReentrancyAdvanced, DetectSuicidal, DetectReentrancySimple, DetectInvalid, DetectUninitializedMemory, DetectEnvInstruction, DetectDelegatecall, DetectUninitializedStorage, DetectIntegerOverflow, DetectUnusedRetVal
2019-07-24 18:41:53,916: [1818] m.main:INFO: Beginning analysis
2019-07-24 18:41:53,934: [1818] m.e.manticore:INFO: Starting symbolic create contract
2019-07-24 18:41:53,964: [1818] m.e.manticore:ERROR: Errors : Invalid solc compilation unique_chucks/3/0xbdda280ee7bccc68f3be60a369b6b1eaee02493c.sol:1:1: Error: Source file requires different compiler version (current compiler is 0.4.25+commit.59dbf8f1.Linux.g++ - note that nightly builds are considered to be strictly less than the released version
pragma solidity 0.4.24;
^---------------------^

. Solidity failed to generate bytecode for your contract. Check if all the abstract functions are implemented. 
2019-07-24 18:41:54,118: [1860] m.c.manticore:INFO: Generated testcase No. 0 - NO STATE RESULT (?)(0 txs)
2019-07-24 18:41:54,600: [1818] m.c.manticore:INFO: Results in /mcore_voczn3we
2019-07-24 18:41:55,313: [2119] m.main:INFO: Registered plugins: DetectIntegerOverflow, DetectDelegatecall, DetectUnusedRetVal, DetectReentrancySimple, DetectInvalid, DetectExternalCallAndLeak, DetectSuicidal, DetectUninitializedStorage, DetectEnvInstruction, DetectReentrancyAdvanced, DetectUninitializedMemory
2019-07-24 18:41:55,313: [2119] m.main:INFO: Beginning analysis
2019-07-24 18:41:55,326: [2119] m.e.manticore:INFO: Starting symbolic create contract
2019-07-24 18:41:55,344: [2119] m.e.manticore:ERROR: Errors : Invalid solc compilation unique_chucks/3/0xbdda280ee7bccc68f3be60a369b6b1eaee02493c.sol:1:1: Error: Source file requires different compiler version (current compiler is 0.4.25+commit.59dbf8f1.Linux.g++ - note that nightly builds are considered to be strictly less than the released version
pragma solidity 0.4.24;
^---------------------^

. Solidity failed to generate bytecode for your contract. Check if all the abstract functions are implemented. 
2019-07-24 18:41:55,528: [2164] m.c.manticore:INFO: Generated testcase No. 0 - NO STATE RESULT (?)(0 txs)
2019-07-24 18:41:55,954: [2119] m.c.manticore:INFO: Results in /mcore_ifn_vtko