INFO:Slither:Compilation warnings/errors on /unique_chucks/35/0xc304349d7cc07407b7844d54218d29d1a449b854.sol:
/unique_chucks/35/0xc304349d7cc07407b7844d54218d29d1a449b854.sol:40:33: Warning: Using contract member "balance" inherited from the address type is deprecated. Convert the contract to "address" type to access the member, for example use "address(contract).balance" instead.
            msg.sender.transfer(this.balance);
                                ^----------^

INFO:Detectors:[92m
GIFT_FOR_MIKLE.PutGift (/unique_chucks/35/0xc304349d7cc07407b7844d54218d29d1a449b854.sol#13-25) should be declared external
GIFT_FOR_MIKLE.SetGiftTime (/unique_chucks/35/0xc304349d7cc07407b7844d54218d29d1a449b854.sol#25-35) should be declared external
GIFT_FOR_MIKLE.GetGift (/unique_chucks/35/0xc304349d7cc07407b7844d54218d29d1a449b854.sol#36-45) should be declared external
GIFT_FOR_MIKLE.CloseGift (/unique_chucks/35/0xc304349d7cc07407b7844d54218d29d1a449b854.sol#47-54) should be declared external
GIFT_FOR_MIKLE.fallback (/unique_chucks/35/0xc304349d7cc07407b7844d54218d29d1a449b854.sol) should be declared external
Reference: https://github.com/trailofbits/slither/wiki/Detectors-Documentation#public-function-that-could-be-declared-as-external[0m
INFO:Detectors:[92m
Detected issues with version pragma in /unique_chucks/35/0xc304349d7cc07407b7844d54218d29d1a449b854.sol:
	- pragma solidity^0.4.20 (/unique_chucks/35/0xc304349d7cc07407b7844d54218d29d1a449b854.sol#1): it allows old versions
Reference: https://github.com/trailofbits/slither/wiki/Detectors-Documentation#incorrect-version-of-solidity[0m
INFO:Detectors:[92m
Contract 'GIFT_FOR_MIKLE' (/unique_chucks/35/0xc304349d7cc07407b7844d54218d29d1a449b854.sol#3-54) is not in CapWords
Function 'GIFT_FOR_MIKLE.PutGift' (/unique_chucks/35/0xc304349d7cc07407b7844d54218d29d1a449b854.sol#13-25) is not in mixedCase
Parameter '_reciver' of GIFT_FOR_MIKLE.PutGift (/unique_chucks/35/0xc304349d7cc07407b7844d54218d29d1a449b854.sol#13-14) is not in mixedCase
Function 'GIFT_FOR_MIKLE.SetGiftTime' (/unique_chucks/35/0xc304349d7cc07407b7844d54218d29d1a449b854.sol#25-35) is not in mixedCase
Parameter '_unixTime' of GIFT_FOR_MIKLE.SetGiftTime (/unique_chucks/35/0xc304349d7cc07407b7844d54218d29d1a449b854.sol#26-28) is not in mixedCase
Function 'GIFT_FOR_MIKLE.GetGift' (/unique_chucks/35/0xc304349d7cc07407b7844d54218d29d1a449b854.sol#36-45) is not in mixedCase
Function 'GIFT_FOR_MIKLE.CloseGift' (/unique_chucks/35/0xc304349d7cc07407b7844d54218d29d1a449b854.sol#47-54) is not in mixedCase
Reference: https://github.com/trailofbits/slither/wiki/Detectors-Documentation#conformance-to-solidity-naming-conventions[0m
INFO:Slither:/unique_chucks/35/0xc304349d7cc07407b7844d54218d29d1a449b854.sol analyzed (1 contracts), 13 result(s) found