/unique_chucks/30/0xbe26e353a7ee0614aebd159dadcd116b8aa1608d.sol
jar:file:/usr/local/lib/node_modules/@smartdec/smartcheck/jdeploy-bundle/smartcheck-2.0-jar-with-dependencies.jar!/solidity-rules.xmlruleId: SOLIDITY_ADDRESS_HARDCODED
patternId: c67a09
severity: 1
line: 366
column: 32
content: 0x0

ruleId: SOLIDITY_ADDRESS_HARDCODED
patternId: c67a09
severity: 1
line: 498
column: 32
content: 0x0

ruleId: SOLIDITY_ERC20_APPROVE
patternId: af782c
severity: 2
line: 235
column: 2
content: functionapprove(address_spender,uint256_value)publicreturns(bool){allowed[msg.sender][_spender]=_value;Approval(msg.sender,_spender,_value);returntrue;}

ruleId: SOLIDITY_ERC20_APPROVE
patternId: af782c
severity: 2
line: 308
column: 2
content: functionapprove(address_spender,uint256_value)publicwhenNotPausedreturns(bool){returnsuper.approve(_spender,_value);}

ruleId: SOLIDITY_EXTRA_GAS_IN_LOOPS
patternId: d3j11j
severity: 1
line: 433
column: 8
content: for(uinti=0;i<receipents.length;i++){addressreceipent=receipents[i];balances[receipent]=balances[receipent].add(lockedBalances[receipent]);lockedBalances[receipent]=0;}

ruleId: SOLIDITY_EXTRA_GAS_IN_LOOPS
patternId: d3j11j
severity: 1
line: 443
column: 8
content: for(uinti=0;i<receipents.length;i++){addressreceipent=receipents[i];uinttoken=tokens[i];if(balances[msg.sender]>=token){balances[msg.sender]=balances[msg.sender].sub(token);balances[receipent]=balances[receipent].add(token);}}

ruleId: SOLIDITY_GAS_LIMIT_IN_LOOPS
patternId: f6f853
severity: 2
line: 433
column: 8
content: for(uinti=0;i<receipents.length;i++){addressreceipent=receipents[i];balances[receipent]=balances[receipent].add(lockedBalances[receipent]);lockedBalances[receipent]=0;}

ruleId: SOLIDITY_GAS_LIMIT_IN_LOOPS
patternId: f6f853
severity: 2
line: 443
column: 8
content: for(uinti=0;i<receipents.length;i++){addressreceipent=receipents[i];uinttoken=tokens[i];if(balances[msg.sender]>=token){balances[msg.sender]=balances[msg.sender].sub(token);balances[receipent]=balances[receipent].add(token);}}

ruleId: SOLIDITY_OVERPOWERED_ROLE
patternId: j83hf7
severity: 2
line: 416
column: 4
content: functionsetClaimedFlag(boolflag)publiconlyOwner{claimedFlag=flag;}

ruleId: SOLIDITY_PRAGMAS_VERSION
patternId: 23fc32
severity: 1
line: 1
column: 16
content: ^

ruleId: SOLIDITY_SAFEMATH
patternId: 837cac
severity: 1
line: 149
column: 2
content: usingSafeMathforuint256;

ruleId: SOLIDITY_SAFEMATH
patternId: 837cac
severity: 1
line: 327
column: 4
content: usingSafeMathforuint;

ruleId: SOLIDITY_SAFEMATH
patternId: 837cac
severity: 1
line: 461
column: 4
content: usingSafeMathforuint;

ruleId: SOLIDITY_VISIBILITY
patternId: b51ce0
severity: 1
line: 151
column: 2
content: mapping(address=>uint256)balances;

SOLIDITY_VISIBILITY :1
SOLIDITY_SAFEMATH :3
SOLIDITY_OVERPOWERED_ROLE :1
SOLIDITY_PRAGMAS_VERSION :1
SOLIDITY_EXTRA_GAS_IN_LOOPS :2
SOLIDITY_ADDRESS_HARDCODED :2
SOLIDITY_GAS_LIMIT_IN_LOOPS :2
SOLIDITY_ERC20_APPROVE :2