INFO:Slither:Compilation warnings/errors on /unique_chucks/31/0x333f37329c6d2346001501f235d33bf68ec1cf5e.sol:
/unique_chucks/31/0x333f37329c6d2346001501f235d33bf68ec1cf5e.sol:74:13: Warning: "throw" is deprecated in favour of "revert()", "require()" and "assert()".
            throw;
            ^---^
/unique_chucks/31/0x333f37329c6d2346001501f235d33bf68ec1cf5e.sol:4:5: Warning: No visibility specified. Defaulting to "public". 
    function hasRole(address, bytes32, address) constant returns(bool);
    ^-----------------------------------------------------------------^
/unique_chucks/31/0x333f37329c6d2346001501f235d33bf68ec1cf5e.sol:5:5: Warning: No visibility specified. Defaulting to "public". 
    function claimFor(address, address) returns(bool);
    ^------------------------------------------------^
/unique_chucks/31/0x333f37329c6d2346001501f235d33bf68ec1cf5e.sol:6:5: Warning: No visibility specified. Defaulting to "public". 
    function isOwner(address, address) constant returns(bool);
    ^--------------------------------------------------------^
/unique_chucks/31/0x333f37329c6d2346001501f235d33bf68ec1cf5e.sol:19:5: Warning: No visibility specified. Defaulting to "public". 
    function setupAmbi2(Ambi2 _ambi2) returns(bool) {
    ^ (Relevant source part starts here and spans across multiple lines).
/unique_chucks/31/0x333f37329c6d2346001501f235d33bf68ec1cf5e.sol:31:5: Warning: No visibility specified. Defaulting to "public". 
    function setupAmbi2(Ambi2 _ambi2) returns(bool) {
    ^ (Relevant source part starts here and spans across multiple lines).
/unique_chucks/31/0x333f37329c6d2346001501f235d33bf68ec1cf5e.sol:45:5: Warning: No visibility specified. Defaulting to "public". 
    function reissueAsset(bytes32 _symbol, uint _value) returns(bool);
    ^----------------------------------------------------------------^
/unique_chucks/31/0x333f37329c6d2346001501f235d33bf68ec1cf5e.sol:46:5: Warning: No visibility specified. Defaulting to "public". 
    function changeOwnership(bytes32 _symbol, address _newOwner) returns(bool);
    ^-------------------------------------------------------------------------^
/unique_chucks/31/0x333f37329c6d2346001501f235d33bf68ec1cf5e.sol:52:5: Warning: No visibility specified. Defaulting to "public". 
    function transferWithReference(address _to, uint _value, string _reference) returns (bool);
    ^-----------------------------------------------------------------------------------------^
/unique_chucks/31/0x333f37329c6d2346001501f235d33bf68ec1cf5e.sol:59:5: Warning: No visibility specified. Defaulting to "public". 
    function setupAssetProxy(AssetProxy _assetProxy) onlyRole("__root__") returns(bool) {
    ^ (Relevant source part starts here and spans across multiple lines).
/unique_chucks/31/0x333f37329c6d2346001501f235d33bf68ec1cf5e.sol:67:5: Warning: No visibility specified. Defaulting to "public". 
    function issueTokens(uint _value, string _regNumber) onlyRole("issuer") returns(bool) {
    ^ (Relevant source part starts here and spans across multiple lines).
/unique_chucks/31/0x333f37329c6d2346001501f235d33bf68ec1cf5e.sol:79:5: Warning: No visibility specified. Defaulting to "public". 
    function changeAssetOwner(address _newOwner) onlyRole("__root__") returns(bool) {
    ^ (Relevant source part starts here and spans across multiple lines).

INFO:Detectors:[92m
AssetProxy.etoken2Symbol should be constant (/unique_chucks/31/0x333f37329c6d2346001501f235d33bf68ec1cf5e.sol#52)
Reference: https://github.com/trailofbits/slither/wiki/Detectors-Documentation#state-variables-that-could-be-declared-constant[0m
INFO:Detectors:[92m
Deprecated standard detected @ /unique_chucks/31/0x333f37329c6d2346001501f235d33bf68ec1cf5e.sol#79:
	- Usage of "throw" should be replaced with "revert()"
Reference: https://github.com/trailofbits/slither/wiki/Detectors-Documentation#deprecated-standards[0m
INFO:Detectors:[92m
Ambi2.hasRole (/unique_chucks/31/0x333f37329c6d2346001501f235d33bf68ec1cf5e.sol#4-5) should be declared external
Ambi2.claimFor (/unique_chucks/31/0x333f37329c6d2346001501f235d33bf68ec1cf5e.sol#5-6) should be declared external
Ambi2.isOwner (/unique_chucks/31/0x333f37329c6d2346001501f235d33bf68ec1cf5e.sol#6-9) should be declared external
Ambi2EnabledFull.setupAmbi2 (/unique_chucks/31/0x333f37329c6d2346001501f235d33bf68ec1cf5e.sol#31-45) should be declared external
Ambi2Enabled.setupAmbi2 (/unique_chucks/31/0x333f37329c6d2346001501f235d33bf68ec1cf5e.sol#19-29) should be declared external
EToken2Interface.reissueAsset (/unique_chucks/31/0x333f37329c6d2346001501f235d33bf68ec1cf5e.sol#45-46) should be declared external
EToken2Interface.changeOwnership (/unique_chucks/31/0x333f37329c6d2346001501f235d33bf68ec1cf5e.sol#46-50) should be declared external
AssetProxy.transferWithReference (/unique_chucks/31/0x333f37329c6d2346001501f235d33bf68ec1cf5e.sol#52-57) should be declared external
BloquidIssuer.setupAssetProxy (/unique_chucks/31/0x333f37329c6d2346001501f235d33bf68ec1cf5e.sol#59-67) should be declared external
BloquidIssuer.issueTokens (/unique_chucks/31/0x333f37329c6d2346001501f235d33bf68ec1cf5e.sol#67-79) should be declared external
BloquidIssuer.changeAssetOwner (/unique_chucks/31/0x333f37329c6d2346001501f235d33bf68ec1cf5e.sol#79-91) should be declared external
Reference: https://github.com/trailofbits/slither/wiki/Detectors-Documentation#public-function-that-could-be-declared-as-external[0m
INFO:Detectors:[92m
Detected issues with version pragma in /unique_chucks/31/0x333f37329c6d2346001501f235d33bf68ec1cf5e.sol:
	- pragma solidity^0.4.11 (/unique_chucks/31/0x333f37329c6d2346001501f235d33bf68ec1cf5e.sol#1): it allows old versions
Reference: https://github.com/trailofbits/slither/wiki/Detectors-Documentation#incorrect-version-of-solidity[0m
INFO:Detectors:[92m
Parameter '' of Ambi2.hasRole (/unique_chucks/31/0x333f37329c6d2346001501f235d33bf68ec1cf5e.sol#4) is not in mixedCase
Parameter '_scope_0' of Ambi2.hasRole (/unique_chucks/31/0x333f37329c6d2346001501f235d33bf68ec1cf5e.sol#4) is not in mixedCase
Parameter '_scope_1' of Ambi2.hasRole (/unique_chucks/31/0x333f37329c6d2346001501f235d33bf68ec1cf5e.sol#4) is not in mixedCase
Parameter '' of Ambi2.claimFor (/unique_chucks/31/0x333f37329c6d2346001501f235d33bf68ec1cf5e.sol#5) is not in mixedCase
Parameter '_scope_0' of Ambi2.claimFor (/unique_chucks/31/0x333f37329c6d2346001501f235d33bf68ec1cf5e.sol#5) is not in mixedCase
Parameter '' of Ambi2.isOwner (/unique_chucks/31/0x333f37329c6d2346001501f235d33bf68ec1cf5e.sol#6) is not in mixedCase
Parameter '_scope_0' of Ambi2.isOwner (/unique_chucks/31/0x333f37329c6d2346001501f235d33bf68ec1cf5e.sol#6) is not in mixedCase
Parameter '_ambi2' of Ambi2Enabled.setupAmbi2 (/unique_chucks/31/0x333f37329c6d2346001501f235d33bf68ec1cf5e.sol#19-20) is not in mixedCase
Parameter '_ambi2' of Ambi2EnabledFull.setupAmbi2 (/unique_chucks/31/0x333f37329c6d2346001501f235d33bf68ec1cf5e.sol#32) is not in mixedCase
Parameter '_assetProxy' of BloquidIssuer.setupAssetProxy (/unique_chucks/31/0x333f37329c6d2346001501f235d33bf68ec1cf5e.sol#59-60) is not in mixedCase
Parameter '_value' of BloquidIssuer.issueTokens (/unique_chucks/31/0x333f37329c6d2346001501f235d33bf68ec1cf5e.sol#67-68) is not in mixedCase
Parameter '_regNumber' of BloquidIssuer.issueTokens (/unique_chucks/31/0x333f37329c6d2346001501f235d33bf68ec1cf5e.sol#68) is not in mixedCase
Parameter '_newOwner' of BloquidIssuer.changeAssetOwner (/unique_chucks/31/0x333f37329c6d2346001501f235d33bf68ec1cf5e.sol#80-81) is not in mixedCase
Reference: https://github.com/trailofbits/slither/wiki/Detectors-Documentation#conformance-to-solidity-naming-conventions[0m
INFO:Slither:/unique_chucks/31/0x333f37329c6d2346001501f235d33bf68ec1cf5e.sol analyzed (6 contracts), 27 result(s) found