2019-07-25 23:09:30,567: [12] m.main:INFO: Registered plugins: DetectIntegerOverflow, DetectExternalCallAndLeak, DetectReentrancySimple, DetectUnusedRetVal, DetectDelegatecall, DetectUninitializedStorage, DetectInvalid, DetectEnvInstruction, DetectUninitializedMemory, DetectSuicidal, DetectReentrancyAdvanced
2019-07-25 23:09:30,567: [12] m.main:INFO: Beginning analysis
2019-07-25 23:09:30,592: [12] m.e.manticore:INFO: Starting symbolic create contract
2019-07-25 23:09:30,954: [56] m.c.manticore:INFO: Generated testcase No. 0 - NO STATE RESULT (?)(0 txs)
2019-07-25 23:09:31,485: [12] m.c.manticore:INFO: Results in /mcore_l0kyp4w8
2019-07-25 23:09:32,283: [315] m.main:INFO: Registered plugins: DetectSuicidal, DetectReentrancySimple, DetectEnvInstruction, DetectDelegatecall, DetectUninitializedStorage, DetectInvalid, DetectReentrancyAdvanced, DetectUnusedRetVal, DetectExternalCallAndLeak, DetectUninitializedMemory, DetectIntegerOverflow
2019-07-25 23:09:32,284: [315] m.main:INFO: Beginning analysis
2019-07-25 23:09:32,299: [315] m.e.manticore:INFO: Starting symbolic create contract
2019-07-25 23:09:32,641: [359] m.c.manticore:INFO: Generated testcase No. 0 - NO STATE RESULT (?)(0 txs)
2019-07-25 23:09:33,097: [315] m.c.manticore:INFO: Results in /mcore_8_oji5x0
2019-07-25 23:09:33,806: [619] m.main:INFO: Registered plugins: DetectEnvInstruction, DetectUninitializedStorage, DetectDelegatecall, DetectSuicidal, DetectExternalCallAndLeak, DetectReentrancySimple, DetectUninitializedMemory, DetectIntegerOverflow, DetectUnusedRetVal, DetectReentrancyAdvanced, DetectInvalid
2019-07-25 23:09:33,806: [619] m.main:INFO: Beginning analysis
2019-07-25 23:09:33,826: [619] m.e.manticore:INFO: Starting symbolic create contract
2019-07-25 23:09:34,159: [663] m.c.manticore:INFO: Generated testcase No. 0 - NO STATE RESULT (?)(0 txs)
2019-07-25 23:09:34,601: [619] m.c.manticore:INFO: Results in /mcore_aqzwc19u
2019-07-25 23:09:35,496: [922] m.main:INFO: Registered plugins: DetectUnusedRetVal, DetectUninitializedStorage, DetectSuicidal, DetectExternalCallAndLeak, DetectEnvInstruction, DetectIntegerOverflow, DetectUninitializedMemory, DetectReentrancyAdvanced, DetectDelegatecall, DetectReentrancySimple, DetectInvalid
2019-07-25 23:09:35,496: [922] m.main:INFO: Beginning analysis
2019-07-25 23:09:35,528: [922] m.e.manticore:INFO: Starting symbolic create contract
2019-07-25 23:09:36,913: [922] m.e.manticore:INFO: Starting symbolic transaction: 0
2019-07-25 23:09:37,736: [922] m.e.manticore:INFO: 0 alive states, 2 terminated states
2019-07-25 23:09:37,877: [922] m.e.manticore:INFO: Starting symbolic transaction: 1
2019-07-25 23:09:37,963: [1492] m.c.manticore:INFO: Generated testcase No. 0 - RETURN(1 txs)
2019-07-25 23:09:38,052: [1496] m.c.manticore:INFO: Generated testcase No. 1 - REVERT(2 txs)
2019-07-25 23:09:39,238: [922] m.c.manticore:INFO: Results in /mcore_yjzg3sih
2019-07-25 23:09:40,379: [1807] m.main:INFO: Registered plugins: DetectReentrancySimple, DetectInvalid, DetectUnusedRetVal, DetectUninitializedStorage, DetectSuicidal, DetectExternalCallAndLeak, DetectEnvInstruction, DetectUninitializedMemory, DetectReentrancyAdvanced, DetectDelegatecall, DetectIntegerOverflow
2019-07-25 23:09:40,380: [1807] m.main:INFO: Beginning analysis
2019-07-25 23:09:40,393: [1807] m.e.manticore:INFO: Starting symbolic create contract
2019-07-25 23:09:43,269: [1807] m.e.manticore:INFO: Starting symbolic transaction: 0
2019-07-25 23:10:06,643: [1807] m.e.manticore:INFO: 3 alive states, 7 terminated states
2019-07-25 23:10:08,031: [1807] m.e.manticore:INFO: Starting symbolic transaction: 1
2019-07-25 23:12:30,571: [1807] m.e.manticore:INFO: 9 alive states, 28 terminated states
2019-07-25 23:12:33,233: [7374] m.c.manticore:INFO: Generated testcase No. 0 - RETURN(3 txs)
2019-07-25 23:12:33,539: [7392] m.c.manticore:INFO: Generated testcase No. 2 - RETURN(3 txs)
2019-07-25 23:12:33,735: [7379] m.c.manticore:INFO: Generated testcase No. 1 - RETURN(3 txs)
2019-07-25 23:12:33,805: [7396] m.c.manticore:INFO: Generated testcase No. 4 - RETURN(3 txs)
2019-07-25 23:12:33,937: [7389] m.c.manticore:INFO: Generated testcase No. 8 - RETURN(3 txs)
2019-07-25 23:12:34,033: [7382] m.c.manticore:INFO: Generated testcase No. 7 - RETURN(3 txs)
2019-07-25 23:12:34,039: [7384] m.c.manticore:INFO: Generated testcase No. 5 - RETURN(3 txs)
2019-07-25 23:12:34,118: [7377] m.c.manticore:INFO: Generated testcase No. 3 - RETURN(3 txs)
2019-07-25 23:12:34,131: [7376] m.c.manticore:INFO: Generated testcase No. 6 - RETURN(3 txs)
2019-07-25 23:12:34,517: [7398] m.c.manticore:INFO: Generated testcase No. 9 - RETURN(1 txs)
2019-07-25 23:12:57,505: [7398] m.c.manticore:INFO: Generated testcase No. 10 - REVERT(2 txs)
2019-07-25 23:13:08,253: [7389] m.c.manticore:INFO: Generated testcase No. 11 - REVERT(2 txs)
2019-07-25 23:13:11,352: [7396] m.c.manticore:INFO: Generated testcase No. 12 - REVERT(2 txs)
2019-07-25 23:13:13,932: [7379] m.c.manticore:INFO: Generated testcase No. 13 - REVERT(2 txs)
2019-07-25 23:13:17,809: [7392] m.c.manticore:INFO: Generated testcase No. 14 - REVERT(2 txs)
2019-07-25 23:13:23,107: [7398] m.c.manticore:INFO: Generated testcase No. 15 - REVERT(2 txs)
2019-07-25 23:13:29,438: [7376] m.c.manticore:INFO: Generated testcase No. 16 - RETURN(2 txs)
2019-07-25 23:13:31,048: [7384] m.c.manticore:INFO: Generated testcase No. 17 - RETURN(2 txs)
2019-07-25 23:13:33,103: [7377] m.c.manticore:INFO: Generated testcase No. 18 - RETURN(2 txs)
2019-07-25 23:13:38,717: [7382] m.c.manticore:INFO: Generated testcase No. 19 - REVERT(3 txs)
2019-07-25 23:13:39,423: [7396] m.c.manticore:INFO: Generated testcase No. 20 - REVERT(3 txs)
2019-07-25 23:13:44,312: [7379] m.c.manticore:INFO: Generated testcase No. 21 - REVERT(3 txs)
2019-07-25 23:13:47,735: [7389] m.c.manticore:INFO: Generated testcase No. 22 - REVERT(3 txs)
2019-07-25 23:13:56,646: [7392] m.c.manticore:INFO: Generated testcase No. 23 - REVERT(3 txs)
2019-07-25 23:13:59,349: [7398] m.c.manticore:INFO: Generated testcase No. 24 - REVERT(3 txs)
2019-07-25 23:14:01,543: [7374] m.c.manticore:INFO: Generated testcase No. 25 - REVERT(3 txs)
2019-07-25 23:14:04,713: [7376] m.c.manticore:INFO: Generated testcase No. 26 - REVERT(3 txs)
2019-07-25 23:14:07,410: [7384] m.c.manticore:INFO: Generated testcase No. 27 - REVERT(3 txs)
2019-07-25 23:14:12,435: [7382] m.c.manticore:INFO: Generated testcase No. 28 - REVERT(3 txs)
2019-07-25 23:14:13,850: [7377] m.c.manticore:INFO: Generated testcase No. 29 - REVERT(3 txs)
2019-07-25 23:14:14,555: [7396] m.c.manticore:INFO: Generated testcase No. 30 - REVERT(3 txs)
2019-07-25 23:14:21,453: [7389] m.c.manticore:INFO: Generated testcase No. 31 - REVERT(3 txs)
2019-07-25 23:14:23,616: [7379] m.c.manticore:INFO: Generated testcase No. 32 - REVERT(3 txs)
2019-07-25 23:14:40,155: [7374] m.c.manticore:INFO: Generated testcase No. 33 - REVERT(3 txs)
2019-07-25 23:14:40,336: [7398] m.c.manticore:INFO: Generated testcase No. 35 - REVERT(3 txs)
2019-07-25 23:14:40,350: [7392] m.c.manticore:INFO: Generated testcase No. 34 - REVERT(3 txs)
2019-07-25 23:14:45,137: [7382] m.c.manticore:INFO: Generated testcase No. 36 - REVERT(3 txs)
2019-07-25 23:15:07,502: [1807] m.c.manticore:INFO: Results in /mcore_u_rad3a9
2019-07-25 23:15:10,572: [8748] m.main:INFO: Registered plugins: DetectExternalCallAndLeak, DetectUnusedRetVal, DetectReentrancySimple, DetectInvalid, DetectSuicidal, DetectReentrancyAdvanced, DetectUninitializedStorage, DetectIntegerOverflow, DetectDelegatecall, DetectEnvInstruction, DetectUninitializedMemory
2019-07-25 23:15:10,572: [8748] m.main:INFO: Beginning analysis
2019-07-25 23:15:10,587: [8748] m.e.manticore:INFO: Starting symbolic create contract
2019-07-25 23:15:18,678: [8748] m.e.manticore:INFO: Starting symbolic transaction: 0
2019-07-25 23:17:48,031: [8748] m.e.manticore:INFO: 8 alive states, 14 terminated states
2019-07-25 23:17:52,793: [8748] m.e.manticore:INFO: Starting symbolic transaction: 1
2019-07-25 23:22:07,766: [14042] m.e.detectors:WARNING: Potentially reading uninitialized storage
2019-07-25 23:29:59,251: [14047] m.e.detectors:WARNING: Potentially reading uninitialized storage
2019-07-25 23:37:58,442: [14034] m.e.detectors:WARNING: Potentially reading uninitialized storage