INFO:Slither:Compilation warnings/errors on /unique_chucks/45/0x63fc7125667dba73691454ab516243c5639e04c5.sol:
/unique_chucks/45/0x63fc7125667dba73691454ab516243c5639e04c5.sol:268:3: Warning: Defining constructors as functions with the same name as the contract is deprecated. Use "constructor(...) { ... }" instead.
  function Ownable() public {
  ^ (Relevant source part starts here and spans across multiple lines).
/unique_chucks/45/0x63fc7125667dba73691454ab516243c5639e04c5.sol:344:3: Warning: Defining constructors as functions with the same name as the contract is deprecated. Use "constructor(...) { ... }" instead.
  function DetailedERC20(string _name, string _symbol, uint8 _decimals) public {
  ^ (Relevant source part starts here and spans across multiple lines).

INFO:Detectors:[93m
tokenContract.setCrowdsale uses tx.origin for authorization:
	- tx.origin == owner && balances[tokenWallet] >= maxToken (/unique_chucks/45/0x63fc7125667dba73691454ab516243c5639e04c5.sol#380-387)
Reference: https://github.com/trailofbits/slither/wiki/Detectors-Documentation#dangerous-usage-of-txorigin[0m
INFO:Detectors:[92m
BasicToken.totalSupply (/unique_chucks/45/0x63fc7125667dba73691454ab516243c5639e04c5.sol#83-87) should be declared external
ERC20Basic.totalSupply (/unique_chucks/45/0x63fc7125667dba73691454ab516243c5639e04c5.sol#11-12) should be declared external
BurnableToken.burn (/unique_chucks/45/0x63fc7125667dba73691454ab516243c5639e04c5.sol#128-145) should be declared external
StandardToken.allowance (/unique_chucks/45/0x63fc7125667dba73691454ab516243c5639e04c5.sol#212-215) should be declared external
ERC20.allowance (/unique_chucks/45/0x63fc7125667dba73691454ab516243c5639e04c5.sol#147-148) should be declared external
StandardToken.transferFrom (/unique_chucks/45/0x63fc7125667dba73691454ab516243c5639e04c5.sol#176-188) should be declared external
ERC20.transferFrom (/unique_chucks/45/0x63fc7125667dba73691454ab516243c5639e04c5.sol#148-149) should be declared external
ERC20.approve (/unique_chucks/45/0x63fc7125667dba73691454ab516243c5639e04c5.sol#149-150) should be declared external
StandardToken.approve (/unique_chucks/45/0x63fc7125667dba73691454ab516243c5639e04c5.sol#201-204) should be declared external
tokenContract.setCrowdsale (/unique_chucks/45/0x63fc7125667dba73691454ab516243c5639e04c5.sol#379-387) should be declared external
ERC20.setCrowdsale (/unique_chucks/45/0x63fc7125667dba73691454ab516243c5639e04c5.sol#150-156) should be declared external
StandardToken.increaseApproval (/unique_chucks/45/0x63fc7125667dba73691454ab516243c5639e04c5.sol#223-231) should be declared external
StandardToken.decreaseApproval (/unique_chucks/45/0x63fc7125667dba73691454ab516243c5639e04c5.sol#242-257) should be declared external
MintableToken.mint (/unique_chucks/45/0x63fc7125667dba73691454ab516243c5639e04c5.sol#327-339) should be declared external
MintableToken.finishMinting (/unique_chucks/45/0x63fc7125667dba73691454ab516243c5639e04c5.sol#344-351) should be declared external
tokenContract.airdrop (/unique_chucks/45/0x63fc7125667dba73691454ab516243c5639e04c5.sol#397-402) should be declared external
tokenContract.multiTransfer (/unique_chucks/45/0x63fc7125667dba73691454ab516243c5639e04c5.sol#425-432) should be declared external
tDeployer.cMain (/unique_chucks/45/0x63fc7125667dba73691454ab516243c5639e04c5.sol) should be declared external
tDeployer.deployToken (/unique_chucks/45/0x63fc7125667dba73691454ab516243c5639e04c5.sol) should be declared external
Reference: https://github.com/trailofbits/slither/wiki/Detectors-Documentation#public-function-that-could-be-declared-as-external[0m
INFO:Detectors:[92m
Parameter '_owner' of BasicToken.balanceOf (/unique_chucks/45/0x63fc7125667dba73691454ab516243c5639e04c5.sol#112) is not in mixedCase
Parameter '_to' of BasicToken.transfer (/unique_chucks/45/0x63fc7125667dba73691454ab516243c5639e04c5.sol#92) is not in mixedCase
Parameter '_value' of BasicToken.transfer (/unique_chucks/45/0x63fc7125667dba73691454ab516243c5639e04c5.sol#92) is not in mixedCase
Parameter '_value' of BurnableToken.burn (/unique_chucks/45/0x63fc7125667dba73691454ab516243c5639e04c5.sol#128) is not in mixedCase
Parameter '_owner' of StandardToken.allowance (/unique_chucks/45/0x63fc7125667dba73691454ab516243c5639e04c5.sol#214) is not in mixedCase
Parameter '_spender' of StandardToken.allowance (/unique_chucks/45/0x63fc7125667dba73691454ab516243c5639e04c5.sol#214) is not in mixedCase
Parameter '_from' of StandardToken.transferFrom (/unique_chucks/45/0x63fc7125667dba73691454ab516243c5639e04c5.sol#176) is not in mixedCase
Parameter '_to' of StandardToken.transferFrom (/unique_chucks/45/0x63fc7125667dba73691454ab516243c5639e04c5.sol#176-178) is not in mixedCase
Parameter '_value' of StandardToken.transferFrom (/unique_chucks/45/0x63fc7125667dba73691454ab516243c5639e04c5.sol#178) is not in mixedCase
Parameter '_spender' of StandardToken.approve (/unique_chucks/45/0x63fc7125667dba73691454ab516243c5639e04c5.sol#202) is not in mixedCase
Parameter '_value' of StandardToken.approve (/unique_chucks/45/0x63fc7125667dba73691454ab516243c5639e04c5.sol#202) is not in mixedCase
Parameter '_spender' of StandardToken.increaseApproval (/unique_chucks/45/0x63fc7125667dba73691454ab516243c5639e04c5.sol#224-225) is not in mixedCase
Parameter '_addedValue' of StandardToken.increaseApproval (/unique_chucks/45/0x63fc7125667dba73691454ab516243c5639e04c5.sol#227-228) is not in mixedCase
Parameter '_spender' of StandardToken.decreaseApproval (/unique_chucks/45/0x63fc7125667dba73691454ab516243c5639e04c5.sol#242) is not in mixedCase
Parameter '_subtractedValue' of StandardToken.decreaseApproval (/unique_chucks/45/0x63fc7125667dba73691454ab516243c5639e04c5.sol#242) is not in mixedCase
Function 'Ownable.Ownable' (/unique_chucks/45/0x63fc7125667dba73691454ab516243c5639e04c5.sol#281-282) is not in mixedCase
Parameter '_to' of MintableToken.mint (/unique_chucks/45/0x63fc7125667dba73691454ab516243c5639e04c5.sol#328) is not in mixedCase
Parameter '_amount' of MintableToken.mint (/unique_chucks/45/0x63fc7125667dba73691454ab516243c5639e04c5.sol#328) is not in mixedCase
Function 'DetailedERC20.DetailedERC20' (/unique_chucks/45/0x63fc7125667dba73691454ab516243c5639e04c5.sol#357-361) is not in mixedCase
Parameter '_name' of DetailedERC20.DetailedERC20 (/unique_chucks/45/0x63fc7125667dba73691454ab516243c5639e04c5.sol#357) is not in mixedCase
Parameter '_symbol' of DetailedERC20.DetailedERC20 (/unique_chucks/45/0x63fc7125667dba73691454ab516243c5639e04c5.sol#357) is not in mixedCase
Parameter '_decimals' of DetailedERC20.DetailedERC20 (/unique_chucks/45/0x63fc7125667dba73691454ab516243c5639e04c5.sol#357-358) is not in mixedCase
Contract 'tokenContract' (/unique_chucks/45/0x63fc7125667dba73691454ab516243c5639e04c5.sol#362-432) is not in CapWords
Parameter '_initialSupply' of tokenContract. (/unique_chucks/45/0x63fc7125667dba73691454ab516243c5639e04c5.sol#368) is not in mixedCase
Parameter '_to' of tokenContract.airdrop (/unique_chucks/45/0x63fc7125667dba73691454ab516243c5639e04c5.sol#397-398) is not in mixedCase
Parameter '_value' of tokenContract.airdrop (/unique_chucks/45/0x63fc7125667dba73691454ab516243c5639e04c5.sol#398) is not in mixedCase
Parameter '_to' of tokenContract.multiTransfer (/unique_chucks/45/0x63fc7125667dba73691454ab516243c5639e04c5.sol#425) is not in mixedCase
Parameter '_values' of tokenContract.multiTransfer (/unique_chucks/45/0x63fc7125667dba73691454ab516243c5639e04c5.sol#425) is not in mixedCase
Contract 'tDeployer' (/unique_chucks/45/0x63fc7125667dba73691454ab516243c5639e04c5.sol) is not in CapWords
Parameter '_tName' of tDeployer.deployToken (/unique_chucks/45/0x63fc7125667dba73691454ab516243c5639e04c5.sol) is not in mixedCase
Parameter '_tSymbol' of tDeployer.deployToken (/unique_chucks/45/0x63fc7125667dba73691454ab516243c5639e04c5.sol) is not in mixedCase
Parameter '_mint' of tDeployer.deployToken (/unique_chucks/45/0x63fc7125667dba73691454ab516243c5639e04c5.sol) is not in mixedCase
Parameter '_owner' of tDeployer.deployToken (/unique_chucks/45/0x63fc7125667dba73691454ab516243c5639e04c5.sol) is not in mixedCase
Reference: https://github.com/trailofbits/slither/wiki/Detectors-Documentation#conformance-to-solidity-naming-conventions[0m
INFO:Detectors:[92m
tokenContract.DECIMALS (/unique_chucks/45/0x63fc7125667dba73691454ab516243c5639e04c5.sol#364) is never used in tokenContract
Reference: https://github.com/trailofbits/slither/wiki/Detectors-Documentation#unused-state-variables[0m
INFO:Slither:/unique_chucks/45/0x63fc7125667dba73691454ab516243c5639e04c5.sol analyzed (11 contracts), 54 result(s) found