/unique_chucks/9/0x8299163642c093076b431cb3d7cde0bfa73c1f69.sol
jar:file:/usr/local/lib/node_modules/@smartdec/smartcheck/jdeploy-bundle/smartcheck-2.0-jar-with-dependencies.jar!/solidity-rules.xmlruleId: SOLIDITY_DEPRECATED_CONSTRUCTIONS
patternId: 49bd2a
severity: 1
line: 82
column: 6
content: throw

ruleId: SOLIDITY_DEPRECATED_CONSTRUCTIONS
patternId: 49bd2a
severity: 1
line: 138
column: 63
content: throw

ruleId: SOLIDITY_DEPRECATED_CONSTRUCTIONS
patternId: 49bd2a
severity: 1
line: 168
column: 6
content: throw

ruleId: SOLIDITY_DEPRECATED_CONSTRUCTIONS
patternId: 49bd2a
severity: 1
line: 216
column: 27
content: throw

ruleId: SOLIDITY_DEPRECATED_CONSTRUCTIONS
patternId: 28fa69
severity: 1
line: 24
column: 2
content: functionbalanceOf(addresswho)constantreturns(uint);

ruleId: SOLIDITY_DEPRECATED_CONSTRUCTIONS
patternId: 28fa69
severity: 1
line: 25
column: 2
content: functionallowance(addressowner,addressspender)constantreturns(uint);

ruleId: SOLIDITY_DEPRECATED_CONSTRUCTIONS
patternId: 28fa69
severity: 1
line: 64
column: 2
content: functionmax64(uint64a,uint64b)internalconstantreturns(uint64){returna>=b?a:b;}

ruleId: SOLIDITY_DEPRECATED_CONSTRUCTIONS
patternId: 28fa69
severity: 1
line: 68
column: 2
content: functionmin64(uint64a,uint64b)internalconstantreturns(uint64){returna<b?a:b;}

ruleId: SOLIDITY_DEPRECATED_CONSTRUCTIONS
patternId: 28fa69
severity: 1
line: 72
column: 2
content: functionmax256(uint256a,uint256b)internalconstantreturns(uint256){returna>=b?a:b;}

ruleId: SOLIDITY_DEPRECATED_CONSTRUCTIONS
patternId: 28fa69
severity: 1
line: 76
column: 2
content: functionmin256(uint256a,uint256b)internalconstantreturns(uint256){returna<b?a:b;}

ruleId: SOLIDITY_DEPRECATED_CONSTRUCTIONS
patternId: 28fa69
severity: 1
line: 107
column: 2
content: functionisToken()publicconstantreturns(boolweAre){returntrue;}

ruleId: SOLIDITY_DEPRECATED_CONSTRUCTIONS
patternId: 28fa69
severity: 1
line: 128
column: 2
content: functionbalanceOf(address_owner)constantreturns(uintbalance){returnbalances[_owner];}

ruleId: SOLIDITY_DEPRECATED_CONSTRUCTIONS
patternId: 28fa69
severity: 1
line: 145
column: 2
content: functionallowance(address_owner,address_spender)constantreturns(uintremaining){returnallowed[_owner][_spender];}

ruleId: SOLIDITY_ERC20_APPROVE
patternId: af782c
severity: 2
line: 132
column: 2
content: functionapprove(address_spender,uint_value)returns(boolsuccess){if((_value!=0)&&(allowed[msg.sender][_spender]!=0))throw;allowed[msg.sender][_spender]=_value;Approval(msg.sender,_spender,_value);returntrue;}

ruleId: SOLIDITY_REVERT_REQUIRE
patternId: c56b12
severity: 1
line: 81
column: 4
content: if(!assertion){throw;}

ruleId: SOLIDITY_REVERT_REQUIRE
patternId: c56b12
severity: 1
line: 138
column: 4
content: if((_value!=0)&&(allowed[msg.sender][_spender]!=0))throw;

ruleId: SOLIDITY_REVERT_REQUIRE
patternId: c56b12
severity: 1
line: 167
column: 4
content: if(msg.sender!=owner){throw;}

ruleId: SOLIDITY_REVERT_REQUIRE
patternId: c56b12
severity: 1
line: 216
column: 4
content: if(issued[benefactor])throw;

ruleId: SOLIDITY_VISIBILITY
patternId: 910067
severity: 1
line: 24
column: 2
content: functionbalanceOf(addresswho)constantreturns(uint);

ruleId: SOLIDITY_VISIBILITY
patternId: 910067
severity: 1
line: 25
column: 2
content: functionallowance(addressowner,addressspender)constantreturns(uint);

ruleId: SOLIDITY_VISIBILITY
patternId: 910067
severity: 1
line: 27
column: 2
content: functiontransfer(addressto,uintvalue)returns(boolok);

ruleId: SOLIDITY_VISIBILITY
patternId: 910067
severity: 1
line: 28
column: 2
content: functiontransferFrom(addressfrom,addressto,uintvalue)returns(boolok);

ruleId: SOLIDITY_VISIBILITY
patternId: 910067
severity: 1
line: 29
column: 2
content: functionapprove(addressspender,uintvalue)returns(boolok);

ruleId: SOLIDITY_VISIBILITY
patternId: 910067
severity: 1
line: 111
column: 2
content: functiontransfer(address_to,uint_value)returns(boolsuccess){balances[msg.sender]=safeSub(balances[msg.sender],_value);balances[_to]=safeAdd(balances[_to],_value);Transfer(msg.sender,_to,_value);returntrue;}

ruleId: SOLIDITY_VISIBILITY
patternId: 910067
severity: 1
line: 118
column: 2
content: functiontransferFrom(address_from,address_to,uint_value)returns(boolsuccess){uint_allowance=allowed[_from][msg.sender];balances[_to]=safeAdd(balances[_to],_value);balances[_from]=safeSub(balances[_from],_value);allowed[_from][msg.sender]=safeSub(_allowance,_value);Transfer(_from,_to,_value);returntrue;}

ruleId: SOLIDITY_VISIBILITY
patternId: 910067
severity: 1
line: 128
column: 2
content: functionbalanceOf(address_owner)constantreturns(uintbalance){returnbalances[_owner];}

ruleId: SOLIDITY_VISIBILITY
patternId: 910067
severity: 1
line: 132
column: 2
content: functionapprove(address_spender,uint_value)returns(boolsuccess){if((_value!=0)&&(allowed[msg.sender][_spender]!=0))throw;allowed[msg.sender][_spender]=_value;Approval(msg.sender,_spender,_value);returntrue;}

ruleId: SOLIDITY_VISIBILITY
patternId: 910067
severity: 1
line: 145
column: 2
content: functionallowance(address_owner,address_spender)constantreturns(uintremaining){returnallowed[_owner][_spender];}

ruleId: SOLIDITY_VISIBILITY
patternId: 910067
severity: 1
line: 162
column: 2
content: functionOwnable(){owner=msg.sender;}

ruleId: SOLIDITY_VISIBILITY
patternId: 910067
severity: 1
line: 173
column: 2
content: functiontransferOwnership(addressnewOwner)onlyOwner{if(newOwner!=address(0)){owner=newOwner;}}

ruleId: SOLIDITY_VISIBILITY
patternId: 910067
severity: 1
line: 209
column: 2
content: functionIssuer(address_owner,address_allower,StandardToken_token){owner=_owner;allower=_allower;token=_token;}

ruleId: SOLIDITY_VISIBILITY
patternId: 910067
severity: 1
line: 215
column: 2
content: functionissue(addressbenefactor,uintamount)onlyOwner{if(issued[benefactor])throw;token.transferFrom(allower,benefactor,amount);issued[benefactor]=true;issuedCount+=amount;}

ruleId: SOLIDITY_VISIBILITY
patternId: b51ce0
severity: 1
line: 101
column: 2
content: mapping(address=>uint)balances;

ruleId: SOLIDITY_VISIBILITY
patternId: b51ce0
severity: 1
line: 104
column: 2
content: mapping(address=>mapping(address=>uint))allowed;

SOLIDITY_VISIBILITY :16
SOLIDITY_DEPRECATED_CONSTRUCTIONS :13
SOLIDITY_REVERT_REQUIRE :4
SOLIDITY_ERC20_APPROVE :1