/unique_chucks/11/0xbd57cc26c0fd1b339c6725866399126366328352.sol
jar:file:/usr/local/lib/node_modules/@smartdec/smartcheck/jdeploy-bundle/smartcheck-2.0-jar-with-dependencies.jar!/solidity-rules.xmlruleId: SOLIDITY_PRAGMAS_VERSION
patternId: 23fc32
severity: 1
line: 1
column: 16
content: ^

ruleId: SOLIDITY_REDUNDANT_FALLBACK_REJECT
patternId: b85a32
severity: 1
line: 340
column: 29
content: {revert();}

ruleId: SOLIDITY_UPGRADE_TO_050
patternId: 91h3sa
severity: 1
line: 340
column: 14
content: public

ruleId: SOLIDITY_UPGRADE_TO_050
patternId: 341gim
severity: 1
line: 259
column: 4
content: bytes_data

ruleId: SOLIDITY_UPGRADE_TO_050
patternId: 341gim
severity: 1
line: 401
column: 4
content: bytes_extraData

SOLIDITY_PRAGMAS_VERSION :1
SOLIDITY_UPGRADE_TO_050 :3
SOLIDITY_REDUNDANT_FALLBACK_REJECT :1