INFO:Slither:Compilation warnings/errors on /unique_chucks/23/0xb30308bc705f723a1ceb74779309776b32644a00.sol:
[91m/unique_chucks/23/0xb30308bc705f723a1ceb74779309776b32644a00.sol:1:1: Error: Source file requires different compiler version (current compiler is 0.4.25+commit.59dbf8f1.Linux.g++ - note that nightly builds are considered to be strictly less than the released version[0m
pragma solidity 0.4.24;
^---------------------^
/unique_chucks/23/0xb30308bc705f723a1ceb74779309776b32644a00.sol:1279:3: Warning: Defining constructors as functions with the same name as the contract is deprecated. Use "constructor(...) { ... }" instead.
  function Ownable() public {
  ^ (Relevant source part starts here and spans across multiple lines).
/unique_chucks/23/0xb30308bc705f723a1ceb74779309776b32644a00.sol:1542:3: Warning: Defining constructors as functions with the same name as the contract is deprecated. Use "constructor(...) { ... }" instead.
  function GAX() public {
  ^ (Relevant source part starts here and spans across multiple lines).
/unique_chucks/23/0xb30308bc705f723a1ceb74779309776b32644a00.sol:1620:3: Warning: Defining constructors as functions with the same name as the contract is deprecated. Use "constructor(...) { ... }" instead.
  function Crowdsale() public {    
  ^ (Relevant source part starts here and spans across multiple lines).
/unique_chucks/23/0xb30308bc705f723a1ceb74779309776b32644a00.sol:967:50: Warning: This function only accepts a single "bytes" argument. Please use "abi.encodePacked(...)" or a similar function to encode the data.
        oraclize_randomDS_setCommitment(queryId, keccak256(delay_bytes8_left, args[1], sha256(args[0]), args[2]));
                                                 ^-------------------------------------------------------------^
/unique_chucks/23/0xb30308bc705f723a1ceb74779309776b32644a00.sol:1079:47: Warning: This function only accepts a single "bytes" argument. Please use "abi.encodePacked(...)" or a similar function to encode the data.
        if (!(keccak256(keyhash) == keccak256(sha256(context_name, queryId)))) return false;
                                              ^---------------------------^
/unique_chucks/23/0xb30308bc705f723a1ceb74779309776b32644a00.sol:1079:37: Warning: This function only accepts a single "bytes" argument. Please use "abi.encodePacked(...)" or a similar function to encode the data.
        if (!(keccak256(keyhash) == keccak256(sha256(context_name, queryId)))) return false;
                                    ^--------------------------------------^
/unique_chucks/23/0xb30308bc705f723a1ceb74779309776b32644a00.sol:1079:37: Warning: The provided argument of type bytes32 is not implicitly convertible to expected type bytes memory.
        if (!(keccak256(keyhash) == keccak256(sha256(context_name, queryId)))) return false;
                                    ^--------------------------------------^
/unique_chucks/23/0xb30308bc705f723a1ceb74779309776b32644a00.sol:1097:48: Warning: This function only accepts a single "bytes" argument. Please use "abi.encodePacked(...)" or a similar function to encode the data.
        if (oraclize_randomDS_args[queryId] == keccak256(commitmentSlice1, sessionPubkeyHash)){ //unonce, nbytes and sessionKeyHash match
                                               ^--------------------------------------------^

INFO:SlitherSolcParsing:No contract were found in /unique_chucks/23/0xb30308bc705f723a1ceb74779309776b32644a00.sol, check the correct compilation
WARNING:Slither:[91mNo contract was analyzed[0m
INFO:Slither:/unique_chucks/23/0xb30308bc705f723a1ceb74779309776b32644a00.sol analyzed (0 contracts), 0 result(s) found