INFO:Slither:Compilation warnings/errors on /unique_chucks/27/0x47414a04f29930c8e1c10f0b4791a9ddf3836efd.sol:
/unique_chucks/27/0x47414a04f29930c8e1c10f0b4791a9ddf3836efd.sol:768:45: Warning: "throw" is deprecated in favour of "revert()", "require()" and "assert()".
        if ((_nbytes == 0)||(_nbytes > 32)) throw;
                                            ^---^
/unique_chucks/27/0x47414a04f29930c8e1c10f0b4791a9ddf3836efd.sol:858:71: Warning: "throw" is deprecated in favour of "revert()", "require()" and "assert()".
        if ((_proof[0] != "L")||(_proof[1] != "P")||(_proof[2] != 1)) throw;
                                                                      ^---^
/unique_chucks/27/0x47414a04f29930c8e1c10f0b4791a9ddf3836efd.sol:861:37: Warning: "throw" is deprecated in favour of "revert()", "require()" and "assert()".
        if (proofVerified == false) throw;
                                    ^---^
/unique_chucks/27/0x47414a04f29930c8e1c10f0b4791a9ddf3836efd.sol:879:14: Warning: Use of the "var" keyword is deprecated.
        for (var i=0; i<prefix.length; i++){
             ^---^
/unique_chucks/27/0x47414a04f29930c8e1c10f0b4791a9ddf3836efd.sol:942:13: Warning: "throw" is deprecated in favour of "revert()", "require()" and "assert()".
            throw; // Should be a better way?
            ^---^
/unique_chucks/27/0x47414a04f29930c8e1c10f0b4791a9ddf3836efd.sol:1037:5: Warning: Defining constructors as functions with the same name as the contract is deprecated. Use "constructor(...) { ... }" instead.
    function Ownable() public {
    ^ (Relevant source part starts here and spans across multiple lines).
/unique_chucks/27/0x47414a04f29930c8e1c10f0b4791a9ddf3836efd.sol:782:50: Warning: "sha3" has been deprecated in favour of "keccak256"
        oraclize_randomDS_setCommitment(queryId, sha3(bytes8(_delay), args[1], sha256(args[0]), args[2]));
                                                 ^-----------------------------------------------------^
/unique_chucks/27/0x47414a04f29930c8e1c10f0b4791a9ddf3836efd.sol:782:50: Warning: This function only accepts a single "bytes" argument. Please use "abi.encodePacked(...)" or a similar function to encode the data.
        oraclize_randomDS_setCommitment(queryId, sha3(bytes8(_delay), args[1], sha256(args[0]), args[2]));
                                                 ^-----------------------------------------------------^
/unique_chucks/27/0x47414a04f29930c8e1c10f0b4791a9ddf3836efd.sol:814:21: Warning: "sha3" has been deprecated in favour of "keccak256"
        if (address(sha3(pubkey)) == signer) return true;
                    ^----------^
/unique_chucks/27/0x47414a04f29930c8e1c10f0b4791a9ddf3836efd.sol:817:29: Warning: "sha3" has been deprecated in favour of "keccak256"
            return (address(sha3(pubkey)) == signer);
                            ^----------^
/unique_chucks/27/0x47414a04f29930c8e1c10f0b4791a9ddf3836efd.sol:832:22: Warning: Decimal literal assigned to bytesXX variable will be left-aligned. Use an explicit conversion to silence this warning.
        tosign2[0] = 1; //role
                     ^
/unique_chucks/27/0x47414a04f29930c8e1c10f0b4791a9ddf3836efd.sol:879:14: Warning: The type of this variable was inferred as uint8, which can hold values between 0 and 255. This is probably not desired. Use an explicit type to silence this warning.
        for (var i=0; i<prefix.length; i++){
             ^-----^
/unique_chucks/27/0x47414a04f29930c8e1c10f0b4791a9ddf3836efd.sol:894:20: Warning: "sha3" has been deprecated in favour of "keccak256"
        checkok = (sha3(keyhash) == sha3(sha256(context_name, queryId)));
                   ^-----------^
/unique_chucks/27/0x47414a04f29930c8e1c10f0b4791a9ddf3836efd.sol:894:42: Warning: This function only accepts a single "bytes" argument. Please use "abi.encodePacked(...)" or a similar function to encode the data.
        checkok = (sha3(keyhash) == sha3(sha256(context_name, queryId)));
                                         ^---------------------------^
/unique_chucks/27/0x47414a04f29930c8e1c10f0b4791a9ddf3836efd.sol:894:37: Warning: "sha3" has been deprecated in favour of "keccak256"
        checkok = (sha3(keyhash) == sha3(sha256(context_name, queryId)));
                                    ^---------------------------------^
/unique_chucks/27/0x47414a04f29930c8e1c10f0b4791a9ddf3836efd.sol:894:37: Warning: This function only accepts a single "bytes" argument. Please use "abi.encodePacked(...)" or a similar function to encode the data.
        checkok = (sha3(keyhash) == sha3(sha256(context_name, queryId)));
                                    ^---------------------------------^
/unique_chucks/27/0x47414a04f29930c8e1c10f0b4791a9ddf3836efd.sol:894:37: Warning: The provided argument of type bytes32 is not implicitly convertible to expected type bytes memory.
        checkok = (sha3(keyhash) == sha3(sha256(context_name, queryId)));
                                    ^---------------------------------^
/unique_chucks/27/0x47414a04f29930c8e1c10f0b4791a9ddf3836efd.sol:916:48: Warning: "sha3" has been deprecated in favour of "keccak256"
        if (oraclize_randomDS_args[queryId] == sha3(commitmentSlice1, sessionPubkeyHash)){ //unonce, nbytes and sessionKeyHash match
                                               ^---------------------------------------^
/unique_chucks/27/0x47414a04f29930c8e1c10f0b4791a9ddf3836efd.sol:916:48: Warning: This function only accepts a single "bytes" argument. Please use "abi.encodePacked(...)" or a similar function to encode the data.
        if (oraclize_randomDS_args[queryId] == sha3(commitmentSlice1, sessionPubkeyHash)){ //unonce, nbytes and sessionKeyHash match
                                               ^---------------------------------------^
/unique_chucks/27/0x47414a04f29930c8e1c10f0b4791a9ddf3836efd.sol:1059:17: Warning: Using contract member "balance" inherited from the address type is deprecated. Convert the contract to "address" type to access the member, for example use "address(contract).balance" instead.
        require(this.balance >= amount);
                ^----------^
/unique_chucks/27/0x47414a04f29930c8e1c10f0b4791a9ddf3836efd.sol:1163:9: Warning: Invoking events without "emit" prefix is deprecated.
        onTicketPurchase(lotteryId, msg.sender, tickets);
        ^----------------------------------------------^
/unique_chucks/27/0x47414a04f29930c8e1c10f0b4791a9ddf3836efd.sol:1173:17: Warning: Using contract member "balance" inherited from the address type is deprecated. Convert the contract to "address" type to access the member, for example use "address(contract).balance" instead.
        require(this.balance >= oraclize_getPrice("random"));
                ^----------^
/unique_chucks/27/0x47414a04f29930c8e1c10f0b4791a9ddf3836efd.sol:1199:34: Warning: "sha3" has been deprecated in favour of "keccak256"
        uint randomNumber = uint(sha3(result)) % lotteries[lotteryId].numTickets;
                                 ^----------^
/unique_chucks/27/0x47414a04f29930c8e1c10f0b4791a9ddf3836efd.sol:1199:34: Warning: This function only accepts a single "bytes" argument. Please use "abi.encodePacked(...)" or a similar function to encode the data.
        uint randomNumber = uint(sha3(result)) % lotteries[lotteryId].numTickets;
                                 ^----------^
/unique_chucks/27/0x47414a04f29930c8e1c10f0b4791a9ddf3836efd.sol:1199:34: Warning: The provided argument of type string memory is not implicitly convertible to expected type bytes memory.
        uint randomNumber = uint(sha3(result)) % lotteries[lotteryId].numTickets;
                                 ^----------^
/unique_chucks/27/0x47414a04f29930c8e1c10f0b4791a9ddf3836efd.sol:1213:9: Warning: Invoking events without "emit" prefix is deprecated.
        onLotteryFinalized(lotteryId);
        ^---------------------------^
/unique_chucks/27/0x47414a04f29930c8e1c10f0b4791a9ddf3836efd.sol:37:5: Warning: No visibility specified. Defaulting to "public". 
    function query(uint _timestamp, string _datasource, string _arg) payable returns (bytes32 _id);
    ^---------------------------------------------------------------------------------------------^
/unique_chucks/27/0x47414a04f29930c8e1c10f0b4791a9ddf3836efd.sol:38:5: Warning: No visibility specified. Defaulting to "public". 
    function query_withGasLimit(uint _timestamp, string _datasource, string _arg, uint _gaslimit) payable returns (bytes32 _id);
    ^--------------------------------------------------------------------------------------------------------------------------^
/unique_chucks/27/0x47414a04f29930c8e1c10f0b4791a9ddf3836efd.sol:39:5: Warning: No visibility specified. Defaulting to "public". 
    function query2(uint _timestamp, string _datasource, string _arg1, string _arg2) payable returns (bytes32 _id);
    ^-------------------------------------------------------------------------------------------------------------^
/unique_chucks/27/0x47414a04f29930c8e1c10f0b4791a9ddf3836efd.sol:40:5: Warning: No visibility specified. Defaulting to "public". 
    function query2_withGasLimit(uint _timestamp, string _datasource, string _arg1, string _arg2, uint _gaslimit) payable returns (bytes32 _id);
    ^------------------------------------------------------------------------------------------------------------------------------------------^
/unique_chucks/27/0x47414a04f29930c8e1c10f0b4791a9ddf3836efd.sol:41:5: Warning: No visibility specified. Defaulting to "public". 
    function queryN(uint _timestamp, string _datasource, bytes _argN) payable returns (bytes32 _id);
    ^----------------------------------------------------------------------------------------------^
/unique_chucks/27/0x47414a04f29930c8e1c10f0b4791a9ddf3836efd.sol:42:5: Warning: No visibility specified. Defaulting to "public". 
    function queryN_withGasLimit(uint _timestamp, string _datasource, bytes _argN, uint _gaslimit) payable returns (bytes32 _id);
    ^---------------------------------------------------------------------------------------------------------------------------^
/unique_chucks/27/0x47414a04f29930c8e1c10f0b4791a9ddf3836efd.sol:43:5: Warning: No visibility specified. Defaulting to "public". 
    function getPrice(string _datasource) returns (uint _dsprice);
    ^------------------------------------------------------------^
/unique_chucks/27/0x47414a04f29930c8e1c10f0b4791a9ddf3836efd.sol:44:5: Warning: No visibility specified. Defaulting to "public". 
    function getPrice(string _datasource, uint gaslimit) returns (uint _dsprice);
    ^---------------------------------------------------------------------------^
/unique_chucks/27/0x47414a04f29930c8e1c10f0b4791a9ddf3836efd.sol:45:5: Warning: No visibility specified. Defaulting to "public". 
    function useCoupon(string _coupon);
    ^---------------------------------^
/unique_chucks/27/0x47414a04f29930c8e1c10f0b4791a9ddf3836efd.sol:46:5: Warning: No visibility specified. Defaulting to "public". 
    function setProofType(byte _proofType);
    ^-------------------------------------^
/unique_chucks/27/0x47414a04f29930c8e1c10f0b4791a9ddf3836efd.sol:47:5: Warning: No visibility specified. Defaulting to "public". 
    function setConfig(bytes32 _config);
    ^----------------------------------^
/unique_chucks/27/0x47414a04f29930c8e1c10f0b4791a9ddf3836efd.sol:48:5: Warning: No visibility specified. Defaulting to "public". 
    function setCustomGasPrice(uint _gasPrice);
    ^-----------------------------------------^
/unique_chucks/27/0x47414a04f29930c8e1c10f0b4791a9ddf3836efd.sol:49:5: Warning: No visibility specified. Defaulting to "public". 
    function randomDS_getSessionPubKeyHash() returns(bytes32);
    ^--------------------------------------------------------^
/unique_chucks/27/0x47414a04f29930c8e1c10f0b4791a9ddf3836efd.sol:52:5: Warning: No visibility specified. Defaulting to "public". 
    function getAddress() returns (address _addr);
    ^--------------------------------------------^
/unique_chucks/27/0x47414a04f29930c8e1c10f0b4791a9ddf3836efd.sol:88:34: Warning: Unused function parameter. Remove or comment out the variable name to silence this warning.
    function oraclize_setNetwork(uint8 networkID) internal returns(bool){
                                 ^-------------^
/unique_chucks/27/0x47414a04f29930c8e1c10f0b4791a9ddf3836efd.sol:124:5: Warning: No visibility specified. Defaulting to "public". 
    function __callback(bytes32 myid, string result) {
    ^ (Relevant source part starts here and spans across multiple lines).
/unique_chucks/27/0x47414a04f29930c8e1c10f0b4791a9ddf3836efd.sol:127:5: Warning: No visibility specified. Defaulting to "public". 
    function __callback(bytes32 myid, string result, bytes proof) {
    ^ (Relevant source part starts here and spans across multiple lines).
/unique_chucks/27/0x47414a04f29930c8e1c10f0b4791a9ddf3836efd.sol:127:25: Warning: Unused function parameter. Remove or comment out the variable name to silence this warning.
    function __callback(bytes32 myid, string result, bytes proof) {
                        ^----------^
/unique_chucks/27/0x47414a04f29930c8e1c10f0b4791a9ddf3836efd.sol:127:39: Warning: Unused function parameter. Remove or comment out the variable name to silence this warning.
    function __callback(bytes32 myid, string result, bytes proof) {
                                      ^-----------^
/unique_chucks/27/0x47414a04f29930c8e1c10f0b4791a9ddf3836efd.sol:127:54: Warning: Unused function parameter. Remove or comment out the variable name to silence this warning.
    function __callback(bytes32 myid, string result, bytes proof) {
                                                     ^---------^
/unique_chucks/27/0x47414a04f29930c8e1c10f0b4791a9ddf3836efd.sol:127:5: Warning: Function state mutability can be restricted to pure
    function __callback(bytes32 myid, string result, bytes proof) {
    ^ (Relevant source part starts here and spans across multiple lines).
/unique_chucks/27/0x47414a04f29930c8e1c10f0b4791a9ddf3836efd.sol:538:5: Warning: Function state mutability can be restricted to pure
    function parseAddr(string _a) internal returns (address){
    ^ (Relevant source part starts here and spans across multiple lines).
/unique_chucks/27/0x47414a04f29930c8e1c10f0b4791a9ddf3836efd.sol:558:5: Warning: Function state mutability can be restricted to pure
    function strCompare(string _a, string _b) internal returns (int) {
    ^ (Relevant source part starts here and spans across multiple lines).
/unique_chucks/27/0x47414a04f29930c8e1c10f0b4791a9ddf3836efd.sol:576:5: Warning: Function state mutability can be restricted to pure
    function indexOf(string _haystack, string _needle) internal returns (int) {
    ^ (Relevant source part starts here and spans across multiple lines).
/unique_chucks/27/0x47414a04f29930c8e1c10f0b4791a9ddf3836efd.sol:603:5: Warning: Function state mutability can be restricted to pure
    function strConcat(string _a, string _b, string _c, string _d, string _e) internal returns (string) {
    ^ (Relevant source part starts here and spans across multiple lines).
/unique_chucks/27/0x47414a04f29930c8e1c10f0b4791a9ddf3836efd.sol:638:5: Warning: Function state mutability can be restricted to pure
    function parseInt(string _a, uint _b) internal returns (uint) {
    ^ (Relevant source part starts here and spans across multiple lines).
/unique_chucks/27/0x47414a04f29930c8e1c10f0b4791a9ddf3836efd.sol:656:5: Warning: Function state mutability can be restricted to pure
    function uint2str(uint i) internal returns (string){
    ^ (Relevant source part starts here and spans across multiple lines).
/unique_chucks/27/0x47414a04f29930c8e1c10f0b4791a9ddf3836efd.sol:673:5: Warning: Function state mutability can be restricted to pure
    function stra2cbor(string[] arr) internal returns (bytes) {
    ^ (Relevant source part starts here and spans across multiple lines).
/unique_chucks/27/0x47414a04f29930c8e1c10f0b4791a9ddf3836efd.sol:715:5: Warning: Function state mutability can be restricted to pure
    function ba2cbor(bytes[] arr) internal returns (bytes) {
    ^ (Relevant source part starts here and spans across multiple lines).
/unique_chucks/27/0x47414a04f29930c8e1c10f0b4791a9ddf3836efd.sol:763:5: Warning: Function state mutability can be restricted to view
    function oraclize_getNetworkName() internal returns (string) {
    ^ (Relevant source part starts here and spans across multiple lines).
/unique_chucks/27/0x47414a04f29930c8e1c10f0b4791a9ddf3836efd.sol:876:5: Warning: Function state mutability can be restricted to pure
    function matchBytes32Prefix(bytes32 content, bytes prefix) internal returns (bool){
    ^ (Relevant source part starts here and spans across multiple lines).
/unique_chucks/27/0x47414a04f29930c8e1c10f0b4791a9ddf3836efd.sol:937:5: Warning: Function state mutability can be restricted to pure
    function copyBytes(bytes from, uint fromOffset, uint length, bytes to, uint toOffset) internal returns (bytes) {
    ^ (Relevant source part starts here and spans across multiple lines).

INFO:Detectors:[93m
usingOraclize.getCodeSize (/unique_chucks/27/0x47414a04f29930c8e1c10f0b4791a9ddf3836efd.sol#548-551) is declared view but contains assembly code
Reference: https://github.com/trailofbits/slither/wiki/Detectors-Documentation#constant-functions-changing-the-state[0m
INFO:Detectors:[93m
Reentrancy in EthLottery.finalizeLottery (/unique_chucks/27/0x47414a04f29930c8e1c10f0b4791a9ddf3836efd.sol#1192-1211):
	External calls:
	- require(bool)(this.balance >= oraclize_getPrice(random)) (/unique_chucks/27/0x47414a04f29930c8e1c10f0b4791a9ddf3836efd.sol#1197-1198)
	State variables written after the call(s):
	- lotteries (/unique_chucks/27/0x47414a04f29930c8e1c10f0b4791a9ddf3836efd.sol#1198-1199)
Reentrancy in EthLottery.finalizeLottery (/unique_chucks/27/0x47414a04f29930c8e1c10f0b4791a9ddf3836efd.sol#1192-1211):
	External calls:
	- require(bool)(this.balance >= oraclize_getPrice(random)) (/unique_chucks/27/0x47414a04f29930c8e1c10f0b4791a9ddf3836efd.sol#1197-1198)
	- oraclize_setProof(proofType_Ledger) (/unique_chucks/27/0x47414a04f29930c8e1c10f0b4791a9ddf3836efd.sol#1208)
	State variables written after the call(s):
	- OAR (/unique_chucks/27/0x47414a04f29930c8e1c10f0b4791a9ddf3836efd.sol#1208)
	- oraclize (/unique_chucks/27/0x47414a04f29930c8e1c10f0b4791a9ddf3836efd.sol#1208)
Reentrancy in usingOraclize.oraclizeAPI (/unique_chucks/27/0x47414a04f29930c8e1c10f0b4791a9ddf3836efd.sol#74-83):
	External calls:
	- address(oraclize) != OAR.getAddress() (/unique_chucks/27/0x47414a04f29930c8e1c10f0b4791a9ddf3836efd.sol#78-83)
	- oraclize = OraclizeI(OAR.getAddress()) (/unique_chucks/27/0x47414a04f29930c8e1c10f0b4791a9ddf3836efd.sol#82-83)
	State variables written after the call(s):
	- oraclize (/unique_chucks/27/0x47414a04f29930c8e1c10f0b4791a9ddf3836efd.sol#82-83)
Reference: https://github.com/trailofbits/slither/wiki/Detectors-Documentation#reentrancy-vulnerabilities-1[0m
INFO:Detectors:[92m
Reentrancy in EthLottery.__callback (/unique_chucks/27/0x47414a04f29930c8e1c10f0b4791a9ddf3836efd.sol):
	External calls:
	- require(bool)(msg.sender == oraclize_cbAddress()) (/unique_chucks/27/0x47414a04f29930c8e1c10f0b4791a9ddf3836efd.sol)
	State variables written after the call(s):
	- lotteries (/unique_chucks/27/0x47414a04f29930c8e1c10f0b4791a9ddf3836efd.sol)
	- lotteries (/unique_chucks/27/0x47414a04f29930c8e1c10f0b4791a9ddf3836efd.sol)
	- oraclize_randomDS_args (/unique_chucks/27/0x47414a04f29930c8e1c10f0b4791a9ddf3836efd.sol)
	- oraclize_randomDS_sessionKeysHashVerified (/unique_chucks/27/0x47414a04f29930c8e1c10f0b4791a9ddf3836efd.sol)
	- pendingWithdrawals (/unique_chucks/27/0x47414a04f29930c8e1c10f0b4791a9ddf3836efd.sol)
Reentrancy in EthLottery.finalizeLottery (/unique_chucks/27/0x47414a04f29930c8e1c10f0b4791a9ddf3836efd.sol#1192-1211):
	External calls:
	- require(bool)(this.balance >= oraclize_getPrice(random)) (/unique_chucks/27/0x47414a04f29930c8e1c10f0b4791a9ddf3836efd.sol#1197-1198)
	- oraclize_setProof(proofType_Ledger) (/unique_chucks/27/0x47414a04f29930c8e1c10f0b4791a9ddf3836efd.sol#1208)
	State variables written after the call(s):
	- oraclize_network_name (/unique_chucks/27/0x47414a04f29930c8e1c10f0b4791a9ddf3836efd.sol#1208)
Reentrancy in EthLottery.finalizeLottery (/unique_chucks/27/0x47414a04f29930c8e1c10f0b4791a9ddf3836efd.sol#1192-1211):
	External calls:
	- require(bool)(this.balance >= oraclize_getPrice(random)) (/unique_chucks/27/0x47414a04f29930c8e1c10f0b4791a9ddf3836efd.sol#1197-1198)
	- oraclize_setProof(proofType_Ledger) (/unique_chucks/27/0x47414a04f29930c8e1c10f0b4791a9ddf3836efd.sol#1208)
	- oraclize_newRandomDSQuery(delay,N,callbackGas) (/unique_chucks/27/0x47414a04f29930c8e1c10f0b4791a9ddf3836efd.sol#1208-1211)
	External calls sending eth:
	- oraclize_newRandomDSQuery(delay,N,callbackGas) (/unique_chucks/27/0x47414a04f29930c8e1c10f0b4791a9ddf3836efd.sol#1208-1211)
	State variables written after the call(s):
	- oraclize_network_name (/unique_chucks/27/0x47414a04f29930c8e1c10f0b4791a9ddf3836efd.sol#1208-1211)
	- oraclize_randomDS_args (/unique_chucks/27/0x47414a04f29930c8e1c10f0b4791a9ddf3836efd.sol#1208-1211)
Reentrancy in usingOraclize.oraclize_newRandomDSQuery (/unique_chucks/27/0x47414a04f29930c8e1c10f0b4791a9ddf3836efd.sol#781-805):
	External calls:
	- sessionKeyHash_bytes32 = oraclize_randomDS_getSessionPubKeyHash() (/unique_chucks/27/0x47414a04f29930c8e1c10f0b4791a9ddf3836efd.sol#787-790)
	- queryId = oraclize_query(_delay,random,args,_customGasLimit) (/unique_chucks/27/0x47414a04f29930c8e1c10f0b4791a9ddf3836efd.sol#801-803)
	External calls sending eth:
	- queryId = oraclize_query(_delay,random,args,_customGasLimit) (/unique_chucks/27/0x47414a04f29930c8e1c10f0b4791a9ddf3836efd.sol#801-803)
	State variables written after the call(s):
	- oraclize_network_name (/unique_chucks/27/0x47414a04f29930c8e1c10f0b4791a9ddf3836efd.sol#801-803)
	- oraclize_randomDS_args (/unique_chucks/27/0x47414a04f29930c8e1c10f0b4791a9ddf3836efd.sol#803-805)
Reference: https://github.com/trailofbits/slither/wiki/Detectors-Documentation#reentrancy-vulnerabilities-2[0m
INFO:Detectors:[92m
usingOraclize.getCodeSize uses assembly (/unique_chucks/27/0x47414a04f29930c8e1c10f0b4791a9ddf3836efd.sol#548-551)
	- /unique_chucks/27/0x47414a04f29930c8e1c10f0b4791a9ddf3836efd.sol#550-551
usingOraclize.oraclize_newRandomDSQuery uses assembly (/unique_chucks/27/0x47414a04f29930c8e1c10f0b4791a9ddf3836efd.sol#781-805)
	- /unique_chucks/27/0x47414a04f29930c8e1c10f0b4791a9ddf3836efd.sol#791-800
usingOraclize.verifySig uses assembly (/unique_chucks/27/0x47414a04f29930c8e1c10f0b4791a9ddf3836efd.sol#816-835)
	- /unique_chucks/27/0x47414a04f29930c8e1c10f0b4791a9ddf3836efd.sol#826-831
usingOraclize.copyBytes uses assembly (/unique_chucks/27/0x47414a04f29930c8e1c10f0b4791a9ddf3836efd.sol#963-981)
	- /unique_chucks/27/0x47414a04f29930c8e1c10f0b4791a9ddf3836efd.sol#975-978
usingOraclize.safer_ecrecover uses assembly (/unique_chucks/27/0x47414a04f29930c8e1c10f0b4791a9ddf3836efd.sol#987-1013)
	- /unique_chucks/27/0x47414a04f29930c8e1c10f0b4791a9ddf3836efd.sol#1004-1013
usingOraclize.ecrecovery uses assembly (/unique_chucks/27/0x47414a04f29930c8e1c10f0b4791a9ddf3836efd.sol#1017-1079)
	- /unique_chucks/27/0x47414a04f29930c8e1c10f0b4791a9ddf3836efd.sol#1028-1071
Reference: https://github.com/trailofbits/slither/wiki/Detectors-Documentation#assembly-usage[0m
INFO:Detectors:[92m
OraclizeI.cbAddress should be constant (/unique_chucks/27/0x47414a04f29930c8e1c10f0b4791a9ddf3836efd.sol#37)
Reference: https://github.com/trailofbits/slither/wiki/Detectors-Documentation#state-variables-that-could-be-declared-constant[0m
INFO:Detectors:[92m
Different versions of Solidity is used in /unique_chucks/27/0x47414a04f29930c8e1c10f0b4791a9ddf3836efd.sol:
	- Version used: ['^0.4.0', '^0.4.18']
	- /unique_chucks/27/0x47414a04f29930c8e1c10f0b4791a9ddf3836efd.sol#1 declares pragma solidity^0.4.18
	- /unique_chucks/27/0x47414a04f29930c8e1c10f0b4791a9ddf3836efd.sol#33 declares pragma solidity^0.4.0
Reference: https://github.com/trailofbits/slither/wiki/Detectors-Documentation#different-pragma-directives-are-used[0m
INFO:Detectors:[92m
Deprecated standard detected @ /unique_chucks/27/0x47414a04f29930c8e1c10f0b4791a9ddf3836efd.sol#782:
	- Usage of "throw" should be replaced with "revert()"
Deprecated standard detected @ /unique_chucks/27/0x47414a04f29930c8e1c10f0b4791a9ddf3836efd.sol#803-805:
	- Usage of "sha3()" should be replaced with "keccak256()"
Deprecated standard detected @ /unique_chucks/27/0x47414a04f29930c8e1c10f0b4791a9ddf3836efd.sol#832-835:
	- Usage of "sha3()" should be replaced with "keccak256()"
Deprecated standard detected @ /unique_chucks/27/0x47414a04f29930c8e1c10f0b4791a9ddf3836efd.sol#834-835:
	- Usage of "sha3()" should be replaced with "keccak256()"
Deprecated standard detected @ /unique_chucks/27/0x47414a04f29930c8e1c10f0b4791a9ddf3836efd.sol#909-911:
	- Usage of "sha3()" should be replaced with "keccak256()"
Deprecated standard detected @ /unique_chucks/27/0x47414a04f29930c8e1c10f0b4791a9ddf3836efd.sol#932-937:
	- Usage of "sha3()" should be replaced with "keccak256()"
Deprecated standard detected @ /unique_chucks/27/0x47414a04f29930c8e1c10f0b4791a9ddf3836efd.sol#966:
	- Usage of "throw" should be replaced with "revert()"
Deprecated standard detected @ /unique_chucks/27/0x47414a04f29930c8e1c10f0b4791a9ddf3836efd.sol#879:
	- Usage of "throw" should be replaced with "revert()"
Deprecated standard detected @ /unique_chucks/27/0x47414a04f29930c8e1c10f0b4791a9ddf3836efd.sol#886:
	- Usage of "throw" should be replaced with "revert()"
Deprecated standard detected @ /unique_chucks/27/0x47414a04f29930c8e1c10f0b4791a9ddf3836efd.sol:
	- Usage of "sha3()" should be replaced with "keccak256()"
Reference: https://github.com/trailofbits/slither/wiki/Detectors-Documentation#deprecated-standards[0m
INFO:Detectors:[92m
OraclizeI.query (/unique_chucks/27/0x47414a04f29930c8e1c10f0b4791a9ddf3836efd.sol#37-38) should be declared external
OraclizeI.query_withGasLimit (/unique_chucks/27/0x47414a04f29930c8e1c10f0b4791a9ddf3836efd.sol#38-39) should be declared external
OraclizeI.query2 (/unique_chucks/27/0x47414a04f29930c8e1c10f0b4791a9ddf3836efd.sol#39-40) should be declared external
OraclizeI.query2_withGasLimit (/unique_chucks/27/0x47414a04f29930c8e1c10f0b4791a9ddf3836efd.sol#40-41) should be declared external
OraclizeI.queryN (/unique_chucks/27/0x47414a04f29930c8e1c10f0b4791a9ddf3836efd.sol#41-42) should be declared external
OraclizeI.queryN_withGasLimit (/unique_chucks/27/0x47414a04f29930c8e1c10f0b4791a9ddf3836efd.sol#42-43) should be declared external
OraclizeI.getPrice (/unique_chucks/27/0x47414a04f29930c8e1c10f0b4791a9ddf3836efd.sol#43-44) should be declared external
OraclizeI.getPrice (/unique_chucks/27/0x47414a04f29930c8e1c10f0b4791a9ddf3836efd.sol#44-46) should be declared external
OraclizeI.useCoupon (/unique_chucks/27/0x47414a04f29930c8e1c10f0b4791a9ddf3836efd.sol#46) should be declared external
OraclizeI.setProofType (/unique_chucks/27/0x47414a04f29930c8e1c10f0b4791a9ddf3836efd.sol#47-48) should be declared external
OraclizeI.setConfig (/unique_chucks/27/0x47414a04f29930c8e1c10f0b4791a9ddf3836efd.sol#48) should be declared external
OraclizeI.setCustomGasPrice (/unique_chucks/27/0x47414a04f29930c8e1c10f0b4791a9ddf3836efd.sol#49) should be declared external
OraclizeI.randomDS_getSessionPubKeyHash (/unique_chucks/27/0x47414a04f29930c8e1c10f0b4791a9ddf3836efd.sol#49-52) should be declared external
OraclizeAddrResolverI.getAddress (/unique_chucks/27/0x47414a04f29930c8e1c10f0b4791a9ddf3836efd.sol#54-55) should be declared external
usingOraclize.__callback (/unique_chucks/27/0x47414a04f29930c8e1c10f0b4791a9ddf3836efd.sol#127-130) should be declared external
Ownable.changeOwner (/unique_chucks/27/0x47414a04f29930c8e1c10f0b4791a9ddf3836efd.sol#1089-1097) should be declared external
Withdrawable.withdraw (/unique_chucks/27/0x47414a04f29930c8e1c10f0b4791a9ddf3836efd.sol#1098-1107) should be declared external
EthLottery.initLottery (/unique_chucks/27/0x47414a04f29930c8e1c10f0b4791a9ddf3836efd.sol#1130-1141) should be declared external
EthLottery.getLotteryDetails (/unique_chucks/27/0x47414a04f29930c8e1c10f0b4791a9ddf3836efd.sol#1143-1163) should be declared external
EthLottery.purchaseTicket (/unique_chucks/27/0x47414a04f29930c8e1c10f0b4791a9ddf3836efd.sol#1163-1190) should be declared external
EthLottery.finalizeLottery (/unique_chucks/27/0x47414a04f29930c8e1c10f0b4791a9ddf3836efd.sol#1192-1211) should be declared external
Reference: https://github.com/trailofbits/slither/wiki/Detectors-Documentation#public-function-that-could-be-declared-as-external[0m
INFO:Detectors:[92m
Detected issues with version pragma in /unique_chucks/27/0x47414a04f29930c8e1c10f0b4791a9ddf3836efd.sol:
	- pragma solidity^0.4.18 (/unique_chucks/27/0x47414a04f29930c8e1c10f0b4791a9ddf3836efd.sol#1): it allows old versions
	- pragma solidity^0.4.0 (/unique_chucks/27/0x47414a04f29930c8e1c10f0b4791a9ddf3836efd.sol#33): it allows old versions
Reference: https://github.com/trailofbits/slither/wiki/Detectors-Documentation#incorrect-version-of-solidity[0m
INFO:Detectors:[92m
Function 'OraclizeI.query_withGasLimit' (/unique_chucks/27/0x47414a04f29930c8e1c10f0b4791a9ddf3836efd.sol#38-39) is not in mixedCase
Function 'OraclizeI.query2_withGasLimit' (/unique_chucks/27/0x47414a04f29930c8e1c10f0b4791a9ddf3836efd.sol#40-41) is not in mixedCase
Function 'OraclizeI.queryN_withGasLimit' (/unique_chucks/27/0x47414a04f29930c8e1c10f0b4791a9ddf3836efd.sol#42-43) is not in mixedCase
Function 'OraclizeI.randomDS_getSessionPubKeyHash' (/unique_chucks/27/0x47414a04f29930c8e1c10f0b4791a9ddf3836efd.sol#49-52) is not in mixedCase
Contract 'usingOraclize' (/unique_chucks/27/0x47414a04f29930c8e1c10f0b4791a9ddf3836efd.sol#55-1079) is not in CapWords
Function 'usingOraclize.oraclize_setNetwork' (/unique_chucks/27/0x47414a04f29930c8e1c10f0b4791a9ddf3836efd.sol#89-127) is not in mixedCase
Function 'usingOraclize.__callback' (/unique_chucks/27/0x47414a04f29930c8e1c10f0b4791a9ddf3836efd.sol#127-130) is not in mixedCase
Function 'usingOraclize.__callback' (/unique_chucks/27/0x47414a04f29930c8e1c10f0b4791a9ddf3836efd.sol#130-134) is not in mixedCase
Function 'usingOraclize.oraclize_useCoupon' (/unique_chucks/27/0x47414a04f29930c8e1c10f0b4791a9ddf3836efd.sol#134-135) is not in mixedCase
Function 'usingOraclize.oraclize_getPrice' (/unique_chucks/27/0x47414a04f29930c8e1c10f0b4791a9ddf3836efd.sol#136-139) is not in mixedCase
Function 'usingOraclize.oraclize_getPrice' (/unique_chucks/27/0x47414a04f29930c8e1c10f0b4791a9ddf3836efd.sol#139-143) is not in mixedCase
Function 'usingOraclize.oraclize_query' (/unique_chucks/27/0x47414a04f29930c8e1c10f0b4791a9ddf3836efd.sol#143-148) is not in mixedCase
Function 'usingOraclize.oraclize_query' (/unique_chucks/27/0x47414a04f29930c8e1c10f0b4791a9ddf3836efd.sol#148-153) is not in mixedCase
Function 'usingOraclize.oraclize_query' (/unique_chucks/27/0x47414a04f29930c8e1c10f0b4791a9ddf3836efd.sol#153-158) is not in mixedCase
Function 'usingOraclize.oraclize_query' (/unique_chucks/27/0x47414a04f29930c8e1c10f0b4791a9ddf3836efd.sol#158-163) is not in mixedCase
Function 'usingOraclize.oraclize_query' (/unique_chucks/27/0x47414a04f29930c8e1c10f0b4791a9ddf3836efd.sol#163-168) is not in mixedCase
Function 'usingOraclize.oraclize_query' (/unique_chucks/27/0x47414a04f29930c8e1c10f0b4791a9ddf3836efd.sol#168-173) is not in mixedCase
Function 'usingOraclize.oraclize_query' (/unique_chucks/27/0x47414a04f29930c8e1c10f0b4791a9ddf3836efd.sol#173-178) is not in mixedCase
Function 'usingOraclize.oraclize_query' (/unique_chucks/27/0x47414a04f29930c8e1c10f0b4791a9ddf3836efd.sol#178-184) is not in mixedCase
Function 'usingOraclize.oraclize_query' (/unique_chucks/27/0x47414a04f29930c8e1c10f0b4791a9ddf3836efd.sol#184-190) is not in mixedCase
Function 'usingOraclize.oraclize_query' (/unique_chucks/27/0x47414a04f29930c8e1c10f0b4791a9ddf3836efd.sol#190-195) is not in mixedCase
Function 'usingOraclize.oraclize_query' (/unique_chucks/27/0x47414a04f29930c8e1c10f0b4791a9ddf3836efd.sol#195-202) is not in mixedCase
Function 'usingOraclize.oraclize_query' (/unique_chucks/27/0x47414a04f29930c8e1c10f0b4791a9ddf3836efd.sol#202-209) is not in mixedCase
Function 'usingOraclize.oraclize_query' (/unique_chucks/27/0x47414a04f29930c8e1c10f0b4791a9ddf3836efd.sol#209-214) is not in mixedCase
Function 'usingOraclize.oraclize_query' (/unique_chucks/27/0x47414a04f29930c8e1c10f0b4791a9ddf3836efd.sol#214-218) is not in mixedCase
Function 'usingOraclize.oraclize_query' (/unique_chucks/27/0x47414a04f29930c8e1c10f0b4791a9ddf3836efd.sol#219-224) is not in mixedCase
Function 'usingOraclize.oraclize_query' (/unique_chucks/27/0x47414a04f29930c8e1c10f0b4791a9ddf3836efd.sol#224-231) is not in mixedCase
Function 'usingOraclize.oraclize_query' (/unique_chucks/27/0x47414a04f29930c8e1c10f0b4791a9ddf3836efd.sol#231-236) is not in mixedCase
Function 'usingOraclize.oraclize_query' (/unique_chucks/27/0x47414a04f29930c8e1c10f0b4791a9ddf3836efd.sol#237-242) is not in mixedCase
Function 'usingOraclize.oraclize_query' (/unique_chucks/27/0x47414a04f29930c8e1c10f0b4791a9ddf3836efd.sol#242-249) is not in mixedCase
Function 'usingOraclize.oraclize_query' (/unique_chucks/27/0x47414a04f29930c8e1c10f0b4791a9ddf3836efd.sol#249-256) is not in mixedCase
Function 'usingOraclize.oraclize_query' (/unique_chucks/27/0x47414a04f29930c8e1c10f0b4791a9ddf3836efd.sol#256-262) is not in mixedCase
Function 'usingOraclize.oraclize_query' (/unique_chucks/27/0x47414a04f29930c8e1c10f0b4791a9ddf3836efd.sol#262-269) is not in mixedCase
Function 'usingOraclize.oraclize_query' (/unique_chucks/27/0x47414a04f29930c8e1c10f0b4791a9ddf3836efd.sol#269-277) is not in mixedCase
Function 'usingOraclize.oraclize_query' (/unique_chucks/27/0x47414a04f29930c8e1c10f0b4791a9ddf3836efd.sol#277-285) is not in mixedCase
Function 'usingOraclize.oraclize_query' (/unique_chucks/27/0x47414a04f29930c8e1c10f0b4791a9ddf3836efd.sol#286-293) is not in mixedCase
Function 'usingOraclize.oraclize_query' (/unique_chucks/27/0x47414a04f29930c8e1c10f0b4791a9ddf3836efd.sol#293-301) is not in mixedCase
Function 'usingOraclize.oraclize_query' (/unique_chucks/27/0x47414a04f29930c8e1c10f0b4791a9ddf3836efd.sol#301-310) is not in mixedCase
Function 'usingOraclize.oraclize_query' (/unique_chucks/27/0x47414a04f29930c8e1c10f0b4791a9ddf3836efd.sol#310-319) is not in mixedCase
Function 'usingOraclize.oraclize_query' (/unique_chucks/27/0x47414a04f29930c8e1c10f0b4791a9ddf3836efd.sol#319-327) is not in mixedCase
Function 'usingOraclize.oraclize_query' (/unique_chucks/27/0x47414a04f29930c8e1c10f0b4791a9ddf3836efd.sol#328-336) is not in mixedCase
Function 'usingOraclize.oraclize_query' (/unique_chucks/27/0x47414a04f29930c8e1c10f0b4791a9ddf3836efd.sol#336-346) is not in mixedCase
Function 'usingOraclize.oraclize_query' (/unique_chucks/27/0x47414a04f29930c8e1c10f0b4791a9ddf3836efd.sol#346-352) is not in mixedCase
Function 'usingOraclize.oraclize_query' (/unique_chucks/27/0x47414a04f29930c8e1c10f0b4791a9ddf3836efd.sol#352-358) is not in mixedCase
Function 'usingOraclize.oraclize_query' (/unique_chucks/27/0x47414a04f29930c8e1c10f0b4791a9ddf3836efd.sol#358-364) is not in mixedCase
Function 'usingOraclize.oraclize_query' (/unique_chucks/27/0x47414a04f29930c8e1c10f0b4791a9ddf3836efd.sol#364-370) is not in mixedCase
Function 'usingOraclize.oraclize_query' (/unique_chucks/27/0x47414a04f29930c8e1c10f0b4791a9ddf3836efd.sol#370-378) is not in mixedCase
Function 'usingOraclize.oraclize_query' (/unique_chucks/27/0x47414a04f29930c8e1c10f0b4791a9ddf3836efd.sol#378-382) is not in mixedCase
Function 'usingOraclize.oraclize_query' (/unique_chucks/27/0x47414a04f29930c8e1c10f0b4791a9ddf3836efd.sol#382-387) is not in mixedCase
Function 'usingOraclize.oraclize_query' (/unique_chucks/27/0x47414a04f29930c8e1c10f0b4791a9ddf3836efd.sol#387-393) is not in mixedCase
Function 'usingOraclize.oraclize_query' (/unique_chucks/27/0x47414a04f29930c8e1c10f0b4791a9ddf3836efd.sol#394-399) is not in mixedCase
Function 'usingOraclize.oraclize_query' (/unique_chucks/27/0x47414a04f29930c8e1c10f0b4791a9ddf3836efd.sol#400-405) is not in mixedCase
Function 'usingOraclize.oraclize_query' (/unique_chucks/27/0x47414a04f29930c8e1c10f0b4791a9ddf3836efd.sol#405-411) is not in mixedCase
Function 'usingOraclize.oraclize_query' (/unique_chucks/27/0x47414a04f29930c8e1c10f0b4791a9ddf3836efd.sol#411-418) is not in mixedCase
Function 'usingOraclize.oraclize_query' (/unique_chucks/27/0x47414a04f29930c8e1c10f0b4791a9ddf3836efd.sol#418-424) is not in mixedCase
Function 'usingOraclize.oraclize_query' (/unique_chucks/27/0x47414a04f29930c8e1c10f0b4791a9ddf3836efd.sol#424-431) is not in mixedCase
Function 'usingOraclize.oraclize_query' (/unique_chucks/27/0x47414a04f29930c8e1c10f0b4791a9ddf3836efd.sol#431-438) is not in mixedCase
Function 'usingOraclize.oraclize_query' (/unique_chucks/27/0x47414a04f29930c8e1c10f0b4791a9ddf3836efd.sol#438-446) is not in mixedCase
Function 'usingOraclize.oraclize_query' (/unique_chucks/27/0x47414a04f29930c8e1c10f0b4791a9ddf3836efd.sol#447-454) is not in mixedCase
Function 'usingOraclize.oraclize_query' (/unique_chucks/27/0x47414a04f29930c8e1c10f0b4791a9ddf3836efd.sol#454-462) is not in mixedCase
Function 'usingOraclize.oraclize_query' (/unique_chucks/27/0x47414a04f29930c8e1c10f0b4791a9ddf3836efd.sol#462-470) is not in mixedCase
Function 'usingOraclize.oraclize_query' (/unique_chucks/27/0x47414a04f29930c8e1c10f0b4791a9ddf3836efd.sol#470-479) is not in mixedCase
Function 'usingOraclize.oraclize_query' (/unique_chucks/27/0x47414a04f29930c8e1c10f0b4791a9ddf3836efd.sol#479-487) is not in mixedCase
Function 'usingOraclize.oraclize_query' (/unique_chucks/27/0x47414a04f29930c8e1c10f0b4791a9ddf3836efd.sol#487-496) is not in mixedCase
Function 'usingOraclize.oraclize_query' (/unique_chucks/27/0x47414a04f29930c8e1c10f0b4791a9ddf3836efd.sol#496-505) is not in mixedCase
Function 'usingOraclize.oraclize_query' (/unique_chucks/27/0x47414a04f29930c8e1c10f0b4791a9ddf3836efd.sol#505-517) is not in mixedCase
Function 'usingOraclize.oraclize_query' (/unique_chucks/27/0x47414a04f29930c8e1c10f0b4791a9ddf3836efd.sol#518-528) is not in mixedCase
Function 'usingOraclize.oraclize_cbAddress' (/unique_chucks/27/0x47414a04f29930c8e1c10f0b4791a9ddf3836efd.sol#528-529) is not in mixedCase
Function 'usingOraclize.oraclize_setProof' (/unique_chucks/27/0x47414a04f29930c8e1c10f0b4791a9ddf3836efd.sol#529-533) is not in mixedCase
Function 'usingOraclize.oraclize_setCustomGasPrice' (/unique_chucks/27/0x47414a04f29930c8e1c10f0b4791a9ddf3836efd.sol#534-539) is not in mixedCase
Function 'usingOraclize.oraclize_setConfig' (/unique_chucks/27/0x47414a04f29930c8e1c10f0b4791a9ddf3836efd.sol#539-543) is not in mixedCase
Function 'usingOraclize.oraclize_randomDS_getSessionPubKeyHash' (/unique_chucks/27/0x47414a04f29930c8e1c10f0b4791a9ddf3836efd.sol#544-548) is not in mixedCase
Parameter '_a' of usingOraclize.parseAddr (/unique_chucks/27/0x47414a04f29930c8e1c10f0b4791a9ddf3836efd.sol#551) is not in mixedCase
Parameter '_a' of usingOraclize.strCompare (/unique_chucks/27/0x47414a04f29930c8e1c10f0b4791a9ddf3836efd.sol#576) is not in mixedCase
Parameter '_b' of usingOraclize.strCompare (/unique_chucks/27/0x47414a04f29930c8e1c10f0b4791a9ddf3836efd.sol#576) is not in mixedCase
Parameter '_haystack' of usingOraclize.indexOf (/unique_chucks/27/0x47414a04f29930c8e1c10f0b4791a9ddf3836efd.sol#591) is not in mixedCase
Parameter '_needle' of usingOraclize.indexOf (/unique_chucks/27/0x47414a04f29930c8e1c10f0b4791a9ddf3836efd.sol#591) is not in mixedCase
Parameter '_a' of usingOraclize.strConcat (/unique_chucks/27/0x47414a04f29930c8e1c10f0b4791a9ddf3836efd.sol#614) is not in mixedCase
Parameter '_b' of usingOraclize.strConcat (/unique_chucks/27/0x47414a04f29930c8e1c10f0b4791a9ddf3836efd.sol#614) is not in mixedCase
Parameter '_c' of usingOraclize.strConcat (/unique_chucks/27/0x47414a04f29930c8e1c10f0b4791a9ddf3836efd.sol#614) is not in mixedCase
Parameter '_d' of usingOraclize.strConcat (/unique_chucks/27/0x47414a04f29930c8e1c10f0b4791a9ddf3836efd.sol#614-615) is not in mixedCase
Parameter '_e' of usingOraclize.strConcat (/unique_chucks/27/0x47414a04f29930c8e1c10f0b4791a9ddf3836efd.sol#615) is not in mixedCase
Parameter '_a' of usingOraclize.strConcat (/unique_chucks/27/0x47414a04f29930c8e1c10f0b4791a9ddf3836efd.sol#639) is not in mixedCase
Parameter '_b' of usingOraclize.strConcat (/unique_chucks/27/0x47414a04f29930c8e1c10f0b4791a9ddf3836efd.sol#639) is not in mixedCase
Parameter '_c' of usingOraclize.strConcat (/unique_chucks/27/0x47414a04f29930c8e1c10f0b4791a9ddf3836efd.sol#639-640) is not in mixedCase
Parameter '_d' of usingOraclize.strConcat (/unique_chucks/27/0x47414a04f29930c8e1c10f0b4791a9ddf3836efd.sol#640) is not in mixedCase
Parameter '_a' of usingOraclize.strConcat (/unique_chucks/27/0x47414a04f29930c8e1c10f0b4791a9ddf3836efd.sol#643) is not in mixedCase
Parameter '_b' of usingOraclize.strConcat (/unique_chucks/27/0x47414a04f29930c8e1c10f0b4791a9ddf3836efd.sol#643) is not in mixedCase
Parameter '_c' of usingOraclize.strConcat (/unique_chucks/27/0x47414a04f29930c8e1c10f0b4791a9ddf3836efd.sol#643) is not in mixedCase
Parameter '_a' of usingOraclize.strConcat (/unique_chucks/27/0x47414a04f29930c8e1c10f0b4791a9ddf3836efd.sol#647) is not in mixedCase
Parameter '_b' of usingOraclize.strConcat (/unique_chucks/27/0x47414a04f29930c8e1c10f0b4791a9ddf3836efd.sol#648) is not in mixedCase
Parameter '_a' of usingOraclize.parseInt (/unique_chucks/27/0x47414a04f29930c8e1c10f0b4791a9ddf3836efd.sol#651-652) is not in mixedCase
Parameter '_a' of usingOraclize.parseInt (/unique_chucks/27/0x47414a04f29930c8e1c10f0b4791a9ddf3836efd.sol#657) is not in mixedCase
Parameter '_b' of usingOraclize.parseInt (/unique_chucks/27/0x47414a04f29930c8e1c10f0b4791a9ddf3836efd.sol#657) is not in mixedCase
Function 'usingOraclize.oraclize_setNetworkName' (/unique_chucks/27/0x47414a04f29930c8e1c10f0b4791a9ddf3836efd.sol#776-778) is not in mixedCase
Parameter '_network_name' of usingOraclize.oraclize_setNetworkName (/unique_chucks/27/0x47414a04f29930c8e1c10f0b4791a9ddf3836efd.sol#776) is not in mixedCase
Function 'usingOraclize.oraclize_getNetworkName' (/unique_chucks/27/0x47414a04f29930c8e1c10f0b4791a9ddf3836efd.sol#778-780) is not in mixedCase
Function 'usingOraclize.oraclize_newRandomDSQuery' (/unique_chucks/27/0x47414a04f29930c8e1c10f0b4791a9ddf3836efd.sol#781-805) is not in mixedCase
Parameter '_delay' of usingOraclize.oraclize_newRandomDSQuery (/unique_chucks/27/0x47414a04f29930c8e1c10f0b4791a9ddf3836efd.sol#781) is not in mixedCase
Parameter '_nbytes' of usingOraclize.oraclize_newRandomDSQuery (/unique_chucks/27/0x47414a04f29930c8e1c10f0b4791a9ddf3836efd.sol#781) is not in mixedCase
Parameter '_customGasLimit' of usingOraclize.oraclize_newRandomDSQuery (/unique_chucks/27/0x47414a04f29930c8e1c10f0b4791a9ddf3836efd.sol#781-782) is not in mixedCase
Function 'usingOraclize.oraclize_randomDS_setCommitment' (/unique_chucks/27/0x47414a04f29930c8e1c10f0b4791a9ddf3836efd.sol#805-813) is not in mixedCase
Function 'usingOraclize.oraclize_randomDS_proofVerify__sessionKeyValidity' (/unique_chucks/27/0x47414a04f29930c8e1c10f0b4791a9ddf3836efd.sol#836-870) is not in mixedCase
Function 'usingOraclize.oraclize_randomDS_proofVerify__returnCode' (/unique_chucks/27/0x47414a04f29930c8e1c10f0b4791a9ddf3836efd.sol#886-897) is not in mixedCase
Parameter '_queryId' of usingOraclize.oraclize_randomDS_proofVerify__returnCode (/unique_chucks/27/0x47414a04f29930c8e1c10f0b4791a9ddf3836efd.sol#886-887) is not in mixedCase
Parameter '_result' of usingOraclize.oraclize_randomDS_proofVerify__returnCode (/unique_chucks/27/0x47414a04f29930c8e1c10f0b4791a9ddf3836efd.sol#887-889) is not in mixedCase
Parameter '_proof' of usingOraclize.oraclize_randomDS_proofVerify__returnCode (/unique_chucks/27/0x47414a04f29930c8e1c10f0b4791a9ddf3836efd.sol#889-890) is not in mixedCase
Function 'usingOraclize.oraclize_randomDS_proofVerify__main' (/unique_chucks/27/0x47414a04f29930c8e1c10f0b4791a9ddf3836efd.sol#901-961) is not in mixedCase
Parameter 'context_name' of usingOraclize.oraclize_randomDS_proofVerify__main (/unique_chucks/27/0x47414a04f29930c8e1c10f0b4791a9ddf3836efd.sol#903-904) is not in mixedCase
Function 'usingOraclize.safer_ecrecover' (/unique_chucks/27/0x47414a04f29930c8e1c10f0b4791a9ddf3836efd.sol#987-1013) is not in mixedCase
Constant 'usingOraclize.day' (/unique_chucks/27/0x47414a04f29930c8e1c10f0b4791a9ddf3836efd.sol#56-57) is not in UPPER_CASE_WITH_UNDERSCORES
Constant 'usingOraclize.week' (/unique_chucks/27/0x47414a04f29930c8e1c10f0b4791a9ddf3836efd.sol#57-58) is not in UPPER_CASE_WITH_UNDERSCORES
Constant 'usingOraclize.month' (/unique_chucks/27/0x47414a04f29930c8e1c10f0b4791a9ddf3836efd.sol#58-59) is not in UPPER_CASE_WITH_UNDERSCORES
Constant 'usingOraclize.proofType_NONE' (/unique_chucks/27/0x47414a04f29930c8e1c10f0b4791a9ddf3836efd.sol#59-60) is not in UPPER_CASE_WITH_UNDERSCORES
Constant 'usingOraclize.proofType_TLSNotary' (/unique_chucks/27/0x47414a04f29930c8e1c10f0b4791a9ddf3836efd.sol#60-61) is not in UPPER_CASE_WITH_UNDERSCORES
Constant 'usingOraclize.proofType_Android' (/unique_chucks/27/0x47414a04f29930c8e1c10f0b4791a9ddf3836efd.sol#61-62) is not in UPPER_CASE_WITH_UNDERSCORES
Constant 'usingOraclize.proofType_Ledger' (/unique_chucks/27/0x47414a04f29930c8e1c10f0b4791a9ddf3836efd.sol#62-63) is not in UPPER_CASE_WITH_UNDERSCORES
Constant 'usingOraclize.proofType_Native' (/unique_chucks/27/0x47414a04f29930c8e1c10f0b4791a9ddf3836efd.sol#63-64) is not in UPPER_CASE_WITH_UNDERSCORES
Constant 'usingOraclize.proofStorage_IPFS' (/unique_chucks/27/0x47414a04f29930c8e1c10f0b4791a9ddf3836efd.sol#64-65) is not in UPPER_CASE_WITH_UNDERSCORES
Constant 'usingOraclize.networkID_auto' (/unique_chucks/27/0x47414a04f29930c8e1c10f0b4791a9ddf3836efd.sol#65-66) is not in UPPER_CASE_WITH_UNDERSCORES
Constant 'usingOraclize.networkID_mainnet' (/unique_chucks/27/0x47414a04f29930c8e1c10f0b4791a9ddf3836efd.sol#66-67) is not in UPPER_CASE_WITH_UNDERSCORES
Constant 'usingOraclize.networkID_testnet' (/unique_chucks/27/0x47414a04f29930c8e1c10f0b4791a9ddf3836efd.sol#67-68) is not in UPPER_CASE_WITH_UNDERSCORES
Constant 'usingOraclize.networkID_morden' (/unique_chucks/27/0x47414a04f29930c8e1c10f0b4791a9ddf3836efd.sol#68-70) is not in UPPER_CASE_WITH_UNDERSCORES
Constant 'usingOraclize.networkID_consensys' (/unique_chucks/27/0x47414a04f29930c8e1c10f0b4791a9ddf3836efd.sol#70-73) is not in UPPER_CASE_WITH_UNDERSCORES
Variable 'usingOraclize.OAR' (/unique_chucks/27/0x47414a04f29930c8e1c10f0b4791a9ddf3836efd.sol#73-74) is not in mixedCase
Variable 'usingOraclize.oraclize_network_name' (/unique_chucks/27/0x47414a04f29930c8e1c10f0b4791a9ddf3836efd.sol#776) is not in mixedCase
Variable 'usingOraclize.oraclize_randomDS_args' (/unique_chucks/27/0x47414a04f29930c8e1c10f0b4791a9ddf3836efd.sol#813-814) is not in mixedCase
Variable 'usingOraclize.oraclize_randomDS_sessionKeysHashVerified' (/unique_chucks/27/0x47414a04f29930c8e1c10f0b4791a9ddf3836efd.sol#814-816) is not in mixedCase
Modifier 'usingOraclize.oraclize_randomDS_proofVerify' (/unique_chucks/27/0x47414a04f29930c8e1c10f0b4791a9ddf3836efd.sol#870-886) is not in mixedCase
Function 'Ownable.Ownable' (/unique_chucks/27/0x47414a04f29930c8e1c10f0b4791a9ddf3836efd.sol#1083-1085) is not in mixedCase
Event 'EthLottery.onTicketPurchase' (/unique_chucks/27/0x47414a04f29930c8e1c10f0b4791a9ddf3836efd.sol#1109-1112) is not in CapWords
Event 'EthLottery.onLotteryFinalized' (/unique_chucks/27/0x47414a04f29930c8e1c10f0b4791a9ddf3836efd.sol#1112-1113) is not in CapWords
Function 'EthLottery.__callback' (/unique_chucks/27/0x47414a04f29930c8e1c10f0b4791a9ddf3836efd.sol) is not in mixedCase
Reference: https://github.com/trailofbits/slither/wiki/Detectors-Documentation#conformance-to-solidity-naming-conventions[0m
INFO:Detectors:[92m
usingOraclize.day (/unique_chucks/27/0x47414a04f29930c8e1c10f0b4791a9ddf3836efd.sol#56-57) is never used in EthLottery
usingOraclize.week (/unique_chucks/27/0x47414a04f29930c8e1c10f0b4791a9ddf3836efd.sol#57-58) is never used in EthLottery
usingOraclize.month (/unique_chucks/27/0x47414a04f29930c8e1c10f0b4791a9ddf3836efd.sol#58-59) is never used in EthLottery
usingOraclize.proofType_NONE (/unique_chucks/27/0x47414a04f29930c8e1c10f0b4791a9ddf3836efd.sol#59-60) is never used in EthLottery
usingOraclize.proofType_TLSNotary (/unique_chucks/27/0x47414a04f29930c8e1c10f0b4791a9ddf3836efd.sol#60-61) is never used in EthLottery
usingOraclize.proofType_Android (/unique_chucks/27/0x47414a04f29930c8e1c10f0b4791a9ddf3836efd.sol#61-62) is never used in EthLottery
usingOraclize.proofType_Native (/unique_chucks/27/0x47414a04f29930c8e1c10f0b4791a9ddf3836efd.sol#63-64) is never used in EthLottery
usingOraclize.proofStorage_IPFS (/unique_chucks/27/0x47414a04f29930c8e1c10f0b4791a9ddf3836efd.sol#64-65) is never used in EthLottery
usingOraclize.networkID_mainnet (/unique_chucks/27/0x47414a04f29930c8e1c10f0b4791a9ddf3836efd.sol#66-67) is never used in EthLottery
usingOraclize.networkID_testnet (/unique_chucks/27/0x47414a04f29930c8e1c10f0b4791a9ddf3836efd.sol#67-68) is never used in EthLottery
usingOraclize.networkID_morden (/unique_chucks/27/0x47414a04f29930c8e1c10f0b4791a9ddf3836efd.sol#68-70) is never used in EthLottery
usingOraclize.networkID_consensys (/unique_chucks/27/0x47414a04f29930c8e1c10f0b4791a9ddf3836efd.sol#70-73) is never used in EthLottery
Reference: https://github.com/trailofbits/slither/wiki/Detectors-Documentation#unused-state-variables[0m
INFO:Slither:/unique_chucks/27/0x47414a04f29930c8e1c10f0b4791a9ddf3836efd.sol analyzed (6 contracts), 182 result(s) found