INFO:Slither:Compilation warnings/errors on /unique_chucks/20/0x1dabf6ab0eb8e4208e7e9302cec7a014068952e4.sol:
/unique_chucks/20/0x1dabf6ab0eb8e4208e7e9302cec7a014068952e4.sol:61:5: Warning: Defining constructors as functions with the same name as the contract is deprecated. Use "constructor(...) { ... }" instead.
    function Owned() public {
    ^ (Relevant source part starts here and spans across multiple lines).
/unique_chucks/20/0x1dabf6ab0eb8e4208e7e9302cec7a014068952e4.sol:92:5: Warning: Defining constructors as functions with the same name as the contract is deprecated. Use "constructor(...) { ... }" instead.
    function Curate() public {
    ^ (Relevant source part starts here and spans across multiple lines).
/unique_chucks/20/0x1dabf6ab0eb8e4208e7e9302cec7a014068952e4.sol:75:9: Warning: Invoking events without "emit" prefix is deprecated.
        OwnershipTransferred(owner, newOwner);
        ^-----------------------------------^
/unique_chucks/20/0x1dabf6ab0eb8e4208e7e9302cec7a014068952e4.sol:98:9: Warning: Invoking events without "emit" prefix is deprecated.
        Transfer(address(0), 0x0C385826a86F6f821625F1C050e386bC57F62555, _totalSupply);
        ^----------------------------------------------------------------------------^
/unique_chucks/20/0x1dabf6ab0eb8e4208e7e9302cec7a014068952e4.sol:115:9: Warning: Invoking events without "emit" prefix is deprecated.
        Transfer(msg.sender, to, tokens);
        ^------------------------------^
/unique_chucks/20/0x1dabf6ab0eb8e4208e7e9302cec7a014068952e4.sol:122:9: Warning: Invoking events without "emit" prefix is deprecated.
        Approval(msg.sender, spender, tokens);
        ^-----------------------------------^
/unique_chucks/20/0x1dabf6ab0eb8e4208e7e9302cec7a014068952e4.sol:131:9: Warning: Invoking events without "emit" prefix is deprecated.
        Transfer(from, to, tokens);
        ^------------------------^
/unique_chucks/20/0x1dabf6ab0eb8e4208e7e9302cec7a014068952e4.sol:143:9: Warning: Invoking events without "emit" prefix is deprecated.
        Approval(msg.sender, spender, tokens);
        ^-----------------------------------^

INFO:Detectors:[93m
Contract locking ether found in /unique_chucks/20/0x1dabf6ab0eb8e4208e7e9302cec7a014068952e4.sol:
	Contract Curate has payable functions:
	 - fallback (/unique_chucks/20/0x1dabf6ab0eb8e4208e7e9302cec7a014068952e4.sol#154-155)
	But does not have a function to withdraw the ether
Reference: https://github.com/trailofbits/slither/wiki/Detectors-Documentation#contracts-that-lock-ether[0m
INFO:Detectors:[92m
SafeMath.safeMul (/unique_chucks/20/0x1dabf6ab0eb8e4208e7e9302cec7a014068952e4.sol#26-30) should be declared external
SafeMath.safeDiv (/unique_chucks/20/0x1dabf6ab0eb8e4208e7e9302cec7a014068952e4.sol#30-38) should be declared external
ERC20Interface.totalSupply (/unique_chucks/20/0x1dabf6ab0eb8e4208e7e9302cec7a014068952e4.sol#38-39) should be declared external
Curate.totalSupply (/unique_chucks/20/0x1dabf6ab0eb8e4208e7e9302cec7a014068952e4.sol#103-108) should be declared external
Curate.balanceOf (/unique_chucks/20/0x1dabf6ab0eb8e4208e7e9302cec7a014068952e4.sol#108-113) should be declared external
ERC20Interface.balanceOf (/unique_chucks/20/0x1dabf6ab0eb8e4208e7e9302cec7a014068952e4.sol#39-40) should be declared external
ERC20Interface.allowance (/unique_chucks/20/0x1dabf6ab0eb8e4208e7e9302cec7a014068952e4.sol#40-41) should be declared external
Curate.allowance (/unique_chucks/20/0x1dabf6ab0eb8e4208e7e9302cec7a014068952e4.sol#137-142) should be declared external
Curate.transfer (/unique_chucks/20/0x1dabf6ab0eb8e4208e7e9302cec7a014068952e4.sol#113-121) should be declared external
ERC20Interface.transfer (/unique_chucks/20/0x1dabf6ab0eb8e4208e7e9302cec7a014068952e4.sol#41-42) should be declared external
Curate.approve (/unique_chucks/20/0x1dabf6ab0eb8e4208e7e9302cec7a014068952e4.sol#121-128) should be declared external
ERC20Interface.approve (/unique_chucks/20/0x1dabf6ab0eb8e4208e7e9302cec7a014068952e4.sol#42-43) should be declared external
ERC20Interface.transferFrom (/unique_chucks/20/0x1dabf6ab0eb8e4208e7e9302cec7a014068952e4.sol#43-45) should be declared external
Curate.transferFrom (/unique_chucks/20/0x1dabf6ab0eb8e4208e7e9302cec7a014068952e4.sol#128-137) should be declared external
ApproveAndCallFallBack.receiveApproval (/unique_chucks/20/0x1dabf6ab0eb8e4208e7e9302cec7a014068952e4.sol#51-57) should be declared external
Owned.transferOwnership (/unique_chucks/20/0x1dabf6ab0eb8e4208e7e9302cec7a014068952e4.sol#71-74) should be declared external
Owned.acceptOwnership (/unique_chucks/20/0x1dabf6ab0eb8e4208e7e9302cec7a014068952e4.sol#74-83) should be declared external
Curate.approveAndCall (/unique_chucks/20/0x1dabf6ab0eb8e4208e7e9302cec7a014068952e4.sol#142-154) should be declared external
Curate.fallback (/unique_chucks/20/0x1dabf6ab0eb8e4208e7e9302cec7a014068952e4.sol#154-155) should be declared external
Curate.transferAnyERC20Token (/unique_chucks/20/0x1dabf6ab0eb8e4208e7e9302cec7a014068952e4.sol#155-157) should be declared external
Reference: https://github.com/trailofbits/slither/wiki/Detectors-Documentation#public-function-that-could-be-declared-as-external[0m
INFO:Detectors:[92m
Detected issues with version pragma in /unique_chucks/20/0x1dabf6ab0eb8e4208e7e9302cec7a014068952e4.sol:
	- pragma solidity^0.4.18 (/unique_chucks/20/0x1dabf6ab0eb8e4208e7e9302cec7a014068952e4.sol#1): it allows old versions
Reference: https://github.com/trailofbits/slither/wiki/Detectors-Documentation#incorrect-version-of-solidity[0m
INFO:Detectors:[92m
Function 'Owned.Owned' (/unique_chucks/20/0x1dabf6ab0eb8e4208e7e9302cec7a014068952e4.sol#64-66) is not in mixedCase
Parameter '_newOwner' of Owned.transferOwnership (/unique_chucks/20/0x1dabf6ab0eb8e4208e7e9302cec7a014068952e4.sol#72-73) is not in mixedCase
Function 'Curate.Curate' (/unique_chucks/20/0x1dabf6ab0eb8e4208e7e9302cec7a014068952e4.sol#95-103) is not in mixedCase
Variable 'Curate._totalSupply' (/unique_chucks/20/0x1dabf6ab0eb8e4208e7e9302cec7a014068952e4.sol#89) is not in mixedCase
Reference: https://github.com/trailofbits/slither/wiki/Detectors-Documentation#conformance-to-solidity-naming-conventions[0m
INFO:Slither:/unique_chucks/20/0x1dabf6ab0eb8e4208e7e9302cec7a014068952e4.sol analyzed (5 contracts), 26 result(s) found