2019-07-24 20:58:37,846: [12] m.main:INFO: Registered plugins: DetectEnvInstruction, DetectReentrancySimple, DetectInvalid, DetectSuicidal, DetectDelegatecall, DetectReentrancyAdvanced, DetectUninitializedStorage, DetectUnusedRetVal, DetectExternalCallAndLeak, DetectIntegerOverflow, DetectUninitializedMemory
2019-07-24 20:58:37,846: [12] m.main:INFO: Beginning analysis
2019-07-24 20:58:37,867: [12] m.e.manticore:INFO: Starting symbolic create contract
2019-07-24 20:58:40,516: [12] m.e.manticore:INFO: Starting symbolic transaction: 0
2019-07-24 20:58:43,921: [12] m.e.manticore:INFO: 1 alive states, 5 terminated states
2019-07-24 20:58:44,600: [12] m.e.manticore:INFO: Starting symbolic transaction: 1
2019-07-24 20:58:48,508: [12] m.e.manticore:INFO: 1 alive states, 10 terminated states
2019-07-24 20:58:49,230: [1520] m.c.manticore:INFO: Generated testcase No. 0 - RETURN(3 txs)
2019-07-24 20:58:49,242: [1522] m.c.manticore:INFO: Generated testcase No. 1 - RETURN(1 txs)
2019-07-24 20:58:49,326: [1526] m.c.manticore:INFO: Generated testcase No. 2 - REVERT(2 txs)
2019-07-24 20:58:49,420: [1532] m.c.manticore:INFO: Generated testcase No. 4 - REVERT(2 txs)
2019-07-24 20:58:49,457: [1542] m.c.manticore:INFO: Generated testcase No. 3 - REVERT(3 txs)
2019-07-24 20:58:49,477: [1536] m.c.manticore:INFO: Generated testcase No. 5 - REVERT(2 txs)
2019-07-24 20:58:49,497: [1539] m.c.manticore:INFO: Generated testcase No. 6 - REVERT(2 txs)
2019-07-24 20:58:49,500: [1547] m.c.manticore:INFO: Generated testcase No. 8 - REVERT(3 txs)
2019-07-24 20:58:49,514: [1530] m.c.manticore:INFO: Generated testcase No. 7 - RETURN(2 txs)
2019-07-24 20:58:49,701: [1544] m.c.manticore:INFO: Generated testcase No. 9 - REVERT(3 txs)
2019-07-24 20:58:59,112: [1522] m.c.manticore:INFO: Generated testcase No. 10 - REVERT(3 txs)
2019-07-24 20:59:07,008: [12] m.c.manticore:INFO: Results in /mcore_fckvofns
2019-07-24 20:59:08,746: [2147] m.main:INFO: Registered plugins: DetectEnvInstruction, DetectUninitializedMemory, DetectUnusedRetVal, DetectExternalCallAndLeak, DetectReentrancySimple, DetectInvalid, DetectSuicidal, DetectReentrancyAdvanced, DetectUninitializedStorage, DetectDelegatecall, DetectIntegerOverflow
2019-07-24 20:59:08,747: [2147] m.main:INFO: Beginning analysis
2019-07-24 20:59:08,807: [2147] m.e.manticore:INFO: Starting symbolic create contract
2019-07-24 20:59:09,051: [2191] m.c.manticore:INFO: Generated testcase No. 0 - NO STATE RESULT (?)(0 txs)
2019-07-24 20:59:09,539: [2147] m.c.manticore:INFO: Results in /mcore_efk544fk
2019-07-24 20:59:10,249: [2450] m.main:INFO: Registered plugins: DetectReentrancySimple, DetectInvalid, DetectUnusedRetVal, DetectReentrancyAdvanced, DetectUninitializedStorage, DetectSuicidal, DetectExternalCallAndLeak, DetectEnvInstruction, DetectUninitializedMemory, DetectDelegatecall, DetectIntegerOverflow
2019-07-24 20:59:10,249: [2450] m.main:INFO: Beginning analysis
2019-07-24 20:59:10,317: [2450] m.e.manticore:INFO: Starting symbolic create contract
2019-07-24 20:59:25,832: [2498] m.e.detectors:WARNING: Unsigned integer overflow at MUL instruction
2019-07-24 20:59:26,830: [2498] m.e.detectors:WARNING: Unsigned integer overflow at MUL instruction
2019-07-24 20:59:45,900: [2450] m.e.manticore:INFO: Starting symbolic transaction: 0
2019-07-24 21:00:25,032: [3653] m.e.detectors:WARNING: Unsigned integer overflow at MUL instruction
2019-07-24 21:01:11,810: [3653] m.e.detectors:WARNING: Potentially reading uninitialized storage
2019-07-24 21:01:20,000: [3653] m.e.detectors:WARNING: Unsigned integer overflow at MUL instruction
2019-07-24 21:01:30,023: [3651] m.e.detectors:WARNING: Potentially reading uninitialized storage
2019-07-24 21:01:35,160: [3664] m.e.detectors:WARNING: Unsigned integer overflow at MUL instruction
2019-07-24 21:02:38,324: [3670] m.e.detectors:WARNING: Potentially reading uninitialized storage
2019-07-24 21:02:47,224: [3655] m.e.detectors:WARNING: Unsigned integer overflow at MUL instruction
2019-07-24 21:03:04,119: [3670] m.e.detectors:WARNING: Potentially reading uninitialized storage
2019-07-24 21:05:37,595: [3655] m.e.detectors:WARNING: Potentially reading uninitialized memory at instruction (address: 792326167772286872503501233525715002247963893402, offset 128)
2019-07-24 21:05:40,592: [3655] m.e.detectors:WARNING: Potentially reading uninitialized memory at instruction (address: 792326167772286872503501233525715002247963893402, offset 129)
2019-07-24 21:05:43,379: [3655] m.e.detectors:WARNING: Potentially reading uninitialized memory at instruction (address: 792326167772286872503501233525715002247963893402, offset 130)
2019-07-24 21:05:46,183: [3655] m.e.detectors:WARNING: Potentially reading uninitialized memory at instruction (address: 792326167772286872503501233525715002247963893402, offset 131)
2019-07-24 21:05:48,920: [3655] m.e.detectors:WARNING: Potentially reading uninitialized memory at instruction (address: 792326167772286872503501233525715002247963893402, offset 132)
2019-07-24 21:05:51,575: [3655] m.e.detectors:WARNING: Potentially reading uninitialized memory at instruction (address: 792326167772286872503501233525715002247963893402, offset 133)
2019-07-24 21:05:54,167: [3655] m.e.detectors:WARNING: Potentially reading uninitialized memory at instruction (address: 792326167772286872503501233525715002247963893402, offset 134)
2019-07-24 21:05:57,307: [3655] m.e.detectors:WARNING: Potentially reading uninitialized memory at instruction (address: 792326167772286872503501233525715002247963893402, offset 135)
2019-07-24 21:06:00,019: [3655] m.e.detectors:WARNING: Potentially reading uninitialized memory at instruction (address: 792326167772286872503501233525715002247963893402, offset 136)
2019-07-24 21:06:02,612: [3655] m.e.detectors:WARNING: Potentially reading uninitialized memory at instruction (address: 792326167772286872503501233525715002247963893402, offset 137)
2019-07-24 21:06:05,059: [3655] m.e.detectors:WARNING: Potentially reading uninitialized memory at instruction (address: 792326167772286872503501233525715002247963893402, offset 138)
2019-07-24 21:06:11,519: [3655] m.e.detectors:WARNING: Potentially reading uninitialized memory at instruction (address: 792326167772286872503501233525715002247963893402, offset 139)
2019-07-24 21:06:14,232: [3655] m.e.detectors:WARNING: Potentially reading uninitialized memory at instruction (address: 792326167772286872503501233525715002247963893402, offset 140)
2019-07-24 21:06:17,100: [3655] m.e.detectors:WARNING: Potentially reading uninitialized memory at instruction (address: 792326167772286872503501233525715002247963893402, offset 141)
2019-07-24 21:06:19,671: [3655] m.e.detectors:WARNING: Potentially reading uninitialized memory at instruction (address: 792326167772286872503501233525715002247963893402, offset 142)
2019-07-24 21:06:22,221: [3655] m.e.detectors:WARNING: Potentially reading uninitialized memory at instruction (address: 792326167772286872503501233525715002247963893402, offset 143)
2019-07-24 21:06:25,111: [3655] m.e.detectors:WARNING: Potentially reading uninitialized memory at instruction (address: 792326167772286872503501233525715002247963893402, offset 144)
2019-07-24 21:06:27,723: [3655] m.e.detectors:WARNING: Potentially reading uninitialized memory at instruction (address: 792326167772286872503501233525715002247963893402, offset 145)
2019-07-24 21:06:30,423: [3655] m.e.detectors:WARNING: Potentially reading uninitialized memory at instruction (address: 792326167772286872503501233525715002247963893402, offset 146)
2019-07-24 21:06:33,056: [3655] m.e.detectors:WARNING: Potentially reading uninitialized memory at instruction (address: 792326167772286872503501233525715002247963893402, offset 147)
2019-07-24 21:06:35,191: [3655] m.e.detectors:WARNING: Potentially reading uninitialized memory at instruction (address: 792326167772286872503501233525715002247963893402, offset 148)
2019-07-24 21:06:37,475: [3655] m.e.detectors:WARNING: Potentially reading uninitialized memory at instruction (address: 792326167772286872503501233525715002247963893402, offset 149)
2019-07-24 21:06:40,503: [3655] m.e.detectors:WARNING: Potentially reading uninitialized memory at instruction (address: 792326167772286872503501233525715002247963893402, offset 150)
2019-07-24 21:06:42,587: [3655] m.e.detectors:WARNING: Potentially reading uninitialized memory at instruction (address: 792326167772286872503501233525715002247963893402, offset 151)
2019-07-24 21:06:48,611: [3655] m.e.detectors:WARNING: Potentially reading uninitialized memory at instruction (address: 792326167772286872503501233525715002247963893402, offset 152)
2019-07-24 21:06:51,488: [3655] m.e.detectors:WARNING: Potentially reading uninitialized memory at instruction (address: 792326167772286872503501233525715002247963893402, offset 153)
2019-07-24 21:06:54,271: [3655] m.e.detectors:WARNING: Potentially reading uninitialized memory at instruction (address: 792326167772286872503501233525715002247963893402, offset 154)
2019-07-24 21:06:56,376: [3655] m.e.detectors:WARNING: Potentially reading uninitialized memory at instruction (address: 792326167772286872503501233525715002247963893402, offset 155)
2019-07-24 21:06:58,915: [3672] m.e.detectors:WARNING: Potentially reading uninitialized memory at instruction (address: 792326167772286872503501233525715002247963893402, offset 128)
2019-07-24 21:06:59,203: [3655] m.e.detectors:WARNING: Potentially reading uninitialized memory at instruction (address: 792326167772286872503501233525715002247963893402, offset 156)
2019-07-24 21:07:01,526: [3672] m.e.detectors:WARNING: Potentially reading uninitialized memory at instruction (address: 792326167772286872503501233525715002247963893402, offset 129)
2019-07-24 21:07:01,820: [3655] m.e.detectors:WARNING: Potentially reading uninitialized memory at instruction (address: 792326167772286872503501233525715002247963893402, offset 157)
2019-07-24 21:07:03,800: [3672] m.e.detectors:WARNING: Potentially reading uninitialized memory at instruction (address: 792326167772286872503501233525715002247963893402, offset 130)
2019-07-24 21:07:05,376: [3655] m.e.detectors:WARNING: Potentially reading uninitialized memory at instruction (address: 792326167772286872503501233525715002247963893402, offset 158)
2019-07-24 21:07:07,059: [3672] m.e.detectors:WARNING: Potentially reading uninitialized memory at instruction (address: 792326167772286872503501233525715002247963893402, offset 131)
2019-07-24 21:07:07,612: [3655] m.e.detectors:WARNING: Potentially reading uninitialized memory at instruction (address: 792326167772286872503501233525715002247963893402, offset 159)
2019-07-24 21:07:09,322: [3672] m.e.detectors:WARNING: Potentially reading uninitialized memory at instruction (address: 792326167772286872503501233525715002247963893402, offset 132)
2019-07-24 21:07:12,175: [3672] m.e.detectors:WARNING: Potentially reading uninitialized memory at instruction (address: 792326167772286872503501233525715002247963893402, offset 133)
2019-07-24 21:07:14,895: [3672] m.e.detectors:WARNING: Potentially reading uninitialized memory at instruction (address: 792326167772286872503501233525715002247963893402, offset 134)
2019-07-24 21:07:17,488: [3655] m.e.detectors:WARNING: Potentially reading uninitialized memory at instruction (address: 792326167772286872503501233525715002247963893402, offset 128)
2019-07-24 21:07:17,683: [3672] m.e.detectors:WARNING: Potentially reading uninitialized memory at instruction (address: 792326167772286872503501233525715002247963893402, offset 135)
2019-07-24 21:07:19,567: [3672] m.e.detectors:WARNING: Potentially reading uninitialized memory at instruction (address: 792326167772286872503501233525715002247963893402, offset 136)
2019-07-24 21:07:20,406: [3655] m.e.detectors:WARNING: Potentially reading uninitialized memory at instruction (address: 792326167772286872503501233525715002247963893402, offset 129)
2019-07-24 21:07:22,704: [3672] m.e.detectors:WARNING: Potentially reading uninitialized memory at instruction (address: 792326167772286872503501233525715002247963893402, offset 137)
2019-07-24 21:07:23,479: [3655] m.e.detectors:WARNING: Potentially reading uninitialized memory at instruction (address: 792326167772286872503501233525715002247963893402, offset 130)
2019-07-24 21:07:24,719: [3672] m.e.detectors:WARNING: Potentially reading uninitialized memory at instruction (address: 792326167772286872503501233525715002247963893402, offset 138)
2019-07-24 21:07:25,984: [3655] m.e.detectors:WARNING: Potentially reading uninitialized memory at instruction (address: 792326167772286872503501233525715002247963893402, offset 131)
2019-07-24 21:07:29,279: [3655] m.e.detectors:WARNING: Potentially reading uninitialized memory at instruction (address: 792326167772286872503501233525715002247963893402, offset 132)
2019-07-24 21:07:32,095: [3672] m.e.detectors:WARNING: Potentially reading uninitialized memory at instruction (address: 792326167772286872503501233525715002247963893402, offset 139)
2019-07-24 21:07:33,024: [3655] m.e.detectors:WARNING: Potentially reading uninitialized memory at instruction (address: 792326167772286872503501233525715002247963893402, offset 133)
2019-07-24 21:07:34,679: [3672] m.e.detectors:WARNING: Potentially reading uninitialized memory at instruction (address: 792326167772286872503501233525715002247963893402, offset 140)
2019-07-24 21:07:36,295: [3655] m.e.detectors:WARNING: Potentially reading uninitialized memory at instruction (address: 792326167772286872503501233525715002247963893402, offset 134)
2019-07-24 21:07:37,567: [3672] m.e.detectors:WARNING: Potentially reading uninitialized memory at instruction (address: 792326167772286872503501233525715002247963893402, offset 141)
2019-07-24 21:07:41,896: [3672] m.e.detectors:WARNING: Potentially reading uninitialized memory at instruction (address: 792326167772286872503501233525715002247963893402, offset 142)
2019-07-24 21:07:44,028: [3672] m.e.detectors:WARNING: Potentially reading uninitialized memory at instruction (address: 792326167772286872503501233525715002247963893402, offset 143)
2019-07-24 21:07:44,863: [3655] m.e.detectors:WARNING: Potentially reading uninitialized memory at instruction (address: 792326167772286872503501233525715002247963893402, offset 135)
2019-07-24 21:07:47,383: [3672] m.e.detectors:WARNING: Potentially reading uninitialized memory at instruction (address: 792326167772286872503501233525715002247963893402, offset 144)
2019-07-24 21:07:48,106: [3655] m.e.detectors:WARNING: Potentially reading uninitialized memory at instruction (address: 792326167772286872503501233525715002247963893402, offset 136)
2019-07-24 21:07:50,321: [3672] m.e.detectors:WARNING: Potentially reading uninitialized memory at instruction (address: 792326167772286872503501233525715002247963893402, offset 145)
2019-07-24 21:07:50,975: [3655] m.e.detectors:WARNING: Potentially reading uninitialized memory at instruction (address: 792326167772286872503501233525715002247963893402, offset 137)
2019-07-24 21:07:52,515: [3672] m.e.detectors:WARNING: Potentially reading uninitialized memory at instruction (address: 792326167772286872503501233525715002247963893402, offset 146)
2019-07-24 21:07:54,911: [3655] m.e.detectors:WARNING: Potentially reading uninitialized memory at instruction (address: 792326167772286872503501233525715002247963893402, offset 138)
2019-07-24 21:07:55,471: [3672] m.e.detectors:WARNING: Potentially reading uninitialized memory at instruction (address: 792326167772286872503501233525715002247963893402, offset 147)
2019-07-24 21:07:58,218: [3672] m.e.detectors:WARNING: Potentially reading uninitialized memory at instruction (address: 792326167772286872503501233525715002247963893402, offset 148)
2019-07-24 21:07:58,219: [3655] m.e.detectors:WARNING: Potentially reading uninitialized memory at instruction (address: 792326167772286872503501233525715002247963893402, offset 139)
2019-07-24 21:08:00,791: [3672] m.e.detectors:WARNING: Potentially reading uninitialized memory at instruction (address: 792326167772286872503501233525715002247963893402, offset 149)
2019-07-24 21:08:01,171: [3655] m.e.detectors:WARNING: Potentially reading uninitialized memory at instruction (address: 792326167772286872503501233525715002247963893402, offset 140)
2019-07-24 21:08:04,721: [3672] m.e.detectors:WARNING: Potentially reading uninitialized memory at instruction (address: 792326167772286872503501233525715002247963893402, offset 150)
2019-07-24 21:08:05,379: [3655] m.e.detectors:WARNING: Potentially reading uninitialized memory at instruction (address: 792326167772286872503501233525715002247963893402, offset 141)
2019-07-24 21:08:08,887: [3655] m.e.detectors:WARNING: Potentially reading uninitialized memory at instruction (address: 792326167772286872503501233525715002247963893402, offset 142)
2019-07-24 21:08:09,495: [3672] m.e.detectors:WARNING: Potentially reading uninitialized memory at instruction (address: 792326167772286872503501233525715002247963893402, offset 151)
2019-07-24 21:08:12,323: [3655] m.e.detectors:WARNING: Potentially reading uninitialized memory at instruction (address: 792326167772286872503501233525715002247963893402, offset 143)
2019-07-24 21:08:12,515: [3672] m.e.detectors:WARNING: Potentially reading uninitialized memory at instruction (address: 792326167772286872503501233525715002247963893402, offset 152)
2019-07-24 21:08:16,023: [3655] m.e.detectors:WARNING: Potentially reading uninitialized memory at instruction (address: 792326167772286872503501233525715002247963893402, offset 144)
2019-07-24 21:08:16,684: [3672] m.e.detectors:WARNING: Potentially reading uninitialized memory at instruction (address: 792326167772286872503501233525715002247963893402, offset 153)
2019-07-24 21:08:19,395: [3655] m.e.detectors:WARNING: Potentially reading uninitialized memory at instruction (address: 792326167772286872503501233525715002247963893402, offset 145)
2019-07-24 21:08:22,888: [3655] m.e.detectors:WARNING: Potentially reading uninitialized memory at instruction (address: 792326167772286872503501233525715002247963893402, offset 146)
2019-07-24 21:08:26,011: [3672] m.e.detectors:WARNING: Potentially reading uninitialized memory at instruction (address: 792326167772286872503501233525715002247963893402, offset 154)
2019-07-24 21:08:26,307: [3655] m.e.detectors:WARNING: Potentially reading uninitialized memory at instruction (address: 792326167772286872503501233525715002247963893402, offset 147)
2019-07-24 21:08:29,187: [3672] m.e.detectors:WARNING: Potentially reading uninitialized memory at instruction (address: 792326167772286872503501233525715002247963893402, offset 155)
2019-07-24 21:08:30,815: [3655] m.e.detectors:WARNING: Potentially reading uninitialized memory at instruction (address: 792326167772286872503501233525715002247963893402, offset 148)
2019-07-24 21:08:31,299: [3672] m.e.detectors:WARNING: Potentially reading uninitialized memory at instruction (address: 792326167772286872503501233525715002247963893402, offset 156)
2019-07-24 21:08:33,507: [3672] m.e.detectors:WARNING: Potentially reading uninitialized memory at instruction (address: 792326167772286872503501233525715002247963893402, offset 157)
2019-07-24 21:08:33,724: [3655] m.e.detectors:WARNING: Potentially reading uninitialized memory at instruction (address: 792326167772286872503501233525715002247963893402, offset 149)
2019-07-24 21:08:35,622: [3672] m.e.detectors:WARNING: Potentially reading uninitialized memory at instruction (address: 792326167772286872503501233525715002247963893402, offset 158)
2019-07-24 21:08:36,923: [3655] m.e.detectors:WARNING: Potentially reading uninitialized memory at instruction (address: 792326167772286872503501233525715002247963893402, offset 150)
2019-07-24 21:08:39,123: [3672] m.e.detectors:WARNING: Potentially reading uninitialized memory at instruction (address: 792326167772286872503501233525715002247963893402, offset 159)
2019-07-24 21:08:39,923: [3655] m.e.detectors:WARNING: Potentially reading uninitialized memory at instruction (address: 792326167772286872503501233525715002247963893402, offset 151)
2019-07-24 21:08:43,091: [3655] m.e.detectors:WARNING: Potentially reading uninitialized memory at instruction (address: 792326167772286872503501233525715002247963893402, offset 152)
2019-07-24 21:08:45,600: [3655] m.e.detectors:WARNING: Potentially reading uninitialized memory at instruction (address: 792326167772286872503501233525715002247963893402, offset 153)
2019-07-24 21:08:51,511: [3672] m.e.detectors:WARNING: Potentially reading uninitialized memory at instruction (address: 792326167772286872503501233525715002247963893402, offset 128)
2019-07-24 21:08:54,108: [3655] m.e.detectors:WARNING: Potentially reading uninitialized memory at instruction (address: 792326167772286872503501233525715002247963893402, offset 154)
2019-07-24 21:08:54,875: [3672] m.e.detectors:WARNING: Potentially reading uninitialized memory at instruction (address: 792326167772286872503501233525715002247963893402, offset 129)
2019-07-24 21:08:57,783: [3655] m.e.detectors:WARNING: Potentially reading uninitialized memory at instruction (address: 792326167772286872503501233525715002247963893402, offset 155)
2019-07-24 21:08:57,823: [3672] m.e.detectors:WARNING: Potentially reading uninitialized memory at instruction (address: 792326167772286872503501233525715002247963893402, offset 130)
2019-07-24 21:09:00,367: [3655] m.e.detectors:WARNING: Potentially reading uninitialized memory at instruction (address: 792326167772286872503501233525715002247963893402, offset 156)
2019-07-24 21:09:00,599: [3672] m.e.detectors:WARNING: Potentially reading uninitialized memory at instruction (address: 792326167772286872503501233525715002247963893402, offset 131)
2019-07-24 21:09:03,387: [3672] m.e.detectors:WARNING: Potentially reading uninitialized memory at instruction (address: 792326167772286872503501233525715002247963893402, offset 132)
2019-07-24 21:09:03,882: [3655] m.e.detectors:WARNING: Potentially reading uninitialized memory at instruction (address: 792326167772286872503501233525715002247963893402, offset 157)
2019-07-24 21:09:07,095: [3672] m.e.detectors:WARNING: Potentially reading uninitialized memory at instruction (address: 792326167772286872503501233525715002247963893402, offset 133)
2019-07-24 21:09:08,883: [3655] m.e.detectors:WARNING: Potentially reading uninitialized memory at instruction (address: 792326167772286872503501233525715002247963893402, offset 158)
2019-07-24 21:09:10,916: [3672] m.e.detectors:WARNING: Potentially reading uninitialized memory at instruction (address: 792326167772286872503501233525715002247963893402, offset 134)
2019-07-24 21:09:11,959: [3655] m.e.detectors:WARNING: Potentially reading uninitialized memory at instruction (address: 792326167772286872503501233525715002247963893402, offset 159)
2019-07-24 21:09:14,007: [3672] m.e.detectors:WARNING: Potentially reading uninitialized memory at instruction (address: 792326167772286872503501233525715002247963893402, offset 135)
2019-07-24 21:09:17,992: [3672] m.e.detectors:WARNING: Potentially reading uninitialized memory at instruction (address: 792326167772286872503501233525715002247963893402, offset 136)
2019-07-24 21:09:21,291: [3672] m.e.detectors:WARNING: Potentially reading uninitialized memory at instruction (address: 792326167772286872503501233525715002247963893402, offset 137)
2019-07-24 21:09:25,007: [3672] m.e.detectors:WARNING: Potentially reading uninitialized memory at instruction (address: 792326167772286872503501233525715002247963893402, offset 138)
2019-07-24 21:09:34,720: [3672] m.e.detectors:WARNING: Potentially reading uninitialized memory at instruction (address: 792326167772286872503501233525715002247963893402, offset 139)
2019-07-24 21:09:37,721: [3672] m.e.detectors:WARNING: Potentially reading uninitialized memory at instruction (address: 792326167772286872503501233525715002247963893402, offset 140)
2019-07-24 21:09:40,695: [3672] m.e.detectors:WARNING: Potentially reading uninitialized memory at instruction (address: 792326167772286872503501233525715002247963893402, offset 141)
2019-07-24 21:09:43,515: [3672] m.e.detectors:WARNING: Potentially reading uninitialized memory at instruction (address: 792326167772286872503501233525715002247963893402, offset 142)
2019-07-24 21:09:48,492: [3672] m.e.detectors:WARNING: Potentially reading uninitialized memory at instruction (address: 792326167772286872503501233525715002247963893402, offset 143)
2019-07-24 21:09:51,799: [3672] m.e.detectors:WARNING: Potentially reading uninitialized memory at instruction (address: 792326167772286872503501233525715002247963893402, offset 144)
2019-07-24 21:09:54,592: [3672] m.e.detectors:WARNING: Potentially reading uninitialized memory at instruction (address: 792326167772286872503501233525715002247963893402, offset 145)
2019-07-24 21:09:57,259: [3672] m.e.detectors:WARNING: Potentially reading uninitialized memory at instruction (address: 792326167772286872503501233525715002247963893402, offset 146)
2019-07-24 21:10:00,463: [3672] m.e.detectors:WARNING: Potentially reading uninitialized memory at instruction (address: 792326167772286872503501233525715002247963893402, offset 147)
2019-07-24 21:10:02,959: [3672] m.e.detectors:WARNING: Potentially reading uninitialized memory at instruction (address: 792326167772286872503501233525715002247963893402, offset 148)
2019-07-24 21:10:06,467: [3672] m.e.detectors:WARNING: Potentially reading uninitialized memory at instruction (address: 792326167772286872503501233525715002247963893402, offset 149)
2019-07-24 21:10:08,819: [3672] m.e.detectors:WARNING: Potentially reading uninitialized memory at instruction (address: 792326167772286872503501233525715002247963893402, offset 150)
2019-07-24 21:10:12,703: [3672] m.e.detectors:WARNING: Potentially reading uninitialized memory at instruction (address: 792326167772286872503501233525715002247963893402, offset 151)
2019-07-24 21:10:14,521: [3672] m.e.detectors:WARNING: Potentially reading uninitialized memory at instruction (address: 792326167772286872503501233525715002247963893402, offset 152)
2019-07-24 21:10:18,081: [3672] m.e.detectors:WARNING: Potentially reading uninitialized memory at instruction (address: 792326167772286872503501233525715002247963893402, offset 153)
2019-07-24 21:10:20,859: [3672] m.e.detectors:WARNING: Potentially reading uninitialized memory at instruction (address: 792326167772286872503501233525715002247963893402, offset 154)
2019-07-24 21:10:23,689: [3672] m.e.detectors:WARNING: Potentially reading uninitialized memory at instruction (address: 792326167772286872503501233525715002247963893402, offset 155)
2019-07-24 21:10:27,403: [3672] m.e.detectors:WARNING: Potentially reading uninitialized memory at instruction (address: 792326167772286872503501233525715002247963893402, offset 156)
2019-07-24 21:10:31,219: [3672] m.e.detectors:WARNING: Potentially reading uninitialized memory at instruction (address: 792326167772286872503501233525715002247963893402, offset 157)
2019-07-24 21:10:34,003: [3672] m.e.detectors:WARNING: Potentially reading uninitialized memory at instruction (address: 792326167772286872503501233525715002247963893402, offset 158)
2019-07-24 21:10:36,503: [3672] m.e.detectors:WARNING: Potentially reading uninitialized memory at instruction (address: 792326167772286872503501233525715002247963893402, offset 159)
2019-07-24 21:12:28,879: [3674] m.e.detectors:WARNING: Potentially reading uninitialized storage
2019-07-24 21:14:09,556: [3674] m.e.detectors:WARNING: Potentially reading uninitialized storage
2019-07-24 21:15:01,960: [3655] m.e.detectors:WARNING: Potentially reading uninitialized memory at instruction (address: 792326167772286872503501233525715002247963893402, offset 160)
2019-07-24 21:15:06,691: [3655] m.e.detectors:WARNING: Potentially reading uninitialized memory at instruction (address: 792326167772286872503501233525715002247963893402, offset 161)
2019-07-24 21:15:20,192: [3655] m.e.detectors:WARNING: Potentially reading uninitialized memory at instruction (address: 792326167772286872503501233525715002247963893402, offset 162)
2019-07-24 21:15:24,515: [3655] m.e.detectors:WARNING: Potentially reading uninitialized memory at instruction (address: 792326167772286872503501233525715002247963893402, offset 163)
2019-07-24 21:15:27,856: [3655] m.e.detectors:WARNING: Potentially reading uninitialized memory at instruction (address: 792326167772286872503501233525715002247963893402, offset 164)
2019-07-24 21:15:31,688: [3655] m.e.detectors:WARNING: Potentially reading uninitialized memory at instruction (address: 792326167772286872503501233525715002247963893402, offset 165)
2019-07-24 21:15:36,102: [3655] m.e.detectors:WARNING: Potentially reading uninitialized memory at instruction (address: 792326167772286872503501233525715002247963893402, offset 166)
2019-07-24 21:15:42,376: [3655] m.e.detectors:WARNING: Potentially reading uninitialized memory at instruction (address: 792326167772286872503501233525715002247963893402, offset 167)
2019-07-24 21:15:47,783: [3655] m.e.detectors:WARNING: Potentially reading uninitialized memory at instruction (address: 792326167772286872503501233525715002247963893402, offset 168)
2019-07-24 21:15:52,575: [3655] m.e.detectors:WARNING: Potentially reading uninitialized memory at instruction (address: 792326167772286872503501233525715002247963893402, offset 169)
2019-07-24 21:15:59,191: [3655] m.e.detectors:WARNING: Potentially reading uninitialized memory at instruction (address: 792326167772286872503501233525715002247963893402, offset 170)
2019-07-24 21:16:04,513: [3655] m.e.detectors:WARNING: Potentially reading uninitialized memory at instruction (address: 792326167772286872503501233525715002247963893402, offset 171)
2019-07-24 21:16:10,688: [3655] m.e.detectors:WARNING: Potentially reading uninitialized memory at instruction (address: 792326167772286872503501233525715002247963893402, offset 172)
2019-07-24 21:16:16,959: [3655] m.e.detectors:WARNING: Potentially reading uninitialized memory at instruction (address: 792326167772286872503501233525715002247963893402, offset 173)
2019-07-24 21:16:23,387: [3655] m.e.detectors:WARNING: Potentially reading uninitialized memory at instruction (address: 792326167772286872503501233525715002247963893402, offset 174)
2019-07-24 21:16:25,607: [3651] m.e.detectors:WARNING: Potentially reading uninitialized memory at instruction (address: 792326167772286872503501233525715002247963893402, offset 160)
2019-07-24 21:16:31,380: [3655] m.e.detectors:WARNING: Potentially reading uninitialized memory at instruction (address: 792326167772286872503501233525715002247963893402, offset 175)
2019-07-24 21:16:33,196: [3651] m.e.detectors:WARNING: Potentially reading uninitialized memory at instruction (address: 792326167772286872503501233525715002247963893402, offset 161)
2019-07-24 21:16:39,018: [3655] m.e.detectors:WARNING: Potentially reading uninitialized memory at instruction (address: 792326167772286872503501233525715002247963893402, offset 176)
2019-07-24 21:16:40,995: [3651] m.e.detectors:WARNING: Potentially reading uninitialized memory at instruction (address: 792326167772286872503501233525715002247963893402, offset 162)
2019-07-24 21:16:45,563: [3655] m.e.detectors:WARNING: Potentially reading uninitialized memory at instruction (address: 792326167772286872503501233525715002247963893402, offset 177)
2019-07-24 21:16:46,827: [3651] m.e.detectors:WARNING: Potentially reading uninitialized memory at instruction (address: 792326167772286872503501233525715002247963893402, offset 163)
2019-07-24 21:16:51,372: [3655] m.e.detectors:WARNING: Potentially reading uninitialized memory at instruction (address: 792326167772286872503501233525715002247963893402, offset 178)
2019-07-24 21:16:52,275: [3651] m.e.detectors:WARNING: Potentially reading uninitialized memory at instruction (address: 792326167772286872503501233525715002247963893402, offset 164)
2019-07-24 21:16:57,763: [3651] m.e.detectors:WARNING: Potentially reading uninitialized memory at instruction (address: 792326167772286872503501233525715002247963893402, offset 165)
2019-07-24 21:16:58,265: [3655] m.e.detectors:WARNING: Potentially reading uninitialized memory at instruction (address: 792326167772286872503501233525715002247963893402, offset 179)
2019-07-24 21:17:03,274: [3651] m.e.detectors:WARNING: Potentially reading uninitialized memory at instruction (address: 792326167772286872503501233525715002247963893402, offset 166)
2019-07-24 21:17:11,564: [3651] m.e.detectors:WARNING: Potentially reading uninitialized memory at instruction (address: 792326167772286872503501233525715002247963893402, offset 167)
2019-07-24 21:17:16,459: [3655] m.e.detectors:WARNING: Potentially reading uninitialized memory at instruction (address: 792326167772286872503501233525715002247963893402, offset 180)
2019-07-24 21:17:19,057: [3651] m.e.detectors:WARNING: Potentially reading uninitialized memory at instruction (address: 792326167772286872503501233525715002247963893402, offset 168)
2019-07-24 21:17:23,592: [3655] m.e.detectors:WARNING: Potentially reading uninitialized memory at instruction (address: 792326167772286872503501233525715002247963893402, offset 181)
2019-07-24 21:17:30,368: [3655] m.e.detectors:WARNING: Potentially reading uninitialized memory at instruction (address: 792326167772286872503501233525715002247963893402, offset 182)
2019-07-24 21:17:34,795: [3651] m.e.detectors:WARNING: Potentially reading uninitialized memory at instruction (address: 792326167772286872503501233525715002247963893402, offset 169)
2019-07-24 21:17:34,896: [3655] m.e.detectors:WARNING: Potentially reading uninitialized memory at instruction (address: 792326167772286872503501233525715002247963893402, offset 183)
2019-07-24 21:17:42,090: [3651] m.e.detectors:WARNING: Potentially reading uninitialized memory at instruction (address: 792326167772286872503501233525715002247963893402, offset 170)
2019-07-24 21:17:44,180: [3655] m.e.detectors:WARNING: Potentially reading uninitialized memory at instruction (address: 792326167772286872503501233525715002247963893402, offset 184)
2019-07-24 21:17:47,988: [3651] m.e.detectors:WARNING: Potentially reading uninitialized memory at instruction (address: 792326167772286872503501233525715002247963893402, offset 171)
2019-07-24 21:17:49,920: [3655] m.e.detectors:WARNING: Potentially reading uninitialized memory at instruction (address: 792326167772286872503501233525715002247963893402, offset 185)
2019-07-24 21:17:52,987: [3651] m.e.detectors:WARNING: Potentially reading uninitialized memory at instruction (address: 792326167772286872503501233525715002247963893402, offset 172)
2019-07-24 21:17:56,695: [3655] m.e.detectors:WARNING: Potentially reading uninitialized memory at instruction (address: 792326167772286872503501233525715002247963893402, offset 186)
2019-07-24 21:17:58,195: [3672] m.e.detectors:WARNING: Unsigned integer overflow at MUL instruction
2019-07-24 21:17:59,301: [3651] m.e.detectors:WARNING: Potentially reading uninitialized memory at instruction (address: 792326167772286872503501233525715002247963893402, offset 173)
2019-07-24 21:18:02,188: [3655] m.e.detectors:WARNING: Potentially reading uninitialized memory at instruction (address: 792326167772286872503501233525715002247963893402, offset 187)
2019-07-24 21:18:04,184: [3651] m.e.detectors:WARNING: Potentially reading uninitialized memory at instruction (address: 792326167772286872503501233525715002247963893402, offset 174)
2019-07-24 21:18:06,703: [3655] m.e.detectors:WARNING: Potentially reading uninitialized memory at instruction (address: 792326167772286872503501233525715002247963893402, offset 188)
2019-07-24 21:18:08,477: [3651] m.e.detectors:WARNING: Potentially reading uninitialized memory at instruction (address: 792326167772286872503501233525715002247963893402, offset 175)
2019-07-24 21:18:11,907: [3655] m.e.detectors:WARNING: Potentially reading uninitialized memory at instruction (address: 792326167772286872503501233525715002247963893402, offset 189)
2019-07-24 21:18:14,275: [3651] m.e.detectors:WARNING: Potentially reading uninitialized memory at instruction (address: 792326167772286872503501233525715002247963893402, offset 176)
2019-07-24 21:18:17,155: [3655] m.e.detectors:WARNING: Potentially reading uninitialized memory at instruction (address: 792326167772286872503501233525715002247963893402, offset 190)
2019-07-24 21:18:18,587: [3651] m.e.detectors:WARNING: Potentially reading uninitialized memory at instruction (address: 792326167772286872503501233525715002247963893402, offset 177)
2019-07-24 21:18:23,056: [3655] m.e.detectors:WARNING: Potentially reading uninitialized memory at instruction (address: 792326167772286872503501233525715002247963893402, offset 191)
2019-07-24 21:18:24,095: [3651] m.e.detectors:WARNING: Potentially reading uninitialized memory at instruction (address: 792326167772286872503501233525715002247963893402, offset 178)
2019-07-24 21:18:30,060: [3651] m.e.detectors:WARNING: Potentially reading uninitialized memory at instruction (address: 792326167772286872503501233525715002247963893402, offset 179)
2019-07-24 21:18:34,616: [3651] m.e.detectors:WARNING: Potentially reading uninitialized memory at instruction (address: 792326167772286872503501233525715002247963893402, offset 180)
2019-07-24 21:18:38,761: [3651] m.e.detectors:WARNING: Potentially reading uninitialized memory at instruction (address: 792326167772286872503501233525715002247963893402, offset 181)
2019-07-24 21:18:56,259: [3651] m.e.detectors:WARNING: Potentially reading uninitialized memory at instruction (address: 792326167772286872503501233525715002247963893402, offset 182)
2019-07-24 21:19:00,504: [3651] m.e.detectors:WARNING: Potentially reading uninitialized memory at instruction (address: 792326167772286872503501233525715002247963893402, offset 183)
2019-07-24 21:19:08,491: [3651] m.e.detectors:WARNING: Potentially reading uninitialized memory at instruction (address: 792326167772286872503501233525715002247963893402, offset 184)
2019-07-24 21:19:14,199: [3651] m.e.detectors:WARNING: Potentially reading uninitialized memory at instruction (address: 792326167772286872503501233525715002247963893402, offset 185)
2019-07-24 21:19:20,807: [3651] m.e.detectors:WARNING: Potentially reading uninitialized memory at instruction (address: 792326167772286872503501233525715002247963893402, offset 186)
2019-07-24 21:19:27,763: [3651] m.e.detectors:WARNING: Potentially reading uninitialized memory at instruction (address: 792326167772286872503501233525715002247963893402, offset 187)
2019-07-24 21:19:33,483: [3651] m.e.detectors:WARNING: Potentially reading uninitialized memory at instruction (address: 792326167772286872503501233525715002247963893402, offset 188)
2019-07-24 21:19:39,328: [3651] m.e.detectors:WARNING: Potentially reading uninitialized memory at instruction (address: 792326167772286872503501233525715002247963893402, offset 189)
2019-07-24 21:19:44,557: [3651] m.e.detectors:WARNING: Potentially reading uninitialized memory at instruction (address: 792326167772286872503501233525715002247963893402, offset 190)
2019-07-24 21:19:50,555: [3651] m.e.detectors:WARNING: Potentially reading uninitialized memory at instruction (address: 792326167772286872503501233525715002247963893402, offset 191)