INFO:Slither:Compilation warnings/errors on /unique_chucks/7/0x5a13caa82851342e14cd2ad0257707cddb8a31b7.sol:
/unique_chucks/7/0x5a13caa82851342e14cd2ad0257707cddb8a31b7.sol:767:45: Warning: "throw" is deprecated in favour of "revert()", "require()" and "assert()".
        if ((_nbytes == 0)||(_nbytes > 32)) throw;
                                            ^---^
/unique_chucks/7/0x5a13caa82851342e14cd2ad0257707cddb8a31b7.sol:858:71: Warning: "throw" is deprecated in favour of "revert()", "require()" and "assert()".
        if ((_proof[0] != "L")||(_proof[1] != "P")||(_proof[2] != 1)) throw;
                                                                      ^---^
/unique_chucks/7/0x5a13caa82851342e14cd2ad0257707cddb8a31b7.sol:861:37: Warning: "throw" is deprecated in favour of "revert()", "require()" and "assert()".
        if (proofVerified == false) throw;
                                    ^---^
/unique_chucks/7/0x5a13caa82851342e14cd2ad0257707cddb8a31b7.sol:869:14: Warning: Use of the "var" keyword is deprecated.
        for (var i=0; i<prefix.length; i++){
             ^---^
/unique_chucks/7/0x5a13caa82851342e14cd2ad0257707cddb8a31b7.sol:932:13: Warning: "throw" is deprecated in favour of "revert()", "require()" and "assert()".
            throw; // Should be a better way?
            ^---^
/unique_chucks/7/0x5a13caa82851342e14cd2ad0257707cddb8a31b7.sol:1054:5: Warning: Defining constructors as functions with the same name as the contract is deprecated. Use "constructor(...) { ... }" instead.
    function EthereumPot() public {
    ^ (Relevant source part starts here and spans across multiple lines).
/unique_chucks/7/0x5a13caa82851342e14cd2ad0257707cddb8a31b7.sol:1078:48: Warning: "throw" is deprecated in favour of "revert()", "require()" and "assert()".
        if(msg.sender != oraclize_cbAddress()) throw;
                                               ^---^
/unique_chucks/7/0x5a13caa82851342e14cd2ad0257707cddb8a31b7.sol:1122:27: Warning: "throw" is deprecated in favour of "revert()", "require()" and "assert()".
        if(now > endTime) throw;
                          ^---^
/unique_chucks/7/0x5a13caa82851342e14cd2ad0257707cddb8a31b7.sol:1123:20: Warning: "throw" is deprecated in favour of "revert()", "require()" and "assert()".
        if(locked) throw;
                   ^---^
/unique_chucks/7/0x5a13caa82851342e14cd2ad0257707cddb8a31b7.sol:1164:27: Warning: "throw" is deprecated in favour of "revert()", "require()" and "assert()".
        if(now < endTime) throw;
                          ^---^
/unique_chucks/7/0x5a13caa82851342e14cd2ad0257707cddb8a31b7.sol:1166:49: Warning: "throw" is deprecated in favour of "revert()", "require()" and "assert()".
        if(locked && now < (endTime + potTime)) throw;
                                                ^---^
/unique_chucks/7/0x5a13caa82851342e14cd2ad0257707cddb8a31b7.sol:782:50: Warning: "sha3" has been deprecated in favour of "keccak256"
        oraclize_randomDS_setCommitment(queryId, sha3(bytes8(_delay), args[1], sha256(args[0]), args[2]));
                                                 ^-----------------------------------------------------^
/unique_chucks/7/0x5a13caa82851342e14cd2ad0257707cddb8a31b7.sol:782:50: Warning: This function only accepts a single "bytes" argument. Please use "abi.encodePacked(...)" or a similar function to encode the data.
        oraclize_randomDS_setCommitment(queryId, sha3(bytes8(_delay), args[1], sha256(args[0]), args[2]));
                                                 ^-----------------------------------------------------^
/unique_chucks/7/0x5a13caa82851342e14cd2ad0257707cddb8a31b7.sol:814:21: Warning: "sha3" has been deprecated in favour of "keccak256"
        if (address(sha3(pubkey)) == signer) return true;
                    ^----------^
/unique_chucks/7/0x5a13caa82851342e14cd2ad0257707cddb8a31b7.sol:817:29: Warning: "sha3" has been deprecated in favour of "keccak256"
            return (address(sha3(pubkey)) == signer);
                            ^----------^
/unique_chucks/7/0x5a13caa82851342e14cd2ad0257707cddb8a31b7.sol:832:22: Warning: Decimal literal assigned to bytesXX variable will be left-aligned. Use an explicit conversion to silence this warning.
        tosign2[0] = 1; //role
                     ^
/unique_chucks/7/0x5a13caa82851342e14cd2ad0257707cddb8a31b7.sol:869:14: Warning: The type of this variable was inferred as uint8, which can hold values between 0 and 255. This is probably not desired. Use an explicit type to silence this warning.
        for (var i=0; i<prefix.length; i++){
             ^-----^
/unique_chucks/7/0x5a13caa82851342e14cd2ad0257707cddb8a31b7.sol:884:20: Warning: "sha3" has been deprecated in favour of "keccak256"
        checkok = (sha3(keyhash) == sha3(sha256(context_name, queryId)));
                   ^-----------^
/unique_chucks/7/0x5a13caa82851342e14cd2ad0257707cddb8a31b7.sol:884:42: Warning: This function only accepts a single "bytes" argument. Please use "abi.encodePacked(...)" or a similar function to encode the data.
        checkok = (sha3(keyhash) == sha3(sha256(context_name, queryId)));
                                         ^---------------------------^
/unique_chucks/7/0x5a13caa82851342e14cd2ad0257707cddb8a31b7.sol:884:37: Warning: "sha3" has been deprecated in favour of "keccak256"
        checkok = (sha3(keyhash) == sha3(sha256(context_name, queryId)));
                                    ^---------------------------------^
/unique_chucks/7/0x5a13caa82851342e14cd2ad0257707cddb8a31b7.sol:884:37: Warning: This function only accepts a single "bytes" argument. Please use "abi.encodePacked(...)" or a similar function to encode the data.
        checkok = (sha3(keyhash) == sha3(sha256(context_name, queryId)));
                                    ^---------------------------------^
/unique_chucks/7/0x5a13caa82851342e14cd2ad0257707cddb8a31b7.sol:884:37: Warning: The provided argument of type bytes32 is not implicitly convertible to expected type bytes memory.
        checkok = (sha3(keyhash) == sha3(sha256(context_name, queryId)));
                                    ^---------------------------------^
/unique_chucks/7/0x5a13caa82851342e14cd2ad0257707cddb8a31b7.sol:906:48: Warning: "sha3" has been deprecated in favour of "keccak256"
        if (oraclize_randomDS_args[queryId] == sha3(commitmentSlice1, sessionPubkeyHash)){ //unonce, nbytes and sessionKeyHash match
                                               ^---------------------------------------^
/unique_chucks/7/0x5a13caa82851342e14cd2ad0257707cddb8a31b7.sol:906:48: Warning: This function only accepts a single "bytes" argument. Please use "abi.encodePacked(...)" or a similar function to encode the data.
        if (oraclize_randomDS_args[queryId] == sha3(commitmentSlice1, sessionPubkeyHash)){ //unonce, nbytes and sessionKeyHash match
                                               ^---------------------------------------^
/unique_chucks/7/0x5a13caa82851342e14cd2ad0257707cddb8a31b7.sol:1081:30: Warning: "sha3" has been deprecated in favour of "keccak256"
        random_number = uint(sha3(_result))%potSize + 1;
                             ^-----------^
/unique_chucks/7/0x5a13caa82851342e14cd2ad0257707cddb8a31b7.sol:1081:30: Warning: This function only accepts a single "bytes" argument. Please use "abi.encodePacked(...)" or a similar function to encode the data.
        random_number = uint(sha3(_result))%potSize + 1;
                             ^-----------^
/unique_chucks/7/0x5a13caa82851342e14cd2ad0257707cddb8a31b7.sol:1081:30: Warning: The provided argument of type string memory is not implicitly convertible to expected type bytes memory.
        random_number = uint(sha3(_result))%potSize + 1;
                             ^-----------^
/unique_chucks/7/0x5a13caa82851342e14cd2ad0257707cddb8a31b7.sol:1095:9: Warning: Invoking events without "emit" prefix is deprecated.
        winnerAnnounced(winnerAddress, amountWon);
        ^---------------------------------------^
/unique_chucks/7/0x5a13caa82851342e14cd2ad0257707cddb8a31b7.sol:1134:13: Warning: Invoking events without "emit" prefix is deprecated.
            potSizeChanged(potSize);
            ^---------------------^
/unique_chucks/7/0x5a13caa82851342e14cd2ad0257707cddb8a31b7.sol:1135:13: Warning: Invoking events without "emit" prefix is deprecated.
            timeLeft(endTime - now);
            ^---------------------^
/unique_chucks/7/0x5a13caa82851342e14cd2ad0257707cddb8a31b7.sol:1154:9: Warning: Invoking events without "emit" prefix is deprecated.
        timeLeft(endTime - now);
        ^---------------------^
/unique_chucks/7/0x5a13caa82851342e14cd2ad0257707cddb8a31b7.sol:1173:17: Warning: Invoking events without "emit" prefix is deprecated.
                timeLeft(endTime - now);
                ^---------------------^
/unique_chucks/7/0x5a13caa82851342e14cd2ad0257707cddb8a31b7.sol:1183:13: Warning: Invoking events without "emit" prefix is deprecated.
            winnerAnnounced(0x0000000000000000000000000000000000000000, 0);
            ^------------------------------------------------------------^
/unique_chucks/7/0x5a13caa82851342e14cd2ad0257707cddb8a31b7.sol:36:5: Warning: No visibility specified. Defaulting to "public". 
    function query(uint _timestamp, string _datasource, string _arg) payable returns (bytes32 _id);
    ^---------------------------------------------------------------------------------------------^
/unique_chucks/7/0x5a13caa82851342e14cd2ad0257707cddb8a31b7.sol:37:5: Warning: No visibility specified. Defaulting to "public". 
    function query_withGasLimit(uint _timestamp, string _datasource, string _arg, uint _gaslimit) payable returns (bytes32 _id);
    ^--------------------------------------------------------------------------------------------------------------------------^
/unique_chucks/7/0x5a13caa82851342e14cd2ad0257707cddb8a31b7.sol:38:5: Warning: No visibility specified. Defaulting to "public". 
    function query2(uint _timestamp, string _datasource, string _arg1, string _arg2) payable returns (bytes32 _id);
    ^-------------------------------------------------------------------------------------------------------------^
/unique_chucks/7/0x5a13caa82851342e14cd2ad0257707cddb8a31b7.sol:39:5: Warning: No visibility specified. Defaulting to "public". 
    function query2_withGasLimit(uint _timestamp, string _datasource, string _arg1, string _arg2, uint _gaslimit) payable returns (bytes32 _id);
    ^------------------------------------------------------------------------------------------------------------------------------------------^
/unique_chucks/7/0x5a13caa82851342e14cd2ad0257707cddb8a31b7.sol:40:5: Warning: No visibility specified. Defaulting to "public". 
    function queryN(uint _timestamp, string _datasource, bytes _argN) payable returns (bytes32 _id);
    ^----------------------------------------------------------------------------------------------^
/unique_chucks/7/0x5a13caa82851342e14cd2ad0257707cddb8a31b7.sol:41:5: Warning: No visibility specified. Defaulting to "public". 
    function queryN_withGasLimit(uint _timestamp, string _datasource, bytes _argN, uint _gaslimit) payable returns (bytes32 _id);
    ^---------------------------------------------------------------------------------------------------------------------------^
/unique_chucks/7/0x5a13caa82851342e14cd2ad0257707cddb8a31b7.sol:42:5: Warning: No visibility specified. Defaulting to "public". 
    function getPrice(string _datasource) returns (uint _dsprice);
    ^------------------------------------------------------------^
/unique_chucks/7/0x5a13caa82851342e14cd2ad0257707cddb8a31b7.sol:43:5: Warning: No visibility specified. Defaulting to "public". 
    function getPrice(string _datasource, uint gaslimit) returns (uint _dsprice);
    ^---------------------------------------------------------------------------^
/unique_chucks/7/0x5a13caa82851342e14cd2ad0257707cddb8a31b7.sol:44:5: Warning: No visibility specified. Defaulting to "public". 
    function useCoupon(string _coupon);
    ^---------------------------------^
/unique_chucks/7/0x5a13caa82851342e14cd2ad0257707cddb8a31b7.sol:45:5: Warning: No visibility specified. Defaulting to "public". 
    function setProofType(byte _proofType);
    ^-------------------------------------^
/unique_chucks/7/0x5a13caa82851342e14cd2ad0257707cddb8a31b7.sol:46:5: Warning: No visibility specified. Defaulting to "public". 
    function setConfig(bytes32 _config);
    ^----------------------------------^
/unique_chucks/7/0x5a13caa82851342e14cd2ad0257707cddb8a31b7.sol:47:5: Warning: No visibility specified. Defaulting to "public". 
    function setCustomGasPrice(uint _gasPrice);
    ^-----------------------------------------^
/unique_chucks/7/0x5a13caa82851342e14cd2ad0257707cddb8a31b7.sol:48:5: Warning: No visibility specified. Defaulting to "public". 
    function randomDS_getSessionPubKeyHash() returns(bytes32);
    ^--------------------------------------------------------^
/unique_chucks/7/0x5a13caa82851342e14cd2ad0257707cddb8a31b7.sol:51:5: Warning: No visibility specified. Defaulting to "public". 
    function getAddress() returns (address _addr);
    ^--------------------------------------------^
/unique_chucks/7/0x5a13caa82851342e14cd2ad0257707cddb8a31b7.sol:120:5: Warning: No visibility specified. Defaulting to "public". 
    function __callback(bytes32 myid, string result) {
    ^ (Relevant source part starts here and spans across multiple lines).
/unique_chucks/7/0x5a13caa82851342e14cd2ad0257707cddb8a31b7.sol:123:5: Warning: No visibility specified. Defaulting to "public". 
    function __callback(bytes32 myid, string result, bytes proof) {
    ^ (Relevant source part starts here and spans across multiple lines).
/unique_chucks/7/0x5a13caa82851342e14cd2ad0257707cddb8a31b7.sol:1059:5: Warning: No visibility specified. Defaulting to "public". 
    function getBalance(address addr) constant returns(uint balance) {
    ^ (Relevant source part starts here and spans across multiple lines).
/unique_chucks/7/0x5a13caa82851342e14cd2ad0257707cddb8a31b7.sol:1075:5: Warning: No visibility specified. Defaulting to "public". 
    function __callback(bytes32 _queryId, string _result, bytes _proof) oraclize_randomDS_proofVerify(_queryId, _result, _proof)
    ^ (Relevant source part starts here and spans across multiple lines).
/unique_chucks/7/0x5a13caa82851342e14cd2ad0257707cddb8a31b7.sol:1108:5: Warning: No visibility specified. Defaulting to "public". 
    function findWinner(uint random) constant returns (address winner) {
    ^ (Relevant source part starts here and spans across multiple lines).
/unique_chucks/7/0x5a13caa82851342e14cd2ad0257707cddb8a31b7.sol:123:5: Warning: Function state mutability can be restricted to pure
    function __callback(bytes32 myid, string result, bytes proof) {
    ^ (Relevant source part starts here and spans across multiple lines).
/unique_chucks/7/0x5a13caa82851342e14cd2ad0257707cddb8a31b7.sol:537:5: Warning: Function state mutability can be restricted to pure
    function parseAddr(string _a) internal returns (address){
    ^ (Relevant source part starts here and spans across multiple lines).
/unique_chucks/7/0x5a13caa82851342e14cd2ad0257707cddb8a31b7.sol:557:5: Warning: Function state mutability can be restricted to pure
    function strCompare(string _a, string _b) internal returns (int) {
    ^ (Relevant source part starts here and spans across multiple lines).
/unique_chucks/7/0x5a13caa82851342e14cd2ad0257707cddb8a31b7.sol:575:5: Warning: Function state mutability can be restricted to pure
    function indexOf(string _haystack, string _needle) internal returns (int) {
    ^ (Relevant source part starts here and spans across multiple lines).
/unique_chucks/7/0x5a13caa82851342e14cd2ad0257707cddb8a31b7.sol:602:5: Warning: Function state mutability can be restricted to pure
    function strConcat(string _a, string _b, string _c, string _d, string _e) internal returns (string) {
    ^ (Relevant source part starts here and spans across multiple lines).
/unique_chucks/7/0x5a13caa82851342e14cd2ad0257707cddb8a31b7.sol:637:5: Warning: Function state mutability can be restricted to pure
    function parseInt(string _a, uint _b) internal returns (uint) {
    ^ (Relevant source part starts here and spans across multiple lines).
/unique_chucks/7/0x5a13caa82851342e14cd2ad0257707cddb8a31b7.sol:655:5: Warning: Function state mutability can be restricted to pure
    function uint2str(uint i) internal returns (string){
    ^ (Relevant source part starts here and spans across multiple lines).
/unique_chucks/7/0x5a13caa82851342e14cd2ad0257707cddb8a31b7.sol:672:5: Warning: Function state mutability can be restricted to pure
    function stra2cbor(string[] arr) internal returns (bytes) {
    ^ (Relevant source part starts here and spans across multiple lines).
/unique_chucks/7/0x5a13caa82851342e14cd2ad0257707cddb8a31b7.sol:714:5: Warning: Function state mutability can be restricted to pure
    function ba2cbor(bytes[] arr) internal returns (bytes) {
    ^ (Relevant source part starts here and spans across multiple lines).
/unique_chucks/7/0x5a13caa82851342e14cd2ad0257707cddb8a31b7.sol:762:5: Warning: Function state mutability can be restricted to view
    function oraclize_getNetworkName() internal returns (string) {
    ^ (Relevant source part starts here and spans across multiple lines).
/unique_chucks/7/0x5a13caa82851342e14cd2ad0257707cddb8a31b7.sol:866:5: Warning: Function state mutability can be restricted to pure
    function matchBytes32Prefix(bytes32 content, bytes prefix) internal returns (bool){
    ^ (Relevant source part starts here and spans across multiple lines).
/unique_chucks/7/0x5a13caa82851342e14cd2ad0257707cddb8a31b7.sol:927:5: Warning: Function state mutability can be restricted to pure
    function copyBytes(bytes from, uint fromOffset, uint length, bytes to, uint toOffset) internal returns (bytes) {
    ^ (Relevant source part starts here and spans across multiple lines).

INFO:Detectors:[93m
usingOraclize.getCodeSize (/unique_chucks/7/0x5a13caa82851342e14cd2ad0257707cddb8a31b7.sol#546-550) is declared view but contains assembly code
Reference: https://github.com/trailofbits/slither/wiki/Detectors-Documentation#constant-functions-changing-the-state[0m
INFO:Detectors:[92m
Reentrancy in EthereumPot.EthereumPot (/unique_chucks/7/0x5a13caa82851342e14cd2ad0257707cddb8a31b7.sol#1081-1086):
	External calls:
	- oraclize_setProof(proofType_Ledger) (/unique_chucks/7/0x5a13caa82851342e14cd2ad0257707cddb8a31b7.sol#1083)
	State variables written after the call(s):
	- owner (/unique_chucks/7/0x5a13caa82851342e14cd2ad0257707cddb8a31b7.sol#1084-1086)
Reentrancy in usingOraclize.oraclize_newRandomDSQuery (/unique_chucks/7/0x5a13caa82851342e14cd2ad0257707cddb8a31b7.sol#780-805):
	External calls:
	- sessionKeyHash_bytes32 = oraclize_randomDS_getSessionPubKeyHash() (/unique_chucks/7/0x5a13caa82851342e14cd2ad0257707cddb8a31b7.sol#786-788)
	- queryId = oraclize_query(_delay,random,args,_customGasLimit) (/unique_chucks/7/0x5a13caa82851342e14cd2ad0257707cddb8a31b7.sol#801-803)
	External calls sending eth:
	- queryId = oraclize_query(_delay,random,args,_customGasLimit) (/unique_chucks/7/0x5a13caa82851342e14cd2ad0257707cddb8a31b7.sol#801-803)
	State variables written after the call(s):
	- oraclize_network_name (/unique_chucks/7/0x5a13caa82851342e14cd2ad0257707cddb8a31b7.sol#801-803)
	- oraclize_randomDS_args (/unique_chucks/7/0x5a13caa82851342e14cd2ad0257707cddb8a31b7.sol#803-805)
Reference: https://github.com/trailofbits/slither/wiki/Detectors-Documentation#reentrancy-vulnerabilities-2[0m
INFO:Detectors:[92m
usingOraclize.getCodeSize uses assembly (/unique_chucks/7/0x5a13caa82851342e14cd2ad0257707cddb8a31b7.sol#546-550)
	- /unique_chucks/7/0x5a13caa82851342e14cd2ad0257707cddb8a31b7.sol#548-550
usingOraclize.oraclize_newRandomDSQuery uses assembly (/unique_chucks/7/0x5a13caa82851342e14cd2ad0257707cddb8a31b7.sol#780-805)
	- /unique_chucks/7/0x5a13caa82851342e14cd2ad0257707cddb8a31b7.sol#791-800
usingOraclize.verifySig uses assembly (/unique_chucks/7/0x5a13caa82851342e14cd2ad0257707cddb8a31b7.sol#816-835)
	- /unique_chucks/7/0x5a13caa82851342e14cd2ad0257707cddb8a31b7.sol#826-831
usingOraclize.copyBytes uses assembly (/unique_chucks/7/0x5a13caa82851342e14cd2ad0257707cddb8a31b7.sol#953-969)
	- /unique_chucks/7/0x5a13caa82851342e14cd2ad0257707cddb8a31b7.sol#963-967
usingOraclize.safer_ecrecover uses assembly (/unique_chucks/7/0x5a13caa82851342e14cd2ad0257707cddb8a31b7.sol#974-1003)
	- /unique_chucks/7/0x5a13caa82851342e14cd2ad0257707cddb8a31b7.sol#993-1003
usingOraclize.ecrecovery uses assembly (/unique_chucks/7/0x5a13caa82851342e14cd2ad0257707cddb8a31b7.sol#1007-1061)
	- /unique_chucks/7/0x5a13caa82851342e14cd2ad0257707cddb8a31b7.sol#1018-1055
Reference: https://github.com/trailofbits/slither/wiki/Detectors-Documentation#assembly-usage[0m
INFO:Detectors:[92m
EthereumPot.minBetSize should be constant (/unique_chucks/7/0x5a13caa82851342e14cd2ad0257707cddb8a31b7.sol#1068-1069)
EthereumPot.potTime should be constant (/unique_chucks/7/0x5a13caa82851342e14cd2ad0257707cddb8a31b7.sol#1074-1075)
OraclizeI.cbAddress should be constant (/unique_chucks/7/0x5a13caa82851342e14cd2ad0257707cddb8a31b7.sol#36)
Reference: https://github.com/trailofbits/slither/wiki/Detectors-Documentation#state-variables-that-could-be-declared-constant[0m
INFO:Detectors:[92m
Deprecated standard detected @ /unique_chucks/7/0x5a13caa82851342e14cd2ad0257707cddb8a31b7.sol#782:
	- Usage of "throw" should be replaced with "revert()"
Deprecated standard detected @ /unique_chucks/7/0x5a13caa82851342e14cd2ad0257707cddb8a31b7.sol#803-805:
	- Usage of "sha3()" should be replaced with "keccak256()"
Deprecated standard detected @ /unique_chucks/7/0x5a13caa82851342e14cd2ad0257707cddb8a31b7.sol#832-835:
	- Usage of "sha3()" should be replaced with "keccak256()"
Deprecated standard detected @ /unique_chucks/7/0x5a13caa82851342e14cd2ad0257707cddb8a31b7.sol#834-835:
	- Usage of "sha3()" should be replaced with "keccak256()"
Deprecated standard detected @ /unique_chucks/7/0x5a13caa82851342e14cd2ad0257707cddb8a31b7.sol#899-901:
	- Usage of "sha3()" should be replaced with "keccak256()"
Deprecated standard detected @ /unique_chucks/7/0x5a13caa82851342e14cd2ad0257707cddb8a31b7.sol#922-927:
	- Usage of "sha3()" should be replaced with "keccak256()"
Deprecated standard detected @ /unique_chucks/7/0x5a13caa82851342e14cd2ad0257707cddb8a31b7.sol#956:
	- Usage of "throw" should be replaced with "revert()"
Deprecated standard detected @ /unique_chucks/7/0x5a13caa82851342e14cd2ad0257707cddb8a31b7.sol#882:
	- Usage of "throw" should be replaced with "revert()"
Deprecated standard detected @ /unique_chucks/7/0x5a13caa82851342e14cd2ad0257707cddb8a31b7.sol#885:
	- Usage of "throw" should be replaced with "revert()"
Deprecated standard detected @ /unique_chucks/7/0x5a13caa82851342e14cd2ad0257707cddb8a31b7.sol#1108:
	- Usage of "throw" should be replaced with "revert()"
Deprecated standard detected @ /unique_chucks/7/0x5a13caa82851342e14cd2ad0257707cddb8a31b7.sol#1110-1112:
	- Usage of "sha3()" should be replaced with "keccak256()"
Deprecated standard detected @ /unique_chucks/7/0x5a13caa82851342e14cd2ad0257707cddb8a31b7.sol#1166:
	- Usage of "throw" should be replaced with "revert()"
Deprecated standard detected @ /unique_chucks/7/0x5a13caa82851342e14cd2ad0257707cddb8a31b7.sol#1167:
	- Usage of "throw" should be replaced with "revert()"
Deprecated standard detected @ /unique_chucks/7/0x5a13caa82851342e14cd2ad0257707cddb8a31b7.sol:
	- Usage of "throw" should be replaced with "revert()"
Deprecated standard detected @ /unique_chucks/7/0x5a13caa82851342e14cd2ad0257707cddb8a31b7.sol:
	- Usage of "throw" should be replaced with "revert()"
Reference: https://github.com/trailofbits/slither/wiki/Detectors-Documentation#deprecated-standards[0m
INFO:Detectors:[92m
OraclizeI.query (/unique_chucks/7/0x5a13caa82851342e14cd2ad0257707cddb8a31b7.sol#36-37) should be declared external
OraclizeI.query_withGasLimit (/unique_chucks/7/0x5a13caa82851342e14cd2ad0257707cddb8a31b7.sol#37-38) should be declared external
OraclizeI.query2 (/unique_chucks/7/0x5a13caa82851342e14cd2ad0257707cddb8a31b7.sol#38-39) should be declared external
OraclizeI.query2_withGasLimit (/unique_chucks/7/0x5a13caa82851342e14cd2ad0257707cddb8a31b7.sol#39-40) should be declared external
OraclizeI.queryN (/unique_chucks/7/0x5a13caa82851342e14cd2ad0257707cddb8a31b7.sol#40-41) should be declared external
OraclizeI.queryN_withGasLimit (/unique_chucks/7/0x5a13caa82851342e14cd2ad0257707cddb8a31b7.sol#41-42) should be declared external
OraclizeI.getPrice (/unique_chucks/7/0x5a13caa82851342e14cd2ad0257707cddb8a31b7.sol#42-43) should be declared external
OraclizeI.getPrice (/unique_chucks/7/0x5a13caa82851342e14cd2ad0257707cddb8a31b7.sol#43-45) should be declared external
OraclizeI.useCoupon (/unique_chucks/7/0x5a13caa82851342e14cd2ad0257707cddb8a31b7.sol#45) should be declared external
OraclizeI.setProofType (/unique_chucks/7/0x5a13caa82851342e14cd2ad0257707cddb8a31b7.sol#46-47) should be declared external
OraclizeI.setConfig (/unique_chucks/7/0x5a13caa82851342e14cd2ad0257707cddb8a31b7.sol#47) should be declared external
OraclizeI.setCustomGasPrice (/unique_chucks/7/0x5a13caa82851342e14cd2ad0257707cddb8a31b7.sol#48) should be declared external
OraclizeI.randomDS_getSessionPubKeyHash (/unique_chucks/7/0x5a13caa82851342e14cd2ad0257707cddb8a31b7.sol#48-51) should be declared external
OraclizeAddrResolverI.getAddress (/unique_chucks/7/0x5a13caa82851342e14cd2ad0257707cddb8a31b7.sol#53-54) should be declared external
usingOraclize.__callback (/unique_chucks/7/0x5a13caa82851342e14cd2ad0257707cddb8a31b7.sol#123-124) should be declared external
EthereumPot.getBalance (/unique_chucks/7/0x5a13caa82851342e14cd2ad0257707cddb8a31b7.sol#1086-1087) should be declared external
EthereumPot.withdrawBalance (/unique_chucks/7/0x5a13caa82851342e14cd2ad0257707cddb8a31b7.sol#1088-1102) should be declared external
EthereumPot.joinPot (/unique_chucks/7/0x5a13caa82851342e14cd2ad0257707cddb8a31b7.sol#1165-1182) should be declared external
EthereumPot.getPlayers (/unique_chucks/7/0x5a13caa82851342e14cd2ad0257707cddb8a31b7.sol#1183-1185) should be declared external
EthereumPot.getSlots (/unique_chucks/7/0x5a13caa82851342e14cd2ad0257707cddb8a31b7.sol#1186-1189) should be declared external
EthereumPot.getEndTime (/unique_chucks/7/0x5a13caa82851342e14cd2ad0257707cddb8a31b7.sol) should be declared external
EthereumPot.rewardWinner (/unique_chucks/7/0x5a13caa82851342e14cd2ad0257707cddb8a31b7.sol) should be declared external
Reference: https://github.com/trailofbits/slither/wiki/Detectors-Documentation#public-function-that-could-be-declared-as-external[0m
INFO:Detectors:[92m
Detected issues with version pragma in /unique_chucks/7/0x5a13caa82851342e14cd2ad0257707cddb8a31b7.sol:
	- pragma solidity^0.4.0 (/unique_chucks/7/0x5a13caa82851342e14cd2ad0257707cddb8a31b7.sol#1): it allows old versions
Reference: https://github.com/trailofbits/slither/wiki/Detectors-Documentation#incorrect-version-of-solidity[0m
INFO:Detectors:[92m
Function 'OraclizeI.query_withGasLimit' (/unique_chucks/7/0x5a13caa82851342e14cd2ad0257707cddb8a31b7.sol#37-38) is not in mixedCase
Function 'OraclizeI.query2_withGasLimit' (/unique_chucks/7/0x5a13caa82851342e14cd2ad0257707cddb8a31b7.sol#39-40) is not in mixedCase
Function 'OraclizeI.queryN_withGasLimit' (/unique_chucks/7/0x5a13caa82851342e14cd2ad0257707cddb8a31b7.sol#41-42) is not in mixedCase
Function 'OraclizeI.randomDS_getSessionPubKeyHash' (/unique_chucks/7/0x5a13caa82851342e14cd2ad0257707cddb8a31b7.sol#48-51) is not in mixedCase
Contract 'usingOraclize' (/unique_chucks/7/0x5a13caa82851342e14cd2ad0257707cddb8a31b7.sol#54-1063) is not in CapWords
Function 'usingOraclize.oraclize_setNetwork' (/unique_chucks/7/0x5a13caa82851342e14cd2ad0257707cddb8a31b7.sol#84-123) is not in mixedCase
Function 'usingOraclize.__callback' (/unique_chucks/7/0x5a13caa82851342e14cd2ad0257707cddb8a31b7.sol#123-124) is not in mixedCase
Function 'usingOraclize.__callback' (/unique_chucks/7/0x5a13caa82851342e14cd2ad0257707cddb8a31b7.sol#125-131) is not in mixedCase
Function 'usingOraclize.oraclize_useCoupon' (/unique_chucks/7/0x5a13caa82851342e14cd2ad0257707cddb8a31b7.sol#131-132) is not in mixedCase
Function 'usingOraclize.oraclize_getPrice' (/unique_chucks/7/0x5a13caa82851342e14cd2ad0257707cddb8a31b7.sol#133-136) is not in mixedCase
Function 'usingOraclize.oraclize_getPrice' (/unique_chucks/7/0x5a13caa82851342e14cd2ad0257707cddb8a31b7.sol#136-140) is not in mixedCase
Function 'usingOraclize.oraclize_query' (/unique_chucks/7/0x5a13caa82851342e14cd2ad0257707cddb8a31b7.sol#140-145) is not in mixedCase
Function 'usingOraclize.oraclize_query' (/unique_chucks/7/0x5a13caa82851342e14cd2ad0257707cddb8a31b7.sol#145-150) is not in mixedCase
Function 'usingOraclize.oraclize_query' (/unique_chucks/7/0x5a13caa82851342e14cd2ad0257707cddb8a31b7.sol#150-155) is not in mixedCase
Function 'usingOraclize.oraclize_query' (/unique_chucks/7/0x5a13caa82851342e14cd2ad0257707cddb8a31b7.sol#155-160) is not in mixedCase
Function 'usingOraclize.oraclize_query' (/unique_chucks/7/0x5a13caa82851342e14cd2ad0257707cddb8a31b7.sol#160-165) is not in mixedCase
Function 'usingOraclize.oraclize_query' (/unique_chucks/7/0x5a13caa82851342e14cd2ad0257707cddb8a31b7.sol#165-170) is not in mixedCase
Function 'usingOraclize.oraclize_query' (/unique_chucks/7/0x5a13caa82851342e14cd2ad0257707cddb8a31b7.sol#170-175) is not in mixedCase
Function 'usingOraclize.oraclize_query' (/unique_chucks/7/0x5a13caa82851342e14cd2ad0257707cddb8a31b7.sol#175-181) is not in mixedCase
Function 'usingOraclize.oraclize_query' (/unique_chucks/7/0x5a13caa82851342e14cd2ad0257707cddb8a31b7.sol#181-187) is not in mixedCase
Function 'usingOraclize.oraclize_query' (/unique_chucks/7/0x5a13caa82851342e14cd2ad0257707cddb8a31b7.sol#187-192) is not in mixedCase
Function 'usingOraclize.oraclize_query' (/unique_chucks/7/0x5a13caa82851342e14cd2ad0257707cddb8a31b7.sol#192-199) is not in mixedCase
Function 'usingOraclize.oraclize_query' (/unique_chucks/7/0x5a13caa82851342e14cd2ad0257707cddb8a31b7.sol#199-206) is not in mixedCase
Function 'usingOraclize.oraclize_query' (/unique_chucks/7/0x5a13caa82851342e14cd2ad0257707cddb8a31b7.sol#206-211) is not in mixedCase
Function 'usingOraclize.oraclize_query' (/unique_chucks/7/0x5a13caa82851342e14cd2ad0257707cddb8a31b7.sol#211-215) is not in mixedCase
Function 'usingOraclize.oraclize_query' (/unique_chucks/7/0x5a13caa82851342e14cd2ad0257707cddb8a31b7.sol#215-221) is not in mixedCase
Function 'usingOraclize.oraclize_query' (/unique_chucks/7/0x5a13caa82851342e14cd2ad0257707cddb8a31b7.sol#221-227) is not in mixedCase
Function 'usingOraclize.oraclize_query' (/unique_chucks/7/0x5a13caa82851342e14cd2ad0257707cddb8a31b7.sol#228-233) is not in mixedCase
Function 'usingOraclize.oraclize_query' (/unique_chucks/7/0x5a13caa82851342e14cd2ad0257707cddb8a31b7.sol#233-239) is not in mixedCase
Function 'usingOraclize.oraclize_query' (/unique_chucks/7/0x5a13caa82851342e14cd2ad0257707cddb8a31b7.sol#239-246) is not in mixedCase
Function 'usingOraclize.oraclize_query' (/unique_chucks/7/0x5a13caa82851342e14cd2ad0257707cddb8a31b7.sol#246-252) is not in mixedCase
Function 'usingOraclize.oraclize_query' (/unique_chucks/7/0x5a13caa82851342e14cd2ad0257707cddb8a31b7.sol#253-259) is not in mixedCase
Function 'usingOraclize.oraclize_query' (/unique_chucks/7/0x5a13caa82851342e14cd2ad0257707cddb8a31b7.sol#259-266) is not in mixedCase
Function 'usingOraclize.oraclize_query' (/unique_chucks/7/0x5a13caa82851342e14cd2ad0257707cddb8a31b7.sol#266-274) is not in mixedCase
Function 'usingOraclize.oraclize_query' (/unique_chucks/7/0x5a13caa82851342e14cd2ad0257707cddb8a31b7.sol#274-282) is not in mixedCase
Function 'usingOraclize.oraclize_query' (/unique_chucks/7/0x5a13caa82851342e14cd2ad0257707cddb8a31b7.sol#283-290) is not in mixedCase
Function 'usingOraclize.oraclize_query' (/unique_chucks/7/0x5a13caa82851342e14cd2ad0257707cddb8a31b7.sol#290-298) is not in mixedCase
Function 'usingOraclize.oraclize_query' (/unique_chucks/7/0x5a13caa82851342e14cd2ad0257707cddb8a31b7.sol#298-307) is not in mixedCase
Function 'usingOraclize.oraclize_query' (/unique_chucks/7/0x5a13caa82851342e14cd2ad0257707cddb8a31b7.sol#307-315) is not in mixedCase
Function 'usingOraclize.oraclize_query' (/unique_chucks/7/0x5a13caa82851342e14cd2ad0257707cddb8a31b7.sol#316-324) is not in mixedCase
Function 'usingOraclize.oraclize_query' (/unique_chucks/7/0x5a13caa82851342e14cd2ad0257707cddb8a31b7.sol#324-333) is not in mixedCase
Function 'usingOraclize.oraclize_query' (/unique_chucks/7/0x5a13caa82851342e14cd2ad0257707cddb8a31b7.sol#333-343) is not in mixedCase
Function 'usingOraclize.oraclize_query' (/unique_chucks/7/0x5a13caa82851342e14cd2ad0257707cddb8a31b7.sol#343-349) is not in mixedCase
Function 'usingOraclize.oraclize_query' (/unique_chucks/7/0x5a13caa82851342e14cd2ad0257707cddb8a31b7.sol#349-355) is not in mixedCase
Function 'usingOraclize.oraclize_query' (/unique_chucks/7/0x5a13caa82851342e14cd2ad0257707cddb8a31b7.sol#355-361) is not in mixedCase
Function 'usingOraclize.oraclize_query' (/unique_chucks/7/0x5a13caa82851342e14cd2ad0257707cddb8a31b7.sol#361-367) is not in mixedCase
Function 'usingOraclize.oraclize_query' (/unique_chucks/7/0x5a13caa82851342e14cd2ad0257707cddb8a31b7.sol#367-375) is not in mixedCase
Function 'usingOraclize.oraclize_query' (/unique_chucks/7/0x5a13caa82851342e14cd2ad0257707cddb8a31b7.sol#375-379) is not in mixedCase
Function 'usingOraclize.oraclize_query' (/unique_chucks/7/0x5a13caa82851342e14cd2ad0257707cddb8a31b7.sol#379-384) is not in mixedCase
Function 'usingOraclize.oraclize_query' (/unique_chucks/7/0x5a13caa82851342e14cd2ad0257707cddb8a31b7.sol#384-390) is not in mixedCase
Function 'usingOraclize.oraclize_query' (/unique_chucks/7/0x5a13caa82851342e14cd2ad0257707cddb8a31b7.sol#391-396) is not in mixedCase
Function 'usingOraclize.oraclize_query' (/unique_chucks/7/0x5a13caa82851342e14cd2ad0257707cddb8a31b7.sol#396-402) is not in mixedCase
Function 'usingOraclize.oraclize_query' (/unique_chucks/7/0x5a13caa82851342e14cd2ad0257707cddb8a31b7.sol#402-408) is not in mixedCase
Function 'usingOraclize.oraclize_query' (/unique_chucks/7/0x5a13caa82851342e14cd2ad0257707cddb8a31b7.sol#408-415) is not in mixedCase
Function 'usingOraclize.oraclize_query' (/unique_chucks/7/0x5a13caa82851342e14cd2ad0257707cddb8a31b7.sol#415-421) is not in mixedCase
Function 'usingOraclize.oraclize_query' (/unique_chucks/7/0x5a13caa82851342e14cd2ad0257707cddb8a31b7.sol#421-428) is not in mixedCase
Function 'usingOraclize.oraclize_query' (/unique_chucks/7/0x5a13caa82851342e14cd2ad0257707cddb8a31b7.sol#428-435) is not in mixedCase
Function 'usingOraclize.oraclize_query' (/unique_chucks/7/0x5a13caa82851342e14cd2ad0257707cddb8a31b7.sol#435-443) is not in mixedCase
Function 'usingOraclize.oraclize_query' (/unique_chucks/7/0x5a13caa82851342e14cd2ad0257707cddb8a31b7.sol#443-451) is not in mixedCase
Function 'usingOraclize.oraclize_query' (/unique_chucks/7/0x5a13caa82851342e14cd2ad0257707cddb8a31b7.sol#451-459) is not in mixedCase
Function 'usingOraclize.oraclize_query' (/unique_chucks/7/0x5a13caa82851342e14cd2ad0257707cddb8a31b7.sol#459-467) is not in mixedCase
Function 'usingOraclize.oraclize_query' (/unique_chucks/7/0x5a13caa82851342e14cd2ad0257707cddb8a31b7.sol#467-476) is not in mixedCase
Function 'usingOraclize.oraclize_query' (/unique_chucks/7/0x5a13caa82851342e14cd2ad0257707cddb8a31b7.sol#476-484) is not in mixedCase
Function 'usingOraclize.oraclize_query' (/unique_chucks/7/0x5a13caa82851342e14cd2ad0257707cddb8a31b7.sol#484-493) is not in mixedCase
Function 'usingOraclize.oraclize_query' (/unique_chucks/7/0x5a13caa82851342e14cd2ad0257707cddb8a31b7.sol#493-502) is not in mixedCase
Function 'usingOraclize.oraclize_query' (/unique_chucks/7/0x5a13caa82851342e14cd2ad0257707cddb8a31b7.sol#502-513) is not in mixedCase
Function 'usingOraclize.oraclize_query' (/unique_chucks/7/0x5a13caa82851342e14cd2ad0257707cddb8a31b7.sol#514-525) is not in mixedCase
Function 'usingOraclize.oraclize_cbAddress' (/unique_chucks/7/0x5a13caa82851342e14cd2ad0257707cddb8a31b7.sol#525-526) is not in mixedCase
Function 'usingOraclize.oraclize_setProof' (/unique_chucks/7/0x5a13caa82851342e14cd2ad0257707cddb8a31b7.sol#526-530) is not in mixedCase
Function 'usingOraclize.oraclize_setCustomGasPrice' (/unique_chucks/7/0x5a13caa82851342e14cd2ad0257707cddb8a31b7.sol#530-537) is not in mixedCase
Function 'usingOraclize.oraclize_setConfig' (/unique_chucks/7/0x5a13caa82851342e14cd2ad0257707cddb8a31b7.sol#537-541) is not in mixedCase
Function 'usingOraclize.oraclize_randomDS_getSessionPubKeyHash' (/unique_chucks/7/0x5a13caa82851342e14cd2ad0257707cddb8a31b7.sol#542-546) is not in mixedCase
Parameter '_addr' of usingOraclize.getCodeSize (/unique_chucks/7/0x5a13caa82851342e14cd2ad0257707cddb8a31b7.sol#546-547) is not in mixedCase
Parameter '_a' of usingOraclize.parseAddr (/unique_chucks/7/0x5a13caa82851342e14cd2ad0257707cddb8a31b7.sol#550) is not in mixedCase
Parameter '_a' of usingOraclize.strCompare (/unique_chucks/7/0x5a13caa82851342e14cd2ad0257707cddb8a31b7.sol#575) is not in mixedCase
Parameter '_b' of usingOraclize.strCompare (/unique_chucks/7/0x5a13caa82851342e14cd2ad0257707cddb8a31b7.sol#575) is not in mixedCase
Parameter '_haystack' of usingOraclize.indexOf (/unique_chucks/7/0x5a13caa82851342e14cd2ad0257707cddb8a31b7.sol#590) is not in mixedCase
Parameter '_needle' of usingOraclize.indexOf (/unique_chucks/7/0x5a13caa82851342e14cd2ad0257707cddb8a31b7.sol#590) is not in mixedCase
Parameter '_a' of usingOraclize.strConcat (/unique_chucks/7/0x5a13caa82851342e14cd2ad0257707cddb8a31b7.sol#613) is not in mixedCase
Parameter '_b' of usingOraclize.strConcat (/unique_chucks/7/0x5a13caa82851342e14cd2ad0257707cddb8a31b7.sol#613) is not in mixedCase
Parameter '_c' of usingOraclize.strConcat (/unique_chucks/7/0x5a13caa82851342e14cd2ad0257707cddb8a31b7.sol#613) is not in mixedCase
Parameter '_d' of usingOraclize.strConcat (/unique_chucks/7/0x5a13caa82851342e14cd2ad0257707cddb8a31b7.sol#613-614) is not in mixedCase
Parameter '_e' of usingOraclize.strConcat (/unique_chucks/7/0x5a13caa82851342e14cd2ad0257707cddb8a31b7.sol#614) is not in mixedCase
Parameter '_a' of usingOraclize.strConcat (/unique_chucks/7/0x5a13caa82851342e14cd2ad0257707cddb8a31b7.sol#638) is not in mixedCase
Parameter '_b' of usingOraclize.strConcat (/unique_chucks/7/0x5a13caa82851342e14cd2ad0257707cddb8a31b7.sol#638) is not in mixedCase
Parameter '_c' of usingOraclize.strConcat (/unique_chucks/7/0x5a13caa82851342e14cd2ad0257707cddb8a31b7.sol#638-639) is not in mixedCase
Parameter '_d' of usingOraclize.strConcat (/unique_chucks/7/0x5a13caa82851342e14cd2ad0257707cddb8a31b7.sol#639) is not in mixedCase
Parameter '_a' of usingOraclize.strConcat (/unique_chucks/7/0x5a13caa82851342e14cd2ad0257707cddb8a31b7.sol#642) is not in mixedCase
Parameter '_b' of usingOraclize.strConcat (/unique_chucks/7/0x5a13caa82851342e14cd2ad0257707cddb8a31b7.sol#642) is not in mixedCase
Parameter '_c' of usingOraclize.strConcat (/unique_chucks/7/0x5a13caa82851342e14cd2ad0257707cddb8a31b7.sol#642) is not in mixedCase
Parameter '_a' of usingOraclize.strConcat (/unique_chucks/7/0x5a13caa82851342e14cd2ad0257707cddb8a31b7.sol#646) is not in mixedCase
Parameter '_b' of usingOraclize.strConcat (/unique_chucks/7/0x5a13caa82851342e14cd2ad0257707cddb8a31b7.sol#646-647) is not in mixedCase
Parameter '_a' of usingOraclize.parseInt (/unique_chucks/7/0x5a13caa82851342e14cd2ad0257707cddb8a31b7.sol#650-651) is not in mixedCase
Parameter '_a' of usingOraclize.parseInt (/unique_chucks/7/0x5a13caa82851342e14cd2ad0257707cddb8a31b7.sol#656) is not in mixedCase
Parameter '_b' of usingOraclize.parseInt (/unique_chucks/7/0x5a13caa82851342e14cd2ad0257707cddb8a31b7.sol#656) is not in mixedCase
Function 'usingOraclize.oraclize_setNetworkName' (/unique_chucks/7/0x5a13caa82851342e14cd2ad0257707cddb8a31b7.sol#775-777) is not in mixedCase
Parameter '_network_name' of usingOraclize.oraclize_setNetworkName (/unique_chucks/7/0x5a13caa82851342e14cd2ad0257707cddb8a31b7.sol#776) is not in mixedCase
Function 'usingOraclize.oraclize_getNetworkName' (/unique_chucks/7/0x5a13caa82851342e14cd2ad0257707cddb8a31b7.sol#777-780) is not in mixedCase
Function 'usingOraclize.oraclize_newRandomDSQuery' (/unique_chucks/7/0x5a13caa82851342e14cd2ad0257707cddb8a31b7.sol#780-805) is not in mixedCase
Parameter '_delay' of usingOraclize.oraclize_newRandomDSQuery (/unique_chucks/7/0x5a13caa82851342e14cd2ad0257707cddb8a31b7.sol#780) is not in mixedCase
Parameter '_nbytes' of usingOraclize.oraclize_newRandomDSQuery (/unique_chucks/7/0x5a13caa82851342e14cd2ad0257707cddb8a31b7.sol#780-781) is not in mixedCase
Parameter '_customGasLimit' of usingOraclize.oraclize_newRandomDSQuery (/unique_chucks/7/0x5a13caa82851342e14cd2ad0257707cddb8a31b7.sol#781) is not in mixedCase
Function 'usingOraclize.oraclize_randomDS_setCommitment' (/unique_chucks/7/0x5a13caa82851342e14cd2ad0257707cddb8a31b7.sol#805-813) is not in mixedCase
Function 'usingOraclize.oraclize_randomDS_proofVerify__sessionKeyValidity' (/unique_chucks/7/0x5a13caa82851342e14cd2ad0257707cddb8a31b7.sol#836-876) is not in mixedCase
Function 'usingOraclize.oraclize_randomDS_proofVerify__main' (/unique_chucks/7/0x5a13caa82851342e14cd2ad0257707cddb8a31b7.sol#891-951) is not in mixedCase
Parameter 'context_name' of usingOraclize.oraclize_randomDS_proofVerify__main (/unique_chucks/7/0x5a13caa82851342e14cd2ad0257707cddb8a31b7.sol#893) is not in mixedCase
Function 'usingOraclize.safer_ecrecover' (/unique_chucks/7/0x5a13caa82851342e14cd2ad0257707cddb8a31b7.sol#974-1003) is not in mixedCase
Constant 'usingOraclize.day' (/unique_chucks/7/0x5a13caa82851342e14cd2ad0257707cddb8a31b7.sol#55-56) is not in UPPER_CASE_WITH_UNDERSCORES
Constant 'usingOraclize.week' (/unique_chucks/7/0x5a13caa82851342e14cd2ad0257707cddb8a31b7.sol#56-57) is not in UPPER_CASE_WITH_UNDERSCORES
Constant 'usingOraclize.month' (/unique_chucks/7/0x5a13caa82851342e14cd2ad0257707cddb8a31b7.sol#57-58) is not in UPPER_CASE_WITH_UNDERSCORES
Constant 'usingOraclize.proofType_NONE' (/unique_chucks/7/0x5a13caa82851342e14cd2ad0257707cddb8a31b7.sol#58-59) is not in UPPER_CASE_WITH_UNDERSCORES
Constant 'usingOraclize.proofType_TLSNotary' (/unique_chucks/7/0x5a13caa82851342e14cd2ad0257707cddb8a31b7.sol#59-60) is not in UPPER_CASE_WITH_UNDERSCORES
Constant 'usingOraclize.proofType_Android' (/unique_chucks/7/0x5a13caa82851342e14cd2ad0257707cddb8a31b7.sol#60-61) is not in UPPER_CASE_WITH_UNDERSCORES
Constant 'usingOraclize.proofType_Ledger' (/unique_chucks/7/0x5a13caa82851342e14cd2ad0257707cddb8a31b7.sol#61-62) is not in UPPER_CASE_WITH_UNDERSCORES
Constant 'usingOraclize.proofType_Native' (/unique_chucks/7/0x5a13caa82851342e14cd2ad0257707cddb8a31b7.sol#62-63) is not in UPPER_CASE_WITH_UNDERSCORES
Constant 'usingOraclize.proofStorage_IPFS' (/unique_chucks/7/0x5a13caa82851342e14cd2ad0257707cddb8a31b7.sol#63-64) is not in UPPER_CASE_WITH_UNDERSCORES
Constant 'usingOraclize.networkID_auto' (/unique_chucks/7/0x5a13caa82851342e14cd2ad0257707cddb8a31b7.sol#64-65) is not in UPPER_CASE_WITH_UNDERSCORES
Constant 'usingOraclize.networkID_mainnet' (/unique_chucks/7/0x5a13caa82851342e14cd2ad0257707cddb8a31b7.sol#65-66) is not in UPPER_CASE_WITH_UNDERSCORES
Constant 'usingOraclize.networkID_testnet' (/unique_chucks/7/0x5a13caa82851342e14cd2ad0257707cddb8a31b7.sol#66-67) is not in UPPER_CASE_WITH_UNDERSCORES
Constant 'usingOraclize.networkID_morden' (/unique_chucks/7/0x5a13caa82851342e14cd2ad0257707cddb8a31b7.sol#67-69) is not in UPPER_CASE_WITH_UNDERSCORES
Constant 'usingOraclize.networkID_consensys' (/unique_chucks/7/0x5a13caa82851342e14cd2ad0257707cddb8a31b7.sol#69-72) is not in UPPER_CASE_WITH_UNDERSCORES
Variable 'usingOraclize.OAR' (/unique_chucks/7/0x5a13caa82851342e14cd2ad0257707cddb8a31b7.sol#72-73) is not in mixedCase
Variable 'usingOraclize.oraclize_network_name' (/unique_chucks/7/0x5a13caa82851342e14cd2ad0257707cddb8a31b7.sol#773-775) is not in mixedCase
Variable 'usingOraclize.oraclize_randomDS_args' (/unique_chucks/7/0x5a13caa82851342e14cd2ad0257707cddb8a31b7.sol#813-814) is not in mixedCase
Variable 'usingOraclize.oraclize_randomDS_sessionKeysHashVerified' (/unique_chucks/7/0x5a13caa82851342e14cd2ad0257707cddb8a31b7.sol#814-816) is not in mixedCase
Modifier 'usingOraclize.oraclize_randomDS_proofVerify' (/unique_chucks/7/0x5a13caa82851342e14cd2ad0257707cddb8a31b7.sol#876-887) is not in mixedCase
Event 'EthereumPot.debug' (/unique_chucks/7/0x5a13caa82851342e14cd2ad0257707cddb8a31b7.sol#1077) is not in CapWords
Event 'EthereumPot.debugInt' (/unique_chucks/7/0x5a13caa82851342e14cd2ad0257707cddb8a31b7.sol#1077) is not in CapWords
Event 'EthereumPot.potSizeChanged' (/unique_chucks/7/0x5a13caa82851342e14cd2ad0257707cddb8a31b7.sol#1078) is not in CapWords
Event 'EthereumPot.winnerAnnounced' (/unique_chucks/7/0x5a13caa82851342e14cd2ad0257707cddb8a31b7.sol#1079-1080) is not in CapWords
Event 'EthereumPot.timeLeft' (/unique_chucks/7/0x5a13caa82851342e14cd2ad0257707cddb8a31b7.sol#1080-1081) is not in CapWords
Function 'EthereumPot.__callback' (/unique_chucks/7/0x5a13caa82851342e14cd2ad0257707cddb8a31b7.sol#1103-1139) is not in mixedCase
Parameter '_result' of EthereumPot.__callback (/unique_chucks/7/0x5a13caa82851342e14cd2ad0257707cddb8a31b7.sol#1103) is not in mixedCase
Function 'EthereumPot.EthereumPot' (/unique_chucks/7/0x5a13caa82851342e14cd2ad0257707cddb8a31b7.sol#1081-1086) is not in mixedCase
Variable 'EthereumPot.random_number' (/unique_chucks/7/0x5a13caa82851342e14cd2ad0257707cddb8a31b7.sol#1075-1076) is not in mixedCase
Reference: https://github.com/trailofbits/slither/wiki/Detectors-Documentation#conformance-to-solidity-naming-conventions[0m
INFO:Detectors:[92m
usingOraclize.day (/unique_chucks/7/0x5a13caa82851342e14cd2ad0257707cddb8a31b7.sol#55-56) is never used in EthereumPot
usingOraclize.week (/unique_chucks/7/0x5a13caa82851342e14cd2ad0257707cddb8a31b7.sol#56-57) is never used in EthereumPot
usingOraclize.month (/unique_chucks/7/0x5a13caa82851342e14cd2ad0257707cddb8a31b7.sol#57-58) is never used in EthereumPot
usingOraclize.proofType_NONE (/unique_chucks/7/0x5a13caa82851342e14cd2ad0257707cddb8a31b7.sol#58-59) is never used in EthereumPot
usingOraclize.proofType_TLSNotary (/unique_chucks/7/0x5a13caa82851342e14cd2ad0257707cddb8a31b7.sol#59-60) is never used in EthereumPot
usingOraclize.proofType_Android (/unique_chucks/7/0x5a13caa82851342e14cd2ad0257707cddb8a31b7.sol#60-61) is never used in EthereumPot
usingOraclize.proofType_Native (/unique_chucks/7/0x5a13caa82851342e14cd2ad0257707cddb8a31b7.sol#62-63) is never used in EthereumPot
usingOraclize.proofStorage_IPFS (/unique_chucks/7/0x5a13caa82851342e14cd2ad0257707cddb8a31b7.sol#63-64) is never used in EthereumPot
usingOraclize.networkID_mainnet (/unique_chucks/7/0x5a13caa82851342e14cd2ad0257707cddb8a31b7.sol#65-66) is never used in EthereumPot
usingOraclize.networkID_testnet (/unique_chucks/7/0x5a13caa82851342e14cd2ad0257707cddb8a31b7.sol#66-67) is never used in EthereumPot
usingOraclize.networkID_morden (/unique_chucks/7/0x5a13caa82851342e14cd2ad0257707cddb8a31b7.sol#67-69) is never used in EthereumPot
usingOraclize.networkID_consensys (/unique_chucks/7/0x5a13caa82851342e14cd2ad0257707cddb8a31b7.sol#69-72) is never used in EthereumPot
Reference: https://github.com/trailofbits/slither/wiki/Detectors-Documentation#unused-state-variables[0m
INFO:Slither:/unique_chucks/7/0x5a13caa82851342e14cd2ad0257707cddb8a31b7.sol analyzed (4 contracts), 184 result(s) found