INFO:Slither:Compilation warnings/errors on /unique_chucks/33/0x8b40e3b6a9a821b69471e693bbbea4ebafe1fe4d.sol:
/unique_chucks/33/0x8b40e3b6a9a821b69471e693bbbea4ebafe1fe4d.sol:231:5: Warning: Unused function parameter. Remove or comment out the variable name to silence this warning.
    address _beneficiary,
    ^------------------^
/unique_chucks/33/0x8b40e3b6a9a821b69471e693bbbea4ebafe1fe4d.sol:232:5: Warning: Unused function parameter. Remove or comment out the variable name to silence this warning.
    uint256 _weiAmount
    ^----------------^
/unique_chucks/33/0x8b40e3b6a9a821b69471e693bbbea4ebafe1fe4d.sol:273:5: Warning: Unused function parameter. Remove or comment out the variable name to silence this warning.
    address _beneficiary,
    ^------------------^
/unique_chucks/33/0x8b40e3b6a9a821b69471e693bbbea4ebafe1fe4d.sol:274:5: Warning: Unused function parameter. Remove or comment out the variable name to silence this warning.
    uint256 _weiAmount
    ^----------------^
/unique_chucks/33/0x8b40e3b6a9a821b69471e693bbbea4ebafe1fe4d.sol:1135:27: Warning: Unused function parameter. Remove or comment out the variable name to silence this warning.
    function getBonusRate(uint256 _weiAmount) internal view returns (uint256) {
                          ^----------------^
/unique_chucks/33/0x8b40e3b6a9a821b69471e693bbbea4ebafe1fe4d.sol:215:3: Warning: Function state mutability can be restricted to pure
  function _preValidatePurchase(
  ^ (Relevant source part starts here and spans across multiple lines).
/unique_chucks/33/0x8b40e3b6a9a821b69471e693bbbea4ebafe1fe4d.sol:230:3: Warning: Function state mutability can be restricted to pure
  function _postValidatePurchase(
  ^ (Relevant source part starts here and spans across multiple lines).
/unique_chucks/33/0x8b40e3b6a9a821b69471e693bbbea4ebafe1fe4d.sol:272:3: Warning: Function state mutability can be restricted to pure
  function _updatePurchasingState(
  ^ (Relevant source part starts here and spans across multiple lines).
/unique_chucks/33/0x8b40e3b6a9a821b69471e693bbbea4ebafe1fe4d.sol:968:3: Warning: Function state mutability can be restricted to pure
  function finalization() internal {
  ^ (Relevant source part starts here and spans across multiple lines).

INFO:Detectors:[93m
FreezableToken.toKey (/unique_chucks/33/0x8b40e3b6a9a821b69471e693bbbea4ebafe1fe4d.sol#796-818) is declared view but contains assembly code
Reference: https://github.com/trailofbits/slither/wiki/Detectors-Documentation#constant-functions-changing-the-state[0m
INFO:Detectors:[93m
Crowdsale._deliverTokens (/unique_chucks/33/0x8b40e3b6a9a821b69471e693bbbea4ebafe1fe4d.sol#254-258) does not use the value returned by external calls:
	-token.transfer(_beneficiary,_tokenAmount) (/unique_chucks/33/0x8b40e3b6a9a821b69471e693bbbea4ebafe1fe4d.sol#256-257)
Reference: https://github.com/trailofbits/slither/wiki/Detectors-Documentation#unused-return[0m
INFO:Detectors:[92m
Reentrancy in TemplateCrowdsale.init (/unique_chucks/33/0x8b40e3b6a9a821b69471e693bbbea4ebafe1fe4d.sol#1236-1249):
	External calls:
	- MainToken(token).pause() (/unique_chucks/33/0x8b40e3b6a9a821b69471e693bbbea4ebafe1fe4d.sol#1244)
	State variables written after the call(s):
	- owner (/unique_chucks/33/0x8b40e3b6a9a821b69471e693bbbea4ebafe1fe4d.sol#1246)
Reference: https://github.com/trailofbits/slither/wiki/Detectors-Documentation#reentrancy-vulnerabilities-2[0m
INFO:Detectors:[92m
TimedCrowdsale.constructor (/unique_chucks/33/0x8b40e3b6a9a821b69471e693bbbea4ebafe1fe4d.sol#397-406) uses timestamp for comparisons
	Dangerous comparisons:
	- require(bool)(_openingTime >= block.timestamp) (/unique_chucks/33/0x8b40e3b6a9a821b69471e693bbbea4ebafe1fe4d.sol#400-401)
TimedCrowdsale.hasClosed (/unique_chucks/33/0x8b40e3b6a9a821b69471e693bbbea4ebafe1fe4d.sol#411-425) uses timestamp for comparisons
	Dangerous comparisons:
	- block.timestamp > closingTime (/unique_chucks/33/0x8b40e3b6a9a821b69471e693bbbea4ebafe1fe4d.sol#417-425)
FreezableToken.releaseOnce (/unique_chucks/33/0x8b40e3b6a9a821b69471e693bbbea4ebafe1fe4d.sol#756-777) uses timestamp for comparisons
	Dangerous comparisons:
	- require(bool)(uint64(block.timestamp) > head) (/unique_chucks/33/0x8b40e3b6a9a821b69471e693bbbea4ebafe1fe4d.sol#762)
FreezableToken.releaseAll (/unique_chucks/33/0x8b40e3b6a9a821b69471e693bbbea4ebafe1fe4d.sol#782-796) uses timestamp for comparisons
	Dangerous comparisons:
	- release != 0 && block.timestamp > release (/unique_chucks/33/0x8b40e3b6a9a821b69471e693bbbea4ebafe1fe4d.sol#786-796)
FreezableToken.freeze (/unique_chucks/33/0x8b40e3b6a9a821b69471e693bbbea4ebafe1fe4d.sol#818-841) uses timestamp for comparisons
	Dangerous comparisons:
	- require(bool)(_until > block.timestamp) (/unique_chucks/33/0x8b40e3b6a9a821b69471e693bbbea4ebafe1fe4d.sol#819-821)
Reference: https://github.com/trailofbits/slither/wiki/Detectors-Documentation#block-timestamp[0m
INFO:Detectors:[92m
FreezableToken.toKey uses assembly (/unique_chucks/33/0x8b40e3b6a9a821b69471e693bbbea4ebafe1fe4d.sol#796-818)
	- /unique_chucks/33/0x8b40e3b6a9a821b69471e693bbbea4ebafe1fe4d.sol#805-818
Reference: https://github.com/trailofbits/slither/wiki/Detectors-Documentation#assembly-usage[0m
INFO:Detectors:[92m
BasicToken.totalSupply (/unique_chucks/33/0x8b40e3b6a9a821b69471e693bbbea4ebafe1fe4d.sol#450-452) should be declared external
ERC20Basic.totalSupply (/unique_chucks/33/0x8b40e3b6a9a821b69471e693bbbea4ebafe1fe4d.sol#28-29) should be declared external
ERC20.allowance (/unique_chucks/33/0x8b40e3b6a9a821b69471e693bbbea4ebafe1fe4d.sol#40-43) should be declared external
StandardToken.allowance (/unique_chucks/33/0x8b40e3b6a9a821b69471e693bbbea4ebafe1fe4d.sol#545-552) should be declared external
StandardToken.approve (/unique_chucks/33/0x8b40e3b6a9a821b69471e693bbbea4ebafe1fe4d.sol#527-539) should be declared external
ERC20.approve (/unique_chucks/33/0x8b40e3b6a9a821b69471e693bbbea4ebafe1fe4d.sol#46-48) should be declared external
Ownable.renounceOwnership (/unique_chucks/33/0x8b40e3b6a9a821b69471e693bbbea4ebafe1fe4d.sol#346-352) should be declared external
StandardToken.increaseApproval (/unique_chucks/33/0x8b40e3b6a9a821b69471e693bbbea4ebafe1fe4d.sol#566-576) should be declared external
StandardToken.decreaseApproval (/unique_chucks/33/0x8b40e3b6a9a821b69471e693bbbea4ebafe1fe4d.sol#594-610) should be declared external
MintableToken.mint (/unique_chucks/33/0x8b40e3b6a9a821b69471e693bbbea4ebafe1fe4d.sol#649-657) should be declared external
MintableToken.finishMinting (/unique_chucks/33/0x8b40e3b6a9a821b69471e693bbbea4ebafe1fe4d.sol#660-662) should be declared external
FreezableToken.actualBalanceOf (/unique_chucks/33/0x8b40e3b6a9a821b69471e693bbbea4ebafe1fe4d.sol#694-696) should be declared external
FreezableToken.freezingBalanceOf (/unique_chucks/33/0x8b40e3b6a9a821b69471e693bbbea4ebafe1fe4d.sol#696-698) should be declared external
FreezableToken.freezingCount (/unique_chucks/33/0x8b40e3b6a9a821b69471e693bbbea4ebafe1fe4d.sol#700-710) should be declared external
FreezableToken.freezeTo (/unique_chucks/33/0x8b40e3b6a9a821b69471e693bbbea4ebafe1fe4d.sol#736-753) should be declared external
FreezableToken.releaseAll (/unique_chucks/33/0x8b40e3b6a9a821b69471e693bbbea4ebafe1fe4d.sol#782-796) should be declared external
BurnableToken.burn (/unique_chucks/33/0x8b40e3b6a9a821b69471e693bbbea4ebafe1fe4d.sol#860-867) should be declared external
Pausable.pause (/unique_chucks/33/0x8b40e3b6a9a821b69471e693bbbea4ebafe1fe4d.sol#902-903) should be declared external
Pausable.unpause (/unique_chucks/33/0x8b40e3b6a9a821b69471e693bbbea4ebafe1fe4d.sol#906-907) should be declared external
FreezableMintableToken.mintAndFreeze (/unique_chucks/33/0x8b40e3b6a9a821b69471e693bbbea4ebafe1fe4d.sol#927-951) should be declared external
FinalizableCrowdsale.finalize (/unique_chucks/33/0x8b40e3b6a9a821b69471e693bbbea4ebafe1fe4d.sol#996-1002) should be declared external
MainToken.name (/unique_chucks/33/0x8b40e3b6a9a821b69471e693bbbea4ebafe1fe4d.sol#1087-1089) should be declared external
MainToken.symbol (/unique_chucks/33/0x8b40e3b6a9a821b69471e693bbbea4ebafe1fe4d.sol#1091-1095) should be declared external
MainToken.decimals (/unique_chucks/33/0x8b40e3b6a9a821b69471e693bbbea4ebafe1fe4d.sol#1095-1099) should be declared external
MainCrowdsale.hasStarted (/unique_chucks/33/0x8b40e3b6a9a821b69471e693bbbea4ebafe1fe4d.sol#1115-1117) should be declared external
MainCrowdsale.startTime (/unique_chucks/33/0x8b40e3b6a9a821b69471e693bbbea4ebafe1fe4d.sol#1118-1124) should be declared external
MainCrowdsale.endTime (/unique_chucks/33/0x8b40e3b6a9a821b69471e693bbbea4ebafe1fe4d.sol#1124-1125) should be declared external
MainCrowdsale.hasEnded (/unique_chucks/33/0x8b40e3b6a9a821b69471e693bbbea4ebafe1fe4d.sol#1128-1130) should be declared external
TemplateCrowdsale.init (/unique_chucks/33/0x8b40e3b6a9a821b69471e693bbbea4ebafe1fe4d.sol#1236-1249) should be declared external
TemplateCrowdsale.setEndTime (/unique_chucks/33/0x8b40e3b6a9a821b69471e693bbbea4ebafe1fe4d.sol) should be declared external
Reference: https://github.com/trailofbits/slither/wiki/Detectors-Documentation#public-function-that-could-be-declared-as-external[0m
INFO:Detectors:[92m
Detected issues with version pragma in /unique_chucks/33/0x8b40e3b6a9a821b69471e693bbbea4ebafe1fe4d.sol:
	- pragma solidity^0.4.23 (/unique_chucks/33/0x8b40e3b6a9a821b69471e693bbbea4ebafe1fe4d.sol#19-23): it allows old versions
Reference: https://github.com/trailofbits/slither/wiki/Detectors-Documentation#incorrect-version-of-solidity[0m
INFO:Detectors:[92m
Parameter '_rate' of Crowdsale. (/unique_chucks/33/0x8b40e3b6a9a821b69471e693bbbea4ebafe1fe4d.sol#161) is not in mixedCase
Parameter '_wallet' of Crowdsale. (/unique_chucks/33/0x8b40e3b6a9a821b69471e693bbbea4ebafe1fe4d.sol#162) is not in mixedCase
Parameter '_token' of Crowdsale. (/unique_chucks/33/0x8b40e3b6a9a821b69471e693bbbea4ebafe1fe4d.sol#162-163) is not in mixedCase
Parameter '_beneficiary' of Crowdsale.buyTokens (/unique_chucks/33/0x8b40e3b6a9a821b69471e693bbbea4ebafe1fe4d.sol#187) is not in mixedCase
Function 'Crowdsale._preValidatePurchase' (/unique_chucks/33/0x8b40e3b6a9a821b69471e693bbbea4ebafe1fe4d.sol#226-228) is not in mixedCase
Parameter '_beneficiary' of Crowdsale._preValidatePurchase (/unique_chucks/33/0x8b40e3b6a9a821b69471e693bbbea4ebafe1fe4d.sol#226) is not in mixedCase
Parameter '_weiAmount' of Crowdsale._preValidatePurchase (/unique_chucks/33/0x8b40e3b6a9a821b69471e693bbbea4ebafe1fe4d.sol#226) is not in mixedCase
Function 'Crowdsale._postValidatePurchase' (/unique_chucks/33/0x8b40e3b6a9a821b69471e693bbbea4ebafe1fe4d.sol#240-242) is not in mixedCase
Function 'Crowdsale._deliverTokens' (/unique_chucks/33/0x8b40e3b6a9a821b69471e693bbbea4ebafe1fe4d.sol#254-258) is not in mixedCase
Parameter '_beneficiary' of Crowdsale._deliverTokens (/unique_chucks/33/0x8b40e3b6a9a821b69471e693bbbea4ebafe1fe4d.sol#254-255) is not in mixedCase
Parameter '_tokenAmount' of Crowdsale._deliverTokens (/unique_chucks/33/0x8b40e3b6a9a821b69471e693bbbea4ebafe1fe4d.sol#255) is not in mixedCase
Function 'Crowdsale._processPurchase' (/unique_chucks/33/0x8b40e3b6a9a821b69471e693bbbea4ebafe1fe4d.sol#268-272) is not in mixedCase
Parameter '_beneficiary' of Crowdsale._processPurchase (/unique_chucks/33/0x8b40e3b6a9a821b69471e693bbbea4ebafe1fe4d.sol#269) is not in mixedCase
Parameter '_tokenAmount' of Crowdsale._processPurchase (/unique_chucks/33/0x8b40e3b6a9a821b69471e693bbbea4ebafe1fe4d.sol#269-270) is not in mixedCase
Function 'Crowdsale._updatePurchasingState' (/unique_chucks/33/0x8b40e3b6a9a821b69471e693bbbea4ebafe1fe4d.sol#283-286) is not in mixedCase
Function 'Crowdsale._getTokenAmount' (/unique_chucks/33/0x8b40e3b6a9a821b69471e693bbbea4ebafe1fe4d.sol#303-305) is not in mixedCase
Parameter '_weiAmount' of Crowdsale._getTokenAmount (/unique_chucks/33/0x8b40e3b6a9a821b69471e693bbbea4ebafe1fe4d.sol#304) is not in mixedCase
Function 'Crowdsale._forwardFunds' (/unique_chucks/33/0x8b40e3b6a9a821b69471e693bbbea4ebafe1fe4d.sol#308-311) is not in mixedCase
Parameter '_newOwner' of Ownable.transferOwnership (/unique_chucks/33/0x8b40e3b6a9a821b69471e693bbbea4ebafe1fe4d.sol#356-357) is not in mixedCase
Function 'Ownable._transferOwnership' (/unique_chucks/33/0x8b40e3b6a9a821b69471e693bbbea4ebafe1fe4d.sol#369-376) is not in mixedCase
Parameter '_newOwner' of Ownable._transferOwnership (/unique_chucks/33/0x8b40e3b6a9a821b69471e693bbbea4ebafe1fe4d.sol#370) is not in mixedCase
Function 'TimedCrowdsale._preValidatePurchase' (/unique_chucks/33/0x8b40e3b6a9a821b69471e693bbbea4ebafe1fe4d.sol#432-442) is not in mixedCase
Parameter '_beneficiary' of TimedCrowdsale._preValidatePurchase (/unique_chucks/33/0x8b40e3b6a9a821b69471e693bbbea4ebafe1fe4d.sol#435-436) is not in mixedCase
Parameter '_weiAmount' of TimedCrowdsale._preValidatePurchase (/unique_chucks/33/0x8b40e3b6a9a821b69471e693bbbea4ebafe1fe4d.sol#437) is not in mixedCase
Parameter '_openingTime' of TimedCrowdsale. (/unique_chucks/33/0x8b40e3b6a9a821b69471e693bbbea4ebafe1fe4d.sol#397) is not in mixedCase
Parameter '_closingTime' of TimedCrowdsale. (/unique_chucks/33/0x8b40e3b6a9a821b69471e693bbbea4ebafe1fe4d.sol#397-399) is not in mixedCase
Parameter '_owner' of BasicToken.balanceOf (/unique_chucks/33/0x8b40e3b6a9a821b69471e693bbbea4ebafe1fe4d.sol#477-480) is not in mixedCase
Parameter '_to' of BasicToken.transfer (/unique_chucks/33/0x8b40e3b6a9a821b69471e693bbbea4ebafe1fe4d.sol#459) is not in mixedCase
Parameter '_value' of BasicToken.transfer (/unique_chucks/33/0x8b40e3b6a9a821b69471e693bbbea4ebafe1fe4d.sol#459) is not in mixedCase
Parameter '_owner' of StandardToken.allowance (/unique_chucks/33/0x8b40e3b6a9a821b69471e693bbbea4ebafe1fe4d.sol#546) is not in mixedCase
Parameter '_spender' of StandardToken.allowance (/unique_chucks/33/0x8b40e3b6a9a821b69471e693bbbea4ebafe1fe4d.sol#546) is not in mixedCase
Parameter '_from' of StandardToken.transferFrom (/unique_chucks/33/0x8b40e3b6a9a821b69471e693bbbea4ebafe1fe4d.sol#506) is not in mixedCase
Parameter '_to' of StandardToken.transferFrom (/unique_chucks/33/0x8b40e3b6a9a821b69471e693bbbea4ebafe1fe4d.sol#506) is not in mixedCase
Parameter '_value' of StandardToken.transferFrom (/unique_chucks/33/0x8b40e3b6a9a821b69471e693bbbea4ebafe1fe4d.sol#506) is not in mixedCase
Parameter '_spender' of StandardToken.approve (/unique_chucks/33/0x8b40e3b6a9a821b69471e693bbbea4ebafe1fe4d.sol#528-529) is not in mixedCase
Parameter '_value' of StandardToken.approve (/unique_chucks/33/0x8b40e3b6a9a821b69471e693bbbea4ebafe1fe4d.sol#529) is not in mixedCase
Parameter '_spender' of StandardToken.increaseApproval (/unique_chucks/33/0x8b40e3b6a9a821b69471e693bbbea4ebafe1fe4d.sol#567) is not in mixedCase
Parameter '_addedValue' of StandardToken.increaseApproval (/unique_chucks/33/0x8b40e3b6a9a821b69471e693bbbea4ebafe1fe4d.sol#567-568) is not in mixedCase
Parameter '_spender' of StandardToken.decreaseApproval (/unique_chucks/33/0x8b40e3b6a9a821b69471e693bbbea4ebafe1fe4d.sol#594-595) is not in mixedCase
Parameter '_subtractedValue' of StandardToken.decreaseApproval (/unique_chucks/33/0x8b40e3b6a9a821b69471e693bbbea4ebafe1fe4d.sol#595) is not in mixedCase
Parameter '_to' of MintableToken.mint (/unique_chucks/33/0x8b40e3b6a9a821b69471e693bbbea4ebafe1fe4d.sol#650) is not in mixedCase
Parameter '_amount' of MintableToken.mint (/unique_chucks/33/0x8b40e3b6a9a821b69471e693bbbea4ebafe1fe4d.sol#650) is not in mixedCase
Parameter '_owner' of FreezableToken.balanceOf (/unique_chucks/33/0x8b40e3b6a9a821b69471e693bbbea4ebafe1fe4d.sol#682-683) is not in mixedCase
Parameter '_owner' of FreezableToken.actualBalanceOf (/unique_chucks/33/0x8b40e3b6a9a821b69471e693bbbea4ebafe1fe4d.sol#694) is not in mixedCase
Parameter '_owner' of FreezableToken.freezingBalanceOf (/unique_chucks/33/0x8b40e3b6a9a821b69471e693bbbea4ebafe1fe4d.sol#696) is not in mixedCase
Parameter '_addr' of FreezableToken.freezingCount (/unique_chucks/33/0x8b40e3b6a9a821b69471e693bbbea4ebafe1fe4d.sol#700-701) is not in mixedCase
Parameter '_addr' of FreezableToken.getFreezing (/unique_chucks/33/0x8b40e3b6a9a821b69471e693bbbea4ebafe1fe4d.sol#716) is not in mixedCase
Parameter '_index' of FreezableToken.getFreezing (/unique_chucks/33/0x8b40e3b6a9a821b69471e693bbbea4ebafe1fe4d.sol#716) is not in mixedCase
Parameter '_to' of FreezableToken.freezeTo (/unique_chucks/33/0x8b40e3b6a9a821b69471e693bbbea4ebafe1fe4d.sol#737) is not in mixedCase
Parameter '_amount' of FreezableToken.freezeTo (/unique_chucks/33/0x8b40e3b6a9a821b69471e693bbbea4ebafe1fe4d.sol#737-738) is not in mixedCase
Parameter '_until' of FreezableToken.freezeTo (/unique_chucks/33/0x8b40e3b6a9a821b69471e693bbbea4ebafe1fe4d.sol#738) is not in mixedCase
Parameter '_to' of FreezableToken.freeze (/unique_chucks/33/0x8b40e3b6a9a821b69471e693bbbea4ebafe1fe4d.sol#819) is not in mixedCase
Parameter '_until' of FreezableToken.freeze (/unique_chucks/33/0x8b40e3b6a9a821b69471e693bbbea4ebafe1fe4d.sol#819) is not in mixedCase
Parameter '_value' of BurnableToken.burn (/unique_chucks/33/0x8b40e3b6a9a821b69471e693bbbea4ebafe1fe4d.sol#861) is not in mixedCase
Function 'BurnableToken._burn' (/unique_chucks/33/0x8b40e3b6a9a821b69471e693bbbea4ebafe1fe4d.sol#867-886) is not in mixedCase
Parameter '_who' of BurnableToken._burn (/unique_chucks/33/0x8b40e3b6a9a821b69471e693bbbea4ebafe1fe4d.sol#867) is not in mixedCase
Parameter '_value' of BurnableToken._burn (/unique_chucks/33/0x8b40e3b6a9a821b69471e693bbbea4ebafe1fe4d.sol#867) is not in mixedCase
Parameter '_to' of FreezableMintableToken.mintAndFreeze (/unique_chucks/33/0x8b40e3b6a9a821b69471e693bbbea4ebafe1fe4d.sol#927) is not in mixedCase
Parameter '_amount' of FreezableMintableToken.mintAndFreeze (/unique_chucks/33/0x8b40e3b6a9a821b69471e693bbbea4ebafe1fe4d.sol#927-929) is not in mixedCase
Parameter '_until' of FreezableMintableToken.mintAndFreeze (/unique_chucks/33/0x8b40e3b6a9a821b69471e693bbbea4ebafe1fe4d.sol#929) is not in mixedCase
Function 'CappedCrowdsale._preValidatePurchase' (/unique_chucks/33/0x8b40e3b6a9a821b69471e693bbbea4ebafe1fe4d.sol#1050-1058) is not in mixedCase
Parameter '_beneficiary' of CappedCrowdsale._preValidatePurchase (/unique_chucks/33/0x8b40e3b6a9a821b69471e693bbbea4ebafe1fe4d.sol#1051) is not in mixedCase
Parameter '_weiAmount' of CappedCrowdsale._preValidatePurchase (/unique_chucks/33/0x8b40e3b6a9a821b69471e693bbbea4ebafe1fe4d.sol#1053-1054) is not in mixedCase
Parameter '_cap' of CappedCrowdsale. (/unique_chucks/33/0x8b40e3b6a9a821b69471e693bbbea4ebafe1fe4d.sol#1027-1028) is not in mixedCase
Function 'MintedCrowdsale._deliverTokens' (/unique_chucks/33/0x8b40e3b6a9a821b69471e693bbbea4ebafe1fe4d.sol#1075-1083) is not in mixedCase
Parameter '_beneficiary' of MintedCrowdsale._deliverTokens (/unique_chucks/33/0x8b40e3b6a9a821b69471e693bbbea4ebafe1fe4d.sol#1075-1076) is not in mixedCase
Parameter '_tokenAmount' of MintedCrowdsale._deliverTokens (/unique_chucks/33/0x8b40e3b6a9a821b69471e693bbbea4ebafe1fe4d.sol#1076-1077) is not in mixedCase
Parameter '_to' of MainToken.transfer (/unique_chucks/33/0x8b40e3b6a9a821b69471e693bbbea4ebafe1fe4d.sol#1110) is not in mixedCase
Parameter '_value' of MainToken.transfer (/unique_chucks/33/0x8b40e3b6a9a821b69471e693bbbea4ebafe1fe4d.sol#1110) is not in mixedCase
Parameter '_from' of MainToken.transferFrom (/unique_chucks/33/0x8b40e3b6a9a821b69471e693bbbea4ebafe1fe4d.sol#1102) is not in mixedCase
Parameter '_to' of MainToken.transferFrom (/unique_chucks/33/0x8b40e3b6a9a821b69471e693bbbea4ebafe1fe4d.sol#1102-1103) is not in mixedCase
Parameter '_value' of MainToken.transferFrom (/unique_chucks/33/0x8b40e3b6a9a821b69471e693bbbea4ebafe1fe4d.sol#1103) is not in mixedCase
Function 'MainCrowdsale._getTokenAmount' (/unique_chucks/33/0x8b40e3b6a9a821b69471e693bbbea4ebafe1fe4d.sol#1143-1146) is not in mixedCase
Parameter '_weiAmount' of MainCrowdsale._getTokenAmount (/unique_chucks/33/0x8b40e3b6a9a821b69471e693bbbea4ebafe1fe4d.sol#1143) is not in mixedCase
Function 'BonusableCrowdsale._getTokenAmount' (/unique_chucks/33/0x8b40e3b6a9a821b69471e693bbbea4ebafe1fe4d.sol#1150-1167) is not in mixedCase
Parameter '_weiAmount' of BonusableCrowdsale._getTokenAmount (/unique_chucks/33/0x8b40e3b6a9a821b69471e693bbbea4ebafe1fe4d.sol#1150) is not in mixedCase
Function 'TemplateCrowdsale._preValidatePurchase' (/unique_chucks/33/0x8b40e3b6a9a821b69471e693bbbea4ebafe1fe4d.sol) is not in mixedCase
Parameter '_beneficiary' of TemplateCrowdsale._preValidatePurchase (/unique_chucks/33/0x8b40e3b6a9a821b69471e693bbbea4ebafe1fe4d.sol) is not in mixedCase
Parameter '_weiAmount' of TemplateCrowdsale._preValidatePurchase (/unique_chucks/33/0x8b40e3b6a9a821b69471e693bbbea4ebafe1fe4d.sol) is not in mixedCase
Parameter '_endTime' of TemplateCrowdsale.setEndTime (/unique_chucks/33/0x8b40e3b6a9a821b69471e693bbbea4ebafe1fe4d.sol) is not in mixedCase
Reference: https://github.com/trailofbits/slither/wiki/Detectors-Documentation#conformance-to-solidity-naming-conventions[0m
INFO:Slither:/unique_chucks/33/0x8b40e3b6a9a821b69471e693bbbea4ebafe1fe4d.sol analyzed (21 contracts), 120 result(s) found