2019-07-26 05:37:47,297: [12] m.main:INFO: Registered plugins: DetectUninitializedStorage, DetectIntegerOverflow, DetectDelegatecall, DetectExternalCallAndLeak, DetectEnvInstruction, DetectUninitializedMemory, DetectReentrancyAdvanced, DetectSuicidal, DetectUnusedRetVal, DetectReentrancySimple, DetectInvalid
2019-07-26 05:37:47,297: [12] m.main:INFO: Beginning analysis
2019-07-26 05:37:47,346: [12] m.e.manticore:INFO: Starting symbolic create contract
2019-07-26 05:37:47,386: [12] m.e.manticore:ERROR: Errors : Invalid solc compilation unique_chucks/7/0x74814602062af64fd7a83155645ddb265598220e.sol:1:1: Error: Source file requires different compiler version (current compiler is 0.4.25+commit.59dbf8f1.Linux.g++ - note that nightly builds are considered to be strictly less than the released version
pragma solidity 0.4.24;
^---------------------^

. Solidity failed to generate bytecode for your contract. Check if all the abstract functions are implemented. 
2019-07-26 05:37:47,595: [54] m.c.manticore:INFO: Generated testcase No. 0 - NO STATE RESULT (?)(0 txs)
2019-07-26 05:37:48,079: [12] m.c.manticore:INFO: Results in /mcore_2euob_sa
2019-07-26 05:37:48,799: [313] m.main:INFO: Registered plugins: DetectExternalCallAndLeak, DetectIntegerOverflow, DetectReentrancyAdvanced, DetectInvalid, DetectSuicidal, DetectUnusedRetVal, DetectUninitializedStorage, DetectEnvInstruction, DetectDelegatecall, DetectReentrancySimple, DetectUninitializedMemory
2019-07-26 05:37:48,800: [313] m.main:INFO: Beginning analysis
2019-07-26 05:37:48,867: [313] m.e.manticore:INFO: Starting symbolic create contract
2019-07-26 05:37:48,895: [313] m.e.manticore:ERROR: Errors : Invalid solc compilation unique_chucks/7/0x74814602062af64fd7a83155645ddb265598220e.sol:1:1: Error: Source file requires different compiler version (current compiler is 0.4.25+commit.59dbf8f1.Linux.g++ - note that nightly builds are considered to be strictly less than the released version
pragma solidity 0.4.24;
^---------------------^

. Solidity failed to generate bytecode for your contract. Check if all the abstract functions are implemented. 
2019-07-26 05:37:49,092: [355] m.c.manticore:INFO: Generated testcase No. 0 - NO STATE RESULT (?)(0 txs)
2019-07-26 05:37:49,591: [313] m.c.manticore:INFO: Results in /mcore___uir9tu
2019-07-26 05:37:50,297: [614] m.main:INFO: Registered plugins: DetectReentrancySimple, DetectInvalid, DetectUnusedRetVal, DetectUninitializedStorage, DetectExternalCallAndLeak, DetectSuicidal, DetectIntegerOverflow, DetectEnvInstruction, DetectUninitializedMemory, DetectReentrancyAdvanced, DetectDelegatecall
2019-07-26 05:37:50,297: [614] m.main:INFO: Beginning analysis
2019-07-26 05:37:50,359: [614] m.e.manticore:INFO: Starting symbolic create contract
2019-07-26 05:37:50,384: [614] m.e.manticore:ERROR: Errors : Invalid solc compilation unique_chucks/7/0x74814602062af64fd7a83155645ddb265598220e.sol:1:1: Error: Source file requires different compiler version (current compiler is 0.4.25+commit.59dbf8f1.Linux.g++ - note that nightly builds are considered to be strictly less than the released version
pragma solidity 0.4.24;
^---------------------^

. Solidity failed to generate bytecode for your contract. Check if all the abstract functions are implemented. 
2019-07-26 05:37:50,605: [659] m.c.manticore:INFO: Generated testcase No. 0 - NO STATE RESULT (?)(0 txs)
2019-07-26 05:37:51,087: [614] m.c.manticore:INFO: Results in /mcore_20sjj6eb
2019-07-26 05:37:51,903: [915] m.main:INFO: Registered plugins: DetectUnusedRetVal, DetectReentrancySimple, DetectExternalCallAndLeak, DetectSuicidal, DetectUninitializedStorage, DetectEnvInstruction, DetectReentrancyAdvanced, DetectIntegerOverflow, DetectDelegatecall, DetectUninitializedMemory, DetectInvalid
2019-07-26 05:37:51,903: [915] m.main:INFO: Beginning analysis
2019-07-26 05:37:51,971: [915] m.e.manticore:INFO: Starting symbolic create contract
2019-07-26 05:37:51,996: [915] m.e.manticore:ERROR: Errors : Invalid solc compilation unique_chucks/7/0x74814602062af64fd7a83155645ddb265598220e.sol:1:1: Error: Source file requires different compiler version (current compiler is 0.4.25+commit.59dbf8f1.Linux.g++ - note that nightly builds are considered to be strictly less than the released version
pragma solidity 0.4.24;
^---------------------^

. Solidity failed to generate bytecode for your contract. Check if all the abstract functions are implemented. 
2019-07-26 05:37:52,189: [957] m.c.manticore:INFO: Generated testcase No. 0 - NO STATE RESULT (?)(0 txs)
2019-07-26 05:37:52,693: [915] m.c.manticore:INFO: Results in /mcore_bx4i5870
2019-07-26 05:37:53,761: [1216] m.main:INFO: Registered plugins: DetectReentrancySimple, DetectInvalid, DetectUnusedRetVal, DetectReentrancyAdvanced, DetectUninitializedStorage, DetectExternalCallAndLeak, DetectSuicidal, DetectEnvInstruction, DetectUninitializedMemory, DetectDelegatecall, DetectIntegerOverflow
2019-07-26 05:37:53,761: [1216] m.main:INFO: Beginning analysis
2019-07-26 05:37:53,777: [1216] m.e.manticore:INFO: Starting symbolic create contract
2019-07-26 05:37:53,830: [1216] m.e.manticore:ERROR: Errors : Invalid solc compilation unique_chucks/7/0x74814602062af64fd7a83155645ddb265598220e.sol:1:1: Error: Source file requires different compiler version (current compiler is 0.4.25+commit.59dbf8f1.Linux.g++ - note that nightly builds are considered to be strictly less than the released version
pragma solidity 0.4.24;
^---------------------^

. Solidity failed to generate bytecode for your contract. Check if all the abstract functions are implemented. 
2019-07-26 05:37:53,903: [1258] m.c.manticore:INFO: Generated testcase No. 0 - NO STATE RESULT (?)(0 txs)
2019-07-26 05:37:54,490: [1216] m.c.manticore:INFO: Results in /mcore_y1n5s6io
2019-07-26 05:37:55,191: [1518] m.main:INFO: Registered plugins: DetectReentrancySimple, DetectInvalid, DetectUnusedRetVal, DetectUninitializedStorage, DetectExternalCallAndLeak, DetectSuicidal, DetectReentrancyAdvanced, DetectEnvInstruction, DetectIntegerOverflow, DetectUninitializedMemory, DetectDelegatecall
2019-07-26 05:37:55,192: [1518] m.main:INFO: Beginning analysis
2019-07-26 05:37:55,259: [1518] m.e.manticore:INFO: Starting symbolic create contract
2019-07-26 05:37:55,290: [1518] m.e.manticore:ERROR: Errors : Invalid solc compilation unique_chucks/7/0x74814602062af64fd7a83155645ddb265598220e.sol:1:1: Error: Source file requires different compiler version (current compiler is 0.4.25+commit.59dbf8f1.Linux.g++ - note that nightly builds are considered to be strictly less than the released version
pragma solidity 0.4.24;
^---------------------^

. Solidity failed to generate bytecode for your contract. Check if all the abstract functions are implemented. 
2019-07-26 05:37:55,486: [1563] m.c.manticore:INFO: Generated testcase No. 0 - NO STATE RESULT (?)(0 txs)
2019-07-26 05:37:55,988: [1518] m.c.manticore:INFO: Results in /mcore_gwcn54s2
2019-07-26 05:37:56,793: [1819] m.main:INFO: Registered plugins: DetectReentrancySimple, DetectInvalid, DetectUnusedRetVal, DetectDelegatecall, DetectUninitializedStorage, DetectSuicidal, DetectEnvInstruction, DetectIntegerOverflow, DetectUninitializedMemory, DetectReentrancyAdvanced, DetectExternalCallAndLeak
2019-07-26 05:37:56,794: [1819] m.main:INFO: Beginning analysis
2019-07-26 05:37:56,842: [1819] m.e.manticore:INFO: Starting symbolic create contract
2019-07-26 05:37:56,871: [1819] m.e.manticore:ERROR: Errors : Invalid solc compilation unique_chucks/7/0x74814602062af64fd7a83155645ddb265598220e.sol:1:1: Error: Source file requires different compiler version (current compiler is 0.4.25+commit.59dbf8f1.Linux.g++ - note that nightly builds are considered to be strictly less than the released version
pragma solidity 0.4.24;
^---------------------^

. Solidity failed to generate bytecode for your contract. Check if all the abstract functions are implemented. 
2019-07-26 05:37:57,066: [1861] m.c.manticore:INFO: Generated testcase No. 0 - NO STATE RESULT (?)(0 txs)
2019-07-26 05:37:57,586: [1819] m.c.manticore:INFO: Results in /mcore_q60qc0s_
2019-07-26 05:37:58,377: [2120] m.main:INFO: Registered plugins: DetectInvalid, DetectExternalCallAndLeak, DetectUninitializedStorage, DetectUnusedRetVal, DetectDelegatecall, DetectReentrancyAdvanced, DetectEnvInstruction, DetectUninitializedMemory, DetectIntegerOverflow, DetectSuicidal, DetectReentrancySimple
2019-07-26 05:37:58,378: [2120] m.main:INFO: Beginning analysis
2019-07-26 05:37:58,389: [2120] m.e.manticore:INFO: Starting symbolic create contract
2019-07-26 05:37:58,446: [2120] m.e.manticore:ERROR: Errors : Invalid solc compilation unique_chucks/7/0x74814602062af64fd7a83155645ddb265598220e.sol:1:1: Error: Source file requires different compiler version (current compiler is 0.4.25+commit.59dbf8f1.Linux.g++ - note that nightly builds are considered to be strictly less than the released version
pragma solidity 0.4.24;
^---------------------^

. Solidity failed to generate bytecode for your contract. Check if all the abstract functions are implemented. 
2019-07-26 05:37:58,584: [2164] m.c.manticore:INFO: Generated testcase No. 0 - NO STATE RESULT (?)(0 txs)
2019-07-26 05:37:59,105: [2120] m.c.manticore:INFO: Results in /mcore_91mtv1q5
2019-07-26 05:37:59,876: [2421] m.main:INFO: Registered plugins: DetectReentrancyAdvanced, DetectDelegatecall, DetectUninitializedMemory, DetectUnusedRetVal, DetectEnvInstruction, DetectReentrancySimple, DetectInvalid, DetectExternalCallAndLeak, DetectSuicidal, DetectUninitializedStorage, DetectIntegerOverflow
2019-07-26 05:37:59,876: [2421] m.main:INFO: Beginning analysis
2019-07-26 05:37:59,888: [2421] m.e.manticore:INFO: Starting symbolic create contract
2019-07-26 05:37:59,938: [2421] m.e.manticore:ERROR: Errors : Invalid solc compilation unique_chucks/7/0x74814602062af64fd7a83155645ddb265598220e.sol:1:1: Error: Source file requires different compiler version (current compiler is 0.4.25+commit.59dbf8f1.Linux.g++ - note that nightly builds are considered to be strictly less than the released version
pragma solidity 0.4.24;
^---------------------^

. Solidity failed to generate bytecode for your contract. Check if all the abstract functions are implemented. 
2019-07-26 05:38:00,098: [2463] m.c.manticore:INFO: Generated testcase No. 0 - NO STATE RESULT (?)(0 txs)
2019-07-26 05:38:00,641: [2421] m.c.manticore:INFO: Results in /mcore_ni_soj5s
2019-07-26 05:38:01,481: [2722] m.main:INFO: Registered plugins: DetectDelegatecall, DetectExternalCallAndLeak, DetectReentrancySimple, DetectInvalid, DetectSuicidal, DetectEnvInstruction, DetectUninitializedMemory, DetectUnusedRetVal, DetectIntegerOverflow, DetectReentrancyAdvanced, DetectUninitializedStorage
2019-07-26 05:38:01,481: [2722] m.main:INFO: Beginning analysis
2019-07-26 05:38:01,490: [2722] m.e.manticore:INFO: Starting symbolic create contract
2019-07-26 05:38:01,542: [2722] m.e.manticore:ERROR: Errors : Invalid solc compilation unique_chucks/7/0x74814602062af64fd7a83155645ddb265598220e.sol:1:1: Error: Source file requires different compiler version (current compiler is 0.4.25+commit.59dbf8f1.Linux.g++ - note that nightly builds are considered to be strictly less than the released version
pragma solidity 0.4.24;
^---------------------^

. Solidity failed to generate bytecode for your contract. Check if all the abstract functions are implemented. 
2019-07-26 05:38:01,699: [2764] m.c.manticore:INFO: Generated testcase No. 0 - NO STATE RESULT (?)(0 txs)
2019-07-26 05:38:02,192: [2722] m.c.manticore:INFO: Results in /mcore_64i18u5h
2019-07-26 05:38:02,985: [3023] m.main:INFO: Registered plugins: DetectExternalCallAndLeak, DetectIntegerOverflow, DetectReentrancySimple, DetectInvalid, DetectSuicidal, DetectReentrancyAdvanced, DetectUnusedRetVal, DetectUninitializedStorage, DetectEnvInstruction, DetectDelegatecall, DetectUninitializedMemory
2019-07-26 05:38:02,985: [3023] m.main:INFO: Beginning analysis
2019-07-26 05:38:02,996: [3023] m.e.manticore:INFO: Starting symbolic create contract
2019-07-26 05:38:03,061: [3023] m.e.manticore:ERROR: Errors : Invalid solc compilation unique_chucks/7/0x74814602062af64fd7a83155645ddb265598220e.sol:1:1: Error: Source file requires different compiler version (current compiler is 0.4.25+commit.59dbf8f1.Linux.g++ - note that nightly builds are considered to be strictly less than the released version
pragma solidity 0.4.24;
^---------------------^

. Solidity failed to generate bytecode for your contract. Check if all the abstract functions are implemented. 
2019-07-26 05:38:03,198: [3065] m.c.manticore:INFO: Generated testcase No. 0 - NO STATE RESULT (?)(0 txs)
2019-07-26 05:38:03,697: [3023] m.c.manticore:INFO: Results in /mcore_1fe2gm3l
2019-07-26 05:38:04,562: [3324] m.main:INFO: Registered plugins: DetectReentrancySimple, DetectInvalid, DetectUnusedRetVal, DetectSuicidal, DetectUninitializedStorage, DetectDelegatecall, DetectEnvInstruction, DetectReentrancyAdvanced, DetectUninitializedMemory, DetectExternalCallAndLeak, DetectIntegerOverflow
2019-07-26 05:38:04,563: [3324] m.main:INFO: Beginning analysis
2019-07-26 05:38:04,578: [3324] m.e.manticore:INFO: Starting symbolic create contract
2019-07-26 05:38:04,600: [3324] m.e.manticore:ERROR: Errors : Invalid solc compilation unique_chucks/7/0x74814602062af64fd7a83155645ddb265598220e.sol:1:1: Error: Source file requires different compiler version (current compiler is 0.4.25+commit.59dbf8f1.Linux.g++ - note that nightly builds are considered to be strictly less than the released version
pragma solidity 0.4.24;
^---------------------^

. Solidity failed to generate bytecode for your contract. Check if all the abstract functions are implemented. 
2019-07-26 05:38:04,790: [3366] m.c.manticore:INFO: Generated testcase No. 0 - NO STATE RESULT (?)(0 txs)
2019-07-26 05:38:05,299: [3324] m.c.manticore:INFO: Results in /mcore_xrltfh1v
2019-07-26 05:38:06,194: [3625] m.main:INFO: Registered plugins: DetectReentrancyAdvanced, DetectReentrancySimple, DetectInvalid, DetectUnusedRetVal, DetectUninitializedStorage, DetectExternalCallAndLeak, DetectSuicidal, DetectEnvInstruction, DetectUninitializedMemory, DetectDelegatecall, DetectIntegerOverflow
2019-07-26 05:38:06,194: [3625] m.main:INFO: Beginning analysis
2019-07-26 05:38:06,248: [3625] m.e.manticore:INFO: Starting symbolic create contract
2019-07-26 05:38:06,277: [3625] m.e.manticore:ERROR: Errors : Invalid solc compilation unique_chucks/7/0x74814602062af64fd7a83155645ddb265598220e.sol:1:1: Error: Source file requires different compiler version (current compiler is 0.4.25+commit.59dbf8f1.Linux.g++ - note that nightly builds are considered to be strictly less than the released version
pragma solidity 0.4.24;
^---------------------^

. Solidity failed to generate bytecode for your contract. Check if all the abstract functions are implemented. 
2019-07-26 05:38:06,397: [3667] m.c.manticore:INFO: Generated testcase No. 0 - NO STATE RESULT (?)(0 txs)
2019-07-26 05:38:06,965: [3625] m.c.manticore:INFO: Results in /mcore_joy1ouga