INFO:Slither:Compilation warnings/errors on /unique_contracts/0x7a96ae44c210d9381d6c5e39ed69cd99ce15536f.sol:
/unique_contracts/0x7a96ae44c210d9381d6c5e39ed69cd99ce15536f.sol:345:3: Warning: Function state mutability can be restricted to pure
  function _preValidatePurchase(
  ^ (Relevant source part starts here and spans across multiple lines).

INFO:Detectors:[92m
Crowdsale.constructor.rate (local variable @ /unique_contracts/0x7a96ae44c210d9381d6c5e39ed69cd99ce15536f.sol#263-264) shadows:
	- Crowdsale.rate (function @ /unique_contracts/0x7a96ae44c210d9381d6c5e39ed69cd99ce15536f.sol#307-308)
Crowdsale.constructor.wallet (local variable @ /unique_contracts/0x7a96ae44c210d9381d6c5e39ed69cd99ce15536f.sol#264) shadows:
	- Crowdsale.wallet (function @ /unique_contracts/0x7a96ae44c210d9381d6c5e39ed69cd99ce15536f.sol#301-306)
Crowdsale.constructor.token (local variable @ /unique_contracts/0x7a96ae44c210d9381d6c5e39ed69cd99ce15536f.sol#264-265) shadows:
	- Crowdsale.token (function @ /unique_contracts/0x7a96ae44c210d9381d6c5e39ed69cd99ce15536f.sol#293-296)
Reference: https://github.com/trailofbits/slither/wiki/Detectors-Documentation#local-variable-shadowing[0m
INFO:Detectors:[92m
Crowdsale.token (/unique_contracts/0x7a96ae44c210d9381d6c5e39ed69cd99ce15536f.sol#293-296) should be declared external
Crowdsale.wallet (/unique_contracts/0x7a96ae44c210d9381d6c5e39ed69cd99ce15536f.sol#301-306) should be declared external
Crowdsale.rate (/unique_contracts/0x7a96ae44c210d9381d6c5e39ed69cd99ce15536f.sol#307-308) should be declared external
Crowdsale.weiRaised (/unique_contracts/0x7a96ae44c210d9381d6c5e39ed69cd99ce15536f.sol#309-311) should be declared external
Reference: https://github.com/trailofbits/slither/wiki/Detectors-Documentation#public-function-that-could-be-declared-as-external[0m
INFO:Detectors:[92m
Function 'Crowdsale._preValidatePurchase' (/unique_contracts/0x7a96ae44c210d9381d6c5e39ed69cd99ce15536f.sol#359-367) is not in mixedCase
Function 'Crowdsale._deliverTokens' (/unique_contracts/0x7a96ae44c210d9381d6c5e39ed69cd99ce15536f.sol#374-382) is not in mixedCase
Function 'Crowdsale._processPurchase' (/unique_contracts/0x7a96ae44c210d9381d6c5e39ed69cd99ce15536f.sol#390-398) is not in mixedCase
Function 'Crowdsale._getTokenAmount' (/unique_contracts/0x7a96ae44c210d9381d6c5e39ed69cd99ce15536f.sol) is not in mixedCase
Function 'Crowdsale._forwardFunds' (/unique_contracts/0x7a96ae44c210d9381d6c5e39ed69cd99ce15536f.sol) is not in mixedCase
Reference: https://github.com/trailofbits/slither/wiki/Detectors-Documentation#conformance-to-solidity-naming-conventions[0m
INFO:Slither:/unique_contracts/0x7a96ae44c210d9381d6c5e39ed69cd99ce15536f.sol analyzed (5 contracts), 12 result(s) found