/unique_chucks/42/0xa9d3f3bc16a971fe51a02aa6f8a75f569693e415.sol
jar:file:/usr/local/lib/node_modules/@smartdec/smartcheck/jdeploy-bundle/smartcheck-2.0-jar-with-dependencies.jar!/solidity-rules.xmlruleId: SOLIDITY_EXTRA_GAS_IN_LOOPS
patternId: d3j11j
severity: 1
line: 353
column: 12
content: for(uinti=0;i<checksums.length;i++){processPayment(participant,suspendedExternalPayments[checksums[i]],checksums[i]);suspendedExternalPayments[checksums[i]]=0;}

ruleId: SOLIDITY_GAS_LIMIT_IN_LOOPS
patternId: f6f853
severity: 2
line: 353
column: 12
content: for(uinti=0;i<checksums.length;i++){processPayment(participant,suspendedExternalPayments[checksums[i]],checksums[i]);suspendedExternalPayments[checksums[i]]=0;}

ruleId: SOLIDITY_PRAGMAS_VERSION
patternId: 23fc32
severity: 1
line: 1
column: 16
content: ^

ruleId: SOLIDITY_SHOULD_RETURN_STRUCT
patternId: 7d54ca
severity: 1
line: 188
column: 26
content: (uintpaymentReminder,uintprocessedTokenCount,boolsoldOut)

ruleId: SOLIDITY_UPGRADE_TO_050
patternId: 91h3sa
severity: 1
line: 166
column: 16
content: public

ruleId: SOLIDITY_UPGRADE_TO_050
patternId: 341gim
severity: 1
line: 291
column: 62
content: stringdescription

ruleId: SOLIDITY_UPGRADE_TO_050
patternId: 341gim
severity: 1
line: 424
column: 68
content: ExchangeRate

SOLIDITY_PRAGMAS_VERSION :1
SOLIDITY_EXTRA_GAS_IN_LOOPS :1
SOLIDITY_UPGRADE_TO_050 :3
SOLIDITY_GAS_LIMIT_IN_LOOPS :1
SOLIDITY_SHOULD_RETURN_STRUCT :1