INFO:Slither:Compilation warnings/errors on /unique_chucks/23/0x8309dd14df991b8f26954b3a2c0d03aad6cc0547.sol:
/unique_chucks/23/0x8309dd14df991b8f26954b3a2c0d03aad6cc0547.sol:45:3: Warning: Defining constructors as functions with the same name as the contract is deprecated. Use "constructor(...) { ... }" instead.
  function Ownable() public {
  ^ (Relevant source part starts here and spans across multiple lines).
/unique_chucks/23/0x8309dd14df991b8f26954b3a2c0d03aad6cc0547.sol:86:3: Warning: Defining constructors as functions with the same name as the contract is deprecated. Use "constructor(...) { ... }" instead.
  function DetailedERC20(string _name, string _symbol, uint8 _decimals) public {
  ^ (Relevant source part starts here and spans across multiple lines).
/unique_chucks/23/0x8309dd14df991b8f26954b3a2c0d03aad6cc0547.sol:161:3: Warning: Defining constructors as functions with the same name as the contract is deprecated. Use "constructor(...) { ... }" instead.
  function Karma(uint256 _startEpoch) public {
  ^ (Relevant source part starts here and spans across multiple lines).
/unique_chucks/23/0x8309dd14df991b8f26954b3a2c0d03aad6cc0547.sol:56:5: Warning: Invoking events without "emit" prefix is deprecated.
    OwnershipTransferred(owner, newOwner);
    ^-----------------------------------^
/unique_chucks/23/0x8309dd14df991b8f26954b3a2c0d03aad6cc0547.sol:167:5: Warning: Invoking events without "emit" prefix is deprecated.
    Payment(msg.sender, msg.value);
    ^----------------------------^
/unique_chucks/23/0x8309dd14df991b8f26954b3a2c0d03aad6cc0547.sol:185:26: Warning: Using contract member "balance" inherited from the address type is deprecated. Convert the contract to "address" type to access the member, for example use "address(contract).balance" instead.
    uint256 ownerRake = (this.balance-unclaimedDividend) * ownerCut / 10000;
                         ^----------^
/unique_chucks/23/0x8309dd14df991b8f26954b3a2c0d03aad6cc0547.sol:187:20: Warning: Using contract member "balance" inherited from the address type is deprecated. Convert the contract to "address" type to access the member, for example use "address(contract).balance" instead.
    dividendPool = this.balance - unclaimedDividend - ownerRake;
                   ^----------^
/unique_chucks/23/0x8309dd14df991b8f26954b3a2c0d03aad6cc0547.sol:204:32: Warning: Using contract member "balance" inherited from the address type is deprecated. Convert the contract to "address" type to access the member, for example use "address(contract).balance" instead.
    PeriodEnd(currentPeriod-1, this.balance, existingUsers);
                               ^----------^
/unique_chucks/23/0x8309dd14df991b8f26954b3a2c0d03aad6cc0547.sol:204:5: Warning: Invoking events without "emit" prefix is deprecated.
    PeriodEnd(currentPeriod-1, this.balance, existingUsers);
    ^-----------------------------------------------------^
/unique_chucks/23/0x8309dd14df991b8f26954b3a2c0d03aad6cc0547.sol:221:5: Warning: Invoking events without "emit" prefix is deprecated.
    Mint(_addr, _amount);
    ^------------------^
/unique_chucks/23/0x8309dd14df991b8f26954b3a2c0d03aad6cc0547.sol:238:21: Warning: This function only accepts a single "bytes" argument. Please use "abi.encodePacked(...)" or a similar function to encode the data.
    require(recover(keccak256(msg.sender, _username, _endowment), _sig) == owner);
                    ^------------------------------------------^
/unique_chucks/23/0x8309dd14df991b8f26954b3a2c0d03aad6cc0547.sol:250:5: Warning: Invoking events without "emit" prefix is deprecated.
    Withdrawal(msg.sender, currentPeriod-1, dividend);
    ^-----------------------------------------------^
/unique_chucks/23/0x8309dd14df991b8f26954b3a2c0d03aad6cc0547.sol:269:5: Warning: Invoking events without "emit" prefix is deprecated.
    Transfer(msg.sender, _to, _value);
    ^-------------------------------^
/unique_chucks/23/0x8309dd14df991b8f26954b3a2c0d03aad6cc0547.sol:279:5: Warning: Invoking events without "emit" prefix is deprecated.
    Approval(msg.sender, _spender, _value);
    ^------------------------------------^
/unique_chucks/23/0x8309dd14df991b8f26954b3a2c0d03aad6cc0547.sol:285:5: Warning: Invoking events without "emit" prefix is deprecated.
    Approval(msg.sender, _spender, allowed[msg.sender][_spender]);
    ^-----------------------------------------------------------^
/unique_chucks/23/0x8309dd14df991b8f26954b3a2c0d03aad6cc0547.sol:296:5: Warning: Invoking events without "emit" prefix is deprecated.
    Approval(msg.sender, _spender, allowed[msg.sender][_spender]);
    ^-----------------------------------------------------------^
/unique_chucks/23/0x8309dd14df991b8f26954b3a2c0d03aad6cc0547.sol:309:5: Warning: Invoking events without "emit" prefix is deprecated.
    Transfer(_from, _to, _value);
    ^--------------------------^
/unique_chucks/23/0x8309dd14df991b8f26954b3a2c0d03aad6cc0547.sol:331:5: Warning: Invoking events without "emit" prefix is deprecated.
    NewUser(_addr, _username, _endowment);
    ^-----------------------------------^

INFO:Detectors:[93m
Karma.recover (/unique_chucks/23/0x8309dd14df991b8f26954b3a2c0d03aad6cc0547.sol#348-364) is declared view but contains assembly code
Reference: https://github.com/trailofbits/slither/wiki/Detectors-Documentation#constant-functions-changing-the-state[0m
INFO:Detectors:[92m
Karma.recover uses assembly (/unique_chucks/23/0x8309dd14df991b8f26954b3a2c0d03aad6cc0547.sol#348-364)
	- /unique_chucks/23/0x8309dd14df991b8f26954b3a2c0d03aad6cc0547.sol#359-364
Reference: https://github.com/trailofbits/slither/wiki/Detectors-Documentation#assembly-usage[0m
INFO:Detectors:[92m
Ownable.transferOwnership (/unique_chucks/23/0x8309dd14df991b8f26954b3a2c0d03aad6cc0547.sol#54-63) should be declared external
Karma.balanceOf (/unique_chucks/23/0x8309dd14df991b8f26954b3a2c0d03aad6cc0547.sol#262-266) should be declared external
ERC20Basic.balanceOf (/unique_chucks/23/0x8309dd14df991b8f26954b3a2c0d03aad6cc0547.sol#66) should be declared external
ERC20Basic.transfer (/unique_chucks/23/0x8309dd14df991b8f26954b3a2c0d03aad6cc0547.sol#66-67) should be declared external
Karma.transfer (/unique_chucks/23/0x8309dd14df991b8f26954b3a2c0d03aad6cc0547.sol#267-279) should be declared external
Karma.allowance (/unique_chucks/23/0x8309dd14df991b8f26954b3a2c0d03aad6cc0547.sol#279-283) should be declared external
ERC20.allowance (/unique_chucks/23/0x8309dd14df991b8f26954b3a2c0d03aad6cc0547.sol#73-74) should be declared external
ERC20.transferFrom (/unique_chucks/23/0x8309dd14df991b8f26954b3a2c0d03aad6cc0547.sol#74-75) should be declared external
Karma.transferFrom (/unique_chucks/23/0x8309dd14df991b8f26954b3a2c0d03aad6cc0547.sol#307-321) should be declared external
ERC20.approve (/unique_chucks/23/0x8309dd14df991b8f26954b3a2c0d03aad6cc0547.sol#76) should be declared external
Karma.approve (/unique_chucks/23/0x8309dd14df991b8f26954b3a2c0d03aad6cc0547.sol#284-289) should be declared external
Karma.fallback (/unique_chucks/23/0x8309dd14df991b8f26954b3a2c0d03aad6cc0547.sol#175-178) should be declared external
Karma.setMod (/unique_chucks/23/0x8309dd14df991b8f26954b3a2c0d03aad6cc0547.sol#179-181) should be declared external
Karma.newPeriod (/unique_chucks/23/0x8309dd14df991b8f26954b3a2c0d03aad6cc0547.sol#185-215) should be declared external
Karma.createUser (/unique_chucks/23/0x8309dd14df991b8f26954b3a2c0d03aad6cc0547.sol#216-220) should be declared external
Karma.mint (/unique_chucks/23/0x8309dd14df991b8f26954b3a2c0d03aad6cc0547.sol#221-228) should be declared external
Karma.timeout (/unique_chucks/23/0x8309dd14df991b8f26954b3a2c0d03aad6cc0547.sol#235-237) should be declared external
Karma.register (/unique_chucks/23/0x8309dd14df991b8f26954b3a2c0d03aad6cc0547.sol#242-247) should be declared external
Karma.withdraw (/unique_chucks/23/0x8309dd14df991b8f26954b3a2c0d03aad6cc0547.sol#249-262) should be declared external
Karma.increaseApproval (/unique_chucks/23/0x8309dd14df991b8f26954b3a2c0d03aad6cc0547.sol#289-294) should be declared external
Karma.decreaseApproval (/unique_chucks/23/0x8309dd14df991b8f26954b3a2c0d03aad6cc0547.sol#294-304) should be declared external
Reference: https://github.com/trailofbits/slither/wiki/Detectors-Documentation#public-function-that-could-be-declared-as-external[0m
INFO:Detectors:[92m
Detected issues with version pragma in /unique_chucks/23/0x8309dd14df991b8f26954b3a2c0d03aad6cc0547.sol:
	- pragma solidity^0.4.18 (/unique_chucks/23/0x8309dd14df991b8f26954b3a2c0d03aad6cc0547.sol#1): it allows old versions
Reference: https://github.com/trailofbits/slither/wiki/Detectors-Documentation#incorrect-version-of-solidity[0m
INFO:Detectors:[92m
Function 'Ownable.Ownable' (/unique_chucks/23/0x8309dd14df991b8f26954b3a2c0d03aad6cc0547.sol#46-50) is not in mixedCase
Function 'DetailedERC20.DetailedERC20' (/unique_chucks/23/0x8309dd14df991b8f26954b3a2c0d03aad6cc0547.sol#87-97) is not in mixedCase
Parameter '_name' of DetailedERC20.DetailedERC20 (/unique_chucks/23/0x8309dd14df991b8f26954b3a2c0d03aad6cc0547.sol#88-89) is not in mixedCase
Parameter '_symbol' of DetailedERC20.DetailedERC20 (/unique_chucks/23/0x8309dd14df991b8f26954b3a2c0d03aad6cc0547.sol#89) is not in mixedCase
Parameter '_decimals' of DetailedERC20.DetailedERC20 (/unique_chucks/23/0x8309dd14df991b8f26954b3a2c0d03aad6cc0547.sol#89-94) is not in mixedCase
Parameter '_owner' of Karma.balanceOf (/unique_chucks/23/0x8309dd14df991b8f26954b3a2c0d03aad6cc0547.sol#263) is not in mixedCase
Parameter '_to' of Karma.transfer (/unique_chucks/23/0x8309dd14df991b8f26954b3a2c0d03aad6cc0547.sol#267) is not in mixedCase
Parameter '_value' of Karma.transfer (/unique_chucks/23/0x8309dd14df991b8f26954b3a2c0d03aad6cc0547.sol#267) is not in mixedCase
Parameter '_owner' of Karma.allowance (/unique_chucks/23/0x8309dd14df991b8f26954b3a2c0d03aad6cc0547.sol#279-280) is not in mixedCase
Parameter '_spender' of Karma.allowance (/unique_chucks/23/0x8309dd14df991b8f26954b3a2c0d03aad6cc0547.sol#280-283) is not in mixedCase
Parameter '_from' of Karma.transferFrom (/unique_chucks/23/0x8309dd14df991b8f26954b3a2c0d03aad6cc0547.sol#307) is not in mixedCase
Parameter '_to' of Karma.transferFrom (/unique_chucks/23/0x8309dd14df991b8f26954b3a2c0d03aad6cc0547.sol#307) is not in mixedCase
Parameter '_value' of Karma.transferFrom (/unique_chucks/23/0x8309dd14df991b8f26954b3a2c0d03aad6cc0547.sol#307-308) is not in mixedCase
Parameter '_spender' of Karma.approve (/unique_chucks/23/0x8309dd14df991b8f26954b3a2c0d03aad6cc0547.sol#284) is not in mixedCase
Parameter '_value' of Karma.approve (/unique_chucks/23/0x8309dd14df991b8f26954b3a2c0d03aad6cc0547.sol#284) is not in mixedCase
Function 'Karma.Karma' (/unique_chucks/23/0x8309dd14df991b8f26954b3a2c0d03aad6cc0547.sol#167-175) is not in mixedCase
Parameter '_startEpoch' of Karma.Karma (/unique_chucks/23/0x8309dd14df991b8f26954b3a2c0d03aad6cc0547.sol#170-171) is not in mixedCase
Parameter '_newMod' of Karma.setMod (/unique_chucks/23/0x8309dd14df991b8f26954b3a2c0d03aad6cc0547.sol#180) is not in mixedCase
Parameter '_ownerCut' of Karma.newPeriod (/unique_chucks/23/0x8309dd14df991b8f26954b3a2c0d03aad6cc0547.sol#185) is not in mixedCase
Parameter '_addr' of Karma.createUser (/unique_chucks/23/0x8309dd14df991b8f26954b3a2c0d03aad6cc0547.sol#216-217) is not in mixedCase
Parameter '_username' of Karma.createUser (/unique_chucks/23/0x8309dd14df991b8f26954b3a2c0d03aad6cc0547.sol#217) is not in mixedCase
Parameter '_amount' of Karma.createUser (/unique_chucks/23/0x8309dd14df991b8f26954b3a2c0d03aad6cc0547.sol#217) is not in mixedCase
Parameter '_addr' of Karma.mint (/unique_chucks/23/0x8309dd14df991b8f26954b3a2c0d03aad6cc0547.sol#221-222) is not in mixedCase
Parameter '_amount' of Karma.mint (/unique_chucks/23/0x8309dd14df991b8f26954b3a2c0d03aad6cc0547.sol#222-224) is not in mixedCase
Parameter '_addr' of Karma.timeout (/unique_chucks/23/0x8309dd14df991b8f26954b3a2c0d03aad6cc0547.sol#235) is not in mixedCase
Parameter '_username' of Karma.register (/unique_chucks/23/0x8309dd14df991b8f26954b3a2c0d03aad6cc0547.sol#242) is not in mixedCase
Parameter '_endowment' of Karma.register (/unique_chucks/23/0x8309dd14df991b8f26954b3a2c0d03aad6cc0547.sol#242-243) is not in mixedCase
Parameter '_sig' of Karma.register (/unique_chucks/23/0x8309dd14df991b8f26954b3a2c0d03aad6cc0547.sol#243) is not in mixedCase
Parameter '_spender' of Karma.increaseApproval (/unique_chucks/23/0x8309dd14df991b8f26954b3a2c0d03aad6cc0547.sol#289) is not in mixedCase
Parameter '_addedValue' of Karma.increaseApproval (/unique_chucks/23/0x8309dd14df991b8f26954b3a2c0d03aad6cc0547.sol#289) is not in mixedCase
Parameter '_spender' of Karma.decreaseApproval (/unique_chucks/23/0x8309dd14df991b8f26954b3a2c0d03aad6cc0547.sol#296) is not in mixedCase
Parameter '_subtractedValue' of Karma.decreaseApproval (/unique_chucks/23/0x8309dd14df991b8f26954b3a2c0d03aad6cc0547.sol#296) is not in mixedCase
Parameter '_addr' of Karma.newUser (/unique_chucks/23/0x8309dd14df991b8f26954b3a2c0d03aad6cc0547.sol#326) is not in mixedCase
Parameter '_username' of Karma.newUser (/unique_chucks/23/0x8309dd14df991b8f26954b3a2c0d03aad6cc0547.sol#326-327) is not in mixedCase
Parameter '_endowment' of Karma.newUser (/unique_chucks/23/0x8309dd14df991b8f26954b3a2c0d03aad6cc0547.sol#327) is not in mixedCase
Reference: https://github.com/trailofbits/slither/wiki/Detectors-Documentation#conformance-to-solidity-naming-conventions[0m
INFO:Slither:/unique_chucks/23/0x8309dd14df991b8f26954b3a2c0d03aad6cc0547.sol analyzed (7 contracts), 59 result(s) found