/unique_chucks/43/0x9838a3f39324eb73debd9dcff3d35efe6931514f.sol
jar:file:/usr/local/lib/node_modules/@smartdec/smartcheck/jdeploy-bundle/smartcheck-2.0-jar-with-dependencies.jar!/solidity-rules.xmlruleId: SOLIDITY_PRAGMAS_VERSION
patternId: 23fc32
severity: 1
line: 1
column: 16
content: ^

ruleId: SOLIDITY_UPGRADE_TO_050
patternId: 341gim
severity: 1
line: 63
column: 8
content: stringtokenName

ruleId: SOLIDITY_UPGRADE_TO_050
patternId: 341gim
severity: 1
line: 64
column: 8
content: stringtokenSymbol

SOLIDITY_PRAGMAS_VERSION :1
SOLIDITY_UPGRADE_TO_050 :2