INFO:Slither:Compilation warnings/errors on /unique_chucks/10/0x24358430f5b1f947b04d9d1a22beb6de01cabea2.sol:
/unique_chucks/10/0x24358430f5b1f947b04d9d1a22beb6de01cabea2.sol:65:3: Warning: Defining constructors as functions with the same name as the contract is deprecated. Use "constructor(...) { ... }" instead.
  function Ownable() public {
  ^ (Relevant source part starts here and spans across multiple lines).
/unique_chucks/10/0x24358430f5b1f947b04d9d1a22beb6de01cabea2.sol:172:2: Warning: Defining constructors as functions with the same name as the contract is deprecated. Use "constructor(...) { ... }" instead.
	function TTTToken() {
 ^ (Relevant source part starts here and spans across multiple lines).
/unique_chucks/10/0x24358430f5b1f947b04d9d1a22beb6de01cabea2.sol:259:46: Warning: This declaration shadows an existing declaration.
	function totalSupply() public view returns (uint256 totalSupply) {
	                                            ^-----------------^
/unique_chucks/10/0x24358430f5b1f947b04d9d1a22beb6de01cabea2.sol:259:2: The shadowed declaration is here:
	function totalSupply() public view returns (uint256 totalSupply) {
 ^ (Relevant source part starts here and spans across multiple lines).

/unique_chucks/10/0x24358430f5b1f947b04d9d1a22beb6de01cabea2.sol:215:3: Warning: Invoking events without "emit" prefix is deprecated.
		Transfer(msg.sender, _to, _amount);
		^--------------------------------^
/unique_chucks/10/0x24358430f5b1f947b04d9d1a22beb6de01cabea2.sol:225:3: Warning: Invoking events without "emit" prefix is deprecated.
		Transfer(_from, _to, _amount);
		^---------------------------^
/unique_chucks/10/0x24358430f5b1f947b04d9d1a22beb6de01cabea2.sol:236:3: Warning: Invoking events without "emit" prefix is deprecated.
		Transfer(_from, _to, _amount);
		^---------------------------^
/unique_chucks/10/0x24358430f5b1f947b04d9d1a22beb6de01cabea2.sol:244:3: Warning: Invoking events without "emit" prefix is deprecated.
		Approval(msg.sender, _spender, _value);
		^------------------------------------^
/unique_chucks/10/0x24358430f5b1f947b04d9d1a22beb6de01cabea2.sol:267:3: Warning: Invoking events without "emit" prefix is deprecated.
		TokensaleAddressSet(tokenSaleAddress, msg.sender);
		^-----------------------------------------------^
/unique_chucks/10/0x24358430f5b1f947b04d9d1a22beb6de01cabea2.sol:279:3: Warning: Invoking events without "emit" prefix is deprecated.
		PrivatesaleFinalized(amount);
		^--------------------------^
/unique_chucks/10/0x24358430f5b1f947b04d9d1a22beb6de01cabea2.sol:292:3: Warning: Invoking events without "emit" prefix is deprecated.
		PresaleFinalized(amount);
		^----------------------^
/unique_chucks/10/0x24358430f5b1f947b04d9d1a22beb6de01cabea2.sol:310:3: Warning: Invoking events without "emit" prefix is deprecated.
		CrowdsaleFinalized(amount);
		^------------------------^
/unique_chucks/10/0x24358430f5b1f947b04d9d1a22beb6de01cabea2.sol:328:3: Warning: Invoking events without "emit" prefix is deprecated.
		Burn(burner, _value);
		^------------------^
/unique_chucks/10/0x24358430f5b1f947b04d9d1a22beb6de01cabea2.sol:329:3: Warning: Invoking events without "emit" prefix is deprecated.
		Transfer(burner, address(0), _value);
		^----------------------------------^
/unique_chucks/10/0x24358430f5b1f947b04d9d1a22beb6de01cabea2.sol:349:3: Warning: Invoking events without "emit" prefix is deprecated.
		Transfer(teamSupplyAddress, msg.sender, _amount);
		^----------------------------------------------^
/unique_chucks/10/0x24358430f5b1f947b04d9d1a22beb6de01cabea2.sol:172:2: Warning: No visibility specified. Defaulting to "public". 
	function TTTToken() {
 ^ (Relevant source part starts here and spans across multiple lines).

INFO:Detectors:[92m
TTTToken.totalSupply.totalSupply (local variable @ /unique_chucks/10/0x24358430f5b1f947b04d9d1a22beb6de01cabea2.sol#266-267) shadows:
	- TTTToken.totalSupply (function @ /unique_chucks/10/0x24358430f5b1f947b04d9d1a22beb6de01cabea2.sol#265-267)
	- ERC20Basic.totalSupply (function @ /unique_chucks/10/0x24358430f5b1f947b04d9d1a22beb6de01cabea2.sol#96-97)
Reference: https://github.com/trailofbits/slither/wiki/Detectors-Documentation#local-variable-shadowing[0m
INFO:Detectors:[92m
TTTToken.transferFromVest (/unique_chucks/10/0x24358430f5b1f947b04d9d1a22beb6de01cabea2.sol#340-362) uses timestamp for comparisons
	Dangerous comparisons:
	- require(bool)(block.timestamp > firstVestStartsAt) (/unique_chucks/10/0x24358430f5b1f947b04d9d1a22beb6de01cabea2.sol#343)
	- block.timestamp > secondVestStartsAt (/unique_chucks/10/0x24358430f5b1f947b04d9d1a22beb6de01cabea2.sol#344-356)
Reference: https://github.com/trailofbits/slither/wiki/Detectors-Documentation#block-timestamp[0m
INFO:Detectors:[92m
TTTToken.airdropSupply should be constant (/unique_chucks/10/0x24358430f5b1f947b04d9d1a22beb6de01cabea2.sol#133-134)
TTTToken.decimals should be constant (/unique_chucks/10/0x24358430f5b1f947b04d9d1a22beb6de01cabea2.sol#121-124)
Reference: https://github.com/trailofbits/slither/wiki/Detectors-Documentation#state-variables-that-could-be-declared-constant[0m
INFO:Detectors:[92m
Ownable.transferOwnership (/unique_chucks/10/0x24358430f5b1f947b04d9d1a22beb6de01cabea2.sol#82-92) should be declared external
ERC20Basic.totalSupply (/unique_chucks/10/0x24358430f5b1f947b04d9d1a22beb6de01cabea2.sol#96-97) should be declared external
TTTToken.totalSupply (/unique_chucks/10/0x24358430f5b1f947b04d9d1a22beb6de01cabea2.sol#265-267) should be declared external
TTTToken.transfer (/unique_chucks/10/0x24358430f5b1f947b04d9d1a22beb6de01cabea2.sol#215-222) should be declared external
ERC20Basic.transfer (/unique_chucks/10/0x24358430f5b1f947b04d9d1a22beb6de01cabea2.sol#98-102) should be declared external
TTTToken.transferFrom (/unique_chucks/10/0x24358430f5b1f947b04d9d1a22beb6de01cabea2.sol#223-232) should be declared external
ERC20.transferFrom (/unique_chucks/10/0x24358430f5b1f947b04d9d1a22beb6de01cabea2.sol#108-109) should be declared external
ERC20.approve (/unique_chucks/10/0x24358430f5b1f947b04d9d1a22beb6de01cabea2.sol#109-112) should be declared external
TTTToken.approve (/unique_chucks/10/0x24358430f5b1f947b04d9d1a22beb6de01cabea2.sol#245-254) should be declared external
TTTToken.burn (/unique_chucks/10/0x24358430f5b1f947b04d9d1a22beb6de01cabea2.sol#325-338) should be declared external
TTTToken.transferFromVest (/unique_chucks/10/0x24358430f5b1f947b04d9d1a22beb6de01cabea2.sol#340-362) should be declared external
Reference: https://github.com/trailofbits/slither/wiki/Detectors-Documentation#public-function-that-could-be-declared-as-external[0m
INFO:Detectors:[92m
Detected issues with version pragma in /unique_chucks/10/0x24358430f5b1f947b04d9d1a22beb6de01cabea2.sol:
	- pragma solidity^0.4.18 (/unique_chucks/10/0x24358430f5b1f947b04d9d1a22beb6de01cabea2.sol#1): it allows old versions
Reference: https://github.com/trailofbits/slither/wiki/Detectors-Documentation#incorrect-version-of-solidity[0m
INFO:Detectors:[92m
Function 'Ownable.Ownable' (/unique_chucks/10/0x24358430f5b1f947b04d9d1a22beb6de01cabea2.sol#70) is not in mixedCase
Parameter '_owner' of TTTToken.balanceOf (/unique_chucks/10/0x24358430f5b1f947b04d9d1a22beb6de01cabea2.sol#263-264) is not in mixedCase
Parameter '_to' of TTTToken.transfer (/unique_chucks/10/0x24358430f5b1f947b04d9d1a22beb6de01cabea2.sol#215) is not in mixedCase
Parameter '_amount' of TTTToken.transfer (/unique_chucks/10/0x24358430f5b1f947b04d9d1a22beb6de01cabea2.sol#215-216) is not in mixedCase
Parameter '_owner' of TTTToken.allowance (/unique_chucks/10/0x24358430f5b1f947b04d9d1a22beb6de01cabea2.sol#255-258) is not in mixedCase
Parameter '_spender' of TTTToken.allowance (/unique_chucks/10/0x24358430f5b1f947b04d9d1a22beb6de01cabea2.sol#258) is not in mixedCase
Parameter '_from' of TTTToken.transferFrom (/unique_chucks/10/0x24358430f5b1f947b04d9d1a22beb6de01cabea2.sol#224) is not in mixedCase
Parameter '_to' of TTTToken.transferFrom (/unique_chucks/10/0x24358430f5b1f947b04d9d1a22beb6de01cabea2.sol#224) is not in mixedCase
Parameter '_amount' of TTTToken.transferFrom (/unique_chucks/10/0x24358430f5b1f947b04d9d1a22beb6de01cabea2.sol#224) is not in mixedCase
Parameter '_spender' of TTTToken.approve (/unique_chucks/10/0x24358430f5b1f947b04d9d1a22beb6de01cabea2.sol#248) is not in mixedCase
Parameter '_value' of TTTToken.approve (/unique_chucks/10/0x24358430f5b1f947b04d9d1a22beb6de01cabea2.sol#248-249) is not in mixedCase
Function 'TTTToken.TTTToken' (/unique_chucks/10/0x24358430f5b1f947b04d9d1a22beb6de01cabea2.sol#176-214) is not in mixedCase
Parameter '_to' of TTTToken.transferFromTokenSell (/unique_chucks/10/0x24358430f5b1f947b04d9d1a22beb6de01cabea2.sol#235) is not in mixedCase
Parameter '_from' of TTTToken.transferFromTokenSell (/unique_chucks/10/0x24358430f5b1f947b04d9d1a22beb6de01cabea2.sol#235-236) is not in mixedCase
Parameter '_amount' of TTTToken.transferFromTokenSell (/unique_chucks/10/0x24358430f5b1f947b04d9d1a22beb6de01cabea2.sol#236) is not in mixedCase
Parameter '_tokenSaleAddress' of TTTToken.setTokenSaleAddress (/unique_chucks/10/0x24358430f5b1f947b04d9d1a22beb6de01cabea2.sol#271) is not in mixedCase
Parameter '_burnAmount' of TTTToken.finalizeCrowdsale (/unique_chucks/10/0x24358430f5b1f947b04d9d1a22beb6de01cabea2.sol#300-301) is not in mixedCase
Parameter '_ecoAmount' of TTTToken.finalizeCrowdsale (/unique_chucks/10/0x24358430f5b1f947b04d9d1a22beb6de01cabea2.sol#301-302) is not in mixedCase
Parameter '_airdropAmount' of TTTToken.finalizeCrowdsale (/unique_chucks/10/0x24358430f5b1f947b04d9d1a22beb6de01cabea2.sol#302-303) is not in mixedCase
Parameter '_value' of TTTToken.burn (/unique_chucks/10/0x24358430f5b1f947b04d9d1a22beb6de01cabea2.sol#326) is not in mixedCase
Parameter '_amount' of TTTToken.transferFromVest (/unique_chucks/10/0x24358430f5b1f947b04d9d1a22beb6de01cabea2.sol#341-342) is not in mixedCase
Parameter '_address' of TTTToken.addToBalance (/unique_chucks/10/0x24358430f5b1f947b04d9d1a22beb6de01cabea2.sol) is not in mixedCase
Parameter '_amount' of TTTToken.addToBalance (/unique_chucks/10/0x24358430f5b1f947b04d9d1a22beb6de01cabea2.sol) is not in mixedCase
Parameter '_address' of TTTToken.decrementBalance (/unique_chucks/10/0x24358430f5b1f947b04d9d1a22beb6de01cabea2.sol) is not in mixedCase
Parameter '_amount' of TTTToken.decrementBalance (/unique_chucks/10/0x24358430f5b1f947b04d9d1a22beb6de01cabea2.sol) is not in mixedCase
Reference: https://github.com/trailofbits/slither/wiki/Detectors-Documentation#conformance-to-solidity-naming-conventions[0m
INFO:Slither:/unique_chucks/10/0x24358430f5b1f947b04d9d1a22beb6de01cabea2.sol analyzed (5 contracts), 40 result(s) found