INFO:Slither:Compilation warnings/errors on /unique_chucks/24/0x5b9bb34e68d2186adf673eafa11f21feb5d2f800.sol:
/unique_chucks/24/0x5b9bb34e68d2186adf673eafa11f21feb5d2f800.sol:92:5: Warning: Use of the "var" keyword is deprecated.
    var _allowance = allowed[_from][msg.sender];
    ^------------^
/unique_chucks/24/0x5b9bb34e68d2186adf673eafa11f21feb5d2f800.sol:134:3: Warning: Defining constructors as functions with the same name as the contract is deprecated. Use "constructor(...) { ... }" instead.
  function YuanLianToken() public {
  ^ (Relevant source part starts here and spans across multiple lines).
/unique_chucks/24/0x5b9bb34e68d2186adf673eafa11f21feb5d2f800.sol:81:5: Warning: Invoking events without "emit" prefix is deprecated.
    Transfer(msg.sender, _to, _value);
    ^-------------------------------^
/unique_chucks/24/0x5b9bb34e68d2186adf673eafa11f21feb5d2f800.sol:98:5: Warning: Invoking events without "emit" prefix is deprecated.
    Transfer(_from, _to, _value);
    ^--------------------------^
/unique_chucks/24/0x5b9bb34e68d2186adf673eafa11f21feb5d2f800.sol:114:5: Warning: Invoking events without "emit" prefix is deprecated.
    Approval(msg.sender, _spender, _value);
    ^------------------------------------^

INFO:Detectors:[92m
ERC20.balanceOf (/unique_chucks/24/0x5b9bb34e68d2186adf673eafa11f21feb5d2f800.sol#39-40) should be declared external
StandardToken.balanceOf (/unique_chucks/24/0x5b9bb34e68d2186adf673eafa11f21feb5d2f800.sol#66-72) should be declared external
StandardToken.transfer (/unique_chucks/24/0x5b9bb34e68d2186adf673eafa11f21feb5d2f800.sol#76-87) should be declared external
ERC20.transfer (/unique_chucks/24/0x5b9bb34e68d2186adf673eafa11f21feb5d2f800.sol#40-41) should be declared external
ERC20.allowance (/unique_chucks/24/0x5b9bb34e68d2186adf673eafa11f21feb5d2f800.sol#41-42) should be declared external
StandardToken.allowance (/unique_chucks/24/0x5b9bb34e68d2186adf673eafa11f21feb5d2f800.sol#125-131) should be declared external
ERC20.transferFrom (/unique_chucks/24/0x5b9bb34e68d2186adf673eafa11f21feb5d2f800.sol#42-43) should be declared external
StandardToken.transferFrom (/unique_chucks/24/0x5b9bb34e68d2186adf673eafa11f21feb5d2f800.sol#92-103) should be declared external
StandardToken.approve (/unique_chucks/24/0x5b9bb34e68d2186adf673eafa11f21feb5d2f800.sol#108-120) should be declared external
ERC20.approve (/unique_chucks/24/0x5b9bb34e68d2186adf673eafa11f21feb5d2f800.sol#43-44) should be declared external
Reference: https://github.com/trailofbits/slither/wiki/Detectors-Documentation#public-function-that-could-be-declared-as-external[0m
INFO:Detectors:[92m
Parameter '_owner' of StandardToken.balanceOf (/unique_chucks/24/0x5b9bb34e68d2186adf673eafa11f21feb5d2f800.sol#67) is not in mixedCase
Parameter '_to' of StandardToken.transfer (/unique_chucks/24/0x5b9bb34e68d2186adf673eafa11f21feb5d2f800.sol#76-77) is not in mixedCase
Parameter '_value' of StandardToken.transfer (/unique_chucks/24/0x5b9bb34e68d2186adf673eafa11f21feb5d2f800.sol#78) is not in mixedCase
Parameter '_owner' of StandardToken.allowance (/unique_chucks/24/0x5b9bb34e68d2186adf673eafa11f21feb5d2f800.sol#129) is not in mixedCase
Parameter '_spender' of StandardToken.allowance (/unique_chucks/24/0x5b9bb34e68d2186adf673eafa11f21feb5d2f800.sol#129) is not in mixedCase
Parameter '_from' of StandardToken.transferFrom (/unique_chucks/24/0x5b9bb34e68d2186adf673eafa11f21feb5d2f800.sol#92) is not in mixedCase
Parameter '_to' of StandardToken.transferFrom (/unique_chucks/24/0x5b9bb34e68d2186adf673eafa11f21feb5d2f800.sol#92) is not in mixedCase
Parameter '_value' of StandardToken.transferFrom (/unique_chucks/24/0x5b9bb34e68d2186adf673eafa11f21feb5d2f800.sol#93) is not in mixedCase
Parameter '_spender' of StandardToken.approve (/unique_chucks/24/0x5b9bb34e68d2186adf673eafa11f21feb5d2f800.sol#108) is not in mixedCase
Parameter '_value' of StandardToken.approve (/unique_chucks/24/0x5b9bb34e68d2186adf673eafa11f21feb5d2f800.sol#108-109) is not in mixedCase
Function 'YuanLianToken.YuanLianToken' (/unique_chucks/24/0x5b9bb34e68d2186adf673eafa11f21feb5d2f800.sol) is not in mixedCase
Reference: https://github.com/trailofbits/slither/wiki/Detectors-Documentation#conformance-to-solidity-naming-conventions[0m
INFO:Slither:/unique_chucks/24/0x5b9bb34e68d2186adf673eafa11f21feb5d2f800.sol analyzed (4 contracts), 21 result(s) found