INFO:Slither:Compilation warnings/errors on /unique_chucks/4/0xc10c72d632cb8b5ef37603623ee86f47c3ff9f0f.sol:
/unique_chucks/4/0xc10c72d632cb8b5ef37603623ee86f47c3ff9f0f.sol:9:5: Warning: Defining constructors as functions with the same name as the contract is deprecated. Use "constructor(...) { ... }" instead.
    function owned() public{
    ^ (Relevant source part starts here and spans across multiple lines).
/unique_chucks/4/0xc10c72d632cb8b5ef37603623ee86f47c3ff9f0f.sol:66:5: Warning: Defining constructors as functions with the same name as the contract is deprecated. Use "constructor(...) { ... }" instead.
    function MyToken(address centralMinter) public {//
    ^ (Relevant source part starts here and spans across multiple lines).

INFO:Detectors:[93m
MyToken (/unique_chucks/4/0xc10c72d632cb8b5ef37603623ee86f47c3ff9f0f.sol#24-364) has incorrect ERC20 function interface(s):
	-transfer (/unique_chucks/4/0xc10c72d632cb8b5ef37603623ee86f47c3ff9f0f.sol#262-264)
Reference: https://github.com/trailofbits/slither/wiki/Detectors-Documentation#incorrect-erc20-interface[0m
INFO:Detectors:[92m
owned.transferOwnership (/unique_chucks/4/0xc10c72d632cb8b5ef37603623ee86f47c3ff9f0f.sol#19-24) should be declared external
MyToken.setDrop (/unique_chucks/4/0xc10c72d632cb8b5ef37603623ee86f47c3ff9f0f.sol#91) should be declared external
MyToken.setAirDrop (/unique_chucks/4/0xc10c72d632cb8b5ef37603623ee86f47c3ff9f0f.sol#91-98) should be declared external
MyToken.setExchange (/unique_chucks/4/0xc10c72d632cb8b5ef37603623ee86f47c3ff9f0f.sol#98-109) should be declared external
MyToken.setLock (/unique_chucks/4/0xc10c72d632cb8b5ef37603623ee86f47c3ff9f0f.sol#109-110) should be declared external
MyToken.setSellToContract (/unique_chucks/4/0xc10c72d632cb8b5ef37603623ee86f47c3ff9f0f.sol#111-114) should be declared external
MyToken.setMinEther (/unique_chucks/4/0xc10c72d632cb8b5ef37603623ee86f47c3ff9f0f.sol#114-121) should be declared external
MyToken.setMonthClose (/unique_chucks/4/0xc10c72d632cb8b5ef37603623ee86f47c3ff9f0f.sol#121) should be declared external
MyToken.setMonthOpen (/unique_chucks/4/0xc10c72d632cb8b5ef37603623ee86f47c3ff9f0f.sol#122-133) should be declared external
MyToken.lockAccount (/unique_chucks/4/0xc10c72d632cb8b5ef37603623ee86f47c3ff9f0f.sol#133-140) should be declared external
MyToken.freezeUserFunds (/unique_chucks/4/0xc10c72d632cb8b5ef37603623ee86f47c3ff9f0f.sol#146-153) should be declared external
MyToken.freezeMyFunds (/unique_chucks/4/0xc10c72d632cb8b5ef37603623ee86f47c3ff9f0f.sol#153-156) should be declared external
MyToken.getMonth (/unique_chucks/4/0xc10c72d632cb8b5ef37603623ee86f47c3ff9f0f.sol#176-193) should be declared external
MyToken.balanceOf (/unique_chucks/4/0xc10c72d632cb8b5ef37603623ee86f47c3ff9f0f.sol#193-195) should be declared external
MyToken.takeEther (/unique_chucks/4/0xc10c72d632cb8b5ef37603623ee86f47c3ff9f0f.sol#209-212) should be declared external
MyToken.fallback (/unique_chucks/4/0xc10c72d632cb8b5ef37603623ee86f47c3ff9f0f.sol#214) should be declared external
MyToken.giveEther (/unique_chucks/4/0xc10c72d632cb8b5ef37603623ee86f47c3ff9f0f.sol#214-218) should be declared external
MyToken.getEther (/unique_chucks/4/0xc10c72d632cb8b5ef37603623ee86f47c3ff9f0f.sol#218-219) should be declared external
MyToken.getTime (/unique_chucks/4/0xc10c72d632cb8b5ef37603623ee86f47c3ff9f0f.sol#219-220) should be declared external
MyToken.mintToken (/unique_chucks/4/0xc10c72d632cb8b5ef37603623ee86f47c3ff9f0f.sol#221-233) should be declared external
MyToken.transfer (/unique_chucks/4/0xc10c72d632cb8b5ef37603623ee86f47c3ff9f0f.sol#262-264) should be declared external
MyToken.transferFrom (/unique_chucks/4/0xc10c72d632cb8b5ef37603623ee86f47c3ff9f0f.sol#264-275) should be declared external
MyToken.approveAndCall (/unique_chucks/4/0xc10c72d632cb8b5ef37603623ee86f47c3ff9f0f.sol#291-303) should be declared external
MyToken.burn (/unique_chucks/4/0xc10c72d632cb8b5ef37603623ee86f47c3ff9f0f.sol#303-319) should be declared external
MyToken.burnFrom (/unique_chucks/4/0xc10c72d632cb8b5ef37603623ee86f47c3ff9f0f.sol#319-338) should be declared external
MyToken.buy (/unique_chucks/4/0xc10c72d632cb8b5ef37603623ee86f47c3ff9f0f.sol#338-352) should be declared external
Reference: https://github.com/trailofbits/slither/wiki/Detectors-Documentation#public-function-that-could-be-declared-as-external[0m
INFO:Detectors:[92m
Detected issues with version pragma in /unique_chucks/4/0xc10c72d632cb8b5ef37603623ee86f47c3ff9f0f.sol:
	- pragma solidity^0.4.21 (/unique_chucks/4/0xc10c72d632cb8b5ef37603623ee86f47c3ff9f0f.sol#1): it allows old versions
Reference: https://github.com/trailofbits/slither/wiki/Detectors-Documentation#incorrect-version-of-solidity[0m
INFO:Detectors:[92m
Contract 'tokenRecipient' (/unique_chucks/4/0xc10c72d632cb8b5ef37603623ee86f47c3ff9f0f.sol#3-5) is not in CapWords
Contract 'owned' (/unique_chucks/4/0xc10c72d632cb8b5ef37603623ee86f47c3ff9f0f.sol#5-24) is not in CapWords
Function 'MyToken.MyToken' (/unique_chucks/4/0xc10c72d632cb8b5ef37603623ee86f47c3ff9f0f.sol#67-91) is not in mixedCase
Parameter '_open' of MyToken.setDrop (/unique_chucks/4/0xc10c72d632cb8b5ef37603623ee86f47c3ff9f0f.sol#91) is not in mixedCase
Parameter '_dropStart' of MyToken.setAirDrop (/unique_chucks/4/0xc10c72d632cb8b5ef37603623ee86f47c3ff9f0f.sol#91-92) is not in mixedCase
Parameter '_dropEnd' of MyToken.setAirDrop (/unique_chucks/4/0xc10c72d632cb8b5ef37603623ee86f47c3ff9f0f.sol#92-93) is not in mixedCase
Parameter '_airDrop' of MyToken.setAirDrop (/unique_chucks/4/0xc10c72d632cb8b5ef37603623ee86f47c3ff9f0f.sol#93-94) is not in mixedCase
Parameter '_totalDrop' of MyToken.setAirDrop (/unique_chucks/4/0xc10c72d632cb8b5ef37603623ee86f47c3ff9f0f.sol#94) is not in mixedCase
Parameter '_exchangeStart' of MyToken.setExchange (/unique_chucks/4/0xc10c72d632cb8b5ef37603623ee86f47c3ff9f0f.sol#98-99) is not in mixedCase
Parameter '_exchangeEnd' of MyToken.setExchange (/unique_chucks/4/0xc10c72d632cb8b5ef37603623ee86f47c3ff9f0f.sol#99-100) is not in mixedCase
Parameter '_sellPrice' of MyToken.setExchange (/unique_chucks/4/0xc10c72d632cb8b5ef37603623ee86f47c3ff9f0f.sol#100) is not in mixedCase
Parameter '_buyPrice' of MyToken.setExchange (/unique_chucks/4/0xc10c72d632cb8b5ef37603623ee86f47c3ff9f0f.sol#100-101) is not in mixedCase
Parameter '_lock' of MyToken.setLock (/unique_chucks/4/0xc10c72d632cb8b5ef37603623ee86f47c3ff9f0f.sol#109) is not in mixedCase
Parameter '_sellToContract' of MyToken.setSellToContract (/unique_chucks/4/0xc10c72d632cb8b5ef37603623ee86f47c3ff9f0f.sol#113) is not in mixedCase
Parameter '_minimumEtherInFinney' of MyToken.setMinEther (/unique_chucks/4/0xc10c72d632cb8b5ef37603623ee86f47c3ff9f0f.sol#117) is not in mixedCase
Parameter '_month' of MyToken.setMonthClose (/unique_chucks/4/0xc10c72d632cb8b5ef37603623ee86f47c3ff9f0f.sol#121) is not in mixedCase
Parameter '_value' of MyToken.setMonthClose (/unique_chucks/4/0xc10c72d632cb8b5ef37603623ee86f47c3ff9f0f.sol#121) is not in mixedCase
Parameter '_month' of MyToken.setMonthOpen (/unique_chucks/4/0xc10c72d632cb8b5ef37603623ee86f47c3ff9f0f.sol#122-123) is not in mixedCase
Parameter '_users' of MyToken.setMonthOpen (/unique_chucks/4/0xc10c72d632cb8b5ef37603623ee86f47c3ff9f0f.sol#123-124) is not in mixedCase
Parameter '_powers' of MyToken.setMonthOpen (/unique_chucks/4/0xc10c72d632cb8b5ef37603623ee86f47c3ff9f0f.sol#124) is not in mixedCase
Parameter '_minToken' of MyToken.setMonthOpen (/unique_chucks/4/0xc10c72d632cb8b5ef37603623ee86f47c3ff9f0f.sol#124-125) is not in mixedCase
Parameter '_count' of MyToken.setMonthOpen (/unique_chucks/4/0xc10c72d632cb8b5ef37603623ee86f47c3ff9f0f.sol#125-126) is not in mixedCase
Parameter '_address' of MyToken.lockAccount (/unique_chucks/4/0xc10c72d632cb8b5ef37603623ee86f47c3ff9f0f.sol#133-136) is not in mixedCase
Parameter '_lockEnd' of MyToken.lockAccount (/unique_chucks/4/0xc10c72d632cb8b5ef37603623ee86f47c3ff9f0f.sol#136) is not in mixedCase
Function 'MyToken._freezeFunds' (/unique_chucks/4/0xc10c72d632cb8b5ef37603623ee86f47c3ff9f0f.sol#140-146) is not in mixedCase
Parameter '_address' of MyToken._freezeFunds (/unique_chucks/4/0xc10c72d632cb8b5ef37603623ee86f47c3ff9f0f.sol#140-141) is not in mixedCase
Parameter '_freeze' of MyToken._freezeFunds (/unique_chucks/4/0xc10c72d632cb8b5ef37603623ee86f47c3ff9f0f.sol#141) is not in mixedCase
Parameter '_freezeEnd' of MyToken._freezeFunds (/unique_chucks/4/0xc10c72d632cb8b5ef37603623ee86f47c3ff9f0f.sol#141-142) is not in mixedCase
Parameter '_address' of MyToken.freezeUserFunds (/unique_chucks/4/0xc10c72d632cb8b5ef37603623ee86f47c3ff9f0f.sol#149) is not in mixedCase
Parameter '_freeze' of MyToken.freezeUserFunds (/unique_chucks/4/0xc10c72d632cb8b5ef37603623ee86f47c3ff9f0f.sol#149) is not in mixedCase
Parameter '_freezeEnd' of MyToken.freezeUserFunds (/unique_chucks/4/0xc10c72d632cb8b5ef37603623ee86f47c3ff9f0f.sol#149) is not in mixedCase
Parameter '_freeze' of MyToken.freezeMyFunds (/unique_chucks/4/0xc10c72d632cb8b5ef37603623ee86f47c3ff9f0f.sol#153) is not in mixedCase
Parameter '_freezeEnd' of MyToken.freezeMyFunds (/unique_chucks/4/0xc10c72d632cb8b5ef37603623ee86f47c3ff9f0f.sol#153-154) is not in mixedCase
Parameter '_address' of MyToken.initialize (/unique_chucks/4/0xc10c72d632cb8b5ef37603623ee86f47c3ff9f0f.sol#157) is not in mixedCase
Parameter '_month' of MyToken.getMonth (/unique_chucks/4/0xc10c72d632cb8b5ef37603623ee86f47c3ff9f0f.sol#176-177) is not in mixedCase
Parameter '_address' of MyToken.balanceOf (/unique_chucks/4/0xc10c72d632cb8b5ef37603623ee86f47c3ff9f0f.sol#194) is not in mixedCase
Parameter '_address' of MyToken.getBalances (/unique_chucks/4/0xc10c72d632cb8b5ef37603623ee86f47c3ff9f0f.sol#195-196) is not in mixedCase
Parameter '_balance' of MyToken.takeEther (/unique_chucks/4/0xc10c72d632cb8b5ef37603623ee86f47c3ff9f0f.sol#210) is not in mixedCase
Parameter '_address' of MyToken.getEther (/unique_chucks/4/0xc10c72d632cb8b5ef37603623ee86f47c3ff9f0f.sol#218) is not in mixedCase
Parameter '_address' of MyToken.mintToken (/unique_chucks/4/0xc10c72d632cb8b5ef37603623ee86f47c3ff9f0f.sol#221) is not in mixedCase
Parameter '_mintedAmount' of MyToken.mintToken (/unique_chucks/4/0xc10c72d632cb8b5ef37603623ee86f47c3ff9f0f.sol#222) is not in mixedCase
Function 'MyToken._transfer' (/unique_chucks/4/0xc10c72d632cb8b5ef37603623ee86f47c3ff9f0f.sol#235-261) is not in mixedCase
Parameter '_from' of MyToken._transfer (/unique_chucks/4/0xc10c72d632cb8b5ef37603623ee86f47c3ff9f0f.sol#236-237) is not in mixedCase
Parameter '_to' of MyToken._transfer (/unique_chucks/4/0xc10c72d632cb8b5ef37603623ee86f47c3ff9f0f.sol#237) is not in mixedCase
Parameter '_value' of MyToken._transfer (/unique_chucks/4/0xc10c72d632cb8b5ef37603623ee86f47c3ff9f0f.sol#237-238) is not in mixedCase
Parameter '_to' of MyToken.transfer (/unique_chucks/4/0xc10c72d632cb8b5ef37603623ee86f47c3ff9f0f.sol#262) is not in mixedCase
Parameter '_value' of MyToken.transfer (/unique_chucks/4/0xc10c72d632cb8b5ef37603623ee86f47c3ff9f0f.sol#262) is not in mixedCase
Parameter '_from' of MyToken.transferFrom (/unique_chucks/4/0xc10c72d632cb8b5ef37603623ee86f47c3ff9f0f.sol#265-266) is not in mixedCase
Parameter '_to' of MyToken.transferFrom (/unique_chucks/4/0xc10c72d632cb8b5ef37603623ee86f47c3ff9f0f.sol#266-268) is not in mixedCase
Parameter '_value' of MyToken.transferFrom (/unique_chucks/4/0xc10c72d632cb8b5ef37603623ee86f47c3ff9f0f.sol#268) is not in mixedCase
Parameter '_spender' of MyToken.approve (/unique_chucks/4/0xc10c72d632cb8b5ef37603623ee86f47c3ff9f0f.sol#276-277) is not in mixedCase
Parameter '_value' of MyToken.approve (/unique_chucks/4/0xc10c72d632cb8b5ef37603623ee86f47c3ff9f0f.sol#277) is not in mixedCase
Parameter '_spender' of MyToken.approveAndCall (/unique_chucks/4/0xc10c72d632cb8b5ef37603623ee86f47c3ff9f0f.sol#292) is not in mixedCase
Parameter '_value' of MyToken.approveAndCall (/unique_chucks/4/0xc10c72d632cb8b5ef37603623ee86f47c3ff9f0f.sol#292-293) is not in mixedCase
Parameter '_extraData' of MyToken.approveAndCall (/unique_chucks/4/0xc10c72d632cb8b5ef37603623ee86f47c3ff9f0f.sol#294-296) is not in mixedCase
Parameter '_value' of MyToken.burn (/unique_chucks/4/0xc10c72d632cb8b5ef37603623ee86f47c3ff9f0f.sol#305) is not in mixedCase
Parameter '_from' of MyToken.burnFrom (/unique_chucks/4/0xc10c72d632cb8b5ef37603623ee86f47c3ff9f0f.sol#319-321) is not in mixedCase
Parameter '_value' of MyToken.burnFrom (/unique_chucks/4/0xc10c72d632cb8b5ef37603623ee86f47c3ff9f0f.sol#321) is not in mixedCase
Parameter '_amount' of MyToken.sell (/unique_chucks/4/0xc10c72d632cb8b5ef37603623ee86f47c3ff9f0f.sol#352-354) is not in mixedCase
Reference: https://github.com/trailofbits/slither/wiki/Detectors-Documentation#conformance-to-solidity-naming-conventions[0m
INFO:Slither:/unique_chucks/4/0xc10c72d632cb8b5ef37603623ee86f47c3ff9f0f.sol analyzed (3 contracts), 87 result(s) found