/unique_chucks/11/0xd58297b5e0ad69f6ba949fdde9da0f2b978f00a0.sol
jar:file:/usr/local/lib/node_modules/@smartdec/smartcheck/jdeploy-bundle/smartcheck-2.0-jar-with-dependencies.jar!/solidity-rules.xmlruleId: SOLIDITY_ADDRESS_HARDCODED
patternId: a91b18
severity: 1
line: 243
column: 13
content: (address(0),collectibleOwner,tokenId)

ruleId: SOLIDITY_ADDRESS_HARDCODED
patternId: a91b18
severity: 1
line: 250
column: 75
content: (address(0),_tokenId)

ruleId: SOLIDITY_GAS_LIMIT_IN_LOOPS
patternId: f6f853
severity: 2
line: 409
column: 6
content: for(tokenIndex=0;tokenIndex<totalTokens;tokenIndex++){tokenId=tokens[tokenIndex];if(collectibleIndexToOwner[tokenId]==_owner){result=result.add(1);}}

ruleId: SOLIDITY_PRAGMAS_VERSION
patternId: 23fc32
severity: 1
line: 1
column: 16
content: ^

ruleId: SOLIDITY_PRIVATE_MODIFIER_DONT_HIDE_DATA
patternId: 5616b2
severity: 1
line: 62
column: 12
content: private

ruleId: SOLIDITY_PRIVATE_MODIFIER_DONT_HIDE_DATA
patternId: 5616b2
severity: 1
line: 82
column: 28
content: private

ruleId: SOLIDITY_PRIVATE_MODIFIER_DONT_HIDE_DATA
patternId: 5616b2
severity: 1
line: 83
column: 28
content: private

ruleId: SOLIDITY_PRIVATE_MODIFIER_DONT_HIDE_DATA
patternId: 5616b2
severity: 1
line: 90
column: 10
content: private

ruleId: SOLIDITY_SAFEMATH
patternId: 837cac
severity: 1
line: 47
column: 2
content: usingSafeMathforuint256;

ruleId: SOLIDITY_UPGRADE_TO_050
patternId: 341gim
severity: 1
line: 274
column: 39
content: string

ruleId: SOLIDITY_UPGRADE_TO_050
patternId: 341gim
severity: 1
line: 318
column: 41
content: string

ruleId: SOLIDITY_UPGRADE_TO_050
patternId: 341gim
severity: 1
line: 439
column: 61
content: uint256[]ownerTokens

ruleId: SOLIDITY_VISIBILITY
patternId: b51ce0
severity: 1
line: 85
column: 2
content: uint8constantBASE_TOKEN_ID=0;

ruleId: SOLIDITY_VISIBILITY
patternId: b51ce0
severity: 1
line: 86
column: 2
content: uint16constantMAX_SETS_INDEX=10000;

ruleId: SOLIDITY_VISIBILITY
patternId: b51ce0
severity: 1
line: 87
column: 2
content: uint64constantFIFTY_TOKENS_INDEX=1000000000000000;

ruleId: SOLIDITY_VISIBILITY
patternId: b51ce0
severity: 1
line: 88
column: 2
content: uint128constantTRIBLE_TOKENS_INDEX=100000000000000000000000;

ruleId: SOLIDITY_VISIBILITY
patternId: b51ce0
severity: 1
line: 89
column: 2
content: uint128constantDOUBLE_TOKENS_INDEX=100000000000000000000000000000000;

ruleId: SOLIDITY_VISIBILITY
patternId: b51ce0
severity: 1
line: 92
column: 2
content: uint256constantSTART_PRICE_DOG=1finney;

ruleId: SOLIDITY_VISIBILITY
patternId: b51ce0
severity: 1
line: 93
column: 2
content: uint256constantSTART_PRICE_SETS=100finney;

ruleId: SOLIDITY_VISIBILITY
patternId: b51ce0
severity: 1
line: 94
column: 2
content: uint256constantSTART_PRICE_BASE_DOG=10ether;

ruleId: SOLIDITY_VISIBILITY
patternId: b51ce0
severity: 1
line: 247
column: 2
content: boolisChangePriceLocked=true;

SOLIDITY_VISIBILITY :9
SOLIDITY_SAFEMATH :1
SOLIDITY_PRAGMAS_VERSION :1
SOLIDITY_PRIVATE_MODIFIER_DONT_HIDE_DATA :4
SOLIDITY_ADDRESS_HARDCODED :2
SOLIDITY_UPGRADE_TO_050 :3
SOLIDITY_GAS_LIMIT_IN_LOOPS :1