/unique_chucks/18/0x4f0d5bb99f87610d3f1522029121f1f9ca3a904e.sol
jar:file:/usr/local/lib/node_modules/@smartdec/smartcheck/jdeploy-bundle/smartcheck-2.0-jar-with-dependencies.jar!/solidity-rules.xmlruleId: SOLIDITY_DEPRECATED_CONSTRUCTIONS
patternId: 28fa69
severity: 1
line: 48
column: 2
content: functiontotalSupply()constantreturns(uint256);

ruleId: SOLIDITY_DEPRECATED_CONSTRUCTIONS
patternId: 28fa69
severity: 1
line: 50
column: 2
content: functionbalanceOf(address_owner)constantreturns(uint256);

ruleId: SOLIDITY_DEPRECATED_CONSTRUCTIONS
patternId: 28fa69
severity: 1
line: 58
column: 2
content: functionallowance(address_owner,address_spender)constantreturns(uint256);

ruleId: SOLIDITY_DEPRECATED_CONSTRUCTIONS
patternId: 28fa69
severity: 1
line: 94
column: 2
content: functiontotalSupply()constantreturns(uint256){returntotalSupply;}

ruleId: SOLIDITY_DEPRECATED_CONSTRUCTIONS
patternId: 28fa69
severity: 1
line: 96
column: 2
content: functionbalanceOf(address_owner)constantreturns(uint256){returnbalances[_owner];}

ruleId: SOLIDITY_DEPRECATED_CONSTRUCTIONS
patternId: 28fa69
severity: 1
line: 126
column: 2
content: functionallowance(address_owner,address_spender)constantreturns(uint256){returnallowed[_owner][_spender];}

ruleId: SOLIDITY_ERC20_APPROVE
patternId: af782c
severity: 2
line: 120
column: 2
content: functionapprove(address_spender,uint256_amount)returns(bool){allowed[msg.sender][_spender]=_amount;Approval(msg.sender,_spender,_amount);returntrue;}

ruleId: SOLIDITY_OVERPOWERED_ROLE
patternId: j83hf7
severity: 2
line: 214
column: 2
content: functionsetRate(uint256_newRate)onlyOwner{rate=_newRate;}

ruleId: SOLIDITY_PRAGMAS_VERSION
patternId: 23fc32
severity: 1
line: 1
column: 16
content: ^

ruleId: SOLIDITY_SAFEMATH
patternId: 837cac
severity: 1
line: 68
column: 2
content: usingSafeMathforuint256;

ruleId: SOLIDITY_SAFEMATH
patternId: 837cac
severity: 1
line: 152
column: 2
content: usingSafeMathforuint256;

ruleId: SOLIDITY_VISIBILITY
patternId: 910067
severity: 1
line: 36
column: 2
content: functionOwnable(){owner=msg.sender;}

ruleId: SOLIDITY_VISIBILITY
patternId: 910067
severity: 1
line: 43
column: 2
content: functiontransferOwnership(addressnewOwner)onlyOwner{owner=newOwner;}

ruleId: SOLIDITY_VISIBILITY
patternId: 910067
severity: 1
line: 48
column: 2
content: functiontotalSupply()constantreturns(uint256);

ruleId: SOLIDITY_VISIBILITY
patternId: 910067
severity: 1
line: 50
column: 2
content: functionbalanceOf(address_owner)constantreturns(uint256);

ruleId: SOLIDITY_VISIBILITY
patternId: 910067
severity: 1
line: 52
column: 2
content: functiontransfer(address_to,uint256_value)returns(bool);

ruleId: SOLIDITY_VISIBILITY
patternId: 910067
severity: 1
line: 54
column: 2
content: functiontransferFrom(address_from,address_to,uint256_value)returns(bool);

ruleId: SOLIDITY_VISIBILITY
patternId: 910067
severity: 1
line: 56
column: 2
content: functionapprove(address_spender,uint256_value)returns(bool);

ruleId: SOLIDITY_VISIBILITY
patternId: 910067
severity: 1
line: 58
column: 2
content: functionallowance(address_owner,address_spender)constantreturns(uint256);

ruleId: SOLIDITY_VISIBILITY
patternId: 910067
severity: 1
line: 86
column: 2
content: functionGMPToken(){balances[msg.sender]=initialSupply;totalSupply=initialSupply;}

ruleId: SOLIDITY_VISIBILITY
patternId: 910067
severity: 1
line: 94
column: 2
content: functiontotalSupply()constantreturns(uint256){returntotalSupply;}

ruleId: SOLIDITY_VISIBILITY
patternId: 910067
severity: 1
line: 96
column: 2
content: functionbalanceOf(address_owner)constantreturns(uint256){returnbalances[_owner];}

ruleId: SOLIDITY_VISIBILITY
patternId: 910067
severity: 1
line: 108
column: 2
content: functiontransfer(address_to,uint256_amount)returns(bool){_transfer(msg.sender,_to,_amount);returntrue;}

ruleId: SOLIDITY_VISIBILITY
patternId: 910067
severity: 1
line: 113
column: 2
content: functiontransferFrom(address_from,address_to,uint256_value)returns(bool){require(_value<allowed[_from][msg.sender]);allowed[_from][msg.sender]=allowed[_from][msg.sender].sub(_value);_transfer(_from,_to,_value);returntrue;}

ruleId: SOLIDITY_VISIBILITY
patternId: 910067
severity: 1
line: 120
column: 2
content: functionapprove(address_spender,uint256_amount)returns(bool){allowed[msg.sender][_spender]=_amount;Approval(msg.sender,_spender,_amount);returntrue;}

ruleId: SOLIDITY_VISIBILITY
patternId: 910067
severity: 1
line: 126
column: 2
content: functionallowance(address_owner,address_spender)constantreturns(uint256){returnallowed[_owner][_spender];}

ruleId: SOLIDITY_VISIBILITY
patternId: 910067
severity: 1
line: 130
column: 2
content: functionmintToken(uint256_mintedAmount)onlyOwner{balances[Ownable.owner]=balances[Ownable.owner].add(_mintedAmount);totalSupply=totalSupply.add(_mintedAmount);Mint(Ownable.owner,_mintedAmount);}

ruleId: SOLIDITY_VISIBILITY
patternId: 910067
severity: 1
line: 137
column: 2
content: functionburnToken(address_burner,uint256_value)onlyOwner{require(_value>0);require(_value<=balances[_burner]);balances[_burner]=balances[_burner].sub(_value);totalSupply=totalSupply.sub(_value);Burn(_burner,_value);}

ruleId: SOLIDITY_VISIBILITY
patternId: 910067
severity: 1
line: 181
column: 2
content: functionCrowdsale(uint256_initialRate,address_targetWallet){require(_initialRate>0);require(_targetWallet!=0x0);token=newGMPToken();rate=_initialRate;wallet=_targetWallet;saleIsActive=true;}

ruleId: SOLIDITY_VISIBILITY
patternId: 910067
severity: 1
line: 195
column: 2
content: functionclose()onlyOwner{selfdestruct(owner);}

ruleId: SOLIDITY_VISIBILITY
patternId: 910067
severity: 1
line: 200
column: 2
content: functiontransferToAddress(address_targetWallet,uint256_tokenAmount)onlyOwner{token.transfer(_targetWallet,_tokenAmount);}

ruleId: SOLIDITY_VISIBILITY
patternId: 910067
severity: 1
line: 206
column: 2
content: functionenableSale()onlyOwner{saleIsActive=true;}

ruleId: SOLIDITY_VISIBILITY
patternId: 910067
severity: 1
line: 210
column: 2
content: functiondisableSale()onlyOwner{saleIsActive=false;}

ruleId: SOLIDITY_VISIBILITY
patternId: 910067
severity: 1
line: 214
column: 2
content: functionsetRate(uint256_newRate)onlyOwner{rate=_newRate;}

ruleId: SOLIDITY_VISIBILITY
patternId: 910067
severity: 1
line: 219
column: 2
content: functionmintToken(uint256_mintedAmount)onlyOwner{token.mintToken(_mintedAmount);}

ruleId: SOLIDITY_VISIBILITY
patternId: 910067
severity: 1
line: 227
column: 2
content: function()payable{require(msg.sender!=0x0);require(saleIsActive);require(msg.value>rate);uint256weiAmount=msg.value;weiRaised=weiRaised.add(weiAmount);uint256tokenAmount=weiAmount.div(rate);wallet.transfer(weiAmount);token.transfer(msg.sender,tokenAmount);TokenPurchase(msg.sender,wallet,weiAmount,tokenAmount);}

SOLIDITY_VISIBILITY :25
SOLIDITY_SAFEMATH :2
SOLIDITY_OVERPOWERED_ROLE :1
SOLIDITY_DEPRECATED_CONSTRUCTIONS :6
SOLIDITY_PRAGMAS_VERSION :1
SOLIDITY_ERC20_APPROVE :1