2019-08-07 02:25:12,748: [12] m.main:INFO: Registered plugins: DetectReentrancySimple, DetectInvalid, DetectUnusedRetVal, DetectUninitializedStorage, DetectIntegerOverflow, DetectSuicidal, DetectExternalCallAndLeak, DetectEnvInstruction, DetectUninitializedMemory, DetectReentrancyAdvanced, DetectDelegatecall
2019-08-07 02:25:12,748: [12] m.main:INFO: Beginning analysis
2019-08-07 02:25:12,759: [12] m.e.manticore:INFO: Starting symbolic create contract
2019-08-07 02:25:13,668: [12] m.e.manticore:INFO: Starting symbolic transaction: 0
2019-08-07 02:25:14,258: [12] m.e.manticore:INFO: 0 alive states, 2 terminated states
2019-08-07 02:25:14,419: [12] m.e.manticore:INFO: Starting symbolic transaction: 1
2019-08-07 02:25:14,454: [582] m.c.manticore:INFO: Generated testcase No. 0 - RETURN(1 txs)
2019-08-07 02:25:14,468: [583] m.c.manticore:INFO: Generated testcase No. 1 - REVERT(2 txs)
2019-08-07 02:25:15,335: [12] m.c.manticore:INFO: Results in /mcore_wdg_nmv5
2019-08-07 02:25:16,353: [897] m.main:INFO: Registered plugins: DetectSuicidal, DetectUninitializedMemory, DetectReentrancyAdvanced, DetectEnvInstruction, DetectDelegatecall, DetectReentrancySimple, DetectInvalid, DetectUnusedRetVal, DetectExternalCallAndLeak, DetectUninitializedStorage, DetectIntegerOverflow
2019-08-07 02:25:16,354: [897] m.main:INFO: Beginning analysis
2019-08-07 02:25:16,364: [897] m.e.manticore:INFO: Starting symbolic create contract
2019-08-07 02:25:18,540: [897] m.e.manticore:INFO: Starting symbolic transaction: 0
2019-08-07 02:25:21,167: [897] m.e.manticore:INFO: 1 alive states, 5 terminated states
2019-08-07 02:25:22,028: [897] m.e.manticore:INFO: Starting symbolic transaction: 1
2019-08-07 02:25:24,953: [897] m.e.manticore:INFO: 1 alive states, 10 terminated states
2019-08-07 02:25:25,958: [2409] m.c.manticore:INFO: Generated testcase No. 0 - RETURN(1 txs)
2019-08-07 02:25:25,965: [2411] m.c.manticore:INFO: Generated testcase No. 2 - REVERT(2 txs)
2019-08-07 02:25:25,978: [2415] m.c.manticore:INFO: Generated testcase No. 3 - REVERT(2 txs)
2019-08-07 02:25:25,982: [2407] m.c.manticore:INFO: Generated testcase No. 1 - REVERT(2 txs)
2019-08-07 02:25:25,986: [2404] m.c.manticore:INFO: Generated testcase No. 4 - REVERT(2 txs)
2019-08-07 02:25:26,006: [2423] m.c.manticore:INFO: Generated testcase No. 8 - REVERT(3 txs)
2019-08-07 02:25:26,010: [2414] m.c.manticore:INFO: Generated testcase No. 5 - RETURN(2 txs)
2019-08-07 02:25:26,014: [2426] m.c.manticore:INFO: Generated testcase No. 7 - REVERT(3 txs)
2019-08-07 02:25:26,016: [2418] m.c.manticore:INFO: Generated testcase No. 6 - REVERT(3 txs)
2019-08-07 02:25:26,045: [2406] m.c.manticore:INFO: Generated testcase No. 9 - RETURN(3 txs)
2019-08-07 02:25:32,908: [2409] m.c.manticore:INFO: Generated testcase No. 10 - REVERT(3 txs)
2019-08-07 02:25:37,273: [897] m.c.manticore:INFO: Results in /mcore_0grv7hfi
2019-08-07 02:25:39,294: [3031] m.main:INFO: Registered plugins: DetectReentrancySimple, DetectInvalid, DetectUnusedRetVal, DetectDelegatecall, DetectReentrancyAdvanced, DetectUninitializedStorage, DetectEnvInstruction, DetectIntegerOverflow, DetectUninitializedMemory, DetectExternalCallAndLeak, DetectSuicidal
2019-08-07 02:25:39,294: [3031] m.main:INFO: Beginning analysis
2019-08-07 02:25:39,335: [3031] m.e.manticore:INFO: Starting symbolic create contract
2019-08-07 02:25:39,469: [3075] m.c.manticore:INFO: Generated testcase No. 0 - NO STATE RESULT (?)(0 txs)
2019-08-07 02:25:39,869: [3031] m.c.manticore:INFO: Results in /mcore_j2zxnzod
2019-08-07 02:25:40,742: [3334] m.main:INFO: Registered plugins: DetectUnusedRetVal, DetectReentrancySimple, DetectInvalid, DetectSuicidal, DetectUninitializedMemory, DetectDelegatecall, DetectEnvInstruction, DetectUninitializedStorage, DetectIntegerOverflow, DetectReentrancyAdvanced, DetectExternalCallAndLeak
2019-08-07 02:25:40,742: [3334] m.main:INFO: Beginning analysis
2019-08-07 02:25:40,752: [3334] m.e.manticore:INFO: Starting symbolic create contract
2019-08-07 02:26:01,144: [3387] m.e.detectors:WARNING: Unsigned integer overflow at MUL instruction
2019-08-07 02:26:02,355: [3387] m.e.detectors:WARNING: Unsigned integer overflow at MUL instruction
2019-08-07 02:26:27,164: [3334] m.e.manticore:INFO: Starting symbolic transaction: 0
2019-08-07 02:26:53,283: [4537] m.e.detectors:WARNING: Unsigned integer overflow at MUL instruction
2019-08-07 02:27:19,710: [4541] m.e.detectors:WARNING: Potentially reading uninitialized storage
2019-08-07 02:27:24,290: [4541] m.e.detectors:WARNING: Unsigned integer overflow at MUL instruction
2019-08-07 02:27:27,587: [4547] m.e.detectors:WARNING: Potentially reading uninitialized storage
2019-08-07 02:27:29,339: [4545] m.e.detectors:WARNING: Unsigned integer overflow at MUL instruction
2019-08-07 02:27:57,923: [4548] m.e.detectors:WARNING: Potentially reading uninitialized storage
2019-08-07 02:28:10,479: [4548] m.e.detectors:WARNING: Potentially reading uninitialized storage
2019-08-07 02:28:12,535: [4543] m.e.detectors:WARNING: Unsigned integer overflow at MUL instruction
2019-08-07 02:29:35,022: [4541] m.e.detectors:WARNING: Potentially reading uninitialized memory at instruction (address: 1194793513420567361781769440984425031734003375310, offset 128)
2019-08-07 02:29:37,544: [4541] m.e.detectors:WARNING: Potentially reading uninitialized memory at instruction (address: 1194793513420567361781769440984425031734003375310, offset 129)
2019-08-07 02:29:38,727: [4541] m.e.detectors:WARNING: Potentially reading uninitialized memory at instruction (address: 1194793513420567361781769440984425031734003375310, offset 130)
2019-08-07 02:29:40,423: [4541] m.e.detectors:WARNING: Potentially reading uninitialized memory at instruction (address: 1194793513420567361781769440984425031734003375310, offset 131)
2019-08-07 02:29:41,641: [4541] m.e.detectors:WARNING: Potentially reading uninitialized memory at instruction (address: 1194793513420567361781769440984425031734003375310, offset 132)
2019-08-07 02:29:42,939: [4541] m.e.detectors:WARNING: Potentially reading uninitialized memory at instruction (address: 1194793513420567361781769440984425031734003375310, offset 133)
2019-08-07 02:29:43,987: [4541] m.e.detectors:WARNING: Potentially reading uninitialized memory at instruction (address: 1194793513420567361781769440984425031734003375310, offset 134)
2019-08-07 02:29:45,123: [4541] m.e.detectors:WARNING: Potentially reading uninitialized memory at instruction (address: 1194793513420567361781769440984425031734003375310, offset 135)
2019-08-07 02:29:46,443: [4541] m.e.detectors:WARNING: Potentially reading uninitialized memory at instruction (address: 1194793513420567361781769440984425031734003375310, offset 136)
2019-08-07 02:29:47,727: [4541] m.e.detectors:WARNING: Potentially reading uninitialized memory at instruction (address: 1194793513420567361781769440984425031734003375310, offset 137)
2019-08-07 02:29:48,994: [4541] m.e.detectors:WARNING: Potentially reading uninitialized memory at instruction (address: 1194793513420567361781769440984425031734003375310, offset 138)
2019-08-07 02:29:50,794: [4541] m.e.detectors:WARNING: Potentially reading uninitialized memory at instruction (address: 1194793513420567361781769440984425031734003375310, offset 139)
2019-08-07 02:29:51,936: [4541] m.e.detectors:WARNING: Potentially reading uninitialized memory at instruction (address: 1194793513420567361781769440984425031734003375310, offset 140)
2019-08-07 02:29:54,819: [4541] m.e.detectors:WARNING: Potentially reading uninitialized memory at instruction (address: 1194793513420567361781769440984425031734003375310, offset 141)
2019-08-07 02:29:56,135: [4541] m.e.detectors:WARNING: Potentially reading uninitialized memory at instruction (address: 1194793513420567361781769440984425031734003375310, offset 142)
2019-08-07 02:29:57,155: [4541] m.e.detectors:WARNING: Potentially reading uninitialized memory at instruction (address: 1194793513420567361781769440984425031734003375310, offset 143)
2019-08-07 02:29:58,514: [4541] m.e.detectors:WARNING: Potentially reading uninitialized memory at instruction (address: 1194793513420567361781769440984425031734003375310, offset 144)
2019-08-07 02:30:00,135: [4541] m.e.detectors:WARNING: Potentially reading uninitialized memory at instruction (address: 1194793513420567361781769440984425031734003375310, offset 145)
2019-08-07 02:30:01,528: [4541] m.e.detectors:WARNING: Potentially reading uninitialized memory at instruction (address: 1194793513420567361781769440984425031734003375310, offset 146)
2019-08-07 02:30:03,302: [4541] m.e.detectors:WARNING: Potentially reading uninitialized memory at instruction (address: 1194793513420567361781769440984425031734003375310, offset 147)
2019-08-07 02:30:05,574: [4541] m.e.detectors:WARNING: Potentially reading uninitialized memory at instruction (address: 1194793513420567361781769440984425031734003375310, offset 148)
2019-08-07 02:30:07,315: [4541] m.e.detectors:WARNING: Potentially reading uninitialized memory at instruction (address: 1194793513420567361781769440984425031734003375310, offset 149)
2019-08-07 02:30:09,215: [4541] m.e.detectors:WARNING: Potentially reading uninitialized memory at instruction (address: 1194793513420567361781769440984425031734003375310, offset 150)
2019-08-07 02:30:10,926: [4541] m.e.detectors:WARNING: Potentially reading uninitialized memory at instruction (address: 1194793513420567361781769440984425031734003375310, offset 151)
2019-08-07 02:30:12,810: [4541] m.e.detectors:WARNING: Potentially reading uninitialized memory at instruction (address: 1194793513420567361781769440984425031734003375310, offset 152)
2019-08-07 02:30:14,526: [4541] m.e.detectors:WARNING: Potentially reading uninitialized memory at instruction (address: 1194793513420567361781769440984425031734003375310, offset 153)
2019-08-07 02:30:18,631: [4541] m.e.detectors:WARNING: Potentially reading uninitialized memory at instruction (address: 1194793513420567361781769440984425031734003375310, offset 154)
2019-08-07 02:30:20,431: [4541] m.e.detectors:WARNING: Potentially reading uninitialized memory at instruction (address: 1194793513420567361781769440984425031734003375310, offset 155)
2019-08-07 02:30:21,818: [4547] m.e.detectors:WARNING: Potentially reading uninitialized memory at instruction (address: 1194793513420567361781769440984425031734003375310, offset 128)
2019-08-07 02:30:22,440: [4541] m.e.detectors:WARNING: Potentially reading uninitialized memory at instruction (address: 1194793513420567361781769440984425031734003375310, offset 156)
2019-08-07 02:30:23,230: [4547] m.e.detectors:WARNING: Potentially reading uninitialized memory at instruction (address: 1194793513420567361781769440984425031734003375310, offset 129)
2019-08-07 02:30:24,429: [4541] m.e.detectors:WARNING: Potentially reading uninitialized memory at instruction (address: 1194793513420567361781769440984425031734003375310, offset 157)
2019-08-07 02:30:25,835: [4541] m.e.detectors:WARNING: Potentially reading uninitialized memory at instruction (address: 1194793513420567361781769440984425031734003375310, offset 158)
2019-08-07 02:30:26,931: [4547] m.e.detectors:WARNING: Potentially reading uninitialized memory at instruction (address: 1194793513420567361781769440984425031734003375310, offset 130)
2019-08-07 02:30:27,331: [4541] m.e.detectors:WARNING: Potentially reading uninitialized memory at instruction (address: 1194793513420567361781769440984425031734003375310, offset 159)
2019-08-07 02:30:28,340: [4547] m.e.detectors:WARNING: Potentially reading uninitialized memory at instruction (address: 1194793513420567361781769440984425031734003375310, offset 131)
2019-08-07 02:30:30,139: [4547] m.e.detectors:WARNING: Potentially reading uninitialized memory at instruction (address: 1194793513420567361781769440984425031734003375310, offset 132)
2019-08-07 02:30:31,798: [4547] m.e.detectors:WARNING: Potentially reading uninitialized memory at instruction (address: 1194793513420567361781769440984425031734003375310, offset 133)
2019-08-07 02:30:32,906: [4541] m.e.detectors:WARNING: Potentially reading uninitialized memory at instruction (address: 1194793513420567361781769440984425031734003375310, offset 128)
2019-08-07 02:30:34,131: [4547] m.e.detectors:WARNING: Potentially reading uninitialized memory at instruction (address: 1194793513420567361781769440984425031734003375310, offset 134)
2019-08-07 02:30:34,635: [4541] m.e.detectors:WARNING: Potentially reading uninitialized memory at instruction (address: 1194793513420567361781769440984425031734003375310, offset 129)
2019-08-07 02:30:35,826: [4547] m.e.detectors:WARNING: Potentially reading uninitialized memory at instruction (address: 1194793513420567361781769440984425031734003375310, offset 135)
2019-08-07 02:30:36,223: [4541] m.e.detectors:WARNING: Potentially reading uninitialized memory at instruction (address: 1194793513420567361781769440984425031734003375310, offset 130)
2019-08-07 02:30:37,831: [4547] m.e.detectors:WARNING: Potentially reading uninitialized memory at instruction (address: 1194793513420567361781769440984425031734003375310, offset 136)
2019-08-07 02:30:38,709: [4541] m.e.detectors:WARNING: Potentially reading uninitialized memory at instruction (address: 1194793513420567361781769440984425031734003375310, offset 131)
2019-08-07 02:30:39,607: [4547] m.e.detectors:WARNING: Potentially reading uninitialized memory at instruction (address: 1194793513420567361781769440984425031734003375310, offset 137)
2019-08-07 02:30:40,935: [4541] m.e.detectors:WARNING: Potentially reading uninitialized memory at instruction (address: 1194793513420567361781769440984425031734003375310, offset 132)
2019-08-07 02:30:41,383: [4547] m.e.detectors:WARNING: Potentially reading uninitialized memory at instruction (address: 1194793513420567361781769440984425031734003375310, offset 138)
2019-08-07 02:30:42,624: [4547] m.e.detectors:WARNING: Potentially reading uninitialized memory at instruction (address: 1194793513420567361781769440984425031734003375310, offset 139)
2019-08-07 02:30:42,719: [4541] m.e.detectors:WARNING: Potentially reading uninitialized memory at instruction (address: 1194793513420567361781769440984425031734003375310, offset 133)
2019-08-07 02:30:44,730: [4547] m.e.detectors:WARNING: Potentially reading uninitialized memory at instruction (address: 1194793513420567361781769440984425031734003375310, offset 140)
2019-08-07 02:30:44,783: [4541] m.e.detectors:WARNING: Potentially reading uninitialized memory at instruction (address: 1194793513420567361781769440984425031734003375310, offset 134)
2019-08-07 02:30:46,898: [4547] m.e.detectors:WARNING: Potentially reading uninitialized memory at instruction (address: 1194793513420567361781769440984425031734003375310, offset 141)
2019-08-07 02:30:47,031: [4541] m.e.detectors:WARNING: Potentially reading uninitialized memory at instruction (address: 1194793513420567361781769440984425031734003375310, offset 135)
2019-08-07 02:30:49,034: [4541] m.e.detectors:WARNING: Potentially reading uninitialized memory at instruction (address: 1194793513420567361781769440984425031734003375310, offset 136)
2019-08-07 02:30:50,827: [4541] m.e.detectors:WARNING: Potentially reading uninitialized memory at instruction (address: 1194793513420567361781769440984425031734003375310, offset 137)
2019-08-07 02:30:51,147: [4547] m.e.detectors:WARNING: Potentially reading uninitialized memory at instruction (address: 1194793513420567361781769440984425031734003375310, offset 142)
2019-08-07 02:30:52,882: [4541] m.e.detectors:WARNING: Potentially reading uninitialized memory at instruction (address: 1194793513420567361781769440984425031734003375310, offset 138)
2019-08-07 02:30:53,834: [4547] m.e.detectors:WARNING: Potentially reading uninitialized memory at instruction (address: 1194793513420567361781769440984425031734003375310, offset 143)
2019-08-07 02:30:55,755: [4547] m.e.detectors:WARNING: Potentially reading uninitialized memory at instruction (address: 1194793513420567361781769440984425031734003375310, offset 144)
2019-08-07 02:30:57,698: [4547] m.e.detectors:WARNING: Potentially reading uninitialized memory at instruction (address: 1194793513420567361781769440984425031734003375310, offset 145)
2019-08-07 02:30:58,739: [4541] m.e.detectors:WARNING: Potentially reading uninitialized memory at instruction (address: 1194793513420567361781769440984425031734003375310, offset 139)
2019-08-07 02:30:59,335: [4547] m.e.detectors:WARNING: Potentially reading uninitialized memory at instruction (address: 1194793513420567361781769440984425031734003375310, offset 146)
2019-08-07 02:31:00,639: [4541] m.e.detectors:WARNING: Potentially reading uninitialized memory at instruction (address: 1194793513420567361781769440984425031734003375310, offset 140)
2019-08-07 02:31:00,790: [4547] m.e.detectors:WARNING: Potentially reading uninitialized memory at instruction (address: 1194793513420567361781769440984425031734003375310, offset 147)
2019-08-07 02:31:02,426: [4547] m.e.detectors:WARNING: Potentially reading uninitialized memory at instruction (address: 1194793513420567361781769440984425031734003375310, offset 148)
2019-08-07 02:31:02,547: [4541] m.e.detectors:WARNING: Potentially reading uninitialized memory at instruction (address: 1194793513420567361781769440984425031734003375310, offset 141)
2019-08-07 02:31:05,034: [4541] m.e.detectors:WARNING: Potentially reading uninitialized memory at instruction (address: 1194793513420567361781769440984425031734003375310, offset 142)
2019-08-07 02:31:05,022: [4547] m.e.detectors:WARNING: Potentially reading uninitialized memory at instruction (address: 1194793513420567361781769440984425031734003375310, offset 149)
2019-08-07 02:31:06,541: [4547] m.e.detectors:WARNING: Potentially reading uninitialized memory at instruction (address: 1194793513420567361781769440984425031734003375310, offset 150)
2019-08-07 02:31:06,614: [4541] m.e.detectors:WARNING: Potentially reading uninitialized memory at instruction (address: 1194793513420567361781769440984425031734003375310, offset 143)
2019-08-07 02:31:08,038: [4547] m.e.detectors:WARNING: Potentially reading uninitialized memory at instruction (address: 1194793513420567361781769440984425031734003375310, offset 151)
2019-08-07 02:31:08,479: [4541] m.e.detectors:WARNING: Potentially reading uninitialized memory at instruction (address: 1194793513420567361781769440984425031734003375310, offset 144)
[Errno 12] Cannot allocate memory Probably too many cached expressions? visitors._cache...
2019-08-07 02:31:12,331: [4541] m.c.worker:ERROR: Exception in state 2: Z3NotFoundError()
Traceback (most recent call last):
  File "/usr/local/lib/python3.6/dist-packages/manticore/core/smtlib/solver.py", line 205, in _start_proc
    close_fds=True,
  File "/usr/lib/python3.6/subprocess.py", line 729, in __init__
    restore_signals, start_new_session)
  File "/usr/lib/python3.6/subprocess.py", line 1295, in _execute_child
    restore_signals, start_new_session, preexec_fn)
OSError: [Errno 12] Cannot allocate memory

During handling of the above exception, another exception occurred:

Traceback (most recent call last):
  File "/usr/local/lib/python3.6/dist-packages/manticore/core/worker.py", line 121, in run
    current_state.execute()
  File "/usr/local/lib/python3.6/dist-packages/manticore/ethereum/state.py", line 6, in execute
    return self._platform.execute()
  File "/usr/local/lib/python3.6/dist-packages/manticore/platforms/evm.py", line 2684, in execute
    self.current_vm.execute()
  File "/usr/local/lib/python3.6/dist-packages/manticore/platforms/evm.py", line 1213, in execute
    result = self._handler(*arguments)
  File "/usr/local/lib/python3.6/dist-packages/manticore/platforms/evm.py", line 1086, in _handler
    return implementation(*arguments)
  File "/usr/local/lib/python3.6/dist-packages/manticore/platforms/evm.py", line 1790, in MLOAD
    value = self._load(address, 32)
  File "/usr/local/lib/python3.6/dist-packages/manticore/platforms/evm.py", line 1312, in _load
    "did_evm_read_memory", offset + i, Operators.EXTRACT(value, (size - i - 1) * 8, 8)
  File "/usr/local/lib/python3.6/dist-packages/manticore/utils/event.py", line 128, in _publish
    self._publish_impl(_name, *args, **kwargs)
  File "/usr/local/lib/python3.6/dist-packages/manticore/utils/event.py", line 145, in _publish_impl
    sink._publish_impl(_name, *args, **kwargs)
  File "/usr/local/lib/python3.6/dist-packages/manticore/utils/event.py", line 145, in _publish_impl
    sink._publish_impl(_name, *args, **kwargs)
  File "/usr/local/lib/python3.6/dist-packages/manticore/utils/event.py", line 143, in _publish_impl
    sink._publish_impl(_name, self, *args, **kwargs)
  File "/usr/local/lib/python3.6/dist-packages/manticore/utils/event.py", line 136, in _publish_impl
    callback(robj(), *args, **kwargs)
  File "/usr/local/lib/python3.6/dist-packages/manticore/ethereum/detectors.py", line 665, in did_evm_read_memory_callback
    if state.can_be_true(cbu):
  File "/usr/local/lib/python3.6/dist-packages/manticore/core/state.py", line 297, in can_be_true
    return self._solver.can_be_true(self._constraints, expr)
  File "/usr/local/lib/python3.6/dist-packages/manticore/core/smtlib/solver.py", line 401, in can_be_true
    self._reset(temp_cs.to_string(related_to=expression))
  File "/usr/local/lib/python3.6/dist-packages/manticore/core/smtlib/solver.py", line 275, in _reset
    self._start_proc()
  File "/usr/local/lib/python3.6/dist-packages/manticore/core/smtlib/solver.py", line 210, in _start_proc
    raise Z3NotFoundError  # TODO(mark) don't catch this exception in two places
manticore.exceptions.Z3NotFoundError
 
2019-08-07 02:31:12,506: [4547] m.e.detectors:WARNING: Potentially reading uninitialized memory at instruction (address: 1194793513420567361781769440984425031734003375310, offset 152)
2019-08-07 02:31:13,499: [4547] m.e.detectors:WARNING: Potentially reading uninitialized memory at instruction (address: 1194793513420567361781769440984425031734003375310, offset 153)
2019-08-07 02:31:14,999: [4547] m.e.detectors:WARNING: Potentially reading uninitialized memory at instruction (address: 1194793513420567361781769440984425031734003375310, offset 154)
2019-08-07 02:31:18,563: [4547] m.e.detectors:WARNING: Potentially reading uninitialized memory at instruction (address: 1194793513420567361781769440984425031734003375310, offset 155)
2019-08-07 02:31:20,003: [4547] m.e.detectors:WARNING: Potentially reading uninitialized memory at instruction (address: 1194793513420567361781769440984425031734003375310, offset 156)
2019-08-07 02:31:21,786: [4547] m.e.detectors:WARNING: Potentially reading uninitialized memory at instruction (address: 1194793513420567361781769440984425031734003375310, offset 157)
2019-08-07 02:31:23,423: [4547] m.e.detectors:WARNING: Potentially reading uninitialized memory at instruction (address: 1194793513420567361781769440984425031734003375310, offset 158)
2019-08-07 02:31:24,947: [4547] m.e.detectors:WARNING: Potentially reading uninitialized memory at instruction (address: 1194793513420567361781769440984425031734003375310, offset 159)
2019-08-07 02:31:30,239: [4547] m.e.detectors:WARNING: Potentially reading uninitialized memory at instruction (address: 1194793513420567361781769440984425031734003375310, offset 128)
2019-08-07 02:31:32,494: [4547] m.e.detectors:WARNING: Potentially reading uninitialized memory at instruction (address: 1194793513420567361781769440984425031734003375310, offset 129)
2019-08-07 02:31:34,183: [4547] m.e.detectors:WARNING: Potentially reading uninitialized memory at instruction (address: 1194793513420567361781769440984425031734003375310, offset 130)
2019-08-07 02:31:35,719: [4547] m.e.detectors:WARNING: Potentially reading uninitialized memory at instruction (address: 1194793513420567361781769440984425031734003375310, offset 131)
2019-08-07 02:31:37,391: [4547] m.e.detectors:WARNING: Potentially reading uninitialized memory at instruction (address: 1194793513420567361781769440984425031734003375310, offset 132)
2019-08-07 02:31:38,926: [4547] m.e.detectors:WARNING: Potentially reading uninitialized memory at instruction (address: 1194793513420567361781769440984425031734003375310, offset 133)
2019-08-07 02:31:40,739: [4547] m.e.detectors:WARNING: Potentially reading uninitialized memory at instruction (address: 1194793513420567361781769440984425031734003375310, offset 134)
2019-08-07 02:31:42,918: [4547] m.e.detectors:WARNING: Potentially reading uninitialized memory at instruction (address: 1194793513420567361781769440984425031734003375310, offset 135)
2019-08-07 02:31:44,682: [4547] m.e.detectors:WARNING: Potentially reading uninitialized memory at instruction (address: 1194793513420567361781769440984425031734003375310, offset 136)
2019-08-07 02:31:47,039: [4547] m.e.detectors:WARNING: Potentially reading uninitialized memory at instruction (address: 1194793513420567361781769440984425031734003375310, offset 137)
2019-08-07 02:31:48,687: [4547] m.e.detectors:WARNING: Potentially reading uninitialized memory at instruction (address: 1194793513420567361781769440984425031734003375310, offset 138)
2019-08-07 02:31:50,474: [4547] m.e.detectors:WARNING: Potentially reading uninitialized memory at instruction (address: 1194793513420567361781769440984425031734003375310, offset 139)
2019-08-07 02:31:55,427: [4547] m.e.detectors:WARNING: Potentially reading uninitialized memory at instruction (address: 1194793513420567361781769440984425031734003375310, offset 140)
2019-08-07 02:31:57,331: [4547] m.e.detectors:WARNING: Potentially reading uninitialized memory at instruction (address: 1194793513420567361781769440984425031734003375310, offset 141)
2019-08-07 02:31:58,931: [4547] m.e.detectors:WARNING: Potentially reading uninitialized memory at instruction (address: 1194793513420567361781769440984425031734003375310, offset 142)
2019-08-07 02:32:00,427: [4547] m.e.detectors:WARNING: Potentially reading uninitialized memory at instruction (address: 1194793513420567361781769440984425031734003375310, offset 143)
2019-08-07 02:32:02,130: [4547] m.e.detectors:WARNING: Potentially reading uninitialized memory at instruction (address: 1194793513420567361781769440984425031734003375310, offset 144)
2019-08-07 02:32:03,727: [4547] m.e.detectors:WARNING: Potentially reading uninitialized memory at instruction (address: 1194793513420567361781769440984425031734003375310, offset 145)
2019-08-07 02:32:05,599: [4547] m.e.detectors:WARNING: Potentially reading uninitialized memory at instruction (address: 1194793513420567361781769440984425031734003375310, offset 146)
2019-08-07 02:32:07,215: [4547] m.e.detectors:WARNING: Potentially reading uninitialized memory at instruction (address: 1194793513420567361781769440984425031734003375310, offset 147)
2019-08-07 02:32:09,102: [4547] m.e.detectors:WARNING: Potentially reading uninitialized memory at instruction (address: 1194793513420567361781769440984425031734003375310, offset 148)
2019-08-07 02:32:10,510: [4547] m.e.detectors:WARNING: Potentially reading uninitialized memory at instruction (address: 1194793513420567361781769440984425031734003375310, offset 149)
2019-08-07 02:32:12,183: [4547] m.e.detectors:WARNING: Potentially reading uninitialized memory at instruction (address: 1194793513420567361781769440984425031734003375310, offset 150)
2019-08-07 02:32:13,836: [4547] m.e.detectors:WARNING: Potentially reading uninitialized memory at instruction (address: 1194793513420567361781769440984425031734003375310, offset 151)
2019-08-07 02:32:15,319: [4547] m.e.detectors:WARNING: Potentially reading uninitialized memory at instruction (address: 1194793513420567361781769440984425031734003375310, offset 152)
2019-08-07 02:32:17,183: [4547] m.e.detectors:WARNING: Potentially reading uninitialized memory at instruction (address: 1194793513420567361781769440984425031734003375310, offset 153)
2019-08-07 02:32:19,434: [4547] m.e.detectors:WARNING: Potentially reading uninitialized memory at instruction (address: 1194793513420567361781769440984425031734003375310, offset 154)
2019-08-07 02:32:21,318: [4547] m.e.detectors:WARNING: Potentially reading uninitialized memory at instruction (address: 1194793513420567361781769440984425031734003375310, offset 155)
2019-08-07 02:32:23,195: [4547] m.e.detectors:WARNING: Potentially reading uninitialized memory at instruction (address: 1194793513420567361781769440984425031734003375310, offset 156)
2019-08-07 02:32:25,106: [4547] m.e.detectors:WARNING: Potentially reading uninitialized memory at instruction (address: 1194793513420567361781769440984425031734003375310, offset 157)
2019-08-07 02:32:26,615: [4547] m.e.detectors:WARNING: Potentially reading uninitialized memory at instruction (address: 1194793513420567361781769440984425031734003375310, offset 158)
2019-08-07 02:32:28,274: [4547] m.e.detectors:WARNING: Potentially reading uninitialized memory at instruction (address: 1194793513420567361781769440984425031734003375310, offset 159)
2019-08-07 02:33:20,499: [4548] m.e.detectors:WARNING: Potentially reading uninitialized storage
2019-08-07 02:34:15,390: [4548] m.e.detectors:WARNING: Potentially reading uninitialized storage
2019-08-07 02:35:14,426: [4543] m.e.detectors:WARNING: Potentially reading uninitialized storage
2019-08-07 02:36:39,611: [4543] m.e.detectors:WARNING: Unsigned integer overflow at MUL instruction
2019-08-07 02:37:08,318: [4547] m.e.detectors:WARNING: Potentially reading uninitialized memory at instruction (address: 1194793513420567361781769440984425031734003375310, offset 160)
2019-08-07 02:37:12,194: [4547] m.e.detectors:WARNING: Potentially reading uninitialized memory at instruction (address: 1194793513420567361781769440984425031734003375310, offset 161)
2019-08-07 02:37:16,022: [4547] m.e.detectors:WARNING: Potentially reading uninitialized memory at instruction (address: 1194793513420567361781769440984425031734003375310, offset 162)
2019-08-07 02:37:21,715: [4547] m.e.detectors:WARNING: Potentially reading uninitialized memory at instruction (address: 1194793513420567361781769440984425031734003375310, offset 163)
2019-08-07 02:37:25,519: [4547] m.e.detectors:WARNING: Potentially reading uninitialized memory at instruction (address: 1194793513420567361781769440984425031734003375310, offset 164)
2019-08-07 02:37:30,334: [4547] m.e.detectors:WARNING: Potentially reading uninitialized memory at instruction (address: 1194793513420567361781769440984425031734003375310, offset 165)
2019-08-07 02:37:34,398: [4547] m.e.detectors:WARNING: Potentially reading uninitialized memory at instruction (address: 1194793513420567361781769440984425031734003375310, offset 166)
2019-08-07 02:37:38,183: [4547] m.e.detectors:WARNING: Potentially reading uninitialized memory at instruction (address: 1194793513420567361781769440984425031734003375310, offset 167)
2019-08-07 02:37:42,011: [4547] m.e.detectors:WARNING: Potentially reading uninitialized memory at instruction (address: 1194793513420567361781769440984425031734003375310, offset 168)
2019-08-07 02:37:46,082: [4547] m.e.detectors:WARNING: Potentially reading uninitialized memory at instruction (address: 1194793513420567361781769440984425031734003375310, offset 169)
2019-08-07 02:37:49,698: [4547] m.e.detectors:WARNING: Potentially reading uninitialized memory at instruction (address: 1194793513420567361781769440984425031734003375310, offset 170)
2019-08-07 02:38:00,786: [4547] m.e.detectors:WARNING: Potentially reading uninitialized memory at instruction (address: 1194793513420567361781769440984425031734003375310, offset 171)
2019-08-07 02:38:04,503: [4547] m.e.detectors:WARNING: Potentially reading uninitialized memory at instruction (address: 1194793513420567361781769440984425031734003375310, offset 172)
2019-08-07 02:38:08,694: [4547] m.e.detectors:WARNING: Potentially reading uninitialized memory at instruction (address: 1194793513420567361781769440984425031734003375310, offset 173)
2019-08-07 02:38:12,318: [4547] m.e.detectors:WARNING: Potentially reading uninitialized memory at instruction (address: 1194793513420567361781769440984425031734003375310, offset 174)
2019-08-07 02:38:16,223: [4547] m.e.detectors:WARNING: Potentially reading uninitialized memory at instruction (address: 1194793513420567361781769440984425031734003375310, offset 175)
2019-08-07 02:38:20,490: [4547] m.e.detectors:WARNING: Potentially reading uninitialized memory at instruction (address: 1194793513420567361781769440984425031734003375310, offset 176)
2019-08-07 02:38:24,195: [4547] m.e.detectors:WARNING: Potentially reading uninitialized memory at instruction (address: 1194793513420567361781769440984425031734003375310, offset 177)
2019-08-07 02:38:28,215: [4547] m.e.detectors:WARNING: Potentially reading uninitialized memory at instruction (address: 1194793513420567361781769440984425031734003375310, offset 178)
2019-08-07 02:38:31,886: [4547] m.e.detectors:WARNING: Potentially reading uninitialized memory at instruction (address: 1194793513420567361781769440984425031734003375310, offset 179)
2019-08-07 02:38:35,302: [4547] m.e.detectors:WARNING: Potentially reading uninitialized memory at instruction (address: 1194793513420567361781769440984425031734003375310, offset 180)
2019-08-07 02:38:40,874: [4547] m.e.detectors:WARNING: Potentially reading uninitialized memory at instruction (address: 1194793513420567361781769440984425031734003375310, offset 181)
2019-08-07 02:38:45,306: [4547] m.e.detectors:WARNING: Potentially reading uninitialized memory at instruction (address: 1194793513420567361781769440984425031734003375310, offset 182)
2019-08-07 02:38:48,283: [4547] m.e.detectors:WARNING: Potentially reading uninitialized memory at instruction (address: 1194793513420567361781769440984425031734003375310, offset 183)
2019-08-07 02:38:52,297: [4547] m.e.detectors:WARNING: Potentially reading uninitialized memory at instruction (address: 1194793513420567361781769440984425031734003375310, offset 184)
2019-08-07 02:38:56,240: [4547] m.e.detectors:WARNING: Potentially reading uninitialized memory at instruction (address: 1194793513420567361781769440984425031734003375310, offset 185)
2019-08-07 02:39:00,790: [4547] m.e.detectors:WARNING: Potentially reading uninitialized memory at instruction (address: 1194793513420567361781769440984425031734003375310, offset 186)
2019-08-07 02:39:05,311: [4547] m.e.detectors:WARNING: Potentially reading uninitialized memory at instruction (address: 1194793513420567361781769440984425031734003375310, offset 187)
2019-08-07 02:39:08,903: [4547] m.e.detectors:WARNING: Potentially reading uninitialized memory at instruction (address: 1194793513420567361781769440984425031734003375310, offset 188)
2019-08-07 02:39:14,303: [4549] m.c.worker:ERROR: Exception in state 8: SolverError('',)
Traceback (most recent call last):
  File "/usr/local/lib/python3.6/dist-packages/manticore/platforms/evm.py", line 1213, in execute
    result = self._handler(*arguments)
  File "/usr/local/lib/python3.6/dist-packages/manticore/platforms/evm.py", line 1086, in _handler
    return implementation(*arguments)
  File "/usr/local/lib/python3.6/dist-packages/manticore/platforms/evm.py", line 1637, in CALLDATACOPY
    raise ConcretizeArgument(3, policy="SAMPLED")
manticore.platforms.evm.ConcretizeArgument: 3

During handling of the above exception, another exception occurred:

Traceback (most recent call last):
  File "/usr/local/lib/python3.6/dist-packages/manticore/core/worker.py", line 121, in run
    current_state.execute()
  File "/usr/local/lib/python3.6/dist-packages/manticore/ethereum/state.py", line 6, in execute
    return self._platform.execute()
  File "/usr/local/lib/python3.6/dist-packages/manticore/platforms/evm.py", line 2684, in execute
    self.current_vm.execute()
  File "/usr/local/lib/python3.6/dist-packages/manticore/platforms/evm.py", line 1279, in execute
    policy=ex.policy,
manticore.core.state.Concretize

During handling of the above exception, another exception occurred:

Traceback (most recent call last):
  File "/usr/local/lib/python3.6/dist-packages/manticore/core/worker.py", line 142, in run
    m._fork(current_state, exc.expression, exc.policy, exc.setstate)
  File "/usr/local/lib/python3.6/dist-packages/manticore/core/manticore.py", line 332, in _fork
    solutions = state.concretize(expression, policy)
  File "/usr/local/lib/python3.6/dist-packages/manticore/core/state.py", line 251, in concretize
    m, M = self._solver.minmax(self._constraints, symbolic)
  File "/usr/local/lib/python3.6/dist-packages/manticore/core/smtlib/solver.py", line 124, in minmax
    M = self.max(constraints, x, iters)
  File "/usr/local/lib/python3.6/dist-packages/manticore/core/smtlib/solver.py", line 107, in max
    return self.optimize(constraints, X, "maximize", M)
  File "/usr/local/lib/python3.6/dist-packages/manticore/core/smtlib/solver.py", line 508, in optimize
    while self._is_sat():
  File "/usr/local/lib/python3.6/dist-packages/manticore/core/smtlib/solver.py", line 328, in _is_sat
    raise SolverError(status)
manticore.exceptions.SolverError
 
2019-08-07 02:39:14,422: [4547] m.e.detectors:WARNING: Potentially reading uninitialized memory at instruction (address: 1194793513420567361781769440984425031734003375310, offset 189)
2019-08-07 02:39:24,383: [4547] m.e.detectors:WARNING: Potentially reading uninitialized memory at instruction (address: 1194793513420567361781769440984425031734003375310, offset 190)
2019-08-07 02:39:27,983: [4547] m.e.detectors:WARNING: Potentially reading uninitialized memory at instruction (address: 1194793513420567361781769440984425031734003375310, offset 191)
2019-08-07 02:44:16,910: [4550] m.c.worker:ERROR: Exception in state 9: SolverError('',)
Traceback (most recent call last):
  File "/usr/local/lib/python3.6/dist-packages/manticore/core/worker.py", line 121, in run
    current_state.execute()
  File "/usr/local/lib/python3.6/dist-packages/manticore/ethereum/state.py", line 6, in execute
    return self._platform.execute()
  File "/usr/local/lib/python3.6/dist-packages/manticore/platforms/evm.py", line 2684, in execute
    self.current_vm.execute()
  File "/usr/local/lib/python3.6/dist-packages/manticore/platforms/evm.py", line 1210, in execute
    last_pc, last_gas, instruction, arguments, fee, allocated = self._checkpoint()
  File "/usr/local/lib/python3.6/dist-packages/manticore/platforms/evm.py", line 1109, in _checkpoint
    self._consume(fee)
  File "/usr/local/lib/python3.6/dist-packages/manticore/platforms/evm.py", line 972, in _consume
    self.constraints, constraint
  File "/usr/local/lib/python3.6/dist-packages/manticore/core/smtlib/solver.py", line 436, in get_all_values
    while self._is_sat():
  File "/usr/local/lib/python3.6/dist-packages/manticore/core/smtlib/solver.py", line 328, in _is_sat
    raise SolverError(status)
manticore.exceptions.SolverError
 
2019-08-07 02:50:20,487: [4543] m.e.detectors:WARNING: Unsigned integer overflow at MUL instruction
2019-08-07 02:52:57,514: [4547] m.e.detectors:WARNING: Potentially reading uninitialized memory at instruction (address: 1194793513420567361781769440984425031734003375310, offset 64)
2019-08-07 02:53:04,623: [4547] m.e.detectors:WARNING: Potentially reading uninitialized memory at instruction (address: 1194793513420567361781769440984425031734003375310, offset 65)
2019-08-07 02:53:08,149: [4547] m.e.detectors:WARNING: Potentially reading uninitialized memory at instruction (address: 1194793513420567361781769440984425031734003375310, offset 66)
2019-08-07 02:53:11,243: [4547] m.e.detectors:WARNING: Potentially reading uninitialized memory at instruction (address: 1194793513420567361781769440984425031734003375310, offset 67)
2019-08-07 02:53:15,807: [4547] m.e.detectors:WARNING: Potentially reading uninitialized memory at instruction (address: 1194793513420567361781769440984425031734003375310, offset 68)
2019-08-07 02:53:19,144: [4547] m.e.detectors:WARNING: Potentially reading uninitialized memory at instruction (address: 1194793513420567361781769440984425031734003375310, offset 69)
2019-08-07 02:53:23,296: [4547] m.e.detectors:WARNING: Potentially reading uninitialized memory at instruction (address: 1194793513420567361781769440984425031734003375310, offset 70)
2019-08-07 02:53:26,618: [4547] m.e.detectors:WARNING: Potentially reading uninitialized memory at instruction (address: 1194793513420567361781769440984425031734003375310, offset 71)
2019-08-07 02:53:29,510: [4547] m.e.detectors:WARNING: Potentially reading uninitialized memory at instruction (address: 1194793513420567361781769440984425031734003375310, offset 72)
2019-08-07 02:53:32,326: [4547] m.e.detectors:WARNING: Potentially reading uninitialized memory at instruction (address: 1194793513420567361781769440984425031734003375310, offset 73)
2019-08-07 02:53:35,206: [4547] m.e.detectors:WARNING: Potentially reading uninitialized memory at instruction (address: 1194793513420567361781769440984425031734003375310, offset 74)
2019-08-07 02:53:38,195: [4547] m.e.detectors:WARNING: Potentially reading uninitialized memory at instruction (address: 1194793513420567361781769440984425031734003375310, offset 75)
2019-08-07 02:53:46,803: [4547] m.e.detectors:WARNING: Potentially reading uninitialized memory at instruction (address: 1194793513420567361781769440984425031734003375310, offset 76)
2019-08-07 02:53:49,198: [4547] m.e.detectors:WARNING: Potentially reading uninitialized memory at instruction (address: 1194793513420567361781769440984425031734003375310, offset 77)
2019-08-07 02:53:52,026: [4547] m.e.detectors:WARNING: Potentially reading uninitialized memory at instruction (address: 1194793513420567361781769440984425031734003375310, offset 78)
2019-08-07 02:53:55,098: [4547] m.e.detectors:WARNING: Potentially reading uninitialized memory at instruction (address: 1194793513420567361781769440984425031734003375310, offset 79)
2019-08-07 02:53:57,492: [4547] m.e.detectors:WARNING: Potentially reading uninitialized memory at instruction (address: 1194793513420567361781769440984425031734003375310, offset 80)
2019-08-07 02:54:00,802: [4547] m.e.detectors:WARNING: Potentially reading uninitialized memory at instruction (address: 1194793513420567361781769440984425031734003375310, offset 81)
2019-08-07 02:54:04,384: [4547] m.e.detectors:WARNING: Potentially reading uninitialized memory at instruction (address: 1194793513420567361781769440984425031734003375310, offset 82)
2019-08-07 02:54:07,787: [4547] m.e.detectors:WARNING: Potentially reading uninitialized memory at instruction (address: 1194793513420567361781769440984425031734003375310, offset 83)
2019-08-07 02:54:11,915: [4547] m.e.detectors:WARNING: Potentially reading uninitialized memory at instruction (address: 1194793513420567361781769440984425031734003375310, offset 84)
2019-08-07 02:54:15,499: [4547] m.e.detectors:WARNING: Potentially reading uninitialized memory at instruction (address: 1194793513420567361781769440984425031734003375310, offset 85)
2019-08-07 02:54:18,610: [4543] m.e.detectors:WARNING: Unsigned integer overflow at MUL instruction
2019-08-07 02:54:19,030: [4547] m.e.detectors:WARNING: Potentially reading uninitialized memory at instruction (address: 1194793513420567361781769440984425031734003375310, offset 86)
2019-08-07 02:54:22,174: [4547] m.e.detectors:WARNING: Potentially reading uninitialized memory at instruction (address: 1194793513420567361781769440984425031734003375310, offset 87)
2019-08-07 02:54:25,903: [4547] m.e.detectors:WARNING: Potentially reading uninitialized memory at instruction (address: 1194793513420567361781769440984425031734003375310, offset 88)
2019-08-07 02:54:34,743: [4547] m.e.detectors:WARNING: Potentially reading uninitialized memory at instruction (address: 1194793513420567361781769440984425031734003375310, offset 89)
2019-08-07 02:54:43,983: [4547] m.e.detectors:WARNING: Potentially reading uninitialized memory at instruction (address: 1194793513420567361781769440984425031734003375310, offset 90)
2019-08-07 02:54:44,920: [4537] m.c.worker:ERROR: Exception in state 1: SolverError('',)
Traceback (most recent call last):
  File "/usr/local/lib/python3.6/dist-packages/manticore/core/worker.py", line 121, in run
    current_state.execute()
  File "/usr/local/lib/python3.6/dist-packages/manticore/ethereum/state.py", line 6, in execute
    return self._platform.execute()
  File "/usr/local/lib/python3.6/dist-packages/manticore/platforms/evm.py", line 2684, in execute
    self.current_vm.execute()
  File "/usr/local/lib/python3.6/dist-packages/manticore/platforms/evm.py", line 1210, in execute
    last_pc, last_gas, instruction, arguments, fee, allocated = self._checkpoint()
  File "/usr/local/lib/python3.6/dist-packages/manticore/platforms/evm.py", line 1109, in _checkpoint
    self._consume(fee)
  File "/usr/local/lib/python3.6/dist-packages/manticore/platforms/evm.py", line 972, in _consume
    self.constraints, constraint
  File "/usr/local/lib/python3.6/dist-packages/manticore/core/smtlib/solver.py", line 436, in get_all_values
    while self._is_sat():
  File "/usr/local/lib/python3.6/dist-packages/manticore/core/smtlib/solver.py", line 328, in _is_sat
    raise SolverError(status)
manticore.exceptions.SolverError
 
2019-08-07 02:54:46,989: [4547] m.e.detectors:WARNING: Potentially reading uninitialized memory at instruction (address: 1194793513420567361781769440984425031734003375310, offset 91)
2019-08-07 02:54:50,599: [4547] m.e.detectors:WARNING: Potentially reading uninitialized memory at instruction (address: 1194793513420567361781769440984425031734003375310, offset 92)
2019-08-07 02:54:53,295: [4547] m.e.detectors:WARNING: Potentially reading uninitialized memory at instruction (address: 1194793513420567361781769440984425031734003375310, offset 93)
2019-08-07 02:54:56,086: [4547] m.e.detectors:WARNING: Potentially reading uninitialized memory at instruction (address: 1194793513420567361781769440984425031734003375310, offset 94)
2019-08-07 02:54:58,491: [4547] m.e.detectors:WARNING: Potentially reading uninitialized memory at instruction (address: 1194793513420567361781769440984425031734003375310, offset 95)