2019-07-25 19:33:44,543: [12] m.main:INFO: Registered plugins: DetectDelegatecall, DetectUnusedRetVal, DetectReentrancySimple, DetectInvalid, DetectExternalCallAndLeak, DetectSuicidal, DetectUninitializedStorage, DetectIntegerOverflow, DetectEnvInstruction, DetectReentrancyAdvanced, DetectUninitializedMemory
2019-07-25 19:33:44,543: [12] m.main:INFO: Beginning analysis
2019-07-25 19:33:44,605: [12] m.e.manticore:INFO: Starting symbolic create contract
2019-07-25 19:33:46,805: [12] m.e.manticore:INFO: Starting symbolic transaction: 0
2019-07-25 19:34:30,045: [309] m.e.detectors:WARNING: Unsigned integer overflow at MUL instruction
2019-07-25 19:34:30,437: [12] m.e.manticore:INFO: 5 alive states, 10 terminated states
2019-07-25 19:34:33,627: [12] m.e.manticore:INFO: Starting symbolic transaction: 1
2019-07-25 19:39:21,221: [1665] m.e.detectors:WARNING: Unsigned integer overflow at MUL instruction
2019-07-25 19:40:17,624: [1663] m.e.detectors:WARNING: Unsigned integer overflow at MUL instruction
2019-07-25 19:40:34,524: [1671] m.e.detectors:WARNING: Unsigned integer overflow at MUL instruction
2019-07-25 19:41:29,227: [1664] m.e.detectors:WARNING: Unsigned integer overflow at MUL instruction
2019-07-25 19:41:34,383: [12] m.e.manticore:INFO: 25 alive states, 60 terminated states
2019-07-25 19:41:40,623: [7539] m.c.manticore:INFO: Generated testcase No. 0 - RETURN(3 txs)
2019-07-25 19:41:40,668: [7540] m.c.manticore:INFO: Generated testcase No. 1 - RETURN(3 txs)
2019-07-25 19:41:40,762: [7548] m.c.manticore:INFO: Generated testcase No. 2 - RETURN(3 txs)
2019-07-25 19:41:40,789: [7552] m.c.manticore:INFO: Generated testcase No. 3 - RETURN(3 txs)
2019-07-25 19:41:40,803: [7556] m.c.manticore:INFO: Generated testcase No. 5 - RETURN(3 txs)
2019-07-25 19:41:40,799: [7551] m.c.manticore:INFO: Generated testcase No. 4 - RETURN(3 txs)
2019-07-25 19:41:40,979: [7543] m.c.manticore:INFO: Generated testcase No. 6 - RETURN(3 txs)
2019-07-25 19:41:40,989: [7542] m.c.manticore:INFO: Generated testcase No. 7 - RETURN(3 txs)
2019-07-25 19:41:41,121: [7559] m.c.manticore:INFO: Generated testcase No. 8 - RETURN(3 txs)
2019-07-25 19:41:41,195: [7565] m.c.manticore:INFO: Generated testcase No. 9 - RETURN(3 txs)
2019-07-25 19:42:21,588: [7565] m.c.manticore:INFO: Generated testcase No. 10 - RETURN(3 txs)
2019-07-25 19:42:23,165: [7543] m.c.manticore:INFO: Generated testcase No. 11 - RETURN(3 txs)
2019-07-25 19:42:24,989: [7556] m.c.manticore:INFO: Generated testcase No. 12 - RETURN(3 txs)
2019-07-25 19:42:35,883: [7542] m.c.manticore:INFO: Generated testcase No. 13 - RETURN(3 txs)
2019-07-25 19:43:18,268: [7565] m.c.manticore:INFO: Generated testcase No. 14 - RETURN(3 txs)
2019-07-25 19:43:20,500: [7556] m.c.manticore:INFO: Generated testcase No. 15 - RETURN(3 txs)
2019-07-25 19:43:33,500: [7542] m.c.manticore:INFO: Generated testcase No. 16 - RETURN(3 txs)
2019-07-25 19:43:50,605: [7543] m.c.manticore:INFO: Generated testcase No. 17 - RETURN(3 txs)
2019-07-25 19:44:24,618: [7542] m.c.manticore:INFO: Generated testcase No. 18 - RETURN(3 txs)
2019-07-25 19:44:45,525: [7543] m.c.manticore:INFO: Generated testcase No. 19 - RETURN(3 txs)
2019-07-25 19:45:16,887: [7542] m.c.manticore:INFO: Generated testcase No. 20 - RETURN(3 txs)
2019-07-25 19:45:49,329: [7543] m.c.manticore:INFO: Generated testcase No. 21 - RETURN(3 txs)
Process Process-37:
Traceback (most recent call last):
  File "/usr/lib/python3.6/multiprocessing/process.py", line 258, in _bootstrap
    self.run()
  File "/usr/lib/python3.6/multiprocessing/process.py", line 93, in run
    self._target(*self._args, **self._kwargs)
  File "/usr/local/lib/python3.6/dist-packages/manticore/ethereum/manticore.py", line 1656, in worker_finalize
    finalizer(q.get_nowait())
  File "/usr/local/lib/python3.6/dist-packages/manticore/ethereum/manticore.py", line 1651, in finalizer
    self.generate_testcase(st, message=message)
  File "/usr/local/lib/python3.6/dist-packages/manticore/ethereum/manticore.py", line 1539, in generate_testcase
    is_something_symbolic = state.platform.dump(stream, state, self, message)
  File "/usr/local/lib/python3.6/dist-packages/manticore/platforms/evm.py", line 2972, in dump
    balance = state.solve_one(balance)
  File "/usr/local/lib/python3.6/dist-packages/manticore/core/state.py", line 320, in solve_one
    value = self._solver.get_value(self._constraints, expr)
  File "/usr/local/lib/python3.6/dist-packages/manticore/core/smtlib/solver.py", line 557, in get_value
    raise SolverError("Model is not available")
manticore.exceptions.SolverError: Model is not available
2019-07-25 19:46:35,504: [7543] m.c.manticore:INFO: Generated testcase No. 22 - RETURN(3 txs)
2019-07-25 19:47:21,299: [7543] m.c.manticore:INFO: Generated testcase No. 23 - RETURN(3 txs)
2019-07-25 19:47:33,198: [7540] m.c.manticore:INFO: Generated testcase No. 24 - RETURN(3 txs)
2019-07-25 19:47:46,497: [7548] m.c.manticore:INFO: Generated testcase No. 25 - RETURN(1 txs)
2019-07-25 19:47:52,385: [7552] m.c.manticore:INFO: Generated testcase No. 26 - REVERT(2 txs)
2019-07-25 19:48:02,111: [7543] m.c.manticore:INFO: Generated testcase No. 27 - REVERT(2 txs)
2019-07-25 19:48:02,983: [7548] m.c.manticore:INFO: Generated testcase No. 28 - REVERT(2 txs)
2019-07-25 19:48:07,597: [7540] m.c.manticore:INFO: Generated testcase No. 29 - REVERT(2 txs)
2019-07-25 19:48:14,688: [7552] m.c.manticore:INFO: Generated testcase No. 30 - REVERT(2 txs)
2019-07-25 19:48:27,785: [7548] m.c.manticore:INFO: Generated testcase No. 31 - REVERT(2 txs)
2019-07-25 19:48:32,317: [7540] m.c.manticore:INFO: Generated testcase No. 32 - REVERT(2 txs)
2019-07-25 19:48:33,079: [7543] m.c.manticore:INFO: Generated testcase No. 33 - REVERT(2 txs)
2019-07-25 19:48:42,714: [7552] m.c.manticore:INFO: Generated testcase No. 34 - REVERT(2 txs)
2019-07-25 19:48:54,564: [7540] m.c.manticore:INFO: Generated testcase No. 35 - RETURN(2 txs)
2019-07-25 19:48:54,795: [7565] m.c.manticore:INFO: Generated testcase No. 36 - RETURN(2 txs)
2019-07-25 19:48:55,077: [7548] m.c.manticore:INFO: Generated testcase No. 37 - RETURN(2 txs)
2019-07-25 19:49:05,425: [7543] m.c.manticore:INFO: Generated testcase No. 38 - RETURN(2 txs)
2019-07-25 19:49:17,889: [7540] m.c.manticore:INFO: Generated testcase No. 39 - RETURN(2 txs)
2019-07-25 19:49:22,290: [7565] m.c.manticore:INFO: Generated testcase No. 40 - REVERT(3 txs)
2019-07-25 19:49:26,458: [7548] m.c.manticore:INFO: Generated testcase No. 41 - REVERT(3 txs)
2019-07-25 19:49:41,616: [7543] m.c.manticore:INFO: Generated testcase No. 42 - REVERT(3 txs)
2019-07-25 19:50:06,075: [7548] m.c.manticore:INFO: Generated testcase No. 43 - REVERT(3 txs)
2019-07-25 19:50:06,486: [7556] m.c.manticore:INFO: Generated testcase No. 44 - REVERT(3 txs)
2019-07-25 19:50:08,207: [7565] m.c.manticore:INFO: Generated testcase No. 45 - REVERT(3 txs)
2019-07-25 19:50:44,101: [7542] m.c.manticore:INFO: Generated testcase No. 46 - REVERT(3 txs)
2019-07-25 19:50:44,713: [7548] m.c.manticore:INFO: Generated testcase No. 47 - REVERT(3 txs)
2019-07-25 19:50:47,158: [7565] m.c.manticore:INFO: Generated testcase No. 48 - REVERT(3 txs)
2019-07-25 19:50:50,631: [7556] m.c.manticore:INFO: Generated testcase No. 49 - REVERT(3 txs)
2019-07-25 19:51:23,923: [7556] m.c.manticore:INFO: Generated testcase No. 50 - REVERT(3 txs)
2019-07-25 19:51:26,103: [7565] m.c.manticore:INFO: Generated testcase No. 51 - REVERT(3 txs)
2019-07-25 19:51:29,156: [7548] m.c.manticore:INFO: Generated testcase No. 52 - REVERT(3 txs)
2019-07-25 19:52:03,568: [7556] m.c.manticore:INFO: Generated testcase No. 53 - REVERT(3 txs)
2019-07-25 19:52:10,374: [7548] m.c.manticore:INFO: Generated testcase No. 54 - REVERT(3 txs)
2019-07-25 19:52:48,014: [7548] m.c.manticore:INFO: Generated testcase No. 55 - REVERT(3 txs)
2019-07-25 19:52:53,770: [7539] m.c.manticore:INFO: Generated testcase No. 56 - REVERT(3 txs)
2019-07-25 19:53:02,103: [7540] m.c.manticore:INFO: Generated testcase No. 57 - REVERT(3 txs)
2019-07-25 19:53:25,628: [7548] m.c.manticore:INFO: Generated testcase No. 58 - REVERT(3 txs)
2019-07-25 19:53:28,012: [7539] m.c.manticore:INFO: Generated testcase No. 59 - REVERT(3 txs)
2019-07-25 19:53:36,089: [7540] m.c.manticore:INFO: Generated testcase No. 60 - REVERT(3 txs)
2019-07-25 19:54:03,047: [7539] m.c.manticore:INFO: Generated testcase No. 61 - REVERT(3 txs)
2019-07-25 19:54:03,826: [7548] m.c.manticore:INFO: Generated testcase No. 62 - REVERT(3 txs)
2019-07-25 19:54:35,064: [7543] m.c.manticore:INFO: Generated testcase No. 63 - REVERT(3 txs)
2019-07-25 19:54:45,471: [7539] m.c.manticore:INFO: Generated testcase No. 64 - REVERT(3 txs)
2019-07-25 19:54:47,810: [7548] m.c.manticore:INFO: Generated testcase No. 65 - REVERT(3 txs)
2019-07-25 19:55:23,000: [7543] m.c.manticore:INFO: Generated testcase No. 66 - REVERT(3 txs)
2019-07-25 19:55:24,977: [7548] m.c.manticore:INFO: Generated testcase No. 67 - REVERT(3 txs)
2019-07-25 19:55:30,683: [7539] m.c.manticore:INFO: Generated testcase No. 68 - REVERT(3 txs)
2019-07-25 19:55:37,717: [7542] m.c.manticore:INFO: Generated testcase No. 69 - REVERT(3 txs)
2019-07-25 19:55:46,658: [7559] m.c.manticore:INFO: Generated testcase No. 70 - REVERT(3 txs)
2019-07-25 19:55:57,272: [7565] m.c.manticore:INFO: Generated testcase No. 71 - REVERT(3 txs)
2019-07-25 19:56:00,560: [7543] m.c.manticore:INFO: Generated testcase No. 72 - REVERT(3 txs)
2019-07-25 19:56:03,314: [7548] m.c.manticore:INFO: Generated testcase No. 73 - REVERT(3 txs)
2019-07-25 19:56:06,315: [7542] m.c.manticore:INFO: Generated testcase No. 74 - REVERT(3 txs)
2019-07-25 19:56:08,809: [7539] m.c.manticore:INFO: Generated testcase No. 75 - REVERT(3 txs)
2019-07-25 19:56:31,203: [7565] m.c.manticore:INFO: Generated testcase No. 76 - REVERT(3 txs)
2019-07-25 19:56:31,377: [7552] m.c.manticore:INFO: Generated testcase No. 77 - REVERT(3 txs)
2019-07-25 19:56:32,195: [7559] m.c.manticore:INFO: Generated testcase No. 78 - REVERT(3 txs)
2019-07-25 19:56:40,118: [7556] m.c.manticore:INFO: Generated testcase No. 79 - REVERT(3 txs)
2019-07-25 19:56:47,701: [7543] m.c.manticore:INFO: Generated testcase No. 80 - REVERT(3 txs)
2019-07-25 19:56:49,014: [7539] m.c.manticore:INFO: Generated testcase No. 81 - REVERT(3 txs)
2019-07-25 19:57:16,535: [7565] m.c.manticore:INFO: Generated testcase No. 82 - REVERT(3 txs)
2019-07-25 19:57:23,199: [7552] m.c.manticore:INFO: Generated testcase No. 83 - REVERT(3 txs)
2019-07-25 19:57:28,692: [7559] m.c.manticore:INFO: Generated testcase No. 84 - REVERT(3 txs)