INFO:Slither:Compilation warnings/errors on /unique_chucks/4/0x0663210a18dfdc62688b14c4ec10a1df8912e28c.sol:
/unique_chucks/4/0x0663210a18dfdc62688b14c4ec10a1df8912e28c.sol:167:3: Warning: Defining constructors as functions with the same name as the contract is deprecated. Use "constructor(...) { ... }" instead.
  function ETLToken() public {
  ^ (Relevant source part starts here and spans across multiple lines).

INFO:Detectors:[92m
ETLToken.INITIAL_SUPPLY should be constant (/unique_chucks/4/0x0663210a18dfdc62688b14c4ec10a1df8912e28c.sol#169-172)
ETLToken.decimals should be constant (/unique_chucks/4/0x0663210a18dfdc62688b14c4ec10a1df8912e28c.sol#168-169)
ETLToken.name should be constant (/unique_chucks/4/0x0663210a18dfdc62688b14c4ec10a1df8912e28c.sol#166-167)
ETLToken.symbol should be constant (/unique_chucks/4/0x0663210a18dfdc62688b14c4ec10a1df8912e28c.sol#167-168)
Reference: https://github.com/trailofbits/slither/wiki/Detectors-Documentation#state-variables-that-could-be-declared-constant[0m
INFO:Detectors:[92m
BasicToken.totalSupply (/unique_chucks/4/0x0663210a18dfdc62688b14c4ec10a1df8912e28c.sol#64-69) should be declared external
ERC20Basic.totalSupply (/unique_chucks/4/0x0663210a18dfdc62688b14c4ec10a1df8912e28c.sol#51-52) should be declared external
ERC20Basic.balanceOf (/unique_chucks/4/0x0663210a18dfdc62688b14c4ec10a1df8912e28c.sol#52-53) should be declared external
BasicToken.balanceOf (/unique_chucks/4/0x0663210a18dfdc62688b14c4ec10a1df8912e28c.sol#89-94) should be declared external
ERC20Basic.transfer (/unique_chucks/4/0x0663210a18dfdc62688b14c4ec10a1df8912e28c.sol#53-54) should be declared external
BasicToken.transfer (/unique_chucks/4/0x0663210a18dfdc62688b14c4ec10a1df8912e28c.sol#74-85) should be declared external
ERC20.allowance (/unique_chucks/4/0x0663210a18dfdc62688b14c4ec10a1df8912e28c.sol#95-96) should be declared external
StandardToken.allowance (/unique_chucks/4/0x0663210a18dfdc62688b14c4ec10a1df8912e28c.sol#159-164) should be declared external
ERC20.transferFrom (/unique_chucks/4/0x0663210a18dfdc62688b14c4ec10a1df8912e28c.sol#96-99) should be declared external
StandardToken.transferFrom (/unique_chucks/4/0x0663210a18dfdc62688b14c4ec10a1df8912e28c.sol#126-140) should be declared external
StandardToken.approve (/unique_chucks/4/0x0663210a18dfdc62688b14c4ec10a1df8912e28c.sol#148-150) should be declared external
ERC20.approve (/unique_chucks/4/0x0663210a18dfdc62688b14c4ec10a1df8912e28c.sol#99-101) should be declared external
BurnableToken.burn (/unique_chucks/4/0x0663210a18dfdc62688b14c4ec10a1df8912e28c.sol#109-124) should be declared external
Reference: https://github.com/trailofbits/slither/wiki/Detectors-Documentation#public-function-that-could-be-declared-as-external[0m
INFO:Detectors:[92m
Detected issues with version pragma in /unique_chucks/4/0x0663210a18dfdc62688b14c4ec10a1df8912e28c.sol:
	- pragma solidity^0.4.21 (/unique_chucks/4/0x0663210a18dfdc62688b14c4ec10a1df8912e28c.sol#1): it allows old versions
Reference: https://github.com/trailofbits/slither/wiki/Detectors-Documentation#incorrect-version-of-solidity[0m
INFO:Detectors:[92m
Parameter '_owner' of BasicToken.balanceOf (/unique_chucks/4/0x0663210a18dfdc62688b14c4ec10a1df8912e28c.sol#90-93) is not in mixedCase
Parameter '_to' of BasicToken.transfer (/unique_chucks/4/0x0663210a18dfdc62688b14c4ec10a1df8912e28c.sol#74) is not in mixedCase
Parameter '_value' of BasicToken.transfer (/unique_chucks/4/0x0663210a18dfdc62688b14c4ec10a1df8912e28c.sol#74-75) is not in mixedCase
Parameter '_value' of BurnableToken.burn (/unique_chucks/4/0x0663210a18dfdc62688b14c4ec10a1df8912e28c.sol#109) is not in mixedCase
Parameter '_owner' of StandardToken.allowance (/unique_chucks/4/0x0663210a18dfdc62688b14c4ec10a1df8912e28c.sol#161) is not in mixedCase
Parameter '_spender' of StandardToken.allowance (/unique_chucks/4/0x0663210a18dfdc62688b14c4ec10a1df8912e28c.sol#161-162) is not in mixedCase
Parameter '_from' of StandardToken.transferFrom (/unique_chucks/4/0x0663210a18dfdc62688b14c4ec10a1df8912e28c.sol#127) is not in mixedCase
Parameter '_to' of StandardToken.transferFrom (/unique_chucks/4/0x0663210a18dfdc62688b14c4ec10a1df8912e28c.sol#127) is not in mixedCase
Parameter '_value' of StandardToken.transferFrom (/unique_chucks/4/0x0663210a18dfdc62688b14c4ec10a1df8912e28c.sol#127-128) is not in mixedCase
Parameter '_spender' of StandardToken.approve (/unique_chucks/4/0x0663210a18dfdc62688b14c4ec10a1df8912e28c.sol#149) is not in mixedCase
Parameter '_value' of StandardToken.approve (/unique_chucks/4/0x0663210a18dfdc62688b14c4ec10a1df8912e28c.sol#149) is not in mixedCase
Function 'ETLToken.ETLToken' (/unique_chucks/4/0x0663210a18dfdc62688b14c4ec10a1df8912e28c.sol) is not in mixedCase
Variable 'ETLToken.INITIAL_SUPPLY' (/unique_chucks/4/0x0663210a18dfdc62688b14c4ec10a1df8912e28c.sol#169-172) is not in mixedCase
Reference: https://github.com/trailofbits/slither/wiki/Detectors-Documentation#conformance-to-solidity-naming-conventions[0m
INFO:Slither:/unique_chucks/4/0x0663210a18dfdc62688b14c4ec10a1df8912e28c.sol analyzed (7 contracts), 28 result(s) found