INFO:Slither:Compilation warnings/errors on /unique_chucks/10/0xf14f06e227c015b398b8069314f4b8d1d7022c9e.sol:
/unique_chucks/10/0xf14f06e227c015b398b8069314f4b8d1d7022c9e.sol:43:3: Warning: Defining constructors as functions with the same name as the contract is deprecated. Use "constructor(...) { ... }" instead.
  function Ownable() public {
  ^ (Relevant source part starts here and spans across multiple lines).
/unique_chucks/10/0xf14f06e227c015b398b8069314f4b8d1d7022c9e.sol:883:5: Warning: Defining constructors as functions with the same name as the contract is deprecated. Use "constructor(...) { ... }" instead.
    function WyvernExchange (ProxyRegistry registryAddress, ERC20 tokenAddress) public {
    ^ (Relevant source part starts here and spans across multiple lines).
/unique_chucks/10/0xf14f06e227c015b398b8069314f4b8d1d7022c9e.sol:987:5: Warning: Defining constructors as functions with the same name as the contract is deprecated. Use "constructor(...) { ... }" instead.
    function AuthenticatedProxy(address addrUser, ProxyRegistry addrRegistry) public {
    ^ (Relevant source part starts here and spans across multiple lines).
/unique_chucks/10/0xf14f06e227c015b398b8069314f4b8d1d7022c9e.sol:63:5: Warning: Invoking events without "emit" prefix is deprecated.
    OwnershipTransferred(owner, newOwner);
    ^-----------------------------------^
/unique_chucks/10/0xf14f06e227c015b398b8069314f4b8d1d7022c9e.sol:166:9: Warning: Invoking events without "emit" prefix is deprecated.
        ReceivedTokens(from, value, token, extraData);
        ^-------------------------------------------^
/unique_chucks/10/0xf14f06e227c015b398b8069314f4b8d1d7022c9e.sol:173:9: Warning: Invoking events without "emit" prefix is deprecated.
        ReceivedEther(msg.sender, msg.value);
        ^----------------------------------^
/unique_chucks/10/0xf14f06e227c015b398b8069314f4b8d1d7022c9e.sol:299:16: Warning: This function only accepts a single "bytes" argument. Please use "abi.encodePacked(...)" or a similar function to encode the data.
        return keccak256(order.exchange, order.mak ... calldata, order.replacementPattern);
               ^-------------------------------------------------------------------------^
/unique_chucks/10/0xf14f06e227c015b398b8069314f4b8d1d7022c9e.sol:312:16: Warning: This function only accepts a single "bytes" argument. Please use "abi.encodePacked(...)" or a similar function to encode the data.
        return keccak256(order.staticTarget, order ... , order.expirationTime, order.salt);
               ^-------------------------------------------------------------------------^
/unique_chucks/10/0xf14f06e227c015b398b8069314f4b8d1d7022c9e.sol:326:24: Warning: This function only accepts a single "bytes" argument. Please use "abi.encodePacked(...)" or a similar function to encode the data.
        bytes32 hash = keccak256(prefix, hashOrderPartOne(order), hashOrderPartTwo(order));
                       ^-----------------------------------------------------------------^
/unique_chucks/10/0xf14f06e227c015b398b8069314f4b8d1d7022c9e.sol:418:13: Warning: Invoking events without "emit" prefix is deprecated.
            OrderApprovedPartOne(hash, order.ex ... t, order.howToCall, order.calldata);
            ^-------------------------------------------------------------------------^
/unique_chucks/10/0xf14f06e227c015b398b8069314f4b8d1d7022c9e.sol:421:13: Warning: Invoking events without "emit" prefix is deprecated.
            OrderApprovedPartTwo(hash, order.re ... er.salt, orderbookInclusionDesired);
            ^-------------------------------------------------------------------------^
/unique_chucks/10/0xf14f06e227c015b398b8069314f4b8d1d7022c9e.sol:447:9: Warning: Invoking events without "emit" prefix is deprecated.
        OrderCancelled(hash);
        ^------------------^
/unique_chucks/10/0xf14f06e227c015b398b8069314f4b8d1d7022c9e.sol:636:9: Warning: Invoking events without "emit" prefix is deprecated.
        OrdersMatched(buyHash, sellHash, se ... aker : sell.maker, price, metadata);
        ^-------------------------------------------------------------------------^
/unique_chucks/10/0xf14f06e227c015b398b8069314f4b8d1d7022c9e.sol:1003:9: Warning: Invoking events without "emit" prefix is deprecated.
        Revoked(revoke);
        ^-------------^

INFO:Detectors:[91m
AuthenticatedProxy.proxy (/unique_chucks/10/0xf14f06e227c015b398b8069314f4b8d1d7022c9e.sol#1047-1056) uses delegatecall to a input-controlled function id
	result = dest.delegatecall(calldata) (/unique_chucks/10/0xf14f06e227c015b398b8069314f4b8d1d7022c9e.sol#1056)
Reference: https://github.com/trailofbits/slither/wiki/Detectors-Documentation#controlled-delegatecall[0m
INFO:Detectors:[93m
ExchangeCore.staticCall (/unique_chucks/10/0xf14f06e227c015b398b8069314f4b8d1d7022c9e.sol#277-299) is declared view but contains assembly code
Reference: https://github.com/trailofbits/slither/wiki/Detectors-Documentation#constant-functions-changing-the-state[0m
INFO:Detectors:[93m
ProxyRegistry.startGrantAuthentication (/unique_chucks/10/0xf14f06e227c015b398b8069314f4b8d1d7022c9e.sol#1107-1112) uses a dangerous strict equality:
	- require(bool)(! contracts[addr] && pending[addr] == 0)
Reference: https://github.com/trailofbits/slither/wiki/Detectors-Documentation#dangerous-strict-equalities[0m
INFO:Detectors:[93m
Reentrancy in ExchangeCore.atomicMatch (/unique_chucks/10/0xf14f06e227c015b398b8069314f4b8d1d7022c9e.sol#586-660):
	External calls:
	- proxy = registry.proxies(sell.maker) (/unique_chucks/10/0xf14f06e227c015b398b8069314f4b8d1d7022c9e.sol#623-625)
	State variables written after the call(s):
	- cancelledOrFinalized (/unique_chucks/10/0xf14f06e227c015b398b8069314f4b8d1d7022c9e.sol#627-628)
	- cancelledOrFinalized (/unique_chucks/10/0xf14f06e227c015b398b8069314f4b8d1d7022c9e.sol#630)
Reference: https://github.com/trailofbits/slither/wiki/Detectors-Documentation#reentrancy-vulnerabilities-1[0m
INFO:Detectors:[92m
ExchangeCore.staticCall uses assembly (/unique_chucks/10/0xf14f06e227c015b398b8069314f4b8d1d7022c9e.sol#277-299)
	- /unique_chucks/10/0xf14f06e227c015b398b8069314f4b8d1d7022c9e.sol#293-299
ExchangeCore.atomicMatch uses assembly (/unique_chucks/10/0xf14f06e227c015b398b8069314f4b8d1d7022c9e.sol#586-660)
	- /unique_chucks/10/0xf14f06e227c015b398b8069314f4b8d1d7022c9e.sol#603-604
Reference: https://github.com/trailofbits/slither/wiki/Detectors-Documentation#assembly-usage[0m
INFO:Detectors:[92m
ERC20Basic.totalSupply should be constant (/unique_chucks/10/0xf14f06e227c015b398b8069314f4b8d1d7022c9e.sol#71-72)
ProxyRegistry.DELAY_PERIOD should be constant (/unique_chucks/10/0xf14f06e227c015b398b8069314f4b8d1d7022c9e.sol#1095-1097)
Reference: https://github.com/trailofbits/slither/wiki/Detectors-Documentation#state-variables-that-could-be-declared-constant[0m
INFO:Detectors:[92m
Ownable.transferOwnership (/unique_chucks/10/0xf14f06e227c015b398b8069314f4b8d1d7022c9e.sol#61-71) should be declared external
ERC20Basic.balanceOf (/unique_chucks/10/0xf14f06e227c015b398b8069314f4b8d1d7022c9e.sol#72) should be declared external
ERC20Basic.transfer (/unique_chucks/10/0xf14f06e227c015b398b8069314f4b8d1d7022c9e.sol#73) should be declared external
ERC20.allowance (/unique_chucks/10/0xf14f06e227c015b398b8069314f4b8d1d7022c9e.sol#77-78) should be declared external
ERC20.transferFrom (/unique_chucks/10/0xf14f06e227c015b398b8069314f4b8d1d7022c9e.sol#78-80) should be declared external
ERC20.approve (/unique_chucks/10/0xf14f06e227c015b398b8069314f4b8d1d7022c9e.sol#80) should be declared external
TokenRecipient.receiveApproval (/unique_chucks/10/0xf14f06e227c015b398b8069314f4b8d1d7022c9e.sol#165-177) should be declared external
TokenRecipient.fallback (/unique_chucks/10/0xf14f06e227c015b398b8069314f4b8d1d7022c9e.sol#179-183) should be declared external
Exchange.guardedArrayReplace (/unique_chucks/10/0xf14f06e227c015b398b8069314f4b8d1d7022c9e.sol#663-672) should be declared external
Exchange.calculateFinalPrice (/unique_chucks/10/0xf14f06e227c015b398b8069314f4b8d1d7022c9e.sol#674-683) should be declared external
Exchange.hashOrder_ (/unique_chucks/10/0xf14f06e227c015b398b8069314f4b8d1d7022c9e.sol#688-706) should be declared external
Exchange.validateOrder_ (/unique_chucks/10/0xf14f06e227c015b398b8069314f4b8d1d7022c9e.sol#707-729) should be declared external
Exchange.approveOrder_ (/unique_chucks/10/0xf14f06e227c015b398b8069314f4b8d1d7022c9e.sol#734-752) should be declared external
Exchange.cancelOrder_ (/unique_chucks/10/0xf14f06e227c015b398b8069314f4b8d1d7022c9e.sol#758-774) should be declared external
Exchange.calculateCurrentPrice_ (/unique_chucks/10/0xf14f06e227c015b398b8069314f4b8d1d7022c9e.sol#780-795) should be declared external
Exchange.ordersCanMatch_ (/unique_chucks/10/0xf14f06e227c015b398b8069314f4b8d1d7022c9e.sol#796-818) should be declared external
Exchange.orderCalldataCanMatch (/unique_chucks/10/0xf14f06e227c015b398b8069314f4b8d1d7022c9e.sol#831-838) should be declared external
Exchange.calculateMatchPrice_ (/unique_chucks/10/0xf14f06e227c015b398b8069314f4b8d1d7022c9e.sol#839-864) should be declared external
Exchange.atomicMatch_ (/unique_chucks/10/0xf14f06e227c015b398b8069314f4b8d1d7022c9e.sol#866-902) should be declared external
AuthenticatedProxy.setRevoke (/unique_chucks/10/0xf14f06e227c015b398b8069314f4b8d1d7022c9e.sol#1028-1032) should be declared external
AuthenticatedProxy.proxyAssert (/unique_chucks/10/0xf14f06e227c015b398b8069314f4b8d1d7022c9e.sol#1058-1063) should be declared external
ProxyRegistry.startGrantAuthentication (/unique_chucks/10/0xf14f06e227c015b398b8069314f4b8d1d7022c9e.sol#1107-1112) should be declared external
ProxyRegistry.endGrantAuthentication (/unique_chucks/10/0xf14f06e227c015b398b8069314f4b8d1d7022c9e.sol) should be declared external
ProxyRegistry.revokeAuthentication (/unique_chucks/10/0xf14f06e227c015b398b8069314f4b8d1d7022c9e.sol) should be declared external
ProxyRegistry.registerProxy (/unique_chucks/10/0xf14f06e227c015b398b8069314f4b8d1d7022c9e.sol) should be declared external
Reference: https://github.com/trailofbits/slither/wiki/Detectors-Documentation#public-function-that-could-be-declared-as-external[0m
INFO:Detectors:[92m
Detected issues with version pragma in /unique_chucks/10/0xf14f06e227c015b398b8069314f4b8d1d7022c9e.sol:
	- pragma solidity^0.4.13 (/unique_chucks/10/0xf14f06e227c015b398b8069314f4b8d1d7022c9e.sol#1): it allows old versions
Reference: https://github.com/trailofbits/slither/wiki/Detectors-Documentation#incorrect-version-of-solidity[0m
INFO:Detectors:[92m
Low level call in AuthenticatedProxy.proxy (/unique_chucks/10/0xf14f06e227c015b398b8069314f4b8d1d7022c9e.sol#1047-1056):
	-result = dest.call(calldata) /unique_chucks/10/0xf14f06e227c015b398b8069314f4b8d1d7022c9e.sol#1056
	-result = dest.delegatecall(calldata) /unique_chucks/10/0xf14f06e227c015b398b8069314f4b8d1d7022c9e.sol#1056
Reference: https://github.com/trailofbits/slither/wiki/Detectors-Documentation#low-level-calls[0m
INFO:Detectors:[92m
Function 'Ownable.Ownable' (/unique_chucks/10/0xf14f06e227c015b398b8069314f4b8d1d7022c9e.sol#44-49) is not in mixedCase
Function 'WyvernExchange.WyvernExchange' (/unique_chucks/10/0xf14f06e227c015b398b8069314f4b8d1d7022c9e.sol#913-920) is not in mixedCase
Function 'AuthenticatedProxy.AuthenticatedProxy' (/unique_chucks/10/0xf14f06e227c015b398b8069314f4b8d1d7022c9e.sol#1017-1020) is not in mixedCase
Variable 'ProxyRegistry.DELAY_PERIOD' (/unique_chucks/10/0xf14f06e227c015b398b8069314f4b8d1d7022c9e.sol#1095-1097) is not in mixedCase
Reference: https://github.com/trailofbits/slither/wiki/Detectors-Documentation#conformance-to-solidity-naming-conventions[0m
INFO:Slither:/unique_chucks/10/0xf14f06e227c015b398b8069314f4b8d1d7022c9e.sol analyzed (13 contracts), 38 result(s) found