INFO:Slither:Compilation warnings/errors on /unique_chucks/33/0x664ae9be65f1977f0eca5ece98e291d59d9ec9a8.sol:
/unique_chucks/33/0x664ae9be65f1977f0eca5ece98e291d59d9ec9a8.sol:105:5: Warning: Use of the "var" keyword is deprecated.
    var _allowance = allowed[_from][msg.sender];
    ^------------^
/unique_chucks/33/0x664ae9be65f1977f0eca5ece98e291d59d9ec9a8.sol:153:3: Warning: Defining constructors as functions with the same name as the contract is deprecated. Use "constructor(...) { ... }" instead.
  function Ownable() {
  ^ (Relevant source part starts here and spans across multiple lines).
/unique_chucks/33/0x664ae9be65f1977f0eca5ece98e291d59d9ec9a8.sol:195:3: Warning: Defining constructors as functions with the same name as the contract is deprecated. Use "constructor(...) { ... }" instead.
  function MintableToken(){
  ^ (Relevant source part starts here and spans across multiple lines).
/unique_chucks/33/0x664ae9be65f1977f0eca5ece98e291d59d9ec9a8.sol:253:5: Warning: Defining constructors as functions with the same name as the contract is deprecated. Use "constructor(...) { ... }" instead.
    function Tokensale(
    ^ (Relevant source part starts here and spans across multiple lines).
/unique_chucks/33/0x664ae9be65f1977f0eca5ece98e291d59d9ec9a8.sol:68:5: Warning: Invoking events without "emit" prefix is deprecated.
    Transfer(msg.sender, _to, _value);
    ^-------------------------------^
/unique_chucks/33/0x664ae9be65f1977f0eca5ece98e291d59d9ec9a8.sol:77:5: Warning: Invoking events without "emit" prefix is deprecated.
    Burn(msg.sender, _value);
    ^----------------------^
/unique_chucks/33/0x664ae9be65f1977f0eca5ece98e291d59d9ec9a8.sol:113:5: Warning: Invoking events without "emit" prefix is deprecated.
    Transfer(_from, _to, _value);
    ^--------------------------^
/unique_chucks/33/0x664ae9be65f1977f0eca5ece98e291d59d9ec9a8.sol:130:5: Warning: Invoking events without "emit" prefix is deprecated.
    Approval(msg.sender, _spender, _value);
    ^------------------------------------^
/unique_chucks/33/0x664ae9be65f1977f0eca5ece98e291d59d9ec9a8.sol:209:5: Warning: Invoking events without "emit" prefix is deprecated.
    Mint(_to, _amount);
    ^----------------^
/unique_chucks/33/0x664ae9be65f1977f0eca5ece98e291d59d9ec9a8.sol:219:5: Warning: Invoking events without "emit" prefix is deprecated.
    MintFinished();
    ^------------^
/unique_chucks/33/0x664ae9be65f1977f0eca5ece98e291d59d9ec9a8.sol:286:9: Warning: Invoking events without "emit" prefix is deprecated.
        FundTransfer(msg.sender, amount, true);
        ^------------------------------------^
/unique_chucks/33/0x664ae9be65f1977f0eca5ece98e291d59d9ec9a8.sol:311:13: Warning: Invoking events without "emit" prefix is deprecated.
            GoalReached(beneficiary, amountRaised);
            ^------------------------------------^
/unique_chucks/33/0x664ae9be65f1977f0eca5ece98e291d59d9ec9a8.sol:333:13: Warning: Invoking events without "emit" prefix is deprecated.
            FundTransfer(devAddr, devReward, true);
            ^------------------------------------^
/unique_chucks/33/0x664ae9be65f1977f0eca5ece98e291d59d9ec9a8.sol:343:21: Warning: Invoking events without "emit" prefix is deprecated.
                    FundTransfer(msg.sender, amount, false);
                    ^-------------------------------------^
/unique_chucks/33/0x664ae9be65f1977f0eca5ece98e291d59d9ec9a8.sol:352:17: Warning: Invoking events without "emit" prefix is deprecated.
                FundTransfer(beneficiary, amountRaised - 10 ether, false);
                ^-------------------------------------------------------^
/unique_chucks/33/0x664ae9be65f1977f0eca5ece98e291d59d9ec9a8.sol:36:3: Warning: No visibility specified. Defaulting to "public". 
  function balanceOf(address who) constant returns (uint256);
  ^---------------------------------------------------------^
/unique_chucks/33/0x664ae9be65f1977f0eca5ece98e291d59d9ec9a8.sol:37:3: Warning: No visibility specified. Defaulting to "public". 
  function transfer(address to, uint256 value);
  ^-------------------------------------------^
/unique_chucks/33/0x664ae9be65f1977f0eca5ece98e291d59d9ec9a8.sol:44:3: Warning: No visibility specified. Defaulting to "public". 
  function allowance(address owner, address spender) constant returns (uint256);
  ^----------------------------------------------------------------------------^
/unique_chucks/33/0x664ae9be65f1977f0eca5ece98e291d59d9ec9a8.sol:45:3: Warning: No visibility specified. Defaulting to "public". 
  function transferFrom(address from, address to, uint256 value);
  ^-------------------------------------------------------------^
/unique_chucks/33/0x664ae9be65f1977f0eca5ece98e291d59d9ec9a8.sol:46:3: Warning: No visibility specified. Defaulting to "public". 
  function approve(address spender, uint256 value);
  ^-----------------------------------------------^
/unique_chucks/33/0x664ae9be65f1977f0eca5ece98e291d59d9ec9a8.sol:61:3: Warning: No visibility specified. Defaulting to "public". 
  function transfer(address _to, uint256 _value) {
  ^ (Relevant source part starts here and spans across multiple lines).
/unique_chucks/33/0x664ae9be65f1977f0eca5ece98e291d59d9ec9a8.sol:72:3: Warning: No visibility specified. Defaulting to "public". 
  function burn(uint256 _value) {
  ^ (Relevant source part starts here and spans across multiple lines).
/unique_chucks/33/0x664ae9be65f1977f0eca5ece98e291d59d9ec9a8.sol:86:3: Warning: No visibility specified. Defaulting to "public". 
  function balanceOf(address _owner) constant returns (uint256 balance) {
  ^ (Relevant source part starts here and spans across multiple lines).
/unique_chucks/33/0x664ae9be65f1977f0eca5ece98e291d59d9ec9a8.sol:104:3: Warning: No visibility specified. Defaulting to "public". 
  function transferFrom(address _from, address _to, uint256 _value) {
  ^ (Relevant source part starts here and spans across multiple lines).
/unique_chucks/33/0x664ae9be65f1977f0eca5ece98e291d59d9ec9a8.sol:121:3: Warning: No visibility specified. Defaulting to "public". 
  function approve(address _spender, uint256 _value) {
  ^ (Relevant source part starts here and spans across multiple lines).
/unique_chucks/33/0x664ae9be65f1977f0eca5ece98e291d59d9ec9a8.sol:139:3: Warning: No visibility specified. Defaulting to "public". 
  function allowance(address _owner, address _spender) constant returns (uint256 remaining) {
  ^ (Relevant source part starts here and spans across multiple lines).
/unique_chucks/33/0x664ae9be65f1977f0eca5ece98e291d59d9ec9a8.sol:153:3: Warning: No visibility specified. Defaulting to "public". 
  function Ownable() {
  ^ (Relevant source part starts here and spans across multiple lines).
/unique_chucks/33/0x664ae9be65f1977f0eca5ece98e291d59d9ec9a8.sol:172:3: Warning: No visibility specified. Defaulting to "public". 
  function transferOwnership(address newOwner) onlyOwner {
  ^ (Relevant source part starts here and spans across multiple lines).
/unique_chucks/33/0x664ae9be65f1977f0eca5ece98e291d59d9ec9a8.sol:195:3: Warning: No visibility specified. Defaulting to "public". 
  function MintableToken(){
  ^ (Relevant source part starts here and spans across multiple lines).
/unique_chucks/33/0x664ae9be65f1977f0eca5ece98e291d59d9ec9a8.sol:206:3: Warning: No visibility specified. Defaulting to "public". 
  function mint(address _to, uint256 _amount) onlyOwner canMint returns (bool) {
  ^ (Relevant source part starts here and spans across multiple lines).
/unique_chucks/33/0x664ae9be65f1977f0eca5ece98e291d59d9ec9a8.sol:217:3: Warning: No visibility specified. Defaulting to "public". 
  function finishMinting() onlyOwner returns (bool) {
  ^ (Relevant source part starts here and spans across multiple lines).
/unique_chucks/33/0x664ae9be65f1977f0eca5ece98e291d59d9ec9a8.sol:253:5: Warning: No visibility specified. Defaulting to "public". 
    function Tokensale(
    ^ (Relevant source part starts here and spans across multiple lines).
/unique_chucks/33/0x664ae9be65f1977f0eca5ece98e291d59d9ec9a8.sol:276:5: Warning: No visibility specified. Defaulting to "public". 
    function () payable {
    ^ (Relevant source part starts here and spans across multiple lines).
/unique_chucks/33/0x664ae9be65f1977f0eca5ece98e291d59d9ec9a8.sol:308:5: Warning: No visibility specified. Defaulting to "public". 
    function checkGoalReached() afterDeadline {
    ^ (Relevant source part starts here and spans across multiple lines).
/unique_chucks/33/0x664ae9be65f1977f0eca5ece98e291d59d9ec9a8.sol:324:5: Warning: No visibility specified. Defaulting to "public". 
    function safeWithdrawal() afterDeadline {
    ^ (Relevant source part starts here and spans across multiple lines).
/unique_chucks/33/0x664ae9be65f1977f0eca5ece98e291d59d9ec9a8.sol:9:3: Warning: Function state mutability can be restricted to pure
  function mul(uint256 a, uint256 b) internal returns (uint256) {
  ^ (Relevant source part starts here and spans across multiple lines).
/unique_chucks/33/0x664ae9be65f1977f0eca5ece98e291d59d9ec9a8.sol:15:3: Warning: Function state mutability can be restricted to pure
  function div(uint256 a, uint256 b) internal returns (uint256) {
  ^ (Relevant source part starts here and spans across multiple lines).
/unique_chucks/33/0x664ae9be65f1977f0eca5ece98e291d59d9ec9a8.sol:22:3: Warning: Function state mutability can be restricted to pure
  function sub(uint256 a, uint256 b) internal returns (uint256) {
  ^ (Relevant source part starts here and spans across multiple lines).
/unique_chucks/33/0x664ae9be65f1977f0eca5ece98e291d59d9ec9a8.sol:27:3: Warning: Function state mutability can be restricted to pure
  function add(uint256 a, uint256 b) internal returns (uint256) {
  ^ (Relevant source part starts here and spans across multiple lines).

INFO:Detectors:[93m
ERC20Basic (/unique_chucks/33/0x664ae9be65f1977f0eca5ece98e291d59d9ec9a8.sol#35-44) has incorrect ERC20 function interface(s):
	-transfer (/unique_chucks/33/0x664ae9be65f1977f0eca5ece98e291d59d9ec9a8.sol#37-38)
ERC20 (/unique_chucks/33/0x664ae9be65f1977f0eca5ece98e291d59d9ec9a8.sol#44-52) has incorrect ERC20 function interface(s):
	-transferFrom (/unique_chucks/33/0x664ae9be65f1977f0eca5ece98e291d59d9ec9a8.sol#45-46)
	-approve (/unique_chucks/33/0x664ae9be65f1977f0eca5ece98e291d59d9ec9a8.sol#46-47)
BasicToken (/unique_chucks/33/0x664ae9be65f1977f0eca5ece98e291d59d9ec9a8.sol#52-95) has incorrect ERC20 function interface(s):
	-transfer (/unique_chucks/33/0x664ae9be65f1977f0eca5ece98e291d59d9ec9a8.sol#63-72)
StandardToken (/unique_chucks/33/0x664ae9be65f1977f0eca5ece98e291d59d9ec9a8.sol#95-150) has incorrect ERC20 function interface(s):
	-transferFrom (/unique_chucks/33/0x664ae9be65f1977f0eca5ece98e291d59d9ec9a8.sol#105-118)
	-approve (/unique_chucks/33/0x664ae9be65f1977f0eca5ece98e291d59d9ec9a8.sol#123-135)
Reference: https://github.com/trailofbits/slither/wiki/Detectors-Documentation#incorrect-erc20-interface[0m
INFO:Detectors:[92m
Reentrancy in Tokensale.fallback (/unique_chucks/33/0x664ae9be65f1977f0eca5ece98e291d59d9ec9a8.sol#283-294):
	External calls:
	- require(bool)(tokenReward.balanceOf(this) >= tokens) (/unique_chucks/33/0x664ae9be65f1977f0eca5ece98e291d59d9ec9a8.sol#289-291)
	State variables written after the call(s):
	- amountRaised (/unique_chucks/33/0x664ae9be65f1977f0eca5ece98e291d59d9ec9a8.sol#292)
	- balanceOf (/unique_chucks/33/0x664ae9be65f1977f0eca5ece98e291d59d9ec9a8.sol#291-292)
Reference: https://github.com/trailofbits/slither/wiki/Detectors-Documentation#reentrancy-vulnerabilities-2[0m
INFO:Detectors:[92m
MintableToken.decimals should be constant (/unique_chucks/33/0x664ae9be65f1977f0eca5ece98e291d59d9ec9a8.sol#196-197)
MintableToken.name should be constant (/unique_chucks/33/0x664ae9be65f1977f0eca5ece98e291d59d9ec9a8.sol#191-195)
MintableToken.symbol should be constant (/unique_chucks/33/0x664ae9be65f1977f0eca5ece98e291d59d9ec9a8.sol#195-196)
Tokensale.deadline should be constant (/unique_chucks/33/0x664ae9be65f1977f0eca5ece98e291d59d9ec9a8.sol#235-236)
Reference: https://github.com/trailofbits/slither/wiki/Detectors-Documentation#state-variables-that-could-be-declared-constant[0m
INFO:Detectors:[92m
BasicToken.balanceOf (/unique_chucks/33/0x664ae9be65f1977f0eca5ece98e291d59d9ec9a8.sol#87-95) should be declared external
ERC20Basic.balanceOf (/unique_chucks/33/0x664ae9be65f1977f0eca5ece98e291d59d9ec9a8.sol#36-37) should be declared external
ERC20Basic.transfer (/unique_chucks/33/0x664ae9be65f1977f0eca5ece98e291d59d9ec9a8.sol#37-38) should be declared external
BasicToken.transfer (/unique_chucks/33/0x664ae9be65f1977f0eca5ece98e291d59d9ec9a8.sol#63-72) should be declared external
ERC20.allowance (/unique_chucks/33/0x664ae9be65f1977f0eca5ece98e291d59d9ec9a8.sol#44-45) should be declared external
StandardToken.allowance (/unique_chucks/33/0x664ae9be65f1977f0eca5ece98e291d59d9ec9a8.sol#145-150) should be declared external
StandardToken.transferFrom (/unique_chucks/33/0x664ae9be65f1977f0eca5ece98e291d59d9ec9a8.sol#105-118) should be declared external
ERC20.transferFrom (/unique_chucks/33/0x664ae9be65f1977f0eca5ece98e291d59d9ec9a8.sol#45-46) should be declared external
StandardToken.approve (/unique_chucks/33/0x664ae9be65f1977f0eca5ece98e291d59d9ec9a8.sol#123-135) should be declared external
ERC20.approve (/unique_chucks/33/0x664ae9be65f1977f0eca5ece98e291d59d9ec9a8.sol#46-47) should be declared external
BasicToken.burn (/unique_chucks/33/0x664ae9be65f1977f0eca5ece98e291d59d9ec9a8.sol#74-83) should be declared external
Ownable.transferOwnership (/unique_chucks/33/0x664ae9be65f1977f0eca5ece98e291d59d9ec9a8.sol#180-184) should be declared external
Tokensale.fallback (/unique_chucks/33/0x664ae9be65f1977f0eca5ece98e291d59d9ec9a8.sol#283-294) should be declared external
Tokensale.hasEnded (/unique_chucks/33/0x664ae9be65f1977f0eca5ece98e291d59d9ec9a8.sol#308-311) should be declared external
Tokensale.safeWithdrawal (/unique_chucks/33/0x664ae9be65f1977f0eca5ece98e291d59d9ec9a8.sol#332-360) should be declared external
Reference: https://github.com/trailofbits/slither/wiki/Detectors-Documentation#public-function-that-could-be-declared-as-external[0m
INFO:Detectors:[92m
Detected issues with version pragma in /unique_chucks/33/0x664ae9be65f1977f0eca5ece98e291d59d9ec9a8.sol:
	- pragma solidity^0.4.11 (/unique_chucks/33/0x664ae9be65f1977f0eca5ece98e291d59d9ec9a8.sol#1): it allows old versions
Reference: https://github.com/trailofbits/slither/wiki/Detectors-Documentation#incorrect-version-of-solidity[0m
INFO:Detectors:[92m
Parameter '_owner' of BasicToken.balanceOf (/unique_chucks/33/0x664ae9be65f1977f0eca5ece98e291d59d9ec9a8.sol#88-93) is not in mixedCase
Parameter '_to' of BasicToken.transfer (/unique_chucks/33/0x664ae9be65f1977f0eca5ece98e291d59d9ec9a8.sol#63) is not in mixedCase
Parameter '_value' of BasicToken.transfer (/unique_chucks/33/0x664ae9be65f1977f0eca5ece98e291d59d9ec9a8.sol#63) is not in mixedCase
Parameter '_value' of BasicToken.burn (/unique_chucks/33/0x664ae9be65f1977f0eca5ece98e291d59d9ec9a8.sol#74) is not in mixedCase
Parameter '_owner' of StandardToken.allowance (/unique_chucks/33/0x664ae9be65f1977f0eca5ece98e291d59d9ec9a8.sol#146) is not in mixedCase
Parameter '_spender' of StandardToken.allowance (/unique_chucks/33/0x664ae9be65f1977f0eca5ece98e291d59d9ec9a8.sol#146-150) is not in mixedCase
Parameter '_from' of StandardToken.transferFrom (/unique_chucks/33/0x664ae9be65f1977f0eca5ece98e291d59d9ec9a8.sol#107) is not in mixedCase
Parameter '_to' of StandardToken.transferFrom (/unique_chucks/33/0x664ae9be65f1977f0eca5ece98e291d59d9ec9a8.sol#107) is not in mixedCase
Parameter '_value' of StandardToken.transferFrom (/unique_chucks/33/0x664ae9be65f1977f0eca5ece98e291d59d9ec9a8.sol#107) is not in mixedCase
Parameter '_spender' of StandardToken.approve (/unique_chucks/33/0x664ae9be65f1977f0eca5ece98e291d59d9ec9a8.sol#124) is not in mixedCase
Parameter '_value' of StandardToken.approve (/unique_chucks/33/0x664ae9be65f1977f0eca5ece98e291d59d9ec9a8.sol#124) is not in mixedCase
Function 'Ownable.Ownable' (/unique_chucks/33/0x664ae9be65f1977f0eca5ece98e291d59d9ec9a8.sol#162-165) is not in mixedCase
Function 'MintableToken.MintableToken' (/unique_chucks/33/0x664ae9be65f1977f0eca5ece98e291d59d9ec9a8.sol#202-204) is not in mixedCase
Parameter '_to' of MintableToken.mint (/unique_chucks/33/0x664ae9be65f1977f0eca5ece98e291d59d9ec9a8.sol#213-214) is not in mixedCase
Parameter '_amount' of MintableToken.mint (/unique_chucks/33/0x664ae9be65f1977f0eca5ece98e291d59d9ec9a8.sol#214) is not in mixedCase
Function 'Tokensale.Tokensale' (/unique_chucks/33/0x664ae9be65f1977f0eca5ece98e291d59d9ec9a8.sol#260-279) is not in mixedCase
Reference: https://github.com/trailofbits/slither/wiki/Detectors-Documentation#conformance-to-solidity-naming-conventions[0m
INFO:Slither:/unique_chucks/33/0x664ae9be65f1977f0eca5ece98e291d59d9ec9a8.sol analyzed (8 contracts), 38 result(s) found