INFO:Detectors:[93m
ExtensiveTrust.totalSupply (/unique_chucks/24/0x960c5ad81f43e115d62ac0c990020d383c0927ee.sol#68-69) shadows:
	- ERC20Basic.totalSupply (/unique_chucks/24/0x960c5ad81f43e115d62ac0c990020d383c0927ee.sol#39)
Reference: https://github.com/trailofbits/slither/wiki/Detectors-Documentation#state-variable-shadowing-from-abstract-contracts[0m
INFO:Detectors:[92m
ERC20Basic.totalSupply should be constant (/unique_chucks/24/0x960c5ad81f43e115d62ac0c990020d383c0927ee.sol#39)
ExtensiveTrust.multisig should be constant (/unique_chucks/24/0x960c5ad81f43e115d62ac0c990020d383c0927ee.sol#78)
ExtensiveTrust.target0drop should be constant (/unique_chucks/24/0x960c5ad81f43e115d62ac0c990020d383c0927ee.sol#74-75)
Reference: https://github.com/trailofbits/slither/wiki/Detectors-Documentation#state-variables-that-could-be-declared-constant[0m
INFO:Detectors:[92m
ForeignToken.balanceOf (/unique_chucks/24/0x960c5ad81f43e115d62ac0c990020d383c0927ee.sol#33-34) should be declared external
ForeignToken.transfer (/unique_chucks/24/0x960c5ad81f43e115d62ac0c990020d383c0927ee.sol#34-38) should be declared external
ExtensiveTrust.balanceOf (/unique_chucks/24/0x960c5ad81f43e115d62ac0c990020d383c0927ee.sol#233-235) should be declared external
ERC20Basic.balanceOf (/unique_chucks/24/0x960c5ad81f43e115d62ac0c990020d383c0927ee.sol#39-40) should be declared external
ExtensiveTrust.transfer (/unique_chucks/24/0x960c5ad81f43e115d62ac0c990020d383c0927ee.sol#238-248) should be declared external
ERC20Basic.transfer (/unique_chucks/24/0x960c5ad81f43e115d62ac0c990020d383c0927ee.sol#40-41) should be declared external
ERC20.allowance (/unique_chucks/24/0x960c5ad81f43e115d62ac0c990020d383c0927ee.sol#45-46) should be declared external
ExtensiveTrust.allowance (/unique_chucks/24/0x960c5ad81f43e115d62ac0c990020d383c0927ee.sol#269-274) should be declared external
ExtensiveTrust.transferFrom (/unique_chucks/24/0x960c5ad81f43e115d62ac0c990020d383c0927ee.sol#248-260) should be declared external
ERC20.transferFrom (/unique_chucks/24/0x960c5ad81f43e115d62ac0c990020d383c0927ee.sol#46-47) should be declared external
ExtensiveTrust.approve (/unique_chucks/24/0x960c5ad81f43e115d62ac0c990020d383c0927ee.sol#260-269) should be declared external
ERC20.approve (/unique_chucks/24/0x960c5ad81f43e115d62ac0c990020d383c0927ee.sol#47-48) should be declared external
ExtensiveTrust.transferOwnership (/unique_chucks/24/0x960c5ad81f43e115d62ac0c990020d383c0927ee.sol#112-117) should be declared external
ExtensiveTrust.finishDistribution (/unique_chucks/24/0x960c5ad81f43e115d62ac0c990020d383c0927ee.sol#118-123) should be declared external
ExtensiveTrust.updateTokensPerEth (/unique_chucks/24/0x960c5ad81f43e115d62ac0c990020d383c0927ee.sol#156-164) should be declared external
ExtensiveTrust.getTokenBalance (/unique_chucks/24/0x960c5ad81f43e115d62ac0c990020d383c0927ee.sol#275-281) should be declared external
ExtensiveTrust.withdrawAll (/unique_chucks/24/0x960c5ad81f43e115d62ac0c990020d383c0927ee.sol#282-287) should be declared external
ExtensiveTrust.withdraw (/unique_chucks/24/0x960c5ad81f43e115d62ac0c990020d383c0927ee.sol#288-290) should be declared external
ExtensiveTrust.burn (/unique_chucks/24/0x960c5ad81f43e115d62ac0c990020d383c0927ee.sol#290-302) should be declared external
ExtensiveTrust.add (/unique_chucks/24/0x960c5ad81f43e115d62ac0c990020d383c0927ee.sol#302-306) should be declared external
ExtensiveTrust.withdrawForeignTokens (/unique_chucks/24/0x960c5ad81f43e115d62ac0c990020d383c0927ee.sol) should be declared external
Reference: https://github.com/trailofbits/slither/wiki/Detectors-Documentation#public-function-that-could-be-declared-as-external[0m
INFO:Detectors:[92m
Parameter '_owner' of ExtensiveTrust.balanceOf (/unique_chucks/24/0x960c5ad81f43e115d62ac0c990020d383c0927ee.sol#233) is not in mixedCase
Parameter '_to' of ExtensiveTrust.transfer (/unique_chucks/24/0x960c5ad81f43e115d62ac0c990020d383c0927ee.sol#238) is not in mixedCase
Parameter '_amount' of ExtensiveTrust.transfer (/unique_chucks/24/0x960c5ad81f43e115d62ac0c990020d383c0927ee.sol#238-239) is not in mixedCase
Parameter '_owner' of ExtensiveTrust.allowance (/unique_chucks/24/0x960c5ad81f43e115d62ac0c990020d383c0927ee.sol#269-270) is not in mixedCase
Parameter '_spender' of ExtensiveTrust.allowance (/unique_chucks/24/0x960c5ad81f43e115d62ac0c990020d383c0927ee.sol#270) is not in mixedCase
Parameter '_from' of ExtensiveTrust.transferFrom (/unique_chucks/24/0x960c5ad81f43e115d62ac0c990020d383c0927ee.sol#249-250) is not in mixedCase
Parameter '_to' of ExtensiveTrust.transferFrom (/unique_chucks/24/0x960c5ad81f43e115d62ac0c990020d383c0927ee.sol#250) is not in mixedCase
Parameter '_amount' of ExtensiveTrust.transferFrom (/unique_chucks/24/0x960c5ad81f43e115d62ac0c990020d383c0927ee.sol#250) is not in mixedCase
Parameter '_spender' of ExtensiveTrust.approve (/unique_chucks/24/0x960c5ad81f43e115d62ac0c990020d383c0927ee.sol#261-262) is not in mixedCase
Parameter '_value' of ExtensiveTrust.approve (/unique_chucks/24/0x960c5ad81f43e115d62ac0c990020d383c0927ee.sol#262-264) is not in mixedCase
Parameter '_to' of ExtensiveTrust.distr (/unique_chucks/24/0x960c5ad81f43e115d62ac0c990020d383c0927ee.sol#123-124) is not in mixedCase
Parameter '_amount' of ExtensiveTrust.distr (/unique_chucks/24/0x960c5ad81f43e115d62ac0c990020d383c0927ee.sol#124) is not in mixedCase
Function 'ExtensiveTrust.Distribute' (/unique_chucks/24/0x960c5ad81f43e115d62ac0c990020d383c0927ee.sol#134-147) is not in mixedCase
Parameter '_participant' of ExtensiveTrust.Distribute (/unique_chucks/24/0x960c5ad81f43e115d62ac0c990020d383c0927ee.sol#134-135) is not in mixedCase
Parameter '_amount' of ExtensiveTrust.Distribute (/unique_chucks/24/0x960c5ad81f43e115d62ac0c990020d383c0927ee.sol#135) is not in mixedCase
Function 'ExtensiveTrust.DistributeAirdrop' (/unique_chucks/24/0x960c5ad81f43e115d62ac0c990020d383c0927ee.sol#150-151) is not in mixedCase
Parameter '_participant' of ExtensiveTrust.DistributeAirdrop (/unique_chucks/24/0x960c5ad81f43e115d62ac0c990020d383c0927ee.sol#150) is not in mixedCase
Parameter '_amount' of ExtensiveTrust.DistributeAirdrop (/unique_chucks/24/0x960c5ad81f43e115d62ac0c990020d383c0927ee.sol#150) is not in mixedCase
Function 'ExtensiveTrust.DistributeAirdropMultiple' (/unique_chucks/24/0x960c5ad81f43e115d62ac0c990020d383c0927ee.sol#151-156) is not in mixedCase
Parameter '_addresses' of ExtensiveTrust.DistributeAirdropMultiple (/unique_chucks/24/0x960c5ad81f43e115d62ac0c990020d383c0927ee.sol#151-154) is not in mixedCase
Parameter '_amount' of ExtensiveTrust.DistributeAirdropMultiple (/unique_chucks/24/0x960c5ad81f43e115d62ac0c990020d383c0927ee.sol#154) is not in mixedCase
Parameter '_tokensPerEth' of ExtensiveTrust.updateTokensPerEth (/unique_chucks/24/0x960c5ad81f43e115d62ac0c990020d383c0927ee.sol#159) is not in mixedCase
Parameter '_wdamount' of ExtensiveTrust.withdraw (/unique_chucks/24/0x960c5ad81f43e115d62ac0c990020d383c0927ee.sol#288) is not in mixedCase
Parameter '_value' of ExtensiveTrust.burn (/unique_chucks/24/0x960c5ad81f43e115d62ac0c990020d383c0927ee.sol#291) is not in mixedCase
Parameter '_value' of ExtensiveTrust.add (/unique_chucks/24/0x960c5ad81f43e115d62ac0c990020d383c0927ee.sol#302) is not in mixedCase
Parameter '_tokenContract' of ExtensiveTrust.withdrawForeignTokens (/unique_chucks/24/0x960c5ad81f43e115d62ac0c990020d383c0927ee.sol) is not in mixedCase
Variable 'ExtensiveTrust.Claimed' (/unique_chucks/24/0x960c5ad81f43e115d62ac0c990020d383c0927ee.sol#60-61) is not in mixedCase
Constant 'ExtensiveTrust.requestMinimum' (/unique_chucks/24/0x960c5ad81f43e115d62ac0c990020d383c0927ee.sol#69-72) is not in UPPER_CASE_WITH_UNDERSCORES
Reference: https://github.com/trailofbits/slither/wiki/Detectors-Documentation#conformance-to-solidity-naming-conventions[0m
INFO:Slither:/unique_chucks/24/0x960c5ad81f43e115d62ac0c990020d383c0927ee.sol analyzed (5 contracts), 51 result(s) found