2019-07-24 07:35:36,713: [12] m.main:INFO: Registered plugins: DetectUninitializedMemory, DetectUnusedRetVal, DetectExternalCallAndLeak, DetectReentrancyAdvanced, DetectInvalid, DetectSuicidal, DetectEnvInstruction, DetectUninitializedStorage, DetectIntegerOverflow, DetectDelegatecall, DetectReentrancySimple
2019-07-24 07:35:36,714: [12] m.main:INFO: Beginning analysis
2019-07-24 07:35:36,738: [12] m.e.manticore:INFO: Starting symbolic create contract
2019-07-24 07:35:41,028: [12] m.e.manticore:INFO: Starting symbolic transaction: 0
2019-07-24 07:35:49,739: [12] m.e.manticore:INFO: 2 alive states, 8 terminated states
2019-07-24 07:35:51,019: [12] m.e.manticore:INFO: Starting symbolic transaction: 1
2019-07-24 07:36:14,133: [12] m.e.manticore:INFO: 4 alive states, 24 terminated states
2019-07-24 07:36:15,978: [2831] m.c.manticore:INFO: Generated testcase No. 0 - RETURN(3 txs)
2019-07-24 07:36:16,577: [2843] m.c.manticore:INFO: Generated testcase No. 2 - RETURN(1 txs)
2019-07-24 07:36:16,681: [2847] m.c.manticore:INFO: Generated testcase No. 4 - REVERT(2 txs)
2019-07-24 07:36:16,712: [2833] m.c.manticore:INFO: Generated testcase No. 1 - RETURN(3 txs)
2019-07-24 07:36:16,759: [2836] m.c.manticore:INFO: Generated testcase No. 3 - RETURN(3 txs)
2019-07-24 07:36:16,775: [2849] m.c.manticore:INFO: Generated testcase No. 5 - REVERT(2 txs)
2019-07-24 07:36:16,880: [2853] m.c.manticore:INFO: Generated testcase No. 7 - REVERT(2 txs)
2019-07-24 07:36:16,858: [2846] m.c.manticore:INFO: Generated testcase No. 6 - REVERT(2 txs)
2019-07-24 07:36:16,965: [2838] m.c.manticore:INFO: Generated testcase No. 8 - RETURN(3 txs)
2019-07-24 07:36:41,889: [2849] m.c.manticore:INFO: Generated testcase No. 9 - REVERT(2 txs)
2019-07-24 07:36:42,220: [2847] m.c.manticore:INFO: Generated testcase No. 10 - REVERT(2 txs)
2019-07-24 07:36:42,269: [2853] m.c.manticore:INFO: Generated testcase No. 11 - REVERT(2 txs)
2019-07-24 07:36:44,492: [2843] m.c.manticore:INFO: Generated testcase No. 12 - RETURN(2 txs)
2019-07-24 07:36:45,986: [2846] m.c.manticore:INFO: Generated testcase No. 13 - RETURN(2 txs)
2019-07-24 07:36:48,957: [2838] m.c.manticore:INFO: Generated testcase No. 14 - REVERT(3 txs)
2019-07-24 07:36:55,532: [2836] m.c.manticore:INFO: Generated testcase No. 15 - REVERT(3 txs)
2019-07-24 07:36:55,608: [2831] m.c.manticore:INFO: Generated testcase No. 16 - REVERT(3 txs)
2019-07-24 07:36:55,686: [2833] m.c.manticore:INFO: Generated testcase No. 17 - REVERT(3 txs)
2019-07-24 07:37:11,110: [2846] m.c.manticore:INFO: Generated testcase No. 18 - REVERT(3 txs)
2019-07-24 07:37:11,336: [2853] m.c.manticore:INFO: Generated testcase No. 19 - REVERT(3 txs)
2019-07-24 07:37:11,743: [2847] m.c.manticore:INFO: Generated testcase No. 20 - REVERT(3 txs)
2019-07-24 07:37:13,076: [2849] m.c.manticore:INFO: Generated testcase No. 21 - REVERT(3 txs)
2019-07-24 07:37:14,059: [2843] m.c.manticore:INFO: Generated testcase No. 22 - REVERT(3 txs)
2019-07-24 07:37:18,085: [2838] m.c.manticore:INFO: Generated testcase No. 23 - REVERT(3 txs)
2019-07-24 07:37:27,288: [2833] m.c.manticore:INFO: Generated testcase No. 24 - REVERT(3 txs)
2019-07-24 07:37:30,803: [2831] m.c.manticore:INFO: Generated testcase No. 25 - REVERT(3 txs)
2019-07-24 07:37:33,768: [2836] m.c.manticore:INFO: Generated testcase No. 26 - REVERT(3 txs)
2019-07-24 07:37:43,527: [2853] m.c.manticore:INFO: Generated testcase No. 27 - REVERT(3 txs)
2019-07-24 07:37:57,654: [12] m.c.manticore:INFO: Results in /mcore_prfnkx7a
2019-07-24 07:38:02,623: [4018] m.main:INFO: Registered plugins: DetectReentrancySimple, DetectInvalid, DetectDelegatecall, DetectSuicidal, DetectUnusedRetVal, DetectUninitializedMemory, DetectIntegerOverflow, DetectExternalCallAndLeak, DetectEnvInstruction, DetectReentrancyAdvanced, DetectUninitializedStorage
2019-07-24 07:38:02,624: [4018] m.main:INFO: Beginning analysis
2019-07-24 07:38:02,854: [4018] m.e.manticore:INFO: Starting symbolic create contract
2019-07-24 07:38:08,960: [4018] m.e.manticore:INFO: Starting symbolic transaction: 0
2019-07-24 07:38:13,039: [4018] m.e.manticore:INFO: 0 alive states, 2 terminated states
2019-07-24 07:38:13,567: [4018] m.e.manticore:INFO: Starting symbolic transaction: 1
2019-07-24 07:38:14,540: [4589] m.c.manticore:INFO: Generated testcase No. 0 - RETURN(1 txs)
2019-07-24 07:38:14,555: [4588] m.c.manticore:INFO: Generated testcase No. 1 - REVERT(2 txs)
2019-07-24 07:38:19,985: [4018] m.c.manticore:INFO: Results in /mcore_w6hzgylm
2019-07-24 07:38:23,700: [4903] m.main:INFO: Registered plugins: DetectEnvInstruction, DetectUnusedRetVal, DetectReentrancySimple, DetectInvalid, DetectDelegatecall, DetectSuicidal, DetectReentrancyAdvanced, DetectExternalCallAndLeak, DetectUninitializedStorage, DetectIntegerOverflow, DetectUninitializedMemory
2019-07-24 07:38:23,701: [4903] m.main:INFO: Beginning analysis
2019-07-24 07:38:23,799: [4903] m.e.manticore:INFO: Starting symbolic create contract
2019-07-24 07:38:25,003: [4947] m.c.manticore:INFO: Generated testcase No. 0 - NO STATE RESULT (?)(0 txs)
2019-07-24 07:38:27,386: [4903] m.c.manticore:INFO: Results in /mcore_8rrzuev0
2019-07-24 07:38:29,302: [5206] m.main:INFO: Registered plugins: DetectInvalid, DetectUnusedRetVal, DetectReentrancySimple, DetectDelegatecall, DetectEnvInstruction, DetectSuicidal, DetectUninitializedStorage, DetectExternalCallAndLeak, DetectReentrancyAdvanced, DetectUninitializedMemory, DetectIntegerOverflow
2019-07-24 07:38:29,302: [5206] m.main:INFO: Beginning analysis
2019-07-24 07:38:29,404: [5206] m.e.manticore:INFO: Starting symbolic create contract
2019-07-24 07:38:41,107: [5206] m.e.manticore:INFO: Starting symbolic transaction: 0
2019-07-24 07:43:27,952: [5206] m.e.manticore:INFO: 8 alive states, 18 terminated states
2019-07-24 07:43:37,244: [5206] m.e.manticore:INFO: Starting symbolic transaction: 1
2019-07-24 07:49:42,088: [10706] m.e.detectors:WARNING: Potentially reading uninitialized storage
2019-07-24 07:52:50,935: [10709] m.e.detectors:WARNING: Potentially reading uninitialized storage
2019-07-24 07:58:40,507: [10713] m.e.detectors:WARNING: Potentially reading uninitialized storage
2019-07-24 08:01:29,031: [10690] m.e.detectors:WARNING: Potentially reading uninitialized storage
2019-07-24 08:04:38,860: [10709] m.e.detectors:WARNING: Potentially reading uninitialized storage