INFO:Detectors:[93m
Reentrancy in TokedoExchange.adminTrade (/unique_chucks/14/0xc3dc5b72cba5922b95ebc81606b2581e577feca0.sol#306-607):
	External calls:
	- amount[1] = toWei(amount[1],_addresses[0]) (/unique_chucks/14/0xc3dc5b72cba5922b95ebc81606b2581e577feca0.sol#444-445)
	- _values[i * 5 + 7] = toWei(_values[i * 5 + 7],_addresses[1]) (/unique_chucks/14/0xc3dc5b72cba5922b95ebc81606b2581e577feca0.sol#446-447)
	- _values[i * 5 + 6] = toWei(_values[i * 5 + 6],_addresses[0]) (/unique_chucks/14/0xc3dc5b72cba5922b95ebc81606b2581e577feca0.sol#449)
	- amount[4] = fromWei(amount[4],_addresses[1]) (/unique_chucks/14/0xc3dc5b72cba5922b95ebc81606b2581e577feca0.sol#477)
	- amount[3] = fromWei(amount[3],_addresses[0]) (/unique_chucks/14/0xc3dc5b72cba5922b95ebc81606b2581e577feca0.sol#500)
	- amount[1] = fromWei(amount[1],_addresses[0]) (/unique_chucks/14/0xc3dc5b72cba5922b95ebc81606b2581e577feca0.sol#505-507)
	- _values[i * 5 + 7] = fromWei(_values[i * 5 + 7],_addresses[1]) (/unique_chucks/14/0xc3dc5b72cba5922b95ebc81606b2581e577feca0.sol#508-509)
	- _values[i * 5 + 6] = fromWei(_values[i * 5 + 6],_addresses[0]) (/unique_chucks/14/0xc3dc5b72cba5922b95ebc81606b2581e577feca0.sol#510-511)
	State variables written after the call(s):
	- orderFills (/unique_chucks/14/0xc3dc5b72cba5922b95ebc81606b2581e577feca0.sol#576-577)
	- tokens (/unique_chucks/14/0xc3dc5b72cba5922b95ebc81606b2581e577feca0.sol#519-520)
	- tokens (/unique_chucks/14/0xc3dc5b72cba5922b95ebc81606b2581e577feca0.sol#523-524)
	- tokens (/unique_chucks/14/0xc3dc5b72cba5922b95ebc81606b2581e577feca0.sol#527-529)
	- tokens (/unique_chucks/14/0xc3dc5b72cba5922b95ebc81606b2581e577feca0.sol#535-536)
	- tokens (/unique_chucks/14/0xc3dc5b72cba5922b95ebc81606b2581e577feca0.sol#542-544)
	- tokens (/unique_chucks/14/0xc3dc5b72cba5922b95ebc81606b2581e577feca0.sol#547-548)
	- tokens (/unique_chucks/14/0xc3dc5b72cba5922b95ebc81606b2581e577feca0.sol#551-552)
	- tokens (/unique_chucks/14/0xc3dc5b72cba5922b95ebc81606b2581e577feca0.sol#554-555)
	- tokens (/unique_chucks/14/0xc3dc5b72cba5922b95ebc81606b2581e577feca0.sol#559-562)
	- tokens (/unique_chucks/14/0xc3dc5b72cba5922b95ebc81606b2581e577feca0.sol#565-572)
Reentrancy in TokedoExchange.adminWithdraw (/unique_chucks/14/0xc3dc5b72cba5922b95ebc81606b2581e577feca0.sol#249-300):
	External calls:
	- fee = toWei(_amount,_token).mul(_fee[0]) / 1000000000000000000 (/unique_chucks/14/0xc3dc5b72cba5922b95ebc81606b2581e577feca0.sol#270-272)
	State variables written after the call(s):
	- tokens (/unique_chucks/14/0xc3dc5b72cba5922b95ebc81606b2581e577feca0.sol#274-275)
	- tokens (/unique_chucks/14/0xc3dc5b72cba5922b95ebc81606b2581e577feca0.sol#275-276)
	- tokens (/unique_chucks/14/0xc3dc5b72cba5922b95ebc81606b2581e577feca0.sol#282)
Reference: https://github.com/trailofbits/slither/wiki/Detectors-Documentation#reentrancy-vulnerabilities-1[0m
INFO:Detectors:[93m
TokedoExchange.depositTokenFunction uses tx.origin for authorization:
	- tx.origin == _beneficiary (/unique_chucks/14/0xc3dc5b72cba5922b95ebc81606b2581e577feca0.sol#206-209)
Reference: https://github.com/trailofbits/slither/wiki/Detectors-Documentation#dangerous-usage-of-txorigin[0m
INFO:Detectors:[93m
fee in TokedoExchange.adminWithdraw (/unique_chucks/14/0xc3dc5b72cba5922b95ebc81606b2581e577feca0.sol#270) is a local variable never initialiazed
Reference: https://github.com/trailofbits/slither/wiki/Detectors-Documentation#uninitialized-local-variables[0m
INFO:Detectors:[92m
Reentrancy in TokedoExchange.adminTrade (/unique_chucks/14/0xc3dc5b72cba5922b95ebc81606b2581e577feca0.sol#306-607):
	External calls:
	- amount[1] = toWei(amount[1],_addresses[0]) (/unique_chucks/14/0xc3dc5b72cba5922b95ebc81606b2581e577feca0.sol#444-445)
	- _values[i * 5 + 7] = toWei(_values[i * 5 + 7],_addresses[1]) (/unique_chucks/14/0xc3dc5b72cba5922b95ebc81606b2581e577feca0.sol#446-447)
	- _values[i * 5 + 6] = toWei(_values[i * 5 + 6],_addresses[0]) (/unique_chucks/14/0xc3dc5b72cba5922b95ebc81606b2581e577feca0.sol#449)
	- amount[4] = fromWei(amount[4],_addresses[1]) (/unique_chucks/14/0xc3dc5b72cba5922b95ebc81606b2581e577feca0.sol#477)
	- amount[3] = fromWei(amount[3],_addresses[0]) (/unique_chucks/14/0xc3dc5b72cba5922b95ebc81606b2581e577feca0.sol#500)
	- amount[1] = fromWei(amount[1],_addresses[0]) (/unique_chucks/14/0xc3dc5b72cba5922b95ebc81606b2581e577feca0.sol#505-507)
	- _values[i * 5 + 7] = fromWei(_values[i * 5 + 7],_addresses[1]) (/unique_chucks/14/0xc3dc5b72cba5922b95ebc81606b2581e577feca0.sol#508-509)
	- _values[i * 5 + 6] = fromWei(_values[i * 5 + 6],_addresses[0]) (/unique_chucks/14/0xc3dc5b72cba5922b95ebc81606b2581e577feca0.sol#510-511)
	State variables written after the call(s):
	- lastActiveTransaction (/unique_chucks/14/0xc3dc5b72cba5922b95ebc81606b2581e577feca0.sol#579)
Reentrancy in TokedoExchange.adminWithdraw (/unique_chucks/14/0xc3dc5b72cba5922b95ebc81606b2581e577feca0.sol#249-300):
	External calls:
	- fee = toWei(_amount,_token).mul(_fee[0]) / 1000000000000000000 (/unique_chucks/14/0xc3dc5b72cba5922b95ebc81606b2581e577feca0.sol#270-272)
	- require(bool,string)(Token(_token).transfer(_user,_amount),Token(_token).transfer(_user, _amount)) (/unique_chucks/14/0xc3dc5b72cba5922b95ebc81606b2581e577feca0.sol#291-292)
	External calls sending eth:
	- require(bool,string)(_user.send(_amount),_user.send(_amount)) (/unique_chucks/14/0xc3dc5b72cba5922b95ebc81606b2581e577feca0.sol#287-288)
	State variables written after the call(s):
	- lastActiveTransaction (/unique_chucks/14/0xc3dc5b72cba5922b95ebc81606b2581e577feca0.sol#296-297)
Reentrancy in TokedoExchange.transferFromAndDepositTokenFunction (/unique_chucks/14/0xc3dc5b72cba5922b95ebc81606b2581e577feca0.sol#193-200):
	External calls:
	- require(bool,string)(Token(_token).transferFrom(_sender,this,_amount),Token(_token).transferFrom(_sender, this, _amount)) (/unique_chucks/14/0xc3dc5b72cba5922b95ebc81606b2581e577feca0.sol#197-198)
	State variables written after the call(s):
	- lastActiveTransaction (/unique_chucks/14/0xc3dc5b72cba5922b95ebc81606b2581e577feca0.sol#198-199)
	- tokens (/unique_chucks/14/0xc3dc5b72cba5922b95ebc81606b2581e577feca0.sol#198-199)
Reference: https://github.com/trailofbits/slither/wiki/Detectors-Documentation#reentrancy-vulnerabilities-2[0m
INFO:Detectors:[92m
Token.decimals should be constant (/unique_chucks/14/0xc3dc5b72cba5922b95ebc81606b2581e577feca0.sol#82)
Reference: https://github.com/trailofbits/slither/wiki/Detectors-Documentation#state-variables-that-could-be-declared-constant[0m
INFO:Detectors:[92m
Ownable.transferOwnership (/unique_chucks/14/0xc3dc5b72cba5922b95ebc81606b2581e577feca0.sol#45-51) should be declared external
Ownable.acceptOwnership (/unique_chucks/14/0xc3dc5b72cba5922b95ebc81606b2581e577feca0.sol#51-59) should be declared external
Adminable.setAdmin (/unique_chucks/14/0xc3dc5b72cba5922b95ebc81606b2581e577feca0.sol#66-74) should be declared external
Token.transfer (/unique_chucks/14/0xc3dc5b72cba5922b95ebc81606b2581e577feca0.sol#74-75) should be declared external
Token.approveAndCall (/unique_chucks/14/0xc3dc5b72cba5922b95ebc81606b2581e577feca0.sol#75-76) should be declared external
Token.approve (/unique_chucks/14/0xc3dc5b72cba5922b95ebc81606b2581e577feca0.sol#76-77) should be declared external
Token.transferFrom (/unique_chucks/14/0xc3dc5b72cba5922b95ebc81606b2581e577feca0.sol#77-81) should be declared external
TokedoExchange.invalidateOrdersBefore (/unique_chucks/14/0xc3dc5b72cba5922b95ebc81606b2581e577feca0.sol#87-91) should be declared external
TokedoExchange.setInactivityReleasePeriod (/unique_chucks/14/0xc3dc5b72cba5922b95ebc81606b2581e577feca0.sol#122-128) should be declared external
TokedoExchange.setFeeAccount (/unique_chucks/14/0xc3dc5b72cba5922b95ebc81606b2581e577feca0.sol#129-133) should be declared external
TokedoExchange.setTokedoToken (/unique_chucks/14/0xc3dc5b72cba5922b95ebc81606b2581e577feca0.sol#134-138) should be declared external
TokedoExchange.setTokedoTokenFeeDiscount (/unique_chucks/14/0xc3dc5b72cba5922b95ebc81606b2581e577feca0.sol#138-143) should be declared external
TokedoExchange.setBaseCurrency (/unique_chucks/14/0xc3dc5b72cba5922b95ebc81606b2581e577feca0.sol#143-150) should be declared external
TokedoExchange.updateAccountActivity (/unique_chucks/14/0xc3dc5b72cba5922b95ebc81606b2581e577feca0.sol#154-155) should be declared external
TokedoExchange.adminUpdateAccountActivity (/unique_chucks/14/0xc3dc5b72cba5922b95ebc81606b2581e577feca0.sol#156-172) should be declared external
TokedoExchange.tokenFallback (/unique_chucks/14/0xc3dc5b72cba5922b95ebc81606b2581e577feca0.sol#177-179) should be declared external
TokedoExchange.receiveApproval (/unique_chucks/14/0xc3dc5b72cba5922b95ebc81606b2581e577feca0.sol#179-184) should be declared external
TokedoExchange.depositToken (/unique_chucks/14/0xc3dc5b72cba5922b95ebc81606b2581e577feca0.sol#184-188) should be declared external
TokedoExchange.depositTokenFor (/unique_chucks/14/0xc3dc5b72cba5922b95ebc81606b2581e577feca0.sol#188-193) should be declared external
TokedoExchange.depositEther (/unique_chucks/14/0xc3dc5b72cba5922b95ebc81606b2581e577feca0.sol#214-216) should be declared external
TokedoExchange.emergencyWithdraw (/unique_chucks/14/0xc3dc5b72cba5922b95ebc81606b2581e577feca0.sol#228-245) should be declared external
TokedoExchange.adminWithdraw (/unique_chucks/14/0xc3dc5b72cba5922b95ebc81606b2581e577feca0.sol#249-300) should be declared external
TokedoExchange.balanceOf (/unique_chucks/14/0xc3dc5b72cba5922b95ebc81606b2581e577feca0.sol#300-303) should be declared external
TokedoExchange.adminTrade (/unique_chucks/14/0xc3dc5b72cba5922b95ebc81606b2581e577feca0.sol#306-607) should be declared external
Reference: https://github.com/trailofbits/slither/wiki/Detectors-Documentation#public-function-that-could-be-declared-as-external[0m
INFO:Detectors:[92m
Parameter '_newOwner' of Ownable.transferOwnership (/unique_chucks/14/0xc3dc5b72cba5922b95ebc81606b2581e577feca0.sol#46) is not in mixedCase
Parameter '_admin' of Adminable.setAdmin (/unique_chucks/14/0xc3dc5b72cba5922b95ebc81606b2581e577feca0.sol#67) is not in mixedCase
Parameter '_authorization' of Adminable.setAdmin (/unique_chucks/14/0xc3dc5b72cba5922b95ebc81606b2581e577feca0.sol#67-68) is not in mixedCase
Parameter '_user' of TokedoExchange.invalidateOrdersBefore (/unique_chucks/14/0xc3dc5b72cba5922b95ebc81606b2581e577feca0.sol#87) is not in mixedCase
Parameter '_feeAccount' of TokedoExchange. (/unique_chucks/14/0xc3dc5b72cba5922b95ebc81606b2581e577feca0.sol#112-113) is not in mixedCase
Parameter '_tokedoToken' of TokedoExchange. (/unique_chucks/14/0xc3dc5b72cba5922b95ebc81606b2581e577feca0.sol#113) is not in mixedCase
Parameter '_tokedoTokenFeeDiscount' of TokedoExchange. (/unique_chucks/14/0xc3dc5b72cba5922b95ebc81606b2581e577feca0.sol#113-114) is not in mixedCase
Parameter '_expiry' of TokedoExchange.setInactivityReleasePeriod (/unique_chucks/14/0xc3dc5b72cba5922b95ebc81606b2581e577feca0.sol#123) is not in mixedCase
Parameter '_newFeeAccount' of TokedoExchange.setFeeAccount (/unique_chucks/14/0xc3dc5b72cba5922b95ebc81606b2581e577feca0.sol#129-132) is not in mixedCase
Parameter '_tokedoToken' of TokedoExchange.setTokedoToken (/unique_chucks/14/0xc3dc5b72cba5922b95ebc81606b2581e577feca0.sol#136-137) is not in mixedCase
Parameter '_tokedoTokenFeeDiscount' of TokedoExchange.setTokedoTokenFeeDiscount (/unique_chucks/14/0xc3dc5b72cba5922b95ebc81606b2581e577feca0.sol#139-141) is not in mixedCase
Parameter '_baseCurrency' of TokedoExchange.setBaseCurrency (/unique_chucks/14/0xc3dc5b72cba5922b95ebc81606b2581e577feca0.sol#144-146) is not in mixedCase
Parameter '_boolean' of TokedoExchange.setBaseCurrency (/unique_chucks/14/0xc3dc5b72cba5922b95ebc81606b2581e577feca0.sol#147) is not in mixedCase
Parameter '_user' of TokedoExchange.adminUpdateAccountActivity (/unique_chucks/14/0xc3dc5b72cba5922b95ebc81606b2581e577feca0.sol#156) is not in mixedCase
Parameter '_expiry' of TokedoExchange.adminUpdateAccountActivity (/unique_chucks/14/0xc3dc5b72cba5922b95ebc81606b2581e577feca0.sol#156-157) is not in mixedCase
Parameter '_v' of TokedoExchange.adminUpdateAccountActivity (/unique_chucks/14/0xc3dc5b72cba5922b95ebc81606b2581e577feca0.sol#157) is not in mixedCase
Parameter '_r' of TokedoExchange.adminUpdateAccountActivity (/unique_chucks/14/0xc3dc5b72cba5922b95ebc81606b2581e577feca0.sol#157) is not in mixedCase
Parameter '_s' of TokedoExchange.adminUpdateAccountActivity (/unique_chucks/14/0xc3dc5b72cba5922b95ebc81606b2581e577feca0.sol#157) is not in mixedCase
Parameter '_from' of TokedoExchange.tokenFallback (/unique_chucks/14/0xc3dc5b72cba5922b95ebc81606b2581e577feca0.sol#177) is not in mixedCase
Parameter '_amount' of TokedoExchange.tokenFallback (/unique_chucks/14/0xc3dc5b72cba5922b95ebc81606b2581e577feca0.sol#177) is not in mixedCase
Parameter '' of TokedoExchange.tokenFallback (/unique_chucks/14/0xc3dc5b72cba5922b95ebc81606b2581e577feca0.sol#177) is not in mixedCase
Parameter '_from' of TokedoExchange.receiveApproval (/unique_chucks/14/0xc3dc5b72cba5922b95ebc81606b2581e577feca0.sol#182) is not in mixedCase
Parameter '_amount' of TokedoExchange.receiveApproval (/unique_chucks/14/0xc3dc5b72cba5922b95ebc81606b2581e577feca0.sol#182) is not in mixedCase
Parameter '' of TokedoExchange.receiveApproval (/unique_chucks/14/0xc3dc5b72cba5922b95ebc81606b2581e577feca0.sol#182) is not in mixedCase
Parameter '_token' of TokedoExchange.depositToken (/unique_chucks/14/0xc3dc5b72cba5922b95ebc81606b2581e577feca0.sol#187) is not in mixedCase
Parameter '_amount' of TokedoExchange.depositToken (/unique_chucks/14/0xc3dc5b72cba5922b95ebc81606b2581e577feca0.sol#187) is not in mixedCase
Parameter '_token' of TokedoExchange.depositTokenFor (/unique_chucks/14/0xc3dc5b72cba5922b95ebc81606b2581e577feca0.sol#189-192) is not in mixedCase
Parameter '_amount' of TokedoExchange.depositTokenFor (/unique_chucks/14/0xc3dc5b72cba5922b95ebc81606b2581e577feca0.sol#192) is not in mixedCase
Parameter '_beneficiary' of TokedoExchange.depositTokenFor (/unique_chucks/14/0xc3dc5b72cba5922b95ebc81606b2581e577feca0.sol#192) is not in mixedCase
Parameter '_token' of TokedoExchange.transferFromAndDepositTokenFunction (/unique_chucks/14/0xc3dc5b72cba5922b95ebc81606b2581e577feca0.sol#193-194) is not in mixedCase
Parameter '_amount' of TokedoExchange.transferFromAndDepositTokenFunction (/unique_chucks/14/0xc3dc5b72cba5922b95ebc81606b2581e577feca0.sol#194) is not in mixedCase
Parameter '_sender' of TokedoExchange.transferFromAndDepositTokenFunction (/unique_chucks/14/0xc3dc5b72cba5922b95ebc81606b2581e577feca0.sol#194) is not in mixedCase
Parameter '_beneficiary' of TokedoExchange.transferFromAndDepositTokenFunction (/unique_chucks/14/0xc3dc5b72cba5922b95ebc81606b2581e577feca0.sol#194) is not in mixedCase
Parameter '_token' of TokedoExchange.depositTokenFunction (/unique_chucks/14/0xc3dc5b72cba5922b95ebc81606b2581e577feca0.sol#200) is not in mixedCase
Parameter '_amount' of TokedoExchange.depositTokenFunction (/unique_chucks/14/0xc3dc5b72cba5922b95ebc81606b2581e577feca0.sol#200) is not in mixedCase
Parameter '_beneficiary' of TokedoExchange.depositTokenFunction (/unique_chucks/14/0xc3dc5b72cba5922b95ebc81606b2581e577feca0.sol#200-202) is not in mixedCase
Parameter '_beneficiary' of TokedoExchange.depositEtherFor (/unique_chucks/14/0xc3dc5b72cba5922b95ebc81606b2581e577feca0.sol#216-218) is not in mixedCase
Parameter '_token' of TokedoExchange.emergencyWithdraw (/unique_chucks/14/0xc3dc5b72cba5922b95ebc81606b2581e577feca0.sol#228-229) is not in mixedCase
Parameter '_amount' of TokedoExchange.emergencyWithdraw (/unique_chucks/14/0xc3dc5b72cba5922b95ebc81606b2581e577feca0.sol#229) is not in mixedCase
Parameter '_token' of TokedoExchange.adminWithdraw (/unique_chucks/14/0xc3dc5b72cba5922b95ebc81606b2581e577feca0.sol#249-250) is not in mixedCase
Parameter '_amount' of TokedoExchange.adminWithdraw (/unique_chucks/14/0xc3dc5b72cba5922b95ebc81606b2581e577feca0.sol#250-251) is not in mixedCase
Parameter '_user' of TokedoExchange.adminWithdraw (/unique_chucks/14/0xc3dc5b72cba5922b95ebc81606b2581e577feca0.sol#251) is not in mixedCase
Parameter '_nonce' of TokedoExchange.adminWithdraw (/unique_chucks/14/0xc3dc5b72cba5922b95ebc81606b2581e577feca0.sol#251-252) is not in mixedCase
Parameter '_v' of TokedoExchange.adminWithdraw (/unique_chucks/14/0xc3dc5b72cba5922b95ebc81606b2581e577feca0.sol#252) is not in mixedCase
Parameter '_rs' of TokedoExchange.adminWithdraw (/unique_chucks/14/0xc3dc5b72cba5922b95ebc81606b2581e577feca0.sol#252-254) is not in mixedCase
Parameter '_fee' of TokedoExchange.adminWithdraw (/unique_chucks/14/0xc3dc5b72cba5922b95ebc81606b2581e577feca0.sol#254-255) is not in mixedCase
Parameter '_token' of TokedoExchange.balanceOf (/unique_chucks/14/0xc3dc5b72cba5922b95ebc81606b2581e577feca0.sol#300) is not in mixedCase
Parameter '_user' of TokedoExchange.balanceOf (/unique_chucks/14/0xc3dc5b72cba5922b95ebc81606b2581e577feca0.sol#300) is not in mixedCase
Parameter '_values' of TokedoExchange.adminTrade (/unique_chucks/14/0xc3dc5b72cba5922b95ebc81606b2581e577feca0.sol#307) is not in mixedCase
Parameter '_addresses' of TokedoExchange.adminTrade (/unique_chucks/14/0xc3dc5b72cba5922b95ebc81606b2581e577feca0.sol#307) is not in mixedCase
Parameter '_v' of TokedoExchange.adminTrade (/unique_chucks/14/0xc3dc5b72cba5922b95ebc81606b2581e577feca0.sol#307) is not in mixedCase
Parameter '_rs' of TokedoExchange.adminTrade (/unique_chucks/14/0xc3dc5b72cba5922b95ebc81606b2581e577feca0.sol#307-308) is not in mixedCase
Parameter '_number' of TokedoExchange.toWei (/unique_chucks/14/0xc3dc5b72cba5922b95ebc81606b2581e577feca0.sol) is not in mixedCase
Parameter '_token' of TokedoExchange.toWei (/unique_chucks/14/0xc3dc5b72cba5922b95ebc81606b2581e577feca0.sol) is not in mixedCase
Parameter '_number' of TokedoExchange.fromWei (/unique_chucks/14/0xc3dc5b72cba5922b95ebc81606b2581e577feca0.sol) is not in mixedCase
Parameter '_token' of TokedoExchange.fromWei (/unique_chucks/14/0xc3dc5b72cba5922b95ebc81606b2581e577feca0.sol) is not in mixedCase
Constant 'TokedoExchange.maxFeeWithdrawal' (/unique_chucks/14/0xc3dc5b72cba5922b95ebc81606b2581e577feca0.sol#104) is not in UPPER_CASE_WITH_UNDERSCORES
Constant 'TokedoExchange.maxFeeTrade' (/unique_chucks/14/0xc3dc5b72cba5922b95ebc81606b2581e577feca0.sol#106-107) is not in UPPER_CASE_WITH_UNDERSCORES
Reference: https://github.com/trailofbits/slither/wiki/Detectors-Documentation#conformance-to-solidity-naming-conventions[0m
INFO:Slither:/unique_chucks/14/0xc3dc5b72cba5922b95ebc81606b2581e577feca0.sol analyzed (5 contracts), 90 result(s) found