INFO:Slither:Compilation warnings/errors on /unique_chucks/8/0x0e6a7ccdf837955babe2c3c1f794f51b9b7b1995.sol:
/unique_chucks/8/0x0e6a7ccdf837955babe2c3c1f794f51b9b7b1995.sol:196:5: Warning: Defining constructors as functions with the same name as the contract is deprecated. Use "constructor(...) { ... }" instead.
    function DSCCoin() public {
    ^ (Relevant source part starts here and spans across multiple lines).
/unique_chucks/8/0x0e6a7ccdf837955babe2c3c1f794f51b9b7b1995.sol:69:5: Warning: Invoking events without "emit" prefix is deprecated.
    Transfer(msg.sender, _to, _value);
    ^-------------------------------^
/unique_chucks/8/0x0e6a7ccdf837955babe2c3c1f794f51b9b7b1995.sol:121:5: Warning: Invoking events without "emit" prefix is deprecated.
    Transfer(_from, _to, _value);
    ^--------------------------^
/unique_chucks/8/0x0e6a7ccdf837955babe2c3c1f794f51b9b7b1995.sol:137:5: Warning: Invoking events without "emit" prefix is deprecated.
    Approval(msg.sender, _spender, _value);
    ^------------------------------------^
/unique_chucks/8/0x0e6a7ccdf837955babe2c3c1f794f51b9b7b1995.sol:163:5: Warning: Invoking events without "emit" prefix is deprecated.
    Approval(msg.sender, _spender, allowed[msg.sender][_spender]);
    ^-----------------------------------------------------------^
/unique_chucks/8/0x0e6a7ccdf837955babe2c3c1f794f51b9b7b1995.sol:184:5: Warning: Invoking events without "emit" prefix is deprecated.
    Approval(msg.sender, _spender, allowed[msg.sender][_spender]);
    ^-----------------------------------------------------------^

INFO:Detectors:[92m
DSCCoin.INITIAL_SUPPLY should be constant (/unique_chucks/8/0x0e6a7ccdf837955babe2c3c1f794f51b9b7b1995.sol)
DSCCoin.decimals should be constant (/unique_chucks/8/0x0e6a7ccdf837955babe2c3c1f794f51b9b7b1995.sol#198-200)
DSCCoin.name should be constant (/unique_chucks/8/0x0e6a7ccdf837955babe2c3c1f794f51b9b7b1995.sol#197-198)
DSCCoin.symbol should be constant (/unique_chucks/8/0x0e6a7ccdf837955babe2c3c1f794f51b9b7b1995.sol#198)
Reference: https://github.com/trailofbits/slither/wiki/Detectors-Documentation#state-variables-that-could-be-declared-constant[0m
INFO:Detectors:[92m
ERC20Basic.balanceOf (/unique_chucks/8/0x0e6a7ccdf837955babe2c3c1f794f51b9b7b1995.sol#43-44) should be declared external
BasicToken.balanceOf (/unique_chucks/8/0x0e6a7ccdf837955babe2c3c1f794f51b9b7b1995.sol#79-86) should be declared external
BasicToken.transfer (/unique_chucks/8/0x0e6a7ccdf837955babe2c3c1f794f51b9b7b1995.sol#62-75) should be declared external
ERC20Basic.transfer (/unique_chucks/8/0x0e6a7ccdf837955babe2c3c1f794f51b9b7b1995.sol#44-45) should be declared external
ERC20.allowance (/unique_chucks/8/0x0e6a7ccdf837955babe2c3c1f794f51b9b7b1995.sol#90) should be declared external
StandardToken.allowance (/unique_chucks/8/0x0e6a7ccdf837955babe2c3c1f794f51b9b7b1995.sol#152-154) should be declared external
StandardToken.transferFrom (/unique_chucks/8/0x0e6a7ccdf837955babe2c3c1f794f51b9b7b1995.sol#114-128) should be declared external
ERC20.transferFrom (/unique_chucks/8/0x0e6a7ccdf837955babe2c3c1f794f51b9b7b1995.sol#91-92) should be declared external
ERC20.approve (/unique_chucks/8/0x0e6a7ccdf837955babe2c3c1f794f51b9b7b1995.sol#92-96) should be declared external
StandardToken.approve (/unique_chucks/8/0x0e6a7ccdf837955babe2c3c1f794f51b9b7b1995.sol#137-143) should be declared external
StandardToken.increaseApproval (/unique_chucks/8/0x0e6a7ccdf837955babe2c3c1f794f51b9b7b1995.sol#162-171) should be declared external
StandardToken.decreaseApproval (/unique_chucks/8/0x0e6a7ccdf837955babe2c3c1f794f51b9b7b1995.sol#179-194) should be declared external
Reference: https://github.com/trailofbits/slither/wiki/Detectors-Documentation#public-function-that-could-be-declared-as-external[0m
INFO:Detectors:[92m
Detected issues with version pragma in /unique_chucks/8/0x0e6a7ccdf837955babe2c3c1f794f51b9b7b1995.sol:
	- pragma solidity^0.4.18 (/unique_chucks/8/0x0e6a7ccdf837955babe2c3c1f794f51b9b7b1995.sol#1): it allows old versions
Reference: https://github.com/trailofbits/slither/wiki/Detectors-Documentation#incorrect-version-of-solidity[0m
INFO:Detectors:[92m
Parameter '_owner' of BasicToken.balanceOf (/unique_chucks/8/0x0e6a7ccdf837955babe2c3c1f794f51b9b7b1995.sol#79-82) is not in mixedCase
Parameter '_to' of BasicToken.transfer (/unique_chucks/8/0x0e6a7ccdf837955babe2c3c1f794f51b9b7b1995.sol#63) is not in mixedCase
Parameter '_value' of BasicToken.transfer (/unique_chucks/8/0x0e6a7ccdf837955babe2c3c1f794f51b9b7b1995.sol#63-64) is not in mixedCase
Parameter '_owner' of StandardToken.allowance (/unique_chucks/8/0x0e6a7ccdf837955babe2c3c1f794f51b9b7b1995.sol#152) is not in mixedCase
Parameter '_spender' of StandardToken.allowance (/unique_chucks/8/0x0e6a7ccdf837955babe2c3c1f794f51b9b7b1995.sol#152) is not in mixedCase
Parameter '_from' of StandardToken.transferFrom (/unique_chucks/8/0x0e6a7ccdf837955babe2c3c1f794f51b9b7b1995.sol#115) is not in mixedCase
Parameter '_to' of StandardToken.transferFrom (/unique_chucks/8/0x0e6a7ccdf837955babe2c3c1f794f51b9b7b1995.sol#115) is not in mixedCase
Parameter '_value' of StandardToken.transferFrom (/unique_chucks/8/0x0e6a7ccdf837955babe2c3c1f794f51b9b7b1995.sol#116) is not in mixedCase
Parameter '_spender' of StandardToken.approve (/unique_chucks/8/0x0e6a7ccdf837955babe2c3c1f794f51b9b7b1995.sol#137-138) is not in mixedCase
Parameter '_value' of StandardToken.approve (/unique_chucks/8/0x0e6a7ccdf837955babe2c3c1f794f51b9b7b1995.sol#138-139) is not in mixedCase
Parameter '_spender' of StandardToken.increaseApproval (/unique_chucks/8/0x0e6a7ccdf837955babe2c3c1f794f51b9b7b1995.sol#163) is not in mixedCase
Parameter '_addedValue' of StandardToken.increaseApproval (/unique_chucks/8/0x0e6a7ccdf837955babe2c3c1f794f51b9b7b1995.sol#163) is not in mixedCase
Parameter '_spender' of StandardToken.decreaseApproval (/unique_chucks/8/0x0e6a7ccdf837955babe2c3c1f794f51b9b7b1995.sol#180) is not in mixedCase
Parameter '_subtractedValue' of StandardToken.decreaseApproval (/unique_chucks/8/0x0e6a7ccdf837955babe2c3c1f794f51b9b7b1995.sol#180-182) is not in mixedCase
Function 'DSCCoin.DSCCoin' (/unique_chucks/8/0x0e6a7ccdf837955babe2c3c1f794f51b9b7b1995.sol) is not in mixedCase
Variable 'DSCCoin.INITIAL_SUPPLY' (/unique_chucks/8/0x0e6a7ccdf837955babe2c3c1f794f51b9b7b1995.sol) is not in mixedCase
Reference: https://github.com/trailofbits/slither/wiki/Detectors-Documentation#conformance-to-solidity-naming-conventions[0m
INFO:Slither:/unique_chucks/8/0x0e6a7ccdf837955babe2c3c1f794f51b9b7b1995.sol analyzed (6 contracts), 30 result(s) found