INFO:Slither:Compilation warnings/errors on /unique_chucks/14/0x51d32fb6c763878f44f93907d7f88fd9ef370595.sol:
/unique_chucks/14/0x51d32fb6c763878f44f93907d7f88fd9ef370595.sol:67:3: Warning: Defining constructors as functions with the same name as the contract is deprecated. Use "constructor(...) { ... }" instead.
  function Ownable() public {
  ^ (Relevant source part starts here and spans across multiple lines).
/unique_chucks/14/0x51d32fb6c763878f44f93907d7f88fd9ef370595.sol:243:5: Warning: Defining constructors as functions with the same name as the contract is deprecated. Use "constructor(...) { ... }" instead.
    function ChronosAccessControl() public {
    ^ (Relevant source part starts here and spans across multiple lines).
/unique_chucks/14/0x51d32fb6c763878f44f93907d7f88fd9ef370595.sol:421:5: Warning: Defining constructors as functions with the same name as the contract is deprecated. Use "constructor(...) { ... }" instead.
    function ChronosCore(uint256 _price, uint256 _timeout, uint256 _minimumTimeout, uint256 _numberOfWagersToMinimumTimeout) public {
    ^ (Relevant source part starts here and spans across multiple lines).
/unique_chucks/14/0x51d32fb6c763878f44f93907d7f88fd9ef370595.sol:85:5: Warning: Invoking events without "emit" prefix is deprecated.
    OwnershipTransferred(owner, newOwner);
    ^-----------------------------------^
/unique_chucks/14/0x51d32fb6c763878f44f93907d7f88fd9ef370595.sol:120:5: Warning: Invoking events without "emit" prefix is deprecated.
    OwnershipTransferred(owner, pendingOwner);
    ^---------------------------------------^
/unique_chucks/14/0x51d32fb6c763878f44f93907d7f88fd9ef370595.sol:159:5: Warning: Invoking events without "emit" prefix is deprecated.
    Pause();
    ^-----^
/unique_chucks/14/0x51d32fb6c763878f44f93907d7f88fd9ef370595.sol:167:5: Warning: Invoking events without "emit" prefix is deprecated.
    Unpause();
    ^-------^
/unique_chucks/14/0x51d32fb6c763878f44f93907d7f88fd9ef370595.sol:343:13: Warning: Using contract member "balance" inherited from the address type is deprecated. Convert the contract to "address" type to access the member, for example use "address(contract).balance" instead.
    require(this.balance >= payment);
            ^----------^
/unique_chucks/14/0x51d32fb6c763878f44f93907d7f88fd9ef370595.sol:411:31: Warning: Using contract member "balance" inherited from the address type is deprecated. Convert the contract to "address" type to access the member, for example use "address(contract).balance" instead.
        uint256 freeBalance = this.balance.sub(totalPayments).sub(prizePool).sub(wagerPool);
                              ^----------^
/unique_chucks/14/0x51d32fb6c763878f44f93907d7f88fd9ef370595.sol:428:9: Warning: Invoking events without "emit" prefix is deprecated.
        NextGame(nextPrice, nextTimeout, nextMinimumTimeout, nextNumberOfWagersToMinimumTimeout);
        ^--------------------------------------------------------------------------------------^
/unique_chucks/14/0x51d32fb6c763878f44f93907d7f88fd9ef370595.sol:463:13: Warning: Invoking events without "emit" prefix is deprecated.
            Start(msg.sender, block.timestamp, price, timeout, minimumTimeout, numberOfWagersToMinimumTimeout);
            ^------------------------------------------------------------------------------------------------^
/unique_chucks/14/0x51d32fb6c763878f44f93907d7f88fd9ef370595.sol:483:9: Warning: Invoking events without "emit" prefix is deprecated.
        Play(msg.sender, block.timestamp, lastWagerTimeoutTimestamp, wagerIndex, prizePool);
        ^---------------------------------------------------------------------------------^
/unique_chucks/14/0x51d32fb6c763878f44f93907d7f88fd9ef370595.sol:527:9: Warning: Invoking events without "emit" prefix is deprecated.
        NextGame(nextPrice, nextTimeout, nextMinimumTimeout, nextNumberOfWagersToMinimumTimeout);
        ^--------------------------------------------------------------------------------------^
/unique_chucks/14/0x51d32fb6c763878f44f93907d7f88fd9ef370595.sol:555:9: Warning: Invoking events without "emit" prefix is deprecated.
        End(lastPlayer, lastWagerTimeoutTimestamp, prize);
        ^-----------------------------------------------^

INFO:Detectors:[91m
ChronosCore.play (/unique_chucks/14/0x51d32fb6c763878f44f93907d7f88fd9ef370595.sol#448-520) sends eth to arbitrary user
	Dangerous calls:
	- msg.sender.transfer(wagerPool) (/unique_chucks/14/0x51d32fb6c763878f44f93907d7f88fd9ef370595.sol#506)
Reference: https://github.com/trailofbits/slither/wiki/Detectors-Documentation#functions-that-send-ether-to-arbitrary-destinations[0m
INFO:Detectors:[92m
ChronosCore._processGameEnd (/unique_chucks/14/0x51d32fb6c763878f44f93907d7f88fd9ef370595.sol#551-569) uses timestamp for comparisons
	Dangerous comparisons:
	- block.timestamp <= lastWagerTimeoutTimestamp (/unique_chucks/14/0x51d32fb6c763878f44f93907d7f88fd9ef370595.sol#557-562)
Reference: https://github.com/trailofbits/slither/wiki/Detectors-Documentation#block-timestamp[0m
INFO:Detectors:[92m
ChronosFinance.feePercentage should be constant (/unique_chucks/14/0x51d32fb6c763878f44f93907d7f88fd9ef370595.sol#379-381)
Reference: https://github.com/trailofbits/slither/wiki/Detectors-Documentation#state-variables-that-could-be-declared-constant[0m
INFO:Detectors:[92m
Claimable.transferOwnership (/unique_chucks/14/0x51d32fb6c763878f44f93907d7f88fd9ef370595.sol#117-119) should be declared external
Ownable.transferOwnership (/unique_chucks/14/0x51d32fb6c763878f44f93907d7f88fd9ef370595.sol#84-94) should be declared external
Claimable.claimOwnership (/unique_chucks/14/0x51d32fb6c763878f44f93907d7f88fd9ef370595.sol#121-131) should be declared external
Pausable.pause (/unique_chucks/14/0x51d32fb6c763878f44f93907d7f88fd9ef370595.sol#163-167) should be declared external
Pausable.unpause (/unique_chucks/14/0x51d32fb6c763878f44f93907d7f88fd9ef370595.sol#175-178) should be declared external
ERC20Basic.totalSupply (/unique_chucks/14/0x51d32fb6c763878f44f93907d7f88fd9ef370595.sol#180-181) should be declared external
ERC20Basic.balanceOf (/unique_chucks/14/0x51d32fb6c763878f44f93907d7f88fd9ef370595.sol#181-186) should be declared external
ERC20Basic.transfer (/unique_chucks/14/0x51d32fb6c763878f44f93907d7f88fd9ef370595.sol#187-189) should be declared external
ERC20.allowance (/unique_chucks/14/0x51d32fb6c763878f44f93907d7f88fd9ef370595.sol#192-193) should be declared external
ERC20.transferFrom (/unique_chucks/14/0x51d32fb6c763878f44f93907d7f88fd9ef370595.sol#193-199) should be declared external
ERC20.approve (/unique_chucks/14/0x51d32fb6c763878f44f93907d7f88fd9ef370595.sol#199-200) should be declared external
PullPayment.withdrawPayments (/unique_chucks/14/0x51d32fb6c763878f44f93907d7f88fd9ef370595.sol#352-359) should be declared external
Reference: https://github.com/trailofbits/slither/wiki/Detectors-Documentation#public-function-that-could-be-declared-as-external[0m
INFO:Detectors:[92m
Detected issues with version pragma in /unique_chucks/14/0x51d32fb6c763878f44f93907d7f88fd9ef370595.sol:
	- pragma solidity^0.4.18 (/unique_chucks/14/0x51d32fb6c763878f44f93907d7f88fd9ef370595.sol#1): it allows old versions
Reference: https://github.com/trailofbits/slither/wiki/Detectors-Documentation#incorrect-version-of-solidity[0m
INFO:Detectors:[92m
Function 'Ownable.Ownable' (/unique_chucks/14/0x51d32fb6c763878f44f93907d7f88fd9ef370595.sol#72) is not in mixedCase
Function 'ChronosAccessControl.ChronosAccessControl' (/unique_chucks/14/0x51d32fb6c763878f44f93907d7f88fd9ef370595.sol#250-254) is not in mixedCase
Parameter '_newCFO' of ChronosAccessControl.setCFO (/unique_chucks/14/0x51d32fb6c763878f44f93907d7f88fd9ef370595.sol#268) is not in mixedCase
Parameter '_gameStarterDividendPercentage' of ChronosFinance.setGameStartedDividendPercentage (/unique_chucks/14/0x51d32fb6c763878f44f93907d7f88fd9ef370595.sol#393-394) is not in mixedCase
Function 'ChronosFinance._sendFunds' (/unique_chucks/14/0x51d32fb6c763878f44f93907d7f88fd9ef370595.sol#404-421) is not in mixedCase
Function 'ChronosCore.ChronosCore' (/unique_chucks/14/0x51d32fb6c763878f44f93907d7f88fd9ef370595.sol#428-434) is not in mixedCase
Parameter '_price' of ChronosCore.ChronosCore (/unique_chucks/14/0x51d32fb6c763878f44f93907d7f88fd9ef370595.sol#428) is not in mixedCase
Parameter '_timeout' of ChronosCore.ChronosCore (/unique_chucks/14/0x51d32fb6c763878f44f93907d7f88fd9ef370595.sol#428-430) is not in mixedCase
Parameter '_minimumTimeout' of ChronosCore.ChronosCore (/unique_chucks/14/0x51d32fb6c763878f44f93907d7f88fd9ef370595.sol#430-431) is not in mixedCase
Parameter '_numberOfWagersToMinimumTimeout' of ChronosCore.ChronosCore (/unique_chucks/14/0x51d32fb6c763878f44f93907d7f88fd9ef370595.sol#431) is not in mixedCase
Parameter '_price' of ChronosCore.setNextGame (/unique_chucks/14/0x51d32fb6c763878f44f93907d7f88fd9ef370595.sol#531) is not in mixedCase
Parameter '_timeout' of ChronosCore.setNextGame (/unique_chucks/14/0x51d32fb6c763878f44f93907d7f88fd9ef370595.sol#531-532) is not in mixedCase
Parameter '_minimumTimeout' of ChronosCore.setNextGame (/unique_chucks/14/0x51d32fb6c763878f44f93907d7f88fd9ef370595.sol#532-533) is not in mixedCase
Parameter '_numberOfWagersToMinimumTimeout' of ChronosCore.setNextGame (/unique_chucks/14/0x51d32fb6c763878f44f93907d7f88fd9ef370595.sol#533-535) is not in mixedCase
Function 'ChronosCore._processGameEnd' (/unique_chucks/14/0x51d32fb6c763878f44f93907d7f88fd9ef370595.sol#551-569) is not in mixedCase
Reference: https://github.com/trailofbits/slither/wiki/Detectors-Documentation#conformance-to-solidity-naming-conventions[0m
INFO:Slither:/unique_chucks/14/0x51d32fb6c763878f44f93907d7f88fd9ef370595.sol analyzed (13 contracts), 31 result(s) found