2019-07-24 08:16:41,871: [12] m.main:INFO: Registered plugins: DetectUnusedRetVal, DetectSuicidal, DetectReentrancySimple, DetectInvalid, DetectDelegatecall, DetectEnvInstruction, DetectUninitializedStorage, DetectIntegerOverflow, DetectReentrancyAdvanced, DetectExternalCallAndLeak, DetectUninitializedMemory
2019-07-24 08:16:41,871: [12] m.main:INFO: Beginning analysis
2019-07-24 08:16:41,881: [12] m.e.manticore:INFO: Starting symbolic create contract
2019-07-24 08:16:46,887: [12] m.e.manticore:INFO: Starting symbolic transaction: 0
2019-07-24 08:17:00,778: [481] m.e.detectors:WARNING: Potentially reading uninitialized storage
2019-07-24 08:17:04,464: [12] m.e.manticore:INFO: 6 alive states, 13 terminated states
2019-07-24 08:17:06,485: [12] m.e.manticore:INFO: Starting symbolic transaction: 1
2019-07-24 08:17:56,058: [2342] m.e.detectors:WARNING: Potentially reading uninitialized storage
2019-07-24 08:17:59,522: [2336] m.e.detectors:WARNING: Potentially reading uninitialized storage
2019-07-24 08:18:08,962: [2338] m.e.detectors:WARNING: Potentially reading uninitialized storage
2019-07-24 08:18:40,854: [2336] m.e.detectors:WARNING: Potentially reading uninitialized storage
2019-07-24 08:18:44,374: [2343] m.e.detectors:WARNING: Potentially reading uninitialized storage
2019-07-24 08:19:06,069: [2336] m.e.detectors:WARNING: Potentially reading uninitialized storage
2019-07-24 08:19:20,485: [12] m.e.manticore:INFO: 36 alive states, 91 terminated states
2019-07-24 08:19:22,464: [12378] m.c.manticore:INFO: Generated testcase No. 0 - RETURN(3 txs)
2019-07-24 08:19:22,509: [12380] m.c.manticore:INFO: Generated testcase No. 1 - RETURN(3 txs)
2019-07-24 08:19:22,742: [12382] m.c.manticore:INFO: Generated testcase No. 2 - RETURN(3 txs)
2019-07-24 08:19:22,949: [12386] m.c.manticore:INFO: Generated testcase No. 3 - RETURN(3 txs)
2019-07-24 08:19:23,065: [12392] m.c.manticore:INFO: Generated testcase No. 4 - RETURN(3 txs)
2019-07-24 08:19:23,261: [12410] m.c.manticore:INFO: Generated testcase No. 5 - RETURN(3 txs)
2019-07-24 08:19:23,335: [12398] m.c.manticore:INFO: Generated testcase No. 6 - RETURN(3 txs)
2019-07-24 08:19:23,612: [12406] m.c.manticore:INFO: Generated testcase No. 7 - RETURN(3 txs)
2019-07-24 08:19:23,663: [12397] m.c.manticore:INFO: Generated testcase No. 8 - RETURN(3 txs)
2019-07-24 08:19:23,954: [12401] m.c.manticore:INFO: Generated testcase No. 9 - RETURN(3 txs)
2019-07-24 08:20:09,916: [12392] m.c.manticore:INFO: Generated testcase No. 10 - RETURN(3 txs)
2019-07-24 08:20:09,955: [12378] m.c.manticore:INFO: Generated testcase No. 11 - RETURN(3 txs)
2019-07-24 08:20:10,943: [12398] m.c.manticore:INFO: Generated testcase No. 13 - RETURN(3 txs)
2019-07-24 08:20:10,947: [12382] m.c.manticore:INFO: Generated testcase No. 12 - RETURN(3 txs)
2019-07-24 08:20:12,015: [12406] m.c.manticore:INFO: Generated testcase No. 14 - RETURN(3 txs)
2019-07-24 08:20:14,512: [12401] m.c.manticore:INFO: Generated testcase No. 15 - RETURN(3 txs)
2019-07-24 08:20:15,833: [12386] m.c.manticore:INFO: Generated testcase No. 16 - RETURN(3 txs)
2019-07-24 08:20:15,866: [12410] m.c.manticore:INFO: Generated testcase No. 17 - RETURN(3 txs)
2019-07-24 08:20:27,738: [12380] m.c.manticore:INFO: Generated testcase No. 18 - RETURN(3 txs)
2019-07-24 08:20:30,763: [12397] m.c.manticore:INFO: Generated testcase No. 19 - RETURN(3 txs)
2019-07-24 08:20:55,752: [12410] m.c.manticore:INFO: Generated testcase No. 20 - RETURN(3 txs)
2019-07-24 08:20:55,856: [12406] m.c.manticore:INFO: Generated testcase No. 21 - RETURN(3 txs)
2019-07-24 08:20:56,223: [12382] m.c.manticore:INFO: Generated testcase No. 22 - RETURN(3 txs)
2019-07-24 08:20:57,965: [12392] m.c.manticore:INFO: Generated testcase No. 23 - RETURN(3 txs)
2019-07-24 08:21:01,629: [12398] m.c.manticore:INFO: Generated testcase No. 24 - RETURN(3 txs)
2019-07-24 08:21:03,255: [12401] m.c.manticore:INFO: Generated testcase No. 25 - RETURN(3 txs)
2019-07-24 08:21:07,845: [12378] m.c.manticore:INFO: Generated testcase No. 26 - RETURN(3 txs)
2019-07-24 08:21:09,772: [12386] m.c.manticore:INFO: Generated testcase No. 27 - RETURN(3 txs)
2019-07-24 08:21:15,849: [12380] m.c.manticore:INFO: Generated testcase No. 28 - RETURN(3 txs)
2019-07-24 08:21:26,964: [12397] m.c.manticore:INFO: Generated testcase No. 29 - RETURN(3 txs)
2019-07-24 08:21:39,230: [12382] m.c.manticore:INFO: Generated testcase No. 30 - RETURN(3 txs)
2019-07-24 08:21:43,531: [12410] m.c.manticore:INFO: Generated testcase No. 31 - RETURN(3 txs)
2019-07-24 08:21:45,101: [12406] m.c.manticore:INFO: Generated testcase No. 32 - RETURN(3 txs)
2019-07-24 08:21:45,635: [12392] m.c.manticore:INFO: Generated testcase No. 33 - RETURN(3 txs)
2019-07-24 08:21:51,851: [12378] m.c.manticore:INFO: Generated testcase No. 34 - RETURN(3 txs)
2019-07-24 08:21:52,704: [12398] m.c.manticore:INFO: Generated testcase No. 35 - RETURN(3 txs)
2019-07-24 08:21:53,762: [12380] m.c.manticore:INFO: Generated testcase No. 36 - RETURN(1 txs)
2019-07-24 08:22:03,207: [12401] m.c.manticore:INFO: Generated testcase No. 37 - REVERT(2 txs)
2019-07-24 08:22:03,418: [12386] m.c.manticore:INFO: Generated testcase No. 38 - REVERT(2 txs)
2019-07-24 08:22:20,046: [12397] m.c.manticore:INFO: Generated testcase No. 39 - REVERT(2 txs)
2019-07-24 08:22:26,937: [12382] m.c.manticore:INFO: Generated testcase No. 40 - REVERT(2 txs)
2019-07-24 08:22:30,717: [12392] m.c.manticore:INFO: Generated testcase No. 41 - REVERT(2 txs)
2019-07-24 08:22:30,725: [12380] m.c.manticore:INFO: Generated testcase No. 42 - REVERT(2 txs)
2019-07-24 08:22:34,945: [12410] m.c.manticore:INFO: Generated testcase No. 43 - REVERT(2 txs)
2019-07-24 08:22:39,637: [12406] m.c.manticore:INFO: Generated testcase No. 44 - REVERT(2 txs)
2019-07-24 08:22:43,907: [12386] m.c.manticore:INFO: Generated testcase No. 45 - REVERT(2 txs)
2019-07-24 08:22:45,922: [12398] m.c.manticore:INFO: Generated testcase No. 46 - REVERT(2 txs)
2019-07-24 08:22:46,921: [12401] m.c.manticore:INFO: Generated testcase No. 47 - REVERT(2 txs)
2019-07-24 08:22:47,211: [12378] m.c.manticore:INFO: Generated testcase No. 48 - REVERT(2 txs)
2019-07-24 08:23:01,426: [12397] m.c.manticore:INFO: Generated testcase No. 49 - RETURN(2 txs)
2019-07-24 08:23:08,445: [12382] m.c.manticore:INFO: Generated testcase No. 50 - RETURN(2 txs)
2019-07-24 08:23:14,945: [12380] m.c.manticore:INFO: Generated testcase No. 51 - RETURN(2 txs)
2019-07-24 08:23:17,706: [12392] m.c.manticore:INFO: Generated testcase No. 52 - RETURN(2 txs)
2019-07-24 08:23:20,932: [12406] m.c.manticore:INFO: Generated testcase No. 53 - RETURN(2 txs)
2019-07-24 08:23:24,013: [12410] m.c.manticore:INFO: Generated testcase No. 54 - RETURN(2 txs)
2019-07-24 08:23:25,743: [12378] m.c.manticore:INFO: Generated testcase No. 55 - REVERT(3 txs)
2019-07-24 08:23:25,755: [12386] m.c.manticore:INFO: Generated testcase No. 56 - REVERT(3 txs)
2019-07-24 08:23:35,959: [12401] m.c.manticore:INFO: Generated testcase No. 57 - REVERT(3 txs)
2019-07-24 08:23:36,427: [12398] m.c.manticore:INFO: Generated testcase No. 58 - REVERT(3 txs)
2019-07-24 08:23:47,141: [12397] m.c.manticore:INFO: Generated testcase No. 59 - REVERT(3 txs)
2019-07-24 08:23:49,924: [12382] m.c.manticore:INFO: Generated testcase No. 60 - REVERT(3 txs)
2019-07-24 08:23:59,239: [12380] m.c.manticore:INFO: Generated testcase No. 61 - REVERT(3 txs)
2019-07-24 08:24:02,006: [12392] m.c.manticore:INFO: Generated testcase No. 62 - REVERT(3 txs)
2019-07-24 08:24:02,328: [12410] m.c.manticore:INFO: Generated testcase No. 63 - REVERT(3 txs)
2019-07-24 08:24:03,255: [12406] m.c.manticore:INFO: Generated testcase No. 64 - REVERT(3 txs)
2019-07-24 08:24:14,048: [12378] m.c.manticore:INFO: Generated testcase No. 65 - REVERT(3 txs)
2019-07-24 08:24:15,930: [12386] m.c.manticore:INFO: Generated testcase No. 66 - REVERT(3 txs)
2019-07-24 08:24:21,967: [12401] m.c.manticore:INFO: Generated testcase No. 67 - REVERT(3 txs)
2019-07-24 08:24:28,658: [12398] m.c.manticore:INFO: Generated testcase No. 68 - REVERT(3 txs)
2019-07-24 08:24:38,062: [12397] m.c.manticore:INFO: Generated testcase No. 69 - REVERT(3 txs)
2019-07-24 08:24:42,624: [12382] m.c.manticore:INFO: Generated testcase No. 70 - REVERT(3 txs)
2019-07-24 08:24:49,234: [12406] m.c.manticore:INFO: Generated testcase No. 71 - REVERT(3 txs)
2019-07-24 08:24:49,755: [12410] m.c.manticore:INFO: Generated testcase No. 72 - REVERT(3 txs)
2019-07-24 08:24:50,372: [12392] m.c.manticore:INFO: Generated testcase No. 73 - REVERT(3 txs)
2019-07-24 08:24:55,821: [12380] m.c.manticore:INFO: Generated testcase No. 74 - REVERT(3 txs)
2019-07-24 08:25:05,614: [12378] m.c.manticore:INFO: Generated testcase No. 75 - REVERT(3 txs)
2019-07-24 08:25:07,481: [12401] m.c.manticore:INFO: Generated testcase No. 76 - REVERT(3 txs)
2019-07-24 08:25:08,207: [12386] m.c.manticore:INFO: Generated testcase No. 77 - REVERT(3 txs)
2019-07-24 08:25:16,905: [12398] m.c.manticore:INFO: Generated testcase No. 78 - REVERT(3 txs)
2019-07-24 08:25:19,165: [12397] m.c.manticore:INFO: Generated testcase No. 79 - REVERT(3 txs)
2019-07-24 08:25:37,151: [12382] m.c.manticore:INFO: Generated testcase No. 80 - REVERT(3 txs)
2019-07-24 08:25:37,316: [12410] m.c.manticore:INFO: Generated testcase No. 81 - REVERT(3 txs)
2019-07-24 08:25:41,050: [12406] m.c.manticore:INFO: Generated testcase No. 82 - REVERT(3 txs)
2019-07-24 08:25:47,428: [12392] m.c.manticore:INFO: Generated testcase No. 83 - REVERT(3 txs)
2019-07-24 08:25:49,040: [12380] m.c.manticore:INFO: Generated testcase No. 84 - REVERT(3 txs)
2019-07-24 08:25:49,121: [12378] m.c.manticore:INFO: Generated testcase No. 85 - REVERT(3 txs)
2019-07-24 08:25:51,311: [12386] m.c.manticore:INFO: Generated testcase No. 86 - REVERT(3 txs)
2019-07-24 08:26:04,635: [12401] m.c.manticore:INFO: Generated testcase No. 87 - REVERT(3 txs)
2019-07-24 08:26:13,816: [12397] m.c.manticore:INFO: Generated testcase No. 88 - REVERT(3 txs)
2019-07-24 08:26:15,430: [12398] m.c.manticore:INFO: Generated testcase No. 89 - REVERT(3 txs)
2019-07-24 08:26:23,757: [12382] m.c.manticore:INFO: Generated testcase No. 90 - REVERT(3 txs)
2019-07-24 08:26:31,519: [12410] m.c.manticore:INFO: Generated testcase No. 91 - REVERT(3 txs)
2019-07-24 08:26:34,463: [12380] m.c.manticore:INFO: Generated testcase No. 92 - REVERT(3 txs)
2019-07-24 08:26:35,961: [12392] m.c.manticore:INFO: Generated testcase No. 93 - REVERT(3 txs)
2019-07-24 08:26:37,031: [12406] m.c.manticore:INFO: Generated testcase No. 94 - REVERT(3 txs)
2019-07-24 08:26:37,563: [12386] m.c.manticore:INFO: Generated testcase No. 95 - REVERT(3 txs)
2019-07-24 08:26:47,244: [12378] m.c.manticore:INFO: Generated testcase No. 96 - REVERT(3 txs)
2019-07-24 08:27:04,244: [12401] m.c.manticore:INFO: Generated testcase No. 97 - REVERT(3 txs)
2019-07-24 08:27:08,868: [12397] m.c.manticore:INFO: Generated testcase No. 98 - REVERT(3 txs)
2019-07-24 08:27:12,135: [12398] m.c.manticore:INFO: Generated testcase No. 99 - REVERT(3 txs)
2019-07-24 08:27:17,712: [12382] m.c.manticore:INFO: Generated testcase No. 100 - REVERT(3 txs)
2019-07-24 08:27:24,650: [12386] m.c.manticore:INFO: Generated testcase No. 101 - REVERT(3 txs)
2019-07-24 08:27:27,266: [12406] m.c.manticore:INFO: Generated testcase No. 102 - REVERT(3 txs)
2019-07-24 08:27:27,361: [12392] m.c.manticore:INFO: Generated testcase No. 103 - REVERT(3 txs)
2019-07-24 08:27:28,212: [12410] m.c.manticore:INFO: Generated testcase No. 104 - REVERT(3 txs)
2019-07-24 08:27:36,527: [12380] m.c.manticore:INFO: Generated testcase No. 105 - REVERT(3 txs)
2019-07-24 08:27:40,235: [12378] m.c.manticore:INFO: Generated testcase No. 106 - REVERT(3 txs)
2019-07-24 08:27:51,148: [12401] m.c.manticore:INFO: Generated testcase No. 107 - REVERT(3 txs)
2019-07-24 08:27:56,418: [12397] m.c.manticore:INFO: Generated testcase No. 108 - REVERT(3 txs)
2019-07-24 08:28:02,941: [12398] m.c.manticore:INFO: Generated testcase No. 109 - REVERT(3 txs)
2019-07-24 08:28:20,568: [12382] m.c.manticore:INFO: Generated testcase No. 110 - REVERT(3 txs)
2019-07-24 08:28:22,455: [12410] m.c.manticore:INFO: Generated testcase No. 111 - REVERT(3 txs)
2019-07-24 08:28:27,461: [12406] m.c.manticore:INFO: Generated testcase No. 112 - REVERT(3 txs)
2019-07-24 08:28:28,645: [12392] m.c.manticore:INFO: Generated testcase No. 113 - REVERT(3 txs)
2019-07-24 08:28:31,536: [12386] m.c.manticore:INFO: Generated testcase No. 114 - REVERT(3 txs)
2019-07-24 08:28:32,938: [12378] m.c.manticore:INFO: Generated testcase No. 115 - REVERT(3 txs)
2019-07-24 08:28:37,555: [12380] m.c.manticore:INFO: Generated testcase No. 116 - REVERT(3 txs)
2019-07-24 08:28:47,826: [12401] m.c.manticore:INFO: Generated testcase No. 117 - REVERT(3 txs)
2019-07-24 08:28:59,456: [12397] m.c.manticore:INFO: Generated testcase No. 118 - REVERT(3 txs)
2019-07-24 08:29:04,846: [12398] m.c.manticore:INFO: Generated testcase No. 119 - REVERT(3 txs)
2019-07-24 08:29:13,428: [12410] m.c.manticore:INFO: Generated testcase No. 120 - REVERT(3 txs)
2019-07-24 08:29:15,140: [12406] m.c.manticore:INFO: Generated testcase No. 121 - REVERT(3 txs)
2019-07-24 08:29:16,830: [12382] m.c.manticore:INFO: Generated testcase No. 122 - REVERT(3 txs)
2019-07-24 08:29:26,958: [12392] m.c.manticore:INFO: Generated testcase No. 123 - REVERT(3 txs)
2019-07-24 08:29:28,915: [12386] m.c.manticore:INFO: Generated testcase No. 124 - REVERT(3 txs)
2019-07-24 08:29:31,567: [12378] m.c.manticore:INFO: Generated testcase No. 125 - REVERT(3 txs)
2019-07-24 08:29:32,429: [12380] m.c.manticore:INFO: Generated testcase No. 126 - REVERT(3 txs)
2019-07-24 08:30:11,601: [12] m.c.manticore:INFO: Results in /mcore_3cqv1r8y