2019-08-02 03:44:09,171: [12] m.main:INFO: Registered plugins: DetectReentrancySimple, DetectInvalid, DetectUnusedRetVal, DetectReentrancyAdvanced, DetectUninitializedStorage, DetectIntegerOverflow, DetectSuicidal, DetectExternalCallAndLeak, DetectEnvInstruction, DetectUninitializedMemory, DetectDelegatecall
2019-08-02 03:44:09,172: [12] m.main:INFO: Beginning analysis
2019-08-02 03:44:09,199: [12] m.e.manticore:INFO: Starting symbolic create contract
2019-08-02 03:44:09,290: [56] m.c.manticore:INFO: Generated testcase No. 0 - NO STATE RESULT (?)(0 txs)
2019-08-02 03:44:09,549: [12] m.c.manticore:INFO: Results in /mcore_a7daq77x
2019-08-02 03:44:10,297: [315] m.main:INFO: Registered plugins: DetectIntegerOverflow, DetectDelegatecall, DetectReentrancySimple, DetectInvalid, DetectEnvInstruction, DetectUnusedRetVal, DetectExternalCallAndLeak, DetectUninitializedStorage, DetectUninitializedMemory, DetectSuicidal, DetectReentrancyAdvanced
2019-08-02 03:44:10,297: [315] m.main:INFO: Beginning analysis
2019-08-02 03:44:10,323: [315] m.e.manticore:INFO: Starting symbolic create contract
2019-08-02 03:44:15,196: [315] m.e.manticore:INFO: Starting symbolic transaction: 0
2019-08-02 03:44:30,206: [749] m.c.worker:ERROR: Exception in state 2: TypeError("__copy__() missing 1 required positional argument: 'memo'",)
Traceback (most recent call last):
  File "/usr/local/lib/python3.6/dist-packages/manticore/core/worker.py", line 121, in run
    current_state.execute()
  File "/usr/local/lib/python3.6/dist-packages/manticore/ethereum/state.py", line 6, in execute
    return self._platform.execute()
  File "/usr/local/lib/python3.6/dist-packages/manticore/platforms/evm.py", line 2684, in execute
    self.current_vm.execute()
  File "/usr/local/lib/python3.6/dist-packages/manticore/platforms/evm.py", line 1213, in execute
    result = self._handler(*arguments)
  File "/usr/local/lib/python3.6/dist-packages/manticore/platforms/evm.py", line 1086, in _handler
    return implementation(*arguments)
  File "/usr/local/lib/python3.6/dist-packages/manticore/platforms/evm.py", line 1800, in MSTORE
    value = taint_with(value, taint)
  File "/usr/local/lib/python3.6/dist-packages/manticore/core/smtlib/expression.py", line 96, in taint_with
    arg = copy.copy(arg)
  File "/usr/lib/python3.6/copy.py", line 88, in copy
    return copier(x)
TypeError: __copy__() missing 1 required positional argument: 'memo'
 
2019-08-02 03:44:30,493: [754] m.c.worker:ERROR: Exception in state 5: TypeError("__copy__() missing 1 required positional argument: 'memo'",)
Traceback (most recent call last):
  File "/usr/local/lib/python3.6/dist-packages/manticore/core/worker.py", line 121, in run
    current_state.execute()
  File "/usr/local/lib/python3.6/dist-packages/manticore/ethereum/state.py", line 6, in execute
    return self._platform.execute()
  File "/usr/local/lib/python3.6/dist-packages/manticore/platforms/evm.py", line 2684, in execute
    self.current_vm.execute()
  File "/usr/local/lib/python3.6/dist-packages/manticore/platforms/evm.py", line 1213, in execute
    result = self._handler(*arguments)
  File "/usr/local/lib/python3.6/dist-packages/manticore/platforms/evm.py", line 1086, in _handler
    return implementation(*arguments)
  File "/usr/local/lib/python3.6/dist-packages/manticore/platforms/evm.py", line 1800, in MSTORE
    value = taint_with(value, taint)
  File "/usr/local/lib/python3.6/dist-packages/manticore/core/smtlib/expression.py", line 96, in taint_with
    arg = copy.copy(arg)
  File "/usr/lib/python3.6/copy.py", line 88, in copy
    return copier(x)
TypeError: __copy__() missing 1 required positional argument: 'memo'
 
2019-08-02 03:44:58,217: [315] m.e.manticore:INFO: 2 alive states, 8 terminated states
2019-08-02 03:45:00,666: [315] m.e.manticore:INFO: Starting symbolic transaction: 1
2019-08-02 03:45:30,127: [2613] m.c.worker:ERROR: Exception in state 5: TypeError("__copy__() missing 1 required positional argument: 'memo'",)
Traceback (most recent call last):
  File "/usr/local/lib/python3.6/dist-packages/manticore/core/worker.py", line 121, in run
    current_state.execute()
  File "/usr/local/lib/python3.6/dist-packages/manticore/ethereum/state.py", line 6, in execute
    return self._platform.execute()
  File "/usr/local/lib/python3.6/dist-packages/manticore/platforms/evm.py", line 2684, in execute
    self.current_vm.execute()
  File "/usr/local/lib/python3.6/dist-packages/manticore/platforms/evm.py", line 1213, in execute
    result = self._handler(*arguments)
  File "/usr/local/lib/python3.6/dist-packages/manticore/platforms/evm.py", line 1086, in _handler
    return implementation(*arguments)
  File "/usr/local/lib/python3.6/dist-packages/manticore/platforms/evm.py", line 1800, in MSTORE
    value = taint_with(value, taint)
  File "/usr/local/lib/python3.6/dist-packages/manticore/core/smtlib/expression.py", line 96, in taint_with
    arg = copy.copy(arg)
  File "/usr/lib/python3.6/copy.py", line 88, in copy
    return copier(x)
TypeError: __copy__() missing 1 required positional argument: 'memo'
 
2019-08-02 03:45:32,076: [2623] m.c.worker:ERROR: Exception in state 8: TypeError("__copy__() missing 1 required positional argument: 'memo'",)
Traceback (most recent call last):
  File "/usr/local/lib/python3.6/dist-packages/manticore/core/worker.py", line 121, in run
    current_state.execute()
  File "/usr/local/lib/python3.6/dist-packages/manticore/ethereum/state.py", line 6, in execute
    return self._platform.execute()
  File "/usr/local/lib/python3.6/dist-packages/manticore/platforms/evm.py", line 2684, in execute
    self.current_vm.execute()
  File "/usr/local/lib/python3.6/dist-packages/manticore/platforms/evm.py", line 1213, in execute
    result = self._handler(*arguments)
  File "/usr/local/lib/python3.6/dist-packages/manticore/platforms/evm.py", line 1086, in _handler
    return implementation(*arguments)
  File "/usr/local/lib/python3.6/dist-packages/manticore/platforms/evm.py", line 1800, in MSTORE
    value = taint_with(value, taint)
  File "/usr/local/lib/python3.6/dist-packages/manticore/core/smtlib/expression.py", line 96, in taint_with
    arg = copy.copy(arg)
  File "/usr/lib/python3.6/copy.py", line 88, in copy
    return copier(x)
TypeError: __copy__() missing 1 required positional argument: 'memo'
 
2019-08-02 03:45:32,540: [2609] m.c.worker:ERROR: Exception in state 3: TypeError("__copy__() missing 1 required positional argument: 'memo'",)
Traceback (most recent call last):
  File "/usr/local/lib/python3.6/dist-packages/manticore/core/worker.py", line 121, in run
    current_state.execute()
  File "/usr/local/lib/python3.6/dist-packages/manticore/ethereum/state.py", line 6, in execute
    return self._platform.execute()
  File "/usr/local/lib/python3.6/dist-packages/manticore/platforms/evm.py", line 2684, in execute
    self.current_vm.execute()
  File "/usr/local/lib/python3.6/dist-packages/manticore/platforms/evm.py", line 1213, in execute
    result = self._handler(*arguments)
  File "/usr/local/lib/python3.6/dist-packages/manticore/platforms/evm.py", line 1086, in _handler
    return implementation(*arguments)
  File "/usr/local/lib/python3.6/dist-packages/manticore/platforms/evm.py", line 1800, in MSTORE
    value = taint_with(value, taint)
  File "/usr/local/lib/python3.6/dist-packages/manticore/core/smtlib/expression.py", line 96, in taint_with
    arg = copy.copy(arg)
  File "/usr/lib/python3.6/copy.py", line 88, in copy
    return copier(x)
TypeError: __copy__() missing 1 required positional argument: 'memo'
 
2019-08-02 03:45:32,589: [2611] m.c.worker:ERROR: Exception in state 4: TypeError("__copy__() missing 1 required positional argument: 'memo'",)
Traceback (most recent call last):
  File "/usr/local/lib/python3.6/dist-packages/manticore/core/worker.py", line 121, in run
    current_state.execute()
  File "/usr/local/lib/python3.6/dist-packages/manticore/ethereum/state.py", line 6, in execute
    return self._platform.execute()
  File "/usr/local/lib/python3.6/dist-packages/manticore/platforms/evm.py", line 2684, in execute
    self.current_vm.execute()
  File "/usr/local/lib/python3.6/dist-packages/manticore/platforms/evm.py", line 1213, in execute
    result = self._handler(*arguments)
  File "/usr/local/lib/python3.6/dist-packages/manticore/platforms/evm.py", line 1086, in _handler
    return implementation(*arguments)
  File "/usr/local/lib/python3.6/dist-packages/manticore/platforms/evm.py", line 1800, in MSTORE
    value = taint_with(value, taint)
  File "/usr/local/lib/python3.6/dist-packages/manticore/core/smtlib/expression.py", line 96, in taint_with
    arg = copy.copy(arg)
  File "/usr/lib/python3.6/copy.py", line 88, in copy
    return copier(x)
TypeError: __copy__() missing 1 required positional argument: 'memo'
 
2019-08-02 03:46:08,523: [315] m.e.manticore:INFO: 4 alive states, 25 terminated states
2019-08-02 03:46:11,256: [6114] m.c.manticore:INFO: Generated testcase No. 0 - STOP(3 txs)
2019-08-02 03:46:11,376: [6132] m.c.manticore:INFO: Generated testcase No. 1 - RETURN(1 txs)
2019-08-02 03:46:11,382: [6125] m.c.manticore:INFO: Generated testcase No. 4 - RETURN(3 txs)
2019-08-02 03:46:11,392: [6116] m.c.manticore:INFO: Generated testcase No. 2 - STOP(3 txs)
2019-08-02 03:46:11,407: [6140] m.c.manticore:INFO: Generated testcase No. 7 - REVERT(2 txs)
2019-08-02 03:46:11,413: [6123] m.c.manticore:INFO: Generated testcase No. 3 - RETURN(3 txs)
2019-08-02 03:46:11,488: [6130] m.c.manticore:INFO: Generated testcase No. 6 - REVERT(2 txs)
2019-08-02 03:46:11,498: [6134] m.c.manticore:INFO: Generated testcase No. 5 - REVERT(2 txs)
2019-08-02 03:46:11,582: [6137] m.c.manticore:INFO: Generated testcase No. 8 - REVERT(2 txs)
2019-08-02 03:46:34,878: [6132] m.c.manticore:INFO: Generated testcase No. 9 - REVERT(2 txs)
2019-08-02 03:46:35,936: [6137] m.c.manticore:INFO: Generated testcase No. 10 - REVERT(2 txs)
2019-08-02 03:46:36,594: [6130] m.c.manticore:INFO: Generated testcase No. 11 - REVERT(2 txs)
2019-08-02 03:46:36,982: [6140] m.c.manticore:INFO: Generated testcase No. 12 - STOP(2 txs)
2019-08-02 03:46:37,815: [6123] m.c.manticore:INFO: Generated testcase No. 13 - RETURN(2 txs)
2019-08-02 03:46:38,126: [6134] m.c.manticore:INFO: Generated testcase No. 14 - REVERT(3 txs)
2019-08-02 03:46:38,781: [6125] m.c.manticore:INFO: Generated testcase No. 15 - REVERT(3 txs)
2019-08-02 03:46:38,828: [6116] m.c.manticore:INFO: Generated testcase No. 16 - REVERT(3 txs)
2019-08-02 03:46:39,934: [6114] m.c.manticore:INFO: Generated testcase No. 17 - REVERT(3 txs)
2019-08-02 03:47:01,181: [6132] m.c.manticore:INFO: Generated testcase No. 19 - REVERT(3 txs)
2019-08-02 03:47:01,505: [6137] m.c.manticore:INFO: Generated testcase No. 18 - REVERT(3 txs)
2019-08-02 03:47:03,113: [6140] m.c.manticore:INFO: Generated testcase No. 20 - REVERT(3 txs)
2019-08-02 03:47:04,178: [6130] m.c.manticore:INFO: Generated testcase No. 21 - REVERT(3 txs)
2019-08-02 03:47:04,792: [6123] m.c.manticore:INFO: Generated testcase No. 22 - REVERT(3 txs)
2019-08-02 03:47:05,613: [6116] m.c.manticore:INFO: Generated testcase No. 23 - REVERT(3 txs)
2019-08-02 03:47:06,574: [6134] m.c.manticore:INFO: Generated testcase No. 24 - REVERT(3 txs)
2019-08-02 03:47:07,777: [6125] m.c.manticore:INFO: Generated testcase No. 25 - REVERT(3 txs)
2019-08-02 03:47:08,610: [6114] m.c.manticore:INFO: Generated testcase No. 26 - REVERT(3 txs)
2019-08-02 03:47:28,874: [6132] m.c.manticore:INFO: Generated testcase No. 27 - REVERT(3 txs)
2019-08-02 03:47:29,824: [6137] m.c.manticore:INFO: Generated testcase No. 28 - REVERT(3 txs)
2019-08-02 03:47:31,425: [6123] m.c.manticore:INFO: Generated testcase No. 29 - STOP(1 txs)
2019-08-02 03:47:32,519: [6140] m.c.manticore:INFO: Generated testcase No. 30 - STOP(1 txs)
2019-08-02 03:47:32,575: [6130] m.c.manticore:INFO: Generated testcase No. 31 - STOP(2 txs)
2019-08-02 03:47:34,217: [6116] m.c.manticore:INFO: Generated testcase No. 32 - STOP(2 txs)
2019-08-02 03:47:35,692: [6134] m.c.manticore:INFO: Generated testcase No. 33 - STOP(2 txs)
2019-08-02 03:47:36,032: [6125] m.c.manticore:INFO: Generated testcase No. 34 - STOP(2 txs)
2019-08-02 03:47:57,645: [315] m.c.manticore:INFO: Results in /mcore_658_sdn7
2019-08-02 03:48:01,647: [7645] m.main:INFO: Registered plugins: DetectReentrancySimple, DetectInvalid, DetectUnusedRetVal, DetectReentrancyAdvanced, DetectUninitializedStorage, DetectIntegerOverflow, DetectSuicidal, DetectExternalCallAndLeak, DetectEnvInstruction, DetectUninitializedMemory, DetectDelegatecall
2019-08-02 03:48:01,648: [7645] m.main:INFO: Beginning analysis
2019-08-02 03:48:01,660: [7645] m.e.manticore:INFO: Starting symbolic create contract
2019-08-02 03:48:05,274: [7645] m.e.manticore:INFO: Starting symbolic transaction: 0
2019-08-02 03:48:17,552: [7645] m.e.manticore:INFO: 3 alive states, 3 terminated states
2019-08-02 03:48:19,907: [7645] m.e.manticore:INFO: Starting symbolic transaction: 1
2019-08-02 03:48:44,518: [7645] m.e.manticore:INFO: 9 alive states, 12 terminated states
2019-08-02 03:48:47,996: [10923] m.c.manticore:INFO: Generated testcase No. 1 - RETURN(3 txs)
2019-08-02 03:48:48,017: [10932] m.c.manticore:INFO: Generated testcase No. 0 - RETURN(3 txs)
2019-08-02 03:48:48,021: [10927] m.c.manticore:INFO: Generated testcase No. 2 - STOP(3 txs)
2019-08-02 03:48:48,125: [10940] m.c.manticore:INFO: Generated testcase No. 3 - STOP(3 txs)
2019-08-02 03:48:48,129: [10945] m.c.manticore:INFO: Generated testcase No. 4 - RETURN(1 txs)
2019-08-02 03:48:48,808: [10911] m.c.manticore:INFO: Generated testcase No. 5 - RETURN(3 txs)
2019-08-02 03:48:48,814: [10908] m.c.manticore:INFO: Generated testcase No. 6 - RETURN(3 txs)
2019-08-02 03:48:49,040: [10916] m.c.manticore:INFO: Generated testcase No. 7 - STOP(3 txs)
2019-08-02 03:48:49,404: [10900] m.c.manticore:INFO: Generated testcase No. 9 - RETURN(3 txs)
2019-08-02 03:48:49,649: [10898] m.c.manticore:INFO: Generated testcase No. 8 - RETURN(3 txs)
2019-08-02 03:49:06,932: [10945] m.c.manticore:INFO: Generated testcase No. 10 - REVERT(2 txs)
2019-08-02 03:49:09,826: [10940] m.c.manticore:INFO: Generated testcase No. 12 - STOP(2 txs)
2019-08-02 03:49:10,196: [10927] m.c.manticore:INFO: Generated testcase No. 13 - RETURN(2 txs)
2019-08-02 03:49:10,878: [10932] m.c.manticore:INFO: Generated testcase No. 11 - REVERT(2 txs)
2019-08-02 03:49:13,529: [10923] m.c.manticore:INFO: Generated testcase No. 14 - RETURN(2 txs)
2019-08-02 03:49:19,712: [10908] m.c.manticore:INFO: Generated testcase No. 16 - REVERT(3 txs)
2019-08-02 03:49:20,001: [10916] m.c.manticore:INFO: Generated testcase No. 15 - REVERT(3 txs)
2019-08-02 03:49:20,892: [10900] m.c.manticore:INFO: Generated testcase No. 17 - REVERT(3 txs)
2019-08-02 03:49:20,939: [10911] m.c.manticore:INFO: Generated testcase No. 18 - REVERT(3 txs)
2019-08-02 03:49:28,023: [10945] m.c.manticore:INFO: Generated testcase No. 19 - REVERT(3 txs)
2019-08-02 03:49:30,399: [10898] m.c.manticore:INFO: Generated testcase No. 20 - REVERT(3 txs)
2019-08-02 03:49:43,452: [7645] m.c.manticore:INFO: Results in /mcore_f0czt1th