INFO:Slither:Compilation warnings/errors on /unique_chucks/36/0x95b3581fc1d18ca52cd2a295427c7153419abbf0.sol:
/unique_chucks/36/0x95b3581fc1d18ca52cd2a295427c7153419abbf0.sol:69:13: Warning: Failure condition of 'send' ignored. Consider using 'transfer' instead.
            PROMO.send(promo);
            ^---------------^
/unique_chucks/36/0x95b3581fc1d18ca52cd2a295427c7153419abbf0.sol:91:17: Warning: Failure condition of 'send' ignored. Consider using 'transfer' instead.
                dep.depositor.send(dep.expect); //Send money to him
                ^----------------------------^
/unique_chucks/36/0x95b3581fc1d18ca52cd2a295427c7153419abbf0.sol:98:17: Warning: Failure condition of 'send' ignored. Consider using 'transfer' instead.
                dep.depositor.send(money); //Send to him everything we have
                ^-----------------------^

INFO:Detectors:[92m
Multi7.pay has external calls inside a loop:
	- dep.depositor.send(dep.expect) (/unique_chucks/36/0x95b3581fc1d18ca52cd2a295427c7153419abbf0.sol#114-115)
Multi7.pay has external calls inside a loop:
	- dep.depositor.send(money) (/unique_chucks/36/0x95b3581fc1d18ca52cd2a295427c7153419abbf0.sol#124-127)
Reference: https://github.com/trailofbits/slither/wiki/Detectors-Documentation/_edit#calls-inside-a-loop[0m
INFO:Detectors:[92m
Multi7.fallback (/unique_chucks/36/0x95b3581fc1d18ca52cd2a295427c7153419abbf0.sol#83-98) should be declared external
Multi7.getDeposit (/unique_chucks/36/0x95b3581fc1d18ca52cd2a295427c7153419abbf0.sol#140-149) should be declared external
Multi7.getDeposits (/unique_chucks/36/0x95b3581fc1d18ca52cd2a295427c7153419abbf0.sol) should be declared external
Multi7.getQueueLength (/unique_chucks/36/0x95b3581fc1d18ca52cd2a295427c7153419abbf0.sol) should be declared external
Reference: https://github.com/trailofbits/slither/wiki/Detectors-Documentation#public-function-that-could-be-declared-as-external[0m
INFO:Slither:/unique_chucks/36/0x95b3581fc1d18ca52cd2a295427c7153419abbf0.sol analyzed (1 contracts), 6 result(s) found