INFO:Slither:Compilation warnings/errors on /unique_chucks/39/0xfad71b6b03f0416ec1466d360b0fa84f87bd9cc1.sol:
/unique_chucks/39/0xfad71b6b03f0416ec1466d360b0fa84f87bd9cc1.sol:108:5: Warning: Defining constructors as functions with the same name as the contract is deprecated. Use "constructor(...) { ... }" instead.
    function Ownable() public{
    ^ (Relevant source part starts here and spans across multiple lines).
/unique_chucks/39/0xfad71b6b03f0416ec1466d360b0fa84f87bd9cc1.sol:131:5: Warning: Defining constructors as functions with the same name as the contract is deprecated. Use "constructor(...) { ... }" instead.
    function BCT() public {
    ^ (Relevant source part starts here and spans across multiple lines).
/unique_chucks/39/0xfad71b6b03f0416ec1466d360b0fa84f87bd9cc1.sol:63:5: Warning: Invoking events without "emit" prefix is deprecated.
    Transfer(msg.sender, _to, _value);
    ^-------------------------------^
/unique_chucks/39/0xfad71b6b03f0416ec1466d360b0fa84f87bd9cc1.sol:79:5: Warning: Invoking events without "emit" prefix is deprecated.
    Transfer(_from, _to, _value);
    ^--------------------------^
/unique_chucks/39/0xfad71b6b03f0416ec1466d360b0fa84f87bd9cc1.sol:85:5: Warning: Invoking events without "emit" prefix is deprecated.
    Approval(msg.sender, _spender, _value);
    ^------------------------------------^
/unique_chucks/39/0xfad71b6b03f0416ec1466d360b0fa84f87bd9cc1.sol:143:9: Warning: Invoking events without "emit" prefix is deprecated.
        Transfer(msg.sender, 0x0, _burnValue);
        ^-----------------------------------^

INFO:Detectors:[93m
ERC20Basic (/unique_chucks/39/0xfad71b6b03f0416ec1466d360b0fa84f87bd9cc1.sol#40-47) has incorrect ERC20 function interface(s):
	-transfer (/unique_chucks/39/0xfad71b6b03f0416ec1466d360b0fa84f87bd9cc1.sol#42-43)
ERC20 (/unique_chucks/39/0xfad71b6b03f0416ec1466d360b0fa84f87bd9cc1.sol#47-56) has incorrect ERC20 function interface(s):
	-transferFrom (/unique_chucks/39/0xfad71b6b03f0416ec1466d360b0fa84f87bd9cc1.sol#48-49)
	-approve (/unique_chucks/39/0xfad71b6b03f0416ec1466d360b0fa84f87bd9cc1.sol#49-50)
BasicToken (/unique_chucks/39/0xfad71b6b03f0416ec1466d360b0fa84f87bd9cc1.sol#56-72) has incorrect ERC20 function interface(s):
	-transfer (/unique_chucks/39/0xfad71b6b03f0416ec1466d360b0fa84f87bd9cc1.sol#61-66)
StandardToken (/unique_chucks/39/0xfad71b6b03f0416ec1466d360b0fa84f87bd9cc1.sol#72-109) has incorrect ERC20 function interface(s):
	-transferFrom (/unique_chucks/39/0xfad71b6b03f0416ec1466d360b0fa84f87bd9cc1.sol#75-83)
	-approve (/unique_chucks/39/0xfad71b6b03f0416ec1466d360b0fa84f87bd9cc1.sol#83-89)
Reference: https://github.com/trailofbits/slither/wiki/Detectors-Documentation#incorrect-erc20-interface[0m
INFO:Detectors:[92m
ERC20Basic.balanceOf (/unique_chucks/39/0xfad71b6b03f0416ec1466d360b0fa84f87bd9cc1.sol#41-42) should be declared external
BasicToken.balanceOf (/unique_chucks/39/0xfad71b6b03f0416ec1466d360b0fa84f87bd9cc1.sol#66-72) should be declared external
ERC20Basic.transfer (/unique_chucks/39/0xfad71b6b03f0416ec1466d360b0fa84f87bd9cc1.sol#42-43) should be declared external
BasicToken.transfer (/unique_chucks/39/0xfad71b6b03f0416ec1466d360b0fa84f87bd9cc1.sol#61-66) should be declared external
ERC20.allowance (/unique_chucks/39/0xfad71b6b03f0416ec1466d360b0fa84f87bd9cc1.sol#47-48) should be declared external
StandardToken.allowance (/unique_chucks/39/0xfad71b6b03f0416ec1466d360b0fa84f87bd9cc1.sol#100-109) should be declared external
ERC20.transferFrom (/unique_chucks/39/0xfad71b6b03f0416ec1466d360b0fa84f87bd9cc1.sol#48-49) should be declared external
StandardToken.transferFrom (/unique_chucks/39/0xfad71b6b03f0416ec1466d360b0fa84f87bd9cc1.sol#75-83) should be declared external
StandardToken.approveAndCall (/unique_chucks/39/0xfad71b6b03f0416ec1466d360b0fa84f87bd9cc1.sol#89-99) should be declared external
Ownable.transferOwnership (/unique_chucks/39/0xfad71b6b03f0416ec1466d360b0fa84f87bd9cc1.sol#118-126) should be declared external
BCT.burn (/unique_chucks/39/0xfad71b6b03f0416ec1466d360b0fa84f87bd9cc1.sol#137-147) should be declared external
Reference: https://github.com/trailofbits/slither/wiki/Detectors-Documentation#public-function-that-could-be-declared-as-external[0m
INFO:Detectors:[92m
Low level call in StandardToken.approveAndCall (/unique_chucks/39/0xfad71b6b03f0416ec1466d360b0fa84f87bd9cc1.sol#89-99):
	-require(bool)(_spender.call(abi.encodeWithSelector(bytes4(keccak256()(receiveApproval(address,uint256,address,bytes))),msg.sender,_value,this,_extraData))) /unique_chucks/39/0xfad71b6b03f0416ec1466d360b0fa84f87bd9cc1.sol#95-99
Reference: https://github.com/trailofbits/slither/wiki/Detectors-Documentation#low-level-calls[0m
INFO:Detectors:[92m
Parameter '_owner' of BasicToken.balanceOf (/unique_chucks/39/0xfad71b6b03f0416ec1466d360b0fa84f87bd9cc1.sol#67) is not in mixedCase
Parameter '_to' of BasicToken.transfer (/unique_chucks/39/0xfad71b6b03f0416ec1466d360b0fa84f87bd9cc1.sol#61) is not in mixedCase
Parameter '_value' of BasicToken.transfer (/unique_chucks/39/0xfad71b6b03f0416ec1466d360b0fa84f87bd9cc1.sol#61) is not in mixedCase
Parameter '_owner' of StandardToken.allowance (/unique_chucks/39/0xfad71b6b03f0416ec1466d360b0fa84f87bd9cc1.sol#100) is not in mixedCase
Parameter '_spender' of StandardToken.allowance (/unique_chucks/39/0xfad71b6b03f0416ec1466d360b0fa84f87bd9cc1.sol#100-105) is not in mixedCase
Parameter '_from' of StandardToken.transferFrom (/unique_chucks/39/0xfad71b6b03f0416ec1466d360b0fa84f87bd9cc1.sol#75) is not in mixedCase
Parameter '_to' of StandardToken.transferFrom (/unique_chucks/39/0xfad71b6b03f0416ec1466d360b0fa84f87bd9cc1.sol#75-76) is not in mixedCase
Parameter '_value' of StandardToken.transferFrom (/unique_chucks/39/0xfad71b6b03f0416ec1466d360b0fa84f87bd9cc1.sol#76) is not in mixedCase
Parameter '_spender' of StandardToken.approve (/unique_chucks/39/0xfad71b6b03f0416ec1466d360b0fa84f87bd9cc1.sol#83) is not in mixedCase
Parameter '_value' of StandardToken.approve (/unique_chucks/39/0xfad71b6b03f0416ec1466d360b0fa84f87bd9cc1.sol#83-84) is not in mixedCase
Parameter '_spender' of StandardToken.approveAndCall (/unique_chucks/39/0xfad71b6b03f0416ec1466d360b0fa84f87bd9cc1.sol#90) is not in mixedCase
Parameter '_value' of StandardToken.approveAndCall (/unique_chucks/39/0xfad71b6b03f0416ec1466d360b0fa84f87bd9cc1.sol#90-91) is not in mixedCase
Parameter '_extraData' of StandardToken.approveAndCall (/unique_chucks/39/0xfad71b6b03f0416ec1466d360b0fa84f87bd9cc1.sol#91) is not in mixedCase
Function 'Ownable.Ownable' (/unique_chucks/39/0xfad71b6b03f0416ec1466d360b0fa84f87bd9cc1.sol#113-116) is not in mixedCase
Function 'BCT.BCT' (/unique_chucks/39/0xfad71b6b03f0416ec1466d360b0fa84f87bd9cc1.sol#133-137) is not in mixedCase
Reference: https://github.com/trailofbits/slither/wiki/Detectors-Documentation#conformance-to-solidity-naming-conventions[0m
INFO:Slither:/unique_chucks/39/0xfad71b6b03f0416ec1466d360b0fa84f87bd9cc1.sol analyzed (7 contracts), 31 result(s) found