INFO:Detectors:[93m
TokenBase (/unique_chucks/2/0x78021abd9b06f0456cb9db95a846c302c34f8b8d.sol#24-82) has incorrect ERC20 function interface(s):
	-transfer (/unique_chucks/2/0x78021abd9b06f0456cb9db95a846c302c34f8b8d.sol#53-57)
Reference: https://github.com/trailofbits/slither/wiki/Detectors-Documentation#incorrect-erc20-interface[0m
INFO:Detectors:[92m
Token.initialSupply should be constant (/unique_chucks/2/0x78021abd9b06f0456cb9db95a846c302c34f8b8d.sol#82-85)
TokenBase.decimals should be constant (/unique_chucks/2/0x78021abd9b06f0456cb9db95a846c302c34f8b8d.sol#27-28)
Reference: https://github.com/trailofbits/slither/wiki/Detectors-Documentation#state-variables-that-could-be-declared-constant[0m
INFO:Detectors:[92m
Owned.transferOwnership (/unique_chucks/2/0x78021abd9b06f0456cb9db95a846c302c34f8b8d.sol#15-21) should be declared external
TokenBase.transfer (/unique_chucks/2/0x78021abd9b06f0456cb9db95a846c302c34f8b8d.sol#53-57) should be declared external
TokenBase.transferFrom (/unique_chucks/2/0x78021abd9b06f0456cb9db95a846c302c34f8b8d.sol#57-64) should be declared external
TokenBase.approveAndCall (/unique_chucks/2/0x78021abd9b06f0456cb9db95a846c302c34f8b8d.sol#69-82) should be declared external
Token.releaseReserve (/unique_chucks/2/0x78021abd9b06f0456cb9db95a846c302c34f8b8d.sol#92-100) should be declared external
Reference: https://github.com/trailofbits/slither/wiki/Detectors-Documentation#public-function-that-could-be-declared-as-external[0m
INFO:Detectors:[92m
Detected issues with version pragma in /unique_chucks/2/0x78021abd9b06f0456cb9db95a846c302c34f8b8d.sol:
	- pragma solidity^0.4.23 (/unique_chucks/2/0x78021abd9b06f0456cb9db95a846c302c34f8b8d.sol#1): it allows old versions
Reference: https://github.com/trailofbits/slither/wiki/Detectors-Documentation#incorrect-version-of-solidity[0m
INFO:Detectors:[92m
Contract 'tokenRecipient' (/unique_chucks/2/0x78021abd9b06f0456cb9db95a846c302c34f8b8d.sol#21-24) is not in CapWords
Function 'TokenBase._transfer' (/unique_chucks/2/0x78021abd9b06f0456cb9db95a846c302c34f8b8d.sol#42-53) is not in mixedCase
Parameter '_from' of TokenBase._transfer (/unique_chucks/2/0x78021abd9b06f0456cb9db95a846c302c34f8b8d.sol#42-43) is not in mixedCase
Parameter '_to' of TokenBase._transfer (/unique_chucks/2/0x78021abd9b06f0456cb9db95a846c302c34f8b8d.sol#43) is not in mixedCase
Parameter '_value' of TokenBase._transfer (/unique_chucks/2/0x78021abd9b06f0456cb9db95a846c302c34f8b8d.sol#43) is not in mixedCase
Parameter '_to' of TokenBase.transfer (/unique_chucks/2/0x78021abd9b06f0456cb9db95a846c302c34f8b8d.sol#54) is not in mixedCase
Parameter '_value' of TokenBase.transfer (/unique_chucks/2/0x78021abd9b06f0456cb9db95a846c302c34f8b8d.sol#54) is not in mixedCase
Parameter '_from' of TokenBase.transferFrom (/unique_chucks/2/0x78021abd9b06f0456cb9db95a846c302c34f8b8d.sol#57) is not in mixedCase
Parameter '_to' of TokenBase.transferFrom (/unique_chucks/2/0x78021abd9b06f0456cb9db95a846c302c34f8b8d.sol#57-58) is not in mixedCase
Parameter '_value' of TokenBase.transferFrom (/unique_chucks/2/0x78021abd9b06f0456cb9db95a846c302c34f8b8d.sol#58) is not in mixedCase
Parameter '_spender' of TokenBase.approve (/unique_chucks/2/0x78021abd9b06f0456cb9db95a846c302c34f8b8d.sol#65) is not in mixedCase
Parameter '_value' of TokenBase.approve (/unique_chucks/2/0x78021abd9b06f0456cb9db95a846c302c34f8b8d.sol#65) is not in mixedCase
Parameter '_spender' of TokenBase.approveAndCall (/unique_chucks/2/0x78021abd9b06f0456cb9db95a846c302c34f8b8d.sol#69-70) is not in mixedCase
Parameter '_value' of TokenBase.approveAndCall (/unique_chucks/2/0x78021abd9b06f0456cb9db95a846c302c34f8b8d.sol#70) is not in mixedCase
Parameter '_extraData' of TokenBase.approveAndCall (/unique_chucks/2/0x78021abd9b06f0456cb9db95a846c302c34f8b8d.sol#70) is not in mixedCase
Reference: https://github.com/trailofbits/slither/wiki/Detectors-Documentation#conformance-to-solidity-naming-conventions[0m
INFO:Slither:/unique_chucks/2/0x78021abd9b06f0456cb9db95a846c302c34f8b8d.sol analyzed (4 contracts), 23 result(s) found