INFO:Slither:Compilation warnings/errors on /unique_chucks/46/0x3dc4be2b39e929f086ada8bf956f24c848fbde45.sol:
/unique_chucks/46/0x3dc4be2b39e929f086ada8bf956f24c848fbde45.sol:51:5: Warning: Defining constructors as functions with the same name as the contract is deprecated. Use "constructor(...) { ... }" instead.
    function Controlled() public {
    ^ (Relevant source part starts here and spans across multiple lines).
/unique_chucks/46/0x3dc4be2b39e929f086ada8bf956f24c848fbde45.sol:225:5: Warning: Defining constructors as functions with the same name as the contract is deprecated. Use "constructor(...) { ... }" instead.
    function Token(
    ^ (Relevant source part starts here and spans across multiple lines).
/unique_chucks/46/0x3dc4be2b39e929f086ada8bf956f24c848fbde45.sol:301:9: Warning: Invoking events without "emit" prefix is deprecated.
        Transfer(msg.sender, _to, _value);                   // Notify anyone listening that this transfer took place
        ^-------------------------------^
/unique_chucks/46/0x3dc4be2b39e929f086ada8bf956f24c848fbde45.sol:342:9: Warning: Invoking events without "emit" prefix is deprecated.
        Transfer(_from, _to, _value);
        ^--------------------------^
/unique_chucks/46/0x3dc4be2b39e929f086ada8bf956f24c848fbde45.sol:360:13: Warning: Invoking events without "emit" prefix is deprecated.
            Transfer(msg.sender, _toI, _valueI);
            ^---------------------------------^
/unique_chucks/46/0x3dc4be2b39e929f086ada8bf956f24c848fbde45.sol:370:9: Warning: Invoking events without "emit" prefix is deprecated.
        Freeze(_user, _value);
        ^-------------------^
/unique_chucks/46/0x3dc4be2b39e929f086ada8bf956f24c848fbde45.sol:394:13: Warning: Invoking events without "emit" prefix is deprecated.
            Unfreeze(fInfo.user, _amount);
            ^---------------------------^
/unique_chucks/46/0x3dc4be2b39e929f086ada8bf956f24c848fbde45.sol:418:9: Warning: Invoking events without "emit" prefix is deprecated.
        Transfer(0, _user, _amount);
        ^-------------------------^
/unique_chucks/46/0x3dc4be2b39e929f086ada8bf956f24c848fbde45.sol:430:9: Warning: Invoking events without "emit" prefix is deprecated.
        Transfer(_user, 0, _amount);
        ^-------------------------^
/unique_chucks/46/0x3dc4be2b39e929f086ada8bf956f24c848fbde45.sol:431:9: Warning: Invoking events without "emit" prefix is deprecated.
        Burn(_user, _amount);
        ^------------------^
/unique_chucks/46/0x3dc4be2b39e929f086ada8bf956f24c848fbde45.sol:454:33: Warning: Using contract member "balance" inherited from the address type is deprecated. Convert the contract to "address" type to access the member, for example use "address(contract).balance" instead.
            controller.transfer(this.balance);
                                ^----------^
/unique_chucks/46/0x3dc4be2b39e929f086ada8bf956f24c848fbde45.sol:461:9: Warning: Invoking events without "emit" prefix is deprecated.
        ClaimedTokens(_token, controller, balance);
        ^----------------------------------------^

INFO:Detectors:[93m
Token.isContract (/unique_chucks/46/0x3dc4be2b39e929f086ada8bf956f24c848fbde45.sol#297-301) is declared view but contains assembly code
Reference: https://github.com/trailofbits/slither/wiki/Detectors-Documentation#constant-functions-changing-the-state[0m
INFO:Detectors:[93m
i in Token.transferMulti (/unique_chucks/46/0x3dc4be2b39e929f086ada8bf956f24c848fbde45.sol#366-367) is a local variable never initialiazed
j in Token.transferMulti (/unique_chucks/46/0x3dc4be2b39e929f086ada8bf956f24c848fbde45.sol#358-359) is a local variable never initialiazed
Reference: https://github.com/trailofbits/slither/wiki/Detectors-Documentation#uninitialized-local-variables[0m
INFO:Detectors:[93m
Token.claimTokens (/unique_chucks/46/0x3dc4be2b39e929f086ada8bf956f24c848fbde45.sol) does not use the value returned by external calls:
	-token.transfer(controller,balance) (/unique_chucks/46/0x3dc4be2b39e929f086ada8bf956f24c848fbde45.sol)
Reference: https://github.com/trailofbits/slither/wiki/Detectors-Documentation#unused-return[0m
INFO:Detectors:[92m
Token.isContract uses assembly (/unique_chucks/46/0x3dc4be2b39e929f086ada8bf956f24c848fbde45.sol#297-301)
	- /unique_chucks/46/0x3dc4be2b39e929f086ada8bf956f24c848fbde45.sol#299-300
Reference: https://github.com/trailofbits/slither/wiki/Detectors-Documentation#assembly-usage[0m
INFO:Detectors:[92m
Token.officialSite should be constant (/unique_chucks/46/0x3dc4be2b39e929f086ada8bf956f24c848fbde45.sol#205-206)
Token.techProvider should be constant (/unique_chucks/46/0x3dc4be2b39e929f086ada8bf956f24c848fbde45.sol#203-205)
Reference: https://github.com/trailofbits/slither/wiki/Detectors-Documentation#state-variables-that-could-be-declared-constant[0m
INFO:Detectors:[92m
ApproveAndCallReceiver.receiveApproval (/unique_chucks/46/0x3dc4be2b39e929f086ada8bf956f24c848fbde45.sol#32-39) should be declared external
Controlled.changeController (/unique_chucks/46/0x3dc4be2b39e929f086ada8bf956f24c848fbde45.sol#59-65) should be declared external
TokenController.proxyPayment (/unique_chucks/46/0x3dc4be2b39e929f086ada8bf956f24c848fbde45.sol#70-71) should be declared external
TokenController.onTransfer (/unique_chucks/46/0x3dc4be2b39e929f086ada8bf956f24c848fbde45.sol#77-80) should be declared external
TokenController.onApprove (/unique_chucks/46/0x3dc4be2b39e929f086ada8bf956f24c848fbde45.sol#85-89) should be declared external
Token.transfer (/unique_chucks/46/0x3dc4be2b39e929f086ada8bf956f24c848fbde45.sol#301-314) should be declared external
ERC20Token.transfer (/unique_chucks/46/0x3dc4be2b39e929f086ada8bf956f24c848fbde45.sol#113-114) should be declared external
ERC20Token.transferFrom (/unique_chucks/46/0x3dc4be2b39e929f086ada8bf956f24c848fbde45.sol#120-121) should be declared external
Token.transferFrom (/unique_chucks/46/0x3dc4be2b39e929f086ada8bf956f24c848fbde45.sol#338-352) should be declared external
TokenI.approveAndCall (/unique_chucks/46/0x3dc4be2b39e929f086ada8bf956f24c848fbde45.sol#159-162) should be declared external
Token.approveAndCall (/unique_chucks/46/0x3dc4be2b39e929f086ada8bf956f24c848fbde45.sol#334-338) should be declared external
Token.generateTokens (/unique_chucks/46/0x3dc4be2b39e929f086ada8bf956f24c848fbde45.sol#426-437) should be declared external
TokenI.generateTokens (/unique_chucks/46/0x3dc4be2b39e929f086ada8bf956f24c848fbde45.sol#169-170) should be declared external
TokenI.destroyTokens (/unique_chucks/46/0x3dc4be2b39e929f086ada8bf956f24c848fbde45.sol#175-176) should be declared external
Token.destroyTokens (/unique_chucks/46/0x3dc4be2b39e929f086ada8bf956f24c848fbde45.sol#441-452) should be declared external
TokenI.enableTransfers (/unique_chucks/46/0x3dc4be2b39e929f086ada8bf956f24c848fbde45.sol#182-183) should be declared external
Token.enableTransfers (/unique_chucks/46/0x3dc4be2b39e929f086ada8bf956f24c848fbde45.sol#460-464) should be declared external
TokenI.claimTokens (/unique_chucks/46/0x3dc4be2b39e929f086ada8bf956f24c848fbde45.sol#194-196) should be declared external
Token.claimTokens (/unique_chucks/46/0x3dc4be2b39e929f086ada8bf956f24c848fbde45.sol) should be declared external
Token.transferMulti (/unique_chucks/46/0x3dc4be2b39e929f086ada8bf956f24c848fbde45.sol#353-371) should be declared external
Token.freeze (/unique_chucks/46/0x3dc4be2b39e929f086ada8bf956f24c848fbde45.sol#375-386) should be declared external
Token.unFreeze (/unique_chucks/46/0x3dc4be2b39e929f086ada8bf956f24c848fbde45.sol#391-412) should be declared external
Token.fallback (/unique_chucks/46/0x3dc4be2b39e929f086ada8bf956f24c848fbde45.sol#412-418) should be declared external
Token.changeOwner (/unique_chucks/46/0x3dc4be2b39e929f086ada8bf956f24c848fbde45.sol) should be declared external
Reference: https://github.com/trailofbits/slither/wiki/Detectors-Documentation#public-function-that-could-be-declared-as-external[0m
INFO:Detectors:[92m
Detected issues with version pragma in /unique_chucks/46/0x3dc4be2b39e929f086ada8bf956f24c848fbde45.sol:
	- pragma solidity^0.4.18 (/unique_chucks/46/0x3dc4be2b39e929f086ada8bf956f24c848fbde45.sol#1): it allows old versions
Reference: https://github.com/trailofbits/slither/wiki/Detectors-Documentation#incorrect-version-of-solidity[0m
INFO:Detectors:[92m
Function 'Controlled.Controlled' (/unique_chucks/46/0x3dc4be2b39e929f086ada8bf956f24c848fbde45.sol#52-57) is not in mixedCase
Parameter '_newController' of Controlled.changeController (/unique_chucks/46/0x3dc4be2b39e929f086ada8bf956f24c848fbde45.sol#60) is not in mixedCase
Event 'Token.infoBool' (/unique_chucks/46/0x3dc4be2b39e929f086ada8bf956f24c848fbde45.sol#386-387) is not in CapWords
Event 'Token.infoAddr' (/unique_chucks/46/0x3dc4be2b39e929f086ada8bf956f24c848fbde45.sol#387-388) is not in CapWords
Event 'Token.info' (/unique_chucks/46/0x3dc4be2b39e929f086ada8bf956f24c848fbde45.sol#388-389) is not in CapWords
Event 'Token.info256' (/unique_chucks/46/0x3dc4be2b39e929f086ada8bf956f24c848fbde45.sol#389-390) is not in CapWords
Parameter '_to' of Token.transfer (/unique_chucks/46/0x3dc4be2b39e929f086ada8bf956f24c848fbde45.sol#301) is not in mixedCase
Parameter '_value' of Token.transfer (/unique_chucks/46/0x3dc4be2b39e929f086ada8bf956f24c848fbde45.sol#301) is not in mixedCase
Parameter '_from' of Token.transferFrom (/unique_chucks/46/0x3dc4be2b39e929f086ada8bf956f24c848fbde45.sol#339) is not in mixedCase
Parameter '_to' of Token.transferFrom (/unique_chucks/46/0x3dc4be2b39e929f086ada8bf956f24c848fbde45.sol#339) is not in mixedCase
Parameter '_value' of Token.transferFrom (/unique_chucks/46/0x3dc4be2b39e929f086ada8bf956f24c848fbde45.sol#339) is not in mixedCase
Parameter '_spender' of Token.approve (/unique_chucks/46/0x3dc4be2b39e929f086ada8bf956f24c848fbde45.sol#315) is not in mixedCase
Parameter '_value' of Token.approve (/unique_chucks/46/0x3dc4be2b39e929f086ada8bf956f24c848fbde45.sol#315) is not in mixedCase
Parameter '_spender' of Token.approveAndCall (/unique_chucks/46/0x3dc4be2b39e929f086ada8bf956f24c848fbde45.sol#335) is not in mixedCase
Parameter '_amount' of Token.approveAndCall (/unique_chucks/46/0x3dc4be2b39e929f086ada8bf956f24c848fbde45.sol#335) is not in mixedCase
Parameter '_extraData' of Token.approveAndCall (/unique_chucks/46/0x3dc4be2b39e929f086ada8bf956f24c848fbde45.sol#335) is not in mixedCase
Parameter '_user' of Token.generateTokens (/unique_chucks/46/0x3dc4be2b39e929f086ada8bf956f24c848fbde45.sol#427) is not in mixedCase
Parameter '_amount' of Token.generateTokens (/unique_chucks/46/0x3dc4be2b39e929f086ada8bf956f24c848fbde45.sol#427) is not in mixedCase
Parameter '_user' of Token.destroyTokens (/unique_chucks/46/0x3dc4be2b39e929f086ada8bf956f24c848fbde45.sol#442) is not in mixedCase
Parameter '_amount' of Token.destroyTokens (/unique_chucks/46/0x3dc4be2b39e929f086ada8bf956f24c848fbde45.sol#442) is not in mixedCase
Parameter '_transfersEnabled' of Token.enableTransfers (/unique_chucks/46/0x3dc4be2b39e929f086ada8bf956f24c848fbde45.sol#460-461) is not in mixedCase
Parameter '_token' of Token.claimTokens (/unique_chucks/46/0x3dc4be2b39e929f086ada8bf956f24c848fbde45.sol) is not in mixedCase
Function 'Token.Token' (/unique_chucks/46/0x3dc4be2b39e929f086ada8bf956f24c848fbde45.sol#235-253) is not in mixedCase
Parameter '_addr' of Token.isContract (/unique_chucks/46/0x3dc4be2b39e929f086ada8bf956f24c848fbde45.sol#297) is not in mixedCase
Parameter '_to' of Token.transferMulti (/unique_chucks/46/0x3dc4be2b39e929f086ada8bf956f24c848fbde45.sol#354) is not in mixedCase
Parameter '_value' of Token.transferMulti (/unique_chucks/46/0x3dc4be2b39e929f086ada8bf956f24c848fbde45.sol#354) is not in mixedCase
Parameter '_user' of Token.freeze (/unique_chucks/46/0x3dc4be2b39e929f086ada8bf956f24c848fbde45.sol#375) is not in mixedCase
Parameter '_value' of Token.freeze (/unique_chucks/46/0x3dc4be2b39e929f086ada8bf956f24c848fbde45.sol#375-376) is not in mixedCase
Parameter '_step' of Token.freeze (/unique_chucks/46/0x3dc4be2b39e929f086ada8bf956f24c848fbde45.sol#376) is not in mixedCase
Parameter '_step' of Token.unFreeze (/unique_chucks/46/0x3dc4be2b39e929f086ada8bf956f24c848fbde45.sol#391) is not in mixedCase
Reference: https://github.com/trailofbits/slither/wiki/Detectors-Documentation#conformance-to-solidity-naming-conventions[0m
INFO:Detectors:[92m
Token.unlockTime (/unique_chucks/46/0x3dc4be2b39e929f086ada8bf956f24c848fbde45.sol#215-216) is never used in Token
Reference: https://github.com/trailofbits/slither/wiki/Detectors-Documentation#unused-state-variables[0m
INFO:Slither:/unique_chucks/46/0x3dc4be2b39e929f086ada8bf956f24c848fbde45.sol analyzed (7 contracts), 62 result(s) found