INFO:Slither:Compilation warnings/errors on /unique_chucks/25/0x2766fe4f903cfba335e2e156e53e14312ce31ca0.sol:
/unique_chucks/25/0x2766fe4f903cfba335e2e156e53e14312ce31ca0.sol:37:5: Warning: Defining constructors as functions with the same name as the contract is deprecated. Use "constructor(...) { ... }" instead.
    function BitcoinGold() {
    ^ (Relevant source part starts here and spans across multiple lines).
/unique_chucks/25/0x2766fe4f903cfba335e2e156e53e14312ce31ca0.sol:61:9: Warning: Use of the "var" keyword is deprecated.
        var _allowance = allowed[_from][msg.sender];
        ^------------^
/unique_chucks/25/0x2766fe4f903cfba335e2e156e53e14312ce31ca0.sol:40:17: Warning: This looks like an address but has an invalid checksum. If this is not used as an address, please prepend '00'. Correct checksummed address: '0x0818B2a1f55487437f04aC936C09bbF38e10fdb9'. For more information please see https://solidity.readthedocs.io/en/develop/types.html#address-literals
        owner = 0x0818b2a1f55487437f04ac936c09bbf38e10fdb9;
                ^----------------------------------------^
/unique_chucks/25/0x2766fe4f903cfba335e2e156e53e14312ce31ca0.sol:56:9: Warning: Invoking events without "emit" prefix is deprecated.
        Transfer(msg.sender, _to, _value);
        ^-------------------------------^
/unique_chucks/25/0x2766fe4f903cfba335e2e156e53e14312ce31ca0.sol:65:9: Warning: Invoking events without "emit" prefix is deprecated.
        Transfer(_from, _to, _value);
        ^--------------------------^
/unique_chucks/25/0x2766fe4f903cfba335e2e156e53e14312ce31ca0.sol:72:9: Warning: Invoking events without "emit" prefix is deprecated.
        Approval(msg.sender, _spender, _value);
        ^------------------------------------^
/unique_chucks/25/0x2766fe4f903cfba335e2e156e53e14312ce31ca0.sol:37:5: Warning: No visibility specified. Defaulting to "public". 
    function BitcoinGold() {
    ^ (Relevant source part starts here and spans across multiple lines).
/unique_chucks/25/0x2766fe4f903cfba335e2e156e53e14312ce31ca0.sol:45:5: Warning: No visibility specified. Defaulting to "public". 
    function balanceOf(address _owner) constant returns(uint256 balance) {
    ^ (Relevant source part starts here and spans across multiple lines).
/unique_chucks/25/0x2766fe4f903cfba335e2e156e53e14312ce31ca0.sol:49:5: Warning: No visibility specified. Defaulting to "public". 
    function allowance(address _owner, address _spender) constant returns(uint256 remaining) {
    ^ (Relevant source part starts here and spans across multiple lines).
/unique_chucks/25/0x2766fe4f903cfba335e2e156e53e14312ce31ca0.sol:53:5: Warning: No visibility specified. Defaulting to "public". 
    function transfer(address _to, uint256 _value) returns(bool) {
    ^ (Relevant source part starts here and spans across multiple lines).
/unique_chucks/25/0x2766fe4f903cfba335e2e156e53e14312ce31ca0.sol:60:5: Warning: No visibility specified. Defaulting to "public". 
    function transferFrom(address _from, address _to, uint256 _value) returns(bool) {
    ^ (Relevant source part starts here and spans across multiple lines).
/unique_chucks/25/0x2766fe4f903cfba335e2e156e53e14312ce31ca0.sol:69:5: Warning: No visibility specified. Defaulting to "public". 
    function approve(address _spender, uint256 _value) returns(bool) {
    ^ (Relevant source part starts here and spans across multiple lines).
/unique_chucks/25/0x2766fe4f903cfba335e2e156e53e14312ce31ca0.sol:76:5: Warning: No visibility specified. Defaulting to "public". 
    function() {
    ^ (Relevant source part starts here and spans across multiple lines).
/unique_chucks/25/0x2766fe4f903cfba335e2e156e53e14312ce31ca0.sol:3:5: Warning: Function state mutability can be restricted to pure
    function mul(uint256 a, uint256 b) internal constant returns(uint256) {
    ^ (Relevant source part starts here and spans across multiple lines).
/unique_chucks/25/0x2766fe4f903cfba335e2e156e53e14312ce31ca0.sol:9:5: Warning: Function state mutability can be restricted to pure
    function div(uint256 a, uint256 b) internal constant returns(uint256) {
    ^ (Relevant source part starts here and spans across multiple lines).
/unique_chucks/25/0x2766fe4f903cfba335e2e156e53e14312ce31ca0.sol:14:5: Warning: Function state mutability can be restricted to pure
    function sub(uint256 a, uint256 b) internal constant returns(uint256) {
    ^ (Relevant source part starts here and spans across multiple lines).
/unique_chucks/25/0x2766fe4f903cfba335e2e156e53e14312ce31ca0.sol:19:5: Warning: Function state mutability can be restricted to pure
    function add(uint256 a, uint256 b) internal constant returns(uint256) {
    ^ (Relevant source part starts here and spans across multiple lines).

INFO:Detectors:[92m
BitcoinGold.balanceOf (/unique_chucks/25/0x2766fe4f903cfba335e2e156e53e14312ce31ca0.sol#45-49) should be declared external
BitcoinGold.allowance (/unique_chucks/25/0x2766fe4f903cfba335e2e156e53e14312ce31ca0.sol#49-53) should be declared external
BitcoinGold.transfer (/unique_chucks/25/0x2766fe4f903cfba335e2e156e53e14312ce31ca0.sol#53-60) should be declared external
BitcoinGold.transferFrom (/unique_chucks/25/0x2766fe4f903cfba335e2e156e53e14312ce31ca0.sol#60-69) should be declared external
BitcoinGold.approve (/unique_chucks/25/0x2766fe4f903cfba335e2e156e53e14312ce31ca0.sol#70-79) should be declared external
BitcoinGold.fallback (/unique_chucks/25/0x2766fe4f903cfba335e2e156e53e14312ce31ca0.sol) should be declared external
Reference: https://github.com/trailofbits/slither/wiki/Detectors-Documentation#public-function-that-could-be-declared-as-external[0m
INFO:Detectors:[92m
Detected issues with version pragma in /unique_chucks/25/0x2766fe4f903cfba335e2e156e53e14312ce31ca0.sol:
	- pragma solidity^0.4.9 (/unique_chucks/25/0x2766fe4f903cfba335e2e156e53e14312ce31ca0.sol#1): it allows old versions
Reference: https://github.com/trailofbits/slither/wiki/Detectors-Documentation#incorrect-version-of-solidity[0m
INFO:Detectors:[92m
Function 'BitcoinGold.BitcoinGold' (/unique_chucks/25/0x2766fe4f903cfba335e2e156e53e14312ce31ca0.sol#38-45) is not in mixedCase
Parameter '_owner' of BitcoinGold.balanceOf (/unique_chucks/25/0x2766fe4f903cfba335e2e156e53e14312ce31ca0.sol#45-46) is not in mixedCase
Parameter '_owner' of BitcoinGold.allowance (/unique_chucks/25/0x2766fe4f903cfba335e2e156e53e14312ce31ca0.sol#49) is not in mixedCase
Parameter '_spender' of BitcoinGold.allowance (/unique_chucks/25/0x2766fe4f903cfba335e2e156e53e14312ce31ca0.sol#49-50) is not in mixedCase
Parameter '_to' of BitcoinGold.transfer (/unique_chucks/25/0x2766fe4f903cfba335e2e156e53e14312ce31ca0.sol#54) is not in mixedCase
Parameter '_value' of BitcoinGold.transfer (/unique_chucks/25/0x2766fe4f903cfba335e2e156e53e14312ce31ca0.sol#54) is not in mixedCase
Parameter '_from' of BitcoinGold.transferFrom (/unique_chucks/25/0x2766fe4f903cfba335e2e156e53e14312ce31ca0.sol#60-61) is not in mixedCase
Parameter '_to' of BitcoinGold.transferFrom (/unique_chucks/25/0x2766fe4f903cfba335e2e156e53e14312ce31ca0.sol#61) is not in mixedCase
Parameter '_value' of BitcoinGold.transferFrom (/unique_chucks/25/0x2766fe4f903cfba335e2e156e53e14312ce31ca0.sol#61) is not in mixedCase
Parameter '_spender' of BitcoinGold.approve (/unique_chucks/25/0x2766fe4f903cfba335e2e156e53e14312ce31ca0.sol#70) is not in mixedCase
Parameter '_value' of BitcoinGold.approve (/unique_chucks/25/0x2766fe4f903cfba335e2e156e53e14312ce31ca0.sol#70) is not in mixedCase
Reference: https://github.com/trailofbits/slither/wiki/Detectors-Documentation#conformance-to-solidity-naming-conventions[0m
INFO:Slither:/unique_chucks/25/0x2766fe4f903cfba335e2e156e53e14312ce31ca0.sol analyzed (2 contracts), 18 result(s) found