INFO:Detectors:[92m
ERC20Basic.totalSupply (/unique_chucks/6/0x19ca83a13b4c4be43fa82c5e415e16f1d86f57f7.sol#9-10) should be declared external
BasicToken.totalSupply (/unique_chucks/6/0x19ca83a13b4c4be43fa82c5e415e16f1d86f57f7.sol#80-85) should be declared external
ERC20Basic.balanceOf (/unique_chucks/6/0x19ca83a13b4c4be43fa82c5e415e16f1d86f57f7.sol#10-11) should be declared external
BasicToken.balanceOf (/unique_chucks/6/0x19ca83a13b4c4be43fa82c5e415e16f1d86f57f7.sol#107-113) should be declared external
BasicToken.transfer (/unique_chucks/6/0x19ca83a13b4c4be43fa82c5e415e16f1d86f57f7.sol#89-100) should be declared external
ERC20Basic.transfer (/unique_chucks/6/0x19ca83a13b4c4be43fa82c5e415e16f1d86f57f7.sol#11-12) should be declared external
ERC20.allowance (/unique_chucks/6/0x19ca83a13b4c4be43fa82c5e415e16f1d86f57f7.sol#117-120) should be declared external
StandardToken.allowance (/unique_chucks/6/0x19ca83a13b4c4be43fa82c5e415e16f1d86f57f7.sol#199-202) should be declared external
ERC20.transferFrom (/unique_chucks/6/0x19ca83a13b4c4be43fa82c5e415e16f1d86f57f7.sol#120-122) should be declared external
StandardToken.transferFrom (/unique_chucks/6/0x19ca83a13b4c4be43fa82c5e415e16f1d86f57f7.sol#154-168) should be declared external
StandardToken.approve (/unique_chucks/6/0x19ca83a13b4c4be43fa82c5e415e16f1d86f57f7.sol#178-184) should be declared external
ERC20.approve (/unique_chucks/6/0x19ca83a13b4c4be43fa82c5e415e16f1d86f57f7.sol#123-129) should be declared external
StandardToken.increaseApproval (/unique_chucks/6/0x19ca83a13b4c4be43fa82c5e415e16f1d86f57f7.sol#217-225) should be declared external
StandardToken.decreaseApproval (/unique_chucks/6/0x19ca83a13b4c4be43fa82c5e415e16f1d86f57f7.sol#240-260) should be declared external
BurnableToken.burn (/unique_chucks/6/0x19ca83a13b4c4be43fa82c5e415e16f1d86f57f7.sol#269) should be declared external
Ownable.renounceOwnership (/unique_chucks/6/0x19ca83a13b4c4be43fa82c5e415e16f1d86f57f7.sol#322-327) should be declared external
Ownable.transferOwnership (/unique_chucks/6/0x19ca83a13b4c4be43fa82c5e415e16f1d86f57f7.sol#331-337) should be declared external
BCEOTokenInterface.owner (/unique_chucks/6/0x19ca83a13b4c4be43fa82c5e415e16f1d86f57f7.sol#345-346) should be declared external
BCEOTokenInterface.balanceOf (/unique_chucks/6/0x19ca83a13b4c4be43fa82c5e415e16f1d86f57f7.sol#347) should be declared external
BCEOTokenInterface.transfer (/unique_chucks/6/0x19ca83a13b4c4be43fa82c5e415e16f1d86f57f7.sol#347-351) should be declared external
BitCEOToken.batchTransfer (/unique_chucks/6/0x19ca83a13b4c4be43fa82c5e415e16f1d86f57f7.sol#368-379) should be declared external
Reference: https://github.com/trailofbits/slither/wiki/Detectors-Documentation#public-function-that-could-be-declared-as-external[0m
INFO:Detectors:[92m
Parameter '_owner' of BasicToken.balanceOf (/unique_chucks/6/0x19ca83a13b4c4be43fa82c5e415e16f1d86f57f7.sol#110-111) is not in mixedCase
Parameter '_to' of BasicToken.transfer (/unique_chucks/6/0x19ca83a13b4c4be43fa82c5e415e16f1d86f57f7.sol#90) is not in mixedCase
Parameter '_value' of BasicToken.transfer (/unique_chucks/6/0x19ca83a13b4c4be43fa82c5e415e16f1d86f57f7.sol#90) is not in mixedCase
Parameter '_owner' of StandardToken.allowance (/unique_chucks/6/0x19ca83a13b4c4be43fa82c5e415e16f1d86f57f7.sol#199) is not in mixedCase
Parameter '_spender' of StandardToken.allowance (/unique_chucks/6/0x19ca83a13b4c4be43fa82c5e415e16f1d86f57f7.sol#199-201) is not in mixedCase
Parameter '_from' of StandardToken.transferFrom (/unique_chucks/6/0x19ca83a13b4c4be43fa82c5e415e16f1d86f57f7.sol#155) is not in mixedCase
Parameter '_to' of StandardToken.transferFrom (/unique_chucks/6/0x19ca83a13b4c4be43fa82c5e415e16f1d86f57f7.sol#156) is not in mixedCase
Parameter '_value' of StandardToken.transferFrom (/unique_chucks/6/0x19ca83a13b4c4be43fa82c5e415e16f1d86f57f7.sol#156) is not in mixedCase
Parameter '_spender' of StandardToken.approve (/unique_chucks/6/0x19ca83a13b4c4be43fa82c5e415e16f1d86f57f7.sol#181-182) is not in mixedCase
Parameter '_value' of StandardToken.approve (/unique_chucks/6/0x19ca83a13b4c4be43fa82c5e415e16f1d86f57f7.sol#182) is not in mixedCase
Parameter '_spender' of StandardToken.increaseApproval (/unique_chucks/6/0x19ca83a13b4c4be43fa82c5e415e16f1d86f57f7.sol#217) is not in mixedCase
Parameter '_addedValue' of StandardToken.increaseApproval (/unique_chucks/6/0x19ca83a13b4c4be43fa82c5e415e16f1d86f57f7.sol#217-218) is not in mixedCase
Parameter '_spender' of StandardToken.decreaseApproval (/unique_chucks/6/0x19ca83a13b4c4be43fa82c5e415e16f1d86f57f7.sol#242) is not in mixedCase
Parameter '_subtractedValue' of StandardToken.decreaseApproval (/unique_chucks/6/0x19ca83a13b4c4be43fa82c5e415e16f1d86f57f7.sol#242) is not in mixedCase
Parameter '_value' of BurnableToken.burn (/unique_chucks/6/0x19ca83a13b4c4be43fa82c5e415e16f1d86f57f7.sol#269) is not in mixedCase
Function 'BurnableToken._burn' (/unique_chucks/6/0x19ca83a13b4c4be43fa82c5e415e16f1d86f57f7.sol#269-287) is not in mixedCase
Parameter '_who' of BurnableToken._burn (/unique_chucks/6/0x19ca83a13b4c4be43fa82c5e415e16f1d86f57f7.sol#271) is not in mixedCase
Parameter '_value' of BurnableToken._burn (/unique_chucks/6/0x19ca83a13b4c4be43fa82c5e415e16f1d86f57f7.sol#271) is not in mixedCase
Parameter '_newOwner' of Ownable.transferOwnership (/unique_chucks/6/0x19ca83a13b4c4be43fa82c5e415e16f1d86f57f7.sol#332) is not in mixedCase
Function 'Ownable._transferOwnership' (/unique_chucks/6/0x19ca83a13b4c4be43fa82c5e415e16f1d86f57f7.sol#340-344) is not in mixedCase
Parameter '_newOwner' of Ownable._transferOwnership (/unique_chucks/6/0x19ca83a13b4c4be43fa82c5e415e16f1d86f57f7.sol#340) is not in mixedCase
Parameter '_receivers' of BitCEOToken.batchTransfer (/unique_chucks/6/0x19ca83a13b4c4be43fa82c5e415e16f1d86f57f7.sol#368-370) is not in mixedCase
Parameter '_amounts' of BitCEOToken.batchTransfer (/unique_chucks/6/0x19ca83a13b4c4be43fa82c5e415e16f1d86f57f7.sol#370) is not in mixedCase
Reference: https://github.com/trailofbits/slither/wiki/Detectors-Documentation#conformance-to-solidity-naming-conventions[0m
INFO:Slither:/unique_chucks/6/0x19ca83a13b4c4be43fa82c5e415e16f1d86f57f7.sol analyzed (9 contracts), 44 result(s) found