/unique_chucks/1/0x1234567461d3f8db7496581774bd869c83d51c93.sol
jar:file:/usr/local/lib/node_modules/@smartdec/smartcheck/jdeploy-bundle/smartcheck-2.0-jar-with-dependencies.jar!/solidity-rules.xmlruleId: SOLIDITY_DEPRECATED_CONSTRUCTIONS
patternId: 28fa69
severity: 1
line: 163
column: 2
content: functionbalanceOf(addresswho)publicconstantreturns(uint256);

ruleId: SOLIDITY_DEPRECATED_CONSTRUCTIONS
patternId: 28fa69
severity: 1
line: 173
column: 2
content: functionallowance(addressowner,addressspender)publicconstantreturns(uint256);

ruleId: SOLIDITY_DEPRECATED_CONSTRUCTIONS
patternId: 28fa69
severity: 1
line: 208
column: 2
content: functionbalanceOf(address_owner)publicconstantreturns(uint256balance){returnbalances[_owner];}

ruleId: SOLIDITY_DEPRECATED_CONSTRUCTIONS
patternId: 28fa69
severity: 1
line: 269
column: 2
content: functionallowance(address_owner,address_spender)publicconstantreturns(uint256remaining){returnallowed[_owner][_spender];}

ruleId: SOLIDITY_ERC20_APPROVE
patternId: af782c
severity: 2
line: 257
column: 2
content: functionapprove(address_spender,uint256_value)publicreturns(bool){allowed[msg.sender][_spender]=_value;Approval(msg.sender,_spender,_value);returntrue;}

ruleId: SOLIDITY_ERC20_APPROVE
patternId: af782c
severity: 2
line: 360
column: 2
content: functionapprove(address_spender,uint256_value)publicwhenNotPausedreturns(bool){returnsuper.approve(_spender,_value);}

ruleId: SOLIDITY_EXTRA_GAS_IN_LOOPS
patternId: d3j11j
severity: 1
line: 424
column: 8
content: for(uinti=0;i<addresses.length;i++){require(mint(addresses[i],amount));}

ruleId: SOLIDITY_EXTRA_GAS_IN_LOOPS
patternId: d3j11j
severity: 1
line: 431
column: 8
content: for(uinti=0;i<addresses.length;i++){require(mint(addresses[i],amounts[i]));}

ruleId: SOLIDITY_GAS_LIMIT_IN_LOOPS
patternId: f6f853
severity: 2
line: 424
column: 8
content: for(uinti=0;i<addresses.length;i++){require(mint(addresses[i],amount));}

ruleId: SOLIDITY_GAS_LIMIT_IN_LOOPS
patternId: f6f853
severity: 2
line: 431
column: 8
content: for(uinti=0;i<addresses.length;i++){require(mint(addresses[i],amounts[i]));}

ruleId: SOLIDITY_PRAGMAS_VERSION
patternId: 23fc32
severity: 1
line: 1
column: 16
content: ^

ruleId: SOLIDITY_SAFEMATH
patternId: 837cac
severity: 1
line: 184
column: 2
content: usingSafeMathforuint256;

ruleId: SOLIDITY_UPGRADE_TO_050
patternId: 341gim
severity: 1
line: 423
column: 29
content: address[]addresses

ruleId: SOLIDITY_UPGRADE_TO_050
patternId: 341gim
severity: 1
line: 429
column: 39
content: address[]addresses

ruleId: SOLIDITY_UPGRADE_TO_050
patternId: 341gim
severity: 1
line: 429
column: 60
content: uint256[]amounts

ruleId: SOLIDITY_VISIBILITY
patternId: b51ce0
severity: 1
line: 186
column: 2
content: mapping(address=>uint256)balances;

ruleId: SOLIDITY_VISIBILITY
patternId: b51ce0
severity: 1
line: 223
column: 2
content: mapping(address=>mapping(address=>uint256))allowed;

SOLIDITY_VISIBILITY :2
SOLIDITY_SAFEMATH :1
SOLIDITY_DEPRECATED_CONSTRUCTIONS :4
SOLIDITY_PRAGMAS_VERSION :1
SOLIDITY_EXTRA_GAS_IN_LOOPS :2
SOLIDITY_UPGRADE_TO_050 :3
SOLIDITY_GAS_LIMIT_IN_LOOPS :2
SOLIDITY_ERC20_APPROVE :2