/unique_chucks/14/0x7d3e20a0cde74e63de807ec0f036633b4c6ae9a3.sol
jar:file:/usr/local/lib/node_modules/@smartdec/smartcheck/jdeploy-bundle/smartcheck-2.0-jar-with-dependencies.jar!/solidity-rules.xmlruleId: SOLIDITY_ADDRESS_HARDCODED
patternId: adc165
severity: 1
line: 51
column: 18
content: 0xa05dd991964c1f4164b20f9613cb196bbd7c3d73

ruleId: SOLIDITY_ADDRESS_HARDCODED
patternId: adc165
severity: 1
line: 52
column: 29
content: 0xa05dd991964c1f4164b20f9613cb196bbd7c3d73

ruleId: SOLIDITY_ERC20_APPROVE
patternId: af782c
severity: 2
line: 38
column: 4
content: functionapprove(address_spender,uint256_value)publicreturns(boolsuccess){allowance[msg.sender][_spender]=_value;Approval(msg.sender,_spender,_value);returntrue;}

ruleId: SOLIDITY_PRAGMAS_VERSION
patternId: 23fc32
severity: 1
line: 1
column: 16
content: ^

SOLIDITY_PRAGMAS_VERSION :1
SOLIDITY_ADDRESS_HARDCODED :2
SOLIDITY_ERC20_APPROVE :1