INFO:Slither:Compilation warnings/errors on /unique_chucks/13/0x2d17e56fb46cfebb9d07603588050afc2b6dfca9.sol:
/unique_chucks/13/0x2d17e56fb46cfebb9d07603588050afc2b6dfca9.sol:62:5: Warning: Defining constructors as functions with the same name as the contract is deprecated. Use "constructor(...) { ... }" instead.
    function AcceptsExchange(address _tokenContract) public {
    ^ (Relevant source part starts here and spans across multiple lines).
/unique_chucks/13/0x2d17e56fb46cfebb9d07603588050afc2b6dfca9.sol:374:5: Warning: Defining constructors as functions with the same name as the contract is deprecated. Use "constructor(...) { ... }" instead.
    function redalert()
    ^ (Relevant source part starts here and spans across multiple lines).
/unique_chucks/13/0x2d17e56fb46cfebb9d07603588050afc2b6dfca9.sol:1573:9: Warning: Variable is declared as a storage pointer. Use an explicit "storage" keyword to silence this warning.
        uint8[12] monthDayCounts;
        ^----------------------^
/unique_chucks/13/0x2d17e56fb46cfebb9d07603588050afc2b6dfca9.sol:1695:17: Warning: Variable is declared as a storage pointer. Use an explicit "storage" keyword to silence this warning.
                uint8[12] monthDayCounts;
                ^----------------------^
/unique_chucks/13/0x2d17e56fb46cfebb9d07603588050afc2b6dfca9.sol:1734:17: Warning: Variable is declared as a storage pointer. Use an explicit "storage" keyword to silence this warning.
                uint[] arst;
                ^---------^
/unique_chucks/13/0x2d17e56fb46cfebb9d07603588050afc2b6dfca9.sol:390:22: Warning: This looks like an address but has an invalid checksum. If this is not used as an address, please prepend '00'. Correct checksummed address: '0x836E5aBac615B371EfcE0AB399c22a04C1dB5ecF'. For more information please see https://solidity.readthedocs.io/en/develop/types.html#address-literals
        ambassadors_[0x836e5abac615b371efce0ab399c22a04c1db5ecf] = true;
                     ^----------------------------------------^
/unique_chucks/13/0x2d17e56fb46cfebb9d07603588050afc2b6dfca9.sol:399:22: Warning: This looks like an address but has an invalid checksum. If this is not used as an address, please prepend '00'. Correct checksummed address: '0x41FE3738B503cBaFD01C1Fd8DD66b7fE6Ec11b01'. For more information please see https://solidity.readthedocs.io/en/develop/types.html#address-literals
        ambassadors_[0x41fe3738b503cbafd01c1fd8dd66b7fe6ec11b01] = true;
                     ^----------------------------------------^
/unique_chucks/13/0x2d17e56fb46cfebb9d07603588050afc2b6dfca9.sol:400:22: Warning: This looks like an address but has an invalid checksum. If this is not used as an address, please prepend '00'. Correct checksummed address: '0x96762288ebb2560a19F8eAdAaa2012504F64278B'. For more information please see https://solidity.readthedocs.io/en/develop/types.html#address-literals
        ambassadors_[0x96762288ebb2560a19f8eadaaa2012504f64278b] = true;
                     ^----------------------------------------^
/unique_chucks/13/0x2d17e56fb46cfebb9d07603588050afc2b6dfca9.sol:401:22: Warning: This looks like an address but has an invalid checksum. If this is not used as an address, please prepend '00'. Correct checksummed address: '0xC29a6dD21801E58566DF9F003B7011E30724543E'. For more information please see https://solidity.readthedocs.io/en/develop/types.html#address-literals
        ambassadors_[0xc29a6dd21801e58566df9f003b7011e30724543e] = true;
                     ^----------------------------------------^
/unique_chucks/13/0x2d17e56fb46cfebb9d07603588050afc2b6dfca9.sol:402:22: Warning: This looks like an address but has an invalid checksum. If this is not used as an address, please prepend '00'. Correct checksummed address: '0xC63eA85CC823c440319013d4B30E19b66466642d'. For more information please see https://solidity.readthedocs.io/en/develop/types.html#address-literals
        ambassadors_[0xc63ea85cc823c440319013d4b30e19b66466642d] = true;
                     ^----------------------------------------^
/unique_chucks/13/0x2d17e56fb46cfebb9d07603588050afc2b6dfca9.sol:403:22: Warning: This looks like an address but has an invalid checksum. If this is not used as an address, please prepend '00'. Correct checksummed address: '0xc6F827796A2E1937Fd7f97C4E0a4906c476794f6'. For more information please see https://solidity.readthedocs.io/en/develop/types.html#address-literals
        ambassadors_[0xc6f827796a2e1937fd7f97c4e0a4906c476794f6] = true;
                     ^----------------------------------------^
/unique_chucks/13/0x2d17e56fb46cfebb9d07603588050afc2b6dfca9.sol:404:22: Warning: This looks like an address but has an invalid checksum. If this is not used as an address, please prepend '00'. Correct checksummed address: '0xE74b1ea522B9d558C8e8719c3b1C4A9050b531CA'. For more information please see https://solidity.readthedocs.io/en/develop/types.html#address-literals
        ambassadors_[0xe74b1ea522b9d558c8e8719c3b1c4a9050b531ca] = true;
                     ^----------------------------------------^
/unique_chucks/13/0x2d17e56fb46cfebb9d07603588050afc2b6dfca9.sol:405:22: Warning: This looks like an address but has an invalid checksum. If this is not used as an address, please prepend '00'. Correct checksummed address: '0x6B90D498062140c607d03fd642377EeaA325703E'. For more information please see https://solidity.readthedocs.io/en/develop/types.html#address-literals
        ambassadors_[0x6b90d498062140c607d03fd642377eeaa325703e] = true;
                     ^----------------------------------------^
/unique_chucks/13/0x2d17e56fb46cfebb9d07603588050afc2b6dfca9.sol:406:22: Warning: This looks like an address but has an invalid checksum. If this is not used as an address, please prepend '00'. Correct checksummed address: '0x5f1088110EdcBa27Fc206cdcc326B413b5867361'. For more information please see https://solidity.readthedocs.io/en/develop/types.html#address-literals
        ambassadors_[0x5f1088110edcba27fc206cdcc326b413b5867361] = true;
                     ^----------------------------------------^
/unique_chucks/13/0x2d17e56fb46cfebb9d07603588050afc2b6dfca9.sol:407:22: Warning: This looks like an address but has an invalid checksum. If this is not used as an address, please prepend '00'. Correct checksummed address: '0xC92FD0e554B12EB10f584819EEc2394a9a6f3d1d'. For more information please see https://solidity.readthedocs.io/en/develop/types.html#address-literals
        ambassadors_[0xc92fd0e554b12eb10f584819eec2394a9a6f3d1d] = true;
                     ^----------------------------------------^
/unique_chucks/13/0x2d17e56fb46cfebb9d07603588050afc2b6dfca9.sol:408:22: Warning: This looks like an address but has an invalid checksum. If this is not used as an address, please prepend '00'. Correct checksummed address: '0xb62A0AC2338C227748E3Ce16d137C6282c9870cF'. For more information please see https://solidity.readthedocs.io/en/develop/types.html#address-literals
        ambassadors_[0xb62a0ac2338c227748e3ce16d137c6282c9870cf] = true;
                     ^----------------------------------------^
/unique_chucks/13/0x2d17e56fb46cfebb9d07603588050afc2b6dfca9.sol:409:22: Warning: This looks like an address but has an invalid checksum. If this is not used as an address, please prepend '00'. Correct checksummed address: '0x3f6C42409dA6FAF117095131168949aB81D5947d'. For more information please see https://solidity.readthedocs.io/en/develop/types.html#address-literals
        ambassadors_[0x3f6c42409da6faf117095131168949ab81d5947d] = true;
                     ^----------------------------------------^
/unique_chucks/13/0x2d17e56fb46cfebb9d07603588050afc2b6dfca9.sol:410:22: Warning: This looks like an address but has an invalid checksum. If this is not used as an address, please prepend '00'. Correct checksummed address: '0xd54C47B3165508Fb5418dBdEc59a0D2448eeb3d7'. For more information please see https://solidity.readthedocs.io/en/develop/types.html#address-literals
        ambassadors_[0xd54c47b3165508fb5418dbdec59a0d2448eeb3d7] = true;
                     ^----------------------------------------^
/unique_chucks/13/0x2d17e56fb46cfebb9d07603588050afc2b6dfca9.sol:411:22: Warning: This looks like an address but has an invalid checksum. If this is not used as an address, please prepend '00'. Correct checksummed address: '0x285d366834AfAA8628226e65913E0DD1aa26B1f8'. For more information please see https://solidity.readthedocs.io/en/develop/types.html#address-literals
        ambassadors_[0x285d366834afaa8628226e65913e0dd1aa26b1f8] = true;
                     ^----------------------------------------^
/unique_chucks/13/0x2d17e56fb46cfebb9d07603588050afc2b6dfca9.sol:412:22: Warning: This looks like an address but has an invalid checksum. If this is not used as an address, please prepend '00'. Correct checksummed address: '0x285d366834AfAA8628226e65913E0DD1aa26B1f8'. For more information please see https://solidity.readthedocs.io/en/develop/types.html#address-literals
        ambassadors_[0x285d366834afaa8628226e65913e0dd1aa26b1f8] = true;
                     ^----------------------------------------^
/unique_chucks/13/0x2d17e56fb46cfebb9d07603588050afc2b6dfca9.sol:413:22: Warning: This looks like an address but has an invalid checksum. If this is not used as an address, please prepend '00'. Correct checksummed address: '0x5F5996f9E1960655D6fc00B945Fef90672370d9f'. For more information please see https://solidity.readthedocs.io/en/develop/types.html#address-literals
        ambassadors_[0x5f5996f9e1960655d6fc00b945fef90672370d9f] = true;
                     ^----------------------------------------^
/unique_chucks/13/0x2d17e56fb46cfebb9d07603588050afc2b6dfca9.sol:414:22: Warning: This looks like an address but has an invalid checksum. If this is not used as an address, please prepend '00'. Correct checksummed address: '0x3825c8BA07166f34cE9a2cD1e08A68b105c82cB9'. For more information please see https://solidity.readthedocs.io/en/develop/types.html#address-literals
        ambassadors_[0x3825c8ba07166f34ce9a2cd1e08a68b105c82cb9] = true;
                     ^----------------------------------------^
/unique_chucks/13/0x2d17e56fb46cfebb9d07603588050afc2b6dfca9.sol:415:22: Warning: This looks like an address but has an invalid checksum. If this is not used as an address, please prepend '00'. Correct checksummed address: '0x7F3e05b4F258e1C15A0eF49894CfFa1D89cEB9d3'. For more information please see https://solidity.readthedocs.io/en/develop/types.html#address-literals
        ambassadors_[0x7f3e05b4f258e1c15a0ef49894cffa1d89ceb9d3] = true;
                     ^----------------------------------------^
/unique_chucks/13/0x2d17e56fb46cfebb9d07603588050afc2b6dfca9.sol:416:22: Warning: This looks like an address but has an invalid checksum. If this is not used as an address, please prepend '00'. Correct checksummed address: '0x3191Acf877495e5F4e619eC722F6f38839182660'. For more information please see https://solidity.readthedocs.io/en/develop/types.html#address-literals
        ambassadors_[0x3191acf877495e5f4e619ec722f6f38839182660] = true;
                     ^----------------------------------------^
/unique_chucks/13/0x2d17e56fb46cfebb9d07603588050afc2b6dfca9.sol:417:22: Warning: This looks like an address but has an invalid checksum. If this is not used as an address, please prepend '00'. Correct checksummed address: '0x14F981Ec7b0f59dF6E1C56502E272298F221d763'. For more information please see https://solidity.readthedocs.io/en/develop/types.html#address-literals
        ambassadors_[0x14f981ec7b0f59df6e1c56502e272298f221d763] = true;
                     ^----------------------------------------^
/unique_chucks/13/0x2d17e56fb46cfebb9d07603588050afc2b6dfca9.sol:418:22: Warning: This looks like an address but has an invalid checksum. If this is not used as an address, please prepend '00'. Correct checksummed address: '0xaE817Ec70d8B621bB58a047e63C31445F79e20Dc'. For more information please see https://solidity.readthedocs.io/en/develop/types.html#address-literals
        ambassadors_[0xae817ec70d8b621bb58a047e63c31445f79e20dc] = true;
                     ^----------------------------------------^
/unique_chucks/13/0x2d17e56fb46cfebb9d07603588050afc2b6dfca9.sol:419:22: Warning: This looks like an address but has an invalid checksum. If this is not used as an address, please prepend '00'. Correct checksummed address: '0xc43aF3BEcAc9c810384B69Cf061f2D7eC73105C4'. For more information please see https://solidity.readthedocs.io/en/develop/types.html#address-literals
        ambassadors_[0xc43af3becac9c810384b69cf061f2d7ec73105c4] = true;
                     ^----------------------------------------^
/unique_chucks/13/0x2d17e56fb46cfebb9d07603588050afc2b6dfca9.sol:420:22: Warning: This looks like an address but has an invalid checksum. If this is not used as an address, please prepend '00'. Correct checksummed address: '0x0743469569ed5cc44A51216a1bF5Ad7E7f90F40e'. For more information please see https://solidity.readthedocs.io/en/develop/types.html#address-literals
        ambassadors_[0x0743469569ed5cc44a51216a1bf5ad7e7f90f40e] = true;
                     ^----------------------------------------^
/unique_chucks/13/0x2d17e56fb46cfebb9d07603588050afc2b6dfca9.sol:421:22: Warning: This looks like an address but has an invalid checksum. If this is not used as an address, please prepend '00'. Correct checksummed address: '0xFF6A4d0ed374ba955048664D6EF5448c6cD1d56A'. For more information please see https://solidity.readthedocs.io/en/develop/types.html#address-literals
        ambassadors_[0xff6a4d0ed374ba955048664d6ef5448c6cd1d56a] = true;
                     ^----------------------------------------^
/unique_chucks/13/0x2d17e56fb46cfebb9d07603588050afc2b6dfca9.sol:422:22: Warning: This looks like an address but has an invalid checksum. If this is not used as an address, please prepend '00'. Correct checksummed address: '0x62358a483311B3DE29Ae987b990e19De6259Fa9c'. For more information please see https://solidity.readthedocs.io/en/develop/types.html#address-literals
        ambassadors_[0x62358a483311b3de29ae987b990e19de6259fa9c] = true;
                     ^----------------------------------------^
/unique_chucks/13/0x2d17e56fb46cfebb9d07603588050afc2b6dfca9.sol:423:22: Warning: This looks like an address but has an invalid checksum. If this is not used as an address, please prepend '00'. Correct checksummed address: '0xA0fEa1bCfA32713AFDb73B9908F6CB055022E95F'. For more information please see https://solidity.readthedocs.io/en/develop/types.html#address-literals
        ambassadors_[0xa0fea1bcfa32713afdb73b9908f6cb055022e95f] = true;
                     ^----------------------------------------^
/unique_chucks/13/0x2d17e56fb46cfebb9d07603588050afc2b6dfca9.sol:424:22: Warning: This looks like an address but has an invalid checksum. If this is not used as an address, please prepend '00'. Correct checksummed address: '0xb2aF816608e1A4D0fb12b81028F32BAc76256eBa'. For more information please see https://solidity.readthedocs.io/en/develop/types.html#address-literals
        ambassadors_[0xb2af816608e1a4d0fb12b81028f32bac76256eba] = true;
                     ^----------------------------------------^
/unique_chucks/13/0x2d17e56fb46cfebb9d07603588050afc2b6dfca9.sol:425:22: Warning: This looks like an address but has an invalid checksum. If this is not used as an address, please prepend '00'. Correct checksummed address: '0x977193d601b364F38ab1a832dBaEf69ca7833992'. For more information please see https://solidity.readthedocs.io/en/develop/types.html#address-literals
        ambassadors_[0x977193d601b364f38ab1a832dbaef69ca7833992] = true;
                     ^----------------------------------------^
/unique_chucks/13/0x2d17e56fb46cfebb9d07603588050afc2b6dfca9.sol:426:22: Warning: This looks like an address but has an invalid checksum. If this is not used as an address, please prepend '00'. Correct checksummed address: '0xEd3547f0ED028361685b39Cd139Aa841dF6629AB'. For more information please see https://solidity.readthedocs.io/en/develop/types.html#address-literals
        ambassadors_[0xed3547f0ed028361685b39cd139aa841df6629ab] = true;
                     ^----------------------------------------^
/unique_chucks/13/0x2d17e56fb46cfebb9d07603588050afc2b6dfca9.sol:427:22: Warning: This looks like an address but has an invalid checksum. If this is not used as an address, please prepend '00'. Correct checksummed address: '0xe40ff298079493cBa637D92089E3d1db403974cb'. For more information please see https://solidity.readthedocs.io/en/develop/types.html#address-literals
        ambassadors_[0xe40ff298079493cba637d92089e3d1db403974cb] = true;
                     ^----------------------------------------^
/unique_chucks/13/0x2d17e56fb46cfebb9d07603588050afc2b6dfca9.sol:428:22: Warning: This looks like an address but has an invalid checksum. If this is not used as an address, please prepend '00'. Correct checksummed address: '0xAe3dC7FA07F9dD030fa56C027E90998eD9Fe9D61'. For more information please see https://solidity.readthedocs.io/en/develop/types.html#address-literals
        ambassadors_[0xae3dc7fa07f9dd030fa56c027e90998ed9fe9d61] = true;
                     ^----------------------------------------^
/unique_chucks/13/0x2d17e56fb46cfebb9d07603588050afc2b6dfca9.sol:429:22: Warning: This looks like an address but has an invalid checksum. If this is not used as an address, please prepend '00'. Correct checksummed address: '0x2dD35e7a6f5FCC28d146C04BE641f969F6D1e403'. For more information please see https://solidity.readthedocs.io/en/develop/types.html#address-literals
        ambassadors_[0x2dd35e7a6f5fcc28d146c04be641f969f6d1e403] = true;
                     ^----------------------------------------^
/unique_chucks/13/0x2d17e56fb46cfebb9d07603588050afc2b6dfca9.sol:430:22: Warning: This looks like an address but has an invalid checksum. If this is not used as an address, please prepend '00'. Correct checksummed address: '0x2aFE21eC5114339922d38546a3bE7a0B871D3a0D'. For more information please see https://solidity.readthedocs.io/en/develop/types.html#address-literals
        ambassadors_[0x2afe21ec5114339922d38546a3be7a0b871d3a0d] = true;
                     ^----------------------------------------^
/unique_chucks/13/0x2d17e56fb46cfebb9d07603588050afc2b6dfca9.sol:431:22: Warning: This looks like an address but has an invalid checksum. If this is not used as an address, please prepend '00'. Correct checksummed address: '0x6696FeE394bB224D0154EA6b58737dCa827e1960'. For more information please see https://solidity.readthedocs.io/en/develop/types.html#address-literals
        ambassadors_[0x6696fee394bb224d0154ea6b58737dca827e1960] = true;
                     ^----------------------------------------^
/unique_chucks/13/0x2d17e56fb46cfebb9d07603588050afc2b6dfca9.sol:432:22: Warning: This looks like an address but has an invalid checksum. If this is not used as an address, please prepend '00'. Correct checksummed address: '0xCCdf159B1340a35c3567B669c836A88070051314'. For more information please see https://solidity.readthedocs.io/en/develop/types.html#address-literals
        ambassadors_[0xccdf159b1340a35c3567b669c836a88070051314] = true;
                     ^----------------------------------------^
/unique_chucks/13/0x2d17e56fb46cfebb9d07603588050afc2b6dfca9.sol:433:22: Warning: This looks like an address but has an invalid checksum. If this is not used as an address, please prepend '00'. Correct checksummed address: '0x1c3416a34C86F9DDcd05C7828BF5693308d19e0B'. For more information please see https://solidity.readthedocs.io/en/develop/types.html#address-literals
        ambassadors_[0x1c3416a34c86f9ddcd05c7828bf5693308d19e0b] = true;
                     ^----------------------------------------^
/unique_chucks/13/0x2d17e56fb46cfebb9d07603588050afc2b6dfca9.sol:434:22: Warning: This looks like an address but has an invalid checksum. If this is not used as an address, please prepend '00'. Correct checksummed address: '0x846DeDB19B105eDAFAC2c9410Fa2b5e73b596A14'. For more information please see https://solidity.readthedocs.io/en/develop/types.html#address-literals
        ambassadors_[0x846dedb19b105edafac2c9410fa2b5e73b596a14] = true;
                     ^----------------------------------------^
/unique_chucks/13/0x2d17e56fb46cfebb9d07603588050afc2b6dfca9.sol:435:22: Warning: This looks like an address but has an invalid checksum. If this is not used as an address, please prepend '00'. Correct checksummed address: '0x3e9294f9B01Bc0BCb91413112C75c3225c65d0b3'. For more information please see https://solidity.readthedocs.io/en/develop/types.html#address-literals
        ambassadors_[0x3e9294f9b01bc0bcb91413112c75c3225c65d0b3] = true;
                     ^----------------------------------------^
/unique_chucks/13/0x2d17e56fb46cfebb9d07603588050afc2b6dfca9.sol:436:22: Warning: This looks like an address but has an invalid checksum. If this is not used as an address, please prepend '00'. Correct checksummed address: '0x3a5cE61c74343DDe474bAD4210cCCF1Dac7b1934'. For more information please see https://solidity.readthedocs.io/en/develop/types.html#address-literals
        ambassadors_[0x3a5ce61c74343dde474bad4210cccf1dac7b1934] = true;
                     ^----------------------------------------^
/unique_chucks/13/0x2d17e56fb46cfebb9d07603588050afc2b6dfca9.sol:437:22: Warning: This looks like an address but has an invalid checksum. If this is not used as an address, please prepend '00'. Correct checksummed address: '0x38E123F89a7576B2942010Ad1f468CC0EA8f9F4b'. For more information please see https://solidity.readthedocs.io/en/develop/types.html#address-literals
        ambassadors_[0x38e123f89a7576b2942010ad1f468cc0ea8f9f4b] = true;
                     ^----------------------------------------^
/unique_chucks/13/0x2d17e56fb46cfebb9d07603588050afc2b6dfca9.sol:438:22: Warning: This looks like an address but has an invalid checksum. If this is not used as an address, please prepend '00'. Correct checksummed address: '0xdcD8Bad894035b5C554aD450cA84ae6Be0b73122'. For more information please see https://solidity.readthedocs.io/en/develop/types.html#address-literals
        ambassadors_[0xdcd8bad894035b5c554ad450ca84ae6be0b73122] = true;
                     ^----------------------------------------^
/unique_chucks/13/0x2d17e56fb46cfebb9d07603588050afc2b6dfca9.sol:439:22: Warning: This looks like an address but has an invalid checksum. If this is not used as an address, please prepend '00'. Correct checksummed address: '0xcFaB320D4379a84Fe3736eccf56B09916E35097B'. For more information please see https://solidity.readthedocs.io/en/develop/types.html#address-literals
        ambassadors_[0xcfab320d4379a84fe3736eccf56b09916e35097b] = true;
                     ^----------------------------------------^
/unique_chucks/13/0x2d17e56fb46cfebb9d07603588050afc2b6dfca9.sol:440:22: Warning: This looks like an address but has an invalid checksum. If this is not used as an address, please prepend '00'. Correct checksummed address: '0x12F53c1D7CAeA0B41010a0e53D89C801Ed579B5a'. For more information please see https://solidity.readthedocs.io/en/develop/types.html#address-literals
        ambassadors_[0x12f53c1d7caea0b41010a0e53d89c801ed579b5a] = true;
                     ^----------------------------------------^
/unique_chucks/13/0x2d17e56fb46cfebb9d07603588050afc2b6dfca9.sol:441:22: Warning: This looks like an address but has an invalid checksum. If this is not used as an address, please prepend '00'. Correct checksummed address: '0x5145A296e1bB9d4Cf468d6d97d7B6D15700f39EF'. For more information please see https://solidity.readthedocs.io/en/develop/types.html#address-literals
        ambassadors_[0x5145a296e1bb9d4cf468d6d97d7b6d15700f39ef] = true;
                     ^----------------------------------------^
/unique_chucks/13/0x2d17e56fb46cfebb9d07603588050afc2b6dfca9.sol:442:22: Warning: This looks like an address but has an invalid checksum. If this is not used as an address, please prepend '00'. Correct checksummed address: '0xAc707a1B4396A309F4aD01e3Da4bE607bbf14089'. For more information please see https://solidity.readthedocs.io/en/develop/types.html#address-literals
        ambassadors_[0xac707a1b4396a309f4ad01e3da4be607bbf14089] = true;
                     ^----------------------------------------^
/unique_chucks/13/0x2d17e56fb46cfebb9d07603588050afc2b6dfca9.sol:443:22: Warning: This looks like an address but has an invalid checksum. If this is not used as an address, please prepend '00'. Correct checksummed address: '0x38602d1446fe063444B04C3CA5eCDe0cbA104240'. For more information please see https://solidity.readthedocs.io/en/develop/types.html#address-literals
        ambassadors_[0x38602d1446fe063444b04c3ca5ecde0cba104240] = true;
                     ^----------------------------------------^
/unique_chucks/13/0x2d17e56fb46cfebb9d07603588050afc2b6dfca9.sol:444:22: Warning: This looks like an address but has an invalid checksum. If this is not used as an address, please prepend '00'. Correct checksummed address: '0xc951D3463EbBa4e9Ec8dDfe1f42bc5895C46eC8f'. For more information please see https://solidity.readthedocs.io/en/develop/types.html#address-literals
        ambassadors_[0xc951d3463ebba4e9ec8ddfe1f42bc5895c46ec8f] = true;
                     ^----------------------------------------^
/unique_chucks/13/0x2d17e56fb46cfebb9d07603588050afc2b6dfca9.sol:445:22: Warning: This looks like an address but has an invalid checksum. If this is not used as an address, please prepend '00'. Correct checksummed address: '0x69E566A65d00ad5987359Db9B3CED7E1cfE9AC69'. For more information please see https://solidity.readthedocs.io/en/develop/types.html#address-literals
        ambassadors_[0x69e566a65d00ad5987359db9b3ced7e1cfe9ac69] = true;
                     ^----------------------------------------^
/unique_chucks/13/0x2d17e56fb46cfebb9d07603588050afc2b6dfca9.sol:446:22: Warning: This looks like an address but has an invalid checksum. If this is not used as an address, please prepend '00'. Correct checksummed address: '0x533b14F6D04ED3C63A68D5E80b7b1F6204Fb4213'. For more information please see https://solidity.readthedocs.io/en/develop/types.html#address-literals
        ambassadors_[0x533b14f6d04ed3c63a68d5e80b7b1f6204fb4213] = true;
                     ^----------------------------------------^
/unique_chucks/13/0x2d17e56fb46cfebb9d07603588050afc2b6dfca9.sol:447:22: Warning: This looks like an address but has an invalid checksum. If this is not used as an address, please prepend '00'. Correct checksummed address: '0x5fa0b03Bee5B4e6643a1762df718C0A4A7C1842f'. For more information please see https://solidity.readthedocs.io/en/develop/types.html#address-literals
        ambassadors_[0x5fa0b03bee5b4e6643a1762df718c0a4a7c1842f] = true;
                     ^----------------------------------------^
/unique_chucks/13/0x2d17e56fb46cfebb9d07603588050afc2b6dfca9.sol:448:22: Warning: This looks like an address but has an invalid checksum. If this is not used as an address, please prepend '00'. Correct checksummed address: '0xB74D5f0a81Ce99aC1857133E489bC2b4954935fF'. For more information please see https://solidity.readthedocs.io/en/develop/types.html#address-literals
        ambassadors_[0xb74d5f0a81ce99ac1857133e489bc2b4954935ff] = true;
                     ^----------------------------------------^
/unique_chucks/13/0x2d17e56fb46cfebb9d07603588050afc2b6dfca9.sol:449:22: Warning: This looks like an address but has an invalid checksum. If this is not used as an address, please prepend '00'. Correct checksummed address: '0xC371117E0ADFAFe2A3b7B6Ba71b7C0352cA7789D'. For more information please see https://solidity.readthedocs.io/en/develop/types.html#address-literals
        ambassadors_[0xc371117e0adfafe2a3b7b6ba71b7c0352ca7789d] = true;
                     ^----------------------------------------^
/unique_chucks/13/0x2d17e56fb46cfebb9d07603588050afc2b6dfca9.sol:450:22: Warning: This looks like an address but has an invalid checksum. If this is not used as an address, please prepend '00'. Correct checksummed address: '0xcade49e583BC226f19894458F8e2051289f1ac85'. For more information please see https://solidity.readthedocs.io/en/develop/types.html#address-literals
        ambassadors_[0xcade49e583bc226f19894458f8e2051289f1ac85] = true;
                     ^----------------------------------------^
/unique_chucks/13/0x2d17e56fb46cfebb9d07603588050afc2b6dfca9.sol:451:22: Warning: This looks like an address but has an invalid checksum. If this is not used as an address, please prepend '00'. Correct checksummed address: '0xE3fc95aBa6655619db88b523aB487d5273db484f'. For more information please see https://solidity.readthedocs.io/en/develop/types.html#address-literals
        ambassadors_[0xe3fc95aba6655619db88b523ab487d5273db484f] = true;
                     ^----------------------------------------^
/unique_chucks/13/0x2d17e56fb46cfebb9d07603588050afc2b6dfca9.sol:452:22: Warning: This looks like an address but has an invalid checksum. If this is not used as an address, please prepend '00'. Correct checksummed address: '0x22E4D1433377a2a18452e74fd4BA9eeA01824f7D'. For more information please see https://solidity.readthedocs.io/en/develop/types.html#address-literals
        ambassadors_[0x22e4d1433377a2a18452e74fd4ba9eea01824f7d] = true;
                     ^----------------------------------------^
/unique_chucks/13/0x2d17e56fb46cfebb9d07603588050afc2b6dfca9.sol:453:22: Warning: This looks like an address but has an invalid checksum. If this is not used as an address, please prepend '00'. Correct checksummed address: '0x32AE5EfF81881A9a70fcacAda5BB1925CaBca508'. For more information please see https://solidity.readthedocs.io/en/develop/types.html#address-literals
        ambassadors_[0x32ae5eff81881a9a70fcacada5bb1925cabca508] = true;
                     ^----------------------------------------^
/unique_chucks/13/0x2d17e56fb46cfebb9d07603588050afc2b6dfca9.sol:454:22: Warning: This looks like an address but has an invalid checksum. If this is not used as an address, please prepend '00'. Correct checksummed address: '0xB864d177C291368B52A63A95eefF36e3731303c1'. For more information please see https://solidity.readthedocs.io/en/develop/types.html#address-literals
        ambassadors_[0xb864d177c291368b52a63a95eeff36e3731303c1] = true;
                     ^----------------------------------------^
/unique_chucks/13/0x2d17e56fb46cfebb9d07603588050afc2b6dfca9.sol:455:22: Warning: This looks like an address but has an invalid checksum. If this is not used as an address, please prepend '00'. Correct checksummed address: '0x46091f77b224576E224796de5c50e8120Ad7D764'. For more information please see https://solidity.readthedocs.io/en/develop/types.html#address-literals
        ambassadors_[0x46091f77b224576e224796de5c50e8120ad7d764] = true;
                     ^----------------------------------------^
/unique_chucks/13/0x2d17e56fb46cfebb9d07603588050afc2b6dfca9.sol:456:22: Warning: This looks like an address but has an invalid checksum. If this is not used as an address, please prepend '00'. Correct checksummed address: '0xC6407Dd687a179aA11781B8A1e416Bd0515923c2'. For more information please see https://solidity.readthedocs.io/en/develop/types.html#address-literals
        ambassadors_[0xc6407dd687a179aa11781b8a1e416bd0515923c2] = true;
                     ^----------------------------------------^
/unique_chucks/13/0x2d17e56fb46cfebb9d07603588050afc2b6dfca9.sol:457:22: Warning: This looks like an address but has an invalid checksum. If this is not used as an address, please prepend '00'. Correct checksummed address: '0x2502ce06DCb61ddf5136171768dfc08d41DB0A75'. For more information please see https://solidity.readthedocs.io/en/develop/types.html#address-literals
        ambassadors_[0x2502ce06dcb61ddf5136171768dfc08d41db0a75] = true;
                     ^----------------------------------------^
/unique_chucks/13/0x2d17e56fb46cfebb9d07603588050afc2b6dfca9.sol:458:22: Warning: This looks like an address but has an invalid checksum. If this is not used as an address, please prepend '00'. Correct checksummed address: '0x6b80Ca9c66Cdcecc39893993Df117082cc32bb16'. For more information please see https://solidity.readthedocs.io/en/develop/types.html#address-literals
        ambassadors_[0x6b80ca9c66cdcecc39893993df117082cc32bb16] = true;
                     ^----------------------------------------^
/unique_chucks/13/0x2d17e56fb46cfebb9d07603588050afc2b6dfca9.sol:459:22: Warning: This looks like an address but has an invalid checksum. If this is not used as an address, please prepend '00'. Correct checksummed address: '0xA511ddBa25FFD74F19a400fA581A15b5044855CE'. For more information please see https://solidity.readthedocs.io/en/develop/types.html#address-literals
        ambassadors_[0xa511ddba25ffd74f19a400fa581a15b5044855ce] = true;
                     ^----------------------------------------^
/unique_chucks/13/0x2d17e56fb46cfebb9d07603588050afc2b6dfca9.sol:460:22: Warning: This looks like an address but has an invalid checksum. If this is not used as an address, please prepend '00'. Correct checksummed address: '0xce81d90Ae52d34588A95dB59b89948c8Fec487cE'. For more information please see https://solidity.readthedocs.io/en/develop/types.html#address-literals
        ambassadors_[0xce81d90ae52d34588a95db59b89948c8fec487ce] = true;
                     ^----------------------------------------^
/unique_chucks/13/0x2d17e56fb46cfebb9d07603588050afc2b6dfca9.sol:461:22: Warning: This looks like an address but has an invalid checksum. If this is not used as an address, please prepend '00'. Correct checksummed address: '0x6D60dBF559bbF0969002F19979cAD909C2644daD'. For more information please see https://solidity.readthedocs.io/en/develop/types.html#address-literals
        ambassadors_[0x6d60dbf559bbf0969002f19979cad909c2644dad] = true;
                     ^----------------------------------------^
/unique_chucks/13/0x2d17e56fb46cfebb9d07603588050afc2b6dfca9.sol:462:22: Warning: This looks like an address but has an invalid checksum. If this is not used as an address, please prepend '00'. Correct checksummed address: '0x45101255a2Bcad3175E6fDA4020A9B77e6353A9A'. For more information please see https://solidity.readthedocs.io/en/develop/types.html#address-literals
        ambassadors_[0x45101255a2bcad3175e6fda4020a9b77e6353a9a] = true;
                     ^----------------------------------------^
/unique_chucks/13/0x2d17e56fb46cfebb9d07603588050afc2b6dfca9.sol:463:22: Warning: This looks like an address but has an invalid checksum. If this is not used as an address, please prepend '00'. Correct checksummed address: '0xE9078D7539E5EaC3b47801a6ecEA8a9eC8F59375'. For more information please see https://solidity.readthedocs.io/en/develop/types.html#address-literals
        ambassadors_[0xe9078d7539e5eac3b47801a6ecea8a9ec8f59375] = true;
                     ^----------------------------------------^
/unique_chucks/13/0x2d17e56fb46cfebb9d07603588050afc2b6dfca9.sol:464:22: Warning: This looks like an address but has an invalid checksum. If this is not used as an address, please prepend '00'. Correct checksummed address: '0x41a21b264F9ebF6cF571D4543a5b3AB1c6bEd98C'. For more information please see https://solidity.readthedocs.io/en/develop/types.html#address-literals
        ambassadors_[0x41a21b264f9ebf6cf571d4543a5b3ab1c6bed98c] = true;
                     ^----------------------------------------^
/unique_chucks/13/0x2d17e56fb46cfebb9d07603588050afc2b6dfca9.sol:465:22: Warning: This looks like an address but has an invalid checksum. If this is not used as an address, please prepend '00'. Correct checksummed address: '0x471E8d970c30E61403186b6F245364Ae790d14c3'. For more information please see https://solidity.readthedocs.io/en/develop/types.html#address-literals
        ambassadors_[0x471e8d970c30e61403186b6f245364ae790d14c3] = true;
                     ^----------------------------------------^
/unique_chucks/13/0x2d17e56fb46cfebb9d07603588050afc2b6dfca9.sol:466:22: Warning: This looks like an address but has an invalid checksum. If this is not used as an address, please prepend '00'. Correct checksummed address: '0x6eb7f74fF7F57F7ba45cA71712BccEF0588d8f0d'. For more information please see https://solidity.readthedocs.io/en/develop/types.html#address-literals
        ambassadors_[0x6eb7f74ff7f57f7ba45ca71712bccef0588d8f0d] = true;
                     ^----------------------------------------^
/unique_chucks/13/0x2d17e56fb46cfebb9d07603588050afc2b6dfca9.sol:467:22: Warning: This looks like an address but has an invalid checksum. If this is not used as an address, please prepend '00'. Correct checksummed address: '0xE6D6Bc079d76DC70FceC5DE84721C7b0074D164b'. For more information please see https://solidity.readthedocs.io/en/develop/types.html#address-literals
        ambassadors_[0xe6d6bc079d76dc70fcec5de84721c7b0074d164b] = true;
                     ^----------------------------------------^
/unique_chucks/13/0x2d17e56fb46cfebb9d07603588050afc2b6dfca9.sol:468:22: Warning: This looks like an address but has an invalid checksum. If this is not used as an address, please prepend '00'. Correct checksummed address: '0x3ec5972C2177a08FD5E5f606f19aB262d28cEffE'. For more information please see https://solidity.readthedocs.io/en/develop/types.html#address-literals
        ambassadors_[0x3ec5972c2177a08fd5e5f606f19ab262d28ceffe] = true;
                     ^----------------------------------------^
/unique_chucks/13/0x2d17e56fb46cfebb9d07603588050afc2b6dfca9.sol:469:22: Warning: This looks like an address but has an invalid checksum. If this is not used as an address, please prepend '00'. Correct checksummed address: '0x108B87A18877104e07Bd870AF70dfC2487447262'. For more information please see https://solidity.readthedocs.io/en/develop/types.html#address-literals
        ambassadors_[0x108b87a18877104e07bd870af70dfc2487447262] = true;
                     ^----------------------------------------^
/unique_chucks/13/0x2d17e56fb46cfebb9d07603588050afc2b6dfca9.sol:470:22: Warning: This looks like an address but has an invalid checksum. If this is not used as an address, please prepend '00'. Correct checksummed address: '0x3129354440e4639D2b809Ca03d4CCc6277ac8167'. For more information please see https://solidity.readthedocs.io/en/develop/types.html#address-literals
        ambassadors_[0x3129354440e4639d2b809ca03d4ccc6277ac8167] = true;
                     ^----------------------------------------^
/unique_chucks/13/0x2d17e56fb46cfebb9d07603588050afc2b6dfca9.sol:471:22: Warning: This looks like an address but has an invalid checksum. If this is not used as an address, please prepend '00'. Correct checksummed address: '0x21572b6A855EE8B1392Ed1003ECF3474Fa83De3e'. For more information please see https://solidity.readthedocs.io/en/develop/types.html#address-literals
        ambassadors_[0x21572b6a855ee8b1392ed1003ecf3474fa83de3e] = true;
                     ^----------------------------------------^
/unique_chucks/13/0x2d17e56fb46cfebb9d07603588050afc2b6dfca9.sol:472:22: Warning: This looks like an address but has an invalid checksum. If this is not used as an address, please prepend '00'. Correct checksummed address: '0x75ab98f33a7a60C4953CB907747b498e0ee8edf7'. For more information please see https://solidity.readthedocs.io/en/develop/types.html#address-literals
        ambassadors_[0x75ab98f33a7a60c4953cb907747b498e0ee8edf7] = true;
                     ^----------------------------------------^
/unique_chucks/13/0x2d17e56fb46cfebb9d07603588050afc2b6dfca9.sol:473:22: Warning: This looks like an address but has an invalid checksum. If this is not used as an address, please prepend '00'. Correct checksummed address: '0x0FE6967F9A5Bb235FC74A63E3f3fc5853c55C083'. For more information please see https://solidity.readthedocs.io/en/develop/types.html#address-literals
        ambassadors_[0x0fe6967f9a5bb235fc74a63e3f3fc5853c55c083] = true;
                     ^----------------------------------------^
/unique_chucks/13/0x2d17e56fb46cfebb9d07603588050afc2b6dfca9.sol:474:22: Warning: This looks like an address but has an invalid checksum. If this is not used as an address, please prepend '00'. Correct checksummed address: '0x49545640b9f3266D13CCe842b298D450c0f8D776'. For more information please see https://solidity.readthedocs.io/en/develop/types.html#address-literals
        ambassadors_[0x49545640b9f3266d13cce842b298d450c0f8d776] = true;
                     ^----------------------------------------^
/unique_chucks/13/0x2d17e56fb46cfebb9d07603588050afc2b6dfca9.sol:475:22: Warning: This looks like an address but has an invalid checksum. If this is not used as an address, please prepend '00'. Correct checksummed address: '0x9327128EaD2495f60d41d3933825fFd8080d4d42'. For more information please see https://solidity.readthedocs.io/en/develop/types.html#address-literals
        ambassadors_[0x9327128ead2495f60d41d3933825ffd8080d4d42] = true;
                     ^----------------------------------------^
/unique_chucks/13/0x2d17e56fb46cfebb9d07603588050afc2b6dfca9.sol:476:22: Warning: This looks like an address but has an invalid checksum. If this is not used as an address, please prepend '00'. Correct checksummed address: '0x82b4E53a7D6bf6C72cc57f8d70dAE90A34f0870f'. For more information please see https://solidity.readthedocs.io/en/develop/types.html#address-literals
        ambassadors_[0x82b4e53a7d6bf6c72cc57f8d70dae90a34f0870f] = true;
                     ^----------------------------------------^
/unique_chucks/13/0x2d17e56fb46cfebb9d07603588050afc2b6dfca9.sol:477:22: Warning: This looks like an address but has an invalid checksum. If this is not used as an address, please prepend '00'. Correct checksummed address: '0xB74D5f0a81Ce99aC1857133E489bC2b4954935fF'. For more information please see https://solidity.readthedocs.io/en/develop/types.html#address-literals
        ambassadors_[0xb74d5f0a81ce99ac1857133e489bc2b4954935ff] = true;
                     ^----------------------------------------^
/unique_chucks/13/0x2d17e56fb46cfebb9d07603588050afc2b6dfca9.sol:478:22: Warning: This looks like an address but has an invalid checksum. If this is not used as an address, please prepend '00'. Correct checksummed address: '0x3749d556C167Dd73d536A6fAaf0bb4aCe8F7DAB9'. For more information please see https://solidity.readthedocs.io/en/develop/types.html#address-literals
        ambassadors_[0x3749d556c167dd73d536a6faaf0bb4ace8f7dab9] = true;
                     ^----------------------------------------^
/unique_chucks/13/0x2d17e56fb46cfebb9d07603588050afc2b6dfca9.sol:479:22: Warning: This looks like an address but has an invalid checksum. If this is not used as an address, please prepend '00'. Correct checksummed address: '0x3039f6857071692B540D9E1E759A0aDD93Af3feD'. For more information please see https://solidity.readthedocs.io/en/develop/types.html#address-literals
        ambassadors_[0x3039f6857071692b540d9e1e759a0add93af3fed] = true;
                     ^----------------------------------------^
/unique_chucks/13/0x2d17e56fb46cfebb9d07603588050afc2b6dfca9.sol:480:22: Warning: This looks like an address but has an invalid checksum. If this is not used as an address, please prepend '00'. Correct checksummed address: '0xB74D5f0a81Ce99aC1857133E489bC2b4954935fF'. For more information please see https://solidity.readthedocs.io/en/develop/types.html#address-literals
        ambassadors_[0xb74d5f0a81ce99ac1857133e489bc2b4954935ff] = true;
                     ^----------------------------------------^
/unique_chucks/13/0x2d17e56fb46cfebb9d07603588050afc2b6dfca9.sol:595:9: Warning: Invoking events without "emit" prefix is deprecated.
        onReinvestment(_customerAddress, _dividends, _tokens);
        ^---------------------------------------------------^
/unique_chucks/13/0x2d17e56fb46cfebb9d07603588050afc2b6dfca9.sol:638:9: Warning: Invoking events without "emit" prefix is deprecated.
        onWithdraw(_customerAddress, _dividends);
        ^--------------------------------------^
/unique_chucks/13/0x2d17e56fb46cfebb9d07603588050afc2b6dfca9.sol:686:9: Warning: Invoking events without "emit" prefix is deprecated.
        onTokenSell(_customerAddress, _tokens, _taxedEthereum);
        ^----------------------------------------------------^
/unique_chucks/13/0x2d17e56fb46cfebb9d07603588050afc2b6dfca9.sol:746:9: Warning: Invoking events without "emit" prefix is deprecated.
        Transfer(_customerAddress, _toAddress, _taxedTokens);
        ^--------------------------------------------------^
/unique_chucks/13/0x2d17e56fb46cfebb9d07603588050afc2b6dfca9.sol:967:16: Warning: Using contract member "balance" inherited from the address type is deprecated. Convert the contract to "address" type to access the member, for example use "address(contract).balance" instead.
        return this.balance;
               ^----------^
/unique_chucks/13/0x2d17e56fb46cfebb9d07603588050afc2b6dfca9.sol:1221:9: Warning: Invoking events without "emit" prefix is deprecated.
        onTokenPurchase(msg.sender, _incomingEthereum, _amountOfTokens, _referredBy);
        ^--------------------------------------------------------------------------^
/unique_chucks/13/0x2d17e56fb46cfebb9d07603588050afc2b6dfca9.sol:1573:9: Warning: Uninitialized storage pointer. Did you mean '<type> memory monthDayCounts'?
        uint8[12] monthDayCounts;
        ^----------------------^
/unique_chucks/13/0x2d17e56fb46cfebb9d07603588050afc2b6dfca9.sol:1695:17: Warning: Uninitialized storage pointer. Did you mean '<type> memory monthDayCounts'?
                uint8[12] monthDayCounts;
                ^----------------------^
/unique_chucks/13/0x2d17e56fb46cfebb9d07603588050afc2b6dfca9.sol:1734:17: Warning: Uninitialized storage pointer. Did you mean '<type> memory arst'?
                uint[] arst;
                ^---------^
/unique_chucks/13/0x2d17e56fb46cfebb9d07603588050afc2b6dfca9.sol:1316:9: Warning: Unused local variable.
        uint currentBlock = block.number;
        ^---------------^
/unique_chucks/13/0x2d17e56fb46cfebb9d07603588050afc2b6dfca9.sol:1317:9: Warning: Unused local variable.
        uint insurancePayout = 0;
        ^------------------^
/unique_chucks/13/0x2d17e56fb46cfebb9d07603588050afc2b6dfca9.sol:1536:5: Warning: No visibility specified. Defaulting to "public". 
    function isLeapYear(uint16 year) constant returns (bool) {
    ^ (Relevant source part starts here and spans across multiple lines).
/unique_chucks/13/0x2d17e56fb46cfebb9d07603588050afc2b6dfca9.sol:1641:9: Warning: No visibility specified. Defaulting to "public". 
        function getYear(uint timestamp) constant returns (uint16) {
        ^ (Relevant source part starts here and spans across multiple lines).
/unique_chucks/13/0x2d17e56fb46cfebb9d07603588050afc2b6dfca9.sol:1645:9: Warning: No visibility specified. Defaulting to "public". 
        function getMonth(uint timestamp) constant returns (uint16) {
        ^ (Relevant source part starts here and spans across multiple lines).
/unique_chucks/13/0x2d17e56fb46cfebb9d07603588050afc2b6dfca9.sol:1649:9: Warning: No visibility specified. Defaulting to "public". 
        function getDay(uint timestamp) constant returns (uint16) {
        ^ (Relevant source part starts here and spans across multiple lines).
/unique_chucks/13/0x2d17e56fb46cfebb9d07603588050afc2b6dfca9.sol:1653:9: Warning: No visibility specified. Defaulting to "public". 
        function getHour(uint timestamp) constant returns (uint16) {
        ^ (Relevant source part starts here and spans across multiple lines).
/unique_chucks/13/0x2d17e56fb46cfebb9d07603588050afc2b6dfca9.sol:1657:9: Warning: No visibility specified. Defaulting to "public". 
        function getMinute(uint timestamp) constant returns (uint16) {
        ^ (Relevant source part starts here and spans across multiple lines).
/unique_chucks/13/0x2d17e56fb46cfebb9d07603588050afc2b6dfca9.sol:1661:9: Warning: No visibility specified. Defaulting to "public". 
        function getSecond(uint timestamp) constant returns (uint16) {
        ^ (Relevant source part starts here and spans across multiple lines).
/unique_chucks/13/0x2d17e56fb46cfebb9d07603588050afc2b6dfca9.sol:1665:9: Warning: No visibility specified. Defaulting to "public". 
        function getWeekday(uint timestamp) constant returns (uint8) {
        ^ (Relevant source part starts here and spans across multiple lines).
/unique_chucks/13/0x2d17e56fb46cfebb9d07603588050afc2b6dfca9.sol:1669:9: Warning: No visibility specified. Defaulting to "public". 
        function toTimestamp(uint16 year, uint8 month, uint8 day) constant returns (uint timestamp) {
        ^ (Relevant source part starts here and spans across multiple lines).
/unique_chucks/13/0x2d17e56fb46cfebb9d07603588050afc2b6dfca9.sol:1673:9: Warning: No visibility specified. Defaulting to "public". 
        function toTimestamp(uint16 year, uint8 month, uint8 day, uint8 hour) constant returns (uint timestamp) {
        ^ (Relevant source part starts here and spans across multiple lines).
/unique_chucks/13/0x2d17e56fb46cfebb9d07603588050afc2b6dfca9.sol:1677:9: Warning: No visibility specified. Defaulting to "public". 
        function toTimestamp(uint16 year, uint8 month, uint8 day, uint8 hour, uint8 minute) constant returns (uint timestamp) {
        ^ (Relevant source part starts here and spans across multiple lines).
/unique_chucks/13/0x2d17e56fb46cfebb9d07603588050afc2b6dfca9.sol:1681:9: Warning: No visibility specified. Defaulting to "public". 
        function toTimestamp(uint16 year, uint8 month, uint8 day, uint8 hour, uint8 minute, uint8 second) constant returns (uint timestamp) {
        ^ (Relevant source part starts here and spans across multiple lines).
/unique_chucks/13/0x2d17e56fb46cfebb9d07603588050afc2b6dfca9.sol:1733:9: Warning: No visibility specified. Defaulting to "public". 
        function __throw() {
        ^ (Relevant source part starts here and spans across multiple lines).
/unique_chucks/13/0x2d17e56fb46cfebb9d07603588050afc2b6dfca9.sol:1125:9: Warning: Function declared as view, but this expression (potentially) modifies the state and thus requires non-payable (the default) or payable.
        totalCardValue = _totalVal;
        ^------------^
/unique_chucks/13/0x2d17e56fb46cfebb9d07603588050afc2b6dfca9.sol:1536:5: Warning: Function state mutability can be restricted to pure
    function isLeapYear(uint16 year) constant returns (bool) {
    ^ (Relevant source part starts here and spans across multiple lines).
/unique_chucks/13/0x2d17e56fb46cfebb9d07603588050afc2b6dfca9.sol:1642:24: Warning: Function declared as view, but this expression (potentially) modifies the state and thus requires non-payable (the default) or payable.
                return parseTimestamp(timestamp).year;
                       ^-----------------------^
/unique_chucks/13/0x2d17e56fb46cfebb9d07603588050afc2b6dfca9.sol:1646:24: Warning: Function declared as view, but this expression (potentially) modifies the state and thus requires non-payable (the default) or payable.
                return parseTimestamp(timestamp).month;
                       ^-----------------------^
/unique_chucks/13/0x2d17e56fb46cfebb9d07603588050afc2b6dfca9.sol:1650:24: Warning: Function declared as view, but this expression (potentially) modifies the state and thus requires non-payable (the default) or payable.
                return parseTimestamp(timestamp).day;
                       ^-----------------------^
/unique_chucks/13/0x2d17e56fb46cfebb9d07603588050afc2b6dfca9.sol:1654:24: Warning: Function declared as view, but this expression (potentially) modifies the state and thus requires non-payable (the default) or payable.
                return parseTimestamp(timestamp).hour;
                       ^-----------------------^
/unique_chucks/13/0x2d17e56fb46cfebb9d07603588050afc2b6dfca9.sol:1658:24: Warning: Function declared as view, but this expression (potentially) modifies the state and thus requires non-payable (the default) or payable.
                return parseTimestamp(timestamp).minute;
                       ^-----------------------^
/unique_chucks/13/0x2d17e56fb46cfebb9d07603588050afc2b6dfca9.sol:1662:24: Warning: Function declared as view, but this expression (potentially) modifies the state and thus requires non-payable (the default) or payable.
                return parseTimestamp(timestamp).second;
                       ^-----------------------^
/unique_chucks/13/0x2d17e56fb46cfebb9d07603588050afc2b6dfca9.sol:1666:24: Warning: Function declared as view, but this expression (potentially) modifies the state and thus requires non-payable (the default) or payable.
                return parseTimestamp(timestamp).weekday;
                       ^-----------------------^
/unique_chucks/13/0x2d17e56fb46cfebb9d07603588050afc2b6dfca9.sol:1696:17: Warning: Function declared as view, but this expression (potentially) modifies the state and thus requires non-payable (the default) or payable.
                monthDayCounts[0] = 31;
                ^---------------^
/unique_chucks/13/0x2d17e56fb46cfebb9d07603588050afc2b6dfca9.sol:1698:25: Warning: Function declared as view, but this expression (potentially) modifies the state and thus requires non-payable (the default) or payable.
                        monthDayCounts[1] = 29;
                        ^---------------^
/unique_chucks/13/0x2d17e56fb46cfebb9d07603588050afc2b6dfca9.sol:1701:25: Warning: Function declared as view, but this expression (potentially) modifies the state and thus requires non-payable (the default) or payable.
                        monthDayCounts[1] = 28;
                        ^---------------^
/unique_chucks/13/0x2d17e56fb46cfebb9d07603588050afc2b6dfca9.sol:1703:17: Warning: Function declared as view, but this expression (potentially) modifies the state and thus requires non-payable (the default) or payable.
                monthDayCounts[2] = 31;
                ^---------------^
/unique_chucks/13/0x2d17e56fb46cfebb9d07603588050afc2b6dfca9.sol:1704:17: Warning: Function declared as view, but this expression (potentially) modifies the state and thus requires non-payable (the default) or payable.
                monthDayCounts[3] = 30;
                ^---------------^
/unique_chucks/13/0x2d17e56fb46cfebb9d07603588050afc2b6dfca9.sol:1705:17: Warning: Function declared as view, but this expression (potentially) modifies the state and thus requires non-payable (the default) or payable.
                monthDayCounts[4] = 31;
                ^---------------^
/unique_chucks/13/0x2d17e56fb46cfebb9d07603588050afc2b6dfca9.sol:1706:17: Warning: Function declared as view, but this expression (potentially) modifies the state and thus requires non-payable (the default) or payable.
                monthDayCounts[5] = 30;
                ^---------------^
/unique_chucks/13/0x2d17e56fb46cfebb9d07603588050afc2b6dfca9.sol:1707:17: Warning: Function declared as view, but this expression (potentially) modifies the state and thus requires non-payable (the default) or payable.
                monthDayCounts[6] = 31;
                ^---------------^
/unique_chucks/13/0x2d17e56fb46cfebb9d07603588050afc2b6dfca9.sol:1708:17: Warning: Function declared as view, but this expression (potentially) modifies the state and thus requires non-payable (the default) or payable.
                monthDayCounts[7] = 31;
                ^---------------^
/unique_chucks/13/0x2d17e56fb46cfebb9d07603588050afc2b6dfca9.sol:1709:17: Warning: Function declared as view, but this expression (potentially) modifies the state and thus requires non-payable (the default) or payable.
                monthDayCounts[8] = 30;
                ^---------------^
/unique_chucks/13/0x2d17e56fb46cfebb9d07603588050afc2b6dfca9.sol:1710:17: Warning: Function declared as view, but this expression (potentially) modifies the state and thus requires non-payable (the default) or payable.
                monthDayCounts[9] = 31;
                ^---------------^
/unique_chucks/13/0x2d17e56fb46cfebb9d07603588050afc2b6dfca9.sol:1711:17: Warning: Function declared as view, but this expression (potentially) modifies the state and thus requires non-payable (the default) or payable.
                monthDayCounts[10] = 30;
                ^----------------^
/unique_chucks/13/0x2d17e56fb46cfebb9d07603588050afc2b6dfca9.sol:1712:17: Warning: Function declared as view, but this expression (potentially) modifies the state and thus requires non-payable (the default) or payable.
                monthDayCounts[11] = 31;
                ^----------------^
/unique_chucks/13/0x2d17e56fb46cfebb9d07603588050afc2b6dfca9.sol:1733:9: Warning: Function state mutability can be restricted to view
        function __throw() {
        ^ (Relevant source part starts here and spans across multiple lines).

INFO:Detectors:[93m
redalert.getTotalCardValue (/unique_chucks/13/0x2d17e56fb46cfebb9d07603588050afc2b6dfca9.sol#1173-1183) is declared view but changes state variables:
	- redalert.totalCardValue
Reference: https://github.com/trailofbits/slither/wiki/Detectors-Documentation#constant-functions-changing-the-state[0m
INFO:Detectors:[93m
redalert.checkHalfLife (/unique_chucks/13/0x2d17e56fb46cfebb9d07603588050afc2b6dfca9.sol#1399-1512) uses a dangerous strict equality:
	- getHour(block.timestamp) == alertTime1 || getHour(block.timestamp) == alertTime2 || getHour(block.timestamp) == alertTime3
	- getHour(block.timestamp) == alertTime1 || getHour(block.timestamp) == alertTime2 || getHour(block.timestamp) == alertTime3
	- getHour(block.timestamp) == alertTime1 || getHour(block.timestamp) == alertTime2 || getHour(block.timestamp) == alertTime3
redalert.checkHalfLife (/unique_chucks/13/0x2d17e56fb46cfebb9d07603588050afc2b6dfca9.sol#1399-1512) uses a dangerous strict equality:
	- getHour(block.timestamp) == alertTime1 || getHour(block.timestamp) == alertTime2 || getHour(block.timestamp) == alertTime3
	- getHour(block.timestamp) == alertTime1 || getHour(block.timestamp) == alertTime2 || getHour(block.timestamp) == alertTime3
	- getHour(block.timestamp) == alertTime1 || getHour(block.timestamp) == alertTime2 || getHour(block.timestamp) == alertTime3
redalert.purchaseTokens (/unique_chucks/13/0x2d17e56fb46cfebb9d07603588050afc2b6dfca9.sol#1183-1286) uses a dangerous strict equality:
	- getHour(block.timestamp) == alertTime1 || getHour(block.timestamp) == alertTime2 || getHour(block.timestamp) == alertTime3
	- getHour(block.timestamp) == alertTime1 || getHour(block.timestamp) == alertTime2 || getHour(block.timestamp) == alertTime3
	- getHour(block.timestamp) == alertTime1 || getHour(block.timestamp) == alertTime2 || getHour(block.timestamp) == alertTime3
redalert.checkHalfLife (/unique_chucks/13/0x2d17e56fb46cfebb9d07603588050afc2b6dfca9.sol#1399-1512) uses a dangerous strict equality:
	- getHour(block.timestamp) == alertTime1 || getHour(block.timestamp) == alertTime2 || getHour(block.timestamp) == alertTime3
	- getHour(block.timestamp) == alertTime1 || getHour(block.timestamp) == alertTime2 || getHour(block.timestamp) == alertTime3
	- getHour(block.timestamp) == alertTime1 || getHour(block.timestamp) == alertTime2 || getHour(block.timestamp) == alertTime3
redalert.purchaseTokens (/unique_chucks/13/0x2d17e56fb46cfebb9d07603588050afc2b6dfca9.sol#1183-1286) uses a dangerous strict equality:
	- getHour(block.timestamp) == alertTime1 || getHour(block.timestamp) == alertTime2 || getHour(block.timestamp) == alertTime3
	- getHour(block.timestamp) == alertTime1 || getHour(block.timestamp) == alertTime2 || getHour(block.timestamp) == alertTime3
	- getHour(block.timestamp) == alertTime1 || getHour(block.timestamp) == alertTime2 || getHour(block.timestamp) == alertTime3
redalert.sell (/unique_chucks/13/0x2d17e56fb46cfebb9d07603588050afc2b6dfca9.sol#704-742) uses a dangerous strict equality:
	- getHour(block.timestamp) == alertTime1 || getHour(block.timestamp) == alertTime2 || getHour(block.timestamp) == alertTime3
	- getHour(block.timestamp) == alertTime1 || getHour(block.timestamp) == alertTime2 || getHour(block.timestamp) == alertTime3
	- getHour(block.timestamp) == alertTime1 || getHour(block.timestamp) == alertTime2 || getHour(block.timestamp) == alertTime3
redalert.checkHalfLife (/unique_chucks/13/0x2d17e56fb46cfebb9d07603588050afc2b6dfca9.sol#1399-1512) uses a dangerous strict equality:
	- getHour(block.timestamp) == alertTime1 || getHour(block.timestamp) == alertTime2 || getHour(block.timestamp) == alertTime3
	- getHour(block.timestamp) == alertTime1 || getHour(block.timestamp) == alertTime2 || getHour(block.timestamp) == alertTime3
	- getHour(block.timestamp) == alertTime1 || getHour(block.timestamp) == alertTime2 || getHour(block.timestamp) == alertTime3
redalert.purchaseTokens (/unique_chucks/13/0x2d17e56fb46cfebb9d07603588050afc2b6dfca9.sol#1183-1286) uses a dangerous strict equality:
	- getHour(block.timestamp) == alertTime1 || getHour(block.timestamp) == alertTime2 || getHour(block.timestamp) == alertTime3
	- getHour(block.timestamp) == alertTime1 || getHour(block.timestamp) == alertTime2 || getHour(block.timestamp) == alertTime3
	- getHour(block.timestamp) == alertTime1 || getHour(block.timestamp) == alertTime2 || getHour(block.timestamp) == alertTime3
redalert.sell (/unique_chucks/13/0x2d17e56fb46cfebb9d07603588050afc2b6dfca9.sol#704-742) uses a dangerous strict equality:
	- getHour(block.timestamp) == alertTime1 || getHour(block.timestamp) == alertTime2 || getHour(block.timestamp) == alertTime3
	- getHour(block.timestamp) == alertTime1 || getHour(block.timestamp) == alertTime2 || getHour(block.timestamp) == alertTime3
	- getHour(block.timestamp) == alertTime1 || getHour(block.timestamp) == alertTime2 || getHour(block.timestamp) == alertTime3
redalert.transfer (/unique_chucks/13/0x2d17e56fb46cfebb9d07603588050afc2b6dfca9.sol#745-843) uses a dangerous strict equality:
	- getHour(block.timestamp) == alertTime1 || getHour(block.timestamp) == alertTime2 || getHour(block.timestamp) == alertTime3
	- getHour(block.timestamp) == alertTime1 || getHour(block.timestamp) == alertTime2 || getHour(block.timestamp) == alertTime3
	- getHour(block.timestamp) == alertTime1 || getHour(block.timestamp) == alertTime2 || getHour(block.timestamp) == alertTime3
Reference: https://github.com/trailofbits/slither/wiki/Detectors-Documentation#dangerous-strict-equalities[0m
INFO:Detectors:[92m
redalert.sell (/unique_chucks/13/0x2d17e56fb46cfebb9d07603588050afc2b6dfca9.sol#704-742) uses timestamp for comparisons
	Dangerous comparisons:
	- getHour(block.timestamp) == alertTime1 || getHour(block.timestamp) == alertTime2 || getHour(block.timestamp) == alertTime3 (/unique_chucks/13/0x2d17e56fb46cfebb9d07603588050afc2b6dfca9.sol#706-717)
redalert.transfer (/unique_chucks/13/0x2d17e56fb46cfebb9d07603588050afc2b6dfca9.sol#745-843) uses timestamp for comparisons
	Dangerous comparisons:
	- getHour(block.timestamp) == alertTime1 || getHour(block.timestamp) == alertTime2 || getHour(block.timestamp) == alertTime3 (/unique_chucks/13/0x2d17e56fb46cfebb9d07603588050afc2b6dfca9.sol#756-768)
redalert.purchaseTokens (/unique_chucks/13/0x2d17e56fb46cfebb9d07603588050afc2b6dfca9.sol#1183-1286) uses timestamp for comparisons
	Dangerous comparisons:
	- getHour(block.timestamp) == alertTime1 || getHour(block.timestamp) == alertTime2 || getHour(block.timestamp) == alertTime3 (/unique_chucks/13/0x2d17e56fb46cfebb9d07603588050afc2b6dfca9.sol#1191-1198)
redalert.checkHalfLife (/unique_chucks/13/0x2d17e56fb46cfebb9d07603588050afc2b6dfca9.sol#1399-1512) uses timestamp for comparisons
	Dangerous comparisons:
	- getHour(block.timestamp) == alertTime1 || getHour(block.timestamp) == alertTime2 || getHour(block.timestamp) == alertTime3 (/unique_chucks/13/0x2d17e56fb46cfebb9d07603588050afc2b6dfca9.sol#1408-1417)
redalert.parseTimestamp (/unique_chucks/13/0x2d17e56fb46cfebb9d07603588050afc2b6dfca9.sol#1649-1725) uses timestamp for comparisons
	Dangerous comparisons:
	- DAY_IN_SECONDS + secondsAccountedFor > timestamp (/unique_chucks/13/0x2d17e56fb46cfebb9d07603588050afc2b6dfca9.sol#1690-1696)
	- HOUR_IN_SECONDS + secondsAccountedFor > timestamp (/unique_chucks/13/0x2d17e56fb46cfebb9d07603588050afc2b6dfca9.sol#1700-1705)
	- MINUTE_IN_SECONDS + secondsAccountedFor > timestamp (/unique_chucks/13/0x2d17e56fb46cfebb9d07603588050afc2b6dfca9.sol#1709-1712)
	- secondsAccountedFor + buf > timestamp (/unique_chucks/13/0x2d17e56fb46cfebb9d07603588050afc2b6dfca9.sol#1662-1665)
	- timestamp - secondsAccountedFor > 60 (/unique_chucks/13/0x2d17e56fb46cfebb9d07603588050afc2b6dfca9.sol#1715-1718)
	- secondsInMonth + secondsAccountedFor > timestamp (/unique_chucks/13/0x2d17e56fb46cfebb9d07603588050afc2b6dfca9.sol#1682-1686)
Reference: https://github.com/trailofbits/slither/wiki/Detectors-Documentation#block-timestamp[0m
INFO:Detectors:[92m
redalert.add2 should be constant (/unique_chucks/13/0x2d17e56fb46cfebb9d07603588050afc2b6dfca9.sol#308)
redalert.boolAllowPlayer should be constant (/unique_chucks/13/0x2d17e56fb46cfebb9d07603588050afc2b6dfca9.sol#310)
redalert.cardPriceIncrement should be constant (/unique_chucks/13/0x2d17e56fb46cfebb9d07603588050afc2b6dfca9.sol#346-347)
redalert.devDivRate should be constant (/unique_chucks/13/0x2d17e56fb46cfebb9d07603588050afc2b6dfca9.sol#352)
redalert.distDivRate should be constant (/unique_chucks/13/0x2d17e56fb46cfebb9d07603588050afc2b6dfca9.sol#352)
redalert.halfLifeReductionRate should be constant (/unique_chucks/13/0x2d17e56fb46cfebb9d07603588050afc2b6dfca9.sol#368-369)
redalert.insuranceDivRate should be constant (/unique_chucks/13/0x2d17e56fb46cfebb9d07603588050afc2b6dfca9.sol#352-353)
redalert.ownerDivRate should be constant (/unique_chucks/13/0x2d17e56fb46cfebb9d07603588050afc2b6dfca9.sol#349-350)
redalert.referralRate should be constant (/unique_chucks/13/0x2d17e56fb46cfebb9d07603588050afc2b6dfca9.sol#355-356)
redalert.yieldDivRate should be constant (/unique_chucks/13/0x2d17e56fb46cfebb9d07603588050afc2b6dfca9.sol#355)
Reference: https://github.com/trailofbits/slither/wiki/Detectors-Documentation#state-variables-that-could-be-declared-constant[0m
INFO:Detectors:[92m
redalert.buy (/unique_chucks/13/0x2d17e56fb46cfebb9d07603588050afc2b6dfca9.sol#626-630) should be declared external
redalert.fallback (/unique_chucks/13/0x2d17e56fb46cfebb9d07603588050afc2b6dfca9.sol#634-637) should be declared external
redalert.reinvest (/unique_chucks/13/0x2d17e56fb46cfebb9d07603588050afc2b6dfca9.sol#639-666) should be declared external
redalert.exit (/unique_chucks/13/0x2d17e56fb46cfebb9d07603588050afc2b6dfca9.sol#667-674) should be declared external
redalert.transfer (/unique_chucks/13/0x2d17e56fb46cfebb9d07603588050afc2b6dfca9.sol#745-843) should be declared external
redalert.disableInitialStage (/unique_chucks/13/0x2d17e56fb46cfebb9d07603588050afc2b6dfca9.sol#853-858) should be declared external
redalert.setAdministrator (/unique_chucks/13/0x2d17e56fb46cfebb9d07603588050afc2b6dfca9.sol#863-872) should be declared external
redalert.setAllowHalfLife (/unique_chucks/13/0x2d17e56fb46cfebb9d07603588050afc2b6dfca9.sol#872-878) should be declared external
redalert.setAllowReferral (/unique_chucks/13/0x2d17e56fb46cfebb9d07603588050afc2b6dfca9.sol#878-885) should be declared external
redalert.setFeeRates (/unique_chucks/13/0x2d17e56fb46cfebb9d07603588050afc2b6dfca9.sol#886-908) should be declared external
redalert.setExchangeRates (/unique_chucks/13/0x2d17e56fb46cfebb9d07603588050afc2b6dfca9.sol#913-939) should be declared external
redalert.setInsurancePayout (/unique_chucks/13/0x2d17e56fb46cfebb9d07603588050afc2b6dfca9.sol#940-944) should be declared external
redalert.setAlertTimes (/unique_chucks/13/0x2d17e56fb46cfebb9d07603588050afc2b6dfca9.sol#945-958) should be declared external
redalert.setHalfLifePeriods (/unique_chucks/13/0x2d17e56fb46cfebb9d07603588050afc2b6dfca9.sol#959-967) should be declared external
redalert.setContractActive (/unique_chucks/13/0x2d17e56fb46cfebb9d07603588050afc2b6dfca9.sol#973-982) should be declared external
redalert.setCardActive (/unique_chucks/13/0x2d17e56fb46cfebb9d07603588050afc2b6dfca9.sol#987-993) should be declared external
redalert.setStakingRequirement (/unique_chucks/13/0x2d17e56fb46cfebb9d07603588050afc2b6dfca9.sol#995-997) should be declared external
redalert.setName (/unique_chucks/13/0x2d17e56fb46cfebb9d07603588050afc2b6dfca9.sol#998-1002) should be declared external
redalert.setSymbol (/unique_chucks/13/0x2d17e56fb46cfebb9d07603588050afc2b6dfca9.sol#1005) should be declared external
redalert.setMaxCards (/unique_chucks/13/0x2d17e56fb46cfebb9d07603588050afc2b6dfca9.sol#1008-1013) should be declared external
redalert.setHalfLifeTime (/unique_chucks/13/0x2d17e56fb46cfebb9d07603588050afc2b6dfca9.sol#1013-1018) should be declared external
redalert.setHalfLifeRate (/unique_chucks/13/0x2d17e56fb46cfebb9d07603588050afc2b6dfca9.sol#1019-1025) should be declared external
redalert.addNewCard (/unique_chucks/13/0x2d17e56fb46cfebb9d07603588050afc2b6dfca9.sol#1025-1044) should be declared external
redalert.addAmbassador (/unique_chucks/13/0x2d17e56fb46cfebb9d07603588050afc2b6dfca9.sol#1045-1049) should be declared external
redalert.totalSupply (/unique_chucks/13/0x2d17e56fb46cfebb9d07603588050afc2b6dfca9.sol#1059-1066) should be declared external
redalert.myCardDividends (/unique_chucks/13/0x2d17e56fb46cfebb9d07603588050afc2b6dfca9.sol#1089-1095) should be declared external
redalert.sellPrice (/unique_chucks/13/0x2d17e56fb46cfebb9d07603588050afc2b6dfca9.sol#1119-1141) should be declared external
redalert.buyPrice (/unique_chucks/13/0x2d17e56fb46cfebb9d07603588050afc2b6dfca9.sol#1141-1152) should be declared external
redalert.calculateTokensReceived (/unique_chucks/13/0x2d17e56fb46cfebb9d07603588050afc2b6dfca9.sol#1153-1158) should be declared external
redalert.calculateEthereumReceived (/unique_chucks/13/0x2d17e56fb46cfebb9d07603588050afc2b6dfca9.sol#1161-1168) should be declared external
redalert.buyCard (/unique_chucks/13/0x2d17e56fb46cfebb9d07603588050afc2b6dfca9.sol#1286-1378) should be declared external
redalert.extCheckHalfLife (/unique_chucks/13/0x2d17e56fb46cfebb9d07603588050afc2b6dfca9.sol#1396-1399) should be declared external
redalert.getCardPrice (/unique_chucks/13/0x2d17e56fb46cfebb9d07603588050afc2b6dfca9.sol#1596-1604) should be declared external
redalert.getCardInsurance (/unique_chucks/13/0x2d17e56fb46cfebb9d07603588050afc2b6dfca9.sol#1604-1608) should be declared external
redalert.getCardOwner (/unique_chucks/13/0x2d17e56fb46cfebb9d07603588050afc2b6dfca9.sol#1608-1614) should be declared external
redalert.gettotalCardDivs (/unique_chucks/13/0x2d17e56fb46cfebb9d07603588050afc2b6dfca9.sol#1614-1621) should be declared external
redalert.getTotalDivsProduced (/unique_chucks/13/0x2d17e56fb46cfebb9d07603588050afc2b6dfca9.sol#1621-1624) should be declared external
redalert.getYear (/unique_chucks/13/0x2d17e56fb46cfebb9d07603588050afc2b6dfca9.sol#1725-1733) should be declared external
redalert.getMonth (/unique_chucks/13/0x2d17e56fb46cfebb9d07603588050afc2b6dfca9.sol#1733-1743) should be declared external
redalert.getDay (/unique_chucks/13/0x2d17e56fb46cfebb9d07603588050afc2b6dfca9.sol#1743-1750) should be declared external
redalert.getMinute (/unique_chucks/13/0x2d17e56fb46cfebb9d07603588050afc2b6dfca9.sol#1755-1762) should be declared external
redalert.getSecond (/unique_chucks/13/0x2d17e56fb46cfebb9d07603588050afc2b6dfca9.sol#1762-1763) should be declared external
redalert.getWeekday (/unique_chucks/13/0x2d17e56fb46cfebb9d07603588050afc2b6dfca9.sol#1764-1769) should be declared external
redalert.toTimestamp (/unique_chucks/13/0x2d17e56fb46cfebb9d07603588050afc2b6dfca9.sol#1770-1772) should be declared external
redalert.toTimestamp (/unique_chucks/13/0x2d17e56fb46cfebb9d07603588050afc2b6dfca9.sol#1773-1780) should be declared external
redalert.toTimestamp (/unique_chucks/13/0x2d17e56fb46cfebb9d07603588050afc2b6dfca9.sol#1781-1785) should be declared external
Reference: https://github.com/trailofbits/slither/wiki/Detectors-Documentation#public-function-that-could-be-declared-as-external[0m
INFO:Detectors:[92m
Function 'AcceptsExchange.AcceptsExchange' (/unique_chucks/13/0x2d17e56fb46cfebb9d07603588050afc2b6dfca9.sol#114-118) is not in mixedCase
Parameter '_tokenContract' of AcceptsExchange.AcceptsExchange (/unique_chucks/13/0x2d17e56fb46cfebb9d07603588050afc2b6dfca9.sol#115-116) is not in mixedCase
Contract 'redalert' (/unique_chucks/13/0x2d17e56fb46cfebb9d07603588050afc2b6dfca9.sol#140-1785) is not in CapWords
Event 'redalert.onCardBuy' (/unique_chucks/13/0x2d17e56fb46cfebb9d07603588050afc2b6dfca9.sol#238-243) is not in CapWords
Event 'redalert.onInsuranceChange' (/unique_chucks/13/0x2d17e56fb46cfebb9d07603588050afc2b6dfca9.sol#243-248) is not in CapWords
Event 'redalert.onTokenPurchase' (/unique_chucks/13/0x2d17e56fb46cfebb9d07603588050afc2b6dfca9.sol#248-259) is not in CapWords
Event 'redalert.onTokenSell' (/unique_chucks/13/0x2d17e56fb46cfebb9d07603588050afc2b6dfca9.sol#259-266) is not in CapWords
Event 'redalert.onReinvestment' (/unique_chucks/13/0x2d17e56fb46cfebb9d07603588050afc2b6dfca9.sol#266-271) is not in CapWords
Event 'redalert.onWithdraw' (/unique_chucks/13/0x2d17e56fb46cfebb9d07603588050afc2b6dfca9.sol#271-276) is not in CapWords
Parameter '_referredBy' of redalert.buy (/unique_chucks/13/0x2d17e56fb46cfebb9d07603588050afc2b6dfca9.sol#626-627) is not in mixedCase
Parameter '_amountOfTokens' of redalert.sell (/unique_chucks/13/0x2d17e56fb46cfebb9d07603588050afc2b6dfca9.sol#704) is not in mixedCase
Parameter '_toAddress' of redalert.transfer (/unique_chucks/13/0x2d17e56fb46cfebb9d07603588050afc2b6dfca9.sol#745-746) is not in mixedCase
Parameter '_amountOfTokens' of redalert.transfer (/unique_chucks/13/0x2d17e56fb46cfebb9d07603588050afc2b6dfca9.sol#746) is not in mixedCase
Parameter '_identifier' of redalert.setAdministrator (/unique_chucks/13/0x2d17e56fb46cfebb9d07603588050afc2b6dfca9.sol#864) is not in mixedCase
Parameter '_status' of redalert.setAdministrator (/unique_chucks/13/0x2d17e56fb46cfebb9d07603588050afc2b6dfca9.sol#865) is not in mixedCase
Parameter '_allow' of redalert.setAllowHalfLife (/unique_chucks/13/0x2d17e56fb46cfebb9d07603588050afc2b6dfca9.sol#872-873) is not in mixedCase
Parameter '_allow' of redalert.setAllowReferral (/unique_chucks/13/0x2d17e56fb46cfebb9d07603588050afc2b6dfca9.sol#879-882) is not in mixedCase
Parameter '_newDivRate' of redalert.setFeeRates (/unique_chucks/13/0x2d17e56fb46cfebb9d07603588050afc2b6dfca9.sol#887-889) is not in mixedCase
Parameter '_yieldDivFee' of redalert.setFeeRates (/unique_chucks/13/0x2d17e56fb46cfebb9d07603588050afc2b6dfca9.sol#889) is not in mixedCase
Parameter '_newCardFee' of redalert.setFeeRates (/unique_chucks/13/0x2d17e56fb46cfebb9d07603588050afc2b6dfca9.sol#889) is not in mixedCase
Parameter '_newBuyAlert' of redalert.setExchangeRates (/unique_chucks/13/0x2d17e56fb46cfebb9d07603588050afc2b6dfca9.sol#913-914) is not in mixedCase
Parameter '_newBuyClear' of redalert.setExchangeRates (/unique_chucks/13/0x2d17e56fb46cfebb9d07603588050afc2b6dfca9.sol#914-915) is not in mixedCase
Parameter '_newSellAlert' of redalert.setExchangeRates (/unique_chucks/13/0x2d17e56fb46cfebb9d07603588050afc2b6dfca9.sol#915-917) is not in mixedCase
Parameter '_newSellClear' of redalert.setExchangeRates (/unique_chucks/13/0x2d17e56fb46cfebb9d07603588050afc2b6dfca9.sol#917-918) is not in mixedCase
Parameter '_newRate' of redalert.setInsurancePayout (/unique_chucks/13/0x2d17e56fb46cfebb9d07603588050afc2b6dfca9.sol#941) is not in mixedCase
Parameter '_newAlert1' of redalert.setAlertTimes (/unique_chucks/13/0x2d17e56fb46cfebb9d07603588050afc2b6dfca9.sol#950) is not in mixedCase
Parameter '_newAlert2' of redalert.setAlertTimes (/unique_chucks/13/0x2d17e56fb46cfebb9d07603588050afc2b6dfca9.sol#950) is not in mixedCase
Parameter '_newAlert3' of redalert.setAlertTimes (/unique_chucks/13/0x2d17e56fb46cfebb9d07603588050afc2b6dfca9.sol#950-951) is not in mixedCase
Parameter '_alert' of redalert.setHalfLifePeriods (/unique_chucks/13/0x2d17e56fb46cfebb9d07603588050afc2b6dfca9.sol#960) is not in mixedCase
Parameter '_clear' of redalert.setHalfLifePeriods (/unique_chucks/13/0x2d17e56fb46cfebb9d07603588050afc2b6dfca9.sol#960) is not in mixedCase
Parameter '_status' of redalert.setContractActive (/unique_chucks/13/0x2d17e56fb46cfebb9d07603588050afc2b6dfca9.sol#975-976) is not in mixedCase
Parameter '_status' of redalert.setCardActive (/unique_chucks/13/0x2d17e56fb46cfebb9d07603588050afc2b6dfca9.sol#988-989) is not in mixedCase
Parameter '_amountOfTokens' of redalert.setStakingRequirement (/unique_chucks/13/0x2d17e56fb46cfebb9d07603588050afc2b6dfca9.sol#995) is not in mixedCase
Parameter '_name' of redalert.setName (/unique_chucks/13/0x2d17e56fb46cfebb9d07603588050afc2b6dfca9.sol#999) is not in mixedCase
Parameter '_symbol' of redalert.setSymbol (/unique_chucks/13/0x2d17e56fb46cfebb9d07603588050afc2b6dfca9.sol#1005) is not in mixedCase
Parameter '_card' of redalert.setMaxCards (/unique_chucks/13/0x2d17e56fb46cfebb9d07603588050afc2b6dfca9.sol#1008-1009) is not in mixedCase
Parameter '_time' of redalert.setHalfLifeTime (/unique_chucks/13/0x2d17e56fb46cfebb9d07603588050afc2b6dfca9.sol#1014) is not in mixedCase
Parameter '_rate' of redalert.setHalfLifeRate (/unique_chucks/13/0x2d17e56fb46cfebb9d07603588050afc2b6dfca9.sol#1020) is not in mixedCase
Parameter '_price' of redalert.addNewCard (/unique_chucks/13/0x2d17e56fb46cfebb9d07603588050afc2b6dfca9.sol#1025) is not in mixedCase
Parameter '_newAmbassador' of redalert.addAmbassador (/unique_chucks/13/0x2d17e56fb46cfebb9d07603588050afc2b6dfca9.sol#1046-1047) is not in mixedCase
Parameter '_includeReferralBonus' of redalert.myDividends (/unique_chucks/13/0x2d17e56fb46cfebb9d07603588050afc2b6dfca9.sol#1082-1083) is not in mixedCase
Parameter '_customerAddress' of redalert.balanceOf (/unique_chucks/13/0x2d17e56fb46cfebb9d07603588050afc2b6dfca9.sol#1100-1101) is not in mixedCase
Parameter '_customerAddress' of redalert.dividendsOf (/unique_chucks/13/0x2d17e56fb46cfebb9d07603588050afc2b6dfca9.sol#1104-1107) is not in mixedCase
Parameter '_ethereumToSpend' of redalert.calculateTokensReceived (/unique_chucks/13/0x2d17e56fb46cfebb9d07603588050afc2b6dfca9.sol#1153-1155) is not in mixedCase
Parameter '_tokensToSell' of redalert.calculateEthereumReceived (/unique_chucks/13/0x2d17e56fb46cfebb9d07603588050afc2b6dfca9.sol#1164) is not in mixedCase
Parameter '_incomingEthereum' of redalert.purchaseTokens (/unique_chucks/13/0x2d17e56fb46cfebb9d07603588050afc2b6dfca9.sol#1183) is not in mixedCase
Parameter '_referredBy' of redalert.purchaseTokens (/unique_chucks/13/0x2d17e56fb46cfebb9d07603588050afc2b6dfca9.sol#1183) is not in mixedCase
Parameter '_card' of redalert.buyCard (/unique_chucks/13/0x2d17e56fb46cfebb9d07603588050afc2b6dfca9.sol#1288-1291) is not in mixedCase
Parameter '_referrer' of redalert.buyCard (/unique_chucks/13/0x2d17e56fb46cfebb9d07603588050afc2b6dfca9.sol#1291) is not in mixedCase
Parameter '_distDividends' of redalert.distributeYield (/unique_chucks/13/0x2d17e56fb46cfebb9d07603588050afc2b6dfca9.sol#1388) is not in mixedCase
Parameter '_ethereum' of redalert.ethereumToTokens_ (/unique_chucks/13/0x2d17e56fb46cfebb9d07603588050afc2b6dfca9.sol#1527-1528) is not in mixedCase
Parameter '_tokens' of redalert.tokensToEthereum_ (/unique_chucks/13/0x2d17e56fb46cfebb9d07603588050afc2b6dfca9.sol#1575) is not in mixedCase
Parameter '_card' of redalert.getCardPrice (/unique_chucks/13/0x2d17e56fb46cfebb9d07603588050afc2b6dfca9.sol#1597-1598) is not in mixedCase
Parameter '_card' of redalert.getCardInsurance (/unique_chucks/13/0x2d17e56fb46cfebb9d07603588050afc2b6dfca9.sol#1604) is not in mixedCase
Parameter '_card' of redalert.getCardOwner (/unique_chucks/13/0x2d17e56fb46cfebb9d07603588050afc2b6dfca9.sol#1611) is not in mixedCase
Parameter '_card' of redalert.gettotalCardDivs (/unique_chucks/13/0x2d17e56fb46cfebb9d07603588050afc2b6dfca9.sol#1615) is not in mixedCase
Function 'redalert.__throw' (/unique_chucks/13/0x2d17e56fb46cfebb9d07603588050afc2b6dfca9.sol) is not in mixedCase
Constant 'redalert.tokenPriceInitial_' (/unique_chucks/13/0x2d17e56fb46cfebb9d07603588050afc2b6dfca9.sol#292-293) is not in UPPER_CASE_WITH_UNDERSCORES
Constant 'redalert.tokenPriceIncremental_' (/unique_chucks/13/0x2d17e56fb46cfebb9d07603588050afc2b6dfca9.sol#294-295) is not in UPPER_CASE_WITH_UNDERSCORES
Constant 'redalert.magnitude' (/unique_chucks/13/0x2d17e56fb46cfebb9d07603588050afc2b6dfca9.sol#295-296) is not in UPPER_CASE_WITH_UNDERSCORES
Constant 'redalert.ambassadorMaxPurchase_' (/unique_chucks/13/0x2d17e56fb46cfebb9d07603588050afc2b6dfca9.sol#301-303) is not in UPPER_CASE_WITH_UNDERSCORES
Constant 'redalert.ambassadorQuota_' (/unique_chucks/13/0x2d17e56fb46cfebb9d07603588050afc2b6dfca9.sol#303-305) is not in UPPER_CASE_WITH_UNDERSCORES
Reference: https://github.com/trailofbits/slither/wiki/Detectors-Documentation#conformance-to-solidity-naming-conventions[0m
INFO:Detectors:[92m
redalert.add2 (/unique_chucks/13/0x2d17e56fb46cfebb9d07603588050afc2b6dfca9.sol#308) is never used in redalert
redalert.totalCardDivsETH (/unique_chucks/13/0x2d17e56fb46cfebb9d07603588050afc2b6dfca9.sol#340) is never used in redalert
redalert.cardName (/unique_chucks/13/0x2d17e56fb46cfebb9d07603588050afc2b6dfca9.sol#340-342) is never used in redalert
Reference: https://github.com/trailofbits/slither/wiki/Detectors-Documentation#unused-state-variables[0m
INFO:Slither:/unique_chucks/13/0x2d17e56fb46cfebb9d07603588050afc2b6dfca9.sol analyzed (3 contracts), 120 result(s) found