/unique_chucks/47/0x264008eb1c823e9e47959ce93d96469f10e232d0.sol
jar:file:/usr/local/lib/node_modules/@smartdec/smartcheck/jdeploy-bundle/smartcheck-2.0-jar-with-dependencies.jar!/solidity-rules.xmlruleId: SOLIDITY_ADDRESS_HARDCODED
patternId: adc165
severity: 1
line: 11
column: 27
content: 0xBeDF65990326Ed2236C5A17432d9a30dbA3aBFEe

ruleId: SOLIDITY_ADDRESS_HARDCODED
patternId: adc165
severity: 1
line: 27
column: 28
content: 0x69D94dC74dcDcCbadEc877454a40341Ecac34A7c

ruleId: SOLIDITY_PRAGMAS_VERSION
patternId: 23fc32
severity: 1
line: 1
column: 16
content: ^

ruleId: SOLIDITY_UPGRADE_TO_050
patternId: 91h3sa
severity: 1
line: 54
column: 24
content: public

SOLIDITY_PRAGMAS_VERSION :1
SOLIDITY_ADDRESS_HARDCODED :2
SOLIDITY_UPGRADE_TO_050 :1