/unique_chucks/23/0x44cfe3cb995f6a28855a21a960bce9d595f9434f.sol
jar:file:/usr/local/lib/node_modules/@smartdec/smartcheck/jdeploy-bundle/smartcheck-2.0-jar-with-dependencies.jar!/solidity-rules.xmlruleId: SOLIDITY_ADDRESS_HARDCODED
patternId: b140cd
severity: 1
line: 107
column: 47
content: 0xf0b9e5ba

ruleId: SOLIDITY_ADDRESS_HARDCODED
patternId: b140cd
severity: 1
line: 231
column: 48
content: 0x01ffc9a7

ruleId: SOLIDITY_ADDRESS_HARDCODED
patternId: b140cd
severity: 1
line: 265
column: 32
content: 0xffffffff

ruleId: SOLIDITY_ADDRESS_HARDCODED
patternId: b140cd
severity: 1
line: 280
column: 49
content: 0x80ac58cd

ruleId: SOLIDITY_ADDRESS_HARDCODED
patternId: b140cd
severity: 1
line: 295
column: 55
content: 0x4f558e79

ruleId: SOLIDITY_ADDRESS_HARDCODED
patternId: b140cd
severity: 1
line: 308
column: 38
content: 0xf0b9e5ba

ruleId: SOLIDITY_ADDRESS_HARDCODED
patternId: b140cd
severity: 1
line: 701
column: 59
content: 0x780e9d63

ruleId: SOLIDITY_ADDRESS_HARDCODED
patternId: b140cd
severity: 1
line: 710
column: 57
content: 0x5b5e139f

ruleId: SOLIDITY_ADDRESS_HARDCODED
patternId: a91b18
severity: 1
line: 548
column: 12
content: tokenApprovals[_tokenId]=address(0)

ruleId: SOLIDITY_ADDRESS_HARDCODED
patternId: a91b18
severity: 1
line: 574
column: 8
content: tokenOwner[_tokenId]=address(0)

ruleId: SOLIDITY_ADDRESS_HARDCODED
patternId: a91b18
severity: 1
line: 671
column: 9
content: pendingOwner=address(0)

ruleId: SOLIDITY_ARRAY_LENGTH_MANIPULATION
patternId: 872bdd
severity: 1
line: 893
column: 8
content: ownedTokens[_from].length--

ruleId: SOLIDITY_ERC20_APPROVE
patternId: af782c
severity: 2
line: 396
column: 4
content: functionapprove(address_to,uint256_tokenId)public{addressowner=ownerOf(_tokenId);require(_to!=owner);require(msg.sender==owner||isApprovedForAll(owner,msg.sender));tokenApprovals[_tokenId]=_to;emitApproval(owner,_to,_tokenId);}

ruleId: SOLIDITY_OVERPOWERED_ROLE
patternId: j83hf7
severity: 2
line: 679
column: 5
content: functionsetManager(address_manager)publiconlyOwner{require(_manager!=address(0));manager=_manager;}

ruleId: SOLIDITY_PRAGMAS_VERSION
patternId: 23fc32
severity: 1
line: 1
column: 16
content: ^

ruleId: SOLIDITY_PRIVATE_MODIFIER_DONT_HIDE_DATA
patternId: 5616b2
severity: 1
line: 280
column: 11
content: private

ruleId: SOLIDITY_PRIVATE_MODIFIER_DONT_HIDE_DATA
patternId: 5616b2
severity: 1
line: 295
column: 11
content: private

ruleId: SOLIDITY_PRIVATE_MODIFIER_DONT_HIDE_DATA
patternId: 5616b2
severity: 1
line: 701
column: 11
content: private

ruleId: SOLIDITY_PRIVATE_MODIFIER_DONT_HIDE_DATA
patternId: 5616b2
severity: 1
line: 710
column: 11
content: private

ruleId: SOLIDITY_SAFEMATH
patternId: 837cac
severity: 1
line: 302
column: 4
content: usingSafeMathforuint256;

ruleId: SOLIDITY_SHOULD_NOT_BE_VIEW
patternId: 189abf
severity: 1
line: 77
column: 4
content: functionisContract(addressaddr)internalviewreturns(bool){uint256size;assembly{size:=extcodesize(addr)}returnsize>0;}

ruleId: SOLIDITY_UPGRADE_TO_050
patternId: 341gim
severity: 1
line: 122
column: 63
content: bytes_data

ruleId: SOLIDITY_UPGRADE_TO_050
patternId: 341gim
severity: 1
line: 172
column: 76
content: bytes_data

ruleId: SOLIDITY_UPGRADE_TO_050
patternId: 341gim
severity: 1
line: 198
column: 61
content: string

ruleId: SOLIDITY_UPGRADE_TO_050
patternId: 341gim
severity: 1
line: 217
column: 48
content: bytes

ruleId: SOLIDITY_UPGRADE_TO_050
patternId: 341gim
severity: 1
line: 492
column: 76
content: bytes_data

ruleId: SOLIDITY_UPGRADE_TO_050
patternId: 341gim
severity: 1
line: 591
column: 8
content: bytes_data

ruleId: SOLIDITY_UPGRADE_TO_050
patternId: 341gim
severity: 1
line: 797
column: 73
content: uint256[]

ruleId: SOLIDITY_UPGRADE_TO_050
patternId: 341gim
severity: 1
line: 807
column: 61
content: string

ruleId: SOLIDITY_UPGRADE_TO_050
patternId: 341gim
severity: 1
line: 852
column: 44
content: string_uri

ruleId: SOLIDITY_UPGRADE_TO_050
patternId: 341gim
severity: 1
line: 910
column: 41
content: string_information

ruleId: SOLIDITY_UPGRADE_TO_050
patternId: 341gim
severity: 1
line: 910
column: 62
content: string_URL

ruleId: SOLIDITY_UPGRADE_TO_050
patternId: 341gim
severity: 1
line: 919
column: 61
content: stringLiscence

ruleId: SOLIDITY_UPGRADE_TO_050
patternId: 341gim
severity: 1
line: 919
column: 78
content: stringURL

ruleId: SOLIDITY_VISIBILITY
patternId: 910067
severity: 1
line: 925
column: 4
content: function()payable{require(msg.value>0.16ether);_mint(msg.sender,tokenIDCount++);}

ruleId: SOLIDITY_VISIBILITY
patternId: b51ce0
severity: 1
line: 308
column: 4
content: bytes4constantERC721_RECEIVED=0xf0b9e5ba;

SOLIDITY_VISIBILITY :2
SOLIDITY_SAFEMATH :1
SOLIDITY_OVERPOWERED_ROLE :1
SOLIDITY_PRAGMAS_VERSION :1
SOLIDITY_ARRAY_LENGTH_MANIPULATION :1
SOLIDITY_PRIVATE_MODIFIER_DONT_HIDE_DATA :4
SOLIDITY_ADDRESS_HARDCODED :11
SOLIDITY_UPGRADE_TO_050 :13
SOLIDITY_SHOULD_NOT_BE_VIEW :1
SOLIDITY_ERC20_APPROVE :1