/unique_chucks/31/0x46d66b51247f8ab0dbc25cfbf5131203ee454521.sol
jar:file:/usr/local/lib/node_modules/@smartdec/smartcheck/jdeploy-bundle/smartcheck-2.0-jar-with-dependencies.jar!/solidity-rules.xmlruleId: SOLIDITY_ADDRESS_HARDCODED
patternId: adc165
severity: 1
line: 91
column: 30
content: 0xdd007278B667F6bef52fD0a4c23604aA1f96039a

ruleId: SOLIDITY_EXTRA_GAS_IN_LOOPS
patternId: d3j11j
severity: 1
line: 97
column: 4
content: for(uinti=0;i<_addrs.length;++i){tokenReward.transfer(_addrs[i],500*10**8);}

ruleId: SOLIDITY_GAS_LIMIT_IN_LOOPS
patternId: f6f853
severity: 2
line: 97
column: 4
content: for(uinti=0;i<_addrs.length;++i){tokenReward.transfer(_addrs[i],500*10**8);}

ruleId: SOLIDITY_PRAGMAS_VERSION
patternId: 23fc32
severity: 1
line: 1
column: 16
content: ^

ruleId: SOLIDITY_UPGRADE_TO_050
patternId: 341gim
severity: 1
line: 95
column: 20
content: address[]_addrs

ruleId: SOLIDITY_VISIBILITY
patternId: b51ce0
severity: 1
line: 91
column: 4
content: tokentokenReward=token(0xdd007278B667F6bef52fD0a4c23604aA1f96039a);

SOLIDITY_VISIBILITY :1
SOLIDITY_PRAGMAS_VERSION :1
SOLIDITY_EXTRA_GAS_IN_LOOPS :1
SOLIDITY_ADDRESS_HARDCODED :1
SOLIDITY_UPGRADE_TO_050 :1
SOLIDITY_GAS_LIMIT_IN_LOOPS :1