INFO:Detectors:[92m
ERC20Basic.totalSupply (/unique_chucks/4/0x005275450e77bfa6bcbd04d85175d5d0f2dfae43.sol#75-76) should be declared external
BasicToken.totalSupply (/unique_chucks/4/0x005275450e77bfa6bcbd04d85175d5d0f2dfae43.sol#102-103) should be declared external
ERC20Basic.balanceOf (/unique_chucks/4/0x005275450e77bfa6bcbd04d85175d5d0f2dfae43.sol#76-79) should be declared external
BasicToken.balanceOf (/unique_chucks/4/0x005275450e77bfa6bcbd04d85175d5d0f2dfae43.sol#127-129) should be declared external
ERC20.allowance (/unique_chucks/4/0x005275450e77bfa6bcbd04d85175d5d0f2dfae43.sol#133-134) should be declared external
StandardToken.allowance (/unique_chucks/4/0x005275450e77bfa6bcbd04d85175d5d0f2dfae43.sol#217-219) should be declared external
Ownable.transferOwnership (/unique_chucks/4/0x005275450e77bfa6bcbd04d85175d5d0f2dfae43.sol#308-310) should be declared external
Pausable.pause (/unique_chucks/4/0x005275450e77bfa6bcbd04d85175d5d0f2dfae43.sol#361-366) should be declared external
Pausable.unpause (/unique_chucks/4/0x005275450e77bfa6bcbd04d85175d5d0f2dfae43.sol#372-378) should be declared external
Reference: https://github.com/trailofbits/slither/wiki/Detectors-Documentation#public-function-that-could-be-declared-as-external[0m
INFO:Detectors:[92m
Parameter '_owner' of BasicToken.balanceOf (/unique_chucks/4/0x005275450e77bfa6bcbd04d85175d5d0f2dfae43.sol#128) is not in mixedCase
Parameter '_to' of BasicToken.transfer (/unique_chucks/4/0x005275450e77bfa6bcbd04d85175d5d0f2dfae43.sol#108) is not in mixedCase
Parameter '_value' of BasicToken.transfer (/unique_chucks/4/0x005275450e77bfa6bcbd04d85175d5d0f2dfae43.sol#108) is not in mixedCase
Parameter '_owner' of StandardToken.allowance (/unique_chucks/4/0x005275450e77bfa6bcbd04d85175d5d0f2dfae43.sol#217-218) is not in mixedCase
Parameter '_spender' of StandardToken.allowance (/unique_chucks/4/0x005275450e77bfa6bcbd04d85175d5d0f2dfae43.sol#218) is not in mixedCase
Parameter '_from' of StandardToken.transferFrom (/unique_chucks/4/0x005275450e77bfa6bcbd04d85175d5d0f2dfae43.sol#171-172) is not in mixedCase
Parameter '_to' of StandardToken.transferFrom (/unique_chucks/4/0x005275450e77bfa6bcbd04d85175d5d0f2dfae43.sol#172) is not in mixedCase
Parameter '_value' of StandardToken.transferFrom (/unique_chucks/4/0x005275450e77bfa6bcbd04d85175d5d0f2dfae43.sol#172) is not in mixedCase
Parameter '_spender' of StandardToken.approve (/unique_chucks/4/0x005275450e77bfa6bcbd04d85175d5d0f2dfae43.sol#200) is not in mixedCase
Parameter '_value' of StandardToken.approve (/unique_chucks/4/0x005275450e77bfa6bcbd04d85175d5d0f2dfae43.sol#200) is not in mixedCase
Parameter '_spender' of StandardToken.increaseApproval (/unique_chucks/4/0x005275450e77bfa6bcbd04d85175d5d0f2dfae43.sol#233-234) is not in mixedCase
Parameter '_addedValue' of StandardToken.increaseApproval (/unique_chucks/4/0x005275450e77bfa6bcbd04d85175d5d0f2dfae43.sol#234-238) is not in mixedCase
Parameter '_spender' of StandardToken.decreaseApproval (/unique_chucks/4/0x005275450e77bfa6bcbd04d85175d5d0f2dfae43.sol#257) is not in mixedCase
Parameter '_subtractedValue' of StandardToken.decreaseApproval (/unique_chucks/4/0x005275450e77bfa6bcbd04d85175d5d0f2dfae43.sol#257) is not in mixedCase
Parameter '_newOwner' of Ownable.transferOwnership (/unique_chucks/4/0x005275450e77bfa6bcbd04d85175d5d0f2dfae43.sol#308-309) is not in mixedCase
Function 'Ownable._transferOwnership' (/unique_chucks/4/0x005275450e77bfa6bcbd04d85175d5d0f2dfae43.sol#317-323) is not in mixedCase
Parameter '_newOwner' of Ownable._transferOwnership (/unique_chucks/4/0x005275450e77bfa6bcbd04d85175d5d0f2dfae43.sol#317) is not in mixedCase
Parameter '_to' of PausableToken.transfer (/unique_chucks/4/0x005275450e77bfa6bcbd04d85175d5d0f2dfae43.sol#389-390) is not in mixedCase
Parameter '_value' of PausableToken.transfer (/unique_chucks/4/0x005275450e77bfa6bcbd04d85175d5d0f2dfae43.sol#390-392) is not in mixedCase
Parameter '_from' of PausableToken.transferFrom (/unique_chucks/4/0x005275450e77bfa6bcbd04d85175d5d0f2dfae43.sol#400-401) is not in mixedCase
Parameter '_to' of PausableToken.transferFrom (/unique_chucks/4/0x005275450e77bfa6bcbd04d85175d5d0f2dfae43.sol#401-403) is not in mixedCase
Parameter '_value' of PausableToken.transferFrom (/unique_chucks/4/0x005275450e77bfa6bcbd04d85175d5d0f2dfae43.sol#403-404) is not in mixedCase
Parameter '_spender' of PausableToken.approve (/unique_chucks/4/0x005275450e77bfa6bcbd04d85175d5d0f2dfae43.sol#411-412) is not in mixedCase
Parameter '_value' of PausableToken.approve (/unique_chucks/4/0x005275450e77bfa6bcbd04d85175d5d0f2dfae43.sol#412-414) is not in mixedCase
Parameter '_spender' of PausableToken.increaseApproval (/unique_chucks/4/0x005275450e77bfa6bcbd04d85175d5d0f2dfae43.sol#422) is not in mixedCase
Parameter '_addedValue' of PausableToken.increaseApproval (/unique_chucks/4/0x005275450e77bfa6bcbd04d85175d5d0f2dfae43.sol#422) is not in mixedCase
Parameter '_spender' of PausableToken.decreaseApproval (/unique_chucks/4/0x005275450e77bfa6bcbd04d85175d5d0f2dfae43.sol#427) is not in mixedCase
Parameter '_subtractedValue' of PausableToken.decreaseApproval (/unique_chucks/4/0x005275450e77bfa6bcbd04d85175d5d0f2dfae43.sol#427-429) is not in mixedCase
Reference: https://github.com/trailofbits/slither/wiki/Detectors-Documentation#conformance-to-solidity-naming-conventions[0m
INFO:Slither:/unique_chucks/4/0x005275450e77bfa6bcbd04d85175d5d0f2dfae43.sol analyzed (9 contracts), 37 result(s) found