/unique_chucks/34/0x3368f2fb33cf26574e0a94481c8de56efc9f8578.sol
line 9:12 extraneous input 'payable' expecting {'solidity', 'experimental', 'from', 'constructor', 'block', 'coinbase', 'difficulty', 'gaslimit', 'number', 'timestamp', 'blockhash', 'msg', 'data', 'gas', 'sender', 'sig', 'value', 'now', 'this', 'tx', 'origin', 'gasprice', 'public', 'internal', 'external', 'private', 'constant', 'length', 'balance', 'emit', '_', 'revert', Identifier}
line 11:12 extraneous input 'payable' expecting {'solidity', 'experimental', 'from', 'constructor', 'block', 'coinbase', 'difficulty', 'gaslimit', 'number', 'timestamp', 'blockhash', 'msg', 'data', 'gas', 'sender', 'sig', 'value', 'now', 'this', 'tx', 'origin', 'gasprice', 'public', 'internal', 'external', 'private', 'constant', 'length', 'balance', 'emit', '_', 'revert', Identifier}
jar:file:/usr/local/lib/node_modules/@smartdec/smartcheck/jdeploy-bundle/smartcheck-2.0-jar-with-dependencies.jar!/solidity-rules.xmlruleId: SOLIDITY_ADDRESS_HARDCODED
patternId: adc165
severity: 1
line: 9
column: 36
content: 0x1Ef48854c57126085c2C9615329ED71fe159E390

ruleId: SOLIDITY_CALL_WITHOUT_DATA
patternId: 111ppp
severity: 2
line: 31
column: 62
content: call.value(betSize)("")

ruleId: SOLIDITY_CALL_WITHOUT_DATA
patternId: 111ppp
severity: 2
line: 42
column: 58
content: call("")

ruleId: SOLIDITY_PRAGMAS_VERSION
patternId: 23fc32
severity: 1
line: 1
column: 16
content: ^

ruleId: SOLIDITY_PRIVATE_MODIFIER_DONT_HIDE_DATA
patternId: 5616b2
severity: 1
line: 11
column: 20
content: private

ruleId: SOLIDITY_UNCHECKED_CALL
patternId: f39eed
severity: 3
line: 31
column: 62
content: call.value(betSize)("")

ruleId: SOLIDITY_UNCHECKED_CALL
patternId: f39eed
severity: 3
line: 42
column: 58
content: call("")

ruleId: SOLIDITY_VISIBILITY
patternId: b51ce0
severity: 1
line: 9
column: 4
content: addresspayabletargetAddress=0x1Ef48854c57126085c2C9615329ED71fe159E390;

SOLIDITY_VISIBILITY :1
SOLIDITY_PRAGMAS_VERSION :1
SOLIDITY_PRIVATE_MODIFIER_DONT_HIDE_DATA :1
SOLIDITY_ADDRESS_HARDCODED :1
SOLIDITY_UNCHECKED_CALL :2
SOLIDITY_CALL_WITHOUT_DATA :2