INFO:Detectors:[93m
ExtendedToken._isContract (/unique_contracts/0x14a14ab09baf47ae78087f397e80fb447ae9b398.sol#340-349) is declared view but contains assembly code
Reference: https://github.com/trailofbits/slither/wiki/Detectors-Documentation#constant-functions-changing-the-state[0m
INFO:Detectors:[93m
empty in ExtendedToken.transferFrom (/unique_contracts/0x14a14ab09baf47ae78087f397e80fb447ae9b398.sol#248) is a local variable never initialiazed
empty in ExtendedToken.transfer (/unique_contracts/0x14a14ab09baf47ae78087f397e80fb447ae9b398.sol#245) is a local variable never initialiazed
Reference: https://github.com/trailofbits/slither/wiki/Detectors-Documentation#uninitialized-local-variables[0m
INFO:Detectors:[92m
StandardToken.balanceOf.owner (local variable @ /unique_contracts/0x14a14ab09baf47ae78087f397e80fb447ae9b398.sol#124) shadows:
	- Ownable.owner (function @ /unique_contracts/0x14a14ab09baf47ae78087f397e80fb447ae9b398.sol#37-41)
StandardToken.allowance.owner (local variable @ /unique_contracts/0x14a14ab09baf47ae78087f397e80fb447ae9b398.sol#154) shadows:
	- Ownable.owner (function @ /unique_contracts/0x14a14ab09baf47ae78087f397e80fb447ae9b398.sol#37-41)
ExtendedToken.constructor.totalSupply (local variable @ /unique_contracts/0x14a14ab09baf47ae78087f397e80fb447ae9b398.sol#219) shadows:
	- StandardToken.totalSupply (function @ /unique_contracts/0x14a14ab09baf47ae78087f397e80fb447ae9b398.sol#116-121)
	- ERC20.totalSupply (function @ /unique_contracts/0x14a14ab09baf47ae78087f397e80fb447ae9b398.sol#10-11)
ExtendedToken.constructor.name (local variable @ /unique_contracts/0x14a14ab09baf47ae78087f397e80fb447ae9b398.sol#219) shadows:
	- ExtendedToken.name (function @ /unique_contracts/0x14a14ab09baf47ae78087f397e80fb447ae9b398.sol#228-235)
	- ERC223.name (function @ /unique_contracts/0x14a14ab09baf47ae78087f397e80fb447ae9b398.sol#172)
ExtendedToken.constructor.symbol (local variable @ /unique_contracts/0x14a14ab09baf47ae78087f397e80fb447ae9b398.sol#219-220) shadows:
	- ExtendedToken.symbol (function @ /unique_contracts/0x14a14ab09baf47ae78087f397e80fb447ae9b398.sol#235-237)
	- ERC223.symbol (function @ /unique_contracts/0x14a14ab09baf47ae78087f397e80fb447ae9b398.sol#172-173)
ExtendedToken.constructor.decimals (local variable @ /unique_contracts/0x14a14ab09baf47ae78087f397e80fb447ae9b398.sol#220-223) shadows:
	- ExtendedToken.decimals (function @ /unique_contracts/0x14a14ab09baf47ae78087f397e80fb447ae9b398.sol#237-240)
	- ERC223.decimals (function @ /unique_contracts/0x14a14ab09baf47ae78087f397e80fb447ae9b398.sol#173)
Reference: https://github.com/trailofbits/slither/wiki/Detectors-Documentation#local-variable-shadowing[0m
INFO:Detectors:[92m
Reentrancy in ExtendedToken.transfer (/unique_contracts/0x14a14ab09baf47ae78087f397e80fb447ae9b398.sol#250-264):
	External calls:
	- receiver.tokenFallback(msg.sender,value,data) (/unique_contracts/0x14a14ab09baf47ae78087f397e80fb447ae9b398.sol#259)
	State variables written after the call(s):
	- _balances (/unique_contracts/0x14a14ab09baf47ae78087f397e80fb447ae9b398.sol#260)
Reentrancy in ExtendedToken.transferFrom (/unique_contracts/0x14a14ab09baf47ae78087f397e80fb447ae9b398.sol#264-284):
	External calls:
	- receiver.tokenFallback(from,value,data) (/unique_contracts/0x14a14ab09baf47ae78087f397e80fb447ae9b398.sol#277-278)
	State variables written after the call(s):
	- _allowed (/unique_contracts/0x14a14ab09baf47ae78087f397e80fb447ae9b398.sol#278)
	- _balances (/unique_contracts/0x14a14ab09baf47ae78087f397e80fb447ae9b398.sol#278)
Reference: https://github.com/trailofbits/slither/wiki/Detectors-Documentation#reentrancy-vulnerabilities-2[0m
INFO:Detectors:[92m
ExtendedToken._isContract uses assembly (/unique_contracts/0x14a14ab09baf47ae78087f397e80fb447ae9b398.sol#340-349)
	- /unique_contracts/0x14a14ab09baf47ae78087f397e80fb447ae9b398.sol#348
Reference: https://github.com/trailofbits/slither/wiki/Detectors-Documentation#assembly-usage[0m
INFO:Detectors:[92m
ERC20.totalSupply (/unique_contracts/0x14a14ab09baf47ae78087f397e80fb447ae9b398.sol#10-11) should be declared external
StandardToken.totalSupply (/unique_contracts/0x14a14ab09baf47ae78087f397e80fb447ae9b398.sol#116-121) should be declared external
ERC20.balanceOf (/unique_contracts/0x14a14ab09baf47ae78087f397e80fb447ae9b398.sol#11-12) should be declared external
StandardToken.balanceOf (/unique_contracts/0x14a14ab09baf47ae78087f397e80fb447ae9b398.sol#121-125) should be declared external
StandardToken.allowance (/unique_contracts/0x14a14ab09baf47ae78087f397e80fb447ae9b398.sol#154-156) should be declared external
ERC20.allowance (/unique_contracts/0x14a14ab09baf47ae78087f397e80fb447ae9b398.sol#12-13) should be declared external
Ownable.transferOwnership (/unique_contracts/0x14a14ab09baf47ae78087f397e80fb447ae9b398.sol#41-50) should be declared external
StandardToken.fallback (/unique_contracts/0x14a14ab09baf47ae78087f397e80fb447ae9b398.sol#112-116) should be declared external
ExtendedToken.name (/unique_contracts/0x14a14ab09baf47ae78087f397e80fb447ae9b398.sol#228-235) should be declared external
ERC223.name (/unique_contracts/0x14a14ab09baf47ae78087f397e80fb447ae9b398.sol#172) should be declared external
ExtendedToken.symbol (/unique_contracts/0x14a14ab09baf47ae78087f397e80fb447ae9b398.sol#235-237) should be declared external
ERC223.symbol (/unique_contracts/0x14a14ab09baf47ae78087f397e80fb447ae9b398.sol#172-173) should be declared external
ExtendedToken.decimals (/unique_contracts/0x14a14ab09baf47ae78087f397e80fb447ae9b398.sol#237-240) should be declared external
ERC223.decimals (/unique_contracts/0x14a14ab09baf47ae78087f397e80fb447ae9b398.sol#173) should be declared external
ERC223Receiver.tokenFallback (/unique_contracts/0x14a14ab09baf47ae78087f397e80fb447ae9b398.sol#185-186) should be declared external
MintableToken.mintingFinished (/unique_contracts/0x14a14ab09baf47ae78087f397e80fb447ae9b398.sol#191-193) should be declared external
ExtendedToken.mintingFinished (/unique_contracts/0x14a14ab09baf47ae78087f397e80fb447ae9b398.sol#315-318) should be declared external
ExtendedToken.burn (/unique_contracts/0x14a14ab09baf47ae78087f397e80fb447ae9b398.sol#284-288) should be declared external
BurnableToken.burn (/unique_contracts/0x14a14ab09baf47ae78087f397e80fb447ae9b398.sol#200) should be declared external
BurnableToken.burnFrom (/unique_contracts/0x14a14ab09baf47ae78087f397e80fb447ae9b398.sol#200-204) should be declared external
ExtendedToken.burnFrom (/unique_contracts/0x14a14ab09baf47ae78087f397e80fb447ae9b398.sol#288-304) should be declared external
LivePodToken.trading (/unique_contracts/0x14a14ab09baf47ae78087f397e80fb447ae9b398.sol#402-408) should be declared external
LivePodToken.startTrading (/unique_contracts/0x14a14ab09baf47ae78087f397e80fb447ae9b398.sol#408-412) should be declared external
LivePodToken.setPreSaleAgent (/unique_contracts/0x14a14ab09baf47ae78087f397e80fb447ae9b398.sol#415-424) should be declared external
LivePodToken.setPublicSaleAgent (/unique_contracts/0x14a14ab09baf47ae78087f397e80fb447ae9b398.sol#424-429) should be declared external
LivePodToken.transferAnyERC20Token (/unique_contracts/0x14a14ab09baf47ae78087f397e80fb447ae9b398.sol) should be declared external
LivePodToken.destroy (/unique_contracts/0x14a14ab09baf47ae78087f397e80fb447ae9b398.sol) should be declared external
Reference: https://github.com/trailofbits/slither/wiki/Detectors-Documentation#public-function-that-could-be-declared-as-external[0m
INFO:Detectors:[92m
Parameter '_a' of SafeMath.mul (/unique_contracts/0x14a14ab09baf47ae78087f397e80fb447ae9b398.sol#52-53) is not in mixedCase
Parameter '_b' of SafeMath.mul (/unique_contracts/0x14a14ab09baf47ae78087f397e80fb447ae9b398.sol#53) is not in mixedCase
Parameter '_a' of SafeMath.div (/unique_contracts/0x14a14ab09baf47ae78087f397e80fb447ae9b398.sol#64) is not in mixedCase
Parameter '_b' of SafeMath.div (/unique_contracts/0x14a14ab09baf47ae78087f397e80fb447ae9b398.sol#64) is not in mixedCase
Parameter '_a' of SafeMath.sub (/unique_contracts/0x14a14ab09baf47ae78087f397e80fb447ae9b398.sol#71) is not in mixedCase
Parameter '_b' of SafeMath.sub (/unique_contracts/0x14a14ab09baf47ae78087f397e80fb447ae9b398.sol#71) is not in mixedCase
Parameter '_a' of SafeMath.add (/unique_contracts/0x14a14ab09baf47ae78087f397e80fb447ae9b398.sol#78-79) is not in mixedCase
Parameter '_b' of SafeMath.add (/unique_contracts/0x14a14ab09baf47ae78087f397e80fb447ae9b398.sol#79) is not in mixedCase
Variable 'StandardToken._totalSupply' (/unique_contracts/0x14a14ab09baf47ae78087f397e80fb447ae9b398.sol#98) is not in mixedCase
Variable 'StandardToken._balances' (/unique_contracts/0x14a14ab09baf47ae78087f397e80fb447ae9b398.sol#98-100) is not in mixedCase
Variable 'StandardToken._allowed' (/unique_contracts/0x14a14ab09baf47ae78087f397e80fb447ae9b398.sol#100-101) is not in mixedCase
Function 'ExtendedToken._burn' (/unique_contracts/0x14a14ab09baf47ae78087f397e80fb447ae9b398.sol#304-315) is not in mixedCase
Function 'ExtendedToken._isContract' (/unique_contracts/0x14a14ab09baf47ae78087f397e80fb447ae9b398.sol#340-349) is not in mixedCase
Variable 'ExtendedToken._name' (/unique_contracts/0x14a14ab09baf47ae78087f397e80fb447ae9b398.sol#209-210) is not in mixedCase
Variable 'ExtendedToken._symbol' (/unique_contracts/0x14a14ab09baf47ae78087f397e80fb447ae9b398.sol#210-212) is not in mixedCase
Variable 'ExtendedToken._decimals' (/unique_contracts/0x14a14ab09baf47ae78087f397e80fb447ae9b398.sol#212) is not in mixedCase
Variable 'ExtendedToken._mintingFinished' (/unique_contracts/0x14a14ab09baf47ae78087f397e80fb447ae9b398.sol#212) is not in mixedCase
Reference: https://github.com/trailofbits/slither/wiki/Detectors-Documentation#conformance-to-solidity-naming-conventions[0m
INFO:Slither:/unique_contracts/0x14a14ab09baf47ae78087f397e80fb447ae9b398.sol analyzed (10 contracts), 56 result(s) found