INFO:Slither:Compilation warnings/errors on /unique_chucks/22/0x652c7e43e82e6b45fc6265c02174cf1a91339b5b.sol:
/unique_chucks/22/0x652c7e43e82e6b45fc6265c02174cf1a91339b5b.sol:41:5: Warning: Defining constructors as functions with the same name as the contract is deprecated. Use "constructor(...) { ... }" instead.
    function MB(
    ^ (Relevant source part starts here and spans across multiple lines).
/unique_chucks/22/0x652c7e43e82e6b45fc6265c02174cf1a91339b5b.sol:142:3: Warning: Defining constructors as functions with the same name as the contract is deprecated. Use "constructor(...) { ... }" instead.
  function Ownable() {
  ^ (Relevant source part starts here and spans across multiple lines).
/unique_chucks/22/0x652c7e43e82e6b45fc6265c02174cf1a91339b5b.sol:218:3: Warning: Defining constructors as functions with the same name as the contract is deprecated. Use "constructor(...) { ... }" instead.
  function MediCrowdsale(address tokenContractAddress, address _walletAddress) {
  ^ (Relevant source part starts here and spans across multiple lines).
/unique_chucks/22/0x652c7e43e82e6b45fc6265c02174cf1a91339b5b.sol:61:9: Warning: Invoking events without "emit" prefix is deprecated.
        Transfer(_from, _to, _value);
        ^--------------------------^
/unique_chucks/22/0x652c7e43e82e6b45fc6265c02174cf1a91339b5b.sol:110:9: Warning: Invoking events without "emit" prefix is deprecated.
        Burn(msg.sender, _value);
        ^----------------------^
/unique_chucks/22/0x652c7e43e82e6b45fc6265c02174cf1a91339b5b.sol:120:9: Warning: Invoking events without "emit" prefix is deprecated.
        Burn(_from, _value);
        ^-----------------^
/unique_chucks/22/0x652c7e43e82e6b45fc6265c02174cf1a91339b5b.sol:162:5: Warning: Invoking events without "emit" prefix is deprecated.
    OwnershipTransferred(owner, newOwner);
    ^-----------------------------------^
/unique_chucks/22/0x652c7e43e82e6b45fc6265c02174cf1a91339b5b.sol:242:5: Warning: Invoking events without "emit" prefix is deprecated.
    TokenPurchase(msg.sender, beneficiary, weiAmount, tokens);
    ^-------------------------------------------------------^
/unique_chucks/22/0x652c7e43e82e6b45fc6265c02174cf1a91339b5b.sol:21:27: Warning: No visibility specified. Defaulting to "public". 
contract tokenRecipient { function receiveApproval(address _from, uint256 _value, address _token, bytes _extraData); }
                          ^----------------------------------------------------------------------------------------^
/unique_chucks/22/0x652c7e43e82e6b45fc6265c02174cf1a91339b5b.sol:41:5: Warning: No visibility specified. Defaulting to "public". 
    function MB(
    ^ (Relevant source part starts here and spans across multiple lines).
/unique_chucks/22/0x652c7e43e82e6b45fc6265c02174cf1a91339b5b.sol:67:5: Warning: No visibility specified. Defaulting to "public". 
    function transfer(address _to, uint256 _value) {
    ^ (Relevant source part starts here and spans across multiple lines).
/unique_chucks/22/0x652c7e43e82e6b45fc6265c02174cf1a91339b5b.sol:75:5: Warning: No visibility specified. Defaulting to "public". 
    function transferFrom(address _from, address _to, uint256 _value) returns (bool success) {
    ^ (Relevant source part starts here and spans across multiple lines).
/unique_chucks/22/0x652c7e43e82e6b45fc6265c02174cf1a91339b5b.sol:85:5: Warning: No visibility specified. Defaulting to "public". 
    function approve(address _spender, uint256 _value)
    ^ (Relevant source part starts here and spans across multiple lines).
/unique_chucks/22/0x652c7e43e82e6b45fc6265c02174cf1a91339b5b.sol:95:5: Warning: No visibility specified. Defaulting to "public". 
    function approveAndCall(address _spender, uint256 _value, bytes _extraData)
    ^ (Relevant source part starts here and spans across multiple lines).
/unique_chucks/22/0x652c7e43e82e6b45fc6265c02174cf1a91339b5b.sol:106:5: Warning: No visibility specified. Defaulting to "public". 
    function burn(uint256 _value) returns (bool success) {
    ^ (Relevant source part starts here and spans across multiple lines).
/unique_chucks/22/0x652c7e43e82e6b45fc6265c02174cf1a91339b5b.sol:114:5: Warning: No visibility specified. Defaulting to "public". 
    function burnFrom(address _from, uint256 _value) returns (bool success) {
    ^ (Relevant source part starts here and spans across multiple lines).
/unique_chucks/22/0x652c7e43e82e6b45fc6265c02174cf1a91339b5b.sol:142:3: Warning: No visibility specified. Defaulting to "public". 
  function Ownable() {
  ^ (Relevant source part starts here and spans across multiple lines).
/unique_chucks/22/0x652c7e43e82e6b45fc6265c02174cf1a91339b5b.sol:218:3: Warning: No visibility specified. Defaulting to "public". 
  function MediCrowdsale(address tokenContractAddress, address _walletAddress) {
  ^ (Relevant source part starts here and spans across multiple lines).
/unique_chucks/22/0x652c7e43e82e6b45fc6265c02174cf1a91339b5b.sol:224:3: Warning: No visibility specified. Defaulting to "public". 
  function () payable {
  ^ (Relevant source part starts here and spans across multiple lines).
/unique_chucks/22/0x652c7e43e82e6b45fc6265c02174cf1a91339b5b.sol:265:3: Warning: No visibility specified. Defaulting to "public". 
  function transferBackTo(uint256 tokens, address beneficiary) onlyOwner returns (bool){
  ^ (Relevant source part starts here and spans across multiple lines).
/unique_chucks/22/0x652c7e43e82e6b45fc6265c02174cf1a91339b5b.sol:8:3: Warning: Function state mutability can be restricted to pure
  function mul(uint256 a, uint256 b) internal constant returns (uint256) {
  ^ (Relevant source part starts here and spans across multiple lines).
/unique_chucks/22/0x652c7e43e82e6b45fc6265c02174cf1a91339b5b.sol:14:3: Warning: Function state mutability can be restricted to pure
  function add(uint256 a, uint256 b) internal constant returns (uint256) {
  ^ (Relevant source part starts here and spans across multiple lines).

INFO:Detectors:[93m
MB (/unique_chucks/22/0x652c7e43e82e6b45fc6265c02174cf1a91339b5b.sol#24-129) has incorrect ERC20 function interface(s):
	-transfer (/unique_chucks/22/0x652c7e43e82e6b45fc6265c02174cf1a91339b5b.sol#68-71)
Reference: https://github.com/trailofbits/slither/wiki/Detectors-Documentation#incorrect-erc20-interface[0m
INFO:Detectors:[92m
MediCrowdsale.endTime should be constant (/unique_chucks/22/0x652c7e43e82e6b45fc6265c02174cf1a91339b5b.sol#202-205)
MediCrowdsale.rate should be constant (/unique_chucks/22/0x652c7e43e82e6b45fc6265c02174cf1a91339b5b.sol#211-212)
MediCrowdsale.startTime should be constant (/unique_chucks/22/0x652c7e43e82e6b45fc6265c02174cf1a91339b5b.sol#199-201)
Reference: https://github.com/trailofbits/slither/wiki/Detectors-Documentation#state-variables-that-could-be-declared-constant[0m
INFO:Detectors:[92m
tokenRecipient.receiveApproval (/unique_chucks/22/0x652c7e43e82e6b45fc6265c02174cf1a91339b5b.sol#21-24) should be declared external
MB.transfer (/unique_chucks/22/0x652c7e43e82e6b45fc6265c02174cf1a91339b5b.sol#68-71) should be declared external
MB.transferFrom (/unique_chucks/22/0x652c7e43e82e6b45fc6265c02174cf1a91339b5b.sol#75-82) should be declared external
MB.approveAndCall (/unique_chucks/22/0x652c7e43e82e6b45fc6265c02174cf1a91339b5b.sol#96-105) should be declared external
MB.burn (/unique_chucks/22/0x652c7e43e82e6b45fc6265c02174cf1a91339b5b.sol#107-115) should be declared external
MB.burnFrom (/unique_chucks/22/0x652c7e43e82e6b45fc6265c02174cf1a91339b5b.sol#115-129) should be declared external
Ownable.transferOwnership (/unique_chucks/22/0x652c7e43e82e6b45fc6265c02174cf1a91339b5b.sol#163-173) should be declared external
MediCrowdsale.fallback (/unique_chucks/22/0x652c7e43e82e6b45fc6265c02174cf1a91339b5b.sol#233-235) should be declared external
MediCrowdsale.hasEnded (/unique_chucks/22/0x652c7e43e82e6b45fc6265c02174cf1a91339b5b.sol) should be declared external
MediCrowdsale.transferBackTo (/unique_chucks/22/0x652c7e43e82e6b45fc6265c02174cf1a91339b5b.sol) should be declared external
Reference: https://github.com/trailofbits/slither/wiki/Detectors-Documentation#public-function-that-could-be-declared-as-external[0m
INFO:Detectors:[92m
Detected issues with version pragma in /unique_chucks/22/0x652c7e43e82e6b45fc6265c02174cf1a91339b5b.sol:
	- pragma solidity^0.4.13 (/unique_chucks/22/0x652c7e43e82e6b45fc6265c02174cf1a91339b5b.sol#1): it allows old versions
Reference: https://github.com/trailofbits/slither/wiki/Detectors-Documentation#incorrect-version-of-solidity[0m
INFO:Detectors:[92m
Contract 'tokenRecipient' (/unique_chucks/22/0x652c7e43e82e6b45fc6265c02174cf1a91339b5b.sol#21-24) is not in CapWords
Function 'MB.MB' (/unique_chucks/22/0x652c7e43e82e6b45fc6265c02174cf1a91339b5b.sol#42-54) is not in mixedCase
Function 'MB._transfer' (/unique_chucks/22/0x652c7e43e82e6b45fc6265c02174cf1a91339b5b.sol#55-64) is not in mixedCase
Parameter '_from' of MB._transfer (/unique_chucks/22/0x652c7e43e82e6b45fc6265c02174cf1a91339b5b.sol#56) is not in mixedCase
Parameter '_to' of MB._transfer (/unique_chucks/22/0x652c7e43e82e6b45fc6265c02174cf1a91339b5b.sol#56) is not in mixedCase
Parameter '_value' of MB._transfer (/unique_chucks/22/0x652c7e43e82e6b45fc6265c02174cf1a91339b5b.sol#56) is not in mixedCase
Parameter '_to' of MB.transfer (/unique_chucks/22/0x652c7e43e82e6b45fc6265c02174cf1a91339b5b.sol#68-69) is not in mixedCase
Parameter '_value' of MB.transfer (/unique_chucks/22/0x652c7e43e82e6b45fc6265c02174cf1a91339b5b.sol#69-71) is not in mixedCase
Parameter '_from' of MB.transferFrom (/unique_chucks/22/0x652c7e43e82e6b45fc6265c02174cf1a91339b5b.sol#76) is not in mixedCase
Parameter '_to' of MB.transferFrom (/unique_chucks/22/0x652c7e43e82e6b45fc6265c02174cf1a91339b5b.sol#76) is not in mixedCase
Parameter '_value' of MB.transferFrom (/unique_chucks/22/0x652c7e43e82e6b45fc6265c02174cf1a91339b5b.sol#76) is not in mixedCase
Parameter '_spender' of MB.approve (/unique_chucks/22/0x652c7e43e82e6b45fc6265c02174cf1a91339b5b.sol#87) is not in mixedCase
Parameter '_value' of MB.approve (/unique_chucks/22/0x652c7e43e82e6b45fc6265c02174cf1a91339b5b.sol#87) is not in mixedCase
Parameter '_spender' of MB.approveAndCall (/unique_chucks/22/0x652c7e43e82e6b45fc6265c02174cf1a91339b5b.sol#97) is not in mixedCase
Parameter '_value' of MB.approveAndCall (/unique_chucks/22/0x652c7e43e82e6b45fc6265c02174cf1a91339b5b.sol#97) is not in mixedCase
Parameter '_extraData' of MB.approveAndCall (/unique_chucks/22/0x652c7e43e82e6b45fc6265c02174cf1a91339b5b.sol#97-98) is not in mixedCase
Parameter '_value' of MB.burn (/unique_chucks/22/0x652c7e43e82e6b45fc6265c02174cf1a91339b5b.sol#107) is not in mixedCase
Parameter '_from' of MB.burnFrom (/unique_chucks/22/0x652c7e43e82e6b45fc6265c02174cf1a91339b5b.sol#115) is not in mixedCase
Parameter '_value' of MB.burnFrom (/unique_chucks/22/0x652c7e43e82e6b45fc6265c02174cf1a91339b5b.sol#115) is not in mixedCase
Function 'Ownable.Ownable' (/unique_chucks/22/0x652c7e43e82e6b45fc6265c02174cf1a91339b5b.sol#150-152) is not in mixedCase
Function 'MediCrowdsale.MediCrowdsale' (/unique_chucks/22/0x652c7e43e82e6b45fc6265c02174cf1a91339b5b.sol#224-230) is not in mixedCase
Parameter '_walletAddress' of MediCrowdsale.MediCrowdsale (/unique_chucks/22/0x652c7e43e82e6b45fc6265c02174cf1a91339b5b.sol#228) is not in mixedCase
Reference: https://github.com/trailofbits/slither/wiki/Detectors-Documentation#conformance-to-solidity-naming-conventions[0m
INFO:Slither:/unique_chucks/22/0x652c7e43e82e6b45fc6265c02174cf1a91339b5b.sol analyzed (5 contracts), 35 result(s) found