INFO:Detectors:[93m
Reentrancy in Wallet.confirmERC20 (/unique_chucks/24/0xca3d09be2b8daa0579d8872c647d8cf693da7fda.sol#417-430):
	External calls:
	- token.transfer(m_txs[_h].to,m_txs[_h].value) (/unique_chucks/24/0xca3d09be2b8daa0579d8872c647d8cf693da7fda.sol#422-426)
	State variables written after the call(s):
	- m_txs (/unique_chucks/24/0xca3d09be2b8daa0579d8872c647d8cf693da7fda.sol#429-430)
Reentrancy in Wallet.transferERC20 (/unique_chucks/24/0xca3d09be2b8daa0579d8872c647d8cf693da7fda.sol#392-417):
	External calls:
	- ! confirmERC20(_r) && m_txs[_r].to == 0 (/unique_chucks/24/0xca3d09be2b8daa0579d8872c647d8cf693da7fda.sol#407-416)
	State variables written after the call(s):
	- m_txs (/unique_chucks/24/0xca3d09be2b8daa0579d8872c647d8cf693da7fda.sol#408)
	- m_txs (/unique_chucks/24/0xca3d09be2b8daa0579d8872c647d8cf693da7fda.sol#409)
	- m_txs (/unique_chucks/24/0xca3d09be2b8daa0579d8872c647d8cf693da7fda.sol#409)
Reference: https://github.com/trailofbits/slither/wiki/Detectors-Documentation#reentrancy-vulnerabilities-1[0m
INFO:Detectors:[93m
Wallet.transferERC20 (/unique_chucks/24/0xca3d09be2b8daa0579d8872c647d8cf693da7fda.sol#392-417) does not use the value returned by external calls:
	-token.transfer(_to,_value) (/unique_chucks/24/0xca3d09be2b8daa0579d8872c647d8cf693da7fda.sol#401-403)
Wallet.confirmERC20 (/unique_chucks/24/0xca3d09be2b8daa0579d8872c647d8cf693da7fda.sol#417-430) does not use the value returned by external calls:
	-token.transfer(m_txs[_h].to,m_txs[_h].value) (/unique_chucks/24/0xca3d09be2b8daa0579d8872c647d8cf693da7fda.sol#422-426)
Reference: https://github.com/trailofbits/slither/wiki/Detectors-Documentation#unused-return[0m
INFO:Detectors:[92m
ERC20Basic.totalSupply should be constant (/unique_chucks/24/0xca3d09be2b8daa0579d8872c647d8cf693da7fda.sol#10-11)
Wallet.version should be constant (/unique_chucks/24/0xca3d09be2b8daa0579d8872c647d8cf693da7fda.sol#335-336)
Reference: https://github.com/trailofbits/slither/wiki/Detectors-Documentation#state-variables-that-could-be-declared-constant[0m
INFO:Detectors:[92m
ERC20Basic.balanceOf (/unique_chucks/24/0xca3d09be2b8daa0579d8872c647d8cf693da7fda.sol#11-12) should be declared external
ERC20Basic.transfer (/unique_chucks/24/0xca3d09be2b8daa0579d8872c647d8cf693da7fda.sol#12-13) should be declared external
multiowned.hasConfirmed (/unique_chucks/24/0xca3d09be2b8daa0579d8872c647d8cf693da7fda.sol#138-156) should be declared external
Wallet.fallback (/unique_chucks/24/0xca3d09be2b8daa0579d8872c647d8cf693da7fda.sol#354-356) should be declared external
Reference: https://github.com/trailofbits/slither/wiki/Detectors-Documentation#public-function-that-could-be-declared-as-external[0m
INFO:Detectors:[92m
Contract 'multiowned' (/unique_chucks/24/0xca3d09be2b8daa0579d8872c647d8cf693da7fda.sol#17-237) is not in CapWords
Parameter '_owners' of multiowned. (/unique_chucks/24/0xca3d09be2b8daa0579d8872c647d8cf693da7fda.sol#61) is not in mixedCase
Parameter '_required' of multiowned. (/unique_chucks/24/0xca3d09be2b8daa0579d8872c647d8cf693da7fda.sol#61-62) is not in mixedCase
Parameter '_operation' of multiowned.revoke (/unique_chucks/24/0xca3d09be2b8daa0579d8872c647d8cf693da7fda.sol#74-75) is not in mixedCase
Parameter '_from' of multiowned.changeOwner (/unique_chucks/24/0xca3d09be2b8daa0579d8872c647d8cf693da7fda.sol#87-88) is not in mixedCase
Parameter '_to' of multiowned.changeOwner (/unique_chucks/24/0xca3d09be2b8daa0579d8872c647d8cf693da7fda.sol#88) is not in mixedCase
Parameter '_owner' of multiowned.addOwner (/unique_chucks/24/0xca3d09be2b8daa0579d8872c647d8cf693da7fda.sol#100) is not in mixedCase
Parameter '_owner' of multiowned.removeOwner (/unique_chucks/24/0xca3d09be2b8daa0579d8872c647d8cf693da7fda.sol#114) is not in mixedCase
Parameter '_newRequired' of multiowned.changeRequirement (/unique_chucks/24/0xca3d09be2b8daa0579d8872c647d8cf693da7fda.sol#127-128) is not in mixedCase
Parameter '_addr' of multiowned.isOwner (/unique_chucks/24/0xca3d09be2b8daa0579d8872c647d8cf693da7fda.sol#137) is not in mixedCase
Parameter '_operation' of multiowned.hasConfirmed (/unique_chucks/24/0xca3d09be2b8daa0579d8872c647d8cf693da7fda.sol#139) is not in mixedCase
Parameter '_owner' of multiowned.hasConfirmed (/unique_chucks/24/0xca3d09be2b8daa0579d8872c647d8cf693da7fda.sol#139) is not in mixedCase
Parameter '_operation' of multiowned.confirmAndCheck (/unique_chucks/24/0xca3d09be2b8daa0579d8872c647d8cf693da7fda.sol#157-158) is not in mixedCase
Variable 'multiowned.m_required' (/unique_chucks/24/0xca3d09be2b8daa0579d8872c647d8cf693da7fda.sol#228) is not in mixedCase
Variable 'multiowned.m_numOwners' (/unique_chucks/24/0xca3d09be2b8daa0579d8872c647d8cf693da7fda.sol#230-231) is not in mixedCase
Variable 'multiowned.m_owners' (/unique_chucks/24/0xca3d09be2b8daa0579d8872c647d8cf693da7fda.sol#231-232) is not in mixedCase
Constant 'multiowned.c_maxOwners' (/unique_chucks/24/0xca3d09be2b8daa0579d8872c647d8cf693da7fda.sol#232-235) is not in UPPER_CASE_WITH_UNDERSCORES
Variable 'multiowned.m_ownerIndex' (/unique_chucks/24/0xca3d09be2b8daa0579d8872c647d8cf693da7fda.sol#235-236) is not in mixedCase
Variable 'multiowned.m_pending' (/unique_chucks/24/0xca3d09be2b8daa0579d8872c647d8cf693da7fda.sol#236) is not in mixedCase
Variable 'multiowned.m_pendingIndex' (/unique_chucks/24/0xca3d09be2b8daa0579d8872c647d8cf693da7fda.sol#236) is not in mixedCase
Contract 'daylimit' (/unique_chucks/24/0xca3d09be2b8daa0579d8872c647d8cf693da7fda.sol#250-299) is not in CapWords
Parameter '_limit' of daylimit. (/unique_chucks/24/0xca3d09be2b8daa0579d8872c647d8cf693da7fda.sol#256) is not in mixedCase
Parameter '_newLimit' of daylimit.setDailyLimit (/unique_chucks/24/0xca3d09be2b8daa0579d8872c647d8cf693da7fda.sol#260) is not in mixedCase
Parameter '_value' of daylimit.underLimit (/unique_chucks/24/0xca3d09be2b8daa0579d8872c647d8cf693da7fda.sol#274) is not in mixedCase
Variable 'daylimit.m_dailyLimit' (/unique_chucks/24/0xca3d09be2b8daa0579d8872c647d8cf693da7fda.sol#298) is not in mixedCase
Variable 'daylimit.m_spentToday' (/unique_chucks/24/0xca3d09be2b8daa0579d8872c647d8cf693da7fda.sol#298-299) is not in mixedCase
Variable 'daylimit.m_lastDay' (/unique_chucks/24/0xca3d09be2b8daa0579d8872c647d8cf693da7fda.sol#299) is not in mixedCase
Contract 'multisig' (/unique_chucks/24/0xca3d09be2b8daa0579d8872c647d8cf693da7fda.sol#300-326) is not in CapWords
Parameter '_to' of Wallet.kill (/unique_chucks/24/0xca3d09be2b8daa0579d8872c647d8cf693da7fda.sol#353) is not in mixedCase
Parameter '_to' of Wallet.transferETH (/unique_chucks/24/0xca3d09be2b8daa0579d8872c647d8cf693da7fda.sol#365) is not in mixedCase
Parameter '_value' of Wallet.transferETH (/unique_chucks/24/0xca3d09be2b8daa0579d8872c647d8cf693da7fda.sol#365) is not in mixedCase
Parameter '_h' of Wallet.confirmETH (/unique_chucks/24/0xca3d09be2b8daa0579d8872c647d8cf693da7fda.sol#385) is not in mixedCase
Parameter '_to' of Wallet.transferERC20 (/unique_chucks/24/0xca3d09be2b8daa0579d8872c647d8cf693da7fda.sol#392-393) is not in mixedCase
Parameter '_value' of Wallet.transferERC20 (/unique_chucks/24/0xca3d09be2b8daa0579d8872c647d8cf693da7fda.sol#393) is not in mixedCase
Parameter '_token' of Wallet.transferERC20 (/unique_chucks/24/0xca3d09be2b8daa0579d8872c647d8cf693da7fda.sol#393-394) is not in mixedCase
Parameter '_h' of Wallet.confirmERC20 (/unique_chucks/24/0xca3d09be2b8daa0579d8872c647d8cf693da7fda.sol#419) is not in mixedCase
Variable 'Wallet.m_txs' (/unique_chucks/24/0xca3d09be2b8daa0579d8872c647d8cf693da7fda.sol) is not in mixedCase
Reference: https://github.com/trailofbits/slither/wiki/Detectors-Documentation#conformance-to-solidity-naming-conventions[0m
INFO:Slither:/unique_chucks/24/0xca3d09be2b8daa0579d8872c647d8cf693da7fda.sol analyzed (5 contracts), 46 result(s) found