INFO:Slither:Compilation warnings/errors on /unique_chucks/1/0x6400b5522f8d448c0803e6245436dd1c81df09ce.sol:
/unique_chucks/1/0x6400b5522f8d448c0803e6245436dd1c81df09ce.sol:360:5: Warning: No visibility specified. Defaulting to "public". 
    function() payable {}
    ^-------------------^

INFO:Detectors:[92m
CvnToken.balanceOf.owner (local variable @ /unique_chucks/1/0x6400b5522f8d448c0803e6245436dd1c81df09ce.sol#254) shadows:
	- Ownable.owner (function @ /unique_chucks/1/0x6400b5522f8d448c0803e6245436dd1c81df09ce.sol#117-120)
CvnToken.allowance.owner (local variable @ /unique_chucks/1/0x6400b5522f8d448c0803e6245436dd1c81df09ce.sol#264-265) shadows:
	- Ownable.owner (function @ /unique_chucks/1/0x6400b5522f8d448c0803e6245436dd1c81df09ce.sol#117-120)
Reference: https://github.com/trailofbits/slither/wiki/Detectors-Documentation#local-variable-shadowing[0m
INFO:Detectors:[92m
CvnToken.decimals should be constant (/unique_chucks/1/0x6400b5522f8d448c0803e6245436dd1c81df09ce.sol#236-238)
CvnToken.name should be constant (/unique_chucks/1/0x6400b5522f8d448c0803e6245436dd1c81df09ce.sol#232-233)
CvnToken.symbol should be constant (/unique_chucks/1/0x6400b5522f8d448c0803e6245436dd1c81df09ce.sol#235-236)
Reference: https://github.com/trailofbits/slither/wiki/Detectors-Documentation#state-variables-that-could-be-declared-constant[0m
INFO:Detectors:[92m
Ownable.owner (/unique_chucks/1/0x6400b5522f8d448c0803e6245436dd1c81df09ce.sol#117-120) should be declared external
Ownable.renounceOwnership (/unique_chucks/1/0x6400b5522f8d448c0803e6245436dd1c81df09ce.sol#140-144) should be declared external
Ownable.transferOwnership (/unique_chucks/1/0x6400b5522f8d448c0803e6245436dd1c81df09ce.sol#151-154) should be declared external
Pausable.pause (/unique_chucks/1/0x6400b5522f8d448c0803e6245436dd1c81df09ce.sol#200-208) should be declared external
Pausable.unpause (/unique_chucks/1/0x6400b5522f8d448c0803e6245436dd1c81df09ce.sol#211-212) should be declared external
CvnToken.totalSupply (/unique_chucks/1/0x6400b5522f8d448c0803e6245436dd1c81df09ce.sol#245-247) should be declared external
ICvnToken.totalSupply (/unique_chucks/1/0x6400b5522f8d448c0803e6245436dd1c81df09ce.sol#8-10) should be declared external
ICvnToken.balanceOf (/unique_chucks/1/0x6400b5522f8d448c0803e6245436dd1c81df09ce.sol#10-12) should be declared external
CvnToken.balanceOf (/unique_chucks/1/0x6400b5522f8d448c0803e6245436dd1c81df09ce.sol#253-255) should be declared external
CvnToken.allowance (/unique_chucks/1/0x6400b5522f8d448c0803e6245436dd1c81df09ce.sol#264-267) should be declared external
ICvnToken.allowance (/unique_chucks/1/0x6400b5522f8d448c0803e6245436dd1c81df09ce.sol#12-14) should be declared external
CvnToken.transfer (/unique_chucks/1/0x6400b5522f8d448c0803e6245436dd1c81df09ce.sol#273-274) should be declared external
ICvnToken.transfer (/unique_chucks/1/0x6400b5522f8d448c0803e6245436dd1c81df09ce.sol#14-16) should be declared external
ICvnToken.approve (/unique_chucks/1/0x6400b5522f8d448c0803e6245436dd1c81df09ce.sol#16-18) should be declared external
CvnToken.approve (/unique_chucks/1/0x6400b5522f8d448c0803e6245436dd1c81df09ce.sol#289-292) should be declared external
ICvnToken.transferFrom (/unique_chucks/1/0x6400b5522f8d448c0803e6245436dd1c81df09ce.sol#18-20) should be declared external
CvnToken.transferFrom (/unique_chucks/1/0x6400b5522f8d448c0803e6245436dd1c81df09ce.sol#300-308) should be declared external
CvnToken.increaseAllowance (/unique_chucks/1/0x6400b5522f8d448c0803e6245436dd1c81df09ce.sol#318-326) should be declared external
CvnToken.decreaseAllowance (/unique_chucks/1/0x6400b5522f8d448c0803e6245436dd1c81df09ce.sol#336-348) should be declared external
CvnToken.withdrawEther (/unique_chucks/1/0x6400b5522f8d448c0803e6245436dd1c81df09ce.sol) should be declared external
CvnToken.fallback (/unique_chucks/1/0x6400b5522f8d448c0803e6245436dd1c81df09ce.sol) should be declared external
Reference: https://github.com/trailofbits/slither/wiki/Detectors-Documentation#public-function-that-could-be-declared-as-external[0m
INFO:Detectors:[92m
Function 'Ownable._transferOwnership' (/unique_chucks/1/0x6400b5522f8d448c0803e6245436dd1c81df09ce.sol#157-167) is not in mixedCase
Variable 'Ownable._owner' (/unique_chucks/1/0x6400b5522f8d448c0803e6245436dd1c81df09ce.sol#98-100) is not in mixedCase
Function 'CvnToken._transfer' (/unique_chucks/1/0x6400b5522f8d448c0803e6245436dd1c81df09ce.sol#355-361) is not in mixedCase
Reference: https://github.com/trailofbits/slither/wiki/Detectors-Documentation#conformance-to-solidity-naming-conventions[0m
INFO:Slither:/unique_chucks/1/0x6400b5522f8d448c0803e6245436dd1c81df09ce.sol analyzed (5 contracts), 27 result(s) found