2019-07-26 09:39:37,579: [12] m.main:INFO: Registered plugins: DetectReentrancyAdvanced, DetectEnvInstruction, DetectDelegatecall, DetectUninitializedStorage, DetectIntegerOverflow, DetectUnusedRetVal, DetectExternalCallAndLeak, DetectUninitializedMemory, DetectSuicidal, DetectReentrancySimple, DetectInvalid
2019-07-26 09:39:37,579: [12] m.main:INFO: Beginning analysis
2019-07-26 09:39:37,600: [12] m.e.manticore:INFO: Starting symbolic create contract
2019-07-26 09:39:38,750: [12] m.e.manticore:INFO: Starting symbolic transaction: 0
2019-07-26 09:39:39,551: [12] m.e.manticore:INFO: 0 alive states, 2 terminated states
2019-07-26 09:39:39,704: [12] m.e.manticore:INFO: Starting symbolic transaction: 1
2019-07-26 09:39:39,834: [583] m.c.manticore:INFO: Generated testcase No. 0 - RETURN(1 txs)
2019-07-26 09:39:39,847: [582] m.c.manticore:INFO: Generated testcase No. 1 - REVERT(2 txs)
2019-07-26 09:39:41,048: [12] m.c.manticore:INFO: Results in /mcore_ro5vluu5
2019-07-26 09:39:41,946: [897] m.main:INFO: Registered plugins: DetectReentrancySimple, DetectInvalid, DetectUnusedRetVal, DetectUninitializedStorage, DetectExternalCallAndLeak, DetectSuicidal, DetectEnvInstruction, DetectIntegerOverflow, DetectUninitializedMemory, DetectReentrancyAdvanced, DetectDelegatecall
2019-07-26 09:39:41,946: [897] m.main:INFO: Beginning analysis
2019-07-26 09:39:41,981: [897] m.e.manticore:INFO: Starting symbolic create contract
2019-07-26 09:39:42,227: [941] m.c.manticore:INFO: Generated testcase No. 0 - NO STATE RESULT (?)(0 txs)
2019-07-26 09:39:42,610: [897] m.c.manticore:INFO: Results in /mcore_xe41dlfa
2019-07-26 09:39:43,299: [1200] m.main:INFO: Registered plugins: DetectUnusedRetVal, DetectReentrancySimple, DetectInvalid, DetectSuicidal, DetectReentrancyAdvanced, DetectUninitializedStorage, DetectDelegatecall, DetectEnvInstruction, DetectIntegerOverflow, DetectUninitializedMemory, DetectExternalCallAndLeak
2019-07-26 09:39:43,300: [1200] m.main:INFO: Beginning analysis
2019-07-26 09:39:43,314: [1200] m.e.manticore:INFO: Starting symbolic create contract
2019-07-26 09:39:43,557: [1244] m.c.manticore:INFO: Generated testcase No. 0 - NO STATE RESULT (?)(0 txs)
2019-07-26 09:39:43,942: [1200] m.c.manticore:INFO: Results in /mcore_tw4z99tg
2019-07-26 09:39:44,710: [1504] m.main:INFO: Registered plugins: DetectUninitializedStorage, DetectInvalid, DetectDelegatecall, DetectUnusedRetVal, DetectEnvInstruction, DetectUninitializedMemory, DetectIntegerOverflow, DetectExternalCallAndLeak, DetectReentrancySimple, DetectSuicidal, DetectReentrancyAdvanced
2019-07-26 09:39:44,710: [1504] m.main:INFO: Beginning analysis
2019-07-26 09:39:44,726: [1504] m.e.manticore:INFO: Starting symbolic create contract
2019-07-26 09:39:45,009: [1548] m.c.manticore:INFO: Generated testcase No. 0 - NO STATE RESULT (?)(0 txs)
2019-07-26 09:39:45,427: [1504] m.c.manticore:INFO: Results in /mcore_yb7pk3te
2019-07-26 09:39:46,127: [1807] m.main:INFO: Registered plugins: DetectReentrancySimple, DetectInvalid, DetectUnusedRetVal, DetectUninitializedStorage, DetectIntegerOverflow, DetectSuicidal, DetectExternalCallAndLeak, DetectEnvInstruction, DetectUninitializedMemory, DetectReentrancyAdvanced, DetectDelegatecall
2019-07-26 09:39:46,127: [1807] m.main:INFO: Beginning analysis
2019-07-26 09:39:46,138: [1807] m.e.manticore:INFO: Starting symbolic create contract
2019-07-26 09:40:02,186: [1807] m.e.manticore:INFO: Starting symbolic transaction: 0
2019-07-26 09:47:29,168: [1807] m.e.manticore:INFO: 15 alive states, 40 terminated states
2019-07-26 09:47:38,414: [1807] m.e.manticore:INFO: Starting symbolic transaction: 1
2019-07-26 10:01:41,772: [10869] m.e.detectors:WARNING: Potentially reading uninitialized storage