INFO:Slither:Compilation warnings/errors on /unique_chucks/4/0x5fb6a842ea587fa8d0486589742ce68ef24834a4.sol:
/unique_chucks/4/0x5fb6a842ea587fa8d0486589742ce68ef24834a4.sol:38:5: Warning: Defining constructors as functions with the same name as the contract is deprecated. Use "constructor(...) { ... }" instead.
    function TokenERC20(
    ^ (Relevant source part starts here and spans across multiple lines).
/unique_chucks/4/0x5fb6a842ea587fa8d0486589742ce68ef24834a4.sol:3:28: Warning: Functions in interfaces should be declared external.
interface tokenRecipient { function receiveApproval(address _from, uint256 _value, address _token, bytes _extraData) public; }
                           ^-----------------------------------------------------------------------------------------------^
/unique_chucks/4/0x5fb6a842ea587fa8d0486589742ce68ef24834a4.sol:67:9: Warning: Invoking events without "emit" prefix is deprecated.
        Transfer(_from, _to, _value);
        ^--------------------------^
/unique_chucks/4/0x5fb6a842ea587fa8d0486589742ce68ef24834a4.sol:144:9: Warning: Invoking events without "emit" prefix is deprecated.
        Burn(msg.sender, _value);
        ^----------------------^
/unique_chucks/4/0x5fb6a842ea587fa8d0486589742ce68ef24834a4.sol:162:9: Warning: Invoking events without "emit" prefix is deprecated.
        Burn(_from, _value);
        ^-----------------^
/unique_chucks/4/0x5fb6a842ea587fa8d0486589742ce68ef24834a4.sol:169:27: Warning: This function only accepts a single "bytes" argument. Please use "abi.encodePacked(...)" or a similar function to encode the data.
        bytes8 n = bytes8(keccak256(nonce, currentChallenge));    // Generate a random hash based on input
                          ^--------------------------------^
/unique_chucks/4/0x5fb6a842ea587fa8d0486589742ce68ef24834a4.sol:197:28: Warning: This function only accepts a single "bytes" argument. Please use "abi.encodePacked(...)" or a similar function to encode the data.
        currentChallenge = keccak256(nonce, currentChallenge, block.blockhash(block.number - 1));  // Save a hash that will be used as the next proof
                           ^-------------------------------------------------------------------^
/unique_chucks/4/0x5fb6a842ea587fa8d0486589742ce68ef24834a4.sol:197:63: Warning: "block.blockhash()" has been deprecated in favor of "blockhash()"
        currentChallenge = keccak256(nonce, currentChallenge, block.blockhash(block.number - 1));  // Save a hash that will be used as the next proof
                                                              ^-------------^

INFO:Detectors:[93m
TokenERC20 (/unique_chucks/4/0x5fb6a842ea587fa8d0486589742ce68ef24834a4.sol#5-199) has incorrect ERC20 function interface(s):
	-transfer (/unique_chucks/4/0x5fb6a842ea587fa8d0486589742ce68ef24834a4.sol#81-87)
Reference: https://github.com/trailofbits/slither/wiki/Detectors-Documentation#incorrect-erc20-interface[0m
INFO:Detectors:[93m
TokenERC20._transfer (/unique_chucks/4/0x5fb6a842ea587fa8d0486589742ce68ef24834a4.sol#54-75) uses a dangerous strict equality:
	- assert(bool)(balanceOf[_from] + balanceOf[_to] == previousBalances)
Reference: https://github.com/trailofbits/slither/wiki/Detectors-Documentation#dangerous-strict-equalities[0m
INFO:Detectors:[92m
TokenERC20.decimals should be constant (/unique_chucks/4/0x5fb6a842ea587fa8d0486589742ce68ef24834a4.sol#9-10)
Reference: https://github.com/trailofbits/slither/wiki/Detectors-Documentation#state-variables-that-could-be-declared-constant[0m
INFO:Detectors:[92m
Deprecated standard detected @ /unique_chucks/4/0x5fb6a842ea587fa8d0486589742ce68ef24834a4.sol:
	- Usage of "block.blockhash()" should be replaced with "blockhash()"
Reference: https://github.com/trailofbits/slither/wiki/Detectors-Documentation#deprecated-standards[0m
INFO:Detectors:[92m
tokenRecipient.receiveApproval (/unique_chucks/4/0x5fb6a842ea587fa8d0486589742ce68ef24834a4.sol#3) should be declared external
TokenERC20.transfer (/unique_chucks/4/0x5fb6a842ea587fa8d0486589742ce68ef24834a4.sol#81-87) should be declared external
TokenERC20.transferFrom (/unique_chucks/4/0x5fb6a842ea587fa8d0486589742ce68ef24834a4.sol#93-103) should be declared external
TokenERC20.approveAndCall (/unique_chucks/4/0x5fb6a842ea587fa8d0486589742ce68ef24834a4.sol#125-138) should be declared external
TokenERC20.burn (/unique_chucks/4/0x5fb6a842ea587fa8d0486589742ce68ef24834a4.sol#141-152) should be declared external
TokenERC20.burnFrom (/unique_chucks/4/0x5fb6a842ea587fa8d0486589742ce68ef24834a4.sol#157-170) should be declared external
TokenERC20.proofOfWork (/unique_chucks/4/0x5fb6a842ea587fa8d0486589742ce68ef24834a4.sol#170-199) should be declared external
Reference: https://github.com/trailofbits/slither/wiki/Detectors-Documentation#public-function-that-could-be-declared-as-external[0m
INFO:Detectors:[92m
Detected issues with version pragma in /unique_chucks/4/0x5fb6a842ea587fa8d0486589742ce68ef24834a4.sol:
	- pragma solidity^0.4.16 (/unique_chucks/4/0x5fb6a842ea587fa8d0486589742ce68ef24834a4.sol#1): it allows old versions
Reference: https://github.com/trailofbits/slither/wiki/Detectors-Documentation#incorrect-version-of-solidity[0m
INFO:Detectors:[92m
Contract 'tokenRecipient' (/unique_chucks/4/0x5fb6a842ea587fa8d0486589742ce68ef24834a4.sol#3-5) is not in CapWords
Function 'TokenERC20.TokenERC20' (/unique_chucks/4/0x5fb6a842ea587fa8d0486589742ce68ef24834a4.sol#39-52) is not in mixedCase
Function 'TokenERC20._transfer' (/unique_chucks/4/0x5fb6a842ea587fa8d0486589742ce68ef24834a4.sol#54-75) is not in mixedCase
Parameter '_from' of TokenERC20._transfer (/unique_chucks/4/0x5fb6a842ea587fa8d0486589742ce68ef24834a4.sol#55) is not in mixedCase
Parameter '_to' of TokenERC20._transfer (/unique_chucks/4/0x5fb6a842ea587fa8d0486589742ce68ef24834a4.sol#55) is not in mixedCase
Parameter '_value' of TokenERC20._transfer (/unique_chucks/4/0x5fb6a842ea587fa8d0486589742ce68ef24834a4.sol#55) is not in mixedCase
Parameter '_to' of TokenERC20.transfer (/unique_chucks/4/0x5fb6a842ea587fa8d0486589742ce68ef24834a4.sol#81-84) is not in mixedCase
Parameter '_value' of TokenERC20.transfer (/unique_chucks/4/0x5fb6a842ea587fa8d0486589742ce68ef24834a4.sol#84-85) is not in mixedCase
Parameter '_from' of TokenERC20.transferFrom (/unique_chucks/4/0x5fb6a842ea587fa8d0486589742ce68ef24834a4.sol#94) is not in mixedCase
Parameter '_to' of TokenERC20.transferFrom (/unique_chucks/4/0x5fb6a842ea587fa8d0486589742ce68ef24834a4.sol#94) is not in mixedCase
Parameter '_value' of TokenERC20.transferFrom (/unique_chucks/4/0x5fb6a842ea587fa8d0486589742ce68ef24834a4.sol#94) is not in mixedCase
Parameter '_spender' of TokenERC20.approve (/unique_chucks/4/0x5fb6a842ea587fa8d0486589742ce68ef24834a4.sol#110) is not in mixedCase
Parameter '_value' of TokenERC20.approve (/unique_chucks/4/0x5fb6a842ea587fa8d0486589742ce68ef24834a4.sol#111) is not in mixedCase
Parameter '_spender' of TokenERC20.approveAndCall (/unique_chucks/4/0x5fb6a842ea587fa8d0486589742ce68ef24834a4.sol#126) is not in mixedCase
Parameter '_value' of TokenERC20.approveAndCall (/unique_chucks/4/0x5fb6a842ea587fa8d0486589742ce68ef24834a4.sol#126) is not in mixedCase
Parameter '_extraData' of TokenERC20.approveAndCall (/unique_chucks/4/0x5fb6a842ea587fa8d0486589742ce68ef24834a4.sol#126-127) is not in mixedCase
Parameter '_value' of TokenERC20.burn (/unique_chucks/4/0x5fb6a842ea587fa8d0486589742ce68ef24834a4.sol#142) is not in mixedCase
Parameter '_from' of TokenERC20.burnFrom (/unique_chucks/4/0x5fb6a842ea587fa8d0486589742ce68ef24834a4.sol#157-158) is not in mixedCase
Parameter '_value' of TokenERC20.burnFrom (/unique_chucks/4/0x5fb6a842ea587fa8d0486589742ce68ef24834a4.sol#158) is not in mixedCase
Constant 'TokenERC20.amounttomine' (/unique_chucks/4/0x5fb6a842ea587fa8d0486589742ce68ef24834a4.sol#17-18) is not in UPPER_CASE_WITH_UNDERSCORES
Reference: https://github.com/trailofbits/slither/wiki/Detectors-Documentation#conformance-to-solidity-naming-conventions[0m
INFO:Slither:/unique_chucks/4/0x5fb6a842ea587fa8d0486589742ce68ef24834a4.sol analyzed (2 contracts), 32 result(s) found