/unique_chucks/32/0xb42f5366792ed7c08995451c1a93780b7554762b.sol
jar:file:/usr/local/lib/node_modules/@smartdec/smartcheck/jdeploy-bundle/smartcheck-2.0-jar-with-dependencies.jar!/solidity-rules.xmlruleId: SOLIDITY_DEPRECATED_CONSTRUCTIONS
patternId: 28fa69
severity: 1
line: 384
column: 1
content: functiongetTotalSupply()publicconstantreturns(uint256){returntotalSupply;}

ruleId: SOLIDITY_DEPRECATED_CONSTRUCTIONS
patternId: 28fa69
severity: 1
line: 393
column: 1
content: functiongetBalanceOf(addressaccount)publicconstantreturns(uint256){returnbalanceOf[account];}

ruleId: SOLIDITY_ERC20_APPROVE
patternId: af782c
severity: 2
line: 133
column: 1
content: functionapprove(address_spender,uint256_value)publicreturns(boolsuccess){allowance[msg.sender][_spender]=_value;emitApproval(msg.sender,_spender,_value);returntrue;}

ruleId: SOLIDITY_ERC20_APPROVE
patternId: af782c
severity: 2
line: 434
column: 1
content: functionapprove(address_spender,uint256_value)publiccontractIsActivereturns(boolsuccess){allowance[msg.sender][_spender]=_value;emitApproval(msg.sender,_spender,_value);returntrue;}

ruleId: SOLIDITY_PRAGMAS_VERSION
patternId: 23fc32
severity: 1
line: 1
column: 16
content: ^

ruleId: SOLIDITY_SAFEMATH
patternId: 837cac
severity: 1
line: 304
column: 1
content: usingSafeMathforuint256;

ruleId: SOLIDITY_UPGRADE_TO_050
patternId: 341gim
severity: 1
line: 66
column: 2
content: stringtokenName

ruleId: SOLIDITY_UPGRADE_TO_050
patternId: 341gim
severity: 1
line: 67
column: 2
content: stringtokenSymbol

ruleId: SOLIDITY_UPGRADE_TO_050
patternId: 341gim
severity: 1
line: 148
column: 59
content: bytes_extraData

ruleId: SOLIDITY_UPGRADE_TO_050
patternId: 341gim
severity: 1
line: 242
column: 2
content: stringtokenName

ruleId: SOLIDITY_UPGRADE_TO_050
patternId: 341gim
severity: 1
line: 243
column: 2
content: stringtokenSymbol

ruleId: SOLIDITY_UPGRADE_TO_050
patternId: 341gim
severity: 1
line: 343
column: 2
content: stringtokenName

ruleId: SOLIDITY_UPGRADE_TO_050
patternId: 341gim
severity: 1
line: 344
column: 2
content: stringtokenSymbol

ruleId: SOLIDITY_UPGRADE_TO_050
patternId: 341gim
severity: 1
line: 449
column: 59
content: bytes_extraData

SOLIDITY_SAFEMATH :1
SOLIDITY_DEPRECATED_CONSTRUCTIONS :2
SOLIDITY_PRAGMAS_VERSION :1
SOLIDITY_UPGRADE_TO_050 :8
SOLIDITY_ERC20_APPROVE :2