/unique_contracts/0x338614bb06e4857d140b5f241349cff0a6128679.sol
jar:file:/usr/local/lib/node_modules/@smartdec/smartcheck/jdeploy-bundle/smartcheck-2.0-jar-with-dependencies.jar!/solidity-rules.xmlruleId: SOLIDITY_ADDRESS_HARDCODED
patternId: adc165
severity: 1
line: 495
column: 30
content: 0xD1CD0b21AE458D39992eFb110ff74DD839f91162

ruleId: SOLIDITY_ADDRESS_HARDCODED
patternId: adc165
severity: 1
line: 496
column: 21
content: 0xD1CD0b21AE458D39992eFb110ff74DD839f91162

ruleId: SOLIDITY_ADDRESS_HARDCODED
patternId: adc165
severity: 1
line: 501
column: 25
content: 0xD1CD0b21AE458D39992eFb110ff74DD839f91162

ruleId: SOLIDITY_ADDRESS_HARDCODED
patternId: adc165
severity: 1
line: 1238
column: 26
content: 0xD1CD0b21AE458D39992eFb110ff74DD839f91162

ruleId: SOLIDITY_ADDRESS_HARDCODED
patternId: adc165
severity: 1
line: 1239
column: 17
content: 0xD1CD0b21AE458D39992eFb110ff74DD839f91162

ruleId: SOLIDITY_ADDRESS_HARDCODED
patternId: adc165
severity: 1
line: 1255
column: 19
content: 0xD1CD0b21AE458D39992eFb110ff74DD839f91162

ruleId: SOLIDITY_ADDRESS_HARDCODED
patternId: adc165
severity: 1
line: 1256
column: 25
content: 0xD1CD0b21AE458D39992eFb110ff74DD839f91162

ruleId: SOLIDITY_ADDRESS_HARDCODED
patternId: a91b18
severity: 1
line: 390
column: 11
content: _affCode=address(0)

ruleId: SOLIDITY_DIV_MUL
patternId: 09hhh1
severity: 2
line: 617
column: 19
content: ((round_[_rID].mask).add(((((round_[_rID].pot).mul(potSplit_[round_[_rID].team].gen))/100).mul(1000000000000000000))/(round_[_rID].keys))).mul(plyrRnds_[_pID][_rID].keys)

ruleId: SOLIDITY_DIV_MUL
patternId: 09hhh1
severity: 2
line: 617
column: 45
content: (((round_[_rID].pot).mul(potSplit_[round_[_rID].team].gen))/100).mul(1000000000000000000)

ruleId: SOLIDITY_DIV_MUL
patternId: 09hhh1
severity: 2
line: 1070
column: 24
content: ((_keys)/(1000000000000000000)).mul(rndInc_)

ruleId: SOLIDITY_DIV_MUL
patternId: 09hhh1
severity: 2
line: 1072
column: 24
content: ((_keys)/(1000000000000000000)).mul(rndInc_)

ruleId: SOLIDITY_GAS_LIMIT_IN_LOOPS
patternId: 17f23a
severity: 1
line: 1495
column: 15
content: z<y

ruleId: SOLIDITY_PRAGMAS_VERSION
patternId: 23fc32
severity: 1
line: 1
column: 16
content: ^

ruleId: SOLIDITY_PRIVATE_MODIFIER_DONT_HIDE_DATA
patternId: 5616b2
severity: 1
line: 134
column: 9
content: private

ruleId: SOLIDITY_PRIVATE_MODIFIER_DONT_HIDE_DATA
patternId: 5616b2
severity: 1
line: 135
column: 21
content: private

ruleId: SOLIDITY_PRIVATE_MODIFIER_DONT_HIDE_DATA
patternId: 5616b2
severity: 1
line: 136
column: 21
content: private

ruleId: SOLIDITY_PRIVATE_MODIFIER_DONT_HIDE_DATA
patternId: 5616b2
severity: 1
line: 137
column: 21
content: private

ruleId: SOLIDITY_SAFEMATH
patternId: 837cac
severity: 1
line: 125
column: 4
content: usingSafeMathfor*;

ruleId: SOLIDITY_SAFEMATH
patternId: 837cac
severity: 1
line: 1340
column: 4
content: usingSafeMathfor*;

ruleId: SOLIDITY_UPGRADE_TO_050
patternId: 91h3sa
severity: 1
line: 230
column: 8
content: public

SOLIDITY_SAFEMATH :2
SOLIDITY_PRAGMAS_VERSION :1
SOLIDITY_PRIVATE_MODIFIER_DONT_HIDE_DATA :4
SOLIDITY_ADDRESS_HARDCODED :8
SOLIDITY_UPGRADE_TO_050 :1
SOLIDITY_GAS_LIMIT_IN_LOOPS :1
SOLIDITY_DIV_MUL :4