INFO:Slither:Compilation warnings/errors on /unique_chucks/32/0xd899b525844aceaf5908c044729d40298fdb89ff.sol:
/unique_chucks/32/0xd899b525844aceaf5908c044729d40298fdb89ff.sol:73:3: Warning: Defining constructors as functions with the same name as the contract is deprecated. Use "constructor(...) { ... }" instead.
  function Owned()
  ^ (Relevant source part starts here and spans across multiple lines).
/unique_chucks/32/0xd899b525844aceaf5908c044729d40298fdb89ff.sol:109:3: Warning: Defining constructors as functions with the same name as the contract is deprecated. Use "constructor(...) { ... }" instead.
  function ELOT()
  ^ (Relevant source part starts here and spans across multiple lines).
/unique_chucks/32/0xd899b525844aceaf5908c044729d40298fdb89ff.sol:242:5: Warning: Defining constructors as functions with the same name as the contract is deprecated. Use "constructor(...) { ... }" instead.
    function LOTTERY() payable public{
    ^ (Relevant source part starts here and spans across multiple lines).
/unique_chucks/32/0xd899b525844aceaf5908c044729d40298fdb89ff.sol:436:41: Warning: This function only accepts a single "bytes" argument. Please use "abi.encodePacked(...)" or a similar function to encode the data.
        uint winnumber1= uint8((uint256(keccak256(block.timestamp, block.difficulty))+randomnumber1)%10);
                                        ^------------------------------------------^
/unique_chucks/32/0xd899b525844aceaf5908c044729d40298fdb89ff.sol:437:41: Warning: This function only accepts a single "bytes" argument. Please use "abi.encodePacked(...)" or a similar function to encode the data.
        uint winnumber2= uint8((uint256(keccak256(block.timestamp, block.difficulty))+randomnumber2)%10);
                                        ^------------------------------------------^
/unique_chucks/32/0xd899b525844aceaf5908c044729d40298fdb89ff.sol:438:41: Warning: This function only accepts a single "bytes" argument. Please use "abi.encodePacked(...)" or a similar function to encode the data.
        uint winnumber3= uint8((uint256(keccak256(block.timestamp, block.difficulty))+randomnumber3)%10);
                                        ^------------------------------------------^
/unique_chucks/32/0xd899b525844aceaf5908c044729d40298fdb89ff.sol:439:41: Warning: This function only accepts a single "bytes" argument. Please use "abi.encodePacked(...)" or a similar function to encode the data.
        uint winnumber4= uint8((uint256(keccak256(block.timestamp, block.difficulty))+randomnumber4)%10);
                                        ^------------------------------------------^
/unique_chucks/32/0xd899b525844aceaf5908c044729d40298fdb89ff.sol:440:41: Warning: This function only accepts a single "bytes" argument. Please use "abi.encodePacked(...)" or a similar function to encode the data.
        uint winnumber5= uint8((uint256(keccak256(block.timestamp, block.difficulty))+randomnumber5)%10);
                                        ^------------------------------------------^

INFO:Detectors:[93m
Contract locking ether found in /unique_chucks/32/0xd899b525844aceaf5908c044729d40298fdb89ff.sol:
	Contract ELOT has payable functions:
	 - fallback (/unique_chucks/32/0xd899b525844aceaf5908c044729d40298fdb89ff.sol#206-210)
	But does not have a function to withdraw the ether
Contract locking ether found in /unique_chucks/32/0xd899b525844aceaf5908c044729d40298fdb89ff.sol:
	Contract LOTTERY has payable functions:
	 - LOTTERY (/unique_chucks/32/0xd899b525844aceaf5908c044729d40298fdb89ff.sol#246-251)
	 - retrieve (/unique_chucks/32/0xd899b525844aceaf5908c044729d40298fdb89ff.sol#257-359)
	 - approveAndDo (/unique_chucks/32/0xd899b525844aceaf5908c044729d40298fdb89ff.sol#360-413)
	But does not have a function to withdraw the ether
Reference: https://github.com/trailofbits/slither/wiki/Detectors-Documentation#contracts-that-lock-ether[0m
INFO:Detectors:[93m
Reentrancy in LOTTERY.retrieve (/unique_chucks/32/0xd899b525844aceaf5908c044729d40298fdb89ff.sol#257-359):
	External calls:
	- ERC20Interface(_tokenAddress).transfer(Notes[_id].client,Notes[_id].tokens * 6) (/unique_chucks/32/0xd899b525844aceaf5908c044729d40298fdb89ff.sol#282-284)
	State variables written after the call(s):
	- Notes (/unique_chucks/32/0xd899b525844aceaf5908c044729d40298fdb89ff.sol#283-284)
Reentrancy in LOTTERY.retrieve (/unique_chucks/32/0xd899b525844aceaf5908c044729d40298fdb89ff.sol#257-359):
	External calls:
	- ERC20Interface(_tokenAddress).transfer(Notes[_id].client,Notes[_id].tokens * 60) (/unique_chucks/32/0xd899b525844aceaf5908c044729d40298fdb89ff.sol#296-298)
	State variables written after the call(s):
	- Notes (/unique_chucks/32/0xd899b525844aceaf5908c044729d40298fdb89ff.sol#298)
Reentrancy in LOTTERY.retrieve (/unique_chucks/32/0xd899b525844aceaf5908c044729d40298fdb89ff.sol#257-359):
	External calls:
	- ERC20Interface(_tokenAddress).transfer(Notes[_id].client,Notes[_id].tokens * 600) (/unique_chucks/32/0xd899b525844aceaf5908c044729d40298fdb89ff.sol#312-315)
	State variables written after the call(s):
	- Notes (/unique_chucks/32/0xd899b525844aceaf5908c044729d40298fdb89ff.sol#314)
Reentrancy in LOTTERY.retrieve (/unique_chucks/32/0xd899b525844aceaf5908c044729d40298fdb89ff.sol#257-359):
	External calls:
	- ERC20Interface(_tokenAddress).transfer(Notes[_id].client,Notes[_id].tokens * 6000) (/unique_chucks/32/0xd899b525844aceaf5908c044729d40298fdb89ff.sol#329-332)
	State variables written after the call(s):
	- Notes (/unique_chucks/32/0xd899b525844aceaf5908c044729d40298fdb89ff.sol#331)
Reentrancy in LOTTERY.retrieve (/unique_chucks/32/0xd899b525844aceaf5908c044729d40298fdb89ff.sol#257-359):
	External calls:
	- ERC20Interface(_tokenAddress).transfer(Notes[_id].client,Notes[_id].tokens * 60000) (/unique_chucks/32/0xd899b525844aceaf5908c044729d40298fdb89ff.sol#351-357)
	State variables written after the call(s):
	- Notes (/unique_chucks/32/0xd899b525844aceaf5908c044729d40298fdb89ff.sol#355)
Reference: https://github.com/trailofbits/slither/wiki/Detectors-Documentation#reentrancy-vulnerabilities-1[0m
INFO:Detectors:[92m
Reentrancy in LOTTERY.approveAndDo (/unique_chucks/32/0xd899b525844aceaf5908c044729d40298fdb89ff.sol#360-413):
	External calls:
	- ERC20Interface(token).transferFrom(from,this,tokens) (/unique_chucks/32/0xd899b525844aceaf5908c044729d40298fdb89ff.sol#371-410)
	State variables written after the call(s):
	- GuestBetList (/unique_chucks/32/0xd899b525844aceaf5908c044729d40298fdb89ff.sol#406-407)
	- Notes (/unique_chucks/32/0xd899b525844aceaf5908c044729d40298fdb89ff.sol#388-406)
	- randomnumber1 (/unique_chucks/32/0xd899b525844aceaf5908c044729d40298fdb89ff.sol#381-382)
	- randomnumber2 (/unique_chucks/32/0xd899b525844aceaf5908c044729d40298fdb89ff.sol#383)
	- randomnumber3 (/unique_chucks/32/0xd899b525844aceaf5908c044729d40298fdb89ff.sol#384-385)
	- randomnumber4 (/unique_chucks/32/0xd899b525844aceaf5908c044729d40298fdb89ff.sol#385-386)
	- randomnumber5 (/unique_chucks/32/0xd899b525844aceaf5908c044729d40298fdb89ff.sol#386-387)
Reference: https://github.com/trailofbits/slither/wiki/Detectors-Documentation#reentrancy-vulnerabilities-2[0m
INFO:Detectors:[92m
ELOT.totalSupply (/unique_chucks/32/0xd899b525844aceaf5908c044729d40298fdb89ff.sol#126-133) should be declared external
ERC20Interface.totalSupply (/unique_chucks/32/0xd899b525844aceaf5908c044729d40298fdb89ff.sol#49-50) should be declared external
ELOT.balanceOf (/unique_chucks/32/0xd899b525844aceaf5908c044729d40298fdb89ff.sol#134-141) should be declared external
ERC20Interface.balanceOf (/unique_chucks/32/0xd899b525844aceaf5908c044729d40298fdb89ff.sol#50-51) should be declared external
ERC20Interface.allowance (/unique_chucks/32/0xd899b525844aceaf5908c044729d40298fdb89ff.sol#51-52) should be declared external
ELOT.allowance (/unique_chucks/32/0xd899b525844aceaf5908c044729d40298fdb89ff.sol#178-180) should be declared external
ERC20Interface.transfer (/unique_chucks/32/0xd899b525844aceaf5908c044729d40298fdb89ff.sol#52-53) should be declared external
ELOT.transfer (/unique_chucks/32/0xd899b525844aceaf5908c044729d40298fdb89ff.sol#141-153) should be declared external
ELOT.approve (/unique_chucks/32/0xd899b525844aceaf5908c044729d40298fdb89ff.sol#153-161) should be declared external
ERC20Interface.approve (/unique_chucks/32/0xd899b525844aceaf5908c044729d40298fdb89ff.sol#53-54) should be declared external
ELOT.transferFrom (/unique_chucks/32/0xd899b525844aceaf5908c044729d40298fdb89ff.sol#162-177) should be declared external
ERC20Interface.transferFrom (/unique_chucks/32/0xd899b525844aceaf5908c044729d40298fdb89ff.sol#54-63) should be declared external
Owned.transferOwnership (/unique_chucks/32/0xd899b525844aceaf5908c044729d40298fdb89ff.sol#83-90) should be declared external
Owned.acceptOwnership (/unique_chucks/32/0xd899b525844aceaf5908c044729d40298fdb89ff.sol#90-101) should be declared external
ELOT.approveAndCall (/unique_chucks/32/0xd899b525844aceaf5908c044729d40298fdb89ff.sol#180-187) should be declared external
ELOT.ApproveAndDo (/unique_chucks/32/0xd899b525844aceaf5908c044729d40298fdb89ff.sol#187-206) should be declared external
ELOT.fallback (/unique_chucks/32/0xd899b525844aceaf5908c044729d40298fdb89ff.sol#206-210) should be declared external
ELOT.transferAnyERC20Token (/unique_chucks/32/0xd899b525844aceaf5908c044729d40298fdb89ff.sol#210-212) should be declared external
ApproveAndCallFallBack.approveAndDo (/unique_chucks/32/0xd899b525844aceaf5908c044729d40298fdb89ff.sol#216-221) should be declared external
ApproveAndCallFallBack.receiveApproval (/unique_chucks/32/0xd899b525844aceaf5908c044729d40298fdb89ff.sol#221-223) should be declared external
LOTTERY.retrieve (/unique_chucks/32/0xd899b525844aceaf5908c044729d40298fdb89ff.sol#257-359) should be declared external
LOTTERY.approveAndDo (/unique_chucks/32/0xd899b525844aceaf5908c044729d40298fdb89ff.sol#360-413) should be declared external
LOTTERY.getGuestNotesInfo (/unique_chucks/32/0xd899b525844aceaf5908c044729d40298fdb89ff.sol#413-433) should be declared external
LOTTERY.getGuestNotes (/unique_chucks/32/0xd899b525844aceaf5908c044729d40298fdb89ff.sol#433-437) should be declared external
LOTTERY.getWinNumbers (/unique_chucks/32/0xd899b525844aceaf5908c044729d40298fdb89ff.sol#437-438) should be declared external
LOTTERY.generateWinNumber (/unique_chucks/32/0xd899b525844aceaf5908c044729d40298fdb89ff.sol#438-464) should be declared external
LOTTERY.generateWinNumberTest (/unique_chucks/32/0xd899b525844aceaf5908c044729d40298fdb89ff.sol#464-479) should be declared external
Reference: https://github.com/trailofbits/slither/wiki/Detectors-Documentation#public-function-that-could-be-declared-as-external[0m
INFO:Detectors:[92m
Detected issues with version pragma in /unique_chucks/32/0xd899b525844aceaf5908c044729d40298fdb89ff.sol:
	- pragma solidity^0.4.18 (/unique_chucks/32/0xd899b525844aceaf5908c044729d40298fdb89ff.sol#1): it allows old versions
Reference: https://github.com/trailofbits/slither/wiki/Detectors-Documentation#incorrect-version-of-solidity[0m
INFO:Detectors:[92m
Function 'Owned.Owned' (/unique_chucks/32/0xd899b525844aceaf5908c044729d40298fdb89ff.sol#79-82) is not in mixedCase
Parameter '_newOwner' of Owned.transferOwnership (/unique_chucks/32/0xd899b525844aceaf5908c044729d40298fdb89ff.sol#85-86) is not in mixedCase
Function 'ELOT.ELOT' (/unique_chucks/32/0xd899b525844aceaf5908c044729d40298fdb89ff.sol#115-125) is not in mixedCase
Function 'ELOT.ApproveAndDo' (/unique_chucks/32/0xd899b525844aceaf5908c044729d40298fdb89ff.sol#187-206) is not in mixedCase
Variable 'ELOT._totalSupply' (/unique_chucks/32/0xd899b525844aceaf5908c044729d40298fdb89ff.sol#107-109) is not in mixedCase
Function 'LOTTERY.LOTTERY' (/unique_chucks/32/0xd899b525844aceaf5908c044729d40298fdb89ff.sol#246-251) is not in mixedCase
Parameter '_id' of LOTTERY.retrieve (/unique_chucks/32/0xd899b525844aceaf5908c044729d40298fdb89ff.sol#258) is not in mixedCase
Parameter '_tokenAddress' of LOTTERY.retrieve (/unique_chucks/32/0xd899b525844aceaf5908c044729d40298fdb89ff.sol#259-261) is not in mixedCase
Parameter '_id' of LOTTERY.getGuestNotesInfo (/unique_chucks/32/0xd899b525844aceaf5908c044729d40298fdb89ff.sol#413-414) is not in mixedCase
Parameter '_clientaddress' of LOTTERY.getGuestNotes (/unique_chucks/32/0xd899b525844aceaf5908c044729d40298fdb89ff.sol#435-436) is not in mixedCase
Parameter '_round' of LOTTERY.getWinNumbers (/unique_chucks/32/0xd899b525844aceaf5908c044729d40298fdb89ff.sol#437) is not in mixedCase
Parameter '_a' of LOTTERY.parseInt (/unique_chucks/32/0xd899b525844aceaf5908c044729d40298fdb89ff.sol#489) is not in mixedCase
Parameter '_b' of LOTTERY.parseInt (/unique_chucks/32/0xd899b525844aceaf5908c044729d40298fdb89ff.sol#489) is not in mixedCase
Variable 'LOTTERY.Notes' (/unique_chucks/32/0xd899b525844aceaf5908c044729d40298fdb89ff.sol#233-235) is not in mixedCase
Variable 'LOTTERY.GuestBetList' (/unique_chucks/32/0xd899b525844aceaf5908c044729d40298fdb89ff.sol#237-238) is not in mixedCase
Reference: https://github.com/trailofbits/slither/wiki/Detectors-Documentation#conformance-to-solidity-naming-conventions[0m
INFO:Slither:/unique_chucks/32/0xd899b525844aceaf5908c044729d40298fdb89ff.sol analyzed (6 contracts), 51 result(s) found