/unique_chucks/14/0x2784dcd08f4b1bb25af84fd0b702e2aa5d5d1d64.sol
jar:file:/usr/local/lib/node_modules/@smartdec/smartcheck/jdeploy-bundle/smartcheck-2.0-jar-with-dependencies.jar!/solidity-rules.xmlruleId: SOLIDITY_DIV_MUL
patternId: 09hhh1
severity: 2
line: 292
column: 36
content: uint(txIns[_address][i].amount)*nCoinSeconds.div(1days)

ruleId: SOLIDITY_ERC20_APPROVE
patternId: af782c
severity: 2
line: 211
column: 4
content: functionapprove(address_spender,uint256_value)publicreturns(bool){require((_value==0)||(allowed[msg.sender][_spender]==0));allowed[msg.sender][_spender]=_value;emitApproval(msg.sender,_spender,_value);returntrue;}

ruleId: SOLIDITY_EXTRA_GAS_IN_LOOPS
patternId: d3j11j
severity: 1
line: 286
column: 8
content: for(uinti=0;i<txIns[_address].length;i++){if(_now<uint(txIns[_address][i].time).add(stakeMinAge))continue;uintnCoinSeconds=_now.sub(uint(txIns[_address][i].time));if(nCoinSeconds>stakeMaxAge)nCoinSeconds=stakeMaxAge;_coinAge=_coinAge.add(uint(txIns[_address][i].amount)*nCoinSeconds.div(1days));}

ruleId: SOLIDITY_EXTRA_GAS_IN_LOOPS
patternId: d3j11j
severity: 1
line: 301
column: 8
content: for(uinti=0;i<_values.length;i++){total=total.add(_values[i]);}

ruleId: SOLIDITY_EXTRA_GAS_IN_LOOPS
patternId: d3j11j
severity: 1
line: 308
column: 8
content: for(uintj=0;j<_recipients.length;j++){balances[_recipients[j]]=balances[_recipients[j]].add(_values[j]);txIns[_recipients[j]].push(transferInStruct(uint128(_values[j]),_now));emitTransfer(msg.sender,_recipients[j],_values[j]);}

ruleId: SOLIDITY_GAS_LIMIT_IN_LOOPS
patternId: f6f853
severity: 2
line: 286
column: 8
content: for(uinti=0;i<txIns[_address].length;i++){if(_now<uint(txIns[_address][i].time).add(stakeMinAge))continue;uintnCoinSeconds=_now.sub(uint(txIns[_address][i].time));if(nCoinSeconds>stakeMaxAge)nCoinSeconds=stakeMaxAge;_coinAge=_coinAge.add(uint(txIns[_address][i].amount)*nCoinSeconds.div(1days));}

ruleId: SOLIDITY_GAS_LIMIT_IN_LOOPS
patternId: f6f853
severity: 2
line: 301
column: 8
content: for(uinti=0;i<_values.length;i++){total=total.add(_values[i]);}

ruleId: SOLIDITY_GAS_LIMIT_IN_LOOPS
patternId: f6f853
severity: 2
line: 308
column: 8
content: for(uintj=0;j<_recipients.length;j++){balances[_recipients[j]]=balances[_recipients[j]].add(_values[j]);txIns[_recipients[j]].push(transferInStruct(uint128(_values[j]),_now));emitTransfer(msg.sender,_recipients[j],_values[j]);}

ruleId: SOLIDITY_PRAGMAS_VERSION
patternId: 23fc32
severity: 1
line: 1
column: 16
content: ^

ruleId: SOLIDITY_SAFEMATH
patternId: 837cac
severity: 1
line: 119
column: 4
content: usingSafeMathforuint256;

ruleId: SOLIDITY_VISIBILITY
patternId: b51ce0
severity: 1
line: 142
column: 4
content: mapping(address=>uint256)balances;

ruleId: SOLIDITY_VISIBILITY
patternId: b51ce0
severity: 1
line: 143
column: 4
content: mapping(address=>mapping(address=>uint256))allowed;

ruleId: SOLIDITY_VISIBILITY
patternId: b51ce0
severity: 1
line: 144
column: 4
content: mapping(address=>transferInStruct[])txIns;

SOLIDITY_VISIBILITY :3
SOLIDITY_SAFEMATH :1
SOLIDITY_PRAGMAS_VERSION :1
SOLIDITY_EXTRA_GAS_IN_LOOPS :3
SOLIDITY_GAS_LIMIT_IN_LOOPS :3
SOLIDITY_DIV_MUL :1
SOLIDITY_ERC20_APPROVE :1