/unique_chucks/27/0xab3b0810b839f49c2d619b55f196aae764422e22.sol
jar:file:/usr/local/lib/node_modules/@smartdec/smartcheck/jdeploy-bundle/smartcheck-2.0-jar-with-dependencies.jar!/solidity-rules.xmlruleId: SOLIDITY_DEPRECATED_CONSTRUCTIONS
patternId: 28fa69
severity: 1
line: 90
column: 2
content: functiongetDeveloperFee()constantreturns(uint){uintdeveloperfee=this.balance/100;returndeveloperfee;}

ruleId: SOLIDITY_DEPRECATED_CONSTRUCTIONS
patternId: 28fa69
severity: 1
line: 96
column: 2
content: functiongetBalance()constantreturns(uint){returnthis.balance;}

ruleId: SOLIDITY_DEPRECATED_CONSTRUCTIONS
patternId: 28fa69
severity: 1
line: 101
column: 2
content: functiongetLotteryMoney()constantreturns(uint){uintdeveloperfee=getDeveloperFee();uintprize=(this.balance-developerfee)/(numwinners<1?1:numwinners);returnprize;}

ruleId: SOLIDITY_DEPRECATED_CONSTRUCTIONS
patternId: 28fa69
severity: 1
line: 116
column: 2
content: functiongetBettingStatus()constantreturns(uint,uint,uint,uint,uint){return((uint)(state),numguesses,getLotteryMoney(),this.balance,bettingprice);}

ruleId: SOLIDITY_EXTRA_GAS_IN_LOOPS
patternId: d3j11j
severity: 1
line: 69
column: 4
content: for(i=0;i<numguesses;i++){diff=(int)((int)(value)-(int)(guesses[i].guess));if(diff<0)diff=diff*-1;if(lastdiff>(uint)(diff)){guess=guesses[i].guess;lastdiff=(uint)(diff);}}

ruleId: SOLIDITY_EXTRA_GAS_IN_LOOPS
patternId: d3j11j
severity: 1
line: 79
column: 4
content: for(i=0;i<numguesses;i++){diff=(int)((int)(value)-(int)(guesses[i].guess));if(diff<0)diff=diff*-1;if(lastdiff==uint(diff)){winnners[numwinners++].addr=guesses[i].addr;}}

ruleId: SOLIDITY_EXTRA_GAS_IN_LOOPS
patternId: d3j11j
severity: 1
line: 132
column: 4
content: for(uinti=0;i<numwinners;i++){addresswinner=winnners[i].addr;winner.transfer(prize);SentPrizeToWinner(winner,prize,guess,_gameindex,lotterynumber,block.timestamp);}

ruleId: SOLIDITY_EXTRA_GAS_IN_LOOPS
patternId: d3j11j
severity: 1
line: 142
column: 4
content: for(i=0;i<stasticsarrayitems;i++){statistics[i]=0;}

ruleId: SOLIDITY_PRAGMAS_VERSION
patternId: 23fc32
severity: 1
line: 1
column: 16
content: ^

ruleId: SOLIDITY_TRANSFER_IN_LOOP
patternId: 8jdj43
severity: 2
line: 132
column: 4
content: for(uinti=0;i<numwinners;i++){addresswinner=winnners[i].addr;winner.transfer(prize);SentPrizeToWinner(winner,prize,guess,_gameindex,lotterynumber,block.timestamp);}

ruleId: SOLIDITY_VISIBILITY
patternId: 910067
severity: 1
line: 45
column: 2
content: functionbet1000(uint_bettingprice){bettingprice=_bettingprice;}

ruleId: SOLIDITY_VISIBILITY
patternId: 910067
severity: 1
line: 62
column: 2
content: functionfindWinners(uintvalue)returns(uint){numwinners=0;uintlastdiff=maxguess;uinti=0;intdiff=0;uintguess=0;for(i=0;i<numguesses;i++){diff=(int)((int)(value)-(int)(guesses[i].guess));if(diff<0)diff=diff*-1;if(lastdiff>(uint)(diff)){guess=guesses[i].guess;lastdiff=(uint)(diff);}}for(i=0;i<numguesses;i++){diff=(int)((int)(value)-(int)(guesses[i].guess));if(diff<0)diff=diff*-1;if(lastdiff==uint(diff)){winnners[numwinners++].addr=guesses[i].addr;}}returnguess;}

ruleId: SOLIDITY_VISIBILITY
patternId: 910067
severity: 1
line: 90
column: 2
content: functiongetDeveloperFee()constantreturns(uint){uintdeveloperfee=this.balance/100;returndeveloperfee;}

ruleId: SOLIDITY_VISIBILITY
patternId: 910067
severity: 1
line: 96
column: 2
content: functiongetBalance()constantreturns(uint){returnthis.balance;}

ruleId: SOLIDITY_VISIBILITY
patternId: 910067
severity: 1
line: 101
column: 2
content: functiongetLotteryMoney()constantreturns(uint){uintdeveloperfee=getDeveloperFee();uintprize=(this.balance-developerfee)/(numwinners<1?1:numwinners);returnprize;}

ruleId: SOLIDITY_VISIBILITY
patternId: 910067
severity: 1
line: 108
column: 2
content: functiongetBettingStastics()payablereturns(uint[20]){require(msg.value==bettingprice*3);returnstatistics;}

ruleId: SOLIDITY_VISIBILITY
patternId: 910067
severity: 1
line: 116
column: 2
content: functiongetBettingStatus()constantreturns(uint,uint,uint,uint,uint){return((uint)(state),numguesses,getLotteryMoney(),this.balance,bettingprice);}

ruleId: SOLIDITY_VISIBILITY
patternId: 910067
severity: 1
line: 123
column: 2
content: functionfinish(){state=State.Locked;uintlotterynumber=(uint(curhash)+block.timestamp)%(maxguess+1);varguess=findWinners(lotterynumber);uintprize=getLotteryMoney();uintremain=this.balance-(prize*numwinners);for(uinti=0;i<numwinners;i++){addresswinner=winnners[i].addr;winner.transfer(prize);SentPrizeToWinner(winner,prize,guess,_gameindex,lotterynumber,block.timestamp);}SentDeveloperFee(remain,this.balance);developer.transfer(remain);numguesses=0;for(i=0;i<stasticsarrayitems;i++){statistics[i]=0;}_gameindex++;state=State.Started;}

ruleId: SOLIDITY_VISIBILITY
patternId: 910067
severity: 1
line: 149
column: 2
content: functionaddguess(uintguess)inState(State.Started)payable{require(msg.value==bettingprice);uintdivideby=maxguess/stasticsarrayitems;curhash=sha256(block.timestamp,block.coinbase,block.difficulty,curhash);if((uint)(numguesses+1)<=arraysize){guesses[numguesses++]=Guess(msg.sender,guess);uintstatindex=guess/divideby;if(statindex>=stasticsarrayitems)statindex=stasticsarrayitems-1;statistics[statindex]++;if((uint)(numguesses)>=arraysize){finish();}}}

ruleId: SOLIDITY_VISIBILITY
patternId: 910067
severity: 1
line: 176
column: 2
content: functionbet1000_001eth(){}

ruleId: SOLIDITY_VISIBILITY
patternId: b51ce0
severity: 1
line: 18
column: 2
content: uintconstantarraysize=1000;

ruleId: SOLIDITY_VISIBILITY
patternId: b51ce0
severity: 1
line: 19
column: 2
content: uintconstantmaxguess=1000000;

ruleId: SOLIDITY_VISIBILITY
patternId: b51ce0
severity: 1
line: 20
column: 2
content: uintbettingprice=0.01ether;

ruleId: SOLIDITY_VISIBILITY
patternId: b51ce0
severity: 1
line: 21
column: 2
content: Guess[1000]guesses;

ruleId: SOLIDITY_VISIBILITY
patternId: b51ce0
severity: 1
line: 22
column: 2
content: uintnumguesses=0;

ruleId: SOLIDITY_VISIBILITY
patternId: b51ce0
severity: 1
line: 23
column: 2
content: bytes32curhash='';

ruleId: SOLIDITY_VISIBILITY
patternId: b51ce0
severity: 1
line: 25
column: 2
content: uintstasticsarrayitems=20;

ruleId: SOLIDITY_VISIBILITY
patternId: b51ce0
severity: 1
line: 26
column: 2
content: uint[20]statistics;

ruleId: SOLIDITY_VISIBILITY
patternId: b51ce0
severity: 1
line: 28
column: 2
content: uint_gameindex=1;

ruleId: SOLIDITY_VISIBILITY
patternId: b51ce0
severity: 1
line: 33
column: 2
content: Winner[1000]winnners;

ruleId: SOLIDITY_VISIBILITY
patternId: b51ce0
severity: 1
line: 34
column: 2
content: uintnumwinners=0;

ruleId: SOLIDITY_VISIBILITY
patternId: b51ce0
severity: 1
line: 41
column: 2
content: addressconstantdeveloper=0x001973f023e4c03ef60ea34084b63e7790d463e595;

SOLIDITY_VISIBILITY :22
SOLIDITY_DEPRECATED_CONSTRUCTIONS :4
SOLIDITY_PRAGMAS_VERSION :1
SOLIDITY_EXTRA_GAS_IN_LOOPS :4
SOLIDITY_TRANSFER_IN_LOOP :1