INFO:Slither:Compilation warnings/errors on /unique_chucks/15/0x7933446fcc2b3f13967878144cd2dfbd217bb904.sol:
/unique_chucks/15/0x7933446fcc2b3f13967878144cd2dfbd217bb904.sol:188:3: Warning: Defining constructors as functions with the same name as the contract is deprecated. Use "constructor(...) { ... }" instead.
  function ICOCREED() {
  ^ (Relevant source part starts here and spans across multiple lines).
/unique_chucks/15/0x7933446fcc2b3f13967878144cd2dfbd217bb904.sol:81:5: Warning: Invoking events without "emit" prefix is deprecated.
    Transfer(msg.sender, _to, _value);
    ^-------------------------------^
/unique_chucks/15/0x7933446fcc2b3f13967878144cd2dfbd217bb904.sol:122:5: Warning: Invoking events without "emit" prefix is deprecated.
    Transfer(_from, _to, _value);
    ^--------------------------^
/unique_chucks/15/0x7933446fcc2b3f13967878144cd2dfbd217bb904.sol:138:5: Warning: Invoking events without "emit" prefix is deprecated.
    Approval(msg.sender, _spender, _value);
    ^------------------------------------^
/unique_chucks/15/0x7933446fcc2b3f13967878144cd2dfbd217bb904.sol:160:5: Warning: Invoking events without "emit" prefix is deprecated.
    Approval(msg.sender, _spender, allowed[msg.sender][_spender]);
    ^-----------------------------------------------------------^
/unique_chucks/15/0x7933446fcc2b3f13967878144cd2dfbd217bb904.sol:171:5: Warning: Invoking events without "emit" prefix is deprecated.
    Approval(msg.sender, _spender, allowed[msg.sender][_spender]);
    ^-----------------------------------------------------------^
/unique_chucks/15/0x7933446fcc2b3f13967878144cd2dfbd217bb904.sol:188:3: Warning: No visibility specified. Defaulting to "public". 
  function ICOCREED() {
  ^ (Relevant source part starts here and spans across multiple lines).
/unique_chucks/15/0x7933446fcc2b3f13967878144cd2dfbd217bb904.sol:12:3: Warning: Function state mutability can be restricted to pure
  function mul(uint256 a, uint256 b) internal constant returns (uint256) {
  ^ (Relevant source part starts here and spans across multiple lines).
/unique_chucks/15/0x7933446fcc2b3f13967878144cd2dfbd217bb904.sol:18:3: Warning: Function state mutability can be restricted to pure
  function div(uint256 a, uint256 b) internal constant returns (uint256) {
  ^ (Relevant source part starts here and spans across multiple lines).
/unique_chucks/15/0x7933446fcc2b3f13967878144cd2dfbd217bb904.sol:25:3: Warning: Function state mutability can be restricted to pure
  function sub(uint256 a, uint256 b) internal constant returns (uint256) {
  ^ (Relevant source part starts here and spans across multiple lines).
/unique_chucks/15/0x7933446fcc2b3f13967878144cd2dfbd217bb904.sol:30:3: Warning: Function state mutability can be restricted to pure
  function add(uint256 a, uint256 b) internal constant returns (uint256) {
  ^ (Relevant source part starts here and spans across multiple lines).

INFO:Detectors:[92m
ERC20Basic.balanceOf (/unique_chucks/15/0x7933446fcc2b3f13967878144cd2dfbd217bb904.sol#44-45) should be declared external
BasicToken.balanceOf (/unique_chucks/15/0x7933446fcc2b3f13967878144cd2dfbd217bb904.sol#91-99) should be declared external
ERC20Basic.transfer (/unique_chucks/15/0x7933446fcc2b3f13967878144cd2dfbd217bb904.sol#45-46) should be declared external
BasicToken.transfer (/unique_chucks/15/0x7933446fcc2b3f13967878144cd2dfbd217bb904.sol#75-87) should be declared external
StandardToken.allowance (/unique_chucks/15/0x7933446fcc2b3f13967878144cd2dfbd217bb904.sol#152-154) should be declared external
ERC20.allowance (/unique_chucks/15/0x7933446fcc2b3f13967878144cd2dfbd217bb904.sol#54-55) should be declared external
StandardToken.transferFrom (/unique_chucks/15/0x7933446fcc2b3f13967878144cd2dfbd217bb904.sol#115-129) should be declared external
ERC20.transferFrom (/unique_chucks/15/0x7933446fcc2b3f13967878144cd2dfbd217bb904.sol#55-56) should be declared external
ERC20.approve (/unique_chucks/15/0x7933446fcc2b3f13967878144cd2dfbd217bb904.sol#56-57) should be declared external
StandardToken.approve (/unique_chucks/15/0x7933446fcc2b3f13967878144cd2dfbd217bb904.sol#138-144) should be declared external
StandardToken.increaseApproval (/unique_chucks/15/0x7933446fcc2b3f13967878144cd2dfbd217bb904.sol#159-166) should be declared external
StandardToken.decreaseApproval (/unique_chucks/15/0x7933446fcc2b3f13967878144cd2dfbd217bb904.sol#166-183) should be declared external
Reference: https://github.com/trailofbits/slither/wiki/Detectors-Documentation#public-function-that-could-be-declared-as-external[0m
INFO:Detectors:[92m
Detected issues with version pragma in /unique_chucks/15/0x7933446fcc2b3f13967878144cd2dfbd217bb904.sol:
	- pragma solidity^0.4.18 (/unique_chucks/15/0x7933446fcc2b3f13967878144cd2dfbd217bb904.sol#1): it allows old versions
Reference: https://github.com/trailofbits/slither/wiki/Detectors-Documentation#incorrect-version-of-solidity[0m
INFO:Detectors:[92m
Parameter '_owner' of BasicToken.balanceOf (/unique_chucks/15/0x7933446fcc2b3f13967878144cd2dfbd217bb904.sol#92-97) is not in mixedCase
Parameter '_to' of BasicToken.transfer (/unique_chucks/15/0x7933446fcc2b3f13967878144cd2dfbd217bb904.sol#75) is not in mixedCase
Parameter '_value' of BasicToken.transfer (/unique_chucks/15/0x7933446fcc2b3f13967878144cd2dfbd217bb904.sol#76) is not in mixedCase
Parameter '_owner' of StandardToken.allowance (/unique_chucks/15/0x7933446fcc2b3f13967878144cd2dfbd217bb904.sol#153) is not in mixedCase
Parameter '_spender' of StandardToken.allowance (/unique_chucks/15/0x7933446fcc2b3f13967878144cd2dfbd217bb904.sol#153) is not in mixedCase
Parameter '_from' of StandardToken.transferFrom (/unique_chucks/15/0x7933446fcc2b3f13967878144cd2dfbd217bb904.sol#116) is not in mixedCase
Parameter '_to' of StandardToken.transferFrom (/unique_chucks/15/0x7933446fcc2b3f13967878144cd2dfbd217bb904.sol#116) is not in mixedCase
Parameter '_value' of StandardToken.transferFrom (/unique_chucks/15/0x7933446fcc2b3f13967878144cd2dfbd217bb904.sol#117) is not in mixedCase
Parameter '_spender' of StandardToken.approve (/unique_chucks/15/0x7933446fcc2b3f13967878144cd2dfbd217bb904.sol#138-139) is not in mixedCase
Parameter '_value' of StandardToken.approve (/unique_chucks/15/0x7933446fcc2b3f13967878144cd2dfbd217bb904.sol#139-141) is not in mixedCase
Parameter '_spender' of StandardToken.increaseApproval (/unique_chucks/15/0x7933446fcc2b3f13967878144cd2dfbd217bb904.sol#160) is not in mixedCase
Parameter '_addedValue' of StandardToken.increaseApproval (/unique_chucks/15/0x7933446fcc2b3f13967878144cd2dfbd217bb904.sol#160) is not in mixedCase
Parameter '_spender' of StandardToken.decreaseApproval (/unique_chucks/15/0x7933446fcc2b3f13967878144cd2dfbd217bb904.sol#167) is not in mixedCase
Parameter '_subtractedValue' of StandardToken.decreaseApproval (/unique_chucks/15/0x7933446fcc2b3f13967878144cd2dfbd217bb904.sol#167) is not in mixedCase
Function 'ICOCREED.ICOCREED' (/unique_chucks/15/0x7933446fcc2b3f13967878144cd2dfbd217bb904.sol) is not in mixedCase
Reference: https://github.com/trailofbits/slither/wiki/Detectors-Documentation#conformance-to-solidity-naming-conventions[0m
INFO:Slither:/unique_chucks/15/0x7933446fcc2b3f13967878144cd2dfbd217bb904.sol analyzed (6 contracts), 28 result(s) found