INFO:Slither:Compilation warnings/errors on /unique_chucks/39/0xf7ffd8c7929d10ece906ab151d9fc1f1d8226477.sol:
/unique_chucks/39/0xf7ffd8c7929d10ece906ab151d9fc1f1d8226477.sol:145:5: Warning: Defining constructors as functions with the same name as the contract is deprecated. Use "constructor(...) { ... }" instead.
    function ZeroGold () public {
    ^ (Relevant source part starts here and spans across multiple lines).
/unique_chucks/39/0xf7ffd8c7929d10ece906ab151d9fc1f1d8226477.sol:98:5: Warning: Functions in interfaces should be declared external.
    function distr(address _to, uint256 _value) public returns (bool);
    ^----------------------------------------------------------------^
/unique_chucks/39/0xf7ffd8c7929d10ece906ab151d9fc1f1d8226477.sol:99:5: Warning: Functions in interfaces should be declared external.
    function totalSupply() constant public returns (uint256 supply);
    ^--------------------------------------------------------------^
/unique_chucks/39/0xf7ffd8c7929d10ece906ab151d9fc1f1d8226477.sol:100:5: Warning: Functions in interfaces should be declared external.
    function balanceOf(address _owner) constant public returns (uint256 balance);
    ^---------------------------------------------------------------------------^
/unique_chucks/39/0xf7ffd8c7929d10ece906ab151d9fc1f1d8226477.sol:171:9: Warning: Invoking events without "emit" prefix is deprecated.
        DistrFinished();
        ^-------------^
/unique_chucks/39/0xf7ffd8c7929d10ece906ab151d9fc1f1d8226477.sol:179:9: Warning: Invoking events without "emit" prefix is deprecated.
        Distr(_to, _amount);
        ^-----------------^
/unique_chucks/39/0xf7ffd8c7929d10ece906ab151d9fc1f1d8226477.sol:180:9: Warning: Invoking events without "emit" prefix is deprecated.
        Transfer(address(0), _to, _amount);
        ^--------------------------------^
/unique_chucks/39/0xf7ffd8c7929d10ece906ab151d9fc1f1d8226477.sol:278:9: Warning: Invoking events without "emit" prefix is deprecated.
        Transfer(msg.sender, _to, _amount);
        ^--------------------------------^
/unique_chucks/39/0xf7ffd8c7929d10ece906ab151d9fc1f1d8226477.sol:291:9: Warning: Invoking events without "emit" prefix is deprecated.
        Transfer(_from, _to, _amount);
        ^---------------------------^
/unique_chucks/39/0xf7ffd8c7929d10ece906ab151d9fc1f1d8226477.sol:299:9: Warning: Invoking events without "emit" prefix is deprecated.
        Approval(msg.sender, _spender, _value);
        ^------------------------------------^
/unique_chucks/39/0xf7ffd8c7929d10ece906ab151d9fc1f1d8226477.sol:314:32: Warning: Using contract member "balance" inherited from the address type is deprecated. Convert the contract to "address" type to access the member, for example use "address(contract).balance" instead.
        uint256 etherBalance = this.balance;
                               ^----------^
/unique_chucks/39/0xf7ffd8c7929d10ece906ab151d9fc1f1d8226477.sol:327:9: Warning: Invoking events without "emit" prefix is deprecated.
        Burn(burner, _value);
        ^------------------^

INFO:Detectors:[93m
ZeroGold.totalSupply (/unique_chucks/39/0xf7ffd8c7929d10ece906ab151d9fc1f1d8226477.sol#117) shadows:
	- ERC20Basic.totalSupply (/unique_chucks/39/0xf7ffd8c7929d10ece906ab151d9fc1f1d8226477.sol#85-86)
Reference: https://github.com/trailofbits/slither/wiki/Detectors-Documentation#state-variable-shadowing-from-abstract-contracts[0m
INFO:Detectors:[92m
ERC20Basic.totalSupply should be constant (/unique_chucks/39/0xf7ffd8c7929d10ece906ab151d9fc1f1d8226477.sol#85-86)
Reference: https://github.com/trailofbits/slither/wiki/Detectors-Documentation#state-variables-that-could-be-declared-constant[0m
INFO:Detectors:[92m
ForeignToken.balanceOf (/unique_chucks/39/0xf7ffd8c7929d10ece906ab151d9fc1f1d8226477.sol#80-83) should be declared external
ForeignToken.transfer (/unique_chucks/39/0xf7ffd8c7929d10ece906ab151d9fc1f1d8226477.sol#83-85) should be declared external
ERC20Basic.balanceOf (/unique_chucks/39/0xf7ffd8c7929d10ece906ab151d9fc1f1d8226477.sol#86-87) should be declared external
ZeroGold.balanceOf (/unique_chucks/39/0xf7ffd8c7929d10ece906ab151d9fc1f1d8226477.sol#270-271) should be declared external
ERC20Basic.transfer (/unique_chucks/39/0xf7ffd8c7929d10ece906ab151d9fc1f1d8226477.sol#87-90) should be declared external
ZeroGold.transfer (/unique_chucks/39/0xf7ffd8c7929d10ece906ab151d9fc1f1d8226477.sol#277-287) should be declared external
ZeroGold.allowance (/unique_chucks/39/0xf7ffd8c7929d10ece906ab151d9fc1f1d8226477.sol#309-314) should be declared external
ERC20.allowance (/unique_chucks/39/0xf7ffd8c7929d10ece906ab151d9fc1f1d8226477.sol#92) should be declared external
ZeroGold.transferFrom (/unique_chucks/39/0xf7ffd8c7929d10ece906ab151d9fc1f1d8226477.sol#288-299) should be declared external
ERC20.transferFrom (/unique_chucks/39/0xf7ffd8c7929d10ece906ab151d9fc1f1d8226477.sol#93-94) should be declared external
ZeroGold.approve (/unique_chucks/39/0xf7ffd8c7929d10ece906ab151d9fc1f1d8226477.sol#299-308) should be declared external
ERC20.approve (/unique_chucks/39/0xf7ffd8c7929d10ece906ab151d9fc1f1d8226477.sol#94-97) should be declared external
Token.distr (/unique_chucks/39/0xf7ffd8c7929d10ece906ab151d9fc1f1d8226477.sol#99-100) should be declared external
Token.totalSupply (/unique_chucks/39/0xf7ffd8c7929d10ece906ab151d9fc1f1d8226477.sol#100-103) should be declared external
Token.balanceOf (/unique_chucks/39/0xf7ffd8c7929d10ece906ab151d9fc1f1d8226477.sol#103-106) should be declared external
ZeroGold.transferOwnership (/unique_chucks/39/0xf7ffd8c7929d10ece906ab151d9fc1f1d8226477.sol#156-159) should be declared external
ZeroGold.enableWhitelist (/unique_chucks/39/0xf7ffd8c7929d10ece906ab151d9fc1f1d8226477.sol#159-165) should be declared external
ZeroGold.disableWhitelist (/unique_chucks/39/0xf7ffd8c7929d10ece906ab151d9fc1f1d8226477.sol#165-173) should be declared external
ZeroGold.finishDistribution (/unique_chucks/39/0xf7ffd8c7929d10ece906ab151d9fc1f1d8226477.sol#175-177) should be declared external
ZeroGold.airdrop (/unique_chucks/39/0xf7ffd8c7929d10ece906ab151d9fc1f1d8226477.sol#193-208) should be declared external
ZeroGold.distribution (/unique_chucks/39/0xf7ffd8c7929d10ece906ab151d9fc1f1d8226477.sol#208-223) should be declared external
ZeroGold.distributeAmounts (/unique_chucks/39/0xf7ffd8c7929d10ece906ab151d9fc1f1d8226477.sol#223-241) should be declared external
ZeroGold.getTokenBalance (/unique_chucks/39/0xf7ffd8c7929d10ece906ab151d9fc1f1d8226477.sol#315-320) should be declared external
ZeroGold.withdraw (/unique_chucks/39/0xf7ffd8c7929d10ece906ab151d9fc1f1d8226477.sol#320-323) should be declared external
ZeroGold.burn (/unique_chucks/39/0xf7ffd8c7929d10ece906ab151d9fc1f1d8226477.sol#324-337) should be declared external
ZeroGold.withdrawForeignTokens (/unique_chucks/39/0xf7ffd8c7929d10ece906ab151d9fc1f1d8226477.sol) should be declared external
Reference: https://github.com/trailofbits/slither/wiki/Detectors-Documentation#public-function-that-could-be-declared-as-external[0m
INFO:Detectors:[92m
Detected issues with version pragma in /unique_chucks/39/0xf7ffd8c7929d10ece906ab151d9fc1f1d8226477.sol:
	- pragma solidity^0.4.19 (/unique_chucks/39/0xf7ffd8c7929d10ece906ab151d9fc1f1d8226477.sol#55): it allows old versions
Reference: https://github.com/trailofbits/slither/wiki/Detectors-Documentation#incorrect-version-of-solidity[0m
INFO:Detectors:[92m
Parameter '_owner' of ZeroGold.balanceOf (/unique_chucks/39/0xf7ffd8c7929d10ece906ab151d9fc1f1d8226477.sol#271) is not in mixedCase
Parameter '_to' of ZeroGold.transfer (/unique_chucks/39/0xf7ffd8c7929d10ece906ab151d9fc1f1d8226477.sol#277) is not in mixedCase
Parameter '_amount' of ZeroGold.transfer (/unique_chucks/39/0xf7ffd8c7929d10ece906ab151d9fc1f1d8226477.sol#277) is not in mixedCase
Parameter '_owner' of ZeroGold.allowance (/unique_chucks/39/0xf7ffd8c7929d10ece906ab151d9fc1f1d8226477.sol#309-310) is not in mixedCase
Parameter '_spender' of ZeroGold.allowance (/unique_chucks/39/0xf7ffd8c7929d10ece906ab151d9fc1f1d8226477.sol#310-311) is not in mixedCase
Parameter '_from' of ZeroGold.transferFrom (/unique_chucks/39/0xf7ffd8c7929d10ece906ab151d9fc1f1d8226477.sol#288) is not in mixedCase
Parameter '_to' of ZeroGold.transferFrom (/unique_chucks/39/0xf7ffd8c7929d10ece906ab151d9fc1f1d8226477.sol#288-289) is not in mixedCase
Parameter '_amount' of ZeroGold.transferFrom (/unique_chucks/39/0xf7ffd8c7929d10ece906ab151d9fc1f1d8226477.sol#289) is not in mixedCase
Parameter '_spender' of ZeroGold.approve (/unique_chucks/39/0xf7ffd8c7929d10ece906ab151d9fc1f1d8226477.sol#299-300) is not in mixedCase
Parameter '_value' of ZeroGold.approve (/unique_chucks/39/0xf7ffd8c7929d10ece906ab151d9fc1f1d8226477.sol#300-301) is not in mixedCase
Function 'ZeroGold.ZeroGold' (/unique_chucks/39/0xf7ffd8c7929d10ece906ab151d9fc1f1d8226477.sol#151-154) is not in mixedCase
Parameter '_to' of ZeroGold.distr (/unique_chucks/39/0xf7ffd8c7929d10ece906ab151d9fc1f1d8226477.sol#177-178) is not in mixedCase
Parameter '_amount' of ZeroGold.distr (/unique_chucks/39/0xf7ffd8c7929d10ece906ab151d9fc1f1d8226477.sol#178) is not in mixedCase
Parameter '_value' of ZeroGold.burn (/unique_chucks/39/0xf7ffd8c7929d10ece906ab151d9fc1f1d8226477.sol#324) is not in mixedCase
Parameter '_tokenContract' of ZeroGold.withdrawForeignTokens (/unique_chucks/39/0xf7ffd8c7929d10ece906ab151d9fc1f1d8226477.sol) is not in mixedCase
Reference: https://github.com/trailofbits/slither/wiki/Detectors-Documentation#conformance-to-solidity-naming-conventions[0m
INFO:Slither:/unique_chucks/39/0xf7ffd8c7929d10ece906ab151d9fc1f1d8226477.sol analyzed (6 contracts), 44 result(s) found