/unique_chucks/1/0xaaaf91d9b90df800df4f55c205fd6989c977e73a.sol
jar:file:/usr/local/lib/node_modules/@smartdec/smartcheck/jdeploy-bundle/smartcheck-2.0-jar-with-dependencies.jar!/solidity-rules.xmlruleId: SOLIDITY_DEPRECATED_CONSTRUCTIONS
patternId: 49bd2a
severity: 1
line: 14
column: 33
content: throw

ruleId: SOLIDITY_DEPRECATED_CONSTRUCTIONS
patternId: 49bd2a
severity: 1
line: 51
column: 24
content: throw

ruleId: SOLIDITY_DEPRECATED_CONSTRUCTIONS
patternId: 49bd2a
severity: 1
line: 77
column: 38
content: throw

ruleId: SOLIDITY_DEPRECATED_CONSTRUCTIONS
patternId: 49bd2a
severity: 1
line: 103
column: 37
content: throw

ruleId: SOLIDITY_DEPRECATED_CONSTRUCTIONS
patternId: 49bd2a
severity: 1
line: 113
column: 29
content: throw

ruleId: SOLIDITY_DEPRECATED_CONSTRUCTIONS
patternId: 49bd2a
severity: 1
line: 128
column: 38
content: throw

ruleId: SOLIDITY_DEPRECATED_CONSTRUCTIONS
patternId: 49bd2a
severity: 1
line: 129
column: 33
content: throw

ruleId: SOLIDITY_DEPRECATED_CONSTRUCTIONS
patternId: 49bd2a
severity: 1
line: 130
column: 28
content: throw

ruleId: SOLIDITY_DEPRECATED_CONSTRUCTIONS
patternId: 49bd2a
severity: 1
line: 137
column: 43
content: throw

ruleId: SOLIDITY_DEPRECATED_CONSTRUCTIONS
patternId: 49bd2a
severity: 1
line: 150
column: 25
content: throw

ruleId: SOLIDITY_DEPRECATED_CONSTRUCTIONS
patternId: 49bd2a
severity: 1
line: 166
column: 25
content: throw

ruleId: SOLIDITY_DEPRECATED_CONSTRUCTIONS
patternId: 49bd2a
severity: 1
line: 259
column: 41
content: throw

ruleId: SOLIDITY_DEPRECATED_CONSTRUCTIONS
patternId: 49bd2a
severity: 1
line: 282
column: 31
content: throw

ruleId: SOLIDITY_DEPRECATED_CONSTRUCTIONS
patternId: 49bd2a
severity: 1
line: 292
column: 21
content: throw

ruleId: SOLIDITY_DEPRECATED_CONSTRUCTIONS
patternId: 49bd2a
severity: 1
line: 317
column: 20
content: throw

ruleId: SOLIDITY_DEPRECATED_CONSTRUCTIONS
patternId: 49bd2a
severity: 1
line: 322
column: 36
content: throw

ruleId: SOLIDITY_DEPRECATED_CONSTRUCTIONS
patternId: 49bd2a
severity: 1
line: 327
column: 36
content: throw

ruleId: SOLIDITY_DEPRECATED_CONSTRUCTIONS
patternId: 28fa69
severity: 1
line: 108
column: 4
content: functiontotalSupply()constantreturns(uint){returncurrentSupply+remainingOwner;}

ruleId: SOLIDITY_ERC20_APPROVE
patternId: af782c
severity: 2
line: 215
column: 4
content: functionapprove(address_spender,uint_value)onlyPayloadSize(2)returns(boolsuccess){if((_value!=0)&&(allowance[msg.sender][_spender]!=0)){returnfalse;}allowance[msg.sender][_spender]=_value;Approval(msg.sender,_spender,_value);returntrue;}

ruleId: SOLIDITY_EXTRA_GAS_IN_LOOPS
patternId: d3j11j
severity: 1
line: 169
column: 8
content: for(uinti=0;i<data.length;i++){addressaddr=address(data[i]&(D160-1));uintamount=data[i]/D160;balanceOf[addr]+=amount;supplyAdd+=amount;Transfer(0,addr,amount);}

ruleId: SOLIDITY_GAS_LIMIT_IN_LOOPS
patternId: f6f853
severity: 2
line: 169
column: 8
content: for(uinti=0;i<data.length;i++){addressaddr=address(data[i]&(D160-1));uintamount=data[i]/D160;balanceOf[addr]+=amount;supplyAdd+=amount;Transfer(0,addr,amount);}

ruleId: SOLIDITY_OVERPOWERED_ROLE
patternId: j83hf7
severity: 2
line: 102
column: 4
content: functionsetOwnerFreeDay(uintday)onlyOwner{if(ownerTokensFreeDay!=0)throw;ownerTokensFreeDay=day;}

ruleId: SOLIDITY_OVERPOWERED_ROLE
patternId: j83hf7
severity: 2
line: 112
column: 4
content: functionsetRemainders(uint_remainingOwner,uint_remainingAuctionable)onlyOwner{if(remaindersSet){throw;}remainingOwner=_remainingOwner;remainingAuctionable=_remainingAuctionable;}

ruleId: SOLIDITY_OVERPOWERED_ROLE
patternId: j83hf7
severity: 2
line: 123
column: 4
content: functionsetController(address_controller)onlyOwner{controller=_controller;}

ruleId: SOLIDITY_OVERPOWERED_ROLE
patternId: j83hf7
severity: 2
line: 281
column: 4
content: functionsetTokenHolder(address_th)onlyOwner{if(lockedTokenHolder)throw;tokenholder=TokenHolder(_th);}

ruleId: SOLIDITY_PRAGMAS_VERSION
patternId: 23fc32
severity: 1
line: 1
column: 16
content: >=

ruleId: SOLIDITY_REVERT_REQUIRE
patternId: c56b12
severity: 1
line: 14
column: 8
content: if(msg.sender!=owner)throw;

ruleId: SOLIDITY_REVERT_REQUIRE
patternId: c56b12
severity: 1
line: 51
column: 8
content: if(!assertion)throw;

ruleId: SOLIDITY_REVERT_REQUIRE
patternId: c56b12
severity: 1
line: 77
column: 8
content: if(msg.sender!=controller)throw;

ruleId: SOLIDITY_REVERT_REQUIRE
patternId: c56b12
severity: 1
line: 103
column: 8
content: if(ownerTokensFreeDay!=0)throw;

ruleId: SOLIDITY_REVERT_REQUIRE
patternId: c56b12
severity: 1
line: 113
column: 8
content: if(remaindersSet){throw;}

ruleId: SOLIDITY_REVERT_REQUIRE
patternId: c56b12
severity: 1
line: 128
column: 8
content: if(now<ownerTokensFreeDay)throw;

ruleId: SOLIDITY_REVERT_REQUIRE
patternId: c56b12
severity: 1
line: 129
column: 8
content: if(remainingOwner==0)throw;

ruleId: SOLIDITY_REVERT_REQUIRE
patternId: c56b12
severity: 1
line: 130
column: 8
content: if(!remaindersSet)throw;

ruleId: SOLIDITY_REVERT_REQUIRE
patternId: c56b12
severity: 1
line: 137
column: 8
content: if(amount>remainingAuctionable)throw;

ruleId: SOLIDITY_REVERT_REQUIRE
patternId: c56b12
severity: 1
line: 150
column: 8
content: if(mintingDone)throw;

ruleId: SOLIDITY_REVERT_REQUIRE
patternId: c56b12
severity: 1
line: 166
column: 8
content: if(mintingDone)throw;

ruleId: SOLIDITY_REVERT_REQUIRE
patternId: c56b12
severity: 1
line: 259
column: 8
content: if(!approve(_spender,_amount))throw;

ruleId: SOLIDITY_REVERT_REQUIRE
patternId: c56b12
severity: 1
line: 282
column: 8
content: if(lockedTokenHolder)throw;

ruleId: SOLIDITY_REVERT_REQUIRE
patternId: c56b12
severity: 1
line: 292
column: 8
content: if(!result)throw;

ruleId: SOLIDITY_REVERT_REQUIRE
patternId: c56b12
severity: 1
line: 317
column: 8
content: if(paused)throw;

ruleId: SOLIDITY_REVERT_REQUIRE
patternId: c56b12
severity: 1
line: 322
column: 8
content: if(pausingMechanismLocked)throw;

ruleId: SOLIDITY_REVERT_REQUIRE
patternId: c56b12
severity: 1
line: 327
column: 8
content: if(pausingMechanismLocked)throw;

ruleId: SOLIDITY_VISIBILITY
patternId: 910067
severity: 1
line: 20
column: 4
content: functionchangeOwner(address_newOwner)onlyOwner{newOwner=_newOwner;}

ruleId: SOLIDITY_VISIBILITY
patternId: 910067
severity: 1
line: 24
column: 4
content: functionacceptOwnership(){if(msg.sender==newOwner){owner=newOwner;}}

ruleId: SOLIDITY_VISIBILITY
patternId: 910067
severity: 1
line: 91
column: 4
content: functionToken(){owner=msg.sender;name="Monolith TKN";decimals=uint8(DECIMALS);symbol="TKN";}

ruleId: SOLIDITY_VISIBILITY
patternId: 910067
severity: 1
line: 98
column: 4
content: functionLaunch()onlyOwner{launched=true;}

ruleId: SOLIDITY_VISIBILITY
patternId: 910067
severity: 1
line: 102
column: 4
content: functionsetOwnerFreeDay(uintday)onlyOwner{if(ownerTokensFreeDay!=0)throw;ownerTokensFreeDay=day;}

ruleId: SOLIDITY_VISIBILITY
patternId: 910067
severity: 1
line: 108
column: 4
content: functiontotalSupply()constantreturns(uint){returncurrentSupply+remainingOwner;}

ruleId: SOLIDITY_VISIBILITY
patternId: 910067
severity: 1
line: 112
column: 4
content: functionsetRemainders(uint_remainingOwner,uint_remainingAuctionable)onlyOwner{if(remaindersSet){throw;}remainingOwner=_remainingOwner;remainingAuctionable=_remainingAuctionable;}

ruleId: SOLIDITY_VISIBILITY
patternId: 910067
severity: 1
line: 119
column: 4
content: functionfinalizeRemainders()onlyOwner{remaindersSet=true;}

ruleId: SOLIDITY_VISIBILITY
patternId: 910067
severity: 1
line: 123
column: 4
content: functionsetController(address_controller)onlyOwner{controller=_controller;}

ruleId: SOLIDITY_VISIBILITY
patternId: 910067
severity: 1
line: 127
column: 4
content: functionclaimOwnerSupply()onlyOwner{if(now<ownerTokensFreeDay)throw;if(remainingOwner==0)throw;if(!remaindersSet)throw;balanceOf[owner]=safeAdd(balanceOf[owner],remainingOwner);remainingOwner=0;}

ruleId: SOLIDITY_VISIBILITY
patternId: 910067
severity: 1
line: 136
column: 4
content: functionclaimAuctionableTokens(uintamount)onlyController{if(amount>remainingAuctionable)throw;balanceOf[controller]=safeAdd(balanceOf[controller],amount);currentSupply=safeAdd(currentSupply,amount);remainingAuctionable=safeSub(remainingAuctionable,amount);Transfer(0,controller,amount);}

ruleId: SOLIDITY_VISIBILITY
patternId: 910067
severity: 1
line: 149
column: 4
content: functionmint(addressaddr,uintamount)onlyOwneronlyPayloadSize(2){if(mintingDone)throw;balanceOf[addr]=safeAdd(balanceOf[addr],amount);currentSupply=safeAdd(currentSupply,amount);Transfer(0,addr,amount);}

ruleId: SOLIDITY_VISIBILITY
patternId: 910067
severity: 1
line: 165
column: 4
content: functionmultiMint(uint[]data)onlyOwner{if(mintingDone)throw;uintsupplyAdd;for(uinti=0;i<data.length;i++){addressaddr=address(data[i]&(D160-1));uintamount=data[i]/D160;balanceOf[addr]+=amount;supplyAdd+=amount;Transfer(0,addr,amount);}currentSupply+=supplyAdd;}

ruleId: SOLIDITY_VISIBILITY
patternId: 910067
severity: 1
line: 180
column: 4
content: functioncompleteMinting()onlyOwner{mintingDone=true;}

ruleId: SOLIDITY_VISIBILITY
patternId: 910067
severity: 1
line: 187
column: 4
content: functiontransfer(address_to,uint_value)isLaunchednotPausedonlyPayloadSize(2)returns(boolsuccess){if(balanceOf[msg.sender]<_value)returnfalse;if(_to==0x0)returnfalse;balanceOf[msg.sender]=safeSub(balanceOf[msg.sender],_value);balanceOf[_to]=safeAdd(balanceOf[_to],_value);Transfer(msg.sender,_to,_value);returntrue;}

ruleId: SOLIDITY_VISIBILITY
patternId: 910067
severity: 1
line: 199
column: 4
content: functiontransferFrom(address_from,address_to,uint_value)isLaunchednotPausedonlyPayloadSize(3)returns(boolsuccess){if(_to==0x0)returnfalse;if(balanceOf[_from]<_value)returnfalse;varallowed=allowance[_from][msg.sender];if(allowed<_value)returnfalse;balanceOf[_to]=safeAdd(balanceOf[_to],_value);balanceOf[_from]=safeSub(balanceOf[_from],_value);allowance[_from][msg.sender]=safeSub(allowed,_value);Transfer(_from,_to,_value);returntrue;}

ruleId: SOLIDITY_VISIBILITY
patternId: 910067
severity: 1
line: 215
column: 4
content: functionapprove(address_spender,uint_value)onlyPayloadSize(2)returns(boolsuccess){if((_value!=0)&&(allowance[msg.sender][_spender]!=0)){returnfalse;}allowance[msg.sender][_spender]=_value;Approval(msg.sender,_spender,_value);returntrue;}

ruleId: SOLIDITY_VISIBILITY
patternId: 910067
severity: 1
line: 228
column: 4
content: functionincreaseApproval(address_spender,uint_addedValue)onlyPayloadSize(2)returns(boolsuccess){uintoldValue=allowance[msg.sender][_spender];allowance[msg.sender][_spender]=safeAdd(oldValue,_addedValue);Approval(msg.sender,_spender,allowance[msg.sender][_spender]);returntrue;}

ruleId: SOLIDITY_VISIBILITY
patternId: 910067
severity: 1
line: 237
column: 4
content: functiondecreaseApproval(address_spender,uint_subtractedValue)onlyPayloadSize(2)returns(boolsuccess){uintoldValue=allowance[msg.sender][_spender];if(_subtractedValue>oldValue){allowance[msg.sender][_spender]=0;}else{allowance[msg.sender][_spender]=safeSub(oldValue,_subtractedValue);}Approval(msg.sender,_spender,allowance[msg.sender][_spender]);returntrue;}

ruleId: SOLIDITY_VISIBILITY
patternId: 910067
severity: 1
line: 257
column: 4
content: functionapproveAndCall(address_spender,uint256_amount,bytes_extraData)returns(boolsuccess){if(!approve(_spender,_amount))throw;ApproveAndCallFallBack(_spender).receiveApproval(msg.sender,_amount,this,_extraData);returntrue;}

ruleId: SOLIDITY_VISIBILITY
patternId: 910067
severity: 1
line: 277
column: 4
content: functionlockTokenHolder()onlyOwner{lockedTokenHolder=true;}

ruleId: SOLIDITY_VISIBILITY
patternId: 910067
severity: 1
line: 281
column: 4
content: functionsetTokenHolder(address_th)onlyOwner{if(lockedTokenHolder)throw;tokenholder=TokenHolder(_th);}

ruleId: SOLIDITY_VISIBILITY
patternId: 910067
severity: 1
line: 286
column: 4
content: functionburn(uint_amount)notPausedreturns(boolresult){if(_amount>balanceOf[msg.sender])returnfalse;balanceOf[msg.sender]=safeSub(balanceOf[msg.sender],_amount);currentSupply=safeSub(currentSupply,_amount);result=tokenholder.burn(msg.sender,_amount);if(!result)throw;Transfer(msg.sender,0,_amount);}

ruleId: SOLIDITY_VISIBILITY
patternId: 910067
severity: 1
line: 299
column: 4
content: functionclaimTokens(address_token)onlyOwner{if(_token==0x0){owner.transfer(this.balance);return;}Tokentoken=Token(_token);uintbalance=token.balanceOf(this);token.transfer(owner,balance);logTokenTransfer(_token,owner,balance);}

ruleId: SOLIDITY_VISIBILITY
patternId: 910067
severity: 1
line: 321
column: 4
content: functionpause()onlyOwner{if(pausingMechanismLocked)throw;paused=true;}

ruleId: SOLIDITY_VISIBILITY
patternId: 910067
severity: 1
line: 326
column: 4
content: functionunpause()onlyOwner{if(pausingMechanismLocked)throw;paused=false;}

ruleId: SOLIDITY_VISIBILITY
patternId: 910067
severity: 1
line: 331
column: 4
content: functionneverPauseAgain()onlyOwner{pausingMechanismLocked=true;}

ruleId: SOLIDITY_VISIBILITY
patternId: 910067
severity: 1
line: 337
column: 4
content: functionburn(address,uint)returns(boolresult){returnfalse;}

ruleId: SOLIDITY_VISIBILITY
patternId: 910067
severity: 1
line: 344
column: 4
content: functionreceiveApproval(addressfrom,uint256_amount,address_token,bytes_data);

ruleId: SOLIDITY_VISIBILITY
patternId: b51ce0
severity: 1
line: 6
column: 4
content: uintDECIMALS=8;

ruleId: SOLIDITY_VISIBILITY
patternId: b51ce0
severity: 1
line: 18
column: 4
content: addressnewOwner;

ruleId: SOLIDITY_VISIBILITY
patternId: b51ce0
severity: 1
line: 160
column: 4
content: uintconstantD160=0x0010000000000000000000000000000000000000000;

SOLIDITY_VISIBILITY :32
SOLIDITY_OVERPOWERED_ROLE :4
SOLIDITY_DEPRECATED_CONSTRUCTIONS :18
SOLIDITY_PRAGMAS_VERSION :1
SOLIDITY_REVERT_REQUIRE :17
SOLIDITY_EXTRA_GAS_IN_LOOPS :1
SOLIDITY_GAS_LIMIT_IN_LOOPS :1
SOLIDITY_ERC20_APPROVE :1