/unique_contracts/0x59771242ec23d2f98e56f7d27e8e425d47c8a10e.sol
jar:file:/usr/local/lib/node_modules/@smartdec/smartcheck/jdeploy-bundle/smartcheck-2.0-jar-with-dependencies.jar!/solidity-rules.xmlruleId: SOLIDITY_ADDRESS_HARDCODED
patternId: b140cd
severity: 1
line: 179
column: 46
content: 0x01ffc9a7

ruleId: SOLIDITY_ADDRESS_HARDCODED
patternId: b140cd
severity: 1
line: 217
column: 28
content: 0xffffffff

ruleId: SOLIDITY_ADDRESS_HARDCODED
patternId: b140cd
severity: 1
line: 1005
column: 47
content: 0x80ac58cd

ruleId: SOLIDITY_ADDRESS_HARDCODED
patternId: b140cd
severity: 1
line: 1019
column: 53
content: 0x4f558e79

ruleId: SOLIDITY_ADDRESS_HARDCODED
patternId: b140cd
severity: 1
line: 1030
column: 44
content: 0x150b7a02

ruleId: SOLIDITY_ADDRESS_HARDCODED
patternId: b140cd
severity: 1
line: 1349
column: 45
content: 0x150b7a02

ruleId: SOLIDITY_ADDRESS_HARDCODED
patternId: b140cd
severity: 1
line: 1376
column: 57
content: 0x780e9d63

ruleId: SOLIDITY_ADDRESS_HARDCODED
patternId: b140cd
severity: 1
line: 1384
column: 55
content: 0x5b5e139f

ruleId: SOLIDITY_ADDRESS_HARDCODED
patternId: b140cd
severity: 1
line: 1589
column: 39
content: 0xc398430e

ruleId: SOLIDITY_ADDRESS_HARDCODED
patternId: b140cd
severity: 1
line: 1590
column: 38
content: 0x889063b1

ruleId: SOLIDITY_ADDRESS_HARDCODED
patternId: b140cd
severity: 1
line: 1591
column: 44
content: 0xdb6290a2

ruleId: SOLIDITY_ADDRESS_HARDCODED
patternId: b140cd
severity: 1
line: 1592
column: 45
content: 0x13453f89

ruleId: SOLIDITY_ADDRESS_HARDCODED
patternId: a91b18
severity: 1
line: 303
column: 4
content: owner=address(0)

ruleId: SOLIDITY_ADDRESS_HARDCODED
patternId: a91b18
severity: 1
line: 657
column: 24
content: (_amount,address(0))

ruleId: SOLIDITY_ADDRESS_HARDCODED
patternId: a91b18
severity: 1
line: 1290
column: 6
content: tokenApprovals[_tokenId]=address(0)

ruleId: SOLIDITY_ADDRESS_HARDCODED
patternId: a91b18
severity: 1
line: 1313
column: 4
content: tokenOwner[_tokenId]=address(0)

ruleId: SOLIDITY_ARRAY_LENGTH_MANIPULATION
patternId: 872bdd
severity: 1
line: 1529
column: 4
content: ownedTokens[_from].length--

ruleId: SOLIDITY_ARRAY_LENGTH_MANIPULATION
patternId: 872bdd
severity: 1
line: 1569
column: 4
content: allTokens.length--

ruleId: SOLIDITY_ARRAY_LENGTH_MANIPULATION
patternId: 872bdd
severity: 1
line: 1780
column: 6
content: crabPartData[CRAB_BODY][i].length=2

ruleId: SOLIDITY_ARRAY_LENGTH_MANIPULATION
patternId: 872bdd
severity: 1
line: 1781
column: 6
content: crabPartData[CRAB_LEG][i].length=2

ruleId: SOLIDITY_ARRAY_LENGTH_MANIPULATION
patternId: 872bdd
severity: 1
line: 1782
column: 6
content: crabPartData[CRAB_LEFT_CLAW][i].length=2

ruleId: SOLIDITY_ARRAY_LENGTH_MANIPULATION
patternId: 872bdd
severity: 1
line: 1783
column: 6
content: crabPartData[CRAB_RIGHT_CLAW][i].length=2

ruleId: SOLIDITY_ERC20_APPROVE
patternId: af782c
severity: 2
line: 1109
column: 2
content: functionapprove(address_to,uint256_tokenId)public{addressowner=ownerOf(_tokenId);require(_to!=owner);require(msg.sender==owner||isApprovedForAll(owner,msg.sender));tokenApprovals[_tokenId]=_to;emitApproval(owner,_to,_tokenId);}

ruleId: SOLIDITY_EXTRA_GAS_IN_LOOPS
patternId: d3j11j
severity: 1
line: 857
column: 4
content: for(uint256i=0;i<_operators.length;i++){addAddressToWhitelist(_operators[i]);}

ruleId: SOLIDITY_EXTRA_GAS_IN_LOOPS
patternId: d3j11j
severity: 1
line: 885
column: 4
content: for(uint256i=0;i<_operators.length;i++){removeAddressFromWhitelist(_operators[i]);}

ruleId: SOLIDITY_EXTRA_GAS_IN_LOOPS
patternId: d3j11j
severity: 1
line: 1820
column: 4
content: for(uint256i=0;i<_uri.length;i++){_result[i]=_uri[i];}

ruleId: SOLIDITY_GAS_LIMIT_IN_LOOPS
patternId: f6f853
severity: 2
line: 857
column: 4
content: for(uint256i=0;i<_operators.length;i++){addAddressToWhitelist(_operators[i]);}

ruleId: SOLIDITY_GAS_LIMIT_IN_LOOPS
patternId: f6f853
severity: 2
line: 885
column: 4
content: for(uint256i=0;i<_operators.length;i++){removeAddressFromWhitelist(_operators[i]);}

ruleId: SOLIDITY_GAS_LIMIT_IN_LOOPS
patternId: f6f853
severity: 2
line: 1820
column: 4
content: for(uint256i=0;i<_uri.length;i++){_result[i]=_uri[i];}

ruleId: SOLIDITY_OVERPOWERED_ROLE
patternId: j83hf7
severity: 2
line: 336
column: 2
content: functionsetAddresses(address_genesisCrabAddress,address_cryptantCrabTokenAddress,address_cryptantCrabStorageAddress)externalonlyOwner{_setAddresses(_genesisCrabAddress,_cryptantCrabTokenAddress,_cryptantCrabStorageAddress);}

ruleId: SOLIDITY_OVERPOWERED_ROLE
patternId: j83hf7
severity: 2
line: 550
column: 2
content: functionsetWithdrawer(address_newWithdrawer)externalonlyOwner{withdrawer=_newWithdrawer;}

ruleId: SOLIDITY_OVERPOWERED_ROLE
patternId: j83hf7
severity: 2
line: 640
column: 2
content: functionsetCurrentTokenId(uint256_newTokenId)externalonlyOwner{currentTokenId=_newTokenId;}

ruleId: SOLIDITY_OVERPOWERED_ROLE
patternId: j83hf7
severity: 2
line: 644
column: 2
content: functionsetPresaleEndtime(uint256_newEndTime)externalonlyOwner{presaleEndTime=_newEndTime;}

ruleId: SOLIDITY_OVERPOWERED_ROLE
patternId: j83hf7
severity: 2
line: 648
column: 2
content: functionsetReferralCut(uint256_newReferralCut)externalonlyOwner{referralCut=_newReferralCut;}

ruleId: SOLIDITY_OVERPOWERED_ROLE
patternId: j83hf7
severity: 2
line: 1718
column: 2
content: functionsetPartData(uint256_partIndex,uint256_element,uint256[]_partDataArray)externalonlyOwner{CrabPartDatamemory_partData=arrayToCrabPartData(_partDataArray);bytes4_key;if(_partIndex==1){_key=CRAB_BODY;}elseif(_partIndex==2){_key=CRAB_LEG;}elseif(_partIndex==3){_key=CRAB_LEFT_CLAW;}elseif(_partIndex==4){_key=CRAB_RIGHT_CLAW;}if(crabPartData[_key][_element][1].hp==0&&crabPartData[_key][_element][1].dps==0){crabPartData[_key][_element][1]=_partData;}else{crabPartData[_key][_element].push(_partData);}emitCrabPartAdded(_partDataArray[0],_partDataArray[1],_partDataArray[2]);}

ruleId: SOLIDITY_OVERPOWERED_ROLE
patternId: j83hf7
severity: 2
line: 1746
column: 2
content: functionsetDefaultMetadataURI(string_defaultUri)externalonlyOwner{defaultMetadataURI=_defaultUri;emitDefaultMetadataURIChanged(_defaultUri);}

ruleId: SOLIDITY_PRIVATE_MODIFIER_DONT_HIDE_DATA
patternId: 5616b2
severity: 1
line: 722
column: 33
content: private

ruleId: SOLIDITY_PRIVATE_MODIFIER_DONT_HIDE_DATA
patternId: 5616b2
severity: 1
line: 1005
column: 9
content: private

ruleId: SOLIDITY_PRIVATE_MODIFIER_DONT_HIDE_DATA
patternId: 5616b2
severity: 1
line: 1019
column: 9
content: private

ruleId: SOLIDITY_PRIVATE_MODIFIER_DONT_HIDE_DATA
patternId: 5616b2
severity: 1
line: 1030
column: 9
content: private

ruleId: SOLIDITY_PRIVATE_MODIFIER_DONT_HIDE_DATA
patternId: 5616b2
severity: 1
line: 1376
column: 9
content: private

ruleId: SOLIDITY_PRIVATE_MODIFIER_DONT_HIDE_DATA
patternId: 5616b2
severity: 1
line: 1384
column: 9
content: private

ruleId: SOLIDITY_REVERT_REQUIRE
patternId: c56b12
severity: 1
line: 1648
column: 11
content: if(_partIndex==4){_key=CRAB_RIGHT_CLAW;}else{revert();}

ruleId: SOLIDITY_SAFEMATH
patternId: 837cac
severity: 1
line: 437
column: 2
content: usingSafeMathforuint256;

ruleId: SOLIDITY_SAFEMATH
patternId: 837cac
severity: 1
line: 1025
column: 2
content: usingSafeMathforuint256;

ruleId: SOLIDITY_SHOULD_NOT_BE_VIEW
patternId: 189abf
severity: 1
line: 149
column: 2
content: functionisContract(addressaddr)internalviewreturns(bool){uint256size;assembly{size:=extcodesize(addr)}returnsize>0;}

ruleId: SOLIDITY_SHOULD_RETURN_STRUCT
patternId: 7d54ca
severity: 1
line: 388
column: 2
content: (uint256_gene,uint256_level,uint256_exp,uint256_mutationCount,uint256_trophyCount,uint256_heartValue,uint256_growthValue)

ruleId: SOLIDITY_UPGRADE_TO_050
patternId: 341gim
severity: 1
line: 21
column: 4
content: uint256[]_partData

ruleId: SOLIDITY_UPGRADE_TO_050
patternId: 341gim
severity: 1
line: 39
column: 31
content: CrabPartData_crabPartData

ruleId: SOLIDITY_UPGRADE_TO_050
patternId: 341gim
severity: 1
line: 137
column: 21
content: bytes32[]_keys

ruleId: SOLIDITY_UPGRADE_TO_050
patternId: 341gim
severity: 1
line: 137
column: 61
content: bytes32[]

ruleId: SOLIDITY_UPGRADE_TO_050
patternId: 341gim
severity: 1
line: 733
column: 40
content: string_role

ruleId: SOLIDITY_UPGRADE_TO_050
patternId: 341gim
severity: 1
line: 746
column: 38
content: string_role

ruleId: SOLIDITY_UPGRADE_TO_050
patternId: 341gim
severity: 1
line: 759
column: 38
content: string_role

ruleId: SOLIDITY_UPGRADE_TO_050
patternId: 341gim
severity: 1
line: 771
column: 41
content: string_role

ruleId: SOLIDITY_UPGRADE_TO_050
patternId: 341gim
severity: 1
line: 853
column: 35
content: address[]_operators

ruleId: SOLIDITY_UPGRADE_TO_050
patternId: 341gim
severity: 1
line: 881
column: 40
content: address[]_operators

ruleId: SOLIDITY_UPGRADE_TO_050
patternId: 341gim
severity: 1
line: 976
column: 4
content: bytes_data

ruleId: SOLIDITY_UPGRADE_TO_050
patternId: 341gim
severity: 1
line: 997
column: 59
content: string

ruleId: SOLIDITY_UPGRADE_TO_050
patternId: 341gim
severity: 1
line: 1222
column: 4
content: bytes_data

ruleId: SOLIDITY_UPGRADE_TO_050
patternId: 341gim
severity: 1
line: 1329
column: 4
content: bytes_data

ruleId: SOLIDITY_UPGRADE_TO_050
patternId: 341gim
severity: 1
line: 1368
column: 4
content: bytes_data

ruleId: SOLIDITY_UPGRADE_TO_050
patternId: 341gim
severity: 1
line: 1416
column: 14
content: string_name

ruleId: SOLIDITY_UPGRADE_TO_050
patternId: 341gim
severity: 1
line: 1416
column: 28
content: string_symbol

ruleId: SOLIDITY_UPGRADE_TO_050
patternId: 341gim
severity: 1
line: 1446
column: 59
content: string

ruleId: SOLIDITY_UPGRADE_TO_050
patternId: 341gim
severity: 1
line: 1494
column: 42
content: string_uri

ruleId: SOLIDITY_UPGRADE_TO_050
patternId: 341gim
severity: 1
line: 1610
column: 14
content: string_name

ruleId: SOLIDITY_UPGRADE_TO_050
patternId: 341gim
severity: 1
line: 1610
column: 28
content: string_symbol

ruleId: SOLIDITY_UPGRADE_TO_050
patternId: 341gim
severity: 1
line: 1622
column: 59
content: string

ruleId: SOLIDITY_UPGRADE_TO_050
patternId: 341gim
severity: 1
line: 1806
column: 26
content: bytes_uri

ruleId: SOLIDITY_UPGRADE_TO_050
patternId: 341gim
severity: 1
line: 1806
column: 79
content: string

SOLIDITY_SAFEMATH :2
SOLIDITY_OVERPOWERED_ROLE :7
SOLIDITY_ARRAY_LENGTH_MANIPULATION :6
SOLIDITY_REVERT_REQUIRE :1
SOLIDITY_PRIVATE_MODIFIER_DONT_HIDE_DATA :6
SOLIDITY_EXTRA_GAS_IN_LOOPS :3
SOLIDITY_ADDRESS_HARDCODED :16
SOLIDITY_UPGRADE_TO_050 :24
SOLIDITY_GAS_LIMIT_IN_LOOPS :3
SOLIDITY_SHOULD_RETURN_STRUCT :1
SOLIDITY_SHOULD_NOT_BE_VIEW :1
SOLIDITY_ERC20_APPROVE :1