INFO:Detectors:[93m
Contract locking ether found in /unique_chucks/10/0x2bd96a92eb83243661ddf0376b975e272db7ee14.sol:
	Contract CreateATTToken has payable functions:
	 - fallback (/unique_chucks/10/0x2bd96a92eb83243661ddf0376b975e272db7ee14.sol#217-218)
	But does not have a function to withdraw the ether
Reference: https://github.com/trailofbits/slither/wiki/Detectors-Documentation#contracts-that-lock-ether[0m
INFO:Detectors:[92m
CreateATTToken.totalSupply (/unique_chucks/10/0x2bd96a92eb83243661ddf0376b975e272db7ee14.sol#132-133) should be declared external
ERC20Interface.totalSupply (/unique_chucks/10/0x2bd96a92eb83243661ddf0376b975e272db7ee14.sol#43-44) should be declared external
ERC20Interface.balanceOf (/unique_chucks/10/0x2bd96a92eb83243661ddf0376b975e272db7ee14.sol#44-45) should be declared external
CreateATTToken.balanceOf (/unique_chucks/10/0x2bd96a92eb83243661ddf0376b975e272db7ee14.sol#140-141) should be declared external
CreateATTToken.allowance (/unique_chucks/10/0x2bd96a92eb83243661ddf0376b975e272db7ee14.sol#195-197) should be declared external
ERC20Interface.allowance (/unique_chucks/10/0x2bd96a92eb83243661ddf0376b975e272db7ee14.sol#45-46) should be declared external
CreateATTToken.transfer (/unique_chucks/10/0x2bd96a92eb83243661ddf0376b975e272db7ee14.sol#147-154) should be declared external
ERC20Interface.transfer (/unique_chucks/10/0x2bd96a92eb83243661ddf0376b975e272db7ee14.sol#46-47) should be declared external
ERC20Interface.approve (/unique_chucks/10/0x2bd96a92eb83243661ddf0376b975e272db7ee14.sol#47-48) should be declared external
CreateATTToken.approve (/unique_chucks/10/0x2bd96a92eb83243661ddf0376b975e272db7ee14.sol#163-171) should be declared external
CreateATTToken.transferFrom (/unique_chucks/10/0x2bd96a92eb83243661ddf0376b975e272db7ee14.sol#179-188) should be declared external
ERC20Interface.transferFrom (/unique_chucks/10/0x2bd96a92eb83243661ddf0376b975e272db7ee14.sol#48-50) should be declared external
ApproveAndCallFallBack.receiveApproval (/unique_chucks/10/0x2bd96a92eb83243661ddf0376b975e272db7ee14.sol#61-65) should be declared external
Owned.transferOwnership (/unique_chucks/10/0x2bd96a92eb83243661ddf0376b975e272db7ee14.sol#84-87) should be declared external
Owned.acceptOwnership (/unique_chucks/10/0x2bd96a92eb83243661ddf0376b975e272db7ee14.sol#87-96) should be declared external
CreateATTToken.approveAndCall (/unique_chucks/10/0x2bd96a92eb83243661ddf0376b975e272db7ee14.sol#203-211) should be declared external
CreateATTToken.fallback (/unique_chucks/10/0x2bd96a92eb83243661ddf0376b975e272db7ee14.sol#217-218) should be declared external
CreateATTToken.transferAnyERC20Token (/unique_chucks/10/0x2bd96a92eb83243661ddf0376b975e272db7ee14.sol) should be declared external
Reference: https://github.com/trailofbits/slither/wiki/Detectors-Documentation#public-function-that-could-be-declared-as-external[0m
INFO:Detectors:[92m
Parameter '_newOwner' of Owned.transferOwnership (/unique_chucks/10/0x2bd96a92eb83243661ddf0376b975e272db7ee14.sol#86) is not in mixedCase
Variable 'CreateATTToken._totalSupply' (/unique_chucks/10/0x2bd96a92eb83243661ddf0376b975e272db7ee14.sol#108-111) is not in mixedCase
Reference: https://github.com/trailofbits/slither/wiki/Detectors-Documentation#conformance-to-solidity-naming-conventions[0m
INFO:Slither:/unique_chucks/10/0x2bd96a92eb83243661ddf0376b975e272db7ee14.sol analyzed (5 contracts), 21 result(s) found