2019-08-03 18:45:43,995: [13] m.main:INFO: Registered plugins: DetectReentrancySimple, DetectInvalid, DetectReentrancyAdvanced, DetectSuicidal, DetectUninitializedStorage, DetectEnvInstruction, DetectUnusedRetVal, DetectUninitializedMemory, DetectExternalCallAndLeak, DetectIntegerOverflow, DetectDelegatecall
2019-08-03 18:45:43,995: [13] m.main:INFO: Beginning analysis
2019-08-03 18:45:44,036: [13] m.e.manticore:INFO: Starting symbolic create contract
2019-08-03 18:45:44,564: [57] m.c.manticore:INFO: Generated testcase No. 0 - NO STATE RESULT (?)(0 txs)
2019-08-03 18:45:44,842: [13] m.c.manticore:INFO: Results in /mcore_kku3gwp3
2019-08-03 18:45:45,595: [316] m.main:INFO: Registered plugins: DetectReentrancySimple, DetectInvalid, DetectUnusedRetVal, DetectEnvInstruction, DetectSuicidal, DetectUninitializedStorage, DetectExternalCallAndLeak, DetectReentrancyAdvanced, DetectDelegatecall, DetectUninitializedMemory, DetectIntegerOverflow
2019-08-03 18:45:45,595: [316] m.main:INFO: Beginning analysis
2019-08-03 18:45:45,631: [316] m.e.manticore:INFO: Starting symbolic create contract
2019-08-03 18:45:56,243: [316] m.e.manticore:INFO: Starting symbolic transaction: 0
2019-08-03 18:46:24,388: [316] m.e.manticore:INFO: 1 alive states, 14 terminated states
2019-08-03 18:46:29,069: [316] m.e.manticore:INFO: Starting symbolic transaction: 1
2019-08-03 18:47:02,969: [316] m.e.manticore:INFO: 1 alive states, 28 terminated states
2019-08-03 18:47:08,751: [3678] m.c.manticore:INFO: Generated testcase No. 0 - RETURN(1 txs)
2019-08-03 18:47:08,936: [3679] m.c.manticore:INFO: Generated testcase No. 1 - STOP(3 txs)
2019-08-03 18:47:09,006: [3674] m.c.manticore:INFO: Generated testcase No. 3 - REVERT(2 txs)
2019-08-03 18:47:09,034: [3683] m.c.manticore:INFO: Generated testcase No. 2 - REVERT(2 txs)
2019-08-03 18:47:09,037: [3681] m.c.manticore:INFO: Generated testcase No. 5 - REVERT(2 txs)
2019-08-03 18:47:09,101: [3676] m.c.manticore:INFO: Generated testcase No. 4 - REVERT(2 txs)
2019-08-03 18:47:09,117: [3688] m.c.manticore:INFO: Generated testcase No. 7 - REVERT(2 txs)
2019-08-03 18:47:09,140: [3685] m.c.manticore:INFO: Generated testcase No. 6 - REVERT(2 txs)
2019-08-03 18:47:47,144: [3678] m.c.manticore:INFO: Generated testcase No. 8 - REVERT(2 txs)
2019-08-03 18:47:48,221: [3688] m.c.manticore:INFO: Generated testcase No. 9 - REVERT(2 txs)
2019-08-03 18:47:48,949: [3676] m.c.manticore:INFO: Generated testcase No. 10 - REVERT(2 txs)
2019-08-03 18:47:49,384: [3674] m.c.manticore:INFO: Generated testcase No. 11 - REVERT(2 txs)
2019-08-03 18:47:50,224: [3679] m.c.manticore:INFO: Generated testcase No. 12 - REVERT(2 txs)
2019-08-03 18:47:51,084: [3685] m.c.manticore:INFO: Generated testcase No. 13 - REVERT(2 txs)
2019-08-03 18:47:51,591: [3683] m.c.manticore:INFO: Generated testcase No. 14 - REVERT(2 txs)
2019-08-03 18:47:51,601: [3681] m.c.manticore:INFO: Generated testcase No. 15 - STOP(2 txs)
2019-08-03 18:48:28,131: [3678] m.c.manticore:INFO: Generated testcase No. 16 - REVERT(3 txs)
2019-08-03 18:48:31,775: [3676] m.c.manticore:INFO: Generated testcase No. 18 - REVERT(3 txs)
2019-08-03 18:48:31,841: [3674] m.c.manticore:INFO: Generated testcase No. 17 - REVERT(3 txs)
2019-08-03 18:48:32,194: [3683] m.c.manticore:INFO: Generated testcase No. 19 - REVERT(3 txs)
2019-08-03 18:48:32,434: [3688] m.c.manticore:INFO: Generated testcase No. 20 - REVERT(3 txs)
2019-08-03 18:48:33,644: [3679] m.c.manticore:INFO: Generated testcase No. 21 - REVERT(3 txs)
2019-08-03 18:48:34,031: [3685] m.c.manticore:INFO: Generated testcase No. 22 - REVERT(3 txs)
2019-08-03 18:48:35,629: [3681] m.c.manticore:INFO: Generated testcase No. 23 - REVERT(3 txs)
2019-08-03 18:49:12,737: [3678] m.c.manticore:INFO: Generated testcase No. 24 - REVERT(3 txs)
2019-08-03 18:49:18,201: [3683] m.c.manticore:INFO: Generated testcase No. 25 - REVERT(3 txs)
2019-08-03 18:49:19,617: [3676] m.c.manticore:INFO: Generated testcase No. 26 - REVERT(3 txs)
2019-08-03 18:49:20,492: [3681] m.c.manticore:INFO: Generated testcase No. 27 - REVERT(3 txs)
2019-08-03 18:49:20,908: [3685] m.c.manticore:INFO: Generated testcase No. 28 - REVERT(3 txs)
2019-08-03 18:49:46,840: [316] m.c.manticore:INFO: Results in /mcore_q25exhqh
2019-08-03 18:49:54,325: [4975] m.main:INFO: Registered plugins: DetectUnusedRetVal, DetectUninitializedStorage, DetectDelegatecall, DetectEnvInstruction, DetectReentrancyAdvanced, DetectIntegerOverflow, DetectUninitializedMemory, DetectSuicidal, DetectExternalCallAndLeak, DetectReentrancySimple, DetectInvalid
2019-08-03 18:49:54,325: [4975] m.main:INFO: Beginning analysis
2019-08-03 18:49:54,342: [4975] m.e.manticore:INFO: Starting symbolic create contract
2019-08-03 18:49:54,832: [5019] m.c.manticore:INFO: Generated testcase No. 0 - NO STATE RESULT (?)(0 txs)
2019-08-03 18:49:55,159: [4975] m.c.manticore:INFO: Results in /mcore_404ojg47
2019-08-03 18:49:55,906: [5278] m.main:INFO: Registered plugins: DetectUnusedRetVal, DetectUninitializedStorage, DetectEnvInstruction, DetectDelegatecall, DetectSuicidal, DetectIntegerOverflow, DetectUninitializedMemory, DetectReentrancyAdvanced, DetectExternalCallAndLeak, DetectReentrancySimple, DetectInvalid
2019-08-03 18:49:55,906: [5278] m.main:INFO: Beginning analysis
2019-08-03 18:49:55,939: [5278] m.e.manticore:INFO: Starting symbolic create contract
2019-08-03 18:49:56,369: [5322] m.c.manticore:INFO: Generated testcase No. 0 - NO STATE RESULT (?)(0 txs)
2019-08-03 18:49:56,667: [5278] m.c.manticore:INFO: Results in /mcore_59kot84t
2019-08-03 18:49:57,497: [5581] m.main:INFO: Registered plugins: DetectDelegatecall, DetectIntegerOverflow, DetectReentrancySimple, DetectInvalid, DetectUnusedRetVal, DetectUninitializedStorage, DetectExternalCallAndLeak, DetectSuicidal, DetectEnvInstruction, DetectReentrancyAdvanced, DetectUninitializedMemory
2019-08-03 18:49:57,498: [5581] m.main:INFO: Beginning analysis
2019-08-03 18:49:57,523: [5581] m.e.manticore:INFO: Starting symbolic create contract
2019-08-03 18:49:57,951: [5625] m.c.manticore:INFO: Generated testcase No. 0 - NO STATE RESULT (?)(0 txs)
2019-08-03 18:49:58,345: [5581] m.c.manticore:INFO: Results in /mcore_jgqystll
2019-08-03 18:49:59,105: [5884] m.main:INFO: Registered plugins: DetectDelegatecall, DetectUninitializedMemory, DetectIntegerOverflow, DetectUnusedRetVal, DetectSuicidal, DetectReentrancySimple, DetectInvalid, DetectExternalCallAndLeak, DetectEnvInstruction, DetectUninitializedStorage, DetectReentrancyAdvanced
2019-08-03 18:49:59,105: [5884] m.main:INFO: Beginning analysis
2019-08-03 18:49:59,127: [5884] m.e.manticore:INFO: Starting symbolic create contract
2019-08-03 18:50:01,986: [5884] m.e.manticore:INFO: Starting symbolic transaction: 0
2019-08-03 18:50:05,271: [5884] m.e.manticore:INFO: 1 alive states, 5 terminated states
2019-08-03 18:50:06,340: [5884] m.e.manticore:INFO: Starting symbolic transaction: 1
2019-08-03 18:50:10,162: [5884] m.e.manticore:INFO: 1 alive states, 10 terminated states
2019-08-03 18:50:11,450: [7533] m.c.manticore:INFO: Generated testcase No. 0 - RETURN(3 txs)
2019-08-03 18:50:11,469: [7537] m.c.manticore:INFO: Generated testcase No. 1 - REVERT(2 txs)
2019-08-03 18:50:11,483: [7542] m.c.manticore:INFO: Generated testcase No. 2 - REVERT(2 txs)
2019-08-03 18:50:11,490: [7535] m.c.manticore:INFO: Generated testcase No. 4 - REVERT(2 txs)
2019-08-03 18:50:11,498: [7543] m.c.manticore:INFO: Generated testcase No. 3 - REVERT(2 txs)
2019-08-03 18:50:11,515: [7540] m.c.manticore:INFO: Generated testcase No. 5 - RETURN(2 txs)
2019-08-03 18:50:11,556: [7536] m.c.manticore:INFO: Generated testcase No. 6 - RETURN(1 txs)
2019-08-03 18:50:21,800: [7536] m.c.manticore:INFO: Generated testcase No. 7 - REVERT(3 txs)
2019-08-03 18:50:22,193: [7535] m.c.manticore:INFO: Generated testcase No. 8 - REVERT(3 txs)
2019-08-03 18:50:22,651: [7537] m.c.manticore:INFO: Generated testcase No. 9 - REVERT(3 txs)
2019-08-03 18:50:22,785: [7542] m.c.manticore:INFO: Generated testcase No. 10 - REVERT(3 txs)
2019-08-03 18:50:27,269: [5884] m.c.manticore:INFO: Results in /mcore_68xcyagh
2019-08-03 18:50:30,213: [8157] m.main:INFO: Registered plugins: DetectEnvInstruction, DetectDelegatecall, DetectReentrancySimple, DetectInvalid, DetectUnusedRetVal, DetectReentrancyAdvanced, DetectUninitializedStorage, DetectIntegerOverflow, DetectSuicidal, DetectExternalCallAndLeak, DetectUninitializedMemory
2019-08-03 18:50:30,213: [8157] m.main:INFO: Beginning analysis
2019-08-03 18:50:30,240: [8157] m.e.manticore:INFO: Starting symbolic create contract
2019-08-03 18:50:41,266: [8157] m.e.manticore:INFO: Starting symbolic transaction: 0
2019-08-03 18:51:12,699: [8157] m.e.manticore:INFO: 6 alive states, 20 terminated states
2019-08-03 18:51:19,735: [8157] m.e.manticore:INFO: Starting symbolic transaction: 1
2019-08-03 18:55:13,854: [8157] m.e.manticore:INFO: 36 alive states, 140 terminated states
2019-08-03 18:55:23,094: [29290] m.c.manticore:INFO: Generated testcase No. 0 - RETURN(3 txs)
2019-08-03 18:55:23,212: [29285] m.c.manticore:INFO: Generated testcase No. 4 - RETURN(3 txs)
2019-08-03 18:55:23,246: [29287] m.c.manticore:INFO: Generated testcase No. 1 - RETURN(3 txs)
2019-08-03 18:55:23,392: [29306] m.c.manticore:INFO: Generated testcase No. 3 - RETURN(3 txs)
2019-08-03 18:55:23,399: [29315] m.c.manticore:INFO: Generated testcase No. 2 - RETURN(3 txs)
2019-08-03 18:55:23,644: [29296] m.c.manticore:INFO: Generated testcase No. 5 - RETURN(3 txs)
2019-08-03 18:55:23,644: [29338] m.c.manticore:INFO: Generated testcase No. 7 - RETURN(3 txs)
2019-08-03 18:55:23,862: [29333] m.c.manticore:INFO: Generated testcase No. 9 - RETURN(3 txs)
2019-08-03 18:55:23,908: [29323] m.c.manticore:INFO: Generated testcase No. 6 - RETURN(3 txs)
2019-08-03 18:55:23,975: [29345] m.c.manticore:INFO: Generated testcase No. 8 - RETURN(3 txs)
2019-08-03 18:56:22,519: [29345] m.c.manticore:INFO: Generated testcase No. 10 - RETURN(3 txs)
2019-08-03 18:56:23,583: [29306] m.c.manticore:INFO: Generated testcase No. 11 - RETURN(3 txs)
2019-08-03 18:56:25,436: [29315] m.c.manticore:INFO: Generated testcase No. 12 - RETURN(3 txs)
2019-08-03 18:56:26,932: [29296] m.c.manticore:INFO: Generated testcase No. 13 - RETURN(3 txs)
2019-08-03 18:56:27,322: [29285] m.c.manticore:INFO: Generated testcase No. 14 - RETURN(3 txs)
2019-08-03 18:56:27,821: [29333] m.c.manticore:INFO: Generated testcase No. 15 - RETURN(3 txs)
2019-08-03 18:56:28,392: [29287] m.c.manticore:INFO: Generated testcase No. 16 - RETURN(3 txs)
2019-08-03 18:56:28,938: [29290] m.c.manticore:INFO: Generated testcase No. 17 - RETURN(3 txs)
2019-08-03 18:56:29,241: [29323] m.c.manticore:INFO: Generated testcase No. 18 - RETURN(3 txs)
2019-08-03 18:56:29,775: [29338] m.c.manticore:INFO: Generated testcase No. 19 - RETURN(3 txs)
2019-08-03 18:57:26,484: [29345] m.c.manticore:INFO: Generated testcase No. 20 - RETURN(3 txs)
2019-08-03 18:57:27,898: [29315] m.c.manticore:INFO: Generated testcase No. 21 - RETURN(3 txs)
2019-08-03 18:57:28,405: [29296] m.c.manticore:INFO: Generated testcase No. 22 - RETURN(3 txs)
2019-08-03 18:57:30,027: [29290] m.c.manticore:INFO: Generated testcase No. 23 - RETURN(3 txs)
2019-08-03 18:57:30,980: [29333] m.c.manticore:INFO: Generated testcase No. 24 - RETURN(3 txs)
2019-08-03 18:57:32,996: [29287] m.c.manticore:INFO: Generated testcase No. 25 - RETURN(3 txs)
2019-08-03 18:57:33,201: [29285] m.c.manticore:INFO: Generated testcase No. 26 - RETURN(3 txs)
2019-08-03 18:57:33,397: [29306] m.c.manticore:INFO: Generated testcase No. 28 - RETURN(3 txs)
2019-08-03 18:57:33,513: [29323] m.c.manticore:INFO: Generated testcase No. 27 - RETURN(3 txs)
2019-08-03 18:57:33,701: [29338] m.c.manticore:INFO: Generated testcase No. 29 - RETURN(3 txs)
2019-08-03 18:58:36,988: [29333] m.c.manticore:INFO: Generated testcase No. 30 - RETURN(3 txs)
2019-08-03 18:58:37,305: [29315] m.c.manticore:INFO: Generated testcase No. 31 - RETURN(3 txs)
2019-08-03 18:58:37,509: [29290] m.c.manticore:INFO: Generated testcase No. 32 - RETURN(3 txs)
2019-08-03 18:58:38,108: [29287] m.c.manticore:INFO: Generated testcase No. 33 - RETURN(3 txs)
2019-08-03 18:58:38,535: [29296] m.c.manticore:INFO: Generated testcase No. 34 - RETURN(3 txs)
2019-08-03 18:58:38,614: [29345] m.c.manticore:INFO: Generated testcase No. 35 - RETURN(3 txs)
2019-08-03 18:58:41,122: [29323] m.c.manticore:INFO: Generated testcase No. 36 - RETURN(1 txs)
2019-08-03 18:58:41,732: [29306] m.c.manticore:INFO: Generated testcase No. 37 - REVERT(2 txs)
2019-08-03 18:58:41,738: [29338] m.c.manticore:INFO: Generated testcase No. 38 - REVERT(2 txs)
2019-08-03 18:58:42,904: [29285] m.c.manticore:INFO: Generated testcase No. 39 - REVERT(2 txs)
2019-08-03 18:59:40,411: [29323] m.c.manticore:INFO: Generated testcase No. 40 - REVERT(2 txs)
2019-08-03 18:59:41,683: [29338] m.c.manticore:INFO: Generated testcase No. 41 - REVERT(2 txs)
2019-08-03 18:59:43,835: [29306] m.c.manticore:INFO: Generated testcase No. 42 - REVERT(2 txs)
2019-08-03 18:59:44,606: [29333] m.c.manticore:INFO: Generated testcase No. 43 - REVERT(2 txs)
2019-08-03 18:59:44,803: [29315] m.c.manticore:INFO: Generated testcase No. 44 - REVERT(2 txs)
2019-08-03 18:59:45,225: [29287] m.c.manticore:INFO: Generated testcase No. 45 - REVERT(2 txs)
2019-08-03 18:59:45,504: [29296] m.c.manticore:INFO: Generated testcase No. 47 - REVERT(2 txs)
2019-08-03 18:59:45,700: [29290] m.c.manticore:INFO: Generated testcase No. 46 - REVERT(2 txs)
2019-08-03 18:59:47,109: [29285] m.c.manticore:INFO: Generated testcase No. 48 - REVERT(2 txs)
2019-08-03 18:59:47,603: [29345] m.c.manticore:INFO: Generated testcase No. 49 - REVERT(2 txs)
2019-08-03 19:00:40,381: [29323] m.c.manticore:INFO: Generated testcase No. 50 - REVERT(2 txs)
2019-08-03 19:00:41,902: [29338] m.c.manticore:INFO: Generated testcase No. 51 - REVERT(2 txs)
2019-08-03 19:00:44,217: [29287] m.c.manticore:INFO: Generated testcase No. 52 - REVERT(2 txs)
2019-08-03 19:00:45,915: [29306] m.c.manticore:INFO: Generated testcase No. 53 - REVERT(2 txs)
2019-08-03 19:00:47,805: [29333] m.c.manticore:INFO: Generated testcase No. 54 - RETURN(2 txs)
2019-08-03 19:00:48,086: [29296] m.c.manticore:INFO: Generated testcase No. 55 - REVERT(2 txs)
2019-08-03 19:00:48,575: [29290] m.c.manticore:INFO: Generated testcase No. 56 - REVERT(2 txs)
2019-08-03 19:00:48,680: [29285] m.c.manticore:INFO: Generated testcase No. 57 - RETURN(2 txs)
2019-08-03 19:00:49,432: [29315] m.c.manticore:INFO: Generated testcase No. 58 - RETURN(2 txs)
2019-08-03 19:00:50,010: [29345] m.c.manticore:INFO: Generated testcase No. 59 - RETURN(2 txs)
2019-08-03 19:01:35,922: [29323] m.c.manticore:INFO: Generated testcase No. 60 - REVERT(3 txs)
2019-08-03 19:01:46,906: [29338] m.c.manticore:INFO: Generated testcase No. 64 - REVERT(3 txs)
2019-08-03 19:01:46,933: [29287] m.c.manticore:INFO: Generated testcase No. 61 - RETURN(2 txs)
2019-08-03 19:01:47,025: [29306] m.c.manticore:INFO: Generated testcase No. 62 - REVERT(3 txs)
2019-08-03 19:01:48,405: [29296] m.c.manticore:INFO: Generated testcase No. 65 - REVERT(3 txs)
2019-08-03 19:01:51,609: [29345] m.c.manticore:INFO: Generated testcase No. 67 - REVERT(3 txs)
2019-08-03 19:01:51,809: [29290] m.c.manticore:INFO: Generated testcase No. 63 - REVERT(3 txs)
2019-08-03 19:01:52,192: [29333] m.c.manticore:INFO: Generated testcase No. 68 - REVERT(3 txs)
2019-08-03 19:01:52,579: [29315] m.c.manticore:INFO: Generated testcase No. 69 - RETURN(2 txs)
2019-08-03 19:01:53,908: [29285] m.c.manticore:INFO: Generated testcase No. 66 - REVERT(3 txs)
2019-08-03 19:02:42,897: [29323] m.c.manticore:INFO: Generated testcase No. 70 - REVERT(3 txs)
2019-08-03 19:02:49,321: [29338] m.c.manticore:INFO: Generated testcase No. 71 - REVERT(3 txs)
2019-08-03 19:02:49,805: [29287] m.c.manticore:INFO: Generated testcase No. 72 - REVERT(3 txs)
2019-08-03 19:02:50,322: [29306] m.c.manticore:INFO: Generated testcase No. 73 - REVERT(3 txs)
2019-08-03 19:02:50,830: [29315] m.c.manticore:INFO: Generated testcase No. 74 - REVERT(3 txs)
2019-08-03 19:02:54,090: [29345] m.c.manticore:INFO: Generated testcase No. 75 - REVERT(3 txs)
2019-08-03 19:02:55,279: [29333] m.c.manticore:INFO: Generated testcase No. 76 - REVERT(3 txs)
2019-08-03 19:02:56,291: [29290] m.c.manticore:INFO: Generated testcase No. 77 - REVERT(3 txs)
2019-08-03 19:02:57,207: [29296] m.c.manticore:INFO: Generated testcase No. 78 - REVERT(3 txs)
2019-08-03 19:02:59,181: [29285] m.c.manticore:INFO: Generated testcase No. 79 - REVERT(3 txs)
2019-08-03 19:03:48,714: [29323] m.c.manticore:INFO: Generated testcase No. 80 - REVERT(3 txs)
2019-08-03 19:03:56,781: [29306] m.c.manticore:INFO: Generated testcase No. 81 - REVERT(3 txs)
2019-08-03 19:03:56,921: [29287] m.c.manticore:INFO: Generated testcase No. 82 - REVERT(3 txs)
2019-08-03 19:03:57,033: [29338] m.c.manticore:INFO: Generated testcase No. 83 - REVERT(3 txs)
2019-08-03 19:03:58,984: [29315] m.c.manticore:INFO: Generated testcase No. 84 - REVERT(3 txs)
2019-08-03 19:03:59,713: [29333] m.c.manticore:INFO: Generated testcase No. 85 - REVERT(3 txs)
2019-08-03 19:04:00,684: [29290] m.c.manticore:INFO: Generated testcase No. 87 - REVERT(3 txs)
2019-08-03 19:04:01,084: [29345] m.c.manticore:INFO: Generated testcase No. 86 - REVERT(3 txs)
2019-08-03 19:04:03,915: [29296] m.c.manticore:INFO: Generated testcase No. 88 - REVERT(3 txs)
2019-08-03 19:04:05,995: [29285] m.c.manticore:INFO: Generated testcase No. 89 - REVERT(3 txs)
2019-08-03 19:04:56,779: [29323] m.c.manticore:INFO: Generated testcase No. 90 - REVERT(3 txs)
2019-08-03 19:04:59,325: [29306] m.c.manticore:INFO: Generated testcase No. 91 - REVERT(3 txs)
2019-08-03 19:05:01,880: [29338] m.c.manticore:INFO: Generated testcase No. 92 - REVERT(3 txs)
2019-08-03 19:05:06,888: [29315] m.c.manticore:INFO: Generated testcase No. 93 - REVERT(3 txs)
2019-08-03 19:05:06,917: [29345] m.c.manticore:INFO: Generated testcase No. 94 - REVERT(3 txs)
2019-08-03 19:05:07,386: [29333] m.c.manticore:INFO: Generated testcase No. 95 - REVERT(3 txs)
2019-08-03 19:05:07,502: [29287] m.c.manticore:INFO: Generated testcase No. 96 - REVERT(3 txs)
2019-08-03 19:05:08,979: [29296] m.c.manticore:INFO: Generated testcase No. 97 - REVERT(3 txs)
2019-08-03 19:05:09,239: [29290] m.c.manticore:INFO: Generated testcase No. 98 - REVERT(3 txs)
2019-08-03 19:05:12,905: [29285] m.c.manticore:INFO: Generated testcase No. 99 - REVERT(3 txs)
2019-08-03 19:06:04,715: [29306] m.c.manticore:INFO: Generated testcase No. 100 - REVERT(3 txs)
2019-08-03 19:06:04,918: [29323] m.c.manticore:INFO: Generated testcase No. 101 - REVERT(3 txs)
2019-08-03 19:06:07,099: [29338] m.c.manticore:INFO: Generated testcase No. 102 - REVERT(3 txs)
2019-08-03 19:06:12,199: [29287] m.c.manticore:INFO: Generated testcase No. 103 - REVERT(3 txs)
2019-08-03 19:06:13,535: [29315] m.c.manticore:INFO: Generated testcase No. 104 - REVERT(3 txs)
2019-08-03 19:06:13,535: [29333] m.c.manticore:INFO: Generated testcase No. 105 - REVERT(3 txs)
2019-08-03 19:06:15,718: [29290] m.c.manticore:INFO: Generated testcase No. 106 - REVERT(3 txs)
2019-08-03 19:06:16,311: [29345] m.c.manticore:INFO: Generated testcase No. 107 - REVERT(3 txs)
2019-08-03 19:06:16,519: [29296] m.c.manticore:INFO: Generated testcase No. 108 - REVERT(3 txs)
2019-08-03 19:06:18,522: [29285] m.c.manticore:INFO: Generated testcase No. 109 - REVERT(3 txs)
2019-08-03 19:07:10,813: [29338] m.c.manticore:INFO: Generated testcase No. 110 - REVERT(3 txs)
2019-08-03 19:07:13,186: [29306] m.c.manticore:INFO: Generated testcase No. 111 - REVERT(3 txs)
2019-08-03 19:07:13,307: [29287] m.c.manticore:INFO: Generated testcase No. 112 - REVERT(3 txs)
2019-08-03 19:07:14,390: [29290] m.c.manticore:INFO: Generated testcase No. 113 - REVERT(3 txs)
2019-08-03 19:07:16,021: [29323] m.c.manticore:INFO: Generated testcase No. 114 - REVERT(3 txs)
2019-08-03 19:07:20,324: [29315] m.c.manticore:INFO: Generated testcase No. 115 - REVERT(3 txs)
2019-08-03 19:07:21,982: [29333] m.c.manticore:INFO: Generated testcase No. 116 - REVERT(3 txs)
2019-08-03 19:07:22,908: [29296] m.c.manticore:INFO: Generated testcase No. 117 - REVERT(3 txs)
2019-08-03 19:07:23,191: [29345] m.c.manticore:INFO: Generated testcase No. 118 - REVERT(3 txs)
2019-08-03 19:07:27,989: [29285] m.c.manticore:INFO: Generated testcase No. 119 - REVERT(3 txs)
2019-08-03 19:08:17,496: [29338] m.c.manticore:INFO: Generated testcase No. 120 - REVERT(3 txs)
2019-08-03 19:08:20,983: [29323] m.c.manticore:INFO: Generated testcase No. 121 - REVERT(3 txs)
2019-08-03 19:08:21,015: [29290] m.c.manticore:INFO: Generated testcase No. 122 - REVERT(3 txs)
2019-08-03 19:08:21,603: [29306] m.c.manticore:INFO: Generated testcase No. 123 - REVERT(3 txs)
2019-08-03 19:08:23,688: [29287] m.c.manticore:INFO: Generated testcase No. 124 - REVERT(3 txs)
2019-08-03 19:08:28,108: [29333] m.c.manticore:INFO: Generated testcase No. 126 - REVERT(3 txs)
2019-08-03 19:08:29,515: [29315] m.c.manticore:INFO: Generated testcase No. 127 - REVERT(3 txs)
2019-08-03 19:08:31,702: [29345] m.c.manticore:INFO: Generated testcase No. 128 - REVERT(3 txs)
2019-08-03 19:08:32,621: [29296] m.c.manticore:INFO: Generated testcase No. 125 - REVERT(3 txs)
2019-08-03 19:08:39,692: [29285] m.c.manticore:INFO: Generated testcase No. 129 - REVERT(3 txs)
2019-08-03 19:09:17,609: [29338] m.c.manticore:INFO: Generated testcase No. 130 - REVERT(3 txs)
2019-08-03 19:09:24,290: [29306] m.c.manticore:INFO: Generated testcase No. 131 - REVERT(3 txs)
2019-08-03 19:09:31,317: [29290] m.c.manticore:INFO: Generated testcase No. 132 - REVERT(3 txs)
2019-08-03 19:09:32,133: [29315] m.c.manticore:INFO: Generated testcase No. 133 - REVERT(3 txs)
2019-08-03 19:09:33,043: [29287] m.c.manticore:INFO: Generated testcase No. 134 - REVERT(3 txs)
2019-08-03 19:09:35,007: [29345] m.c.manticore:INFO: Generated testcase No. 135 - REVERT(3 txs)
2019-08-03 19:09:35,378: [29323] m.c.manticore:INFO: Generated testcase No. 136 - REVERT(3 txs)
2019-08-03 19:09:35,708: [29296] m.c.manticore:INFO: Generated testcase No. 137 - REVERT(3 txs)
2019-08-03 19:09:36,483: [29333] m.c.manticore:INFO: Generated testcase No. 138 - REVERT(3 txs)
2019-08-03 19:09:42,593: [29285] m.c.manticore:INFO: Generated testcase No. 139 - REVERT(3 txs)
2019-08-03 19:10:27,713: [29338] m.c.manticore:INFO: Generated testcase No. 140 - REVERT(3 txs)
2019-08-03 19:10:37,679: [29306] m.c.manticore:INFO: Generated testcase No. 141 - REVERT(3 txs)
2019-08-03 19:10:39,807: [29290] m.c.manticore:INFO: Generated testcase No. 142 - REVERT(3 txs)
2019-08-03 19:10:42,314: [29287] m.c.manticore:INFO: Generated testcase No. 143 - REVERT(3 txs)
2019-08-03 19:10:42,884: [29315] m.c.manticore:INFO: Generated testcase No. 144 - REVERT(3 txs)
2019-08-03 19:10:44,216: [29323] m.c.manticore:INFO: Generated testcase No. 145 - REVERT(3 txs)
2019-08-03 19:10:46,114: [29296] m.c.manticore:INFO: Generated testcase No. 146 - REVERT(3 txs)
2019-08-03 19:10:46,278: [29345] m.c.manticore:INFO: Generated testcase No. 147 - REVERT(3 txs)
2019-08-03 19:10:49,004: [29333] m.c.manticore:INFO: Generated testcase No. 148 - REVERT(3 txs)
2019-08-03 19:10:53,406: [29285] m.c.manticore:INFO: Generated testcase No. 149 - REVERT(3 txs)
2019-08-03 19:11:38,075: [29338] m.c.manticore:INFO: Generated testcase No. 150 - REVERT(3 txs)
2019-08-03 19:11:44,210: [29306] m.c.manticore:INFO: Generated testcase No. 151 - REVERT(3 txs)
2019-08-03 19:11:47,437: [29290] m.c.manticore:INFO: Generated testcase No. 153 - REVERT(3 txs)
2019-08-03 19:11:49,881: [29287] m.c.manticore:INFO: Generated testcase No. 152 - REVERT(3 txs)
2019-08-03 19:11:50,196: [29315] m.c.manticore:INFO: Generated testcase No. 154 - REVERT(3 txs)
2019-08-03 19:11:51,019: [29296] m.c.manticore:INFO: Generated testcase No. 155 - REVERT(3 txs)
2019-08-03 19:11:53,029: [29333] m.c.manticore:INFO: Generated testcase No. 156 - REVERT(3 txs)
2019-08-03 19:11:53,889: [29345] m.c.manticore:INFO: Generated testcase No. 157 - REVERT(3 txs)
2019-08-03 19:11:55,875: [29323] m.c.manticore:INFO: Generated testcase No. 158 - REVERT(3 txs)
2019-08-03 19:12:00,694: [29285] m.c.manticore:INFO: Generated testcase No. 159 - REVERT(3 txs)
2019-08-03 19:12:47,220: [29338] m.c.manticore:INFO: Generated testcase No. 160 - REVERT(3 txs)
2019-08-03 19:12:51,799: [29287] m.c.manticore:INFO: Generated testcase No. 161 - REVERT(3 txs)
2019-08-03 19:12:56,192: [29306] m.c.manticore:INFO: Generated testcase No. 163 - REVERT(3 txs)
2019-08-03 19:12:58,425: [29315] m.c.manticore:INFO: Generated testcase No. 164 - REVERT(3 txs)
2019-08-03 19:12:58,630: [29290] m.c.manticore:INFO: Generated testcase No. 162 - REVERT(3 txs)
2019-08-03 19:13:00,005: [29333] m.c.manticore:INFO: Generated testcase No. 165 - REVERT(3 txs)
2019-08-03 19:13:00,595: [29345] m.c.manticore:INFO: Generated testcase No. 166 - REVERT(3 txs)
2019-08-03 19:13:01,636: [29296] m.c.manticore:INFO: Generated testcase No. 167 - REVERT(3 txs)
2019-08-03 19:13:02,301: [29323] m.c.manticore:INFO: Generated testcase No. 168 - REVERT(3 txs)
2019-08-03 19:13:08,186: [29285] m.c.manticore:INFO: Generated testcase No. 169 - REVERT(3 txs)
2019-08-03 19:13:58,589: [29338] m.c.manticore:INFO: Generated testcase No. 170 - REVERT(3 txs)
2019-08-03 19:14:01,018: [29287] m.c.manticore:INFO: Generated testcase No. 171 - REVERT(3 txs)
2019-08-03 19:14:03,576: [29290] m.c.manticore:INFO: Generated testcase No. 172 - REVERT(3 txs)
2019-08-03 19:14:04,001: [29333] m.c.manticore:INFO: Generated testcase No. 173 - REVERT(3 txs)
2019-08-03 19:14:06,402: [29306] m.c.manticore:INFO: Generated testcase No. 174 - REVERT(3 txs)
2019-08-03 19:14:06,875: [29315] m.c.manticore:INFO: Generated testcase No. 175 - REVERT(3 txs)
2019-08-03 19:14:43,337: [8157] m.c.manticore:INFO: Results in /mcore_zke3y26_
2019-08-03 19:14:53,274: [3098] m.main:INFO: Registered plugins: DetectDelegatecall, DetectReentrancySimple, DetectInvalid, DetectUnusedRetVal, DetectReentrancyAdvanced, DetectUninitializedStorage, DetectExternalCallAndLeak, DetectSuicidal, DetectEnvInstruction, DetectIntegerOverflow, DetectUninitializedMemory
2019-08-03 19:14:53,274: [3098] m.main:INFO: Beginning analysis
2019-08-03 19:14:53,323: [3098] m.e.manticore:INFO: Starting symbolic create contract
2019-08-03 19:15:03,773: [3098] m.e.manticore:INFO: Starting symbolic transaction: 0