2019-07-25 16:05:07,526: [12] m.main:INFO: Registered plugins: DetectReentrancySimple, DetectInvalid, DetectSuicidal, DetectUninitializedMemory, DetectIntegerOverflow, DetectDelegatecall, DetectEnvInstruction, DetectReentrancyAdvanced, DetectUnusedRetVal, DetectExternalCallAndLeak, DetectUninitializedStorage
2019-07-25 16:05:07,526: [12] m.main:INFO: Beginning analysis
2019-07-25 16:05:07,540: [12] m.e.manticore:INFO: Starting symbolic create contract
2019-07-25 16:05:08,908: [12] m.e.manticore:INFO: Starting symbolic transaction: 0
2019-07-25 16:05:09,849: [12] m.e.manticore:INFO: 0 alive states, 2 terminated states
2019-07-25 16:05:10,013: [12] m.e.manticore:INFO: Starting symbolic transaction: 1
2019-07-25 16:05:10,050: [582] m.c.manticore:INFO: Generated testcase No. 0 - RETURN(1 txs)
2019-07-25 16:05:10,142: [583] m.c.manticore:INFO: Generated testcase No. 1 - REVERT(2 txs)
2019-07-25 16:05:11,243: [12] m.c.manticore:INFO: Results in /mcore_ryu6kuf7
2019-07-25 16:05:12,302: [897] m.main:INFO: Registered plugins: DetectReentrancySimple, DetectInvalid, DetectSuicidal, DetectUnusedRetVal, DetectUninitializedStorage, DetectEnvInstruction, DetectDelegatecall, DetectReentrancyAdvanced, DetectUninitializedMemory, DetectExternalCallAndLeak, DetectIntegerOverflow
2019-07-25 16:05:12,303: [897] m.main:INFO: Beginning analysis
2019-07-25 16:05:12,320: [897] m.e.manticore:INFO: Starting symbolic create contract
2019-07-25 16:05:12,614: [941] m.c.manticore:INFO: Generated testcase No. 0 - NO STATE RESULT (?)(0 txs)
2019-07-25 16:05:13,050: [897] m.c.manticore:INFO: Results in /mcore_sthuvwaq
2019-07-25 16:05:13,916: [1200] m.main:INFO: Registered plugins: DetectExternalCallAndLeak, DetectUnusedRetVal, DetectReentrancySimple, DetectInvalid, DetectDelegatecall, DetectEnvInstruction, DetectUninitializedStorage, DetectReentrancyAdvanced, DetectIntegerOverflow, DetectUninitializedMemory, DetectSuicidal
2019-07-25 16:05:13,917: [1200] m.main:INFO: Beginning analysis
2019-07-25 16:05:13,930: [1200] m.e.manticore:INFO: Starting symbolic create contract
2019-07-25 16:05:14,153: [1244] m.c.manticore:INFO: Generated testcase No. 0 - NO STATE RESULT (?)(0 txs)
2019-07-25 16:05:14,648: [1200] m.c.manticore:INFO: Results in /mcore__e48g4qt
2019-07-25 16:05:15,352: [1503] m.main:INFO: Registered plugins: DetectUninitializedMemory, DetectIntegerOverflow, DetectInvalid, DetectExternalCallAndLeak, DetectSuicidal, DetectReentrancySimple, DetectUnusedRetVal, DetectEnvInstruction, DetectReentrancyAdvanced, DetectUninitializedStorage, DetectDelegatecall
2019-07-25 16:05:15,352: [1503] m.main:INFO: Beginning analysis
2019-07-25 16:05:15,408: [1503] m.e.manticore:INFO: Starting symbolic create contract
2019-07-25 16:05:17,994: [1503] m.e.manticore:INFO: Starting symbolic transaction: 0
2019-07-25 16:05:39,347: [1503] m.e.manticore:INFO: 3 alive states, 7 terminated states
2019-07-25 16:05:40,549: [1503] m.e.manticore:INFO: Starting symbolic transaction: 1
2019-07-25 16:07:29,864: [1503] m.e.manticore:INFO: 9 alive states, 28 terminated states
2019-07-25 16:07:32,299: [7109] m.c.manticore:INFO: Generated testcase No. 0 - RETURN(3 txs)
2019-07-25 16:07:32,470: [7086] m.c.manticore:INFO: Generated testcase No. 3 - RETURN(3 txs)
2019-07-25 16:07:32,607: [7095] m.c.manticore:INFO: Generated testcase No. 2 - RETURN(3 txs)
2019-07-25 16:07:32,668: [7089] m.c.manticore:INFO: Generated testcase No. 1 - RETURN(3 txs)
2019-07-25 16:07:32,804: [7087] m.c.manticore:INFO: Generated testcase No. 4 - RETURN(3 txs)
2019-07-25 16:07:32,878: [7104] m.c.manticore:INFO: Generated testcase No. 6 - RETURN(3 txs)
2019-07-25 16:07:33,170: [7100] m.c.manticore:INFO: Generated testcase No. 7 - RETURN(3 txs)
2019-07-25 16:07:33,185: [7092] m.c.manticore:INFO: Generated testcase No. 5 - RETURN(3 txs)
2019-07-25 16:08:00,795: [7109] m.c.manticore:INFO: Generated testcase No. 8 - RETURN(3 txs)
2019-07-25 16:08:02,982: [7095] m.c.manticore:INFO: Generated testcase No. 9 - RETURN(1 txs)
2019-07-25 16:08:03,888: [7100] m.c.manticore:INFO: Generated testcase No. 10 - REVERT(2 txs)
2019-07-25 16:08:05,893: [7086] m.c.manticore:INFO: Generated testcase No. 11 - REVERT(2 txs)
2019-07-25 16:08:12,112: [7104] m.c.manticore:INFO: Generated testcase No. 12 - REVERT(2 txs)
2019-07-25 16:08:16,059: [7087] m.c.manticore:INFO: Generated testcase No. 13 - REVERT(2 txs)
2019-07-25 16:08:16,571: [7092] m.c.manticore:INFO: Generated testcase No. 14 - REVERT(2 txs)
2019-07-25 16:08:24,356: [7095] m.c.manticore:INFO: Generated testcase No. 15 - REVERT(2 txs)
2019-07-25 16:08:27,357: [7100] m.c.manticore:INFO: Generated testcase No. 16 - RETURN(2 txs)
2019-07-25 16:08:27,596: [7086] m.c.manticore:INFO: Generated testcase No. 17 - RETURN(2 txs)
2019-07-25 16:08:32,882: [7104] m.c.manticore:INFO: Generated testcase No. 18 - RETURN(2 txs)
2019-07-25 16:08:33,464: [7109] m.c.manticore:INFO: Generated testcase No. 19 - REVERT(3 txs)
2019-07-25 16:08:38,497: [7092] m.c.manticore:INFO: Generated testcase No. 20 - REVERT(3 txs)
2019-07-25 16:08:39,202: [7089] m.c.manticore:INFO: Generated testcase No. 21 - REVERT(3 txs)
2019-07-25 16:08:41,070: [7087] m.c.manticore:INFO: Generated testcase No. 22 - REVERT(3 txs)
2019-07-25 16:08:49,594: [7100] m.c.manticore:INFO: Generated testcase No. 23 - REVERT(3 txs)
2019-07-25 16:08:50,501: [7086] m.c.manticore:INFO: Generated testcase No. 24 - REVERT(3 txs)
2019-07-25 16:08:50,672: [7095] m.c.manticore:INFO: Generated testcase No. 25 - REVERT(3 txs)
2019-07-25 16:09:02,861: [7104] m.c.manticore:INFO: Generated testcase No. 26 - REVERT(3 txs)
2019-07-25 16:09:03,582: [7109] m.c.manticore:INFO: Generated testcase No. 27 - REVERT(3 txs)
2019-07-25 16:09:05,611: [7089] m.c.manticore:INFO: Generated testcase No. 28 - REVERT(3 txs)
2019-07-25 16:09:07,074: [7087] m.c.manticore:INFO: Generated testcase No. 29 - REVERT(3 txs)
2019-07-25 16:09:13,862: [7092] m.c.manticore:INFO: Generated testcase No. 30 - REVERT(3 txs)
2019-07-25 16:09:20,367: [7100] m.c.manticore:INFO: Generated testcase No. 31 - REVERT(3 txs)
2019-07-25 16:09:21,002: [7086] m.c.manticore:INFO: Generated testcase No. 32 - REVERT(3 txs)
2019-07-25 16:09:25,664: [7095] m.c.manticore:INFO: Generated testcase No. 33 - REVERT(3 txs)
2019-07-25 16:09:33,290: [7104] m.c.manticore:INFO: Generated testcase No. 34 - REVERT(3 txs)
2019-07-25 16:09:33,409: [7089] m.c.manticore:INFO: Generated testcase No. 35 - REVERT(3 txs)
2019-07-25 16:09:39,078: [7109] m.c.manticore:INFO: Generated testcase No. 36 - REVERT(3 txs)
2019-07-25 16:09:54,440: [1503] m.c.manticore:INFO: Results in /mcore_meanjenj
2019-07-25 16:09:57,313: [8456] m.main:INFO: Registered plugins: DetectUninitializedMemory, DetectUnusedRetVal, DetectIntegerOverflow, DetectReentrancyAdvanced, DetectReentrancySimple, DetectInvalid, DetectEnvInstruction, DetectSuicidal, DetectUninitializedStorage, DetectDelegatecall, DetectExternalCallAndLeak
2019-07-25 16:09:57,313: [8456] m.main:INFO: Beginning analysis
2019-07-25 16:09:57,327: [8456] m.e.manticore:INFO: Starting symbolic create contract
2019-07-25 16:10:02,529: [8456] m.e.manticore:INFO: Starting symbolic transaction: 0
2019-07-25 16:11:34,523: [8456] m.e.manticore:INFO: 6 alive states, 12 terminated states
2019-07-25 16:11:37,661: [8456] m.e.manticore:INFO: Starting symbolic transaction: 1
2019-07-25 16:18:52,115: [12448] m.e.detectors:WARNING: Potentially reading uninitialized storage