/unique_contracts/0x8522d00c368a0810c7684da6714f1a66d0f9d5b8.sol
jar:file:/usr/local/lib/node_modules/@smartdec/smartcheck/jdeploy-bundle/smartcheck-2.0-jar-with-dependencies.jar!/solidity-rules.xmlruleId: SOLIDITY_ADDRESS_HARDCODED
patternId: adc165
severity: 1
line: 10
column: 23
content: 0x60Bb29928F16D1295731A1B72516892D33b1e8df

ruleId: SOLIDITY_ADDRESS_HARDCODED
patternId: adc165
severity: 1
line: 24
column: 28
content: 0xA9931dEf75784C50e27506d9acC4c58611bd5103

ruleId: SOLIDITY_LOCKED_MONEY
patternId: 30281d
severity: 3
line: 7
column: 0
content: contractKaiserExTokenCrowdsale{TokenpublictokenReward;addressICOowner=0x60Bb29928F16D1295731A1B72516892D33b1e8df;uint256publicstartDate;uint256publicendPresaleDate;uint256publicendDate;uint256publicpresaleAmount;eventFundTransfer(addressbacker,uintamount,boolisContribution);functionKaiserExTokenCrowdsale()public{startDate=1513209600;endPresaleDate=startDate+8days;endDate=endPresaleDate+30days;tokenReward=Token(0xA9931dEf75784C50e27506d9acC4c58611bd5103);presaleAmount=12000000*1ether;}function()payablepublic{require(msg.value>0);require(now>startDate);require(now<endDate);uintamount=msg.value*1000;if(now<endPresaleDate){amount=msg.value*1200;require(presaleAmount>=amount);presaleAmount-=amount;}require(amount>=5*1ether);tokenReward.transfer(msg.sender,amount);FundTransfer(msg.sender,amount,true);ICOowner.transfer(msg.value);}}

ruleId: SOLIDITY_PRAGMAS_VERSION
patternId: 23fc32
severity: 1
line: 1
column: 16
content: ^

ruleId: SOLIDITY_UPGRADE_TO_050
patternId: 91h3sa
severity: 1
line: 28
column: 24
content: public

ruleId: SOLIDITY_VISIBILITY
patternId: 23rt6g
severity: 1
line: 4
column: 53
content: public

ruleId: SOLIDITY_VISIBILITY
patternId: b51ce0
severity: 1
line: 10
column: 4
content: addressICOowner=0x60Bb29928F16D1295731A1B72516892D33b1e8df;

SOLIDITY_VISIBILITY :2
SOLIDITY_PRAGMAS_VERSION :1
SOLIDITY_LOCKED_MONEY :1
SOLIDITY_ADDRESS_HARDCODED :2
SOLIDITY_UPGRADE_TO_050 :1