2019-07-26 06:30:22,509: [12] m.main:INFO: Registered plugins: DetectReentrancySimple, DetectInvalid, DetectDelegatecall, DetectUninitializedStorage, DetectIntegerOverflow, DetectExternalCallAndLeak, DetectUnusedRetVal, DetectUninitializedMemory, DetectReentrancyAdvanced, DetectEnvInstruction, DetectSuicidal
2019-07-26 06:30:22,509: [12] m.main:INFO: Beginning analysis
2019-07-26 06:30:22,578: [12] m.e.manticore:INFO: Starting symbolic create contract
2019-07-26 06:30:24,185: [12] m.e.manticore:INFO: Starting symbolic transaction: 0
2019-07-26 06:30:25,478: [12] m.e.manticore:INFO: 0 alive states, 2 terminated states
2019-07-26 06:30:25,686: [12] m.e.manticore:INFO: Starting symbolic transaction: 1
2019-07-26 06:30:25,882: [582] m.c.manticore:INFO: Generated testcase No. 0 - RETURN(1 txs)
2019-07-26 06:30:25,903: [583] m.c.manticore:INFO: Generated testcase No. 1 - REVERT(2 txs)
2019-07-26 06:30:27,382: [12] m.c.manticore:INFO: Results in /mcore_lfu5b64j
2019-07-26 06:30:28,660: [897] m.main:INFO: Registered plugins: DetectReentrancyAdvanced, DetectUnusedRetVal, DetectEnvInstruction, DetectIntegerOverflow, DetectReentrancySimple, DetectInvalid, DetectSuicidal, DetectDelegatecall, DetectUninitializedStorage, DetectExternalCallAndLeak, DetectUninitializedMemory
2019-07-26 06:30:28,661: [897] m.main:INFO: Beginning analysis
2019-07-26 06:30:28,684: [897] m.e.manticore:INFO: Starting symbolic create contract
2019-07-26 06:30:37,855: [897] m.e.manticore:INFO: Starting symbolic transaction: 0
2019-07-26 06:31:09,891: [1371] m.e.detectors:WARNING: Potentially reading uninitialized storage
2019-07-26 06:31:14,093: [1373] m.e.detectors:WARNING: Potentially reading uninitialized storage
2019-07-26 06:31:40,809: [897] m.e.manticore:INFO: 13 alive states, 12 terminated states
2019-07-26 06:31:45,474: [897] m.e.manticore:INFO: Starting symbolic transaction: 1
2019-07-26 06:34:08,713: [4823] m.e.detectors:WARNING: Potentially reading uninitialized storage
2019-07-26 06:36:07,293: [4810] m.e.detectors:WARNING: Potentially reading uninitialized storage
2019-07-26 06:37:01,025: [4830] m.e.detectors:WARNING: Potentially reading uninitialized storage
2019-07-26 06:37:30,170: [4823] m.e.detectors:WARNING: Potentially reading uninitialized storage
2019-07-26 06:38:10,229: [4839] m.e.detectors:WARNING: Potentially reading uninitialized storage
2019-07-26 06:38:16,713: [4828] m.e.detectors:WARNING: Potentially reading uninitialized storage
2019-07-26 06:38:36,841: [4830] m.e.detectors:WARNING: Potentially reading uninitialized storage
2019-07-26 06:39:16,385: [4815] m.e.detectors:WARNING: Potentially reading uninitialized storage
2019-07-26 06:39:37,723: [4810] m.e.detectors:WARNING: Potentially reading uninitialized storage
2019-07-26 06:39:43,857: [4836] m.e.detectors:WARNING: Potentially reading uninitialized storage
2019-07-26 06:40:07,257: [4839] m.e.detectors:WARNING: Potentially reading uninitialized storage
2019-07-26 06:42:55,249: [4831] m.e.detectors:WARNING: Potentially reading uninitialized storage
2019-07-26 06:43:15,862: [4815] m.e.detectors:WARNING: Potentially reading uninitialized storage
2019-07-26 06:44:24,545: [4823] m.e.detectors:WARNING: Potentially reading uninitialized storage
2019-07-26 06:45:12,321: [4836] m.e.detectors:WARNING: Potentially reading uninitialized storage
2019-07-26 06:45:23,371: [4815] m.e.detectors:WARNING: Potentially reading uninitialized storage
2019-07-26 06:46:18,761: [4839] m.e.detectors:WARNING: Potentially reading uninitialized storage
2019-07-26 06:46:39,429: [4835] m.e.detectors:WARNING: Potentially reading uninitialized storage
2019-07-26 06:47:01,478: [4836] m.e.detectors:WARNING: Potentially reading uninitialized storage
2019-07-26 06:47:56,625: [4835] m.e.detectors:WARNING: Potentially reading uninitialized storage
2019-07-26 06:49:21,141: [4810] m.e.detectors:WARNING: Potentially reading uninitialized storage
2019-07-26 06:49:31,241: [4839] m.e.detectors:WARNING: Potentially reading uninitialized storage
2019-07-26 06:49:53,469: [4833] m.e.detectors:WARNING: Potentially reading uninitialized storage
2019-07-26 06:53:22,037: [4810] m.e.detectors:WARNING: Potentially reading uninitialized storage
2019-07-26 06:54:40,769: [4833] m.e.detectors:WARNING: Potentially reading uninitialized storage
2019-07-26 06:59:12,841: [4839] m.e.detectors:WARNING: Potentially reading uninitialized storage