INFO:Slither:Compilation warnings/errors on /unique_chucks/32/0xa22563a4b1db2cf75a53ef44118024b0f0e531fd.sol:
/unique_chucks/32/0xa22563a4b1db2cf75a53ef44118024b0f0e531fd.sol:84:5: Warning: Defining constructors as functions with the same name as the contract is deprecated. Use "constructor(...) { ... }" instead.
    function GGG()
    ^ (Relevant source part starts here and spans across multiple lines).
/unique_chucks/32/0xa22563a4b1db2cf75a53ef44118024b0f0e531fd.sol:25:13: Warning: Invoking events without "emit" prefix is deprecated.
            Transfer(msg.sender, _to, _value);
            ^-------------------------------^
/unique_chucks/32/0xa22563a4b1db2cf75a53ef44118024b0f0e531fd.sol:37:13: Warning: Invoking events without "emit" prefix is deprecated.
            Transfer(_from, _to, _value);
            ^--------------------------^
/unique_chucks/32/0xa22563a4b1db2cf75a53ef44118024b0f0e531fd.sol:50:9: Warning: Invoking events without "emit" prefix is deprecated.
        Approval(msg.sender, _spender, _value);
        ^------------------------------------^
/unique_chucks/32/0xa22563a4b1db2cf75a53ef44118024b0f0e531fd.sol:8:5: Warning: No visibility specified. Defaulting to "public". 
    function balanceOf(address _owner) constant returns (uint256 balance);
    ^--------------------------------------------------------------------^
/unique_chucks/32/0xa22563a4b1db2cf75a53ef44118024b0f0e531fd.sol:9:5: Warning: No visibility specified. Defaulting to "public". 
    function transfer(address _to, uint256 _value) returns (bool success);
    ^--------------------------------------------------------------------^
/unique_chucks/32/0xa22563a4b1db2cf75a53ef44118024b0f0e531fd.sol:10:5: Warning: No visibility specified. Defaulting to "public". 
    function transferFrom(address _from, address _to, uint256 _value) returns (bool success);
    ^---------------------------------------------------------------------------------------^
/unique_chucks/32/0xa22563a4b1db2cf75a53ef44118024b0f0e531fd.sol:11:5: Warning: No visibility specified. Defaulting to "public". 
    function approve(address _spender, uint256 _value) returns (bool success);
    ^------------------------------------------------------------------------^
/unique_chucks/32/0xa22563a4b1db2cf75a53ef44118024b0f0e531fd.sol:12:5: Warning: No visibility specified. Defaulting to "public". 
    function allowance(address _owner, address _spender) constant returns (uint256 remaining);
    ^----------------------------------------------------------------------------------------^
/unique_chucks/32/0xa22563a4b1db2cf75a53ef44118024b0f0e531fd.sol:21:5: Warning: No visibility specified. Defaulting to "public". 
    function transfer(address _to, uint256 _value) returns (bool success) {
    ^ (Relevant source part starts here and spans across multiple lines).
/unique_chucks/32/0xa22563a4b1db2cf75a53ef44118024b0f0e531fd.sol:32:5: Warning: No visibility specified. Defaulting to "public". 
    function transferFrom(address _from, address _to, uint256 _value) returns (bool success) {
    ^ (Relevant source part starts here and spans across multiple lines).
/unique_chucks/32/0xa22563a4b1db2cf75a53ef44118024b0f0e531fd.sol:44:5: Warning: No visibility specified. Defaulting to "public". 
    function balanceOf(address _owner) constant returns (uint256 balance) {
    ^ (Relevant source part starts here and spans across multiple lines).
/unique_chucks/32/0xa22563a4b1db2cf75a53ef44118024b0f0e531fd.sol:48:5: Warning: No visibility specified. Defaulting to "public". 
    function approve(address _spender, uint256 _value) returns (bool success) {
    ^ (Relevant source part starts here and spans across multiple lines).
/unique_chucks/32/0xa22563a4b1db2cf75a53ef44118024b0f0e531fd.sol:54:5: Warning: No visibility specified. Defaulting to "public". 
    function allowance(address _owner, address _spender) constant returns (uint256 remaining) {
    ^ (Relevant source part starts here and spans across multiple lines).
/unique_chucks/32/0xa22563a4b1db2cf75a53ef44118024b0f0e531fd.sol:84:5: Warning: No visibility specified. Defaulting to "public". 
    function GGG()
    ^ (Relevant source part starts here and spans across multiple lines).
/unique_chucks/32/0xa22563a4b1db2cf75a53ef44118024b0f0e531fd.sol:79:5: Warning: Function state mutability can be restricted to pure
    function formatDecimals(uint256 _value) internal returns (uint256 ) {
    ^ (Relevant source part starts here and spans across multiple lines).

INFO:Detectors:[92m
GGG.ethFundDeposit should be constant (/unique_chucks/32/0xa22563a4b1db2cf75a53ef44118024b0f0e531fd.sol#73-74)
GGG.version should be constant (/unique_chucks/32/0xa22563a4b1db2cf75a53ef44118024b0f0e531fd.sol#71-72)
Reference: https://github.com/trailofbits/slither/wiki/Detectors-Documentation#state-variables-that-could-be-declared-constant[0m
INFO:Detectors:[92m
Token.balanceOf (/unique_chucks/32/0xa22563a4b1db2cf75a53ef44118024b0f0e531fd.sol#8-9) should be declared external
StandardToken.balanceOf (/unique_chucks/32/0xa22563a4b1db2cf75a53ef44118024b0f0e531fd.sol#44-48) should be declared external
StandardToken.transfer (/unique_chucks/32/0xa22563a4b1db2cf75a53ef44118024b0f0e531fd.sol#21-32) should be declared external
Token.transfer (/unique_chucks/32/0xa22563a4b1db2cf75a53ef44118024b0f0e531fd.sol#9-10) should be declared external
Token.transferFrom (/unique_chucks/32/0xa22563a4b1db2cf75a53ef44118024b0f0e531fd.sol#10-11) should be declared external
StandardToken.transferFrom (/unique_chucks/32/0xa22563a4b1db2cf75a53ef44118024b0f0e531fd.sol#32-44) should be declared external
StandardToken.approve (/unique_chucks/32/0xa22563a4b1db2cf75a53ef44118024b0f0e531fd.sol#48-54) should be declared external
Token.approve (/unique_chucks/32/0xa22563a4b1db2cf75a53ef44118024b0f0e531fd.sol#11-12) should be declared external
StandardToken.allowance (/unique_chucks/32/0xa22563a4b1db2cf75a53ef44118024b0f0e531fd.sol#54-59) should be declared external
Token.allowance (/unique_chucks/32/0xa22563a4b1db2cf75a53ef44118024b0f0e531fd.sol#12-13) should be declared external
Reference: https://github.com/trailofbits/slither/wiki/Detectors-Documentation#public-function-that-could-be-declared-as-external[0m
INFO:Detectors:[92m
Parameter '_owner' of StandardToken.balanceOf (/unique_chucks/32/0xa22563a4b1db2cf75a53ef44118024b0f0e531fd.sol#44-45) is not in mixedCase
Parameter '_to' of StandardToken.transfer (/unique_chucks/32/0xa22563a4b1db2cf75a53ef44118024b0f0e531fd.sol#21) is not in mixedCase
Parameter '_value' of StandardToken.transfer (/unique_chucks/32/0xa22563a4b1db2cf75a53ef44118024b0f0e531fd.sol#21) is not in mixedCase
Parameter '_from' of StandardToken.transferFrom (/unique_chucks/32/0xa22563a4b1db2cf75a53ef44118024b0f0e531fd.sol#32) is not in mixedCase
Parameter '_to' of StandardToken.transferFrom (/unique_chucks/32/0xa22563a4b1db2cf75a53ef44118024b0f0e531fd.sol#32) is not in mixedCase
Parameter '_value' of StandardToken.transferFrom (/unique_chucks/32/0xa22563a4b1db2cf75a53ef44118024b0f0e531fd.sol#32-33) is not in mixedCase
Parameter '_spender' of StandardToken.approve (/unique_chucks/32/0xa22563a4b1db2cf75a53ef44118024b0f0e531fd.sol#48-49) is not in mixedCase
Parameter '_value' of StandardToken.approve (/unique_chucks/32/0xa22563a4b1db2cf75a53ef44118024b0f0e531fd.sol#49) is not in mixedCase
Parameter '_owner' of StandardToken.allowance (/unique_chucks/32/0xa22563a4b1db2cf75a53ef44118024b0f0e531fd.sol#54) is not in mixedCase
Parameter '_spender' of StandardToken.allowance (/unique_chucks/32/0xa22563a4b1db2cf75a53ef44118024b0f0e531fd.sol#54-55) is not in mixedCase
Parameter '_value' of GGG.formatDecimals (/unique_chucks/32/0xa22563a4b1db2cf75a53ef44118024b0f0e531fd.sol#80-82) is not in mixedCase
Function 'GGG.GGG' (/unique_chucks/32/0xa22563a4b1db2cf75a53ef44118024b0f0e531fd.sol#88-97) is not in mixedCase
Reference: https://github.com/trailofbits/slither/wiki/Detectors-Documentation#conformance-to-solidity-naming-conventions[0m
INFO:Slither:/unique_chucks/32/0xa22563a4b1db2cf75a53ef44118024b0f0e531fd.sol analyzed (3 contracts), 23 result(s) found