INFO:Detectors:[93m
FarmChain.isContract (/unique_chucks/22/0x4aa877e55717f61e01f36df4c53b1375078d866c.sol#228-232) is declared view but contains assembly code
Reference: https://github.com/trailofbits/slither/wiki/Detectors-Documentation#constant-functions-changing-the-state[0m
INFO:Detectors:[92m
FarmChain.isContract uses assembly (/unique_chucks/22/0x4aa877e55717f61e01f36df4c53b1375078d866c.sol#228-232)
	- /unique_chucks/22/0x4aa877e55717f61e01f36df4c53b1375078d866c.sol
Reference: https://github.com/trailofbits/slither/wiki/Detectors-Documentation#assembly-usage[0m
INFO:Detectors:[92m
FarmChain.transfer (/unique_chucks/22/0x4aa877e55717f61e01f36df4c53b1375078d866c.sol#134-145) should be declared external
FarmChain.approve (/unique_chucks/22/0x4aa877e55717f61e01f36df4c53b1375078d866c.sol#145-153) should be declared external
FarmChain.transferFrom (/unique_chucks/22/0x4aa877e55717f61e01f36df4c53b1375078d866c.sol#154-168) should be declared external
FarmChain.stopContract (/unique_chucks/22/0x4aa877e55717f61e01f36df4c53b1375078d866c.sol#169-175) should be declared external
FarmChain.startContract (/unique_chucks/22/0x4aa877e55717f61e01f36df4c53b1375078d866c.sol#175-178) should be declared external
FarmChain.freeze (/unique_chucks/22/0x4aa877e55717f61e01f36df4c53b1375078d866c.sol#180-187) should be declared external
FarmChain.unFreeze (/unique_chucks/22/0x4aa877e55717f61e01f36df4c53b1375078d866c.sol#188-195) should be declared external
FarmChain.setOwners (/unique_chucks/22/0x4aa877e55717f61e01f36df4c53b1375078d866c.sol#195-204) should be declared external
FarmChain.deletOwners (/unique_chucks/22/0x4aa877e55717f61e01f36df4c53b1375078d866c.sol#205-216) should be declared external
FarmChain.setBurnAddress (/unique_chucks/22/0x4aa877e55717f61e01f36df4c53b1375078d866c.sol#216-218) should be declared external
FarmChain.burn (/unique_chucks/22/0x4aa877e55717f61e01f36df4c53b1375078d866c.sol#219-228) should be declared external
Reference: https://github.com/trailofbits/slither/wiki/Detectors-Documentation#public-function-that-could-be-declared-as-external[0m
INFO:Detectors:[92m
Parameter '_to' of FarmChain.transfer (/unique_chucks/22/0x4aa877e55717f61e01f36df4c53b1375078d866c.sol#134-135) is not in mixedCase
Parameter '_value' of FarmChain.transfer (/unique_chucks/22/0x4aa877e55717f61e01f36df4c53b1375078d866c.sol#135) is not in mixedCase
Parameter '_spender' of FarmChain.approve (/unique_chucks/22/0x4aa877e55717f61e01f36df4c53b1375078d866c.sol#146) is not in mixedCase
Parameter '_value' of FarmChain.approve (/unique_chucks/22/0x4aa877e55717f61e01f36df4c53b1375078d866c.sol#146) is not in mixedCase
Parameter '_from' of FarmChain.transferFrom (/unique_chucks/22/0x4aa877e55717f61e01f36df4c53b1375078d866c.sol#154-155) is not in mixedCase
Parameter '_to' of FarmChain.transferFrom (/unique_chucks/22/0x4aa877e55717f61e01f36df4c53b1375078d866c.sol#155) is not in mixedCase
Parameter '_value' of FarmChain.transferFrom (/unique_chucks/22/0x4aa877e55717f61e01f36df4c53b1375078d866c.sol#155) is not in mixedCase
Parameter '_option' of FarmChain.freeze (/unique_chucks/22/0x4aa877e55717f61e01f36df4c53b1375078d866c.sol#180) is not in mixedCase
Parameter '_option' of FarmChain.unFreeze (/unique_chucks/22/0x4aa877e55717f61e01f36df4c53b1375078d866c.sol#189) is not in mixedCase
Parameter '_admin' of FarmChain.setOwners (/unique_chucks/22/0x4aa877e55717f61e01f36df4c53b1375078d866c.sol#195-196) is not in mixedCase
Parameter '_todel' of FarmChain.deletOwners (/unique_chucks/22/0x4aa877e55717f61e01f36df4c53b1375078d866c.sol#205) is not in mixedCase
Parameter '_toBurn' of FarmChain.setBurnAddress (/unique_chucks/22/0x4aa877e55717f61e01f36df4c53b1375078d866c.sol#217) is not in mixedCase
Parameter '_amount' of FarmChain.burn (/unique_chucks/22/0x4aa877e55717f61e01f36df4c53b1375078d866c.sol#219) is not in mixedCase
Parameter '_addr' of FarmChain.isContract (/unique_chucks/22/0x4aa877e55717f61e01f36df4c53b1375078d866c.sol#230) is not in mixedCase
Reference: https://github.com/trailofbits/slither/wiki/Detectors-Documentation#conformance-to-solidity-naming-conventions[0m
INFO:Slither:/unique_chucks/22/0x4aa877e55717f61e01f36df4c53b1375078d866c.sol analyzed (2 contracts), 27 result(s) found