INFO:Slither:Compilation warnings/errors on /unique_contracts/0x1f028c50321638652af073f0c6d605df2ffb668d.sol:
/unique_contracts/0x1f028c50321638652af073f0c6d605df2ffb668d.sol:48:5: Warning: Defining constructors as functions with the same name as the contract is deprecated. Use "constructor(...) { ... }" instead.
    function Ownable() public {
    ^ (Relevant source part starts here and spans across multiple lines).
/unique_contracts/0x1f028c50321638652af073f0c6d605df2ffb668d.sol:168:9: Warning: Use of the "var" keyword is deprecated.
        var _allowance = allowed[_from][msg.sender];
        ^------------^
/unique_contracts/0x1f028c50321638652af073f0c6d605df2ffb668d.sol:326:5: Warning: Defining constructors as functions with the same name as the contract is deprecated. Use "constructor(...) { ... }" instead.
    function Alpacacoin(uint _initialSupply, string _name, string _symbol, uint _decimals) public {
    ^ (Relevant source part starts here and spans across multiple lines).
/unique_contracts/0x1f028c50321638652af073f0c6d605df2ffb668d.sol:132:13: Warning: Invoking events without "emit" prefix is deprecated.
            Transfer(msg.sender, owner, fee);
            ^------------------------------^
/unique_contracts/0x1f028c50321638652af073f0c6d605df2ffb668d.sol:134:9: Warning: Invoking events without "emit" prefix is deprecated.
        Transfer(msg.sender, _to, sendAmount);
        ^-----------------------------------^
/unique_contracts/0x1f028c50321638652af073f0c6d605df2ffb668d.sol:185:13: Warning: Invoking events without "emit" prefix is deprecated.
            Transfer(_from, owner, fee);
            ^-------------------------^
/unique_contracts/0x1f028c50321638652af073f0c6d605df2ffb668d.sol:187:9: Warning: Invoking events without "emit" prefix is deprecated.
        Transfer(_from, _to, sendAmount);
        ^------------------------------^
/unique_contracts/0x1f028c50321638652af073f0c6d605df2ffb668d.sol:204:9: Warning: Invoking events without "emit" prefix is deprecated.
        Approval(msg.sender, _spender, _value);
        ^------------------------------------^
/unique_contracts/0x1f028c50321638652af073f0c6d605df2ffb668d.sol:252:5: Warning: Invoking events without "emit" prefix is deprecated.
    Pause();
    ^-----^
/unique_contracts/0x1f028c50321638652af073f0c6d605df2ffb668d.sol:260:5: Warning: Invoking events without "emit" prefix is deprecated.
    Unpause();
    ^-------^
/unique_contracts/0x1f028c50321638652af073f0c6d605df2ffb668d.sol:279:9: Warning: Invoking events without "emit" prefix is deprecated.
        AddedBlackList(_evilUser);
        ^-----------------------^
/unique_contracts/0x1f028c50321638652af073f0c6d605df2ffb668d.sol:284:9: Warning: Invoking events without "emit" prefix is deprecated.
        RemovedBlackList(_clearedUser);
        ^----------------------------^
/unique_contracts/0x1f028c50321638652af073f0c6d605df2ffb668d.sol:292:9: Warning: Invoking events without "emit" prefix is deprecated.
        DestroyedBlackFunds(_blackListedUser, dirtyFunds);
        ^-----------------------------------------------^
/unique_contracts/0x1f028c50321638652af073f0c6d605df2ffb668d.sol:386:9: Warning: Invoking events without "emit" prefix is deprecated.
        Deprecate(_upgradedAddress);
        ^-------------------------^
/unique_contracts/0x1f028c50321638652af073f0c6d605df2ffb668d.sol:408:9: Warning: Invoking events without "emit" prefix is deprecated.
        Issue(amount);
        ^-----------^
/unique_contracts/0x1f028c50321638652af073f0c6d605df2ffb668d.sol:422:9: Warning: Invoking events without "emit" prefix is deprecated.
        Redeem(amount);
        ^------------^
/unique_contracts/0x1f028c50321638652af073f0c6d605df2ffb668d.sol:433:9: Warning: Invoking events without "emit" prefix is deprecated.
        Params(basisPointsRate, maximumFee);
        ^---------------------------------^

INFO:Detectors:[93m
ERC20Basic (/unique_contracts/0x1f028c50321638652af073f0c6d605df2ffb668d.sol#79-87) has incorrect ERC20 function interface(s):
	-transfer (/unique_contracts/0x1f028c50321638652af073f0c6d605df2ffb668d.sol#82-85)
ERC20 (/unique_contracts/0x1f028c50321638652af073f0c6d605df2ffb668d.sol#90-100) has incorrect ERC20 function interface(s):
	-transferFrom (/unique_contracts/0x1f028c50321638652af073f0c6d605df2ffb668d.sol#92-93)
	-approve (/unique_contracts/0x1f028c50321638652af073f0c6d605df2ffb668d.sol#93-97)
BasicToken (/unique_contracts/0x1f028c50321638652af073f0c6d605df2ffb668d.sol#103-153) has incorrect ERC20 function interface(s):
	-transfer (/unique_contracts/0x1f028c50321638652af073f0c6d605df2ffb668d.sol#123-140)
StandardToken (/unique_contracts/0x1f028c50321638652af073f0c6d605df2ffb668d.sol#159-231) has incorrect ERC20 function interface(s):
	-transferFrom (/unique_contracts/0x1f028c50321638652af073f0c6d605df2ffb668d.sol#170-193)
	-approve (/unique_contracts/0x1f028c50321638652af073f0c6d605df2ffb668d.sol#198-210)
Alpacacoin (/unique_contracts/0x1f028c50321638652af073f0c6d605df2ffb668d.sol#320-447) has incorrect ERC20 function interface(s):
	-transfer (/unique_contracts/0x1f028c50321638652af073f0c6d605df2ffb668d.sol#345-349)
	-transferFrom (/unique_contracts/0x1f028c50321638652af073f0c6d605df2ffb668d.sol#352-364)
	-approve (/unique_contracts/0x1f028c50321638652af073f0c6d605df2ffb668d.sol#373-381)
Reference: https://github.com/trailofbits/slither/wiki/Detectors-Documentation#incorrect-erc20-interface[0m
INFO:Detectors:[92m
Ownable.transferOwnership (/unique_contracts/0x1f028c50321638652af073f0c6d605df2ffb668d.sol#64-74) should be declared external
Alpacacoin.totalSupply (/unique_contracts/0x1f028c50321638652af073f0c6d605df2ffb668d.sol#402-408) should be declared external
ERC20Basic.totalSupply (/unique_contracts/0x1f028c50321638652af073f0c6d605df2ffb668d.sol#80-81) should be declared external
Pausable.pause (/unique_contracts/0x1f028c50321638652af073f0c6d605df2ffb668d.sol#260-266) should be declared external
Pausable.unpause (/unique_contracts/0x1f028c50321638652af073f0c6d605df2ffb668d.sol#267-268) should be declared external
BlackList.addBlackList (/unique_contracts/0x1f028c50321638652af073f0c6d605df2ffb668d.sol#284-288) should be declared external
BlackList.removeBlackList (/unique_contracts/0x1f028c50321638652af073f0c6d605df2ffb668d.sol#288-292) should be declared external
BlackList.destroyBlackFunds (/unique_contracts/0x1f028c50321638652af073f0c6d605df2ffb668d.sol#292-305) should be declared external
UpgradedStandardToken.transferByLegacy (/unique_contracts/0x1f028c50321638652af073f0c6d605df2ffb668d.sol#311-315) should be declared external
UpgradedStandardToken.transferFromByLegacy (/unique_contracts/0x1f028c50321638652af073f0c6d605df2ffb668d.sol#315-319) should be declared external
UpgradedStandardToken.approveByLegacy (/unique_contracts/0x1f028c50321638652af073f0c6d605df2ffb668d.sol#319-320) should be declared external
Alpacacoin.deprecate (/unique_contracts/0x1f028c50321638652af073f0c6d605df2ffb668d.sol#392-401) should be declared external
Alpacacoin.issue (/unique_contracts/0x1f028c50321638652af073f0c6d605df2ffb668d.sol#414-421) should be declared external
Alpacacoin.redeem (/unique_contracts/0x1f028c50321638652af073f0c6d605df2ffb668d.sol#427-436) should be declared external
Alpacacoin.setParams (/unique_contracts/0x1f028c50321638652af073f0c6d605df2ffb668d.sol#437-447) should be declared external
Reference: https://github.com/trailofbits/slither/wiki/Detectors-Documentation#public-function-that-could-be-declared-as-external[0m
INFO:Detectors:[92m
Detected issues with version pragma in /unique_contracts/0x1f028c50321638652af073f0c6d605df2ffb668d.sol:
	- pragma solidity^0.4.17 (/unique_contracts/0x1f028c50321638652af073f0c6d605df2ffb668d.sol#1): it allows old versions
Reference: https://github.com/trailofbits/slither/wiki/Detectors-Documentation#incorrect-version-of-solidity[0m
INFO:Detectors:[92m
Function 'Ownable.Ownable' (/unique_contracts/0x1f028c50321638652af073f0c6d605df2ffb668d.sol#49-53) is not in mixedCase
Variable 'ERC20Basic._totalSupply' (/unique_contracts/0x1f028c50321638652af073f0c6d605df2ffb668d.sol#79-80) is not in mixedCase
Parameter '_owner' of BasicToken.balanceOf (/unique_contracts/0x1f028c50321638652af073f0c6d605df2ffb668d.sol#151) is not in mixedCase
Parameter '_to' of BasicToken.transfer (/unique_contracts/0x1f028c50321638652af073f0c6d605df2ffb668d.sol#124) is not in mixedCase
Parameter '_value' of BasicToken.transfer (/unique_contracts/0x1f028c50321638652af073f0c6d605df2ffb668d.sol#124) is not in mixedCase
Parameter '_owner' of StandardToken.allowance (/unique_contracts/0x1f028c50321638652af073f0c6d605df2ffb668d.sol#222) is not in mixedCase
Parameter '_spender' of StandardToken.allowance (/unique_contracts/0x1f028c50321638652af073f0c6d605df2ffb668d.sol#222-224) is not in mixedCase
Parameter '_from' of StandardToken.transferFrom (/unique_contracts/0x1f028c50321638652af073f0c6d605df2ffb668d.sol#170) is not in mixedCase
Parameter '_to' of StandardToken.transferFrom (/unique_contracts/0x1f028c50321638652af073f0c6d605df2ffb668d.sol#170) is not in mixedCase
Parameter '_value' of StandardToken.transferFrom (/unique_contracts/0x1f028c50321638652af073f0c6d605df2ffb668d.sol#170) is not in mixedCase
Parameter '_spender' of StandardToken.approve (/unique_contracts/0x1f028c50321638652af073f0c6d605df2ffb668d.sol#198) is not in mixedCase
Parameter '_value' of StandardToken.approve (/unique_contracts/0x1f028c50321638652af073f0c6d605df2ffb668d.sol#198-199) is not in mixedCase
Parameter '_maker' of BlackList.getBlackListStatus (/unique_contracts/0x1f028c50321638652af073f0c6d605df2ffb668d.sol#277) is not in mixedCase
Parameter '_evilUser' of BlackList.addBlackList (/unique_contracts/0x1f028c50321638652af073f0c6d605df2ffb668d.sol#284-287) is not in mixedCase
Parameter '_clearedUser' of BlackList.removeBlackList (/unique_contracts/0x1f028c50321638652af073f0c6d605df2ffb668d.sol#289) is not in mixedCase
Parameter '_blackListedUser' of BlackList.destroyBlackFunds (/unique_contracts/0x1f028c50321638652af073f0c6d605df2ffb668d.sol#293-295) is not in mixedCase
Parameter '_to' of Alpacacoin.transfer (/unique_contracts/0x1f028c50321638652af073f0c6d605df2ffb668d.sol#345) is not in mixedCase
Parameter '_value' of Alpacacoin.transfer (/unique_contracts/0x1f028c50321638652af073f0c6d605df2ffb668d.sol#345) is not in mixedCase
Parameter '_owner' of Alpacacoin.allowance (/unique_contracts/0x1f028c50321638652af073f0c6d605df2ffb668d.sol#383) is not in mixedCase
Parameter '_spender' of Alpacacoin.allowance (/unique_contracts/0x1f028c50321638652af073f0c6d605df2ffb668d.sol#383-384) is not in mixedCase
Parameter '_from' of Alpacacoin.transferFrom (/unique_contracts/0x1f028c50321638652af073f0c6d605df2ffb668d.sol#355) is not in mixedCase
Parameter '_to' of Alpacacoin.transferFrom (/unique_contracts/0x1f028c50321638652af073f0c6d605df2ffb668d.sol#355) is not in mixedCase
Parameter '_value' of Alpacacoin.transferFrom (/unique_contracts/0x1f028c50321638652af073f0c6d605df2ffb668d.sol#355) is not in mixedCase
Parameter '_spender' of Alpacacoin.approve (/unique_contracts/0x1f028c50321638652af073f0c6d605df2ffb668d.sol#374) is not in mixedCase
Parameter '_value' of Alpacacoin.approve (/unique_contracts/0x1f028c50321638652af073f0c6d605df2ffb668d.sol#374) is not in mixedCase
Function 'Alpacacoin.Alpacacoin' (/unique_contracts/0x1f028c50321638652af073f0c6d605df2ffb668d.sol#335-340) is not in mixedCase
Parameter '_initialSupply' of Alpacacoin.Alpacacoin (/unique_contracts/0x1f028c50321638652af073f0c6d605df2ffb668d.sol#335) is not in mixedCase
Parameter '_name' of Alpacacoin.Alpacacoin (/unique_contracts/0x1f028c50321638652af073f0c6d605df2ffb668d.sol#336) is not in mixedCase
Parameter '_symbol' of Alpacacoin.Alpacacoin (/unique_contracts/0x1f028c50321638652af073f0c6d605df2ffb668d.sol#336) is not in mixedCase
Parameter '_decimals' of Alpacacoin.Alpacacoin (/unique_contracts/0x1f028c50321638652af073f0c6d605df2ffb668d.sol#336) is not in mixedCase
Parameter '_upgradedAddress' of Alpacacoin.deprecate (/unique_contracts/0x1f028c50321638652af073f0c6d605df2ffb668d.sol#393-394) is not in mixedCase
Reference: https://github.com/trailofbits/slither/wiki/Detectors-Documentation#conformance-to-solidity-naming-conventions[0m
INFO:Slither:/unique_contracts/0x1f028c50321638652af073f0c6d605df2ffb668d.sol analyzed (10 contracts), 52 result(s) found