/unique_chucks/45/0x4f0d20468571d7b6a1045656dc110fbc73143fb3.sol
jar:file:/usr/local/lib/node_modules/@smartdec/smartcheck/jdeploy-bundle/smartcheck-2.0-jar-with-dependencies.jar!/solidity-rules.xmlruleId: SOLIDITY_ADDRESS_HARDCODED
patternId: b140cd
severity: 1
line: 75
column: 35
content: 0x00

ruleId: SOLIDITY_ADDRESS_HARDCODED
patternId: b140cd
severity: 1
line: 130
column: 34
content: 0x00

ruleId: SOLIDITY_ADDRESS_HARDCODED
patternId: b140cd
severity: 1
line: 146
column: 34
content: 0x00

ruleId: SOLIDITY_DEPRECATED_CONSTRUCTIONS
patternId: 28fa69
severity: 1
line: 4
column: 4
content: functiontotalSupply()constantreturns(uint256totalSupply);

ruleId: SOLIDITY_DEPRECATED_CONSTRUCTIONS
patternId: 28fa69
severity: 1
line: 5
column: 4
content: functionbalanceOf(address_owner)constantreturns(uint256balance);

ruleId: SOLIDITY_DEPRECATED_CONSTRUCTIONS
patternId: 28fa69
severity: 1
line: 9
column: 4
content: functionallowance(address_owner,address_spender)constantreturns(uint256remaining);

ruleId: SOLIDITY_DEPRECATED_CONSTRUCTIONS
patternId: 28fa69
severity: 1
line: 36
column: 4
content: functionbalanceOf(address_owner)constantreturns(uint256balance){returnbalances[_owner];}

ruleId: SOLIDITY_DEPRECATED_CONSTRUCTIONS
patternId: 28fa69
severity: 1
line: 44
column: 4
content: functionallowance(address_owner,address_spender)constantreturns(uint256remaining){returnallowed[_owner][_spender];}

ruleId: SOLIDITY_DEPRECATED_CONSTRUCTIONS
patternId: 28fa69
severity: 1
line: 47
column: 4
content: functiontotalSupply()constantreturns(uint256totalSupply){totalSupply=_totalSupply;}

ruleId: SOLIDITY_DEPRECATED_CONSTRUCTIONS
patternId: 28fa69
severity: 1
line: 157
column: 4
content: functionbalanceOf(address_owner)constantreturns(uint256balance){if(_owner==satoeContract)return0;returnbalances[_owner];}

ruleId: SOLIDITY_ERC20_APPROVE
patternId: af782c
severity: 2
line: 39
column: 4
content: functionapprove(address_spender,uint256_value)returns(boolsuccess){allowed[msg.sender][_spender]=_value;Approval(msg.sender,_spender,_value);returntrue;}

ruleId: SOLIDITY_EXTRA_GAS_IN_LOOPS
patternId: k4o1l4
severity: 1
line: 192
column: 8
content: while(i<dests.length){if(!acceptedClaimers[dests[i]]){transfer(dests[i],values[i]);acceptedClaimers[dests[i]]=true;DeliveredBTC(dests[i],values[i]);}i+=1;}

ruleId: SOLIDITY_GAS_LIMIT_IN_LOOPS
patternId: 17f23a
severity: 1
line: 192
column: 15
content: i<dests.length

ruleId: SOLIDITY_PRAGMAS_VERSION
patternId: 23fc32
severity: 1
line: 1
column: 16
content: ^

ruleId: SOLIDITY_SEND
patternId: 430636
severity: 1
line: 167
column: 23
content: send(this.balance)

ruleId: SOLIDITY_VISIBILITY
patternId: 910067
severity: 1
line: 4
column: 4
content: functiontotalSupply()constantreturns(uint256totalSupply);

ruleId: SOLIDITY_VISIBILITY
patternId: 910067
severity: 1
line: 5
column: 4
content: functionbalanceOf(address_owner)constantreturns(uint256balance);

ruleId: SOLIDITY_VISIBILITY
patternId: 910067
severity: 1
line: 6
column: 4
content: functiontransfer(address_to,uint256_value)returns(boolsuccess);

ruleId: SOLIDITY_VISIBILITY
patternId: 910067
severity: 1
line: 7
column: 4
content: functiontransferFrom(address_from,address_to,uint256_value)returns(boolsuccess);

ruleId: SOLIDITY_VISIBILITY
patternId: 910067
severity: 1
line: 8
column: 4
content: functionapprove(address_spender,uint256_value)returns(boolsuccess);

ruleId: SOLIDITY_VISIBILITY
patternId: 910067
severity: 1
line: 9
column: 4
content: functionallowance(address_owner,address_spender)constantreturns(uint256remaining);

ruleId: SOLIDITY_VISIBILITY
patternId: 910067
severity: 1
line: 18
column: 4
content: functiontransfer(address_to,uint256_value)returns(boolsuccess){require(balances[msg.sender]>=_value);balances[msg.sender]-=_value;balances[_to]+=_value;Transfer(msg.sender,_to,_value);returntrue;}

ruleId: SOLIDITY_VISIBILITY
patternId: 910067
severity: 1
line: 25
column: 4
content: functiontransferFrom(address_from,address_to,uint256_value)returns(boolsuccess){uint256allowance=allowed[_from][msg.sender];require(balances[_from]>=_value&&allowance>=_value);balances[_to]+=_value;balances[_from]-=_value;if(allowance<MAX_UINT256){allowed[_from][msg.sender]-=_value;}Transfer(_from,_to,_value);returntrue;}

ruleId: SOLIDITY_VISIBILITY
patternId: 910067
severity: 1
line: 36
column: 4
content: functionbalanceOf(address_owner)constantreturns(uint256balance){returnbalances[_owner];}

ruleId: SOLIDITY_VISIBILITY
patternId: 910067
severity: 1
line: 39
column: 4
content: functionapprove(address_spender,uint256_value)returns(boolsuccess){allowed[msg.sender][_spender]=_value;Approval(msg.sender,_spender,_value);returntrue;}

ruleId: SOLIDITY_VISIBILITY
patternId: 910067
severity: 1
line: 44
column: 4
content: functionallowance(address_owner,address_spender)constantreturns(uint256remaining){returnallowed[_owner][_spender];}

ruleId: SOLIDITY_VISIBILITY
patternId: 910067
severity: 1
line: 47
column: 4
content: functiontotalSupply()constantreturns(uint256totalSupply){totalSupply=_totalSupply;}

ruleId: SOLIDITY_VISIBILITY
patternId: 910067
severity: 1
line: 55
column: 4
content: functionTransferToBTCoE(address_to,uint256_value)returns(boolsuccess);

ruleId: SOLIDITY_VISIBILITY
patternId: 910067
severity: 1
line: 56
column: 4
content: functionTransferToSAToE(uint256_value)returns(boolsuccess);

ruleId: SOLIDITY_VISIBILITY
patternId: 910067
severity: 1
line: 60
column: 4
content: functionTransferToSAToE(address_to,uint256_value)returns(boolsuccess);

ruleId: SOLIDITY_VISIBILITY
patternId: 910067
severity: 1
line: 61
column: 4
content: functionTransferToBTCoE(uint256_amount)returns(boolsuccess);

ruleId: SOLIDITY_VISIBILITY
patternId: 910067
severity: 1
line: 82
column: 4
content: functionBTCoE(){maxSupply=21000000*10**8;_totalSupply=maxSupply;owner=msg.sender;balances[owner]=maxSupply;airDropped[owner]=true;}

ruleId: SOLIDITY_VISIBILITY
patternId: 910067
severity: 1
line: 121
column: 4
content: functionSetSAToEContract(address_address)forOwner{require(_address!=0x0);require(!satoeLocked);satoeContract=_address;satoe=iSAToE(satoeContract);}

ruleId: SOLIDITY_VISIBILITY
patternId: 910067
severity: 1
line: 128
column: 4
content: functionLockSAToE()forOwner{require(satoeContract!=0x00);satoeLocked=true;}

ruleId: SOLIDITY_VISIBILITY
patternId: 910067
severity: 1
line: 133
column: 4
content: functionTransferToBTCoE(address_to,uint256_value)returns(boolsuccess){require(msg.sender==satoeContract);require(balances[satoeContract]>=_value);balances[satoeContract]-=_value;balances[_to]+=_value;_totalSupply=maxSupply-balances[satoeContract];Transfer(satoeContract,_to,_value);returntrue;}

ruleId: SOLIDITY_VISIBILITY
patternId: 910067
severity: 1
line: 144
column: 4
content: functionTransferToSAToE(uint256_value)returns(boolsuccess){require(satoeContract!=0x00);require(_value<=balances[msg.sender]);uint256realMicroSAToE=_value*10**6;balances[msg.sender]-=_value;balances[satoeContract]+=_value;_totalSupply=maxSupply-balances[satoeContract];Transfer(msg.sender,satoeContract,_value);require(satoe.TransferToSAToE(msg.sender,realMicroSAToE));returntrue;}

ruleId: SOLIDITY_VISIBILITY
patternId: 910067
severity: 1
line: 157
column: 4
content: functionbalanceOf(address_owner)constantreturns(uint256balance){if(_owner==satoeContract)return0;returnbalances[_owner];}

ruleId: SOLIDITY_VISIBILITY
patternId: 910067
severity: 1
line: 165
column: 4
content: functionProcessTxFee()forOwner{require(owner.send(this.balance));}

ruleId: SOLIDITY_VISIBILITY
patternId: 910067
severity: 1
line: 174
column: 4
content: functionAllowClaimBTC(boolval)forOwner{allowingClaimBTC=val;}

ruleId: SOLIDITY_VISIBILITY
patternId: 910067
severity: 1
line: 178
column: 4
content: functionClaimBTC(stringfullSignature)payable{require(allowingClaimBTC);require(!acceptedClaimers[msg.sender]);require(msg.value>=minTxFee);require(msg.value<=maxTxFee);ClaimedSignature(msg.sender,fullSignature);}

ruleId: SOLIDITY_VISIBILITY
patternId: 910067
severity: 1
line: 188
column: 4
content: functionDeliverToClaimers(address[]dests,uint256[]values)forOwnerreturns(uint256){require(dests.length==values.length);uint256i=0;while(i<dests.length){if(!acceptedClaimers[dests[i]]){transfer(dests[i],values[i]);acceptedClaimers[dests[i]]=true;DeliveredBTC(dests[i],values[i]);}i+=1;}return(i);}

ruleId: SOLIDITY_VISIBILITY
patternId: b51ce0
severity: 1
line: 15
column: 4
content: uint256constantMAX_UINT256=2**256-1;

ruleId: SOLIDITY_VISIBILITY
patternId: b51ce0
severity: 1
line: 16
column: 4
content: uint256_totalSupply;

ruleId: SOLIDITY_VISIBILITY
patternId: b51ce0
severity: 1
line: 50
column: 4
content: mapping(address=>uint256)balances;

ruleId: SOLIDITY_VISIBILITY
patternId: b51ce0
severity: 1
line: 51
column: 4
content: mapping(address=>mapping(address=>uint256))allowed;

ruleId: SOLIDITY_VISIBILITY
patternId: b51ce0
severity: 1
line: 71
column: 4
content: mapping(address=>bool)airDropped;

ruleId: SOLIDITY_VISIBILITY
patternId: b51ce0
severity: 1
line: 76
column: 4
content: uint256constantminTxFee=0.02ether;

ruleId: SOLIDITY_VISIBILITY
patternId: b51ce0
severity: 1
line: 77
column: 4
content: uint256constantmaxTxFee=0.03ether;

ruleId: SOLIDITY_VISIBILITY
patternId: b51ce0
severity: 1
line: 79
column: 4
content: iSAToEsatoe;

ruleId: SOLIDITY_VISIBILITY
patternId: b51ce0
severity: 1
line: 173
column: 4
content: mapping(address=>bool)acceptedClaimers;

SOLIDITY_VISIBILITY :35
SOLIDITY_DEPRECATED_CONSTRUCTIONS :7
SOLIDITY_PRAGMAS_VERSION :1
SOLIDITY_SEND :1
SOLIDITY_EXTRA_GAS_IN_LOOPS :1
SOLIDITY_ADDRESS_HARDCODED :3
SOLIDITY_GAS_LIMIT_IN_LOOPS :1
SOLIDITY_ERC20_APPROVE :1