/unique_chucks/22/0x0de52e935f36be729f339ba68233a25a3b47362a.sol
jar:file:/usr/local/lib/node_modules/@smartdec/smartcheck/jdeploy-bundle/smartcheck-2.0-jar-with-dependencies.jar!/solidity-rules.xmlruleId: SOLIDITY_ADDRESS_HARDCODED
patternId: adc165
severity: 1
line: 800
column: 35
content: 0xA4461465531a90dF04f52873507B7C5920165b5d

ruleId: SOLIDITY_ADDRESS_HARDCODED
patternId: adc165
severity: 1
line: 1146
column: 100
content: 0xA4461465531a90dF04f52873507B7C5920165b5d

ruleId: SOLIDITY_ADDRESS_HARDCODED
patternId: adc165
severity: 1
line: 1162
column: 47
content: 0x7df5a4b6aff8b7af5cec3e29e9342c1a4181d623

ruleId: SOLIDITY_DEPRECATED_CONSTRUCTIONS
patternId: 28fa69
severity: 1
line: 981
column: 4
content: functionhasStarted()publicconstantreturns(bool){returnnow>=startTime;}

ruleId: SOLIDITY_ERC20_APPROVE
patternId: af782c
severity: 2
line: 163
column: 2
content: functionapprove(address_spender,uint256_value)publicreturns(bool){allowed[msg.sender][_spender]=_value;Approval(msg.sender,_spender,_value);returntrue;}

ruleId: SOLIDITY_EXTRA_GAS_IN_LOOPS
patternId: d3j11j
severity: 1
line: 1166
column: 8
content: for(uinti=0;i<addresses.length;i++){if(freezes[i]==0){MainToken(token).mint(addresses[i],amounts[i]);}else{MainToken(token).mintAndFreeze(addresses[i],amounts[i],freezes[i]);}}

ruleId: SOLIDITY_FUNCTIONS_RETURNS_TYPE_AND_NO_RETURN
patternId: 58bdd3
severity: 1
line: 526
column: 4
content: functionfreezingCount(address_addr)publicviewreturns(uintcount){uint64release=chains[toKey(_addr,0)];while(release!=0){count++;release=chains[toKey(_addr,release)];}}

ruleId: SOLIDITY_FUNCTIONS_RETURNS_TYPE_AND_NO_RETURN
patternId: 58bdd3
severity: 1
line: 603
column: 4
content: functionreleaseAll()publicreturns(uinttokens){uintrelease;uintbalance;(release,balance)=getFreezing(msg.sender,0);while(release!=0&&block.timestamp>release){releaseOnce();tokens+=balance;(release,balance)=getFreezing(msg.sender,0);}}

ruleId: SOLIDITY_GAS_LIMIT_IN_LOOPS
patternId: f6f853
severity: 2
line: 1166
column: 8
content: for(uinti=0;i<addresses.length;i++){if(freezes[i]==0){MainToken(token).mint(addresses[i],amounts[i]);}else{MainToken(token).mintAndFreeze(addresses[i],amounts[i],freezes[i]);}}

ruleId: SOLIDITY_GAS_LIMIT_IN_LOOPS
patternId: 17f23a
severity: 1
line: 607
column: 15
content: release!=0&&block.timestamp>release

ruleId: SOLIDITY_GAS_LIMIT_IN_LOOPS
patternId: 17f23a
severity: 1
line: 637
column: 15
content: next!=0&&_until>next

ruleId: SOLIDITY_LOCKED_MONEY
patternId: 30281d
severity: 3
line: 1019
column: 0
content: contractCheckable{addressprivateserviceAccount;boolprivatetriggered=false;eventTriggered(uintbalance);functionCheckable()public{serviceAccount=msg.sender;}functionchangeServiceAccount(address_account)onlyServicepublic{assert(_account!=0);serviceAccount=_account;}functionisServiceAccount()viewpublicreturns(bool){returnmsg.sender==serviceAccount;}functioncheck()onlyServicenotTriggeredpayablepublic{if(internalCheck()){Triggered(this.balance);triggered=true;internalAction();}}functioninternalCheck()internalreturns(bool);functioninternalAction()internal;modifieronlyService{require(msg.sender==serviceAccount);_;}modifiernotTriggered(){require(!triggered);_;}}

ruleId: SOLIDITY_LOCKED_MONEY
patternId: 30281d
severity: 3
line: 1083
column: 0
content: contractBonusableCrowdsaleisConsts,Crowdsale{functionbuyTokens(addressbeneficiary)publicpayable{require(beneficiary!=address(0));require(validPurchase());uint256weiAmount=msg.value;uint256bonusRate=getBonusRate(weiAmount);uint256tokens=weiAmount.mul(bonusRate).div(1ether);weiRaised=weiRaised.add(weiAmount);token.mint(beneficiary,tokens);TokenPurchase(msg.sender,beneficiary,weiAmount,tokens);forwardFunds();}functiongetBonusRate(uint256weiAmount)internalviewreturns(uint256){uint256bonusRate=rate;uint[2]memoryweiRaisedStartsBoundaries=[uint(0),uint(0)];uint[2]memoryweiRaisedEndsBoundaries=[uint(148148148148148148148148),uint(148148148148148148148148)];uint64[2]memorytimeStartsBoundaries=[uint64(1523160014),uint64(1525752000)];uint64[2]memorytimeEndsBoundaries=[uint64(1525752000),uint64(1528430400)];uint[2]memoryweiRaisedAndTimeRates=[uint(1000),uint(500)];for(uinti=0;i<2;i++){boolweiRaisedInBound=(weiRaisedStartsBoundaries[i]<=weiRaised)&&(weiRaised<weiRaisedEndsBoundaries[i]);booltimeInBound=(timeStartsBoundaries[i]<=now)&&(now<timeEndsBoundaries[i]);if(weiRaisedInBound&&timeInBound){bonusRate+=bonusRate*weiRaisedAndTimeRates[i]/1000;}}returnbonusRate;}}

ruleId: SOLIDITY_PRAGMAS_VERSION
patternId: 23fc32
severity: 1
line: 20
column: 16
content: ^

ruleId: SOLIDITY_PRIVATE_MODIFIER_DONT_HIDE_DATA
patternId: 5616b2
severity: 1
line: 1020
column: 12
content: private

ruleId: SOLIDITY_PRIVATE_MODIFIER_DONT_HIDE_DATA
patternId: 5616b2
severity: 1
line: 1024
column: 9
content: private

ruleId: SOLIDITY_SAFEMATH
patternId: 837cac
severity: 1
line: 77
column: 2
content: usingSafeMathforuint256;

ruleId: SOLIDITY_SAFEMATH
patternId: 837cac
severity: 1
line: 304
column: 2
content: usingSafeMathforuint256;

ruleId: SOLIDITY_SAFEMATH
patternId: 837cac
severity: 1
line: 404
column: 2
content: usingSafeMathforuint256;

ruleId: SOLIDITY_SAFEMATH
patternId: 837cac
severity: 1
line: 441
column: 2
content: usingSafeMathforuint256;

ruleId: SOLIDITY_SAFEMATH
patternId: 837cac
severity: 1
line: 814
column: 4
content: usingSafeMathforuint;

ruleId: SOLIDITY_SAFEMATH
patternId: 837cac
severity: 1
line: 899
column: 2
content: usingSafeMathforuint256;

ruleId: SOLIDITY_SAFEMATH
patternId: 837cac
severity: 1
line: 933
column: 2
content: usingSafeMathforuint256;

ruleId: SOLIDITY_SHOULD_NOT_BE_PURE
patternId: 11314f
severity: 1
line: 614
column: 4
content: functiontoKey(address_addr,uint_release)internalpurereturns(bytes32result){result=0x5749534800000000000000000000000000000000000000000000000000000000;assembly{result:=or(result,mul(_addr,0x10000000000000000))result:=or(result,_release)}}

ruleId: SOLIDITY_UPGRADE_TO_050
patternId: 341gim
severity: 1
line: 669
column: 55
content: bytes_data

ruleId: SOLIDITY_UPGRADE_TO_050
patternId: 341gim
severity: 1
line: 673
column: 46
content: bytesdata

ruleId: SOLIDITY_UPGRADE_TO_050
patternId: 341gim
severity: 1
line: 681
column: 55
content: bytes_data

ruleId: SOLIDITY_UPGRADE_TO_050
patternId: 341gim
severity: 1
line: 687
column: 42
content: bytes

ruleId: SOLIDITY_UPGRADE_TO_050
patternId: 341gim
severity: 1
line: 827
column: 48
content: bytes_data

ruleId: SOLIDITY_UPGRADE_TO_050
patternId: 341gim
severity: 1
line: 868
column: 41
content: string_name

ruleId: SOLIDITY_UPGRADE_TO_050
patternId: 341gim
severity: 1
line: 872
column: 43
content: string_symbol

ruleId: SOLIDITY_USING_INLINE_ASSEMBLY
patternId: 109cd5
severity: 1
line: 617
column: 8
content: assembly{result:=or(result,mul(_addr,0x10000000000000000))result:=or(result,_release)}

ruleId: SOLIDITY_VISIBILITY
patternId: b51ce0
severity: 1
line: 79
column: 2
content: mapping(address=>uint256)balances;

ruleId: SOLIDITY_VISIBILITY
patternId: b51ce0
severity: 1
line: 793
column: 4
content: uintconstantTOKEN_DECIMALS=18;

ruleId: SOLIDITY_VISIBILITY
patternId: b51ce0
severity: 1
line: 794
column: 4
content: uint8constantTOKEN_DECIMALS_UINT8=18;

ruleId: SOLIDITY_VISIBILITY
patternId: b51ce0
severity: 1
line: 795
column: 4
content: uintconstantTOKEN_DECIMAL_MULTIPLIER=10**TOKEN_DECIMALS;

ruleId: SOLIDITY_VISIBILITY
patternId: b51ce0
severity: 1
line: 797
column: 4
content: stringconstantTOKEN_NAME="KASH";

ruleId: SOLIDITY_VISIBILITY
patternId: b51ce0
severity: 1
line: 798
column: 4
content: stringconstantTOKEN_SYMBOL="KASH";

ruleId: SOLIDITY_VISIBILITY
patternId: b51ce0
severity: 1
line: 799
column: 4
content: boolconstantPAUSED=true;

ruleId: SOLIDITY_VISIBILITY
patternId: b51ce0
severity: 1
line: 800
column: 4
content: addressconstantTARGET_USER=0xA4461465531a90dF04f52873507B7C5920165b5d;

ruleId: SOLIDITY_VISIBILITY
patternId: b51ce0
severity: 1
line: 802
column: 4
content: uintconstantSTART_TIME=1523160014;

ruleId: SOLIDITY_VISIBILITY
patternId: b51ce0
severity: 1
line: 804
column: 4
content: boolconstantCONTINUE_MINTING=false;

SOLIDITY_VISIBILITY :10
SOLIDITY_PRAGMAS_VERSION :1
SOLIDITY_FUNCTIONS_RETURNS_TYPE_AND_NO_RETURN :2
SOLIDITY_PRIVATE_MODIFIER_DONT_HIDE_DATA :2
SOLIDITY_EXTRA_GAS_IN_LOOPS :1
SOLIDITY_ADDRESS_HARDCODED :3
SOLIDITY_UPGRADE_TO_050 :7
SOLIDITY_GAS_LIMIT_IN_LOOPS :3
SOLIDITY_SHOULD_NOT_BE_PURE :1
SOLIDITY_ERC20_APPROVE :1
SOLIDITY_SAFEMATH :7
SOLIDITY_DEPRECATED_CONSTRUCTIONS :1
SOLIDITY_LOCKED_MONEY :2
SOLIDITY_USING_INLINE_ASSEMBLY :1