WARNING:root:You are using evm version 1.8.2. The supported version is 1.7.3
WARNING:root:You are using solc version 0.4.25, The latest supported version is 0.4.19
INFO:root:contract /unique_chucks/14/0x1dcadad44aa14154e2393d83edf6c7c6f83cb795.sol:DoggyEthPics:
INFO:symExec:	============ Results ===========
INFO:symExec:	  EVM Code Coverage: 			 62.8%
INFO:symExec:	  Integer Underflow: 			 True
INFO:symExec:	  Integer Overflow: 			 True
INFO:symExec:	  Parity Multisig Bug 2: 		 False
INFO:symExec:	  Callstack Depth Attack Vulnerability:  False
INFO:symExec:	  Transaction-Ordering Dependence (TOD): False
INFO:symExec:	  Timestamp Dependency: 		 False
INFO:symExec:	  Re-Entrancy Vulnerability: 		 False
INFO:symExec:/unique_chucks/14/0x1dcadad44aa14154e2393d83edf6c7c6f83cb795.sol:352:7: Warning: Integer Underflow.
      ownershipTokenCount[_from]--
Integer Underflow occurs if:
    ownershipTokenCount[_from] = 0
    doggyIdToApproved[_tokenId] = 1461501637330902918203684832716283019655932542975
    doggyIdToOwner[_tokenId] = 1461501637330902918203684832716283019655932542975
INFO:symExec:/unique_chucks/14/0x1dcadad44aa14154e2393d83edf6c7c6f83cb795.sol:347:5: Warning: Integer Overflow.
    ownershipTokenCount[_to]++
Integer Overflow occurs if:
    ownershipTokenCount[_to] = 115792089237316195423570985008687907853269984665640564039457584007913129639935
    doggyIdToApproved[_tokenId] = 1461501637330902918203684832716283019655932542975
    doggyIdToOwner[_tokenId] = 0
INFO:symExec:	====== Analysis Completed ======
INFO:root:contract /unique_chucks/14/0x1dcadad44aa14154e2393d83edf6c7c6f83cb795.sol:Ownable:
INFO:symExec:	============ Results ===========
INFO:symExec:	  EVM Code Coverage: 			 97.4%
INFO:symExec:	  Integer Underflow: 			 False
INFO:symExec:	  Integer Overflow: 			 False
INFO:symExec:	  Parity Multisig Bug 2: 		 False
INFO:symExec:	  Callstack Depth Attack Vulnerability:  False
INFO:symExec:	  Transaction-Ordering Dependence (TOD): False
INFO:symExec:	  Timestamp Dependency: 		 False
INFO:symExec:	  Re-Entrancy Vulnerability: 		 False
INFO:symExec:	====== Analysis Completed ======
INFO:root:contract /unique_chucks/14/0x1dcadad44aa14154e2393d83edf6c7c6f83cb795.sol:SafeMath:
INFO:symExec:	============ Results ===========
INFO:symExec:	  EVM Code Coverage: 			 100.0%
INFO:symExec:	  Integer Underflow: 			 False
INFO:symExec:	  Integer Overflow: 			 False
INFO:symExec:	  Parity Multisig Bug 2: 		 False
INFO:symExec:	  Callstack Depth Attack Vulnerability:  False
INFO:symExec:	  Transaction-Ordering Dependence (TOD): False
INFO:symExec:	  Timestamp Dependency: 		 False
INFO:symExec:	  Re-Entrancy Vulnerability: 		 False
INFO:symExec:	====== Analysis Completed ======