INFO:Slither:Compilation warnings/errors on /unique_chucks/11/0x0684d80292961f6f662a214d52c940232c4dfba1.sol:
/unique_chucks/11/0x0684d80292961f6f662a214d52c940232c4dfba1.sol:26:5: Warning: Defining constructors as functions with the same name as the contract is deprecated. Use "constructor(...) { ... }" instead.
    function EtherGuess() public {
    ^ (Relevant source part starts here and spans across multiple lines).
/unique_chucks/11/0x0684d80292961f6f662a214d52c940232c4dfba1.sol:142:9: Warning: Invoking events without "emit" prefix is deprecated.
        Withdraw(msg.sender,value);
        ^------------------------^
/unique_chucks/11/0x0684d80292961f6f662a214d52c940232c4dfba1.sol:160:12: Warning: Invoking events without "emit" prefix is deprecated.
           Refund(oldOwner, currentRound, oldValue, guess);
           ^---------------------------------------------^
/unique_chucks/11/0x0684d80292961f6f662a214d52c940232c4dfba1.sol:168:9: Warning: Invoking events without "emit" prefix is deprecated.
        Guess(msg.sender, currentRound, numberOfGuesses, guess, msg.value);
        ^----------------------------------------------------------------^
/unique_chucks/11/0x0684d80292961f6f662a214d52c940232c4dfba1.sol:186:12: Warning: Invoking events without "emit" prefix is deprecated.
           Refund(oldOwner, currentRound, oldValue, guess);
           ^---------------------------------------------^
/unique_chucks/11/0x0684d80292961f6f662a214d52c940232c4dfba1.sol:196:9: Warning: Invoking events without "emit" prefix is deprecated.
        Guess(msg.sender, currentRound, numberOfGuesses, guess, testValue);
        ^----------------------------------------------------------------^
/unique_chucks/11/0x0684d80292961f6f662a214d52c940232c4dfba1.sol:211:21: Warning: Invoking events without "emit" prefix is deprecated.
                    Refund(oldOwner, currentRound, oldValue, multiGuesses[i]);
                    ^-------------------------------------------------------^
/unique_chucks/11/0x0684d80292961f6f662a214d52c940232c4dfba1.sol:217:17: Warning: Invoking events without "emit" prefix is deprecated.
                Guess(msg.sender, currentRound, ++numberOfGuesses, multiGuesses[i], newValue);
                ^---------------------------------------------------------------------------^
/unique_chucks/11/0x0684d80292961f6f662a214d52c940232c4dfba1.sol:222:13: Warning: Invoking events without "emit" prefix is deprecated.
            Refund(msg.sender, currentRound, valueLeft, -1);
            ^---------------------------------------------^
/unique_chucks/11/0x0684d80292961f6f662a214d52c940232c4dfba1.sol:248:41: Warning: Using contract member "balance" inherited from the address type is deprecated. Convert the contract to "address" type to access the member, for example use "address(contract).balance" instead.
                uint finalTotalPayout = this.balance - totalPayout;
                                        ^----------^
/unique_chucks/11/0x0684d80292961f6f662a214d52c940232c4dfba1.sol:252:17: Warning: Invoking events without "emit" prefix is deprecated.
                Winner(guesses[price].owner, currentRound, finalPlayerPayout, price, priceInfo);  
                ^-----------------------------------------------------------------------------^
/unique_chucks/11/0x0684d80292961f6f662a214d52c940232c4dfba1.sol:262:17: Warning: Invoking events without "emit" prefix is deprecated.
                NoWinner(msg.sender, currentRound, price, priceInfo);
                ^--------------------------------------------------^
/unique_chucks/11/0x0684d80292961f6f662a214d52c940232c4dfba1.sol:275:9: Warning: Invoking events without "emit" prefix is deprecated.
        Neglect(msg.sender, currentRound, guesses[guess].value, guess);
        ^------------------------------------------------------------^

INFO:Detectors:[92m
EtherGuess.setOpenCloseHour (/unique_chucks/11/0x0684d80292961f6f662a214d52c940232c4dfba1.sol#45-49) should be declared external
EtherGuess.setAdminPayout (/unique_chucks/11/0x0684d80292961f6f662a214d52c940232c4dfba1.sol#49-54) should be declared external
EtherGuess.setBotAddress (/unique_chucks/11/0x0684d80292961f6f662a214d52c940232c4dfba1.sol#54-59) should be declared external
EtherGuess.fallback (/unique_chucks/11/0x0684d80292961f6f662a214d52c940232c4dfba1.sol#120-122) should be declared external
EtherGuess.isGuessesOpen (/unique_chucks/11/0x0684d80292961f6f662a214d52c940232c4dfba1.sol#123-140) should be declared external
EtherGuess.getWinnings (/unique_chucks/11/0x0684d80292961f6f662a214d52c940232c4dfba1.sol#140-148) should be declared external
EtherGuess.addGuess (/unique_chucks/11/0x0684d80292961f6f662a214d52c940232c4dfba1.sol#149-175) should be declared external
EtherGuess.addGuessWithRefund (/unique_chucks/11/0x0684d80292961f6f662a214d52c940232c4dfba1.sol#175-203) should be declared external
EtherGuess.multiGuess (/unique_chucks/11/0x0684d80292961f6f662a214d52c940232c4dfba1.sol#203-234) should be declared external
EtherGuess.pauseResumeContract (/unique_chucks/11/0x0684d80292961f6f662a214d52c940232c4dfba1.sol#234-243) should be declared external
EtherGuess.finishUpRound (/unique_chucks/11/0x0684d80292961f6f662a214d52c940232c4dfba1.sol#248-275) should be declared external
EtherGuess.neglectGuess (/unique_chucks/11/0x0684d80292961f6f662a214d52c940232c4dfba1.sol#275-288) should be declared external
EtherGuess.neglectOwner (/unique_chucks/11/0x0684d80292961f6f662a214d52c940232c4dfba1.sol) should be declared external
Reference: https://github.com/trailofbits/slither/wiki/Detectors-Documentation#public-function-that-could-be-declared-as-external[0m
INFO:Detectors:[92m
Detected issues with version pragma in /unique_chucks/11/0x0684d80292961f6f662a214d52c940232c4dfba1.sol:
	- pragma solidity^0.4.16 (/unique_chucks/11/0x0684d80292961f6f662a214d52c940232c4dfba1.sol#1): it allows old versions
Reference: https://github.com/trailofbits/slither/wiki/Detectors-Documentation#incorrect-version-of-solidity[0m
INFO:Detectors:[92m
Function 'EtherGuess.EtherGuess' (/unique_chucks/11/0x0684d80292961f6f662a214d52c940232c4dfba1.sol#26-40) is not in mixedCase
Reference: https://github.com/trailofbits/slither/wiki/Detectors-Documentation#conformance-to-solidity-naming-conventions[0m
INFO:Slither:/unique_chucks/11/0x0684d80292961f6f662a214d52c940232c4dfba1.sol analyzed (1 contracts), 15 result(s) found