INFO:Slither:Compilation warnings/errors on /unique_chucks/31/0x1bffa323d25ce1b2709d4d346b3a4670faa948c7.sol:
/unique_chucks/31/0x1bffa323d25ce1b2709d4d346b3a4670faa948c7.sol:84:5: Warning: Use of the "var" keyword is deprecated.
    var _allowance = allowed[_from][msg.sender];
    ^------------^
/unique_chucks/31/0x1bffa323d25ce1b2709d4d346b3a4670faa948c7.sol:137:3: Warning: Defining constructors as functions with the same name as the contract is deprecated. Use "constructor(...) { ... }" instead.
  function Stars() {
  ^ (Relevant source part starts here and spans across multiple lines).
/unique_chucks/31/0x1bffa323d25ce1b2709d4d346b3a4670faa948c7.sol:152:3: Warning: Defining constructors as functions with the same name as the contract is deprecated. Use "constructor(...) { ... }" instead.
  function Ownable() {
  ^ (Relevant source part starts here and spans across multiple lines).
/unique_chucks/31/0x1bffa323d25ce1b2709d4d346b3a4670faa948c7.sol:262:3: Warning: Defining constructors as functions with the same name as the contract is deprecated. Use "constructor(...) { ... }" instead.
  function StarsICO(uint256 _startTime, uint256 _endTime, uint256 _rate, address _wallet_address, address _token_address, uint256 _cap) {
  ^ (Relevant source part starts here and spans across multiple lines).
/unique_chucks/31/0x1bffa323d25ce1b2709d4d346b3a4670faa948c7.sol:48:5: Warning: Invoking events without "emit" prefix is deprecated.
    Transfer(msg.sender, _to, _value);
    ^-------------------------------^
/unique_chucks/31/0x1bffa323d25ce1b2709d4d346b3a4670faa948c7.sol:92:5: Warning: Invoking events without "emit" prefix is deprecated.
    Transfer(_from, _to, _value);
    ^--------------------------^
/unique_chucks/31/0x1bffa323d25ce1b2709d4d346b3a4670faa948c7.sol:110:5: Warning: Invoking events without "emit" prefix is deprecated.
    Approval(msg.sender, _spender, _value);
    ^------------------------------------^
/unique_chucks/31/0x1bffa323d25ce1b2709d4d346b3a4670faa948c7.sol:207:5: Warning: Invoking events without "emit" prefix is deprecated.
    Pause();
    ^-----^
/unique_chucks/31/0x1bffa323d25ce1b2709d4d346b3a4670faa948c7.sol:216:5: Warning: Invoking events without "emit" prefix is deprecated.
    Unpause();
    ^-------^
/unique_chucks/31/0x1bffa323d25ce1b2709d4d346b3a4670faa948c7.sol:297:7: Warning: Invoking events without "emit" prefix is deprecated.
      TokenPurchase(beneficiary, beneficiary, weiAmount, tokens);
      ^--------------------------------------------------------^
/unique_chucks/31/0x1bffa323d25ce1b2709d4d346b3a4670faa948c7.sol:29:3: Warning: No visibility specified. Defaulting to "public". 
  function balanceOf(address who) constant returns (uint256);
  ^---------------------------------------------------------^
/unique_chucks/31/0x1bffa323d25ce1b2709d4d346b3a4670faa948c7.sol:30:3: Warning: No visibility specified. Defaulting to "public". 
  function transfer(address to, uint256 value) returns (bool);
  ^----------------------------------------------------------^
/unique_chucks/31/0x1bffa323d25ce1b2709d4d346b3a4670faa948c7.sol:45:3: Warning: No visibility specified. Defaulting to "public". 
  function transfer(address _to, uint256 _value) returns (bool) {
  ^ (Relevant source part starts here and spans across multiple lines).
/unique_chucks/31/0x1bffa323d25ce1b2709d4d346b3a4670faa948c7.sol:57:3: Warning: No visibility specified. Defaulting to "public". 
  function balanceOf(address _owner) constant returns (uint256 balance) {
  ^ (Relevant source part starts here and spans across multiple lines).
/unique_chucks/31/0x1bffa323d25ce1b2709d4d346b3a4670faa948c7.sol:65:3: Warning: No visibility specified. Defaulting to "public". 
  function allowance(address owner, address spender) constant returns (uint256);
  ^----------------------------------------------------------------------------^
/unique_chucks/31/0x1bffa323d25ce1b2709d4d346b3a4670faa948c7.sol:66:3: Warning: No visibility specified. Defaulting to "public". 
  function transferFrom(address from, address to, uint256 value) returns (bool);
  ^----------------------------------------------------------------------------^
/unique_chucks/31/0x1bffa323d25ce1b2709d4d346b3a4670faa948c7.sol:67:3: Warning: No visibility specified. Defaulting to "public". 
  function approve(address spender, uint256 value) returns (bool);
  ^--------------------------------------------------------------^
/unique_chucks/31/0x1bffa323d25ce1b2709d4d346b3a4670faa948c7.sol:83:3: Warning: No visibility specified. Defaulting to "public". 
  function transferFrom(address _from, address _to, uint256 _value) returns (bool) {
  ^ (Relevant source part starts here and spans across multiple lines).
/unique_chucks/31/0x1bffa323d25ce1b2709d4d346b3a4670faa948c7.sol:101:3: Warning: No visibility specified. Defaulting to "public". 
  function approve(address _spender, uint256 _value) returns (bool) {
  ^ (Relevant source part starts here and spans across multiple lines).
/unique_chucks/31/0x1bffa323d25ce1b2709d4d346b3a4670faa948c7.sol:120:3: Warning: No visibility specified. Defaulting to "public". 
  function allowance(address _owner, address _spender) constant returns (uint256 remaining) {
  ^ (Relevant source part starts here and spans across multiple lines).
/unique_chucks/31/0x1bffa323d25ce1b2709d4d346b3a4670faa948c7.sol:137:3: Warning: No visibility specified. Defaulting to "public". 
  function Stars() {
  ^ (Relevant source part starts here and spans across multiple lines).
/unique_chucks/31/0x1bffa323d25ce1b2709d4d346b3a4670faa948c7.sol:152:3: Warning: No visibility specified. Defaulting to "public". 
  function Ownable() {
  ^ (Relevant source part starts here and spans across multiple lines).
/unique_chucks/31/0x1bffa323d25ce1b2709d4d346b3a4670faa948c7.sol:170:3: Warning: No visibility specified. Defaulting to "public". 
  function transferOwnership(address newOwner) onlyOwner {
  ^ (Relevant source part starts here and spans across multiple lines).
/unique_chucks/31/0x1bffa323d25ce1b2709d4d346b3a4670faa948c7.sol:205:3: Warning: No visibility specified. Defaulting to "public". 
  function pause() onlyOwner whenNotPaused returns (bool) {
  ^ (Relevant source part starts here and spans across multiple lines).
/unique_chucks/31/0x1bffa323d25ce1b2709d4d346b3a4670faa948c7.sol:214:3: Warning: No visibility specified. Defaulting to "public". 
  function unpause() onlyOwner whenPaused returns (bool) {
  ^ (Relevant source part starts here and spans across multiple lines).
/unique_chucks/31/0x1bffa323d25ce1b2709d4d346b3a4670faa948c7.sol:262:3: Warning: No visibility specified. Defaulting to "public". 
  function StarsICO(uint256 _startTime, uint256 _endTime, uint256 _rate, address _wallet_address, address _token_address, uint256 _cap) {
  ^ (Relevant source part starts here and spans across multiple lines).
/unique_chucks/31/0x1bffa323d25ce1b2709d4d346b3a4670faa948c7.sol:279:3: Warning: No visibility specified. Defaulting to "public". 
  function () payable {
  ^ (Relevant source part starts here and spans across multiple lines).
/unique_chucks/31/0x1bffa323d25ce1b2709d4d346b3a4670faa948c7.sol:309:3: Warning: No visibility specified. Defaulting to "public". 
  function convertWeiToTokens(uint256 weiAmount) constant returns (uint256) {
  ^ (Relevant source part starts here and spans across multiple lines).
/unique_chucks/31/0x1bffa323d25ce1b2709d4d346b3a4670faa948c7.sol:5:3: Warning: Function state mutability can be restricted to pure
  function mul(uint256 a, uint256 b) internal constant returns (uint256) {    uint256 c = a * b;    assert(a == 0 || c / a == b);    return c;  }
  ^---------------------------------------------------------------------------------------------------------------------------------------------^
/unique_chucks/31/0x1bffa323d25ce1b2709d4d346b3a4670faa948c7.sol:7:3: Warning: Function state mutability can be restricted to pure
  function div(uint256 a, uint256 b) internal constant returns (uint256) {
  ^ (Relevant source part starts here and spans across multiple lines).
/unique_chucks/31/0x1bffa323d25ce1b2709d4d346b3a4670faa948c7.sol:14:3: Warning: Function state mutability can be restricted to pure
  function sub(uint256 a, uint256 b) internal constant returns (uint256) {
  ^ (Relevant source part starts here and spans across multiple lines).
/unique_chucks/31/0x1bffa323d25ce1b2709d4d346b3a4670faa948c7.sol:19:3: Warning: Function state mutability can be restricted to pure
  function add(uint256 a, uint256 b) internal constant returns (uint256) {
  ^ (Relevant source part starts here and spans across multiple lines).

INFO:Detectors:[91m
Reentrancy in StarsICO.buyTokens (/unique_chucks/31/0x1bffa323d25ce1b2709d4d346b3a4670faa948c7.sol#292-305):
	External calls:
	- tok.transferFrom(wallet_address,beneficiary,tokens) (/unique_chucks/31/0x1bffa323d25ce1b2709d4d346b3a4670faa948c7.sol#301-305)
	External calls sending eth:
	- wallet_address.transfer(msg.value) (/unique_chucks/31/0x1bffa323d25ce1b2709d4d346b3a4670faa948c7.sol#297-300)
	State variables written after the call(s):
	- tokensSold (/unique_chucks/31/0x1bffa323d25ce1b2709d4d346b3a4670faa948c7.sol#304)
Reference: https://github.com/trailofbits/slither/wiki/Detectors-Documentation#reentrancy-vulnerabilities[0m
INFO:Detectors:[92m
Reentrancy in StarsICO.buyTokens (/unique_chucks/31/0x1bffa323d25ce1b2709d4d346b3a4670faa948c7.sol#292-305):
	External calls:
	- tok.transferFrom(wallet_address,beneficiary,tokens) (/unique_chucks/31/0x1bffa323d25ce1b2709d4d346b3a4670faa948c7.sol#301-305)
	External calls sending eth:
	- wallet_address.transfer(msg.value) (/unique_chucks/31/0x1bffa323d25ce1b2709d4d346b3a4670faa948c7.sol#297-300)
	State variables written after the call(s):
	- weiRaised (/unique_chucks/31/0x1bffa323d25ce1b2709d4d346b3a4670faa948c7.sol#303)
Reference: https://github.com/trailofbits/slither/wiki/Detectors-Documentation#reentrancy-vulnerabilities-2[0m
INFO:Detectors:[92m
Stars.INITIAL_SUPPLY should be constant (/unique_chucks/31/0x1bffa323d25ce1b2709d4d346b3a4670faa948c7.sol#135-138)
Stars.decimals should be constant (/unique_chucks/31/0x1bffa323d25ce1b2709d4d346b3a4670faa948c7.sol#135)
Stars.name should be constant (/unique_chucks/31/0x1bffa323d25ce1b2709d4d346b3a4670faa948c7.sol#132)
Stars.symbol should be constant (/unique_chucks/31/0x1bffa323d25ce1b2709d4d346b3a4670faa948c7.sol#132-135)
Reference: https://github.com/trailofbits/slither/wiki/Detectors-Documentation#state-variables-that-could-be-declared-constant[0m
INFO:Detectors:[92m
ERC20Basic.balanceOf (/unique_chucks/31/0x1bffa323d25ce1b2709d4d346b3a4670faa948c7.sol#29-30) should be declared external
BasicToken.balanceOf (/unique_chucks/31/0x1bffa323d25ce1b2709d4d346b3a4670faa948c7.sol#57-65) should be declared external
ERC20Basic.transfer (/unique_chucks/31/0x1bffa323d25ce1b2709d4d346b3a4670faa948c7.sol#30-31) should be declared external
BasicToken.transfer (/unique_chucks/31/0x1bffa323d25ce1b2709d4d346b3a4670faa948c7.sol#45-53) should be declared external
StandardToken.allowance (/unique_chucks/31/0x1bffa323d25ce1b2709d4d346b3a4670faa948c7.sol#121-131) should be declared external
ERC20.allowance (/unique_chucks/31/0x1bffa323d25ce1b2709d4d346b3a4670faa948c7.sol#65-66) should be declared external
StandardToken.transferFrom (/unique_chucks/31/0x1bffa323d25ce1b2709d4d346b3a4670faa948c7.sol#83-97) should be declared external
ERC20.transferFrom (/unique_chucks/31/0x1bffa323d25ce1b2709d4d346b3a4670faa948c7.sol#66-67) should be declared external
ERC20.approve (/unique_chucks/31/0x1bffa323d25ce1b2709d4d346b3a4670faa948c7.sol#68) should be declared external
StandardToken.approve (/unique_chucks/31/0x1bffa323d25ce1b2709d4d346b3a4670faa948c7.sol#103-116) should be declared external
Ownable.transferOwnership (/unique_chucks/31/0x1bffa323d25ce1b2709d4d346b3a4670faa948c7.sol#180-187) should be declared external
Pausable.pause (/unique_chucks/31/0x1bffa323d25ce1b2709d4d346b3a4670faa948c7.sol#214-222) should be declared external
Pausable.unpause (/unique_chucks/31/0x1bffa323d25ce1b2709d4d346b3a4670faa948c7.sol#225-227) should be declared external
StarsICO.fallback (/unique_chucks/31/0x1bffa323d25ce1b2709d4d346b3a4670faa948c7.sol#289-291) should be declared external
Reference: https://github.com/trailofbits/slither/wiki/Detectors-Documentation#public-function-that-could-be-declared-as-external[0m
INFO:Detectors:[92m
Detected issues with version pragma in /unique_chucks/31/0x1bffa323d25ce1b2709d4d346b3a4670faa948c7.sol:
	- pragma solidity^0.4.11 (/unique_chucks/31/0x1bffa323d25ce1b2709d4d346b3a4670faa948c7.sol#1): it allows old versions
Reference: https://github.com/trailofbits/slither/wiki/Detectors-Documentation#incorrect-version-of-solidity[0m
INFO:Detectors:[92m
Parameter '_owner' of BasicToken.balanceOf (/unique_chucks/31/0x1bffa323d25ce1b2709d4d346b3a4670faa948c7.sol#58) is not in mixedCase
Parameter '_to' of BasicToken.transfer (/unique_chucks/31/0x1bffa323d25ce1b2709d4d346b3a4670faa948c7.sol#45-46) is not in mixedCase
Parameter '_value' of BasicToken.transfer (/unique_chucks/31/0x1bffa323d25ce1b2709d4d346b3a4670faa948c7.sol#46) is not in mixedCase
Parameter '_owner' of StandardToken.allowance (/unique_chucks/31/0x1bffa323d25ce1b2709d4d346b3a4670faa948c7.sol#126-127) is not in mixedCase
Parameter '_spender' of StandardToken.allowance (/unique_chucks/31/0x1bffa323d25ce1b2709d4d346b3a4670faa948c7.sol#127) is not in mixedCase
Parameter '_from' of StandardToken.transferFrom (/unique_chucks/31/0x1bffa323d25ce1b2709d4d346b3a4670faa948c7.sol#84) is not in mixedCase
Parameter '_to' of StandardToken.transferFrom (/unique_chucks/31/0x1bffa323d25ce1b2709d4d346b3a4670faa948c7.sol#84) is not in mixedCase
Parameter '_value' of StandardToken.transferFrom (/unique_chucks/31/0x1bffa323d25ce1b2709d4d346b3a4670faa948c7.sol#85-86) is not in mixedCase
Parameter '_spender' of StandardToken.approve (/unique_chucks/31/0x1bffa323d25ce1b2709d4d346b3a4670faa948c7.sol#103) is not in mixedCase
Parameter '_value' of StandardToken.approve (/unique_chucks/31/0x1bffa323d25ce1b2709d4d346b3a4670faa948c7.sol#103-104) is not in mixedCase
Function 'Stars.Stars' (/unique_chucks/31/0x1bffa323d25ce1b2709d4d346b3a4670faa948c7.sol#145-149) is not in mixedCase
Variable 'Stars.INITIAL_SUPPLY' (/unique_chucks/31/0x1bffa323d25ce1b2709d4d346b3a4670faa948c7.sol#135-138) is not in mixedCase
Function 'Ownable.Ownable' (/unique_chucks/31/0x1bffa323d25ce1b2709d4d346b3a4670faa948c7.sol#160-166) is not in mixedCase
Function 'StarsICO.StarsICO' (/unique_chucks/31/0x1bffa323d25ce1b2709d4d346b3a4670faa948c7.sol#266-286) is not in mixedCase
Parameter '_startTime' of StarsICO.StarsICO (/unique_chucks/31/0x1bffa323d25ce1b2709d4d346b3a4670faa948c7.sol#267) is not in mixedCase
Parameter '_endTime' of StarsICO.StarsICO (/unique_chucks/31/0x1bffa323d25ce1b2709d4d346b3a4670faa948c7.sol#267-268) is not in mixedCase
Parameter '_rate' of StarsICO.StarsICO (/unique_chucks/31/0x1bffa323d25ce1b2709d4d346b3a4670faa948c7.sol#268-270) is not in mixedCase
Parameter '_wallet_address' of StarsICO.StarsICO (/unique_chucks/31/0x1bffa323d25ce1b2709d4d346b3a4670faa948c7.sol#270) is not in mixedCase
Parameter '_token_address' of StarsICO.StarsICO (/unique_chucks/31/0x1bffa323d25ce1b2709d4d346b3a4670faa948c7.sol#271) is not in mixedCase
Parameter '_cap' of StarsICO.StarsICO (/unique_chucks/31/0x1bffa323d25ce1b2709d4d346b3a4670faa948c7.sol#272) is not in mixedCase
Variable 'StarsICO.wallet_address' (/unique_chucks/31/0x1bffa323d25ce1b2709d4d346b3a4670faa948c7.sol#242-243) is not in mixedCase
Variable 'StarsICO.token_address' (/unique_chucks/31/0x1bffa323d25ce1b2709d4d346b3a4670faa948c7.sol#245-247) is not in mixedCase
Reference: https://github.com/trailofbits/slither/wiki/Detectors-Documentation#conformance-to-solidity-naming-conventions[0m
INFO:Slither:/unique_chucks/31/0x1bffa323d25ce1b2709d4d346b3a4670faa948c7.sol analyzed (9 contracts), 40 result(s) found