/unique_chucks/5/0x5041bfba3deb602d794f6cf6c3db50d572912c40.sol
jar:file:/usr/local/lib/node_modules/@smartdec/smartcheck/jdeploy-bundle/smartcheck-2.0-jar-with-dependencies.jar!/solidity-rules.xmlruleId: SOLIDITY_DEPRECATED_CONSTRUCTIONS
patternId: 49bd2a
severity: 1
line: 18
column: 37
content: throw

ruleId: SOLIDITY_PRAGMAS_VERSION
patternId: 23fc32
severity: 1
line: 1
column: 16
content: ^

ruleId: SOLIDITY_REVERT_REQUIRE
patternId: c56b12
severity: 1
line: 18
column: 2
content: if(!token.transfer(msg.sender,1))throw;

ruleId: SOLIDITY_VISIBILITY
patternId: 910067
severity: 1
line: 4
column: 1
content: functiontransfer(addressto,uintvalue)returns(boolok);

ruleId: SOLIDITY_VISIBILITY
patternId: 910067
severity: 1
line: 12
column: 1
content: functionFaucet(address_tokenAddress){tokenAddress=_tokenAddress;token=Token(tokenAddress);}

ruleId: SOLIDITY_VISIBILITY
patternId: 910067
severity: 1
line: 17
column: 1
content: functiongetToken(){if(!token.transfer(msg.sender,1))throw;}

ruleId: SOLIDITY_VISIBILITY
patternId: 910067
severity: 1
line: 21
column: 1
content: function(){getToken();}

ruleId: SOLIDITY_VISIBILITY
patternId: b51ce0
severity: 1
line: 10
column: 1
content: Tokentoken;

SOLIDITY_VISIBILITY :5
SOLIDITY_DEPRECATED_CONSTRUCTIONS :1
SOLIDITY_PRAGMAS_VERSION :1
SOLIDITY_REVERT_REQUIRE :1