INFO:Slither:Compilation warnings/errors on /unique_chucks/4/0x0ea984e789302b7b612147e4e4144e64f21425eb.sol:
/unique_chucks/4/0x0ea984e789302b7b612147e4e4144e64f21425eb.sol:109:5: Warning: Defining constructors as functions with the same name as the contract is deprecated. Use "constructor(...) { ... }" instead.
    function WaleTokeN () public {
    ^ (Relevant source part starts here and spans across multiple lines).

INFO:Detectors:[93m
WaleTokeN.totalSupply (/unique_chucks/4/0x0ea984e789302b7b612147e4e4144e64f21425eb.sol#84-85) shadows:
	- ERC20Basic.totalSupply (/unique_chucks/4/0x0ea984e789302b7b612147e4e4144e64f21425eb.sol#59)
Reference: https://github.com/trailofbits/slither/wiki/Detectors-Documentation#state-variable-shadowing-from-abstract-contracts[0m
INFO:Detectors:[92m
ERC20Basic.totalSupply should be constant (/unique_chucks/4/0x0ea984e789302b7b612147e4e4144e64f21425eb.sol#59)
Reference: https://github.com/trailofbits/slither/wiki/Detectors-Documentation#state-variables-that-could-be-declared-constant[0m
INFO:Detectors:[92m
ForeignToken.balanceOf (/unique_chucks/4/0x0ea984e789302b7b612147e4e4144e64f21425eb.sol#53-54) should be declared external
ForeignToken.transfer (/unique_chucks/4/0x0ea984e789302b7b612147e4e4144e64f21425eb.sol#54-58) should be declared external
WaleTokeN.balanceOf (/unique_chucks/4/0x0ea984e789302b7b612147e4e4144e64f21425eb.sol#195-200) should be declared external
ERC20Basic.balanceOf (/unique_chucks/4/0x0ea984e789302b7b612147e4e4144e64f21425eb.sol#59-60) should be declared external
ERC20Basic.transfer (/unique_chucks/4/0x0ea984e789302b7b612147e4e4144e64f21425eb.sol#60-61) should be declared external
WaleTokeN.transfer (/unique_chucks/4/0x0ea984e789302b7b612147e4e4144e64f21425eb.sol#204-214) should be declared external
WaleTokeN.allowance (/unique_chucks/4/0x0ea984e789302b7b612147e4e4144e64f21425eb.sol#236-242) should be declared external
ERC20.allowance (/unique_chucks/4/0x0ea984e789302b7b612147e4e4144e64f21425eb.sol#65-66) should be declared external
WaleTokeN.transferFrom (/unique_chucks/4/0x0ea984e789302b7b612147e4e4144e64f21425eb.sol#215-226) should be declared external
ERC20.transferFrom (/unique_chucks/4/0x0ea984e789302b7b612147e4e4144e64f21425eb.sol#66-67) should be declared external
ERC20.approve (/unique_chucks/4/0x0ea984e789302b7b612147e4e4144e64f21425eb.sol#67-68) should be declared external
WaleTokeN.approve (/unique_chucks/4/0x0ea984e789302b7b612147e4e4144e64f21425eb.sol#226-236) should be declared external
WaleTokeN.transferOwnership (/unique_chucks/4/0x0ea984e789302b7b612147e4e4144e64f21425eb.sol#116-122) should be declared external
WaleTokeN.finishDistribution (/unique_chucks/4/0x0ea984e789302b7b612147e4e4144e64f21425eb.sol#123-128) should be declared external
WaleTokeN.adminClaimAirdrop (/unique_chucks/4/0x0ea984e789302b7b612147e4e4144e64f21425eb.sol#158-159) should be declared external
WaleTokeN.adminClaimAirdropMultiple (/unique_chucks/4/0x0ea984e789302b7b612147e4e4144e64f21425eb.sol#159-164) should be declared external
WaleTokeN.updateTokensPerEth (/unique_chucks/4/0x0ea984e789302b7b612147e4e4144e64f21425eb.sol#164-174) should be declared external
WaleTokeN.getTokenBalance (/unique_chucks/4/0x0ea984e789302b7b612147e4e4144e64f21425eb.sol#242-249) should be declared external
WaleTokeN.withdraw (/unique_chucks/4/0x0ea984e789302b7b612147e4e4144e64f21425eb.sol#249-254) should be declared external
WaleTokeN.burn (/unique_chucks/4/0x0ea984e789302b7b612147e4e4144e64f21425eb.sol#255-262) should be declared external
WaleTokeN.withdrawForeignTokens (/unique_chucks/4/0x0ea984e789302b7b612147e4e4144e64f21425eb.sol#264) should be declared external
Reference: https://github.com/trailofbits/slither/wiki/Detectors-Documentation#public-function-that-could-be-declared-as-external[0m
INFO:Detectors:[92m
Detected issues with version pragma in /unique_chucks/4/0x0ea984e789302b7b612147e4e4144e64f21425eb.sol:
	- pragma solidity^0.4.18 (/unique_chucks/4/0x0ea984e789302b7b612147e4e4144e64f21425eb.sol#5-7): it allows old versions
Reference: https://github.com/trailofbits/slither/wiki/Detectors-Documentation#incorrect-version-of-solidity[0m
INFO:Detectors:[92m
Parameter '_owner' of WaleTokeN.balanceOf (/unique_chucks/4/0x0ea984e789302b7b612147e4e4144e64f21425eb.sol#196) is not in mixedCase
Parameter '_to' of WaleTokeN.transfer (/unique_chucks/4/0x0ea984e789302b7b612147e4e4144e64f21425eb.sol#205) is not in mixedCase
Parameter '_amount' of WaleTokeN.transfer (/unique_chucks/4/0x0ea984e789302b7b612147e4e4144e64f21425eb.sol#205) is not in mixedCase
Parameter '_owner' of WaleTokeN.allowance (/unique_chucks/4/0x0ea984e789302b7b612147e4e4144e64f21425eb.sol#237) is not in mixedCase
Parameter '_spender' of WaleTokeN.allowance (/unique_chucks/4/0x0ea984e789302b7b612147e4e4144e64f21425eb.sol#237) is not in mixedCase
Parameter '_from' of WaleTokeN.transferFrom (/unique_chucks/4/0x0ea984e789302b7b612147e4e4144e64f21425eb.sol#215) is not in mixedCase
Parameter '_to' of WaleTokeN.transferFrom (/unique_chucks/4/0x0ea984e789302b7b612147e4e4144e64f21425eb.sol#215) is not in mixedCase
Parameter '_amount' of WaleTokeN.transferFrom (/unique_chucks/4/0x0ea984e789302b7b612147e4e4144e64f21425eb.sol#215-217) is not in mixedCase
Parameter '_spender' of WaleTokeN.approve (/unique_chucks/4/0x0ea984e789302b7b612147e4e4144e64f21425eb.sol#227) is not in mixedCase
Parameter '_value' of WaleTokeN.approve (/unique_chucks/4/0x0ea984e789302b7b612147e4e4144e64f21425eb.sol#227) is not in mixedCase
Function 'WaleTokeN.WaleTokeN' (/unique_chucks/4/0x0ea984e789302b7b612147e4e4144e64f21425eb.sol#112-115) is not in mixedCase
Parameter '_to' of WaleTokeN.distr (/unique_chucks/4/0x0ea984e789302b7b612147e4e4144e64f21425eb.sol#128-129) is not in mixedCase
Parameter '_amount' of WaleTokeN.distr (/unique_chucks/4/0x0ea984e789302b7b612147e4e4144e64f21425eb.sol#129) is not in mixedCase
Parameter '_participant' of WaleTokeN.doAirdrop (/unique_chucks/4/0x0ea984e789302b7b612147e4e4144e64f21425eb.sol#140-142) is not in mixedCase
Parameter '_amount' of WaleTokeN.doAirdrop (/unique_chucks/4/0x0ea984e789302b7b612147e4e4144e64f21425eb.sol#142) is not in mixedCase
Parameter '_participant' of WaleTokeN.adminClaimAirdrop (/unique_chucks/4/0x0ea984e789302b7b612147e4e4144e64f21425eb.sol#158) is not in mixedCase
Parameter '_amount' of WaleTokeN.adminClaimAirdrop (/unique_chucks/4/0x0ea984e789302b7b612147e4e4144e64f21425eb.sol#158) is not in mixedCase
Parameter '_addresses' of WaleTokeN.adminClaimAirdropMultiple (/unique_chucks/4/0x0ea984e789302b7b612147e4e4144e64f21425eb.sol#161-162) is not in mixedCase
Parameter '_amount' of WaleTokeN.adminClaimAirdropMultiple (/unique_chucks/4/0x0ea984e789302b7b612147e4e4144e64f21425eb.sol#162) is not in mixedCase
Parameter '_tokensPerEth' of WaleTokeN.updateTokensPerEth (/unique_chucks/4/0x0ea984e789302b7b612147e4e4144e64f21425eb.sol#167) is not in mixedCase
Parameter '_value' of WaleTokeN.burn (/unique_chucks/4/0x0ea984e789302b7b612147e4e4144e64f21425eb.sol#255) is not in mixedCase
Parameter '_tokenContract' of WaleTokeN.withdrawForeignTokens (/unique_chucks/4/0x0ea984e789302b7b612147e4e4144e64f21425eb.sol) is not in mixedCase
Reference: https://github.com/trailofbits/slither/wiki/Detectors-Documentation#conformance-to-solidity-naming-conventions[0m
INFO:Slither:/unique_chucks/4/0x0ea984e789302b7b612147e4e4144e64f21425eb.sol analyzed (5 contracts), 46 result(s) found