INFO:Detectors:[92m
DAIMLER_301201.decimals should be constant (/unique_contracts/0x1571e17d341ce39c3e7feb971a64650e6b7d5078.sol#9-10)
DAIMLER_301201.name should be constant (/unique_contracts/0x1571e17d341ce39c3e7feb971a64650e6b7d5078.sol#7-8)
DAIMLER_301201.symbol should be constant (/unique_contracts/0x1571e17d341ce39c3e7feb971a64650e6b7d5078.sol#8-9)
DAIMLER_301201.totalSupply should be constant (/unique_contracts/0x1571e17d341ce39c3e7feb971a64650e6b7d5078.sol#11-12)
Reference: https://github.com/trailofbits/slither/wiki/Detectors-Documentation#state-variables-that-could-be-declared-constant[0m
INFO:Detectors:[92m
DAIMLER_301201.SimpleERC20Token (/unique_contracts/0x1571e17d341ce39c3e7feb971a64650e6b7d5078.sol#15-19) should be declared external
DAIMLER_301201.transfer (/unique_contracts/0x1571e17d341ce39c3e7feb971a64650e6b7d5078.sol#20-29) should be declared external
DAIMLER_301201.approve (/unique_contracts/0x1571e17d341ce39c3e7feb971a64650e6b7d5078.sol#33-42) should be declared external
DAIMLER_301201.transferFrom (/unique_contracts/0x1571e17d341ce39c3e7feb971a64650e6b7d5078.sol#42-55) should be declared external
Reference: https://github.com/trailofbits/slither/wiki/Detectors-Documentation#public-function-that-could-be-declared-as-external[0m
INFO:Detectors:[92m
Detected issues with version pragma in /unique_contracts/0x1571e17d341ce39c3e7feb971a64650e6b7d5078.sol:
	- pragma solidity^0.4.21 (/unique_contracts/0x1571e17d341ce39c3e7feb971a64650e6b7d5078.sol#1): it allows old versions
Reference: https://github.com/trailofbits/slither/wiki/Detectors-Documentation#incorrect-version-of-solidity[0m
INFO:Detectors:[92m
Contract 'DAIMLER_301201' (/unique_contracts/0x1571e17d341ce39c3e7feb971a64650e6b7d5078.sol#3-55) is not in CapWords
Function 'DAIMLER_301201.SimpleERC20Token' (/unique_contracts/0x1571e17d341ce39c3e7feb971a64650e6b7d5078.sol#15-19) is not in mixedCase
Reference: https://github.com/trailofbits/slither/wiki/Detectors-Documentation#conformance-to-solidity-naming-conventions[0m
INFO:Slither:/unique_contracts/0x1571e17d341ce39c3e7feb971a64650e6b7d5078.sol analyzed (1 contracts), 8 result(s) found