/unique_chucks/24/0xcdcbb474268703da1b6744c540500e8a2a39e8dc.sol
jar:file:/usr/local/lib/node_modules/@smartdec/smartcheck/jdeploy-bundle/smartcheck-2.0-jar-with-dependencies.jar!/solidity-rules.xmlruleId: SOLIDITY_DEPRECATED_CONSTRUCTIONS
patternId: 28fa69
severity: 1
line: 307
column: 2
content: functionavailableAirdrop(addresswho)internalconstantreturns(uint256){if(balances[owner]==0)return0;if(airdroped[who]>0)return0;if(thisweek()>lastWeek||DropedThisWeek<weekly_limit){if(balances[owner]>air_drop)returnair_drop;elsereturnbalances[owner];}return0;}

ruleId: SOLIDITY_ERC20_APPROVE
patternId: af782c
severity: 2
line: 130
column: 2
content: functionapprove(address_spender,uint256_value)publicreturns(bool){allowed[msg.sender][_spender]=_value;Approval(msg.sender,_spender,_value);returntrue;}

ruleId: SOLIDITY_PRAGMAS_VERSION
patternId: 23fc32
severity: 1
line: 1
column: 16
content: ^

ruleId: SOLIDITY_REVERT_REQUIRE
patternId: c56b12
severity: 1
line: 291
column: 4
content: if(balances[msg.sender]<_value)revert();

ruleId: SOLIDITY_REVERT_REQUIRE
patternId: c56b12
severity: 1
line: 292
column: 1
content: if(balances[_to]+_value<balances[_to])revert();

ruleId: SOLIDITY_SAFEMATH
patternId: 837cac
severity: 1
line: 60
column: 2
content: usingSafeMathforuint256;

ruleId: SOLIDITY_SEND
patternId: 430636
severity: 1
line: 321
column: 51
content: send(this.balance)

ruleId: SOLIDITY_UPGRADE_TO_050
patternId: 91h3sa
severity: 1
line: 323
column: 22
content: public

ruleId: SOLIDITY_UPGRADE_TO_050
patternId: 341gim
severity: 1
line: 203
column: 22
content: stringnewName

ruleId: SOLIDITY_UPGRADE_TO_050
patternId: 341gim
severity: 1
line: 234
column: 72
content: string_tokenName

ruleId: SOLIDITY_UPGRADE_TO_050
patternId: 341gim
severity: 1
line: 235
column: 72
content: string_tokenSymbol

ruleId: SOLIDITY_VISIBILITY
patternId: b51ce0
severity: 1
line: 62
column: 2
content: mapping(address=>uint256)balances;

ruleId: SOLIDITY_VISIBILITY
patternId: b51ce0
severity: 1
line: 64
column: 2
content: uint256totalSupply_;

ruleId: SOLIDITY_VISIBILITY
patternId: b51ce0
severity: 1
line: 185
column: 2
content: mapping(address=>uint256)airdroped;

ruleId: SOLIDITY_VISIBILITY
patternId: b51ce0
severity: 1
line: 187
column: 2
content: uint256DropedThisWeek;

ruleId: SOLIDITY_VISIBILITY
patternId: b51ce0
severity: 1
line: 189
column: 2
content: uint256lastWeek;

ruleId: SOLIDITY_VISIBILITY
patternId: b51ce0
severity: 1
line: 190
column: 2
content: uint256decimate;

ruleId: SOLIDITY_VISIBILITY
patternId: b51ce0
severity: 1
line: 191
column: 2
content: uint256weekly_limit;

ruleId: SOLIDITY_VISIBILITY
patternId: b51ce0
severity: 1
line: 192
column: 2
content: uint256air_drop;

ruleId: SOLIDITY_VISIBILITY
patternId: b51ce0
severity: 1
line: 193
column: 2
content: addresscontrol;

SOLIDITY_VISIBILITY :9
SOLIDITY_SAFEMATH :1
SOLIDITY_DEPRECATED_CONSTRUCTIONS :1
SOLIDITY_PRAGMAS_VERSION :1
SOLIDITY_REVERT_REQUIRE :2
SOLIDITY_SEND :1
SOLIDITY_UPGRADE_TO_050 :4
SOLIDITY_ERC20_APPROVE :1