/unique_chucks/47/0x18e7fd8ca1666df12309fbbe0d74a80b9c4bc80d.sol:25:38: Error: The state mutability modifier "constant" was removed in version 0.5.0. Use "view" or "pure" instead.
  function mul(uint256 a, uint256 b) constant public returns (uint256) {
                                     ^------^
/unique_chucks/47/0x18e7fd8ca1666df12309fbbe0d74a80b9c4bc80d.sol:31:38: Error: The state mutability modifier "constant" was removed in version 0.5.0. Use "view" or "pure" instead.
  function div(uint256 a, uint256 b) constant public returns (uint256) {
                                     ^------^
/unique_chucks/47/0x18e7fd8ca1666df12309fbbe0d74a80b9c4bc80d.sol:38:38: Error: The state mutability modifier "constant" was removed in version 0.5.0. Use "view" or "pure" instead.
  function sub(uint256 a, uint256 b) constant public returns (uint256) {
                                     ^------^
/unique_chucks/47/0x18e7fd8ca1666df12309fbbe0d74a80b9c4bc80d.sol:43:38: Error: The state mutability modifier "constant" was removed in version 0.5.0. Use "view" or "pure" instead.
  function add(uint256 a, uint256 b) constant public returns (uint256) {
                                     ^------^
/unique_chucks/47/0x18e7fd8ca1666df12309fbbe0d74a80b9c4bc80d.sol:76:35: Error: The state mutability modifier "constant" was removed in version 0.5.0. Use "view" or "pure" instead.
  function getMaxTokenAvaliable() constant public  returns(uint256);
                                  ^------^
/unique_chucks/47/0x18e7fd8ca1666df12309fbbe0d74a80b9c4bc80d.sol:118:28: Error: The state mutability modifier "constant" was removed in version 0.5.0. Use "view" or "pure" instead.
	function GetTime() public constant returns(uint256) {
	                          ^------^
/unique_chucks/47/0x18e7fd8ca1666df12309fbbe0d74a80b9c4bc80d.sol:122:32: Error: The state mutability modifier "constant" was removed in version 0.5.0. Use "view" or "pure" instead.
	function getAllTimes() public constant returns(uint256,uint256,uint256){
	                              ^------^
/unique_chucks/47/0x18e7fd8ca1666df12309fbbe0d74a80b9c4bc80d.sol:169:25: Error: The state mutability modifier "constant" was removed in version 0.5.0. Use "view" or "pure" instead.
	function getMaxEther() constant public  returns(uint256) {
	                       ^------^
/unique_chucks/47/0x18e7fd8ca1666df12309fbbe0d74a80b9c4bc80d.sol:176:32: Error: The state mutability modifier "constant" was removed in version 0.5.0. Use "view" or "pure" instead.
	function isAfterICO()  public constant returns(bool) {
	                              ^------^
/unique_chucks/47/0x18e7fd8ca1666df12309fbbe0d74a80b9c4bc80d.sol:180:39: Error: The state mutability modifier "constant" was removed in version 0.5.0. Use "view" or "pure" instead.
	function getCabCoinsAmount()  public constant returns(uint256) {
	                                     ^------^
Exception in thread "main" java.lang.RuntimeException
	at ch.securify.CompilationHelpers.compileContracts(CompilationHelpers.java:115)
	at ch.securify.Main.processSolidityFile(Main.java:98)
	at ch.securify.Main.main(Main.java:254)