INFO:Slither:Compilation warnings/errors on /unique_contracts/0x2e919b36e8865f7b0e76691150d0bbc93846798c.sol:
[91m/unique_contracts/0x2e919b36e8865f7b0e76691150d0bbc93846798c.sol:1:1: Error: Source file requires different compiler version (current compiler is 0.4.25+commit.59dbf8f1.Linux.g++ - note that nightly builds are considered to be strictly less than the released version[0m
pragma solidity 0.4.18;
^---------------------^
/unique_contracts/0x2e919b36e8865f7b0e76691150d0bbc93846798c.sol:31:5: Warning: Defining constructors as functions with the same name as the contract is deprecated. Use "constructor(...) { ... }" instead.
    function Ownable() public {
    ^ (Relevant source part starts here and spans across multiple lines).
/unique_contracts/0x2e919b36e8865f7b0e76691150d0bbc93846798c.sol:139:5: Warning: Defining constructors as functions with the same name as the contract is deprecated. Use "constructor(...) { ... }" instead.
    function MpctToken() public {
    ^ (Relevant source part starts here and spans across multiple lines).
/unique_contracts/0x2e919b36e8865f7b0e76691150d0bbc93846798c.sol:42:9: Warning: Invoking events without "emit" prefix is deprecated.
        OwnershipTransferred(owner, newOwner);
        ^-----------------------------------^
/unique_contracts/0x2e919b36e8865f7b0e76691150d0bbc93846798c.sol:77:9: Warning: Invoking events without "emit" prefix is deprecated.
        Paused();
        ^------^
/unique_contracts/0x2e919b36e8865f7b0e76691150d0bbc93846798c.sol:82:9: Warning: Invoking events without "emit" prefix is deprecated.
        Unpaused();
        ^--------^
/unique_contracts/0x2e919b36e8865f7b0e76691150d0bbc93846798c.sol:98:9: Warning: Invoking events without "emit" prefix is deprecated.
        Transfer(msg.sender, _to, _value);
        ^-------------------------------^
/unique_contracts/0x2e919b36e8865f7b0e76691150d0bbc93846798c.sol:111:9: Warning: Invoking events without "emit" prefix is deprecated.
        Transfer(_from, _to, _value);
        ^--------------------------^
/unique_contracts/0x2e919b36e8865f7b0e76691150d0bbc93846798c.sol:121:9: Warning: Invoking events without "emit" prefix is deprecated.
        Approval(msg.sender, _spender, _value);
        ^------------------------------------^

INFO:SlitherSolcParsing:No contract were found in /unique_contracts/0x2e919b36e8865f7b0e76691150d0bbc93846798c.sol, check the correct compilation
WARNING:Slither:[91mNo contract was analyzed[0m
INFO:Slither:/unique_contracts/0x2e919b36e8865f7b0e76691150d0bbc93846798c.sol analyzed (0 contracts), 0 result(s) found