INFO:Detectors:[93m
Contract locking ether found in /unique_chucks/21/0x9e60c9f850a11923243178aee17c3a95a36ea3af.sol:
	Contract BABA has payable functions:
	 - fallback (/unique_chucks/21/0x9e60c9f850a11923243178aee17c3a95a36ea3af.sol#392-394)
	But does not have a function to withdraw the ether
Reference: https://github.com/trailofbits/slither/wiki/Detectors-Documentation#contracts-that-lock-ether[0m
INFO:Detectors:[92m
BABA.totalSupply (/unique_chucks/21/0x9e60c9f850a11923243178aee17c3a95a36ea3af.sol#234-238) should be declared external
ERC20Interface.totalSupply (/unique_chucks/21/0x9e60c9f850a11923243178aee17c3a95a36ea3af.sol#78) should be declared external
ERC20Interface.balanceOf (/unique_chucks/21/0x9e60c9f850a11923243178aee17c3a95a36ea3af.sol#78-80) should be declared external
BABA.balanceOf (/unique_chucks/21/0x9e60c9f850a11923243178aee17c3a95a36ea3af.sol#248-252) should be declared external
BABA.allowance (/unique_chucks/21/0x9e60c9f850a11923243178aee17c3a95a36ea3af.sol#352-356) should be declared external
ERC20Interface.allowance (/unique_chucks/21/0x9e60c9f850a11923243178aee17c3a95a36ea3af.sol#80-82) should be declared external
BABA.transfer (/unique_chucks/21/0x9e60c9f850a11923243178aee17c3a95a36ea3af.sol#264-278) should be declared external
ERC20Interface.transfer (/unique_chucks/21/0x9e60c9f850a11923243178aee17c3a95a36ea3af.sol#84) should be declared external
BABA.approve (/unique_chucks/21/0x9e60c9f850a11923243178aee17c3a95a36ea3af.sol#298-308) should be declared external
ERC20Interface.approve (/unique_chucks/21/0x9e60c9f850a11923243178aee17c3a95a36ea3af.sol#86) should be declared external
BABA.transferFrom (/unique_chucks/21/0x9e60c9f850a11923243178aee17c3a95a36ea3af.sol#325-340) should be declared external
ERC20Interface.transferFrom (/unique_chucks/21/0x9e60c9f850a11923243178aee17c3a95a36ea3af.sol#86-91) should be declared external
ApproveAndCallFallBack.receiveApproval (/unique_chucks/21/0x9e60c9f850a11923243178aee17c3a95a36ea3af.sol#112-114) should be declared external
Owned.transferOwnership (/unique_chucks/21/0x9e60c9f850a11923243178aee17c3a95a36ea3af.sol#150-156) should be declared external
Owned.acceptOwnership (/unique_chucks/21/0x9e60c9f850a11923243178aee17c3a95a36ea3af.sol#156-170) should be declared external
BABA.approveAndCall (/unique_chucks/21/0x9e60c9f850a11923243178aee17c3a95a36ea3af.sol#372-388) should be declared external
BABA.fallback (/unique_chucks/21/0x9e60c9f850a11923243178aee17c3a95a36ea3af.sol#392-394) should be declared external
BABA.transferAnyERC20Token (/unique_chucks/21/0x9e60c9f850a11923243178aee17c3a95a36ea3af.sol) should be declared external
Reference: https://github.com/trailofbits/slither/wiki/Detectors-Documentation#public-function-that-could-be-declared-as-external[0m
INFO:Detectors:[92m
Parameter '_newOwner' of Owned.transferOwnership (/unique_chucks/21/0x9e60c9f850a11923243178aee17c3a95a36ea3af.sol#152-154) is not in mixedCase
Variable 'BABA._totalSupply' (/unique_chucks/21/0x9e60c9f850a11923243178aee17c3a95a36ea3af.sol#194) is not in mixedCase
Reference: https://github.com/trailofbits/slither/wiki/Detectors-Documentation#conformance-to-solidity-naming-conventions[0m
INFO:Slither:/unique_chucks/21/0x9e60c9f850a11923243178aee17c3a95a36ea3af.sol analyzed (5 contracts), 21 result(s) found