2019-07-25 00:21:06,197: [13] m.main:INFO: Registered plugins: DetectReentrancySimple, DetectInvalid, DetectUnusedRetVal, DetectUninitializedStorage, DetectSuicidal, DetectExternalCallAndLeak, DetectEnvInstruction, DetectUninitializedMemory, DetectReentrancyAdvanced, DetectDelegatecall, DetectIntegerOverflow
2019-07-25 00:21:06,197: [13] m.main:INFO: Beginning analysis
2019-07-25 00:21:06,246: [13] m.e.manticore:INFO: Starting symbolic create contract
2019-07-25 00:21:18,035: [13] m.e.manticore:INFO: Starting symbolic transaction: 0
2019-07-25 00:21:47,055: [999] m.e.detectors:WARNING: Potentially reading uninitialized storage
2019-07-25 00:22:00,635: [995] m.e.detectors:WARNING: Potentially reading uninitialized storage
2019-07-25 00:22:26,540: [996] m.e.detectors:WARNING: Potentially reading uninitialized storage
2019-07-25 00:22:28,466: [1009] m.e.detectors:WARNING: Potentially reading uninitialized storage
2019-07-25 00:23:01,580: [13] m.e.manticore:INFO: 11 alive states, 15 terminated states
2019-07-25 00:23:05,218: [13] m.e.manticore:INFO: Starting symbolic transaction: 1
2019-07-25 00:27:23,377: [5529] m.e.detectors:WARNING: Potentially reading uninitialized storage
2019-07-25 00:28:18,526: [5537] m.e.detectors:WARNING: Potentially reading uninitialized storage
2019-07-25 00:29:27,776: [5535] m.e.detectors:WARNING: Potentially reading uninitialized storage
2019-07-25 00:30:10,149: [5537] m.e.detectors:WARNING: Potentially reading uninitialized storage
2019-07-25 00:31:06,322: [5532] m.e.detectors:WARNING: Potentially reading uninitialized storage
2019-07-25 00:31:36,219: [5521] m.e.detectors:WARNING: Potentially reading uninitialized storage
2019-07-25 00:32:38,126: [5523] m.e.detectors:WARNING: Potentially reading uninitialized storage
2019-07-25 00:33:12,062: [5544] m.e.detectors:WARNING: Potentially reading uninitialized storage
2019-07-25 00:34:35,231: [5529] m.e.detectors:WARNING: Potentially reading uninitialized storage
2019-07-25 00:35:48,014: [5544] m.e.detectors:WARNING: Potentially reading uninitialized storage
2019-07-25 00:36:09,715: [5540] m.e.detectors:WARNING: Potentially reading uninitialized storage
2019-07-25 00:37:12,754: [5532] m.e.detectors:WARNING: Potentially reading uninitialized storage
2019-07-25 00:37:31,650: [5523] m.e.detectors:WARNING: Potentially reading uninitialized storage
2019-07-25 00:39:24,226: [5537] m.e.detectors:WARNING: Potentially reading uninitialized storage
2019-07-25 00:43:14,847: [5535] m.e.detectors:WARNING: Potentially reading uninitialized storage