/unique_chucks/9/0xf8b9e8ef2a80f61d04f1f8b91805968aa7a6ff54.sol
jar:file:/usr/local/lib/node_modules/@smartdec/smartcheck/jdeploy-bundle/smartcheck-2.0-jar-with-dependencies.jar!/solidity-rules.xmlruleId: SOLIDITY_ERC20_APPROVE
patternId: af782c
severity: 2
line: 49
column: 4
content: functionapprove(address_spender,uint256_value)publicreturns(boolsuccess){allowance[msg.sender][_spender]=_value;returntrue;}

ruleId: SOLIDITY_PRAGMAS_VERSION
patternId: 23fc32
severity: 1
line: 1
column: 16
content: ^

ruleId: SOLIDITY_UPGRADE_TO_050
patternId: 341gim
severity: 1
line: 19
column: 39
content: stringtokenName

ruleId: SOLIDITY_UPGRADE_TO_050
patternId: 341gim
severity: 1
line: 19
column: 57
content: stringtokenSymbol

ruleId: SOLIDITY_UPGRADE_TO_050
patternId: 341gim
severity: 1
line: 55
column: 62
content: bytes_extraData

SOLIDITY_PRAGMAS_VERSION :1
SOLIDITY_UPGRADE_TO_050 :3
SOLIDITY_ERC20_APPROVE :1