/unique_chucks/29/0x0842abbdc749fad6ce2335cf67c4308b35dfdb05.sol
jar:file:/usr/local/lib/node_modules/@smartdec/smartcheck/jdeploy-bundle/smartcheck-2.0-jar-with-dependencies.jar!/solidity-rules.xmlruleId: SOLIDITY_ADDRESS_HARDCODED
patternId: adc165
severity: 1
line: 235
column: 30
content: 0x7b71342582610452641989D599a684501922Cb57

ruleId: SOLIDITY_ARRAY_LENGTH_MANIPULATION
patternId: 872bdd
severity: 1
line: 267
column: 8
content: owners.length-=1

ruleId: SOLIDITY_EXTRA_GAS_IN_LOOPS
patternId: d3j11j
severity: 1
line: 262
column: 8
content: for(uint256i=0;i<owners.length-1;i++)if(owners[i]==owner){owners[i]=owners[owners.length-1];break;}

ruleId: SOLIDITY_EXTRA_GAS_IN_LOOPS
patternId: d3j11j
severity: 1
line: 282
column: 8
content: for(uint256i=0;i<owners.length;i++)if(owners[i]==owner){owners[i]=newOwner;break;}

ruleId: SOLIDITY_EXTRA_GAS_IN_LOOPS
patternId: d3j11j
severity: 1
line: 392
column: 8
content: for(uint256i=0;i<owners.length;i++){if(confirmations[transactionId][owners[i]])count+=1;if(count==required)returntrue;}

ruleId: SOLIDITY_EXTRA_GAS_IN_LOOPS
patternId: d3j11j
severity: 1
line: 576
column: 8
content: for(uint256i=0;i<owners.length;i++)if(confirmations[transactionId][owners[i]])count+=1;

ruleId: SOLIDITY_EXTRA_GAS_IN_LOOPS
patternId: d3j11j
severity: 1
line: 590
column: 8
content: for(uint256i=0;i<transactionCount;i++)if(pending&&!transactions[i].executed||executed&&transactions[i].executed)count+=1;

ruleId: SOLIDITY_EXTRA_GAS_IN_LOOPS
patternId: d3j11j
severity: 1
line: 617
column: 8
content: for(i=0;i<owners.length;i++)if(confirmations[transactionId][owners[i]]){confirmationsTemp[count]=owners[i];count+=1;}

ruleId: SOLIDITY_EXTRA_GAS_IN_LOOPS
patternId: d3j11j
severity: 1
line: 641
column: 8
content: for(i=0;i<transactionCount;i++)if(pending&&!transactions[i].executed||executed&&transactions[i].executed){transactionIdsTemp[count]=i;count+=1;}

ruleId: SOLIDITY_FUNCTIONS_RETURNS_TYPE_AND_NO_RETURN
patternId: 58bdd3
severity: 1
line: 571
column: 4
content: functiongetConfirmationCount(uint256transactionId)publicviewreturns(uint256count){for(uint256i=0;i<owners.length;i++)if(confirmations[transactionId][owners[i]])count+=1;}

ruleId: SOLIDITY_FUNCTIONS_RETURNS_TYPE_AND_NO_RETURN
patternId: 58bdd3
severity: 1
line: 585
column: 4
content: functiongetTransactionCount(boolpending,boolexecuted)publicviewreturns(uint256count){for(uint256i=0;i<transactionCount;i++)if(pending&&!transactions[i].executed||executed&&transactions[i].executed)count+=1;}

ruleId: SOLIDITY_GAS_LIMIT_IN_LOOPS
patternId: f6f853
severity: 2
line: 282
column: 8
content: for(uint256i=0;i<owners.length;i++)if(owners[i]==owner){owners[i]=newOwner;break;}

ruleId: SOLIDITY_GAS_LIMIT_IN_LOOPS
patternId: f6f853
severity: 2
line: 392
column: 8
content: for(uint256i=0;i<owners.length;i++){if(confirmations[transactionId][owners[i]])count+=1;if(count==required)returntrue;}

ruleId: SOLIDITY_GAS_LIMIT_IN_LOOPS
patternId: f6f853
severity: 2
line: 576
column: 8
content: for(uint256i=0;i<owners.length;i++)if(confirmations[transactionId][owners[i]])count+=1;

ruleId: SOLIDITY_GAS_LIMIT_IN_LOOPS
patternId: f6f853
severity: 2
line: 617
column: 8
content: for(i=0;i<owners.length;i++)if(confirmations[transactionId][owners[i]]){confirmationsTemp[count]=owners[i];count+=1;}

ruleId: SOLIDITY_LOCKED_MONEY
patternId: 30281d
severity: 3
line: 4
column: 0
content: contractMarketplaceProxy{functioncalculatePlatformCommission(uint256weiAmount)publicviewreturns(uint256);functionpayPlatformIncomingTransactionCommission(addressclientAddress)publicpayable;functionpayPlatformOutgoingTransactionCommission()publicpayable;functionisUserBlockedByContract(addresscontractAddress)publicviewreturns(bool);}

ruleId: SOLIDITY_PRAGMAS_VERSION
patternId: 23fc32
severity: 1
line: 1
column: 16
content: ^

ruleId: SOLIDITY_UPGRADE_TO_050
patternId: 91h3sa
severity: 1
line: 166
column: 8
content: public

ruleId: SOLIDITY_UPGRADE_TO_050
patternId: 341gim
severity: 1
line: 363
column: 83
content: bytesdata

ruleId: SOLIDITY_UPGRADE_TO_050
patternId: 341gim
severity: 1
line: 601
column: 17
content: address[]

ruleId: SOLIDITY_UPGRADE_TO_050
patternId: 341gim
severity: 1
line: 612
column: 17
content: address[]_confirmations

ruleId: SOLIDITY_UPGRADE_TO_050
patternId: 341gim
severity: 1
line: 636
column: 17
content: uint[]_transactionIds

ruleId: SOLIDITY_USING_INLINE_ASSEMBLY
patternId: 109cd5
severity: 1
line: 365
column: 8
content: assembly{letx:=mload(0x40)letd:=add(data,32)result:=call(sub(gas,34710),destination,value,d,dataLength,x,0)}

SOLIDITY_PRAGMAS_VERSION :1
SOLIDITY_ARRAY_LENGTH_MANIPULATION :1
SOLIDITY_LOCKED_MONEY :1
SOLIDITY_FUNCTIONS_RETURNS_TYPE_AND_NO_RETURN :2
SOLIDITY_EXTRA_GAS_IN_LOOPS :7
SOLIDITY_ADDRESS_HARDCODED :1
SOLIDITY_UPGRADE_TO_050 :5
SOLIDITY_GAS_LIMIT_IN_LOOPS :4
SOLIDITY_USING_INLINE_ASSEMBLY :1