INFO:Detectors:[92m
CSToken.totalSupply (/unique_chucks/30/0x5ea8c594ae76cc1842d473df27f1dccbb35f9f70.sol#101-102) should be declared external
IERC20.totalSupply (/unique_chucks/30/0x5ea8c594ae76cc1842d473df27f1dccbb35f9f70.sol#4-6) should be declared external
CSToken.balanceOf (/unique_chucks/30/0x5ea8c594ae76cc1842d473df27f1dccbb35f9f70.sol#103-110) should be declared external
IERC20.balanceOf (/unique_chucks/30/0x5ea8c594ae76cc1842d473df27f1dccbb35f9f70.sol#6-8) should be declared external
CSToken.allowance (/unique_chucks/30/0x5ea8c594ae76cc1842d473df27f1dccbb35f9f70.sol#110-117) should be declared external
IERC20.allowance (/unique_chucks/30/0x5ea8c594ae76cc1842d473df27f1dccbb35f9f70.sol#8-11) should be declared external
IERC20.transfer (/unique_chucks/30/0x5ea8c594ae76cc1842d473df27f1dccbb35f9f70.sol#11-13) should be declared external
CSToken.transfer (/unique_chucks/30/0x5ea8c594ae76cc1842d473df27f1dccbb35f9f70.sol#118-122) should be declared external
CSToken.approve (/unique_chucks/30/0x5ea8c594ae76cc1842d473df27f1dccbb35f9f70.sol#124-135) should be declared external
IERC20.approve (/unique_chucks/30/0x5ea8c594ae76cc1842d473df27f1dccbb35f9f70.sol#13-16) should be declared external
IERC20.transferFrom (/unique_chucks/30/0x5ea8c594ae76cc1842d473df27f1dccbb35f9f70.sol#16-19) should be declared external
CSToken.transferFrom (/unique_chucks/30/0x5ea8c594ae76cc1842d473df27f1dccbb35f9f70.sol#135-146) should be declared external
IERC20.burn (/unique_chucks/30/0x5ea8c594ae76cc1842d473df27f1dccbb35f9f70.sol#19-21) should be declared external
CSToken.burn (/unique_chucks/30/0x5ea8c594ae76cc1842d473df27f1dccbb35f9f70.sol#157-161) should be declared external
Reference: https://github.com/trailofbits/slither/wiki/Detectors-Documentation#public-function-that-could-be-declared-as-external[0m
INFO:Detectors:[92m
Function 'CSToken._transfer' (/unique_chucks/30/0x5ea8c594ae76cc1842d473df27f1dccbb35f9f70.sol#146-157) is not in mixedCase
Reference: https://github.com/trailofbits/slither/wiki/Detectors-Documentation#conformance-to-solidity-naming-conventions[0m
INFO:Slither:/unique_chucks/30/0x5ea8c594ae76cc1842d473df27f1dccbb35f9f70.sol analyzed (3 contracts), 15 result(s) found