INFO:Slither:Compilation warnings/errors on /unique_contracts/0xfc964013e833f4472fb0001f4ac3ecd576f285cd.sol:
/unique_contracts/0xfc964013e833f4472fb0001f4ac3ecd576f285cd.sol:24:5: Warning: Defining constructors as functions with the same name as the contract is deprecated. Use "constructor(...) { ... }" instead.
    function IRideBounty2() public {
    ^ (Relevant source part starts here and spans across multiple lines).
/unique_contracts/0xfc964013e833f4472fb0001f4ac3ecd576f285cd.sol:66:9: Warning: Invoking events without "emit" prefix is deprecated.
        FundTransfer(msg.sender, amount, true);
        ^------------------------------------^

INFO:Detectors:[93m
Token (/unique_contracts/0xfc964013e833f4472fb0001f4ac3ecd576f285cd.sol#3-7) has incorrect ERC20 function interface(s):
	-transferFrom (/unique_contracts/0xfc964013e833f4472fb0001f4ac3ecd576f285cd.sol#4-6)
Reference: https://github.com/trailofbits/slither/wiki/Detectors-Documentation#incorrect-erc20-interface[0m
INFO:Detectors:[92m
IRideBounty2.setOwner (/unique_contracts/0xfc964013e833f4472fb0001f4ac3ecd576f285cd.sol#32-36) should be declared external
IRideBounty2.setCreator (/unique_contracts/0xfc964013e833f4472fb0001f4ac3ecd576f285cd.sol#36-40) should be declared external
IRideBounty2.setStartDate (/unique_contracts/0xfc964013e833f4472fb0001f4ac3ecd576f285cd.sol#40-44) should be declared external
IRideBounty2.setEndtDate (/unique_contracts/0xfc964013e833f4472fb0001f4ac3ecd576f285cd.sol#44-48) should be declared external
IRideBounty2.setPrice (/unique_contracts/0xfc964013e833f4472fb0001f4ac3ecd576f285cd.sol#48-52) should be declared external
IRideBounty2.setToken (/unique_contracts/0xfc964013e833f4472fb0001f4ac3ecd576f285cd.sol#52-57) should be declared external
IRideBounty2.kill (/unique_contracts/0xfc964013e833f4472fb0001f4ac3ecd576f285cd.sol#57-61) should be declared external
IRideBounty2.fallback (/unique_contracts/0xfc964013e833f4472fb0001f4ac3ecd576f285cd.sol#61-69) should be declared external
Reference: https://github.com/trailofbits/slither/wiki/Detectors-Documentation#public-function-that-could-be-declared-as-external[0m
INFO:Detectors:[92m
Detected issues with version pragma in /unique_contracts/0xfc964013e833f4472fb0001f4ac3ecd576f285cd.sol:
	- pragma solidity^0.4.16 (/unique_contracts/0xfc964013e833f4472fb0001f4ac3ecd576f285cd.sol#1): it allows old versions
Reference: https://github.com/trailofbits/slither/wiki/Detectors-Documentation#incorrect-version-of-solidity[0m
INFO:Detectors:[92m
Function 'IRideBounty2.IRideBounty2' (/unique_contracts/0xfc964013e833f4472fb0001f4ac3ecd576f285cd.sol#24-32) is not in mixedCase
Parameter '_owner' of IRideBounty2.setOwner (/unique_contracts/0xfc964013e833f4472fb0001f4ac3ecd576f285cd.sol#32-33) is not in mixedCase
Parameter '_creator' of IRideBounty2.setCreator (/unique_contracts/0xfc964013e833f4472fb0001f4ac3ecd576f285cd.sol#36-37) is not in mixedCase
Parameter '_startDate' of IRideBounty2.setStartDate (/unique_contracts/0xfc964013e833f4472fb0001f4ac3ecd576f285cd.sol#41) is not in mixedCase
Parameter '_endDate' of IRideBounty2.setEndtDate (/unique_contracts/0xfc964013e833f4472fb0001f4ac3ecd576f285cd.sol#45) is not in mixedCase
Parameter '_price' of IRideBounty2.setPrice (/unique_contracts/0xfc964013e833f4472fb0001f4ac3ecd576f285cd.sol#49) is not in mixedCase
Parameter '_token' of IRideBounty2.setToken (/unique_contracts/0xfc964013e833f4472fb0001f4ac3ecd576f285cd.sol#53) is not in mixedCase
Reference: https://github.com/trailofbits/slither/wiki/Detectors-Documentation#conformance-to-solidity-naming-conventions[0m
INFO:Slither:/unique_contracts/0xfc964013e833f4472fb0001f4ac3ecd576f285cd.sol analyzed (2 contracts), 17 result(s) found