INFO:Slither:Compilation warnings/errors on /unique_chucks/30/0xaa1acb5512f9b2ed1804ac6d79e309bc0602c125.sol:
/unique_chucks/30/0xaa1acb5512f9b2ed1804ac6d79e309bc0602c125.sol:29:5: Warning: Defining constructors as functions with the same name as the contract is deprecated. Use "constructor(...) { ... }" instead.
    function Token100(
    ^ (Relevant source part starts here and spans across multiple lines).
/unique_chucks/30/0xaa1acb5512f9b2ed1804ac6d79e309bc0602c125.sol:3:28: Warning: Functions in interfaces should be declared external.
interface tokenRecipient { function receiveApproval(address _from, uint256 _value, address _token, bytes _extraData) public; }
                           ^-----------------------------------------------------------------------------------------------^
/unique_chucks/30/0xaa1acb5512f9b2ed1804ac6d79e309bc0602c125.sol:53:9: Warning: Invoking events without "emit" prefix is deprecated.
        Transfer(_from, _to, _value);
        ^--------------------------^
/unique_chucks/30/0xaa1acb5512f9b2ed1804ac6d79e309bc0602c125.sol:130:9: Warning: Invoking events without "emit" prefix is deprecated.
        Burn(msg.sender, _value);
        ^----------------------^
/unique_chucks/30/0xaa1acb5512f9b2ed1804ac6d79e309bc0602c125.sol:148:9: Warning: Invoking events without "emit" prefix is deprecated.
        Burn(_from, _value);
        ^-----------------^

INFO:Detectors:[93m
Token100 (/unique_chucks/30/0xaa1acb5512f9b2ed1804ac6d79e309bc0602c125.sol#5-151) has incorrect ERC20 function interface(s):
	-transfer (/unique_chucks/30/0xaa1acb5512f9b2ed1804ac6d79e309bc0602c125.sol#67-73)
Reference: https://github.com/trailofbits/slither/wiki/Detectors-Documentation#incorrect-erc20-interface[0m
INFO:Detectors:[92m
Token100.decimals should be constant (/unique_chucks/30/0xaa1acb5512f9b2ed1804ac6d79e309bc0602c125.sol#9-10)
Token100.initialSupply should be constant (/unique_chucks/30/0xaa1acb5512f9b2ed1804ac6d79e309bc0602c125.sol#11-12)
Token100.name should be constant (/unique_chucks/30/0xaa1acb5512f9b2ed1804ac6d79e309bc0602c125.sol#7-8)
Token100.symbol should be constant (/unique_chucks/30/0xaa1acb5512f9b2ed1804ac6d79e309bc0602c125.sol#8-9)
Reference: https://github.com/trailofbits/slither/wiki/Detectors-Documentation#state-variables-that-could-be-declared-constant[0m
INFO:Detectors:[92m
tokenRecipient.receiveApproval (/unique_chucks/30/0xaa1acb5512f9b2ed1804ac6d79e309bc0602c125.sol#3) should be declared external
Token100.transfer (/unique_chucks/30/0xaa1acb5512f9b2ed1804ac6d79e309bc0602c125.sol#67-73) should be declared external
Token100.transferFrom (/unique_chucks/30/0xaa1acb5512f9b2ed1804ac6d79e309bc0602c125.sol#79-89) should be declared external
Token100.approveAndCall (/unique_chucks/30/0xaa1acb5512f9b2ed1804ac6d79e309bc0602c125.sol#111-124) should be declared external
Token100.burn (/unique_chucks/30/0xaa1acb5512f9b2ed1804ac6d79e309bc0602c125.sol#127-137) should be declared external
Token100.burnFrom (/unique_chucks/30/0xaa1acb5512f9b2ed1804ac6d79e309bc0602c125.sol#143-151) should be declared external
Reference: https://github.com/trailofbits/slither/wiki/Detectors-Documentation#public-function-that-could-be-declared-as-external[0m
INFO:Detectors:[92m
Detected issues with version pragma in /unique_chucks/30/0xaa1acb5512f9b2ed1804ac6d79e309bc0602c125.sol:
	- pragma solidity^0.4.16 (/unique_chucks/30/0xaa1acb5512f9b2ed1804ac6d79e309bc0602c125.sol#1): it allows old versions
Reference: https://github.com/trailofbits/slither/wiki/Detectors-Documentation#incorrect-version-of-solidity[0m
INFO:Detectors:[92m
Contract 'tokenRecipient' (/unique_chucks/30/0xaa1acb5512f9b2ed1804ac6d79e309bc0602c125.sol#3-5) is not in CapWords
Function 'Token100.Token100' (/unique_chucks/30/0xaa1acb5512f9b2ed1804ac6d79e309bc0602c125.sol#31-38) is not in mixedCase
Function 'Token100._transfer' (/unique_chucks/30/0xaa1acb5512f9b2ed1804ac6d79e309bc0602c125.sol#40-61) is not in mixedCase
Parameter '_from' of Token100._transfer (/unique_chucks/30/0xaa1acb5512f9b2ed1804ac6d79e309bc0602c125.sol#40-41) is not in mixedCase
Parameter '_to' of Token100._transfer (/unique_chucks/30/0xaa1acb5512f9b2ed1804ac6d79e309bc0602c125.sol#41) is not in mixedCase
Parameter '_value' of Token100._transfer (/unique_chucks/30/0xaa1acb5512f9b2ed1804ac6d79e309bc0602c125.sol#41) is not in mixedCase
Parameter '_to' of Token100.transfer (/unique_chucks/30/0xaa1acb5512f9b2ed1804ac6d79e309bc0602c125.sol#67) is not in mixedCase
Parameter '_value' of Token100.transfer (/unique_chucks/30/0xaa1acb5512f9b2ed1804ac6d79e309bc0602c125.sol#67-70) is not in mixedCase
Parameter '_from' of Token100.transferFrom (/unique_chucks/30/0xaa1acb5512f9b2ed1804ac6d79e309bc0602c125.sol#80) is not in mixedCase
Parameter '_to' of Token100.transferFrom (/unique_chucks/30/0xaa1acb5512f9b2ed1804ac6d79e309bc0602c125.sol#80) is not in mixedCase
Parameter '_value' of Token100.transferFrom (/unique_chucks/30/0xaa1acb5512f9b2ed1804ac6d79e309bc0602c125.sol#80) is not in mixedCase
Parameter '_spender' of Token100.approve (/unique_chucks/30/0xaa1acb5512f9b2ed1804ac6d79e309bc0602c125.sol#96) is not in mixedCase
Parameter '_value' of Token100.approve (/unique_chucks/30/0xaa1acb5512f9b2ed1804ac6d79e309bc0602c125.sol#96-97) is not in mixedCase
Parameter '_spender' of Token100.approveAndCall (/unique_chucks/30/0xaa1acb5512f9b2ed1804ac6d79e309bc0602c125.sol#112) is not in mixedCase
Parameter '_value' of Token100.approveAndCall (/unique_chucks/30/0xaa1acb5512f9b2ed1804ac6d79e309bc0602c125.sol#112) is not in mixedCase
Parameter '_extraData' of Token100.approveAndCall (/unique_chucks/30/0xaa1acb5512f9b2ed1804ac6d79e309bc0602c125.sol#112) is not in mixedCase
Parameter '_value' of Token100.burn (/unique_chucks/30/0xaa1acb5512f9b2ed1804ac6d79e309bc0602c125.sol#127-128) is not in mixedCase
Parameter '_from' of Token100.burnFrom (/unique_chucks/30/0xaa1acb5512f9b2ed1804ac6d79e309bc0602c125.sol#143) is not in mixedCase
Parameter '_value' of Token100.burnFrom (/unique_chucks/30/0xaa1acb5512f9b2ed1804ac6d79e309bc0602c125.sol#143-144) is not in mixedCase
Reference: https://github.com/trailofbits/slither/wiki/Detectors-Documentation#conformance-to-solidity-naming-conventions[0m
INFO:Slither:/unique_chucks/30/0xaa1acb5512f9b2ed1804ac6d79e309bc0602c125.sol analyzed (2 contracts), 28 result(s) found