INFO:Slither:Compilation warnings/errors on /unique_chucks/1/0xced4e93198734ddaff8492d525bd258d49eb388e.sol:
/unique_chucks/1/0xced4e93198734ddaff8492d525bd258d49eb388e.sol:16:3: Warning: Defining constructors as functions with the same name as the contract is deprecated. Use "constructor(...) { ... }" instead.
  function Ownable() {
  ^ (Relevant source part starts here and spans across multiple lines).
/unique_chucks/1/0xced4e93198734ddaff8492d525bd258d49eb388e.sol:126:3: Warning: Defining constructors as functions with the same name as the contract is deprecated. Use "constructor(...) { ... }" instead.
  function Crowdsale(uint256 _startBlock, uint256 _endBlock, uint256 _rate, address _wallet) {
  ^ (Relevant source part starts here and spans across multiple lines).
/unique_chucks/1/0xced4e93198734ddaff8492d525bd258d49eb388e.sol:253:3: Warning: Defining constructors as functions with the same name as the contract is deprecated. Use "constructor(...) { ... }" instead.
  function TokenTimelock(ERC20Basic _token, address _beneficiary, uint _releaseTime) {
  ^ (Relevant source part starts here and spans across multiple lines).
/unique_chucks/1/0xced4e93198734ddaff8492d525bd258d49eb388e.sol:335:5: Warning: Use of the "var" keyword is deprecated.
    var _allowance = allowed[_from][msg.sender];
    ^------------^
/unique_chucks/1/0xced4e93198734ddaff8492d525bd258d49eb388e.sol:388:3: Warning: Defining constructors as functions with the same name as the contract is deprecated. Use "constructor(...) { ... }" instead.
  function EidooToken(uint256 _transferableFromBlock, uint256 _lockEndBlock) {
  ^ (Relevant source part starts here and spans across multiple lines).
/unique_chucks/1/0xced4e93198734ddaff8492d525bd258d49eb388e.sol:486:3: Warning: Defining constructors as functions with the same name as the contract is deprecated. Use "constructor(...) { ... }" instead.
  function EidooTokenSale(
  ^ (Relevant source part starts here and spans across multiple lines).
/unique_chucks/1/0xced4e93198734ddaff8492d525bd258d49eb388e.sol:157:5: Warning: Invoking events without "emit" prefix is deprecated.
    TokenPurchase(msg.sender, beneficiary, weiAmount, tokens);
    ^-------------------------------------------------------^
/unique_chucks/1/0xced4e93198734ddaff8492d525bd258d49eb388e.sol:290:5: Warning: Invoking events without "emit" prefix is deprecated.
    Transfer(msg.sender, _to, _value);
    ^-------------------------------^
/unique_chucks/1/0xced4e93198734ddaff8492d525bd258d49eb388e.sol:343:5: Warning: Invoking events without "emit" prefix is deprecated.
    Transfer(_from, _to, _value);
    ^--------------------------^
/unique_chucks/1/0xced4e93198734ddaff8492d525bd258d49eb388e.sol:361:5: Warning: Invoking events without "emit" prefix is deprecated.
    Approval(msg.sender, _spender, _value);
    ^------------------------------------^
/unique_chucks/1/0xced4e93198734ddaff8492d525bd258d49eb388e.sol:444:5: Warning: Invoking events without "emit" prefix is deprecated.
    Transfer(address(0), _to, _amount);
    ^--------------------------------^
/unique_chucks/1/0xced4e93198734ddaff8492d525bd258d49eb388e.sol:456:5: Warning: Invoking events without "emit" prefix is deprecated.
    Transfer(msg.sender, address(0), _amount);
    ^---------------------------------------^
/unique_chucks/1/0xced4e93198734ddaff8492d525bd258d49eb388e.sol:530:9: Warning: Invoking events without "emit" prefix is deprecated.
        ClaimTokens(to, amount);
        ^---------------------^
/unique_chucks/1/0xced4e93198734ddaff8492d525bd258d49eb388e.sol:16:3: Warning: No visibility specified. Defaulting to "public". 
  function Ownable() {
  ^ (Relevant source part starts here and spans across multiple lines).
/unique_chucks/1/0xced4e93198734ddaff8492d525bd258d49eb388e.sol:34:3: Warning: No visibility specified. Defaulting to "public". 
  function transferOwnership(address newOwner) onlyOwner {
  ^ (Relevant source part starts here and spans across multiple lines).
/unique_chucks/1/0xced4e93198734ddaff8492d525bd258d49eb388e.sol:73:3: Warning: No visibility specified. Defaulting to "public". 
  function mint(address _to, uint256 _amount) returns (bool);
  ^---------------------------------------------------------^
/unique_chucks/1/0xced4e93198734ddaff8492d525bd258d49eb388e.sol:74:3: Warning: No visibility specified. Defaulting to "public". 
  function mintLocked(address _to, uint256 _amount) returns (bool);
  ^---------------------------------------------------------------^
/unique_chucks/1/0xced4e93198734ddaff8492d525bd258d49eb388e.sol:126:3: Warning: No visibility specified. Defaulting to "public". 
  function Crowdsale(uint256 _startBlock, uint256 _endBlock, uint256 _rate, address _wallet) {
  ^ (Relevant source part starts here and spans across multiple lines).
/unique_chucks/1/0xced4e93198734ddaff8492d525bd258d49eb388e.sol:139:3: Warning: No visibility specified. Defaulting to "public". 
  function () payable {
  ^ (Relevant source part starts here and spans across multiple lines).
/unique_chucks/1/0xced4e93198734ddaff8492d525bd258d49eb388e.sol:144:3: Warning: No visibility specified. Defaulting to "public". 
  function buyTokens(address beneficiary) payable {
  ^ (Relevant source part starts here and spans across multiple lines).
/unique_chucks/1/0xced4e93198734ddaff8492d525bd258d49eb388e.sol:204:3: Warning: No visibility specified. Defaulting to "public". 
  function buyTokens(address beneficiary) payable {
  ^ (Relevant source part starts here and spans across multiple lines).
/unique_chucks/1/0xced4e93198734ddaff8492d525bd258d49eb388e.sol:221:3: Warning: No visibility specified. Defaulting to "public". 
  function balanceOf(address who) constant returns (uint256);
  ^---------------------------------------------------------^
/unique_chucks/1/0xced4e93198734ddaff8492d525bd258d49eb388e.sol:222:3: Warning: No visibility specified. Defaulting to "public". 
  function transfer(address to, uint256 value) returns (bool);
  ^----------------------------------------------------------^
/unique_chucks/1/0xced4e93198734ddaff8492d525bd258d49eb388e.sol:253:3: Warning: No visibility specified. Defaulting to "public". 
  function TokenTimelock(ERC20Basic _token, address _beneficiary, uint _releaseTime) {
  ^ (Relevant source part starts here and spans across multiple lines).
/unique_chucks/1/0xced4e93198734ddaff8492d525bd258d49eb388e.sol:263:3: Warning: No visibility specified. Defaulting to "public". 
  function release() {
  ^ (Relevant source part starts here and spans across multiple lines).
/unique_chucks/1/0xced4e93198734ddaff8492d525bd258d49eb388e.sol:287:3: Warning: No visibility specified. Defaulting to "public". 
  function transfer(address _to, uint256 _value) returns (bool) {
  ^ (Relevant source part starts here and spans across multiple lines).
/unique_chucks/1/0xced4e93198734ddaff8492d525bd258d49eb388e.sol:299:3: Warning: No visibility specified. Defaulting to "public". 
  function balanceOf(address _owner) constant returns (uint256 balance) {
  ^ (Relevant source part starts here and spans across multiple lines).
/unique_chucks/1/0xced4e93198734ddaff8492d525bd258d49eb388e.sol:310:3: Warning: No visibility specified. Defaulting to "public". 
  function allowance(address owner, address spender) constant returns (uint256);
  ^----------------------------------------------------------------------------^
/unique_chucks/1/0xced4e93198734ddaff8492d525bd258d49eb388e.sol:311:3: Warning: No visibility specified. Defaulting to "public". 
  function transferFrom(address from, address to, uint256 value) returns (bool);
  ^----------------------------------------------------------------------------^
/unique_chucks/1/0xced4e93198734ddaff8492d525bd258d49eb388e.sol:312:3: Warning: No visibility specified. Defaulting to "public". 
  function approve(address spender, uint256 value) returns (bool);
  ^--------------------------------------------------------------^
/unique_chucks/1/0xced4e93198734ddaff8492d525bd258d49eb388e.sol:334:3: Warning: No visibility specified. Defaulting to "public". 
  function transferFrom(address _from, address _to, uint256 _value) returns (bool) {
  ^ (Relevant source part starts here and spans across multiple lines).
/unique_chucks/1/0xced4e93198734ddaff8492d525bd258d49eb388e.sol:352:3: Warning: No visibility specified. Defaulting to "public". 
  function approve(address _spender, uint256 _value) returns (bool) {
  ^ (Relevant source part starts here and spans across multiple lines).
/unique_chucks/1/0xced4e93198734ddaff8492d525bd258d49eb388e.sol:371:3: Warning: No visibility specified. Defaulting to "public". 
  function allowance(address _owner, address _spender) constant returns (uint256 remaining) {
  ^ (Relevant source part starts here and spans across multiple lines).
/unique_chucks/1/0xced4e93198734ddaff8492d525bd258d49eb388e.sol:388:3: Warning: No visibility specified. Defaulting to "public". 
  function EidooToken(uint256 _transferableFromBlock, uint256 _lockEndBlock) {
  ^ (Relevant source part starts here and spans across multiple lines).
/unique_chucks/1/0xced4e93198734ddaff8492d525bd258d49eb388e.sol:406:3: Warning: No visibility specified. Defaulting to "public". 
  function lockedBalanceOf(address _to) constant returns(uint256) {
  ^ (Relevant source part starts here and spans across multiple lines).
/unique_chucks/1/0xced4e93198734ddaff8492d525bd258d49eb388e.sol:416:3: Warning: No visibility specified. Defaulting to "public". 
  function transfer(address _to, uint _value) canTransfer(msg.sender, _value) returns (bool) {
  ^ (Relevant source part starts here and spans across multiple lines).
/unique_chucks/1/0xced4e93198734ddaff8492d525bd258d49eb388e.sol:420:3: Warning: No visibility specified. Defaulting to "public". 
  function transferFrom(address _from, address _to, uint _value) canTransfer(_from, _value) returns (bool) {
  ^ (Relevant source part starts here and spans across multiple lines).
/unique_chucks/1/0xced4e93198734ddaff8492d525bd258d49eb388e.sol:431:3: Warning: No visibility specified. Defaulting to "public". 
  function mintingFinished() constant returns(bool) {
  ^ (Relevant source part starts here and spans across multiple lines).
/unique_chucks/1/0xced4e93198734ddaff8492d525bd258d49eb388e.sol:441:3: Warning: No visibility specified. Defaulting to "public". 
  function mint(address _to, uint256 _amount) onlyOwner canMint returns (bool) {
  ^ (Relevant source part starts here and spans across multiple lines).
/unique_chucks/1/0xced4e93198734ddaff8492d525bd258d49eb388e.sol:448:3: Warning: No visibility specified. Defaulting to "public". 
  function mintLocked(address _to, uint256 _amount) onlyOwner canMint returns (bool) {
  ^ (Relevant source part starts here and spans across multiple lines).
/unique_chucks/1/0xced4e93198734ddaff8492d525bd258d49eb388e.sol:453:3: Warning: No visibility specified. Defaulting to "public". 
  function burn(uint256 _amount) returns (bool) {
  ^ (Relevant source part starts here and spans across multiple lines).
/unique_chucks/1/0xced4e93198734ddaff8492d525bd258d49eb388e.sol:486:3: Warning: No visibility specified. Defaulting to "public". 
  function EidooTokenSale(
  ^ (Relevant source part starts here and spans across multiple lines).
/unique_chucks/1/0xced4e93198734ddaff8492d525bd258d49eb388e.sol:47:3: Warning: Function state mutability can be restricted to pure
  function mul(uint256 a, uint256 b) internal constant returns (uint256) {
  ^ (Relevant source part starts here and spans across multiple lines).
/unique_chucks/1/0xced4e93198734ddaff8492d525bd258d49eb388e.sol:53:3: Warning: Function state mutability can be restricted to pure
  function div(uint256 a, uint256 b) internal constant returns (uint256) {
  ^ (Relevant source part starts here and spans across multiple lines).
/unique_chucks/1/0xced4e93198734ddaff8492d525bd258d49eb388e.sol:60:3: Warning: Function state mutability can be restricted to pure
  function sub(uint256 a, uint256 b) internal constant returns (uint256) {
  ^ (Relevant source part starts here and spans across multiple lines).
/unique_chucks/1/0xced4e93198734ddaff8492d525bd258d49eb388e.sol:65:3: Warning: Function state mutability can be restricted to pure
  function add(uint256 a, uint256 b) internal constant returns (uint256) {
  ^ (Relevant source part starts here and spans across multiple lines).

INFO:Detectors:[93m
Crowdsale.buyTokens (/unique_chucks/1/0xced4e93198734ddaff8492d525bd258d49eb388e.sol#148-165) does not use the value returned by external calls:
	-token.mint(beneficiary,tokens) (/unique_chucks/1/0xced4e93198734ddaff8492d525bd258d49eb388e.sol#162-163)
TokenTimelock.release (/unique_chucks/1/0xced4e93198734ddaff8492d525bd258d49eb388e.sol#277-284) does not use the value returned by external calls:
	-token.transfer(beneficiary,amount) (/unique_chucks/1/0xced4e93198734ddaff8492d525bd258d49eb388e.sol#283-284)
EidooTokenSale.EidooTokenSale (/unique_chucks/1/0xced4e93198734ddaff8492d525bd258d49eb388e.sol#500-525) does not use the value returned by external calls:
	-token.mint(address(timeLocks[0]),LOCKED[0]) (/unique_chucks/1/0xced4e93198734ddaff8492d525bd258d49eb388e.sol#516-517)
	-token.mint(address(timeLocks[1]),LOCKED[1]) (/unique_chucks/1/0xced4e93198734ddaff8492d525bd258d49eb388e.sol#517-518)
	-token.mint(address(timeLocks[2]),LOCKED[2]) (/unique_chucks/1/0xced4e93198734ddaff8492d525bd258d49eb388e.sol#519-520)
	-token.mint(address(timeLocks[3]),LOCKED[3]) (/unique_chucks/1/0xced4e93198734ddaff8492d525bd258d49eb388e.sol#520-521)
	-token.mint(_wallet,POST_ICO) (/unique_chucks/1/0xced4e93198734ddaff8492d525bd258d49eb388e.sol#522)
EidooTokenSale.claimTokens (/unique_chucks/1/0xced4e93198734ddaff8492d525bd258d49eb388e.sol#526-535) does not use the value returned by external calls:
	-token.mint(to,unlockedAmount) (/unique_chucks/1/0xced4e93198734ddaff8492d525bd258d49eb388e.sol)
	-token.mintLocked(to,amount.sub(unlockedAmount)) (/unique_chucks/1/0xced4e93198734ddaff8492d525bd258d49eb388e.sol)
Reference: https://github.com/trailofbits/slither/wiki/Detectors-Documentation#unused-return[0m
INFO:Detectors:[92m
EidooTokenSale.claimTokens has external calls inside a loop:
	- token.mint(to,unlockedAmount) (/unique_chucks/1/0xced4e93198734ddaff8492d525bd258d49eb388e.sol)
EidooTokenSale.claimTokens has external calls inside a loop:
	- token.mintLocked(to,amount.sub(unlockedAmount)) (/unique_chucks/1/0xced4e93198734ddaff8492d525bd258d49eb388e.sol)
Reference: https://github.com/trailofbits/slither/wiki/Detectors-Documentation/_edit#calls-inside-a-loop[0m
INFO:Detectors:[92m
Reentrancy in EidooTokenSale.EidooTokenSale (/unique_chucks/1/0xced4e93198734ddaff8492d525bd258d49eb388e.sol#500-525):
	External calls:
	- token.mint(address(timeLocks[0]),LOCKED[0]) (/unique_chucks/1/0xced4e93198734ddaff8492d525bd258d49eb388e.sol#516-517)
	- token.mint(address(timeLocks[1]),LOCKED[1]) (/unique_chucks/1/0xced4e93198734ddaff8492d525bd258d49eb388e.sol#517-518)
	- token.mint(address(timeLocks[2]),LOCKED[2]) (/unique_chucks/1/0xced4e93198734ddaff8492d525bd258d49eb388e.sol#519-520)
	- token.mint(address(timeLocks[3]),LOCKED[3]) (/unique_chucks/1/0xced4e93198734ddaff8492d525bd258d49eb388e.sol#520-521)
	- token.mint(_wallet,POST_ICO) (/unique_chucks/1/0xced4e93198734ddaff8492d525bd258d49eb388e.sol#522)
	- tokenCap = MAXIMUM_SUPPLY.sub(EidooToken(token).totalSupply()) (/unique_chucks/1/0xced4e93198734ddaff8492d525bd258d49eb388e.sol#523-524)
	State variables written after the call(s):
	- tokenCap (/unique_chucks/1/0xced4e93198734ddaff8492d525bd258d49eb388e.sol#523-524)
Reference: https://github.com/trailofbits/slither/wiki/Detectors-Documentation#reentrancy-vulnerabilities-2[0m
INFO:Detectors:[92m
EidooToken.decimals should be constant (/unique_chucks/1/0xced4e93198734ddaff8492d525bd258d49eb388e.sol#391-394)
EidooToken.name should be constant (/unique_chucks/1/0xced4e93198734ddaff8492d525bd258d49eb388e.sol#390)
EidooToken.symbol should be constant (/unique_chucks/1/0xced4e93198734ddaff8492d525bd258d49eb388e.sol#391)
EidooTokenSale.MAXIMUM_SUPPLY should be constant (/unique_chucks/1/0xced4e93198734ddaff8492d525bd258d49eb388e.sol#472-473)
EidooTokenSale.POST_ICO should be constant (/unique_chucks/1/0xced4e93198734ddaff8492d525bd258d49eb388e.sol#482-486)
Reference: https://github.com/trailofbits/slither/wiki/Detectors-Documentation#state-variables-that-could-be-declared-constant[0m
INFO:Detectors:[92m
Ownable.transferOwnership (/unique_chucks/1/0xced4e93198734ddaff8492d525bd258d49eb388e.sol#34-44) should be declared external
MintableInterface.mintLocked (/unique_chucks/1/0xced4e93198734ddaff8492d525bd258d49eb388e.sol#78) should be declared external
EidooToken.mintLocked (/unique_chucks/1/0xced4e93198734ddaff8492d525bd258d49eb388e.sol#461-465) should be declared external
Crowdsale.fallback (/unique_chucks/1/0xced4e93198734ddaff8492d525bd258d49eb388e.sol#144-146) should be declared external
TokenTimelock.release (/unique_chucks/1/0xced4e93198734ddaff8492d525bd258d49eb388e.sol#277-284) should be declared external
ERC20.allowance (/unique_chucks/1/0xced4e93198734ddaff8492d525bd258d49eb388e.sol#314-319) should be declared external
StandardToken.allowance (/unique_chucks/1/0xced4e93198734ddaff8492d525bd258d49eb388e.sol#384-388) should be declared external
ERC20.approve (/unique_chucks/1/0xced4e93198734ddaff8492d525bd258d49eb388e.sol#321) should be declared external
StandardToken.approve (/unique_chucks/1/0xced4e93198734ddaff8492d525bd258d49eb388e.sol#357-371) should be declared external
EidooToken.burn (/unique_chucks/1/0xced4e93198734ddaff8492d525bd258d49eb388e.sol#465-470) should be declared external
EidooTokenSale.claimTokens (/unique_chucks/1/0xced4e93198734ddaff8492d525bd258d49eb388e.sol#526-535) should be declared external
Reference: https://github.com/trailofbits/slither/wiki/Detectors-Documentation#public-function-that-could-be-declared-as-external[0m
INFO:Detectors:[92m
Detected issues with version pragma in /unique_chucks/1/0xced4e93198734ddaff8492d525bd258d49eb388e.sol:
	- pragma solidity^0.4.13 (/unique_chucks/1/0xced4e93198734ddaff8492d525bd258d49eb388e.sol#1): it allows old versions
Reference: https://github.com/trailofbits/slither/wiki/Detectors-Documentation#incorrect-version-of-solidity[0m
INFO:Detectors:[92m
Function 'Ownable.Ownable' (/unique_chucks/1/0xced4e93198734ddaff8492d525bd258d49eb388e.sol#16-22) is not in mixedCase
Function 'Crowdsale.Crowdsale' (/unique_chucks/1/0xced4e93198734ddaff8492d525bd258d49eb388e.sol#127-143) is not in mixedCase
Parameter '_startBlock' of Crowdsale.Crowdsale (/unique_chucks/1/0xced4e93198734ddaff8492d525bd258d49eb388e.sol#128) is not in mixedCase
Parameter '_endBlock' of Crowdsale.Crowdsale (/unique_chucks/1/0xced4e93198734ddaff8492d525bd258d49eb388e.sol#128-129) is not in mixedCase
Parameter '_rate' of Crowdsale.Crowdsale (/unique_chucks/1/0xced4e93198734ddaff8492d525bd258d49eb388e.sol#129) is not in mixedCase
Parameter '_wallet' of Crowdsale.Crowdsale (/unique_chucks/1/0xced4e93198734ddaff8492d525bd258d49eb388e.sol#130) is not in mixedCase
Function 'TokenTimelock.TokenTimelock' (/unique_chucks/1/0xced4e93198734ddaff8492d525bd258d49eb388e.sol#261-274) is not in mixedCase
Parameter '_token' of TokenTimelock.TokenTimelock (/unique_chucks/1/0xced4e93198734ddaff8492d525bd258d49eb388e.sol#261-263) is not in mixedCase
Parameter '_beneficiary' of TokenTimelock.TokenTimelock (/unique_chucks/1/0xced4e93198734ddaff8492d525bd258d49eb388e.sol#263-264) is not in mixedCase
Parameter '_releaseTime' of TokenTimelock.TokenTimelock (/unique_chucks/1/0xced4e93198734ddaff8492d525bd258d49eb388e.sol#264) is not in mixedCase
Parameter '_owner' of BasicToken.balanceOf (/unique_chucks/1/0xced4e93198734ddaff8492d525bd258d49eb388e.sol#311) is not in mixedCase
Parameter '_to' of BasicToken.transfer (/unique_chucks/1/0xced4e93198734ddaff8492d525bd258d49eb388e.sol#296) is not in mixedCase
Parameter '_value' of BasicToken.transfer (/unique_chucks/1/0xced4e93198734ddaff8492d525bd258d49eb388e.sol#296) is not in mixedCase
Parameter '_owner' of StandardToken.allowance (/unique_chucks/1/0xced4e93198734ddaff8492d525bd258d49eb388e.sol#385) is not in mixedCase
Parameter '_spender' of StandardToken.allowance (/unique_chucks/1/0xced4e93198734ddaff8492d525bd258d49eb388e.sol#385-386) is not in mixedCase
Parameter '_from' of StandardToken.transferFrom (/unique_chucks/1/0xced4e93198734ddaff8492d525bd258d49eb388e.sol#341) is not in mixedCase
Parameter '_to' of StandardToken.transferFrom (/unique_chucks/1/0xced4e93198734ddaff8492d525bd258d49eb388e.sol#341-342) is not in mixedCase
Parameter '_value' of StandardToken.transferFrom (/unique_chucks/1/0xced4e93198734ddaff8492d525bd258d49eb388e.sol#342) is not in mixedCase
Parameter '_spender' of StandardToken.approve (/unique_chucks/1/0xced4e93198734ddaff8492d525bd258d49eb388e.sol#358) is not in mixedCase
Parameter '_value' of StandardToken.approve (/unique_chucks/1/0xced4e93198734ddaff8492d525bd258d49eb388e.sol#358) is not in mixedCase
Parameter '_to' of EidooToken.mint (/unique_chucks/1/0xced4e93198734ddaff8492d525bd258d49eb388e.sol#453) is not in mixedCase
Parameter '_amount' of EidooToken.mint (/unique_chucks/1/0xced4e93198734ddaff8492d525bd258d49eb388e.sol#453-454) is not in mixedCase
Parameter '_to' of EidooToken.mintLocked (/unique_chucks/1/0xced4e93198734ddaff8492d525bd258d49eb388e.sol#461) is not in mixedCase
Parameter '_amount' of EidooToken.mintLocked (/unique_chucks/1/0xced4e93198734ddaff8492d525bd258d49eb388e.sol#461-462) is not in mixedCase
Parameter '_to' of EidooToken.transfer (/unique_chucks/1/0xced4e93198734ddaff8492d525bd258d49eb388e.sol#431) is not in mixedCase
Parameter '_value' of EidooToken.transfer (/unique_chucks/1/0xced4e93198734ddaff8492d525bd258d49eb388e.sol#431) is not in mixedCase
Parameter '_from' of EidooToken.transferFrom (/unique_chucks/1/0xced4e93198734ddaff8492d525bd258d49eb388e.sol#436-437) is not in mixedCase
Parameter '_to' of EidooToken.transferFrom (/unique_chucks/1/0xced4e93198734ddaff8492d525bd258d49eb388e.sol#437) is not in mixedCase
Parameter '_value' of EidooToken.transferFrom (/unique_chucks/1/0xced4e93198734ddaff8492d525bd258d49eb388e.sol#437) is not in mixedCase
Function 'EidooToken.EidooToken' (/unique_chucks/1/0xced4e93198734ddaff8492d525bd258d49eb388e.sol#397-406) is not in mixedCase
Parameter '_transferableFromBlock' of EidooToken.EidooToken (/unique_chucks/1/0xced4e93198734ddaff8492d525bd258d49eb388e.sol#397-398) is not in mixedCase
Parameter '_lockEndBlock' of EidooToken.EidooToken (/unique_chucks/1/0xced4e93198734ddaff8492d525bd258d49eb388e.sol#399) is not in mixedCase
Parameter '_to' of EidooToken.lockedBalanceOf (/unique_chucks/1/0xced4e93198734ddaff8492d525bd258d49eb388e.sol#413-416) is not in mixedCase
Parameter '_amount' of EidooToken.burn (/unique_chucks/1/0xced4e93198734ddaff8492d525bd258d49eb388e.sol#465-466) is not in mixedCase
Function 'EidooTokenSale.EidooTokenSale' (/unique_chucks/1/0xced4e93198734ddaff8492d525bd258d49eb388e.sol#500-525) is not in mixedCase
Parameter '_tokenStartBlock' of EidooTokenSale.EidooTokenSale (/unique_chucks/1/0xced4e93198734ddaff8492d525bd258d49eb388e.sol#502) is not in mixedCase
Parameter '_tokenLockEndBlock' of EidooTokenSale.EidooTokenSale (/unique_chucks/1/0xced4e93198734ddaff8492d525bd258d49eb388e.sol#502) is not in mixedCase
Parameter '_wallet' of EidooTokenSale.EidooTokenSale (/unique_chucks/1/0xced4e93198734ddaff8492d525bd258d49eb388e.sol#502-503) is not in mixedCase
Variable 'EidooTokenSale.MAXIMUM_SUPPLY' (/unique_chucks/1/0xced4e93198734ddaff8492d525bd258d49eb388e.sol#472-473) is not in mixedCase
Variable 'EidooTokenSale.LOCKED' (/unique_chucks/1/0xced4e93198734ddaff8492d525bd258d49eb388e.sol#473-482) is not in mixedCase
Variable 'EidooTokenSale.POST_ICO' (/unique_chucks/1/0xced4e93198734ddaff8492d525bd258d49eb388e.sol#482-486) is not in mixedCase
Variable 'EidooTokenSale.LOCK_END' (/unique_chucks/1/0xced4e93198734ddaff8492d525bd258d49eb388e.sol#487-496) is not in mixedCase
Reference: https://github.com/trailofbits/slither/wiki/Detectors-Documentation#conformance-to-solidity-naming-conventions[0m
INFO:Slither:/unique_chucks/1/0xced4e93198734ddaff8492d525bd258d49eb388e.sol analyzed (12 contracts), 62 result(s) found