/unique_chucks/6/0x1212b68d8555cf0b08f3371b926b3e1148b520f1.sol
jar:file:/usr/local/lib/node_modules/@smartdec/smartcheck/jdeploy-bundle/smartcheck-2.0-jar-with-dependencies.jar!/solidity-rules.xmlruleId: SOLIDITY_ADDRESS_HARDCODED
patternId: c67a09
severity: 1
line: 94
column: 31
content: 0x0

ruleId: SOLIDITY_ERC20_APPROVE
patternId: af782c
severity: 2
line: 147
column: 4
content: functionapprove(address_spender,uint256_value)publicreturns(boolsuccess){require(_value==0||allowance[msg.sender][_spender]==0);allowance[msg.sender][_spender]=_value;emitApproval(msg.sender,_spender,_value);returntrue;}

ruleId: SOLIDITY_PRAGMAS_VERSION
patternId: 23fc32
severity: 1
line: 1
column: 16
content: >=

ruleId: SOLIDITY_PRAGMAS_VERSION
patternId: 23fc32
severity: 1
line: 1
column: 25
content: <

ruleId: SOLIDITY_SAFEMATH
patternId: 837cac
severity: 1
line: 52
column: 4
content: usingSafeMathforuint256;

SOLIDITY_SAFEMATH :1
SOLIDITY_PRAGMAS_VERSION :2
SOLIDITY_ADDRESS_HARDCODED :1
SOLIDITY_ERC20_APPROVE :1