INFO:Slither:Compilation warnings/errors on /unique_contracts/0x28b3b1c6353e6b9b0b914fe54e8354f3a4b31691.sol:
/unique_contracts/0x28b3b1c6353e6b9b0b914fe54e8354f3a4b31691.sol:43:5: Warning: Defining constructors as functions with the same name as the contract is deprecated. Use "constructor(...) { ... }" instead.
    function VRFtoken()
    ^ (Relevant source part starts here and spans across multiple lines).
/unique_contracts/0x28b3b1c6353e6b9b0b914fe54e8354f3a4b31691.sol:74:13: Warning: Invoking events without "emit" prefix is deprecated.
            Transfer(msg.sender, to, amount);
            ^------------------------------^
/unique_contracts/0x28b3b1c6353e6b9b0b914fe54e8354f3a4b31691.sol:93:13: Warning: Invoking events without "emit" prefix is deprecated.
            Transfer(from, to, amount);
            ^------------------------^
/unique_contracts/0x28b3b1c6353e6b9b0b914fe54e8354f3a4b31691.sol:106:9: Warning: Invoking events without "emit" prefix is deprecated.
        Approval(msg.sender, spender, amount);
        ^-----------------------------------^
/unique_contracts/0x28b3b1c6353e6b9b0b914fe54e8354f3a4b31691.sol:125:13: Warning: Invoking events without "emit" prefix is deprecated.
            Burn(msg.sender, amount);
            ^----------------------^
/unique_contracts/0x28b3b1c6353e6b9b0b914fe54e8354f3a4b31691.sol:21:5: Warning: No visibility specified. Defaulting to "public". 
    function burn(uint256 value) returns (bool);
    ^------------------------------------------^
/unique_contracts/0x28b3b1c6353e6b9b0b914fe54e8354f3a4b31691.sol:43:5: Warning: No visibility specified. Defaulting to "public". 
    function VRFtoken()
    ^ (Relevant source part starts here and spans across multiple lines).

INFO:Detectors:[92m
ERC20Interface.totalSupply (/unique_contracts/0x28b3b1c6353e6b9b0b914fe54e8354f3a4b31691.sol#7-8) should be declared external
VRFtoken.totalSupply (/unique_contracts/0x28b3b1c6353e6b9b0b914fe54e8354f3a4b31691.sol#55-60) should be declared external
ERC20Interface.balanceOf (/unique_contracts/0x28b3b1c6353e6b9b0b914fe54e8354f3a4b31691.sol#8-9) should be declared external
VRFtoken.balanceOf (/unique_contracts/0x28b3b1c6353e6b9b0b914fe54e8354f3a4b31691.sol#61-67) should be declared external
VRFtoken.transfer (/unique_contracts/0x28b3b1c6353e6b9b0b914fe54e8354f3a4b31691.sol#67-84) should be declared external
ERC20Interface.transfer (/unique_contracts/0x28b3b1c6353e6b9b0b914fe54e8354f3a4b31691.sol#9-10) should be declared external
ERC20Interface.transferFrom (/unique_contracts/0x28b3b1c6353e6b9b0b914fe54e8354f3a4b31691.sol#10-11) should be declared external
VRFtoken.transferFrom (/unique_contracts/0x28b3b1c6353e6b9b0b914fe54e8354f3a4b31691.sol#84-105) should be declared external
VRFtoken.approve (/unique_contracts/0x28b3b1c6353e6b9b0b914fe54e8354f3a4b31691.sol#105-112) should be declared external
ERC20Interface.approve (/unique_contracts/0x28b3b1c6353e6b9b0b914fe54e8354f3a4b31691.sol#11-12) should be declared external
VRFtoken.allowance (/unique_contracts/0x28b3b1c6353e6b9b0b914fe54e8354f3a4b31691.sol#113-119) should be declared external
ERC20Interface.allowance (/unique_contracts/0x28b3b1c6353e6b9b0b914fe54e8354f3a4b31691.sol#12-14) should be declared external
ERC20Burnable.burn (/unique_contracts/0x28b3b1c6353e6b9b0b914fe54e8354f3a4b31691.sol#21-23) should be declared external
VRFtoken.burn (/unique_contracts/0x28b3b1c6353e6b9b0b914fe54e8354f3a4b31691.sol#119-133) should be declared external
Reference: https://github.com/trailofbits/slither/wiki/Detectors-Documentation#public-function-that-could-be-declared-as-external[0m
INFO:Detectors:[92m
Detected issues with version pragma in /unique_contracts/0x28b3b1c6353e6b9b0b914fe54e8354f3a4b31691.sol:
	- pragma solidity^0.4.15 (/unique_contracts/0x28b3b1c6353e6b9b0b914fe54e8354f3a4b31691.sol#1): it allows old versions
Reference: https://github.com/trailofbits/slither/wiki/Detectors-Documentation#incorrect-version-of-solidity[0m
INFO:Detectors:[92m
Function 'VRFtoken.VRFtoken' (/unique_contracts/0x28b3b1c6353e6b9b0b914fe54e8354f3a4b31691.sol#45-55) is not in mixedCase
Constant 'VRFtoken.initialSupply' (/unique_contracts/0x28b3b1c6353e6b9b0b914fe54e8354f3a4b31691.sol#38-39) is not in UPPER_CASE_WITH_UNDERSCORES
Reference: https://github.com/trailofbits/slither/wiki/Detectors-Documentation#conformance-to-solidity-naming-conventions[0m
INFO:Slither:/unique_contracts/0x28b3b1c6353e6b9b0b914fe54e8354f3a4b31691.sol analyzed (3 contracts), 17 result(s) found