/unique_chucks/42/0xb8ee28585a0b029923f396be0d7e82719e42360f.sol
jar:file:/usr/local/lib/node_modules/@smartdec/smartcheck/jdeploy-bundle/smartcheck-2.0-jar-with-dependencies.jar!/solidity-rules.xmlruleId: SOLIDITY_DEPRECATED_CONSTRUCTIONS
patternId: 49bd2a
severity: 1
line: 163
column: 37
content: throw

ruleId: SOLIDITY_DEPRECATED_CONSTRUCTIONS
patternId: 28fa69
severity: 1
line: 64
column: 2
content: functionisPricingStrategy()publicconstantreturns(bool){returntrue;}

ruleId: SOLIDITY_DEPRECATED_CONSTRUCTIONS
patternId: 28fa69
severity: 1
line: 72
column: 2
content: functionisSane(addresscrowdsale)publicconstantreturns(bool){returntrue;}

ruleId: SOLIDITY_DEPRECATED_CONSTRUCTIONS
patternId: 28fa69
severity: 1
line: 81
column: 2
content: functionisPresalePurchase(addresspurchaser)publicconstantreturns(bool){returnfalse;}

ruleId: SOLIDITY_DEPRECATED_CONSTRUCTIONS
patternId: 28fa69
severity: 1
line: 99
column: 2
content: functioncalculatePrice(uintvalue,uintweiRaised,uinttokensSold,addressmsgSender,uintdecimals)publicconstantreturns(uinttokenAmount);

ruleId: SOLIDITY_DEPRECATED_CONSTRUCTIONS
patternId: 28fa69
severity: 1
line: 187
column: 2
content: functioncalculatePrice(uintvalue,uintweiRaised,uinttokensSold,addressmsgSender,uintdecimals)publicconstantreturns(uint){uintmultiplier=10**decimals;returnvalue.times(multiplier)/oneTokenInWei;}

ruleId: SOLIDITY_OVERPOWERED_ROLE
patternId: j83hf7
severity: 2
line: 167
column: 2
content: functionsetTier(address_tier)onlyOwner{assert(_tier!=address(0));assert(tier==address(0));tier=_tier;}

ruleId: SOLIDITY_PRAGMAS_VERSION
patternId: 23fc32
severity: 1
line: 1
column: 16
content: ^

ruleId: SOLIDITY_REVERT_REQUIRE
patternId: c56b12
severity: 1
line: 163
column: 4
content: if(msg.sender!=address(tier))throw;

ruleId: SOLIDITY_VISIBILITY
patternId: 910067
severity: 1
line: 14
column: 2
content: functionOwnable(){owner=msg.sender;}

ruleId: SOLIDITY_VISIBILITY
patternId: 910067
severity: 1
line: 122
column: 2
content: functiontimes(uinta,uintb)returns(uint){uintc=a*b;assert(a==0||c/a==b);returnc;}

ruleId: SOLIDITY_VISIBILITY
patternId: 910067
severity: 1
line: 128
column: 2
content: functiondivides(uinta,uintb)returns(uint){assert(b>0);uintc=a/b;assert(a==b*c+a%b);returnc;}

ruleId: SOLIDITY_VISIBILITY
patternId: 910067
severity: 1
line: 135
column: 2
content: functionminus(uinta,uintb)returns(uint){assert(b<=a);returna-b;}

ruleId: SOLIDITY_VISIBILITY
patternId: 910067
severity: 1
line: 140
column: 2
content: functionplus(uinta,uintb)returns(uint){uintc=a+b;assert(c>=a);returnc;}

ruleId: SOLIDITY_VISIBILITY
patternId: 910067
severity: 1
line: 167
column: 2
content: functionsetTier(address_tier)onlyOwner{assert(_tier!=address(0));assert(tier==address(0));tier=_tier;}

ruleId: SOLIDITY_VISIBILITY
patternId: 910067
severity: 1
line: 173
column: 2
content: functionFlatPricingExt(uint_oneTokenInWei)onlyOwner{require(_oneTokenInWei>0);oneTokenInWei=_oneTokenInWei;}

ruleId: SOLIDITY_VISIBILITY
patternId: 910067
severity: 1
line: 178
column: 2
content: functionupdateRate(uintnewOneTokenInWei)onlyTier{oneTokenInWei=newOneTokenInWei;RateChanged(newOneTokenInWei);}

SOLIDITY_VISIBILITY :8
SOLIDITY_OVERPOWERED_ROLE :1
SOLIDITY_DEPRECATED_CONSTRUCTIONS :6
SOLIDITY_PRAGMAS_VERSION :1
SOLIDITY_REVERT_REQUIRE :1