INFO:Detectors:[93m
DailyRoiCardGame (/unique_chucks/5/0xbe96a69b2836201d9cbad2c485681dc7a4cc39b9.sol#8-452) has incorrect ERC20 function interface(s):
	-transfer (/unique_chucks/5/0xbe96a69b2836201d9cbad2c485681dc7a4cc39b9.sol#286-299)
Reference: https://github.com/trailofbits/slither/wiki/Detectors-Documentation#incorrect-erc20-interface[0m
INFO:Detectors:[92m
DailyRoiCardGame.ACTIVATION_TIME should be constant (/unique_chucks/5/0xbe96a69b2836201d9cbad2c485681dc7a4cc39b9.sol#94)
DailyRoiCardGame.cardPriceIncrement should be constant (/unique_chucks/5/0xbe96a69b2836201d9cbad2c485681dc7a4cc39b9.sol#78-80)
DailyRoiCardGame.precisionFactor should be constant (/unique_chucks/5/0xbe96a69b2836201d9cbad2c485681dc7a4cc39b9.sol#65-66)
Reference: https://github.com/trailofbits/slither/wiki/Detectors-Documentation#state-variables-that-could-be-declared-constant[0m
INFO:Detectors:[92m
DailyRoiCardGame.buy (/unique_chucks/5/0xbe96a69b2836201d9cbad2c485681dc7a4cc39b9.sol#187-243) should be declared external
DailyRoiCardGame.withdraw (/unique_chucks/5/0xbe96a69b2836201d9cbad2c485681dc7a4cc39b9.sol#261-285) should be declared external
DailyRoiCardGame.transfer (/unique_chucks/5/0xbe96a69b2836201d9cbad2c485681dc7a4cc39b9.sol#286-299) should be declared external
DailyRoiCardGame.setName (/unique_chucks/5/0xbe96a69b2836201d9cbad2c485681dc7a4cc39b9.sol#301-305) should be declared external
DailyRoiCardGame.setSymbol (/unique_chucks/5/0xbe96a69b2836201d9cbad2c485681dc7a4cc39b9.sol#305-310) should be declared external
DailyRoiCardGame.setcardPrice (/unique_chucks/5/0xbe96a69b2836201d9cbad2c485681dc7a4cc39b9.sol#311-320) should be declared external
DailyRoiCardGame.addNewcard (/unique_chucks/5/0xbe96a69b2836201d9cbad2c485681dc7a4cc39b9.sol#320-332) should be declared external
DailyRoiCardGame.setAllowReferral (/unique_chucks/5/0xbe96a69b2836201d9cbad2c485681dc7a4cc39b9.sol#335-341) should be declared external
DailyRoiCardGame.getMyBalance (/unique_chucks/5/0xbe96a69b2836201d9cbad2c485681dc7a4cc39b9.sol#374-380) should be declared external
DailyRoiCardGame.getOwnerBalance (/unique_chucks/5/0xbe96a69b2836201d9cbad2c485681dc7a4cc39b9.sol#381-389) should be declared external
DailyRoiCardGame.getcardPrice (/unique_chucks/5/0xbe96a69b2836201d9cbad2c485681dc7a4cc39b9.sol#389-398) should be declared external
DailyRoiCardGame.getcardOwner (/unique_chucks/5/0xbe96a69b2836201d9cbad2c485681dc7a4cc39b9.sol#398-409) should be declared external
DailyRoiCardGame.gettotalCardDivs (/unique_chucks/5/0xbe96a69b2836201d9cbad2c485681dc7a4cc39b9.sol#409-421) should be declared external
DailyRoiCardGame.getTotalDivsProduced (/unique_chucks/5/0xbe96a69b2836201d9cbad2c485681dc7a4cc39b9.sol#423-434) should be declared external
DailyRoiCardGame.gettotalCardValue (/unique_chucks/5/0xbe96a69b2836201d9cbad2c485681dc7a4cc39b9.sol#434-440) should be declared external
DailyRoiCardGame.totalEthereumBalance (/unique_chucks/5/0xbe96a69b2836201d9cbad2c485681dc7a4cc39b9.sol#440-444) should be declared external
DailyRoiCardGame.gettotalCards (/unique_chucks/5/0xbe96a69b2836201d9cbad2c485681dc7a4cc39b9.sol#445-452) should be declared external
Reference: https://github.com/trailofbits/slither/wiki/Detectors-Documentation#public-function-that-could-be-declared-as-external[0m
INFO:Detectors:[92m
Event 'DailyRoiCardGame.oncardPurchase' (/unique_chucks/5/0xbe96a69b2836201d9cbad2c485681dc7a4cc39b9.sol#31-38) is not in CapWords
Event 'DailyRoiCardGame.onWithdraw' (/unique_chucks/5/0xbe96a69b2836201d9cbad2c485681dc7a4cc39b9.sol#38-44) is not in CapWords
Parameter '_new' of DailyRoiCardGame.addtotalCardValue (/unique_chucks/5/0xbe96a69b2836201d9cbad2c485681dc7a4cc39b9.sol#178) is not in mixedCase
Parameter '_old' of DailyRoiCardGame.addtotalCardValue (/unique_chucks/5/0xbe96a69b2836201d9cbad2c485681dc7a4cc39b9.sol#178) is not in mixedCase
Parameter '_card' of DailyRoiCardGame.buy (/unique_chucks/5/0xbe96a69b2836201d9cbad2c485681dc7a4cc39b9.sol#188) is not in mixedCase
Parameter '_referrer' of DailyRoiCardGame.buy (/unique_chucks/5/0xbe96a69b2836201d9cbad2c485681dc7a4cc39b9.sol#188) is not in mixedCase
Parameter '_distDividends' of DailyRoiCardGame.distributeDivs (/unique_chucks/5/0xbe96a69b2836201d9cbad2c485681dc7a4cc39b9.sol#243-244) is not in mixedCase
Parameter '_to' of DailyRoiCardGame.transfer (/unique_chucks/5/0xbe96a69b2836201d9cbad2c485681dc7a4cc39b9.sol#286) is not in mixedCase
Parameter '_card' of DailyRoiCardGame.transfer (/unique_chucks/5/0xbe96a69b2836201d9cbad2c485681dc7a4cc39b9.sol#287) is not in mixedCase
Parameter '_name' of DailyRoiCardGame.setName (/unique_chucks/5/0xbe96a69b2836201d9cbad2c485681dc7a4cc39b9.sol#301) is not in mixedCase
Parameter '_symbol' of DailyRoiCardGame.setSymbol (/unique_chucks/5/0xbe96a69b2836201d9cbad2c485681dc7a4cc39b9.sol#306) is not in mixedCase
Parameter '_card' of DailyRoiCardGame.setcardPrice (/unique_chucks/5/0xbe96a69b2836201d9cbad2c485681dc7a4cc39b9.sol#313) is not in mixedCase
Parameter '_price' of DailyRoiCardGame.setcardPrice (/unique_chucks/5/0xbe96a69b2836201d9cbad2c485681dc7a4cc39b9.sol#313) is not in mixedCase
Parameter '_price' of DailyRoiCardGame.addNewcard (/unique_chucks/5/0xbe96a69b2836201d9cbad2c485681dc7a4cc39b9.sol#322-323) is not in mixedCase
Parameter '_allowReferral' of DailyRoiCardGame.setAllowReferral (/unique_chucks/5/0xbe96a69b2836201d9cbad2c485681dc7a4cc39b9.sol#335-336) is not in mixedCase
Parameter '_cardOwner' of DailyRoiCardGame.getOwnerBalance (/unique_chucks/5/0xbe96a69b2836201d9cbad2c485681dc7a4cc39b9.sol#383) is not in mixedCase
Parameter '_card' of DailyRoiCardGame.getcardPrice (/unique_chucks/5/0xbe96a69b2836201d9cbad2c485681dc7a4cc39b9.sol#390-391) is not in mixedCase
Parameter '_card' of DailyRoiCardGame.getcardOwner (/unique_chucks/5/0xbe96a69b2836201d9cbad2c485681dc7a4cc39b9.sol#400) is not in mixedCase
Parameter '_card' of DailyRoiCardGame.gettotalCardDivs (/unique_chucks/5/0xbe96a69b2836201d9cbad2c485681dc7a4cc39b9.sol#412) is not in mixedCase
Constant 'DailyRoiCardGame.cardsDivRate' (/unique_chucks/5/0xbe96a69b2836201d9cbad2c485681dc7a4cc39b9.sol#57-58) is not in UPPER_CASE_WITH_UNDERSCORES
Constant 'DailyRoiCardGame.ownerDivRate' (/unique_chucks/5/0xbe96a69b2836201d9cbad2c485681dc7a4cc39b9.sol#58-59) is not in UPPER_CASE_WITH_UNDERSCORES
Constant 'DailyRoiCardGame.distDivRate' (/unique_chucks/5/0xbe96a69b2836201d9cbad2c485681dc7a4cc39b9.sol#59-60) is not in UPPER_CASE_WITH_UNDERSCORES
Constant 'DailyRoiCardGame.referralRate' (/unique_chucks/5/0xbe96a69b2836201d9cbad2c485681dc7a4cc39b9.sol#60-61) is not in UPPER_CASE_WITH_UNDERSCORES
Variable 'DailyRoiCardGame.ACTIVATION_TIME' (/unique_chucks/5/0xbe96a69b2836201d9cbad2c485681dc7a4cc39b9.sol#94) is not in mixedCase
Reference: https://github.com/trailofbits/slither/wiki/Detectors-Documentation#conformance-to-solidity-naming-conventions[0m
INFO:Slither:/unique_chucks/5/0xbe96a69b2836201d9cbad2c485681dc7a4cc39b9.sol analyzed (2 contracts), 43 result(s) found