INFO:Slither:Compilation warnings/errors on /unique_chucks/44/0x69f3893ab937356c55feeddb0b69da0e875e9930.sol:
/unique_chucks/44/0x69f3893ab937356c55feeddb0b69da0e875e9930.sol:126:9: Warning: Unused local variable.
        uint startGas = gasleft();
        ^-----------^
/unique_chucks/44/0x69f3893ab937356c55feeddb0b69da0e875e9930.sol:130:9: Warning: Unused local variable.
        IERC20 daiToken = IERC20(daiTokenAddress);
        ^-------------^
/unique_chucks/44/0x69f3893ab937356c55feeddb0b69da0e875e9930.sol:131:9: Warning: Unused local variable.
        IERC20 daiBntToken = IERC20(daiBntTokenAddress);
        ^----------------^
/unique_chucks/44/0x69f3893ab937356c55feeddb0b69da0e875e9930.sol:133:34: Warning: Unused local variable.
        (uint kyberExpectedRate, uint kyberSlippageRate) = getRateFromKyber(
                                 ^--------------------^

INFO:Detectors:[91m
OneInchTrade.daiTokenAddress (/unique_chucks/44/0x69f3893ab937356c55feeddb0b69da0e875e9930.sol#84-86) is never initialized. It is used in:
	- fallback (/unique_chucks/44/0x69f3893ab937356c55feeddb0b69da0e875e9930.sol#128-186)
OneInchTrade.daiBntTokenAddress (/unique_chucks/44/0x69f3893ab937356c55feeddb0b69da0e875e9930.sol#86) is never initialized. It is used in:
	- fallback (/unique_chucks/44/0x69f3893ab937356c55feeddb0b69da0e875e9930.sol#128-186)
Reference: https://github.com/trailofbits/slither/wiki/Detectors-Documentation#uninitialized-state-variables[0m
INFO:Detectors:[93m
Contract locking ether found in /unique_chucks/44/0x69f3893ab937356c55feeddb0b69da0e875e9930.sol:
	Contract OneInchTrade has payable functions:
	 - fallback (/unique_chucks/44/0x69f3893ab937356c55feeddb0b69da0e875e9930.sol#128-186)
	But does not have a function to withdraw the ether
Reference: https://github.com/trailofbits/slither/wiki/Detectors-Documentation#contracts-that-lock-ether[0m
INFO:Detectors:[92m
OneInchTrade.daiBntTokenAddress should be constant (/unique_chucks/44/0x69f3893ab937356c55feeddb0b69da0e875e9930.sol#86)
OneInchTrade.daiTokenAddress should be constant (/unique_chucks/44/0x69f3893ab937356c55feeddb0b69da0e875e9930.sol#84-86)
Reference: https://github.com/trailofbits/slither/wiki/Detectors-Documentation#state-variables-that-could-be-declared-constant[0m
INFO:Slither:/unique_chucks/44/0x69f3893ab937356c55feeddb0b69da0e875e9930.sol analyzed (5 contracts), 4 result(s) found