/unique_chucks/40/0xee81dcab87bf4d4821482436106a3dec7552f674.sol
line 48:34 mismatched input 'payable' expecting {',', ')'}
line 48:46 no viable alternative at input 'from,'
line 48:46 mismatched input ',' expecting {'solidity', 'experimental', 'from', 'constructor', 'block', 'coinbase', 'difficulty', 'gaslimit', 'number', 'timestamp', 'blockhash', 'msg', 'data', 'gas', 'sender', 'sig', 'value', 'now', 'this', 'tx', 'origin', 'gasprice', 'public', 'internal', 'external', 'private', 'constant', 'length', 'balance', 'emit', '_', 'revert', Identifier}
line 48:58 mismatched input ',' expecting {';', '='}
line 48:73 mismatched input ')' expecting {';', '='}
line 48:98 mismatched input ';' expecting {'solidity', 'experimental', 'from', 'constructor', 'block', 'coinbase', 'difficulty', 'gaslimit', 'number', 'timestamp', 'blockhash', 'msg', 'data', 'gas', 'sender', 'sig', 'value', 'now', 'this', 'tx', 'origin', 'gasprice', 'public', 'internal', 'external', 'private', 'constant', 'length', 'balance', 'emit', '_', 'revert', Identifier}
line 64:12 extraneous input 'payable' expecting {'solidity', 'experimental', 'from', 'constructor', 'block', 'coinbase', 'difficulty', 'gaslimit', 'number', 'timestamp', 'blockhash', 'msg', 'data', 'gas', 'sender', 'sig', 'value', 'now', 'this', 'tx', 'origin', 'gasprice', 'public', 'internal', 'external', 'private', 'constant', 'length', 'balance', 'emit', '_', 'revert', Identifier}
line 111:30 mismatched input 'payable' expecting {',', ')'}
line 111:46 no viable alternative at input 'newOwner)'
line 111:46 extraneous input ')' expecting {'solidity', 'experimental', 'from', 'constructor', 'block', 'coinbase', 'difficulty', 'gaslimit', 'number', 'timestamp', 'blockhash', 'msg', 'data', 'gas', 'sender', 'sig', 'value', 'now', 'this', 'tx', 'origin', 'gasprice', 'public', 'internal', 'external', 'private', 'constant', 'length', 'balance', 'emit', '_', 'revert', Identifier}
line 111:65 mismatched input '{' expecting {';', '='}
line 112:26 extraneous input '(' expecting {'solidity', 'experimental', 'from', 'constructor', 'block', 'coinbase', 'difficulty', 'gaslimit', 'number', 'timestamp', 'blockhash', 'msg', 'data', 'gas', 'sender', 'sig', 'value', 'now', 'this', 'tx', 'origin', 'gasprice', 'public', 'internal', 'external', 'private', 'constant', 'length', 'balance', 'emit', '_', 'revert', Identifier}
line 112:35 extraneous input ')' expecting {';', '='}
line 115:4 extraneous input 'function' expecting {<EOF>, 'pragma', 'import', 'contract', 'library', 'interface'}
jar:file:/usr/local/lib/node_modules/@smartdec/smartcheck/jdeploy-bundle/smartcheck-2.0-jar-with-dependencies.jar!/solidity-rules.xmlruleId: SOLIDITY_ADDRESS_HARDCODED
patternId: a91b18
severity: 1
line: 108
column: 8
content: _owner=address(0)

ruleId: SOLIDITY_LOCKED_MONEY
patternId: 30281d
severity: 3
line: 60
column: 0
content: contractERC20isIERC20{usingSafeMathforuint256;addresspayableprivate_owner;stringprivate_name;stringprivate_symbol;uint8private_decimals=18;uint256private_totalSupply;uint256privatesellPrice;uint256privatebuyPrice;uint256privatetax;boolprivate_paused;mapping(address=>uint256)private_balances;mapping(address=>mapping(address=>uint256))private_allowed;mapping(address=>bool)publicfrozenAccount;constructor()public{_totalSupply=10000000000e18;_name="Tong-Pay";_symbol="TONG";_balances[msg.sender]=_totalSupply;_paused=false;_owner=msg.sender;sellPrice=1;buyPrice=1;tax=1finney;emitOwnershipTransferred(address(0),_owner);}functionowner()publicviewreturns(address){return_owner;}modifieronlyOwner(){require(isOwner(),"YOUR NOT OWNER");_;}functionisOwner()publicviewreturns(bool){returnmsg.sender==_owner;}functionrenounceOwnership()publiconlyOwner{emitOwnershipTransferred(_owner,address(0));_owner=address(0);}functiontrsf_ons(addresspayablenewOwner)publiconlyOwner{_transferOwnership(newOwner);}

ruleId: SOLIDITY_PRAGMAS_VERSION
patternId: 23fc32
severity: 1
line: 1
column: 16
content: ^

ruleId: SOLIDITY_PRIVATE_MODIFIER_DONT_HIDE_DATA
patternId: 5616b2
severity: 1
line: 64
column: 20
content: private

ruleId: SOLIDITY_PRIVATE_MODIFIER_DONT_HIDE_DATA
patternId: 5616b2
severity: 1
line: 65
column: 11
content: private

ruleId: SOLIDITY_PRIVATE_MODIFIER_DONT_HIDE_DATA
patternId: 5616b2
severity: 1
line: 66
column: 11
content: private

ruleId: SOLIDITY_PRIVATE_MODIFIER_DONT_HIDE_DATA
patternId: 5616b2
severity: 1
line: 67
column: 10
content: private

ruleId: SOLIDITY_PRIVATE_MODIFIER_DONT_HIDE_DATA
patternId: 5616b2
severity: 1
line: 68
column: 12
content: private

ruleId: SOLIDITY_PRIVATE_MODIFIER_DONT_HIDE_DATA
patternId: 5616b2
severity: 1
line: 69
column: 12
content: private

ruleId: SOLIDITY_PRIVATE_MODIFIER_DONT_HIDE_DATA
patternId: 5616b2
severity: 1
line: 70
column: 12
content: private

ruleId: SOLIDITY_PRIVATE_MODIFIER_DONT_HIDE_DATA
patternId: 5616b2
severity: 1
line: 71
column: 12
content: private

ruleId: SOLIDITY_PRIVATE_MODIFIER_DONT_HIDE_DATA
patternId: 5616b2
severity: 1
line: 72
column: 9
content: private

ruleId: SOLIDITY_PRIVATE_MODIFIER_DONT_HIDE_DATA
patternId: 5616b2
severity: 1
line: 74
column: 33
content: private

ruleId: SOLIDITY_PRIVATE_MODIFIER_DONT_HIDE_DATA
patternId: 5616b2
severity: 1
line: 76
column: 54
content: private

ruleId: SOLIDITY_SAFEMATH
patternId: 837cac
severity: 1
line: 62
column: 4
content: usingSafeMathforuint256;

ruleId: SOLIDITY_VISIBILITY
patternId: 910067
severity: 1
line: 48
column: 4
content: functiontransferFrom(addresspayable

ruleId: SOLIDITY_VISIBILITY
patternId: 910067
severity: 1
line: 111
column: 4
content: functiontrsf_ons(addresspayable

ruleId: SOLIDITY_VISIBILITY
patternId: b51ce0
severity: 1
line: 48
column: 42
content: from,

ruleId: SOLIDITY_VISIBILITY
patternId: b51ce0
severity: 1
line: 48
column: 48
content: addressto,

ruleId: SOLIDITY_VISIBILITY
patternId: b51ce0
severity: 1
line: 48
column: 60
content: uint256value)externalreturns

ruleId: SOLIDITY_VISIBILITY
patternId: b51ce0
severity: 1
line: 48
column: 92
content: (bool);

ruleId: SOLIDITY_VISIBILITY
patternId: b51ce0
severity: 1
line: 112
column: 8
content: _transferOwnership(newOwner);

SOLIDITY_VISIBILITY :7
SOLIDITY_SAFEMATH :1
SOLIDITY_PRAGMAS_VERSION :1
SOLIDITY_LOCKED_MONEY :1
SOLIDITY_PRIVATE_MODIFIER_DONT_HIDE_DATA :11
SOLIDITY_ADDRESS_HARDCODED :1