/unique_chucks/4/0x0111ac7e9425c891f935c4ce54cf16db7c14b7db.sol
jar:file:/usr/local/lib/node_modules/@smartdec/smartcheck/jdeploy-bundle/smartcheck-2.0-jar-with-dependencies.jar!/solidity-rules.xmlruleId: SOLIDITY_ADDRESS_HARDCODED
patternId: b140cd
severity: 1
line: 173
column: 19
content: 0xffffffffffffffffffffffffffffffff

ruleId: SOLIDITY_ADDRESS_HARDCODED
patternId: b140cd
severity: 1
line: 175
column: 40
content: 0x100000000000000000000000000000000

ruleId: SOLIDITY_ADDRESS_HARDCODED
patternId: b140cd
severity: 1
line: 177
column: 19
content: 0xffffffffffffffff

ruleId: SOLIDITY_ADDRESS_HARDCODED
patternId: b140cd
severity: 1
line: 179
column: 40
content: 0x10000000000000000

ruleId: SOLIDITY_ADDRESS_HARDCODED
patternId: b140cd
severity: 1
line: 181
column: 19
content: 0xffffffff

ruleId: SOLIDITY_ADDRESS_HARDCODED
patternId: b140cd
severity: 1
line: 183
column: 40
content: 0x100000000

ruleId: SOLIDITY_ADDRESS_HARDCODED
patternId: b140cd
severity: 1
line: 185
column: 19
content: 0xffff

ruleId: SOLIDITY_ADDRESS_HARDCODED
patternId: b140cd
severity: 1
line: 187
column: 40
content: 0x10000

ruleId: SOLIDITY_ADDRESS_HARDCODED
patternId: b140cd
severity: 1
line: 189
column: 19
content: 0xff

ruleId: SOLIDITY_ADDRESS_HARDCODED
patternId: b140cd
severity: 1
line: 251
column: 20
content: 0x80

ruleId: SOLIDITY_ADDRESS_HARDCODED
patternId: b140cd
severity: 1
line: 253
column: 26
content: 0xE0

ruleId: SOLIDITY_ADDRESS_HARDCODED
patternId: b140cd
severity: 1
line: 255
column: 26
content: 0xF0

ruleId: SOLIDITY_ADDRESS_HARDCODED
patternId: b140cd
severity: 1
line: 257
column: 26
content: 0xF8

ruleId: SOLIDITY_ADDRESS_HARDCODED
patternId: b140cd
severity: 1
line: 259
column: 26
content: 0xFC

ruleId: SOLIDITY_ADDRESS_HARDCODED
patternId: b140cd
severity: 1
line: 344
column: 16
content: 0x80

ruleId: SOLIDITY_ADDRESS_HARDCODED
patternId: b140cd
severity: 1
line: 346
column: 22
content: 0xE0

ruleId: SOLIDITY_ADDRESS_HARDCODED
patternId: b140cd
severity: 1
line: 348
column: 22
content: 0xF0

ruleId: SOLIDITY_ADDRESS_HARDCODED
patternId: b140cd
severity: 1
line: 395
column: 16
content: 0x80

ruleId: SOLIDITY_ADDRESS_HARDCODED
patternId: b140cd
severity: 1
line: 398
column: 22
content: 0xE0

ruleId: SOLIDITY_ADDRESS_HARDCODED
patternId: b140cd
severity: 1
line: 399
column: 22
content: 0x1F

ruleId: SOLIDITY_ADDRESS_HARDCODED
patternId: b140cd
severity: 1
line: 401
column: 22
content: 0xF0

ruleId: SOLIDITY_ADDRESS_HARDCODED
patternId: b140cd
severity: 1
line: 402
column: 22
content: 0x0F

ruleId: SOLIDITY_ADDRESS_HARDCODED
patternId: b140cd
severity: 1
line: 405
column: 22
content: 0x07

ruleId: SOLIDITY_ADDRESS_HARDCODED
patternId: b140cd
severity: 1
line: 416
column: 35
content: 0xFF

ruleId: SOLIDITY_ADDRESS_HARDCODED
patternId: b140cd
severity: 1
line: 417
column: 20
content: 0xC0

ruleId: SOLIDITY_ADDRESS_HARDCODED
patternId: b140cd
severity: 1
line: 417
column: 28
content: 0x80

ruleId: SOLIDITY_ADDRESS_HARDCODED
patternId: b140cd
severity: 1
line: 421
column: 36
content: 0x3F

ruleId: SOLIDITY_ADDRESS_HARDCODED
patternId: b140cd
severity: 1
line: 829
column: 48
content: 0x80ac58cd

ruleId: SOLIDITY_ADDRESS_HARDCODED
patternId: b140cd
severity: 1
line: 843
column: 54
content: 0x4f558e79

ruleId: SOLIDITY_ADDRESS_HARDCODED
patternId: b140cd
severity: 1
line: 849
column: 58
content: 0x780e9d63

ruleId: SOLIDITY_ADDRESS_HARDCODED
patternId: b140cd
severity: 1
line: 857
column: 56
content: 0x5b5e139f

ruleId: SOLIDITY_ADDRESS_HARDCODED
patternId: b140cd
severity: 1
line: 953
column: 45
content: 0x150b7a02

ruleId: SOLIDITY_ADDRESS_HARDCODED
patternId: b140cd
severity: 1
line: 1062
column: 46
content: 0x01ffc9a7

ruleId: SOLIDITY_ADDRESS_HARDCODED
patternId: b140cd
severity: 1
line: 1100
column: 28
content: 0xffffffff

ruleId: SOLIDITY_ADDRESS_HARDCODED
patternId: b140cd
severity: 1
line: 1116
column: 44
content: 0x150b7a02

ruleId: SOLIDITY_ADDRESS_HARDCODED
patternId: a91b18
severity: 1
line: 1356
column: 6
content: tokenApprovals[_tokenId]=address(0)

ruleId: SOLIDITY_ADDRESS_HARDCODED
patternId: a91b18
severity: 1
line: 1379
column: 4
content: tokenOwner[_tokenId]=address(0)

ruleId: SOLIDITY_ARRAY_LENGTH_MANIPULATION
patternId: 872bdd
severity: 1
line: 64
column: 12
content: moderatorsArray.length--

ruleId: SOLIDITY_ARRAY_LENGTH_MANIPULATION
patternId: 872bdd
severity: 1
line: 1552
column: 4
content: ownedTokens[_from].length--

ruleId: SOLIDITY_ARRAY_LENGTH_MANIPULATION
patternId: 872bdd
severity: 1
line: 1597
column: 4
content: allTokens.length--

ruleId: SOLIDITY_ERC20_APPROVE
patternId: af782c
severity: 2
line: 1177
column: 2
content: functionapprove(address_to,uint256_tokenId)public{addressowner=ownerOf(_tokenId);require(_to!=owner);require(msg.sender==owner||isApprovedForAll(owner,msg.sender));tokenApprovals[_tokenId]=_to;emitApproval(owner,_to,_tokenId);}

ruleId: SOLIDITY_EXTRA_GAS_IN_LOOPS
patternId: d3j11j
severity: 1
line: 785
column: 8
content: for(uinti=0;i<parts.length;i++)length+=parts[i]._len;

ruleId: SOLIDITY_EXTRA_GAS_IN_LOOPS
patternId: d3j11j
severity: 1
line: 792
column: 8
content: for(i=0;i<parts.length;i++){memcpy(retptr,parts[i]._ptr,parts[i]._len);retptr+=parts[i]._len;if(i<parts.length-1){memcpy(retptr,self._ptr,self._len);retptr+=self._len;}}

ruleId: SOLIDITY_EXTRA_GAS_IN_LOOPS
patternId: d3j11j
severity: 1
line: 1769
column: 8
content: for(uinta=0;a<totalTokens;a++){uinttokenId=tokenByIndex(a);_setTokenURI(tokenId,addToString(_newBaseURI,uint2str(tokenId)));}

ruleId: SOLIDITY_EXTRA_GAS_IN_LOOPS
patternId: d3j11j
severity: 1
line: 1856
column: 8
content: for(uintj=0;j<class.statsMin.length;j++){if(class.statsMax[j]>0){if(stats.length==class.statsMin.length){stats[j]=getRandom(class.statsMin[j],class.statsMax[j],uint8(j+_classId+class.total),lastMinter);}}else{if(stats.length==class.statsMin.length){stats[j]=0;}}}

ruleId: SOLIDITY_EXTRA_GAS_IN_LOOPS
patternId: k4o1l4
severity: 1
line: 32
column: 8
content: while(moderatorsArray[i]!=_address){i++;}

ruleId: SOLIDITY_EXTRA_GAS_IN_LOOPS
patternId: k4o1l4
severity: 1
line: 60
column: 12
content: while(i<moderatorsArray.length-1){moderatorsArray[i]=moderatorsArray[i+1];i++;}

ruleId: SOLIDITY_FUNCTIONS_RETURNS_TYPE_AND_NO_RETURN
patternId: 58bdd3
severity: 1
line: 374
column: 4
content: functionnextRune(slicememoryself)internalpurereturns(slicememoryret){nextRune(self,ret);}

ruleId: SOLIDITY_FUNCTIONS_RETURNS_TYPE_AND_NO_RETURN
patternId: 58bdd3
severity: 1
line: 432
column: 4
content: functionkeccak(slicememoryself)internalpurereturns(bytes32ret){assembly{ret:=keccak256(mload(add(self,32)),mload(self))}}

ruleId: SOLIDITY_FUNCTIONS_RETURNS_TYPE_AND_NO_RETURN
patternId: 58bdd3
severity: 1
line: 692
column: 4
content: functionsplit(slicememoryself,slicememoryneedle)internalpurereturns(slicememorytoken){split(self,needle,token);}

ruleId: SOLIDITY_FUNCTIONS_RETURNS_TYPE_AND_NO_RETURN
patternId: 58bdd3
severity: 1
line: 728
column: 4
content: functionrsplit(slicememoryself,slicememoryneedle)internalpurereturns(slicememorytoken){rsplit(self,needle,token);}

ruleId: SOLIDITY_FUNCTIONS_RETURNS_TYPE_AND_NO_RETURN
patternId: 58bdd3
severity: 1
line: 738
column: 4
content: functioncount(slicememoryself,slicememoryneedle)internalpurereturns(uintcnt){uintptr=findPtr(self._len,self._ptr,needle._len,needle._ptr)+needle._len;while(ptr<=self._ptr+self._len){cnt++;ptr=findPtr(self._len-(ptr-self._ptr),ptr,needle._len,needle._ptr)+needle._len;}}

ruleId: SOLIDITY_GAS_LIMIT_IN_LOOPS
patternId: f6f853
severity: 2
line: 785
column: 8
content: for(uinti=0;i<parts.length;i++)length+=parts[i]._len;

ruleId: SOLIDITY_GAS_LIMIT_IN_LOOPS
patternId: f6f853
severity: 2
line: 792
column: 8
content: for(i=0;i<parts.length;i++){memcpy(retptr,parts[i]._ptr,parts[i]._len);retptr+=parts[i]._len;if(i<parts.length-1){memcpy(retptr,self._ptr,self._len);retptr+=self._len;}}

ruleId: SOLIDITY_GAS_LIMIT_IN_LOOPS
patternId: f6f853
severity: 2
line: 1856
column: 8
content: for(uintj=0;j<class.statsMin.length;j++){if(class.statsMax[j]>0){if(stats.length==class.statsMin.length){stats[j]=getRandom(class.statsMin[j],class.statsMax[j],uint8(j+_classId+class.total),lastMinter);}}else{if(stats.length==class.statsMin.length){stats[j]=0;}}}

ruleId: SOLIDITY_GAS_LIMIT_IN_LOOPS
patternId: 17f23a
severity: 1
line: 32
column: 15
content: moderatorsArray[i]!=_address

ruleId: SOLIDITY_GAS_LIMIT_IN_LOOPS
patternId: 17f23a
severity: 1
line: 60
column: 19
content: i<moderatorsArray.length-1

ruleId: SOLIDITY_GAS_LIMIT_IN_LOOPS
patternId: 17f23a
severity: 1
line: 566
column: 23
content: ptrdata!=needledata

ruleId: SOLIDITY_GAS_LIMIT_IN_LOOPS
patternId: 17f23a
severity: 1
line: 606
column: 23
content: ptrdata!=needledata

ruleId: SOLIDITY_GAS_LIMIT_IN_LOOPS
patternId: 17f23a
severity: 1
line: 618
column: 23
content: ptr>=selfptr

ruleId: SOLIDITY_GAS_LIMIT_IN_LOOPS
patternId: 17f23a
severity: 1
line: 740
column: 15
content: ptr<=self._ptr+self._len

ruleId: SOLIDITY_PRAGMAS_VERSION
patternId: 23fc32
severity: 1
line: 1
column: 16
content: ^

ruleId: SOLIDITY_PRIVATE_MODIFIER_DONT_HIDE_DATA
patternId: 5616b2
severity: 1
line: 1116
column: 9
content: private

ruleId: SOLIDITY_PRIVATE_MODIFIER_DONT_HIDE_DATA
patternId: 5616b2
severity: 1
line: 1675
column: 12
content: private

ruleId: SOLIDITY_PRIVATE_MODIFIER_DONT_HIDE_DATA
patternId: 5616b2
severity: 1
line: 1677
column: 16
content: private

ruleId: SOLIDITY_SAFEMATH
patternId: 837cac
severity: 1
line: 1111
column: 2
content: usingSafeMathforuint256;

ruleId: SOLIDITY_SAFEMATH
patternId: 837cac
severity: 1
line: 1661
column: 4
content: usingSafeMathforuint256;

ruleId: SOLIDITY_SHOULD_NOT_BE_PURE
patternId: 11314f
severity: 1
line: 132
column: 4
content: functionmemcpy(uintdest,uintsrc,uintlen)privatepure{for(;len>=32;len-=32){assembly{mstore(dest,mload(src))}dest+=32;src+=32;}uintmask=256**(32-len)-1;assembly{letsrcpart:=and(mload(src),not(mask))letdestpart:=and(mload(dest),mask)mstore(dest,or(destpart,srcpart))}}

ruleId: SOLIDITY_SHOULD_NOT_BE_PURE
patternId: 11314f
severity: 1
line: 156
column: 4
content: functiontoSlice(stringmemoryself)internalpurereturns(slicememory){uintptr;assembly{ptr:=add(self,0x20)}returnslice(bytes(self).length,ptr);}

ruleId: SOLIDITY_SHOULD_NOT_BE_PURE
patternId: 11314f
severity: 1
line: 202
column: 4
content: functiontoSliceB32(bytes32self)internalpurereturns(slicememoryret){assembly{letptr:=mload(0x40)mstore(0x40,add(ptr,0x20))mstore(ptr,self)mstore(add(ret,0x20),ptr)}ret._len=len(self);}

ruleId: SOLIDITY_SHOULD_NOT_BE_PURE
patternId: 11314f
severity: 1
line: 227
column: 4
content: functiontoString(slicememoryself)internalpurereturns(stringmemory){stringmemoryret=newstring(self._len);uintretptr;assembly{retptr:=add(ret,32)}memcpy(retptr,self._ptr,self._len);returnret;}

ruleId: SOLIDITY_SHOULD_NOT_BE_PURE
patternId: 11314f
severity: 1
line: 244
column: 4
content: functionlen(slicememoryself)internalpurereturns(uintl){uintptr=self._ptr-31;uintend=ptr+self._len;for(l=0;ptr<end;l++){uint8b;assembly{b:=and(mload(ptr),0xFF)}if(b<0x80){ptr+=1;}elseif(b<0xE0){ptr+=2;}elseif(b<0xF0){ptr+=3;}elseif(b<0xF8){ptr+=4;}elseif(b<0xFC){ptr+=5;}else{ptr+=6;}}}

ruleId: SOLIDITY_SHOULD_NOT_BE_PURE
patternId: 11314f
severity: 1
line: 285
column: 4
content: functioncompare(slicememoryself,slicememoryother)internalpurereturns(int){uintshortest=self._len;if(other._len<self._len)shortest=other._len;uintselfptr=self._ptr;uintotherptr=other._ptr;for(uintidx=0;idx<shortest;idx+=32){uinta;uintb;assembly{a:=mload(selfptr)b:=mload(otherptr)}if(a!=b){uint256mask=uint256(-1);if(shortest<32){mask=~(2**(8*(32-shortest+idx))-1);}uint256diff=(a&mask)-(b&mask);if(diff!=0)returnint(diff);}selfptr+=32;otherptr+=32;}returnint(self._len)-int(other._len);}

ruleId: SOLIDITY_SHOULD_NOT_BE_PURE
patternId: 11314f
severity: 1
line: 332
column: 4
content: functionnextRune(slicememoryself,slicememoryrune)internalpurereturns(slicememory){rune._ptr=self._ptr;if(self._len==0){rune._len=0;returnrune;}uintl;uintb;assembly{b:=and(mload(sub(mload(add(self,32)),31)),0xFF)}if(b<0x80){l=1;}elseif(b<0xE0){l=2;}elseif(b<0xF0){l=3;}else{l=4;}if(l>self._len){rune._len=self._len;self._ptr+=self._len;self._len=0;returnrune;}self._ptr+=l;self._len-=l;rune._len=l;returnrune;}

ruleId: SOLIDITY_SHOULD_NOT_BE_PURE
patternId: 11314f
severity: 1
line: 383
column: 4
content: functionord(slicememoryself)internalpurereturns(uintret){if(self._len==0){return0;}uintword;uintlength;uintdivisor=2**248;assembly{word:=mload(mload(add(self,32)))}uintb=word/divisor;if(b<0x80){ret=b;length=1;}elseif(b<0xE0){ret=b&0x1F;length=2;}elseif(b<0xF0){ret=b&0x0F;length=3;}else{ret=b&0x07;length=4;}if(length>self._len){return0;}for(uinti=1;i<length;i++){divisor=divisor/256;b=(word/divisor)&0xFF;if(b&0xC0!=0x80){return0;}ret=(ret*64)|(b&0x3F);}returnret;}

ruleId: SOLIDITY_SHOULD_NOT_BE_PURE
patternId: 11314f
severity: 1
line: 432
column: 4
content: functionkeccak(slicememoryself)internalpurereturns(bytes32ret){assembly{ret:=keccak256(mload(add(self,32)),mload(self))}}

ruleId: SOLIDITY_SHOULD_NOT_BE_PURE
patternId: 11314f
severity: 1
line: 444
column: 4
content: functionstartsWith(slicememoryself,slicememoryneedle)internalpurereturns(bool){if(self._len<needle._len){returnfalse;}if(self._ptr==needle._ptr){returntrue;}boolequal;assembly{letlength:=mload(needle)letselfptr:=mload(add(self,0x20))letneedleptr:=mload(add(needle,0x20))equal:=eq(keccak256(selfptr,length),keccak256(needleptr,length))}returnequal;}

ruleId: SOLIDITY_SHOULD_NOT_BE_PURE
patternId: 11314f
severity: 1
line: 470
column: 4
content: functionbeyond(slicememoryself,slicememoryneedle)internalpurereturns(slicememory){if(self._len<needle._len){returnself;}boolequal=true;if(self._ptr!=needle._ptr){assembly{letlength:=mload(needle)letselfptr:=mload(add(self,0x20))letneedleptr:=mload(add(needle,0x20))equal:=eq(keccak256(selfptr,length),keccak256(needleptr,length))}}if(equal){self._len-=needle._len;self._ptr+=needle._len;}returnself;}

ruleId: SOLIDITY_SHOULD_NOT_BE_PURE
patternId: 11314f
severity: 1
line: 499
column: 4
content: functionendsWith(slicememoryself,slicememoryneedle)internalpurereturns(bool){if(self._len<needle._len){returnfalse;}uintselfptr=self._ptr+self._len-needle._len;if(selfptr==needle._ptr){returntrue;}boolequal;assembly{letlength:=mload(needle)letneedleptr:=mload(add(needle,0x20))equal:=eq(keccak256(selfptr,length),keccak256(needleptr,length))}returnequal;}

ruleId: SOLIDITY_SHOULD_NOT_BE_PURE
patternId: 11314f
severity: 1
line: 527
column: 4
content: functionuntil(slicememoryself,slicememoryneedle)internalpurereturns(slicememory){if(self._len<needle._len){returnself;}uintselfptr=self._ptr+self._len-needle._len;boolequal=true;if(selfptr!=needle._ptr){assembly{letlength:=mload(needle)letneedleptr:=mload(add(needle,0x20))equal:=eq(keccak256(selfptr,length),keccak256(needleptr,length))}}if(equal){self._len-=needle._len;}returnself;}

ruleId: SOLIDITY_SHOULD_NOT_BE_PURE
patternId: 11314f
severity: 1
line: 551
column: 4
content: functionfindPtr(uintselflen,uintselfptr,uintneedlelen,uintneedleptr)privatepurereturns(uint){uintptr=selfptr;uintidx;if(needlelen<=selflen){if(needlelen<=32){bytes32mask=bytes32(~(2**(8*(32-needlelen))-1));bytes32needledata;assembly{needledata:=and(mload(needleptr),mask)}uintend=selfptr+selflen-needlelen;bytes32ptrdata;assembly{ptrdata:=and(mload(ptr),mask)}while(ptrdata!=needledata){if(ptr>=end)returnselfptr+selflen;ptr++;assembly{ptrdata:=and(mload(ptr),mask)}}returnptr;}else{bytes32hash;assembly{hash:=keccak256(needleptr,needlelen)}for(idx=0;idx<=selflen-needlelen;idx++){bytes32testHash;assembly{testHash:=keccak256(ptr,needlelen)}if(hash==testHash)returnptr;ptr+=1;}}}returnselfptr+selflen;}

ruleId: SOLIDITY_SHOULD_NOT_BE_PURE
patternId: 11314f
severity: 1
line: 592
column: 4
content: functionrfindPtr(uintselflen,uintselfptr,uintneedlelen,uintneedleptr)privatepurereturns(uint){uintptr;if(needlelen<=selflen){if(needlelen<=32){bytes32mask=bytes32(~(2**(8*(32-needlelen))-1));bytes32needledata;assembly{needledata:=and(mload(needleptr),mask)}ptr=selfptr+selflen-needlelen;bytes32ptrdata;assembly{ptrdata:=and(mload(ptr),mask)}while(ptrdata!=needledata){if(ptr<=selfptr)returnselfptr;ptr--;assembly{ptrdata:=and(mload(ptr),mask)}}returnptr+needlelen;}else{bytes32hash;assembly{hash:=keccak256(needleptr,needlelen)}ptr=selfptr+(selflen-needlelen);while(ptr>=selfptr){bytes32testHash;assembly{testHash:=keccak256(ptr,needlelen)}if(hash==testHash)returnptr+needlelen;ptr-=1;}}}returnselfptr;}

ruleId: SOLIDITY_SHOULD_NOT_BE_PURE
patternId: 11314f
severity: 1
line: 763
column: 4
content: functionconcat(slicememoryself,slicememoryother)internalpurereturns(stringmemory){stringmemoryret=newstring(self._len+other._len);uintretptr;assembly{retptr:=add(ret,32)}memcpy(retptr,self._ptr,self._len);memcpy(retptr+self._len,other._ptr,other._len);returnret;}

ruleId: SOLIDITY_SHOULD_NOT_BE_PURE
patternId: 11314f
severity: 1
line: 780
column: 4
content: functionjoin(slicememoryself,slice[]memoryparts)internalpurereturns(stringmemory){if(parts.length==0)return"";uintlength=self._len*(parts.length-1);for(uinti=0;i<parts.length;i++)length+=parts[i]._len;stringmemoryret=newstring(length);uintretptr;assembly{retptr:=add(ret,32)}for(i=0;i<parts.length;i++){memcpy(retptr,parts[i]._ptr,parts[i]._len);retptr+=parts[i]._len;if(i<parts.length-1){memcpy(retptr,self._ptr,self._len);retptr+=self._len;}}returnret;}

ruleId: SOLIDITY_SHOULD_NOT_BE_VIEW
patternId: 189abf
severity: 1
line: 1040
column: 2
content: functionisContract(address_addr)internalviewreturns(bool){uint256size;assembly{size:=extcodesize(_addr)}returnsize>0;}

ruleId: SOLIDITY_UPGRADE_TO_050
patternId: 341gim
severity: 1
line: 901
column: 4
content: bytes_data

ruleId: SOLIDITY_UPGRADE_TO_050
patternId: 341gim
severity: 1
line: 931
column: 59
content: string

ruleId: SOLIDITY_UPGRADE_TO_050
patternId: 341gim
severity: 1
line: 972
column: 4
content: bytes_data

ruleId: SOLIDITY_UPGRADE_TO_050
patternId: 341gim
severity: 1
line: 1289
column: 4
content: bytes_data

ruleId: SOLIDITY_UPGRADE_TO_050
patternId: 341gim
severity: 1
line: 1395
column: 4
content: bytes_data

ruleId: SOLIDITY_UPGRADE_TO_050
patternId: 341gim
severity: 1
line: 1441
column: 14
content: string_name

ruleId: SOLIDITY_UPGRADE_TO_050
patternId: 341gim
severity: 1
line: 1441
column: 28
content: string_symbol

ruleId: SOLIDITY_UPGRADE_TO_050
patternId: 341gim
severity: 1
line: 1471
column: 59
content: string

ruleId: SOLIDITY_UPGRADE_TO_050
patternId: 341gim
severity: 1
line: 1519
column: 42
content: string_uri

ruleId: SOLIDITY_UPGRADE_TO_050
patternId: 341gim
severity: 1
line: 1719
column: 25
content: string_a

ruleId: SOLIDITY_UPGRADE_TO_050
patternId: 341gim
severity: 1
line: 1719
column: 36
content: string_b

ruleId: SOLIDITY_UPGRADE_TO_050
patternId: 341gim
severity: 1
line: 1719
column: 69
content: string

ruleId: SOLIDITY_UPGRADE_TO_050
patternId: 341gim
severity: 1
line: 1727
column: 52
content: string

ruleId: SOLIDITY_UPGRADE_TO_050
patternId: 341gim
severity: 1
line: 1766
column: 30
content: string_newBaseURI

ruleId: SOLIDITY_UPGRADE_TO_050
patternId: 341gim
severity: 1
line: 1778
column: 27
content: string_newBaseURI

ruleId: SOLIDITY_UPGRADE_TO_050
patternId: 341gim
severity: 1
line: 1805
column: 37
content: string_name

ruleId: SOLIDITY_UPGRADE_TO_050
patternId: 341gim
severity: 1
line: 1805
column: 83
content: uint[]_statsMin

ruleId: SOLIDITY_UPGRADE_TO_050
patternId: 341gim
severity: 1
line: 1805
column: 101
content: uint[]_statsMax

ruleId: SOLIDITY_UPGRADE_TO_050
patternId: 341gim
severity: 1
line: 1805
column: 135
content: string_hostfile

ruleId: SOLIDITY_UPGRADE_TO_050
patternId: 341gim
severity: 1
line: 1805
column: 171
content: string_desc

ruleId: SOLIDITY_UPGRADE_TO_050
patternId: 341gim
severity: 1
line: 1889
column: 65
content: uint[]statsMin

ruleId: SOLIDITY_UPGRADE_TO_050
patternId: 341gim
severity: 1
line: 1889
column: 82
content: uint[]statsMax

ruleId: SOLIDITY_UPGRADE_TO_050
patternId: 341gim
severity: 1
line: 1900
column: 104
content: uint[]stats

ruleId: SOLIDITY_UPGRADE_TO_050
patternId: 341gim
severity: 1
line: 1909
column: 84
content: uint[]category

ruleId: SOLIDITY_UPGRADE_TO_050
patternId: 341gim
severity: 1
line: 1927
column: 41
content: string_name

ruleId: SOLIDITY_UPGRADE_TO_050
patternId: 341gim
severity: 1
line: 1927
column: 87
content: uint[]_statsMin

ruleId: SOLIDITY_UPGRADE_TO_050
patternId: 341gim
severity: 1
line: 1927
column: 105
content: uint[]_statsMax

ruleId: SOLIDITY_UPGRADE_TO_050
patternId: 341gim
severity: 1
line: 1927
column: 139
content: string_hostfile

ruleId: SOLIDITY_UPGRADE_TO_050
patternId: 341gim
severity: 1
line: 1927
column: 175
content: string_desc

ruleId: SOLIDITY_UPGRADE_TO_050
patternId: 341gim
severity: 1
line: 1960
column: 59
content: string_uri

ruleId: SOLIDITY_USING_INLINE_ASSEMBLY
patternId: 109cd5
severity: 1
line: 135
column: 12
content: assembly{mstore(dest,mload(src))}

ruleId: SOLIDITY_USING_INLINE_ASSEMBLY
patternId: 109cd5
severity: 1
line: 144
column: 8
content: assembly{letsrcpart:=and(mload(src),not(mask))letdestpart:=and(mload(dest),mask)mstore(dest,or(destpart,srcpart))}

ruleId: SOLIDITY_USING_INLINE_ASSEMBLY
patternId: 109cd5
severity: 1
line: 158
column: 8
content: assembly{ptr:=add(self,0x20)}

ruleId: SOLIDITY_USING_INLINE_ASSEMBLY
patternId: 109cd5
severity: 1
line: 204
column: 8
content: assembly{letptr:=mload(0x40)mstore(0x40,add(ptr,0x20))mstore(ptr,self)mstore(add(ret,0x20),ptr)}

ruleId: SOLIDITY_USING_INLINE_ASSEMBLY
patternId: 109cd5
severity: 1
line: 230
column: 8
content: assembly{retptr:=add(ret,32)}

ruleId: SOLIDITY_USING_INLINE_ASSEMBLY
patternId: 109cd5
severity: 1
line: 250
column: 12
content: assembly{b:=and(mload(ptr),0xFF)}

ruleId: SOLIDITY_USING_INLINE_ASSEMBLY
patternId: 109cd5
severity: 1
line: 295
column: 12
content: assembly{a:=mload(selfptr)b:=mload(otherptr)}

ruleId: SOLIDITY_USING_INLINE_ASSEMBLY
patternId: 109cd5
severity: 1
line: 343
column: 8
content: assembly{b:=and(mload(sub(mload(add(self,32)),31)),0xFF)}

ruleId: SOLIDITY_USING_INLINE_ASSEMBLY
patternId: 109cd5
severity: 1
line: 393
column: 8
content: assembly{word:=mload(mload(add(self,32)))}

ruleId: SOLIDITY_USING_INLINE_ASSEMBLY
patternId: 109cd5
severity: 1
line: 433
column: 8
content: assembly{ret:=keccak256(mload(add(self,32)),mload(self))}

ruleId: SOLIDITY_USING_INLINE_ASSEMBLY
patternId: 109cd5
severity: 1
line: 454
column: 8
content: assembly{letlength:=mload(needle)letselfptr:=mload(add(self,0x20))letneedleptr:=mload(add(needle,0x20))equal:=eq(keccak256(selfptr,length),keccak256(needleptr,length))}

ruleId: SOLIDITY_USING_INLINE_ASSEMBLY
patternId: 109cd5
severity: 1
line: 477
column: 12
content: assembly{letlength:=mload(needle)letselfptr:=mload(add(self,0x20))letneedleptr:=mload(add(needle,0x20))equal:=eq(keccak256(selfptr,length),keccak256(needleptr,length))}

ruleId: SOLIDITY_USING_INLINE_ASSEMBLY
patternId: 109cd5
severity: 1
line: 511
column: 8
content: assembly{letlength:=mload(needle)letneedleptr:=mload(add(needle,0x20))equal:=eq(keccak256(selfptr,length),keccak256(needleptr,length))}

ruleId: SOLIDITY_USING_INLINE_ASSEMBLY
patternId: 109cd5
severity: 1
line: 535
column: 12
content: assembly{letlength:=mload(needle)letneedleptr:=mload(add(needle,0x20))equal:=eq(keccak256(selfptr,length),keccak256(needleptr,length))}

ruleId: SOLIDITY_USING_INLINE_ASSEMBLY
patternId: 109cd5
severity: 1
line: 560
column: 16
content: assembly{needledata:=and(mload(needleptr),mask)}

ruleId: SOLIDITY_USING_INLINE_ASSEMBLY
patternId: 109cd5
severity: 1
line: 564
column: 16
content: assembly{ptrdata:=and(mload(ptr),mask)}

ruleId: SOLIDITY_USING_INLINE_ASSEMBLY
patternId: 109cd5
severity: 1
line: 570
column: 20
content: assembly{ptrdata:=and(mload(ptr),mask)}

ruleId: SOLIDITY_USING_INLINE_ASSEMBLY
patternId: 109cd5
severity: 1
line: 576
column: 16
content: assembly{hash:=keccak256(needleptr,needlelen)}

ruleId: SOLIDITY_USING_INLINE_ASSEMBLY
patternId: 109cd5
severity: 1
line: 580
column: 20
content: assembly{testHash:=keccak256(ptr,needlelen)}

ruleId: SOLIDITY_USING_INLINE_ASSEMBLY
patternId: 109cd5
severity: 1
line: 600
column: 16
content: assembly{needledata:=and(mload(needleptr),mask)}

ruleId: SOLIDITY_USING_INLINE_ASSEMBLY
patternId: 109cd5
severity: 1
line: 604
column: 16
content: assembly{ptrdata:=and(mload(ptr),mask)}

ruleId: SOLIDITY_USING_INLINE_ASSEMBLY
patternId: 109cd5
severity: 1
line: 610
column: 20
content: assembly{ptrdata:=and(mload(ptr),mask)}

ruleId: SOLIDITY_USING_INLINE_ASSEMBLY
patternId: 109cd5
severity: 1
line: 616
column: 16
content: assembly{hash:=keccak256(needleptr,needlelen)}

ruleId: SOLIDITY_USING_INLINE_ASSEMBLY
patternId: 109cd5
severity: 1
line: 620
column: 20
content: assembly{testHash:=keccak256(ptr,needlelen)}

ruleId: SOLIDITY_USING_INLINE_ASSEMBLY
patternId: 109cd5
severity: 1
line: 766
column: 8
content: assembly{retptr:=add(ret,32)}

ruleId: SOLIDITY_USING_INLINE_ASSEMBLY
patternId: 109cd5
severity: 1
line: 790
column: 8
content: assembly{retptr:=add(ret,32)}

ruleId: SOLIDITY_VISIBILITY
patternId: b51ce0
severity: 1
line: 5
column: 4
content: address[]moderatorsArray;

ruleId: SOLIDITY_VISIBILITY
patternId: b51ce0
severity: 1
line: 7
column: 4
content: mapping(address=>bool)moderators;

ruleId: SOLIDITY_VISIBILITY
patternId: b51ce0
severity: 1
line: 1659
column: 4
content: addressproxyRegistryAddress;

ruleId: SOLIDITY_VISIBILITY
patternId: b51ce0
severity: 1
line: 1669
column: 4
content: string_baseURI="http://api.chainbreakers.io/api/v1/items/metadata?tokenId=";

ruleId: SOLIDITY_VISIBILITY
patternId: b51ce0
severity: 1
line: 1712
column: 4
content: MANAInterfaceMANAContract;

SOLIDITY_VISIBILITY :5
SOLIDITY_PRAGMAS_VERSION :1
SOLIDITY_ARRAY_LENGTH_MANIPULATION :3
SOLIDITY_FUNCTIONS_RETURNS_TYPE_AND_NO_RETURN :5
SOLIDITY_PRIVATE_MODIFIER_DONT_HIDE_DATA :3
SOLIDITY_EXTRA_GAS_IN_LOOPS :6
SOLIDITY_ADDRESS_HARDCODED :37
SOLIDITY_UPGRADE_TO_050 :30
SOLIDITY_GAS_LIMIT_IN_LOOPS :9
SOLIDITY_SHOULD_NOT_BE_PURE :17
SOLIDITY_ERC20_APPROVE :1
SOLIDITY_SAFEMATH :2
SOLIDITY_USING_INLINE_ASSEMBLY :26
SOLIDITY_SHOULD_NOT_BE_VIEW :1