INFO:Slither:Compilation warnings/errors on /unique_chucks/15/0xb8595127620e4b9b5a11cda75766ab87a0e2cd7f.sol:
/unique_chucks/15/0xb8595127620e4b9b5a11cda75766ab87a0e2cd7f.sol:44:7: Warning: "throw" is deprecated in favour of "revert()", "require()" and "assert()".
      throw;
      ^---^
/unique_chucks/15/0xb8595127620e4b9b5a11cda75766ab87a0e2cd7f.sol:71:8: Warning: "throw" is deprecated in favour of "revert()", "require()" and "assert()".
       throw;
       ^---^
/unique_chucks/15/0xb8595127620e4b9b5a11cda75766ab87a0e2cd7f.sol:88:5: Warning: Use of the "var" keyword is deprecated.
    var _allowance = allowed[_from][msg.sender];
    ^------------^
/unique_chucks/15/0xb8595127620e4b9b5a11cda75766ab87a0e2cd7f.sol:100:64: Warning: "throw" is deprecated in favour of "revert()", "require()" and "assert()".
    if ((_value != 0) && (allowed[msg.sender][_spender] != 0)) throw;
                                                               ^---^
/unique_chucks/15/0xb8595127620e4b9b5a11cda75766ab87a0e2cd7f.sol:115:3: Warning: Defining constructors as functions with the same name as the contract is deprecated. Use "constructor(...) { ... }" instead.
  function RealtyCoin () { 
  ^ (Relevant source part starts here and spans across multiple lines).
/unique_chucks/15/0xb8595127620e4b9b5a11cda75766ab87a0e2cd7f.sol:42:3: Warning: This declaration shadows a builtin symbol.
  function assert(bool assertion) internal {
  ^ (Relevant source part starts here and spans across multiple lines).
/unique_chucks/15/0xb8595127620e4b9b5a11cda75766ab87a0e2cd7f.sol:78:5: Warning: Invoking events without "emit" prefix is deprecated.
    Transfer(msg.sender, _to, _value);
    ^-------------------------------^
/unique_chucks/15/0xb8595127620e4b9b5a11cda75766ab87a0e2cd7f.sol:94:5: Warning: Invoking events without "emit" prefix is deprecated.
    Transfer(_from, _to, _value);
    ^--------------------------^
/unique_chucks/15/0xb8595127620e4b9b5a11cda75766ab87a0e2cd7f.sol:102:5: Warning: Invoking events without "emit" prefix is deprecated.
    Approval(msg.sender, _spender, _value);
    ^------------------------------------^
/unique_chucks/15/0xb8595127620e4b9b5a11cda75766ab87a0e2cd7f.sol:119:9: Warning: Invoking events without "emit" prefix is deprecated.
        Transfer(0, this, totalSupply);
        ^----------------------------^
/unique_chucks/15/0xb8595127620e4b9b5a11cda75766ab87a0e2cd7f.sol:120:9: Warning: Invoking events without "emit" prefix is deprecated.
        Transfer(this, msg.sender, totalSupply);
        ^-------------------------------------^
/unique_chucks/15/0xb8595127620e4b9b5a11cda75766ab87a0e2cd7f.sol:51:3: Warning: No visibility specified. Defaulting to "public". 
  function balanceOf(address who) constant returns (uint);
  ^------------------------------------------------------^
/unique_chucks/15/0xb8595127620e4b9b5a11cda75766ab87a0e2cd7f.sol:52:3: Warning: No visibility specified. Defaulting to "public". 
  function transfer(address to, uint value);
  ^----------------------------------------^
/unique_chucks/15/0xb8595127620e4b9b5a11cda75766ab87a0e2cd7f.sol:56:3: Warning: No visibility specified. Defaulting to "public". 
  function allowance(address owner, address spender) constant returns (uint);
  ^-------------------------------------------------------------------------^
/unique_chucks/15/0xb8595127620e4b9b5a11cda75766ab87a0e2cd7f.sol:57:3: Warning: No visibility specified. Defaulting to "public". 
  function transferFrom(address from, address to, uint value);
  ^----------------------------------------------------------^
/unique_chucks/15/0xb8595127620e4b9b5a11cda75766ab87a0e2cd7f.sol:58:3: Warning: No visibility specified. Defaulting to "public". 
  function approve(address spender, uint value);
  ^--------------------------------------------^
/unique_chucks/15/0xb8595127620e4b9b5a11cda75766ab87a0e2cd7f.sol:75:3: Warning: No visibility specified. Defaulting to "public". 
  function transfer(address _to, uint _value) onlyPayloadSize(2 * 32) {
  ^ (Relevant source part starts here and spans across multiple lines).
/unique_chucks/15/0xb8595127620e4b9b5a11cda75766ab87a0e2cd7f.sol:80:3: Warning: No visibility specified. Defaulting to "public". 
  function balanceOf(address _owner) constant returns (uint balance) {
  ^ (Relevant source part starts here and spans across multiple lines).
/unique_chucks/15/0xb8595127620e4b9b5a11cda75766ab87a0e2cd7f.sol:87:3: Warning: No visibility specified. Defaulting to "public". 
  function transferFrom(address _from, address _to, uint _value) onlyPayloadSize(3 * 32) {
  ^ (Relevant source part starts here and spans across multiple lines).
/unique_chucks/15/0xb8595127620e4b9b5a11cda75766ab87a0e2cd7f.sol:96:3: Warning: No visibility specified. Defaulting to "public". 
  function approve(address _spender, uint _value) {
  ^ (Relevant source part starts here and spans across multiple lines).
/unique_chucks/15/0xb8595127620e4b9b5a11cda75766ab87a0e2cd7f.sol:104:3: Warning: No visibility specified. Defaulting to "public". 
  function allowance(address _owner, address _spender) constant returns (uint remaining) {
  ^ (Relevant source part starts here and spans across multiple lines).
/unique_chucks/15/0xb8595127620e4b9b5a11cda75766ab87a0e2cd7f.sol:115:3: Warning: No visibility specified. Defaulting to "public". 
  function RealtyCoin () { 
  ^ (Relevant source part starts here and spans across multiple lines).
/unique_chucks/15/0xb8595127620e4b9b5a11cda75766ab87a0e2cd7f.sol:30:3: Warning: Function state mutability can be restricted to pure
  function max64(uint64 a, uint64 b) internal constant returns (uint64) {
  ^ (Relevant source part starts here and spans across multiple lines).
/unique_chucks/15/0xb8595127620e4b9b5a11cda75766ab87a0e2cd7f.sol:33:3: Warning: Function state mutability can be restricted to pure
  function min64(uint64 a, uint64 b) internal constant returns (uint64) {
  ^ (Relevant source part starts here and spans across multiple lines).
/unique_chucks/15/0xb8595127620e4b9b5a11cda75766ab87a0e2cd7f.sol:36:3: Warning: Function state mutability can be restricted to pure
  function max256(uint256 a, uint256 b) internal constant returns (uint256) {
  ^ (Relevant source part starts here and spans across multiple lines).
/unique_chucks/15/0xb8595127620e4b9b5a11cda75766ab87a0e2cd7f.sol:39:3: Warning: Function state mutability can be restricted to pure
  function min256(uint256 a, uint256 b) internal constant returns (uint256) {
  ^ (Relevant source part starts here and spans across multiple lines).
/unique_chucks/15/0xb8595127620e4b9b5a11cda75766ab87a0e2cd7f.sol:42:3: Warning: Function state mutability can be restricted to pure
  function assert(bool assertion) internal {
  ^ (Relevant source part starts here and spans across multiple lines).

INFO:Detectors:[93m
ERC20Basic (/unique_chucks/15/0xb8595127620e4b9b5a11cda75766ab87a0e2cd7f.sol#50-56) has incorrect ERC20 function interface(s):
	-transfer (/unique_chucks/15/0xb8595127620e4b9b5a11cda75766ab87a0e2cd7f.sol#53)
ERC20 (/unique_chucks/15/0xb8595127620e4b9b5a11cda75766ab87a0e2cd7f.sol#56-64) has incorrect ERC20 function interface(s):
	-transferFrom (/unique_chucks/15/0xb8595127620e4b9b5a11cda75766ab87a0e2cd7f.sol#57-59)
	-approve (/unique_chucks/15/0xb8595127620e4b9b5a11cda75766ab87a0e2cd7f.sol#59)
newToken (/unique_chucks/15/0xb8595127620e4b9b5a11cda75766ab87a0e2cd7f.sol#64-86) has incorrect ERC20 function interface(s):
	-transfer (/unique_chucks/15/0xb8595127620e4b9b5a11cda75766ab87a0e2cd7f.sol#76-81)
RTC (/unique_chucks/15/0xb8595127620e4b9b5a11cda75766ab87a0e2cd7f.sol#86-111) has incorrect ERC20 function interface(s):
	-transferFrom (/unique_chucks/15/0xb8595127620e4b9b5a11cda75766ab87a0e2cd7f.sol#87-97)
	-approve (/unique_chucks/15/0xb8595127620e4b9b5a11cda75766ab87a0e2cd7f.sol#97-105)
Reference: https://github.com/trailofbits/slither/wiki/Detectors-Documentation#incorrect-erc20-interface[0m
INFO:Detectors:[92m
SafeMath.assert (function @ /unique_chucks/15/0xb8595127620e4b9b5a11cda75766ab87a0e2cd7f.sol#42-50) shadows built-in symbol "assert"
Reference: https://github.com/trailofbits/slither/wiki/Detectors-Documentation#builtin-symbol-shadowing[0m
INFO:Detectors:[92m
Deprecated standard detected @ /unique_chucks/15/0xb8595127620e4b9b5a11cda75766ab87a0e2cd7f.sol#50:
	- Usage of "throw" should be replaced with "revert()"
Deprecated standard detected @ /unique_chucks/15/0xb8595127620e4b9b5a11cda75766ab87a0e2cd7f.sol#75:
	- Usage of "throw" should be replaced with "revert()"
Deprecated standard detected @ /unique_chucks/15/0xb8595127620e4b9b5a11cda75766ab87a0e2cd7f.sol#104:
	- Usage of "throw" should be replaced with "revert()"
Reference: https://github.com/trailofbits/slither/wiki/Detectors-Documentation#deprecated-standards[0m
INFO:Detectors:[92m
ERC20Basic.balanceOf (/unique_chucks/15/0xb8595127620e4b9b5a11cda75766ab87a0e2cd7f.sol#51-53) should be declared external
newToken.balanceOf (/unique_chucks/15/0xb8595127620e4b9b5a11cda75766ab87a0e2cd7f.sol#81-86) should be declared external
newToken.transfer (/unique_chucks/15/0xb8595127620e4b9b5a11cda75766ab87a0e2cd7f.sol#76-81) should be declared external
ERC20Basic.transfer (/unique_chucks/15/0xb8595127620e4b9b5a11cda75766ab87a0e2cd7f.sol#53) should be declared external
ERC20.allowance (/unique_chucks/15/0xb8595127620e4b9b5a11cda75766ab87a0e2cd7f.sol#56-57) should be declared external
RTC.allowance (/unique_chucks/15/0xb8595127620e4b9b5a11cda75766ab87a0e2cd7f.sol#105-111) should be declared external
ERC20.transferFrom (/unique_chucks/15/0xb8595127620e4b9b5a11cda75766ab87a0e2cd7f.sol#57-59) should be declared external
RTC.transferFrom (/unique_chucks/15/0xb8595127620e4b9b5a11cda75766ab87a0e2cd7f.sol#87-97) should be declared external
ERC20.approve (/unique_chucks/15/0xb8595127620e4b9b5a11cda75766ab87a0e2cd7f.sol#59) should be declared external
RTC.approve (/unique_chucks/15/0xb8595127620e4b9b5a11cda75766ab87a0e2cd7f.sol#97-105) should be declared external
Reference: https://github.com/trailofbits/slither/wiki/Detectors-Documentation#public-function-that-could-be-declared-as-external[0m
INFO:Detectors:[92m
Detected issues with version pragma in /unique_chucks/15/0xb8595127620e4b9b5a11cda75766ab87a0e2cd7f.sol:
	- pragma solidity^0.4.18 (/unique_chucks/15/0xb8595127620e4b9b5a11cda75766ab87a0e2cd7f.sol#1): it allows old versions
Reference: https://github.com/trailofbits/slither/wiki/Detectors-Documentation#incorrect-version-of-solidity[0m
INFO:Detectors:[92m
Contract 'newToken' (/unique_chucks/15/0xb8595127620e4b9b5a11cda75766ab87a0e2cd7f.sol#64-86) is not in CapWords
Parameter '_owner' of newToken.balanceOf (/unique_chucks/15/0xb8595127620e4b9b5a11cda75766ab87a0e2cd7f.sol#82-85) is not in mixedCase
Parameter '_to' of newToken.transfer (/unique_chucks/15/0xb8595127620e4b9b5a11cda75766ab87a0e2cd7f.sol#76) is not in mixedCase
Parameter '_value' of newToken.transfer (/unique_chucks/15/0xb8595127620e4b9b5a11cda75766ab87a0e2cd7f.sol#76) is not in mixedCase
Parameter '_owner' of RTC.allowance (/unique_chucks/15/0xb8595127620e4b9b5a11cda75766ab87a0e2cd7f.sol#105-109) is not in mixedCase
Parameter '_spender' of RTC.allowance (/unique_chucks/15/0xb8595127620e4b9b5a11cda75766ab87a0e2cd7f.sol#109) is not in mixedCase
Parameter '_from' of RTC.transferFrom (/unique_chucks/15/0xb8595127620e4b9b5a11cda75766ab87a0e2cd7f.sol#88) is not in mixedCase
Parameter '_to' of RTC.transferFrom (/unique_chucks/15/0xb8595127620e4b9b5a11cda75766ab87a0e2cd7f.sol#88) is not in mixedCase
Parameter '_value' of RTC.transferFrom (/unique_chucks/15/0xb8595127620e4b9b5a11cda75766ab87a0e2cd7f.sol#88-89) is not in mixedCase
Parameter '_spender' of RTC.approve (/unique_chucks/15/0xb8595127620e4b9b5a11cda75766ab87a0e2cd7f.sol#97-98) is not in mixedCase
Parameter '_value' of RTC.approve (/unique_chucks/15/0xb8595127620e4b9b5a11cda75766ab87a0e2cd7f.sol#98) is not in mixedCase
Function 'RealtyCoin.RealtyCoin' (/unique_chucks/15/0xb8595127620e4b9b5a11cda75766ab87a0e2cd7f.sol#117-122) is not in mixedCase
Reference: https://github.com/trailofbits/slither/wiki/Detectors-Documentation#conformance-to-solidity-naming-conventions[0m
INFO:Slither:/unique_chucks/15/0xb8595127620e4b9b5a11cda75766ab87a0e2cd7f.sol analyzed (6 contracts), 31 result(s) found