2019-07-24 13:55:56,086: [13] m.main:INFO: Registered plugins: DetectReentrancySimple, DetectInvalid, DetectUnusedRetVal, DetectUninitializedStorage, DetectExternalCallAndLeak, DetectSuicidal, DetectUninitializedMemory, DetectReentrancyAdvanced, DetectDelegatecall, DetectIntegerOverflow, DetectEnvInstruction
2019-07-24 13:55:56,086: [13] m.main:INFO: Beginning analysis
2019-07-24 13:55:56,103: [13] m.e.manticore:INFO: Starting symbolic create contract
2019-07-24 13:55:57,699: [13] m.e.manticore:INFO: Starting symbolic transaction: 0
2019-07-24 13:55:58,873: [13] m.e.manticore:INFO: 0 alive states, 2 terminated states
2019-07-24 13:55:59,008: [13] m.e.manticore:INFO: Starting symbolic transaction: 1
2019-07-24 13:55:59,207: [583] m.c.manticore:INFO: Generated testcase No. 0 - RETURN(1 txs)
2019-07-24 13:55:59,239: [587] m.c.manticore:INFO: Generated testcase No. 1 - REVERT(2 txs)
2019-07-24 13:56:00,487: [13] m.c.manticore:INFO: Results in /mcore_4_8ojur1
2019-07-24 13:56:01,691: [898] m.main:INFO: Registered plugins: DetectUninitializedMemory, DetectUnusedRetVal, DetectReentrancySimple, DetectExternalCallAndLeak, DetectEnvInstruction, DetectDelegatecall, DetectReentrancyAdvanced, DetectInvalid, DetectSuicidal, DetectUninitializedStorage, DetectIntegerOverflow
2019-07-24 13:56:01,691: [898] m.main:INFO: Beginning analysis
2019-07-24 13:56:01,700: [898] m.e.manticore:INFO: Starting symbolic create contract
2019-07-24 13:56:04,606: [898] m.e.manticore:INFO: Starting symbolic transaction: 0
2019-07-24 13:56:08,765: [898] m.e.manticore:INFO: 1 alive states, 5 terminated states
2019-07-24 13:56:09,798: [898] m.e.manticore:INFO: Starting symbolic transaction: 1
2019-07-24 13:56:14,193: [898] m.e.manticore:INFO: 1 alive states, 10 terminated states
2019-07-24 13:56:15,274: [2407] m.c.manticore:INFO: Generated testcase No. 0 - RETURN(3 txs)
2019-07-24 13:56:15,377: [2419] m.c.manticore:INFO: Generated testcase No. 2 - REVERT(2 txs)
2019-07-24 13:56:15,428: [2408] m.c.manticore:INFO: Generated testcase No. 1 - RETURN(1 txs)
2019-07-24 13:56:15,434: [2410] m.c.manticore:INFO: Generated testcase No. 4 - REVERT(2 txs)
2019-07-24 13:56:15,463: [2412] m.c.manticore:INFO: Generated testcase No. 3 - REVERT(2 txs)
2019-07-24 13:56:15,659: [2421] m.c.manticore:INFO: Generated testcase No. 5 - REVERT(2 txs)
2019-07-24 13:56:15,736: [2414] m.c.manticore:INFO: Generated testcase No. 6 - RETURN(2 txs)
2019-07-24 13:56:15,754: [2417] m.c.manticore:INFO: Generated testcase No. 7 - REVERT(3 txs)
2019-07-24 13:56:15,932: [2422] m.c.manticore:INFO: Generated testcase No. 8 - REVERT(3 txs)
2019-07-24 13:56:15,960: [2425] m.c.manticore:INFO: Generated testcase No. 9 - REVERT(3 txs)
2019-07-24 13:56:33,220: [2408] m.c.manticore:INFO: Generated testcase No. 10 - REVERT(3 txs)
2019-07-24 13:56:39,900: [898] m.c.manticore:INFO: Results in /mcore_xyyki_u5
2019-07-24 13:56:42,000: [3034] m.main:INFO: Registered plugins: DetectInvalid, DetectUnusedRetVal, DetectReentrancySimple, DetectDelegatecall, DetectSuicidal, DetectEnvInstruction, DetectUninitializedStorage, DetectReentrancyAdvanced, DetectExternalCallAndLeak, DetectUninitializedMemory, DetectIntegerOverflow
2019-07-24 13:56:42,001: [3034] m.main:INFO: Beginning analysis
2019-07-24 13:56:42,010: [3034] m.e.manticore:INFO: Starting symbolic create contract
2019-07-24 13:56:45,783: [3034] m.e.manticore:INFO: Starting symbolic transaction: 0
2019-07-24 13:56:53,969: [3034] m.e.manticore:INFO: 2 alive states, 10 terminated states
2019-07-24 13:56:55,529: [3034] m.e.manticore:INFO: Starting symbolic transaction: 1
2019-07-24 13:57:13,997: [3034] m.e.manticore:INFO: 4 alive states, 30 terminated states
2019-07-24 13:57:16,115: [6047] m.c.manticore:INFO: Generated testcase No. 0 - RETURN(3 txs)
2019-07-24 13:57:16,136: [6045] m.c.manticore:INFO: Generated testcase No. 1 - RETURN(3 txs)
2019-07-24 13:57:16,251: [6043] m.c.manticore:INFO: Generated testcase No. 2 - RETURN(3 txs)
2019-07-24 13:57:16,424: [6051] m.c.manticore:INFO: Generated testcase No. 3 - RETURN(1 txs)
2019-07-24 13:57:16,376: [6057] m.c.manticore:INFO: Generated testcase No. 6 - REVERT(2 txs)
2019-07-24 13:57:16,426: [6053] m.c.manticore:INFO: Generated testcase No. 5 - REVERT(2 txs)
2019-07-24 13:57:16,528: [6072] m.c.manticore:INFO: Generated testcase No. 7 - REVERT(2 txs)
2019-07-24 13:57:16,553: [6065] m.c.manticore:INFO: Generated testcase No. 8 - REVERT(2 txs)
2019-07-24 13:57:16,631: [6068] m.c.manticore:INFO: Generated testcase No. 9 - REVERT(2 txs)
2019-07-24 13:57:16,632: [6048] m.c.manticore:INFO: Generated testcase No. 4 - RETURN(3 txs)
2019-07-24 13:57:43,629: [6051] m.c.manticore:INFO: Generated testcase No. 10 - REVERT(2 txs)
2019-07-24 13:57:47,722: [6065] m.c.manticore:INFO: Generated testcase No. 11 - REVERT(2 txs)
2019-07-24 13:57:48,480: [6057] m.c.manticore:INFO: Generated testcase No. 12 - REVERT(2 txs)
2019-07-24 13:57:50,631: [6072] m.c.manticore:INFO: Generated testcase No. 13 - REVERT(2 txs)
2019-07-24 13:57:51,075: [6047] m.c.manticore:INFO: Generated testcase No. 14 - RETURN(2 txs)
2019-07-24 13:57:52,652: [6053] m.c.manticore:INFO: Generated testcase No. 15 - RETURN(2 txs)
2019-07-24 13:57:54,252: [6068] m.c.manticore:INFO: Generated testcase No. 16 - REVERT(3 txs)
2019-07-24 13:57:55,632: [6048] m.c.manticore:INFO: Generated testcase No. 17 - REVERT(3 txs)
2019-07-24 13:57:58,859: [6045] m.c.manticore:INFO: Generated testcase No. 18 - REVERT(3 txs)
2019-07-24 13:58:00,732: [6043] m.c.manticore:INFO: Generated testcase No. 19 - REVERT(3 txs)
2019-07-24 13:58:13,750: [6065] m.c.manticore:INFO: Generated testcase No. 20 - REVERT(3 txs)
2019-07-24 13:58:17,768: [6051] m.c.manticore:INFO: Generated testcase No. 21 - REVERT(3 txs)
2019-07-24 13:58:18,116: [6057] m.c.manticore:INFO: Generated testcase No. 22 - REVERT(3 txs)
2019-07-24 13:58:23,155: [6047] m.c.manticore:INFO: Generated testcase No. 23 - REVERT(3 txs)
2019-07-24 13:58:23,550: [6072] m.c.manticore:INFO: Generated testcase No. 24 - REVERT(3 txs)
2019-07-24 13:58:30,044: [6053] m.c.manticore:INFO: Generated testcase No. 25 - REVERT(3 txs)
2019-07-24 13:58:33,570: [6068] m.c.manticore:INFO: Generated testcase No. 26 - REVERT(3 txs)
2019-07-24 13:58:34,331: [6048] m.c.manticore:INFO: Generated testcase No. 27 - REVERT(3 txs)
2019-07-24 13:58:37,648: [6043] m.c.manticore:INFO: Generated testcase No. 28 - REVERT(3 txs)
2019-07-24 13:58:41,767: [6045] m.c.manticore:INFO: Generated testcase No. 29 - REVERT(3 txs)
2019-07-24 13:58:58,968: [6057] m.c.manticore:INFO: Generated testcase No. 30 - REVERT(3 txs)
2019-07-24 13:58:59,835: [6072] m.c.manticore:INFO: Generated testcase No. 31 - REVERT(3 txs)
2019-07-24 13:59:00,060: [6065] m.c.manticore:INFO: Generated testcase No. 32 - REVERT(3 txs)
2019-07-24 13:59:01,063: [6051] m.c.manticore:INFO: Generated testcase No. 33 - REVERT(3 txs)
2019-07-24 13:59:23,284: [3034] m.c.manticore:INFO: Results in /mcore_m7i99663
2019-07-24 13:59:26,681: [7424] m.main:INFO: Registered plugins: DetectReentrancySimple, DetectInvalid, DetectDelegatecall, DetectEnvInstruction, DetectExternalCallAndLeak, DetectUninitializedStorage, DetectIntegerOverflow, DetectReentrancyAdvanced, DetectSuicidal, DetectUninitializedMemory, DetectUnusedRetVal
2019-07-24 13:59:26,681: [7424] m.main:INFO: Beginning analysis
2019-07-24 13:59:26,692: [7424] m.e.manticore:INFO: Starting symbolic create contract
2019-07-24 13:59:27,094: [7468] m.c.manticore:INFO: Generated testcase No. 0 - NO STATE RESULT (?)(0 txs)
2019-07-24 13:59:27,601: [7424] m.c.manticore:INFO: Results in /mcore_ournlp_v
2019-07-24 13:59:28,521: [7727] m.main:INFO: Registered plugins: DetectEnvInstruction, DetectReentrancyAdvanced, DetectDelegatecall, DetectUninitializedStorage, DetectInvalid, DetectUninitializedMemory, DetectSuicidal, DetectUnusedRetVal, DetectExternalCallAndLeak, DetectIntegerOverflow, DetectReentrancySimple
2019-07-24 13:59:28,522: [7727] m.main:INFO: Beginning analysis
2019-07-24 13:59:28,579: [7727] m.e.manticore:INFO: Starting symbolic create contract
2019-07-24 13:59:29,005: [7773] m.c.manticore:INFO: Generated testcase No. 0 - NO STATE RESULT (?)(0 txs)
2019-07-24 13:59:29,493: [7727] m.c.manticore:INFO: Results in /mcore_13otxpfq
2019-07-24 13:59:30,386: [8030] m.main:INFO: Registered plugins: DetectReentrancySimple, DetectInvalid, DetectUnusedRetVal, DetectReentrancyAdvanced, DetectExternalCallAndLeak, DetectUninitializedStorage, DetectIntegerOverflow, DetectSuicidal, DetectEnvInstruction, DetectUninitializedMemory, DetectDelegatecall
2019-07-24 13:59:30,387: [8030] m.main:INFO: Beginning analysis
2019-07-24 13:59:30,397: [8030] m.e.manticore:INFO: Starting symbolic create contract
2019-07-24 13:59:33,184: [8030] m.e.manticore:INFO: Starting symbolic transaction: 0
2019-07-24 13:59:40,377: [8326] m.e.detectors:WARNING: INVALID instruction
2019-07-24 13:59:57,392: [8030] m.e.manticore:INFO: 3 alive states, 7 terminated states
2019-07-24 13:59:58,830: [8030] m.e.manticore:INFO: Starting symbolic transaction: 1
2019-07-24 14:00:27,369: [9685] m.e.detectors:WARNING: INVALID instruction
2019-07-24 14:00:27,581: [9679] m.e.detectors:WARNING: INVALID instruction
2019-07-24 14:00:29,865: [9682] m.e.detectors:WARNING: INVALID instruction
2019-07-24 14:01:29,090: [8030] m.e.manticore:INFO: 9 alive states, 28 terminated states
2019-07-24 14:01:31,559: [13346] m.c.manticore:INFO: Generated testcase No. 0 - RETURN(3 txs)
2019-07-24 14:01:31,582: [13355] m.c.manticore:INFO: Generated testcase No. 3 - RETURN(3 txs)
2019-07-24 14:01:31,644: [13347] m.c.manticore:INFO: Generated testcase No. 2 - RETURN(3 txs)
2019-07-24 14:01:31,654: [13356] m.c.manticore:INFO: Generated testcase No. 4 - RETURN(3 txs)
2019-07-24 14:01:31,663: [13361] m.c.manticore:INFO: Generated testcase No. 5 - RETURN(3 txs)
2019-07-24 14:01:31,783: [13360] m.c.manticore:INFO: Generated testcase No. 1 - RETURN(3 txs)
2019-07-24 14:01:31,867: [13349] m.c.manticore:INFO: Generated testcase No. 6 - RETURN(3 txs)
2019-07-24 14:01:32,025: [13351] m.c.manticore:INFO: Generated testcase No. 7 - RETURN(3 txs)
2019-07-24 14:01:58,322: [13361] m.c.manticore:INFO: Generated testcase No. 8 - RETURN(3 txs)
2019-07-24 14:02:01,253: [13351] m.c.manticore:INFO: Generated testcase No. 9 - RETURN(1 txs)
2019-07-24 14:02:07,041: [13356] m.c.manticore:INFO: Generated testcase No. 10 - REVERT(2 txs)
2019-07-24 14:02:11,873: [13355] m.c.manticore:INFO: Generated testcase No. 11 - REVERT(2 txs)
2019-07-24 14:02:12,866: [13360] m.c.manticore:INFO: Generated testcase No. 12 - REVERT(2 txs)
2019-07-24 14:02:13,027: [13347] m.c.manticore:INFO: Generated testcase No. 13 - REVERT(2 txs)
2019-07-24 14:02:18,177: [13351] m.c.manticore:INFO: Generated testcase No. 14 - REVERT(2 txs)
2019-07-24 14:02:21,640: [13349] m.c.manticore:INFO: Generated testcase No. 15 - THROW(2 txs)
2019-07-24 14:02:26,834: [13361] m.c.manticore:INFO: Generated testcase No. 16 - RETURN(2 txs)
2019-07-24 14:02:28,975: [13356] m.c.manticore:INFO: Generated testcase No. 17 - RETURN(2 txs)
2019-07-24 14:02:34,237: [13355] m.c.manticore:INFO: Generated testcase No. 18 - RETURN(2 txs)
2019-07-24 14:02:35,236: [13347] m.c.manticore:INFO: Generated testcase No. 19 - REVERT(3 txs)
2019-07-24 14:02:38,640: [13360] m.c.manticore:INFO: Generated testcase No. 20 - REVERT(3 txs)
2019-07-24 14:02:40,535: [13351] m.c.manticore:INFO: Generated testcase No. 21 - REVERT(3 txs)
2019-07-24 14:02:44,263: [13346] m.c.manticore:INFO: Generated testcase No. 22 - REVERT(3 txs)
2019-07-24 14:02:47,784: [13349] m.c.manticore:INFO: Generated testcase No. 23 - REVERT(3 txs)
2019-07-24 14:02:50,643: [13361] m.c.manticore:INFO: Generated testcase No. 24 - REVERT(3 txs)
2019-07-24 14:02:54,149: [13356] m.c.manticore:INFO: Generated testcase No. 25 - REVERT(3 txs)
2019-07-24 14:03:05,764: [13355] m.c.manticore:INFO: Generated testcase No. 26 - REVERT(3 txs)
2019-07-24 14:03:06,875: [13351] m.c.manticore:INFO: Generated testcase No. 27 - REVERT(3 txs)
2019-07-24 14:03:07,430: [13347] m.c.manticore:INFO: Generated testcase No. 28 - REVERT(3 txs)
2019-07-24 14:03:09,733: [13360] m.c.manticore:INFO: Generated testcase No. 29 - REVERT(3 txs)
2019-07-24 14:03:12,845: [13346] m.c.manticore:INFO: Generated testcase No. 30 - REVERT(3 txs)
2019-07-24 14:03:17,160: [13361] m.c.manticore:INFO: Generated testcase No. 31 - REVERT(3 txs)
2019-07-24 14:03:22,448: [13356] m.c.manticore:INFO: Generated testcase No. 32 - REVERT(3 txs)
2019-07-24 14:03:25,913: [13349] m.c.manticore:INFO: Generated testcase No. 33 - REVERT(3 txs)
2019-07-24 14:03:37,271: [13351] m.c.manticore:INFO: Generated testcase No. 34 - THROW(3 txs)
2019-07-24 14:03:37,616: [13360] m.c.manticore:INFO: Generated testcase No. 35 - THROW(3 txs)
2019-07-24 14:03:43,063: [13355] m.c.manticore:INFO: Generated testcase No. 36 - THROW(3 txs)
2019-07-24 14:03:57,881: [8030] m.c.manticore:INFO: Results in /mcore_cws167x6
2019-07-24 14:04:01,377: [14712] m.main:INFO: Registered plugins: DetectExternalCallAndLeak, DetectSuicidal, DetectUninitializedStorage, DetectIntegerOverflow, DetectEnvInstruction, DetectReentrancyAdvanced, DetectDelegatecall, DetectUninitializedMemory, DetectInvalid, DetectUnusedRetVal, DetectReentrancySimple
2019-07-24 14:04:01,377: [14712] m.main:INFO: Beginning analysis
2019-07-24 14:04:01,388: [14712] m.e.manticore:INFO: Starting symbolic create contract
2019-07-24 14:04:08,985: [14712] m.e.manticore:INFO: Starting symbolic transaction: 0
2019-07-24 14:04:48,793: [15010] m.e.detectors:WARNING: INVALID instruction
2019-07-24 14:05:16,961: [15018] m.e.detectors:WARNING: INVALID instruction
2019-07-24 14:06:23,246: [14712] m.e.manticore:INFO: 9 alive states, 14 terminated states
2019-07-24 14:06:29,284: [14712] m.e.manticore:INFO: Starting symbolic transaction: 1
2019-07-24 14:12:54,154: [20130] m.e.detectors:WARNING: INVALID instruction
2019-07-24 14:15:38,270: [20110] m.e.detectors:WARNING: INVALID instruction
2019-07-24 14:16:47,482: [20130] m.e.detectors:WARNING: INVALID instruction
2019-07-24 14:17:11,517: [20130] m.e.detectors:WARNING: INVALID instruction
2019-07-24 14:17:17,345: [20140] m.e.detectors:WARNING: INVALID instruction
2019-07-24 14:17:55,150: [20125] m.e.detectors:WARNING: INVALID instruction
2019-07-24 14:18:25,145: [20125] m.e.detectors:WARNING: INVALID instruction
2019-07-24 14:22:41,229: [20105] m.e.detectors:WARNING: INVALID instruction
2019-07-24 14:24:09,629: [20109] m.e.detectors:WARNING: INVALID instruction
2019-07-24 14:24:23,637: [20107] m.e.detectors:WARNING: INVALID instruction
2019-07-24 14:25:20,869: [20140] m.e.detectors:WARNING: Potentially reading uninitialized storage
2019-07-24 14:25:41,635: [20140] m.e.detectors:WARNING: INVALID instruction