INFO:Slither:Compilation warnings/errors on /unique_chucks/23/0xc22407b1f34e494b7f85187fafc2ce5d13871ffb.sol:
/unique_chucks/23/0xc22407b1f34e494b7f85187fafc2ce5d13871ffb.sol:49:5: Warning: Defining constructors as functions with the same name as the contract is deprecated. Use "constructor(...) { ... }" instead.
    function Ownable() {
    ^ (Relevant source part starts here and spans across multiple lines).
/unique_chucks/23/0xc22407b1f34e494b7f85187fafc2ce5d13871ffb.sol:94:5: Warning: Defining constructors as functions with the same name as the contract is deprecated. Use "constructor(...) { ... }" instead.
    function RefundVault(address _wallet) {
    ^ (Relevant source part starts here and spans across multiple lines).
/unique_chucks/23/0xc22407b1f34e494b7f85187fafc2ce5d13871ffb.sol:329:5: Warning: Defining constructors as functions with the same name as the contract is deprecated. Use "constructor(...) { ... }" instead.
    function TokenOfGratitude() {
    ^ (Relevant source part starts here and spans across multiple lines).
/unique_chucks/23/0xc22407b1f34e494b7f85187fafc2ce5d13871ffb.sol:1144:45: Warning: "throw" is deprecated in favour of "revert()", "require()" and "assert()".
        if ((_nbytes == 0)||(_nbytes > 32)) throw;
                                            ^---^
/unique_chucks/23/0xc22407b1f34e494b7f85187fafc2ce5d13871ffb.sol:1234:71: Warning: "throw" is deprecated in favour of "revert()", "require()" and "assert()".
        if ((_proof[0] != "L")||(_proof[1] != "P")||(_proof[2] != 1)) throw;
                                                                      ^---^
/unique_chucks/23/0xc22407b1f34e494b7f85187fafc2ce5d13871ffb.sol:1237:37: Warning: "throw" is deprecated in favour of "revert()", "require()" and "assert()".
        if (proofVerified == false) throw;
                                    ^---^
/unique_chucks/23/0xc22407b1f34e494b7f85187fafc2ce5d13871ffb.sol:1255:14: Warning: Use of the "var" keyword is deprecated.
        for (var i=0; i<prefix.length; i++){
             ^---^
/unique_chucks/23/0xc22407b1f34e494b7f85187fafc2ce5d13871ffb.sol:1318:13: Warning: "throw" is deprecated in favour of "revert()", "require()" and "assert()".
            throw; // Should be a better way?
            ^---^
/unique_chucks/23/0xc22407b1f34e494b7f85187fafc2ce5d13871ffb.sol:1444:5: Warning: Defining constructors as functions with the same name as the contract is deprecated. Use "constructor(...) { ... }" instead.
    function Crowdsale(uint256 _startTime, uint256 _endTime) {
    ^ (Relevant source part starts here and spans across multiple lines).
/unique_chucks/23/0xc22407b1f34e494b7f85187fafc2ce5d13871ffb.sol:1579:5: Warning: Defining constructors as functions with the same name as the contract is deprecated. Use "constructor(...) { ... }" instead.
    function GratitudeCrowdsale(uint256 _startTime, uint256 _endTime)
    ^ (Relevant source part starts here and spans across multiple lines).
/unique_chucks/23/0xc22407b1f34e494b7f85187fafc2ce5d13871ffb.sol:1629:14: Warning: Use of the "var" keyword is deprecated.
        var (price, canGet) =  currentPrice();
             ^---^
/unique_chucks/23/0xc22407b1f34e494b7f85187fafc2ce5d13871ffb.sol:1629:21: Warning: Use of the "var" keyword is deprecated.
        var (price, canGet) =  currentPrice();
                    ^----^
/unique_chucks/23/0xc22407b1f34e494b7f85187fafc2ce5d13871ffb.sol:69:9: Warning: Invoking events without "emit" prefix is deprecated.
        OwnershipTransferred(owner, newOwner);
        ^-----------------------------------^
/unique_chucks/23/0xc22407b1f34e494b7f85187fafc2ce5d13871ffb.sol:108:9: Warning: Invoking events without "emit" prefix is deprecated.
        Closed();
        ^------^
/unique_chucks/23/0xc22407b1f34e494b7f85187fafc2ce5d13871ffb.sol:109:25: Warning: Using contract member "balance" inherited from the address type is deprecated. Convert the contract to "address" type to access the member, for example use "address(contract).balance" instead.
        wallet.transfer(this.balance);
                        ^----------^
/unique_chucks/23/0xc22407b1f34e494b7f85187fafc2ce5d13871ffb.sol:115:9: Warning: Invoking events without "emit" prefix is deprecated.
        RefundsEnabled();
        ^--------------^
/unique_chucks/23/0xc22407b1f34e494b7f85187fafc2ce5d13871ffb.sol:123:9: Warning: Invoking events without "emit" prefix is deprecated.
        Refunded(investor, depositedValue);
        ^--------------------------------^
/unique_chucks/23/0xc22407b1f34e494b7f85187fafc2ce5d13871ffb.sol:170:9: Warning: Invoking events without "emit" prefix is deprecated.
        Transfer(msg.sender, _to, _value);
        ^-------------------------------^
/unique_chucks/23/0xc22407b1f34e494b7f85187fafc2ce5d13871ffb.sol:211:9: Warning: Invoking events without "emit" prefix is deprecated.
        Transfer(_from, _to, _value);
        ^--------------------------^
/unique_chucks/23/0xc22407b1f34e494b7f85187fafc2ce5d13871ffb.sol:227:9: Warning: Invoking events without "emit" prefix is deprecated.
        Approval(msg.sender, _spender, _value);
        ^------------------------------------^
/unique_chucks/23/0xc22407b1f34e494b7f85187fafc2ce5d13871ffb.sol:249:9: Warning: Invoking events without "emit" prefix is deprecated.
        Approval(msg.sender, _spender, allowed[msg.sender][_spender]);
        ^-----------------------------------------------------------^
/unique_chucks/23/0xc22407b1f34e494b7f85187fafc2ce5d13871ffb.sol:260:9: Warning: Invoking events without "emit" prefix is deprecated.
        Approval(msg.sender, _spender, allowed[msg.sender][_spender]);
        ^-----------------------------------------------------------^
/unique_chucks/23/0xc22407b1f34e494b7f85187fafc2ce5d13871ffb.sol:294:9: Warning: Invoking events without "emit" prefix is deprecated.
        Mint(_to, _amount);
        ^----------------^
/unique_chucks/23/0xc22407b1f34e494b7f85187fafc2ce5d13871ffb.sol:295:9: Warning: Invoking events without "emit" prefix is deprecated.
        Transfer(0x0, _to, _amount);
        ^-------------------------^
/unique_chucks/23/0xc22407b1f34e494b7f85187fafc2ce5d13871ffb.sol:305:9: Warning: Invoking events without "emit" prefix is deprecated.
        MintFinished();
        ^------------^
/unique_chucks/23/0xc22407b1f34e494b7f85187fafc2ce5d13871ffb.sol:351:9: Warning: Invoking events without "emit" prefix is deprecated.
        tokenRedemption(msg.sender, message);
        ^----------------------------------^
/unique_chucks/23/0xc22407b1f34e494b7f85187fafc2ce5d13871ffb.sol:361:9: Warning: Invoking events without "emit" prefix is deprecated.
        goldenTicketUsed(msg.sender, message);
        ^-----------------------------------^
/unique_chucks/23/0xc22407b1f34e494b7f85187fafc2ce5d13871ffb.sol:374:9: Warning: Invoking events without "emit" prefix is deprecated.
        goldenTicketMoved(newOwner);
        ^-------------------------^
/unique_chucks/23/0xc22407b1f34e494b7f85187fafc2ce5d13871ffb.sol:1158:50: Warning: "sha3" has been deprecated in favour of "keccak256"
        oraclize_randomDS_setCommitment(queryId, sha3(bytes8(_delay), args[1], sha256(args[0]), args[2]));
                                                 ^-----------------------------------------------------^
/unique_chucks/23/0xc22407b1f34e494b7f85187fafc2ce5d13871ffb.sol:1158:50: Warning: This function only accepts a single "bytes" argument. Please use "abi.encodePacked(...)" or a similar function to encode the data.
        oraclize_randomDS_setCommitment(queryId, sha3(bytes8(_delay), args[1], sha256(args[0]), args[2]));
                                                 ^-----------------------------------------------------^
/unique_chucks/23/0xc22407b1f34e494b7f85187fafc2ce5d13871ffb.sol:1190:21: Warning: "sha3" has been deprecated in favour of "keccak256"
        if (address(sha3(pubkey)) == signer) return true;
                    ^----------^
/unique_chucks/23/0xc22407b1f34e494b7f85187fafc2ce5d13871ffb.sol:1193:29: Warning: "sha3" has been deprecated in favour of "keccak256"
            return (address(sha3(pubkey)) == signer);
                            ^----------^
/unique_chucks/23/0xc22407b1f34e494b7f85187fafc2ce5d13871ffb.sol:1208:22: Warning: Decimal literal assigned to bytesXX variable will be left-aligned. Use an explicit conversion to silence this warning.
        tosign2[0] = 1; //role
                     ^
/unique_chucks/23/0xc22407b1f34e494b7f85187fafc2ce5d13871ffb.sol:1255:14: Warning: The type of this variable was inferred as uint8, which can hold values between 0 and 255. This is probably not desired. Use an explicit type to silence this warning.
        for (var i=0; i<prefix.length; i++){
             ^-----^
/unique_chucks/23/0xc22407b1f34e494b7f85187fafc2ce5d13871ffb.sol:1270:20: Warning: "sha3" has been deprecated in favour of "keccak256"
        checkok = (sha3(keyhash) == sha3(sha256(context_name, queryId)));
                   ^-----------^
/unique_chucks/23/0xc22407b1f34e494b7f85187fafc2ce5d13871ffb.sol:1270:42: Warning: This function only accepts a single "bytes" argument. Please use "abi.encodePacked(...)" or a similar function to encode the data.
        checkok = (sha3(keyhash) == sha3(sha256(context_name, queryId)));
                                         ^---------------------------^
/unique_chucks/23/0xc22407b1f34e494b7f85187fafc2ce5d13871ffb.sol:1270:37: Warning: "sha3" has been deprecated in favour of "keccak256"
        checkok = (sha3(keyhash) == sha3(sha256(context_name, queryId)));
                                    ^---------------------------------^
/unique_chucks/23/0xc22407b1f34e494b7f85187fafc2ce5d13871ffb.sol:1270:37: Warning: This function only accepts a single "bytes" argument. Please use "abi.encodePacked(...)" or a similar function to encode the data.
        checkok = (sha3(keyhash) == sha3(sha256(context_name, queryId)));
                                    ^---------------------------------^
/unique_chucks/23/0xc22407b1f34e494b7f85187fafc2ce5d13871ffb.sol:1270:37: Warning: The provided argument of type bytes32 is not implicitly convertible to expected type bytes memory.
        checkok = (sha3(keyhash) == sha3(sha256(context_name, queryId)));
                                    ^---------------------------------^
/unique_chucks/23/0xc22407b1f34e494b7f85187fafc2ce5d13871ffb.sol:1292:48: Warning: "sha3" has been deprecated in favour of "keccak256"
        if (oraclize_randomDS_args[queryId] == sha3(commitmentSlice1, sessionPubkeyHash)){ //unonce, nbytes and sessionKeyHash match
                                               ^---------------------------------------^
/unique_chucks/23/0xc22407b1f34e494b7f85187fafc2ce5d13871ffb.sol:1292:48: Warning: This function only accepts a single "bytes" argument. Please use "abi.encodePacked(...)" or a similar function to encode the data.
        if (oraclize_randomDS_args[queryId] == sha3(commitmentSlice1, sessionPubkeyHash)){ //unonce, nbytes and sessionKeyHash match
                                               ^---------------------------------------^
/unique_chucks/23/0xc22407b1f34e494b7f85187fafc2ce5d13871ffb.sol:1503:9: Warning: Invoking events without "emit" prefix is deprecated.
        Finalized();
        ^---------^
/unique_chucks/23/0xc22407b1f34e494b7f85187fafc2ce5d13871ffb.sol:1612:17: Warning: Invoking events without "emit" prefix is deprecated.
                TokenPurchase(msg.sender, beneficiary, msg.value, toGet);
                ^------------------------------------------------------^
/unique_chucks/23/0xc22407b1f34e494b7f85187fafc2ce5d13871ffb.sol:1707:9: Warning: Invoking events without "emit" prefix is deprecated.
        goldenTicketFound(donorsList[luckyNumber]);
        ^----------------------------------------^
/unique_chucks/23/0xc22407b1f34e494b7f85187fafc2ce5d13871ffb.sol:1711:29: Warning: Using contract member "balance" inherited from the address type is deprecated. Convert the contract to "address" type to access the member, for example use "address(contract).balance" instead.
        uint256 raisedWei = this.balance;
                            ^----------^
/unique_chucks/23/0xc22407b1f34e494b7f85187fafc2ce5d13871ffb.sol:1718:13: Warning: Invoking events without "emit" prefix is deprecated.
            fundsToMSF(toCharity);
            ^-------------------^
/unique_chucks/23/0xc22407b1f34e494b7f85187fafc2ce5d13871ffb.sol:1727:13: Warning: Invoking events without "emit" prefix is deprecated.
            fundsToMSF(toCharity);
            ^-------------------^
/unique_chucks/23/0xc22407b1f34e494b7f85187fafc2ce5d13871ffb.sol:1731:13: Warning: Invoking events without "emit" prefix is deprecated.
            fundsToCommunity(raisedWei - toCharity);
            ^-------------------------------------^
/unique_chucks/23/0xc22407b1f34e494b7f85187fafc2ce5d13871ffb.sol:1740:13: Warning: Invoking events without "emit" prefix is deprecated.
            fundsToMSF(toCharity);
            ^-------------------^
/unique_chucks/23/0xc22407b1f34e494b7f85187fafc2ce5d13871ffb.sol:1744:13: Warning: Invoking events without "emit" prefix is deprecated.
            fundsToCommunity(raisedWei - toCharity);
            ^-------------------------------------^
/unique_chucks/23/0xc22407b1f34e494b7f85187fafc2ce5d13871ffb.sol:1755:26: Warning: Using contract member "balance" inherited from the address type is deprecated. Convert the contract to "address" type to access the member, for example use "address(contract).balance" instead.
        uint256 raised = this.balance;
                         ^----------^
/unique_chucks/23/0xc22407b1f34e494b7f85187fafc2ce5d13871ffb.sol:1792:40: Warning: Using contract member "balance" inherited from the address type is deprecated. Convert the contract to "address" type to access the member, for example use "address(contract).balance" instead.
        if (oraclize.getPrice("URL") > this.balance) {
                                       ^----------^
/unique_chucks/23/0xc22407b1f34e494b7f85187fafc2ce5d13871ffb.sol:1793:13: Warning: Invoking events without "emit" prefix is deprecated.
            newOraclizeQuery("Oraclize: Insufficient funds!");
            ^-----------------------------------------------^
/unique_chucks/23/0xc22407b1f34e494b7f85187fafc2ce5d13871ffb.sol:1795:13: Warning: Invoking events without "emit" prefix is deprecated.
            newOraclizeQuery("Oraclize was asked for ETHUSD rate.");
            ^-----------------------------------------------------^
/unique_chucks/23/0xc22407b1f34e494b7f85187fafc2ce5d13871ffb.sol:1807:43: Warning: Using contract member "balance" inherited from the address type is deprecated. Convert the contract to "address" type to access the member, for example use "address(contract).balance" instead.
        if (oraclize.getPrice("random") > this.balance) {
                                          ^----------^
/unique_chucks/23/0xc22407b1f34e494b7f85187fafc2ce5d13871ffb.sol:1808:13: Warning: Invoking events without "emit" prefix is deprecated.
            newOraclizeQuery("Oraclize: Insufficient funds!");
            ^-----------------------------------------------^
/unique_chucks/23/0xc22407b1f34e494b7f85187fafc2ce5d13871ffb.sol:1810:13: Warning: Invoking events without "emit" prefix is deprecated.
            newOraclizeQuery("Oraclize was asked for a random number.");
            ^---------------------------------------------------------^
/unique_chucks/23/0xc22407b1f34e494b7f85187fafc2ce5d13871ffb.sol:1845:9: Warning: Invoking events without "emit" prefix is deprecated.
        newRate(_result);
        ^--------------^
/unique_chucks/23/0xc22407b1f34e494b7f85187fafc2ce5d13871ffb.sol:1862:9: Warning: Invoking events without "emit" prefix is deprecated.
        newRandom(_result);
        ^----------------^
/unique_chucks/23/0xc22407b1f34e494b7f85187fafc2ce5d13871ffb.sol:49:5: Warning: No visibility specified. Defaulting to "public". 
    function Ownable() {
    ^ (Relevant source part starts here and spans across multiple lines).
/unique_chucks/23/0xc22407b1f34e494b7f85187fafc2ce5d13871ffb.sol:94:5: Warning: No visibility specified. Defaulting to "public". 
    function RefundVault(address _wallet) {
    ^ (Relevant source part starts here and spans across multiple lines).
/unique_chucks/23/0xc22407b1f34e494b7f85187fafc2ce5d13871ffb.sol:135:5: Warning: No visibility specified. Defaulting to "public". 
    function balanceOf(address who) constant returns (uint256);
    ^---------------------------------------------------------^
/unique_chucks/23/0xc22407b1f34e494b7f85187fafc2ce5d13871ffb.sol:136:5: Warning: No visibility specified. Defaulting to "public". 
    function transfer(address to, uint256 value) returns (bool);
    ^----------------------------------------------------------^
/unique_chucks/23/0xc22407b1f34e494b7f85187fafc2ce5d13871ffb.sol:146:5: Warning: No visibility specified. Defaulting to "public". 
    function allowance(address owner, address spender) constant returns (uint256);
    ^----------------------------------------------------------------------------^
/unique_chucks/23/0xc22407b1f34e494b7f85187fafc2ce5d13871ffb.sol:147:5: Warning: No visibility specified. Defaulting to "public". 
    function transferFrom(address from, address to, uint256 value) returns (bool);
    ^----------------------------------------------------------------------------^
/unique_chucks/23/0xc22407b1f34e494b7f85187fafc2ce5d13871ffb.sol:148:5: Warning: No visibility specified. Defaulting to "public". 
    function approve(address spender, uint256 value) returns (bool);
    ^--------------------------------------------------------------^
/unique_chucks/23/0xc22407b1f34e494b7f85187fafc2ce5d13871ffb.sol:167:5: Warning: No visibility specified. Defaulting to "public". 
    function transfer(address _to, uint256 _value) returns (bool) {
    ^ (Relevant source part starts here and spans across multiple lines).
/unique_chucks/23/0xc22407b1f34e494b7f85187fafc2ce5d13871ffb.sol:179:5: Warning: No visibility specified. Defaulting to "public". 
    function balanceOf(address _owner) constant returns (uint256 balance) {
    ^ (Relevant source part starts here and spans across multiple lines).
/unique_chucks/23/0xc22407b1f34e494b7f85187fafc2ce5d13871ffb.sol:329:5: Warning: No visibility specified. Defaulting to "public". 
    function TokenOfGratitude() {
    ^ (Relevant source part starts here and spans across multiple lines).
/unique_chucks/23/0xc22407b1f34e494b7f85187fafc2ce5d13871ffb.sol:338:5: Warning: No visibility specified. Defaulting to "public". 
    function redeem(string message) {
    ^ (Relevant source part starts here and spans across multiple lines).
/unique_chucks/23/0xc22407b1f34e494b7f85187fafc2ce5d13871ffb.sol:359:5: Warning: No visibility specified. Defaulting to "public". 
    function useGoldenTicket(string message){
    ^ (Relevant source part starts here and spans across multiple lines).
/unique_chucks/23/0xc22407b1f34e494b7f85187fafc2ce5d13871ffb.sol:371:5: Warning: No visibility specified. Defaulting to "public". 
    function giveGoldenTicket(address newOwner) {
    ^ (Relevant source part starts here and spans across multiple lines).
/unique_chucks/23/0xc22407b1f34e494b7f85187fafc2ce5d13871ffb.sol:413:5: Warning: No visibility specified. Defaulting to "public". 
    function query(uint _timestamp, string _datasource, string _arg) payable returns (bytes32 _id);
    ^---------------------------------------------------------------------------------------------^
/unique_chucks/23/0xc22407b1f34e494b7f85187fafc2ce5d13871ffb.sol:414:5: Warning: No visibility specified. Defaulting to "public". 
    function query_withGasLimit(uint _timestamp, string _datasource, string _arg, uint _gaslimit) payable returns (bytes32 _id);
    ^--------------------------------------------------------------------------------------------------------------------------^
/unique_chucks/23/0xc22407b1f34e494b7f85187fafc2ce5d13871ffb.sol:415:5: Warning: No visibility specified. Defaulting to "public". 
    function query2(uint _timestamp, string _datasource, string _arg1, string _arg2) payable returns (bytes32 _id);
    ^-------------------------------------------------------------------------------------------------------------^
/unique_chucks/23/0xc22407b1f34e494b7f85187fafc2ce5d13871ffb.sol:416:5: Warning: No visibility specified. Defaulting to "public". 
    function query2_withGasLimit(uint _timestamp, string _datasource, string _arg1, string _arg2, uint _gaslimit) payable returns (bytes32 _id);
    ^------------------------------------------------------------------------------------------------------------------------------------------^
/unique_chucks/23/0xc22407b1f34e494b7f85187fafc2ce5d13871ffb.sol:417:5: Warning: No visibility specified. Defaulting to "public". 
    function queryN(uint _timestamp, string _datasource, bytes _argN) payable returns (bytes32 _id);
    ^----------------------------------------------------------------------------------------------^
/unique_chucks/23/0xc22407b1f34e494b7f85187fafc2ce5d13871ffb.sol:418:5: Warning: No visibility specified. Defaulting to "public". 
    function queryN_withGasLimit(uint _timestamp, string _datasource, bytes _argN, uint _gaslimit) payable returns (bytes32 _id);
    ^---------------------------------------------------------------------------------------------------------------------------^
/unique_chucks/23/0xc22407b1f34e494b7f85187fafc2ce5d13871ffb.sol:419:5: Warning: No visibility specified. Defaulting to "public". 
    function getPrice(string _datasource) returns (uint _dsprice);
    ^------------------------------------------------------------^
/unique_chucks/23/0xc22407b1f34e494b7f85187fafc2ce5d13871ffb.sol:420:5: Warning: No visibility specified. Defaulting to "public". 
    function getPrice(string _datasource, uint gaslimit) returns (uint _dsprice);
    ^---------------------------------------------------------------------------^
/unique_chucks/23/0xc22407b1f34e494b7f85187fafc2ce5d13871ffb.sol:421:5: Warning: No visibility specified. Defaulting to "public". 
    function useCoupon(string _coupon);
    ^---------------------------------^
/unique_chucks/23/0xc22407b1f34e494b7f85187fafc2ce5d13871ffb.sol:422:5: Warning: No visibility specified. Defaulting to "public". 
    function setProofType(byte _proofType);
    ^-------------------------------------^
/unique_chucks/23/0xc22407b1f34e494b7f85187fafc2ce5d13871ffb.sol:423:5: Warning: No visibility specified. Defaulting to "public". 
    function setConfig(bytes32 _config);
    ^----------------------------------^
/unique_chucks/23/0xc22407b1f34e494b7f85187fafc2ce5d13871ffb.sol:424:5: Warning: No visibility specified. Defaulting to "public". 
    function setCustomGasPrice(uint _gasPrice);
    ^-----------------------------------------^
/unique_chucks/23/0xc22407b1f34e494b7f85187fafc2ce5d13871ffb.sol:425:5: Warning: No visibility specified. Defaulting to "public". 
    function randomDS_getSessionPubKeyHash() returns(bytes32);
    ^--------------------------------------------------------^
/unique_chucks/23/0xc22407b1f34e494b7f85187fafc2ce5d13871ffb.sol:428:5: Warning: No visibility specified. Defaulting to "public". 
    function getAddress() returns (address _addr);
    ^--------------------------------------------^
/unique_chucks/23/0xc22407b1f34e494b7f85187fafc2ce5d13871ffb.sol:464:34: Warning: Unused function parameter. Remove or comment out the variable name to silence this warning.
    function oraclize_setNetwork(uint8 networkID) internal returns(bool){
                                 ^-------------^
/unique_chucks/23/0xc22407b1f34e494b7f85187fafc2ce5d13871ffb.sol:500:5: Warning: No visibility specified. Defaulting to "public". 
    function __callback(bytes32 myid, string result) {
    ^ (Relevant source part starts here and spans across multiple lines).
/unique_chucks/23/0xc22407b1f34e494b7f85187fafc2ce5d13871ffb.sol:503:5: Warning: No visibility specified. Defaulting to "public". 
    function __callback(bytes32 myid, string result, bytes proof) {
    ^ (Relevant source part starts here and spans across multiple lines).
/unique_chucks/23/0xc22407b1f34e494b7f85187fafc2ce5d13871ffb.sol:503:25: Warning: Unused function parameter. Remove or comment out the variable name to silence this warning.
    function __callback(bytes32 myid, string result, bytes proof) {
                        ^----------^
/unique_chucks/23/0xc22407b1f34e494b7f85187fafc2ce5d13871ffb.sol:503:39: Warning: Unused function parameter. Remove or comment out the variable name to silence this warning.
    function __callback(bytes32 myid, string result, bytes proof) {
                                      ^-----------^
/unique_chucks/23/0xc22407b1f34e494b7f85187fafc2ce5d13871ffb.sol:503:54: Warning: Unused function parameter. Remove or comment out the variable name to silence this warning.
    function __callback(bytes32 myid, string result, bytes proof) {
                                                     ^---------^
/unique_chucks/23/0xc22407b1f34e494b7f85187fafc2ce5d13871ffb.sol:1444:5: Warning: No visibility specified. Defaulting to "public". 
    function Crowdsale(uint256 _startTime, uint256 _endTime) {
    ^ (Relevant source part starts here and spans across multiple lines).
/unique_chucks/23/0xc22407b1f34e494b7f85187fafc2ce5d13871ffb.sol:1459:5: Warning: No visibility specified. Defaulting to "public". 
    function () payable {
    ^ (Relevant source part starts here and spans across multiple lines).
/unique_chucks/23/0xc22407b1f34e494b7f85187fafc2ce5d13871ffb.sol:1464:24: Warning: Unused function parameter. Remove or comment out the variable name to silence this warning.
    function buyTokens(address beneficiary) public payable {}
                       ^-----------------^
/unique_chucks/23/0xc22407b1f34e494b7f85187fafc2ce5d13871ffb.sol:1579:5: Warning: No visibility specified. Defaulting to "public". 
    function GratitudeCrowdsale(uint256 _startTime, uint256 _endTime)
    ^ (Relevant source part starts here and spans across multiple lines).
/unique_chucks/23/0xc22407b1f34e494b7f85187fafc2ce5d13871ffb.sol:1650:5: Warning: No visibility specified. Defaulting to "public". 
    function currentPrice() constant returns (uint256 price, uint256 maxAtPrice){
    ^ (Relevant source part starts here and spans across multiple lines).
/unique_chucks/23/0xc22407b1f34e494b7f85187fafc2ce5d13871ffb.sol:1670:5: Warning: No visibility specified. Defaulting to "public". 
    function loadRate(uint256 gasLimit) payable {
    ^ (Relevant source part starts here and spans across multiple lines).
/unique_chucks/23/0xc22407b1f34e494b7f85187fafc2ce5d13871ffb.sol:1683:5: Warning: No visibility specified. Defaulting to "public". 
    function loadRandom(uint256 gasLimit) payable {
    ^ (Relevant source part starts here and spans across multiple lines).
/unique_chucks/23/0xc22407b1f34e494b7f85187fafc2ce5d13871ffb.sol:1826:5: Warning: No visibility specified. Defaulting to "public". 
    function __callback(bytes32 myid, string result, bytes proof) {
    ^ (Relevant source part starts here and spans across multiple lines).
/unique_chucks/23/0xc22407b1f34e494b7f85187fafc2ce5d13871ffb.sol:1844:26: Warning: Unused function parameter. Remove or comment out the variable name to silence this warning.
    function checkQueryA(bytes32 _myid, string _result, bytes _proof) internal {
                         ^-----------^
/unique_chucks/23/0xc22407b1f34e494b7f85187fafc2ce5d13871ffb.sol:1844:57: Warning: Unused function parameter. Remove or comment out the variable name to silence this warning.
    function checkQueryA(bytes32 _myid, string _result, bytes _proof) internal {
                                                        ^----------^
/unique_chucks/23/0xc22407b1f34e494b7f85187fafc2ce5d13871ffb.sol:8:5: Warning: Function state mutability can be restricted to pure
    function mul(uint256 a, uint256 b) internal constant returns (uint256) {
    ^ (Relevant source part starts here and spans across multiple lines).
/unique_chucks/23/0xc22407b1f34e494b7f85187fafc2ce5d13871ffb.sol:14:5: Warning: Function state mutability can be restricted to pure
    function div(uint256 a, uint256 b) internal constant returns (uint256) {
    ^ (Relevant source part starts here and spans across multiple lines).
/unique_chucks/23/0xc22407b1f34e494b7f85187fafc2ce5d13871ffb.sol:21:5: Warning: Function state mutability can be restricted to pure
    function sub(uint256 a, uint256 b) internal constant returns (uint256) {
    ^ (Relevant source part starts here and spans across multiple lines).
/unique_chucks/23/0xc22407b1f34e494b7f85187fafc2ce5d13871ffb.sol:26:5: Warning: Function state mutability can be restricted to pure
    function add(uint256 a, uint256 b) internal constant returns (uint256) {
    ^ (Relevant source part starts here and spans across multiple lines).
/unique_chucks/23/0xc22407b1f34e494b7f85187fafc2ce5d13871ffb.sol:503:5: Warning: Function state mutability can be restricted to pure
    function __callback(bytes32 myid, string result, bytes proof) {
    ^ (Relevant source part starts here and spans across multiple lines).
/unique_chucks/23/0xc22407b1f34e494b7f85187fafc2ce5d13871ffb.sol:914:5: Warning: Function state mutability can be restricted to pure
    function parseAddr(string _a) internal returns (address){
    ^ (Relevant source part starts here and spans across multiple lines).
/unique_chucks/23/0xc22407b1f34e494b7f85187fafc2ce5d13871ffb.sol:934:5: Warning: Function state mutability can be restricted to pure
    function strCompare(string _a, string _b) internal returns (int) {
    ^ (Relevant source part starts here and spans across multiple lines).
/unique_chucks/23/0xc22407b1f34e494b7f85187fafc2ce5d13871ffb.sol:952:5: Warning: Function state mutability can be restricted to pure
    function indexOf(string _haystack, string _needle) internal returns (int) {
    ^ (Relevant source part starts here and spans across multiple lines).
/unique_chucks/23/0xc22407b1f34e494b7f85187fafc2ce5d13871ffb.sol:979:5: Warning: Function state mutability can be restricted to pure
    function strConcat(string _a, string _b, string _c, string _d, string _e) internal returns (string) {
    ^ (Relevant source part starts here and spans across multiple lines).
/unique_chucks/23/0xc22407b1f34e494b7f85187fafc2ce5d13871ffb.sol:1014:5: Warning: Function state mutability can be restricted to pure
    function parseInt(string _a, uint _b) internal returns (uint) {
    ^ (Relevant source part starts here and spans across multiple lines).
/unique_chucks/23/0xc22407b1f34e494b7f85187fafc2ce5d13871ffb.sol:1032:5: Warning: Function state mutability can be restricted to pure
    function uint2str(uint i) internal returns (string){
    ^ (Relevant source part starts here and spans across multiple lines).
/unique_chucks/23/0xc22407b1f34e494b7f85187fafc2ce5d13871ffb.sol:1049:5: Warning: Function state mutability can be restricted to pure
    function stra2cbor(string[] arr) internal returns (bytes) {
    ^ (Relevant source part starts here and spans across multiple lines).
/unique_chucks/23/0xc22407b1f34e494b7f85187fafc2ce5d13871ffb.sol:1091:5: Warning: Function state mutability can be restricted to pure
    function ba2cbor(bytes[] arr) internal returns (bytes) {
    ^ (Relevant source part starts here and spans across multiple lines).
/unique_chucks/23/0xc22407b1f34e494b7f85187fafc2ce5d13871ffb.sol:1139:5: Warning: Function state mutability can be restricted to view
    function oraclize_getNetworkName() internal returns (string) {
    ^ (Relevant source part starts here and spans across multiple lines).
/unique_chucks/23/0xc22407b1f34e494b7f85187fafc2ce5d13871ffb.sol:1252:5: Warning: Function state mutability can be restricted to pure
    function matchBytes32Prefix(bytes32 content, bytes prefix) internal returns (bool){
    ^ (Relevant source part starts here and spans across multiple lines).
/unique_chucks/23/0xc22407b1f34e494b7f85187fafc2ce5d13871ffb.sol:1313:5: Warning: Function state mutability can be restricted to pure
    function copyBytes(bytes from, uint fromOffset, uint length, bytes to, uint toOffset) internal returns (bytes) {
    ^ (Relevant source part starts here and spans across multiple lines).
/unique_chucks/23/0xc22407b1f34e494b7f85187fafc2ce5d13871ffb.sol:1513:5: Warning: Function state mutability can be restricted to pure
    function finalization() internal {
    ^ (Relevant source part starts here and spans across multiple lines).
/unique_chucks/23/0xc22407b1f34e494b7f85187fafc2ce5d13871ffb.sol:1754:5: Warning: Function state mutability can be restricted to view
    function checkResult() internal returns (uint256){
    ^ (Relevant source part starts here and spans across multiple lines).
/unique_chucks/23/0xc22407b1f34e494b7f85187fafc2ce5d13871ffb.sol:1768:5: Warning: Function state mutability can be restricted to pure
    function toPercentage (uint256 total, uint256 part) internal returns (uint256) {
    ^ (Relevant source part starts here and spans across multiple lines).
/unique_chucks/23/0xc22407b1f34e494b7f85187fafc2ce5d13871ffb.sol:1779:5: Warning: Function state mutability can be restricted to pure
    function fromPercentage(uint256 value, uint256 percentage) internal returns (uint256) {
    ^ (Relevant source part starts here and spans across multiple lines).

INFO:Detectors:[93m
usingOraclize.getCodeSize (/unique_chucks/23/0xc22407b1f34e494b7f85187fafc2ce5d13871ffb.sol#934-938) is declared view but contains assembly code
Reference: https://github.com/trailofbits/slither/wiki/Detectors-Documentation#constant-functions-changing-the-state[0m
INFO:Detectors:[93m
Reentrancy in usingOraclize.oraclizeAPI (/unique_chucks/23/0xc22407b1f34e494b7f85187fafc2ce5d13871ffb.sol#464-469):
	External calls:
	- address(oraclize) != OAR.getAddress() (/unique_chucks/23/0xc22407b1f34e494b7f85187fafc2ce5d13871ffb.sol#466-468)
	- oraclize = OraclizeI(OAR.getAddress()) (/unique_chucks/23/0xc22407b1f34e494b7f85187fafc2ce5d13871ffb.sol#467-468)
	State variables written after the call(s):
	- oraclize (/unique_chucks/23/0xc22407b1f34e494b7f85187fafc2ce5d13871ffb.sol#467-468)
Reference: https://github.com/trailofbits/slither/wiki/Detectors-Documentation#reentrancy-vulnerabilities-1[0m
INFO:Detectors:[93m
toCharity in GratitudeCrowdsale.finalization (/unique_chucks/23/0xc22407b1f34e494b7f85187fafc2ce5d13871ffb.sol#1762) is a local variable never initialiazed
Reference: https://github.com/trailofbits/slither/wiki/Detectors-Documentation#uninitialized-local-variables[0m
INFO:Detectors:[93m
GratitudeCrowdsale.buyTokens (/unique_chucks/23/0xc22407b1f34e494b7f85187fafc2ce5d13871ffb.sol#1634-1657) does not use the value returned by external calls:
	-token.mint(beneficiary,toGet) (/unique_chucks/23/0xc22407b1f34e494b7f85187fafc2ce5d13871ffb.sol#1653)
GratitudeCrowdsale.finalization (/unique_chucks/23/0xc22407b1f34e494b7f85187fafc2ce5d13871ffb.sol#1742-1794) does not use the value returned by external calls:
	-token.finishMinting() (/unique_chucks/23/0xc22407b1f34e494b7f85187fafc2ce5d13871ffb.sol#1793)
Reference: https://github.com/trailofbits/slither/wiki/Detectors-Documentation#unused-return[0m
INFO:Detectors:[92m
Reentrancy in GratitudeCrowdsale.__callback (/unique_chucks/23/0xc22407b1f34e494b7f85187fafc2ce5d13871ffb.sol#1867-1874):
	External calls:
	- require(bool)(msg.sender == oraclize_cbAddress()) (/unique_chucks/23/0xc22407b1f34e494b7f85187fafc2ce5d13871ffb.sol#1868-1869)
	State variables written after the call(s):
	- hasRandom (/unique_chucks/23/0xc22407b1f34e494b7f85187fafc2ce5d13871ffb.sol#1873-1874)
	- hasRate (/unique_chucks/23/0xc22407b1f34e494b7f85187fafc2ce5d13871ffb.sol#1872)
	- luckyNumber (/unique_chucks/23/0xc22407b1f34e494b7f85187fafc2ce5d13871ffb.sol#1873-1874)
	- oraclize_randomDS_args (/unique_chucks/23/0xc22407b1f34e494b7f85187fafc2ce5d13871ffb.sol#1873-1874)
	- oraclize_randomDS_sessionKeysHashVerified (/unique_chucks/23/0xc22407b1f34e494b7f85187fafc2ce5d13871ffb.sol#1873-1874)
	- rate (/unique_chucks/23/0xc22407b1f34e494b7f85187fafc2ce5d13871ffb.sol#1872)
	- rateAge (/unique_chucks/23/0xc22407b1f34e494b7f85187fafc2ce5d13871ffb.sol#1872)
Reentrancy in GratitudeCrowdsale.buyTokens (/unique_chucks/23/0xc22407b1f34e494b7f85187fafc2ce5d13871ffb.sol#1634-1657):
	External calls:
	- token.mint(beneficiary,toGet) (/unique_chucks/23/0xc22407b1f34e494b7f85187fafc2ce5d13871ffb.sol#1653)
	State variables written after the call(s):
	- weiRaised (/unique_chucks/23/0xc22407b1f34e494b7f85187fafc2ce5d13871ffb.sol#1657)
Reentrancy in GratitudeCrowdsale.getRandom (/unique_chucks/23/0xc22407b1f34e494b7f85187fafc2ce5d13871ffb.sol#1841-1860):
	External calls:
	- oraclize_setProof(proofType_Ledger) (/unique_chucks/23/0xc22407b1f34e494b7f85187fafc2ce5d13871ffb.sol#1843-1844)
	- qID2 = oraclize_newRandomDSQuery(0,4,_gasLimit) (/unique_chucks/23/0xc22407b1f34e494b7f85187fafc2ce5d13871ffb.sol#1859)
	External calls sending eth:
	- qID2 = oraclize_newRandomDSQuery(0,4,_gasLimit) (/unique_chucks/23/0xc22407b1f34e494b7f85187fafc2ce5d13871ffb.sol#1859)
	State variables written after the call(s):
	- oraclize_network_name (/unique_chucks/23/0xc22407b1f34e494b7f85187fafc2ce5d13871ffb.sol#1859)
	- oraclize_randomDS_args (/unique_chucks/23/0xc22407b1f34e494b7f85187fafc2ce5d13871ffb.sol#1859)
	- qID2 (/unique_chucks/23/0xc22407b1f34e494b7f85187fafc2ce5d13871ffb.sol#1859)
Reentrancy in GratitudeCrowdsale.getRateUSD (/unique_chucks/23/0xc22407b1f34e494b7f85187fafc2ce5d13871ffb.sol#1826-1840):
	External calls:
	- oraclize_setProof(proofType_TLSNotary) (/unique_chucks/23/0xc22407b1f34e494b7f85187fafc2ce5d13871ffb.sol#1830-1831)
	- qID1 = oraclize_query(URL,json(https://api.kraken.com/0/public/Ticker?pair=ETHUSD).result.XETHZUSD.p.1,_gasLimit) (/unique_chucks/23/0xc22407b1f34e494b7f85187fafc2ce5d13871ffb.sol#1838-1840)
	External calls sending eth:
	- qID1 = oraclize_query(URL,json(https://api.kraken.com/0/public/Ticker?pair=ETHUSD).result.XETHZUSD.p.1,_gasLimit) (/unique_chucks/23/0xc22407b1f34e494b7f85187fafc2ce5d13871ffb.sol#1838-1840)
	State variables written after the call(s):
	- oraclize_network_name (/unique_chucks/23/0xc22407b1f34e494b7f85187fafc2ce5d13871ffb.sol#1838-1840)
	- qID1 (/unique_chucks/23/0xc22407b1f34e494b7f85187fafc2ce5d13871ffb.sol#1838-1840)
Reentrancy in usingOraclize.oraclize_newRandomDSQuery (/unique_chucks/23/0xc22407b1f34e494b7f85187fafc2ce5d13871ffb.sol#1166-1195):
	External calls:
	- sessionKeyHash_bytes32 = oraclize_randomDS_getSessionPubKeyHash() (/unique_chucks/23/0xc22407b1f34e494b7f85187fafc2ce5d13871ffb.sol#1177-1178)
	- queryId = oraclize_query(_delay,random,args,_customGasLimit) (/unique_chucks/23/0xc22407b1f34e494b7f85187fafc2ce5d13871ffb.sol#1189-1191)
	External calls sending eth:
	- queryId = oraclize_query(_delay,random,args,_customGasLimit) (/unique_chucks/23/0xc22407b1f34e494b7f85187fafc2ce5d13871ffb.sol#1189-1191)
	State variables written after the call(s):
	- oraclize_network_name (/unique_chucks/23/0xc22407b1f34e494b7f85187fafc2ce5d13871ffb.sol#1189-1191)
	- oraclize_randomDS_args (/unique_chucks/23/0xc22407b1f34e494b7f85187fafc2ce5d13871ffb.sol#1192-1193)
Reference: https://github.com/trailofbits/slither/wiki/Detectors-Documentation#reentrancy-vulnerabilities-2[0m
INFO:Detectors:[92m
usingOraclize.getCodeSize uses assembly (/unique_chucks/23/0xc22407b1f34e494b7f85187fafc2ce5d13871ffb.sol#934-938)
	- /unique_chucks/23/0xc22407b1f34e494b7f85187fafc2ce5d13871ffb.sol#936-938
usingOraclize.oraclize_newRandomDSQuery uses assembly (/unique_chucks/23/0xc22407b1f34e494b7f85187fafc2ce5d13871ffb.sol#1166-1195)
	- /unique_chucks/23/0xc22407b1f34e494b7f85187fafc2ce5d13871ffb.sol#1179-1189
usingOraclize.verifySig uses assembly (/unique_chucks/23/0xc22407b1f34e494b7f85187fafc2ce5d13871ffb.sol#1201-1220)
	- /unique_chucks/23/0xc22407b1f34e494b7f85187fafc2ce5d13871ffb.sol#1212-1217
usingOraclize.copyBytes uses assembly (/unique_chucks/23/0xc22407b1f34e494b7f85187fafc2ce5d13871ffb.sol#1346-1367)
	- /unique_chucks/23/0xc22407b1f34e494b7f85187fafc2ce5d13871ffb.sol#1366-1367
usingOraclize.safer_ecrecover uses assembly (/unique_chucks/23/0xc22407b1f34e494b7f85187fafc2ce5d13871ffb.sol#1376-1401)
	- /unique_chucks/23/0xc22407b1f34e494b7f85187fafc2ce5d13871ffb.sol#1389-1399
usingOraclize.ecrecovery uses assembly (/unique_chucks/23/0xc22407b1f34e494b7f85187fafc2ce5d13871ffb.sol#1411-1453)
	- /unique_chucks/23/0xc22407b1f34e494b7f85187fafc2ce5d13871ffb.sol#1420-1446
Reference: https://github.com/trailofbits/slither/wiki/Detectors-Documentation#assembly-usage[0m
INFO:Detectors:[92m
OraclizeI.cbAddress should be constant (/unique_chucks/23/0xc22407b1f34e494b7f85187fafc2ce5d13871ffb.sol#416)
TokenOfGratitude.expirationDate should be constant (/unique_chucks/23/0xc22407b1f34e494b7f85187fafc2ce5d13871ffb.sol#325-326)
Reference: https://github.com/trailofbits/slither/wiki/Detectors-Documentation#state-variables-that-could-be-declared-constant[0m
INFO:Detectors:[92m
Different versions of Solidity is used in /unique_chucks/23/0xc22407b1f34e494b7f85187fafc2ce5d13871ffb.sol:
	- Version used: ['^0.4.0', '^0.4.11']
	- /unique_chucks/23/0xc22407b1f34e494b7f85187fafc2ce5d13871ffb.sol#1 declares pragma solidity^0.4.11
	- /unique_chucks/23/0xc22407b1f34e494b7f85187fafc2ce5d13871ffb.sol#415 declares pragma solidity^0.4.0
Reference: https://github.com/trailofbits/slither/wiki/Detectors-Documentation#different-pragma-directives-are-used[0m
INFO:Detectors:[92m
Deprecated standard detected @ /unique_chucks/23/0xc22407b1f34e494b7f85187fafc2ce5d13871ffb.sol#1169:
	- Usage of "throw" should be replaced with "revert()"
Deprecated standard detected @ /unique_chucks/23/0xc22407b1f34e494b7f85187fafc2ce5d13871ffb.sol#1192-1193:
	- Usage of "sha3()" should be replaced with "keccak256()"
Deprecated standard detected @ /unique_chucks/23/0xc22407b1f34e494b7f85187fafc2ce5d13871ffb.sol#1217-1220:
	- Usage of "sha3()" should be replaced with "keccak256()"
Deprecated standard detected @ /unique_chucks/23/0xc22407b1f34e494b7f85187fafc2ce5d13871ffb.sol#1218-1220:
	- Usage of "sha3()" should be replaced with "keccak256()"
Deprecated standard detected @ /unique_chucks/23/0xc22407b1f34e494b7f85187fafc2ce5d13871ffb.sol#1293-1294:
	- Usage of "sha3()" should be replaced with "keccak256()"
Deprecated standard detected @ /unique_chucks/23/0xc22407b1f34e494b7f85187fafc2ce5d13871ffb.sol#1317-1323:
	- Usage of "sha3()" should be replaced with "keccak256()"
Deprecated standard detected @ /unique_chucks/23/0xc22407b1f34e494b7f85187fafc2ce5d13871ffb.sol#1355:
	- Usage of "throw" should be replaced with "revert()"
Deprecated standard detected @ /unique_chucks/23/0xc22407b1f34e494b7f85187fafc2ce5d13871ffb.sol#1267:
	- Usage of "throw" should be replaced with "revert()"
Deprecated standard detected @ /unique_chucks/23/0xc22407b1f34e494b7f85187fafc2ce5d13871ffb.sol#1270:
	- Usage of "throw" should be replaced with "revert()"
Reference: https://github.com/trailofbits/slither/wiki/Detectors-Documentation#deprecated-standards[0m
INFO:Detectors:[92m
Ownable.transferOwnership (/unique_chucks/23/0xc22407b1f34e494b7f85187fafc2ce5d13871ffb.sol#68-77) should be declared external
RefundVault.deposit (/unique_chucks/23/0xc22407b1f34e494b7f85187fafc2ce5d13871ffb.sol#101-107) should be declared external
RefundVault.close (/unique_chucks/23/0xc22407b1f34e494b7f85187fafc2ce5d13871ffb.sol#107-114) should be declared external
RefundVault.enableRefunds (/unique_chucks/23/0xc22407b1f34e494b7f85187fafc2ce5d13871ffb.sol#114-120) should be declared external
RefundVault.refund (/unique_chucks/23/0xc22407b1f34e494b7f85187fafc2ce5d13871ffb.sol#120-131) should be declared external
BasicToken.balanceOf (/unique_chucks/23/0xc22407b1f34e494b7f85187fafc2ce5d13871ffb.sol#188-190) should be declared external
ERC20Basic.balanceOf (/unique_chucks/23/0xc22407b1f34e494b7f85187fafc2ce5d13871ffb.sol#137) should be declared external
ERC20Basic.transfer (/unique_chucks/23/0xc22407b1f34e494b7f85187fafc2ce5d13871ffb.sol#137-143) should be declared external
BasicToken.transfer (/unique_chucks/23/0xc22407b1f34e494b7f85187fafc2ce5d13871ffb.sol#169-177) should be declared external
ERC20.allowance (/unique_chucks/23/0xc22407b1f34e494b7f85187fafc2ce5d13871ffb.sol#147-148) should be declared external
StandardToken.allowance (/unique_chucks/23/0xc22407b1f34e494b7f85187fafc2ce5d13871ffb.sol#243-245) should be declared external
StandardToken.transferFrom (/unique_chucks/23/0xc22407b1f34e494b7f85187fafc2ce5d13871ffb.sol#206-218) should be declared external
ERC20.transferFrom (/unique_chucks/23/0xc22407b1f34e494b7f85187fafc2ce5d13871ffb.sol#148-149) should be declared external
StandardToken.approve (/unique_chucks/23/0xc22407b1f34e494b7f85187fafc2ce5d13871ffb.sol#232-234) should be declared external
ERC20.approve (/unique_chucks/23/0xc22407b1f34e494b7f85187fafc2ce5d13871ffb.sol#149-155) should be declared external
StandardToken.increaseApproval (/unique_chucks/23/0xc22407b1f34e494b7f85187fafc2ce5d13871ffb.sol#249-256) should be declared external
StandardToken.decreaseApproval (/unique_chucks/23/0xc22407b1f34e494b7f85187fafc2ce5d13871ffb.sol#257-270) should be declared external
MintableToken.mint (/unique_chucks/23/0xc22407b1f34e494b7f85187fafc2ce5d13871ffb.sol#300-310) should be declared external
MintableToken.finishMinting (/unique_chucks/23/0xc22407b1f34e494b7f85187fafc2ce5d13871ffb.sol#313-319) should be declared external
TokenOfGratitude.redeem (/unique_chucks/23/0xc22407b1f34e494b7f85187fafc2ce5d13871ffb.sol#350-357) should be declared external
TokenOfGratitude.useGoldenTicket (/unique_chucks/23/0xc22407b1f34e494b7f85187fafc2ce5d13871ffb.sol#367-369) should be declared external
TokenOfGratitude.giveGoldenTicket (/unique_chucks/23/0xc22407b1f34e494b7f85187fafc2ce5d13871ffb.sol#387-389) should be declared external
OraclizeI.query (/unique_chucks/23/0xc22407b1f34e494b7f85187fafc2ce5d13871ffb.sol#416-417) should be declared external
OraclizeI.query_withGasLimit (/unique_chucks/23/0xc22407b1f34e494b7f85187fafc2ce5d13871ffb.sol#417-418) should be declared external
OraclizeI.query2 (/unique_chucks/23/0xc22407b1f34e494b7f85187fafc2ce5d13871ffb.sol#418-419) should be declared external
OraclizeI.query2_withGasLimit (/unique_chucks/23/0xc22407b1f34e494b7f85187fafc2ce5d13871ffb.sol#419-421) should be declared external
OraclizeI.queryN (/unique_chucks/23/0xc22407b1f34e494b7f85187fafc2ce5d13871ffb.sol#422-424) should be declared external
OraclizeI.queryN_withGasLimit (/unique_chucks/23/0xc22407b1f34e494b7f85187fafc2ce5d13871ffb.sol#424-427) should be declared external
OraclizeI.getPrice (/unique_chucks/23/0xc22407b1f34e494b7f85187fafc2ce5d13871ffb.sol#428-430) should be declared external
OraclizeI.getPrice (/unique_chucks/23/0xc22407b1f34e494b7f85187fafc2ce5d13871ffb.sol#430-432) should be declared external
OraclizeI.useCoupon (/unique_chucks/23/0xc22407b1f34e494b7f85187fafc2ce5d13871ffb.sol#433-434) should be declared external
OraclizeI.setProofType (/unique_chucks/23/0xc22407b1f34e494b7f85187fafc2ce5d13871ffb.sol#434-435) should be declared external
OraclizeI.setConfig (/unique_chucks/23/0xc22407b1f34e494b7f85187fafc2ce5d13871ffb.sol#435-436) should be declared external
OraclizeI.setCustomGasPrice (/unique_chucks/23/0xc22407b1f34e494b7f85187fafc2ce5d13871ffb.sol#436-437) should be declared external
OraclizeI.randomDS_getSessionPubKeyHash (/unique_chucks/23/0xc22407b1f34e494b7f85187fafc2ce5d13871ffb.sol#437-438) should be declared external
OraclizeAddrResolverI.getAddress (/unique_chucks/23/0xc22407b1f34e494b7f85187fafc2ce5d13871ffb.sol#439-440) should be declared external
usingOraclize.__callback (/unique_chucks/23/0xc22407b1f34e494b7f85187fafc2ce5d13871ffb.sol#514-518) should be declared external
Crowdsale.fallback (/unique_chucks/23/0xc22407b1f34e494b7f85187fafc2ce5d13871ffb.sol#1517-1520) should be declared external
FinalizableCrowdsale.finalize (/unique_chucks/23/0xc22407b1f34e494b7f85187fafc2ce5d13871ffb.sol#1548-1551) should be declared external
GratitudeCrowdsale.loadRate (/unique_chucks/23/0xc22407b1f34e494b7f85187fafc2ce5d13871ffb.sol#1722-1727) should be declared external
GratitudeCrowdsale.loadRandom (/unique_chucks/23/0xc22407b1f34e494b7f85187fafc2ce5d13871ffb.sol#1734-1739) should be declared external
Reference: https://github.com/trailofbits/slither/wiki/Detectors-Documentation#public-function-that-could-be-declared-as-external[0m
INFO:Detectors:[92m
Detected issues with version pragma in /unique_chucks/23/0xc22407b1f34e494b7f85187fafc2ce5d13871ffb.sol:
	- pragma solidity^0.4.11 (/unique_chucks/23/0xc22407b1f34e494b7f85187fafc2ce5d13871ffb.sol#1): it allows old versions
	- pragma solidity^0.4.0 (/unique_chucks/23/0xc22407b1f34e494b7f85187fafc2ce5d13871ffb.sol#415): it allows old versions
Reference: https://github.com/trailofbits/slither/wiki/Detectors-Documentation#incorrect-version-of-solidity[0m
INFO:Detectors:[92m
Function 'Ownable.Ownable' (/unique_chucks/23/0xc22407b1f34e494b7f85187fafc2ce5d13871ffb.sol#50-55) is not in mixedCase
Function 'RefundVault.RefundVault' (/unique_chucks/23/0xc22407b1f34e494b7f85187fafc2ce5d13871ffb.sol#96-101) is not in mixedCase
Parameter '_wallet' of RefundVault.RefundVault (/unique_chucks/23/0xc22407b1f34e494b7f85187fafc2ce5d13871ffb.sol#97-98) is not in mixedCase
Parameter '_owner' of BasicToken.balanceOf (/unique_chucks/23/0xc22407b1f34e494b7f85187fafc2ce5d13871ffb.sol#188-189) is not in mixedCase
Parameter '_to' of BasicToken.transfer (/unique_chucks/23/0xc22407b1f34e494b7f85187fafc2ce5d13871ffb.sol#170) is not in mixedCase
Parameter '_value' of BasicToken.transfer (/unique_chucks/23/0xc22407b1f34e494b7f85187fafc2ce5d13871ffb.sol#170) is not in mixedCase
Parameter '_owner' of StandardToken.allowance (/unique_chucks/23/0xc22407b1f34e494b7f85187fafc2ce5d13871ffb.sol#243) is not in mixedCase
Parameter '_spender' of StandardToken.allowance (/unique_chucks/23/0xc22407b1f34e494b7f85187fafc2ce5d13871ffb.sol#243) is not in mixedCase
Parameter '_from' of StandardToken.transferFrom (/unique_chucks/23/0xc22407b1f34e494b7f85187fafc2ce5d13871ffb.sol#206-208) is not in mixedCase
Parameter '_to' of StandardToken.transferFrom (/unique_chucks/23/0xc22407b1f34e494b7f85187fafc2ce5d13871ffb.sol#208) is not in mixedCase
Parameter '_value' of StandardToken.transferFrom (/unique_chucks/23/0xc22407b1f34e494b7f85187fafc2ce5d13871ffb.sol#208) is not in mixedCase
Parameter '_spender' of StandardToken.approve (/unique_chucks/23/0xc22407b1f34e494b7f85187fafc2ce5d13871ffb.sol#232) is not in mixedCase
Parameter '_value' of StandardToken.approve (/unique_chucks/23/0xc22407b1f34e494b7f85187fafc2ce5d13871ffb.sol#232) is not in mixedCase
Parameter '_spender' of StandardToken.increaseApproval (/unique_chucks/23/0xc22407b1f34e494b7f85187fafc2ce5d13871ffb.sol#250-253) is not in mixedCase
Parameter '_addedValue' of StandardToken.increaseApproval (/unique_chucks/23/0xc22407b1f34e494b7f85187fafc2ce5d13871ffb.sol#253) is not in mixedCase
Parameter '_spender' of StandardToken.decreaseApproval (/unique_chucks/23/0xc22407b1f34e494b7f85187fafc2ce5d13871ffb.sol#258) is not in mixedCase
Parameter '_subtractedValue' of StandardToken.decreaseApproval (/unique_chucks/23/0xc22407b1f34e494b7f85187fafc2ce5d13871ffb.sol#258) is not in mixedCase
Parameter '_to' of MintableToken.mint (/unique_chucks/23/0xc22407b1f34e494b7f85187fafc2ce5d13871ffb.sol#300) is not in mixedCase
Parameter '_amount' of MintableToken.mint (/unique_chucks/23/0xc22407b1f34e494b7f85187fafc2ce5d13871ffb.sol#300) is not in mixedCase
Event 'TokenOfGratitude.tokenRedemption' (/unique_chucks/23/0xc22407b1f34e494b7f85187fafc2ce5d13871ffb.sol#334-335) is not in CapWords
Event 'TokenOfGratitude.goldenTicketMoved' (/unique_chucks/23/0xc22407b1f34e494b7f85187fafc2ce5d13871ffb.sol#335-336) is not in CapWords
Event 'TokenOfGratitude.goldenTicketUsed' (/unique_chucks/23/0xc22407b1f34e494b7f85187fafc2ce5d13871ffb.sol#336) is not in CapWords
Function 'TokenOfGratitude.TokenOfGratitude' (/unique_chucks/23/0xc22407b1f34e494b7f85187fafc2ce5d13871ffb.sol#336-340) is not in mixedCase
Function 'OraclizeI.query_withGasLimit' (/unique_chucks/23/0xc22407b1f34e494b7f85187fafc2ce5d13871ffb.sol#417-418) is not in mixedCase
Function 'OraclizeI.query2_withGasLimit' (/unique_chucks/23/0xc22407b1f34e494b7f85187fafc2ce5d13871ffb.sol#419-421) is not in mixedCase
Function 'OraclizeI.queryN_withGasLimit' (/unique_chucks/23/0xc22407b1f34e494b7f85187fafc2ce5d13871ffb.sol#424-427) is not in mixedCase
Function 'OraclizeI.randomDS_getSessionPubKeyHash' (/unique_chucks/23/0xc22407b1f34e494b7f85187fafc2ce5d13871ffb.sol#437-438) is not in mixedCase
Contract 'usingOraclize' (/unique_chucks/23/0xc22407b1f34e494b7f85187fafc2ce5d13871ffb.sol#440-1453) is not in CapWords
Function 'usingOraclize.oraclize_setNetwork' (/unique_chucks/23/0xc22407b1f34e494b7f85187fafc2ce5d13871ffb.sol#471-514) is not in mixedCase
Function 'usingOraclize.__callback' (/unique_chucks/23/0xc22407b1f34e494b7f85187fafc2ce5d13871ffb.sol#514-518) is not in mixedCase
Function 'usingOraclize.__callback' (/unique_chucks/23/0xc22407b1f34e494b7f85187fafc2ce5d13871ffb.sol#518) is not in mixedCase
Function 'usingOraclize.oraclize_useCoupon' (/unique_chucks/23/0xc22407b1f34e494b7f85187fafc2ce5d13871ffb.sol#518-520) is not in mixedCase
Function 'usingOraclize.oraclize_getPrice' (/unique_chucks/23/0xc22407b1f34e494b7f85187fafc2ce5d13871ffb.sol#520-523) is not in mixedCase
Function 'usingOraclize.oraclize_getPrice' (/unique_chucks/23/0xc22407b1f34e494b7f85187fafc2ce5d13871ffb.sol#523-525) is not in mixedCase
Function 'usingOraclize.oraclize_query' (/unique_chucks/23/0xc22407b1f34e494b7f85187fafc2ce5d13871ffb.sol#525-529) is not in mixedCase
Function 'usingOraclize.oraclize_query' (/unique_chucks/23/0xc22407b1f34e494b7f85187fafc2ce5d13871ffb.sol#529-534) is not in mixedCase
Function 'usingOraclize.oraclize_query' (/unique_chucks/23/0xc22407b1f34e494b7f85187fafc2ce5d13871ffb.sol#534-540) is not in mixedCase
Function 'usingOraclize.oraclize_query' (/unique_chucks/23/0xc22407b1f34e494b7f85187fafc2ce5d13871ffb.sol#540-545) is not in mixedCase
Function 'usingOraclize.oraclize_query' (/unique_chucks/23/0xc22407b1f34e494b7f85187fafc2ce5d13871ffb.sol#545-549) is not in mixedCase
Function 'usingOraclize.oraclize_query' (/unique_chucks/23/0xc22407b1f34e494b7f85187fafc2ce5d13871ffb.sol#549-554) is not in mixedCase
Function 'usingOraclize.oraclize_query' (/unique_chucks/23/0xc22407b1f34e494b7f85187fafc2ce5d13871ffb.sol#554-560) is not in mixedCase
Function 'usingOraclize.oraclize_query' (/unique_chucks/23/0xc22407b1f34e494b7f85187fafc2ce5d13871ffb.sol#560-566) is not in mixedCase
Function 'usingOraclize.oraclize_query' (/unique_chucks/23/0xc22407b1f34e494b7f85187fafc2ce5d13871ffb.sol#566-571) is not in mixedCase
Function 'usingOraclize.oraclize_query' (/unique_chucks/23/0xc22407b1f34e494b7f85187fafc2ce5d13871ffb.sol#571-577) is not in mixedCase
Function 'usingOraclize.oraclize_query' (/unique_chucks/23/0xc22407b1f34e494b7f85187fafc2ce5d13871ffb.sol#577-584) is not in mixedCase
Function 'usingOraclize.oraclize_query' (/unique_chucks/23/0xc22407b1f34e494b7f85187fafc2ce5d13871ffb.sol#584-592) is not in mixedCase
Function 'usingOraclize.oraclize_query' (/unique_chucks/23/0xc22407b1f34e494b7f85187fafc2ce5d13871ffb.sol#592-597) is not in mixedCase
Function 'usingOraclize.oraclize_query' (/unique_chucks/23/0xc22407b1f34e494b7f85187fafc2ce5d13871ffb.sol#597-603) is not in mixedCase
Function 'usingOraclize.oraclize_query' (/unique_chucks/23/0xc22407b1f34e494b7f85187fafc2ce5d13871ffb.sol#603-609) is not in mixedCase
Function 'usingOraclize.oraclize_query' (/unique_chucks/23/0xc22407b1f34e494b7f85187fafc2ce5d13871ffb.sol#609-615) is not in mixedCase
Function 'usingOraclize.oraclize_query' (/unique_chucks/23/0xc22407b1f34e494b7f85187fafc2ce5d13871ffb.sol#615-619) is not in mixedCase
Function 'usingOraclize.oraclize_query' (/unique_chucks/23/0xc22407b1f34e494b7f85187fafc2ce5d13871ffb.sol#619-625) is not in mixedCase
Function 'usingOraclize.oraclize_query' (/unique_chucks/23/0xc22407b1f34e494b7f85187fafc2ce5d13871ffb.sol#625-634) is not in mixedCase
Function 'usingOraclize.oraclize_query' (/unique_chucks/23/0xc22407b1f34e494b7f85187fafc2ce5d13871ffb.sol#634-639) is not in mixedCase
Function 'usingOraclize.oraclize_query' (/unique_chucks/23/0xc22407b1f34e494b7f85187fafc2ce5d13871ffb.sol#639-646) is not in mixedCase
Function 'usingOraclize.oraclize_query' (/unique_chucks/23/0xc22407b1f34e494b7f85187fafc2ce5d13871ffb.sol#646-653) is not in mixedCase
Function 'usingOraclize.oraclize_query' (/unique_chucks/23/0xc22407b1f34e494b7f85187fafc2ce5d13871ffb.sol#653-662) is not in mixedCase
Function 'usingOraclize.oraclize_query' (/unique_chucks/23/0xc22407b1f34e494b7f85187fafc2ce5d13871ffb.sol#662-670) is not in mixedCase
Function 'usingOraclize.oraclize_query' (/unique_chucks/23/0xc22407b1f34e494b7f85187fafc2ce5d13871ffb.sol#670-677) is not in mixedCase
Function 'usingOraclize.oraclize_query' (/unique_chucks/23/0xc22407b1f34e494b7f85187fafc2ce5d13871ffb.sol#677-685) is not in mixedCase
Function 'usingOraclize.oraclize_query' (/unique_chucks/23/0xc22407b1f34e494b7f85187fafc2ce5d13871ffb.sol#685-695) is not in mixedCase
Function 'usingOraclize.oraclize_query' (/unique_chucks/23/0xc22407b1f34e494b7f85187fafc2ce5d13871ffb.sol#695-703) is not in mixedCase
Function 'usingOraclize.oraclize_query' (/unique_chucks/23/0xc22407b1f34e494b7f85187fafc2ce5d13871ffb.sol#704-711) is not in mixedCase
Function 'usingOraclize.oraclize_query' (/unique_chucks/23/0xc22407b1f34e494b7f85187fafc2ce5d13871ffb.sol#711-720) is not in mixedCase
Function 'usingOraclize.oraclize_query' (/unique_chucks/23/0xc22407b1f34e494b7f85187fafc2ce5d13871ffb.sol#720-728) is not in mixedCase
Function 'usingOraclize.oraclize_query' (/unique_chucks/23/0xc22407b1f34e494b7f85187fafc2ce5d13871ffb.sol#728-734) is not in mixedCase
Function 'usingOraclize.oraclize_query' (/unique_chucks/23/0xc22407b1f34e494b7f85187fafc2ce5d13871ffb.sol#734-740) is not in mixedCase
Function 'usingOraclize.oraclize_query' (/unique_chucks/23/0xc22407b1f34e494b7f85187fafc2ce5d13871ffb.sol#740-745) is not in mixedCase
Function 'usingOraclize.oraclize_query' (/unique_chucks/23/0xc22407b1f34e494b7f85187fafc2ce5d13871ffb.sol#745-753) is not in mixedCase
Function 'usingOraclize.oraclize_query' (/unique_chucks/23/0xc22407b1f34e494b7f85187fafc2ce5d13871ffb.sol#753-761) is not in mixedCase
Function 'usingOraclize.oraclize_query' (/unique_chucks/23/0xc22407b1f34e494b7f85187fafc2ce5d13871ffb.sol#761-765) is not in mixedCase
Function 'usingOraclize.oraclize_query' (/unique_chucks/23/0xc22407b1f34e494b7f85187fafc2ce5d13871ffb.sol#765-772) is not in mixedCase
Function 'usingOraclize.oraclize_query' (/unique_chucks/23/0xc22407b1f34e494b7f85187fafc2ce5d13871ffb.sol#772-778) is not in mixedCase
Function 'usingOraclize.oraclize_query' (/unique_chucks/23/0xc22407b1f34e494b7f85187fafc2ce5d13871ffb.sol#778-783) is not in mixedCase
Function 'usingOraclize.oraclize_query' (/unique_chucks/23/0xc22407b1f34e494b7f85187fafc2ce5d13871ffb.sol#783-788) is not in mixedCase
Function 'usingOraclize.oraclize_query' (/unique_chucks/23/0xc22407b1f34e494b7f85187fafc2ce5d13871ffb.sol#788-795) is not in mixedCase
Function 'usingOraclize.oraclize_query' (/unique_chucks/23/0xc22407b1f34e494b7f85187fafc2ce5d13871ffb.sol#795-802) is not in mixedCase
Function 'usingOraclize.oraclize_query' (/unique_chucks/23/0xc22407b1f34e494b7f85187fafc2ce5d13871ffb.sol#802-808) is not in mixedCase
Function 'usingOraclize.oraclize_query' (/unique_chucks/23/0xc22407b1f34e494b7f85187fafc2ce5d13871ffb.sol#808-814) is not in mixedCase
Function 'usingOraclize.oraclize_query' (/unique_chucks/23/0xc22407b1f34e494b7f85187fafc2ce5d13871ffb.sol#814-823) is not in mixedCase
Function 'usingOraclize.oraclize_query' (/unique_chucks/23/0xc22407b1f34e494b7f85187fafc2ce5d13871ffb.sol#823-831) is not in mixedCase
Function 'usingOraclize.oraclize_query' (/unique_chucks/23/0xc22407b1f34e494b7f85187fafc2ce5d13871ffb.sol#831-838) is not in mixedCase
Function 'usingOraclize.oraclize_query' (/unique_chucks/23/0xc22407b1f34e494b7f85187fafc2ce5d13871ffb.sol#838-846) is not in mixedCase
Function 'usingOraclize.oraclize_query' (/unique_chucks/23/0xc22407b1f34e494b7f85187fafc2ce5d13871ffb.sol#846-854) is not in mixedCase
Function 'usingOraclize.oraclize_query' (/unique_chucks/23/0xc22407b1f34e494b7f85187fafc2ce5d13871ffb.sol#854-864) is not in mixedCase
Function 'usingOraclize.oraclize_query' (/unique_chucks/23/0xc22407b1f34e494b7f85187fafc2ce5d13871ffb.sol#864-872) is not in mixedCase
Function 'usingOraclize.oraclize_query' (/unique_chucks/23/0xc22407b1f34e494b7f85187fafc2ce5d13871ffb.sol#872-881) is not in mixedCase
Function 'usingOraclize.oraclize_query' (/unique_chucks/23/0xc22407b1f34e494b7f85187fafc2ce5d13871ffb.sol#881-891) is not in mixedCase
Function 'usingOraclize.oraclize_query' (/unique_chucks/23/0xc22407b1f34e494b7f85187fafc2ce5d13871ffb.sol#891-902) is not in mixedCase
Function 'usingOraclize.oraclize_query' (/unique_chucks/23/0xc22407b1f34e494b7f85187fafc2ce5d13871ffb.sol#904-915) is not in mixedCase
Function 'usingOraclize.oraclize_cbAddress' (/unique_chucks/23/0xc22407b1f34e494b7f85187fafc2ce5d13871ffb.sol#915-919) is not in mixedCase
Function 'usingOraclize.oraclize_setProof' (/unique_chucks/23/0xc22407b1f34e494b7f85187fafc2ce5d13871ffb.sol#920-923) is not in mixedCase
Function 'usingOraclize.oraclize_setCustomGasPrice' (/unique_chucks/23/0xc22407b1f34e494b7f85187fafc2ce5d13871ffb.sol#923-926) is not in mixedCase
Function 'usingOraclize.oraclize_setConfig' (/unique_chucks/23/0xc22407b1f34e494b7f85187fafc2ce5d13871ffb.sol#926-928) is not in mixedCase
Function 'usingOraclize.oraclize_randomDS_getSessionPubKeyHash' (/unique_chucks/23/0xc22407b1f34e494b7f85187fafc2ce5d13871ffb.sol#928-934) is not in mixedCase
Parameter '_a' of usingOraclize.parseAddr (/unique_chucks/23/0xc22407b1f34e494b7f85187fafc2ce5d13871ffb.sol#938-939) is not in mixedCase
Parameter '_a' of usingOraclize.strCompare (/unique_chucks/23/0xc22407b1f34e494b7f85187fafc2ce5d13871ffb.sol#964) is not in mixedCase
Parameter '_b' of usingOraclize.strCompare (/unique_chucks/23/0xc22407b1f34e494b7f85187fafc2ce5d13871ffb.sol#964-965) is not in mixedCase
Parameter '_haystack' of usingOraclize.indexOf (/unique_chucks/23/0xc22407b1f34e494b7f85187fafc2ce5d13871ffb.sol#980) is not in mixedCase
Parameter '_needle' of usingOraclize.indexOf (/unique_chucks/23/0xc22407b1f34e494b7f85187fafc2ce5d13871ffb.sol#980-981) is not in mixedCase
Parameter '_a' of usingOraclize.strConcat (/unique_chucks/23/0xc22407b1f34e494b7f85187fafc2ce5d13871ffb.sol#1000) is not in mixedCase
Parameter '_b' of usingOraclize.strConcat (/unique_chucks/23/0xc22407b1f34e494b7f85187fafc2ce5d13871ffb.sol#1000) is not in mixedCase
Parameter '_c' of usingOraclize.strConcat (/unique_chucks/23/0xc22407b1f34e494b7f85187fafc2ce5d13871ffb.sol#1000) is not in mixedCase
Parameter '_d' of usingOraclize.strConcat (/unique_chucks/23/0xc22407b1f34e494b7f85187fafc2ce5d13871ffb.sol#1000) is not in mixedCase
Parameter '_e' of usingOraclize.strConcat (/unique_chucks/23/0xc22407b1f34e494b7f85187fafc2ce5d13871ffb.sol#1000) is not in mixedCase
Parameter '_a' of usingOraclize.strConcat (/unique_chucks/23/0xc22407b1f34e494b7f85187fafc2ce5d13871ffb.sol#1025-1026) is not in mixedCase
Parameter '_b' of usingOraclize.strConcat (/unique_chucks/23/0xc22407b1f34e494b7f85187fafc2ce5d13871ffb.sol#1026) is not in mixedCase
Parameter '_c' of usingOraclize.strConcat (/unique_chucks/23/0xc22407b1f34e494b7f85187fafc2ce5d13871ffb.sol#1026) is not in mixedCase
Parameter '_d' of usingOraclize.strConcat (/unique_chucks/23/0xc22407b1f34e494b7f85187fafc2ce5d13871ffb.sol#1026) is not in mixedCase
Parameter '_a' of usingOraclize.strConcat (/unique_chucks/23/0xc22407b1f34e494b7f85187fafc2ce5d13871ffb.sol#1032) is not in mixedCase
Parameter '_b' of usingOraclize.strConcat (/unique_chucks/23/0xc22407b1f34e494b7f85187fafc2ce5d13871ffb.sol#1032) is not in mixedCase
Parameter '_c' of usingOraclize.strConcat (/unique_chucks/23/0xc22407b1f34e494b7f85187fafc2ce5d13871ffb.sol#1032) is not in mixedCase
Parameter '_a' of usingOraclize.strConcat (/unique_chucks/23/0xc22407b1f34e494b7f85187fafc2ce5d13871ffb.sol#1037) is not in mixedCase
Parameter '_b' of usingOraclize.strConcat (/unique_chucks/23/0xc22407b1f34e494b7f85187fafc2ce5d13871ffb.sol#1037-1038) is not in mixedCase
Parameter '_a' of usingOraclize.parseInt (/unique_chucks/23/0xc22407b1f34e494b7f85187fafc2ce5d13871ffb.sol#1043) is not in mixedCase
Parameter '_a' of usingOraclize.parseInt (/unique_chucks/23/0xc22407b1f34e494b7f85187fafc2ce5d13871ffb.sol#1049) is not in mixedCase
Parameter '_b' of usingOraclize.parseInt (/unique_chucks/23/0xc22407b1f34e494b7f85187fafc2ce5d13871ffb.sol#1049) is not in mixedCase
Function 'usingOraclize.oraclize_setNetworkName' (/unique_chucks/23/0xc22407b1f34e494b7f85187fafc2ce5d13871ffb.sol#1158-1162) is not in mixedCase
Parameter '_network_name' of usingOraclize.oraclize_setNetworkName (/unique_chucks/23/0xc22407b1f34e494b7f85187fafc2ce5d13871ffb.sol#1159) is not in mixedCase
Function 'usingOraclize.oraclize_getNetworkName' (/unique_chucks/23/0xc22407b1f34e494b7f85187fafc2ce5d13871ffb.sol#1162-1166) is not in mixedCase
Function 'usingOraclize.oraclize_newRandomDSQuery' (/unique_chucks/23/0xc22407b1f34e494b7f85187fafc2ce5d13871ffb.sol#1166-1195) is not in mixedCase
Parameter '_delay' of usingOraclize.oraclize_newRandomDSQuery (/unique_chucks/23/0xc22407b1f34e494b7f85187fafc2ce5d13871ffb.sol#1167) is not in mixedCase
Parameter '_nbytes' of usingOraclize.oraclize_newRandomDSQuery (/unique_chucks/23/0xc22407b1f34e494b7f85187fafc2ce5d13871ffb.sol#1167) is not in mixedCase
Parameter '_customGasLimit' of usingOraclize.oraclize_newRandomDSQuery (/unique_chucks/23/0xc22407b1f34e494b7f85187fafc2ce5d13871ffb.sol#1167) is not in mixedCase
Function 'usingOraclize.oraclize_randomDS_setCommitment' (/unique_chucks/23/0xc22407b1f34e494b7f85187fafc2ce5d13871ffb.sol#1197-1200) is not in mixedCase
Function 'usingOraclize.oraclize_randomDS_proofVerify__sessionKeyValidity' (/unique_chucks/23/0xc22407b1f34e494b7f85187fafc2ce5d13871ffb.sol#1221-1262) is not in mixedCase
Function 'usingOraclize.oraclize_randomDS_proofVerify__returnCode' (/unique_chucks/23/0xc22407b1f34e494b7f85187fafc2ce5d13871ffb.sol#1270-1282) is not in mixedCase
Parameter '_queryId' of usingOraclize.oraclize_randomDS_proofVerify__returnCode (/unique_chucks/23/0xc22407b1f34e494b7f85187fafc2ce5d13871ffb.sol#1273) is not in mixedCase
Parameter '_result' of usingOraclize.oraclize_randomDS_proofVerify__returnCode (/unique_chucks/23/0xc22407b1f34e494b7f85187fafc2ce5d13871ffb.sol#1273) is not in mixedCase
Parameter '_proof' of usingOraclize.oraclize_randomDS_proofVerify__returnCode (/unique_chucks/23/0xc22407b1f34e494b7f85187fafc2ce5d13871ffb.sol#1273) is not in mixedCase
Function 'usingOraclize.oraclize_randomDS_proofVerify__main' (/unique_chucks/23/0xc22407b1f34e494b7f85187fafc2ce5d13871ffb.sol#1285-1342) is not in mixedCase
Parameter 'context_name' of usingOraclize.oraclize_randomDS_proofVerify__main (/unique_chucks/23/0xc22407b1f34e494b7f85187fafc2ce5d13871ffb.sol#1287-1288) is not in mixedCase
Function 'usingOraclize.safer_ecrecover' (/unique_chucks/23/0xc22407b1f34e494b7f85187fafc2ce5d13871ffb.sol#1376-1401) is not in mixedCase
Constant 'usingOraclize.day' (/unique_chucks/23/0xc22407b1f34e494b7f85187fafc2ce5d13871ffb.sol#441-442) is not in UPPER_CASE_WITH_UNDERSCORES
Constant 'usingOraclize.week' (/unique_chucks/23/0xc22407b1f34e494b7f85187fafc2ce5d13871ffb.sol#442-443) is not in UPPER_CASE_WITH_UNDERSCORES
Constant 'usingOraclize.month' (/unique_chucks/23/0xc22407b1f34e494b7f85187fafc2ce5d13871ffb.sol#443-444) is not in UPPER_CASE_WITH_UNDERSCORES
Constant 'usingOraclize.proofType_NONE' (/unique_chucks/23/0xc22407b1f34e494b7f85187fafc2ce5d13871ffb.sol#444-446) is not in UPPER_CASE_WITH_UNDERSCORES
Constant 'usingOraclize.proofType_TLSNotary' (/unique_chucks/23/0xc22407b1f34e494b7f85187fafc2ce5d13871ffb.sol#446-448) is not in UPPER_CASE_WITH_UNDERSCORES
Constant 'usingOraclize.proofType_Android' (/unique_chucks/23/0xc22407b1f34e494b7f85187fafc2ce5d13871ffb.sol#448-450) is not in UPPER_CASE_WITH_UNDERSCORES
Constant 'usingOraclize.proofType_Ledger' (/unique_chucks/23/0xc22407b1f34e494b7f85187fafc2ce5d13871ffb.sol#450) is not in UPPER_CASE_WITH_UNDERSCORES
Constant 'usingOraclize.proofType_Native' (/unique_chucks/23/0xc22407b1f34e494b7f85187fafc2ce5d13871ffb.sol#450-451) is not in UPPER_CASE_WITH_UNDERSCORES
Constant 'usingOraclize.proofStorage_IPFS' (/unique_chucks/23/0xc22407b1f34e494b7f85187fafc2ce5d13871ffb.sol#451-453) is not in UPPER_CASE_WITH_UNDERSCORES
Constant 'usingOraclize.networkID_auto' (/unique_chucks/23/0xc22407b1f34e494b7f85187fafc2ce5d13871ffb.sol#453-454) is not in UPPER_CASE_WITH_UNDERSCORES
Constant 'usingOraclize.networkID_mainnet' (/unique_chucks/23/0xc22407b1f34e494b7f85187fafc2ce5d13871ffb.sol#454-458) is not in UPPER_CASE_WITH_UNDERSCORES
Constant 'usingOraclize.networkID_testnet' (/unique_chucks/23/0xc22407b1f34e494b7f85187fafc2ce5d13871ffb.sol#458-459) is not in UPPER_CASE_WITH_UNDERSCORES
Constant 'usingOraclize.networkID_morden' (/unique_chucks/23/0xc22407b1f34e494b7f85187fafc2ce5d13871ffb.sol#459-460) is not in UPPER_CASE_WITH_UNDERSCORES
Constant 'usingOraclize.networkID_consensys' (/unique_chucks/23/0xc22407b1f34e494b7f85187fafc2ce5d13871ffb.sol#460-463) is not in UPPER_CASE_WITH_UNDERSCORES
Variable 'usingOraclize.OAR' (/unique_chucks/23/0xc22407b1f34e494b7f85187fafc2ce5d13871ffb.sol#464) is not in mixedCase
Variable 'usingOraclize.oraclize_network_name' (/unique_chucks/23/0xc22407b1f34e494b7f85187fafc2ce5d13871ffb.sol#1158) is not in mixedCase
Variable 'usingOraclize.oraclize_randomDS_args' (/unique_chucks/23/0xc22407b1f34e494b7f85187fafc2ce5d13871ffb.sol#1200) is not in mixedCase
Variable 'usingOraclize.oraclize_randomDS_sessionKeysHashVerified' (/unique_chucks/23/0xc22407b1f34e494b7f85187fafc2ce5d13871ffb.sol#1200-1201) is not in mixedCase
Modifier 'usingOraclize.oraclize_randomDS_proofVerify' (/unique_chucks/23/0xc22407b1f34e494b7f85187fafc2ce5d13871ffb.sol#1262-1270) is not in mixedCase
Function 'Crowdsale.Crowdsale' (/unique_chucks/23/0xc22407b1f34e494b7f85187fafc2ce5d13871ffb.sol#1495-1503) is not in mixedCase
Parameter '_startTime' of Crowdsale.Crowdsale (/unique_chucks/23/0xc22407b1f34e494b7f85187fafc2ce5d13871ffb.sol#1495) is not in mixedCase
Parameter '_endTime' of Crowdsale.Crowdsale (/unique_chucks/23/0xc22407b1f34e494b7f85187fafc2ce5d13871ffb.sol#1495-1496) is not in mixedCase
Event 'GratitudeCrowdsale.finishFundraiser' (/unique_chucks/23/0xc22407b1f34e494b7f85187fafc2ce5d13871ffb.sol#1607-1609) is not in CapWords
Event 'GratitudeCrowdsale.fundsToMSF' (/unique_chucks/23/0xc22407b1f34e494b7f85187fafc2ce5d13871ffb.sol#1609-1610) is not in CapWords
Event 'GratitudeCrowdsale.fundsToCommunity' (/unique_chucks/23/0xc22407b1f34e494b7f85187fafc2ce5d13871ffb.sol#1610-1611) is not in CapWords
Event 'GratitudeCrowdsale.goldenTicketFound' (/unique_chucks/23/0xc22407b1f34e494b7f85187fafc2ce5d13871ffb.sol#1612) is not in CapWords
Event 'GratitudeCrowdsale.newOraclizeQuery' (/unique_chucks/23/0xc22407b1f34e494b7f85187fafc2ce5d13871ffb.sol#1616-1617) is not in CapWords
Event 'GratitudeCrowdsale.newRate' (/unique_chucks/23/0xc22407b1f34e494b7f85187fafc2ce5d13871ffb.sol#1617-1621) is not in CapWords
Event 'GratitudeCrowdsale.newRandom' (/unique_chucks/23/0xc22407b1f34e494b7f85187fafc2ce5d13871ffb.sol#1621) is not in CapWords
Function 'GratitudeCrowdsale.__callback' (/unique_chucks/23/0xc22407b1f34e494b7f85187fafc2ce5d13871ffb.sol#1867-1874) is not in mixedCase
Function 'GratitudeCrowdsale.GratitudeCrowdsale' (/unique_chucks/23/0xc22407b1f34e494b7f85187fafc2ce5d13871ffb.sol#1623-1628) is not in mixedCase
Parameter '_value' of GratitudeCrowdsale.howMany (/unique_chucks/23/0xc22407b1f34e494b7f85187fafc2ce5d13871ffb.sol#1671) is not in mixedCase
Parameter '_gasLimit' of GratitudeCrowdsale.getRateUSD (/unique_chucks/23/0xc22407b1f34e494b7f85187fafc2ce5d13871ffb.sol#1827) is not in mixedCase
Parameter '_gasLimit' of GratitudeCrowdsale.getRandom (/unique_chucks/23/0xc22407b1f34e494b7f85187fafc2ce5d13871ffb.sol#1841-1842) is not in mixedCase
Parameter '_result' of GratitudeCrowdsale.checkQueryA (/unique_chucks/23/0xc22407b1f34e494b7f85187fafc2ce5d13871ffb.sol) is not in mixedCase
Parameter '_result' of GratitudeCrowdsale.checkQueryB (/unique_chucks/23/0xc22407b1f34e494b7f85187fafc2ce5d13871ffb.sol) is not in mixedCase
Constant 'GratitudeCrowdsale.addressOfMSF' (/unique_chucks/23/0xc22407b1f34e494b7f85187fafc2ce5d13871ffb.sol#1596-1597) is not in UPPER_CASE_WITH_UNDERSCORES
Constant 'GratitudeCrowdsale.communityAddress' (/unique_chucks/23/0xc22407b1f34e494b7f85187fafc2ce5d13871ffb.sol#1597-1599) is not in UPPER_CASE_WITH_UNDERSCORES
Reference: https://github.com/trailofbits/slither/wiki/Detectors-Documentation#conformance-to-solidity-naming-conventions[0m
INFO:Detectors:[92m
usingOraclize.day (/unique_chucks/23/0xc22407b1f34e494b7f85187fafc2ce5d13871ffb.sol#441-442) is never used in GratitudeCrowdsale
usingOraclize.week (/unique_chucks/23/0xc22407b1f34e494b7f85187fafc2ce5d13871ffb.sol#442-443) is never used in GratitudeCrowdsale
usingOraclize.month (/unique_chucks/23/0xc22407b1f34e494b7f85187fafc2ce5d13871ffb.sol#443-444) is never used in GratitudeCrowdsale
usingOraclize.proofType_NONE (/unique_chucks/23/0xc22407b1f34e494b7f85187fafc2ce5d13871ffb.sol#444-446) is never used in GratitudeCrowdsale
usingOraclize.proofType_Android (/unique_chucks/23/0xc22407b1f34e494b7f85187fafc2ce5d13871ffb.sol#448-450) is never used in GratitudeCrowdsale
usingOraclize.proofType_Native (/unique_chucks/23/0xc22407b1f34e494b7f85187fafc2ce5d13871ffb.sol#450-451) is never used in GratitudeCrowdsale
usingOraclize.proofStorage_IPFS (/unique_chucks/23/0xc22407b1f34e494b7f85187fafc2ce5d13871ffb.sol#451-453) is never used in GratitudeCrowdsale
usingOraclize.networkID_mainnet (/unique_chucks/23/0xc22407b1f34e494b7f85187fafc2ce5d13871ffb.sol#454-458) is never used in GratitudeCrowdsale
usingOraclize.networkID_testnet (/unique_chucks/23/0xc22407b1f34e494b7f85187fafc2ce5d13871ffb.sol#458-459) is never used in GratitudeCrowdsale
usingOraclize.networkID_morden (/unique_chucks/23/0xc22407b1f34e494b7f85187fafc2ce5d13871ffb.sol#459-460) is never used in GratitudeCrowdsale
usingOraclize.networkID_consensys (/unique_chucks/23/0xc22407b1f34e494b7f85187fafc2ce5d13871ffb.sol#460-463) is never used in GratitudeCrowdsale
Reference: https://github.com/trailofbits/slither/wiki/Detectors-Documentation#unused-state-variables[0m
INFO:Slither:/unique_chucks/23/0xc22407b1f34e494b7f85187fafc2ce5d13871ffb.sol analyzed (15 contracts), 241 result(s) found