2019-07-26 07:37:39,795: [12] m.main:INFO: Registered plugins: DetectReentrancySimple, DetectInvalid, DetectUnusedRetVal, DetectDelegatecall, DetectUninitializedStorage, DetectIntegerOverflow, DetectEnvInstruction, DetectReentrancyAdvanced, DetectUninitializedMemory, DetectExternalCallAndLeak, DetectSuicidal
2019-07-26 07:37:39,795: [12] m.main:INFO: Beginning analysis
2019-07-26 07:37:39,809: [12] m.e.manticore:INFO: Starting symbolic create contract
2019-07-26 07:37:41,377: [12] m.e.manticore:INFO: Starting symbolic transaction: 0
2019-07-26 07:37:42,407: [12] m.e.manticore:INFO: 0 alive states, 2 terminated states
2019-07-26 07:37:42,569: [12] m.e.manticore:INFO: Starting symbolic transaction: 1
2019-07-26 07:37:42,696: [582] m.c.manticore:INFO: Generated testcase No. 0 - RETURN(1 txs)
2019-07-26 07:37:42,810: [587] m.c.manticore:INFO: Generated testcase No. 1 - REVERT(2 txs)
2019-07-26 07:37:44,006: [12] m.c.manticore:INFO: Results in /mcore_byklonwl
2019-07-26 07:37:45,087: [897] m.main:INFO: Registered plugins: DetectSuicidal, DetectExternalCallAndLeak, DetectEnvInstruction, DetectUninitializedStorage, DetectIntegerOverflow, DetectReentrancyAdvanced, DetectDelegatecall, DetectUninitializedMemory, DetectUnusedRetVal, DetectReentrancySimple, DetectInvalid
2019-07-26 07:37:45,087: [897] m.main:INFO: Beginning analysis
2019-07-26 07:37:45,101: [897] m.e.manticore:INFO: Starting symbolic create contract
2019-07-26 07:38:20,350: [897] m.e.manticore:INFO: Starting symbolic transaction: 0
2019-07-26 07:38:58,679: [4078] m.e.detectors:WARNING: Warning TIMESTAMP instruction used
2019-07-26 07:43:15,862: [4110] m.e.detectors:WARNING: Warning NUMBER instruction used
2019-07-26 07:44:07,029: [4078] m.e.detectors:WARNING: Warning TIMESTAMP instruction used
2019-07-26 07:47:10,989: [4081] m.e.detectors:WARNING: Warning TIMESTAMP instruction used
2019-07-26 07:59:29,185: [897] m.e.manticore:INFO: 26 alive states, 53 terminated states
2019-07-26 07:59:43,097: [897] m.e.manticore:INFO: Starting symbolic transaction: 1
2019-07-26 08:06:51,177: [14562] m.e.detectors:WARNING: Warning TIMESTAMP instruction used