INFO:Detectors:[92m
WorldElectronicSportsCoin.transferFrom.allowance (local variable @ /unique_chucks/2/0x75b5f145002ba88cdfdb7897e0550781e3909a08.sol#128-129) shadows:
	- WorldElectronicSportsCoin.allowance (function @ /unique_chucks/2/0x75b5f145002ba88cdfdb7897e0550781e3909a08.sol#159-160)
Reference: https://github.com/trailofbits/slither/wiki/Detectors-Documentation#local-variable-shadowing[0m
INFO:Detectors:[92m
WorldElectronicSportsCoin.setLock (/unique_chucks/2/0x75b5f145002ba88cdfdb7897e0550781e3909a08.sol#101-102) should be declared external
WorldElectronicSportsCoin.transferOwnership (/unique_chucks/2/0x75b5f145002ba88cdfdb7897e0550781e3909a08.sol#102-113) should be declared external
WorldElectronicSportsCoin.transfer (/unique_chucks/2/0x75b5f145002ba88cdfdb7897e0550781e3909a08.sol#113-125) should be declared external
WorldElectronicSportsCoin.transferFrom (/unique_chucks/2/0x75b5f145002ba88cdfdb7897e0550781e3909a08.sol#126-145) should be declared external
WorldElectronicSportsCoin.balanceOf (/unique_chucks/2/0x75b5f145002ba88cdfdb7897e0550781e3909a08.sol#145-149) should be declared external
WorldElectronicSportsCoin.approve (/unique_chucks/2/0x75b5f145002ba88cdfdb7897e0550781e3909a08.sol#149-158) should be declared external
WorldElectronicSportsCoin.allowance (/unique_chucks/2/0x75b5f145002ba88cdfdb7897e0550781e3909a08.sol#159-160) should be declared external
Reference: https://github.com/trailofbits/slither/wiki/Detectors-Documentation#public-function-that-could-be-declared-as-external[0m
INFO:Detectors:[92m
Parameter '_initialAmount' of WorldElectronicSportsCoin. (/unique_chucks/2/0x75b5f145002ba88cdfdb7897e0550781e3909a08.sol#74-75) is not in mixedCase
Parameter '_tokenName' of WorldElectronicSportsCoin. (/unique_chucks/2/0x75b5f145002ba88cdfdb7897e0550781e3909a08.sol#75-76) is not in mixedCase
Parameter '_decimalUnits' of WorldElectronicSportsCoin. (/unique_chucks/2/0x75b5f145002ba88cdfdb7897e0550781e3909a08.sol#77-78) is not in mixedCase
Parameter '_tokenSymbol' of WorldElectronicSportsCoin. (/unique_chucks/2/0x75b5f145002ba88cdfdb7897e0550781e3909a08.sol#78) is not in mixedCase
Parameter '_lock' of WorldElectronicSportsCoin.setLock (/unique_chucks/2/0x75b5f145002ba88cdfdb7897e0550781e3909a08.sol#101) is not in mixedCase
Parameter '_to' of WorldElectronicSportsCoin.transfer (/unique_chucks/2/0x75b5f145002ba88cdfdb7897e0550781e3909a08.sol#113-114) is not in mixedCase
Parameter '_value' of WorldElectronicSportsCoin.transfer (/unique_chucks/2/0x75b5f145002ba88cdfdb7897e0550781e3909a08.sol#114) is not in mixedCase
Parameter '_from' of WorldElectronicSportsCoin.transferFrom (/unique_chucks/2/0x75b5f145002ba88cdfdb7897e0550781e3909a08.sol#126) is not in mixedCase
Parameter '_to' of WorldElectronicSportsCoin.transferFrom (/unique_chucks/2/0x75b5f145002ba88cdfdb7897e0550781e3909a08.sol#127) is not in mixedCase
Parameter '_value' of WorldElectronicSportsCoin.transferFrom (/unique_chucks/2/0x75b5f145002ba88cdfdb7897e0550781e3909a08.sol#127) is not in mixedCase
Parameter '_owner' of WorldElectronicSportsCoin.balanceOf (/unique_chucks/2/0x75b5f145002ba88cdfdb7897e0550781e3909a08.sol#146-147) is not in mixedCase
Parameter '_spender' of WorldElectronicSportsCoin.approve (/unique_chucks/2/0x75b5f145002ba88cdfdb7897e0550781e3909a08.sol#150) is not in mixedCase
Parameter '_value' of WorldElectronicSportsCoin.approve (/unique_chucks/2/0x75b5f145002ba88cdfdb7897e0550781e3909a08.sol#151) is not in mixedCase
Parameter '_owner' of WorldElectronicSportsCoin.allowance (/unique_chucks/2/0x75b5f145002ba88cdfdb7897e0550781e3909a08.sol) is not in mixedCase
Parameter '_spender' of WorldElectronicSportsCoin.allowance (/unique_chucks/2/0x75b5f145002ba88cdfdb7897e0550781e3909a08.sol) is not in mixedCase
Reference: https://github.com/trailofbits/slither/wiki/Detectors-Documentation#conformance-to-solidity-naming-conventions[0m
INFO:Slither:/unique_chucks/2/0x75b5f145002ba88cdfdb7897e0550781e3909a08.sol analyzed (2 contracts), 23 result(s) found