INFO:Slither:Compilation warnings/errors on /unique_chucks/18/0x15782cc68d841416f73e8f352f27cc1bc5e76e11.sol:
/unique_chucks/18/0x15782cc68d841416f73e8f352f27cc1bc5e76e11.sol:481:9: Warning: This declaration shadows an existing declaration.
        address[] memory publicKeys = platform.publicKeys;
        ^-------------------------^
/unique_chucks/18/0x15782cc68d841416f73e8f352f27cc1bc5e76e11.sol:360:5: The shadowed declaration is here:
    function publicKeys() external view returns (address[]){
    ^ (Relevant source part starts here and spans across multiple lines).

/unique_chucks/18/0x15782cc68d841416f73e8f352f27cc1bc5e76e11.sol:260:5: Warning: Variable is shadowed in inline assembly by an instruction of the same name
    function stop() onlyAdmin external {
    ^ (Relevant source part starts here and spans across multiple lines).
/unique_chucks/18/0x15782cc68d841416f73e8f352f27cc1bc5e76e11.sol:249:34: Warning: This looks like an address but has an invalid checksum. If this is not used as an address, please prepend '00'. Correct checksummed address: '0x80aa17b21C16620A4D7dD06EC1dCc44190B02ca0'. For more information please see https://solidity.readthedocs.io/en/develop/types.html#address-literals
        platform.publicKeys.push(0x80aa17b21c16620a4d7dd06ec1dcc44190b02ca0);
                                 ^----------------------------------------^
/unique_chucks/18/0x15782cc68d841416f73e8f352f27cc1bc5e76e11.sol:250:34: Warning: This looks like an address but has an invalid checksum. If this is not used as an address, please prepend '00'. Correct checksummed address: '0xD2E40bb4967b355da8d70Be40C277Ebcf108063C'. For more information please see https://solidity.readthedocs.io/en/develop/types.html#address-literals
        platform.publicKeys.push(0xd2e40bb4967b355da8d70be40c277ebcf108063c);
                                 ^----------------------------------------^
/unique_chucks/18/0x15782cc68d841416f73e8f352f27cc1bc5e76e11.sol:251:34: Warning: This looks like an address but has an invalid checksum. If this is not used as an address, please prepend '00'. Correct checksummed address: '0x1501e0f09498AA95cb0c2f1e3EE51223E5074720'. For more information please see https://solidity.readthedocs.io/en/develop/types.html#address-literals
        platform.publicKeys.push(0x1501e0f09498aa95cb0c2f1e3ee51223e5074720);
                                 ^----------------------------------------^
/unique_chucks/18/0x15782cc68d841416f73e8f352f27cc1bc5e76e11.sol:420:16: Warning: This function only accepts a single "bytes" argument. Please use "abi.encodePacked(...)" or a similar function to encode the data.
        return sha256(bytes32ToStr(fromPlatform),  ... enSymbol), ":", txid, ":", version);
               ^-------------------------------------------------------------------------^

INFO:Detectors:[93m
XCPlugin.recover (/unique_chucks/18/0x15782cc68d841416f73e8f352f27cc1bc5e76e11.sol#510-519) is declared view but contains assembly code
Reference: https://github.com/trailofbits/slither/wiki/Detectors-Documentation#constant-functions-changing-the-state[0m
INFO:Detectors:[93m
i in XCPlugin.addPublicKey (/unique_chucks/18/0x15782cc68d841416f73e8f352f27cc1bc5e76e11.sol#341) is a local variable never initialiazed
Reference: https://github.com/trailofbits/slither/wiki/Detectors-Documentation#uninitialized-local-variables[0m
INFO:Detectors:[92m
XCPlugin.addPublicKey.publicKeys (local variable @ /unique_chucks/18/0x15782cc68d841416f73e8f352f27cc1bc5e76e11.sol#339-340) shadows:
	- XCPlugin.publicKeys (function @ /unique_chucks/18/0x15782cc68d841416f73e8f352f27cc1bc5e76e11.sol#365-368)
	- XCPluginInterface.publicKeys (function @ /unique_chucks/18/0x15782cc68d841416f73e8f352f27cc1bc5e76e11.sol#110-113)
XCPlugin.deletePublicKey.publicKeys (local variable @ /unique_chucks/18/0x15782cc68d841416f73e8f352f27cc1bc5e76e11.sol#347-352) shadows:
	- XCPlugin.publicKeys (function @ /unique_chucks/18/0x15782cc68d841416f73e8f352f27cc1bc5e76e11.sol#365-368)
	- XCPluginInterface.publicKeys (function @ /unique_chucks/18/0x15782cc68d841416f73e8f352f27cc1bc5e76e11.sol#110-113)
XCPlugin._existPublicKey.publicKeys (local variable @ /unique_chucks/18/0x15782cc68d841416f73e8f352f27cc1bc5e76e11.sol#497-499) shadows:
	- XCPlugin.publicKeys (function @ /unique_chucks/18/0x15782cc68d841416f73e8f352f27cc1bc5e76e11.sol#365-368)
	- XCPluginInterface.publicKeys (function @ /unique_chucks/18/0x15782cc68d841416f73e8f352f27cc1bc5e76e11.sol#110-113)
Reference: https://github.com/trailofbits/slither/wiki/Detectors-Documentation#local-variable-shadowing[0m
INFO:Detectors:[92m
XCPlugin.recover uses assembly (/unique_chucks/18/0x15782cc68d841416f73e8f352f27cc1bc5e76e11.sol#510-519)
	- /unique_chucks/18/0x15782cc68d841416f73e8f352f27cc1bc5e76e11.sol#517-519
Reference: https://github.com/trailofbits/slither/wiki/Detectors-Documentation#assembly-usage[0m
INFO:Detectors:[92m
Detected issues with version pragma in /unique_chucks/18/0x15782cc68d841416f73e8f352f27cc1bc5e76e11.sol:
	- pragma solidity^0.4.19 (/unique_chucks/18/0x15782cc68d841416f73e8f352f27cc1bc5e76e11.sol#1): it allows old versions
Reference: https://github.com/trailofbits/slither/wiki/Detectors-Documentation#incorrect-version-of-solidity[0m
INFO:Detectors:[92m
Function 'XCPlugin._existCaller' (/unique_chucks/18/0x15782cc68d841416f73e8f352f27cc1bc5e76e11.sol#483-495) is not in mixedCase
Function 'XCPlugin._existPublicKey' (/unique_chucks/18/0x15782cc68d841416f73e8f352f27cc1bc5e76e11.sol#495-510) is not in mixedCase
Reference: https://github.com/trailofbits/slither/wiki/Detectors-Documentation#conformance-to-solidity-naming-conventions[0m
INFO:Slither:/unique_chucks/18/0x15782cc68d841416f73e8f352f27cc1bc5e76e11.sol analyzed (2 contracts), 9 result(s) found