INFO:Slither:Compilation warnings/errors on /unique_chucks/29/0xe2d4b55a72977ce72d4d5c87307c14de251a6231.sol:
/unique_chucks/29/0xe2d4b55a72977ce72d4d5c87307c14de251a6231.sol:20:28: Warning: Functions in interfaces should be declared external.
interface tokenRecipient { function receiveApproval(address _from, uint256 _value, address _token, bytes _extraData) public; }
                           ^-----------------------------------------------------------------------------------------------^

INFO:Detectors:[93m
Trabet_Coin (/unique_chucks/29/0xe2d4b55a72977ce72d4d5c87307c14de251a6231.sol#22-220) has incorrect ERC20 function interface(s):
	-transfer (/unique_chucks/29/0xe2d4b55a72977ce72d4d5c87307c14de251a6231.sol#104-109)
Reference: https://github.com/trailofbits/slither/wiki/Detectors-Documentation#incorrect-erc20-interface[0m
INFO:Detectors:[92m
Trabet_Coin.decimals should be constant (/unique_chucks/29/0xe2d4b55a72977ce72d4d5c87307c14de251a6231.sol#26-27)
Trabet_Coin.name should be constant (/unique_chucks/29/0xe2d4b55a72977ce72d4d5c87307c14de251a6231.sol#24-25)
Trabet_Coin.symbol should be constant (/unique_chucks/29/0xe2d4b55a72977ce72d4d5c87307c14de251a6231.sol#25-26)
Reference: https://github.com/trailofbits/slither/wiki/Detectors-Documentation#state-variables-that-could-be-declared-constant[0m
INFO:Detectors:[92m
owned.transferOwnership (/unique_chucks/29/0xe2d4b55a72977ce72d4d5c87307c14de251a6231.sol#15-20) should be declared external
tokenRecipient.receiveApproval (/unique_chucks/29/0xe2d4b55a72977ce72d4d5c87307c14de251a6231.sol#20-22) should be declared external
Trabet_Coin.releaseToken (/unique_chucks/29/0xe2d4b55a72977ce72d4d5c87307c14de251a6231.sol#67-70) should be declared external
Trabet_Coin.transfer (/unique_chucks/29/0xe2d4b55a72977ce72d4d5c87307c14de251a6231.sol#104-109) should be declared external
Trabet_Coin.transferFrom (/unique_chucks/29/0xe2d4b55a72977ce72d4d5c87307c14de251a6231.sol#116-125) should be declared external
Trabet_Coin.approveAndCall (/unique_chucks/29/0xe2d4b55a72977ce72d4d5c87307c14de251a6231.sol#148-160) should be declared external
Trabet_Coin.burn (/unique_chucks/29/0xe2d4b55a72977ce72d4d5c87307c14de251a6231.sol#164-175) should be declared external
Trabet_Coin.burnFrom (/unique_chucks/29/0xe2d4b55a72977ce72d4d5c87307c14de251a6231.sol#179-190) should be declared external
Trabet_Coin.mintToken (/unique_chucks/29/0xe2d4b55a72977ce72d4d5c87307c14de251a6231.sol#194-200) should be declared external
Trabet_Coin.freezeAccount (/unique_chucks/29/0xe2d4b55a72977ce72d4d5c87307c14de251a6231.sol#205-207) should be declared external
Trabet_Coin.setCrowdsaleAgent (/unique_chucks/29/0xe2d4b55a72977ce72d4d5c87307c14de251a6231.sol#214-220) should be declared external
Killable.kill (/unique_chucks/29/0xe2d4b55a72977ce72d4d5c87307c14de251a6231.sol#223-225) should be declared external
Trabet_Coin_PreICO.buy (/unique_chucks/29/0xe2d4b55a72977ce72d4d5c87307c14de251a6231.sol#313-317) should be declared external
Trabet_Coin_PreICO.fallback (/unique_chucks/29/0xe2d4b55a72977ce72d4d5c87307c14de251a6231.sol#317-319) should be declared external
Trabet_Coin_PreICO.payforRefund (/unique_chucks/29/0xe2d4b55a72977ce72d4d5c87307c14de251a6231.sol#320-322) should be declared external
Trabet_Coin_PreICO.setStartsAt (/unique_chucks/29/0xe2d4b55a72977ce72d4d5c87307c14de251a6231.sol#322-326) should be declared external
Trabet_Coin_PreICO.setEndsAt (/unique_chucks/29/0xe2d4b55a72977ce72d4d5c87307c14de251a6231.sol#326-334) should be declared external
Trabet_Coin_PreICO.setRate (/unique_chucks/29/0xe2d4b55a72977ce72d4d5c87307c14de251a6231.sol#334-340) should be declared external
Trabet_Coin_PreICO.finalize (/unique_chucks/29/0xe2d4b55a72977ce72d4d5c87307c14de251a6231.sol#340-345) should be declared external
Trabet_Coin_PreICO.EnableRefund (/unique_chucks/29/0xe2d4b55a72977ce72d4d5c87307c14de251a6231.sol#345-348) should be declared external
Trabet_Coin_PreICO.setBeneficiary (/unique_chucks/29/0xe2d4b55a72977ce72d4d5c87307c14de251a6231.sol#348-353) should be declared external
Trabet_Coin_PreICO.refund (/unique_chucks/29/0xe2d4b55a72977ce72d4d5c87307c14de251a6231.sol) should be declared external
Reference: https://github.com/trailofbits/slither/wiki/Detectors-Documentation#public-function-that-could-be-declared-as-external[0m
INFO:Detectors:[92m
Detected issues with version pragma in /unique_chucks/29/0xe2d4b55a72977ce72d4d5c87307c14de251a6231.sol:
	- pragma solidity^0.4.16 (/unique_chucks/29/0xe2d4b55a72977ce72d4d5c87307c14de251a6231.sol#1): it allows old versions
Reference: https://github.com/trailofbits/slither/wiki/Detectors-Documentation#incorrect-version-of-solidity[0m
INFO:Detectors:[92m
Contract 'owned' (/unique_chucks/29/0xe2d4b55a72977ce72d4d5c87307c14de251a6231.sol#3-20) is not in CapWords
Contract 'tokenRecipient' (/unique_chucks/29/0xe2d4b55a72977ce72d4d5c87307c14de251a6231.sol#20-22) is not in CapWords
Contract 'Trabet_Coin' (/unique_chucks/29/0xe2d4b55a72977ce72d4d5c87307c14de251a6231.sol#22-220) is not in CapWords
Function 'Trabet_Coin._transfer' (/unique_chucks/29/0xe2d4b55a72977ce72d4d5c87307c14de251a6231.sol#72-97) is not in mixedCase
Parameter '_from' of Trabet_Coin._transfer (/unique_chucks/29/0xe2d4b55a72977ce72d4d5c87307c14de251a6231.sol#73) is not in mixedCase
Parameter '_to' of Trabet_Coin._transfer (/unique_chucks/29/0xe2d4b55a72977ce72d4d5c87307c14de251a6231.sol#73) is not in mixedCase
Parameter '_value' of Trabet_Coin._transfer (/unique_chucks/29/0xe2d4b55a72977ce72d4d5c87307c14de251a6231.sol#73) is not in mixedCase
Parameter '_to' of Trabet_Coin.transfer (/unique_chucks/29/0xe2d4b55a72977ce72d4d5c87307c14de251a6231.sol#107) is not in mixedCase
Parameter '_value' of Trabet_Coin.transfer (/unique_chucks/29/0xe2d4b55a72977ce72d4d5c87307c14de251a6231.sol#107) is not in mixedCase
Parameter '_from' of Trabet_Coin.transferFrom (/unique_chucks/29/0xe2d4b55a72977ce72d4d5c87307c14de251a6231.sol#116) is not in mixedCase
Parameter '_to' of Trabet_Coin.transferFrom (/unique_chucks/29/0xe2d4b55a72977ce72d4d5c87307c14de251a6231.sol#116) is not in mixedCase
Parameter '_value' of Trabet_Coin.transferFrom (/unique_chucks/29/0xe2d4b55a72977ce72d4d5c87307c14de251a6231.sol#116) is not in mixedCase
Parameter '_spender' of Trabet_Coin.approve (/unique_chucks/29/0xe2d4b55a72977ce72d4d5c87307c14de251a6231.sol#133-134) is not in mixedCase
Parameter '_value' of Trabet_Coin.approve (/unique_chucks/29/0xe2d4b55a72977ce72d4d5c87307c14de251a6231.sol#134-137) is not in mixedCase
Parameter '_spender' of Trabet_Coin.approveAndCall (/unique_chucks/29/0xe2d4b55a72977ce72d4d5c87307c14de251a6231.sol#148-149) is not in mixedCase
Parameter '_value' of Trabet_Coin.approveAndCall (/unique_chucks/29/0xe2d4b55a72977ce72d4d5c87307c14de251a6231.sol#149) is not in mixedCase
Parameter '_extraData' of Trabet_Coin.approveAndCall (/unique_chucks/29/0xe2d4b55a72977ce72d4d5c87307c14de251a6231.sol#149) is not in mixedCase
Parameter '_value' of Trabet_Coin.burn (/unique_chucks/29/0xe2d4b55a72977ce72d4d5c87307c14de251a6231.sol#164) is not in mixedCase
Parameter '_from' of Trabet_Coin.burnFrom (/unique_chucks/29/0xe2d4b55a72977ce72d4d5c87307c14de251a6231.sol#180) is not in mixedCase
Parameter '_value' of Trabet_Coin.burnFrom (/unique_chucks/29/0xe2d4b55a72977ce72d4d5c87307c14de251a6231.sol#180) is not in mixedCase
Parameter '_crowdsaleAgent' of Trabet_Coin.setCrowdsaleAgent (/unique_chucks/29/0xe2d4b55a72977ce72d4d5c87307c14de251a6231.sol#218) is not in mixedCase
Contract 'Trabet_Coin_PreICO' (/unique_chucks/29/0xe2d4b55a72977ce72d4d5c87307c14de251a6231.sol#225-353) is not in CapWords
Parameter '_token' of Trabet_Coin_PreICO. (/unique_chucks/29/0xe2d4b55a72977ce72d4d5c87307c14de251a6231.sol#273-274) is not in mixedCase
Parameter '_beneficiary' of Trabet_Coin_PreICO. (/unique_chucks/29/0xe2d4b55a72977ce72d4d5c87307c14de251a6231.sol#274) is not in mixedCase
Function 'Trabet_Coin_PreICO.EnableRefund' (/unique_chucks/29/0xe2d4b55a72977ce72d4d5c87307c14de251a6231.sol#345-348) is not in mixedCase
Parameter '_beneficiary' of Trabet_Coin_PreICO.setBeneficiary (/unique_chucks/29/0xe2d4b55a72977ce72d4d5c87307c14de251a6231.sol#349) is not in mixedCase
Variable 'Trabet_Coin_PreICO.TokenPerETH' (/unique_chucks/29/0xe2d4b55a72977ce72d4d5c87307c14de251a6231.sol#240) is not in mixedCase
Reference: https://github.com/trailofbits/slither/wiki/Detectors-Documentation#conformance-to-solidity-naming-conventions[0m
INFO:Slither:/unique_chucks/29/0xe2d4b55a72977ce72d4d5c87307c14de251a6231.sol analyzed (5 contracts), 52 result(s) found