INFO:Slither:Compilation warnings/errors on /unique_chucks/12/0x6954354a6c94b2d5c4d1b8e40b4bee1e0615d72e.sol:
/unique_chucks/12/0x6954354a6c94b2d5c4d1b8e40b4bee1e0615d72e.sol:758:32: Warning: Using contract member "balance" inherited from the address type is deprecated. Convert the contract to "address" type to access the member, for example use "address(contract).balance" instead.
    withdrawalAddress.transfer(this.balance);
                               ^----------^
/unique_chucks/12/0x6954354a6c94b2d5c4d1b8e40b4bee1e0615d72e.sol:784:43: Warning: This looks like an address but has an invalid checksum. If this is not used as an address, please prepend '00'. Correct checksummed address: '0xE1015a79A7d488F8FECF073B187d38c6F1a77368'. For more information please see https://solidity.readthedocs.io/en/develop/types.html#address-literals
  address constant tokenContractAddress = 0xe1015a79a7d488f8fecf073b187d38c6f1a77368;
                                          ^----------------------------------------^
/unique_chucks/12/0x6954354a6c94b2d5c4d1b8e40b4bee1e0615d72e.sol:942:17: Warning: This function only accepts a single "bytes" argument. Please use "abi.encodePacked(...)" or a similar function to encode the data.
    rand = uint(keccak256(blockhash(blockToHash)));
                ^-------------------------------^
/unique_chucks/12/0x6954354a6c94b2d5c4d1b8e40b4bee1e0615d72e.sol:942:17: Warning: The provided argument of type bytes32 is not implicitly convertible to expected type bytes memory.
    rand = uint(keccak256(blockhash(blockToHash)));
                ^-------------------------------^
/unique_chucks/12/0x6954354a6c94b2d5c4d1b8e40b4bee1e0615d72e.sol:1189:5: Warning: Different number of components on the left hand side (7) than on the right hand side (6).
    (winnerAddress, lootTokenId, consolationPrizeTokenId, , ,,) = getEncounterResults(encounterId, player);
    ^----------------------------------------------------------------------------------------------------^
/unique_chucks/12/0x6954354a6c94b2d5c4d1b8e40b4bee1e0615d72e.sol:1229:22: Warning: This function only accepts a single "bytes" argument. Please use "abi.encodePacked(...)" or a similar function to encode the data.
    uint rand = uint(keccak256(uint(blockhash(blockToHash)) ^ uint(player)));
                     ^----------------------------------------------------^
/unique_chucks/12/0x6954354a6c94b2d5c4d1b8e40b4bee1e0615d72e.sol:1229:22: Warning: The provided argument of type uint256 is not implicitly convertible to expected type bytes memory.
    uint rand = uint(keccak256(uint(blockhash(blockToHash)) ^ uint(player)));
                     ^----------------------------------------------------^

INFO:Detectors:[91m
CryptoBoss.claimLoot (/unique_chucks/12/0x6954354a6c94b2d5c4d1b8e40b4bee1e0615d72e.sol#1214-1250) sends eth to arbitrary user
	Dangerous calls:
	- msg.sender.transfer(gasRefundForClaimLootWithConsolationPrize) (/unique_chucks/12/0x6954354a6c94b2d5c4d1b8e40b4bee1e0615d72e.sol#1243-1245)
	- msg.sender.transfer(gasRefundForClaimLoot) (/unique_chucks/12/0x6954354a6c94b2d5c4d1b8e40b4bee1e0615d72e.sol#1246-1248)
CryptoBoss.claimConsolationPrizeLoot (/unique_chucks/12/0x6954354a6c94b2d5c4d1b8e40b4bee1e0615d72e.sol) sends eth to arbitrary user
	Dangerous calls:
	- msg.sender.transfer(gasRefundForClaimConsolationPrizeLoot) (/unique_chucks/12/0x6954354a6c94b2d5c4d1b8e40b4bee1e0615d72e.sol)
Reference: https://github.com/trailofbits/slither/wiki/Detectors-Documentation#functions-that-send-ether-to-arbitrary-destinations[0m
INFO:Detectors:[93m
ERC721SlimToken._isContract (/unique_chucks/12/0x6954354a6c94b2d5c4d1b8e40b4bee1e0615d72e.sol#675-682) is declared view but contains assembly code
Reference: https://github.com/trailofbits/slither/wiki/Detectors-Documentation#constant-functions-changing-the-state[0m
INFO:Detectors:[93m
ERC721 (/unique_chucks/12/0x6954354a6c94b2d5c4d1b8e40b4bee1e0615d72e.sol#9-27) has incorrect ERC20 function interface(s):
	-transfer (/unique_chucks/12/0x6954354a6c94b2d5c4d1b8e40b4bee1e0615d72e.sol#18-19)
	-transferFrom (/unique_chucks/12/0x6954354a6c94b2d5c4d1b8e40b4bee1e0615d72e.sol#19-20)
	-approve (/unique_chucks/12/0x6954354a6c94b2d5c4d1b8e40b4bee1e0615d72e.sol#20-21)
ERC721SlimToken (/unique_chucks/12/0x6954354a6c94b2d5c4d1b8e40b4bee1e0615d72e.sol#218-682) has incorrect ERC20 function interface(s):
	-transfer (/unique_chucks/12/0x6954354a6c94b2d5c4d1b8e40b4bee1e0615d72e.sol#396-401)
	-transferFrom (/unique_chucks/12/0x6954354a6c94b2d5c4d1b8e40b4bee1e0615d72e.sol#485-491)
	-approve (/unique_chucks/12/0x6954354a6c94b2d5c4d1b8e40b4bee1e0615d72e.sol#409-418)
Reference: https://github.com/trailofbits/slither/wiki/Detectors-Documentation#incorrect-erc20-interface[0m
INFO:Detectors:[93m
CryptoBoss.participate (/unique_chucks/12/0x6954354a6c94b2d5c4d1b8e40b4bee1e0615d72e.sol#1155-1214) uses a dangerous strict equality:
	- require(bool,string)(encounterId == block.number / encounterBlockDuration,a new encounter is available)
Reference: https://github.com/trailofbits/slither/wiki/Detectors-Documentation#dangerous-strict-equalities[0m
INFO:Detectors:[93m
Reentrancy in CryptoBoss.claimLoot (/unique_chucks/12/0x6954354a6c94b2d5c4d1b8e40b4bee1e0615d72e.sol#1214-1250):
	External calls:
	- tokenContract.mint(player,lootTokenId) (/unique_chucks/12/0x6954354a6c94b2d5c4d1b8e40b4bee1e0615d72e.sol#1232)
	State variables written after the call(s):
	- encountersById (/unique_chucks/12/0x6954354a6c94b2d5c4d1b8e40b4bee1e0615d72e.sol#1239-1240)
Reentrancy in CryptoBoss.participate (/unique_chucks/12/0x6954354a6c94b2d5c4d1b8e40b4bee1e0615d72e.sol#1155-1214):
	External calls:
	- require(bool,string)(tokenContract.ownerOf(weaponTokenId) == msg.sender,you dont own that weapon) (/unique_chucks/12/0x6954354a6c94b2d5c4d1b8e40b4bee1e0615d72e.sol#1172-1174)
	- tokenContract.transferFrom(msg.sender,1,sacrificeTokenId1) (/unique_chucks/12/0x6954354a6c94b2d5c4d1b8e40b4bee1e0615d72e.sol#1194-1196)
	- tokenContract.transferFrom(msg.sender,1,sacrificeTokenId2) (/unique_chucks/12/0x6954354a6c94b2d5c4d1b8e40b4bee1e0615d72e.sol#1196-1199)
	- tokenContract.transferFrom(msg.sender,1,sacrificeTokenId3) (/unique_chucks/12/0x6954354a6c94b2d5c4d1b8e40b4bee1e0615d72e.sol#1199-1200)
	- tokenContract.transferFrom(msg.sender,1,sacrificeTokenId4) (/unique_chucks/12/0x6954354a6c94b2d5c4d1b8e40b4bee1e0615d72e.sol#1200-1202)
	State variables written after the call(s):
	- encountersById (/unique_chucks/12/0x6954354a6c94b2d5c4d1b8e40b4bee1e0615d72e.sol#1202-1210)
Reference: https://github.com/trailofbits/slither/wiki/Detectors-Documentation#reentrancy-vulnerabilities-1[0m
INFO:Detectors:[92m
Reentrancy in CryptoBoss.participate (/unique_chucks/12/0x6954354a6c94b2d5c4d1b8e40b4bee1e0615d72e.sol#1155-1214):
	External calls:
	- require(bool,string)(tokenContract.ownerOf(weaponTokenId) == msg.sender,you dont own that weapon) (/unique_chucks/12/0x6954354a6c94b2d5c4d1b8e40b4bee1e0615d72e.sol#1172-1174)
	State variables written after the call(s):
	- dayToAddressToScore (/unique_chucks/12/0x6954354a6c94b2d5c4d1b8e40b4bee1e0615d72e.sol#1178)
	- winnerPerDay (/unique_chucks/12/0x6954354a6c94b2d5c4d1b8e40b4bee1e0615d72e.sol#1182-1183)
Reference: https://github.com/trailofbits/slither/wiki/Detectors-Documentation#reentrancy-vulnerabilities-2[0m
INFO:Detectors:[92m
ERC721SlimToken._isContract uses assembly (/unique_chucks/12/0x6954354a6c94b2d5c4d1b8e40b4bee1e0615d72e.sol#675-682)
	- /unique_chucks/12/0x6954354a6c94b2d5c4d1b8e40b4bee1e0615d72e.sol#676-682
Reference: https://github.com/trailofbits/slither/wiki/Detectors-Documentation#assembly-usage[0m
INFO:Detectors:[92m
Ownable.transferOwnership (/unique_chucks/12/0x6954354a6c94b2d5c4d1b8e40b4bee1e0615d72e.sol#136-143) should be declared external
Ownable.renounceOwnership (/unique_chucks/12/0x6954354a6c94b2d5c4d1b8e40b4bee1e0615d72e.sol#149-150) should be declared external
ERC721SlimToken.tokensOf (/unique_chucks/12/0x6954354a6c94b2d5c4d1b8e40b4bee1e0615d72e.sol#307-308) should be declared external
ERC721SlimToken.exists (/unique_chucks/12/0x6954354a6c94b2d5c4d1b8e40b4bee1e0615d72e.sol#339-342) should be declared external
ERC721SlimToken.addApprovedContractAddress (/unique_chucks/12/0x6954354a6c94b2d5c4d1b8e40b4bee1e0615d72e.sol#554-558) should be declared external
ERC721SlimToken.removeApprovedContractAddress (/unique_chucks/12/0x6954354a6c94b2d5c4d1b8e40b4bee1e0615d72e.sol#564-569) should be declared external
ERC721SlimToken.finalizeApprovedContracts (/unique_chucks/12/0x6954354a6c94b2d5c4d1b8e40b4bee1e0615d72e.sol#576-579) should be declared external
ERC721SlimToken.mint (/unique_chucks/12/0x6954354a6c94b2d5c4d1b8e40b4bee1e0615d72e.sol#581-588) should be declared external
ContractAccessControl.pause (/unique_chucks/12/0x6954354a6c94b2d5c4d1b8e40b4bee1e0615d72e.sol#799-802) should be declared external
ContractAccessControl.unpause (/unique_chucks/12/0x6954354a6c94b2d5c4d1b8e40b4bee1e0615d72e.sol#802-806) should be declared external
CryptoBoss.setParticipateFee (/unique_chucks/12/0x6954354a6c94b2d5c4d1b8e40b4bee1e0615d72e.sol#868-869) should be declared external
CryptoBoss.setParticipateDailyLootContribution (/unique_chucks/12/0x6954354a6c94b2d5c4d1b8e40b4bee1e0615d72e.sol#870-872) should be declared external
CryptoBoss.leaderboardEntries (/unique_chucks/12/0x6954354a6c94b2d5c4d1b8e40b4bee1e0615d72e.sol#878-918) should be declared external
CryptoBoss.claimDailyLoot (/unique_chucks/12/0x6954354a6c94b2d5c4d1b8e40b4bee1e0615d72e.sol#918-933) should be declared external
CryptoBoss.getEncounterDetails (/unique_chucks/12/0x6954354a6c94b2d5c4d1b8e40b4bee1e0615d72e.sol#934-953) should be declared external
CryptoBoss.getParticipants (/unique_chucks/12/0x6954354a6c94b2d5c4d1b8e40b4bee1e0615d72e.sol#953-957) should be declared external
CryptoBoss.participate (/unique_chucks/12/0x6954354a6c94b2d5c4d1b8e40b4bee1e0615d72e.sol#1155-1214) should be declared external
CryptoBoss.claimLoot (/unique_chucks/12/0x6954354a6c94b2d5c4d1b8e40b4bee1e0615d72e.sol#1214-1250) should be declared external
CryptoBoss.claimConsolationPrizeLoot (/unique_chucks/12/0x6954354a6c94b2d5c4d1b8e40b4bee1e0615d72e.sol) should be declared external
CryptoBoss.balanceOf (/unique_chucks/12/0x6954354a6c94b2d5c4d1b8e40b4bee1e0615d72e.sol) should be declared external
CryptoBoss.tokensOf (/unique_chucks/12/0x6954354a6c94b2d5c4d1b8e40b4bee1e0615d72e.sol) should be declared external
Reference: https://github.com/trailofbits/slither/wiki/Detectors-Documentation#public-function-that-could-be-declared-as-external[0m
INFO:Detectors:[92m
Detected issues with version pragma in /unique_chucks/12/0x6954354a6c94b2d5c4d1b8e40b4bee1e0615d72e.sol:
	- pragma solidity^0.4.17 (/unique_chucks/12/0x6954354a6c94b2d5c4d1b8e40b4bee1e0615d72e.sol#1): it allows old versions
Reference: https://github.com/trailofbits/slither/wiki/Detectors-Documentation#incorrect-version-of-solidity[0m
INFO:Detectors:[92m
Parameter '_a' of Strings.strConcat (/unique_chucks/12/0x6954354a6c94b2d5c4d1b8e40b4bee1e0615d72e.sol#152) is not in mixedCase
Parameter '_b' of Strings.strConcat (/unique_chucks/12/0x6954354a6c94b2d5c4d1b8e40b4bee1e0615d72e.sol#153) is not in mixedCase
Parameter '_c' of Strings.strConcat (/unique_chucks/12/0x6954354a6c94b2d5c4d1b8e40b4bee1e0615d72e.sol#153) is not in mixedCase
Parameter '_d' of Strings.strConcat (/unique_chucks/12/0x6954354a6c94b2d5c4d1b8e40b4bee1e0615d72e.sol#153) is not in mixedCase
Parameter '_e' of Strings.strConcat (/unique_chucks/12/0x6954354a6c94b2d5c4d1b8e40b4bee1e0615d72e.sol#153-154) is not in mixedCase
Parameter '_a' of Strings.strConcat (/unique_chucks/12/0x6954354a6c94b2d5c4d1b8e40b4bee1e0615d72e.sol#171) is not in mixedCase
Parameter '_b' of Strings.strConcat (/unique_chucks/12/0x6954354a6c94b2d5c4d1b8e40b4bee1e0615d72e.sol#171) is not in mixedCase
Parameter '_c' of Strings.strConcat (/unique_chucks/12/0x6954354a6c94b2d5c4d1b8e40b4bee1e0615d72e.sol#171) is not in mixedCase
Parameter '_d' of Strings.strConcat (/unique_chucks/12/0x6954354a6c94b2d5c4d1b8e40b4bee1e0615d72e.sol#171) is not in mixedCase
Parameter '_a' of Strings.strConcat (/unique_chucks/12/0x6954354a6c94b2d5c4d1b8e40b4bee1e0615d72e.sol#175) is not in mixedCase
Parameter '_b' of Strings.strConcat (/unique_chucks/12/0x6954354a6c94b2d5c4d1b8e40b4bee1e0615d72e.sol#175) is not in mixedCase
Parameter '_c' of Strings.strConcat (/unique_chucks/12/0x6954354a6c94b2d5c4d1b8e40b4bee1e0615d72e.sol#175-176) is not in mixedCase
Parameter '_a' of Strings.strConcat (/unique_chucks/12/0x6954354a6c94b2d5c4d1b8e40b4bee1e0615d72e.sol#180) is not in mixedCase
Parameter '_b' of Strings.strConcat (/unique_chucks/12/0x6954354a6c94b2d5c4d1b8e40b4bee1e0615d72e.sol#180) is not in mixedCase
Parameter '_owner' of ERC721SlimToken.balanceOf (/unique_chucks/12/0x6954354a6c94b2d5c4d1b8e40b4bee1e0615d72e.sol#297) is not in mixedCase
Parameter '_tokenId' of ERC721SlimToken.ownerOf (/unique_chucks/12/0x6954354a6c94b2d5c4d1b8e40b4bee1e0615d72e.sol#333) is not in mixedCase
Parameter '_from' of ERC721SlimToken.safeTransferFrom (/unique_chucks/12/0x6954354a6c94b2d5c4d1b8e40b4bee1e0615d72e.sol#517) is not in mixedCase
Parameter '_to' of ERC721SlimToken.safeTransferFrom (/unique_chucks/12/0x6954354a6c94b2d5c4d1b8e40b4bee1e0615d72e.sol#517) is not in mixedCase
Parameter '_tokenId' of ERC721SlimToken.safeTransferFrom (/unique_chucks/12/0x6954354a6c94b2d5c4d1b8e40b4bee1e0615d72e.sol#517) is not in mixedCase
Parameter '_data' of ERC721SlimToken.safeTransferFrom (/unique_chucks/12/0x6954354a6c94b2d5c4d1b8e40b4bee1e0615d72e.sol#517) is not in mixedCase
Parameter '_from' of ERC721SlimToken.safeTransferFrom (/unique_chucks/12/0x6954354a6c94b2d5c4d1b8e40b4bee1e0615d72e.sol#545) is not in mixedCase
Parameter '_to' of ERC721SlimToken.safeTransferFrom (/unique_chucks/12/0x6954354a6c94b2d5c4d1b8e40b4bee1e0615d72e.sol#545) is not in mixedCase
Parameter '_tokenId' of ERC721SlimToken.safeTransferFrom (/unique_chucks/12/0x6954354a6c94b2d5c4d1b8e40b4bee1e0615d72e.sol#545) is not in mixedCase
Parameter '_to' of ERC721SlimToken.transfer (/unique_chucks/12/0x6954354a6c94b2d5c4d1b8e40b4bee1e0615d72e.sol#396) is not in mixedCase
Parameter '_tokenId' of ERC721SlimToken.transfer (/unique_chucks/12/0x6954354a6c94b2d5c4d1b8e40b4bee1e0615d72e.sol#396-397) is not in mixedCase
Parameter '_from' of ERC721SlimToken.transferFrom (/unique_chucks/12/0x6954354a6c94b2d5c4d1b8e40b4bee1e0615d72e.sol#486) is not in mixedCase
Parameter '_to' of ERC721SlimToken.transferFrom (/unique_chucks/12/0x6954354a6c94b2d5c4d1b8e40b4bee1e0615d72e.sol#486) is not in mixedCase
Parameter '_tokenId' of ERC721SlimToken.transferFrom (/unique_chucks/12/0x6954354a6c94b2d5c4d1b8e40b4bee1e0615d72e.sol#486) is not in mixedCase
Parameter '_to' of ERC721SlimToken.approve (/unique_chucks/12/0x6954354a6c94b2d5c4d1b8e40b4bee1e0615d72e.sol#409-410) is not in mixedCase
Parameter '_tokenId' of ERC721SlimToken.approve (/unique_chucks/12/0x6954354a6c94b2d5c4d1b8e40b4bee1e0615d72e.sol#410) is not in mixedCase
Parameter '_to' of ERC721SlimToken.setApprovalForAll (/unique_chucks/12/0x6954354a6c94b2d5c4d1b8e40b4bee1e0615d72e.sol#431-432) is not in mixedCase
Parameter '_approved' of ERC721SlimToken.setApprovalForAll (/unique_chucks/12/0x6954354a6c94b2d5c4d1b8e40b4bee1e0615d72e.sol#432) is not in mixedCase
Parameter '_tokenId' of ERC721SlimToken.getApproved (/unique_chucks/12/0x6954354a6c94b2d5c4d1b8e40b4bee1e0615d72e.sol#349) is not in mixedCase
Parameter '_owner' of ERC721SlimToken.isApprovedForAll (/unique_chucks/12/0x6954354a6c94b2d5c4d1b8e40b4bee1e0615d72e.sol#384) is not in mixedCase
Parameter '_operator' of ERC721SlimToken.isApprovedForAll (/unique_chucks/12/0x6954354a6c94b2d5c4d1b8e40b4bee1e0615d72e.sol#385-386) is not in mixedCase
Parameter '_tokenMetadataBaseURI' of ERC721SlimToken.setTokenMetadataBaseURI (/unique_chucks/12/0x6954354a6c94b2d5c4d1b8e40b4bee1e0615d72e.sol#272) is not in mixedCase
Parameter '_owner' of ERC721SlimToken.tokensOf (/unique_chucks/12/0x6954354a6c94b2d5c4d1b8e40b4bee1e0615d72e.sol#307) is not in mixedCase
Parameter '_owner' of ERC721SlimToken.tokenOfOwnerByIndex (/unique_chucks/12/0x6954354a6c94b2d5c4d1b8e40b4bee1e0615d72e.sol#322-323) is not in mixedCase
Parameter '_index' of ERC721SlimToken.tokenOfOwnerByIndex (/unique_chucks/12/0x6954354a6c94b2d5c4d1b8e40b4bee1e0615d72e.sol#323) is not in mixedCase
Parameter '_tokenId' of ERC721SlimToken.exists (/unique_chucks/12/0x6954354a6c94b2d5c4d1b8e40b4bee1e0615d72e.sol#339) is not in mixedCase
Parameter '_tokenId' of ERC721SlimToken.isSenderApprovedFor (/unique_chucks/12/0x6954354a6c94b2d5c4d1b8e40b4bee1e0615d72e.sol#360-361) is not in mixedCase
Parameter '_asker' of ERC721SlimToken.isSpecificallyApprovedFor (/unique_chucks/12/0x6954354a6c94b2d5c4d1b8e40b4bee1e0615d72e.sol#372) is not in mixedCase
Parameter '_tokenId' of ERC721SlimToken.isSpecificallyApprovedFor (/unique_chucks/12/0x6954354a6c94b2d5c4d1b8e40b4bee1e0615d72e.sol#372) is not in mixedCase
Parameter '_to' of ERC721SlimToken.approveAll (/unique_chucks/12/0x6954354a6c94b2d5c4d1b8e40b4bee1e0615d72e.sol#441) is not in mixedCase
Parameter '_to' of ERC721SlimToken.disapproveAll (/unique_chucks/12/0x6954354a6c94b2d5c4d1b8e40b4bee1e0615d72e.sol#459-460) is not in mixedCase
Parameter '_tokenId' of ERC721SlimToken.takeOwnership (/unique_chucks/12/0x6954354a6c94b2d5c4d1b8e40b4bee1e0615d72e.sol#467) is not in mixedCase
Parameter '_to' of ERC721SlimToken.mint (/unique_chucks/12/0x6954354a6c94b2d5c4d1b8e40b4bee1e0615d72e.sol#581-582) is not in mixedCase
Parameter '_tokenId' of ERC721SlimToken.mint (/unique_chucks/12/0x6954354a6c94b2d5c4d1b8e40b4bee1e0615d72e.sol#582) is not in mixedCase
Function 'ERC721SlimToken._mint' (/unique_chucks/12/0x6954354a6c94b2d5c4d1b8e40b4bee1e0615d72e.sol#591-597) is not in mixedCase
Parameter '_to' of ERC721SlimToken._mint (/unique_chucks/12/0x6954354a6c94b2d5c4d1b8e40b4bee1e0615d72e.sol#592) is not in mixedCase
Parameter '_tokenId' of ERC721SlimToken._mint (/unique_chucks/12/0x6954354a6c94b2d5c4d1b8e40b4bee1e0615d72e.sol#592) is not in mixedCase
Function 'ERC721SlimToken._clearApprovalAndTransfer' (/unique_chucks/12/0x6954354a6c94b2d5c4d1b8e40b4bee1e0615d72e.sol#607-618) is not in mixedCase
Parameter '_from' of ERC721SlimToken._clearApprovalAndTransfer (/unique_chucks/12/0x6954354a6c94b2d5c4d1b8e40b4bee1e0615d72e.sol#607-608) is not in mixedCase
Parameter '_to' of ERC721SlimToken._clearApprovalAndTransfer (/unique_chucks/12/0x6954354a6c94b2d5c4d1b8e40b4bee1e0615d72e.sol#608) is not in mixedCase
Parameter '_tokenId' of ERC721SlimToken._clearApprovalAndTransfer (/unique_chucks/12/0x6954354a6c94b2d5c4d1b8e40b4bee1e0615d72e.sol#608) is not in mixedCase
Function 'ERC721SlimToken._clearApproval' (/unique_chucks/12/0x6954354a6c94b2d5c4d1b8e40b4bee1e0615d72e.sol#621-627) is not in mixedCase
Parameter '_owner' of ERC721SlimToken._clearApproval (/unique_chucks/12/0x6954354a6c94b2d5c4d1b8e40b4bee1e0615d72e.sol#622) is not in mixedCase
Parameter '_tokenId' of ERC721SlimToken._clearApproval (/unique_chucks/12/0x6954354a6c94b2d5c4d1b8e40b4bee1e0615d72e.sol#622) is not in mixedCase
Function 'ERC721SlimToken._addToken' (/unique_chucks/12/0x6954354a6c94b2d5c4d1b8e40b4bee1e0615d72e.sol#633-642) is not in mixedCase
Parameter '_to' of ERC721SlimToken._addToken (/unique_chucks/12/0x6954354a6c94b2d5c4d1b8e40b4bee1e0615d72e.sol#633) is not in mixedCase
Parameter '_tokenId' of ERC721SlimToken._addToken (/unique_chucks/12/0x6954354a6c94b2d5c4d1b8e40b4bee1e0615d72e.sol#633) is not in mixedCase
Function 'ERC721SlimToken._removeToken' (/unique_chucks/12/0x6954354a6c94b2d5c4d1b8e40b4bee1e0615d72e.sol#650-675) is not in mixedCase
Parameter '_from' of ERC721SlimToken._removeToken (/unique_chucks/12/0x6954354a6c94b2d5c4d1b8e40b4bee1e0615d72e.sol#651-653) is not in mixedCase
Parameter '_tokenId' of ERC721SlimToken._removeToken (/unique_chucks/12/0x6954354a6c94b2d5c4d1b8e40b4bee1e0615d72e.sol#654-655) is not in mixedCase
Function 'ERC721SlimToken._isContract' (/unique_chucks/12/0x6954354a6c94b2d5c4d1b8e40b4bee1e0615d72e.sol#675-682) is not in mixedCase
Parameter '_newCEO' of ContractAccessControl.setCEO (/unique_chucks/12/0x6954354a6c94b2d5c4d1b8e40b4bee1e0615d72e.sol#763-766) is not in mixedCase
Parameter '_newCFO' of ContractAccessControl.setCFO (/unique_chucks/12/0x6954354a6c94b2d5c4d1b8e40b4bee1e0615d72e.sol#772-773) is not in mixedCase
Parameter '_newCOO' of ContractAccessControl.setCOO (/unique_chucks/12/0x6954354a6c94b2d5c4d1b8e40b4bee1e0615d72e.sol#779-782) is not in mixedCase
Parameter '_newWithdrawalAddress' of ContractAccessControl.setWithdrawalAddress (/unique_chucks/12/0x6954354a6c94b2d5c4d1b8e40b4bee1e0615d72e.sol#784-785) is not in mixedCase
Parameter '_gasRefundForClaimLoot' of CryptoBoss.setGasRefundForClaimLoot (/unique_chucks/12/0x6954354a6c94b2d5c4d1b8e40b4bee1e0615d72e.sol#852-855) is not in mixedCase
Parameter '_gasRefundForClaimConsolationPrizeLoot' of CryptoBoss.setGasRefundForClaimConsolationPrizeLoot (/unique_chucks/12/0x6954354a6c94b2d5c4d1b8e40b4bee1e0615d72e.sol#859) is not in mixedCase
Parameter '_gasRefundForClaimLootWithConsolationPrize' of CryptoBoss.setGasRefundForClaimLootWithConsolationPrize (/unique_chucks/12/0x6954354a6c94b2d5c4d1b8e40b4bee1e0615d72e.sol#862-863) is not in mixedCase
Parameter '_participateFee' of CryptoBoss.setParticipateFee (/unique_chucks/12/0x6954354a6c94b2d5c4d1b8e40b4bee1e0615d72e.sol#868) is not in mixedCase
Parameter '_participateDailyLootContribution' of CryptoBoss.setParticipateDailyLootContribution (/unique_chucks/12/0x6954354a6c94b2d5c4d1b8e40b4bee1e0615d72e.sol#870-871) is not in mixedCase
Parameter '_owner' of CryptoBoss.balanceOf (/unique_chucks/12/0x6954354a6c94b2d5c4d1b8e40b4bee1e0615d72e.sol) is not in mixedCase
Parameter '_owner' of CryptoBoss.tokensOf (/unique_chucks/12/0x6954354a6c94b2d5c4d1b8e40b4bee1e0615d72e.sol) is not in mixedCase
Parameter '_owner' of CryptoBoss.tokenOfOwnerByIndex (/unique_chucks/12/0x6954354a6c94b2d5c4d1b8e40b4bee1e0615d72e.sol) is not in mixedCase
Parameter '_index' of CryptoBoss.tokenOfOwnerByIndex (/unique_chucks/12/0x6954354a6c94b2d5c4d1b8e40b4bee1e0615d72e.sol) is not in mixedCase
Constant 'CryptoBoss.tokenContractAddress' (/unique_chucks/12/0x6954354a6c94b2d5c4d1b8e40b4bee1e0615d72e.sol#808-809) is not in UPPER_CASE_WITH_UNDERSCORES
Constant 'CryptoBoss.tokenContract' (/unique_chucks/12/0x6954354a6c94b2d5c4d1b8e40b4bee1e0615d72e.sol#810-812) is not in UPPER_CASE_WITH_UNDERSCORES
Constant 'CryptoBoss.encounterBlockDuration' (/unique_chucks/12/0x6954354a6c94b2d5c4d1b8e40b4bee1e0615d72e.sol#836-839) is not in UPPER_CASE_WITH_UNDERSCORES
Constant 'CryptoBoss.blocksInADay' (/unique_chucks/12/0x6954354a6c94b2d5c4d1b8e40b4bee1e0615d72e.sol#839) is not in UPPER_CASE_WITH_UNDERSCORES
Constant 'CryptoBoss.elementsAvailableForCommon' (/unique_chucks/12/0x6954354a6c94b2d5c4d1b8e40b4bee1e0615d72e.sol#1073-1075) is not in UPPER_CASE_WITH_UNDERSCORES
Constant 'CryptoBoss.elementsAvailableForRare' (/unique_chucks/12/0x6954354a6c94b2d5c4d1b8e40b4bee1e0615d72e.sol#1075-1076) is not in UPPER_CASE_WITH_UNDERSCORES
Constant 'CryptoBoss.elementsAvailableForEpic' (/unique_chucks/12/0x6954354a6c94b2d5c4d1b8e40b4bee1e0615d72e.sol#1076-1078) is not in UPPER_CASE_WITH_UNDERSCORES
Constant 'CryptoBoss.elementsAvailableForLegendary' (/unique_chucks/12/0x6954354a6c94b2d5c4d1b8e40b4bee1e0615d72e.sol#1078-1080) is not in UPPER_CASE_WITH_UNDERSCORES
Reference: https://github.com/trailofbits/slither/wiki/Detectors-Documentation#conformance-to-solidity-naming-conventions[0m
INFO:Detectors:[92m
CryptoBoss.tokenContractAddress (/unique_chucks/12/0x6954354a6c94b2d5c4d1b8e40b4bee1e0615d72e.sol#808-809) is never used in CryptoBoss
Reference: https://github.com/trailofbits/slither/wiki/Detectors-Documentation#unused-state-variables[0m
INFO:Slither:/unique_chucks/12/0x6954354a6c94b2d5c4d1b8e40b4bee1e0615d72e.sol analyzed (11 contracts), 119 result(s) found