/unique_chucks/8/0xfe9b5e8f7e8f6493f7d8532d915c9d53dffe9080.sol
jar:file:/usr/local/lib/node_modules/@smartdec/smartcheck/jdeploy-bundle/smartcheck-2.0-jar-with-dependencies.jar!/solidity-rules.xmlruleId: SOLIDITY_ADDRESS_HARDCODED
patternId: a91b18
severity: 1
line: 761
column: 18
content: (0,address(0))

ruleId: SOLIDITY_PRAGMAS_VERSION
patternId: 23fc32
severity: 1
line: 1
column: 16
content: ^

ruleId: SOLIDITY_SHOULD_NOT_BE_VIEW
patternId: 189abf
severity: 1
line: 559
column: 4
content: function_memcpy(uint_dest,uint_src,uint_len)privateview{for(;_len>=32;_len-=32){assembly{mstore(_dest,mload(_src))}_dest+=32;_src+=32;}uint256mask=256**(32-_len)-1;assembly{letsrcpart:=and(mload(_src),not(mask))letdestpart:=and(mload(_dest),mask)mstore(_dest,or(destpart,srcpart))}}

ruleId: SOLIDITY_SHOULD_NOT_BE_VIEW
patternId: 189abf
severity: 1
line: 581
column: 4
content: function_toString(bytes32[4]_rawBytes,uint256_stringLength)privateviewreturns(string){varoutputString=newstring(_stringLength);uint256outputPtr;uint256bytesPtr;assembly{outputPtr:=add(outputString,32)bytesPtr:=_rawBytes}_memcpy(outputPtr,bytesPtr,_stringLength);returnoutputString;}

ruleId: SOLIDITY_UNCHECKED_CALL
patternId: f39eed
severity: 3
line: 804
column: 19
content: send(balance)

ruleId: SOLIDITY_UPGRADE_TO_050
patternId: 341gim
severity: 1
line: 329
column: 43
content: string

ruleId: SOLIDITY_UPGRADE_TO_050
patternId: 341gim
severity: 1
line: 581
column: 90
content: string

ruleId: SOLIDITY_USING_INLINE_ASSEMBLY
patternId: 109cd5
severity: 1
line: 562
column: 12
content: assembly{mstore(_dest,mload(_src))}

ruleId: SOLIDITY_USING_INLINE_ASSEMBLY
patternId: 109cd5
severity: 1
line: 571
column: 8
content: assembly{letsrcpart:=and(mload(_src),not(mask))letdestpart:=and(mload(_dest),mask)mstore(_dest,or(destpart,srcpart))}

ruleId: SOLIDITY_USING_INLINE_ASSEMBLY
patternId: 109cd5
severity: 1
line: 586
column: 8
content: assembly{outputPtr:=add(outputString,32)bytesPtr:=_rawBytes}

ruleId: SOLIDITY_VISIBILITY
patternId: 910067
severity: 1
line: 17
column: 2
content: functionOwnable(){owner=msg.sender;}

ruleId: SOLIDITY_VISIBILITY
patternId: 910067
severity: 1
line: 35
column: 2
content: functiontransferOwnership(addressnewOwner)onlyOwner{if(newOwner!=address(0)){owner=newOwner;}}

ruleId: SOLIDITY_VISIBILITY
patternId: 910067
severity: 1
line: 641
column: 2
content: functionpause()onlyOwnerwhenNotPausedreturns(bool){paused=true;Pause();returntrue;}

ruleId: SOLIDITY_VISIBILITY
patternId: 910067
severity: 1
line: 650
column: 2
content: functionunpause()onlyOwnerwhenPausedreturns(bool){paused=false;Unpause();returntrue;}

ruleId: SOLIDITY_VISIBILITY
patternId: b51ce0
severity: 1
line: 244
column: 4
content: ArtToken[]artpieces;

ruleId: SOLIDITY_VISIBILITY
patternId: b51ce0
severity: 1
line: 252
column: 4
content: mapping(address=>uint256)ownershipTokenCount;

ruleId: SOLIDITY_VISIBILITY
patternId: b51ce0
severity: 1
line: 361
column: 4
content: bytes4constantInterfaceSignature_ERC165=bytes4(keccak256('supportsInterface(bytes4)'));

ruleId: SOLIDITY_VISIBILITY
patternId: b51ce0
severity: 1
line: 364
column: 4
content: bytes4constantInterfaceSignature_ERC721=bytes4(keccak256('name()'))^bytes4(keccak256('symbol()'))^bytes4(keccak256('totalSupply()'))^bytes4(keccak256('balanceOf(address)'))^bytes4(keccak256('ownerOf(uint256)'))^bytes4(keccak256('approve(address,uint256)'))^bytes4(keccak256('transfer(address,uint256)'))^bytes4(keccak256('transferFrom(address,address,uint256)'))^bytes4(keccak256('tokensOfOwner(address)'))^bytes4(keccak256('tokenMetadata(uint256,string)'));

SOLIDITY_VISIBILITY :8
SOLIDITY_PRAGMAS_VERSION :1
SOLIDITY_ADDRESS_HARDCODED :1
SOLIDITY_UPGRADE_TO_050 :2
SOLIDITY_USING_INLINE_ASSEMBLY :3
SOLIDITY_UNCHECKED_CALL :1
SOLIDITY_SHOULD_NOT_BE_VIEW :2