2019-08-05 07:41:50,835: [12] m.main:INFO: Registered plugins: DetectUninitializedStorage, DetectSuicidal, DetectExternalCallAndLeak, DetectEnvInstruction, DetectIntegerOverflow, DetectDelegatecall, DetectUninitializedMemory, DetectReentrancyAdvanced, DetectUnusedRetVal, DetectReentrancySimple, DetectInvalid
2019-08-05 07:41:50,836: [12] m.main:INFO: Beginning analysis
2019-08-05 07:41:50,868: [12] m.e.manticore:INFO: Starting symbolic create contract
2019-08-05 07:41:52,001: [12] m.e.manticore:INFO: Starting symbolic transaction: 0
2019-08-05 07:41:52,701: [12] m.e.manticore:INFO: 0 alive states, 2 terminated states
2019-08-05 07:41:52,861: [12] m.e.manticore:INFO: Starting symbolic transaction: 1
2019-08-05 07:41:52,908: [583] m.c.manticore:INFO: Generated testcase No. 0 - RETURN(1 txs)
2019-08-05 07:41:52,970: [582] m.c.manticore:INFO: Generated testcase No. 1 - REVERT(2 txs)
2019-08-05 07:41:53,810: [12] m.c.manticore:INFO: Results in /mcore_5p3mdzfa
2019-08-05 07:41:54,822: [897] m.main:INFO: Registered plugins: DetectUninitializedStorage, DetectIntegerOverflow, DetectSuicidal, DetectExternalCallAndLeak, DetectEnvInstruction, DetectDelegatecall, DetectUninitializedMemory, DetectReentrancyAdvanced, DetectUnusedRetVal, DetectReentrancySimple, DetectInvalid
2019-08-05 07:41:54,823: [897] m.main:INFO: Beginning analysis
2019-08-05 07:41:54,862: [897] m.e.manticore:INFO: Starting symbolic create contract
2019-08-05 07:41:55,206: [941] m.c.manticore:INFO: Generated testcase No. 0 - NO STATE RESULT (?)(0 txs)
2019-08-05 07:41:55,555: [897] m.c.manticore:INFO: Results in /mcore_nsy0nprt
2019-08-05 07:41:56,317: [1200] m.main:INFO: Registered plugins: DetectDelegatecall, DetectReentrancySimple, DetectInvalid, DetectUnusedRetVal, DetectReentrancyAdvanced, DetectExternalCallAndLeak, DetectUninitializedStorage, DetectEnvInstruction, DetectSuicidal, DetectIntegerOverflow, DetectUninitializedMemory
2019-08-05 07:41:56,318: [1200] m.main:INFO: Beginning analysis
2019-08-05 07:41:56,358: [1200] m.e.manticore:INFO: Starting symbolic create contract
2019-08-05 07:41:56,711: [1244] m.c.manticore:INFO: Generated testcase No. 0 - NO STATE RESULT (?)(0 txs)
2019-08-05 07:41:57,010: [1200] m.c.manticore:INFO: Results in /mcore_7y_8yqki
2019-08-05 07:41:57,822: [1503] m.main:INFO: Registered plugins: DetectReentrancySimple, DetectInvalid, DetectUnusedRetVal, DetectUninitializedStorage, DetectExternalCallAndLeak, DetectSuicidal, DetectReentrancyAdvanced, DetectEnvInstruction, DetectUninitializedMemory, DetectDelegatecall, DetectIntegerOverflow
2019-08-05 07:41:57,822: [1503] m.main:INFO: Beginning analysis
2019-08-05 07:41:57,856: [1503] m.e.manticore:INFO: Starting symbolic create contract
2019-08-05 07:42:00,295: [1503] m.e.manticore:INFO: Starting symbolic transaction: 0
2019-08-05 07:42:03,843: [1816] m.e.detectors:WARNING: INVALID instruction
2019-08-05 07:42:16,631: [1503] m.e.manticore:INFO: 3 alive states, 6 terminated states
2019-08-05 07:42:17,831: [1503] m.e.manticore:INFO: Starting symbolic transaction: 1
2019-08-05 07:42:27,165: [3111] m.e.detectors:WARNING: INVALID instruction
2019-08-05 07:42:27,517: [3117] m.e.detectors:WARNING: INVALID instruction
2019-08-05 07:42:34,616: [3111] m.e.detectors:WARNING: INVALID instruction
2019-08-05 07:43:42,511: [1503] m.e.manticore:INFO: 9 alive states, 24 terminated states
2019-08-05 07:43:44,352: [6646] m.c.manticore:INFO: Generated testcase No. 0 - RETURN(3 txs)
2019-08-05 07:43:44,370: [6647] m.c.manticore:INFO: Generated testcase No. 1 - RETURN(3 txs)
2019-08-05 07:43:44,432: [6667] m.c.manticore:INFO: Generated testcase No. 4 - RETURN(3 txs)
2019-08-05 07:43:44,436: [6656] m.c.manticore:INFO: Generated testcase No. 5 - RETURN(3 txs)
2019-08-05 07:43:44,449: [6663] m.c.manticore:INFO: Generated testcase No. 3 - RETURN(3 txs)
2019-08-05 07:43:44,454: [6657] m.c.manticore:INFO: Generated testcase No. 6 - RETURN(3 txs)
2019-08-05 07:43:44,457: [6670] m.c.manticore:INFO: Generated testcase No. 7 - RETURN(3 txs)
2019-08-05 07:43:44,457: [6650] m.c.manticore:INFO: Generated testcase No. 2 - RETURN(3 txs)
2019-08-05 07:43:56,047: [6670] m.c.manticore:INFO: Generated testcase No. 8 - RETURN(3 txs)
2019-08-05 07:43:57,248: [6663] m.c.manticore:INFO: Generated testcase No. 9 - RETURN(1 txs)
2019-08-05 07:43:58,192: [6656] m.c.manticore:INFO: Generated testcase No. 10 - REVERT(2 txs)
2019-08-05 07:44:01,157: [6667] m.c.manticore:INFO: Generated testcase No. 11 - REVERT(2 txs)
2019-08-05 07:44:01,545: [6650] m.c.manticore:INFO: Generated testcase No. 12 - REVERT(2 txs)
2019-08-05 07:44:02,736: [6647] m.c.manticore:INFO: Generated testcase No. 13 - REVERT(2 txs)
2019-08-05 07:44:03,066: [6657] m.c.manticore:INFO: Generated testcase No. 14 - THROW(2 txs)
2019-08-05 07:44:04,833: [6663] m.c.manticore:INFO: Generated testcase No. 15 - RETURN(2 txs)
2019-08-05 07:44:07,023: [6656] m.c.manticore:INFO: Generated testcase No. 16 - RETURN(2 txs)
2019-08-05 07:44:07,258: [6670] m.c.manticore:INFO: Generated testcase No. 17 - RETURN(2 txs)
2019-08-05 07:44:09,950: [6667] m.c.manticore:INFO: Generated testcase No. 18 - REVERT(3 txs)
2019-08-05 07:44:10,745: [6650] m.c.manticore:INFO: Generated testcase No. 19 - REVERT(3 txs)
2019-08-05 07:44:12,059: [6657] m.c.manticore:INFO: Generated testcase No. 20 - REVERT(3 txs)
2019-08-05 07:44:12,617: [6647] m.c.manticore:INFO: Generated testcase No. 21 - REVERT(3 txs)
2019-08-05 07:44:13,739: [6646] m.c.manticore:INFO: Generated testcase No. 22 - REVERT(3 txs)
2019-08-05 07:44:13,846: [6663] m.c.manticore:INFO: Generated testcase No. 23 - REVERT(3 txs)
2019-08-05 07:44:16,536: [6656] m.c.manticore:INFO: Generated testcase No. 24 - REVERT(3 txs)
2019-08-05 07:44:20,117: [6667] m.c.manticore:INFO: Generated testcase No. 25 - REVERT(3 txs)
2019-08-05 07:44:20,431: [6670] m.c.manticore:INFO: Generated testcase No. 26 - REVERT(3 txs)
2019-08-05 07:44:21,757: [6650] m.c.manticore:INFO: Generated testcase No. 27 - REVERT(3 txs)
2019-08-05 07:44:22,936: [6657] m.c.manticore:INFO: Generated testcase No. 28 - REVERT(3 txs)
2019-08-05 07:44:23,726: [6647] m.c.manticore:INFO: Generated testcase No. 29 - REVERT(3 txs)
2019-08-05 07:44:25,575: [6663] m.c.manticore:INFO: Generated testcase No. 30 - THROW(3 txs)
2019-08-05 07:44:26,419: [6646] m.c.manticore:INFO: Generated testcase No. 31 - THROW(3 txs)
2019-08-05 07:44:30,433: [6667] m.c.manticore:INFO: Generated testcase No. 32 - THROW(3 txs)
2019-08-05 07:44:38,882: [1503] m.c.manticore:INFO: Results in /mcore_7mpxwcb4
2019-08-05 07:44:41,740: [7898] m.main:INFO: Registered plugins: DetectSuicidal, DetectReentrancySimple, DetectInvalid, DetectReentrancyAdvanced, DetectExternalCallAndLeak, DetectDelegatecall, DetectUninitializedStorage, DetectEnvInstruction, DetectIntegerOverflow, DetectUnusedRetVal, DetectUninitializedMemory
2019-08-05 07:44:41,741: [7898] m.main:INFO: Beginning analysis
2019-08-05 07:44:41,761: [7898] m.e.manticore:INFO: Starting symbolic create contract
2019-08-05 07:44:46,876: [7898] m.e.manticore:INFO: Starting symbolic transaction: 0
2019-08-05 07:44:56,548: [8197] m.e.detectors:WARNING: INVALID instruction
2019-08-05 07:45:07,629: [8197] m.e.detectors:WARNING: INVALID instruction
2019-08-05 07:45:48,904: [7898] m.e.manticore:INFO: 7 alive states, 10 terminated states
2019-08-05 07:45:52,278: [7898] m.e.manticore:INFO: Starting symbolic transaction: 1
2019-08-05 07:46:40,467: [11888] m.e.detectors:WARNING: INVALID instruction
2019-08-05 07:46:41,759: [11887] m.e.detectors:WARNING: INVALID instruction
2019-08-05 07:46:47,133: [11887] m.e.detectors:WARNING: INVALID instruction
2019-08-05 07:49:26,968: [11894] m.e.detectors:WARNING: INVALID instruction
2019-08-05 07:49:45,409: [11885] m.e.detectors:WARNING: INVALID instruction
2019-08-05 07:49:53,752: [11891] m.e.detectors:WARNING: INVALID instruction
2019-08-05 07:50:01,950: [11891] m.e.detectors:WARNING: INVALID instruction
2019-08-05 07:50:40,228: [11885] m.e.detectors:WARNING: INVALID instruction
2019-08-05 07:51:05,029: [11889] m.e.detectors:WARNING: INVALID instruction
2019-08-05 07:51:08,445: [11896] m.e.detectors:WARNING: INVALID instruction
2019-08-05 07:51:08,718: [11889] m.e.detectors:WARNING: INVALID instruction
2019-08-05 07:51:23,273: [11893] m.e.detectors:WARNING: Potentially reading uninitialized storage
2019-08-05 07:51:23,377: [11891] m.e.detectors:WARNING: INVALID instruction
2019-08-05 07:51:54,840: [11885] m.e.detectors:WARNING: INVALID instruction
2019-08-05 07:54:28,541: [11893] m.e.detectors:WARNING: INVALID instruction
2019-08-05 08:02:47,710: [7898] m.e.manticore:INFO: 49 alive states, 80 terminated states
2019-08-05 08:02:52,846: [5596] m.c.manticore:INFO: Generated testcase No. 0 - RETURN(3 txs)
2019-08-05 08:02:52,929: [5620] m.c.manticore:INFO: Generated testcase No. 2 - RETURN(3 txs)
2019-08-05 08:02:52,931: [5598] m.c.manticore:INFO: Generated testcase No. 1 - RETURN(3 txs)
2019-08-05 08:02:53,013: [5613] m.c.manticore:INFO: Generated testcase No. 3 - RETURN(3 txs)
2019-08-05 08:02:53,050: [5610] m.c.manticore:INFO: Generated testcase No. 4 - RETURN(3 txs)
2019-08-05 08:02:53,117: [5626] m.c.manticore:INFO: Generated testcase No. 5 - RETURN(3 txs)
2019-08-05 08:02:53,155: [5637] m.c.manticore:INFO: Generated testcase No. 7 - RETURN(3 txs)
2019-08-05 08:02:53,210: [5611] m.c.manticore:INFO: Generated testcase No. 6 - RETURN(3 txs)
2019-08-05 08:03:38,341: [5626] m.c.manticore:INFO: Generated testcase No. 8 - RETURN(3 txs)
2019-08-05 08:03:39,452: [5637] m.c.manticore:INFO: Generated testcase No. 9 - RETURN(3 txs)
2019-08-05 08:03:44,054: [5613] m.c.manticore:INFO: Generated testcase No. 10 - RETURN(3 txs)
2019-08-05 08:03:46,012: [5620] m.c.manticore:INFO: Generated testcase No. 11 - RETURN(3 txs)
2019-08-05 08:03:50,146: [5611] m.c.manticore:INFO: Generated testcase No. 12 - RETURN(3 txs)
2019-08-05 08:03:54,014: [5610] m.c.manticore:INFO: Generated testcase No. 13 - RETURN(3 txs)
2019-08-05 08:04:12,353: [5598] m.c.manticore:INFO: Generated testcase No. 14 - RETURN(3 txs)
2019-08-05 08:04:12,932: [5596] m.c.manticore:INFO: Generated testcase No. 15 - RETURN(3 txs)
2019-08-05 08:04:20,225: [5637] m.c.manticore:INFO: Generated testcase No. 16 - RETURN(3 txs)
2019-08-05 08:04:24,249: [5626] m.c.manticore:INFO: Generated testcase No. 17 - RETURN(3 txs)
2019-08-05 08:04:24,914: [5620] m.c.manticore:INFO: Generated testcase No. 18 - RETURN(3 txs)
2019-08-05 08:04:26,144: [5610] m.c.manticore:INFO: Generated testcase No. 19 - RETURN(3 txs)
2019-08-05 08:04:26,650: [5611] m.c.manticore:INFO: Generated testcase No. 20 - RETURN(3 txs)
2019-08-05 08:04:29,454: [5613] m.c.manticore:INFO: Generated testcase No. 21 - RETURN(3 txs)
2019-08-05 08:04:44,232: [5596] m.c.manticore:INFO: Generated testcase No. 22 - RETURN(3 txs)
2019-08-05 08:04:47,148: [5598] m.c.manticore:INFO: Generated testcase No. 23 - RETURN(3 txs)
2019-08-05 08:04:56,832: [5611] m.c.manticore:INFO: Generated testcase No. 24 - RETURN(3 txs)
2019-08-05 08:04:56,919: [5626] m.c.manticore:INFO: Generated testcase No. 25 - RETURN(3 txs)
2019-08-05 08:04:57,717: [5610] m.c.manticore:INFO: Generated testcase No. 26 - RETURN(3 txs)
2019-08-05 08:04:58,115: [5637] m.c.manticore:INFO: Generated testcase No. 27 - RETURN(3 txs)
2019-08-05 08:05:05,255: [5620] m.c.manticore:INFO: Generated testcase No. 28 - RETURN(3 txs)
2019-08-05 08:05:08,259: [5613] m.c.manticore:INFO: Generated testcase No. 29 - RETURN(3 txs)
2019-08-05 08:05:17,249: [5598] m.c.manticore:INFO: Generated testcase No. 30 - RETURN(3 txs)
2019-08-05 08:05:24,735: [5611] m.c.manticore:INFO: Generated testcase No. 31 - RETURN(3 txs)
2019-08-05 08:05:27,351: [5596] m.c.manticore:INFO: Generated testcase No. 32 - RETURN(3 txs)
2019-08-05 08:05:30,115: [5626] m.c.manticore:INFO: Generated testcase No. 33 - RETURN(3 txs)
2019-08-05 08:05:32,139: [5637] m.c.manticore:INFO: Generated testcase No. 34 - RETURN(3 txs)
2019-08-05 08:05:32,637: [5610] m.c.manticore:INFO: Generated testcase No. 35 - RETURN(3 txs)
2019-08-05 08:05:36,861: [5613] m.c.manticore:INFO: Generated testcase No. 36 - RETURN(3 txs)
2019-08-05 08:05:38,264: [5620] m.c.manticore:INFO: Generated testcase No. 37 - RETURN(3 txs)
2019-08-05 08:05:49,824: [5598] m.c.manticore:INFO: Generated testcase No. 38 - RETURN(3 txs)
2019-08-05 08:05:54,208: [5611] m.c.manticore:INFO: Generated testcase No. 39 - RETURN(3 txs)
2019-08-05 08:05:55,521: [5596] m.c.manticore:INFO: Generated testcase No. 40 - RETURN(3 txs)
2019-08-05 08:05:57,710: [5626] m.c.manticore:INFO: Generated testcase No. 41 - RETURN(3 txs)
2019-08-05 08:06:03,434: [5610] m.c.manticore:INFO: Generated testcase No. 42 - RETURN(3 txs)
2019-08-05 08:06:04,641: [5637] m.c.manticore:INFO: Generated testcase No. 43 - RETURN(3 txs)
2019-08-05 08:06:07,044: [5620] m.c.manticore:INFO: Generated testcase No. 44 - RETURN(3 txs)
2019-08-05 08:06:14,142: [5613] m.c.manticore:INFO: Generated testcase No. 45 - RETURN(3 txs)
2019-08-05 08:06:20,355: [5598] m.c.manticore:INFO: Generated testcase No. 46 - RETURN(3 txs)
2019-08-05 08:06:23,233: [5611] m.c.manticore:INFO: Generated testcase No. 47 - RETURN(3 txs)
2019-08-05 08:06:24,248: [5626] m.c.manticore:INFO: Generated testcase No. 48 - RETURN(3 txs)
2019-08-05 08:06:25,416: [5596] m.c.manticore:INFO: Generated testcase No. 49 - RETURN(1 txs)
2019-08-05 08:06:32,043: [5610] m.c.manticore:INFO: Generated testcase No. 50 - REVERT(2 txs)
2019-08-05 08:06:35,958: [5620] m.c.manticore:INFO: Generated testcase No. 51 - REVERT(2 txs)
2019-08-05 08:06:39,344: [5637] m.c.manticore:INFO: Generated testcase No. 52 - REVERT(2 txs)
2019-08-05 08:06:43,356: [5613] m.c.manticore:INFO: Generated testcase No. 53 - REVERT(2 txs)
2019-08-05 08:06:47,662: [5596] m.c.manticore:INFO: Generated testcase No. 54 - REVERT(2 txs)
2019-08-05 08:06:49,712: [5611] m.c.manticore:INFO: Generated testcase No. 55 - REVERT(2 txs)
2019-08-05 08:06:49,959: [5598] m.c.manticore:INFO: Generated testcase No. 56 - REVERT(2 txs)
2019-08-05 08:06:49,966: [5626] m.c.manticore:INFO: Generated testcase No. 57 - THROW(2 txs)
2019-08-05 08:06:54,147: [5610] m.c.manticore:INFO: Generated testcase No. 58 - THROW(2 txs)
2019-08-05 08:06:58,848: [5620] m.c.manticore:INFO: Generated testcase No. 59 - RETURN(2 txs)
2019-08-05 08:07:02,327: [5637] m.c.manticore:INFO: Generated testcase No. 60 - RETURN(2 txs)
2019-08-05 08:07:06,548: [5613] m.c.manticore:INFO: Generated testcase No. 61 - RETURN(2 txs)
2019-08-05 08:07:08,833: [5596] m.c.manticore:INFO: Generated testcase No. 62 - RETURN(2 txs)
2019-08-05 08:07:13,023: [5611] m.c.manticore:INFO: Generated testcase No. 63 - RETURN(2 txs)
2019-08-05 08:07:13,119: [5626] m.c.manticore:INFO: Generated testcase No. 64 - REVERT(3 txs)
2019-08-05 08:07:14,147: [5598] m.c.manticore:INFO: Generated testcase No. 65 - REVERT(3 txs)
2019-08-05 08:07:16,641: [5610] m.c.manticore:INFO: Generated testcase No. 66 - RETURN(2 txs)
2019-08-05 08:07:22,912: [5620] m.c.manticore:INFO: Generated testcase No. 67 - RETURN(2 txs)
2019-08-05 08:07:27,311: [5637] m.c.manticore:INFO: Generated testcase No. 68 - REVERT(3 txs)
2019-08-05 08:07:30,828: [5613] m.c.manticore:INFO: Generated testcase No. 69 - REVERT(3 txs)
2019-08-05 08:07:34,834: [5596] m.c.manticore:INFO: Generated testcase No. 70 - REVERT(3 txs)
2019-08-05 08:07:39,427: [5598] m.c.manticore:INFO: Generated testcase No. 72 - REVERT(3 txs)
2019-08-05 08:07:39,929: [5626] m.c.manticore:INFO: Generated testcase No. 71 - REVERT(3 txs)
2019-08-05 08:07:40,366: [5610] m.c.manticore:INFO: Generated testcase No. 73 - REVERT(3 txs)
2019-08-05 08:07:41,026: [5611] m.c.manticore:INFO: Generated testcase No. 74 - REVERT(3 txs)
2019-08-05 08:07:51,747: [5620] m.c.manticore:INFO: Generated testcase No. 75 - REVERT(3 txs)
2019-08-05 08:07:51,909: [5637] m.c.manticore:INFO: Generated testcase No. 76 - REVERT(3 txs)
2019-08-05 08:07:57,745: [5613] m.c.manticore:INFO: Generated testcase No. 77 - REVERT(3 txs)
2019-08-05 08:08:01,617: [5596] m.c.manticore:INFO: Generated testcase No. 78 - REVERT(3 txs)
2019-08-05 08:08:04,337: [5611] m.c.manticore:INFO: Generated testcase No. 79 - REVERT(3 txs)
2019-08-05 08:08:05,449: [5598] m.c.manticore:INFO: Generated testcase No. 80 - REVERT(3 txs)
2019-08-05 08:08:05,618: [5610] m.c.manticore:INFO: Generated testcase No. 81 - REVERT(3 txs)
2019-08-05 08:08:05,813: [5626] m.c.manticore:INFO: Generated testcase No. 82 - REVERT(3 txs)
2019-08-05 08:08:18,542: [5637] m.c.manticore:INFO: Generated testcase No. 83 - THROW(3 txs)
2019-08-05 08:08:19,541: [5620] m.c.manticore:INFO: Generated testcase No. 84 - THROW(3 txs)
2019-08-05 08:08:22,652: [5613] m.c.manticore:INFO: Generated testcase No. 85 - REVERT(3 txs)
2019-08-05 08:08:30,257: [5598] m.c.manticore:INFO: Generated testcase No. 86 - REVERT(3 txs)
2019-08-05 08:08:30,751: [5626] m.c.manticore:INFO: Generated testcase No. 87 - REVERT(3 txs)
2019-08-05 08:08:30,845: [5611] m.c.manticore:INFO: Generated testcase No. 88 - THROW(3 txs)
2019-08-05 08:08:31,209: [5596] m.c.manticore:INFO: Generated testcase No. 89 - REVERT(3 txs)
2019-08-05 08:08:36,763: [5610] m.c.manticore:INFO: Generated testcase No. 90 - REVERT(3 txs)
2019-08-05 08:08:44,214: [5620] m.c.manticore:INFO: Generated testcase No. 91 - REVERT(3 txs)
2019-08-05 08:08:49,330: [5637] m.c.manticore:INFO: Generated testcase No. 92 - REVERT(3 txs)
2019-08-05 08:08:52,121: [5613] m.c.manticore:INFO: Generated testcase No. 93 - REVERT(3 txs)
2019-08-05 08:08:58,413: [5626] m.c.manticore:INFO: Generated testcase No. 94 - REVERT(3 txs)
2019-08-05 08:08:58,724: [5598] m.c.manticore:INFO: Generated testcase No. 95 - REVERT(3 txs)
2019-08-05 08:08:58,916: [5611] m.c.manticore:INFO: Generated testcase No. 96 - REVERT(3 txs)
2019-08-05 08:09:00,173: [5596] m.c.manticore:INFO: Generated testcase No. 97 - REVERT(3 txs)
2019-08-05 08:09:11,750: [5610] m.c.manticore:INFO: Generated testcase No. 98 - REVERT(3 txs)
2019-08-05 08:09:13,421: [5620] m.c.manticore:INFO: Generated testcase No. 99 - REVERT(3 txs)
2019-08-05 08:09:21,115: [5613] m.c.manticore:INFO: Generated testcase No. 100 - REVERT(3 txs)
2019-08-05 08:09:23,644: [5637] m.c.manticore:INFO: Generated testcase No. 101 - REVERT(3 txs)
2019-08-05 08:09:26,167: [5598] m.c.manticore:INFO: Generated testcase No. 102 - REVERT(3 txs)
2019-08-05 08:09:27,741: [5626] m.c.manticore:INFO: Generated testcase No. 103 - THROW(3 txs)
2019-08-05 08:09:28,959: [5611] m.c.manticore:INFO: Generated testcase No. 104 - REVERT(3 txs)
2019-08-05 08:09:30,612: [5596] m.c.manticore:INFO: Generated testcase No. 105 - REVERT(3 txs)
2019-08-05 08:09:44,027: [5610] m.c.manticore:INFO: Generated testcase No. 106 - THROW(3 txs)
2019-08-05 08:09:44,528: [5620] m.c.manticore:INFO: Generated testcase No. 107 - THROW(3 txs)
2019-08-05 08:09:52,093: [5613] m.c.manticore:INFO: Generated testcase No. 108 - REVERT(3 txs)
2019-08-05 08:09:52,392: [5637] m.c.manticore:INFO: Generated testcase No. 109 - THROW(3 txs)
2019-08-05 08:09:56,832: [5598] m.c.manticore:INFO: Generated testcase No. 110 - REVERT(3 txs)
2019-08-05 08:09:59,316: [5611] m.c.manticore:INFO: Generated testcase No. 111 - REVERT(3 txs)
2019-08-05 08:09:59,571: [5626] m.c.manticore:INFO: Generated testcase No. 112 - REVERT(3 txs)
2019-08-05 08:10:05,360: [5596] m.c.manticore:INFO: Generated testcase No. 113 - REVERT(3 txs)
2019-08-05 08:10:14,858: [5610] m.c.manticore:INFO: Generated testcase No. 114 - REVERT(3 txs)
2019-08-05 08:10:19,519: [5613] m.c.manticore:INFO: Generated testcase No. 115 - THROW(3 txs)
2019-08-05 08:10:20,933: [5620] m.c.manticore:INFO: Generated testcase No. 116 - THROW(3 txs)
2019-08-05 08:10:28,359: [5611] m.c.manticore:INFO: Generated testcase No. 117 - REVERT(3 txs)
2019-08-05 08:10:28,916: [5598] m.c.manticore:INFO: Generated testcase No. 118 - REVERT(3 txs)
2019-08-05 08:10:28,962: [5626] m.c.manticore:INFO: Generated testcase No. 119 - THROW(3 txs)
2019-08-05 08:10:36,970: [5637] m.c.manticore:INFO: Generated testcase No. 120 - REVERT(3 txs)
2019-08-05 08:10:38,128: [5596] m.c.manticore:INFO: Generated testcase No. 121 - THROW(3 txs)
2019-08-05 08:10:40,756: [5610] m.c.manticore:INFO: Generated testcase No. 122 - REVERT(3 txs)
2019-08-05 08:10:51,842: [5620] m.c.manticore:INFO: Generated testcase No. 123 - THROW(3 txs)
2019-08-05 08:10:53,112: [5613] m.c.manticore:INFO: Generated testcase No. 124 - REVERT(3 txs)
2019-08-05 08:10:57,630: [5598] m.c.manticore:INFO: Generated testcase No. 125 - THROW(3 txs)
2019-08-05 08:10:59,860: [5611] m.c.manticore:INFO: Generated testcase No. 126 - REVERT(3 txs)
2019-08-05 08:11:04,224: [5637] m.c.manticore:INFO: Generated testcase No. 127 - THROW(3 txs)
2019-08-05 08:11:06,721: [5596] m.c.manticore:INFO: Generated testcase No. 128 - REVERT(3 txs)
2019-08-05 08:11:25,787: [7898] m.c.manticore:INFO: Results in /mcore_vv_oja8v
2019-08-05 08:11:31,727: [10176] m.main:INFO: Registered plugins: DetectExternalCallAndLeak, DetectUninitializedStorage, DetectReentrancySimple, DetectIntegerOverflow, DetectSuicidal, DetectReentrancyAdvanced, DetectEnvInstruction, DetectDelegatecall, DetectUninitializedMemory, DetectInvalid, DetectUnusedRetVal
2019-08-05 08:11:31,727: [10176] m.main:INFO: Beginning analysis
2019-08-05 08:11:31,758: [10176] m.e.manticore:INFO: Starting symbolic create contract
2019-08-05 08:11:33,823: [10176] m.e.manticore:INFO: Starting symbolic transaction: 0
2019-08-05 08:11:35,875: [10176] m.e.manticore:INFO: 1 alive states, 5 terminated states
2019-08-05 08:11:36,571: [10176] m.e.manticore:INFO: Starting symbolic transaction: 1
2019-08-05 08:11:39,376: [10176] m.e.manticore:INFO: 1 alive states, 10 terminated states
2019-08-05 08:11:40,168: [11682] m.c.manticore:INFO: Generated testcase No. 0 - RETURN(3 txs)
2019-08-05 08:11:40,196: [11683] m.c.manticore:INFO: Generated testcase No. 1 - RETURN(1 txs)
2019-08-05 08:11:40,202: [11687] m.c.manticore:INFO: Generated testcase No. 2 - REVERT(2 txs)
2019-08-05 08:11:40,211: [11692] m.c.manticore:INFO: Generated testcase No. 3 - REVERT(2 txs)
2019-08-05 08:11:40,229: [11713] m.c.manticore:INFO: Generated testcase No. 6 - REVERT(3 txs)
2019-08-05 08:11:40,256: [11696] m.c.manticore:INFO: Generated testcase No. 4 - REVERT(2 txs)
2019-08-05 08:11:40,263: [11709] m.c.manticore:INFO: Generated testcase No. 5 - RETURN(2 txs)
2019-08-05 08:11:40,266: [11704] m.c.manticore:INFO: Generated testcase No. 7 - REVERT(3 txs)
2019-08-05 08:11:40,279: [11701] m.c.manticore:INFO: Generated testcase No. 8 - REVERT(2 txs)
2019-08-05 08:11:44,859: [11683] m.c.manticore:INFO: Generated testcase No. 9 - REVERT(3 txs)
2019-08-05 08:11:46,508: [11701] m.c.manticore:INFO: Generated testcase No. 10 - REVERT(3 txs)