/unique_chucks/31/0xf69641555d58b3275ca0d2fcf16fe0be3b9e4846.sol
jar:file:/usr/local/lib/node_modules/@smartdec/smartcheck/jdeploy-bundle/smartcheck-2.0-jar-with-dependencies.jar!/solidity-rules.xmlruleId: SOLIDITY_ERC20_APPROVE
patternId: af782c
severity: 2
line: 171
column: 4
content: functionapprove(addressspender,uint256value)publicreturns(bool){_approve(msg.sender,spender,value);returntrue;}

ruleId: SOLIDITY_PRAGMAS_VERSION
patternId: 23fc32
severity: 1
line: 1
column: 16
content: ^

ruleId: SOLIDITY_PRIVATE_MODIFIER_DONT_HIDE_DATA
patternId: 5616b2
severity: 1
line: 122
column: 52
content: private

ruleId: SOLIDITY_SAFEMATH
patternId: 837cac
severity: 1
line: 117
column: 4
content: usingSafeMathforuint256;

ruleId: SOLIDITY_SHOULD_NOT_BE_VIEW
patternId: 189abf
severity: 1
line: 61
column: 4
content: functionisContract(addressaccount)internalviewreturns(bool){uint256size;assembly{size:=extcodesize(account)}returnsize>0;}

ruleId: SOLIDITY_UPGRADE_TO_050
patternId: 341gim
severity: 1
line: 293
column: 17
content: string_name

ruleId: SOLIDITY_UPGRADE_TO_050
patternId: 341gim
severity: 1
line: 293
column: 31
content: string_symbol

ruleId: SOLIDITY_VISIBILITY
patternId: 23rt6g
severity: 1
line: 85
column: 49
content: public

ruleId: SOLIDITY_VISIBILITY
patternId: 23rt6g
severity: 1
line: 87
column: 53
content: public

ruleId: SOLIDITY_VISIBILITY
patternId: 23rt6g
severity: 1
line: 89
column: 67
content: public

ruleId: SOLIDITY_VISIBILITY
patternId: 23rt6g
severity: 1
line: 91
column: 27
content: public

ruleId: SOLIDITY_VISIBILITY
patternId: 23rt6g
severity: 1
line: 93
column: 36
content: public

ruleId: SOLIDITY_VISIBILITY
patternId: 23rt6g
severity: 1
line: 95
column: 55
content: public

SOLIDITY_VISIBILITY :6
SOLIDITY_SAFEMATH :1
SOLIDITY_PRAGMAS_VERSION :1
SOLIDITY_PRIVATE_MODIFIER_DONT_HIDE_DATA :1
SOLIDITY_UPGRADE_TO_050 :2
SOLIDITY_SHOULD_NOT_BE_VIEW :1
SOLIDITY_ERC20_APPROVE :1