INFO:Slither:Compilation warnings/errors on /unique_chucks/36/0xafeb70ae58052456772f0d5e7a42e13fcd2a429e.sol:
/unique_chucks/36/0xafeb70ae58052456772f0d5e7a42e13fcd2a429e.sol:103:3: Warning: Defining constructors as functions with the same name as the contract is deprecated. Use "constructor(...) { ... }" instead.
  function ReserveToken() public {
  ^ (Relevant source part starts here and spans across multiple lines).
/unique_chucks/36/0xafeb70ae58052456772f0d5e7a42e13fcd2a429e.sol:159:3: Warning: Defining constructors as functions with the same name as the contract is deprecated. Use "constructor(...) { ... }" instead.
  function BitDex(address admin_, address feeAccount_, address accountLevelsAddr_, uint feeMake_, uint feeTake_, uint feeRebate_) public {
  ^ (Relevant source part starts here and spans across multiple lines).
/unique_chucks/36/0xafeb70ae58052456772f0d5e7a42e13fcd2a429e.sol:67:7: Warning: Invoking events without "emit" prefix is deprecated.
      Transfer(msg.sender, _to, _value);
      ^-------------------------------^
/unique_chucks/36/0xafeb70ae58052456772f0d5e7a42e13fcd2a429e.sol:77:7: Warning: Invoking events without "emit" prefix is deprecated.
      Transfer(_from, _to, _value);
      ^--------------------------^
/unique_chucks/36/0xafeb70ae58052456772f0d5e7a42e13fcd2a429e.sol:88:5: Warning: Invoking events without "emit" prefix is deprecated.
    Approval(msg.sender, _spender, _value);
    ^------------------------------------^
/unique_chucks/36/0xafeb70ae58052456772f0d5e7a42e13fcd2a429e.sol:209:5: Warning: Invoking events without "emit" prefix is deprecated.
    Deposit(0, msg.sender, msg.value, tokens[0][msg.sender]);
    ^------------------------------------------------------^
/unique_chucks/36/0xafeb70ae58052456772f0d5e7a42e13fcd2a429e.sol:216:5: Warning: Invoking events without "emit" prefix is deprecated.
    Withdraw(0, msg.sender, amount, tokens[0][msg.sender]);
    ^----------------------------------------------------^
/unique_chucks/36/0xafeb70ae58052456772f0d5e7a42e13fcd2a429e.sol:224:5: Warning: Invoking events without "emit" prefix is deprecated.
    Deposit(token, msg.sender, amount, tokens[token][msg.sender]);
    ^-----------------------------------------------------------^
/unique_chucks/36/0xafeb70ae58052456772f0d5e7a42e13fcd2a429e.sol:232:5: Warning: Invoking events without "emit" prefix is deprecated.
    Withdraw(token, msg.sender, amount, tokens[token][msg.sender]);
    ^------------------------------------------------------------^
/unique_chucks/36/0xafeb70ae58052456772f0d5e7a42e13fcd2a429e.sol:240:20: Warning: This function only accepts a single "bytes" argument. Please use "abi.encodePacked(...)" or a similar function to encode the data.
    bytes32 hash = sha256(this, tokenGet, amountGet, tokenGive, amountGive, expires, nonce);
                   ^----------------------------------------------------------------------^
/unique_chucks/36/0xafeb70ae58052456772f0d5e7a42e13fcd2a429e.sol:242:5: Warning: Invoking events without "emit" prefix is deprecated.
    Order(tokenGet, amountGet, tokenGive, amountGive, expires, nonce, msg.sender);
    ^---------------------------------------------------------------------------^
/unique_chucks/36/0xafeb70ae58052456772f0d5e7a42e13fcd2a429e.sol:247:20: Warning: This function only accepts a single "bytes" argument. Please use "abi.encodePacked(...)" or a similar function to encode the data.
    bytes32 hash = sha256(this, tokenGet, amountGet, tokenGive, amountGive, expires, nonce);
                   ^----------------------------------------------------------------------^
/unique_chucks/36/0xafeb70ae58052456772f0d5e7a42e13fcd2a429e.sol:249:40: Warning: This function only accepts a single "bytes" argument. Please use "abi.encodePacked(...)" or a similar function to encode the data.
      (orders[user][hash] || ecrecover(keccak256("\x19Ethereum Signed Message:\n32", hash),v,r,s) == user) &&
                                       ^-------------------------------------------------^
/unique_chucks/36/0xafeb70ae58052456772f0d5e7a42e13fcd2a429e.sol:255:5: Warning: Invoking events without "emit" prefix is deprecated.
    Trade(tokenGet, amount, tokenGive, amountGive * amount / amountGet, user, msg.sender);
    ^-----------------------------------------------------------------------------------^
/unique_chucks/36/0xafeb70ae58052456772f0d5e7a42e13fcd2a429e.sol:283:20: Warning: This function only accepts a single "bytes" argument. Please use "abi.encodePacked(...)" or a similar function to encode the data.
    bytes32 hash = sha256(this, tokenGet, amountGet, tokenGive, amountGive, expires, nonce);
                   ^----------------------------------------------------------------------^
/unique_chucks/36/0xafeb70ae58052456772f0d5e7a42e13fcd2a429e.sol:285:40: Warning: This function only accepts a single "bytes" argument. Please use "abi.encodePacked(...)" or a similar function to encode the data.
      (orders[user][hash] || ecrecover(keccak256("\x19Ethereum Signed Message:\n32", hash),v,r,s) == user) &&
                                       ^-------------------------------------------------^
/unique_chucks/36/0xafeb70ae58052456772f0d5e7a42e13fcd2a429e.sol:295:20: Warning: This function only accepts a single "bytes" argument. Please use "abi.encodePacked(...)" or a similar function to encode the data.
    bytes32 hash = keccak256(this, tokenGet, amountGet, tokenGive, amountGive, expires, nonce);
                   ^-------------------------------------------------------------------------^
/unique_chucks/36/0xafeb70ae58052456772f0d5e7a42e13fcd2a429e.sol:300:20: Warning: This function only accepts a single "bytes" argument. Please use "abi.encodePacked(...)" or a similar function to encode the data.
    bytes32 hash = sha256(this, tokenGet, amountGet, tokenGive, amountGive, expires, nonce);
                   ^----------------------------------------------------------------------^
/unique_chucks/36/0xafeb70ae58052456772f0d5e7a42e13fcd2a429e.sol:301:48: Warning: This function only accepts a single "bytes" argument. Please use "abi.encodePacked(...)" or a similar function to encode the data.
    if(!(orders[msg.sender][hash] || ecrecover(keccak256("\x19Ethereum Signed Message:\n32", hash),v,r,s) == msg.sender)) {
                                               ^-------------------------------------------------^
/unique_chucks/36/0xafeb70ae58052456772f0d5e7a42e13fcd2a429e.sol:305:5: Warning: Invoking events without "emit" prefix is deprecated.
    Cancel(tokenGet, amountGet, tokenGive, amountGive, expires, nonce, msg.sender, v, r, s);
    ^-------------------------------------------------------------------------------------^
/unique_chucks/36/0xafeb70ae58052456772f0d5e7a42e13fcd2a429e.sol:294:135: Warning: Unused function parameter. Remove or comment out the variable name to silence this warning.
 ... uint8 v ... 
     ^-----^
/unique_chucks/36/0xafeb70ae58052456772f0d5e7a42e13fcd2a429e.sol:294:144: Warning: Unused function parameter. Remove or comment out the variable name to silence this warning.
 ... bytes32 r ... 
     ^-------^
/unique_chucks/36/0xafeb70ae58052456772f0d5e7a42e13fcd2a429e.sol:294:155: Warning: Unused function parameter. Remove or comment out the variable name to silence this warning.
 ... bytes32 s ... 
     ^-------^

INFO:Detectors:[91m
AccountLevelsTest.accountLevels (/unique_chucks/36/0xafeb70ae58052456772f0d5e7a42e13fcd2a429e.sol#134-137) shadows:
	- AccountLevels.accountLevels (/unique_chucks/36/0xafeb70ae58052456772f0d5e7a42e13fcd2a429e.sol#126-130)
Reference: https://github.com/trailofbits/slither/wiki/Detectors-Documentation#state-variable-shadowing[0m
INFO:Detectors:[93m
Reentrancy in BitDex.trade (/unique_chucks/36/0xafeb70ae58052456772f0d5e7a42e13fcd2a429e.sol#247-260):
	External calls:
	- tradeBalances(tokenGet,amountGet,tokenGive,amountGive,user,amount) (/unique_chucks/36/0xafeb70ae58052456772f0d5e7a42e13fcd2a429e.sol#258)
	State variables written after the call(s):
	- orderFills (/unique_chucks/36/0xafeb70ae58052456772f0d5e7a42e13fcd2a429e.sol#258-259)
Reference: https://github.com/trailofbits/slither/wiki/Detectors-Documentation#reentrancy-vulnerabilities-1[0m
INFO:Detectors:[92m
Reentrancy in BitDex.depositToken (/unique_chucks/36/0xafeb70ae58052456772f0d5e7a42e13fcd2a429e.sol#222-231):
	External calls:
	- require(bool)(Token(token).transferFrom(msg.sender,this,amount)) (/unique_chucks/36/0xafeb70ae58052456772f0d5e7a42e13fcd2a429e.sol#227-228)
	State variables written after the call(s):
	- tokens (/unique_chucks/36/0xafeb70ae58052456772f0d5e7a42e13fcd2a429e.sol#228-230)
Reentrancy in BitDex.tradeBalances (/unique_chucks/36/0xafeb70ae58052456772f0d5e7a42e13fcd2a429e.sol#261-276):
	External calls:
	- accountLevel = AccountLevels(accountLevelsAddr).accountLevel(user) (/unique_chucks/36/0xafeb70ae58052456772f0d5e7a42e13fcd2a429e.sol#267-268)
	State variables written after the call(s):
	- tokens (/unique_chucks/36/0xafeb70ae58052456772f0d5e7a42e13fcd2a429e.sol#269-270)
	- tokens (/unique_chucks/36/0xafeb70ae58052456772f0d5e7a42e13fcd2a429e.sol#270-271)
	- tokens (/unique_chucks/36/0xafeb70ae58052456772f0d5e7a42e13fcd2a429e.sol#271-274)
	- tokens (/unique_chucks/36/0xafeb70ae58052456772f0d5e7a42e13fcd2a429e.sol#274)
	- tokens (/unique_chucks/36/0xafeb70ae58052456772f0d5e7a42e13fcd2a429e.sol#274-276)
Reference: https://github.com/trailofbits/slither/wiki/Detectors-Documentation#reentrancy-vulnerabilities-2[0m
INFO:Detectors:[92m
Token.decimals should be constant (/unique_chucks/36/0xafeb70ae58052456772f0d5e7a42e13fcd2a429e.sol#61)
Token.name should be constant (/unique_chucks/36/0xafeb70ae58052456772f0d5e7a42e13fcd2a429e.sol#62-63)
Reference: https://github.com/trailofbits/slither/wiki/Detectors-Documentation#state-variables-that-could-be-declared-constant[0m
INFO:Detectors:[92m
Token.totalSupply (/unique_chucks/36/0xafeb70ae58052456772f0d5e7a42e13fcd2a429e.sol#24-26) should be declared external
StandardToken.balanceOf (/unique_chucks/36/0xafeb70ae58052456772f0d5e7a42e13fcd2a429e.sol#83-86) should be declared external
Token.balanceOf (/unique_chucks/36/0xafeb70ae58052456772f0d5e7a42e13fcd2a429e.sol#28-30) should be declared external
StandardToken.transfer (/unique_chucks/36/0xafeb70ae58052456772f0d5e7a42e13fcd2a429e.sol#63-72) should be declared external
Token.transfer (/unique_chucks/36/0xafeb70ae58052456772f0d5e7a42e13fcd2a429e.sol#34-36) should be declared external
StandardToken.transferFrom (/unique_chucks/36/0xafeb70ae58052456772f0d5e7a42e13fcd2a429e.sol#72-82) should be declared external
Token.transferFrom (/unique_chucks/36/0xafeb70ae58052456772f0d5e7a42e13fcd2a429e.sol#41-43) should be declared external
Token.approve (/unique_chucks/36/0xafeb70ae58052456772f0d5e7a42e13fcd2a429e.sol#47-49) should be declared external
StandardToken.approve (/unique_chucks/36/0xafeb70ae58052456772f0d5e7a42e13fcd2a429e.sol#87-92) should be declared external
Token.allowance (/unique_chucks/36/0xafeb70ae58052456772f0d5e7a42e13fcd2a429e.sol#52-54) should be declared external
StandardToken.allowance (/unique_chucks/36/0xafeb70ae58052456772f0d5e7a42e13fcd2a429e.sol#92-97) should be declared external
ReserveToken.create (/unique_chucks/36/0xafeb70ae58052456772f0d5e7a42e13fcd2a429e.sol#108-113) should be declared external
ReserveToken.destroy (/unique_chucks/36/0xafeb70ae58052456772f0d5e7a42e13fcd2a429e.sol#113-121) should be declared external
AccountLevels.accountLevel (/unique_chucks/36/0xafeb70ae58052456772f0d5e7a42e13fcd2a429e.sol#130-133) should be declared external
AccountLevelsTest.accountLevel (/unique_chucks/36/0xafeb70ae58052456772f0d5e7a42e13fcd2a429e.sol#142-144) should be declared external
AccountLevelsTest.setAccountLevel (/unique_chucks/36/0xafeb70ae58052456772f0d5e7a42e13fcd2a429e.sol#137-142) should be declared external
BitDex.fallback (/unique_chucks/36/0xafeb70ae58052456772f0d5e7a42e13fcd2a429e.sol#177) should be declared external
BitDex.changeAdmin (/unique_chucks/36/0xafeb70ae58052456772f0d5e7a42e13fcd2a429e.sol#177-182) should be declared external
BitDex.changeAccountLevelsAddr (/unique_chucks/36/0xafeb70ae58052456772f0d5e7a42e13fcd2a429e.sol#182-188) should be declared external
BitDex.changeFeeAccount (/unique_chucks/36/0xafeb70ae58052456772f0d5e7a42e13fcd2a429e.sol#188-193) should be declared external
BitDex.changeFeeMake (/unique_chucks/36/0xafeb70ae58052456772f0d5e7a42e13fcd2a429e.sol#193-200) should be declared external
BitDex.changeFeeTake (/unique_chucks/36/0xafeb70ae58052456772f0d5e7a42e13fcd2a429e.sol#200-207) should be declared external
BitDex.changeFeeRebate (/unique_chucks/36/0xafeb70ae58052456772f0d5e7a42e13fcd2a429e.sol#207-212) should be declared external
BitDex.deposit (/unique_chucks/36/0xafeb70ae58052456772f0d5e7a42e13fcd2a429e.sol#212-216) should be declared external
BitDex.withdraw (/unique_chucks/36/0xafeb70ae58052456772f0d5e7a42e13fcd2a429e.sol#216-222) should be declared external
BitDex.depositToken (/unique_chucks/36/0xafeb70ae58052456772f0d5e7a42e13fcd2a429e.sol#222-231) should be declared external
BitDex.withdrawToken (/unique_chucks/36/0xafeb70ae58052456772f0d5e7a42e13fcd2a429e.sol#231-239) should be declared external
BitDex.balanceOf (/unique_chucks/36/0xafeb70ae58052456772f0d5e7a42e13fcd2a429e.sol#239-241) should be declared external
BitDex.order (/unique_chucks/36/0xafeb70ae58052456772f0d5e7a42e13fcd2a429e.sol#241-247) should be declared external
BitDex.trade (/unique_chucks/36/0xafeb70ae58052456772f0d5e7a42e13fcd2a429e.sol#247-260) should be declared external
BitDex.testTrade (/unique_chucks/36/0xafeb70ae58052456772f0d5e7a42e13fcd2a429e.sol#276-283) should be declared external
BitDex.amountFilled (/unique_chucks/36/0xafeb70ae58052456772f0d5e7a42e13fcd2a429e.sol#296-301) should be declared external
BitDex.cancelOrder (/unique_chucks/36/0xafeb70ae58052456772f0d5e7a42e13fcd2a429e.sol#301-307) should be declared external
Reference: https://github.com/trailofbits/slither/wiki/Detectors-Documentation#public-function-that-could-be-declared-as-external[0m
INFO:Detectors:[92m
Detected issues with version pragma in /unique_chucks/36/0xafeb70ae58052456772f0d5e7a42e13fcd2a429e.sol:
	- pragma solidity^0.4.20 (/unique_chucks/36/0xafeb70ae58052456772f0d5e7a42e13fcd2a429e.sol#1): it allows old versions
Reference: https://github.com/trailofbits/slither/wiki/Detectors-Documentation#incorrect-version-of-solidity[0m
INFO:Detectors:[92m
Low level call in BitDex.withdraw (/unique_chucks/36/0xafeb70ae58052456772f0d5e7a42e13fcd2a429e.sol#216-222):
	-require(bool)(! msg.sender.call.value(amount)()) /unique_chucks/36/0xafeb70ae58052456772f0d5e7a42e13fcd2a429e.sol#220
Reference: https://github.com/trailofbits/slither/wiki/Detectors-Documentation#low-level-calls[0m
INFO:Detectors:[92m
Parameter '_owner' of StandardToken.balanceOf (/unique_chucks/36/0xafeb70ae58052456772f0d5e7a42e13fcd2a429e.sol#83-86) is not in mixedCase
Parameter '_to' of StandardToken.transfer (/unique_chucks/36/0xafeb70ae58052456772f0d5e7a42e13fcd2a429e.sol#64) is not in mixedCase
Parameter '_value' of StandardToken.transfer (/unique_chucks/36/0xafeb70ae58052456772f0d5e7a42e13fcd2a429e.sol#64) is not in mixedCase
Parameter '_from' of StandardToken.transferFrom (/unique_chucks/36/0xafeb70ae58052456772f0d5e7a42e13fcd2a429e.sol#72-73) is not in mixedCase
Parameter '_to' of StandardToken.transferFrom (/unique_chucks/36/0xafeb70ae58052456772f0d5e7a42e13fcd2a429e.sol#73) is not in mixedCase
Parameter '_value' of StandardToken.transferFrom (/unique_chucks/36/0xafeb70ae58052456772f0d5e7a42e13fcd2a429e.sol#73) is not in mixedCase
Parameter '_spender' of StandardToken.approve (/unique_chucks/36/0xafeb70ae58052456772f0d5e7a42e13fcd2a429e.sol#87) is not in mixedCase
Parameter '_value' of StandardToken.approve (/unique_chucks/36/0xafeb70ae58052456772f0d5e7a42e13fcd2a429e.sol#87-88) is not in mixedCase
Parameter '_owner' of StandardToken.allowance (/unique_chucks/36/0xafeb70ae58052456772f0d5e7a42e13fcd2a429e.sol#93) is not in mixedCase
Parameter '_spender' of StandardToken.allowance (/unique_chucks/36/0xafeb70ae58052456772f0d5e7a42e13fcd2a429e.sol#93-96) is not in mixedCase
Function 'ReserveToken.ReserveToken' (/unique_chucks/36/0xafeb70ae58052456772f0d5e7a42e13fcd2a429e.sol#106-108) is not in mixedCase
Function 'BitDex.BitDex' (/unique_chucks/36/0xafeb70ae58052456772f0d5e7a42e13fcd2a429e.sol#161-177) is not in mixedCase
Reference: https://github.com/trailofbits/slither/wiki/Detectors-Documentation#conformance-to-solidity-naming-conventions[0m
INFO:Slither:/unique_chucks/36/0xafeb70ae58052456772f0d5e7a42e13fcd2a429e.sol analyzed (7 contracts), 52 result(s) found