/unique_chucks/41/0xd05aa21c80335c34ab94c6308e53986d2408b35d.sol
jar:file:/usr/local/lib/node_modules/@smartdec/smartcheck/jdeploy-bundle/smartcheck-2.0-jar-with-dependencies.jar!/solidity-rules.xmlruleId: SOLIDITY_ADDRESS_HARDCODED
patternId: b140cd
severity: 1
line: 546
column: 38
content: 0x00

ruleId: SOLIDITY_DEPRECATED_CONSTRUCTIONS
patternId: 28fa69
severity: 1
line: 71
column: 2
content: functionmax64(uint64a,uint64b)internalconstantreturns(uint64){returna>=b?a:b;}

ruleId: SOLIDITY_DEPRECATED_CONSTRUCTIONS
patternId: 28fa69
severity: 1
line: 75
column: 2
content: functionmin64(uint64a,uint64b)internalconstantreturns(uint64){returna<b?a:b;}

ruleId: SOLIDITY_DEPRECATED_CONSTRUCTIONS
patternId: 28fa69
severity: 1
line: 79
column: 2
content: functionmax256(uinta,uintb)internalconstantreturns(uint){returna>=b?a:b;}

ruleId: SOLIDITY_DEPRECATED_CONSTRUCTIONS
patternId: 28fa69
severity: 1
line: 83
column: 2
content: functionmin256(uinta,uintb)internalconstantreturns(uint){returna<b?a:b;}

ruleId: SOLIDITY_DEPRECATED_CONSTRUCTIONS
patternId: 28fa69
severity: 1
line: 95
column: 2
content: functionbalanceOf(addresswho)publicconstantreturns(uint);

ruleId: SOLIDITY_DEPRECATED_CONSTRUCTIONS
patternId: 28fa69
severity: 1
line: 106
column: 2
content: functionallowance(addressowner,addressspender)publicconstantreturns(uint);

ruleId: SOLIDITY_DEPRECATED_CONSTRUCTIONS
patternId: 28fa69
severity: 1
line: 158
column: 2
content: functionbalanceOf(address_owner)publicconstantreturns(uintbalance){returnbalances[_owner];}

ruleId: SOLIDITY_DEPRECATED_CONSTRUCTIONS
patternId: 28fa69
severity: 1
line: 178
column: 2
content: functionisToken()publicconstantreturns(boolweAre){returntrue;}

ruleId: SOLIDITY_DEPRECATED_CONSTRUCTIONS
patternId: 28fa69
severity: 1
line: 226
column: 2
content: functionallowance(address_owner,address_spender)publicconstantreturns(uintremaining){returnallowed[_owner][_spender];}

ruleId: SOLIDITY_DEPRECATED_CONSTRUCTIONS
patternId: 28fa69
severity: 1
line: 429
column: 2
content: functionisUpgradeAgent()publicconstantreturns(bool){returntrue;}

ruleId: SOLIDITY_DEPRECATED_CONSTRUCTIONS
patternId: 28fa69
severity: 1
line: 544
column: 2
content: functiongetUpgradeState()publicconstantreturns(UpgradeState){if(!canUpgrade())returnUpgradeState.NotAllowed;elseif(address(upgradeAgent)==0x00)returnUpgradeState.WaitingForAgent;elseif(totalUpgraded==0)returnUpgradeState.ReadyToUpgrade;elsereturnUpgradeState.Upgrading;}

ruleId: SOLIDITY_DEPRECATED_CONSTRUCTIONS
patternId: 28fa69
severity: 1
line: 572
column: 2
content: functioncanUpgrade()publicconstantreturns(bool){returntrue;}

ruleId: SOLIDITY_DEPRECATED_CONSTRUCTIONS
patternId: 28fa69
severity: 1
line: 626
column: 2
content: functioncanUpgrade()publicconstantreturns(bool){returnreleased&&super.canUpgrade();}

ruleId: SOLIDITY_ERC20_APPROVE
patternId: af782c
severity: 2
line: 207
column: 2
content: functionapprove(address_spender,uint_value)publicreturns(boolsuccess){require(_value==0||allowed[msg.sender][_spender]==0);allowed[msg.sender][_spender]=_value;Approval(msg.sender,_spender,_value);returntrue;}

ruleId: SOLIDITY_OVERPOWERED_ROLE
patternId: j83hf7
severity: 2
line: 285
column: 2
content: functionsetReleaseAgent(addressaddr)onlyOwnerinReleaseState(false)public{releaseAgent=addr;}

ruleId: SOLIDITY_OVERPOWERED_ROLE
patternId: j83hf7
severity: 2
line: 293
column: 2
content: functionsetTransferAgent(addressaddr,boolstate)onlyOwnerinReleaseState(false)public{transferAgents[addr]=state;}

ruleId: SOLIDITY_OVERPOWERED_ROLE
patternId: j83hf7
severity: 2
line: 394
column: 2
content: functionsetMintAgent(addressaddr,boolstate)onlyOwnercanMintpublic{mintAgents[addr]=state;MintingAgentChanged(addr,state);}

ruleId: SOLIDITY_OVERPOWERED_ROLE
patternId: j83hf7
severity: 2
line: 521
column: 2
content: functionsetUpgradeAgent(addressagent)external{require(canUpgrade());require(agent!=0x0);require(msg.sender==upgradeMaster);require(getUpgradeState()!=UpgradeState.Upgrading);upgradeAgent=UpgradeAgent(agent);require(upgradeAgent.isUpgradeAgent());require(upgradeAgent.originalSupply()==totalSupply);UpgradeAgentSet(upgradeAgent);}

ruleId: SOLIDITY_OVERPOWERED_ROLE
patternId: j83hf7
severity: 2
line: 633
column: 2
content: functionsetTokenInformation(string_name,string_symbol)onlyOwner{name=_name;symbol=_symbol;UpdatedTokenInformation(name,symbol);}

ruleId: SOLIDITY_PRAGMAS_VERSION
patternId: 23fc32
severity: 1
line: 1
column: 16
content: ^

ruleId: SOLIDITY_SAFEMATH
patternId: 837cac
severity: 1
line: 126
column: 2
content: usingSafeMathforuint;

ruleId: SOLIDITY_SAFEMATH
patternId: 837cac
severity: 1
line: 350
column: 2
content: usingSafeMathforuint;

ruleId: SOLIDITY_VISIBILITY
patternId: 910067
severity: 1
line: 18
column: 2
content: functionOwnable(){owner=msg.sender;}

ruleId: SOLIDITY_VISIBILITY
patternId: 910067
severity: 1
line: 36
column: 2
content: functiontransferOwnership(addressnewOwner)onlyOwner{require(newOwner!=address(0));owner=newOwner;}

ruleId: SOLIDITY_VISIBILITY
patternId: 910067
severity: 1
line: 492
column: 2
content: functionUpgradeableToken(address_upgradeMaster){setUpgradeMaster(_upgradeMaster);}

ruleId: SOLIDITY_VISIBILITY
patternId: 910067
severity: 1
line: 608
column: 2
content: functionCrowdsaleToken(string_name,string_symbol,uint_initialSupply,uint8_decimals,address_multisig,bool_mintable)UpgradeableToken(_multisig)MintableToken(_initialSupply,_multisig,_mintable){name=_name;symbol=_symbol;decimals=_decimals;}

ruleId: SOLIDITY_VISIBILITY
patternId: 910067
severity: 1
line: 633
column: 2
content: functionsetTokenInformation(string_name,string_symbol)onlyOwner{name=_name;symbol=_symbol;UpdatedTokenInformation(name,symbol);}

ruleId: SOLIDITY_VISIBILITY
patternId: b51ce0
severity: 1
line: 128
column: 2
content: mapping(address=>uint)balances;

ruleId: SOLIDITY_VISIBILITY
patternId: b51ce0
severity: 1
line: 175
column: 2
content: mapping(address=>mapping(address=>uint))allowed;

SOLIDITY_VISIBILITY :7
SOLIDITY_SAFEMATH :2
SOLIDITY_OVERPOWERED_ROLE :5
SOLIDITY_DEPRECATED_CONSTRUCTIONS :13
SOLIDITY_PRAGMAS_VERSION :1
SOLIDITY_ADDRESS_HARDCODED :1
SOLIDITY_ERC20_APPROVE :1