INFO:Slither:Compilation warnings/errors on /unique_chucks/42/0xa9587915625a3d5fbd276762e532aaabe2ad3e2f.sol:
[91m/unique_chucks/42/0xa9587915625a3d5fbd276762e532aaabe2ad3e2f.sol:1:1: Error: Source file requires different compiler version (current compiler is 0.4.25+commit.59dbf8f1.Linux.g++ - note that nightly builds are considered to be strictly less than the released version[0m
pragma solidity 0.4.24;
^---------------------^
/unique_chucks/42/0xa9587915625a3d5fbd276762e532aaabe2ad3e2f.sol:67:3: Warning: Defining constructors as functions with the same name as the contract is deprecated. Use "constructor(...) { ... }" instead.
  function Ownable() public {
  ^ (Relevant source part starts here and spans across multiple lines).
/unique_chucks/42/0xa9587915625a3d5fbd276762e532aaabe2ad3e2f.sol:87:5: Warning: Invoking events without "emit" prefix is deprecated.
    OwnershipTransferred(owner, newOwner);
    ^-----------------------------------^
/unique_chucks/42/0xa9587915625a3d5fbd276762e532aaabe2ad3e2f.sol:125:5: Warning: Invoking events without "emit" prefix is deprecated.
    Transfer(msg.sender, _to, _value);
    ^-------------------------------^
/unique_chucks/42/0xa9587915625a3d5fbd276762e532aaabe2ad3e2f.sol:161:5: Warning: Invoking events without "emit" prefix is deprecated.
    Transfer(_from, _to, _value);
    ^--------------------------^
/unique_chucks/42/0xa9587915625a3d5fbd276762e532aaabe2ad3e2f.sol:176:5: Warning: Invoking events without "emit" prefix is deprecated.
    Approval(msg.sender, _spender, _value);
    ^------------------------------------^
/unique_chucks/42/0xa9587915625a3d5fbd276762e532aaabe2ad3e2f.sol:198:5: Warning: Invoking events without "emit" prefix is deprecated.
    Approval(msg.sender, _spender, allowed[msg.sender][_spender]);
    ^-----------------------------------------------------------^
/unique_chucks/42/0xa9587915625a3d5fbd276762e532aaabe2ad3e2f.sol:209:5: Warning: Invoking events without "emit" prefix is deprecated.
    Approval(msg.sender, _spender, allowed[msg.sender][_spender]);
    ^-----------------------------------------------------------^
/unique_chucks/42/0xa9587915625a3d5fbd276762e532aaabe2ad3e2f.sol:309:5: Warning: Invoking events without "emit" prefix is deprecated.
    Pause();
    ^-----^
/unique_chucks/42/0xa9587915625a3d5fbd276762e532aaabe2ad3e2f.sol:317:5: Warning: Invoking events without "emit" prefix is deprecated.
    Unpause();
    ^-------^

INFO:SlitherSolcParsing:No contract were found in /unique_chucks/42/0xa9587915625a3d5fbd276762e532aaabe2ad3e2f.sol, check the correct compilation
WARNING:Slither:[91mNo contract was analyzed[0m
INFO:Slither:/unique_chucks/42/0xa9587915625a3d5fbd276762e532aaabe2ad3e2f.sol analyzed (0 contracts), 0 result(s) found