INFO:Slither:Compilation warnings/errors on /unique_chucks/13/0x5cf4c6ee0d1f6f9337ab89a79f1885c748b8bee1.sol:
/unique_chucks/13/0x5cf4c6ee0d1f6f9337ab89a79f1885c748b8bee1.sol:173:5: Warning: Defining constructors as functions with the same name as the contract is deprecated. Use "constructor(...) { ... }" instead.
    function seashells()
    ^ (Relevant source part starts here and spans across multiple lines).
/unique_chucks/13/0x5cf4c6ee0d1f6f9337ab89a79f1885c748b8bee1.sol:55:32: Warning: This function only accepts a single "bytes" argument. Please use "abi.encodePacked(...)" or a similar function to encode the data.
        require(administrators[keccak256(_customerAddress)]);
                               ^-------------------------^
/unique_chucks/13/0x5cf4c6ee0d1f6f9337ab89a79f1885c748b8bee1.sol:55:32: Warning: The provided argument of type address is not implicitly convertible to expected type bytes memory.
        require(administrators[keccak256(_customerAddress)]);
                               ^-------------------------^
/unique_chucks/13/0x5cf4c6ee0d1f6f9337ab89a79f1885c748b8bee1.sol:281:9: Warning: Invoking events without "emit" prefix is deprecated.
        onReinvestment(_customerAddress, _dividends, _tokens);
        ^---------------------------------------------------^
/unique_chucks/13/0x5cf4c6ee0d1f6f9337ab89a79f1885c748b8bee1.sol:321:9: Warning: Invoking events without "emit" prefix is deprecated.
        onWithdraw(_customerAddress, _dividends);
        ^--------------------------------------^
/unique_chucks/13/0x5cf4c6ee0d1f6f9337ab89a79f1885c748b8bee1.sol:355:9: Warning: Invoking events without "emit" prefix is deprecated.
        onTokenSell(_customerAddress, _tokens, _taxedEthereum);
        ^----------------------------------------------------^
/unique_chucks/13/0x5cf4c6ee0d1f6f9337ab89a79f1885c748b8bee1.sol:400:9: Warning: Invoking events without "emit" prefix is deprecated.
        Transfer(_customerAddress, _toAddress, _taxedTokens);
        ^--------------------------------------------------^
/unique_chucks/13/0x5cf4c6ee0d1f6f9337ab89a79f1885c748b8bee1.sol:469:16: Warning: Using contract member "balance" inherited from the address type is deprecated. Convert the contract to "address" type to access the member, for example use "address(contract).balance" instead.
        return this.balance;
               ^----------^
/unique_chucks/13/0x5cf4c6ee0d1f6f9337ab89a79f1885c748b8bee1.sol:671:9: Warning: Invoking events without "emit" prefix is deprecated.
        onTokenPurchase(_customerAddress, _incomingEthereum, _amountOfTokens, _referredBy);
        ^--------------------------------------------------------------------------------^

INFO:Detectors:[92m
seashells.buy (/unique_chucks/13/0x5cf4c6ee0d1f6f9337ab89a79f1885c748b8bee1.sol#249-256) should be declared external
seashells.fallback (/unique_chucks/13/0x5cf4c6ee0d1f6f9337ab89a79f1885c748b8bee1.sol#266-267) should be declared external
seashells.reinvest (/unique_chucks/13/0x5cf4c6ee0d1f6f9337ab89a79f1885c748b8bee1.sol#270-293) should be declared external
seashells.exit (/unique_chucks/13/0x5cf4c6ee0d1f6f9337ab89a79f1885c748b8bee1.sol#296-309) should be declared external
seashells.transfer (/unique_chucks/13/0x5cf4c6ee0d1f6f9337ab89a79f1885c748b8bee1.sol#373-421) should be declared external
seashells.disableInitialStage (/unique_chucks/13/0x5cf4c6ee0d1f6f9337ab89a79f1885c748b8bee1.sol#429-432) should be declared external
seashells.setAdministrator (/unique_chucks/13/0x5cf4c6ee0d1f6f9337ab89a79f1885c748b8bee1.sol#436-446) should be declared external
seashells.setStakingRequirement (/unique_chucks/13/0x5cf4c6ee0d1f6f9337ab89a79f1885c748b8bee1.sol#452-461) should be declared external
seashells.setName (/unique_chucks/13/0x5cf4c6ee0d1f6f9337ab89a79f1885c748b8bee1.sol#462-467) should be declared external
seashells.setSymbol (/unique_chucks/13/0x5cf4c6ee0d1f6f9337ab89a79f1885c748b8bee1.sol#473-479) should be declared external
seashells.totalSupply (/unique_chucks/13/0x5cf4c6ee0d1f6f9337ab89a79f1885c748b8bee1.sol#497-498) should be declared external
seashells.sellPrice (/unique_chucks/13/0x5cf4c6ee0d1f6f9337ab89a79f1885c748b8bee1.sol#550-565) should be declared external
seashells.buyPrice (/unique_chucks/13/0x5cf4c6ee0d1f6f9337ab89a79f1885c748b8bee1.sol#571-586) should be declared external
seashells.calculateTokensReceived (/unique_chucks/13/0x5cf4c6ee0d1f6f9337ab89a79f1885c748b8bee1.sol#589-602) should be declared external
seashells.calculateEthereumReceived (/unique_chucks/13/0x5cf4c6ee0d1f6f9337ab89a79f1885c748b8bee1.sol#604-613) should be declared external
Reference: https://github.com/trailofbits/slither/wiki/Detectors-Documentation#public-function-that-could-be-declared-as-external[0m
INFO:Detectors:[92m
Detected issues with version pragma in /unique_chucks/13/0x5cf4c6ee0d1f6f9337ab89a79f1885c748b8bee1.sol:
	- pragma solidity^0.4.20 (/unique_chucks/13/0x5cf4c6ee0d1f6f9337ab89a79f1885c748b8bee1.sol#1): it allows old versions
Reference: https://github.com/trailofbits/slither/wiki/Detectors-Documentation#incorrect-version-of-solidity[0m
INFO:Detectors:[92m
Contract 'seashells' (/unique_chucks/13/0x5cf4c6ee0d1f6f9337ab89a79f1885c748b8bee1.sol#29-779) is not in CapWords
Event 'seashells.onTokenPurchase' (/unique_chucks/13/0x5cf4c6ee0d1f6f9337ab89a79f1885c748b8bee1.sol#97-104) is not in CapWords
Event 'seashells.onTokenSell' (/unique_chucks/13/0x5cf4c6ee0d1f6f9337ab89a79f1885c748b8bee1.sol#105-110) is not in CapWords
Event 'seashells.onReinvestment' (/unique_chucks/13/0x5cf4c6ee0d1f6f9337ab89a79f1885c748b8bee1.sol#111-118) is not in CapWords
Event 'seashells.onWithdraw' (/unique_chucks/13/0x5cf4c6ee0d1f6f9337ab89a79f1885c748b8bee1.sol#119-123) is not in CapWords
Parameter '_referredBy' of seashells.buy (/unique_chucks/13/0x5cf4c6ee0d1f6f9337ab89a79f1885c748b8bee1.sol#250) is not in mixedCase
Parameter '_amountOfTokens' of seashells.sell (/unique_chucks/13/0x5cf4c6ee0d1f6f9337ab89a79f1885c748b8bee1.sol#336-337) is not in mixedCase
Parameter '_toAddress' of seashells.transfer (/unique_chucks/13/0x5cf4c6ee0d1f6f9337ab89a79f1885c748b8bee1.sol#374) is not in mixedCase
Parameter '_amountOfTokens' of seashells.transfer (/unique_chucks/13/0x5cf4c6ee0d1f6f9337ab89a79f1885c748b8bee1.sol#374) is not in mixedCase
Parameter '_identifier' of seashells.setAdministrator (/unique_chucks/13/0x5cf4c6ee0d1f6f9337ab89a79f1885c748b8bee1.sol#439) is not in mixedCase
Parameter '_status' of seashells.setAdministrator (/unique_chucks/13/0x5cf4c6ee0d1f6f9337ab89a79f1885c748b8bee1.sol#439-440) is not in mixedCase
Parameter '_amountOfTokens' of seashells.setStakingRequirement (/unique_chucks/13/0x5cf4c6ee0d1f6f9337ab89a79f1885c748b8bee1.sol#453-455) is not in mixedCase
Parameter '_name' of seashells.setName (/unique_chucks/13/0x5cf4c6ee0d1f6f9337ab89a79f1885c748b8bee1.sol#462-463) is not in mixedCase
Parameter '_symbol' of seashells.setSymbol (/unique_chucks/13/0x5cf4c6ee0d1f6f9337ab89a79f1885c748b8bee1.sol#473-474) is not in mixedCase
Parameter '_includeReferralBonus' of seashells.myDividends (/unique_chucks/13/0x5cf4c6ee0d1f6f9337ab89a79f1885c748b8bee1.sol#518-519) is not in mixedCase
Parameter '_customerAddress' of seashells.balanceOf (/unique_chucks/13/0x5cf4c6ee0d1f6f9337ab89a79f1885c748b8bee1.sol#533) is not in mixedCase
Parameter '_customerAddress' of seashells.dividendsOf (/unique_chucks/13/0x5cf4c6ee0d1f6f9337ab89a79f1885c748b8bee1.sol#542) is not in mixedCase
Parameter '_ethereumToSpend' of seashells.calculateTokensReceived (/unique_chucks/13/0x5cf4c6ee0d1f6f9337ab89a79f1885c748b8bee1.sol#591-593) is not in mixedCase
Parameter '_tokensToSell' of seashells.calculateEthereumReceived (/unique_chucks/13/0x5cf4c6ee0d1f6f9337ab89a79f1885c748b8bee1.sol#604-605) is not in mixedCase
Parameter '_incomingEthereum' of seashells.purchaseTokens (/unique_chucks/13/0x5cf4c6ee0d1f6f9337ab89a79f1885c748b8bee1.sol#616) is not in mixedCase
Parameter '_referredBy' of seashells.purchaseTokens (/unique_chucks/13/0x5cf4c6ee0d1f6f9337ab89a79f1885c748b8bee1.sol#616-618) is not in mixedCase
Parameter '_ethereum' of seashells.ethereumToTokens_ (/unique_chucks/13/0x5cf4c6ee0d1f6f9337ab89a79f1885c748b8bee1.sol#701) is not in mixedCase
Parameter '_tokens' of seashells.tokensToEthereum_ (/unique_chucks/13/0x5cf4c6ee0d1f6f9337ab89a79f1885c748b8bee1.sol#742-743) is not in mixedCase
Constant 'seashells.dividendFee_' (/unique_chucks/13/0x5cf4c6ee0d1f6f9337ab89a79f1885c748b8bee1.sol#135) is not in UPPER_CASE_WITH_UNDERSCORES
Constant 'seashells.tokenPriceInitial_' (/unique_chucks/13/0x5cf4c6ee0d1f6f9337ab89a79f1885c748b8bee1.sol#135-138) is not in UPPER_CASE_WITH_UNDERSCORES
Constant 'seashells.tokenPriceIncremental_' (/unique_chucks/13/0x5cf4c6ee0d1f6f9337ab89a79f1885c748b8bee1.sol#138-139) is not in UPPER_CASE_WITH_UNDERSCORES
Constant 'seashells.magnitude' (/unique_chucks/13/0x5cf4c6ee0d1f6f9337ab89a79f1885c748b8bee1.sol#139-142) is not in UPPER_CASE_WITH_UNDERSCORES
Constant 'seashells.ambassadorMaxPurchase_' (/unique_chucks/13/0x5cf4c6ee0d1f6f9337ab89a79f1885c748b8bee1.sol#148-149) is not in UPPER_CASE_WITH_UNDERSCORES
Constant 'seashells.ambassadorQuota_' (/unique_chucks/13/0x5cf4c6ee0d1f6f9337ab89a79f1885c748b8bee1.sol#149-151) is not in UPPER_CASE_WITH_UNDERSCORES
Reference: https://github.com/trailofbits/slither/wiki/Detectors-Documentation#conformance-to-solidity-naming-conventions[0m
INFO:Slither:/unique_chucks/13/0x5cf4c6ee0d1f6f9337ab89a79f1885c748b8bee1.sol analyzed (2 contracts), 45 result(s) found