2019-07-25 01:45:03,430: [12] m.main:INFO: Registered plugins: DetectUninitializedMemory, DetectIntegerOverflow, DetectInvalid, DetectSuicidal, DetectUnusedRetVal, DetectReentrancySimple, DetectEnvInstruction, DetectDelegatecall, DetectUninitializedStorage, DetectReentrancyAdvanced, DetectExternalCallAndLeak
2019-07-25 01:45:03,431: [12] m.main:INFO: Beginning analysis
2019-07-25 01:45:03,441: [12] m.e.manticore:INFO: Starting symbolic create contract
2019-07-25 01:45:03,747: [56] m.c.manticore:INFO: Generated testcase No. 0 - NO STATE RESULT (?)(0 txs)
2019-07-25 01:45:04,247: [12] m.c.manticore:INFO: Results in /mcore_ukjaxzd9
2019-07-25 01:45:05,008: [315] m.main:INFO: Registered plugins: DetectDelegatecall, DetectReentrancySimple, DetectInvalid, DetectUnusedRetVal, DetectUninitializedStorage, DetectReentrancyAdvanced, DetectSuicidal, DetectExternalCallAndLeak, DetectEnvInstruction, DetectIntegerOverflow, DetectUninitializedMemory
2019-07-25 01:45:05,008: [315] m.main:INFO: Beginning analysis
2019-07-25 01:45:05,026: [315] m.e.manticore:INFO: Starting symbolic create contract
2019-07-25 01:45:07,625: [315] m.e.manticore:INFO: Starting symbolic transaction: 0
2019-07-25 01:45:11,192: [315] m.e.manticore:INFO: 1 alive states, 5 terminated states
2019-07-25 01:45:11,779: [315] m.e.manticore:INFO: Starting symbolic transaction: 1
2019-07-25 01:45:16,248: [315] m.e.manticore:INFO: 1 alive states, 10 terminated states
2019-07-25 01:45:17,319: [1822] m.c.manticore:INFO: Generated testcase No. 0 - RETURN(3 txs)
2019-07-25 01:45:17,497: [1828] m.c.manticore:INFO: Generated testcase No. 5 - REVERT(2 txs)
2019-07-25 01:45:17,504: [1836] m.c.manticore:INFO: Generated testcase No. 1 - REVERT(2 txs)
2019-07-25 01:45:17,576: [1832] m.c.manticore:INFO: Generated testcase No. 3 - REVERT(2 txs)
2019-07-25 01:45:17,579: [1830] m.c.manticore:INFO: Generated testcase No. 2 - REVERT(2 txs)
2019-07-25 01:45:17,590: [1833] m.c.manticore:INFO: Generated testcase No. 7 - REVERT(3 txs)
2019-07-25 01:45:17,609: [1835] m.c.manticore:INFO: Generated testcase No. 6 - RETURN(2 txs)
2019-07-25 01:45:17,614: [1824] m.c.manticore:INFO: Generated testcase No. 4 - RETURN(1 txs)
2019-07-25 01:45:17,673: [1839] m.c.manticore:INFO: Generated testcase No. 8 - REVERT(3 txs)
2019-07-25 01:45:17,778: [1838] m.c.manticore:INFO: Generated testcase No. 9 - REVERT(3 txs)
2019-07-25 01:45:29,899: [1824] m.c.manticore:INFO: Generated testcase No. 10 - REVERT(3 txs)
2019-07-25 01:45:38,097: [315] m.c.manticore:INFO: Results in /mcore_lq_4s5zp
2019-07-25 01:45:39,923: [2449] m.main:INFO: Registered plugins: DetectUnusedRetVal, DetectUninitializedStorage, DetectSuicidal, DetectExternalCallAndLeak, DetectEnvInstruction, DetectUninitializedMemory, DetectReentrancyAdvanced, DetectDelegatecall, DetectIntegerOverflow, DetectReentrancySimple, DetectInvalid
2019-07-25 01:45:39,924: [2449] m.main:INFO: Beginning analysis
2019-07-25 01:45:39,944: [2449] m.e.manticore:INFO: Starting symbolic create contract
2019-07-25 01:45:55,020: [2449] m.e.manticore:INFO: Starting symbolic transaction: 0
2019-07-25 01:46:41,107: [3529] m.e.detectors:WARNING: Potentially reading uninitialized storage
2019-07-25 01:46:54,625: [3516] m.e.detectors:WARNING: Potentially reading uninitialized storage
2019-07-25 01:47:33,704: [3516] m.e.detectors:WARNING: Potentially reading uninitialized storage
2019-07-25 01:47:53,804: [3516] m.e.detectors:WARNING: Potentially reading uninitialized storage
2019-07-25 01:48:53,071: [3528] m.e.detectors:WARNING: Potentially reading uninitialized storage
2019-07-25 01:49:17,820: [3528] m.e.detectors:WARNING: Potentially reading uninitialized storage