INFO:Slither:Compilation warnings/errors on /unique_chucks/15/0x6c7a3c832e573b1d7f3c9f7d51b2ec13f461dbe1.sol:
/unique_chucks/15/0x6c7a3c832e573b1d7f3c9f7d51b2ec13f461dbe1.sol:22:21: Warning: "throw" is deprecated in favour of "revert()", "require()" and "assert()".
    if (!assertion) throw;
                    ^---^
/unique_chucks/15/0x6c7a3c832e573b1d7f3c9f7d51b2ec13f461dbe1.sol:34:3: Warning: Defining constructors as functions with the same name as the contract is deprecated. Use "constructor(...) { ... }" instead.
  function Ownable() {
  ^ (Relevant source part starts here and spans across multiple lines).
/unique_chucks/15/0x6c7a3c832e573b1d7f3c9f7d51b2ec13f461dbe1.sol:44:7: Warning: "throw" is deprecated in favour of "revert()", "require()" and "assert()".
      throw;
      ^---^
/unique_chucks/15/0x6c7a3c832e573b1d7f3c9f7d51b2ec13f461dbe1.sol:21:3: Warning: This declaration shadows a builtin symbol.
  function assert(bool assertion) internal {
  ^ (Relevant source part starts here and spans across multiple lines).
/unique_chucks/15/0x6c7a3c832e573b1d7f3c9f7d51b2ec13f461dbe1.sol:119:25: Warning: Using contract member "balance" inherited from the address type is deprecated. Convert the contract to "address" type to access the member, for example use "address(contract).balance" instead.
    msg.sender.transfer(this.balance);
                        ^----------^
/unique_chucks/15/0x6c7a3c832e573b1d7f3c9f7d51b2ec13f461dbe1.sol:34:3: Warning: No visibility specified. Defaulting to "public". 
  function Ownable() {
  ^ (Relevant source part starts here and spans across multiple lines).
/unique_chucks/15/0x6c7a3c832e573b1d7f3c9f7d51b2ec13f461dbe1.sol:54:3: Warning: No visibility specified. Defaulting to "public". 
  function transferOwnership(address newOwner) onlyOwner {
  ^ (Relevant source part starts here and spans across multiple lines).
/unique_chucks/15/0x6c7a3c832e573b1d7f3c9f7d51b2ec13f461dbe1.sol:64:3: Warning: No visibility specified. Defaulting to "public". 
  function balanceOf(address who) constant returns (uint);
  ^------------------------------------------------------^
/unique_chucks/15/0x6c7a3c832e573b1d7f3c9f7d51b2ec13f461dbe1.sol:65:3: Warning: No visibility specified. Defaulting to "public". 
  function transfer(address to, uint value);
  ^----------------------------------------^
/unique_chucks/15/0x6c7a3c832e573b1d7f3c9f7d51b2ec13f461dbe1.sol:70:3: Warning: No visibility specified. Defaulting to "public". 
  function allowance(address owner, address spender) constant returns (uint);
  ^-------------------------------------------------------------------------^
/unique_chucks/15/0x6c7a3c832e573b1d7f3c9f7d51b2ec13f461dbe1.sol:71:3: Warning: No visibility specified. Defaulting to "public". 
  function transferFrom(address from, address to, uint value);
  ^----------------------------------------------------------^
/unique_chucks/15/0x6c7a3c832e573b1d7f3c9f7d51b2ec13f461dbe1.sol:72:3: Warning: No visibility specified. Defaulting to "public". 
  function approve(address spender, uint value);
  ^--------------------------------------------^
/unique_chucks/15/0x6c7a3c832e573b1d7f3c9f7d51b2ec13f461dbe1.sol:83:3: Warning: No visibility specified. Defaulting to "public". 
  function update_ratio(uint new_bitcoin_ratio, uint new_eth_ratio) 
  ^ (Relevant source part starts here and spans across multiple lines).
/unique_chucks/15/0x6c7a3c832e573b1d7f3c9f7d51b2ec13f461dbe1.sol:90:3: Warning: No visibility specified. Defaulting to "public". 
  function send(address _tokenAddr, address dest, uint value)
  ^ (Relevant source part starts here and spans across multiple lines).
/unique_chucks/15/0x6c7a3c832e573b1d7f3c9f7d51b2ec13f461dbe1.sol:96:3: Warning: No visibility specified. Defaulting to "public". 
  function multisend(address _tokenAddr, address[] dests, uint[] values)
  ^ (Relevant source part starts here and spans across multiple lines).
/unique_chucks/15/0x6c7a3c832e573b1d7f3c9f7d51b2ec13f461dbe1.sol:118:3: Warning: No visibility specified. Defaulting to "public". 
  function withdraw() onlyOwner {
  ^ (Relevant source part starts here and spans across multiple lines).
/unique_chucks/15/0x6c7a3c832e573b1d7f3c9f7d51b2ec13f461dbe1.sol:21:3: Warning: Function state mutability can be restricted to pure
  function assert(bool assertion) internal {
  ^ (Relevant source part starts here and spans across multiple lines).

INFO:Detectors:[93m
ERC20Basic (/unique_chucks/15/0x6c7a3c832e573b1d7f3c9f7d51b2ec13f461dbe1.sol#64-70) has incorrect ERC20 function interface(s):
	-transfer (/unique_chucks/15/0x6c7a3c832e573b1d7f3c9f7d51b2ec13f461dbe1.sol#66)
ERC20 (/unique_chucks/15/0x6c7a3c832e573b1d7f3c9f7d51b2ec13f461dbe1.sol#70-79) has incorrect ERC20 function interface(s):
	-transferFrom (/unique_chucks/15/0x6c7a3c832e573b1d7f3c9f7d51b2ec13f461dbe1.sol#72-73)
	-approve (/unique_chucks/15/0x6c7a3c832e573b1d7f3c9f7d51b2ec13f461dbe1.sol#73)
Reference: https://github.com/trailofbits/slither/wiki/Detectors-Documentation#incorrect-erc20-interface[0m
INFO:Detectors:[92m
SafeMath.assert (function @ /unique_chucks/15/0x6c7a3c832e573b1d7f3c9f7d51b2ec13f461dbe1.sol#21-26) shadows built-in symbol "assert"
Reference: https://github.com/trailofbits/slither/wiki/Detectors-Documentation#builtin-symbol-shadowing[0m
INFO:Detectors:[92m
BitcoinStore.multisend has external calls inside a loop:
	- ERC20(_tokenAddr).transfer(dests[i],values[i]) (/unique_chucks/15/0x6c7a3c832e573b1d7f3c9f7d51b2ec13f461dbe1.sol#107)
Reference: https://github.com/trailofbits/slither/wiki/Detectors-Documentation/_edit#calls-inside-a-loop[0m
INFO:Detectors:[92m
ERC20Basic.totalSupply should be constant (/unique_chucks/15/0x6c7a3c832e573b1d7f3c9f7d51b2ec13f461dbe1.sol#64-65)
Reference: https://github.com/trailofbits/slither/wiki/Detectors-Documentation#state-variables-that-could-be-declared-constant[0m
INFO:Detectors:[92m
Deprecated standard detected @ /unique_chucks/15/0x6c7a3c832e573b1d7f3c9f7d51b2ec13f461dbe1.sol#26:
	- Usage of "throw" should be replaced with "revert()"
Deprecated standard detected @ /unique_chucks/15/0x6c7a3c832e573b1d7f3c9f7d51b2ec13f461dbe1.sol#51:
	- Usage of "throw" should be replaced with "revert()"
Reference: https://github.com/trailofbits/slither/wiki/Detectors-Documentation#deprecated-standards[0m
INFO:Detectors:[92m
Ownable.transferOwnership (/unique_chucks/15/0x6c7a3c832e573b1d7f3c9f7d51b2ec13f461dbe1.sol#54-64) should be declared external
ERC20Basic.balanceOf (/unique_chucks/15/0x6c7a3c832e573b1d7f3c9f7d51b2ec13f461dbe1.sol#65-66) should be declared external
ERC20Basic.transfer (/unique_chucks/15/0x6c7a3c832e573b1d7f3c9f7d51b2ec13f461dbe1.sol#66) should be declared external
ERC20.allowance (/unique_chucks/15/0x6c7a3c832e573b1d7f3c9f7d51b2ec13f461dbe1.sol#70-72) should be declared external
ERC20.transferFrom (/unique_chucks/15/0x6c7a3c832e573b1d7f3c9f7d51b2ec13f461dbe1.sol#72-73) should be declared external
ERC20.approve (/unique_chucks/15/0x6c7a3c832e573b1d7f3c9f7d51b2ec13f461dbe1.sol#73) should be declared external
BitcoinStore.update_ratio (/unique_chucks/15/0x6c7a3c832e573b1d7f3c9f7d51b2ec13f461dbe1.sol#85-93) should be declared external
BitcoinStore.send (/unique_chucks/15/0x6c7a3c832e573b1d7f3c9f7d51b2ec13f461dbe1.sol#93-98) should be declared external
BitcoinStore.multisend (/unique_chucks/15/0x6c7a3c832e573b1d7f3c9f7d51b2ec13f461dbe1.sol#98-109) should be declared external
BitcoinStore.buy (/unique_chucks/15/0x6c7a3c832e573b1d7f3c9f7d51b2ec13f461dbe1.sol#115-121) should be declared external
BitcoinStore.withdraw (/unique_chucks/15/0x6c7a3c832e573b1d7f3c9f7d51b2ec13f461dbe1.sol) should be declared external
Reference: https://github.com/trailofbits/slither/wiki/Detectors-Documentation#public-function-that-could-be-declared-as-external[0m
INFO:Detectors:[92m
Detected issues with version pragma in /unique_chucks/15/0x6c7a3c832e573b1d7f3c9f7d51b2ec13f461dbe1.sol:
	- pragma solidity^0.4.11 (/unique_chucks/15/0x6c7a3c832e573b1d7f3c9f7d51b2ec13f461dbe1.sol#1): it allows old versions
Reference: https://github.com/trailofbits/slither/wiki/Detectors-Documentation#incorrect-version-of-solidity[0m
INFO:Detectors:[92m
Function 'Ownable.Ownable' (/unique_chucks/15/0x6c7a3c832e573b1d7f3c9f7d51b2ec13f461dbe1.sol#35-40) is not in mixedCase
Function 'BitcoinStore.update_ratio' (/unique_chucks/15/0x6c7a3c832e573b1d7f3c9f7d51b2ec13f461dbe1.sol#85-93) is not in mixedCase
Parameter 'new_bitcoin_ratio' of BitcoinStore.update_ratio (/unique_chucks/15/0x6c7a3c832e573b1d7f3c9f7d51b2ec13f461dbe1.sol#86-87) is not in mixedCase
Parameter 'new_eth_ratio' of BitcoinStore.update_ratio (/unique_chucks/15/0x6c7a3c832e573b1d7f3c9f7d51b2ec13f461dbe1.sol#87) is not in mixedCase
Parameter '_tokenAddr' of BitcoinStore.send (/unique_chucks/15/0x6c7a3c832e573b1d7f3c9f7d51b2ec13f461dbe1.sol#93) is not in mixedCase
Parameter '_tokenAddr' of BitcoinStore.multisend (/unique_chucks/15/0x6c7a3c832e573b1d7f3c9f7d51b2ec13f461dbe1.sol#99-100) is not in mixedCase
Constant 'BitcoinStore.Bitcoin_address' (/unique_chucks/15/0x6c7a3c832e573b1d7f3c9f7d51b2ec13f461dbe1.sol#79-80) is not in UPPER_CASE_WITH_UNDERSCORES
Variable 'BitcoinStore.bitcoin_ratio' (/unique_chucks/15/0x6c7a3c832e573b1d7f3c9f7d51b2ec13f461dbe1.sol#83) is not in mixedCase
Variable 'BitcoinStore.eth_ratio' (/unique_chucks/15/0x6c7a3c832e573b1d7f3c9f7d51b2ec13f461dbe1.sol#83-84) is not in mixedCase
Reference: https://github.com/trailofbits/slither/wiki/Detectors-Documentation#conformance-to-solidity-naming-conventions[0m
INFO:Slither:/unique_chucks/15/0x6c7a3c832e573b1d7f3c9f7d51b2ec13f461dbe1.sol analyzed (5 contracts), 28 result(s) found