/unique_chucks/17/0xb435a693f4d453a72a3a094ed3f8e4cb721f66c2.sol
jar:file:/usr/local/lib/node_modules/@smartdec/smartcheck/jdeploy-bundle/smartcheck-2.0-jar-with-dependencies.jar!/solidity-rules.xmlruleId: SOLIDITY_DIV_MUL
patternId: 09hhh1
severity: 2
line: 20
column: 21
content: invested[sender]*interest/100*(now-timeInvest[sender])

ruleId: SOLIDITY_DIV_MUL
patternId: 09hhh1
severity: 2
line: 49
column: 26
content: invested[_dep]*interest/100*(now-timeInvest[_dep])

ruleId: SOLIDITY_LOCKED_MONEY
patternId: 30281d
severity: 3
line: 3
column: 0
content: contractWhaleKiller{addressWhaleAddr;uintconstantinterest=5;uintconstantwhalefee=1;uintconstantmaxRoi=150;uint256amount=0;mapping(address=>uint256)invested;mapping(address=>uint256)timeInvest;mapping(address=>uint256)rewards;constructor()public{WhaleAddr=msg.sender;}function()externalpayable{addresssender=msg.sender;if(invested[sender]!=0){amount=invested[sender]*interest/100*(now-timeInvest[sender])/1days;if(msg.value==0){if(amount>=address(this).balance){amount=(address(this).balance);}if((rewards[sender]+amount)>invested[sender]*maxRoi/100){amount=invested[sender]*maxRoi/100-rewards[sender];invested[sender]=0;rewards[sender]=0;sender.transfer(amount);return;}else{sender.transfer(amount);rewards[sender]+=amount;amount=0;}}}timeInvest[sender]=now;invested[sender]+=(msg.value+amount);if(msg.value!=0){WhaleAddr.transfer(msg.value*whalefee/100);if(invested[sender]>invested[WhaleAddr]){WhaleAddr=sender;}}}functionShowDepositInfo(address_dep)publicviewreturns(uint256_invested,uint256_rewards,uint256_unpaidInterest){_unpaidInterest=invested[_dep]*interest/100*(now-timeInvest[_dep])/1days;return(invested[_dep],rewards[_dep],_unpaidInterest);}functionShowWhaleAddress()publicviewreturns(address){returnWhaleAddr;}}

ruleId: SOLIDITY_MSGVALUE_EQUALS_ZERO
patternId: 1df89a
severity: 1
line: 21
column: 16
content: msg.value==0

ruleId: SOLIDITY_PRAGMAS_VERSION
patternId: 23fc32
severity: 1
line: 1
column: 16
content: ^

ruleId: SOLIDITY_VISIBILITY
patternId: b51ce0
severity: 1
line: 4
column: 4
content: addressWhaleAddr;

ruleId: SOLIDITY_VISIBILITY
patternId: b51ce0
severity: 1
line: 5
column: 4
content: uintconstantinterest=5;

ruleId: SOLIDITY_VISIBILITY
patternId: b51ce0
severity: 1
line: 6
column: 4
content: uintconstantwhalefee=1;

ruleId: SOLIDITY_VISIBILITY
patternId: b51ce0
severity: 1
line: 7
column: 4
content: uintconstantmaxRoi=150;

ruleId: SOLIDITY_VISIBILITY
patternId: b51ce0
severity: 1
line: 8
column: 4
content: uint256amount=0;

ruleId: SOLIDITY_VISIBILITY
patternId: b51ce0
severity: 1
line: 9
column: 4
content: mapping(address=>uint256)invested;

ruleId: SOLIDITY_VISIBILITY
patternId: b51ce0
severity: 1
line: 10
column: 4
content: mapping(address=>uint256)timeInvest;

ruleId: SOLIDITY_VISIBILITY
patternId: b51ce0
severity: 1
line: 11
column: 4
content: mapping(address=>uint256)rewards;

SOLIDITY_VISIBILITY :8
SOLIDITY_MSGVALUE_EQUALS_ZERO :1
SOLIDITY_PRAGMAS_VERSION :1
SOLIDITY_LOCKED_MONEY :1
SOLIDITY_DIV_MUL :2