/unique_chucks/18/0x5f391f8253475bffa27b2f8544994f9717ab310d.sol
jar:file:/usr/local/lib/node_modules/@smartdec/smartcheck/jdeploy-bundle/smartcheck-2.0-jar-with-dependencies.jar!/solidity-rules.xmlruleId: SOLIDITY_DEPRECATED_CONSTRUCTIONS
patternId: 28fa69
severity: 1
line: 10
column: 2
content: functionbalanceOf(addresswho)publicconstantreturns(uint256);

ruleId: SOLIDITY_DEPRECATED_CONSTRUCTIONS
patternId: 28fa69
severity: 1
line: 20
column: 2
content: functionallowance(addressowner,addressspender)publicconstantreturns(uint256);

ruleId: SOLIDITY_DEPRECATED_CONSTRUCTIONS
patternId: 28fa69
severity: 1
line: 30
column: 2
content: functionmul(uint256a,uint256b)internalconstantreturns(uint256){uint256c=a*b;assert(a==0||c/a==b);returnc;}

ruleId: SOLIDITY_DEPRECATED_CONSTRUCTIONS
patternId: 28fa69
severity: 1
line: 36
column: 2
content: functiondiv(uint256a,uint256b)internalconstantreturns(uint256){uint256c=a/b;returnc;}

ruleId: SOLIDITY_DEPRECATED_CONSTRUCTIONS
patternId: 28fa69
severity: 1
line: 43
column: 2
content: functionsub(uint256a,uint256b)internalconstantreturns(uint256){assert(b<=a);returna-b;}

ruleId: SOLIDITY_DEPRECATED_CONSTRUCTIONS
patternId: 28fa69
severity: 1
line: 48
column: 2
content: functionadd(uint256a,uint256b)internalconstantreturns(uint256){uint256c=a+b;assert(c>=a);returnc;}

ruleId: SOLIDITY_DEPRECATED_CONSTRUCTIONS
patternId: 28fa69
severity: 1
line: 142
column: 4
content: functionallowance(addressowner,addressspender)publicconstantreturns(uint256remaining){returnallowed[owner][spender];}

ruleId: SOLIDITY_DEPRECATED_CONSTRUCTIONS
patternId: 28fa69
severity: 1
line: 146
column: 4
content: functionbalanceOf(addresswho)publicconstantreturns(uint256){returnbalances[who];}

ruleId: SOLIDITY_DEPRECATED_CONSTRUCTIONS
patternId: 28fa69
severity: 1
line: 286
column: 4
content: functionisPreIcoActive()publicconstantreturns(bool){boolisPayable=Stages.Payable==getCurrentStage();boolisPreIco=PayableStages.PreIco==getPayableStage();returnisPayable&&isPreIco;}

ruleId: SOLIDITY_DEPRECATED_CONSTRUCTIONS
patternId: 28fa69
severity: 1
line: 293
column: 4
content: functionisPublicIcoActive()publicconstantreturns(bool){boolisPayable=Stages.Payable==getCurrentStage();boolisPublic=PayableStages.PublicIco==getPayableStage();returnisPayable&&isPublic;}

ruleId: SOLIDITY_DEPRECATED_CONSTRUCTIONS
patternId: 28fa69
severity: 1
line: 300
column: 4
content: functionhasEnded()publicconstantreturns(bool){returnStages.AfterIco==getCurrentStage();}

ruleId: SOLIDITY_DEPRECATED_CONSTRUCTIONS
patternId: 28fa69
severity: 1
line: 305
column: 4
content: functionsoftCapReached()publicconstantreturns(bool){returnamountRaised>=SOFT_CAP;}

ruleId: SOLIDITY_DEPRECATED_CONSTRUCTIONS
patternId: 28fa69
severity: 1
line: 361
column: 4
content: functiongetCurrentStage()internalconstantreturns(Stages){if(!targetWalletVerified){returnStages.WalletUnverified;}elseif(now<preStartTime){returnStages.BeforeIco;}elseif(now<endTime&&amountRaised<HARD_CAP){returnStages.Payable;}else{returnStages.AfterIco;}}

ruleId: SOLIDITY_DEPRECATED_CONSTRUCTIONS
patternId: 28fa69
severity: 1
line: 373
column: 4
content: functiongetPayableStage()internalconstantreturns(PayableStages){if(now<startTime){returnPayableStages.PreIco;}else{returnPayableStages.PublicIco;}}

ruleId: SOLIDITY_ERC20_APPROVE
patternId: af782c
severity: 2
line: 136
column: 4
content: functionapprove(addressspender,uint256value)publicreturns(boolsuccess){allowed[msg.sender][spender]=value;Approval(msg.sender,spender,value);returntrue;}

ruleId: SOLIDITY_EXTRA_GAS_IN_LOOPS
patternId: d3j11j
severity: 1
line: 273
column: 8
content: for(uinti=0;i<members.length;i++){preIcoMembers[members[i]]=true;}

ruleId: SOLIDITY_EXTRA_GAS_IN_LOOPS
patternId: d3j11j
severity: 1
line: 280
column: 8
content: for(uinti=0;i<members.length;i++){preIcoMembers[members[i]]=false;}

ruleId: SOLIDITY_GAS_LIMIT_IN_LOOPS
patternId: f6f853
severity: 2
line: 273
column: 8
content: for(uinti=0;i<members.length;i++){preIcoMembers[members[i]]=true;}

ruleId: SOLIDITY_GAS_LIMIT_IN_LOOPS
patternId: f6f853
severity: 2
line: 280
column: 8
content: for(uinti=0;i<members.length;i++){preIcoMembers[members[i]]=false;}

ruleId: SOLIDITY_PRAGMAS_VERSION
patternId: 23fc32
severity: 1
line: 1
column: 16
content: ^

ruleId: SOLIDITY_SAFEMATH
patternId: 837cac
severity: 1
line: 114
column: 4
content: usingSafeMathforuint256;

ruleId: SOLIDITY_SAFEMATH
patternId: 837cac
severity: 1
line: 163
column: 4
content: usingSafeMathforuint256;

ruleId: SOLIDITY_UPGRADE_TO_050
patternId: 341gim
severity: 1
line: 272
column: 30
content: address[]members

ruleId: SOLIDITY_UPGRADE_TO_050
patternId: 341gim
severity: 1
line: 279
column: 33
content: address[]members

ruleId: SOLIDITY_VISIBILITY
patternId: 910067
severity: 1
line: 71
column: 2
content: functionOwnable(){owner=msg.sender;}

ruleId: SOLIDITY_VISIBILITY
patternId: 910067
severity: 1
line: 101
column: 4
content: functionClaimableTokens(addresstargetWallet){claimedTokensWallet=targetWallet;}

ruleId: SOLIDITY_VISIBILITY
patternId: 910067
severity: 1
line: 122
column: 4
content: functionCromToken()Ownable()ClaimableTokens(msg.sender){totalSupply=INITIAL_SUPPLY;balances[msg.sender]=totalSupply;}

ruleId: SOLIDITY_VISIBILITY
patternId: 910067
severity: 1
line: 219
column: 4
content: functionCromIco(addresstokenAddress,addressbeneficiaryWallet)Ownable()ClaimableTokens(beneficiaryWallet){token=CromToken(tokenAddress);preStartTime=1510920000;startTime=preStartTime+PRE_DURATION;endTime=startTime+DURATION;targetWallet=beneficiaryWallet;targetWalletVerified=false;paused=false;}

ruleId: SOLIDITY_VISIBILITY
patternId: 910067
severity: 1
line: 235
column: 4
content: function()payableatStage(Stages.Payable){buyTokens();}

SOLIDITY_VISIBILITY :5
SOLIDITY_SAFEMATH :2
SOLIDITY_DEPRECATED_CONSTRUCTIONS :14
SOLIDITY_PRAGMAS_VERSION :1
SOLIDITY_EXTRA_GAS_IN_LOOPS :2
SOLIDITY_UPGRADE_TO_050 :2
SOLIDITY_GAS_LIMIT_IN_LOOPS :2
SOLIDITY_ERC20_APPROVE :1