INFO:Slither:Compilation warnings/errors on /unique_chucks/28/0xc9e86029bd081af490ce39a3bcb1bccf99d33cff.sol:
/unique_chucks/28/0xc9e86029bd081af490ce39a3bcb1bccf99d33cff.sol:80:5: Warning: Defining constructors as functions with the same name as the contract is deprecated. Use "constructor(...) { ... }" instead.
    function Owned() public {
    ^ (Relevant source part starts here and spans across multiple lines).
/unique_chucks/28/0xc9e86029bd081af490ce39a3bcb1bccf99d33cff.sol:128:5: Warning: Defining constructors as functions with the same name as the contract is deprecated. Use "constructor(...) { ... }" instead.
    function DiipCoin() public {
    ^ (Relevant source part starts here and spans across multiple lines).

INFO:Detectors:[93m
Contract locking ether found in /unique_chucks/28/0xc9e86029bd081af490ce39a3bcb1bccf99d33cff.sol:
	Contract DiipCoin has payable functions:
	 - fallback (/unique_chucks/28/0xc9e86029bd081af490ce39a3bcb1bccf99d33cff.sol#147-148)
	But does not have a function to withdraw the ether
Reference: https://github.com/trailofbits/slither/wiki/Detectors-Documentation#contracts-that-lock-ether[0m
INFO:Detectors:[92m
SafeMath.safeMul (/unique_chucks/28/0xc9e86029bd081af490ce39a3bcb1bccf99d33cff.sol#28-32) should be declared external
SafeMath.safeDiv (/unique_chucks/28/0xc9e86029bd081af490ce39a3bcb1bccf99d33cff.sol#32-39) should be declared external
DiipCoin.totalSupply (/unique_chucks/28/0xc9e86029bd081af490ce39a3bcb1bccf99d33cff.sol#153-158) should be declared external
ERC20Interface.totalSupply (/unique_chucks/28/0xc9e86029bd081af490ce39a3bcb1bccf99d33cff.sol#44-45) should be declared external
ERC20Interface.balanceOf (/unique_chucks/28/0xc9e86029bd081af490ce39a3bcb1bccf99d33cff.sol#45-46) should be declared external
DiipCoin.balanceOf (/unique_chucks/28/0xc9e86029bd081af490ce39a3bcb1bccf99d33cff.sol#158-160) should be declared external
DiipCoin.allowance (/unique_chucks/28/0xc9e86029bd081af490ce39a3bcb1bccf99d33cff.sol#213-215) should be declared external
ERC20Interface.allowance (/unique_chucks/28/0xc9e86029bd081af490ce39a3bcb1bccf99d33cff.sol#46-47) should be declared external
ERC20Interface.approve (/unique_chucks/28/0xc9e86029bd081af490ce39a3bcb1bccf99d33cff.sol#48-49) should be declared external
DiipCoin.approve (/unique_chucks/28/0xc9e86029bd081af490ce39a3bcb1bccf99d33cff.sol#182-189) should be declared external
DiipCoin.transferFrom (/unique_chucks/28/0xc9e86029bd081af490ce39a3bcb1bccf99d33cff.sol#197-207) should be declared external
ERC20Interface.transferFrom (/unique_chucks/28/0xc9e86029bd081af490ce39a3bcb1bccf99d33cff.sol#49-51) should be declared external
ApproveAndCallFallBack.receiveApproval (/unique_chucks/28/0xc9e86029bd081af490ce39a3bcb1bccf99d33cff.sol#62-65) should be declared external
TokenRecipient.tokenFallback (/unique_chucks/28/0xc9e86029bd081af490ce39a3bcb1bccf99d33cff.sol#67-71) should be declared external
Owned.transferOwnership (/unique_chucks/28/0xc9e86029bd081af490ce39a3bcb1bccf99d33cff.sol#90-94) should be declared external
Owned.acceptOwnership (/unique_chucks/28/0xc9e86029bd081af490ce39a3bcb1bccf99d33cff.sol#94-102) should be declared external
DiipCoin.fallback (/unique_chucks/28/0xc9e86029bd081af490ce39a3bcb1bccf99d33cff.sol#147-148) should be declared external
DiipCoin.approveAndCall (/unique_chucks/28/0xc9e86029bd081af490ce39a3bcb1bccf99d33cff.sol#221-229) should be declared external
DiipCoin.transferAndCall (/unique_chucks/28/0xc9e86029bd081af490ce39a3bcb1bccf99d33cff.sol#235-238) should be declared external
DiipCoin.mint (/unique_chucks/28/0xc9e86029bd081af490ce39a3bcb1bccf99d33cff.sol#242-249) should be declared external
DiipCoin.finishMinting (/unique_chucks/28/0xc9e86029bd081af490ce39a3bcb1bccf99d33cff.sol#257-259) should be declared external
DiipCoin.transferAnyERC20Token (/unique_chucks/28/0xc9e86029bd081af490ce39a3bcb1bccf99d33cff.sol) should be declared external
Reference: https://github.com/trailofbits/slither/wiki/Detectors-Documentation#public-function-that-could-be-declared-as-external[0m
INFO:Detectors:[92m
Detected issues with version pragma in /unique_chucks/28/0xc9e86029bd081af490ce39a3bcb1bccf99d33cff.sol:
	- pragma solidity^0.4.21 (/unique_chucks/28/0xc9e86029bd081af490ce39a3bcb1bccf99d33cff.sol#1): it allows old versions
Reference: https://github.com/trailofbits/slither/wiki/Detectors-Documentation#incorrect-version-of-solidity[0m
INFO:Detectors:[92m
Function 'Owned.Owned' (/unique_chucks/28/0xc9e86029bd081af490ce39a3bcb1bccf99d33cff.sol#84-87) is not in mixedCase
Parameter '_newOwner' of Owned.transferOwnership (/unique_chucks/28/0xc9e86029bd081af490ce39a3bcb1bccf99d33cff.sol#92) is not in mixedCase
Function 'DiipCoin.DiipCoin' (/unique_chucks/28/0xc9e86029bd081af490ce39a3bcb1bccf99d33cff.sol#132-140) is not in mixedCase
Parameter '_recipient' of DiipCoin.transferAndCall (/unique_chucks/28/0xc9e86029bd081af490ce39a3bcb1bccf99d33cff.sol#235) is not in mixedCase
Parameter '_value' of DiipCoin.transferAndCall (/unique_chucks/28/0xc9e86029bd081af490ce39a3bcb1bccf99d33cff.sol#235) is not in mixedCase
Parameter '_extraData' of DiipCoin.transferAndCall (/unique_chucks/28/0xc9e86029bd081af490ce39a3bcb1bccf99d33cff.sol#235-236) is not in mixedCase
Variable 'DiipCoin._totalSupply' (/unique_chucks/28/0xc9e86029bd081af490ce39a3bcb1bccf99d33cff.sol#113) is not in mixedCase
Reference: https://github.com/trailofbits/slither/wiki/Detectors-Documentation#conformance-to-solidity-naming-conventions[0m
INFO:Slither:/unique_chucks/28/0xc9e86029bd081af490ce39a3bcb1bccf99d33cff.sol analyzed (6 contracts), 31 result(s) found