/unique_chucks/8/0xbbc5cbf30374f106284f990011be86ce9134f9c0.sol
jar:file:/usr/local/lib/node_modules/@smartdec/smartcheck/jdeploy-bundle/smartcheck-2.0-jar-with-dependencies.jar!/solidity-rules.xmlruleId: SOLIDITY_PRAGMAS_VERSION
patternId: 23fc32
severity: 1
line: 1
column: 16
content: ^

ruleId: SOLIDITY_VISIBILITY
patternId: 910067
severity: 1
line: 17
column: 4
content: functionStarFishCoin(){owner=msg.sender;name='Star Fish Coin';symbol='SFC';decimals=18;totalSupply=2000000000000000000000000000;balanceOf[owner]=2000000000000000000000000000;}

ruleId: SOLIDITY_VISIBILITY
patternId: 910067
severity: 1
line: 27
column: 4
content: functiontransfer(address_to,uint256_value)returns(boolsuccess){require(balanceOf[msg.sender]>=_value);balanceOf[msg.sender]-=_value;balanceOf[_to]+=_value;Transfer(msg.sender,_to,_value);returntrue;}

ruleId: SOLIDITY_VISIBILITY
patternId: 910067
severity: 1
line: 37
column: 4
content: functionapprove(address_spender,uint256_value)returns(boolsuccess){allowance[msg.sender][_spender]=_value;returntrue;}

ruleId: SOLIDITY_VISIBILITY
patternId: 910067
severity: 1
line: 43
column: 4
content: functiontransferFrom(address_from,address_to,uint256_value)returns(boolsuccess){require(balanceOf[_from]>=_value);require(allowance[_from][msg.sender]>=_value);balanceOf[_from]-=_value;balanceOf[_to]+=_value;allowance[_from][msg.sender]-=_value;Transfer(_from,_to,_value);returntrue;}

SOLIDITY_VISIBILITY :4
SOLIDITY_PRAGMAS_VERSION :1