INFO:Slither:Compilation warnings/errors on /unique_chucks/1/0x2bba3cf6de6058cc1b4457ce00deb359e2703d7f.sol:
/unique_chucks/1/0x2bba3cf6de6058cc1b4457ce00deb359e2703d7f.sol:8:5: Warning: Defining constructors as functions with the same name as the contract is deprecated. Use "constructor(...) { ... }" instead.
    function owned() public {
    ^ (Relevant source part starts here and spans across multiple lines).
/unique_chucks/1/0x2bba3cf6de6058cc1b4457ce00deb359e2703d7f.sol:42:5: Warning: Defining constructors as functions with the same name as the contract is deprecated. Use "constructor(...) { ... }" instead.
    function TokenERC20(
    ^ (Relevant source part starts here and spans across multiple lines).
/unique_chucks/1/0x2bba3cf6de6058cc1b4457ce00deb359e2703d7f.sol:177:5: Warning: Defining constructors as functions with the same name as the contract is deprecated. Use "constructor(...) { ... }" instead.
    function HashCoin(
    ^ (Relevant source part starts here and spans across multiple lines).
/unique_chucks/1/0x2bba3cf6de6058cc1b4457ce00deb359e2703d7f.sol:22:28: Warning: Functions in interfaces should be declared external.
interface tokenRecipient { function receiveApproval(address _from, uint256 _value, address _token, bytes _extraData) public; }
                           ^-----------------------------------------------------------------------------------------------^
/unique_chucks/1/0x2bba3cf6de6058cc1b4457ce00deb359e2703d7f.sol:63:9: Warning: Invoking events without "emit" prefix is deprecated.
        Transfer(_from, _to, _value);
        ^--------------------------^
/unique_chucks/1/0x2bba3cf6de6058cc1b4457ce00deb359e2703d7f.sol:139:9: Warning: Invoking events without "emit" prefix is deprecated.
        Burn(msg.sender, _value);
        ^----------------------^
/unique_chucks/1/0x2bba3cf6de6058cc1b4457ce00deb359e2703d7f.sol:157:9: Warning: Invoking events without "emit" prefix is deprecated.
        Burn(_from, _value);
        ^-----------------^
/unique_chucks/1/0x2bba3cf6de6058cc1b4457ce00deb359e2703d7f.sol:192:9: Warning: Invoking events without "emit" prefix is deprecated.
        Transfer(_from, _to, _value);
        ^--------------------------^
/unique_chucks/1/0x2bba3cf6de6058cc1b4457ce00deb359e2703d7f.sol:200:9: Warning: Invoking events without "emit" prefix is deprecated.
        FrozenFunds(target, freeze);
        ^-------------------------^
/unique_chucks/1/0x2bba3cf6de6058cc1b4457ce00deb359e2703d7f.sol:220:17: Warning: Using contract member "balance" inherited from the address type is deprecated. Convert the contract to "address" type to access the member, for example use "address(contract).balance" instead.
        require(this.balance >= amount * sellPrice);
                ^----------^

INFO:Detectors:[93m
TokenERC20 (/unique_chucks/1/0x2bba3cf6de6058cc1b4457ce00deb359e2703d7f.sol#25-166) has incorrect ERC20 function interface(s):
	-transfer (/unique_chucks/1/0x2bba3cf6de6058cc1b4457ce00deb359e2703d7f.sol#76-82)
Reference: https://github.com/trailofbits/slither/wiki/Detectors-Documentation#incorrect-erc20-interface[0m
INFO:Detectors:[92m
TokenERC20.decimals should be constant (/unique_chucks/1/0x2bba3cf6de6058cc1b4457ce00deb359e2703d7f.sol#27-28)
Reference: https://github.com/trailofbits/slither/wiki/Detectors-Documentation#state-variables-that-could-be-declared-constant[0m
INFO:Detectors:[92m
owned.transferOwnership (/unique_chucks/1/0x2bba3cf6de6058cc1b4457ce00deb359e2703d7f.sol#17-22) should be declared external
tokenRecipient.receiveApproval (/unique_chucks/1/0x2bba3cf6de6058cc1b4457ce00deb359e2703d7f.sol#22-24) should be declared external
TokenERC20.transfer (/unique_chucks/1/0x2bba3cf6de6058cc1b4457ce00deb359e2703d7f.sol#76-82) should be declared external
TokenERC20.transferFrom (/unique_chucks/1/0x2bba3cf6de6058cc1b4457ce00deb359e2703d7f.sol#88-98) should be declared external
TokenERC20.approveAndCall (/unique_chucks/1/0x2bba3cf6de6058cc1b4457ce00deb359e2703d7f.sol#120-133) should be declared external
TokenERC20.burn (/unique_chucks/1/0x2bba3cf6de6058cc1b4457ce00deb359e2703d7f.sol#137-147) should be declared external
TokenERC20.burnFrom (/unique_chucks/1/0x2bba3cf6de6058cc1b4457ce00deb359e2703d7f.sol#153-166) should be declared external
HashCoin.freezeAccount (/unique_chucks/1/0x2bba3cf6de6058cc1b4457ce00deb359e2703d7f.sol#203-205) should be declared external
HashCoin.setPrices (/unique_chucks/1/0x2bba3cf6de6058cc1b4457ce00deb359e2703d7f.sol#211-217) should be declared external
HashCoin.buy (/unique_chucks/1/0x2bba3cf6de6058cc1b4457ce00deb359e2703d7f.sol#218-221) should be declared external
HashCoin.sell (/unique_chucks/1/0x2bba3cf6de6058cc1b4457ce00deb359e2703d7f.sol) should be declared external
Reference: https://github.com/trailofbits/slither/wiki/Detectors-Documentation#public-function-that-could-be-declared-as-external[0m
INFO:Detectors:[92m
Detected issues with version pragma in /unique_chucks/1/0x2bba3cf6de6058cc1b4457ce00deb359e2703d7f.sol:
	- pragma solidity^0.4.19 (/unique_chucks/1/0x2bba3cf6de6058cc1b4457ce00deb359e2703d7f.sol#3-5): it allows old versions
Reference: https://github.com/trailofbits/slither/wiki/Detectors-Documentation#incorrect-version-of-solidity[0m
INFO:Detectors:[92m
Contract 'owned' (/unique_chucks/1/0x2bba3cf6de6058cc1b4457ce00deb359e2703d7f.sol#5-22) is not in CapWords
Contract 'tokenRecipient' (/unique_chucks/1/0x2bba3cf6de6058cc1b4457ce00deb359e2703d7f.sol#22-24) is not in CapWords
Function 'TokenERC20.TokenERC20' (/unique_chucks/1/0x2bba3cf6de6058cc1b4457ce00deb359e2703d7f.sol#43-54) is not in mixedCase
Function 'TokenERC20._transfer' (/unique_chucks/1/0x2bba3cf6de6058cc1b4457ce00deb359e2703d7f.sol#56-70) is not in mixedCase
Parameter '_from' of TokenERC20._transfer (/unique_chucks/1/0x2bba3cf6de6058cc1b4457ce00deb359e2703d7f.sol#57) is not in mixedCase
Parameter '_to' of TokenERC20._transfer (/unique_chucks/1/0x2bba3cf6de6058cc1b4457ce00deb359e2703d7f.sol#57-58) is not in mixedCase
Parameter '_value' of TokenERC20._transfer (/unique_chucks/1/0x2bba3cf6de6058cc1b4457ce00deb359e2703d7f.sol#58) is not in mixedCase
Parameter '_to' of TokenERC20.transfer (/unique_chucks/1/0x2bba3cf6de6058cc1b4457ce00deb359e2703d7f.sol#76-77) is not in mixedCase
Parameter '_value' of TokenERC20.transfer (/unique_chucks/1/0x2bba3cf6de6058cc1b4457ce00deb359e2703d7f.sol#77-80) is not in mixedCase
Parameter '_from' of TokenERC20.transferFrom (/unique_chucks/1/0x2bba3cf6de6058cc1b4457ce00deb359e2703d7f.sol#89) is not in mixedCase
Parameter '_to' of TokenERC20.transferFrom (/unique_chucks/1/0x2bba3cf6de6058cc1b4457ce00deb359e2703d7f.sol#89) is not in mixedCase
Parameter '_value' of TokenERC20.transferFrom (/unique_chucks/1/0x2bba3cf6de6058cc1b4457ce00deb359e2703d7f.sol#89) is not in mixedCase
Parameter '_spender' of TokenERC20.approve (/unique_chucks/1/0x2bba3cf6de6058cc1b4457ce00deb359e2703d7f.sol#105) is not in mixedCase
Parameter '_value' of TokenERC20.approve (/unique_chucks/1/0x2bba3cf6de6058cc1b4457ce00deb359e2703d7f.sol#105-106) is not in mixedCase
Parameter '_spender' of TokenERC20.approveAndCall (/unique_chucks/1/0x2bba3cf6de6058cc1b4457ce00deb359e2703d7f.sol#121) is not in mixedCase
Parameter '_value' of TokenERC20.approveAndCall (/unique_chucks/1/0x2bba3cf6de6058cc1b4457ce00deb359e2703d7f.sol#121) is not in mixedCase
Parameter '_extraData' of TokenERC20.approveAndCall (/unique_chucks/1/0x2bba3cf6de6058cc1b4457ce00deb359e2703d7f.sol#121-122) is not in mixedCase
Parameter '_value' of TokenERC20.burn (/unique_chucks/1/0x2bba3cf6de6058cc1b4457ce00deb359e2703d7f.sol#137-138) is not in mixedCase
Parameter '_from' of TokenERC20.burnFrom (/unique_chucks/1/0x2bba3cf6de6058cc1b4457ce00deb359e2703d7f.sol#153) is not in mixedCase
Parameter '_value' of TokenERC20.burnFrom (/unique_chucks/1/0x2bba3cf6de6058cc1b4457ce00deb359e2703d7f.sol#154) is not in mixedCase
Function 'HashCoin._transfer' (/unique_chucks/1/0x2bba3cf6de6058cc1b4457ce00deb359e2703d7f.sol#187-198) is not in mixedCase
Parameter '_from' of HashCoin._transfer (/unique_chucks/1/0x2bba3cf6de6058cc1b4457ce00deb359e2703d7f.sol#187-188) is not in mixedCase
Parameter '_to' of HashCoin._transfer (/unique_chucks/1/0x2bba3cf6de6058cc1b4457ce00deb359e2703d7f.sol#188) is not in mixedCase
Parameter '_value' of HashCoin._transfer (/unique_chucks/1/0x2bba3cf6de6058cc1b4457ce00deb359e2703d7f.sol#188) is not in mixedCase
Function 'HashCoin.HashCoin' (/unique_chucks/1/0x2bba3cf6de6058cc1b4457ce00deb359e2703d7f.sol#183-186) is not in mixedCase
Reference: https://github.com/trailofbits/slither/wiki/Detectors-Documentation#conformance-to-solidity-naming-conventions[0m
INFO:Slither:/unique_chucks/1/0x2bba3cf6de6058cc1b4457ce00deb359e2703d7f.sol analyzed (4 contracts), 39 result(s) found