INFO:Detectors:[93m
DIZOOLCLOUD.totalSupply (/unique_chucks/7/0xb2c223c88db4436e730ad55b7e1e2379b1564020.sol#76-77) shadows:
	- ERC20Basic.totalSupply (/unique_chucks/7/0xb2c223c88db4436e730ad55b7e1e2379b1564020.sol#47)
Reference: https://github.com/trailofbits/slither/wiki/Detectors-Documentation#state-variable-shadowing-from-abstract-contracts[0m
INFO:Detectors:[92m
DIZOOLCLOUD.multisig should be constant (/unique_chucks/7/0xb2c223c88db4436e730ad55b7e1e2379b1564020.sol#86)
DIZOOLCLOUD.target0drop should be constant (/unique_chucks/7/0xb2c223c88db4436e730ad55b7e1e2379b1564020.sol#83)
ERC20Basic.totalSupply should be constant (/unique_chucks/7/0xb2c223c88db4436e730ad55b7e1e2379b1564020.sol#47)
Reference: https://github.com/trailofbits/slither/wiki/Detectors-Documentation#state-variables-that-could-be-declared-constant[0m
INFO:Detectors:[92m
ForeignToken.balanceOf (/unique_chucks/7/0xb2c223c88db4436e730ad55b7e1e2379b1564020.sol#41-42) should be declared external
ForeignToken.transfer (/unique_chucks/7/0xb2c223c88db4436e730ad55b7e1e2379b1564020.sol#42-46) should be declared external
DIZOOLCLOUD.balanceOf (/unique_chucks/7/0xb2c223c88db4436e730ad55b7e1e2379b1564020.sol#241-243) should be declared external
ERC20Basic.balanceOf (/unique_chucks/7/0xb2c223c88db4436e730ad55b7e1e2379b1564020.sol#47-48) should be declared external
DIZOOLCLOUD.transfer (/unique_chucks/7/0xb2c223c88db4436e730ad55b7e1e2379b1564020.sol#246-256) should be declared external
ERC20Basic.transfer (/unique_chucks/7/0xb2c223c88db4436e730ad55b7e1e2379b1564020.sol#48-49) should be declared external
ERC20.allowance (/unique_chucks/7/0xb2c223c88db4436e730ad55b7e1e2379b1564020.sol#53-54) should be declared external
DIZOOLCLOUD.allowance (/unique_chucks/7/0xb2c223c88db4436e730ad55b7e1e2379b1564020.sol#277-283) should be declared external
DIZOOLCLOUD.transferFrom (/unique_chucks/7/0xb2c223c88db4436e730ad55b7e1e2379b1564020.sol#256-268) should be declared external
ERC20.transferFrom (/unique_chucks/7/0xb2c223c88db4436e730ad55b7e1e2379b1564020.sol#54-55) should be declared external
ERC20.approve (/unique_chucks/7/0xb2c223c88db4436e730ad55b7e1e2379b1564020.sol#55-56) should be declared external
DIZOOLCLOUD.approve (/unique_chucks/7/0xb2c223c88db4436e730ad55b7e1e2379b1564020.sol#268-277) should be declared external
DIZOOLCLOUD.transferOwnership (/unique_chucks/7/0xb2c223c88db4436e730ad55b7e1e2379b1564020.sol#120-126) should be declared external
DIZOOLCLOUD.finishDistribution (/unique_chucks/7/0xb2c223c88db4436e730ad55b7e1e2379b1564020.sol#126-131) should be declared external
DIZOOLCLOUD.updateTokensPerEth (/unique_chucks/7/0xb2c223c88db4436e730ad55b7e1e2379b1564020.sol#164-173) should be declared external
DIZOOLCLOUD.getTokenBalance (/unique_chucks/7/0xb2c223c88db4436e730ad55b7e1e2379b1564020.sol#283-289) should be declared external
DIZOOLCLOUD.withdrawAll (/unique_chucks/7/0xb2c223c88db4436e730ad55b7e1e2379b1564020.sol#290-296) should be declared external
DIZOOLCLOUD.withdraw (/unique_chucks/7/0xb2c223c88db4436e730ad55b7e1e2379b1564020.sol#296-298) should be declared external
DIZOOLCLOUD.burn (/unique_chucks/7/0xb2c223c88db4436e730ad55b7e1e2379b1564020.sol#298-310) should be declared external
DIZOOLCLOUD.add (/unique_chucks/7/0xb2c223c88db4436e730ad55b7e1e2379b1564020.sol#310-314) should be declared external
DIZOOLCLOUD.withdrawForeignTokens (/unique_chucks/7/0xb2c223c88db4436e730ad55b7e1e2379b1564020.sol) should be declared external
Reference: https://github.com/trailofbits/slither/wiki/Detectors-Documentation#public-function-that-could-be-declared-as-external[0m
INFO:Detectors:[92m
Parameter '_owner' of DIZOOLCLOUD.balanceOf (/unique_chucks/7/0xb2c223c88db4436e730ad55b7e1e2379b1564020.sol#241) is not in mixedCase
Parameter '_to' of DIZOOLCLOUD.transfer (/unique_chucks/7/0xb2c223c88db4436e730ad55b7e1e2379b1564020.sol#246-247) is not in mixedCase
Parameter '_amount' of DIZOOLCLOUD.transfer (/unique_chucks/7/0xb2c223c88db4436e730ad55b7e1e2379b1564020.sol#247) is not in mixedCase
Parameter '_owner' of DIZOOLCLOUD.allowance (/unique_chucks/7/0xb2c223c88db4436e730ad55b7e1e2379b1564020.sol#277-278) is not in mixedCase
Parameter '_spender' of DIZOOLCLOUD.allowance (/unique_chucks/7/0xb2c223c88db4436e730ad55b7e1e2379b1564020.sol#278) is not in mixedCase
Parameter '_from' of DIZOOLCLOUD.transferFrom (/unique_chucks/7/0xb2c223c88db4436e730ad55b7e1e2379b1564020.sol#258) is not in mixedCase
Parameter '_to' of DIZOOLCLOUD.transferFrom (/unique_chucks/7/0xb2c223c88db4436e730ad55b7e1e2379b1564020.sol#258) is not in mixedCase
Parameter '_amount' of DIZOOLCLOUD.transferFrom (/unique_chucks/7/0xb2c223c88db4436e730ad55b7e1e2379b1564020.sol#258) is not in mixedCase
Parameter '_spender' of DIZOOLCLOUD.approve (/unique_chucks/7/0xb2c223c88db4436e730ad55b7e1e2379b1564020.sol#269-272) is not in mixedCase
Parameter '_value' of DIZOOLCLOUD.approve (/unique_chucks/7/0xb2c223c88db4436e730ad55b7e1e2379b1564020.sol#272) is not in mixedCase
Parameter '_to' of DIZOOLCLOUD.distr (/unique_chucks/7/0xb2c223c88db4436e730ad55b7e1e2379b1564020.sol#131-132) is not in mixedCase
Parameter '_amount' of DIZOOLCLOUD.distr (/unique_chucks/7/0xb2c223c88db4436e730ad55b7e1e2379b1564020.sol#132) is not in mixedCase
Function 'DIZOOLCLOUD.Distribute' (/unique_chucks/7/0xb2c223c88db4436e730ad55b7e1e2379b1564020.sol#142-157) is not in mixedCase
Parameter '_participant' of DIZOOLCLOUD.Distribute (/unique_chucks/7/0xb2c223c88db4436e730ad55b7e1e2379b1564020.sol#142-143) is not in mixedCase
Parameter '_amount' of DIZOOLCLOUD.Distribute (/unique_chucks/7/0xb2c223c88db4436e730ad55b7e1e2379b1564020.sol#143) is not in mixedCase
Function 'DIZOOLCLOUD.DistributeAirdrop' (/unique_chucks/7/0xb2c223c88db4436e730ad55b7e1e2379b1564020.sol#158-159) is not in mixedCase
Parameter '_participant' of DIZOOLCLOUD.DistributeAirdrop (/unique_chucks/7/0xb2c223c88db4436e730ad55b7e1e2379b1564020.sol#158) is not in mixedCase
Parameter '_amount' of DIZOOLCLOUD.DistributeAirdrop (/unique_chucks/7/0xb2c223c88db4436e730ad55b7e1e2379b1564020.sol#158) is not in mixedCase
Function 'DIZOOLCLOUD.DistributeAirdropMultiple' (/unique_chucks/7/0xb2c223c88db4436e730ad55b7e1e2379b1564020.sol#159-164) is not in mixedCase
Parameter '_addresses' of DIZOOLCLOUD.DistributeAirdropMultiple (/unique_chucks/7/0xb2c223c88db4436e730ad55b7e1e2379b1564020.sol#160-162) is not in mixedCase
Parameter '_amount' of DIZOOLCLOUD.DistributeAirdropMultiple (/unique_chucks/7/0xb2c223c88db4436e730ad55b7e1e2379b1564020.sol#162) is not in mixedCase
Parameter '_tokensPerEth' of DIZOOLCLOUD.updateTokensPerEth (/unique_chucks/7/0xb2c223c88db4436e730ad55b7e1e2379b1564020.sol#167) is not in mixedCase
Parameter '_wdamount' of DIZOOLCLOUD.withdraw (/unique_chucks/7/0xb2c223c88db4436e730ad55b7e1e2379b1564020.sol#296) is not in mixedCase
Parameter '_value' of DIZOOLCLOUD.burn (/unique_chucks/7/0xb2c223c88db4436e730ad55b7e1e2379b1564020.sol#299) is not in mixedCase
Parameter '_value' of DIZOOLCLOUD.add (/unique_chucks/7/0xb2c223c88db4436e730ad55b7e1e2379b1564020.sol#310-311) is not in mixedCase
Parameter '_tokenContract' of DIZOOLCLOUD.withdrawForeignTokens (/unique_chucks/7/0xb2c223c88db4436e730ad55b7e1e2379b1564020.sol) is not in mixedCase
Variable 'DIZOOLCLOUD.Claimed' (/unique_chucks/7/0xb2c223c88db4436e730ad55b7e1e2379b1564020.sol#68-69) is not in mixedCase
Constant 'DIZOOLCLOUD.requestMinimum' (/unique_chucks/7/0xb2c223c88db4436e730ad55b7e1e2379b1564020.sol#78-80) is not in UPPER_CASE_WITH_UNDERSCORES
Reference: https://github.com/trailofbits/slither/wiki/Detectors-Documentation#conformance-to-solidity-naming-conventions[0m
INFO:Slither:/unique_chucks/7/0xb2c223c88db4436e730ad55b7e1e2379b1564020.sol analyzed (5 contracts), 51 result(s) found