INFO:Slither:Compilation warnings/errors on /unique_chucks/24/0xa3de830b5208851539de8e4ff158d635e8f36fcb.sol:
/unique_chucks/24/0xa3de830b5208851539de8e4ff158d635e8f36fcb.sol:2712:9: Warning: This declaration shadows an existing declaration.
        bytes4[] memory availableCurrencyKeys = new bytes4[](availableSynths.length);
        ^-----------------------------------^
/unique_chucks/24/0xa3de830b5208851539de8e4ff158d635e8f36fcb.sol:2707:5: The shadowed declaration is here:
    function availableCurrencyKeys()
    ^ (Relevant source part starts here and spans across multiple lines).

/unique_chucks/24/0xa3de830b5208851539de8e4ff158d635e8f36fcb.sol:997:13: Warning: Return value of low-level calls not used.
            recipient.call(abi.encodeWithSignature("tokenFallback(address,uint256,bytes)", sender, amount, data));
            ^---------------------------------------------------------------------------------------------------^
/unique_chucks/24/0xa3de830b5208851539de8e4ff158d635e8f36fcb.sol:1035:1: Warning: Base constructor arguments given twice.
contract ExternStateToken is SelfDestructible, Proxyable, TokenFallbackCaller {
^ (Relevant source part starts here and spans across multiple lines).
/unique_chucks/24/0xa3de830b5208851539de8e4ff158d635e8f36fcb.sol:457:9: First constructor call is here: 
        Owned(_owner)
        ^-----------^
/unique_chucks/24/0xa3de830b5208851539de8e4ff158d635e8f36fcb.sol:859:9: Second constructor call is here: 
        Owned(_owner)
        ^-----------^

/unique_chucks/24/0xa3de830b5208851539de8e4ff158d635e8f36fcb.sol:1840:40: Warning: Initial value for constant variable has to be compile-time constant. This will fail to compile with the next breaking version change.
    uint constant MAX_ISSUANCE_RATIO = SafeDecimalMath.unit();
                                       ^--------------------^
/unique_chucks/24/0xa3de830b5208851539de8e4ff158d635e8f36fcb.sol:2102:1: Warning: Base constructor arguments given twice.
contract Synth is ExternStateToken {
^ (Relevant source part starts here and spans across multiple lines).
/unique_chucks/24/0xa3de830b5208851539de8e4ff158d635e8f36fcb.sol:457:9: First constructor call is here: 
        Owned(_owner)
        ^-----------^
/unique_chucks/24/0xa3de830b5208851539de8e4ff158d635e8f36fcb.sol:859:9: Second constructor call is here: 
        Owned(_owner)
        ^-----------^

/unique_chucks/24/0xa3de830b5208851539de8e4ff158d635e8f36fcb.sol:2422:5: Warning: Functions in interfaces should be declared external.
    function balanceOf(address account) public view returns (uint);
    ^-------------------------------------------------------------^
/unique_chucks/24/0xa3de830b5208851539de8e4ff158d635e8f36fcb.sol:2423:5: Warning: Functions in interfaces should be declared external.
    function appendVestingEntry(address account, uint quantity) public;
    ^-----------------------------------------------------------------^
/unique_chucks/24/0xa3de830b5208851539de8e4ff158d635e8f36fcb.sol:2551:1: Warning: Base constructor arguments given twice.
contract Synthetix is ExternStateToken {
^ (Relevant source part starts here and spans across multiple lines).
/unique_chucks/24/0xa3de830b5208851539de8e4ff158d635e8f36fcb.sol:457:9: First constructor call is here: 
        Owned(_owner)
        ^-----------^
/unique_chucks/24/0xa3de830b5208851539de8e4ff158d635e8f36fcb.sol:859:9: Second constructor call is here: 
        Owned(_owner)
        ^-----------^

/unique_chucks/24/0xa3de830b5208851539de8e4ff158d635e8f36fcb.sol:2566:38: Warning: Initial value for constant variable has to be compile-time constant. This will fail to compile with the next breaking version change.
    uint constant SYNTHETIX_SUPPLY = 1e8 * SafeDecimalMath.unit();
                                     ^--------------------------^
/unique_chucks/24/0xa3de830b5208851539de8e4ff158d635e8f36fcb.sol:3457:37: Warning: Initial value for constant variable has to be compile-time constant. This will fail to compile with the next breaking version change.
    uint public constant YEAR_ONE = START_DATE + SECONDS_IN_YEAR.mul(1);
                                    ^---------------------------------^
/unique_chucks/24/0xa3de830b5208851539de8e4ff158d635e8f36fcb.sol:3458:37: Warning: Initial value for constant variable has to be compile-time constant. This will fail to compile with the next breaking version change.
    uint public constant YEAR_TWO = START_DATE + SECONDS_IN_YEAR.mul(2);
                                    ^---------------------------------^
/unique_chucks/24/0xa3de830b5208851539de8e4ff158d635e8f36fcb.sol:3459:39: Warning: Initial value for constant variable has to be compile-time constant. This will fail to compile with the next breaking version change.
    uint public constant YEAR_THREE = START_DATE + SECONDS_IN_YEAR.mul(3);
                                      ^---------------------------------^
/unique_chucks/24/0xa3de830b5208851539de8e4ff158d635e8f36fcb.sol:3460:38: Warning: Initial value for constant variable has to be compile-time constant. This will fail to compile with the next breaking version change.
    uint public constant YEAR_FOUR = START_DATE + SECONDS_IN_YEAR.mul(4);
                                     ^---------------------------------^
/unique_chucks/24/0xa3de830b5208851539de8e4ff158d635e8f36fcb.sol:3461:38: Warning: Initial value for constant variable has to be compile-time constant. This will fail to compile with the next breaking version change.
    uint public constant YEAR_FIVE = START_DATE + SECONDS_IN_YEAR.mul(5);
                                     ^---------------------------------^
/unique_chucks/24/0xa3de830b5208851539de8e4ff158d635e8f36fcb.sol:3462:37: Warning: Initial value for constant variable has to be compile-time constant. This will fail to compile with the next breaking version change.
    uint public constant YEAR_SIX = START_DATE + SECONDS_IN_YEAR.mul(6);
                                    ^---------------------------------^
/unique_chucks/24/0xa3de830b5208851539de8e4ff158d635e8f36fcb.sol:3463:39: Warning: Initial value for constant variable has to be compile-time constant. This will fail to compile with the next breaking version change.
    uint public constant YEAR_SEVEN = START_DATE + SECONDS_IN_YEAR.mul(7);
                                      ^---------------------------------^

INFO:Detectors:[93m
Contract locking ether found in /unique_chucks/24/0xa3de830b5208851539de8e4ff158d635e8f36fcb.sol:
	Contract Proxy has payable functions:
	 - fallback (/unique_chucks/24/0xa3de830b5208851539de8e4ff158d635e8f36fcb.sol#777-811)
	But does not have a function to withdraw the ether
Reference: https://github.com/trailofbits/slither/wiki/Detectors-Documentation#contracts-that-lock-ether[0m
INFO:Detectors:[93m
Reentrancy in Synthetix.issueMaxSynths (/unique_chucks/24/0xa3de830b5208851539de8e4ff158d635e8f36fcb.sol#3050-3059):
	External calls:
	- maxIssuable = remainingIssuableSynths(messageSender,currencyKey) (/unique_chucks/24/0xa3de830b5208851539de8e4ff158d635e8f36fcb.sol#3055)
	- issueSynths(currencyKey,maxIssuable) (/unique_chucks/24/0xa3de830b5208851539de8e4ff158d635e8f36fcb.sol#3058)
	State variables written after the call(s):
	- messageSender (/unique_chucks/24/0xa3de830b5208851539de8e4ff158d635e8f36fcb.sol#3058)
Reentrancy in Synthetix.issueSynths (/unique_chucks/24/0xa3de830b5208851539de8e4ff158d635e8f36fcb.sol#3028-3043):
	External calls:
	- require(bool,string)(amount <= remainingIssuableSynths(messageSender,currencyKey),Amount too large) (/unique_chucks/24/0xa3de830b5208851539de8e4ff158d635e8f36fcb.sol#3033)
	- _addToDebtRegister(currencyKey,amount) (/unique_chucks/24/0xa3de830b5208851539de8e4ff158d635e8f36fcb.sol#3036)
	State variables written after the call(s):
	- messageSender (/unique_chucks/24/0xa3de830b5208851539de8e4ff158d635e8f36fcb.sol#3036)
Reentrancy in Synthetix.removeSynth (/unique_chucks/24/0xa3de830b5208851539de8e4ff158d635e8f36fcb.sol#2616-2650):
	External calls:
	- require(bool,string)(synths[currencyKey].totalSupply() == 0,Synth supply exists) (/unique_chucks/24/0xa3de830b5208851539de8e4ff158d635e8f36fcb.sol#2621)
	State variables written after the call(s):
	- synths (/unique_chucks/24/0xa3de830b5208851539de8e4ff158d635e8f36fcb.sol#2645)
Reference: https://github.com/trailofbits/slither/wiki/Detectors-Documentation#reentrancy-vulnerabilities-1[0m
INFO:Detectors:[93m
SynthetixState.debtLedger (/unique_chucks/24/0xa3de830b5208851539de8e4ff158d635e8f36fcb.sol#1831) shadows:
	- ISynthetixState.debtLedger (/unique_chucks/24/0xa3de830b5208851539de8e4ff158d635e8f36fcb.sol#1763)
SynthetixState.issuanceRatio (/unique_chucks/24/0xa3de830b5208851539de8e4ff158d635e8f36fcb.sol#1838) shadows:
	- ISynthetixState.issuanceRatio (/unique_chucks/24/0xa3de830b5208851539de8e4ff158d635e8f36fcb.sol#1764)
SynthetixState.issuanceData (/unique_chucks/24/0xa3de830b5208851539de8e4ff158d635e8f36fcb.sol#1825) shadows:
	- ISynthetixState.issuanceData (/unique_chucks/24/0xa3de830b5208851539de8e4ff158d635e8f36fcb.sol#1765)
Reference: https://github.com/trailofbits/slither/wiki/Detectors-Documentation#state-variable-shadowing-from-abstract-contracts[0m
INFO:Detectors:[93m
empty in Synth.triggerTokenFallbackIfNeeded (/unique_chucks/24/0xa3de830b5208851539de8e4ff158d635e8f36fcb.sol#2371) is a local variable never initialiazed
empty in Synth.transferFromSenderPaysFee (/unique_chucks/24/0xa3de830b5208851539de8e4ff158d635e8f36fcb.sol#2295) is a local variable never initialiazed
empty in Synth.transferSenderPaysFee (/unique_chucks/24/0xa3de830b5208851539de8e4ff158d635e8f36fcb.sol#2257) is a local variable never initialiazed
empty in Synth.transfer (/unique_chucks/24/0xa3de830b5208851539de8e4ff158d635e8f36fcb.sol#2170) is a local variable never initialiazed
empty in Synthetix.transferFrom (/unique_chucks/24/0xa3de830b5208851539de8e4ff158d635e8f36fcb.sol#2772) is a local variable never initialiazed
empty in Synth.transferFrom (/unique_chucks/24/0xa3de830b5208851539de8e4ff158d635e8f36fcb.sol#2215) is a local variable never initialiazed
empty in Synthetix.transfer (/unique_chucks/24/0xa3de830b5208851539de8e4ff158d635e8f36fcb.sol#2741) is a local variable never initialiazed
Reference: https://github.com/trailofbits/slither/wiki/Detectors-Documentation#uninitialized-local-variables[0m
INFO:Detectors:[93m
Synth.transfer (/unique_chucks/24/0xa3de830b5208851539de8e4ff158d635e8f36fcb.sol#2157-2172) does not use the value returned by external calls:
	-synthetix.synthInitiatedFeePayment(messageSender,currencyKey,fee) (/unique_chucks/24/0xa3de830b5208851539de8e4ff158d635e8f36fcb.sol#2167)
Synth.transfer (/unique_chucks/24/0xa3de830b5208851539de8e4ff158d635e8f36fcb.sol#2178-2192) does not use the value returned by external calls:
	-synthetix.synthInitiatedFeePayment(messageSender,currencyKey,fee) (/unique_chucks/24/0xa3de830b5208851539de8e4ff158d635e8f36fcb.sol#2188)
Synth.transferFrom (/unique_chucks/24/0xa3de830b5208851539de8e4ff158d635e8f36fcb.sol#2198-2217) does not use the value returned by external calls:
	-synthetix.synthInitiatedFeePayment(from,currencyKey,fee) (/unique_chucks/24/0xa3de830b5208851539de8e4ff158d635e8f36fcb.sol#2213)
Synth.transferFrom (/unique_chucks/24/0xa3de830b5208851539de8e4ff158d635e8f36fcb.sol#2223-2241) does not use the value returned by external calls:
	-synthetix.synthInitiatedFeePayment(from,currencyKey,fee) (/unique_chucks/24/0xa3de830b5208851539de8e4ff158d635e8f36fcb.sol#2238)
Synth.transferSenderPaysFee (/unique_chucks/24/0xa3de830b5208851539de8e4ff158d635e8f36fcb.sol#2245-2259) does not use the value returned by external calls:
	-synthetix.synthInitiatedFeePayment(messageSender,currencyKey,fee) (/unique_chucks/24/0xa3de830b5208851539de8e4ff158d635e8f36fcb.sol#2254)
Synth.transferSenderPaysFee (/unique_chucks/24/0xa3de830b5208851539de8e4ff158d635e8f36fcb.sol#2263-2276) does not use the value returned by external calls:
	-synthetix.synthInitiatedFeePayment(messageSender,currencyKey,fee) (/unique_chucks/24/0xa3de830b5208851539de8e4ff158d635e8f36fcb.sol#2272)
Synth.transferFromSenderPaysFee (/unique_chucks/24/0xa3de830b5208851539de8e4ff158d635e8f36fcb.sol#2280-2297) does not use the value returned by external calls:
	-synthetix.synthInitiatedFeePayment(from,currencyKey,fee) (/unique_chucks/24/0xa3de830b5208851539de8e4ff158d635e8f36fcb.sol#2293)
Synth.transferFromSenderPaysFee (/unique_chucks/24/0xa3de830b5208851539de8e4ff158d635e8f36fcb.sol#2301-2317) does not use the value returned by external calls:
	-synthetix.synthInitiatedFeePayment(from,currencyKey,fee) (/unique_chucks/24/0xa3de830b5208851539de8e4ff158d635e8f36fcb.sol#2314)
Synthetix.mint (/unique_chucks/24/0xa3de830b5208851539de8e4ff158d635e8f36fcb.sol#3319-3345) does not use the value returned by external calls:
	-supplySchedule.updateMintValues() (/unique_chucks/24/0xa3de830b5208851539de8e4ff158d635e8f36fcb.sol#3328)
Reference: https://github.com/trailofbits/slither/wiki/Detectors-Documentation#unused-return[0m
INFO:Detectors:[92m
ExternStateToken.allowance.owner (local variable @ /unique_chucks/24/0xa3de830b5208851539de8e4ff158d635e8f36fcb.sol#1082) shadows:
	- Owned.owner (state variable @ /unique_chucks/24/0xa3de830b5208851539de8e4ff158d635e8f36fcb.sol#369)
ExternStateToken.emitApproval.owner (local variable @ /unique_chucks/24/0xa3de830b5208851539de8e4ff158d635e8f36fcb.sol#1189) shadows:
	- Owned.owner (state variable @ /unique_chucks/24/0xa3de830b5208851539de8e4ff158d635e8f36fcb.sol#369)
Synthetix.availableCurrencyKeys.availableCurrencyKeys (local variable @ /unique_chucks/24/0xa3de830b5208851539de8e4ff158d635e8f36fcb.sol#2712) shadows:
	- Synthetix.availableCurrencyKeys (function @ /unique_chucks/24/0xa3de830b5208851539de8e4ff158d635e8f36fcb.sol#2707-2719)
Reference: https://github.com/trailofbits/slither/wiki/Detectors-Documentation#local-variable-shadowing[0m
INFO:Detectors:[92m
Synthetix.totalIssuedSynths has external calls inside a loop:
	- synthValue = availableSynths[i].totalSupply().multiplyDecimalRound(exchangeRates.rateForCurrency(availableSynths[i].currencyKey())).divideDecimalRound(currencyRate) (/unique_chucks/24/0xa3de830b5208851539de8e4ff158d635e8f36fcb.sol#2695-2697)
Synthetix.availableCurrencyKeys has external calls inside a loop:
	- availableCurrencyKeys[i] = availableSynths[i].currencyKey() (/unique_chucks/24/0xa3de830b5208851539de8e4ff158d635e8f36fcb.sol#2715)
Reference: https://github.com/trailofbits/slither/wiki/Detectors-Documentation/_edit#calls-inside-a-loop[0m
INFO:Detectors:[92m
Reentrancy in SynthetixState._addToDebtRegister (/unique_chucks/24/0xa3de830b5208851539de8e4ff158d635e8f36fcb.sol#1965-2018):
	External calls:
	- xdrValue = synthetix.effectiveValue(sUSD,amount,XDR) (/unique_chucks/24/0xa3de830b5208851539de8e4ff158d635e8f36fcb.sol#1973)
	State variables written after the call(s):
	- importedXDRAmount (/unique_chucks/24/0xa3de830b5208851539de8e4ff158d635e8f36fcb.sol#1982)
Reentrancy in SynthetixState._addToDebtRegister (/unique_chucks/24/0xa3de830b5208851539de8e4ff158d635e8f36fcb.sol#1965-2018):
	External calls:
	- xdrValue = synthetix.effectiveValue(sUSD,amount,XDR) (/unique_chucks/24/0xa3de830b5208851539de8e4ff158d635e8f36fcb.sol#1973)
	- existingDebt = synthetix.debtBalanceOf(account,XDR) (/unique_chucks/24/0xa3de830b5208851539de8e4ff158d635e8f36fcb.sol#1993)
	State variables written after the call(s):
	- debtLedger (/unique_chucks/24/0xa3de830b5208851539de8e4ff158d635e8f36fcb.sol#2012-2014)
	- debtLedger (/unique_chucks/24/0xa3de830b5208851539de8e4ff158d635e8f36fcb.sol#2016)
	- issuanceData (/unique_chucks/24/0xa3de830b5208851539de8e4ff158d635e8f36fcb.sol#2006)
	- issuanceData (/unique_chucks/24/0xa3de830b5208851539de8e4ff158d635e8f36fcb.sol#2007)
	- totalIssuerCount (/unique_chucks/24/0xa3de830b5208851539de8e4ff158d635e8f36fcb.sol#2002)
Reentrancy in Synthetix.addSynth (/unique_chucks/24/0xa3de830b5208851539de8e4ff158d635e8f36fcb.sol#2598-2610):
	External calls:
	- currencyKey = synth.currencyKey() (/unique_chucks/24/0xa3de830b5208851539de8e4ff158d635e8f36fcb.sol#2602)
	State variables written after the call(s):
	- availableSynths (/unique_chucks/24/0xa3de830b5208851539de8e4ff158d635e8f36fcb.sol#2606)
	- synths (/unique_chucks/24/0xa3de830b5208851539de8e4ff158d635e8f36fcb.sol#2607)
Reentrancy in Synth.burn (/unique_chucks/24/0xa3de830b5208851539de8e4ff158d635e8f36fcb.sol#2347-2355):
	External calls:
	- tokenState.setBalanceOf(account,tokenState.balanceOf(account).sub(amount)) (/unique_chucks/24/0xa3de830b5208851539de8e4ff158d635e8f36fcb.sol#2351)
	State variables written after the call(s):
	- totalSupply (/unique_chucks/24/0xa3de830b5208851539de8e4ff158d635e8f36fcb.sol#2352)
Reentrancy in Synth.constructor (/unique_chucks/24/0xa3de830b5208851539de8e4ff158d635e8f36fcb.sol#2116-2131):
	External calls:
	- require(bool,string)(_synthetix.synths(_currencyKey) == Synth(0),Currency key is already in use) (/unique_chucks/24/0xa3de830b5208851539de8e4ff158d635e8f36fcb.sol#2126)
	State variables written after the call(s):
	- currencyKey (/unique_chucks/24/0xa3de830b5208851539de8e4ff158d635e8f36fcb.sol#2130)
	- feePool (/unique_chucks/24/0xa3de830b5208851539de8e4ff158d635e8f36fcb.sol#2128)
	- synthetix (/unique_chucks/24/0xa3de830b5208851539de8e4ff158d635e8f36fcb.sol#2129)
Reentrancy in Synth.issue (/unique_chucks/24/0xa3de830b5208851539de8e4ff158d635e8f36fcb.sol#2336-2344):
	External calls:
	- tokenState.setBalanceOf(account,tokenState.balanceOf(account).add(amount)) (/unique_chucks/24/0xa3de830b5208851539de8e4ff158d635e8f36fcb.sol#2340)
	State variables written after the call(s):
	- totalSupply (/unique_chucks/24/0xa3de830b5208851539de8e4ff158d635e8f36fcb.sol#2341)
Reentrancy in Synthetix.mint (/unique_chucks/24/0xa3de830b5208851539de8e4ff158d635e8f36fcb.sol#3319-3345):
	External calls:
	- supplyToMint = supplySchedule.mintableSupply() (/unique_chucks/24/0xa3de830b5208851539de8e4ff158d635e8f36fcb.sol#3325)
	- supplySchedule.updateMintValues() (/unique_chucks/24/0xa3de830b5208851539de8e4ff158d635e8f36fcb.sol#3328)
	- minterReward = supplySchedule.minterReward() (/unique_chucks/24/0xa3de830b5208851539de8e4ff158d635e8f36fcb.sol#3332)
	- tokenState.setBalanceOf(rewardEscrow,tokenState.balanceOf(rewardEscrow).add(supplyToMint.sub(minterReward))) (/unique_chucks/24/0xa3de830b5208851539de8e4ff158d635e8f36fcb.sol#3334)
	- emitTransfer(this,rewardEscrow,supplyToMint.sub(minterReward)) (/unique_chucks/24/0xa3de830b5208851539de8e4ff158d635e8f36fcb.sol#3335)
	- feePool.rewardsMinted(supplyToMint.sub(minterReward)) (/unique_chucks/24/0xa3de830b5208851539de8e4ff158d635e8f36fcb.sol#3338)
	- tokenState.setBalanceOf(msg.sender,tokenState.balanceOf(msg.sender).add(minterReward)) (/unique_chucks/24/0xa3de830b5208851539de8e4ff158d635e8f36fcb.sol#3341)
	- emitTransfer(this,msg.sender,minterReward) (/unique_chucks/24/0xa3de830b5208851539de8e4ff158d635e8f36fcb.sol#3342)
	State variables written after the call(s):
	- totalSupply (/unique_chucks/24/0xa3de830b5208851539de8e4ff158d635e8f36fcb.sol#3344)
Reentrancy in Synthetix.removeSynth (/unique_chucks/24/0xa3de830b5208851539de8e4ff158d635e8f36fcb.sol#2616-2650):
	External calls:
	- require(bool,string)(synths[currencyKey].totalSupply() == 0,Synth supply exists) (/unique_chucks/24/0xa3de830b5208851539de8e4ff158d635e8f36fcb.sol#2621)
	State variables written after the call(s):
	- availableSynths (/unique_chucks/24/0xa3de830b5208851539de8e4ff158d635e8f36fcb.sol#2630)
	- availableSynths (/unique_chucks/24/0xa3de830b5208851539de8e4ff158d635e8f36fcb.sol#2635)
	- availableSynths (/unique_chucks/24/0xa3de830b5208851539de8e4ff158d635e8f36fcb.sol#2638)
Reference: https://github.com/trailofbits/slither/wiki/Detectors-Documentation#reentrancy-vulnerabilities-2[0m
INFO:Detectors:[92m
Proxy._emit uses assembly (/unique_chucks/24/0xa3de830b5208851539de8e4ff158d635e8f36fcb.sol#745-775)
	- /unique_chucks/24/0xa3de830b5208851539de8e4ff158d635e8f36fcb.sol#752-775
Proxy.fallback uses assembly (/unique_chucks/24/0xa3de830b5208851539de8e4ff158d635e8f36fcb.sol#777-811)
	- /unique_chucks/24/0xa3de830b5208851539de8e4ff158d635e8f36fcb.sol#782-795
	- /unique_chucks/24/0xa3de830b5208851539de8e4ff158d635e8f36fcb.sol#799-810
TokenFallbackCaller.callTokenFallbackIfNeeded uses assembly (/unique_chucks/24/0xa3de830b5208851539de8e4ff158d635e8f36fcb.sol#969-1001)
	- /unique_chucks/24/0xa3de830b5208851539de8e4ff158d635e8f36fcb.sol#986-992
Reference: https://github.com/trailofbits/slither/wiki/Detectors-Documentation#assembly-usage[0m
INFO:Detectors:[92m
IFeePool.FEE_ADDRESS should be constant (/unique_chucks/24/0xa3de830b5208851539de8e4ff158d635e8f36fcb.sol#2061)
ISynthetixState.issuanceRatio should be constant (/unique_chucks/24/0xa3de830b5208851539de8e4ff158d635e8f36fcb.sol#1764)
SupplySchedule.mintPeriodDuration should be constant (/unique_chucks/24/0xa3de830b5208851539de8e4ff158d635e8f36fcb.sol#3447)
Reference: https://github.com/trailofbits/slither/wiki/Detectors-Documentation#state-variables-that-could-be-declared-constant[0m
INFO:Detectors:[92m
ExternStateToken.allowance (/unique_chucks/24/0xa3de830b5208851539de8e4ff158d635e8f36fcb.sol#1082-1088) should be declared external
ExternStateToken.balanceOf (/unique_chucks/24/0xa3de830b5208851539de8e4ff158d635e8f36fcb.sol#1093-1099) should be declared external
ExternStateToken.approve (/unique_chucks/24/0xa3de830b5208851539de8e4ff158d635e8f36fcb.sol#1167-1177) should be declared external
ExchangeRates.effectiveValue (/unique_chucks/24/0xa3de830b5208851539de8e4ff158d635e8f36fcb.sol#1556-1569) should be declared external
ExchangeRates.ratesForCurrencies (/unique_chucks/24/0xa3de830b5208851539de8e4ff158d635e8f36fcb.sol#1585-1597) should be declared external
ExchangeRates.lastRateUpdateTimeForCurrency (/unique_chucks/24/0xa3de830b5208851539de8e4ff158d635e8f36fcb.sol#1602-1608) should be declared external
ExchangeRates.lastRateUpdateTimesForCurrencies (/unique_chucks/24/0xa3de830b5208851539de8e4ff158d635e8f36fcb.sol#1613-1625) should be declared external
IFeePool.transferFeeIncurred (/unique_chucks/24/0xa3de830b5208851539de8e4ff158d635e8f36fcb.sol#2067) should be declared external
Synth.transfer (/unique_chucks/24/0xa3de830b5208851539de8e4ff158d635e8f36fcb.sol#2157-2172) should be declared external
Synth.transfer (/unique_chucks/24/0xa3de830b5208851539de8e4ff158d635e8f36fcb.sol#2178-2192) should be declared external
Synth.transferFrom (/unique_chucks/24/0xa3de830b5208851539de8e4ff158d635e8f36fcb.sol#2198-2217) should be declared external
Synth.transferFrom (/unique_chucks/24/0xa3de830b5208851539de8e4ff158d635e8f36fcb.sol#2223-2241) should be declared external
Synth.transferSenderPaysFee (/unique_chucks/24/0xa3de830b5208851539de8e4ff158d635e8f36fcb.sol#2245-2259) should be declared external
Synth.transferSenderPaysFee (/unique_chucks/24/0xa3de830b5208851539de8e4ff158d635e8f36fcb.sol#2263-2276) should be declared external
Synth.transferFromSenderPaysFee (/unique_chucks/24/0xa3de830b5208851539de8e4ff158d635e8f36fcb.sol#2280-2297) should be declared external
Synth.transferFromSenderPaysFee (/unique_chucks/24/0xa3de830b5208851539de8e4ff158d635e8f36fcb.sol#2301-2317) should be declared external
ISynthetixEscrow.balanceOf (/unique_chucks/24/0xa3de830b5208851539de8e4ff158d635e8f36fcb.sol#2422) should be declared external
ISynthetixEscrow.appendVestingEntry (/unique_chucks/24/0xa3de830b5208851539de8e4ff158d635e8f36fcb.sol#2423) should be declared external
Synthetix.availableSynthCount (/unique_chucks/24/0xa3de830b5208851539de8e4ff158d635e8f36fcb.sol#2724-2730) should be declared external
Synthetix.transfer (/unique_chucks/24/0xa3de830b5208851539de8e4ff158d635e8f36fcb.sol#2737-2743) should be declared external
Synthetix.transferFrom (/unique_chucks/24/0xa3de830b5208851539de8e4ff158d635e8f36fcb.sol#2768-2774) should be declared external
Synthetix.collateralisationRatio (/unique_chucks/24/0xa3de830b5208851539de8e4ff158d635e8f36fcb.sol#3195-3205) should be declared external
Reference: https://github.com/trailofbits/slither/wiki/Detectors-Documentation#public-function-that-could-be-declared-as-external[0m
INFO:Detectors:[92m
Low level call in TokenFallbackCaller.callTokenFallbackIfNeeded (/unique_chucks/24/0xa3de830b5208851539de8e4ff158d635e8f36fcb.sol#969-1001):
	-recipient.call(abi.encodeWithSignature(tokenFallback(address,uint256,bytes),sender,amount,data)) /unique_chucks/24/0xa3de830b5208851539de8e4ff158d635e8f36fcb.sol#997
Reference: https://github.com/trailofbits/slither/wiki/Detectors-Documentation#low-level-calls[0m
INFO:Detectors:[92m
Function 'SafeDecimalMath._multiplyDecimalRound' (/unique_chucks/24/0xa3de830b5208851539de8e4ff158d635e8f36fcb.sol#176-189) is not in mixedCase
Function 'SafeDecimalMath._divideDecimalRound' (/unique_chucks/24/0xa3de830b5208851539de8e4ff158d635e8f36fcb.sol#257-269) is not in mixedCase
Constant 'SafeDecimalMath.highPrecisionDecimals' (/unique_chucks/24/0xa3de830b5208851539de8e4ff158d635e8f36fcb.sol#115) is not in UPPER_CASE_WITH_UNDERSCORES
Parameter '_owner' of Owned. (/unique_chucks/24/0xa3de830b5208851539de8e4ff158d635e8f36fcb.sol#375) is not in mixedCase
Parameter '_owner' of Owned.nominateNewOwner (/unique_chucks/24/0xa3de830b5208851539de8e4ff158d635e8f36fcb.sol#387) is not in mixedCase
Parameter '_owner' of SelfDestructible. (/unique_chucks/24/0xa3de830b5208851539de8e4ff158d635e8f36fcb.sol#456) is not in mixedCase
Parameter '_beneficiary' of SelfDestructible.setSelfDestructBeneficiary (/unique_chucks/24/0xa3de830b5208851539de8e4ff158d635e8f36fcb.sol#470) is not in mixedCase
Parameter '_associatedContract' of State. (/unique_chucks/24/0xa3de830b5208851539de8e4ff158d635e8f36fcb.sol#568) is not in mixedCase
Parameter '_associatedContract' of State.setAssociatedContract (/unique_chucks/24/0xa3de830b5208851539de8e4ff158d635e8f36fcb.sol#579) is not in mixedCase
Parameter '_target' of Proxy.setTarget (/unique_chucks/24/0xa3de830b5208851539de8e4ff158d635e8f36fcb.sol#730) is not in mixedCase
Function 'Proxy._emit' (/unique_chucks/24/0xa3de830b5208851539de8e4ff158d635e8f36fcb.sol#745-775) is not in mixedCase
Parameter '_proxy' of Proxyable. (/unique_chucks/24/0xa3de830b5208851539de8e4ff158d635e8f36fcb.sol#858) is not in mixedCase
Parameter '_proxy' of Proxyable.setProxy (/unique_chucks/24/0xa3de830b5208851539de8e4ff158d635e8f36fcb.sol#866) is not in mixedCase
Modifier 'Proxyable.optionalProxy_onlyOwner' (/unique_chucks/24/0xa3de830b5208851539de8e4ff158d635e8f36fcb.sol#894-901) is not in mixedCase
Parameter '_tokenState' of ExternStateToken. (/unique_chucks/24/0xa3de830b5208851539de8e4ff158d635e8f36fcb.sol#1060) is not in mixedCase
Parameter '_name' of ExternStateToken. (/unique_chucks/24/0xa3de830b5208851539de8e4ff158d635e8f36fcb.sol#1061) is not in mixedCase
Parameter '_symbol' of ExternStateToken. (/unique_chucks/24/0xa3de830b5208851539de8e4ff158d635e8f36fcb.sol#1061) is not in mixedCase
Parameter '_totalSupply' of ExternStateToken. (/unique_chucks/24/0xa3de830b5208851539de8e4ff158d635e8f36fcb.sol#1061) is not in mixedCase
Parameter '_decimals' of ExternStateToken. (/unique_chucks/24/0xa3de830b5208851539de8e4ff158d635e8f36fcb.sol#1062) is not in mixedCase
Parameter '_tokenState' of ExternStateToken.setTokenState (/unique_chucks/24/0xa3de830b5208851539de8e4ff158d635e8f36fcb.sol#1108) is not in mixedCase
Function 'ExternStateToken._internalTransfer' (/unique_chucks/24/0xa3de830b5208851539de8e4ff158d635e8f36fcb.sol#1116-1138) is not in mixedCase
Function 'ExternStateToken._transfer_byProxy' (/unique_chucks/24/0xa3de830b5208851539de8e4ff158d635e8f36fcb.sol#1144-1149) is not in mixedCase
Function 'ExternStateToken._transferFrom_byProxy' (/unique_chucks/24/0xa3de830b5208851539de8e4ff158d635e8f36fcb.sol#1155-1162) is not in mixedCase
Parameter '_oracle' of ExchangeRates. (/unique_chucks/24/0xa3de830b5208851539de8e4ff158d635e8f36fcb.sol#1283) is not in mixedCase
Parameter '_currencyKeys' of ExchangeRates. (/unique_chucks/24/0xa3de830b5208851539de8e4ff158d635e8f36fcb.sol#1284) is not in mixedCase
Parameter '_newRates' of ExchangeRates. (/unique_chucks/24/0xa3de830b5208851539de8e4ff158d635e8f36fcb.sol#1285) is not in mixedCase
Parameter '_oracle' of ExchangeRates.setOracle (/unique_chucks/24/0xa3de830b5208851539de8e4ff158d635e8f36fcb.sol#1471) is not in mixedCase
Parameter '_time' of ExchangeRates.setRateStalePeriod (/unique_chucks/24/0xa3de830b5208851539de8e4ff158d635e8f36fcb.sol#1483) is not in mixedCase
Parameter '_issuanceRatio' of SynthetixState.setIssuanceRatio (/unique_chucks/24/0xa3de830b5208851539de8e4ff158d635e8f36fcb.sol#1936) is not in mixedCase
Function 'SynthetixState._addToDebtRegister' (/unique_chucks/24/0xa3de830b5208851539de8e4ff158d635e8f36fcb.sol#1965-2018) is not in mixedCase
Variable 'IFeePool.FEE_ADDRESS' (/unique_chucks/24/0xa3de830b5208851539de8e4ff158d635e8f36fcb.sol#2061) is not in mixedCase
Function 'Synth._internalTransfer' (/unique_chucks/24/0xa3de830b5208851539de8e4ff158d635e8f36fcb.sol#2320-2333) is not in mixedCase
Parameter '_proxy' of Synth. (/unique_chucks/24/0xa3de830b5208851539de8e4ff158d635e8f36fcb.sol#2116) is not in mixedCase
Parameter '_synthetix' of Synth. (/unique_chucks/24/0xa3de830b5208851539de8e4ff158d635e8f36fcb.sol#2116) is not in mixedCase
Parameter '_feePool' of Synth. (/unique_chucks/24/0xa3de830b5208851539de8e4ff158d635e8f36fcb.sol#2116) is not in mixedCase
Parameter '_owner' of Synth. (/unique_chucks/24/0xa3de830b5208851539de8e4ff158d635e8f36fcb.sol#2117) is not in mixedCase
Parameter '_currencyKey' of Synth. (/unique_chucks/24/0xa3de830b5208851539de8e4ff158d635e8f36fcb.sol#2117) is not in mixedCase
Parameter '_synthetix' of Synth.setSynthetix (/unique_chucks/24/0xa3de830b5208851539de8e4ff158d635e8f36fcb.sol#2135) is not in mixedCase
Parameter '_feePool' of Synth.setFeePool (/unique_chucks/24/0xa3de830b5208851539de8e4ff158d635e8f36fcb.sol#2143) is not in mixedCase
Parameter '_synthetixState' of Synthetix. (/unique_chucks/24/0xa3de830b5208851539de8e4ff158d635e8f36fcb.sol#2578) is not in mixedCase
Parameter '_exchangeRates' of Synthetix. (/unique_chucks/24/0xa3de830b5208851539de8e4ff158d635e8f36fcb.sol#2579) is not in mixedCase
Parameter '_feePool' of Synthetix. (/unique_chucks/24/0xa3de830b5208851539de8e4ff158d635e8f36fcb.sol#2579) is not in mixedCase
Parameter '_supplySchedule' of Synthetix. (/unique_chucks/24/0xa3de830b5208851539de8e4ff158d635e8f36fcb.sol#2579) is not in mixedCase
Parameter '_rewardEscrow' of Synthetix. (/unique_chucks/24/0xa3de830b5208851539de8e4ff158d635e8f36fcb.sol#2580) is not in mixedCase
Parameter '_escrow' of Synthetix. (/unique_chucks/24/0xa3de830b5208851539de8e4ff158d635e8f36fcb.sol#2580) is not in mixedCase
Function 'Synthetix._internalExchange' (/unique_chucks/24/0xa3de830b5208851539de8e4ff158d635e8f36fcb.sol#2911-2965) is not in mixedCase
Function 'Synthetix._addToDebtRegister' (/unique_chucks/24/0xa3de830b5208851539de8e4ff158d635e8f36fcb.sol#2973-3020) is not in mixedCase
Function 'Synthetix._appendAccountIssuanceRecord' (/unique_chucks/24/0xa3de830b5208851539de8e4ff158d635e8f36fcb.sol#3100-3112) is not in mixedCase
Function 'Synthetix._removeFromDebtRegister' (/unique_chucks/24/0xa3de830b5208851539de8e4ff158d635e8f36fcb.sol#3118-3166) is not in mixedCase
Parameter '_synthetix' of SupplySchedule.setSynthetix (/unique_chucks/24/0xa3de830b5208851539de8e4ff158d635e8f36fcb.sol#3486) is not in mixedCase
Function 'SupplySchedule._numWeeksRoundedDown' (/unique_chucks/24/0xa3de830b5208851539de8e4ff158d635e8f36fcb.sol#3527-3536) is not in mixedCase
Parameter '_timeDiff' of SupplySchedule._numWeeksRoundedDown (/unique_chucks/24/0xa3de830b5208851539de8e4ff158d635e8f36fcb.sol#3527) is not in mixedCase
Function 'SupplySchedule._remainingSupplyFromPreviousYear' (/unique_chucks/24/0xa3de830b5208851539de8e4ff158d635e8f36fcb.sol#3567-3587) is not in mixedCase
Parameter '_amount' of SupplySchedule.setMinterReward (/unique_chucks/24/0xa3de830b5208851539de8e4ff158d635e8f36fcb.sol#3614) is not in mixedCase
Reference: https://github.com/trailofbits/slither/wiki/Detectors-Documentation#conformance-to-solidity-naming-conventions[0m
INFO:Detectors:[92m
Synth.DECIMALS (/unique_chucks/24/0xa3de830b5208851539de8e4ff158d635e8f36fcb.sol#2112) is never used in Synth
Synthetix.SYNTHETIX_SUPPLY (/unique_chucks/24/0xa3de830b5208851539de8e4ff158d635e8f36fcb.sol#2566) is never used in Synthetix
Synthetix.TOKEN_NAME (/unique_chucks/24/0xa3de830b5208851539de8e4ff158d635e8f36fcb.sol#2567) is never used in Synthetix
Synthetix.TOKEN_SYMBOL (/unique_chucks/24/0xa3de830b5208851539de8e4ff158d635e8f36fcb.sol#2568) is never used in Synthetix
Synthetix.DECIMALS (/unique_chucks/24/0xa3de830b5208851539de8e4ff158d635e8f36fcb.sol#2569) is never used in Synthetix
SupplySchedule.SECONDS_IN_YEAR (/unique_chucks/24/0xa3de830b5208851539de8e4ff158d635e8f36fcb.sol#3454) is never used in SupplySchedule
Reference: https://github.com/trailofbits/slither/wiki/Detectors-Documentation#unused-state-variables[0m
INFO:Slither:/unique_chucks/24/0xa3de830b5208851539de8e4ff158d635e8f36fcb.sol analyzed (20 contracts), 120 result(s) found