2019-07-24 00:06:35,651: [13] m.main:INFO: Registered plugins: DetectReentrancyAdvanced, DetectReentrancySimple, DetectInvalid, DetectUnusedRetVal, DetectUninitializedStorage, DetectExternalCallAndLeak, DetectSuicidal, DetectEnvInstruction, DetectUninitializedMemory, DetectDelegatecall, DetectIntegerOverflow
2019-07-24 00:06:35,652: [13] m.main:INFO: Beginning analysis
2019-07-24 00:06:35,669: [13] m.e.manticore:INFO: Starting symbolic create contract
2019-07-24 00:06:37,179: [13] m.e.manticore:INFO: Starting symbolic transaction: 0
2019-07-24 00:06:38,170: [13] m.e.manticore:INFO: 0 alive states, 2 terminated states
2019-07-24 00:06:38,297: [13] m.e.manticore:INFO: Starting symbolic transaction: 1
2019-07-24 00:06:38,465: [583] m.c.manticore:INFO: Generated testcase No. 0 - RETURN(1 txs)
2019-07-24 00:06:38,474: [585] m.c.manticore:INFO: Generated testcase No. 1 - REVERT(2 txs)
2019-07-24 00:06:39,563: [13] m.c.manticore:INFO: Results in /mcore_8i124urd
2019-07-24 00:06:40,581: [898] m.main:INFO: Registered plugins: DetectDelegatecall, DetectIntegerOverflow, DetectReentrancySimple, DetectInvalid, DetectUnusedRetVal, DetectReentrancyAdvanced, DetectExternalCallAndLeak, DetectUninitializedStorage, DetectEnvInstruction, DetectSuicidal, DetectUninitializedMemory
2019-07-24 00:06:40,581: [898] m.main:INFO: Beginning analysis
2019-07-24 00:06:40,593: [898] m.e.manticore:INFO: Starting symbolic create contract
2019-07-24 00:06:43,609: [898] m.e.manticore:INFO: Starting symbolic transaction: 0
2019-07-24 00:06:47,497: [898] m.e.manticore:INFO: 1 alive states, 5 terminated states
2019-07-24 00:06:48,446: [898] m.e.manticore:INFO: Starting symbolic transaction: 1
2019-07-24 00:06:52,578: [898] m.e.manticore:INFO: 1 alive states, 10 terminated states
2019-07-24 00:06:53,558: [2405] m.c.manticore:INFO: Generated testcase No. 0 - RETURN(3 txs)
2019-07-24 00:06:53,625: [2408] m.c.manticore:INFO: Generated testcase No. 2 - REVERT(2 txs)
2019-07-24 00:06:53,638: [2410] m.c.manticore:INFO: Generated testcase No. 1 - RETURN(1 txs)
2019-07-24 00:06:53,705: [2407] m.c.manticore:INFO: Generated testcase No. 3 - REVERT(2 txs)
2019-07-24 00:06:53,736: [2414] m.c.manticore:INFO: Generated testcase No. 6 - RETURN(2 txs)
2019-07-24 00:06:53,819: [2417] m.c.manticore:INFO: Generated testcase No. 5 - REVERT(2 txs)
2019-07-24 00:06:53,823: [2422] m.c.manticore:INFO: Generated testcase No. 7 - REVERT(3 txs)
2019-07-24 00:06:53,830: [2412] m.c.manticore:INFO: Generated testcase No. 4 - REVERT(2 txs)
2019-07-24 00:06:53,905: [2419] m.c.manticore:INFO: Generated testcase No. 8 - REVERT(3 txs)
2019-07-24 00:06:54,112: [2418] m.c.manticore:INFO: Generated testcase No. 9 - REVERT(3 txs)
2019-07-24 00:07:09,831: [2410] m.c.manticore:INFO: Generated testcase No. 10 - REVERT(3 txs)
2019-07-24 00:07:16,796: [898] m.c.manticore:INFO: Results in /mcore_jr9rc30z
2019-07-24 00:07:18,760: [3032] m.main:INFO: Registered plugins: DetectUninitializedStorage, DetectSuicidal, DetectExternalCallAndLeak, DetectEnvInstruction, DetectUnusedRetVal, DetectIntegerOverflow, DetectUninitializedMemory, DetectReentrancyAdvanced, DetectDelegatecall, DetectReentrancySimple, DetectInvalid
2019-07-24 00:07:18,760: [3032] m.main:INFO: Beginning analysis
2019-07-24 00:07:18,780: [3032] m.e.manticore:INFO: Starting symbolic create contract
2019-07-24 00:07:19,168: [3076] m.c.manticore:INFO: Generated testcase No. 0 - NO STATE RESULT (?)(0 txs)
2019-07-24 00:07:19,650: [3032] m.c.manticore:INFO: Results in /mcore_e0flfr4n
2019-07-24 00:07:20,334: [3335] m.main:INFO: Registered plugins: DetectReentrancySimple, DetectInvalid, DetectUnusedRetVal, DetectUninitializedStorage, DetectExternalCallAndLeak, DetectSuicidal, DetectEnvInstruction, DetectUninitializedMemory, DetectReentrancyAdvanced, DetectDelegatecall, DetectIntegerOverflow
2019-07-24 00:07:20,334: [3335] m.main:INFO: Beginning analysis
2019-07-24 00:07:20,355: [3335] m.e.manticore:INFO: Starting symbolic create contract
2019-07-24 00:07:22,922: [3335] m.e.manticore:INFO: Starting symbolic transaction: 0
2019-07-24 00:07:45,794: [3335] m.e.manticore:INFO: 3 alive states, 7 terminated states
2019-07-24 00:07:47,362: [3335] m.e.manticore:INFO: Starting symbolic transaction: 1
2019-07-24 00:09:38,057: [3335] m.e.manticore:INFO: 9 alive states, 28 terminated states
2019-07-24 00:09:40,726: [8918] m.c.manticore:INFO: Generated testcase No. 2 - RETURN(1 txs)
2019-07-24 00:09:40,736: [8917] m.c.manticore:INFO: Generated testcase No. 0 - RETURN(3 txs)
2019-07-24 00:09:40,802: [8930] m.c.manticore:INFO: Generated testcase No. 1 - RETURN(3 txs)
2019-07-24 00:09:41,207: [8913] m.c.manticore:INFO: Generated testcase No. 3 - RETURN(3 txs)
2019-07-24 00:09:41,444: [8914] m.c.manticore:INFO: Generated testcase No. 5 - RETURN(3 txs)
2019-07-24 00:09:41,603: [8920] m.c.manticore:INFO: Generated testcase No. 4 - RETURN(3 txs)
2019-07-24 00:09:41,615: [8926] m.c.manticore:INFO: Generated testcase No. 7 - RETURN(3 txs)
2019-07-24 00:09:41,709: [8912] m.c.manticore:INFO: Generated testcase No. 6 - RETURN(3 txs)
2019-07-24 00:09:41,816: [8934] m.c.manticore:INFO: Generated testcase No. 8 - RETURN(3 txs)
2019-07-24 00:09:42,231: [8916] m.c.manticore:INFO: Generated testcase No. 9 - RETURN(3 txs)
2019-07-24 00:10:05,645: [8918] m.c.manticore:INFO: Generated testcase No. 10 - REVERT(2 txs)
2019-07-24 00:10:19,632: [8917] m.c.manticore:INFO: Generated testcase No. 11 - REVERT(2 txs)
2019-07-24 00:10:21,067: [8926] m.c.manticore:INFO: Generated testcase No. 12 - REVERT(2 txs)
2019-07-24 00:10:22,759: [8930] m.c.manticore:INFO: Generated testcase No. 13 - REVERT(2 txs)
2019-07-24 00:10:23,530: [8916] m.c.manticore:INFO: Generated testcase No. 14 - REVERT(2 txs)
2019-07-24 00:10:31,344: [8920] m.c.manticore:INFO: Generated testcase No. 15 - REVERT(2 txs)
2019-07-24 00:10:33,368: [8934] m.c.manticore:INFO: Generated testcase No. 16 - RETURN(2 txs)
2019-07-24 00:10:33,428: [8913] m.c.manticore:INFO: Generated testcase No. 17 - RETURN(2 txs)
2019-07-24 00:10:34,057: [8914] m.c.manticore:INFO: Generated testcase No. 18 - RETURN(2 txs)
2019-07-24 00:10:34,649: [8918] m.c.manticore:INFO: Generated testcase No. 19 - REVERT(3 txs)
2019-07-24 00:10:45,563: [8917] m.c.manticore:INFO: Generated testcase No. 20 - REVERT(3 txs)
2019-07-24 00:10:50,832: [8930] m.c.manticore:INFO: Generated testcase No. 21 - REVERT(3 txs)
2019-07-24 00:10:52,335: [8926] m.c.manticore:INFO: Generated testcase No. 22 - REVERT(3 txs)
2019-07-24 00:10:59,707: [8916] m.c.manticore:INFO: Generated testcase No. 23 - REVERT(3 txs)
2019-07-24 00:11:01,146: [8934] m.c.manticore:INFO: Generated testcase No. 24 - REVERT(3 txs)
2019-07-24 00:11:01,952: [8920] m.c.manticore:INFO: Generated testcase No. 25 - REVERT(3 txs)
2019-07-24 00:11:06,559: [8913] m.c.manticore:INFO: Generated testcase No. 26 - REVERT(3 txs)
2019-07-24 00:11:07,438: [8918] m.c.manticore:INFO: Generated testcase No. 27 - REVERT(3 txs)
2019-07-24 00:11:07,731: [8912] m.c.manticore:INFO: Generated testcase No. 28 - REVERT(3 txs)
2019-07-24 00:11:18,451: [8917] m.c.manticore:INFO: Generated testcase No. 29 - REVERT(3 txs)
2019-07-24 00:11:24,720: [8930] m.c.manticore:INFO: Generated testcase No. 30 - REVERT(3 txs)
2019-07-24 00:11:24,847: [8914] m.c.manticore:INFO: Generated testcase No. 31 - REVERT(3 txs)
2019-07-24 00:11:29,619: [8926] m.c.manticore:INFO: Generated testcase No. 32 - REVERT(3 txs)
2019-07-24 00:11:32,728: [8916] m.c.manticore:INFO: Generated testcase No. 33 - REVERT(3 txs)
2019-07-24 00:11:36,550: [8912] m.c.manticore:INFO: Generated testcase No. 34 - REVERT(3 txs)
2019-07-24 00:11:37,712: [8913] m.c.manticore:INFO: Generated testcase No. 35 - REVERT(3 txs)
2019-07-24 00:11:39,013: [8934] m.c.manticore:INFO: Generated testcase No. 36 - REVERT(3 txs)
2019-07-24 00:12:07,382: [3335] m.c.manticore:INFO: Results in /mcore_5wn_bds6
2019-07-24 00:12:10,570: [10286] m.main:INFO: Registered plugins: DetectReentrancySimple, DetectInvalid, DetectSuicidal, DetectReentrancyAdvanced, DetectUninitializedStorage, DetectDelegatecall, DetectEnvInstruction, DetectUninitializedMemory, DetectUnusedRetVal, DetectExternalCallAndLeak, DetectIntegerOverflow
2019-07-24 00:12:10,570: [10286] m.main:INFO: Beginning analysis
2019-07-24 00:12:10,582: [10286] m.e.manticore:INFO: Starting symbolic create contract
2019-07-24 00:12:11,005: [10330] m.c.manticore:INFO: Generated testcase No. 0 - NO STATE RESULT (?)(0 txs)
2019-07-24 00:12:11,496: [10286] m.c.manticore:INFO: Results in /mcore_qgod4hdf
2019-07-24 00:12:12,383: [10590] m.main:INFO: Registered plugins: DetectInvalid, DetectUnusedRetVal, DetectReentrancySimple, DetectExternalCallAndLeak, DetectSuicidal, DetectUninitializedStorage, DetectEnvInstruction, DetectReentrancyAdvanced, DetectDelegatecall, DetectUninitializedMemory, DetectIntegerOverflow
2019-07-24 00:12:12,384: [10590] m.main:INFO: Beginning analysis
2019-07-24 00:12:12,430: [10590] m.e.manticore:INFO: Starting symbolic create contract
2019-07-24 00:12:21,047: [10590] m.e.manticore:INFO: Starting symbolic transaction: 0
2019-07-24 00:14:38,298: [10590] m.e.manticore:INFO: 9 alive states, 14 terminated states
2019-07-24 00:14:43,072: [10590] m.e.manticore:INFO: Starting symbolic transaction: 1
2019-07-24 00:17:01,466: [16483] m.e.detectors:WARNING: Potentially reading uninitialized storage
2019-07-24 00:17:16,276: [16505] m.e.detectors:WARNING: Potentially reading uninitialized storage
2019-07-24 00:18:01,851: [16481] m.e.detectors:WARNING: INVALID instruction
2019-07-24 00:18:45,842: [16503] m.e.detectors:WARNING: Potentially reading uninitialized storage
2019-07-24 00:21:06,618: [16499] m.e.detectors:WARNING: Potentially reading uninitialized storage
2019-07-24 00:23:17,333: [16495] m.e.detectors:WARNING: Potentially reading uninitialized storage
2019-07-24 00:29:50,130: [16488] m.e.detectors:WARNING: INVALID instruction
2019-07-24 00:30:16,730: [16481] m.e.detectors:WARNING: Potentially reading uninitialized storage
2019-07-24 00:31:33,350: [16503] m.e.detectors:WARNING: INVALID instruction
2019-07-24 00:35:16,214: [16503] m.e.detectors:WARNING: INVALID instruction