2019-07-25 17:26:49,096: [12] m.main:INFO: Registered plugins: DetectReentrancySimple, DetectInvalid, DetectUnusedRetVal, DetectUninitializedStorage, DetectIntegerOverflow, DetectSuicidal, DetectExternalCallAndLeak, DetectReentrancyAdvanced, DetectEnvInstruction, DetectUninitializedMemory, DetectDelegatecall
2019-07-25 17:26:49,097: [12] m.main:INFO: Beginning analysis
2019-07-25 17:26:49,176: [12] m.e.manticore:INFO: Starting symbolic create contract
2019-07-25 17:26:50,959: [12] m.e.manticore:INFO: Starting symbolic transaction: 0
2019-07-25 17:26:52,188: [12] m.e.manticore:INFO: 0 alive states, 2 terminated states
2019-07-25 17:26:52,374: [12] m.e.manticore:INFO: Starting symbolic transaction: 1
2019-07-25 17:26:52,556: [582] m.c.manticore:INFO: Generated testcase No. 0 - RETURN(1 txs)
2019-07-25 17:26:52,575: [583] m.c.manticore:INFO: Generated testcase No. 1 - REVERT(2 txs)
2019-07-25 17:26:53,697: [12] m.c.manticore:INFO: Results in /mcore_78qhbga0
2019-07-25 17:26:54,692: [897] m.main:INFO: Registered plugins: DetectIntegerOverflow, DetectUnusedRetVal, DetectReentrancySimple, DetectInvalid, DetectDelegatecall, DetectExternalCallAndLeak, DetectSuicidal, DetectUninitializedStorage, DetectEnvInstruction, DetectReentrancyAdvanced, DetectUninitializedMemory
2019-07-25 17:26:54,692: [897] m.main:INFO: Beginning analysis
2019-07-25 17:26:54,732: [897] m.e.manticore:INFO: Starting symbolic create contract
2019-07-25 17:26:58,338: [897] m.e.manticore:INFO: Starting symbolic transaction: 0
2019-07-25 17:27:05,638: [1267] m.e.detectors:WARNING: INVALID instruction
2019-07-25 17:27:06,082: [897] m.e.manticore:INFO: 2 alive states, 8 terminated states
2019-07-25 17:27:07,890: [897] m.e.manticore:INFO: Starting symbolic transaction: 1
2019-07-25 17:27:23,795: [2102] m.e.detectors:WARNING: INVALID instruction
2019-07-25 17:27:23,961: [2095] m.e.detectors:WARNING: INVALID instruction
2019-07-25 17:27:24,379: [897] m.e.manticore:INFO: 4 alive states, 24 terminated states
2019-07-25 17:27:26,333: [3526] m.c.manticore:INFO: Generated testcase No. 1 - RETURN(3 txs)
2019-07-25 17:27:26,418: [3529] m.c.manticore:INFO: Generated testcase No. 2 - RETURN(3 txs)
2019-07-25 17:27:26,442: [3523] m.c.manticore:INFO: Generated testcase No. 0 - RETURN(3 txs)
2019-07-25 17:27:26,523: [3532] m.c.manticore:INFO: Generated testcase No. 3 - RETURN(1 txs)
2019-07-25 17:27:26,545: [3524] m.c.manticore:INFO: Generated testcase No. 4 - RETURN(3 txs)
2019-07-25 17:27:26,629: [3548] m.c.manticore:INFO: Generated testcase No. 5 - REVERT(2 txs)
2019-07-25 17:27:26,647: [3537] m.c.manticore:INFO: Generated testcase No. 6 - REVERT(2 txs)
2019-07-25 17:27:26,726: [3541] m.c.manticore:INFO: Generated testcase No. 8 - REVERT(2 txs)
2019-07-25 17:27:26,837: [3546] m.c.manticore:INFO: Generated testcase No. 9 - REVERT(2 txs)
2019-07-25 17:27:26,923: [3544] m.c.manticore:INFO: Generated testcase No. 7 - REVERT(2 txs)
2019-07-25 17:27:54,268: [3546] m.c.manticore:INFO: Generated testcase No. 10 - REVERT(2 txs)
2019-07-25 17:27:55,926: [3532] m.c.manticore:INFO: Generated testcase No. 11 - THROW(2 txs)
2019-07-25 17:27:58,228: [3548] m.c.manticore:INFO: Generated testcase No. 12 - RETURN(2 txs)
2019-07-25 17:27:59,468: [3537] m.c.manticore:INFO: Generated testcase No. 13 - RETURN(2 txs)
2019-07-25 17:28:00,213: [3544] m.c.manticore:INFO: Generated testcase No. 14 - REVERT(3 txs)
2019-07-25 17:28:03,369: [3541] m.c.manticore:INFO: Generated testcase No. 15 - REVERT(3 txs)
2019-07-25 17:28:03,830: [3529] m.c.manticore:INFO: Generated testcase No. 16 - REVERT(3 txs)
2019-07-25 17:28:05,234: [3524] m.c.manticore:INFO: Generated testcase No. 17 - REVERT(3 txs)
2019-07-25 17:28:07,851: [3526] m.c.manticore:INFO: Generated testcase No. 18 - REVERT(3 txs)
2019-07-25 17:28:08,233: [3523] m.c.manticore:INFO: Generated testcase No. 19 - REVERT(3 txs)
2019-07-25 17:28:26,721: [3532] m.c.manticore:INFO: Generated testcase No. 20 - REVERT(3 txs)
2019-07-25 17:28:31,948: [3546] m.c.manticore:INFO: Generated testcase No. 21 - REVERT(3 txs)
2019-07-25 17:28:35,045: [3548] m.c.manticore:INFO: Generated testcase No. 22 - REVERT(3 txs)
2019-07-25 17:28:35,458: [3537] m.c.manticore:INFO: Generated testcase No. 24 - REVERT(3 txs)
2019-07-25 17:28:35,462: [3524] m.c.manticore:INFO: Generated testcase No. 23 - REVERT(3 txs)
2019-07-25 17:28:35,710: [3544] m.c.manticore:INFO: Generated testcase No. 25 - REVERT(3 txs)
2019-07-25 17:28:38,940: [3541] m.c.manticore:INFO: Generated testcase No. 26 - THROW(3 txs)
2019-07-25 17:28:41,022: [3529] m.c.manticore:INFO: Generated testcase No. 27 - THROW(3 txs)
2019-07-25 17:29:05,891: [897] m.c.manticore:INFO: Results in /mcore_3rnanjcn
2019-07-25 17:29:09,202: [4708] m.main:INFO: Registered plugins: DetectReentrancySimple, DetectInvalid, DetectUnusedRetVal, DetectReentrancyAdvanced, DetectUninitializedStorage, DetectIntegerOverflow, DetectSuicidal, DetectExternalCallAndLeak, DetectEnvInstruction, DetectUninitializedMemory, DetectDelegatecall
2019-07-25 17:29:09,203: [4708] m.main:INFO: Beginning analysis
2019-07-25 17:29:09,277: [4708] m.e.manticore:INFO: Starting symbolic create contract
2019-07-25 17:29:13,684: [4708] m.e.manticore:INFO: Starting symbolic transaction: 0
2019-07-25 17:29:24,863: [5067] m.e.detectors:WARNING: INVALID instruction
2019-07-25 17:29:38,589: [4708] m.e.manticore:INFO: 3 alive states, 11 terminated states
2019-07-25 17:29:41,357: [4708] m.e.manticore:INFO: Starting symbolic transaction: 1
2019-07-25 17:30:23,226: [6238] m.e.detectors:WARNING: INVALID instruction
2019-07-25 17:30:26,667: [6243] m.e.detectors:WARNING: INVALID instruction
2019-07-25 17:30:32,015: [6251] m.e.detectors:WARNING: INVALID instruction
2019-07-25 17:31:00,747: [4708] m.e.manticore:INFO: 9 alive states, 44 terminated states
2019-07-25 17:31:06,346: [9277] m.c.manticore:INFO: Generated testcase No. 0 - RETURN(3 txs)
2019-07-25 17:31:06,421: [9285] m.c.manticore:INFO: Generated testcase No. 1 - RETURN(3 txs)
2019-07-25 17:31:06,425: [9278] m.c.manticore:INFO: Generated testcase No. 2 - RETURN(3 txs)
2019-07-25 17:31:06,519: [9293] m.c.manticore:INFO: Generated testcase No. 3 - RETURN(3 txs)
2019-07-25 17:31:06,838: [9315] m.c.manticore:INFO: Generated testcase No. 6 - RETURN(3 txs)
2019-07-25 17:31:06,926: [9290] m.c.manticore:INFO: Generated testcase No. 5 - RETURN(3 txs)
2019-07-25 17:31:07,007: [9281] m.c.manticore:INFO: Generated testcase No. 4 - RETURN(3 txs)
2019-07-25 17:31:07,308: [9310] m.c.manticore:INFO: Generated testcase No. 8 - RETURN(1 txs)
2019-07-25 17:31:07,336: [9300] m.c.manticore:INFO: Generated testcase No. 7 - RETURN(3 txs)
2019-07-25 17:31:07,638: [9305] m.c.manticore:INFO: Generated testcase No. 9 - RETURN(3 txs)
2019-07-25 17:31:43,455: [9310] m.c.manticore:INFO: Generated testcase No. 10 - REVERT(2 txs)
2019-07-25 17:31:51,523: [9305] m.c.manticore:INFO: Generated testcase No. 11 - REVERT(2 txs)
2019-07-25 17:31:52,272: [9290] m.c.manticore:INFO: Generated testcase No. 12 - REVERT(2 txs)
2019-07-25 17:31:52,561: [9315] m.c.manticore:INFO: Generated testcase No. 13 - REVERT(2 txs)
2019-07-25 17:31:53,185: [9278] m.c.manticore:INFO: Generated testcase No. 14 - REVERT(2 txs)
2019-07-25 17:31:54,512: [9293] m.c.manticore:INFO: Generated testcase No. 15 - REVERT(2 txs)
2019-07-25 17:31:54,813: [9281] m.c.manticore:INFO: Generated testcase No. 16 - REVERT(2 txs)
2019-07-25 17:31:56,836: [9277] m.c.manticore:INFO: Generated testcase No. 17 - REVERT(2 txs)
2019-07-25 17:32:00,414: [9300] m.c.manticore:INFO: Generated testcase No. 18 - THROW(2 txs)
2019-07-25 17:32:01,715: [9285] m.c.manticore:INFO: Generated testcase No. 19 - THROW(2 txs)
2019-07-25 17:32:25,037: [9310] m.c.manticore:INFO: Generated testcase No. 20 - RETURN(2 txs)
2019-07-25 17:32:33,550: [9293] m.c.manticore:INFO: Generated testcase No. 21 - RETURN(2 txs)
2019-07-25 17:32:34,806: [9278] m.c.manticore:INFO: Generated testcase No. 22 - RETURN(2 txs)
2019-07-25 17:32:36,620: [9305] m.c.manticore:INFO: Generated testcase No. 23 - REVERT(3 txs)
2019-07-25 17:32:39,006: [9290] m.c.manticore:INFO: Generated testcase No. 24 - REVERT(3 txs)
2019-07-25 17:32:39,336: [9315] m.c.manticore:INFO: Generated testcase No. 25 - REVERT(3 txs)
2019-07-25 17:32:40,126: [9281] m.c.manticore:INFO: Generated testcase No. 26 - REVERT(3 txs)
2019-07-25 17:32:42,013: [9285] m.c.manticore:INFO: Generated testcase No. 27 - REVERT(3 txs)
2019-07-25 17:32:46,558: [9277] m.c.manticore:INFO: Generated testcase No. 28 - REVERT(3 txs)
2019-07-25 17:32:58,168: [9300] m.c.manticore:INFO: Generated testcase No. 29 - REVERT(3 txs)
2019-07-25 17:33:06,124: [9310] m.c.manticore:INFO: Generated testcase No. 30 - REVERT(3 txs)
2019-07-25 17:33:20,250: [9278] m.c.manticore:INFO: Generated testcase No. 31 - REVERT(3 txs)
2019-07-25 17:33:21,604: [9293] m.c.manticore:INFO: Generated testcase No. 32 - REVERT(3 txs)
2019-07-25 17:33:23,253: [9315] m.c.manticore:INFO: Generated testcase No. 33 - REVERT(3 txs)
2019-07-25 17:33:25,040: [9305] m.c.manticore:INFO: Generated testcase No. 34 - REVERT(3 txs)
2019-07-25 17:33:26,647: [9290] m.c.manticore:INFO: Generated testcase No. 36 - REVERT(3 txs)
2019-07-25 17:33:27,122: [9281] m.c.manticore:INFO: Generated testcase No. 35 - REVERT(3 txs)
2019-07-25 17:33:27,726: [9285] m.c.manticore:INFO: Generated testcase No. 37 - REVERT(3 txs)
2019-07-25 17:33:32,032: [9277] m.c.manticore:INFO: Generated testcase No. 38 - REVERT(3 txs)
2019-07-25 17:33:43,864: [9300] m.c.manticore:INFO: Generated testcase No. 39 - REVERT(3 txs)
2019-07-25 17:33:56,634: [9310] m.c.manticore:INFO: Generated testcase No. 40 - REVERT(3 txs)
2019-07-25 17:34:07,053: [9293] m.c.manticore:INFO: Generated testcase No. 41 - REVERT(3 txs)
2019-07-25 17:34:07,839: [9315] m.c.manticore:INFO: Generated testcase No. 42 - REVERT(3 txs)
2019-07-25 17:34:13,672: [9290] m.c.manticore:INFO: Generated testcase No. 43 - REVERT(3 txs)
2019-07-25 17:34:14,356: [9281] m.c.manticore:INFO: Generated testcase No. 44 - THROW(3 txs)
2019-07-25 17:34:17,334: [9278] m.c.manticore:INFO: Generated testcase No. 45 - REVERT(3 txs)
2019-07-25 17:34:23,048: [9285] m.c.manticore:INFO: Generated testcase No. 46 - REVERT(3 txs)
2019-07-25 17:34:25,165: [9277] m.c.manticore:INFO: Generated testcase No. 47 - THROW(3 txs)
2019-07-25 17:34:27,625: [9305] m.c.manticore:INFO: Generated testcase No. 48 - REVERT(3 txs)
2019-07-25 17:34:27,851: [9300] m.c.manticore:INFO: Generated testcase No. 49 - THROW(3 txs)
2019-07-25 17:34:43,523: [9310] m.c.manticore:INFO: Generated testcase No. 50 - THROW(3 txs)
2019-07-25 17:34:56,205: [9290] m.c.manticore:INFO: Generated testcase No. 51 - THROW(3 txs)
2019-07-25 17:34:57,329: [9293] m.c.manticore:INFO: Generated testcase No. 52 - THROW(3 txs)
2019-07-25 17:35:19,094: [4708] m.c.manticore:INFO: Results in /mcore_9w2obef5
2019-07-25 17:35:23,193: [11300] m.main:INFO: Registered plugins: DetectUninitializedMemory, DetectIntegerOverflow, DetectDelegatecall, DetectReentrancyAdvanced, DetectUnusedRetVal, DetectEnvInstruction, DetectSuicidal, DetectUninitializedStorage, DetectReentrancySimple, DetectInvalid, DetectExternalCallAndLeak
2019-07-25 17:35:23,193: [11300] m.main:INFO: Beginning analysis
2019-07-25 17:35:23,201: [11300] m.e.manticore:INFO: Starting symbolic create contract
2019-07-25 17:35:24,698: [11300] m.e.manticore:INFO: Starting symbolic transaction: 0
2019-07-25 17:35:25,788: [11300] m.e.manticore:INFO: 0 alive states, 2 terminated states
2019-07-25 17:35:25,967: [11300] m.e.manticore:INFO: Starting symbolic transaction: 1
2019-07-25 17:35:26,184: [11836] m.c.manticore:INFO: Generated testcase No. 0 - RETURN(1 txs)
2019-07-25 17:35:26,185: [11837] m.c.manticore:INFO: Generated testcase No. 1 - REVERT(2 txs)
2019-07-25 17:35:27,381: [11300] m.c.manticore:INFO: Results in /mcore_njps9_xb
2019-07-25 17:35:28,499: [12151] m.main:INFO: Registered plugins: DetectReentrancySimple, DetectInvalid, DetectSuicidal, DetectExternalCallAndLeak, DetectEnvInstruction, DetectUninitializedMemory, DetectIntegerOverflow, DetectReentrancyAdvanced, DetectUnusedRetVal, DetectUninitializedStorage, DetectDelegatecall
2019-07-25 17:35:28,500: [12151] m.main:INFO: Beginning analysis
2019-07-25 17:35:28,564: [12151] m.e.manticore:INFO: Starting symbolic create contract
2019-07-25 17:35:30,251: [12151] m.e.manticore:INFO: Starting symbolic transaction: 0
2019-07-25 17:35:32,763: [12151] m.e.manticore:INFO: 1 alive states, 3 terminated states
2019-07-25 17:35:32,995: [12151] m.e.manticore:INFO: Starting symbolic transaction: 1
2019-07-25 17:35:35,970: [12151] m.e.manticore:INFO: 1 alive states, 6 terminated states
2019-07-25 17:35:36,401: [13260] m.c.manticore:INFO: Generated testcase No. 0 - STOP(3 txs)
2019-07-25 17:35:36,490: [13261] m.c.manticore:INFO: Generated testcase No. 1 - RETURN(1 txs)
2019-07-25 17:35:36,542: [13266] m.c.manticore:INFO: Generated testcase No. 2 - REVERT(2 txs)
2019-07-25 17:35:36,613: [13263] m.c.manticore:INFO: Generated testcase No. 3 - REVERT(2 txs)
2019-07-25 17:35:36,633: [13282] m.c.manticore:INFO: Generated testcase No. 4 - STOP(2 txs)
2019-07-25 17:35:36,660: [13268] m.c.manticore:INFO: Generated testcase No. 5 - REVERT(3 txs)
2019-07-25 17:35:36,749: [13272] m.c.manticore:INFO: Generated testcase No. 6 - REVERT(3 txs)
2019-07-25 17:35:43,991: [12151] m.c.manticore:INFO: Results in /mcore_ydgrlbqd
2019-07-25 17:35:45,288: [13712] m.main:INFO: Registered plugins: DetectReentrancyAdvanced, DetectReentrancySimple, DetectInvalid, DetectUnusedRetVal, DetectUninitializedStorage, DetectExternalCallAndLeak, DetectSuicidal, DetectIntegerOverflow, DetectUninitializedMemory, DetectDelegatecall, DetectEnvInstruction
2019-07-25 17:35:45,288: [13712] m.main:INFO: Beginning analysis
2019-07-25 17:35:45,301: [13712] m.e.manticore:INFO: Starting symbolic create contract
2019-07-25 17:35:45,723: [13756] m.c.manticore:INFO: Generated testcase No. 0 - NO STATE RESULT (?)(0 txs)
2019-07-25 17:35:46,290: [13712] m.c.manticore:INFO: Results in /mcore_osd9u3kk
2019-07-25 17:35:47,286: [14015] m.main:INFO: Registered plugins: DetectExternalCallAndLeak, DetectReentrancyAdvanced, DetectInvalid, DetectSuicidal, DetectUninitializedMemory, DetectIntegerOverflow, DetectUnusedRetVal, DetectDelegatecall, DetectEnvInstruction, DetectReentrancySimple, DetectUninitializedStorage
2019-07-25 17:35:47,286: [14015] m.main:INFO: Beginning analysis
2019-07-25 17:35:47,299: [14015] m.e.manticore:INFO: Starting symbolic create contract
2019-07-25 17:35:47,700: [14059] m.c.manticore:INFO: Generated testcase No. 0 - NO STATE RESULT (?)(0 txs)
2019-07-25 17:35:48,381: [14015] m.c.manticore:INFO: Results in /mcore_zx7xy1z2
2019-07-25 17:35:49,184: [14318] m.main:INFO: Registered plugins: DetectUninitializedMemory, DetectUnusedRetVal, DetectEnvInstruction, DetectIntegerOverflow, DetectReentrancySimple, DetectInvalid, DetectSuicidal, DetectReentrancyAdvanced, DetectExternalCallAndLeak, DetectUninitializedStorage, DetectDelegatecall
2019-07-25 17:35:49,184: [14318] m.main:INFO: Beginning analysis
2019-07-25 17:35:49,194: [14318] m.e.manticore:INFO: Starting symbolic create contract
2019-07-25 17:35:49,588: [14362] m.c.manticore:INFO: Generated testcase No. 0 - NO STATE RESULT (?)(0 txs)
2019-07-25 17:35:50,184: [14318] m.c.manticore:INFO: Results in /mcore_8i87ocou
2019-07-25 17:35:51,002: [14621] m.main:INFO: Registered plugins: DetectReentrancySimple, DetectInvalid, DetectDelegatecall, DetectReentrancyAdvanced, DetectUnusedRetVal, DetectSuicidal, DetectUninitializedStorage, DetectExternalCallAndLeak, DetectIntegerOverflow, DetectUninitializedMemory, DetectEnvInstruction
2019-07-25 17:35:51,003: [14621] m.main:INFO: Beginning analysis
2019-07-25 17:35:51,064: [14621] m.e.manticore:INFO: Starting symbolic create contract
2019-07-25 17:36:12,524: [14621] m.e.manticore:INFO: Starting symbolic transaction: 0
2019-07-25 17:36:35,826: [15494] m.e.detectors:WARNING: INVALID instruction
2019-07-25 17:36:45,173: [15504] m.e.detectors:WARNING: INVALID instruction
2019-07-25 17:36:51,923: [15478] m.e.detectors:WARNING: INVALID instruction
2019-07-25 17:37:20,770: [15483] m.e.detectors:WARNING: Warning NUMBER instruction used
2019-07-25 17:37:33,926: [15480] m.e.detectors:WARNING: INVALID instruction
2019-07-25 17:37:38,526: [15483] m.e.detectors:WARNING: INVALID instruction
2019-07-25 17:38:05,034: [15497] m.e.detectors:WARNING: INVALID instruction
2019-07-25 17:38:06,026: [15483] m.e.detectors:WARNING: INVALID instruction
2019-07-25 17:38:21,966: [15504] m.e.detectors:WARNING: INVALID instruction
2019-07-25 17:38:32,634: [15483] m.e.detectors:WARNING: Unsigned integer overflow at MUL instruction
2019-07-25 17:38:41,276: [15497] m.e.detectors:WARNING: INVALID instruction
2019-07-25 17:38:44,673: [15498] m.e.detectors:WARNING: INVALID instruction
2019-07-25 17:38:56,196: [15483] m.e.detectors:WARNING: Warning NUMBER instruction used
2019-07-25 17:38:59,372: [15483] m.e.detectors:WARNING: Reachable ether leak to sender
2019-07-25 17:39:10,320: [14621] m.e.manticore:INFO: 15 alive states, 39 terminated states
2019-07-25 17:39:21,334: [14621] m.e.manticore:INFO: Starting symbolic transaction: 1
2019-07-25 17:43:11,034: [20634] m.e.detectors:WARNING: INVALID instruction
2019-07-25 17:43:42,827: [20646] m.e.detectors:WARNING: INVALID instruction
2019-07-25 17:43:50,210: [20641] m.e.detectors:WARNING: INVALID instruction
2019-07-25 17:44:21,910: [20641] m.e.detectors:WARNING: INVALID instruction
2019-07-25 17:44:31,136: [20634] m.e.detectors:WARNING: INVALID instruction
2019-07-25 17:44:38,333: [20612] m.e.detectors:WARNING: INVALID instruction
2019-07-25 17:45:00,422: [20634] m.e.detectors:WARNING: INVALID instruction
2019-07-25 17:45:02,850: [20635] m.e.detectors:WARNING: INVALID instruction
2019-07-25 17:45:15,102: [20607] m.e.detectors:WARNING: INVALID instruction
2019-07-25 17:45:46,362: [20607] m.e.detectors:WARNING: INVALID instruction
2019-07-25 17:45:51,351: [20612] m.e.detectors:WARNING: INVALID instruction
2019-07-25 17:45:54,738: [20634] m.e.detectors:WARNING: INVALID instruction
2019-07-25 17:45:58,434: [20638] m.e.detectors:WARNING: INVALID instruction
2019-07-25 17:46:23,646: [20628] m.e.detectors:WARNING: INVALID instruction
2019-07-25 17:46:36,156: [20612] m.e.detectors:WARNING: INVALID instruction
2019-07-25 17:46:37,643: [20646] m.e.detectors:WARNING: INVALID instruction
2019-07-25 17:46:55,838: [20623] m.e.detectors:WARNING: INVALID instruction
2019-07-25 17:47:20,646: [20641] m.e.detectors:WARNING: INVALID instruction
2019-07-25 17:47:27,830: [20646] m.e.detectors:WARNING: INVALID instruction
2019-07-25 17:47:32,971: [20638] m.e.detectors:WARNING: INVALID instruction
2019-07-25 17:47:37,623: [20634] m.e.detectors:WARNING: INVALID instruction
2019-07-25 17:47:43,827: [20607] m.e.detectors:WARNING: INVALID instruction
2019-07-25 17:47:49,327: [20646] m.e.detectors:WARNING: INVALID instruction
2019-07-25 17:47:52,418: [20612] m.e.detectors:WARNING: INVALID instruction
2019-07-25 17:48:29,914: [20607] m.e.detectors:WARNING: INVALID instruction
2019-07-25 17:48:30,120: [20612] m.e.detectors:WARNING: INVALID instruction
2019-07-25 17:48:43,350: [20646] m.e.detectors:WARNING: INVALID instruction
2019-07-25 17:48:51,554: [20638] m.e.detectors:WARNING: INVALID instruction
2019-07-25 17:48:58,350: [20646] m.e.detectors:WARNING: INVALID instruction
2019-07-25 17:49:00,830: [20607] m.e.detectors:WARNING: INVALID instruction
2019-07-25 17:49:14,942: [20607] m.e.detectors:WARNING: INVALID instruction
2019-07-25 17:49:54,994: [20628] m.e.detectors:WARNING: INVALID instruction
2019-07-25 17:50:03,506: [20623] m.e.detectors:WARNING: INVALID instruction
2019-07-25 17:51:50,153: [20640] m.e.detectors:WARNING: INVALID instruction
2019-07-25 17:52:16,618: [20607] m.e.detectors:WARNING: INVALID instruction
2019-07-25 17:52:19,854: [20640] m.e.detectors:WARNING: INVALID instruction
2019-07-25 17:54:03,760: [20628] m.e.detectors:WARNING: INVALID instruction
2019-07-25 17:55:08,210: [20641] m.e.detectors:WARNING: INVALID instruction
2019-07-25 17:55:15,118: [20646] m.e.detectors:WARNING: Warning NUMBER instruction used
2019-07-25 17:55:34,530: [20612] m.e.detectors:WARNING: INVALID instruction
2019-07-25 17:55:39,151: [20607] m.e.detectors:WARNING: INVALID instruction
2019-07-25 17:55:48,214: [20641] m.e.detectors:WARNING: Warning NUMBER instruction used
2019-07-25 17:56:24,150: [20638] m.e.detectors:WARNING: INVALID instruction
2019-07-25 17:56:44,222: [20634] m.e.detectors:WARNING: INVALID instruction
2019-07-25 17:56:45,822: [20638] m.e.detectors:WARNING: INVALID instruction