/unique_chucks/42/0xb9878e13404bf12caa6dcb7b3841750d5aaca0f5.sol
jar:file:/usr/local/lib/node_modules/@smartdec/smartcheck/jdeploy-bundle/smartcheck-2.0-jar-with-dependencies.jar!/solidity-rules.xmlruleId: SOLIDITY_ADDRESS_HARDCODED
patternId: adc165
severity: 1
line: 79
column: 25
content: 0xAa1ae5e57dc05981D83eC7FcA0b3c7ee2565B7D6

ruleId: SOLIDITY_ADDRESS_HARDCODED
patternId: adc165
severity: 1
line: 80
column: 18
content: 0xa0F19F254b3110957968e0004D7370ce4b0418c8

ruleId: SOLIDITY_DEPRECATED_CONSTRUCTIONS
patternId: 28fa69
severity: 1
line: 32
column: 2
content: functionbalanceOf(address_owner)publicconstantreturns(uint256balance);

ruleId: SOLIDITY_DEPRECATED_CONSTRUCTIONS
patternId: 28fa69
severity: 1
line: 83
column: 2
content: functiontokenBalance()constantpublicreturns(uint256){returntoken_reward.balanceOf(this);}

ruleId: SOLIDITY_DEPRECATED_CONSTRUCTIONS
patternId: 28fa69
severity: 1
line: 95
column: 2
content: functionlockOver()constantpublicreturns(bool){uint256current_time=now;returncurrent_time>end_time;}

ruleId: SOLIDITY_FUNCTIONS_RETURNS_TYPE_AND_NO_RETURN
patternId: 47acc2
severity: 1
line: 87
column: 2
content: functionlock()publiconlyOwnerreturns(bool){require(!isLocked);require(tokenBalance()>0);start_time=now;end_time=start_time.add(fifty_two_weeks);isLocked=true;}

ruleId: SOLIDITY_PRAGMAS_VERSION
patternId: 23fc32
severity: 1
line: 1
column: 16
content: ^

ruleId: SOLIDITY_SAFEMATH
patternId: 837cac
severity: 1
line: 66
column: 4
content: usingSafeMathforuint256;

ruleId: SOLIDITY_VISIBILITY
patternId: b51ce0
severity: 1
line: 68
column: 2
content: tokentoken_reward;

SOLIDITY_VISIBILITY :1
SOLIDITY_SAFEMATH :1
SOLIDITY_DEPRECATED_CONSTRUCTIONS :3
SOLIDITY_PRAGMAS_VERSION :1
SOLIDITY_FUNCTIONS_RETURNS_TYPE_AND_NO_RETURN :1
SOLIDITY_ADDRESS_HARDCODED :2