INFO:Slither:Compilation warnings/errors on /unique_chucks/23/0x30ed9d2a07f4a79557c8e75ad4d95071a18af0bc.sol:
/unique_chucks/23/0x30ed9d2a07f4a79557c8e75ad4d95071a18af0bc.sol:20:3: Warning: Defining constructors as functions with the same name as the contract is deprecated. Use "constructor(...) { ... }" instead.
  function Ownable() public {
  ^ (Relevant source part starts here and spans across multiple lines).
/unique_chucks/23/0x30ed9d2a07f4a79557c8e75ad4d95071a18af0bc.sol:823:5: Warning: Use of the "var" keyword is deprecated.
    var _cl = heroClasses[_classId];
    ^-----^
/unique_chucks/23/0x30ed9d2a07f4a79557c8e75ad4d95071a18af0bc.sol:857:5: Warning: Use of the "var" keyword is deprecated.
    var _bp = _h.currentStats[0] + _h.currentStats[1] + _h.currentStats[2] + _h.currentStats[3] + _h.currentStats[4];
    ^-----^
/unique_chucks/23/0x30ed9d2a07f4a79557c8e75ad4d95071a18af0bc.sol:906:5: Warning: Use of the "var" keyword is deprecated.
    var _tmp = tokenIdToHeroInstance[_tokenId].currentStats;
    ^------^
/unique_chucks/23/0x30ed9d2a07f4a79557c8e75ad4d95071a18af0bc.sol:947:5: Warning: Use of the "var" keyword is deprecated.
    var _tokens = tokensOf(_address);
    ^---------^
/unique_chucks/23/0x30ed9d2a07f4a79557c8e75ad4d95071a18af0bc.sol:988:3: Warning: Defining constructors as functions with the same name as the contract is deprecated. Use "constructor(...) { ... }" instead.
  function CryptoSagaHero(address _goldAddress)
  ^ (Relevant source part starts here and spans across multiple lines).
/unique_chucks/23/0x30ed9d2a07f4a79557c8e75ad4d95071a18af0bc.sol:1050:5: Warning: Use of the "var" keyword is deprecated.
    var _heroClassInfo = heroClasses[_heroClassId];
    ^----------------^
/unique_chucks/23/0x30ed9d2a07f4a79557c8e75ad4d95071a18af0bc.sol:1098:5: Warning: Use of the "var" keyword is deprecated.
    var _heroInstance = tokenIdToHeroInstance[_tokenId];
    ^---------------^
/unique_chucks/23/0x30ed9d2a07f4a79557c8e75ad4d95071a18af0bc.sol:1120:5: Warning: Use of the "var" keyword is deprecated.
    var _heroInstance = tokenIdToHeroInstance[_tokenId];
    ^---------------^
/unique_chucks/23/0x30ed9d2a07f4a79557c8e75ad4d95071a18af0bc.sol:1122:5: Warning: Use of the "var" keyword is deprecated.
    var _newExp = _heroInstance.currentExp + _exp;
    ^---------^
/unique_chucks/23/0x30ed9d2a07f4a79557c8e75ad4d95071a18af0bc.sol:1149:5: Warning: Use of the "var" keyword is deprecated.
    var _heroInstance = tokenIdToHeroInstance[_tokenId];
    ^---------------^
/unique_chucks/23/0x30ed9d2a07f4a79557c8e75ad4d95071a18af0bc.sol:1155:5: Warning: Use of the "var" keyword is deprecated.
    var _heroClassInfo = heroClasses[_heroInstance.heroClassId];
    ^----------------^
/unique_chucks/23/0x30ed9d2a07f4a79557c8e75ad4d95071a18af0bc.sol:1161:5: Warning: Use of the "var" keyword is deprecated.
    var requiredExp = getHeroRequiredExpForLevelUp(_tokenId);
    ^-------------^
/unique_chucks/23/0x30ed9d2a07f4a79557c8e75ad4d95071a18af0bc.sol:1167:5: Warning: Use of the "var" keyword is deprecated.
    var requiredGold = getHeroRequiredGoldForLevelUp(_tokenId);
    ^--------------^
/unique_chucks/23/0x30ed9d2a07f4a79557c8e75ad4d95071a18af0bc.sol:1170:5: Warning: Use of the "var" keyword is deprecated.
    var _ownerOfToken = ownerOf(_tokenId);
    ^---------------^
/unique_chucks/23/0x30ed9d2a07f4a79557c8e75ad4d95071a18af0bc.sol:1304:3: Warning: Defining constructors as functions with the same name as the contract is deprecated. Use "constructor(...) { ... }" instead.
  function CryptoSagaCardSwapVer1(address _heroAddress, address _cardAddress)
  ^ (Relevant source part starts here and spans across multiple lines).
/unique_chucks/23/0x30ed9d2a07f4a79557c8e75ad4d95071a18af0bc.sol:1327:5: Warning: Use of the "var" keyword is deprecated.
    var _randomValue = random(100, 0);
    ^--------------^
/unique_chucks/23/0x30ed9d2a07f4a79557c8e75ad4d95071a18af0bc.sol:38:5: Warning: Invoking events without "emit" prefix is deprecated.
    OwnershipTransferred(owner, newOwner);
    ^-----------------------------------^
/unique_chucks/23/0x30ed9d2a07f4a79557c8e75ad4d95071a18af0bc.sol:73:5: Warning: Invoking events without "emit" prefix is deprecated.
    OwnershipTransferred(owner, pendingOwner);
    ^---------------------------------------^
/unique_chucks/23/0x30ed9d2a07f4a79557c8e75ad4d95071a18af0bc.sol:112:5: Warning: Invoking events without "emit" prefix is deprecated.
    Pause();
    ^-----^
/unique_chucks/23/0x30ed9d2a07f4a79557c8e75ad4d95071a18af0bc.sol:120:5: Warning: Invoking events without "emit" prefix is deprecated.
    Unpause();
    ^-------^
/unique_chucks/23/0x30ed9d2a07f4a79557c8e75ad4d95071a18af0bc.sol:339:7: Warning: Invoking events without "emit" prefix is deprecated.
      Approval(owner, _to, _tokenId);
      ^----------------------------^
/unique_chucks/23/0x30ed9d2a07f4a79557c8e75ad4d95071a18af0bc.sol:360:5: Warning: Invoking events without "emit" prefix is deprecated.
    Transfer(0x0, _to, _tokenId);
    ^--------------------------^
/unique_chucks/23/0x30ed9d2a07f4a79557c8e75ad4d95071a18af0bc.sol:372:5: Warning: Invoking events without "emit" prefix is deprecated.
    Transfer(msg.sender, 0x0, _tokenId);
    ^---------------------------------^
/unique_chucks/23/0x30ed9d2a07f4a79557c8e75ad4d95071a18af0bc.sol:400:5: Warning: Invoking events without "emit" prefix is deprecated.
    Transfer(_from, _to, _tokenId);
    ^----------------------------^
/unique_chucks/23/0x30ed9d2a07f4a79557c8e75ad4d95071a18af0bc.sol:410:5: Warning: Invoking events without "emit" prefix is deprecated.
    Approval(_owner, 0, _tokenId);
    ^---------------------------^
/unique_chucks/23/0x30ed9d2a07f4a79557c8e75ad4d95071a18af0bc.sol:556:5: Warning: Invoking events without "emit" prefix is deprecated.
    Transfer(msg.sender, _to, _value);
    ^-------------------------------^
/unique_chucks/23/0x30ed9d2a07f4a79557c8e75ad4d95071a18af0bc.sol:598:5: Warning: Invoking events without "emit" prefix is deprecated.
    Transfer(_from, _to, _value);
    ^--------------------------^
/unique_chucks/23/0x30ed9d2a07f4a79557c8e75ad4d95071a18af0bc.sol:614:5: Warning: Invoking events without "emit" prefix is deprecated.
    Approval(msg.sender, _spender, _value);
    ^------------------------------------^
/unique_chucks/23/0x30ed9d2a07f4a79557c8e75ad4d95071a18af0bc.sol:640:5: Warning: Invoking events without "emit" prefix is deprecated.
    Approval(msg.sender, _spender, allowed[msg.sender][_spender]);
    ^-----------------------------------------------------------^
/unique_chucks/23/0x30ed9d2a07f4a79557c8e75ad4d95071a18af0bc.sol:661:5: Warning: Invoking events without "emit" prefix is deprecated.
    Approval(msg.sender, _spender, allowed[msg.sender][_spender]);
    ^-----------------------------------------------------------^
/unique_chucks/23/0x30ed9d2a07f4a79557c8e75ad4d95071a18af0bc.sol:692:5: Warning: Invoking events without "emit" prefix is deprecated.
    Mint(_to, _amount);
    ^----------------^
/unique_chucks/23/0x30ed9d2a07f4a79557c8e75ad4d95071a18af0bc.sol:693:5: Warning: Invoking events without "emit" prefix is deprecated.
    Transfer(address(0), _to, _amount);
    ^--------------------------------^
/unique_chucks/23/0x30ed9d2a07f4a79557c8e75ad4d95071a18af0bc.sol:1033:5: Warning: Invoking events without "emit" prefix is deprecated.
    DefineType(msg.sender, numberOfHeroClasses, _heroType.className);
    ^--------------------------------------------------------------^
/unique_chucks/23/0x30ed9d2a07f4a79557c8e75ad4d95071a18af0bc.sol:1107:5: Warning: Invoking events without "emit" prefix is deprecated.
    Deploy(msg.sender, _tokenId, _locationId, _duration);
    ^--------------------------------------------------^
/unique_chucks/23/0x30ed9d2a07f4a79557c8e75ad4d95071a18af0bc.sol:1190:5: Warning: Invoking events without "emit" prefix is deprecated.
    LevelUp(msg.sender, _tokenId, _heroInstance.currentLevel);
    ^-------------------------------------------------------^
/unique_chucks/23/0x30ed9d2a07f4a79557c8e75ad4d95071a18af0bc.sol:1227:29: Warning: This function only accepts a single "bytes" argument. Please use "abi.encodePacked(...)" or a similar function to encode the data.
    seed = uint32(keccak256(keccak256(block.blockhash(block.number), seed), now));
                            ^--------------------------------------------^
/unique_chucks/23/0x30ed9d2a07f4a79557c8e75ad4d95071a18af0bc.sol:1227:19: Warning: This function only accepts a single "bytes" argument. Please use "abi.encodePacked(...)" or a similar function to encode the data.
    seed = uint32(keccak256(keccak256(block.blockhash(block.number), seed), now));
                  ^------------------------------------------------------------^
/unique_chucks/23/0x30ed9d2a07f4a79557c8e75ad4d95071a18af0bc.sol:1384:29: Warning: This function only accepts a single "bytes" argument. Please use "abi.encodePacked(...)" or a similar function to encode the data.
    seed = uint32(keccak256(keccak256(block.blockhash(block.number), seed), now));
                            ^--------------------------------------------^
/unique_chucks/23/0x30ed9d2a07f4a79557c8e75ad4d95071a18af0bc.sol:1384:19: Warning: This function only accepts a single "bytes" argument. Please use "abi.encodePacked(...)" or a similar function to encode the data.
    seed = uint32(keccak256(keccak256(block.blockhash(block.number), seed), now));
                  ^------------------------------------------------------------^
/unique_chucks/23/0x30ed9d2a07f4a79557c8e75ad4d95071a18af0bc.sol:1227:39: Warning: "block.blockhash()" has been deprecated in favor of "blockhash()"
    seed = uint32(keccak256(keccak256(block.blockhash(block.number), seed), now));
                                      ^-------------^
/unique_chucks/23/0x30ed9d2a07f4a79557c8e75ad4d95071a18af0bc.sol:1259:30: Warning: Unused function parameter. Remove or comment out the variable name to silence this warning.
  function swapCardForReward(address _by, uint8 _rank)
                             ^---------^
/unique_chucks/23/0x30ed9d2a07f4a79557c8e75ad4d95071a18af0bc.sol:1259:43: Warning: Unused function parameter. Remove or comment out the variable name to silence this warning.
  function swapCardForReward(address _by, uint8 _rank)
                                          ^---------^
/unique_chucks/23/0x30ed9d2a07f4a79557c8e75ad4d95071a18af0bc.sol:1384:39: Warning: "block.blockhash()" has been deprecated in favor of "blockhash()"
    seed = uint32(keccak256(keccak256(block.blockhash(block.number), seed), now));
                                      ^-------------^
/unique_chucks/23/0x30ed9d2a07f4a79557c8e75ad4d95071a18af0bc.sol:1259:3: Warning: Function state mutability can be restricted to view
  function swapCardForReward(address _by, uint8 _rank)
  ^ (Relevant source part starts here and spans across multiple lines).

INFO:Detectors:[93m
ERC721 (/unique_chucks/23/0x30ed9d2a07f4a79557c8e75ad4d95071a18af0bc.sol#235-253) has incorrect ERC20 function interface(s):
	-transfer (/unique_chucks/23/0x30ed9d2a07f4a79557c8e75ad4d95071a18af0bc.sol#245-247)
	-approve (/unique_chucks/23/0x30ed9d2a07f4a79557c8e75ad4d95071a18af0bc.sol#247-250)
ERC721Token (/unique_chucks/23/0x30ed9d2a07f4a79557c8e75ad4d95071a18af0bc.sol#256-468) has incorrect ERC20 function interface(s):
	-transfer (/unique_chucks/23/0x30ed9d2a07f4a79557c8e75ad4d95071a18af0bc.sol#332-335)
	-approve (/unique_chucks/23/0x30ed9d2a07f4a79557c8e75ad4d95071a18af0bc.sol#344-353)
Reference: https://github.com/trailofbits/slither/wiki/Detectors-Documentation#incorrect-erc20-interface[0m
INFO:Detectors:[93m
Reentrancy in CryptoSagaCardSwapVer1.swapCardForReward (/unique_chucks/23/0x30ed9d2a07f4a79557c8e75ad4d95071a18af0bc.sol#1353-1388):
	External calls:
	- _numberOfClasses = heroContract.numberOfHeroClasses() (/unique_chucks/23/0x30ed9d2a07f4a79557c8e75ad4d95071a18af0bc.sol)
	- heroContract.mint(tx.origin,_candidates[random(_count,0)]) (/unique_chucks/23/0x30ed9d2a07f4a79557c8e75ad4d95071a18af0bc.sol)
	State variables written after the call(s):
	- seed (/unique_chucks/23/0x30ed9d2a07f4a79557c8e75ad4d95071a18af0bc.sol)
Reentrancy in CryptoSagaHero.withdrawDeposit (/unique_chucks/23/0x30ed9d2a07f4a79557c8e75ad4d95071a18af0bc.sol#1250-1264):
	External calls:
	- goldContract.transfer(msg.sender,_amount) (/unique_chucks/23/0x30ed9d2a07f4a79557c8e75ad4d95071a18af0bc.sol#1258-1264)
	State variables written after the call(s):
	- addressToGoldDeposit (/unique_chucks/23/0x30ed9d2a07f4a79557c8e75ad4d95071a18af0bc.sol#1260-1263)
Reference: https://github.com/trailofbits/slither/wiki/Detectors-Documentation#reentrancy-vulnerabilities-1[0m
INFO:Detectors:[93m
_ivForStats in CryptoSagaHero.mint (/unique_chucks/23/0x30ed9d2a07f4a79557c8e75ad4d95071a18af0bc.sol#1088-1089) is a local variable never initialiazed
Reference: https://github.com/trailofbits/slither/wiki/Detectors-Documentation#uninitialized-local-variables[0m
INFO:Detectors:[92m
CryptoSagaCardSwapVer1.swapCardForReward has external calls inside a loop:
	- heroContract.getClassRank(i) == _heroRankToMint && blackList[i] != true (/unique_chucks/23/0x30ed9d2a07f4a79557c8e75ad4d95071a18af0bc.sol)
Reference: https://github.com/trailofbits/slither/wiki/Detectors-Documentation/_edit#calls-inside-a-loop[0m
INFO:Detectors:[92m
Reentrancy in CryptoSagaHero.transferDeposit (/unique_chucks/23/0x30ed9d2a07f4a79557c8e75ad4d95071a18af0bc.sol#1236-1249):
	External calls:
	- require(bool)(goldContract.allowance(msg.sender,this) >= _amount) (/unique_chucks/23/0x30ed9d2a07f4a79557c8e75ad4d95071a18af0bc.sol#1236-1240)
	- goldContract.transferFrom(msg.sender,this,_amount) (/unique_chucks/23/0x30ed9d2a07f4a79557c8e75ad4d95071a18af0bc.sol#1243-1249)
	State variables written after the call(s):
	- addressToGoldDeposit (/unique_chucks/23/0x30ed9d2a07f4a79557c8e75ad4d95071a18af0bc.sol#1245-1249)
Reference: https://github.com/trailofbits/slither/wiki/Detectors-Documentation#reentrancy-vulnerabilities-2[0m
INFO:Detectors:[92m
Deprecated standard detected @ /unique_chucks/23/0x30ed9d2a07f4a79557c8e75ad4d95071a18af0bc.sol#1277-1282:
	- Usage of "block.blockhash()" should be replaced with "blockhash()"
Deprecated standard detected @ /unique_chucks/23/0x30ed9d2a07f4a79557c8e75ad4d95071a18af0bc.sol:
	- Usage of "block.blockhash()" should be replaced with "blockhash()"
Reference: https://github.com/trailofbits/slither/wiki/Detectors-Documentation#deprecated-standards[0m
INFO:Detectors:[92m
Claimable.transferOwnership (/unique_chucks/23/0x30ed9d2a07f4a79557c8e75ad4d95071a18af0bc.sol#66-70) should be declared external
Ownable.transferOwnership (/unique_chucks/23/0x30ed9d2a07f4a79557c8e75ad4d95071a18af0bc.sol#36-47) should be declared external
Claimable.claimOwnership (/unique_chucks/23/0x30ed9d2a07f4a79557c8e75ad4d95071a18af0bc.sol#73-82) should be declared external
Pausable.pause (/unique_chucks/23/0x30ed9d2a07f4a79557c8e75ad4d95071a18af0bc.sol#116-118) should be declared external
Pausable.unpause (/unique_chucks/23/0x30ed9d2a07f4a79557c8e75ad4d95071a18af0bc.sol#126-129) should be declared external
AccessDeploy.grantAccessDeploy (/unique_chucks/23/0x30ed9d2a07f4a79557c8e75ad4d95071a18af0bc.sol#148-153) should be declared external
AccessDeploy.revokeAccessDeploy (/unique_chucks/23/0x30ed9d2a07f4a79557c8e75ad4d95071a18af0bc.sol#161-165) should be declared external
AccessDeposit.grantAccessDeposit (/unique_chucks/23/0x30ed9d2a07f4a79557c8e75ad4d95071a18af0bc.sol#183-194) should be declared external
AccessDeposit.revokeAccessDeposit (/unique_chucks/23/0x30ed9d2a07f4a79557c8e75ad4d95071a18af0bc.sol#195-200) should be declared external
AccessMint.grantAccessMint (/unique_chucks/23/0x30ed9d2a07f4a79557c8e75ad4d95071a18af0bc.sol#218-229) should be declared external
AccessMint.revokeAccessMint (/unique_chucks/23/0x30ed9d2a07f4a79557c8e75ad4d95071a18af0bc.sol#231-233) should be declared external
ERC721.transfer (/unique_chucks/23/0x30ed9d2a07f4a79557c8e75ad4d95071a18af0bc.sol#245-247) should be declared external
ERC721Token.transfer (/unique_chucks/23/0x30ed9d2a07f4a79557c8e75ad4d95071a18af0bc.sol#332-335) should be declared external
ERC721.approve (/unique_chucks/23/0x30ed9d2a07f4a79557c8e75ad4d95071a18af0bc.sol#247-250) should be declared external
ERC721Token.approve (/unique_chucks/23/0x30ed9d2a07f4a79557c8e75ad4d95071a18af0bc.sol#344-353) should be declared external
ERC721.takeOwnership (/unique_chucks/23/0x30ed9d2a07f4a79557c8e75ad4d95071a18af0bc.sol#250-252) should be declared external
ERC721Token.takeOwnership (/unique_chucks/23/0x30ed9d2a07f4a79557c8e75ad4d95071a18af0bc.sol#356-364) should be declared external
ERC721Token.totalSupply (/unique_chucks/23/0x30ed9d2a07f4a79557c8e75ad4d95071a18af0bc.sol#287-288) should be declared external
ERC20Basic.totalSupply (/unique_chucks/23/0x30ed9d2a07f4a79557c8e75ad4d95071a18af0bc.sol#472-473) should be declared external
BasicToken.totalSupply (/unique_chucks/23/0x30ed9d2a07f4a79557c8e75ad4d95071a18af0bc.sol#555-561) should be declared external
ERC20Basic.balanceOf (/unique_chucks/23/0x30ed9d2a07f4a79557c8e75ad4d95071a18af0bc.sol#473-474) should be declared external
BasicToken.balanceOf (/unique_chucks/23/0x30ed9d2a07f4a79557c8e75ad4d95071a18af0bc.sol#586-587) should be declared external
BasicToken.transfer (/unique_chucks/23/0x30ed9d2a07f4a79557c8e75ad4d95071a18af0bc.sol#563-577) should be declared external
ERC20Basic.transfer (/unique_chucks/23/0x30ed9d2a07f4a79557c8e75ad4d95071a18af0bc.sol#474-475) should be declared external
ERC20.allowance (/unique_chucks/23/0x30ed9d2a07f4a79557c8e75ad4d95071a18af0bc.sol#486-488) should be declared external
StandardToken.allowance (/unique_chucks/23/0x30ed9d2a07f4a79557c8e75ad4d95071a18af0bc.sol#638-639) should be declared external
ERC20.transferFrom (/unique_chucks/23/0x30ed9d2a07f4a79557c8e75ad4d95071a18af0bc.sol#488-493) should be declared external
StandardToken.transferFrom (/unique_chucks/23/0x30ed9d2a07f4a79557c8e75ad4d95071a18af0bc.sol#605-610) should be declared external
ERC20.approve (/unique_chucks/23/0x30ed9d2a07f4a79557c8e75ad4d95071a18af0bc.sol#493-498) should be declared external
StandardToken.approve (/unique_chucks/23/0x30ed9d2a07f4a79557c8e75ad4d95071a18af0bc.sol#625-632) should be declared external
StandardToken.increaseApproval (/unique_chucks/23/0x30ed9d2a07f4a79557c8e75ad4d95071a18af0bc.sol#652-656) should be declared external
StandardToken.decreaseApproval (/unique_chucks/23/0x30ed9d2a07f4a79557c8e75ad4d95071a18af0bc.sol#678-693) should be declared external
Gold.mint (/unique_chucks/23/0x30ed9d2a07f4a79557c8e75ad4d95071a18af0bc.sol#712-716) should be declared external
CryptoSagaHero.setHeroName (/unique_chucks/23/0x30ed9d2a07f4a79557c8e75ad4d95071a18af0bc.sol#997-998) should be declared external
CryptoSagaHero.setRequiredExpIncreaseFactor (/unique_chucks/23/0x30ed9d2a07f4a79557c8e75ad4d95071a18af0bc.sol#1000-1001) should be declared external
CryptoSagaHero.setRequiredGoldIncreaseFactor (/unique_chucks/23/0x30ed9d2a07f4a79557c8e75ad4d95071a18af0bc.sol#1002-1006) should be declared external
CryptoSagaHero.mint (/unique_chucks/23/0x30ed9d2a07f4a79557c8e75ad4d95071a18af0bc.sol#1076-1120) should be declared external
CryptoSagaHero.deploy (/unique_chucks/23/0x30ed9d2a07f4a79557c8e75ad4d95071a18af0bc.sol#1125-1151) should be declared external
CryptoSagaHero.addExp (/unique_chucks/23/0x30ed9d2a07f4a79557c8e75ad4d95071a18af0bc.sol#1152-1167) should be declared external
CryptoSagaHero.addDeposit (/unique_chucks/23/0x30ed9d2a07f4a79557c8e75ad4d95071a18af0bc.sol#1170-1176) should be declared external
CryptoSagaHero.levelUp (/unique_chucks/23/0x30ed9d2a07f4a79557c8e75ad4d95071a18af0bc.sol#1180-1235) should be declared external
CryptoSagaHero.transferDeposit (/unique_chucks/23/0x30ed9d2a07f4a79557c8e75ad4d95071a18af0bc.sol#1236-1249) should be declared external
CryptoSagaHero.withdrawDeposit (/unique_chucks/23/0x30ed9d2a07f4a79557c8e75ad4d95071a18af0bc.sol#1250-1264) should be declared external
CryptoSagaCardSwap.swapCardForReward (/unique_chucks/23/0x30ed9d2a07f4a79557c8e75ad4d95071a18af0bc.sol#1310-1315) should be declared external
CryptoSagaCardSwapVer1.swapCardForReward (/unique_chucks/23/0x30ed9d2a07f4a79557c8e75ad4d95071a18af0bc.sol#1353-1388) should be declared external
CryptoSagaCardSwapVer1.setBlacklist (/unique_chucks/23/0x30ed9d2a07f4a79557c8e75ad4d95071a18af0bc.sol#1331-1335) should be declared external
Reference: https://github.com/trailofbits/slither/wiki/Detectors-Documentation#public-function-that-could-be-declared-as-external[0m
INFO:Detectors:[92m
Detected issues with version pragma in /unique_chucks/23/0x30ed9d2a07f4a79557c8e75ad4d95071a18af0bc.sol:
	- pragma solidity^0.4.18 (/unique_chucks/23/0x30ed9d2a07f4a79557c8e75ad4d95071a18af0bc.sol#1): it allows old versions
Reference: https://github.com/trailofbits/slither/wiki/Detectors-Documentation#incorrect-version-of-solidity[0m
INFO:Detectors:[92m
Function 'Ownable.Ownable' (/unique_chucks/23/0x30ed9d2a07f4a79557c8e75ad4d95071a18af0bc.sol#20-25) is not in mixedCase
Parameter '_address' of AccessDeploy.grantAccessDeploy (/unique_chucks/23/0x30ed9d2a07f4a79557c8e75ad4d95071a18af0bc.sol#149) is not in mixedCase
Parameter '_address' of AccessDeploy.revokeAccessDeploy (/unique_chucks/23/0x30ed9d2a07f4a79557c8e75ad4d95071a18af0bc.sol#161) is not in mixedCase
Parameter '_address' of AccessDeposit.grantAccessDeposit (/unique_chucks/23/0x30ed9d2a07f4a79557c8e75ad4d95071a18af0bc.sol#183-184) is not in mixedCase
Parameter '_address' of AccessDeposit.revokeAccessDeposit (/unique_chucks/23/0x30ed9d2a07f4a79557c8e75ad4d95071a18af0bc.sol#197) is not in mixedCase
Parameter '_address' of AccessMint.grantAccessMint (/unique_chucks/23/0x30ed9d2a07f4a79557c8e75ad4d95071a18af0bc.sol#221) is not in mixedCase
Parameter '_address' of AccessMint.revokeAccessMint (/unique_chucks/23/0x30ed9d2a07f4a79557c8e75ad4d95071a18af0bc.sol#232) is not in mixedCase
Parameter '_owner' of ERC721Token.balanceOf (/unique_chucks/23/0x30ed9d2a07f4a79557c8e75ad4d95071a18af0bc.sol#294-296) is not in mixedCase
Parameter '_tokenId' of ERC721Token.ownerOf (/unique_chucks/23/0x30ed9d2a07f4a79557c8e75ad4d95071a18af0bc.sol#314) is not in mixedCase
Parameter '_to' of ERC721Token.transfer (/unique_chucks/23/0x30ed9d2a07f4a79557c8e75ad4d95071a18af0bc.sol#332-333) is not in mixedCase
Parameter '_tokenId' of ERC721Token.transfer (/unique_chucks/23/0x30ed9d2a07f4a79557c8e75ad4d95071a18af0bc.sol#333-334) is not in mixedCase
Parameter '_to' of ERC721Token.approve (/unique_chucks/23/0x30ed9d2a07f4a79557c8e75ad4d95071a18af0bc.sol#345) is not in mixedCase
Parameter '_tokenId' of ERC721Token.approve (/unique_chucks/23/0x30ed9d2a07f4a79557c8e75ad4d95071a18af0bc.sol#345) is not in mixedCase
Parameter '_tokenId' of ERC721Token.takeOwnership (/unique_chucks/23/0x30ed9d2a07f4a79557c8e75ad4d95071a18af0bc.sol#357) is not in mixedCase
Parameter '_owner' of ERC721Token.tokensOf (/unique_chucks/23/0x30ed9d2a07f4a79557c8e75ad4d95071a18af0bc.sol#305) is not in mixedCase
Parameter '_tokenId' of ERC721Token.approvedFor (/unique_chucks/23/0x30ed9d2a07f4a79557c8e75ad4d95071a18af0bc.sol#325) is not in mixedCase
Function 'ERC721Token._mint' (/unique_chucks/23/0x30ed9d2a07f4a79557c8e75ad4d95071a18af0bc.sol#368-375) is not in mixedCase
Parameter '_to' of ERC721Token._mint (/unique_chucks/23/0x30ed9d2a07f4a79557c8e75ad4d95071a18af0bc.sol#368-369) is not in mixedCase
Parameter '_tokenId' of ERC721Token._mint (/unique_chucks/23/0x30ed9d2a07f4a79557c8e75ad4d95071a18af0bc.sol#369) is not in mixedCase
Function 'ERC721Token._burn' (/unique_chucks/23/0x30ed9d2a07f4a79557c8e75ad4d95071a18af0bc.sol#377-380) is not in mixedCase
Parameter '_tokenId' of ERC721Token._burn (/unique_chucks/23/0x30ed9d2a07f4a79557c8e75ad4d95071a18af0bc.sol#377) is not in mixedCase
Parameter '_owner' of ERC721Token.isApprovedFor (/unique_chucks/23/0x30ed9d2a07f4a79557c8e75ad4d95071a18af0bc.sol#390) is not in mixedCase
Parameter '_tokenId' of ERC721Token.isApprovedFor (/unique_chucks/23/0x30ed9d2a07f4a79557c8e75ad4d95071a18af0bc.sol#390-392) is not in mixedCase
Parameter '_from' of ERC721Token.clearApprovalAndTransfer (/unique_chucks/23/0x30ed9d2a07f4a79557c8e75ad4d95071a18af0bc.sol#405) is not in mixedCase
Parameter '_to' of ERC721Token.clearApprovalAndTransfer (/unique_chucks/23/0x30ed9d2a07f4a79557c8e75ad4d95071a18af0bc.sol#405) is not in mixedCase
Parameter '_tokenId' of ERC721Token.clearApprovalAndTransfer (/unique_chucks/23/0x30ed9d2a07f4a79557c8e75ad4d95071a18af0bc.sol#405) is not in mixedCase
Parameter '_owner' of ERC721Token.clearApproval (/unique_chucks/23/0x30ed9d2a07f4a79557c8e75ad4d95071a18af0bc.sol#416-418) is not in mixedCase
Parameter '_tokenId' of ERC721Token.clearApproval (/unique_chucks/23/0x30ed9d2a07f4a79557c8e75ad4d95071a18af0bc.sol#418) is not in mixedCase
Parameter '_to' of ERC721Token.addToken (/unique_chucks/23/0x30ed9d2a07f4a79557c8e75ad4d95071a18af0bc.sol#429) is not in mixedCase
Parameter '_tokenId' of ERC721Token.addToken (/unique_chucks/23/0x30ed9d2a07f4a79557c8e75ad4d95071a18af0bc.sol#429-430) is not in mixedCase
Parameter '_from' of ERC721Token.removeToken (/unique_chucks/23/0x30ed9d2a07f4a79557c8e75ad4d95071a18af0bc.sol#442) is not in mixedCase
Parameter '_tokenId' of ERC721Token.removeToken (/unique_chucks/23/0x30ed9d2a07f4a79557c8e75ad4d95071a18af0bc.sol#442) is not in mixedCase
Parameter '_owner' of BasicToken.balanceOf (/unique_chucks/23/0x30ed9d2a07f4a79557c8e75ad4d95071a18af0bc.sol#586) is not in mixedCase
Parameter '_to' of BasicToken.transfer (/unique_chucks/23/0x30ed9d2a07f4a79557c8e75ad4d95071a18af0bc.sol#563-564) is not in mixedCase
Parameter '_value' of BasicToken.transfer (/unique_chucks/23/0x30ed9d2a07f4a79557c8e75ad4d95071a18af0bc.sol#565) is not in mixedCase
Parameter '_owner' of StandardToken.allowance (/unique_chucks/23/0x30ed9d2a07f4a79557c8e75ad4d95071a18af0bc.sol#638) is not in mixedCase
Parameter '_spender' of StandardToken.allowance (/unique_chucks/23/0x30ed9d2a07f4a79557c8e75ad4d95071a18af0bc.sol#638-639) is not in mixedCase
Parameter '_from' of StandardToken.transferFrom (/unique_chucks/23/0x30ed9d2a07f4a79557c8e75ad4d95071a18af0bc.sol#605) is not in mixedCase
Parameter '_to' of StandardToken.transferFrom (/unique_chucks/23/0x30ed9d2a07f4a79557c8e75ad4d95071a18af0bc.sol#605) is not in mixedCase
Parameter '_value' of StandardToken.transferFrom (/unique_chucks/23/0x30ed9d2a07f4a79557c8e75ad4d95071a18af0bc.sol#605) is not in mixedCase
Parameter '_spender' of StandardToken.approve (/unique_chucks/23/0x30ed9d2a07f4a79557c8e75ad4d95071a18af0bc.sol#626-629) is not in mixedCase
Parameter '_value' of StandardToken.approve (/unique_chucks/23/0x30ed9d2a07f4a79557c8e75ad4d95071a18af0bc.sol#629) is not in mixedCase
Parameter '_spender' of StandardToken.increaseApproval (/unique_chucks/23/0x30ed9d2a07f4a79557c8e75ad4d95071a18af0bc.sol#652) is not in mixedCase
Parameter '_addedValue' of StandardToken.increaseApproval (/unique_chucks/23/0x30ed9d2a07f4a79557c8e75ad4d95071a18af0bc.sol#652) is not in mixedCase
Parameter '_spender' of StandardToken.decreaseApproval (/unique_chucks/23/0x30ed9d2a07f4a79557c8e75ad4d95071a18af0bc.sol#678-680) is not in mixedCase
Parameter '_subtractedValue' of StandardToken.decreaseApproval (/unique_chucks/23/0x30ed9d2a07f4a79557c8e75ad4d95071a18af0bc.sol#680) is not in mixedCase
Parameter '_to' of Gold.mint (/unique_chucks/23/0x30ed9d2a07f4a79557c8e75ad4d95071a18af0bc.sol#712) is not in mixedCase
Parameter '_amount' of Gold.mint (/unique_chucks/23/0x30ed9d2a07f4a79557c8e75ad4d95071a18af0bc.sol#712-713) is not in mixedCase
Parameter '_classId' of CryptoSagaHero.getClassInfo (/unique_chucks/23/0x30ed9d2a07f4a79557c8e75ad4d95071a18af0bc.sol#844) is not in mixedCase
Parameter '_classId' of CryptoSagaHero.getClassName (/unique_chucks/23/0x30ed9d2a07f4a79557c8e75ad4d95071a18af0bc.sol#856-857) is not in mixedCase
Parameter '_classId' of CryptoSagaHero.getClassRank (/unique_chucks/23/0x30ed9d2a07f4a79557c8e75ad4d95071a18af0bc.sol#858) is not in mixedCase
Parameter '_classId' of CryptoSagaHero.getClassMintCount (/unique_chucks/23/0x30ed9d2a07f4a79557c8e75ad4d95071a18af0bc.sol#863-864) is not in mixedCase
Parameter '_tokenId' of CryptoSagaHero.getHeroInfo (/unique_chucks/23/0x30ed9d2a07f4a79557c8e75ad4d95071a18af0bc.sol#874) is not in mixedCase
Parameter '_tokenId' of CryptoSagaHero.getHeroClassId (/unique_chucks/23/0x30ed9d2a07f4a79557c8e75ad4d95071a18af0bc.sol#898-901) is not in mixedCase
Parameter '_tokenId' of CryptoSagaHero.getHeroName (/unique_chucks/23/0x30ed9d2a07f4a79557c8e75ad4d95071a18af0bc.sol#907) is not in mixedCase
Parameter '_tokenId' of CryptoSagaHero.getHeroLevel (/unique_chucks/23/0x30ed9d2a07f4a79557c8e75ad4d95071a18af0bc.sol#912-913) is not in mixedCase
Parameter '_tokenId' of CryptoSagaHero.getHeroLocation (/unique_chucks/23/0x30ed9d2a07f4a79557c8e75ad4d95071a18af0bc.sol#918-919) is not in mixedCase
Parameter '_tokenId' of CryptoSagaHero.getHeroAvailableAt (/unique_chucks/23/0x30ed9d2a07f4a79557c8e75ad4d95071a18af0bc.sol#926) is not in mixedCase
Parameter '_tokenId' of CryptoSagaHero.getHeroBP (/unique_chucks/23/0x30ed9d2a07f4a79557c8e75ad4d95071a18af0bc.sol#934) is not in mixedCase
Parameter '_tokenId' of CryptoSagaHero.getHeroRequiredGoldForLevelUp (/unique_chucks/23/0x30ed9d2a07f4a79557c8e75ad4d95071a18af0bc.sol#943-944) is not in mixedCase
Parameter '_tokenId' of CryptoSagaHero.getHeroRequiredExpForLevelUp (/unique_chucks/23/0x30ed9d2a07f4a79557c8e75ad4d95071a18af0bc.sol#955-956) is not in mixedCase
Parameter '_address' of CryptoSagaHero.getGoldDepositOfAddress (/unique_chucks/23/0x30ed9d2a07f4a79557c8e75ad4d95071a18af0bc.sol#964) is not in mixedCase
Parameter '_address' of CryptoSagaHero.getTokenIdOfAddressAndIndex (/unique_chucks/23/0x30ed9d2a07f4a79557c8e75ad4d95071a18af0bc.sol#972-973) is not in mixedCase
Parameter '_index' of CryptoSagaHero.getTokenIdOfAddressAndIndex (/unique_chucks/23/0x30ed9d2a07f4a79557c8e75ad4d95071a18af0bc.sol#974-975) is not in mixedCase
Parameter '_address' of CryptoSagaHero.getTotalBPOfAddress (/unique_chucks/23/0x30ed9d2a07f4a79557c8e75ad4d95071a18af0bc.sol#982-984) is not in mixedCase
Parameter '_tokenId' of CryptoSagaHero.setHeroName (/unique_chucks/23/0x30ed9d2a07f4a79557c8e75ad4d95071a18af0bc.sol#997) is not in mixedCase
Parameter '_name' of CryptoSagaHero.setHeroName (/unique_chucks/23/0x30ed9d2a07f4a79557c8e75ad4d95071a18af0bc.sol#997-998) is not in mixedCase
Parameter '_contractAddress' of CryptoSagaHero.setGoldContract (/unique_chucks/23/0x30ed9d2a07f4a79557c8e75ad4d95071a18af0bc.sol#999) is not in mixedCase
Parameter '_value' of CryptoSagaHero.setRequiredExpIncreaseFactor (/unique_chucks/23/0x30ed9d2a07f4a79557c8e75ad4d95071a18af0bc.sol#1001) is not in mixedCase
Parameter '_value' of CryptoSagaHero.setRequiredGoldIncreaseFactor (/unique_chucks/23/0x30ed9d2a07f4a79557c8e75ad4d95071a18af0bc.sol#1002) is not in mixedCase
Function 'CryptoSagaHero.CryptoSagaHero' (/unique_chucks/23/0x30ed9d2a07f4a79557c8e75ad4d95071a18af0bc.sol#1006-1029) is not in mixedCase
Parameter '_goldAddress' of CryptoSagaHero.CryptoSagaHero (/unique_chucks/23/0x30ed9d2a07f4a79557c8e75ad4d95071a18af0bc.sol#1006) is not in mixedCase
Parameter '_className' of CryptoSagaHero.defineType (/unique_chucks/23/0x30ed9d2a07f4a79557c8e75ad4d95071a18af0bc.sol#1032-1033) is not in mixedCase
Parameter '_classRank' of CryptoSagaHero.defineType (/unique_chucks/23/0x30ed9d2a07f4a79557c8e75ad4d95071a18af0bc.sol#1033) is not in mixedCase
Parameter '_classRace' of CryptoSagaHero.defineType (/unique_chucks/23/0x30ed9d2a07f4a79557c8e75ad4d95071a18af0bc.sol#1033) is not in mixedCase
Parameter '_classAge' of CryptoSagaHero.defineType (/unique_chucks/23/0x30ed9d2a07f4a79557c8e75ad4d95071a18af0bc.sol#1033) is not in mixedCase
Parameter '_classType' of CryptoSagaHero.defineType (/unique_chucks/23/0x30ed9d2a07f4a79557c8e75ad4d95071a18af0bc.sol#1033-1035) is not in mixedCase
Parameter '_maxLevel' of CryptoSagaHero.defineType (/unique_chucks/23/0x30ed9d2a07f4a79557c8e75ad4d95071a18af0bc.sol#1035) is not in mixedCase
Parameter '_aura' of CryptoSagaHero.defineType (/unique_chucks/23/0x30ed9d2a07f4a79557c8e75ad4d95071a18af0bc.sol#1035-1036) is not in mixedCase
Parameter '_baseStats' of CryptoSagaHero.defineType (/unique_chucks/23/0x30ed9d2a07f4a79557c8e75ad4d95071a18af0bc.sol#1036) is not in mixedCase
Parameter '_minIVForStats' of CryptoSagaHero.defineType (/unique_chucks/23/0x30ed9d2a07f4a79557c8e75ad4d95071a18af0bc.sol#1036-1040) is not in mixedCase
Parameter '_maxIVForStats' of CryptoSagaHero.defineType (/unique_chucks/23/0x30ed9d2a07f4a79557c8e75ad4d95071a18af0bc.sol#1040) is not in mixedCase
Parameter '_owner' of CryptoSagaHero.mint (/unique_chucks/23/0x30ed9d2a07f4a79557c8e75ad4d95071a18af0bc.sol#1076) is not in mixedCase
Parameter '_heroClassId' of CryptoSagaHero.mint (/unique_chucks/23/0x30ed9d2a07f4a79557c8e75ad4d95071a18af0bc.sol#1076-1078) is not in mixedCase
Parameter '_tokenId' of CryptoSagaHero.deploy (/unique_chucks/23/0x30ed9d2a07f4a79557c8e75ad4d95071a18af0bc.sol#1127) is not in mixedCase
Parameter '_locationId' of CryptoSagaHero.deploy (/unique_chucks/23/0x30ed9d2a07f4a79557c8e75ad4d95071a18af0bc.sol#1127-1128) is not in mixedCase
Parameter '_duration' of CryptoSagaHero.deploy (/unique_chucks/23/0x30ed9d2a07f4a79557c8e75ad4d95071a18af0bc.sol#1129-1131) is not in mixedCase
Parameter '_tokenId' of CryptoSagaHero.addExp (/unique_chucks/23/0x30ed9d2a07f4a79557c8e75ad4d95071a18af0bc.sol#1152-1154) is not in mixedCase
Parameter '_exp' of CryptoSagaHero.addExp (/unique_chucks/23/0x30ed9d2a07f4a79557c8e75ad4d95071a18af0bc.sol#1154) is not in mixedCase
Parameter '_to' of CryptoSagaHero.addDeposit (/unique_chucks/23/0x30ed9d2a07f4a79557c8e75ad4d95071a18af0bc.sol#1172) is not in mixedCase
Parameter '_amount' of CryptoSagaHero.addDeposit (/unique_chucks/23/0x30ed9d2a07f4a79557c8e75ad4d95071a18af0bc.sol#1172) is not in mixedCase
Parameter '_tokenId' of CryptoSagaHero.levelUp (/unique_chucks/23/0x30ed9d2a07f4a79557c8e75ad4d95071a18af0bc.sol#1180) is not in mixedCase
Parameter '_amount' of CryptoSagaHero.transferDeposit (/unique_chucks/23/0x30ed9d2a07f4a79557c8e75ad4d95071a18af0bc.sol#1236) is not in mixedCase
Parameter '_amount' of CryptoSagaHero.withdrawDeposit (/unique_chucks/23/0x30ed9d2a07f4a79557c8e75ad4d95071a18af0bc.sol#1250) is not in mixedCase
Parameter '_upper' of CryptoSagaHero.random (/unique_chucks/23/0x30ed9d2a07f4a79557c8e75ad4d95071a18af0bc.sol#1272-1274) is not in mixedCase
Parameter '_lower' of CryptoSagaHero.random (/unique_chucks/23/0x30ed9d2a07f4a79557c8e75ad4d95071a18af0bc.sol#1274) is not in mixedCase
Parameter '_contractAddress' of CryptoSagaCardSwap.setCardContract (/unique_chucks/23/0x30ed9d2a07f4a79557c8e75ad4d95071a18af0bc.sol#1304) is not in mixedCase
Parameter '_by' of CryptoSagaCardSwapVer1.swapCardForReward (/unique_chucks/23/0x30ed9d2a07f4a79557c8e75ad4d95071a18af0bc.sol#1355) is not in mixedCase
Parameter '_rank' of CryptoSagaCardSwapVer1.swapCardForReward (/unique_chucks/23/0x30ed9d2a07f4a79557c8e75ad4d95071a18af0bc.sol#1355-1356) is not in mixedCase
Parameter '_classId' of CryptoSagaCardSwapVer1.setBlacklist (/unique_chucks/23/0x30ed9d2a07f4a79557c8e75ad4d95071a18af0bc.sol#1333) is not in mixedCase
Parameter '_value' of CryptoSagaCardSwapVer1.setBlacklist (/unique_chucks/23/0x30ed9d2a07f4a79557c8e75ad4d95071a18af0bc.sol#1333) is not in mixedCase
Parameter '_contractAddress' of CryptoSagaCardSwapVer1.setHeroContract (/unique_chucks/23/0x30ed9d2a07f4a79557c8e75ad4d95071a18af0bc.sol#1339) is not in mixedCase
Function 'CryptoSagaCardSwapVer1.CryptoSagaCardSwapVer1' (/unique_chucks/23/0x30ed9d2a07f4a79557c8e75ad4d95071a18af0bc.sol#1342-1350) is not in mixedCase
Parameter '_heroAddress' of CryptoSagaCardSwapVer1.CryptoSagaCardSwapVer1 (/unique_chucks/23/0x30ed9d2a07f4a79557c8e75ad4d95071a18af0bc.sol#1344) is not in mixedCase
Parameter '_cardAddress' of CryptoSagaCardSwapVer1.CryptoSagaCardSwapVer1 (/unique_chucks/23/0x30ed9d2a07f4a79557c8e75ad4d95071a18af0bc.sol#1344-1345) is not in mixedCase
Parameter '_upper' of CryptoSagaCardSwapVer1.random (/unique_chucks/23/0x30ed9d2a07f4a79557c8e75ad4d95071a18af0bc.sol) is not in mixedCase
Parameter '_lower' of CryptoSagaCardSwapVer1.random (/unique_chucks/23/0x30ed9d2a07f4a79557c8e75ad4d95071a18af0bc.sol) is not in mixedCase
Reference: https://github.com/trailofbits/slither/wiki/Detectors-Documentation#conformance-to-solidity-naming-conventions[0m
INFO:Slither:/unique_chucks/23/0x30ed9d2a07f4a79557c8e75ad4d95071a18af0bc.sol analyzed (17 contracts), 163 result(s) found