INFO:Slither:Compilation warnings/errors on /unique_chucks/28/0xb0db6f32f98b3c14ae45ff01b11efb953ad6a3d9.sol:
/unique_chucks/28/0xb0db6f32f98b3c14ae45ff01b11efb953ad6a3d9.sol:66:3: Warning: Defining constructors as functions with the same name as the contract is deprecated. Use "constructor(...) { ... }" instead.
  function Ownable() public {
  ^ (Relevant source part starts here and spans across multiple lines).
/unique_chucks/28/0xb0db6f32f98b3c14ae45ff01b11efb953ad6a3d9.sol:278:3: Warning: Defining constructors as functions with the same name as the contract is deprecated. Use "constructor(...) { ... }" instead.
  function GoldenGate () public {
  ^ (Relevant source part starts here and spans across multiple lines).
/unique_chucks/28/0xb0db6f32f98b3c14ae45ff01b11efb953ad6a3d9.sol:84:5: Warning: Invoking events without "emit" prefix is deprecated.
    OwnershipTransferred(owner, newOwner);
    ^-----------------------------------^
/unique_chucks/28/0xb0db6f32f98b3c14ae45ff01b11efb953ad6a3d9.sol:151:5: Warning: Invoking events without "emit" prefix is deprecated.
    Transfer(msg.sender, _to, _value);
    ^-------------------------------^
/unique_chucks/28/0xb0db6f32f98b3c14ae45ff01b11efb953ad6a3d9.sol:192:5: Warning: Invoking events without "emit" prefix is deprecated.
    Transfer(_from, _to, _value);
    ^--------------------------^
/unique_chucks/28/0xb0db6f32f98b3c14ae45ff01b11efb953ad6a3d9.sol:203:5: Warning: Invoking events without "emit" prefix is deprecated.
    Approval(msg.sender, _spender, _value);
    ^------------------------------------^
/unique_chucks/28/0xb0db6f32f98b3c14ae45ff01b11efb953ad6a3d9.sol:229:5: Warning: Invoking events without "emit" prefix is deprecated.
    Approval(msg.sender, _spender, allowed[msg.sender][_spender]);
    ^-----------------------------------------------------------^
/unique_chucks/28/0xb0db6f32f98b3c14ae45ff01b11efb953ad6a3d9.sol:246:5: Warning: Invoking events without "emit" prefix is deprecated.
    Approval(msg.sender, _spender, allowed[msg.sender][_spender]);
    ^-----------------------------------------------------------^
/unique_chucks/28/0xb0db6f32f98b3c14ae45ff01b11efb953ad6a3d9.sol:358:5: Warning: Invoking events without "emit" prefix is deprecated.
    ApproveMintDelegate(_mintDelegate);
    ^--------------------------------^
/unique_chucks/28/0xb0db6f32f98b3c14ae45ff01b11efb953ad6a3d9.sol:387:5: Warning: Invoking events without "emit" prefix is deprecated.
    RevokeMintDelegate(_mintDelegate);
    ^-------------------------------^
/unique_chucks/28/0xb0db6f32f98b3c14ae45ff01b11efb953ad6a3d9.sol:408:5: Warning: Invoking events without "emit" prefix is deprecated.
    ApproveBurnDelegate(_burnDelegate);
    ^--------------------------------^
/unique_chucks/28/0xb0db6f32f98b3c14ae45ff01b11efb953ad6a3d9.sol:437:5: Warning: Invoking events without "emit" prefix is deprecated.
    RevokeBurnDelegate(_burnDelegate);
    ^-------------------------------^
/unique_chucks/28/0xb0db6f32f98b3c14ae45ff01b11efb953ad6a3d9.sol:452:5: Warning: Invoking events without "emit" prefix is deprecated.
    Mint(msg.sender, _amount);
    ^-----------------------^
/unique_chucks/28/0xb0db6f32f98b3c14ae45ff01b11efb953ad6a3d9.sol:453:5: Warning: Invoking events without "emit" prefix is deprecated.
    Transfer(address(0), msg.sender, _amount);
    ^---------------------------------------^
/unique_chucks/28/0xb0db6f32f98b3c14ae45ff01b11efb953ad6a3d9.sol:471:5: Warning: Invoking events without "emit" prefix is deprecated.
    Burn(burner, _value);
    ^------------------^
/unique_chucks/28/0xb0db6f32f98b3c14ae45ff01b11efb953ad6a3d9.sol:472:5: Warning: Invoking events without "emit" prefix is deprecated.
    Transfer(burner, address(0), _value);
    ^----------------------------------^

INFO:Detectors:[92m
GoldenGate.INITIAL_SUPPLY should be constant (/unique_chucks/28/0xb0db6f32f98b3c14ae45ff01b11efb953ad6a3d9.sol#264)
GoldenGate.decimals should be constant (/unique_chucks/28/0xb0db6f32f98b3c14ae45ff01b11efb953ad6a3d9.sol#264)
GoldenGate.name should be constant (/unique_chucks/28/0xb0db6f32f98b3c14ae45ff01b11efb953ad6a3d9.sol#264)
GoldenGate.symbol should be constant (/unique_chucks/28/0xb0db6f32f98b3c14ae45ff01b11efb953ad6a3d9.sol#264)
Reference: https://github.com/trailofbits/slither/wiki/Detectors-Documentation#state-variables-that-could-be-declared-constant[0m
INFO:Detectors:[92m
Ownable.transferOwnership (/unique_chucks/28/0xb0db6f32f98b3c14ae45ff01b11efb953ad6a3d9.sol#83-96) should be declared external
ERC20Basic.totalSupply (/unique_chucks/28/0xb0db6f32f98b3c14ae45ff01b11efb953ad6a3d9.sol#100-101) should be declared external
BasicToken.totalSupply (/unique_chucks/28/0xb0db6f32f98b3c14ae45ff01b11efb953ad6a3d9.sol#140-142) should be declared external
BasicToken.balanceOf (/unique_chucks/28/0xb0db6f32f98b3c14ae45ff01b11efb953ad6a3d9.sol#170-173) should be declared external
ERC20Basic.balanceOf (/unique_chucks/28/0xb0db6f32f98b3c14ae45ff01b11efb953ad6a3d9.sol#101-102) should be declared external
ERC20Basic.transfer (/unique_chucks/28/0xb0db6f32f98b3c14ae45ff01b11efb953ad6a3d9.sol#102-108) should be declared external
BasicToken.transfer (/unique_chucks/28/0xb0db6f32f98b3c14ae45ff01b11efb953ad6a3d9.sol#146-158) should be declared external
StandardToken.allowance (/unique_chucks/28/0xb0db6f32f98b3c14ae45ff01b11efb953ad6a3d9.sol#219-221) should be declared external
ERC20.allowance (/unique_chucks/28/0xb0db6f32f98b3c14ae45ff01b11efb953ad6a3d9.sol#113-114) should be declared external
StandardToken.transferFrom (/unique_chucks/28/0xb0db6f32f98b3c14ae45ff01b11efb953ad6a3d9.sol#187-199) should be declared external
ERC20.transferFrom (/unique_chucks/28/0xb0db6f32f98b3c14ae45ff01b11efb953ad6a3d9.sol#114-115) should be declared external
ERC20.approve (/unique_chucks/28/0xb0db6f32f98b3c14ae45ff01b11efb953ad6a3d9.sol#115-122) should be declared external
StandardToken.approve (/unique_chucks/28/0xb0db6f32f98b3c14ae45ff01b11efb953ad6a3d9.sol#208-210) should be declared external
StandardToken.increaseApproval (/unique_chucks/28/0xb0db6f32f98b3c14ae45ff01b11efb953ad6a3d9.sol#229-238) should be declared external
StandardToken.decreaseApproval (/unique_chucks/28/0xb0db6f32f98b3c14ae45ff01b11efb953ad6a3d9.sol#244-262) should be declared external
GoldenGate.getMintDelegates (/unique_chucks/28/0xb0db6f32f98b3c14ae45ff01b11efb953ad6a3d9.sol#343-345) should be declared external
GoldenGate.getBurnDelegates (/unique_chucks/28/0xb0db6f32f98b3c14ae45ff01b11efb953ad6a3d9.sol#346-348) should be declared external
GoldenGate.approveMintDelegate (/unique_chucks/28/0xb0db6f32f98b3c14ae45ff01b11efb953ad6a3d9.sol#358-371) should be declared external
GoldenGate.revokeMintDelegate (/unique_chucks/28/0xb0db6f32f98b3c14ae45ff01b11efb953ad6a3d9.sol#376-401) should be declared external
GoldenGate.approveBurnDelegate (/unique_chucks/28/0xb0db6f32f98b3c14ae45ff01b11efb953ad6a3d9.sol#409-422) should be declared external
GoldenGate.revokeBurnDelegate (/unique_chucks/28/0xb0db6f32f98b3c14ae45ff01b11efb953ad6a3d9.sol#426-452) should be declared external
GoldenGate.mint (/unique_chucks/28/0xb0db6f32f98b3c14ae45ff01b11efb953ad6a3d9.sol#461-471) should be declared external
GoldenGate.burn (/unique_chucks/28/0xb0db6f32f98b3c14ae45ff01b11efb953ad6a3d9.sol) should be declared external
Reference: https://github.com/trailofbits/slither/wiki/Detectors-Documentation#public-function-that-could-be-declared-as-external[0m
INFO:Detectors:[92m
Detected issues with version pragma in /unique_chucks/28/0xb0db6f32f98b3c14ae45ff01b11efb953ad6a3d9.sol:
	- pragma solidity^0.4.19 (/unique_chucks/28/0xb0db6f32f98b3c14ae45ff01b11efb953ad6a3d9.sol#1): it allows old versions
Reference: https://github.com/trailofbits/slither/wiki/Detectors-Documentation#incorrect-version-of-solidity[0m
INFO:Detectors:[92m
Function 'Ownable.Ownable' (/unique_chucks/28/0xb0db6f32f98b3c14ae45ff01b11efb953ad6a3d9.sol#71) is not in mixedCase
Parameter '_owner' of BasicToken.balanceOf (/unique_chucks/28/0xb0db6f32f98b3c14ae45ff01b11efb953ad6a3d9.sol#170) is not in mixedCase
Parameter '_to' of BasicToken.transfer (/unique_chucks/28/0xb0db6f32f98b3c14ae45ff01b11efb953ad6a3d9.sol#148) is not in mixedCase
Parameter '_value' of BasicToken.transfer (/unique_chucks/28/0xb0db6f32f98b3c14ae45ff01b11efb953ad6a3d9.sol#148) is not in mixedCase
Parameter '_owner' of StandardToken.allowance (/unique_chucks/28/0xb0db6f32f98b3c14ae45ff01b11efb953ad6a3d9.sol#220) is not in mixedCase
Parameter '_spender' of StandardToken.allowance (/unique_chucks/28/0xb0db6f32f98b3c14ae45ff01b11efb953ad6a3d9.sol#220) is not in mixedCase
Parameter '_from' of StandardToken.transferFrom (/unique_chucks/28/0xb0db6f32f98b3c14ae45ff01b11efb953ad6a3d9.sol#187-189) is not in mixedCase
Parameter '_to' of StandardToken.transferFrom (/unique_chucks/28/0xb0db6f32f98b3c14ae45ff01b11efb953ad6a3d9.sol#189) is not in mixedCase
Parameter '_value' of StandardToken.transferFrom (/unique_chucks/28/0xb0db6f32f98b3c14ae45ff01b11efb953ad6a3d9.sol#189) is not in mixedCase
Parameter '_spender' of StandardToken.approve (/unique_chucks/28/0xb0db6f32f98b3c14ae45ff01b11efb953ad6a3d9.sol#208) is not in mixedCase
Parameter '_value' of StandardToken.approve (/unique_chucks/28/0xb0db6f32f98b3c14ae45ff01b11efb953ad6a3d9.sol#208) is not in mixedCase
Parameter '_spender' of StandardToken.increaseApproval (/unique_chucks/28/0xb0db6f32f98b3c14ae45ff01b11efb953ad6a3d9.sol#230-234) is not in mixedCase
Parameter '_addedValue' of StandardToken.increaseApproval (/unique_chucks/28/0xb0db6f32f98b3c14ae45ff01b11efb953ad6a3d9.sol#234) is not in mixedCase
Parameter '_spender' of StandardToken.decreaseApproval (/unique_chucks/28/0xb0db6f32f98b3c14ae45ff01b11efb953ad6a3d9.sol#244) is not in mixedCase
Parameter '_subtractedValue' of StandardToken.decreaseApproval (/unique_chucks/28/0xb0db6f32f98b3c14ae45ff01b11efb953ad6a3d9.sol#244) is not in mixedCase
Function 'GoldenGate.GoldenGate' (/unique_chucks/28/0xb0db6f32f98b3c14ae45ff01b11efb953ad6a3d9.sol#290-293) is not in mixedCase
Parameter '_mintDelegate' of GoldenGate.approveMintDelegate (/unique_chucks/28/0xb0db6f32f98b3c14ae45ff01b11efb953ad6a3d9.sol#358-359) is not in mixedCase
Parameter '_mintDelegate' of GoldenGate.revokeMintDelegate (/unique_chucks/28/0xb0db6f32f98b3c14ae45ff01b11efb953ad6a3d9.sol#376) is not in mixedCase
Parameter '_burnDelegate' of GoldenGate.approveBurnDelegate (/unique_chucks/28/0xb0db6f32f98b3c14ae45ff01b11efb953ad6a3d9.sol#413) is not in mixedCase
Parameter '_burnDelegate' of GoldenGate.revokeBurnDelegate (/unique_chucks/28/0xb0db6f32f98b3c14ae45ff01b11efb953ad6a3d9.sol#427) is not in mixedCase
Parameter '_amount' of GoldenGate.mint (/unique_chucks/28/0xb0db6f32f98b3c14ae45ff01b11efb953ad6a3d9.sol#461-462) is not in mixedCase
Parameter '_value' of GoldenGate.burn (/unique_chucks/28/0xb0db6f32f98b3c14ae45ff01b11efb953ad6a3d9.sol) is not in mixedCase
Variable 'GoldenGate.INITIAL_SUPPLY' (/unique_chucks/28/0xb0db6f32f98b3c14ae45ff01b11efb953ad6a3d9.sol#264) is not in mixedCase
Reference: https://github.com/trailofbits/slither/wiki/Detectors-Documentation#conformance-to-solidity-naming-conventions[0m
INFO:Slither:/unique_chucks/28/0xb0db6f32f98b3c14ae45ff01b11efb953ad6a3d9.sol analyzed (7 contracts), 48 result(s) found