/unique_chucks/13/0x0c15d535f8c21d6f3a03dd46ae23a07e5d897c80.sol
jar:file:/usr/local/lib/node_modules/@smartdec/smartcheck/jdeploy-bundle/smartcheck-2.0-jar-with-dependencies.jar!/solidity-rules.xmlruleId: SOLIDITY_ADDRESS_HARDCODED
patternId: b140cd
severity: 1
line: 123
column: 46
content: 0x150b7a02

ruleId: SOLIDITY_ADDRESS_HARDCODED
patternId: b140cd
severity: 1
line: 250
column: 47
content: 0x01ffc9a7

ruleId: SOLIDITY_ADDRESS_HARDCODED
patternId: b140cd
severity: 1
line: 288
column: 26
content: 0xffffffff

ruleId: SOLIDITY_ADDRESS_HARDCODED
patternId: b140cd
severity: 1
line: 381
column: 48
content: 0x80ac58cd

ruleId: SOLIDITY_ADDRESS_HARDCODED
patternId: b140cd
severity: 1
line: 395
column: 54
content: 0x4f558e79

ruleId: SOLIDITY_ADDRESS_HARDCODED
patternId: b140cd
severity: 1
line: 406
column: 45
content: 0x150b7a02

ruleId: SOLIDITY_ADDRESS_HARDCODED
patternId: b140cd
severity: 1
line: 840
column: 58
content: 0x780e9d63

ruleId: SOLIDITY_ADDRESS_HARDCODED
patternId: b140cd
severity: 1
line: 848
column: 56
content: 0x5b5e139f

ruleId: SOLIDITY_ADDRESS_HARDCODED
patternId: a91b18
severity: 1
line: 215
column: 2
content: owner=address(0)

ruleId: SOLIDITY_ADDRESS_HARDCODED
patternId: a91b18
severity: 1
line: 655
column: 4
content: tokenApprovals[_tokenId]=address(0)

ruleId: SOLIDITY_ADDRESS_HARDCODED
patternId: a91b18
severity: 1
line: 678
column: 2
content: tokenOwner[_tokenId]=address(0)

ruleId: SOLIDITY_ARRAY_LENGTH_MANIPULATION
patternId: 872bdd
severity: 1
line: 981
column: 2
content: ownedTokens[_from].length--

ruleId: SOLIDITY_ERC20_APPROVE
patternId: af782c
severity: 2
line: 485
column: 3
content: functionapprove(address_to,uint256_tokenId)public{addressowner=ownerOf(_tokenId);require(_to!=owner);require(msg.sender==owner||isApprovedForAll(owner,msg.sender));tokenApprovals[_tokenId]=_to;emitApproval(owner,_to,_tokenId);}

ruleId: SOLIDITY_OVERPOWERED_ROLE
patternId: j83hf7
severity: 2
line: 823
column: 3
content: functionsetCurrentPrice(uint256newPrice)publiconlyOwner{currentPrice=newPrice;}

ruleId: SOLIDITY_PRAGMAS_VERSION
patternId: 23fc32
severity: 1
line: 1
column: 16
content: ^

ruleId: SOLIDITY_PRIVATE_MODIFIER_DONT_HIDE_DATA
patternId: 5616b2
severity: 1
line: 76
column: 9
content: private

ruleId: SOLIDITY_PRIVATE_MODIFIER_DONT_HIDE_DATA
patternId: 5616b2
severity: 1
line: 381
column: 10
content: private

ruleId: SOLIDITY_PRIVATE_MODIFIER_DONT_HIDE_DATA
patternId: 5616b2
severity: 1
line: 395
column: 10
content: private

ruleId: SOLIDITY_PRIVATE_MODIFIER_DONT_HIDE_DATA
patternId: 5616b2
severity: 1
line: 406
column: 10
content: private

ruleId: SOLIDITY_PRIVATE_MODIFIER_DONT_HIDE_DATA
patternId: 5616b2
severity: 1
line: 840
column: 10
content: private

ruleId: SOLIDITY_PRIVATE_MODIFIER_DONT_HIDE_DATA
patternId: 5616b2
severity: 1
line: 848
column: 10
content: private

ruleId: SOLIDITY_SAFEMATH
patternId: 837cac
severity: 1
line: 401
column: 3
content: usingSafeMathforuint256;

ruleId: SOLIDITY_SHOULD_NOT_BE_VIEW
patternId: 189abf
severity: 1
line: 160
column: 3
content: functionisContract(addressaddr)internalviewreturns(bool){uint256size;assembly{size:=extcodesize(addr)}returnsize>0;}

ruleId: SOLIDITY_UPGRADE_TO_050
patternId: 341gim
severity: 1
line: 142
column: 2
content: bytes_data

ruleId: SOLIDITY_UPGRADE_TO_050
patternId: 341gim
severity: 1
line: 334
column: 2
content: bytes_data

ruleId: SOLIDITY_UPGRADE_TO_050
patternId: 341gim
severity: 1
line: 364
column: 60
content: string

ruleId: SOLIDITY_UPGRADE_TO_050
patternId: 341gim
severity: 1
line: 598
column: 2
content: bytes_data

ruleId: SOLIDITY_UPGRADE_TO_050
patternId: 341gim
severity: 1
line: 694
column: 2
content: bytes_data

ruleId: SOLIDITY_UPGRADE_TO_050
patternId: 341gim
severity: 1
line: 744
column: 15
content: string_name

ruleId: SOLIDITY_UPGRADE_TO_050
patternId: 341gim
severity: 1
line: 744
column: 29
content: string_symbol

ruleId: SOLIDITY_UPGRADE_TO_050
patternId: 341gim
severity: 1
line: 760
column: 2
content: string_title

ruleId: SOLIDITY_UPGRADE_TO_050
patternId: 341gim
severity: 1
line: 761
column: 2
content: string_description

ruleId: SOLIDITY_UPGRADE_TO_050
patternId: 341gim
severity: 1
line: 762
column: 2
content: string_specialQuality

ruleId: SOLIDITY_UPGRADE_TO_050
patternId: 341gim
severity: 1
line: 763
column: 2
content: string_iptcKeyword

ruleId: SOLIDITY_UPGRADE_TO_050
patternId: 341gim
severity: 1
line: 764
column: 2
content: string_tokenClass

ruleId: SOLIDITY_UPGRADE_TO_050
patternId: 341gim
severity: 1
line: 898
column: 60
content: string

ruleId: SOLIDITY_UPGRADE_TO_050
patternId: 341gim
severity: 1
line: 946
column: 43
content: string_uri

ruleId: SOLIDITY_VISIBILITY
patternId: b51ce0
severity: 1
line: 726
column: 3
content: uint8constantTITLE_MAX_LENGTH=64;

ruleId: SOLIDITY_VISIBILITY
patternId: b51ce0
severity: 1
line: 727
column: 3
content: uint256constantDESCRIPTION_MAX_LENGTH=100000;

ruleId: SOLIDITY_VISIBILITY
patternId: b51ce0
severity: 1
line: 734
column: 3
content: uint256currentPrice=0;

ruleId: SOLIDITY_VISIBILITY
patternId: b51ce0
severity: 1
line: 736
column: 3
content: mapping(uint256=>uint256)tokenTypes;

ruleId: SOLIDITY_VISIBILITY
patternId: b51ce0
severity: 1
line: 737
column: 3
content: mapping(uint256=>string)tokenTitles;

ruleId: SOLIDITY_VISIBILITY
patternId: b51ce0
severity: 1
line: 738
column: 3
content: mapping(uint256=>string)tokenDescriptions;

ruleId: SOLIDITY_VISIBILITY
patternId: b51ce0
severity: 1
line: 739
column: 3
content: mapping(uint256=>string)specialQualities;

ruleId: SOLIDITY_VISIBILITY
patternId: b51ce0
severity: 1
line: 740
column: 3
content: mapping(uint256=>string)tokenClasses;

ruleId: SOLIDITY_VISIBILITY
patternId: b51ce0
severity: 1
line: 741
column: 3
content: mapping(uint256=>string)iptcKeywords;

SOLIDITY_VISIBILITY :9
SOLIDITY_SAFEMATH :1
SOLIDITY_OVERPOWERED_ROLE :1
SOLIDITY_PRAGMAS_VERSION :1
SOLIDITY_ARRAY_LENGTH_MANIPULATION :1
SOLIDITY_PRIVATE_MODIFIER_DONT_HIDE_DATA :6
SOLIDITY_ADDRESS_HARDCODED :11
SOLIDITY_UPGRADE_TO_050 :14
SOLIDITY_SHOULD_NOT_BE_VIEW :1
SOLIDITY_ERC20_APPROVE :1