INFO:Slither:Compilation warnings/errors on /unique_chucks/32/0xdb52de58841cabf0d06ade89b6da4761e70a293f.sol:
/unique_chucks/32/0xdb52de58841cabf0d06ade89b6da4761e70a293f.sol:255:24: Warning: Using contract member "balance" inherited from the address type is deprecated. Convert the contract to "address" type to access the member, for example use "address(contract).balance" instead.
        owner.transfer(this.balance);
                       ^----------^
/unique_chucks/32/0xdb52de58841cabf0d06ade89b6da4761e70a293f.sol:1003:11: Warning: "msg.value" used in non-payable function. Do you want to add the "payable" modifier to this function?
		require(msg.value >= currentPrice, "Amount of Ether sent too small");
		        ^-------^

INFO:Detectors:[93m
AddressUtils.isContract (/unique_chucks/32/0xdb52de58841cabf0d06ade89b6da4761e70a293f.sol#159-175) is declared view but contains assembly code
Reference: https://github.com/trailofbits/slither/wiki/Detectors-Documentation#constant-functions-changing-the-state[0m
INFO:Detectors:[93m
ERC721Basic (/unique_chucks/32/0xdb52de58841cabf0d06ade89b6da4761e70a293f.sol#330-371) has incorrect ERC20 function interface(s):
	-approve (/unique_chucks/32/0xdb52de58841cabf0d06ade89b6da4761e70a293f.sol#346-347)
	-transferFrom (/unique_chucks/32/0xdb52de58841cabf0d06ade89b6da4761e70a293f.sol#360-361)
ERC721BasicToken (/unique_chucks/32/0xdb52de58841cabf0d06ade89b6da4761e70a293f.sol#408-757) has incorrect ERC20 function interface(s):
	-approve (/unique_chucks/32/0xdb52de58841cabf0d06ade89b6da4761e70a293f.sol#519-526)
	-transferFrom (/unique_chucks/32/0xdb52de58841cabf0d06ade89b6da4761e70a293f.sol#581-588)
Reference: https://github.com/trailofbits/slither/wiki/Detectors-Documentation#incorrect-erc20-interface[0m
INFO:Detectors:[92m
AddressUtils.isContract uses assembly (/unique_chucks/32/0xdb52de58841cabf0d06ade89b6da4761e70a293f.sol#159-175)
	- /unique_chucks/32/0xdb52de58841cabf0d06ade89b6da4761e70a293f.sol#174-175
Reference: https://github.com/trailofbits/slither/wiki/Detectors-Documentation#assembly-usage[0m
INFO:Detectors:[92m
ERC721Receiver.onERC721Received (/unique_chucks/32/0xdb52de58841cabf0d06ade89b6da4761e70a293f.sol#144-151) should be declared external
Ownable.renounceOwnership (/unique_chucks/32/0xdb52de58841cabf0d06ade89b6da4761e70a293f.sol#217-219) should be declared external
Ownable.transferOwnership (/unique_chucks/32/0xdb52de58841cabf0d06ade89b6da4761e70a293f.sol#225-228) should be declared external
Fallback.fallback (/unique_chucks/32/0xdb52de58841cabf0d06ade89b6da4761e70a293f.sol#269-272) should be declared external
Fallback.contribute (/unique_chucks/32/0xdb52de58841cabf0d06ade89b6da4761e70a293f.sol#250-259) should be declared external
Fallback.getContribution (/unique_chucks/32/0xdb52de58841cabf0d06ade89b6da4761e70a293f.sol#259-265) should be declared external
Fallback.withdraw (/unique_chucks/32/0xdb52de58841cabf0d06ade89b6da4761e70a293f.sol#266-269) should be declared external
ERC721BasicToken.approve (/unique_chucks/32/0xdb52de58841cabf0d06ade89b6da4761e70a293f.sol#519-526) should be declared external
ERC721Basic.approve (/unique_chucks/32/0xdb52de58841cabf0d06ade89b6da4761e70a293f.sol#346-347) should be declared external
ERC721BasicToken.setApprovalForAll (/unique_chucks/32/0xdb52de58841cabf0d06ade89b6da4761e70a293f.sol#541-553) should be declared external
ERC721Basic.setApprovalForAll (/unique_chucks/32/0xdb52de58841cabf0d06ade89b6da4761e70a293f.sol#350-353) should be declared external
ERC721BasicToken.safeTransferFrom (/unique_chucks/32/0xdb52de58841cabf0d06ade89b6da4761e70a293f.sol#608-611) should be declared external
ERC721Basic.safeTransferFrom (/unique_chucks/32/0xdb52de58841cabf0d06ade89b6da4761e70a293f.sol#361-364) should be declared external
ERC721Enumerable.tokenOfOwnerByIndex (/unique_chucks/32/0xdb52de58841cabf0d06ade89b6da4761e70a293f.sol#381-383) should be declared external
ERC721Token.tokenOfOwnerByIndex (/unique_chucks/32/0xdb52de58841cabf0d06ade89b6da4761e70a293f.sol#855-862) should be declared external
ERC721Token.tokenByIndex (/unique_chucks/32/0xdb52de58841cabf0d06ade89b6da4761e70a293f.sol#876-883) should be declared external
ERC721Enumerable.tokenByIndex (/unique_chucks/32/0xdb52de58841cabf0d06ade89b6da4761e70a293f.sol#383-384) should be declared external
ERC721Token.tokenURI (/unique_chucks/32/0xdb52de58841cabf0d06ade89b6da4761e70a293f.sol#842-849) should be declared external
ERC721Metadata.tokenURI (/unique_chucks/32/0xdb52de58841cabf0d06ade89b6da4761e70a293f.sol#397) should be declared external
dAppCaps.buyToken (/unique_chucks/32/0xdb52de58841cabf0d06ade89b6da4761e70a293f.sol#1016-1057) should be declared external
dAppCaps.setCurrentPrice (/unique_chucks/32/0xdb52de58841cabf0d06ade89b6da4761e70a293f.sol) should be declared external
dAppCaps.kill (/unique_chucks/32/0xdb52de58841cabf0d06ade89b6da4761e70a293f.sol) should be declared external
Reference: https://github.com/trailofbits/slither/wiki/Detectors-Documentation#public-function-that-could-be-declared-as-external[0m
INFO:Detectors:[92m
Parameter '_newOwner' of Ownable.transferOwnership (/unique_chucks/32/0xdb52de58841cabf0d06ade89b6da4761e70a293f.sol#227) is not in mixedCase
Function 'Ownable._transferOwnership' (/unique_chucks/32/0xdb52de58841cabf0d06ade89b6da4761e70a293f.sol#236-243) is not in mixedCase
Parameter '_newOwner' of Ownable._transferOwnership (/unique_chucks/32/0xdb52de58841cabf0d06ade89b6da4761e70a293f.sol#237-238) is not in mixedCase
Parameter '_interfaceId' of SupportsInterfaceWithLookup.supportsInterface (/unique_chucks/32/0xdb52de58841cabf0d06ade89b6da4761e70a293f.sol#309) is not in mixedCase
Function 'SupportsInterfaceWithLookup._registerInterface' (/unique_chucks/32/0xdb52de58841cabf0d06ade89b6da4761e70a293f.sol#317-324) is not in mixedCase
Parameter '_interfaceId' of SupportsInterfaceWithLookup._registerInterface (/unique_chucks/32/0xdb52de58841cabf0d06ade89b6da4761e70a293f.sol#317-318) is not in mixedCase
Constant 'SupportsInterfaceWithLookup.InterfaceId_ERC165' (/unique_chucks/32/0xdb52de58841cabf0d06ade89b6da4761e70a293f.sol#279-282) is not in UPPER_CASE_WITH_UNDERSCORES
Parameter '_owner' of ERC721BasicToken.balanceOf (/unique_chucks/32/0xdb52de58841cabf0d06ade89b6da4761e70a293f.sol#483-484) is not in mixedCase
Parameter '_tokenId' of ERC721BasicToken.ownerOf (/unique_chucks/32/0xdb52de58841cabf0d06ade89b6da4761e70a293f.sol#498) is not in mixedCase
Parameter '_tokenId' of ERC721BasicToken.exists (/unique_chucks/32/0xdb52de58841cabf0d06ade89b6da4761e70a293f.sol#503) is not in mixedCase
Parameter '_to' of ERC721BasicToken.approve (/unique_chucks/32/0xdb52de58841cabf0d06ade89b6da4761e70a293f.sol#519) is not in mixedCase
Parameter '_tokenId' of ERC721BasicToken.approve (/unique_chucks/32/0xdb52de58841cabf0d06ade89b6da4761e70a293f.sol#519) is not in mixedCase
Parameter '_tokenId' of ERC721BasicToken.getApproved (/unique_chucks/32/0xdb52de58841cabf0d06ade89b6da4761e70a293f.sol#531-532) is not in mixedCase
Parameter '_to' of ERC721BasicToken.setApprovalForAll (/unique_chucks/32/0xdb52de58841cabf0d06ade89b6da4761e70a293f.sol#542-543) is not in mixedCase
Parameter '_approved' of ERC721BasicToken.setApprovalForAll (/unique_chucks/32/0xdb52de58841cabf0d06ade89b6da4761e70a293f.sol#543-544) is not in mixedCase
Parameter '_owner' of ERC721BasicToken.isApprovedForAll (/unique_chucks/32/0xdb52de58841cabf0d06ade89b6da4761e70a293f.sol#558-560) is not in mixedCase
Parameter '_operator' of ERC721BasicToken.isApprovedForAll (/unique_chucks/32/0xdb52de58841cabf0d06ade89b6da4761e70a293f.sol#560) is not in mixedCase
Parameter '_from' of ERC721BasicToken.transferFrom (/unique_chucks/32/0xdb52de58841cabf0d06ade89b6da4761e70a293f.sol#582) is not in mixedCase
Parameter '_to' of ERC721BasicToken.transferFrom (/unique_chucks/32/0xdb52de58841cabf0d06ade89b6da4761e70a293f.sol#582) is not in mixedCase
Parameter '_tokenId' of ERC721BasicToken.transferFrom (/unique_chucks/32/0xdb52de58841cabf0d06ade89b6da4761e70a293f.sol#582) is not in mixedCase
Parameter '_from' of ERC721BasicToken.safeTransferFrom (/unique_chucks/32/0xdb52de58841cabf0d06ade89b6da4761e70a293f.sol#608) is not in mixedCase
Parameter '_to' of ERC721BasicToken.safeTransferFrom (/unique_chucks/32/0xdb52de58841cabf0d06ade89b6da4761e70a293f.sol#608-609) is not in mixedCase
Parameter '_tokenId' of ERC721BasicToken.safeTransferFrom (/unique_chucks/32/0xdb52de58841cabf0d06ade89b6da4761e70a293f.sol#609) is not in mixedCase
Parameter '_from' of ERC721BasicToken.safeTransferFrom (/unique_chucks/32/0xdb52de58841cabf0d06ade89b6da4761e70a293f.sol#635) is not in mixedCase
Parameter '_to' of ERC721BasicToken.safeTransferFrom (/unique_chucks/32/0xdb52de58841cabf0d06ade89b6da4761e70a293f.sol#635-636) is not in mixedCase
Parameter '_tokenId' of ERC721BasicToken.safeTransferFrom (/unique_chucks/32/0xdb52de58841cabf0d06ade89b6da4761e70a293f.sol#636-637) is not in mixedCase
Parameter '_data' of ERC721BasicToken.safeTransferFrom (/unique_chucks/32/0xdb52de58841cabf0d06ade89b6da4761e70a293f.sol#637-638) is not in mixedCase
Parameter '_spender' of ERC721BasicToken.isApprovedOrOwner (/unique_chucks/32/0xdb52de58841cabf0d06ade89b6da4761e70a293f.sol#660) is not in mixedCase
Parameter '_tokenId' of ERC721BasicToken.isApprovedOrOwner (/unique_chucks/32/0xdb52de58841cabf0d06ade89b6da4761e70a293f.sol#660) is not in mixedCase
Function 'ERC721BasicToken._mint' (/unique_chucks/32/0xdb52de58841cabf0d06ade89b6da4761e70a293f.sol#679-683) is not in mixedCase
Parameter '_to' of ERC721BasicToken._mint (/unique_chucks/32/0xdb52de58841cabf0d06ade89b6da4761e70a293f.sol#679) is not in mixedCase
Parameter '_tokenId' of ERC721BasicToken._mint (/unique_chucks/32/0xdb52de58841cabf0d06ade89b6da4761e70a293f.sol#679-680) is not in mixedCase
Function 'ERC721BasicToken._burn' (/unique_chucks/32/0xdb52de58841cabf0d06ade89b6da4761e70a293f.sol#691-693) is not in mixedCase
Parameter '_owner' of ERC721BasicToken._burn (/unique_chucks/32/0xdb52de58841cabf0d06ade89b6da4761e70a293f.sol#691) is not in mixedCase
Parameter '_tokenId' of ERC721BasicToken._burn (/unique_chucks/32/0xdb52de58841cabf0d06ade89b6da4761e70a293f.sol#691) is not in mixedCase
Parameter '_owner' of ERC721BasicToken.clearApproval (/unique_chucks/32/0xdb52de58841cabf0d06ade89b6da4761e70a293f.sol#702) is not in mixedCase
Parameter '_tokenId' of ERC721BasicToken.clearApproval (/unique_chucks/32/0xdb52de58841cabf0d06ade89b6da4761e70a293f.sol#702) is not in mixedCase
Parameter '_to' of ERC721BasicToken.addTokenTo (/unique_chucks/32/0xdb52de58841cabf0d06ade89b6da4761e70a293f.sol#713) is not in mixedCase
Parameter '_tokenId' of ERC721BasicToken.addTokenTo (/unique_chucks/32/0xdb52de58841cabf0d06ade89b6da4761e70a293f.sol#713) is not in mixedCase
Parameter '_from' of ERC721BasicToken.removeTokenFrom (/unique_chucks/32/0xdb52de58841cabf0d06ade89b6da4761e70a293f.sol#721) is not in mixedCase
Parameter '_tokenId' of ERC721BasicToken.removeTokenFrom (/unique_chucks/32/0xdb52de58841cabf0d06ade89b6da4761e70a293f.sol#721-722) is not in mixedCase
Parameter '_from' of ERC721BasicToken.checkAndCallSafeTransfer (/unique_chucks/32/0xdb52de58841cabf0d06ade89b6da4761e70a293f.sol#747) is not in mixedCase
Parameter '_to' of ERC721BasicToken.checkAndCallSafeTransfer (/unique_chucks/32/0xdb52de58841cabf0d06ade89b6da4761e70a293f.sol#747-749) is not in mixedCase
Parameter '_tokenId' of ERC721BasicToken.checkAndCallSafeTransfer (/unique_chucks/32/0xdb52de58841cabf0d06ade89b6da4761e70a293f.sol#749-750) is not in mixedCase
Parameter '_data' of ERC721BasicToken.checkAndCallSafeTransfer (/unique_chucks/32/0xdb52de58841cabf0d06ade89b6da4761e70a293f.sol#750) is not in mixedCase
Constant 'ERC721BasicToken.InterfaceId_ERC721' (/unique_chucks/32/0xdb52de58841cabf0d06ade89b6da4761e70a293f.sol#409-410) is not in UPPER_CASE_WITH_UNDERSCORES
Constant 'ERC721BasicToken.InterfaceId_ERC721Exists' (/unique_chucks/32/0xdb52de58841cabf0d06ade89b6da4761e70a293f.sol#426-429) is not in UPPER_CASE_WITH_UNDERSCORES
Function 'ERC721Token._mint' (/unique_chucks/32/0xdb52de58841cabf0d06ade89b6da4761e70a293f.sol#941-950) is not in mixedCase
Parameter '_to' of ERC721Token._mint (/unique_chucks/32/0xdb52de58841cabf0d06ade89b6da4761e70a293f.sol#942) is not in mixedCase
Parameter '_tokenId' of ERC721Token._mint (/unique_chucks/32/0xdb52de58841cabf0d06ade89b6da4761e70a293f.sol#942) is not in mixedCase
Function 'ERC721Token._burn' (/unique_chucks/32/0xdb52de58841cabf0d06ade89b6da4761e70a293f.sol#956-972) is not in mixedCase
Parameter '_owner' of ERC721Token._burn (/unique_chucks/32/0xdb52de58841cabf0d06ade89b6da4761e70a293f.sol#956) is not in mixedCase
Parameter '_tokenId' of ERC721Token._burn (/unique_chucks/32/0xdb52de58841cabf0d06ade89b6da4761e70a293f.sol#956-959) is not in mixedCase
Parameter '_to' of ERC721Token.addTokenTo (/unique_chucks/32/0xdb52de58841cabf0d06ade89b6da4761e70a293f.sol#896) is not in mixedCase
Parameter '_tokenId' of ERC721Token.addTokenTo (/unique_chucks/32/0xdb52de58841cabf0d06ade89b6da4761e70a293f.sol#896) is not in mixedCase
Parameter '_from' of ERC721Token.removeTokenFrom (/unique_chucks/32/0xdb52de58841cabf0d06ade89b6da4761e70a293f.sol#907) is not in mixedCase
Parameter '_tokenId' of ERC721Token.removeTokenFrom (/unique_chucks/32/0xdb52de58841cabf0d06ade89b6da4761e70a293f.sol#907-908) is not in mixedCase
Parameter '_owner' of ERC721Token.tokenOfOwnerByIndex (/unique_chucks/32/0xdb52de58841cabf0d06ade89b6da4761e70a293f.sol#856) is not in mixedCase
Parameter '_index' of ERC721Token.tokenOfOwnerByIndex (/unique_chucks/32/0xdb52de58841cabf0d06ade89b6da4761e70a293f.sol#856-858) is not in mixedCase
Parameter '_index' of ERC721Token.tokenByIndex (/unique_chucks/32/0xdb52de58841cabf0d06ade89b6da4761e70a293f.sol#877) is not in mixedCase
Parameter '_tokenId' of ERC721Token.tokenURI (/unique_chucks/32/0xdb52de58841cabf0d06ade89b6da4761e70a293f.sol#844) is not in mixedCase
Parameter '_name' of ERC721Token. (/unique_chucks/32/0xdb52de58841cabf0d06ade89b6da4761e70a293f.sol#816-817) is not in mixedCase
Parameter '_symbol' of ERC721Token. (/unique_chucks/32/0xdb52de58841cabf0d06ade89b6da4761e70a293f.sol#817) is not in mixedCase
Function 'ERC721Token._setTokenURI' (/unique_chucks/32/0xdb52de58841cabf0d06ade89b6da4761e70a293f.sol#885-888) is not in mixedCase
Parameter '_tokenId' of ERC721Token._setTokenURI (/unique_chucks/32/0xdb52de58841cabf0d06ade89b6da4761e70a293f.sol#885-887) is not in mixedCase
Parameter '_uri' of ERC721Token._setTokenURI (/unique_chucks/32/0xdb52de58841cabf0d06ade89b6da4761e70a293f.sol#887) is not in mixedCase
Constant 'ERC721Token.InterfaceId_ERC721Enumerable' (/unique_chucks/32/0xdb52de58841cabf0d06ade89b6da4761e70a293f.sol#772-773) is not in UPPER_CASE_WITH_UNDERSCORES
Constant 'ERC721Token.InterfaceId_ERC721Metadata' (/unique_chucks/32/0xdb52de58841cabf0d06ade89b6da4761e70a293f.sol#781-782) is not in UPPER_CASE_WITH_UNDERSCORES
Contract 'dAppCaps' (/unique_chucks/32/0xdb52de58841cabf0d06ade89b6da4761e70a293f.sol#972-1081) is not in CapWords
Parameter '_type' of dAppCaps.buyToken (/unique_chucks/32/0xdb52de58841cabf0d06ade89b6da4761e70a293f.sol#1018) is not in mixedCase
Parameter '_title' of dAppCaps.buyToken (/unique_chucks/32/0xdb52de58841cabf0d06ade89b6da4761e70a293f.sol#1018-1022) is not in mixedCase
Parameter '_description' of dAppCaps.buyToken (/unique_chucks/32/0xdb52de58841cabf0d06ade89b6da4761e70a293f.sol#1022) is not in mixedCase
Parameter '_specialQuality' of dAppCaps.buyToken (/unique_chucks/32/0xdb52de58841cabf0d06ade89b6da4761e70a293f.sol#1022) is not in mixedCase
Parameter '_originalImageUrl' of dAppCaps.buyToken (/unique_chucks/32/0xdb52de58841cabf0d06ade89b6da4761e70a293f.sol#1023) is not in mixedCase
Parameter '_iptcKeyword' of dAppCaps.buyToken (/unique_chucks/32/0xdb52de58841cabf0d06ade89b6da4761e70a293f.sol#1023-1025) is not in mixedCase
Parameter '_imageDescription' of dAppCaps.buyToken (/unique_chucks/32/0xdb52de58841cabf0d06ade89b6da4761e70a293f.sol#1025-1027) is not in mixedCase
Parameter '_tokenClass' of dAppCaps.buyToken (/unique_chucks/32/0xdb52de58841cabf0d06ade89b6da4761e70a293f.sol#1027-1029) is not in mixedCase
Parameter '_tokenId' of dAppCaps.viewTokenMeta (/unique_chucks/32/0xdb52de58841cabf0d06ade89b6da4761e70a293f.sol#1075-1077) is not in mixedCase
Constant 'dAppCaps.company' (/unique_chucks/32/0xdb52de58841cabf0d06ade89b6da4761e70a293f.sol#979-980) is not in UPPER_CASE_WITH_UNDERSCORES
Constant 'dAppCaps.contact' (/unique_chucks/32/0xdb52de58841cabf0d06ade89b6da4761e70a293f.sol#980-983) is not in UPPER_CASE_WITH_UNDERSCORES
Constant 'dAppCaps.author' (/unique_chucks/32/0xdb52de58841cabf0d06ade89b6da4761e70a293f.sol#983) is not in UPPER_CASE_WITH_UNDERSCORES
Reference: https://github.com/trailofbits/slither/wiki/Detectors-Documentation#conformance-to-solidity-naming-conventions[0m
INFO:Slither:/unique_chucks/32/0xdb52de58841cabf0d06ade89b6da4761e70a293f.sol analyzed (15 contracts), 107 result(s) found