INFO:Slither:Compilation warnings/errors on /unique_chucks/18/0x53c3c2eae35cbd790c3a90d8f1b2878ba523f01b.sol:
/unique_chucks/18/0x53c3c2eae35cbd790c3a90d8f1b2878ba523f01b.sol:42:1: Warning: Source file does not specify required compiler version!Consider adding "pragma solidity ^0.4.25;"
contract GreenEthereusPromo {
^ (Relevant source part starts here and spans across multiple lines).
/unique_chucks/18/0x53c3c2eae35cbd790c3a90d8f1b2878ba523f01b.sol:75:13: Warning: Failure condition of 'send' ignored. Consider using 'transfer' instead.
            _addresses[i].send(777);
            ^---------------------^

INFO:Detectors:[92m
GreenEthereusPromo.massSending has external calls inside a loop:
	- _addresses[i].send(777) (/unique_chucks/18/0x53c3c2eae35cbd790c3a90d8f1b2878ba523f01b.sol#84-85)
Reference: https://github.com/trailofbits/slither/wiki/Detectors-Documentation/_edit#calls-inside-a-loop[0m
INFO:Detectors:[92m
GreenEthereusPromo.fallback (/unique_chucks/18/0x53c3c2eae35cbd790c3a90d8f1b2878ba523f01b.sol#67-69) should be declared external
GreenEthereusPromo.transferOwnership (/unique_chucks/18/0x53c3c2eae35cbd790c3a90d8f1b2878ba523f01b.sol#73-75) should be declared external
GreenEthereusPromo.resetIndex (/unique_chucks/18/0x53c3c2eae35cbd790c3a90d8f1b2878ba523f01b.sol#75-77) should be declared external
GreenEthereusPromo.withdrawBalance (/unique_chucks/18/0x53c3c2eae35cbd790c3a90d8f1b2878ba523f01b.sol) should be declared external
Reference: https://github.com/trailofbits/slither/wiki/Detectors-Documentation#public-function-that-could-be-declared-as-external[0m
INFO:Detectors:[92m
Parameter '_new' of GreenEthereusPromo.transferOwnership (/unique_chucks/18/0x53c3c2eae35cbd790c3a90d8f1b2878ba523f01b.sol#74) is not in mixedCase
Parameter '_n' of GreenEthereusPromo.resetIndex (/unique_chucks/18/0x53c3c2eae35cbd790c3a90d8f1b2878ba523f01b.sol#76) is not in mixedCase
Parameter '_addresses' of GreenEthereusPromo.massSending (/unique_chucks/18/0x53c3c2eae35cbd790c3a90d8f1b2878ba523f01b.sol#78) is not in mixedCase
Reference: https://github.com/trailofbits/slither/wiki/Detectors-Documentation#conformance-to-solidity-naming-conventions[0m
INFO:Slither:/unique_chucks/18/0x53c3c2eae35cbd790c3a90d8f1b2878ba523f01b.sol analyzed (1 contracts), 8 result(s) found