2019-07-26 09:13:39,713: [12] m.main:INFO: Registered plugins: DetectDelegatecall, DetectReentrancySimple, DetectInvalid, DetectUnusedRetVal, DetectReentrancyAdvanced, DetectUninitializedStorage, DetectIntegerOverflow, DetectSuicidal, DetectExternalCallAndLeak, DetectEnvInstruction, DetectUninitializedMemory
2019-07-26 09:13:39,714: [12] m.main:INFO: Beginning analysis
2019-07-26 09:13:39,784: [12] m.e.manticore:INFO: Starting symbolic create contract
2019-07-26 09:13:39,849: [12] m.e.manticore:ERROR: Errors : Invalid solc compilation unique_chucks/6/0x04ee4f8f199a767e66248207eb8687d840b9fec9.sol:1:1: Error: Source file requires different compiler version (current compiler is 0.4.25+commit.59dbf8f1.Linux.g++ - note that nightly builds are considered to be strictly less than the released version
pragma solidity 0.4.19;
^---------------------^
unique_chucks/6/0x04ee4f8f199a767e66248207eb8687d840b9fec9.sol:89:3: Warning: Defining constructors as functions with the same name as the contract is deprecated. Use "constructor(...) { ... }" instead.
  function PrivateSale(address _wallet) public {
  ^ (Relevant source part starts here and spans across multiple lines).

. Solidity failed to generate bytecode for your contract. Check if all the abstract functions are implemented. 
2019-07-26 09:13:40,549: [54] m.c.manticore:INFO: Generated testcase No. 0 - NO STATE RESULT (?)(0 txs)
2019-07-26 09:13:41,853: [12] m.c.manticore:INFO: Results in /mcore_s3ksyubd
2019-07-26 09:13:43,822: [313] m.main:INFO: Registered plugins: DetectReentrancySimple, DetectInvalid, DetectUnusedRetVal, DetectEnvInstruction, DetectReentrancyAdvanced, DetectUninitializedStorage, DetectSuicidal, DetectExternalCallAndLeak, DetectUninitializedMemory, DetectDelegatecall, DetectIntegerOverflow
2019-07-26 09:13:43,823: [313] m.main:INFO: Beginning analysis
2019-07-26 09:13:43,932: [313] m.e.manticore:INFO: Starting symbolic create contract
2019-07-26 09:13:43,983: [313] m.e.manticore:ERROR: Errors : Invalid solc compilation unique_chucks/6/0x04ee4f8f199a767e66248207eb8687d840b9fec9.sol:1:1: Error: Source file requires different compiler version (current compiler is 0.4.25+commit.59dbf8f1.Linux.g++ - note that nightly builds are considered to be strictly less than the released version
pragma solidity 0.4.19;
^---------------------^
unique_chucks/6/0x04ee4f8f199a767e66248207eb8687d840b9fec9.sol:89:3: Warning: Defining constructors as functions with the same name as the contract is deprecated. Use "constructor(...) { ... }" instead.
  function PrivateSale(address _wallet) public {
  ^ (Relevant source part starts here and spans across multiple lines).

. Solidity failed to generate bytecode for your contract. Check if all the abstract functions are implemented. 
2019-07-26 09:13:44,259: [355] m.c.manticore:INFO: Generated testcase No. 0 - NO STATE RESULT (?)(0 txs)
2019-07-26 09:13:45,655: [313] m.c.manticore:INFO: Results in /mcore_9mgbxfpo