INFO:Slither:Compilation warnings/errors on /unique_chucks/28/0x82d4fae5b529fd52e464bcf7d5d737d0fd313f37.sol:
/unique_chucks/28/0x82d4fae5b529fd52e464bcf7d5d737d0fd313f37.sol:12:5: Warning: Defining constructors as functions with the same name as the contract is deprecated. Use "constructor(...) { ... }" instead.
    function Send69Wei() public {
    ^ (Relevant source part starts here and spans across multiple lines).
/unique_chucks/28/0x82d4fae5b529fd52e464bcf7d5d737d0fd313f37.sol:25:34: Warning: This function only accepts a single "bytes" argument. Please use "abi.encodePacked(...)" or a similar function to encode the data.
            uint256 id = uint256(keccak256(seed+seed1+seed2)) % maxval;
                                 ^-------------------------^
/unique_chucks/28/0x82d4fae5b529fd52e464bcf7d5d737d0fd313f37.sol:25:34: Warning: The provided argument of type uint256 is not implicitly convertible to expected type bytes memory.
            uint256 id = uint256(keccak256(seed+seed1+seed2)) % maxval;
                                 ^-------------------------^
/unique_chucks/28/0x82d4fae5b529fd52e464bcf7d5d737d0fd313f37.sol:22:36: Warning: "block.blockhash()" has been deprecated in favor of "blockhash()"
            uint256 seed = uint256(block.blockhash(block.number - 1));
                                   ^-------------^

INFO:Detectors:[91m
Send69Wei.fallback (/unique_chucks/28/0x82d4fae5b529fd52e464bcf7d5d737d0fd313f37.sol#16-37) sends eth to arbitrary user
	Dangerous calls:
	- who.transfer(HowMuchWei) (/unique_chucks/28/0x82d4fae5b529fd52e464bcf7d5d737d0fd313f37.sol#29)
Reference: https://github.com/trailofbits/slither/wiki/Detectors-Documentation#functions-that-send-ether-to-arbitrary-destinations[0m
INFO:Detectors:[92m
Deprecated standard detected @ /unique_chucks/28/0x82d4fae5b529fd52e464bcf7d5d737d0fd313f37.sol#22-23:
	- Usage of "block.blockhash()" should be replaced with "blockhash()"
Reference: https://github.com/trailofbits/slither/wiki/Detectors-Documentation#deprecated-standards[0m
INFO:Detectors:[92m
Send69Wei.fallback (/unique_chucks/28/0x82d4fae5b529fd52e464bcf7d5d737d0fd313f37.sol#16-37) should be declared external
Reference: https://github.com/trailofbits/slither/wiki/Detectors-Documentation#public-function-that-could-be-declared-as-external[0m
INFO:Detectors:[92m
Detected issues with version pragma in /unique_chucks/28/0x82d4fae5b529fd52e464bcf7d5d737d0fd313f37.sol:
	- pragma solidity^0.4.21 (/unique_chucks/28/0x82d4fae5b529fd52e464bcf7d5d737d0fd313f37.sol#1): it allows old versions
Reference: https://github.com/trailofbits/slither/wiki/Detectors-Documentation#incorrect-version-of-solidity[0m
INFO:Detectors:[92m
Function 'Send69Wei.Send69Wei' (/unique_chucks/28/0x82d4fae5b529fd52e464bcf7d5d737d0fd313f37.sol#12-16) is not in mixedCase
Constant 'Send69Wei.HowMuchWei' (/unique_chucks/28/0x82d4fae5b529fd52e464bcf7d5d737d0fd313f37.sol#8-9) is not in UPPER_CASE_WITH_UNDERSCORES
Reference: https://github.com/trailofbits/slither/wiki/Detectors-Documentation#conformance-to-solidity-naming-conventions[0m
INFO:Slither:/unique_chucks/28/0x82d4fae5b529fd52e464bcf7d5d737d0fd313f37.sol analyzed (1 contracts), 6 result(s) found