INFO:Slither:Compilation warnings/errors on /unique_chucks/16/0xe5907b3b590440b1dc8242c7923f0bf09cf281ca.sol:
/unique_chucks/16/0xe5907b3b590440b1dc8242c7923f0bf09cf281ca.sol:26:5: Warning: Defining constructors as functions with the same name as the contract is deprecated. Use "constructor(...) { ... }" instead.
    function Gentingchain(
    ^ (Relevant source part starts here and spans across multiple lines).
/unique_chucks/16/0xe5907b3b590440b1dc8242c7923f0bf09cf281ca.sol:2:28: Warning: Functions in interfaces should be declared external.
interface tokenRecipient { function receiveApproval(address _from, uint256 _value, address _token, bytes _extraData) public; }
                           ^-----------------------------------------------------------------------------------------------^
/unique_chucks/16/0xe5907b3b590440b1dc8242c7923f0bf09cf281ca.sol:53:9: Warning: Invoking events without "emit" prefix is deprecated.
        Transfer(_from, _to, _value);
        ^--------------------------^
/unique_chucks/16/0xe5907b3b590440b1dc8242c7923f0bf09cf281ca.sol:130:9: Warning: Invoking events without "emit" prefix is deprecated.
        Burn(msg.sender, _value);
        ^----------------------^
/unique_chucks/16/0xe5907b3b590440b1dc8242c7923f0bf09cf281ca.sol:148:9: Warning: Invoking events without "emit" prefix is deprecated.
        Burn(_from, _value);
        ^-----------------^

INFO:Detectors:[93m
Gentingchain (/unique_chucks/16/0xe5907b3b590440b1dc8242c7923f0bf09cf281ca.sol#3-151) has incorrect ERC20 function interface(s):
	-transfer (/unique_chucks/16/0xe5907b3b590440b1dc8242c7923f0bf09cf281ca.sol#67-73)
Reference: https://github.com/trailofbits/slither/wiki/Detectors-Documentation#incorrect-erc20-interface[0m
INFO:Detectors:[92m
Gentingchain.decimals should be constant (/unique_chucks/16/0xe5907b3b590440b1dc8242c7923f0bf09cf281ca.sol#7-8)
Reference: https://github.com/trailofbits/slither/wiki/Detectors-Documentation#state-variables-that-could-be-declared-constant[0m
INFO:Detectors:[92m
tokenRecipient.receiveApproval (/unique_chucks/16/0xe5907b3b590440b1dc8242c7923f0bf09cf281ca.sol#2) should be declared external
Gentingchain.transfer (/unique_chucks/16/0xe5907b3b590440b1dc8242c7923f0bf09cf281ca.sol#67-73) should be declared external
Gentingchain.transferFrom (/unique_chucks/16/0xe5907b3b590440b1dc8242c7923f0bf09cf281ca.sol#79-89) should be declared external
Gentingchain.approveAndCall (/unique_chucks/16/0xe5907b3b590440b1dc8242c7923f0bf09cf281ca.sol#111-124) should be declared external
Gentingchain.burn (/unique_chucks/16/0xe5907b3b590440b1dc8242c7923f0bf09cf281ca.sol#127-137) should be declared external
Gentingchain.burnFrom (/unique_chucks/16/0xe5907b3b590440b1dc8242c7923f0bf09cf281ca.sol#143-151) should be declared external
Reference: https://github.com/trailofbits/slither/wiki/Detectors-Documentation#public-function-that-could-be-declared-as-external[0m
INFO:Detectors:[92m
Detected issues with version pragma in /unique_chucks/16/0xe5907b3b590440b1dc8242c7923f0bf09cf281ca.sol:
	- pragma solidity^0.4.16 (/unique_chucks/16/0xe5907b3b590440b1dc8242c7923f0bf09cf281ca.sol#1): it allows old versions
Reference: https://github.com/trailofbits/slither/wiki/Detectors-Documentation#incorrect-version-of-solidity[0m
INFO:Detectors:[92m
Contract 'tokenRecipient' (/unique_chucks/16/0xe5907b3b590440b1dc8242c7923f0bf09cf281ca.sol#2-3) is not in CapWords
Function 'Gentingchain.Gentingchain' (/unique_chucks/16/0xe5907b3b590440b1dc8242c7923f0bf09cf281ca.sol#27-38) is not in mixedCase
Function 'Gentingchain._transfer' (/unique_chucks/16/0xe5907b3b590440b1dc8242c7923f0bf09cf281ca.sol#40-61) is not in mixedCase
Parameter '_from' of Gentingchain._transfer (/unique_chucks/16/0xe5907b3b590440b1dc8242c7923f0bf09cf281ca.sol#40-41) is not in mixedCase
Parameter '_to' of Gentingchain._transfer (/unique_chucks/16/0xe5907b3b590440b1dc8242c7923f0bf09cf281ca.sol#41) is not in mixedCase
Parameter '_value' of Gentingchain._transfer (/unique_chucks/16/0xe5907b3b590440b1dc8242c7923f0bf09cf281ca.sol#41) is not in mixedCase
Parameter '_to' of Gentingchain.transfer (/unique_chucks/16/0xe5907b3b590440b1dc8242c7923f0bf09cf281ca.sol#67) is not in mixedCase
Parameter '_value' of Gentingchain.transfer (/unique_chucks/16/0xe5907b3b590440b1dc8242c7923f0bf09cf281ca.sol#67-70) is not in mixedCase
Parameter '_from' of Gentingchain.transferFrom (/unique_chucks/16/0xe5907b3b590440b1dc8242c7923f0bf09cf281ca.sol#80) is not in mixedCase
Parameter '_to' of Gentingchain.transferFrom (/unique_chucks/16/0xe5907b3b590440b1dc8242c7923f0bf09cf281ca.sol#80) is not in mixedCase
Parameter '_value' of Gentingchain.transferFrom (/unique_chucks/16/0xe5907b3b590440b1dc8242c7923f0bf09cf281ca.sol#80) is not in mixedCase
Parameter '_spender' of Gentingchain.approve (/unique_chucks/16/0xe5907b3b590440b1dc8242c7923f0bf09cf281ca.sol#96) is not in mixedCase
Parameter '_value' of Gentingchain.approve (/unique_chucks/16/0xe5907b3b590440b1dc8242c7923f0bf09cf281ca.sol#96-97) is not in mixedCase
Parameter '_spender' of Gentingchain.approveAndCall (/unique_chucks/16/0xe5907b3b590440b1dc8242c7923f0bf09cf281ca.sol#112) is not in mixedCase
Parameter '_value' of Gentingchain.approveAndCall (/unique_chucks/16/0xe5907b3b590440b1dc8242c7923f0bf09cf281ca.sol#112) is not in mixedCase
Parameter '_extraData' of Gentingchain.approveAndCall (/unique_chucks/16/0xe5907b3b590440b1dc8242c7923f0bf09cf281ca.sol#112) is not in mixedCase
Parameter '_value' of Gentingchain.burn (/unique_chucks/16/0xe5907b3b590440b1dc8242c7923f0bf09cf281ca.sol#127-128) is not in mixedCase
Parameter '_from' of Gentingchain.burnFrom (/unique_chucks/16/0xe5907b3b590440b1dc8242c7923f0bf09cf281ca.sol#143) is not in mixedCase
Parameter '_value' of Gentingchain.burnFrom (/unique_chucks/16/0xe5907b3b590440b1dc8242c7923f0bf09cf281ca.sol#143-144) is not in mixedCase
Reference: https://github.com/trailofbits/slither/wiki/Detectors-Documentation#conformance-to-solidity-naming-conventions[0m
INFO:Slither:/unique_chucks/16/0xe5907b3b590440b1dc8242c7923f0bf09cf281ca.sol analyzed (2 contracts), 28 result(s) found