2019-07-24 19:13:18,518: [12] m.main:INFO: Registered plugins: DetectInvalid, DetectUnusedRetVal, DetectReentrancySimple, DetectExternalCallAndLeak, DetectSuicidal, DetectUninitializedStorage, DetectEnvInstruction, DetectReentrancyAdvanced, DetectDelegatecall, DetectIntegerOverflow, DetectUninitializedMemory
2019-07-24 19:13:18,518: [12] m.main:INFO: Beginning analysis
2019-07-24 19:13:18,529: [12] m.e.manticore:INFO: Starting symbolic create contract
2019-07-24 19:13:20,276: [12] m.e.manticore:INFO: Starting symbolic transaction: 0
2019-07-24 19:15:38,000: [329] m.e.detectors:WARNING: Unsigned integer overflow at MUL instruction
2019-07-24 19:15:38,320: [12] m.e.manticore:INFO: 5 alive states, 10 terminated states
2019-07-24 19:15:41,334: [12] m.e.manticore:INFO: Starting symbolic transaction: 1
2019-07-24 19:19:52,383: [1664] m.e.detectors:WARNING: Unsigned integer overflow at MUL instruction
2019-07-24 19:20:26,869: [1669] m.e.detectors:WARNING: Unsigned integer overflow at MUL instruction
2019-07-24 19:21:14,416: [1672] m.e.detectors:WARNING: Unsigned integer overflow at MUL instruction
2019-07-24 19:21:46,858: [1675] m.e.detectors:WARNING: Unsigned integer overflow at MUL instruction
2019-07-24 19:22:38,612: [12] m.e.manticore:INFO: 25 alive states, 60 terminated states
2019-07-24 19:22:42,512: [7547] m.c.manticore:INFO: Generated testcase No. 1 - RETURN(3 txs)
2019-07-24 19:22:42,519: [7539] m.c.manticore:INFO: Generated testcase No. 0 - RETURN(3 txs)
2019-07-24 19:22:42,570: [7552] m.c.manticore:INFO: Generated testcase No. 2 - RETURN(3 txs)
2019-07-24 19:22:42,612: [7542] m.c.manticore:INFO: Generated testcase No. 3 - RETURN(3 txs)
2019-07-24 19:22:42,666: [7544] m.c.manticore:INFO: Generated testcase No. 4 - RETURN(3 txs)
2019-07-24 19:22:42,694: [7540] m.c.manticore:INFO: Generated testcase No. 5 - RETURN(3 txs)
2019-07-24 19:22:42,715: [7549] m.c.manticore:INFO: Generated testcase No. 7 - RETURN(3 txs)
2019-07-24 19:22:42,766: [7556] m.c.manticore:INFO: Generated testcase No. 6 - RETURN(3 txs)
2019-07-24 19:22:42,980: [7559] m.c.manticore:INFO: Generated testcase No. 8 - RETURN(3 txs)
2019-07-24 19:23:23,788: [7549] m.c.manticore:INFO: Generated testcase No. 9 - RETURN(3 txs)
2019-07-24 19:23:25,895: [7559] m.c.manticore:INFO: Generated testcase No. 10 - RETURN(3 txs)
2019-07-24 19:23:30,362: [7542] m.c.manticore:INFO: Generated testcase No. 11 - RETURN(3 txs)
2019-07-24 19:24:15,997: [7549] m.c.manticore:INFO: Generated testcase No. 12 - RETURN(3 txs)
2019-07-24 19:24:18,189: [7542] m.c.manticore:INFO: Generated testcase No. 13 - RETURN(3 txs)
2019-07-24 19:24:27,506: [7559] m.c.manticore:INFO: Generated testcase No. 14 - RETURN(3 txs)
2019-07-24 19:24:58,756: [7549] m.c.manticore:INFO: Generated testcase No. 15 - RETURN(3 txs)
2019-07-24 19:25:09,205: [7559] m.c.manticore:INFO: Generated testcase No. 16 - RETURN(3 txs)
2019-07-24 19:25:50,487: [7549] m.c.manticore:INFO: Generated testcase No. 17 - RETURN(3 txs)
2019-07-24 19:26:35,776: [7549] m.c.manticore:INFO: Generated testcase No. 18 - RETURN(3 txs)
Process Process-33:
Traceback (most recent call last):
  File "/usr/lib/python3.6/multiprocessing/process.py", line 258, in _bootstrap
    self.run()
  File "/usr/lib/python3.6/multiprocessing/process.py", line 93, in run
    self._target(*self._args, **self._kwargs)
  File "/usr/local/lib/python3.6/dist-packages/manticore/ethereum/manticore.py", line 1656, in worker_finalize
    finalizer(q.get_nowait())
  File "/usr/local/lib/python3.6/dist-packages/manticore/ethereum/manticore.py", line 1651, in finalizer
    self.generate_testcase(st, message=message)
  File "/usr/local/lib/python3.6/dist-packages/manticore/ethereum/manticore.py", line 1539, in generate_testcase
    is_something_symbolic = state.platform.dump(stream, state, self, message)
  File "/usr/local/lib/python3.6/dist-packages/manticore/platforms/evm.py", line 2972, in dump
    balance = state.solve_one(balance)
  File "/usr/local/lib/python3.6/dist-packages/manticore/core/state.py", line 320, in solve_one
    value = self._solver.get_value(self._constraints, expr)
  File "/usr/local/lib/python3.6/dist-packages/manticore/core/smtlib/solver.py", line 557, in get_value
    raise SolverError("Model is not available")
manticore.exceptions.SolverError: Model is not available
2019-07-24 19:27:18,065: [7549] m.c.manticore:INFO: Generated testcase No. 19 - RETURN(3 txs)
2019-07-24 19:27:53,279: [7544] m.c.manticore:INFO: Generated testcase No. 20 - RETURN(3 txs)
2019-07-24 19:28:02,897: [7549] m.c.manticore:INFO: Generated testcase No. 21 - RETURN(3 txs)
2019-07-24 19:28:10,494: [7539] m.c.manticore:INFO: Generated testcase No. 22 - RETURN(3 txs)
2019-07-24 19:28:18,969: [7552] m.c.manticore:INFO: Generated testcase No. 23 - RETURN(3 txs)
2019-07-24 19:28:38,520: [7549] m.c.manticore:INFO: Generated testcase No. 24 - RETURN(3 txs)
2019-07-24 19:28:41,782: [7539] m.c.manticore:INFO: Generated testcase No. 25 - RETURN(1 txs)
2019-07-24 19:28:57,804: [7539] m.c.manticore:INFO: Generated testcase No. 26 - REVERT(2 txs)
2019-07-24 19:29:00,512: [7552] m.c.manticore:INFO: Generated testcase No. 27 - REVERT(2 txs)
2019-07-24 19:29:09,973: [7549] m.c.manticore:INFO: Generated testcase No. 28 - REVERT(2 txs)
2019-07-24 19:29:19,174: [7539] m.c.manticore:INFO: Generated testcase No. 29 - REVERT(2 txs)
2019-07-24 19:29:22,969: [7552] m.c.manticore:INFO: Generated testcase No. 30 - REVERT(2 txs)
2019-07-24 19:29:25,766: [7542] m.c.manticore:INFO: Generated testcase No. 31 - REVERT(2 txs)
2019-07-24 19:29:31,111: [7549] m.c.manticore:INFO: Generated testcase No. 32 - REVERT(2 txs)
2019-07-24 19:29:38,791: [7539] m.c.manticore:INFO: Generated testcase No. 33 - REVERT(2 txs)
2019-07-24 19:29:41,301: [7552] m.c.manticore:INFO: Generated testcase No. 34 - REVERT(2 txs)
2019-07-24 19:29:45,205: [7542] m.c.manticore:INFO: Generated testcase No. 35 - RETURN(2 txs)
2019-07-24 19:29:53,678: [7549] m.c.manticore:INFO: Generated testcase No. 36 - RETURN(2 txs)
2019-07-24 19:30:04,182: [7539] m.c.manticore:INFO: Generated testcase No. 37 - RETURN(2 txs)
2019-07-24 19:30:17,788: [7542] m.c.manticore:INFO: Generated testcase No. 38 - RETURN(2 txs)
2019-07-24 19:30:20,104: [7549] m.c.manticore:INFO: Generated testcase No. 39 - RETURN(2 txs)
2019-07-24 19:30:22,769: [7559] m.c.manticore:INFO: Generated testcase No. 40 - REVERT(3 txs)
2019-07-24 19:30:47,089: [7542] m.c.manticore:INFO: Generated testcase No. 41 - REVERT(3 txs)
2019-07-24 19:30:52,971: [7549] m.c.manticore:INFO: Generated testcase No. 42 - REVERT(3 txs)
2019-07-24 19:31:24,587: [7549] m.c.manticore:INFO: Generated testcase No. 43 - REVERT(3 txs)
2019-07-24 19:31:25,966: [7542] m.c.manticore:INFO: Generated testcase No. 44 - REVERT(3 txs)
2019-07-24 19:31:59,006: [7542] m.c.manticore:INFO: Generated testcase No. 45 - REVERT(3 txs)
2019-07-24 19:32:06,770: [7549] m.c.manticore:INFO: Generated testcase No. 46 - REVERT(3 txs)
2019-07-24 19:32:12,956: [7544] m.c.manticore:INFO: Generated testcase No. 47 - REVERT(3 txs)
2019-07-24 19:32:47,404: [7547] m.c.manticore:INFO: Generated testcase No. 48 - REVERT(3 txs)
2019-07-24 19:32:52,796: [7544] m.c.manticore:INFO: Generated testcase No. 49 - REVERT(3 txs)
2019-07-24 19:33:16,981: [7547] m.c.manticore:INFO: Generated testcase No. 50 - REVERT(3 txs)
2019-07-24 19:33:22,285: [7539] m.c.manticore:INFO: Generated testcase No. 51 - REVERT(3 txs)
2019-07-24 19:33:24,591: [7544] m.c.manticore:INFO: Generated testcase No. 52 - REVERT(3 txs)
2019-07-24 19:33:57,271: [7547] m.c.manticore:INFO: Generated testcase No. 54 - REVERT(3 txs)
2019-07-24 19:33:57,298: [7539] m.c.manticore:INFO: Generated testcase No. 53 - REVERT(3 txs)
2019-07-24 19:34:02,359: [7544] m.c.manticore:INFO: Generated testcase No. 55 - REVERT(3 txs)
2019-07-24 19:34:20,808: [7559] m.c.manticore:INFO: Generated testcase No. 56 - REVERT(3 txs)
2019-07-24 19:34:23,788: [7547] m.c.manticore:INFO: Generated testcase No. 57 - REVERT(3 txs)
2019-07-24 19:34:26,296: [7539] m.c.manticore:INFO: Generated testcase No. 58 - REVERT(3 txs)
2019-07-24 19:34:36,791: [7544] m.c.manticore:INFO: Generated testcase No. 59 - REVERT(3 txs)
2019-07-24 19:34:54,594: [7547] m.c.manticore:INFO: Generated testcase No. 60 - REVERT(3 txs)
2019-07-24 19:34:59,770: [7539] m.c.manticore:INFO: Generated testcase No. 61 - REVERT(3 txs)
2019-07-24 19:35:03,715: [7559] m.c.manticore:INFO: Generated testcase No. 62 - REVERT(3 txs)
2019-07-24 19:35:27,861: [7547] m.c.manticore:INFO: Generated testcase No. 63 - REVERT(3 txs)
2019-07-24 19:35:38,566: [7552] m.c.manticore:INFO: Generated testcase No. 64 - REVERT(3 txs)
2019-07-24 19:35:41,933: [7539] m.c.manticore:INFO: Generated testcase No. 65 - REVERT(3 txs)
2019-07-24 19:35:43,463: [7559] m.c.manticore:INFO: Generated testcase No. 66 - REVERT(3 txs)
2019-07-24 19:35:55,394: [7547] m.c.manticore:INFO: Generated testcase No. 67 - REVERT(3 txs)
2019-07-24 19:35:57,305: [7542] m.c.manticore:INFO: Generated testcase No. 68 - REVERT(3 txs)
2019-07-24 19:36:03,275: [7552] m.c.manticore:INFO: Generated testcase No. 69 - REVERT(3 txs)
2019-07-24 19:36:07,856: [7549] m.c.manticore:INFO: Generated testcase No. 70 - REVERT(3 txs)
2019-07-24 19:36:08,106: [7539] m.c.manticore:INFO: Generated testcase No. 71 - REVERT(3 txs)
2019-07-24 19:36:16,890: [7559] m.c.manticore:INFO: Generated testcase No. 72 - REVERT(3 txs)
2019-07-24 19:36:22,306: [7547] m.c.manticore:INFO: Generated testcase No. 73 - REVERT(3 txs)
2019-07-24 19:36:28,095: [7542] m.c.manticore:INFO: Generated testcase No. 74 - REVERT(3 txs)
2019-07-24 19:36:32,780: [7552] m.c.manticore:INFO: Generated testcase No. 75 - REVERT(3 txs)
2019-07-24 19:36:40,785: [7549] m.c.manticore:INFO: Generated testcase No. 76 - REVERT(3 txs)
2019-07-24 19:36:57,176: [7547] m.c.manticore:INFO: Generated testcase No. 77 - REVERT(3 txs)
2019-07-24 19:37:10,688: [7552] m.c.manticore:INFO: Generated testcase No. 78 - REVERT(3 txs)
2019-07-24 19:37:22,066: [7549] m.c.manticore:INFO: Generated testcase No. 79 - REVERT(3 txs)
2019-07-24 19:37:41,079: [7547] m.c.manticore:INFO: Generated testcase No. 80 - REVERT(3 txs)
2019-07-24 19:38:06,101: [7552] m.c.manticore:INFO: Generated testcase No. 81 - REVERT(3 txs)
2019-07-24 19:38:35,887: [7544] m.c.manticore:INFO: Generated testcase No. 82 - REVERT(3 txs)
2019-07-24 19:40:06,458: [7556] m.c.manticore:INFO: Generated testcase No. 83 - REVERT(3 txs)
2019-07-24 19:40:46,184: [7539] m.c.manticore:INFO: Generated testcase No. 84 - REVERT(3 txs)