2019-07-24 15:41:49,169: [12] m.main:INFO: Registered plugins: DetectDelegatecall, DetectUnusedRetVal, DetectExternalCallAndLeak, DetectUninitializedMemory, DetectReentrancySimple, DetectSuicidal, DetectReentrancyAdvanced, DetectInvalid, DetectEnvInstruction, DetectUninitializedStorage, DetectIntegerOverflow
2019-07-24 15:41:49,169: [12] m.main:INFO: Beginning analysis
2019-07-24 15:41:49,178: [12] m.e.manticore:INFO: Starting symbolic create contract
2019-07-24 15:41:51,761: [12] m.e.manticore:INFO: Starting symbolic transaction: 0
2019-07-24 15:41:57,849: [12] m.e.manticore:INFO: 4 alive states, 6 terminated states
2019-07-24 15:41:58,990: [12] m.e.manticore:INFO: Starting symbolic transaction: 1
2019-07-24 15:42:28,000: [12] m.e.manticore:INFO: 16 alive states, 30 terminated states
2019-07-24 15:42:29,432: [4415] m.c.manticore:INFO: Generated testcase No. 3 - RETURN(3 txs)
2019-07-24 15:42:29,435: [4416] m.c.manticore:INFO: Generated testcase No. 1 - RETURN(3 txs)
2019-07-24 15:42:29,513: [4425] m.c.manticore:INFO: Generated testcase No. 2 - RETURN(3 txs)
2019-07-24 15:42:29,529: [4414] m.c.manticore:INFO: Generated testcase No. 0 - RETURN(3 txs)
2019-07-24 15:42:29,630: [4434] m.c.manticore:INFO: Generated testcase No. 5 - RETURN(3 txs)
2019-07-24 15:42:29,641: [4432] m.c.manticore:INFO: Generated testcase No. 6 - RETURN(3 txs)
2019-07-24 15:42:29,736: [4429] m.c.manticore:INFO: Generated testcase No. 7 - RETURN(3 txs)
2019-07-24 15:42:29,749: [4423] m.c.manticore:INFO: Generated testcase No. 4 - RETURN(3 txs)
2019-07-24 15:42:29,837: [4436] m.c.manticore:INFO: Generated testcase No. 8 - RETURN(3 txs)
2019-07-24 15:42:30,002: [4419] m.c.manticore:INFO: Generated testcase No. 9 - RETURN(3 txs)
2019-07-24 15:42:56,927: [4432] m.c.manticore:INFO: Generated testcase No. 10 - RETURN(3 txs)
2019-07-24 15:42:57,630: [4415] m.c.manticore:INFO: Generated testcase No. 11 - RETURN(3 txs)
2019-07-24 15:42:58,628: [4425] m.c.manticore:INFO: Generated testcase No. 12 - RETURN(3 txs)
2019-07-24 15:42:58,817: [4436] m.c.manticore:INFO: Generated testcase No. 13 - RETURN(3 txs)
2019-07-24 15:43:00,134: [4414] m.c.manticore:INFO: Generated testcase No. 14 - RETURN(3 txs)
2019-07-24 15:43:01,430: [4419] m.c.manticore:INFO: Generated testcase No. 15 - RETURN(3 txs)
2019-07-24 15:43:02,113: [4434] m.c.manticore:INFO: Generated testcase No. 16 - RETURN(1 txs)
2019-07-24 15:43:02,536: [4423] m.c.manticore:INFO: Generated testcase No. 17 - REVERT(2 txs)
2019-07-24 15:43:08,363: [4416] m.c.manticore:INFO: Generated testcase No. 18 - REVERT(2 txs)
2019-07-24 15:43:21,738: [4434] m.c.manticore:INFO: Generated testcase No. 19 - REVERT(2 txs)
2019-07-24 15:43:24,820: [4423] m.c.manticore:INFO: Generated testcase No. 20 - REVERT(2 txs)
2019-07-24 15:43:25,317: [4415] m.c.manticore:INFO: Generated testcase No. 21 - REVERT(2 txs)
2019-07-24 15:43:26,324: [4432] m.c.manticore:INFO: Generated testcase No. 22 - RETURN(2 txs)
2019-07-24 15:43:27,020: [4425] m.c.manticore:INFO: Generated testcase No. 23 - RETURN(2 txs)
2019-07-24 15:43:28,448: [4416] m.c.manticore:INFO: Generated testcase No. 24 - RETURN(2 txs)
2019-07-24 15:43:31,105: [4436] m.c.manticore:INFO: Generated testcase No. 25 - RETURN(2 txs)
2019-07-24 15:43:31,947: [4419] m.c.manticore:INFO: Generated testcase No. 26 - REVERT(3 txs)
2019-07-24 15:43:35,741: [4414] m.c.manticore:INFO: Generated testcase No. 27 - REVERT(3 txs)
2019-07-24 15:43:45,017: [4434] m.c.manticore:INFO: Generated testcase No. 28 - REVERT(3 txs)
2019-07-24 15:43:47,307: [4423] m.c.manticore:INFO: Generated testcase No. 29 - REVERT(3 txs)
2019-07-24 15:43:48,467: [4432] m.c.manticore:INFO: Generated testcase No. 30 - REVERT(3 txs)
2019-07-24 15:43:49,312: [4425] m.c.manticore:INFO: Generated testcase No. 31 - REVERT(3 txs)
2019-07-24 15:43:51,447: [4416] m.c.manticore:INFO: Generated testcase No. 32 - REVERT(3 txs)
2019-07-24 15:43:54,945: [4415] m.c.manticore:INFO: Generated testcase No. 33 - REVERT(3 txs)
2019-07-24 15:43:56,836: [4436] m.c.manticore:INFO: Generated testcase No. 34 - REVERT(3 txs)
2019-07-24 15:43:59,637: [4414] m.c.manticore:INFO: Generated testcase No. 35 - REVERT(3 txs)
2019-07-24 15:44:00,933: [4419] m.c.manticore:INFO: Generated testcase No. 36 - REVERT(3 txs)
2019-07-24 15:44:13,940: [4434] m.c.manticore:INFO: Generated testcase No. 37 - REVERT(3 txs)
2019-07-24 15:44:14,830: [4423] m.c.manticore:INFO: Generated testcase No. 38 - REVERT(3 txs)
2019-07-24 15:44:16,316: [4432] m.c.manticore:INFO: Generated testcase No. 39 - REVERT(3 txs)
2019-07-24 15:44:19,829: [4425] m.c.manticore:INFO: Generated testcase No. 40 - REVERT(3 txs)
2019-07-24 15:44:21,046: [4415] m.c.manticore:INFO: Generated testcase No. 41 - REVERT(3 txs)
2019-07-24 15:44:21,827: [4436] m.c.manticore:INFO: Generated testcase No. 42 - REVERT(3 txs)
2019-07-24 15:44:23,151: [4416] m.c.manticore:INFO: Generated testcase No. 43 - REVERT(3 txs)
2019-07-24 15:44:30,341: [4419] m.c.manticore:INFO: Generated testcase No. 44 - REVERT(3 txs)
2019-07-24 15:44:36,154: [4414] m.c.manticore:INFO: Generated testcase No. 45 - REVERT(3 txs)
2019-07-24 15:44:49,501: [12] m.c.manticore:INFO: Results in /mcore_pw_v9h3a
2019-07-24 15:44:52,082: [6243] m.main:INFO: Registered plugins: DetectReentrancySimple, DetectInvalid, DetectUnusedRetVal, DetectReentrancyAdvanced, DetectUninitializedStorage, DetectIntegerOverflow, DetectSuicidal, DetectExternalCallAndLeak, DetectEnvInstruction, DetectUninitializedMemory, DetectDelegatecall
2019-07-24 15:44:52,083: [6243] m.main:INFO: Beginning analysis
2019-07-24 15:44:52,094: [6243] m.e.manticore:INFO: Starting symbolic create contract
2019-07-24 15:44:52,654: [6288] m.c.manticore:INFO: Generated testcase No. 0 - NO STATE RESULT (?)(0 txs)
2019-07-24 15:44:53,077: [6243] m.c.manticore:INFO: Results in /mcore_wjg2aeo6
2019-07-24 15:44:53,996: [6546] m.main:INFO: Registered plugins: DetectUninitializedMemory, DetectReentrancyAdvanced, DetectExternalCallAndLeak, DetectDelegatecall, DetectIntegerOverflow, DetectReentrancySimple, DetectInvalid, DetectUnusedRetVal, DetectUninitializedStorage, DetectSuicidal, DetectEnvInstruction
2019-07-24 15:44:53,999: [6546] m.main:INFO: Beginning analysis
2019-07-24 15:44:54,076: [6546] m.e.manticore:INFO: Starting symbolic create contract
2019-07-24 15:44:54,495: [6590] m.c.manticore:INFO: Generated testcase No. 0 - NO STATE RESULT (?)(0 txs)
2019-07-24 15:44:54,985: [6546] m.c.manticore:INFO: Results in /mcore_v00jwde6
2019-07-24 15:44:55,854: [6849] m.main:INFO: Registered plugins: DetectUnusedRetVal, DetectReentrancyAdvanced, DetectInvalid, DetectSuicidal, DetectUninitializedStorage, DetectIntegerOverflow, DetectDelegatecall, DetectEnvInstruction, DetectReentrancySimple, DetectUninitializedMemory, DetectExternalCallAndLeak
2019-07-24 15:44:55,854: [6849] m.main:INFO: Beginning analysis
2019-07-24 15:44:55,866: [6849] m.e.manticore:INFO: Starting symbolic create contract
2019-07-24 15:45:19,158: [6849] m.e.manticore:INFO: Starting symbolic transaction: 0
2019-07-24 15:49:35,318: [7231] m.e.detectors:WARNING: Potentially reading uninitialized storage