INFO:Slither:Compilation warnings/errors on /unique_chucks/7/0x93d10944f7a81ed891f53a1f8e02f6a2e98122f3.sol:
/unique_chucks/7/0x93d10944f7a81ed891f53a1f8e02f6a2e98122f3.sol:7:3: Warning: Function state mutability can be restricted to pure
  function mul(uint256 a, uint256 b) internal constant returns (uint256) {
  ^ (Relevant source part starts here and spans across multiple lines).
/unique_chucks/7/0x93d10944f7a81ed891f53a1f8e02f6a2e98122f3.sol:12:3: Warning: Function state mutability can be restricted to pure
  function div(uint256 a, uint256 b) internal constant returns (uint256) {
  ^ (Relevant source part starts here and spans across multiple lines).
/unique_chucks/7/0x93d10944f7a81ed891f53a1f8e02f6a2e98122f3.sol:18:3: Warning: Function state mutability can be restricted to pure
  function sub(uint256 a, uint256 b) internal constant returns (uint256) {
  ^ (Relevant source part starts here and spans across multiple lines).
/unique_chucks/7/0x93d10944f7a81ed891f53a1f8e02f6a2e98122f3.sol:22:3: Warning: Function state mutability can be restricted to pure
  function add(uint256 a, uint256 b) internal constant returns (uint256) {
  ^ (Relevant source part starts here and spans across multiple lines).

INFO:Detectors:[92m
Ownable.transferOwnership (/unique_chucks/7/0x93d10944f7a81ed891f53a1f8e02f6a2e98122f3.sol#54-62) should be declared external
BasicToken.balanceOf (/unique_chucks/7/0x93d10944f7a81ed891f53a1f8e02f6a2e98122f3.sol#97-104) should be declared external
ERC20Basic.balanceOf (/unique_chucks/7/0x93d10944f7a81ed891f53a1f8e02f6a2e98122f3.sol#67-68) should be declared external
BasicToken.transfer (/unique_chucks/7/0x93d10944f7a81ed891f53a1f8e02f6a2e98122f3.sol#84-93) should be declared external
ERC20Basic.transfer (/unique_chucks/7/0x93d10944f7a81ed891f53a1f8e02f6a2e98122f3.sol#68-69) should be declared external
StandardToken.allowance (/unique_chucks/7/0x93d10944f7a81ed891f53a1f8e02f6a2e98122f3.sol#161-162) should be declared external
ERC20.allowance (/unique_chucks/7/0x93d10944f7a81ed891f53a1f8e02f6a2e98122f3.sol#106-107) should be declared external
ERC20.transferFrom (/unique_chucks/7/0x93d10944f7a81ed891f53a1f8e02f6a2e98122f3.sol#107-108) should be declared external
StandardToken.transferFrom (/unique_chucks/7/0x93d10944f7a81ed891f53a1f8e02f6a2e98122f3.sol#127-139) should be declared external
ERC20.approve (/unique_chucks/7/0x93d10944f7a81ed891f53a1f8e02f6a2e98122f3.sol#108-111) should be declared external
StandardToken.approve (/unique_chucks/7/0x93d10944f7a81ed891f53a1f8e02f6a2e98122f3.sol#148-153) should be declared external
StandardToken.increaseApproval (/unique_chucks/7/0x93d10944f7a81ed891f53a1f8e02f6a2e98122f3.sol#168-175) should be declared external
StandardToken.decreaseApproval (/unique_chucks/7/0x93d10944f7a81ed891f53a1f8e02f6a2e98122f3.sol#175-189) should be declared external
BurnableToken.burn (/unique_chucks/7/0x93d10944f7a81ed891f53a1f8e02f6a2e98122f3.sol#197-210) should be declared external
Reference: https://github.com/trailofbits/slither/wiki/Detectors-Documentation#public-function-that-could-be-declared-as-external[0m
INFO:Detectors:[92m
Parameter '_owner' of BasicToken.balanceOf (/unique_chucks/7/0x93d10944f7a81ed891f53a1f8e02f6a2e98122f3.sol#100-101) is not in mixedCase
Parameter '_to' of BasicToken.transfer (/unique_chucks/7/0x93d10944f7a81ed891f53a1f8e02f6a2e98122f3.sol#84-85) is not in mixedCase
Parameter '_value' of BasicToken.transfer (/unique_chucks/7/0x93d10944f7a81ed891f53a1f8e02f6a2e98122f3.sol#85) is not in mixedCase
Parameter '_owner' of StandardToken.allowance (/unique_chucks/7/0x93d10944f7a81ed891f53a1f8e02f6a2e98122f3.sol#161) is not in mixedCase
Parameter '_spender' of StandardToken.allowance (/unique_chucks/7/0x93d10944f7a81ed891f53a1f8e02f6a2e98122f3.sol#161) is not in mixedCase
Parameter '_from' of StandardToken.transferFrom (/unique_chucks/7/0x93d10944f7a81ed891f53a1f8e02f6a2e98122f3.sol#127) is not in mixedCase
Parameter '_to' of StandardToken.transferFrom (/unique_chucks/7/0x93d10944f7a81ed891f53a1f8e02f6a2e98122f3.sol#127) is not in mixedCase
Parameter '_value' of StandardToken.transferFrom (/unique_chucks/7/0x93d10944f7a81ed891f53a1f8e02f6a2e98122f3.sol#127-128) is not in mixedCase
Parameter '_spender' of StandardToken.approve (/unique_chucks/7/0x93d10944f7a81ed891f53a1f8e02f6a2e98122f3.sol#148-149) is not in mixedCase
Parameter '_value' of StandardToken.approve (/unique_chucks/7/0x93d10944f7a81ed891f53a1f8e02f6a2e98122f3.sol#149-151) is not in mixedCase
Parameter '_spender' of StandardToken.increaseApproval (/unique_chucks/7/0x93d10944f7a81ed891f53a1f8e02f6a2e98122f3.sol#169) is not in mixedCase
Parameter '_addedValue' of StandardToken.increaseApproval (/unique_chucks/7/0x93d10944f7a81ed891f53a1f8e02f6a2e98122f3.sol#169) is not in mixedCase
Parameter '_spender' of StandardToken.decreaseApproval (/unique_chucks/7/0x93d10944f7a81ed891f53a1f8e02f6a2e98122f3.sol#176) is not in mixedCase
Parameter '_subtractedValue' of StandardToken.decreaseApproval (/unique_chucks/7/0x93d10944f7a81ed891f53a1f8e02f6a2e98122f3.sol#176-177) is not in mixedCase
Parameter '_value' of BurnableToken.burn (/unique_chucks/7/0x93d10944f7a81ed891f53a1f8e02f6a2e98122f3.sol#198) is not in mixedCase
Constant 'DORACoin.initialSupply' (/unique_chucks/7/0x93d10944f7a81ed891f53a1f8e02f6a2e98122f3.sol#215-217) is not in UPPER_CASE_WITH_UNDERSCORES
Reference: https://github.com/trailofbits/slither/wiki/Detectors-Documentation#conformance-to-solidity-naming-conventions[0m
INFO:Slither:/unique_chucks/7/0x93d10944f7a81ed891f53a1f8e02f6a2e98122f3.sol analyzed (8 contracts), 30 result(s) found