INFO:Slither:Compilation warnings/errors on /unique_chucks/12/0x40847bfb149ddd6c32ba629651da0e7a693e6c9f.sol:
/unique_chucks/12/0x40847bfb149ddd6c32ba629651da0e7a693e6c9f.sol:289:5: Warning: Function state mutability can be restricted to pure
    function _stringToBytes32(string memory source) internal returns (bytes32 result) {
    ^ (Relevant source part starts here and spans across multiple lines).

INFO:Detectors:[93m
Reentrancy in ERC20Capped._checkedTransfer (/unique_chucks/12/0x40847bfb149ddd6c32ba629651da0e7a693e6c9f.sol#688-708):
	External calls:
	- require(bool)(addressMapper.isAddressSet(from)) (/unique_chucks/12/0x40847bfb149ddd6c32ba629651da0e7a693e6c9f.sol#700-702)
	State variables written after the call(s):
	- _balances (/unique_chucks/12/0x40847bfb149ddd6c32ba629651da0e7a693e6c9f.sol#702-706)
	- _balances (/unique_chucks/12/0x40847bfb149ddd6c32ba629651da0e7a693e6c9f.sol#706-707)
Reference: https://github.com/trailofbits/slither/wiki/Detectors-Documentation#reentrancy-vulnerabilities-1[0m
INFO:Detectors:[92m
ERC20Capped.constructor.cap (local variable @ /unique_chucks/12/0x40847bfb149ddd6c32ba629651da0e7a693e6c9f.sol#721) shadows:
	- ERC20Capped.cap (function @ /unique_chucks/12/0x40847bfb149ddd6c32ba629651da0e7a693e6c9f.sol)
ERC20Capped.constructor.name (local variable @ /unique_chucks/12/0x40847bfb149ddd6c32ba629651da0e7a693e6c9f.sol#721-722) shadows:
	- ERC20Capped.name (function @ /unique_chucks/12/0x40847bfb149ddd6c32ba629651da0e7a693e6c9f.sol)
ERC20Capped.constructor.symbol (local variable @ /unique_chucks/12/0x40847bfb149ddd6c32ba629651da0e7a693e6c9f.sol#722) shadows:
	- ERC20Capped.symbol (function @ /unique_chucks/12/0x40847bfb149ddd6c32ba629651da0e7a693e6c9f.sol)
ERC20Capped.constructor.decimals (local variable @ /unique_chucks/12/0x40847bfb149ddd6c32ba629651da0e7a693e6c9f.sol#722-726) shadows:
	- ERC20Capped.decimals (function @ /unique_chucks/12/0x40847bfb149ddd6c32ba629651da0e7a693e6c9f.sol)
Reference: https://github.com/trailofbits/slither/wiki/Detectors-Documentation#local-variable-shadowing[0m
INFO:Detectors:[92m
AddressMapper._stringToBytes32 uses assembly (/unique_chucks/12/0x40847bfb149ddd6c32ba629651da0e7a693e6c9f.sol#297-307)
	- /unique_chucks/12/0x40847bfb149ddd6c32ba629651da0e7a693e6c9f.sol#307
AddressMapper.external_call uses assembly (/unique_chucks/12/0x40847bfb149ddd6c32ba629651da0e7a693e6c9f.sol#311-336)
	- /unique_chucks/12/0x40847bfb149ddd6c32ba629651da0e7a693e6c9f.sol#313-335
Reference: https://github.com/trailofbits/slither/wiki/Detectors-Documentation#assembly-usage[0m
INFO:Detectors:[92m
MasterRole.addMaster (/unique_chucks/12/0x40847bfb149ddd6c32ba629651da0e7a693e6c9f.sol#68-72) should be declared external
MasterRole.renounceMaster (/unique_chucks/12/0x40847bfb149ddd6c32ba629651da0e7a693e6c9f.sol#74-76) should be declared external
MinterRole.addMinter (/unique_chucks/12/0x40847bfb149ddd6c32ba629651da0e7a693e6c9f.sol#111-115) should be declared external
MinterRole.renounceMinter (/unique_chucks/12/0x40847bfb149ddd6c32ba629651da0e7a693e6c9f.sol#115-118) should be declared external
AddressMapper.fallback (/unique_chucks/12/0x40847bfb149ddd6c32ba629651da0e7a693e6c9f.sol#250-258) should be declared external
AddressMapper.isAddressSet (/unique_chucks/12/0x40847bfb149ddd6c32ba629651da0e7a693e6c9f.sol#259-271) should be declared external
AddressMapper.doMap (/unique_chucks/12/0x40847bfb149ddd6c32ba629651da0e7a693e6c9f.sol#281-290) should be declared external
AddressMapper.unMap (/unique_chucks/12/0x40847bfb149ddd6c32ba629651da0e7a693e6c9f.sol#291-296) should be declared external
AddressMapper.submitTransaction (/unique_chucks/12/0x40847bfb149ddd6c32ba629651da0e7a693e6c9f.sol#308-311) should be declared external
ERC20.balanceOf (/unique_chucks/12/0x40847bfb149ddd6c32ba629651da0e7a693e6c9f.sol#370-374) should be declared external
IERC20.balanceOf (/unique_chucks/12/0x40847bfb149ddd6c32ba629651da0e7a693e6c9f.sol#136-138) should be declared external
ERC20.allowance (/unique_chucks/12/0x40847bfb149ddd6c32ba629651da0e7a693e6c9f.sol#389-396) should be declared external
IERC20.allowance (/unique_chucks/12/0x40847bfb149ddd6c32ba629651da0e7a693e6c9f.sol#138-141) should be declared external
ERC20Capped.transfer (/unique_chucks/12/0x40847bfb149ddd6c32ba629651da0e7a693e6c9f.sol#644-654) should be declared external
IERC20.transfer (/unique_chucks/12/0x40847bfb149ddd6c32ba629651da0e7a693e6c9f.sol#141-143) should be declared external
ERC20.transfer (/unique_chucks/12/0x40847bfb149ddd6c32ba629651da0e7a693e6c9f.sol#399-404) should be declared external
IERC20.approve (/unique_chucks/12/0x40847bfb149ddd6c32ba629651da0e7a693e6c9f.sol#143-147) should be declared external
ERC20.approve (/unique_chucks/12/0x40847bfb149ddd6c32ba629651da0e7a693e6c9f.sol#425-436) should be declared external
IERC20.transferFrom (/unique_chucks/12/0x40847bfb149ddd6c32ba629651da0e7a693e6c9f.sol#148-154) should be declared external
ERC20.transferFrom (/unique_chucks/12/0x40847bfb149ddd6c32ba629651da0e7a693e6c9f.sol#446-458) should be declared external
ERC20Capped.transferFrom (/unique_chucks/12/0x40847bfb149ddd6c32ba629651da0e7a693e6c9f.sol#661-674) should be declared external
ERC20Capped.transferWithData (/unique_chucks/12/0x40847bfb149ddd6c32ba629651da0e7a693e6c9f.sol#654-661) should be declared external
ERC20.transferWithData (/unique_chucks/12/0x40847bfb149ddd6c32ba629651da0e7a693e6c9f.sol#407-409) should be declared external
ERC20Capped.transferFromWithData (/unique_chucks/12/0x40847bfb149ddd6c32ba629651da0e7a693e6c9f.sol#674-688) should be declared external
ERC20.transferFromWithData (/unique_chucks/12/0x40847bfb149ddd6c32ba629651da0e7a693e6c9f.sol#469-476) should be declared external
ERC20.increaseAllowance (/unique_chucks/12/0x40847bfb149ddd6c32ba629651da0e7a693e6c9f.sol#493-501) should be declared external
ERC20.decreaseAllowance (/unique_chucks/12/0x40847bfb149ddd6c32ba629651da0e7a693e6c9f.sol#519-531) should be declared external
ERC20Mintable.mint (/unique_chucks/12/0x40847bfb149ddd6c32ba629651da0e7a693e6c9f.sol#623-628) should be declared external
ERC20Capped.setIsPreventedAddr (/unique_chucks/12/0x40847bfb149ddd6c32ba629651da0e7a693e6c9f.sol#708-719) should be declared external
ERC20Capped.cap (/unique_chucks/12/0x40847bfb149ddd6c32ba629651da0e7a693e6c9f.sol) should be declared external
ERC20Capped.name (/unique_chucks/12/0x40847bfb149ddd6c32ba629651da0e7a693e6c9f.sol) should be declared external
ERC20Capped.symbol (/unique_chucks/12/0x40847bfb149ddd6c32ba629651da0e7a693e6c9f.sol) should be declared external
ERC20Capped.decimals (/unique_chucks/12/0x40847bfb149ddd6c32ba629651da0e7a693e6c9f.sol) should be declared external
Reference: https://github.com/trailofbits/slither/wiki/Detectors-Documentation#public-function-that-could-be-declared-as-external[0m
INFO:Detectors:[92m
Function 'MasterRole._addMaster' (/unique_chucks/12/0x40847bfb149ddd6c32ba629651da0e7a693e6c9f.sol#77-81) is not in mixedCase
Function 'MasterRole._removeMaster' (/unique_chucks/12/0x40847bfb149ddd6c32ba629651da0e7a693e6c9f.sol#81-89) is not in mixedCase
Function 'MinterRole._addMinter' (/unique_chucks/12/0x40847bfb149ddd6c32ba629651da0e7a693e6c9f.sol#120-123) is not in mixedCase
Function 'MinterRole._removeMinter' (/unique_chucks/12/0x40847bfb149ddd6c32ba629651da0e7a693e6c9f.sol#125-131) is not in mixedCase
Function 'AddressMapper._doMapAuto' (/unique_chucks/12/0x40847bfb149ddd6c32ba629651da0e7a693e6c9f.sol#272-281) is not in mixedCase
Function 'AddressMapper._stringToBytes32' (/unique_chucks/12/0x40847bfb149ddd6c32ba629651da0e7a693e6c9f.sol#297-307) is not in mixedCase
Function 'AddressMapper.external_call' (/unique_chucks/12/0x40847bfb149ddd6c32ba629651da0e7a693e6c9f.sol#311-336) is not in mixedCase
Function 'ERC20._transfer' (/unique_chucks/12/0x40847bfb149ddd6c32ba629651da0e7a693e6c9f.sol#534-541) is not in mixedCase
Function 'ERC20._mint' (/unique_chucks/12/0x40847bfb149ddd6c32ba629651da0e7a693e6c9f.sol#552-560) is not in mixedCase
Function 'ERC20._burn' (/unique_chucks/12/0x40847bfb149ddd6c32ba629651da0e7a693e6c9f.sol#564-570) is not in mixedCase
Function 'ERC20._burnFrom' (/unique_chucks/12/0x40847bfb149ddd6c32ba629651da0e7a693e6c9f.sol#584-604) is not in mixedCase
Variable 'ERC20._balances' (/unique_chucks/12/0x40847bfb149ddd6c32ba629651da0e7a693e6c9f.sol#351-353) is not in mixedCase
Variable 'ERC20._allowed' (/unique_chucks/12/0x40847bfb149ddd6c32ba629651da0e7a693e6c9f.sol#353-358) is not in mixedCase
Function 'ERC20Capped._mint' (/unique_chucks/12/0x40847bfb149ddd6c32ba629651da0e7a693e6c9f.sol) is not in mixedCase
Function 'ERC20Capped._checkedTransfer' (/unique_chucks/12/0x40847bfb149ddd6c32ba629651da0e7a693e6c9f.sol#688-708) is not in mixedCase
Reference: https://github.com/trailofbits/slither/wiki/Detectors-Documentation#conformance-to-solidity-naming-conventions[0m
INFO:Slither:/unique_chucks/12/0x40847bfb149ddd6c32ba629651da0e7a693e6c9f.sol analyzed (9 contracts), 55 result(s) found