INFO:Slither:Compilation warnings/errors on /unique_chucks/9/0x61c0407487349e7c828d0c21d63bfd0ac6640ab5.sol:
/unique_chucks/9/0x61c0407487349e7c828d0c21d63bfd0ac6640ab5.sol:16:5: Warning: Defining constructors as functions with the same name as the contract is deprecated. Use "constructor(...) { ... }" instead.
    function MyToken(uint256 initialSupply,string tokenName,string tokenSymbol,uint8 decimalUnits)
    ^ (Relevant source part starts here and spans across multiple lines).
/unique_chucks/9/0x61c0407487349e7c828d0c21d63bfd0ac6640ab5.sol:28:10: Warning: Invoking events without "emit" prefix is deprecated.
         FrozenFunds(target, freeze);
         ^-------------------------^
/unique_chucks/9/0x61c0407487349e7c828d0c21d63bfd0ac6640ab5.sol:38:9: Warning: Invoking events without "emit" prefix is deprecated.
        Transfer(msg.sender, _to, _value);
        ^-------------------------------^
/unique_chucks/9/0x61c0407487349e7c828d0c21d63bfd0ac6640ab5.sol:16:5: Warning: No visibility specified. Defaulting to "public". 
    function MyToken(uint256 initialSupply,string tokenName,string tokenSymbol,uint8 decimalUnits)
    ^ (Relevant source part starts here and spans across multiple lines).
/unique_chucks/9/0x61c0407487349e7c828d0c21d63bfd0ac6640ab5.sol:25:5: Warning: No visibility specified. Defaulting to "public". 
    function freezeAccount(address target,bool freeze)
    ^ (Relevant source part starts here and spans across multiple lines).
/unique_chucks/9/0x61c0407487349e7c828d0c21d63bfd0ac6640ab5.sol:31:5: Warning: No visibility specified. Defaulting to "public". 
    function transfer(address _to, uint256 _value)
    ^ (Relevant source part starts here and spans across multiple lines).

INFO:Detectors:[93m
MyToken (/unique_chucks/9/0x61c0407487349e7c828d0c21d63bfd0ac6640ab5.sol#3-40) has incorrect ERC20 function interface(s):
	-transfer (/unique_chucks/9/0x61c0407487349e7c828d0c21d63bfd0ac6640ab5.sol#31-40)
Reference: https://github.com/trailofbits/slither/wiki/Detectors-Documentation#incorrect-erc20-interface[0m
INFO:Detectors:[92m
MyToken.freezeAccount (/unique_chucks/9/0x61c0407487349e7c828d0c21d63bfd0ac6640ab5.sol#25-31) should be declared external
MyToken.transfer (/unique_chucks/9/0x61c0407487349e7c828d0c21d63bfd0ac6640ab5.sol#31-40) should be declared external
Reference: https://github.com/trailofbits/slither/wiki/Detectors-Documentation#public-function-that-could-be-declared-as-external[0m
INFO:Detectors:[92m
Detected issues with version pragma in /unique_chucks/9/0x61c0407487349e7c828d0c21d63bfd0ac6640ab5.sol:
	- pragma solidity^0.4.13 (/unique_chucks/9/0x61c0407487349e7c828d0c21d63bfd0ac6640ab5.sol#1): it allows old versions
Reference: https://github.com/trailofbits/slither/wiki/Detectors-Documentation#incorrect-version-of-solidity[0m
INFO:Detectors:[92m
Function 'MyToken.MyToken' (/unique_chucks/9/0x61c0407487349e7c828d0c21d63bfd0ac6640ab5.sol#16-25) is not in mixedCase
Parameter '_to' of MyToken.transfer (/unique_chucks/9/0x61c0407487349e7c828d0c21d63bfd0ac6640ab5.sol#33) is not in mixedCase
Parameter '_value' of MyToken.transfer (/unique_chucks/9/0x61c0407487349e7c828d0c21d63bfd0ac6640ab5.sol#33) is not in mixedCase
Reference: https://github.com/trailofbits/slither/wiki/Detectors-Documentation#conformance-to-solidity-naming-conventions[0m
INFO:Slither:/unique_chucks/9/0x61c0407487349e7c828d0c21d63bfd0ac6640ab5.sol analyzed (1 contracts), 7 result(s) found