/unique_chucks/18/0x4d8cf569c2fd7c436f44dea3763c6bf967358e8d.sol
jar:file:/usr/local/lib/node_modules/@smartdec/smartcheck/jdeploy-bundle/smartcheck-2.0-jar-with-dependencies.jar!/solidity-rules.xmlruleId: SOLIDITY_ADDRESS_HARDCODED
patternId: c67a09
severity: 1
line: 440
column: 49
content: 0x0

ruleId: SOLIDITY_ARRAY_LENGTH_MANIPULATION
patternId: 43ba1c
severity: 1
line: 228
column: 28
content: m_pendingIndex.length++

ruleId: SOLIDITY_DEPRECATED_CONSTRUCTIONS
patternId: 187b5a
severity: 1
line: 140
column: 68
content: sha3

ruleId: SOLIDITY_DEPRECATED_CONSTRUCTIONS
patternId: 187b5a
severity: 1
line: 153
column: 53
content: sha3

ruleId: SOLIDITY_DEPRECATED_CONSTRUCTIONS
patternId: 187b5a
severity: 1
line: 169
column: 56
content: sha3

ruleId: SOLIDITY_DEPRECATED_CONSTRUCTIONS
patternId: 187b5a
severity: 1
line: 182
column: 65
content: sha3

ruleId: SOLIDITY_DEPRECATED_CONSTRUCTIONS
patternId: 187b5a
severity: 1
line: 361
column: 106
content: sha3

ruleId: SOLIDITY_DEPRECATED_CONSTRUCTIONS
patternId: 187b5a
severity: 1
line: 448
column: 88
content: sha3

ruleId: SOLIDITY_DEPRECATED_CONSTRUCTIONS
patternId: 187b5a
severity: 1
line: 456
column: 47
content: sha3

ruleId: SOLIDITY_ERC20_APPROVE
patternId: af782c
severity: 2
line: 583
column: 2
content: functionapprove(address_spender,uint256_value)publicreturns(bool){allowed[msg.sender][_spender]=_value;Approval(msg.sender,_spender,_value);returntrue;}

ruleId: SOLIDITY_ERC20_APPROVE
patternId: af782c
severity: 2
line: 670
column: 4
content: functionapprove(address_spender,uint256_value)publicreturns(bool){require(isTransferEnabled);returnsuper.approve(_spender,_value);}

ruleId: SOLIDITY_EXTRA_GAS_IN_LOOPS
patternId: d3j11j
severity: 1
line: 116
column: 8
content: for(uinti=0;i<m_numOwners;i++){m_owners[1+i]=_owners[i];m_ownerIndex[uint(_owners[i])]=1+i;}

ruleId: SOLIDITY_EXTRA_GAS_IN_LOOPS
patternId: d3j11j
severity: 1
line: 367
column: 8
content: for(uint64i=0;i<_contributors.length;i++){require(_contributors[i]!=0x0);sum=sum.add(_tokenAmounts[i]);token.transfer(_contributors[i],_tokenAmounts[i]);}

ruleId: SOLIDITY_EXTRA_GAS_IN_LOOPS
patternId: k4o1l4
severity: 1
line: 252
column: 8
content: while(free<m_numOwners){while(free<m_numOwners&&m_owners[free]!=0){free++;}while(m_numOwners>1&&m_owners[m_numOwners]==0){m_numOwners--;}if(free<m_numOwners&&m_owners[m_numOwners]!=0&&m_owners[free]==0){m_owners[free]=m_owners[m_numOwners];m_ownerIndex[uint(m_owners[free])]=free;m_owners[m_numOwners]=0;}}

ruleId: SOLIDITY_EXTRA_GAS_IN_LOOPS
patternId: k4o1l4
severity: 1
line: 253
column: 12
content: while(free<m_numOwners&&m_owners[free]!=0){free++;}

ruleId: SOLIDITY_EXTRA_GAS_IN_LOOPS
patternId: k4o1l4
severity: 1
line: 256
column: 12
content: while(m_numOwners>1&&m_owners[m_numOwners]==0){m_numOwners--;}

ruleId: SOLIDITY_FUNCTIONS_RETURNS_TYPE_AND_NO_RETURN
patternId: 47acc2
severity: 1
line: 250
column: 4
content: functionreorganizeOwners()privatereturns(bool){uintfree=1;while(free<m_numOwners){while(free<m_numOwners&&m_owners[free]!=0){free++;}while(m_numOwners>1&&m_owners[m_numOwners]==0){m_numOwners--;}if(free<m_numOwners&&m_owners[m_numOwners]!=0&&m_owners[free]==0){m_owners[free]=m_owners[m_numOwners];m_ownerIndex[uint(m_owners[free])]=free;m_owners[m_numOwners]=0;}}}

ruleId: SOLIDITY_GAS_LIMIT_IN_LOOPS
patternId: f6f853
severity: 2
line: 116
column: 8
content: for(uinti=0;i<m_numOwners;i++){m_owners[1+i]=_owners[i];m_ownerIndex[uint(_owners[i])]=1+i;}

ruleId: SOLIDITY_GAS_LIMIT_IN_LOOPS
patternId: f6f853
severity: 2
line: 269
column: 8
content: for(uinti=0;i<length;++i){if(m_pendingIndex[i]!=0){deletem_pending[m_pendingIndex[i]];}}

ruleId: SOLIDITY_GAS_LIMIT_IN_LOOPS
patternId: f6f853
severity: 2
line: 367
column: 8
content: for(uint64i=0;i<_contributors.length;i++){require(_contributors[i]!=0x0);sum=sum.add(_tokenAmounts[i]);token.transfer(_contributors[i],_tokenAmounts[i]);}

ruleId: SOLIDITY_GAS_LIMIT_IN_LOOPS
patternId: 17f23a
severity: 1
line: 252
column: 15
content: free<m_numOwners

ruleId: SOLIDITY_GAS_LIMIT_IN_LOOPS
patternId: 17f23a
severity: 1
line: 253
column: 19
content: free<m_numOwners&&m_owners[free]!=0

ruleId: SOLIDITY_GAS_LIMIT_IN_LOOPS
patternId: 17f23a
severity: 1
line: 256
column: 19
content: m_numOwners>1&&m_owners[m_numOwners]==0

ruleId: SOLIDITY_PRAGMAS_VERSION
patternId: 23fc32
severity: 1
line: 1
column: 16
content: ^

ruleId: SOLIDITY_PRIVATE_MODIFIER_DONT_HIDE_DATA
patternId: 5616b2
severity: 1
line: 50
column: 7
content: private

ruleId: SOLIDITY_REDUNDANT_FALLBACK_REJECT
patternId: b85a32
severity: 1
line: 683
column: 31
content: {revert();}

ruleId: SOLIDITY_SAFEMATH
patternId: 837cac
severity: 1
line: 296
column: 4
content: usingSafeMathforuint256;

ruleId: SOLIDITY_SAFEMATH
patternId: 837cac
severity: 1
line: 503
column: 2
content: usingSafeMathforuint256;

ruleId: SOLIDITY_UPGRADE_TO_050
patternId: 91h3sa
severity: 1
line: 683
column: 16
content: public

ruleId: SOLIDITY_UPGRADE_TO_050
patternId: 341gim
severity: 1
line: 113
column: 24
content: address[]_owners

ruleId: SOLIDITY_UPGRADE_TO_050
patternId: 341gim
severity: 1
line: 303
column: 28
content: address[]_owners

ruleId: SOLIDITY_VISIBILITY
patternId: b51ce0
severity: 1
line: 287
column: 4
content: uintconstantc_maxOwners=7;

ruleId: SOLIDITY_VISIBILITY
patternId: b51ce0
severity: 1
line: 505
column: 2
content: mapping(address=>uint256)balances;

ruleId: SOLIDITY_VISIBILITY
patternId: b51ce0
severity: 1
line: 507
column: 2
content: uint256totalSupply_;

SOLIDITY_VISIBILITY :3
SOLIDITY_PRAGMAS_VERSION :1
SOLIDITY_ARRAY_LENGTH_MANIPULATION :1
SOLIDITY_FUNCTIONS_RETURNS_TYPE_AND_NO_RETURN :1
SOLIDITY_PRIVATE_MODIFIER_DONT_HIDE_DATA :1
SOLIDITY_EXTRA_GAS_IN_LOOPS :5
SOLIDITY_ADDRESS_HARDCODED :1
SOLIDITY_UPGRADE_TO_050 :3
SOLIDITY_GAS_LIMIT_IN_LOOPS :6
SOLIDITY_REDUNDANT_FALLBACK_REJECT :1
SOLIDITY_ERC20_APPROVE :2
SOLIDITY_SAFEMATH :2
SOLIDITY_DEPRECATED_CONSTRUCTIONS :7