INFO:Slither:Compilation warnings/errors on /unique_contracts/0x24e82c8506389c23c7d601cbedf81b3785ca2055.sol:
/unique_contracts/0x24e82c8506389c23c7d601cbedf81b3785ca2055.sol:20:5: Warning: Defining constructors as functions with the same name as the contract is deprecated. Use "constructor(...) { ... }" instead.
    function WBET() public {
    ^ (Relevant source part starts here and spans across multiple lines).
/unique_contracts/0x24e82c8506389c23c7d601cbedf81b3785ca2055.sol:32:9: Warning: Invoking events without "emit" prefix is deprecated.
        Transfer(msg.sender, _to, _value);
        ^-------------------------------^
/unique_contracts/0x24e82c8506389c23c7d601cbedf81b3785ca2055.sol:44:9: Warning: Invoking events without "emit" prefix is deprecated.
        Transfer(_from, _to, _value);
        ^--------------------------^
/unique_contracts/0x24e82c8506389c23c7d601cbedf81b3785ca2055.sol:54:9: Warning: Invoking events without "emit" prefix is deprecated.
        Approval(msg.sender, _spender, _value);
        ^------------------------------------^

INFO:Detectors:[92m
WBET.transferFrom.allowance (local variable @ /unique_contracts/0x24e82c8506389c23c7d601cbedf81b3785ca2055.sol#37-38) shadows:
	- WBET.allowance (function @ /unique_contracts/0x24e82c8506389c23c7d601cbedf81b3785ca2055.sol#58-61)
Reference: https://github.com/trailofbits/slither/wiki/Detectors-Documentation#local-variable-shadowing[0m
INFO:Detectors:[92m
WBET.transfer (/unique_contracts/0x24e82c8506389c23c7d601cbedf81b3785ca2055.sol#28-36) should be declared external
WBET.transferFrom (/unique_contracts/0x24e82c8506389c23c7d601cbedf81b3785ca2055.sol#36-48) should be declared external
WBET.balanceOf (/unique_contracts/0x24e82c8506389c23c7d601cbedf81b3785ca2055.sol#48-52) should be declared external
WBET.approve (/unique_contracts/0x24e82c8506389c23c7d601cbedf81b3785ca2055.sol#52-58) should be declared external
WBET.allowance (/unique_contracts/0x24e82c8506389c23c7d601cbedf81b3785ca2055.sol#58-61) should be declared external
Reference: https://github.com/trailofbits/slither/wiki/Detectors-Documentation#public-function-that-could-be-declared-as-external[0m
INFO:Detectors:[92m
Detected issues with version pragma in /unique_contracts/0x24e82c8506389c23c7d601cbedf81b3785ca2055.sol:
	- pragma solidity^0.4.16 (/unique_contracts/0x24e82c8506389c23c7d601cbedf81b3785ca2055.sol#1): it allows old versions
Reference: https://github.com/trailofbits/slither/wiki/Detectors-Documentation#incorrect-version-of-solidity[0m
INFO:Detectors:[92m
Function 'WBET.WBET' (/unique_contracts/0x24e82c8506389c23c7d601cbedf81b3785ca2055.sol#20-28) is not in mixedCase
Parameter '_to' of WBET.transfer (/unique_contracts/0x24e82c8506389c23c7d601cbedf81b3785ca2055.sol#28) is not in mixedCase
Parameter '_value' of WBET.transfer (/unique_contracts/0x24e82c8506389c23c7d601cbedf81b3785ca2055.sol#28-29) is not in mixedCase
Parameter '_from' of WBET.transferFrom (/unique_contracts/0x24e82c8506389c23c7d601cbedf81b3785ca2055.sol#36) is not in mixedCase
Parameter '_to' of WBET.transferFrom (/unique_contracts/0x24e82c8506389c23c7d601cbedf81b3785ca2055.sol#36) is not in mixedCase
Parameter '_value' of WBET.transferFrom (/unique_contracts/0x24e82c8506389c23c7d601cbedf81b3785ca2055.sol#36-37) is not in mixedCase
Parameter '_owner' of WBET.balanceOf (/unique_contracts/0x24e82c8506389c23c7d601cbedf81b3785ca2055.sol#49) is not in mixedCase
Parameter '_spender' of WBET.approve (/unique_contracts/0x24e82c8506389c23c7d601cbedf81b3785ca2055.sol#52-53) is not in mixedCase
Parameter '_value' of WBET.approve (/unique_contracts/0x24e82c8506389c23c7d601cbedf81b3785ca2055.sol#53) is not in mixedCase
Parameter '_owner' of WBET.allowance (/unique_contracts/0x24e82c8506389c23c7d601cbedf81b3785ca2055.sol#58-59) is not in mixedCase
Parameter '_spender' of WBET.allowance (/unique_contracts/0x24e82c8506389c23c7d601cbedf81b3785ca2055.sol#59) is not in mixedCase
Reference: https://github.com/trailofbits/slither/wiki/Detectors-Documentation#conformance-to-solidity-naming-conventions[0m
INFO:Slither:/unique_contracts/0x24e82c8506389c23c7d601cbedf81b3785ca2055.sol analyzed (1 contracts), 18 result(s) found