INFO:Detectors:[92m
AddressProxy.fallback (/unique_chucks/33/0x83011039a24b1fce5e848cbdded20c0a6e14cbf7.sol#52) should be declared external
Reference: https://github.com/trailofbits/slither/wiki/Detectors-Documentation#public-function-that-could-be-declared-as-external[0m
INFO:Detectors:[92m
Detected issues with version pragma in /unique_chucks/33/0x83011039a24b1fce5e848cbdded20c0a6e14cbf7.sol:
	- pragma solidity^0.4.22 (/unique_chucks/33/0x83011039a24b1fce5e848cbdded20c0a6e14cbf7.sol#1): it allows old versions
Reference: https://github.com/trailofbits/slither/wiki/Detectors-Documentation#incorrect-version-of-solidity[0m
INFO:Detectors:[92m
Low level call in AddressProxy.exec (/unique_chucks/33/0x83011039a24b1fce5e848cbdded20c0a6e14cbf7.sol#56-61):
	-require(bool)(_location.call.value(_ether)(_data)) /unique_chucks/33/0x83011039a24b1fce5e848cbdded20c0a6e14cbf7.sol#60-61
Low level call in AddressProxy.execCustom (/unique_chucks/33/0x83011039a24b1fce5e848cbdded20c0a6e14cbf7.sol#74-79):
	-require(bool)(_location.call.value(_value).gas(_gas)(_data)) /unique_chucks/33/0x83011039a24b1fce5e848cbdded20c0a6e14cbf7.sol#79
Reference: https://github.com/trailofbits/slither/wiki/Detectors-Documentation#low-level-calls[0m
INFO:Detectors:[92m
Parameter '_owner' of AddressProxy. (/unique_chucks/33/0x83011039a24b1fce5e848cbdded20c0a6e14cbf7.sol#24) is not in mixedCase
Parameter '_client' of AddressProxy. (/unique_chucks/33/0x83011039a24b1fce5e848cbdded20c0a6e14cbf7.sol#24-25) is not in mixedCase
Parameter '_location' of AddressProxy.exec (/unique_chucks/33/0x83011039a24b1fce5e848cbdded20c0a6e14cbf7.sol#56) is not in mixedCase
Parameter '_data' of AddressProxy.exec (/unique_chucks/33/0x83011039a24b1fce5e848cbdded20c0a6e14cbf7.sol#56) is not in mixedCase
Parameter '_ether' of AddressProxy.exec (/unique_chucks/33/0x83011039a24b1fce5e848cbdded20c0a6e14cbf7.sol#57) is not in mixedCase
Parameter '_to' of AddressProxy.sendEther (/unique_chucks/33/0x83011039a24b1fce5e848cbdded20c0a6e14cbf7.sol#65) is not in mixedCase
Parameter '_amount' of AddressProxy.sendEther (/unique_chucks/33/0x83011039a24b1fce5e848cbdded20c0a6e14cbf7.sol#65) is not in mixedCase
Parameter '_location' of AddressProxy.execCustom (/unique_chucks/33/0x83011039a24b1fce5e848cbdded20c0a6e14cbf7.sol#74) is not in mixedCase
Parameter '_data' of AddressProxy.execCustom (/unique_chucks/33/0x83011039a24b1fce5e848cbdded20c0a6e14cbf7.sol#74-75) is not in mixedCase
Parameter '_value' of AddressProxy.execCustom (/unique_chucks/33/0x83011039a24b1fce5e848cbdded20c0a6e14cbf7.sol#75) is not in mixedCase
Parameter '_gas' of AddressProxy.execCustom (/unique_chucks/33/0x83011039a24b1fce5e848cbdded20c0a6e14cbf7.sol#75) is not in mixedCase
Parameter '_newOwner' of AddressProxy.changeOwner (/unique_chucks/33/0x83011039a24b1fce5e848cbdded20c0a6e14cbf7.sol#98-101) is not in mixedCase
Parameter '_newClient' of AddressProxy.changeClient (/unique_chucks/33/0x83011039a24b1fce5e848cbdded20c0a6e14cbf7.sol#107-110) is not in mixedCase
Reference: https://github.com/trailofbits/slither/wiki/Detectors-Documentation#conformance-to-solidity-naming-conventions[0m
INFO:Slither:/unique_chucks/33/0x83011039a24b1fce5e848cbdded20c0a6e14cbf7.sol analyzed (1 contracts), 17 result(s) found