2019-07-24 02:06:39,382: [12] m.main:INFO: Registered plugins: DetectReentrancySimple, DetectInvalid, DetectUnusedRetVal, DetectUninitializedStorage, DetectSuicidal, DetectExternalCallAndLeak, DetectEnvInstruction, DetectUninitializedMemory, DetectReentrancyAdvanced, DetectDelegatecall, DetectIntegerOverflow
2019-07-24 02:06:39,383: [12] m.main:INFO: Beginning analysis
2019-07-24 02:06:39,398: [12] m.e.manticore:INFO: Starting symbolic create contract
2019-07-24 02:06:39,704: [57] m.c.manticore:INFO: Generated testcase No. 0 - NO STATE RESULT (?)(0 txs)
2019-07-24 02:06:40,283: [12] m.c.manticore:INFO: Results in /mcore_rnwf3z9a
2019-07-24 02:06:41,114: [315] m.main:INFO: Registered plugins: DetectReentrancyAdvanced, DetectReentrancySimple, DetectInvalid, DetectUninitializedStorage, DetectDelegatecall, DetectEnvInstruction, DetectExternalCallAndLeak, DetectUnusedRetVal, DetectIntegerOverflow, DetectUninitializedMemory, DetectSuicidal
2019-07-24 02:06:41,114: [315] m.main:INFO: Beginning analysis
2019-07-24 02:06:41,166: [315] m.e.manticore:INFO: Starting symbolic create contract
2019-07-24 02:06:41,494: [363] m.c.manticore:INFO: Generated testcase No. 0 - NO STATE RESULT (?)(0 txs)
2019-07-24 02:06:42,004: [315] m.c.manticore:INFO: Results in /mcore_uo583p9m
2019-07-24 02:06:42,993: [618] m.main:INFO: Registered plugins: DetectUninitializedMemory, DetectInvalid, DetectUnusedRetVal, DetectReentrancySimple, DetectExternalCallAndLeak, DetectSuicidal, DetectEnvInstruction, DetectUninitializedStorage, DetectIntegerOverflow, DetectReentrancyAdvanced, DetectDelegatecall
2019-07-24 02:06:42,993: [618] m.main:INFO: Beginning analysis
2019-07-24 02:06:43,059: [618] m.e.manticore:INFO: Starting symbolic create contract
2019-07-24 02:08:03,950: [669] m.e.detectors:WARNING: Unsigned integer overflow at MUL instruction
2019-07-24 02:08:27,526: [678] m.e.detectors:WARNING: Unsigned integer overflow at MUL instruction
2019-07-24 02:08:36,068: [666] m.e.detectors:WARNING: Unsigned integer overflow at MUL instruction
2019-07-24 02:08:36,238: [685] m.e.detectors:WARNING: Unsigned integer overflow at MUL instruction
2019-07-24 02:08:43,506: [669] m.e.detectors:WARNING: Unsigned integer overflow at MUL instruction
2019-07-24 02:08:52,222: [674] m.e.detectors:WARNING: Unsigned integer overflow at MUL instruction
2019-07-24 02:08:53,106: [672] m.e.detectors:WARNING: Unsigned integer overflow at MUL instruction
2019-07-24 02:09:09,534: [678] m.e.detectors:WARNING: Unsigned integer overflow at MUL instruction
2019-07-24 02:09:16,754: [685] m.e.detectors:WARNING: Unsigned integer overflow at MUL instruction
2019-07-24 02:09:39,414: [674] m.e.detectors:WARNING: Unsigned integer overflow at MUL instruction
2019-07-24 02:09:40,914: [666] m.e.detectors:WARNING: Unsigned integer overflow at MUL instruction
2019-07-24 02:09:47,958: [672] m.e.detectors:WARNING: Unsigned integer overflow at MUL instruction
2019-07-24 02:09:58,301: [618] m.e.manticore:INFO: Starting symbolic transaction: 0
2019-07-24 02:16:50,628: [2715] m.e.detectors:WARNING: Unsigned integer overflow at MUL instruction
2019-07-24 02:17:02,827: [2719] m.e.detectors:WARNING: Unsigned integer overflow at MUL instruction
2019-07-24 02:18:04,710: [2717] m.e.detectors:WARNING: Unsigned integer overflow at MUL instruction
2019-07-24 02:19:30,514: [2739] m.e.detectors:WARNING: Unsigned integer overflow at MUL instruction
2019-07-24 02:20:41,242: [2721] m.e.detectors:WARNING: Unsigned integer overflow at MUL instruction
2019-07-24 02:20:48,226: [2733] m.e.detectors:WARNING: Unsigned integer overflow at MUL instruction
2019-07-24 02:21:23,510: [2722] m.e.detectors:WARNING: Unsigned integer overflow at MUL instruction
2019-07-24 02:22:28,562: [2733] m.e.detectors:WARNING: Potentially reading uninitialized storage
2019-07-24 02:22:30,342: [2719] m.e.detectors:WARNING: Potentially reading uninitialized storage
2019-07-24 02:22:42,471: [2721] m.e.detectors:WARNING: Potentially reading uninitialized storage
2019-07-24 02:22:55,326: [2719] m.e.detectors:WARNING: Unsigned integer overflow at MUL instruction
2019-07-24 02:22:56,138: [2721] m.e.detectors:WARNING: Unsigned integer overflow at MUL instruction
2019-07-24 02:24:08,122: [2719] m.e.detectors:WARNING: Potentially reading uninitialized storage
2019-07-24 02:24:32,142: [2717] m.e.detectors:WARNING: Unsigned integer overflow at MUL instruction
2019-07-24 02:28:09,414: [2717] m.e.detectors:WARNING: Potentially reading uninitialized storage
2019-07-24 02:28:56,914: [2739] m.e.detectors:WARNING: Potentially reading uninitialized storage
2019-07-24 02:28:58,218: [2717] m.e.detectors:WARNING: Potentially reading uninitialized storage
2019-07-24 02:29:10,054: [2739] m.e.detectors:WARNING: Unsigned integer overflow at MUL instruction
2019-07-24 02:29:25,918: [2719] m.e.detectors:WARNING: Unsigned integer overflow at MUL instruction
2019-07-24 02:29:58,870: [2722] m.e.detectors:WARNING: Unsigned integer overflow at MUL instruction
2019-07-24 02:30:08,155: [2733] m.e.detectors:WARNING: Potentially reading uninitialized storage
2019-07-24 02:30:37,514: [2715] m.e.detectors:WARNING: Unsigned integer overflow at MUL instruction
2019-07-24 02:30:48,654: [2717] m.e.detectors:WARNING: Unsigned integer overflow at MUL instruction
2019-07-24 02:31:05,458: [2739] m.e.detectors:WARNING: Unsigned integer overflow at MUL instruction
2019-07-24 02:31:33,546: [2721] m.e.detectors:WARNING: Potentially reading uninitialized storage
2019-07-24 02:33:19,042: [2715] m.e.detectors:WARNING: Potentially reading uninitialized storage
2019-07-24 02:33:33,046: [2715] m.e.detectors:WARNING: Unsigned integer overflow at MUL instruction