/unique_chucks/15/0x65b8588e098a97d3a0a80a8c8c07e79465353fb5.sol
jar:file:/usr/local/lib/node_modules/@smartdec/smartcheck/jdeploy-bundle/smartcheck-2.0-jar-with-dependencies.jar!/solidity-rules.xmlruleId: SOLIDITY_ADDRESS_HARDCODED
patternId: adc165
severity: 1
line: 73
column: 16
content: 0xb4549c4CBbB5003beEb2b70098E6f5AD4CE4c2e6

ruleId: SOLIDITY_ADDRESS_HARDCODED
patternId: adc165
severity: 1
line: 74
column: 14
content: 0xb4549c4CBbB5003beEb2b70098E6f5AD4CE4c2e6

ruleId: SOLIDITY_ADDRESS_HARDCODED
patternId: adc165
severity: 1
line: 256
column: 17
content: 0xb4549c4CBbB5003beEb2b70098E6f5AD4CE4c2e6

ruleId: SOLIDITY_ADDRESS_HARDCODED
patternId: adc165
severity: 1
line: 257
column: 34
content: 0xb4549c4CBbB5003beEb2b70098E6f5AD4CE4c2e6

ruleId: SOLIDITY_ADDRESS_HARDCODED
patternId: adc165
severity: 1
line: 257
column: 87
content: 0xb4549c4CBbB5003beEb2b70098E6f5AD4CE4c2e6

ruleId: SOLIDITY_ERC20_APPROVE
patternId: af782c
severity: 2
line: 199
column: 4
content: functionapprove(address_spender,uint256_value)publicreturns(boolsuccess){allowed[msg.sender][_spender]=_value;emitApproval(msg.sender,_spender,_value);returntrue;}

ruleId: SOLIDITY_REDUNDANT_FALLBACK_REJECT
patternId: b85a32
severity: 1
line: 273
column: 25
content: {revert();}

ruleId: SOLIDITY_SAFEMATH
patternId: 837cac
severity: 1
line: 151
column: 4
content: usingSafeMathforuint256;

ruleId: SOLIDITY_VISIBILITY
patternId: b51ce0
severity: 1
line: 154
column: 4
content: mapping(address=>uint256)balances;

ruleId: SOLIDITY_VISIBILITY
patternId: b51ce0
severity: 1
line: 155
column: 4
content: mapping(address=>mapping(address=>uint256))allowed;

ruleId: SOLIDITY_VISIBILITY
patternId: b51ce0
severity: 1
line: 156
column: 4
content: mapping(address=>bool)frozen;

SOLIDITY_VISIBILITY :3
SOLIDITY_SAFEMATH :1
SOLIDITY_ADDRESS_HARDCODED :5
SOLIDITY_REDUNDANT_FALLBACK_REJECT :1
SOLIDITY_ERC20_APPROVE :1