INFO:Detectors:[92m
Different versions of Solidity is used in /unique_chucks/29/0xdd35dd417ff701f7d0ef3226c3b78bc9a6b097ae.sol:
	- Version used: ['^0.4.18', '^0.4.23']
	- /unique_chucks/29/0xdd35dd417ff701f7d0ef3226c3b78bc9a6b097ae.sol#1 declares pragma solidity^0.4.23
	- /unique_chucks/29/0xdd35dd417ff701f7d0ef3226c3b78bc9a6b097ae.sol#60 declares pragma solidity^0.4.23
	- /unique_chucks/29/0xdd35dd417ff701f7d0ef3226c3b78bc9a6b097ae.sol#75 declares pragma solidity^0.4.23
	- /unique_chucks/29/0xdd35dd417ff701f7d0ef3226c3b78bc9a6b097ae.sol#97-98 declares pragma solidity^0.4.23
	- /unique_chucks/29/0xdd35dd417ff701f7d0ef3226c3b78bc9a6b097ae.sol#146 declares pragma solidity^0.4.23
	- /unique_chucks/29/0xdd35dd417ff701f7d0ef3226c3b78bc9a6b097ae.sol#276 declares pragma solidity^0.4.23
	- /unique_chucks/29/0xdd35dd417ff701f7d0ef3226c3b78bc9a6b097ae.sol#335 declares pragma solidity^0.4.23
	- /unique_chucks/29/0xdd35dd417ff701f7d0ef3226c3b78bc9a6b097ae.sol declares pragma solidity^0.4.18
Reference: https://github.com/trailofbits/slither/wiki/Detectors-Documentation#different-pragma-directives-are-used[0m
INFO:Detectors:[92m
BasicToken.totalSupply (/unique_chucks/29/0xdd35dd417ff701f7d0ef3226c3b78bc9a6b097ae.sol#114-116) should be declared external
ERC20Basic.totalSupply (/unique_chucks/29/0xdd35dd417ff701f7d0ef3226c3b78bc9a6b097ae.sol#65) should be declared external
BasicToken.balanceOf (/unique_chucks/29/0xdd35dd417ff701f7d0ef3226c3b78bc9a6b097ae.sol#142-146) should be declared external
ERC20Basic.balanceOf (/unique_chucks/29/0xdd35dd417ff701f7d0ef3226c3b78bc9a6b097ae.sol#66) should be declared external
ERC20Basic.transfer (/unique_chucks/29/0xdd35dd417ff701f7d0ef3226c3b78bc9a6b097ae.sol#66-67) should be declared external
BasicToken.transfer (/unique_chucks/29/0xdd35dd417ff701f7d0ef3226c3b78bc9a6b097ae.sol#120-131) should be declared external
StandardToken.allowance (/unique_chucks/29/0xdd35dd417ff701f7d0ef3226c3b78bc9a6b097ae.sol#213-216) should be declared external
ERC20.allowance (/unique_chucks/29/0xdd35dd417ff701f7d0ef3226c3b78bc9a6b097ae.sol#79-82) should be declared external
ERC20.transferFrom (/unique_chucks/29/0xdd35dd417ff701f7d0ef3226c3b78bc9a6b097ae.sol#82-85) should be declared external
StandardToken.transferFrom (/unique_chucks/29/0xdd35dd417ff701f7d0ef3226c3b78bc9a6b097ae.sol#169-182) should be declared external
StandardToken.approve (/unique_chucks/29/0xdd35dd417ff701f7d0ef3226c3b78bc9a6b097ae.sol#193-198) should be declared external
ERC20.approve (/unique_chucks/29/0xdd35dd417ff701f7d0ef3226c3b78bc9a6b097ae.sol#85-88) should be declared external
StandardToken.increaseApproval (/unique_chucks/29/0xdd35dd417ff701f7d0ef3226c3b78bc9a6b097ae.sol#231-239) should be declared external
StandardToken.decreaseApproval (/unique_chucks/29/0xdd35dd417ff701f7d0ef3226c3b78bc9a6b097ae.sol#255-273) should be declared external
Ownable.renounceOwnership (/unique_chucks/29/0xdd35dd417ff701f7d0ef3226c3b78bc9a6b097ae.sol#311-316) should be declared external
Ownable.transferOwnership (/unique_chucks/29/0xdd35dd417ff701f7d0ef3226c3b78bc9a6b097ae.sol#320-327) should be declared external
MintableToken.mint (/unique_chucks/29/0xdd35dd417ff701f7d0ef3226c3b78bc9a6b097ae.sol#375-390) should be declared external
MintableToken.finishMinting (/unique_chucks/29/0xdd35dd417ff701f7d0ef3226c3b78bc9a6b097ae.sol) should be declared external
Reference: https://github.com/trailofbits/slither/wiki/Detectors-Documentation#public-function-that-could-be-declared-as-external[0m
INFO:Detectors:[92m
Detected issues with version pragma in /unique_chucks/29/0xdd35dd417ff701f7d0ef3226c3b78bc9a6b097ae.sol:
	- pragma solidity^0.4.23 (/unique_chucks/29/0xdd35dd417ff701f7d0ef3226c3b78bc9a6b097ae.sol#1): it allows old versions
	- pragma solidity^0.4.23 (/unique_chucks/29/0xdd35dd417ff701f7d0ef3226c3b78bc9a6b097ae.sol#60): it allows old versions
	- pragma solidity^0.4.23 (/unique_chucks/29/0xdd35dd417ff701f7d0ef3226c3b78bc9a6b097ae.sol#75): it allows old versions
	- pragma solidity^0.4.23 (/unique_chucks/29/0xdd35dd417ff701f7d0ef3226c3b78bc9a6b097ae.sol#97-98): it allows old versions
	- pragma solidity^0.4.23 (/unique_chucks/29/0xdd35dd417ff701f7d0ef3226c3b78bc9a6b097ae.sol#146): it allows old versions
	- pragma solidity^0.4.23 (/unique_chucks/29/0xdd35dd417ff701f7d0ef3226c3b78bc9a6b097ae.sol#276): it allows old versions
	- pragma solidity^0.4.23 (/unique_chucks/29/0xdd35dd417ff701f7d0ef3226c3b78bc9a6b097ae.sol#335): it allows old versions
	- pragma solidity^0.4.18 (/unique_chucks/29/0xdd35dd417ff701f7d0ef3226c3b78bc9a6b097ae.sol): it allows old versions
Reference: https://github.com/trailofbits/slither/wiki/Detectors-Documentation#incorrect-version-of-solidity[0m
INFO:Detectors:[92m
Parameter '_owner' of BasicToken.balanceOf (/unique_chucks/29/0xdd35dd417ff701f7d0ef3226c3b78bc9a6b097ae.sol#143) is not in mixedCase
Parameter '_to' of BasicToken.transfer (/unique_chucks/29/0xdd35dd417ff701f7d0ef3226c3b78bc9a6b097ae.sol#120) is not in mixedCase
Parameter '_value' of BasicToken.transfer (/unique_chucks/29/0xdd35dd417ff701f7d0ef3226c3b78bc9a6b097ae.sol#121-122) is not in mixedCase
Parameter '_owner' of StandardToken.allowance (/unique_chucks/29/0xdd35dd417ff701f7d0ef3226c3b78bc9a6b097ae.sol#213-214) is not in mixedCase
Parameter '_spender' of StandardToken.allowance (/unique_chucks/29/0xdd35dd417ff701f7d0ef3226c3b78bc9a6b097ae.sol#215) is not in mixedCase
Parameter '_from' of StandardToken.transferFrom (/unique_chucks/29/0xdd35dd417ff701f7d0ef3226c3b78bc9a6b097ae.sol#169-170) is not in mixedCase
Parameter '_to' of StandardToken.transferFrom (/unique_chucks/29/0xdd35dd417ff701f7d0ef3226c3b78bc9a6b097ae.sol#170) is not in mixedCase
Parameter '_value' of StandardToken.transferFrom (/unique_chucks/29/0xdd35dd417ff701f7d0ef3226c3b78bc9a6b097ae.sol#170-171) is not in mixedCase
Parameter '_spender' of StandardToken.approve (/unique_chucks/29/0xdd35dd417ff701f7d0ef3226c3b78bc9a6b097ae.sol#196) is not in mixedCase
Parameter '_value' of StandardToken.approve (/unique_chucks/29/0xdd35dd417ff701f7d0ef3226c3b78bc9a6b097ae.sol#196) is not in mixedCase
Parameter '_spender' of StandardToken.increaseApproval (/unique_chucks/29/0xdd35dd417ff701f7d0ef3226c3b78bc9a6b097ae.sol#231) is not in mixedCase
Parameter '_addedValue' of StandardToken.increaseApproval (/unique_chucks/29/0xdd35dd417ff701f7d0ef3226c3b78bc9a6b097ae.sol#232-233) is not in mixedCase
Parameter '_spender' of StandardToken.decreaseApproval (/unique_chucks/29/0xdd35dd417ff701f7d0ef3226c3b78bc9a6b097ae.sol#256) is not in mixedCase
Parameter '_subtractedValue' of StandardToken.decreaseApproval (/unique_chucks/29/0xdd35dd417ff701f7d0ef3226c3b78bc9a6b097ae.sol#256) is not in mixedCase
Parameter '_newOwner' of Ownable.transferOwnership (/unique_chucks/29/0xdd35dd417ff701f7d0ef3226c3b78bc9a6b097ae.sol#321) is not in mixedCase
Function 'Ownable._transferOwnership' (/unique_chucks/29/0xdd35dd417ff701f7d0ef3226c3b78bc9a6b097ae.sol#332-334) is not in mixedCase
Parameter '_newOwner' of Ownable._transferOwnership (/unique_chucks/29/0xdd35dd417ff701f7d0ef3226c3b78bc9a6b097ae.sol#332) is not in mixedCase
Parameter '_to' of MintableToken.mint (/unique_chucks/29/0xdd35dd417ff701f7d0ef3226c3b78bc9a6b097ae.sol#376) is not in mixedCase
Parameter '_amount' of MintableToken.mint (/unique_chucks/29/0xdd35dd417ff701f7d0ef3226c3b78bc9a6b097ae.sol#376) is not in mixedCase
Contract 'vtesttoken' (/unique_chucks/29/0xdd35dd417ff701f7d0ef3226c3b78bc9a6b097ae.sol) is not in CapWords
Reference: https://github.com/trailofbits/slither/wiki/Detectors-Documentation#conformance-to-solidity-naming-conventions[0m
INFO:Slither:/unique_chucks/29/0xdd35dd417ff701f7d0ef3226c3b78bc9a6b097ae.sol analyzed (8 contracts), 40 result(s) found