INFO:Slither:Compilation warnings/errors on /unique_chucks/36/0x9d43c34a050d5c1a865b09993a0d1d04ec4432ab.sol:
/unique_chucks/36/0x9d43c34a050d5c1a865b09993a0d1d04ec4432ab.sol:119:5: Warning: Defining constructors as functions with the same name as the contract is deprecated. Use "constructor(...) { ... }" instead.
    function DaiMaker(IMaker _maker) {
    ^ (Relevant source part starts here and spans across multiple lines).
/unique_chucks/36/0x9d43c34a050d5c1a865b09993a0d1d04ec4432ab.sol:6:1: Warning: Source file does not specify required compiler version!Consider adding "pragma solidity ^0.4.25;"
interface IMaker {
^ (Relevant source part starts here and spans across multiple lines).
/unique_chucks/36/0x9d43c34a050d5c1a865b09993a0d1d04ec4432ab.sol:7:5: Warning: Functions in interfaces should be declared external.
    function sai() public view returns (ERC20);
    ^-----------------------------------------^
/unique_chucks/36/0x9d43c34a050d5c1a865b09993a0d1d04ec4432ab.sol:8:5: Warning: Functions in interfaces should be declared external.
    function skr() public view returns (ERC20);
    ^-----------------------------------------^
/unique_chucks/36/0x9d43c34a050d5c1a865b09993a0d1d04ec4432ab.sol:9:5: Warning: Functions in interfaces should be declared external.
    function gem() public view returns (ERC20);
    ^-----------------------------------------^
/unique_chucks/36/0x9d43c34a050d5c1a865b09993a0d1d04ec4432ab.sol:11:5: Warning: Functions in interfaces should be declared external.
    function open() public returns (bytes32 cup);
    ^-------------------------------------------^
/unique_chucks/36/0x9d43c34a050d5c1a865b09993a0d1d04ec4432ab.sol:12:5: Warning: Functions in interfaces should be declared external.
    function give(bytes32 cup, address guy) public;
    ^---------------------------------------------^
/unique_chucks/36/0x9d43c34a050d5c1a865b09993a0d1d04ec4432ab.sol:14:5: Warning: Functions in interfaces should be declared external.
    function gap() public view returns (uint);
    ^----------------------------------------^
/unique_chucks/36/0x9d43c34a050d5c1a865b09993a0d1d04ec4432ab.sol:15:5: Warning: Functions in interfaces should be declared external.
    function per() public view returns (uint);
    ^----------------------------------------^
/unique_chucks/36/0x9d43c34a050d5c1a865b09993a0d1d04ec4432ab.sol:17:5: Warning: Functions in interfaces should be declared external.
    function ask(uint wad) public view returns (uint);
    ^------------------------------------------------^
/unique_chucks/36/0x9d43c34a050d5c1a865b09993a0d1d04ec4432ab.sol:18:5: Warning: Functions in interfaces should be declared external.
    function bid(uint wad) public view returns (uint);
    ^------------------------------------------------^
/unique_chucks/36/0x9d43c34a050d5c1a865b09993a0d1d04ec4432ab.sol:20:5: Warning: Functions in interfaces should be declared external.
    function join(uint wad) public;
    ^-----------------------------^
/unique_chucks/36/0x9d43c34a050d5c1a865b09993a0d1d04ec4432ab.sol:21:5: Warning: Functions in interfaces should be declared external.
    function lock(bytes32 cup, uint wad) public;
    ^------------------------------------------^
/unique_chucks/36/0x9d43c34a050d5c1a865b09993a0d1d04ec4432ab.sol:22:5: Warning: Functions in interfaces should be declared external.
    function free(bytes32 cup, uint wad) public;
    ^------------------------------------------^
/unique_chucks/36/0x9d43c34a050d5c1a865b09993a0d1d04ec4432ab.sol:23:5: Warning: Functions in interfaces should be declared external.
    function draw(bytes32 cup, uint wad) public;
    ^------------------------------------------^
/unique_chucks/36/0x9d43c34a050d5c1a865b09993a0d1d04ec4432ab.sol:24:5: Warning: Functions in interfaces should be declared external.
    function cage(uint fit_, uint jam) public;
    ^----------------------------------------^
/unique_chucks/36/0x9d43c34a050d5c1a865b09993a0d1d04ec4432ab.sol:28:5: Warning: Functions in interfaces should be declared external.
    function totalSupply() public view returns (uint256);
    ^---------------------------------------------------^
/unique_chucks/36/0x9d43c34a050d5c1a865b09993a0d1d04ec4432ab.sol:29:5: Warning: Functions in interfaces should be declared external.
    function balanceOf(address who) public view returns (uint256);
    ^------------------------------------------------------------^
/unique_chucks/36/0x9d43c34a050d5c1a865b09993a0d1d04ec4432ab.sol:30:5: Warning: Functions in interfaces should be declared external.
    function transfer(address to, uint256 value) public returns (bool);
    ^-----------------------------------------------------------------^
/unique_chucks/36/0x9d43c34a050d5c1a865b09993a0d1d04ec4432ab.sol:32:5: Warning: Functions in interfaces should be declared external.
    function allowance(address owner, address spender) public view returns (uint256);
    ^-------------------------------------------------------------------------------^
/unique_chucks/36/0x9d43c34a050d5c1a865b09993a0d1d04ec4432ab.sol:33:5: Warning: Functions in interfaces should be declared external.
    function transferFrom(address from, address to, uint256 value) public returns (bool);
    ^-----------------------------------------------------------------------------------^
/unique_chucks/36/0x9d43c34a050d5c1a865b09993a0d1d04ec4432ab.sol:34:5: Warning: Functions in interfaces should be declared external.
    function approve(address spender, uint256 value) public returns (bool);
    ^---------------------------------------------------------------------^
/unique_chucks/36/0x9d43c34a050d5c1a865b09993a0d1d04ec4432ab.sol:39:5: Warning: Functions in interfaces should be declared external.
    function deposit() public payable;
    ^--------------------------------^
/unique_chucks/36/0x9d43c34a050d5c1a865b09993a0d1d04ec4432ab.sol:40:5: Warning: Functions in interfaces should be declared external.
    function withdraw(uint wad) public;
    ^---------------------------------^
/unique_chucks/36/0x9d43c34a050d5c1a865b09993a0d1d04ec4432ab.sol:145:9: Warning: Invoking events without "emit" prefix is deprecated.
        MakeDai(daiOwner, cdpOwner, msg.value, daiAmount, pethAmount);
        ^-----------------------------------------------------------^
/unique_chucks/36/0x9d43c34a050d5c1a865b09993a0d1d04ec4432ab.sol:119:5: Warning: No visibility specified. Defaulting to "public". 
    function DaiMaker(IMaker _maker) {
    ^ (Relevant source part starts here and spans across multiple lines).

INFO:Detectors:[93m
DaiMaker.makeDai (/unique_chucks/36/0x9d43c34a050d5c1a865b09993a0d1d04ec4432ab.sol#127-147) does not use the value returned by external calls:
	-weth.approve(maker,msg.value) (/unique_chucks/36/0x9d43c34a050d5c1a865b09993a0d1d04ec4432ab.sol#130-131)
	-peth.approve(maker,pethAmount) (/unique_chucks/36/0x9d43c34a050d5c1a865b09993a0d1d04ec4432ab.sol#138-139)
	-dai.transfer(daiOwner,daiAmount) (/unique_chucks/36/0x9d43c34a050d5c1a865b09993a0d1d04ec4432ab.sol#143-145)
Reference: https://github.com/trailofbits/slither/wiki/Detectors-Documentation#unused-return[0m
INFO:Detectors:[92m
Reentrancy in DaiMaker.DaiMaker (/unique_chucks/36/0x9d43c34a050d5c1a865b09993a0d1d04ec4432ab.sol#123-127):
	External calls:
	- weth = maker.gem() (/unique_chucks/36/0x9d43c34a050d5c1a865b09993a0d1d04ec4432ab.sol#126)
	- peth = maker.skr() (/unique_chucks/36/0x9d43c34a050d5c1a865b09993a0d1d04ec4432ab.sol#126)
	State variables written after the call(s):
	- peth (/unique_chucks/36/0x9d43c34a050d5c1a865b09993a0d1d04ec4432ab.sol#126)
Reentrancy in DaiMaker.DaiMaker (/unique_chucks/36/0x9d43c34a050d5c1a865b09993a0d1d04ec4432ab.sol#123-127):
	External calls:
	- weth = maker.gem() (/unique_chucks/36/0x9d43c34a050d5c1a865b09993a0d1d04ec4432ab.sol#126)
	- peth = maker.skr() (/unique_chucks/36/0x9d43c34a050d5c1a865b09993a0d1d04ec4432ab.sol#126)
	- dai = maker.sai() (/unique_chucks/36/0x9d43c34a050d5c1a865b09993a0d1d04ec4432ab.sol#126)
	State variables written after the call(s):
	- dai (/unique_chucks/36/0x9d43c34a050d5c1a865b09993a0d1d04ec4432ab.sol#126)
Reference: https://github.com/trailofbits/slither/wiki/Detectors-Documentation#reentrancy-vulnerabilities-2[0m
INFO:Detectors:[92m
IMaker.sai (/unique_chucks/36/0x9d43c34a050d5c1a865b09993a0d1d04ec4432ab.sol#7-8) should be declared external
IMaker.skr (/unique_chucks/36/0x9d43c34a050d5c1a865b09993a0d1d04ec4432ab.sol#8-9) should be declared external
IMaker.gem (/unique_chucks/36/0x9d43c34a050d5c1a865b09993a0d1d04ec4432ab.sol#9-11) should be declared external
IMaker.open (/unique_chucks/36/0x9d43c34a050d5c1a865b09993a0d1d04ec4432ab.sol#11-12) should be declared external
IMaker.give (/unique_chucks/36/0x9d43c34a050d5c1a865b09993a0d1d04ec4432ab.sol#12-14) should be declared external
IMaker.gap (/unique_chucks/36/0x9d43c34a050d5c1a865b09993a0d1d04ec4432ab.sol#14-15) should be declared external
IMaker.per (/unique_chucks/36/0x9d43c34a050d5c1a865b09993a0d1d04ec4432ab.sol#15-17) should be declared external
IMaker.ask (/unique_chucks/36/0x9d43c34a050d5c1a865b09993a0d1d04ec4432ab.sol#17-18) should be declared external
IMaker.bid (/unique_chucks/36/0x9d43c34a050d5c1a865b09993a0d1d04ec4432ab.sol#18-20) should be declared external
IMaker.join (/unique_chucks/36/0x9d43c34a050d5c1a865b09993a0d1d04ec4432ab.sol#20-21) should be declared external
IMaker.lock (/unique_chucks/36/0x9d43c34a050d5c1a865b09993a0d1d04ec4432ab.sol#21-22) should be declared external
IMaker.free (/unique_chucks/36/0x9d43c34a050d5c1a865b09993a0d1d04ec4432ab.sol#22-23) should be declared external
IMaker.draw (/unique_chucks/36/0x9d43c34a050d5c1a865b09993a0d1d04ec4432ab.sol#23-24) should be declared external
IMaker.cage (/unique_chucks/36/0x9d43c34a050d5c1a865b09993a0d1d04ec4432ab.sol#24-28) should be declared external
ERC20.totalSupply (/unique_chucks/36/0x9d43c34a050d5c1a865b09993a0d1d04ec4432ab.sol#28-29) should be declared external
ERC20.balanceOf (/unique_chucks/36/0x9d43c34a050d5c1a865b09993a0d1d04ec4432ab.sol#29-30) should be declared external
ERC20.transfer (/unique_chucks/36/0x9d43c34a050d5c1a865b09993a0d1d04ec4432ab.sol#30-31) should be declared external
ERC20.allowance (/unique_chucks/36/0x9d43c34a050d5c1a865b09993a0d1d04ec4432ab.sol#32-33) should be declared external
ERC20.transferFrom (/unique_chucks/36/0x9d43c34a050d5c1a865b09993a0d1d04ec4432ab.sol#33-34) should be declared external
ERC20.approve (/unique_chucks/36/0x9d43c34a050d5c1a865b09993a0d1d04ec4432ab.sol#34-35) should be declared external
IWETH.deposit (/unique_chucks/36/0x9d43c34a050d5c1a865b09993a0d1d04ec4432ab.sol#40) should be declared external
IWETH.withdraw (/unique_chucks/36/0x9d43c34a050d5c1a865b09993a0d1d04ec4432ab.sol#43-44) should be declared external
DSMath.wdiv (/unique_chucks/36/0x9d43c34a050d5c1a865b09993a0d1d04ec4432ab.sol#77-80) should be declared external
DaiMaker.makeDai (/unique_chucks/36/0x9d43c34a050d5c1a865b09993a0d1d04ec4432ab.sol#127-147) should be declared external
Reference: https://github.com/trailofbits/slither/wiki/Detectors-Documentation#public-function-that-could-be-declared-as-external[0m
INFO:Detectors:[92m
Function 'DaiMaker.DaiMaker' (/unique_chucks/36/0x9d43c34a050d5c1a865b09993a0d1d04ec4432ab.sol#123-127) is not in mixedCase
Parameter '_maker' of DaiMaker.DaiMaker (/unique_chucks/36/0x9d43c34a050d5c1a865b09993a0d1d04ec4432ab.sol#123-126) is not in mixedCase
Reference: https://github.com/trailofbits/slither/wiki/Detectors-Documentation#conformance-to-solidity-naming-conventions[0m
INFO:Slither:/unique_chucks/36/0x9d43c34a050d5c1a865b09993a0d1d04ec4432ab.sol analyzed (5 contracts), 29 result(s) found