2019-08-02 08:33:32,834: [12] m.main:INFO: Registered plugins: DetectSuicidal, DetectReentrancySimple, DetectEnvInstruction, DetectDelegatecall, DetectUninitializedStorage, DetectUnusedRetVal, DetectIntegerOverflow, DetectExternalCallAndLeak, DetectReentrancyAdvanced, DetectUninitializedMemory, DetectInvalid
2019-08-02 08:33:32,834: [12] m.main:INFO: Beginning analysis
2019-08-02 08:33:32,848: [12] m.e.manticore:INFO: Starting symbolic create contract
2019-08-02 08:33:35,242: [12] m.e.manticore:INFO: Starting symbolic transaction: 0
2019-08-02 08:33:38,071: [12] m.e.manticore:INFO: 1 alive states, 5 terminated states
2019-08-02 08:33:38,769: [12] m.e.manticore:INFO: Starting symbolic transaction: 1
2019-08-02 08:33:42,075: [12] m.e.manticore:INFO: 1 alive states, 10 terminated states
2019-08-02 08:33:43,040: [1525] m.c.manticore:INFO: Generated testcase No. 0 - REVERT(2 txs)
2019-08-02 08:33:43,048: [1528] m.c.manticore:INFO: Generated testcase No. 2 - REVERT(2 txs)
2019-08-02 08:33:43,052: [1518] m.c.manticore:INFO: Generated testcase No. 1 - RETURN(1 txs)
2019-08-02 08:33:43,059: [1522] m.c.manticore:INFO: Generated testcase No. 4 - REVERT(2 txs)
2019-08-02 08:33:43,059: [1520] m.c.manticore:INFO: Generated testcase No. 3 - RETURN(3 txs)
2019-08-02 08:33:43,061: [1527] m.c.manticore:INFO: Generated testcase No. 5 - REVERT(2 txs)
2019-08-02 08:33:43,133: [1533] m.c.manticore:INFO: Generated testcase No. 6 - RETURN(2 txs)
2019-08-02 08:33:43,198: [1544] m.c.manticore:INFO: Generated testcase No. 7 - REVERT(3 txs)
2019-08-02 08:33:47,637: [1518] m.c.manticore:INFO: Generated testcase No. 8 - REVERT(3 txs)
2019-08-02 08:33:48,649: [1533] m.c.manticore:INFO: Generated testcase No. 9 - REVERT(3 txs)
2019-08-02 08:33:48,785: [1522] m.c.manticore:INFO: Generated testcase No. 10 - REVERT(3 txs)
2019-08-02 08:33:52,237: [12] m.c.manticore:INFO: Results in /mcore_6nj62gvo
2019-08-02 08:33:54,006: [2141] m.main:INFO: Registered plugins: DetectUnusedRetVal, DetectUninitializedStorage, DetectSuicidal, DetectExternalCallAndLeak, DetectEnvInstruction, DetectUninitializedMemory, DetectReentrancyAdvanced, DetectDelegatecall, DetectIntegerOverflow, DetectReentrancySimple, DetectInvalid
2019-08-02 08:33:54,007: [2141] m.main:INFO: Beginning analysis
2019-08-02 08:33:54,035: [2141] m.e.manticore:INFO: Starting symbolic create contract
2019-08-02 08:33:54,451: [2185] m.c.manticore:INFO: Generated testcase No. 0 - NO STATE RESULT (?)(0 txs)
2019-08-02 08:33:54,748: [2141] m.c.manticore:INFO: Results in /mcore_2twdkm_h
2019-08-02 08:33:55,560: [2444] m.main:INFO: Registered plugins: DetectDelegatecall, DetectIntegerOverflow, DetectReentrancySimple, DetectInvalid, DetectUnusedRetVal, DetectReentrancyAdvanced, DetectUninitializedStorage, DetectExternalCallAndLeak, DetectSuicidal, DetectEnvInstruction, DetectUninitializedMemory
2019-08-02 08:33:55,560: [2444] m.main:INFO: Beginning analysis
2019-08-02 08:33:55,569: [2444] m.e.manticore:INFO: Starting symbolic create contract
2019-08-02 08:34:00,573: [2444] m.e.manticore:INFO: Starting symbolic transaction: 0
2019-08-02 08:34:10,182: [2444] m.e.manticore:INFO: 4 alive states, 16 terminated states
2019-08-02 08:34:12,826: [2444] m.e.manticore:INFO: Starting symbolic transaction: 1
2019-08-02 08:34:52,438: [2444] m.e.manticore:INFO: 16 alive states, 80 terminated states
2019-08-02 08:34:55,783: [10302] m.c.manticore:INFO: Generated testcase No. 0 - RETURN(3 txs)
2019-08-02 08:34:56,018: [10310] m.c.manticore:INFO: Generated testcase No. 1 - RETURN(3 txs)
2019-08-02 08:34:56,152: [10323] m.c.manticore:INFO: Generated testcase No. 2 - RETURN(3 txs)
2019-08-02 08:34:56,198: [10314] m.c.manticore:INFO: Generated testcase No. 4 - RETURN(3 txs)
2019-08-02 08:34:56,205: [10328] m.c.manticore:INFO: Generated testcase No. 3 - RETURN(3 txs)
2019-08-02 08:34:56,343: [10304] m.c.manticore:INFO: Generated testcase No. 5 - RETURN(3 txs)
2019-08-02 08:34:56,347: [10315] m.c.manticore:INFO: Generated testcase No. 6 - RETURN(3 txs)
2019-08-02 08:34:56,356: [10329] m.c.manticore:INFO: Generated testcase No. 9 - RETURN(3 txs)
2019-08-02 08:34:56,357: [10319] m.c.manticore:INFO: Generated testcase No. 7 - RETURN(3 txs)
2019-08-02 08:34:56,394: [10330] m.c.manticore:INFO: Generated testcase No. 8 - RETURN(3 txs)
2019-08-02 08:35:19,895: [10314] m.c.manticore:INFO: Generated testcase No. 10 - RETURN(3 txs)
2019-08-02 08:35:20,725: [10328] m.c.manticore:INFO: Generated testcase No. 12 - RETURN(3 txs)
2019-08-02 08:35:20,909: [10330] m.c.manticore:INFO: Generated testcase No. 14 - RETURN(3 txs)
2019-08-02 08:35:20,920: [10323] m.c.manticore:INFO: Generated testcase No. 13 - RETURN(3 txs)
2019-08-02 08:35:21,435: [10310] m.c.manticore:INFO: Generated testcase No. 15 - RETURN(3 txs)
2019-08-02 08:35:21,611: [10329] m.c.manticore:INFO: Generated testcase No. 16 - RETURN(3 txs)
2019-08-02 08:35:21,682: [10302] m.c.manticore:INFO: Generated testcase No. 11 - RETURN(1 txs)
2019-08-02 08:35:22,596: [10304] m.c.manticore:INFO: Generated testcase No. 18 - REVERT(2 txs)
2019-08-02 08:35:22,685: [10315] m.c.manticore:INFO: Generated testcase No. 17 - REVERT(2 txs)
2019-08-02 08:35:23,053: [10319] m.c.manticore:INFO: Generated testcase No. 19 - REVERT(2 txs)
2019-08-02 08:35:40,376: [10302] m.c.manticore:INFO: Generated testcase No. 20 - REVERT(2 txs)
2019-08-02 08:35:43,126: [10330] m.c.manticore:INFO: Generated testcase No. 21 - REVERT(2 txs)
2019-08-02 08:35:43,308: [10304] m.c.manticore:INFO: Generated testcase No. 22 - REVERT(2 txs)
2019-08-02 08:35:43,416: [10323] m.c.manticore:INFO: Generated testcase No. 23 - REVERT(2 txs)
2019-08-02 08:35:43,847: [10319] m.c.manticore:INFO: Generated testcase No. 24 - REVERT(2 txs)
2019-08-02 08:35:44,024: [10315] m.c.manticore:INFO: Generated testcase No. 25 - REVERT(2 txs)
2019-08-02 08:35:44,315: [10314] m.c.manticore:INFO: Generated testcase No. 27 - REVERT(2 txs)
2019-08-02 08:35:44,342: [10328] m.c.manticore:INFO: Generated testcase No. 26 - REVERT(2 txs)
2019-08-02 08:35:46,030: [10329] m.c.manticore:INFO: Generated testcase No. 28 - REVERT(2 txs)
2019-08-02 08:35:46,150: [10310] m.c.manticore:INFO: Generated testcase No. 29 - REVERT(2 txs)
2019-08-02 08:36:02,577: [10302] m.c.manticore:INFO: Generated testcase No. 30 - REVERT(2 txs)
2019-08-02 08:36:04,483: [10304] m.c.manticore:INFO: Generated testcase No. 31 - RETURN(2 txs)
2019-08-02 08:36:04,986: [10319] m.c.manticore:INFO: Generated testcase No. 33 - RETURN(2 txs)
2019-08-02 08:36:05,386: [10315] m.c.manticore:INFO: Generated testcase No. 34 - REVERT(3 txs)
2019-08-02 08:36:05,718: [10328] m.c.manticore:INFO: Generated testcase No. 35 - REVERT(2 txs)
2019-08-02 08:36:05,820: [10323] m.c.manticore:INFO: Generated testcase No. 32 - RETURN(2 txs)
2019-08-02 08:36:06,124: [10330] m.c.manticore:INFO: Generated testcase No. 36 - RETURN(2 txs)
2019-08-02 08:36:07,627: [10314] m.c.manticore:INFO: Generated testcase No. 37 - REVERT(3 txs)
2019-08-02 08:36:09,277: [10329] m.c.manticore:INFO: Generated testcase No. 38 - REVERT(3 txs)
2019-08-02 08:36:10,230: [10310] m.c.manticore:INFO: Generated testcase No. 39 - REVERT(3 txs)
2019-08-02 08:36:26,476: [10302] m.c.manticore:INFO: Generated testcase No. 40 - REVERT(3 txs)
2019-08-02 08:36:28,082: [10319] m.c.manticore:INFO: Generated testcase No. 41 - REVERT(3 txs)
2019-08-02 08:36:28,604: [10330] m.c.manticore:INFO: Generated testcase No. 42 - REVERT(3 txs)
2019-08-02 08:36:28,735: [10323] m.c.manticore:INFO: Generated testcase No. 43 - REVERT(3 txs)
2019-08-02 08:36:29,025: [10328] m.c.manticore:INFO: Generated testcase No. 44 - REVERT(3 txs)
2019-08-02 08:36:31,687: [10315] m.c.manticore:INFO: Generated testcase No. 45 - REVERT(3 txs)
2019-08-02 08:36:32,875: [10314] m.c.manticore:INFO: Generated testcase No. 46 - REVERT(3 txs)
2019-08-02 08:36:33,651: [10329] m.c.manticore:INFO: Generated testcase No. 48 - REVERT(3 txs)
2019-08-02 08:36:33,657: [10310] m.c.manticore:INFO: Generated testcase No. 47 - REVERT(3 txs)
2019-08-02 08:36:48,503: [10302] m.c.manticore:INFO: Generated testcase No. 49 - REVERT(3 txs)
2019-08-02 08:36:49,397: [10323] m.c.manticore:INFO: Generated testcase No. 50 - REVERT(3 txs)
2019-08-02 08:36:49,812: [10330] m.c.manticore:INFO: Generated testcase No. 51 - REVERT(3 txs)
2019-08-02 08:36:50,205: [10328] m.c.manticore:INFO: Generated testcase No. 52 - REVERT(3 txs)
2019-08-02 08:36:52,310: [10315] m.c.manticore:INFO: Generated testcase No. 53 - REVERT(3 txs)
2019-08-02 08:36:53,223: [10319] m.c.manticore:INFO: Generated testcase No. 54 - REVERT(3 txs)
2019-08-02 08:36:56,436: [10314] m.c.manticore:INFO: Generated testcase No. 55 - REVERT(3 txs)
2019-08-02 08:36:57,789: [10310] m.c.manticore:INFO: Generated testcase No. 56 - REVERT(3 txs)
2019-08-02 08:36:58,029: [10329] m.c.manticore:INFO: Generated testcase No. 57 - REVERT(3 txs)
2019-08-02 08:37:12,625: [10328] m.c.manticore:INFO: Generated testcase No. 58 - REVERT(3 txs)
2019-08-02 08:37:13,137: [10302] m.c.manticore:INFO: Generated testcase No. 60 - REVERT(3 txs)
2019-08-02 08:37:13,193: [10330] m.c.manticore:INFO: Generated testcase No. 59 - REVERT(3 txs)
2019-08-02 08:37:14,110: [10323] m.c.manticore:INFO: Generated testcase No. 61 - REVERT(3 txs)
2019-08-02 08:37:16,734: [10319] m.c.manticore:INFO: Generated testcase No. 62 - REVERT(3 txs)
2019-08-02 08:37:17,222: [10315] m.c.manticore:INFO: Generated testcase No. 63 - REVERT(3 txs)
2019-08-02 08:37:18,182: [10314] m.c.manticore:INFO: Generated testcase No. 64 - REVERT(3 txs)
2019-08-02 08:37:18,423: [10310] m.c.manticore:INFO: Generated testcase No. 65 - REVERT(3 txs)
2019-08-02 08:37:19,717: [10329] m.c.manticore:INFO: Generated testcase No. 66 - REVERT(3 txs)
2019-08-02 08:37:37,637: [10328] m.c.manticore:INFO: Generated testcase No. 67 - REVERT(3 txs)
2019-08-02 08:37:37,704: [10330] m.c.manticore:INFO: Generated testcase No. 68 - REVERT(3 txs)
2019-08-02 08:37:39,047: [10323] m.c.manticore:INFO: Generated testcase No. 69 - REVERT(3 txs)
2019-08-02 08:37:39,237: [10302] m.c.manticore:INFO: Generated testcase No. 70 - REVERT(3 txs)
2019-08-02 08:37:39,498: [10319] m.c.manticore:INFO: Generated testcase No. 71 - REVERT(3 txs)
2019-08-02 08:37:41,001: [10315] m.c.manticore:INFO: Generated testcase No. 72 - REVERT(3 txs)
2019-08-02 08:37:41,048: [10310] m.c.manticore:INFO: Generated testcase No. 73 - REVERT(3 txs)
2019-08-02 08:37:43,126: [10314] m.c.manticore:INFO: Generated testcase No. 74 - REVERT(3 txs)
2019-08-02 08:37:45,531: [10329] m.c.manticore:INFO: Generated testcase No. 75 - REVERT(3 txs)
2019-08-02 08:38:01,952: [10328] m.c.manticore:INFO: Generated testcase No. 76 - REVERT(3 txs)
2019-08-02 08:38:03,992: [10330] m.c.manticore:INFO: Generated testcase No. 77 - REVERT(3 txs)
2019-08-02 08:38:04,574: [10323] m.c.manticore:INFO: Generated testcase No. 78 - REVERT(3 txs)
2019-08-02 08:38:04,708: [10302] m.c.manticore:INFO: Generated testcase No. 79 - REVERT(3 txs)
2019-08-02 08:38:05,388: [10319] m.c.manticore:INFO: Generated testcase No. 80 - REVERT(3 txs)
2019-08-02 08:38:06,335: [10310] m.c.manticore:INFO: Generated testcase No. 81 - REVERT(3 txs)
2019-08-02 08:38:06,977: [10315] m.c.manticore:INFO: Generated testcase No. 82 - REVERT(3 txs)
2019-08-02 08:38:08,595: [10314] m.c.manticore:INFO: Generated testcase No. 83 - REVERT(3 txs)
2019-08-02 08:38:11,096: [10329] m.c.manticore:INFO: Generated testcase No. 84 - REVERT(3 txs)
2019-08-02 08:38:26,784: [10328] m.c.manticore:INFO: Generated testcase No. 85 - REVERT(3 txs)
2019-08-02 08:38:29,890: [10330] m.c.manticore:INFO: Generated testcase No. 86 - REVERT(3 txs)
2019-08-02 08:38:29,906: [10302] m.c.manticore:INFO: Generated testcase No. 87 - REVERT(3 txs)
2019-08-02 08:38:30,090: [10323] m.c.manticore:INFO: Generated testcase No. 88 - REVERT(3 txs)
2019-08-02 08:38:31,639: [10315] m.c.manticore:INFO: Generated testcase No. 89 - REVERT(3 txs)
2019-08-02 08:38:31,886: [10319] m.c.manticore:INFO: Generated testcase No. 90 - REVERT(3 txs)
2019-08-02 08:38:32,603: [10310] m.c.manticore:INFO: Generated testcase No. 91 - REVERT(3 txs)
2019-08-02 08:38:35,181: [10314] m.c.manticore:INFO: Generated testcase No. 92 - REVERT(3 txs)
2019-08-02 08:38:37,794: [10329] m.c.manticore:INFO: Generated testcase No. 93 - REVERT(3 txs)
2019-08-02 08:38:49,749: [10328] m.c.manticore:INFO: Generated testcase No. 94 - REVERT(3 txs)
2019-08-02 08:38:52,780: [10323] m.c.manticore:INFO: Generated testcase No. 95 - REVERT(3 txs)
2019-08-02 08:39:02,254: [2444] m.c.manticore:INFO: Results in /mcore_bj2pkoaz
2019-08-02 08:39:06,879: [13291] m.main:INFO: Registered plugins: DetectDelegatecall, DetectUninitializedMemory, DetectEnvInstruction, DetectUnusedRetVal, DetectReentrancySimple, DetectInvalid, DetectExternalCallAndLeak, DetectSuicidal, DetectUninitializedStorage, DetectReentrancyAdvanced, DetectIntegerOverflow
2019-08-02 08:39:06,880: [13291] m.main:INFO: Beginning analysis
2019-08-02 08:39:06,927: [13291] m.e.manticore:INFO: Starting symbolic create contract
2019-08-02 08:39:12,446: [13291] m.e.manticore:INFO: Starting symbolic transaction: 0
2019-08-02 08:39:25,503: [13291] m.e.manticore:INFO: 6 alive states, 18 terminated states
2019-08-02 08:39:28,670: [13291] m.e.manticore:INFO: Starting symbolic transaction: 1
2019-08-02 08:41:03,243: [13291] m.e.manticore:INFO: 36 alive states, 126 terminated states
2019-08-02 08:41:07,796: [27107] m.c.manticore:INFO: Generated testcase No. 1 - RETURN(3 txs)
2019-08-02 08:41:07,826: [27131] m.c.manticore:INFO: Generated testcase No. 6 - RETURN(3 txs)
2019-08-02 08:41:07,850: [27174] m.c.manticore:INFO: Generated testcase No. 2 - RETURN(3 txs)
2019-08-02 08:41:07,888: [27157] m.c.manticore:INFO: Generated testcase No. 3 - RETURN(3 txs)
2019-08-02 08:41:07,897: [27149] m.c.manticore:INFO: Generated testcase No. 5 - RETURN(3 txs)
2019-08-02 08:41:07,912: [27116] m.c.manticore:INFO: Generated testcase No. 4 - RETURN(3 txs)
2019-08-02 08:41:07,934: [27109] m.c.manticore:INFO: Generated testcase No. 0 - RETURN(3 txs)
2019-08-02 08:41:07,979: [27124] m.c.manticore:INFO: Generated testcase No. 8 - RETURN(3 txs)
2019-08-02 08:41:07,987: [27165] m.c.manticore:INFO: Generated testcase No. 7 - RETURN(3 txs)
2019-08-02 08:41:08,077: [27141] m.c.manticore:INFO: Generated testcase No. 9 - RETURN(3 txs)
2019-08-02 08:41:38,200: [27124] m.c.manticore:INFO: Generated testcase No. 10 - RETURN(3 txs)
2019-08-02 08:41:38,702: [27174] m.c.manticore:INFO: Generated testcase No. 11 - RETURN(3 txs)
2019-08-02 08:41:39,780: [27131] m.c.manticore:INFO: Generated testcase No. 12 - RETURN(3 txs)
2019-08-02 08:41:40,146: [27107] m.c.manticore:INFO: Generated testcase No. 13 - RETURN(3 txs)
2019-08-02 08:41:40,247: [27141] m.c.manticore:INFO: Generated testcase No. 14 - RETURN(3 txs)
2019-08-02 08:41:40,438: [27157] m.c.manticore:INFO: Generated testcase No. 15 - RETURN(3 txs)
2019-08-02 08:41:40,725: [27116] m.c.manticore:INFO: Generated testcase No. 16 - RETURN(3 txs)
2019-08-02 08:41:41,281: [27149] m.c.manticore:INFO: Generated testcase No. 17 - RETURN(3 txs)
2019-08-02 08:41:41,613: [27109] m.c.manticore:INFO: Generated testcase No. 18 - RETURN(3 txs)
2019-08-02 08:41:43,842: [27165] m.c.manticore:INFO: Generated testcase No. 19 - RETURN(3 txs)
2019-08-02 08:42:14,920: [27131] m.c.manticore:INFO: Generated testcase No. 20 - RETURN(3 txs)
2019-08-02 08:42:15,348: [27116] m.c.manticore:INFO: Generated testcase No. 21 - RETURN(3 txs)
2019-08-02 08:42:15,705: [27109] m.c.manticore:INFO: Generated testcase No. 22 - RETURN(3 txs)
2019-08-02 08:42:16,679: [27141] m.c.manticore:INFO: Generated testcase No. 23 - RETURN(3 txs)
2019-08-02 08:42:17,211: [27124] m.c.manticore:INFO: Generated testcase No. 26 - RETURN(3 txs)
2019-08-02 08:42:17,215: [27174] m.c.manticore:INFO: Generated testcase No. 24 - RETURN(3 txs)
2019-08-02 08:42:17,275: [27165] m.c.manticore:INFO: Generated testcase No. 25 - RETURN(3 txs)
2019-08-02 08:42:18,030: [27149] m.c.manticore:INFO: Generated testcase No. 28 - RETURN(3 txs)
2019-08-02 08:42:18,046: [27157] m.c.manticore:INFO: Generated testcase No. 27 - RETURN(3 txs)
2019-08-02 08:42:19,236: [27107] m.c.manticore:INFO: Generated testcase No. 29 - RETURN(3 txs)
2019-08-02 08:42:43,618: [27116] m.c.manticore:INFO: Generated testcase No. 30 - RETURN(3 txs)
2019-08-02 08:42:47,621: [27109] m.c.manticore:INFO: Generated testcase No. 31 - RETURN(3 txs)
2019-08-02 08:42:48,049: [27149] m.c.manticore:INFO: Generated testcase No. 32 - RETURN(3 txs)
2019-08-02 08:42:48,513: [27131] m.c.manticore:INFO: Generated testcase No. 33 - RETURN(3 txs)
2019-08-02 08:42:48,749: [27174] m.c.manticore:INFO: Generated testcase No. 34 - RETURN(3 txs)
2019-08-02 08:42:50,938: [27124] m.c.manticore:INFO: Generated testcase No. 35 - RETURN(3 txs)
2019-08-02 08:42:51,023: [27141] m.c.manticore:INFO: Generated testcase No. 36 - RETURN(1 txs)
2019-08-02 08:42:51,263: [27107] m.c.manticore:INFO: Generated testcase No. 37 - REVERT(2 txs)
2019-08-02 08:42:52,088: [27165] m.c.manticore:INFO: Generated testcase No. 38 - REVERT(2 txs)
2019-08-02 08:42:52,665: [27157] m.c.manticore:INFO: Generated testcase No. 39 - REVERT(2 txs)
2019-08-02 08:43:17,580: [27141] m.c.manticore:INFO: Generated testcase No. 40 - REVERT(2 txs)
2019-08-02 08:43:18,376: [27157] m.c.manticore:INFO: Generated testcase No. 41 - REVERT(2 txs)
2019-08-02 08:43:18,487: [27165] m.c.manticore:INFO: Generated testcase No. 42 - REVERT(2 txs)
2019-08-02 08:43:19,859: [27109] m.c.manticore:INFO: Generated testcase No. 43 - REVERT(2 txs)
2019-08-02 08:43:20,024: [27149] m.c.manticore:INFO: Generated testcase No. 44 - REVERT(2 txs)
2019-08-02 08:43:20,340: [27116] m.c.manticore:INFO: Generated testcase No. 45 - REVERT(2 txs)
2019-08-02 08:43:20,342: [27107] m.c.manticore:INFO: Generated testcase No. 46 - REVERT(2 txs)
2019-08-02 08:43:21,383: [27131] m.c.manticore:INFO: Generated testcase No. 48 - REVERT(2 txs)
2019-08-02 08:43:21,526: [27174] m.c.manticore:INFO: Generated testcase No. 47 - REVERT(2 txs)
2019-08-02 08:43:22,828: [27124] m.c.manticore:INFO: Generated testcase No. 49 - REVERT(2 txs)
2019-08-02 08:43:44,247: [27116] m.c.manticore:INFO: Generated testcase No. 50 - RETURN(2 txs)
2019-08-02 08:43:45,138: [27165] m.c.manticore:INFO: Generated testcase No. 51 - REVERT(2 txs)
2019-08-02 08:43:45,484: [27141] m.c.manticore:INFO: Generated testcase No. 52 - REVERT(2 txs)
2019-08-02 08:43:45,630: [27157] m.c.manticore:INFO: Generated testcase No. 53 - REVERT(2 txs)
2019-08-02 08:43:47,076: [27109] m.c.manticore:INFO: Generated testcase No. 54 - REVERT(2 txs)
2019-08-02 08:43:47,927: [27149] m.c.manticore:INFO: Generated testcase No. 55 - RETURN(2 txs)
2019-08-02 08:43:48,328: [27107] m.c.manticore:INFO: Generated testcase No. 56 - RETURN(2 txs)
2019-08-02 08:43:48,333: [27131] m.c.manticore:INFO: Generated testcase No. 57 - RETURN(2 txs)
2019-08-02 08:43:50,888: [27174] m.c.manticore:INFO: Generated testcase No. 58 - RETURN(2 txs)
2019-08-02 08:43:51,488: [27124] m.c.manticore:INFO: Generated testcase No. 59 - REVERT(3 txs)
2019-08-02 08:44:10,274: [27141] m.c.manticore:INFO: Generated testcase No. 60 - REVERT(3 txs)
2019-08-02 08:44:10,533: [27157] m.c.manticore:INFO: Generated testcase No. 61 - RETURN(2 txs)
2019-08-02 08:44:10,848: [27165] m.c.manticore:INFO: Generated testcase No. 62 - REVERT(3 txs)
2019-08-02 08:44:10,951: [27109] m.c.manticore:INFO: Generated testcase No. 63 - REVERT(3 txs)
2019-08-02 08:44:11,833: [27116] m.c.manticore:INFO: Generated testcase No. 64 - REVERT(3 txs)
2019-08-02 08:44:12,604: [27149] m.c.manticore:INFO: Generated testcase No. 65 - REVERT(3 txs)
2019-08-02 08:44:13,144: [27131] m.c.manticore:INFO: Generated testcase No. 66 - REVERT(3 txs)
2019-08-02 08:44:14,035: [27107] m.c.manticore:INFO: Generated testcase No. 67 - REVERT(3 txs)
2019-08-02 08:44:18,490: [27174] m.c.manticore:INFO: Generated testcase No. 68 - REVERT(3 txs)
2019-08-02 08:44:21,021: [27124] m.c.manticore:INFO: Generated testcase No. 69 - REVERT(3 txs)
2019-08-02 08:44:39,577: [27157] m.c.manticore:INFO: Generated testcase No. 70 - REVERT(3 txs)
2019-08-02 08:44:40,107: [27141] m.c.manticore:INFO: Generated testcase No. 71 - REVERT(3 txs)
2019-08-02 08:44:40,621: [27165] m.c.manticore:INFO: Generated testcase No. 72 - REVERT(3 txs)
2019-08-02 08:44:41,738: [27109] m.c.manticore:INFO: Generated testcase No. 73 - REVERT(3 txs)
2019-08-02 08:44:44,195: [27116] m.c.manticore:INFO: Generated testcase No. 74 - REVERT(3 txs)
2019-08-02 08:44:44,226: [27131] m.c.manticore:INFO: Generated testcase No. 75 - REVERT(3 txs)
2019-08-02 08:44:44,594: [27149] m.c.manticore:INFO: Generated testcase No. 76 - REVERT(3 txs)
2019-08-02 08:44:45,218: [27107] m.c.manticore:INFO: Generated testcase No. 77 - REVERT(3 txs)
2019-08-02 08:44:51,775: [27174] m.c.manticore:INFO: Generated testcase No. 78 - REVERT(3 txs)
2019-08-02 08:44:54,579: [27124] m.c.manticore:INFO: Generated testcase No. 79 - REVERT(3 txs)
2019-08-02 08:45:11,779: [27157] m.c.manticore:INFO: Generated testcase No. 80 - REVERT(3 txs)
2019-08-02 08:45:12,620: [27141] m.c.manticore:INFO: Generated testcase No. 81 - REVERT(3 txs)
2019-08-02 08:45:12,925: [27165] m.c.manticore:INFO: Generated testcase No. 82 - REVERT(3 txs)
2019-08-02 08:45:15,357: [27109] m.c.manticore:INFO: Generated testcase No. 83 - REVERT(3 txs)
2019-08-02 08:45:17,277: [27116] m.c.manticore:INFO: Generated testcase No. 84 - REVERT(3 txs)
2019-08-02 08:45:17,820: [27107] m.c.manticore:INFO: Generated testcase No. 85 - REVERT(3 txs)
2019-08-02 08:45:17,975: [27131] m.c.manticore:INFO: Generated testcase No. 86 - REVERT(3 txs)
2019-08-02 08:45:18,681: [27149] m.c.manticore:INFO: Generated testcase No. 87 - REVERT(3 txs)
2019-08-02 08:45:24,775: [27174] m.c.manticore:INFO: Generated testcase No. 88 - REVERT(3 txs)
2019-08-02 08:45:27,481: [27124] m.c.manticore:INFO: Generated testcase No. 89 - REVERT(3 txs)
2019-08-02 08:45:44,900: [27157] m.c.manticore:INFO: Generated testcase No. 90 - REVERT(3 txs)
2019-08-02 08:45:45,228: [27141] m.c.manticore:INFO: Generated testcase No. 91 - REVERT(3 txs)
2019-08-02 08:45:46,132: [27165] m.c.manticore:INFO: Generated testcase No. 92 - REVERT(3 txs)
2019-08-02 08:45:47,182: [27109] m.c.manticore:INFO: Generated testcase No. 93 - REVERT(3 txs)
2019-08-02 08:45:50,677: [27116] m.c.manticore:INFO: Generated testcase No. 94 - REVERT(3 txs)
2019-08-02 08:45:50,977: [27107] m.c.manticore:INFO: Generated testcase No. 95 - REVERT(3 txs)
2019-08-02 08:45:51,144: [27131] m.c.manticore:INFO: Generated testcase No. 96 - REVERT(3 txs)
2019-08-02 08:45:52,383: [27149] m.c.manticore:INFO: Generated testcase No. 97 - REVERT(3 txs)
2019-08-02 08:45:55,625: [27174] m.c.manticore:INFO: Generated testcase No. 98 - REVERT(3 txs)
2019-08-02 08:45:59,487: [27124] m.c.manticore:INFO: Generated testcase No. 99 - REVERT(3 txs)
2019-08-02 08:46:18,421: [27165] m.c.manticore:INFO: Generated testcase No. 100 - REVERT(3 txs)
2019-08-02 08:46:18,426: [27141] m.c.manticore:INFO: Generated testcase No. 101 - REVERT(3 txs)
2019-08-02 08:46:19,174: [27109] m.c.manticore:INFO: Generated testcase No. 102 - REVERT(3 txs)
2019-08-02 08:46:19,283: [27157] m.c.manticore:INFO: Generated testcase No. 103 - REVERT(3 txs)
2019-08-02 08:46:22,908: [27107] m.c.manticore:INFO: Generated testcase No. 104 - REVERT(3 txs)
2019-08-02 08:46:24,136: [27116] m.c.manticore:INFO: Generated testcase No. 105 - REVERT(3 txs)
2019-08-02 08:46:25,534: [27131] m.c.manticore:INFO: Generated testcase No. 106 - REVERT(3 txs)
2019-08-02 08:46:25,775: [27149] m.c.manticore:INFO: Generated testcase No. 107 - REVERT(3 txs)
2019-08-02 08:46:28,994: [27124] m.c.manticore:INFO: Generated testcase No. 108 - REVERT(3 txs)
2019-08-02 08:46:30,913: [27174] m.c.manticore:INFO: Generated testcase No. 109 - REVERT(3 txs)
2019-08-02 08:46:50,078: [27165] m.c.manticore:INFO: Generated testcase No. 110 - REVERT(3 txs)
2019-08-02 08:46:51,132: [27109] m.c.manticore:INFO: Generated testcase No. 111 - REVERT(3 txs)
2019-08-02 08:46:52,189: [27141] m.c.manticore:INFO: Generated testcase No. 112 - REVERT(3 txs)
2019-08-02 08:46:53,216: [27157] m.c.manticore:INFO: Generated testcase No. 113 - REVERT(3 txs)
2019-08-02 08:46:54,839: [27107] m.c.manticore:INFO: Generated testcase No. 114 - REVERT(3 txs)
2019-08-02 08:46:56,079: [27149] m.c.manticore:INFO: Generated testcase No. 115 - REVERT(3 txs)
2019-08-02 08:46:57,929: [27116] m.c.manticore:INFO: Generated testcase No. 116 - REVERT(3 txs)
2019-08-02 08:46:59,679: [27131] m.c.manticore:INFO: Generated testcase No. 117 - REVERT(3 txs)
2019-08-02 08:47:01,704: [27124] m.c.manticore:INFO: Generated testcase No. 118 - REVERT(3 txs)
2019-08-02 08:47:05,229: [27174] m.c.manticore:INFO: Generated testcase No. 119 - REVERT(3 txs)
2019-08-02 08:47:23,600: [27165] m.c.manticore:INFO: Generated testcase No. 120 - REVERT(3 txs)
2019-08-02 08:47:23,810: [27157] m.c.manticore:INFO: Generated testcase No. 121 - REVERT(3 txs)
2019-08-02 08:47:25,206: [27109] m.c.manticore:INFO: Generated testcase No. 122 - REVERT(3 txs)
2019-08-02 08:47:26,800: [27141] m.c.manticore:INFO: Generated testcase No. 123 - REVERT(3 txs)
2019-08-02 08:47:30,209: [27107] m.c.manticore:INFO: Generated testcase No. 124 - REVERT(3 txs)
2019-08-02 08:47:30,709: [27149] m.c.manticore:INFO: Generated testcase No. 125 - REVERT(3 txs)
2019-08-02 08:47:32,835: [27116] m.c.manticore:INFO: Generated testcase No. 126 - REVERT(3 txs)
2019-08-02 08:47:33,092: [27131] m.c.manticore:INFO: Generated testcase No. 127 - REVERT(3 txs)
2019-08-02 08:47:36,893: [27124] m.c.manticore:INFO: Generated testcase No. 128 - REVERT(3 txs)
2019-08-02 08:47:39,998: [27174] m.c.manticore:INFO: Generated testcase No. 129 - REVERT(3 txs)
2019-08-02 08:47:53,130: [27165] m.c.manticore:INFO: Generated testcase No. 130 - REVERT(3 txs)
2019-08-02 08:47:55,441: [27157] m.c.manticore:INFO: Generated testcase No. 131 - REVERT(3 txs)
2019-08-02 08:47:55,592: [27141] m.c.manticore:INFO: Generated testcase No. 132 - REVERT(3 txs)
2019-08-02 08:48:00,935: [27109] m.c.manticore:INFO: Generated testcase No. 133 - REVERT(3 txs)
2019-08-02 08:48:01,323: [27149] m.c.manticore:INFO: Generated testcase No. 134 - REVERT(3 txs)
2019-08-02 08:48:02,106: [27107] m.c.manticore:INFO: Generated testcase No. 135 - REVERT(3 txs)
2019-08-02 08:48:04,985: [27116] m.c.manticore:INFO: Generated testcase No. 136 - REVERT(3 txs)
2019-08-02 08:48:07,924: [27131] m.c.manticore:INFO: Generated testcase No. 137 - REVERT(3 txs)
2019-08-02 08:48:10,936: [27124] m.c.manticore:INFO: Generated testcase No. 138 - REVERT(3 txs)
2019-08-02 08:48:12,788: [27174] m.c.manticore:INFO: Generated testcase No. 139 - REVERT(3 txs)
2019-08-02 08:48:26,652: [27165] m.c.manticore:INFO: Generated testcase No. 140 - REVERT(3 txs)
2019-08-02 08:48:28,794: [27109] m.c.manticore:INFO: Generated testcase No. 141 - REVERT(3 txs)
2019-08-02 08:48:29,789: [27157] m.c.manticore:INFO: Generated testcase No. 142 - REVERT(3 txs)
2019-08-02 08:48:31,619: [27141] m.c.manticore:INFO: Generated testcase No. 143 - REVERT(3 txs)
2019-08-02 08:48:32,474: [27107] m.c.manticore:INFO: Generated testcase No. 144 - REVERT(3 txs)
2019-08-02 08:48:34,648: [27116] m.c.manticore:INFO: Generated testcase No. 145 - REVERT(3 txs)
2019-08-02 08:48:35,246: [27149] m.c.manticore:INFO: Generated testcase No. 146 - REVERT(3 txs)
2019-08-02 08:48:36,995: [27131] m.c.manticore:INFO: Generated testcase No. 147 - REVERT(3 txs)
2019-08-02 08:48:44,976: [27174] m.c.manticore:INFO: Generated testcase No. 148 - REVERT(3 txs)
2019-08-02 08:48:46,142: [27124] m.c.manticore:INFO: Generated testcase No. 149 - REVERT(3 txs)
2019-08-02 08:48:59,716: [27165] m.c.manticore:INFO: Generated testcase No. 150 - REVERT(3 txs)
2019-08-02 08:49:02,781: [27157] m.c.manticore:INFO: Generated testcase No. 151 - REVERT(3 txs)
2019-08-02 08:49:04,481: [27109] m.c.manticore:INFO: Generated testcase No. 152 - REVERT(3 txs)
2019-08-02 08:49:05,901: [27141] m.c.manticore:INFO: Generated testcase No. 153 - REVERT(3 txs)
2019-08-02 08:49:07,494: [27107] m.c.manticore:INFO: Generated testcase No. 154 - REVERT(3 txs)
2019-08-02 08:49:10,425: [27149] m.c.manticore:INFO: Generated testcase No. 155 - REVERT(3 txs)
2019-08-02 08:49:10,895: [27116] m.c.manticore:INFO: Generated testcase No. 156 - REVERT(3 txs)
2019-08-02 08:49:13,595: [27131] m.c.manticore:INFO: Generated testcase No. 157 - REVERT(3 txs)
2019-08-02 08:49:21,484: [27174] m.c.manticore:INFO: Generated testcase No. 158 - REVERT(3 txs)
2019-08-02 08:49:22,412: [27124] m.c.manticore:INFO: Generated testcase No. 159 - REVERT(3 txs)
2019-08-02 08:49:38,033: [27165] m.c.manticore:INFO: Generated testcase No. 160 - REVERT(3 txs)
2019-08-02 08:49:38,687: [27157] m.c.manticore:INFO: Generated testcase No. 161 - REVERT(3 txs)
2019-08-02 08:49:52,964: [13291] m.c.manticore:INFO: Results in /mcore_cfa06fcy
2019-08-02 08:49:58,264: [32030] m.main:INFO: Registered plugins: DetectUnusedRetVal, DetectReentrancySimple, DetectInvalid, DetectEnvInstruction, DetectExternalCallAndLeak, DetectUninitializedStorage, DetectIntegerOverflow, DetectSuicidal, DetectReentrancyAdvanced, DetectDelegatecall, DetectUninitializedMemory
2019-08-02 08:49:58,264: [32030] m.main:INFO: Beginning analysis
2019-08-02 08:49:58,278: [32030] m.e.manticore:INFO: Starting symbolic create contract
2019-08-02 08:50:00,634: [32030] m.e.manticore:INFO: Starting symbolic transaction: 0
2019-08-02 08:50:16,447: [32030] m.e.manticore:INFO: 0 alive states, 4 terminated states
2019-08-02 08:50:17,661: [32030] m.e.manticore:INFO: Starting symbolic transaction: 1
2019-08-02 08:50:17,844: [350] m.c.manticore:INFO: Generated testcase No. 0 - RETURN(1 txs)
2019-08-02 08:50:17,887: [355] m.c.manticore:INFO: Generated testcase No. 1 - REVERT(2 txs)
2019-08-02 08:50:17,938: [351] m.c.manticore:INFO: Generated testcase No. 2 - REVERT(2 txs)
2019-08-02 08:50:18,017: [354] m.c.manticore:INFO: Generated testcase No. 3 - THROW(2 txs)
2019-08-02 08:50:21,552: [32030] m.c.manticore:INFO: Results in /mcore_8cbdm2ej
2019-08-02 08:50:23,903: [715] m.main:INFO: Registered plugins: DetectReentrancySimple, DetectInvalid, DetectSuicidal, DetectExternalCallAndLeak, DetectEnvInstruction, DetectUninitializedMemory, DetectUnusedRetVal, DetectDelegatecall, DetectReentrancyAdvanced, DetectUninitializedStorage, DetectIntegerOverflow
2019-08-02 08:50:23,904: [715] m.main:INFO: Beginning analysis
2019-08-02 08:50:23,935: [715] m.e.manticore:INFO: Starting symbolic create contract
2019-08-02 08:50:38,971: [715] m.e.manticore:INFO: Starting symbolic transaction: 0
2019-08-02 08:51:11,053: [1107] m.e.detectors:WARNING: Unsigned integer overflow at SUB instruction
2019-08-02 08:52:10,973: [715] m.e.manticore:INFO: 14 alive states, 41 terminated states
2019-08-02 08:52:21,287: [715] m.e.manticore:INFO: Starting symbolic transaction: 1
2019-08-02 08:59:18,057: [7423] m.e.detectors:WARNING: Unsigned integer overflow at SUB instruction
2019-08-02 08:59:36,395: [7426] m.e.detectors:WARNING: Unsigned integer overflow at SUB instruction
2019-08-02 08:59:45,727: [7397] m.e.detectors:WARNING: Unsigned integer overflow at SUB instruction
2019-08-02 08:59:57,158: [7387] m.e.detectors:WARNING: Unsigned integer overflow at SUB instruction
2019-08-02 09:00:15,439: [7426] m.e.detectors:WARNING: Unsigned integer overflow at SUB instruction
2019-08-02 09:02:24,991: [7387] m.e.detectors:WARNING: Unsigned integer overflow at SUB instruction
2019-08-02 09:03:04,011: [7406] m.e.detectors:WARNING: Unsigned integer overflow at SUB instruction