INFO:Slither:Compilation warnings/errors on /unique_chucks/48/0x0c3dfe0a6940b2aa81d81418776012d7385c521e.sol:
/unique_chucks/48/0x0c3dfe0a6940b2aa81d81418776012d7385c521e.sol:71:3: Warning: Defining constructors as functions with the same name as the contract is deprecated. Use "constructor(...) { ... }" instead.
  function BallotSB52(uint th) public payable {
  ^ (Relevant source part starts here and spans across multiple lines).
/unique_chucks/48/0x0c3dfe0a6940b2aa81d81418776012d7385c521e.sol:173:3: Warning: Defining constructors as functions with the same name as the contract is deprecated. Use "constructor(...) { ... }" instead.
  function Superbowl52() public {
  ^ (Relevant source part starts here and spans across multiple lines).
/unique_chucks/48/0x0c3dfe0a6940b2aa81d81418776012d7385c521e.sol:250:7: Warning: Using contract member "transfer" inherited from the address type is deprecated. Convert the contract to "address" type to access the member, for example use "address(contract).transfer" instead.
      ballot.transfer(philadelphiaBets.div(100));
      ^-------------^
/unique_chucks/48/0x0c3dfe0a6940b2aa81d81418776012d7385c521e.sol:254:7: Warning: Using contract member "transfer" inherited from the address type is deprecated. Convert the contract to "address" type to access the member, for example use "address(contract).transfer" instead.
      ballot.transfer(newEnglandBets.div(100));
      ^-------------^

INFO:Detectors:[91m
Superbowl52.getWinnings (/unique_chucks/48/0x0c3dfe0a6940b2aa81d81418776012d7385c521e.sol#267-276) sends eth to arbitrary user
	Dangerous calls:
	- winner.transfer(winnings - donated) (/unique_chucks/48/0x0c3dfe0a6940b2aa81d81418776012d7385c521e.sol)
Reference: https://github.com/trailofbits/slither/wiki/Detectors-Documentation#functions-that-send-ether-to-arbitrary-destinations[0m
INFO:Detectors:[93m
Reentrancy in BallotSB52.closeBallot (/unique_chucks/48/0x0c3dfe0a6940b2aa81d81418776012d7385c521e.sol#104-128):
	External calls:
	- votingReward = bettingContract.getLosersOnePercent(2) (/unique_chucks/48/0x0c3dfe0a6940b2aa81d81418776012d7385c521e.sol#107-108)
	- votingReward = bettingContract.getLosersOnePercent(3) (/unique_chucks/48/0x0c3dfe0a6940b2aa81d81418776012d7385c521e.sol#111-113)
	State variables written after the call(s):
	- closed (/unique_chucks/48/0x0c3dfe0a6940b2aa81d81418776012d7385c521e.sol#126-127)
Reentrancy in Superbowl52.endVoting (/unique_chucks/48/0x0c3dfe0a6940b2aa81d81418776012d7385c521e.sol#238-251):
	External calls:
	- result = ballot.closeBallot() (/unique_chucks/48/0x0c3dfe0a6940b2aa81d81418776012d7385c521e.sol#240-242)
	State variables written after the call(s):
	- ballot (/unique_chucks/48/0x0c3dfe0a6940b2aa81d81418776012d7385c521e.sol#246-247)
	- votingOpen (/unique_chucks/48/0x0c3dfe0a6940b2aa81d81418776012d7385c521e.sol#243)
Reference: https://github.com/trailofbits/slither/wiki/Detectors-Documentation#reentrancy-vulnerabilities-1[0m
INFO:Detectors:[92m
Reentrancy in BallotSB52.closeBallot (/unique_chucks/48/0x0c3dfe0a6940b2aa81d81418776012d7385c521e.sol#104-128):
	External calls:
	- votingReward = bettingContract.getLosersOnePercent(2) (/unique_chucks/48/0x0c3dfe0a6940b2aa81d81418776012d7385c521e.sol#107-108)
	State variables written after the call(s):
	- majorityReward (/unique_chucks/48/0x0c3dfe0a6940b2aa81d81418776012d7385c521e.sol#108-110)
Reentrancy in BallotSB52.closeBallot (/unique_chucks/48/0x0c3dfe0a6940b2aa81d81418776012d7385c521e.sol#104-128):
	External calls:
	- votingReward = bettingContract.getLosersOnePercent(3) (/unique_chucks/48/0x0c3dfe0a6940b2aa81d81418776012d7385c521e.sol#111-113)
	State variables written after the call(s):
	- majorityReward (/unique_chucks/48/0x0c3dfe0a6940b2aa81d81418776012d7385c521e.sol#113)
Reentrancy in Superbowl52.endVoting (/unique_chucks/48/0x0c3dfe0a6940b2aa81d81418776012d7385c521e.sol#238-251):
	External calls:
	- result = ballot.closeBallot() (/unique_chucks/48/0x0c3dfe0a6940b2aa81d81418776012d7385c521e.sol#240-242)
	State variables written after the call(s):
	- threshold (/unique_chucks/48/0x0c3dfe0a6940b2aa81d81418776012d7385c521e.sol#246)
	- winningPot (/unique_chucks/48/0x0c3dfe0a6940b2aa81d81418776012d7385c521e.sol#248-250)
	- winningPot (/unique_chucks/48/0x0c3dfe0a6940b2aa81d81418776012d7385c521e.sol#250-251)
	- withdrawalOpen (/unique_chucks/48/0x0c3dfe0a6940b2aa81d81418776012d7385c521e.sol#243)
Reference: https://github.com/trailofbits/slither/wiki/Detectors-Documentation#reentrancy-vulnerabilities-2[0m
INFO:Detectors:[92m
Superbowl52.resultConfirmed should be constant (/unique_chucks/48/0x0c3dfe0a6940b2aa81d81418776012d7385c521e.sol#155-156)
Reference: https://github.com/trailofbits/slither/wiki/Detectors-Documentation#state-variables-that-could-be-declared-constant[0m
INFO:Detectors:[92m
BallotSB52.voteResult (/unique_chucks/48/0x0c3dfe0a6940b2aa81d81418776012d7385c521e.sol#85-103) should be declared external
BallotSB52.closeBallot (/unique_chucks/48/0x0c3dfe0a6940b2aa81d81418776012d7385c521e.sol#104-128) should be declared external
BallotSB52.getReward (/unique_chucks/48/0x0c3dfe0a6940b2aa81d81418776012d7385c521e.sol#129-145) should be declared external
BallotSB52.hasClaimed (/unique_chucks/48/0x0c3dfe0a6940b2aa81d81418776012d7385c521e.sol#147-150) should be declared external
BallotSB52.fallback (/unique_chucks/48/0x0c3dfe0a6940b2aa81d81418776012d7385c521e.sol#150) should be declared external
Superbowl52.bet (/unique_chucks/48/0x0c3dfe0a6940b2aa81d81418776012d7385c521e.sol#192-210) should be declared external
Superbowl52.fallback (/unique_chucks/48/0x0c3dfe0a6940b2aa81d81418776012d7385c521e.sol#210) should be declared external
Superbowl52.hasClaimed (/unique_chucks/48/0x0c3dfe0a6940b2aa81d81418776012d7385c521e.sol#221-224) should be declared external
Superbowl52.startVoting (/unique_chucks/48/0x0c3dfe0a6940b2aa81d81418776012d7385c521e.sol#224-233) should be declared external
Superbowl52.endVoting (/unique_chucks/48/0x0c3dfe0a6940b2aa81d81418776012d7385c521e.sol#238-251) should be declared external
Superbowl52.getLosersOnePercent (/unique_chucks/48/0x0c3dfe0a6940b2aa81d81418776012d7385c521e.sol#252-267) should be declared external
Superbowl52.getWinnings (/unique_chucks/48/0x0c3dfe0a6940b2aa81d81418776012d7385c521e.sol#267-276) should be declared external
Reference: https://github.com/trailofbits/slither/wiki/Detectors-Documentation#public-function-that-could-be-declared-as-external[0m
INFO:Detectors:[92m
Detected issues with version pragma in /unique_chucks/48/0x0c3dfe0a6940b2aa81d81418776012d7385c521e.sol:
	- pragma solidity^0.4.18 (/unique_chucks/48/0x0c3dfe0a6940b2aa81d81418776012d7385c521e.sol#1): it allows old versions
Reference: https://github.com/trailofbits/slither/wiki/Detectors-Documentation#incorrect-version-of-solidity[0m
INFO:Detectors:[92m
Function 'BallotSB52.BallotSB52' (/unique_chucks/48/0x0c3dfe0a6940b2aa81d81418776012d7385c521e.sol#73-85) is not in mixedCase
Constant 'BallotSB52.votingPeriod' (/unique_chucks/48/0x0c3dfe0a6940b2aa81d81418776012d7385c521e.sol#58-60) is not in UPPER_CASE_WITH_UNDERSCORES
Struct 'Superbowl52.betting' (/unique_chucks/48/0x0c3dfe0a6940b2aa81d81418776012d7385c521e.sol#175-179) is not in CapWords
Function 'Superbowl52.Superbowl52' (/unique_chucks/48/0x0c3dfe0a6940b2aa81d81418776012d7385c521e.sol#180-188) is not in mixedCase
Reference: https://github.com/trailofbits/slither/wiki/Detectors-Documentation#conformance-to-solidity-naming-conventions[0m
INFO:Slither:/unique_chucks/48/0x0c3dfe0a6940b2aa81d81418776012d7385c521e.sol analyzed (3 contracts), 24 result(s) found