/unique_chucks/12/0xb6ebe077015559f61ecf8356d99e00b0c9fb3ad3.sol
jar:file:/usr/local/lib/node_modules/@smartdec/smartcheck/jdeploy-bundle/smartcheck-2.0-jar-with-dependencies.jar!/solidity-rules.xmlruleId: SOLIDITY_ADDRESS_HARDCODED
patternId: adc165
severity: 1
line: 894
column: 24
content: 0x1d3B2638a7cC9f2CB3D298A3DA7a90B67E5506ed

ruleId: SOLIDITY_ADDRESS_HARDCODED
patternId: adc165
severity: 1
line: 895
column: 40
content: 0x1d3B2638a7cC9f2CB3D298A3DA7a90B67E5506ed

ruleId: SOLIDITY_ADDRESS_HARDCODED
patternId: adc165
severity: 1
line: 899
column: 24
content: 0xc03A2615D5efaf5F49F60B7BB6583eaec212fdf1

ruleId: SOLIDITY_ADDRESS_HARDCODED
patternId: adc165
severity: 1
line: 900
column: 40
content: 0xc03A2615D5efaf5F49F60B7BB6583eaec212fdf1

ruleId: SOLIDITY_ADDRESS_HARDCODED
patternId: adc165
severity: 1
line: 904
column: 24
content: 0xB7A07BcF2Ba2f2703b24C0691b5278999C59AC7e

ruleId: SOLIDITY_ADDRESS_HARDCODED
patternId: adc165
severity: 1
line: 905
column: 40
content: 0xB7A07BcF2Ba2f2703b24C0691b5278999C59AC7e

ruleId: SOLIDITY_ADDRESS_HARDCODED
patternId: adc165
severity: 1
line: 909
column: 24
content: 0x146500cfd35B22E4A392Fe0aDc06De1a1368Ed48

ruleId: SOLIDITY_ADDRESS_HARDCODED
patternId: adc165
severity: 1
line: 910
column: 40
content: 0x146500cfd35B22E4A392Fe0aDc06De1a1368Ed48

ruleId: SOLIDITY_ADDRESS_HARDCODED
patternId: adc165
severity: 1
line: 914
column: 24
content: 0x6f485C8BF6fc43eA212E93BBF8ce046C7f1cb475

ruleId: SOLIDITY_ADDRESS_HARDCODED
patternId: adc165
severity: 1
line: 915
column: 40
content: 0x6f485C8BF6fc43eA212E93BBF8ce046C7f1cb475

ruleId: SOLIDITY_ADDRESS_HARDCODED
patternId: adc165
severity: 1
line: 918
column: 24
content: 0x20e12A1F859B3FeaE5Fb2A0A32C18F5a65555bBF

ruleId: SOLIDITY_ADDRESS_HARDCODED
patternId: adc165
severity: 1
line: 919
column: 40
content: 0x20e12A1F859B3FeaE5Fb2A0A32C18F5a65555bBF

ruleId: SOLIDITY_ADDRESS_HARDCODED
patternId: adc165
severity: 1
line: 922
column: 24
content: 0x51efaF4c8B3C9AfBD5aB9F4bbC82784Ab6ef8fAA

ruleId: SOLIDITY_ADDRESS_HARDCODED
patternId: adc165
severity: 1
line: 923
column: 40
content: 0x51efaF4c8B3C9AfBD5aB9F4bbC82784Ab6ef8fAA

ruleId: SOLIDITY_ADDRESS_HARDCODED
patternId: b140cd
severity: 1
line: 798
column: 27
content: 0xFF

ruleId: SOLIDITY_ADDRESS_HARDCODED
patternId: b140cd
severity: 1
line: 801
column: 27
content: 0xFFFF

ruleId: SOLIDITY_ADDRESS_HARDCODED
patternId: b140cd
severity: 1
line: 804
column: 27
content: 0xFFFFFFFF

ruleId: SOLIDITY_ADDRESS_HARDCODED
patternId: b140cd
severity: 1
line: 807
column: 27
content: 0xFFFFFFFFFFFFFFFF

ruleId: SOLIDITY_ADDRESS_HARDCODED
patternId: b140cd
severity: 1
line: 860
column: 35
content: 0x00

ruleId: SOLIDITY_ADDRESS_HARDCODED
patternId: b140cd
severity: 1
line: 861
column: 40
content: 0x10

ruleId: SOLIDITY_ADDRESS_HARDCODED
patternId: b140cd
severity: 1
line: 862
column: 38
content: 0x20

ruleId: SOLIDITY_ADDRESS_HARDCODED
patternId: b140cd
severity: 1
line: 863
column: 37
content: 0x30

ruleId: SOLIDITY_ADDRESS_HARDCODED
patternId: b140cd
severity: 1
line: 864
column: 37
content: 0xF0

ruleId: SOLIDITY_ADDRESS_HARDCODED
patternId: b140cd
severity: 1
line: 865
column: 38
content: 0x01

ruleId: SOLIDITY_ADDRESS_HARDCODED
patternId: b140cd
severity: 1
line: 1565
column: 43
content: 0x20

ruleId: SOLIDITY_ADDRESS_HARDCODED
patternId: b140cd
severity: 1
line: 1569
column: 67
content: 0x20

ruleId: SOLIDITY_ADDRESS_HARDCODED
patternId: b140cd
severity: 1
line: 1609
column: 21
content: 0xFE

ruleId: SOLIDITY_DEPRECATED_CONSTRUCTIONS
patternId: 28fa69
severity: 1
line: 619
column: 4
content: functionrandomDS_getSessionPubKeyHash()externalconstantreturns(bytes32);

ruleId: SOLIDITY_DEPRECATED_CONSTRUCTIONS
patternId: 28fa69
severity: 1
line: 1332
column: 4
content: functiongetCodeSize(address_addr)constantinternalreturns(uint_size){assembly{_size:=extcodesize(_addr)}}

ruleId: SOLIDITY_ERC20_APPROVE
patternId: af782c
severity: 2
line: 394
column: 2
content: functionapprove(address_spender,uint256_value)publicreturns(bool){allowed[msg.sender][_spender]=_value;emitApproval(msg.sender,_spender,_value);returntrue;}

ruleId: SOLIDITY_ERC20_APPROVE
patternId: af782c
severity: 2
line: 465
column: 2
content: functionapprove(address_spender,uint256_value)publicwhenNotPausedreturns(bool){returnsuper.approve(_spender,_value);}

ruleId: SOLIDITY_EXTRA_GAS_IN_LOOPS
patternId: d3j11j
severity: 1
line: 1386
column: 12
content: for(uinti=0;i<h.length;i++){if(h[i]==n[0]){subindex=1;while(subindex<n.length&&(i+subindex)<h.length&&h[i+subindex]==n[subindex]){subindex++;}if(subindex==n.length)returnint(i);}}

ruleId: SOLIDITY_EXTRA_GAS_IN_LOOPS
patternId: d3j11j
severity: 1
line: 1412
column: 8
content: for(uinti=0;i<_ba.length;i++)babcde[k++]=_ba[i];

ruleId: SOLIDITY_EXTRA_GAS_IN_LOOPS
patternId: d3j11j
severity: 1
line: 1413
column: 8
content: for(i=0;i<_bb.length;i++)babcde[k++]=_bb[i];

ruleId: SOLIDITY_EXTRA_GAS_IN_LOOPS
patternId: d3j11j
severity: 1
line: 1414
column: 8
content: for(i=0;i<_bc.length;i++)babcde[k++]=_bc[i];

ruleId: SOLIDITY_EXTRA_GAS_IN_LOOPS
patternId: d3j11j
severity: 1
line: 1415
column: 8
content: for(i=0;i<_bd.length;i++)babcde[k++]=_bd[i];

ruleId: SOLIDITY_EXTRA_GAS_IN_LOOPS
patternId: d3j11j
severity: 1
line: 1416
column: 8
content: for(i=0;i<_be.length;i++)babcde[k++]=_be[i];

ruleId: SOLIDITY_EXTRA_GAS_IN_LOOPS
patternId: d3j11j
severity: 1
line: 1442
column: 8
content: for(uinti=0;i<bresult.length;i++){if((bresult[i]>=48)&&(bresult[i]<=57)){if(decimals){if(_b==0)break;else_b--;}mint*=10;mint+=uint(bresult[i])-48;}elseif(bresult[i]==46)decimals=true;}

ruleId: SOLIDITY_EXTRA_GAS_IN_LOOPS
patternId: d3j11j
severity: 1
line: 1478
column: 8
content: for(uinti=0;i<arr.length;i++){buf.encodeString(arr[i]);}

ruleId: SOLIDITY_EXTRA_GAS_IN_LOOPS
patternId: d3j11j
severity: 1
line: 1489
column: 8
content: for(uinti=0;i<arr.length;i++){buf.encodeBytes(arr[i]);}

ruleId: SOLIDITY_EXTRA_GAS_IN_LOOPS
patternId: k4o1l4
severity: 1
line: 1391
column: 20
content: while(subindex<n.length&&(i+subindex)<h.length&&h[i+subindex]==n[subindex]){subindex++;}

ruleId: SOLIDITY_FUNCTIONS_RETURNS_TYPE_AND_NO_RETURN
patternId: 58bdd3
severity: 1
line: 1332
column: 4
content: functiongetCodeSize(address_addr)constantinternalreturns(uint_size){assembly{_size:=extcodesize(_addr)}}

ruleId: SOLIDITY_GAS_LIMIT_IN_LOOPS
patternId: f6f853
severity: 2
line: 1363
column: 8
content: for(uinti=0;i<minLength;i++)if(a[i]<b[i])return-1;elseif(a[i]>b[i])return1;

ruleId: SOLIDITY_GAS_LIMIT_IN_LOOPS
patternId: f6f853
severity: 2
line: 1386
column: 12
content: for(uinti=0;i<h.length;i++){if(h[i]==n[0]){subindex=1;while(subindex<n.length&&(i+subindex)<h.length&&h[i+subindex]==n[subindex]){subindex++;}if(subindex==n.length)returnint(i);}}

ruleId: SOLIDITY_GAS_LIMIT_IN_LOOPS
patternId: f6f853
severity: 2
line: 1412
column: 8
content: for(uinti=0;i<_ba.length;i++)babcde[k++]=_ba[i];

ruleId: SOLIDITY_GAS_LIMIT_IN_LOOPS
patternId: f6f853
severity: 2
line: 1413
column: 8
content: for(i=0;i<_bb.length;i++)babcde[k++]=_bb[i];

ruleId: SOLIDITY_GAS_LIMIT_IN_LOOPS
patternId: f6f853
severity: 2
line: 1414
column: 8
content: for(i=0;i<_bc.length;i++)babcde[k++]=_bc[i];

ruleId: SOLIDITY_GAS_LIMIT_IN_LOOPS
patternId: f6f853
severity: 2
line: 1415
column: 8
content: for(i=0;i<_bd.length;i++)babcde[k++]=_bd[i];

ruleId: SOLIDITY_GAS_LIMIT_IN_LOOPS
patternId: f6f853
severity: 2
line: 1416
column: 8
content: for(i=0;i<_be.length;i++)babcde[k++]=_be[i];

ruleId: SOLIDITY_GAS_LIMIT_IN_LOOPS
patternId: f6f853
severity: 2
line: 1442
column: 8
content: for(uinti=0;i<bresult.length;i++){if((bresult[i]>=48)&&(bresult[i]<=57)){if(decimals){if(_b==0)break;else_b--;}mint*=10;mint+=uint(bresult[i])-48;}elseif(bresult[i]==46)decimals=true;}

ruleId: SOLIDITY_GAS_LIMIT_IN_LOOPS
patternId: f6f853
severity: 2
line: 1478
column: 8
content: for(uinti=0;i<arr.length;i++){buf.encodeString(arr[i]);}

ruleId: SOLIDITY_GAS_LIMIT_IN_LOOPS
patternId: f6f853
severity: 2
line: 1489
column: 8
content: for(uinti=0;i<arr.length;i++){buf.encodeBytes(arr[i]);}

ruleId: SOLIDITY_GAS_LIMIT_IN_LOOPS
patternId: 17f23a
severity: 1
line: 1391
column: 26
content: subindex<n.length&&(i+subindex)<h.length&&h[i+subindex]==n[subindex]

ruleId: SOLIDITY_GAS_LIMIT_IN_LOOPS
patternId: 17f23a
severity: 1
line: 1705
column: 15
content: i<(32+fromOffset+length)

ruleId: SOLIDITY_LOCKED_MONEY
patternId: 30281d
severity: 3
line: 607
column: 0
content: contractOraclizeI{addresspubliccbAddress;functionquery(uint_timestamp,string_datasource,string_arg)externalpayablereturns(bytes32_id);functionquery_withGasLimit(uint_timestamp,string_datasource,string_arg,uint_gaslimit)externalpayablereturns(bytes32_id);functionquery2(uint_timestamp,string_datasource,string_arg1,string_arg2)publicpayablereturns(bytes32_id);functionquery2_withGasLimit(uint_timestamp,string_datasource,string_arg1,string_arg2,uint_gaslimit)externalpayablereturns(bytes32_id);functionqueryN(uint_timestamp,string_datasource,bytes_argN)publicpayablereturns(bytes32_id);functionqueryN_withGasLimit(uint_timestamp,string_datasource,bytes_argN,uint_gaslimit)externalpayablereturns(bytes32_id);functiongetPrice(string_datasource)publicreturns(uint_dsprice);functiongetPrice(string_datasource,uintgaslimit)publicreturns(uint_dsprice);functionsetProofType(byte_proofType)external;functionsetCustomGasPrice(uint_gasPrice)external;functionrandomDS_getSessionPubKeyHash()externalconstantreturns(bytes32);}

ruleId: SOLIDITY_PRAGMAS_VERSION
patternId: 23fc32
severity: 1
line: 6
column: 16
content: ^

ruleId: SOLIDITY_PRAGMAS_VERSION
patternId: 23fc32
severity: 1
line: 534
column: 16
content: ^

ruleId: SOLIDITY_PRAGMAS_VERSION
patternId: 23fc32
severity: 1
line: 605
column: 16
content: ^

ruleId: SOLIDITY_PRAGMAS_VERSION
patternId: 23fc32
severity: 1
line: 1797
column: 16
content: ^

ruleId: SOLIDITY_PRIVATE_MODIFIER_DONT_HIDE_DATA
patternId: 5616b2
severity: 1
line: 787
column: 10
content: private

ruleId: SOLIDITY_PRIVATE_MODIFIER_DONT_HIDE_DATA
patternId: 5616b2
severity: 1
line: 788
column: 10
content: private

ruleId: SOLIDITY_PRIVATE_MODIFIER_DONT_HIDE_DATA
patternId: 5616b2
severity: 1
line: 789
column: 10
content: private

ruleId: SOLIDITY_PRIVATE_MODIFIER_DONT_HIDE_DATA
patternId: 5616b2
severity: 1
line: 790
column: 10
content: private

ruleId: SOLIDITY_PRIVATE_MODIFIER_DONT_HIDE_DATA
patternId: 5616b2
severity: 1
line: 791
column: 10
content: private

ruleId: SOLIDITY_PRIVATE_MODIFIER_DONT_HIDE_DATA
patternId: 5616b2
severity: 1
line: 792
column: 10
content: private

ruleId: SOLIDITY_PRIVATE_MODIFIER_DONT_HIDE_DATA
patternId: 5616b2
severity: 1
line: 793
column: 10
content: private

ruleId: SOLIDITY_REVERT_REQUIRE
patternId: c56b12
severity: 1
line: 491
column: 4
content: if(!super.transfer(_to,_value))revert();

ruleId: SOLIDITY_REVERT_REQUIRE
patternId: c56b12
severity: 1
line: 498
column: 4
content: if(!super.transferFrom(_from,_to,_value))revert();

ruleId: SOLIDITY_SAFEMATH
patternId: 837cac
severity: 1
line: 107
column: 2
content: usingSafeMathforuint256;

ruleId: SOLIDITY_SAFEMATH
patternId: 837cac
severity: 1
line: 184
column: 2
content: usingSafeMathforuint256;

ruleId: SOLIDITY_SHOULD_NOT_BE_PURE
patternId: 11314f
severity: 1
line: 660
column: 4
content: functioninit(buffermemorybuf,uintcapacity)internalpure{if(capacity%32!=0)capacity+=32-(capacity%32);buf.capacity=capacity;assembly{letptr:=mload(0x40)mstore(buf,ptr)mstore(0x40,add(ptr,capacity))}}

ruleId: SOLIDITY_SHOULD_NOT_BE_PURE
patternId: 11314f
severity: 1
line: 691
column: 4
content: functionappend(buffermemorybuf,bytesdata)internalpurereturns(buffermemory){if(data.length+buf.buf.length>buf.capacity){resize(buf,max(buf.capacity,data.length)*2);}uintdest;uintsrc;uintlen=data.length;assembly{letbufptr:=mload(buf)letbuflen:=mload(bufptr)dest:=add(add(bufptr,buflen),32)mstore(bufptr,add(buflen,mload(data)))src:=add(data,32)}for(;len>=32;len-=32){assembly{mstore(dest,mload(src))}dest+=32;src+=32;}uintmask=256**(32-len)-1;assembly{letsrcpart:=and(mload(src),not(mask))letdestpart:=and(mload(dest),mask)mstore(dest,or(destpart,srcpart))}returnbuf;}

ruleId: SOLIDITY_SHOULD_NOT_BE_PURE
patternId: 11314f
severity: 1
line: 738
column: 4
content: functionappend(buffermemorybuf,uint8data)internalpure{if(buf.buf.length+1>buf.capacity){resize(buf,buf.capacity*2);}assembly{letbufptr:=mload(buf)letbuflen:=mload(bufptr)letdest:=add(add(bufptr,buflen),32)mstore8(dest,data)mstore(bufptr,add(buflen,1))}}

ruleId: SOLIDITY_SHOULD_NOT_BE_PURE
patternId: 11314f
severity: 1
line: 763
column: 4
content: functionappendInt(buffermemorybuf,uintdata,uintlen)internalpurereturns(buffermemory){if(len+buf.buf.length>buf.capacity){resize(buf,max(buf.capacity,len)*2);}uintmask=256**len-1;assembly{letbufptr:=mload(buf)letbuflen:=mload(bufptr)letdest:=add(add(bufptr,buflen),len)mstore(dest,or(and(mload(dest),not(mask)),data))mstore(bufptr,add(buflen,len))}returnbuf;}

ruleId: SOLIDITY_SHOULD_NOT_BE_PURE
patternId: 11314f
severity: 1
line: 1695
column: 4
content: functioncopyBytes(bytesfrom,uintfromOffset,uintlength,bytesto,uinttoOffset)internalpurereturns(bytes){uintminLength=length+toOffset;require(to.length>=minLength);uinti=32+fromOffset;uintj=32+toOffset;while(i<(32+fromOffset+length)){assembly{lettmp:=mload(add(from,i))mstore(add(to,j),tmp)}i+=32;j+=32;}returnto;}

ruleId: SOLIDITY_SHOULD_NOT_BE_VIEW
patternId: 189abf
severity: 1
line: 519
column: 2
content: functionisContract(address_addr)privateviewreturns(boolis_contract){uintlength;assembly{length:=extcodesize(_addr)}returnlength>0;}

ruleId: SOLIDITY_SHOULD_RETURN_STRUCT
patternId: 7d54ca
severity: 1
line: 1719
column: 91
content: (bool,address)

ruleId: SOLIDITY_SHOULD_RETURN_STRUCT
patternId: 7d54ca
severity: 1
line: 1747
column: 66
content: (bool,address)

ruleId: SOLIDITY_UNCHECKED_CALL
patternId: f39eed
severity: 3
line: 930
column: 8
content: __callback(myid,result,newbytes(0))

ruleId: SOLIDITY_UPGRADE_TO_050
patternId: 901eae
severity: 1
line: 1546
column: 49
content: keccak256(delay_bytes8_left,args[1],sha256(args[0]),args[2])

ruleId: SOLIDITY_UPGRADE_TO_050
patternId: 901eae
severity: 1
line: 1676
column: 47
content: keccak256(commitmentSlice1,sessionPubkeyHash)

ruleId: SOLIDITY_UPGRADE_TO_050
patternId: 91h3sa
severity: 1
line: 1942
column: 14
content: public

ruleId: SOLIDITY_UPGRADE_TO_050
patternId: 341gim
severity: 1
line: 278
column: 44
content: bytesdata

ruleId: SOLIDITY_UPGRADE_TO_050
patternId: 341gim
severity: 1
line: 279
column: 62
content: bytesdata

ruleId: SOLIDITY_UPGRADE_TO_050
patternId: 341gim
severity: 1
line: 303
column: 53
content: bytes_data

ruleId: SOLIDITY_UPGRADE_TO_050
patternId: 341gim
severity: 1
line: 489
column: 46
content: bytes_data

ruleId: SOLIDITY_UPGRADE_TO_050
patternId: 341gim
severity: 1
line: 497
column: 65
content: bytes_data

ruleId: SOLIDITY_UPGRADE_TO_050
patternId: 341gim
severity: 1
line: 513
column: 71
content: bytes_data

ruleId: SOLIDITY_UPGRADE_TO_050
patternId: 341gim
severity: 1
line: 611
column: 37
content: string_datasource

ruleId: SOLIDITY_UPGRADE_TO_050
patternId: 341gim
severity: 1
line: 611
column: 57
content: string_arg1

ruleId: SOLIDITY_UPGRADE_TO_050
patternId: 341gim
severity: 1
line: 611
column: 71
content: string_arg2

ruleId: SOLIDITY_UPGRADE_TO_050
patternId: 341gim
severity: 1
line: 613
column: 37
content: string_datasource

ruleId: SOLIDITY_UPGRADE_TO_050
patternId: 341gim
severity: 1
line: 613
column: 57
content: bytes_argN

ruleId: SOLIDITY_UPGRADE_TO_050
patternId: 341gim
severity: 1
line: 615
column: 22
content: string_datasource

ruleId: SOLIDITY_UPGRADE_TO_050
patternId: 341gim
severity: 1
line: 616
column: 22
content: string_datasource

ruleId: SOLIDITY_UPGRADE_TO_050
patternId: 341gim
severity: 1
line: 691
column: 39
content: bytesdata

ruleId: SOLIDITY_UPGRADE_TO_050
patternId: 341gim
severity: 1
line: 829
column: 51
content: bytesvalue

ruleId: SOLIDITY_UPGRADE_TO_050
patternId: 341gim
severity: 1
line: 834
column: 52
content: stringvalue

ruleId: SOLIDITY_UPGRADE_TO_050
patternId: 341gim
severity: 1
line: 929
column: 38
content: stringresult

ruleId: SOLIDITY_UPGRADE_TO_050
patternId: 341gim
severity: 1
line: 932
column: 38
content: stringresult

ruleId: SOLIDITY_UPGRADE_TO_050
patternId: 341gim
severity: 1
line: 932
column: 53
content: bytesproof

ruleId: SOLIDITY_UPGRADE_TO_050
patternId: 341gim
severity: 1
line: 937
column: 31
content: stringdatasource

ruleId: SOLIDITY_UPGRADE_TO_050
patternId: 341gim
severity: 1
line: 941
column: 31
content: stringdatasource

ruleId: SOLIDITY_UPGRADE_TO_050
patternId: 341gim
severity: 1
line: 945
column: 28
content: stringdatasource

ruleId: SOLIDITY_UPGRADE_TO_050
patternId: 341gim
severity: 1
line: 945
column: 47
content: stringarg

ruleId: SOLIDITY_UPGRADE_TO_050
patternId: 341gim
severity: 1
line: 950
column: 44
content: stringdatasource

ruleId: SOLIDITY_UPGRADE_TO_050
patternId: 341gim
severity: 1
line: 950
column: 63
content: stringarg

ruleId: SOLIDITY_UPGRADE_TO_050
patternId: 341gim
severity: 1
line: 955
column: 44
content: stringdatasource

ruleId: SOLIDITY_UPGRADE_TO_050
patternId: 341gim
severity: 1
line: 955
column: 63
content: stringarg

ruleId: SOLIDITY_UPGRADE_TO_050
patternId: 341gim
severity: 1
line: 960
column: 28
content: stringdatasource

ruleId: SOLIDITY_UPGRADE_TO_050
patternId: 341gim
severity: 1
line: 960
column: 47
content: stringarg

ruleId: SOLIDITY_UPGRADE_TO_050
patternId: 341gim
severity: 1
line: 965
column: 28
content: stringdatasource

ruleId: SOLIDITY_UPGRADE_TO_050
patternId: 341gim
severity: 1
line: 965
column: 47
content: stringarg1

ruleId: SOLIDITY_UPGRADE_TO_050
patternId: 341gim
severity: 1
line: 965
column: 60
content: stringarg2

ruleId: SOLIDITY_UPGRADE_TO_050
patternId: 341gim
severity: 1
line: 970
column: 44
content: stringdatasource

ruleId: SOLIDITY_UPGRADE_TO_050
patternId: 341gim
severity: 1
line: 970
column: 63
content: stringarg1

ruleId: SOLIDITY_UPGRADE_TO_050
patternId: 341gim
severity: 1
line: 970
column: 76
content: stringarg2

ruleId: SOLIDITY_UPGRADE_TO_050
patternId: 341gim
severity: 1
line: 975
column: 44
content: stringdatasource

ruleId: SOLIDITY_UPGRADE_TO_050
patternId: 341gim
severity: 1
line: 975
column: 63
content: stringarg1

ruleId: SOLIDITY_UPGRADE_TO_050
patternId: 341gim
severity: 1
line: 975
column: 76
content: stringarg2

ruleId: SOLIDITY_UPGRADE_TO_050
patternId: 341gim
severity: 1
line: 980
column: 28
content: stringdatasource

ruleId: SOLIDITY_UPGRADE_TO_050
patternId: 341gim
severity: 1
line: 980
column: 47
content: stringarg1

ruleId: SOLIDITY_UPGRADE_TO_050
patternId: 341gim
severity: 1
line: 980
column: 60
content: stringarg2

ruleId: SOLIDITY_UPGRADE_TO_050
patternId: 341gim
severity: 1
line: 985
column: 28
content: stringdatasource

ruleId: SOLIDITY_UPGRADE_TO_050
patternId: 341gim
severity: 1
line: 985
column: 47
content: string[]argN

ruleId: SOLIDITY_UPGRADE_TO_050
patternId: 341gim
severity: 1
line: 991
column: 44
content: stringdatasource

ruleId: SOLIDITY_UPGRADE_TO_050
patternId: 341gim
severity: 1
line: 991
column: 63
content: string[]argN

ruleId: SOLIDITY_UPGRADE_TO_050
patternId: 341gim
severity: 1
line: 997
column: 44
content: stringdatasource

ruleId: SOLIDITY_UPGRADE_TO_050
patternId: 341gim
severity: 1
line: 997
column: 63
content: string[]argN

ruleId: SOLIDITY_UPGRADE_TO_050
patternId: 341gim
severity: 1
line: 1003
column: 28
content: stringdatasource

ruleId: SOLIDITY_UPGRADE_TO_050
patternId: 341gim
severity: 1
line: 1003
column: 47
content: string[]argN

ruleId: SOLIDITY_UPGRADE_TO_050
patternId: 341gim
severity: 1
line: 1009
column: 28
content: stringdatasource

ruleId: SOLIDITY_UPGRADE_TO_050
patternId: 341gim
severity: 1
line: 1014
column: 44
content: stringdatasource

ruleId: SOLIDITY_UPGRADE_TO_050
patternId: 341gim
severity: 1
line: 1019
column: 44
content: stringdatasource

ruleId: SOLIDITY_UPGRADE_TO_050
patternId: 341gim
severity: 1
line: 1024
column: 28
content: stringdatasource

ruleId: SOLIDITY_UPGRADE_TO_050
patternId: 341gim
severity: 1
line: 1030
column: 28
content: stringdatasource

ruleId: SOLIDITY_UPGRADE_TO_050
patternId: 341gim
severity: 1
line: 1036
column: 44
content: stringdatasource

ruleId: SOLIDITY_UPGRADE_TO_050
patternId: 341gim
severity: 1
line: 1042
column: 44
content: stringdatasource

ruleId: SOLIDITY_UPGRADE_TO_050
patternId: 341gim
severity: 1
line: 1048
column: 28
content: stringdatasource

ruleId: SOLIDITY_UPGRADE_TO_050
patternId: 341gim
severity: 1
line: 1054
column: 28
content: stringdatasource

ruleId: SOLIDITY_UPGRADE_TO_050
patternId: 341gim
severity: 1
line: 1061
column: 44
content: stringdatasource

ruleId: SOLIDITY_UPGRADE_TO_050
patternId: 341gim
severity: 1
line: 1068
column: 44
content: stringdatasource

ruleId: SOLIDITY_UPGRADE_TO_050
patternId: 341gim
severity: 1
line: 1075
column: 28
content: stringdatasource

ruleId: SOLIDITY_UPGRADE_TO_050
patternId: 341gim
severity: 1
line: 1083
column: 28
content: stringdatasource

ruleId: SOLIDITY_UPGRADE_TO_050
patternId: 341gim
severity: 1
line: 1091
column: 44
content: stringdatasource

ruleId: SOLIDITY_UPGRADE_TO_050
patternId: 341gim
severity: 1
line: 1099
column: 44
content: stringdatasource

ruleId: SOLIDITY_UPGRADE_TO_050
patternId: 341gim
severity: 1
line: 1107
column: 28
content: stringdatasource

ruleId: SOLIDITY_UPGRADE_TO_050
patternId: 341gim
severity: 1
line: 1115
column: 28
content: stringdatasource

ruleId: SOLIDITY_UPGRADE_TO_050
patternId: 341gim
severity: 1
line: 1124
column: 44
content: stringdatasource

ruleId: SOLIDITY_UPGRADE_TO_050
patternId: 341gim
severity: 1
line: 1133
column: 44
content: stringdatasource

ruleId: SOLIDITY_UPGRADE_TO_050
patternId: 341gim
severity: 1
line: 1142
column: 28
content: stringdatasource

ruleId: SOLIDITY_UPGRADE_TO_050
patternId: 341gim
severity: 1
line: 1151
column: 28
content: stringdatasource

ruleId: SOLIDITY_UPGRADE_TO_050
patternId: 341gim
severity: 1
line: 1151
column: 47
content: bytes[]argN

ruleId: SOLIDITY_UPGRADE_TO_050
patternId: 341gim
severity: 1
line: 1157
column: 44
content: stringdatasource

ruleId: SOLIDITY_UPGRADE_TO_050
patternId: 341gim
severity: 1
line: 1157
column: 63
content: bytes[]argN

ruleId: SOLIDITY_UPGRADE_TO_050
patternId: 341gim
severity: 1
line: 1163
column: 44
content: stringdatasource

ruleId: SOLIDITY_UPGRADE_TO_050
patternId: 341gim
severity: 1
line: 1163
column: 63
content: bytes[]argN

ruleId: SOLIDITY_UPGRADE_TO_050
patternId: 341gim
severity: 1
line: 1169
column: 28
content: stringdatasource

ruleId: SOLIDITY_UPGRADE_TO_050
patternId: 341gim
severity: 1
line: 1169
column: 47
content: bytes[]argN

ruleId: SOLIDITY_UPGRADE_TO_050
patternId: 341gim
severity: 1
line: 1175
column: 28
content: stringdatasource

ruleId: SOLIDITY_UPGRADE_TO_050
patternId: 341gim
severity: 1
line: 1180
column: 44
content: stringdatasource

ruleId: SOLIDITY_UPGRADE_TO_050
patternId: 341gim
severity: 1
line: 1185
column: 44
content: stringdatasource

ruleId: SOLIDITY_UPGRADE_TO_050
patternId: 341gim
severity: 1
line: 1190
column: 28
content: stringdatasource

ruleId: SOLIDITY_UPGRADE_TO_050
patternId: 341gim
severity: 1
line: 1196
column: 28
content: stringdatasource

ruleId: SOLIDITY_UPGRADE_TO_050
patternId: 341gim
severity: 1
line: 1202
column: 44
content: stringdatasource

ruleId: SOLIDITY_UPGRADE_TO_050
patternId: 341gim
severity: 1
line: 1208
column: 44
content: stringdatasource

ruleId: SOLIDITY_UPGRADE_TO_050
patternId: 341gim
severity: 1
line: 1214
column: 28
content: stringdatasource

ruleId: SOLIDITY_UPGRADE_TO_050
patternId: 341gim
severity: 1
line: 1220
column: 28
content: stringdatasource

ruleId: SOLIDITY_UPGRADE_TO_050
patternId: 341gim
severity: 1
line: 1227
column: 44
content: stringdatasource

ruleId: SOLIDITY_UPGRADE_TO_050
patternId: 341gim
severity: 1
line: 1234
column: 44
content: stringdatasource

ruleId: SOLIDITY_UPGRADE_TO_050
patternId: 341gim
severity: 1
line: 1241
column: 28
content: stringdatasource

ruleId: SOLIDITY_UPGRADE_TO_050
patternId: 341gim
severity: 1
line: 1249
column: 28
content: stringdatasource

ruleId: SOLIDITY_UPGRADE_TO_050
patternId: 341gim
severity: 1
line: 1257
column: 44
content: stringdatasource

ruleId: SOLIDITY_UPGRADE_TO_050
patternId: 341gim
severity: 1
line: 1265
column: 44
content: stringdatasource

ruleId: SOLIDITY_UPGRADE_TO_050
patternId: 341gim
severity: 1
line: 1273
column: 28
content: stringdatasource

ruleId: SOLIDITY_UPGRADE_TO_050
patternId: 341gim
severity: 1
line: 1281
column: 28
content: stringdatasource

ruleId: SOLIDITY_UPGRADE_TO_050
patternId: 341gim
severity: 1
line: 1290
column: 44
content: stringdatasource

ruleId: SOLIDITY_UPGRADE_TO_050
patternId: 341gim
severity: 1
line: 1299
column: 44
content: stringdatasource

ruleId: SOLIDITY_UPGRADE_TO_050
patternId: 341gim
severity: 1
line: 1308
column: 28
content: stringdatasource

ruleId: SOLIDITY_UPGRADE_TO_050
patternId: 341gim
severity: 1
line: 1338
column: 23
content: string_a

ruleId: SOLIDITY_UPGRADE_TO_050
patternId: 341gim
severity: 1
line: 1358
column: 24
content: string_a

ruleId: SOLIDITY_UPGRADE_TO_050
patternId: 341gim
severity: 1
line: 1358
column: 35
content: string_b

ruleId: SOLIDITY_UPGRADE_TO_050
patternId: 341gim
severity: 1
line: 1376
column: 21
content: string_haystack

ruleId: SOLIDITY_UPGRADE_TO_050
patternId: 341gim
severity: 1
line: 1376
column: 39
content: string_needle

ruleId: SOLIDITY_UPGRADE_TO_050
patternId: 341gim
severity: 1
line: 1403
column: 23
content: string_a

ruleId: SOLIDITY_UPGRADE_TO_050
patternId: 341gim
severity: 1
line: 1403
column: 34
content: string_b

ruleId: SOLIDITY_UPGRADE_TO_050
patternId: 341gim
severity: 1
line: 1403
column: 45
content: string_c

ruleId: SOLIDITY_UPGRADE_TO_050
patternId: 341gim
severity: 1
line: 1403
column: 56
content: string_d

ruleId: SOLIDITY_UPGRADE_TO_050
patternId: 341gim
severity: 1
line: 1403
column: 67
content: string_e

ruleId: SOLIDITY_UPGRADE_TO_050
patternId: 341gim
severity: 1
line: 1403
column: 101
content: string

ruleId: SOLIDITY_UPGRADE_TO_050
patternId: 341gim
severity: 1
line: 1420
column: 23
content: string_a

ruleId: SOLIDITY_UPGRADE_TO_050
patternId: 341gim
severity: 1
line: 1420
column: 34
content: string_b

ruleId: SOLIDITY_UPGRADE_TO_050
patternId: 341gim
severity: 1
line: 1420
column: 45
content: string_c

ruleId: SOLIDITY_UPGRADE_TO_050
patternId: 341gim
severity: 1
line: 1420
column: 56
content: string_d

ruleId: SOLIDITY_UPGRADE_TO_050
patternId: 341gim
severity: 1
line: 1420
column: 90
content: string

ruleId: SOLIDITY_UPGRADE_TO_050
patternId: 341gim
severity: 1
line: 1424
column: 23
content: string_a

ruleId: SOLIDITY_UPGRADE_TO_050
patternId: 341gim
severity: 1
line: 1424
column: 34
content: string_b

ruleId: SOLIDITY_UPGRADE_TO_050
patternId: 341gim
severity: 1
line: 1424
column: 45
content: string_c

ruleId: SOLIDITY_UPGRADE_TO_050
patternId: 341gim
severity: 1
line: 1424
column: 79
content: string

ruleId: SOLIDITY_UPGRADE_TO_050
patternId: 341gim
severity: 1
line: 1428
column: 23
content: string_a

ruleId: SOLIDITY_UPGRADE_TO_050
patternId: 341gim
severity: 1
line: 1428
column: 34
content: string_b

ruleId: SOLIDITY_UPGRADE_TO_050
patternId: 341gim
severity: 1
line: 1428
column: 68
content: string

ruleId: SOLIDITY_UPGRADE_TO_050
patternId: 341gim
severity: 1
line: 1433
column: 22
content: string_a

ruleId: SOLIDITY_UPGRADE_TO_050
patternId: 341gim
severity: 1
line: 1438
column: 22
content: string_a

ruleId: SOLIDITY_UPGRADE_TO_050
patternId: 341gim
severity: 1
line: 1456
column: 53
content: string

ruleId: SOLIDITY_UPGRADE_TO_050
patternId: 341gim
severity: 1
line: 1474
column: 23
content: string[]arr

ruleId: SOLIDITY_UPGRADE_TO_050
patternId: 341gim
severity: 1
line: 1474
column: 60
content: bytes

ruleId: SOLIDITY_UPGRADE_TO_050
patternId: 341gim
severity: 1
line: 1485
column: 21
content: bytes[]arr

ruleId: SOLIDITY_UPGRADE_TO_050
patternId: 341gim
severity: 1
line: 1485
column: 57
content: bytes

ruleId: SOLIDITY_UPGRADE_TO_050
patternId: 341gim
severity: 1
line: 1497
column: 37
content: string_network_name

ruleId: SOLIDITY_UPGRADE_TO_050
patternId: 341gim
severity: 1
line: 1501
column: 62
content: string

ruleId: SOLIDITY_UPGRADE_TO_050
patternId: 341gim
severity: 1
line: 1557
column: 40
content: bytesdersig

ruleId: SOLIDITY_UPGRADE_TO_050
patternId: 341gim
severity: 1
line: 1557
column: 54
content: bytespubkey

ruleId: SOLIDITY_UPGRADE_TO_050
patternId: 341gim
severity: 1
line: 1585
column: 63
content: bytesproof

ruleId: SOLIDITY_UPGRADE_TO_050
patternId: 341gim
severity: 1
line: 1630
column: 73
content: string_result

ruleId: SOLIDITY_UPGRADE_TO_050
patternId: 341gim
severity: 1
line: 1630
column: 89
content: bytes_proof

ruleId: SOLIDITY_UPGRADE_TO_050
patternId: 341gim
severity: 1
line: 1640
column: 49
content: bytesprefix

ruleId: SOLIDITY_UPGRADE_TO_050
patternId: 341gim
severity: 1
line: 1652
column: 49
content: bytesproof

ruleId: SOLIDITY_UPGRADE_TO_050
patternId: 341gim
severity: 1
line: 1652
column: 79
content: bytesresult

ruleId: SOLIDITY_UPGRADE_TO_050
patternId: 341gim
severity: 1
line: 1652
column: 93
content: stringcontext_name

ruleId: SOLIDITY_UPGRADE_TO_050
patternId: 341gim
severity: 1
line: 1695
column: 23
content: bytesfrom

ruleId: SOLIDITY_UPGRADE_TO_050
patternId: 341gim
severity: 1
line: 1695
column: 65
content: bytesto

ruleId: SOLIDITY_UPGRADE_TO_050
patternId: 341gim
severity: 1
line: 1695
column: 113
content: bytes

ruleId: SOLIDITY_UPGRADE_TO_050
patternId: 341gim
severity: 1
line: 1747
column: 38
content: bytessig

ruleId: SOLIDITY_UPGRADE_TO_050
patternId: 341gim
severity: 1
line: 1881
column: 44
content: stringresult

ruleId: SOLIDITY_USING_INLINE_ASSEMBLY
patternId: 109cd5
severity: 1
line: 664
column: 8
content: assembly{letptr:=mload(0x40)mstore(buf,ptr)mstore(0x40,add(ptr,capacity))}

ruleId: SOLIDITY_USING_INLINE_ASSEMBLY
patternId: 109cd5
severity: 1
line: 699
column: 8
content: assembly{letbufptr:=mload(buf)letbuflen:=mload(bufptr)dest:=add(add(bufptr,buflen),32)mstore(bufptr,add(buflen,mload(data)))src:=add(data,32)}

ruleId: SOLIDITY_USING_INLINE_ASSEMBLY
patternId: 109cd5
severity: 1
line: 713
column: 12
content: assembly{mstore(dest,mload(src))}

ruleId: SOLIDITY_USING_INLINE_ASSEMBLY
patternId: 109cd5
severity: 1
line: 722
column: 8
content: assembly{letsrcpart:=and(mload(src),not(mask))letdestpart:=and(mload(dest),mask)mstore(dest,or(destpart,srcpart))}

ruleId: SOLIDITY_USING_INLINE_ASSEMBLY
patternId: 109cd5
severity: 1
line: 743
column: 8
content: assembly{letbufptr:=mload(buf)letbuflen:=mload(bufptr)letdest:=add(add(bufptr,buflen),32)mstore8(dest,data)mstore(bufptr,add(buflen,1))}

ruleId: SOLIDITY_USING_INLINE_ASSEMBLY
patternId: 109cd5
severity: 1
line: 769
column: 8
content: assembly{letbufptr:=mload(buf)letbuflen:=mload(bufptr)letdest:=add(add(bufptr,buflen),len)mstore(dest,or(and(mload(dest),not(mask)),data))mstore(bufptr,add(buflen,len))}

ruleId: SOLIDITY_USING_INLINE_ASSEMBLY
patternId: 109cd5
severity: 1
line: 1514
column: 8
content: assembly{mstore(unonce,0x20)mstore(add(unonce,0x20),xor(blockhash(sub(number,1)),xor(coinbase,timestamp)))mstore(sessionKeyHash,0x20)mstore(add(sessionKeyHash,0x20),sessionKeyHash_bytes32)}

ruleId: SOLIDITY_USING_INLINE_ASSEMBLY
patternId: 109cd5
severity: 1
line: 1521
column: 8
content: assembly{mstore(add(delay,0x20),_delay)}

ruleId: SOLIDITY_USING_INLINE_ASSEMBLY
patternId: 109cd5
severity: 1
line: 1533
column: 8
content: assembly{letx:=mload(add(delay_bytes8,0x20))mstore8(add(delay_bytes8_left,0x27),div(x,0x100000000000000000000000000000000000000000000000000000000000000))mstore8(add(delay_bytes8_left,0x26),div(x,0x1000000000000000000000000000000000000000000000000000000000000))mstore8(add(delay_bytes8_left,0x25),div(x,0x10000000000000000000000000000000000000000000000000000000000))mstore8(add(delay_bytes8_left,0x24),div(x,0x100000000000000000000000000000000000000000000000000000000))mstore8(add(delay_bytes8_left,0x23),div(x,0x1000000000000000000000000000000000000000000000000000000))mstore8(add(delay_bytes8_left,0x22),div(x,0x10000000000000000000000000000000000000000000000000000))mstore8(add(delay_bytes8_left,0x21),div(x,0x100000000000000000000000000000000000000000000000000))mstore8(add(delay_bytes8_left,0x20),div(x,0x1000000000000000000000000000000000000000000000000))}

ruleId: SOLIDITY_USING_INLINE_ASSEMBLY
patternId: 109cd5
severity: 1
line: 1571
column: 8
content: assembly{sigr:=mload(add(sigr_,32))sigs:=mload(add(sigs_,32))}

ruleId: SOLIDITY_USING_INLINE_ASSEMBLY
patternId: 109cd5
severity: 1
line: 1706
column: 12
content: assembly{lettmp:=mload(add(from,i))mstore(add(to,j),tmp)}

ruleId: SOLIDITY_USING_INLINE_ASSEMBLY
patternId: 109cd5
severity: 1
line: 1730
column: 8
content: assembly{letsize:=mload(0x40)mstore(size,hash)mstore(add(size,32),v)mstore(add(size,64),r)mstore(add(size,96),s)ret:=call(3000,1,0,size,128,size,32)addr:=mload(size)}

ruleId: SOLIDITY_USING_INLINE_ASSEMBLY
patternId: 109cd5
severity: 1
line: 1758
column: 8
content: assembly{r:=mload(add(sig,32))s:=mload(add(sig,64))v:=byte(0,mload(add(sig,96)))}

ruleId: SOLIDITY_VISIBILITY
patternId: b51ce0
severity: 1
line: 114
column: 2
content: uint256totalDeposited=0;

ruleId: SOLIDITY_VISIBILITY
patternId: b51ce0
severity: 1
line: 186
column: 2
content: mapping(address=>uint256)balances;

ruleId: SOLIDITY_VISIBILITY
patternId: b51ce0
severity: 1
line: 188
column: 2
content: uint256totalSupply_;

ruleId: SOLIDITY_VISIBILITY
patternId: b51ce0
severity: 1
line: 857
column: 4
content: uintconstantday=60*60*24;

ruleId: SOLIDITY_VISIBILITY
patternId: b51ce0
severity: 1
line: 858
column: 4
content: uintconstantweek=60*60*24*7;

ruleId: SOLIDITY_VISIBILITY
patternId: b51ce0
severity: 1
line: 859
column: 4
content: uintconstantmonth=60*60*24*30;

ruleId: SOLIDITY_VISIBILITY
patternId: b51ce0
severity: 1
line: 860
column: 4
content: byteconstantproofType_NONE=0x00;

ruleId: SOLIDITY_VISIBILITY
patternId: b51ce0
severity: 1
line: 861
column: 4
content: byteconstantproofType_TLSNotary=0x10;

ruleId: SOLIDITY_VISIBILITY
patternId: b51ce0
severity: 1
line: 862
column: 4
content: byteconstantproofType_Android=0x20;

ruleId: SOLIDITY_VISIBILITY
patternId: b51ce0
severity: 1
line: 863
column: 4
content: byteconstantproofType_Ledger=0x30;

ruleId: SOLIDITY_VISIBILITY
patternId: b51ce0
severity: 1
line: 864
column: 4
content: byteconstantproofType_Native=0xF0;

ruleId: SOLIDITY_VISIBILITY
patternId: b51ce0
severity: 1
line: 865
column: 4
content: byteconstantproofStorage_IPFS=0x01;

ruleId: SOLIDITY_VISIBILITY
patternId: b51ce0
severity: 1
line: 866
column: 4
content: uint8constantnetworkID_auto=0;

ruleId: SOLIDITY_VISIBILITY
patternId: b51ce0
severity: 1
line: 867
column: 4
content: uint8constantnetworkID_mainnet=1;

ruleId: SOLIDITY_VISIBILITY
patternId: b51ce0
severity: 1
line: 868
column: 4
content: uint8constantnetworkID_testnet=2;

ruleId: SOLIDITY_VISIBILITY
patternId: b51ce0
severity: 1
line: 869
column: 4
content: uint8constantnetworkID_morden=2;

ruleId: SOLIDITY_VISIBILITY
patternId: b51ce0
severity: 1
line: 870
column: 4
content: uint8constantnetworkID_consensys=161;

ruleId: SOLIDITY_VISIBILITY
patternId: b51ce0
severity: 1
line: 872
column: 4
content: OraclizeAddrResolverIOAR;

ruleId: SOLIDITY_VISIBILITY
patternId: b51ce0
severity: 1
line: 874
column: 4
content: OraclizeIoraclize;

ruleId: SOLIDITY_VISIBILITY
patternId: b51ce0
severity: 1
line: 1496
column: 4
content: stringoraclize_network_name;

ruleId: SOLIDITY_VISIBILITY
patternId: b51ce0
severity: 1
line: 1554
column: 4
content: mapping(bytes32=>bytes32)oraclize_randomDS_args;

ruleId: SOLIDITY_VISIBILITY
patternId: b51ce0
severity: 1
line: 1555
column: 4
content: mapping(bytes32=>bool)oraclize_randomDS_sessionKeysHashVerified;

ruleId: SOLIDITY_VISIBILITY
patternId: b51ce0
severity: 1
line: 1811
column: 4
content: addresstokensSaleHolder;

ruleId: SOLIDITY_VISIBILITY
patternId: b51ce0
severity: 1
line: 1818
column: 4
content: addresssaleMainAddress;

ruleId: SOLIDITY_VISIBILITY
patternId: b51ce0
severity: 1
line: 1819
column: 4
content: addresssaleSecondAddress;

SOLIDITY_VISIBILITY :25
SOLIDITY_PRAGMAS_VERSION :4
SOLIDITY_FUNCTIONS_RETURNS_TYPE_AND_NO_RETURN :1
SOLIDITY_PRIVATE_MODIFIER_DONT_HIDE_DATA :7
SOLIDITY_EXTRA_GAS_IN_LOOPS :10
SOLIDITY_ADDRESS_HARDCODED :27
SOLIDITY_UPGRADE_TO_050 :146
SOLIDITY_GAS_LIMIT_IN_LOOPS :12
SOLIDITY_UNCHECKED_CALL :1
SOLIDITY_SHOULD_RETURN_STRUCT :2
SOLIDITY_SHOULD_NOT_BE_PURE :5
SOLIDITY_ERC20_APPROVE :2
SOLIDITY_SAFEMATH :2
SOLIDITY_DEPRECATED_CONSTRUCTIONS :2
SOLIDITY_REVERT_REQUIRE :2
SOLIDITY_LOCKED_MONEY :1
SOLIDITY_USING_INLINE_ASSEMBLY :13
SOLIDITY_SHOULD_NOT_BE_VIEW :1