/unique_chucks/1/0x70a72833d6bf7f508c8224ce59ea1ef3d0ea3a38.sol
jar:file:/usr/local/lib/node_modules/@smartdec/smartcheck/jdeploy-bundle/smartcheck-2.0-jar-with-dependencies.jar!/solidity-rules.xmlruleId: SOLIDITY_ERC20_APPROVE
patternId: af782c
severity: 2
line: 148
column: 2
content: functionapprove(address_spender,uint256_value)publicreturns(bool){allowed[msg.sender][_spender]=_value;Approval(msg.sender,_spender,_value);returntrue;}

ruleId: SOLIDITY_PRAGMAS_VERSION
patternId: 23fc32
severity: 1
line: 1
column: 16
content: ^

ruleId: SOLIDITY_SAFEMATH
patternId: 837cac
severity: 1
line: 77
column: 2
content: usingSafeMathforuint256;

ruleId: SOLIDITY_SAFEMATH
patternId: 837cac
severity: 1
line: 204
column: 4
content: usingSafeMathforuint256;

ruleId: SOLIDITY_SAFEMATH
patternId: 837cac
severity: 1
line: 223
column: 4
content: usingSafeMathforuint256;

ruleId: SOLIDITY_VISIBILITY
patternId: b51ce0
severity: 1
line: 79
column: 2
content: mapping(address=>uint256)balances;

SOLIDITY_VISIBILITY :1
SOLIDITY_SAFEMATH :3
SOLIDITY_PRAGMAS_VERSION :1
SOLIDITY_ERC20_APPROVE :1