INFO:Slither:Compilation warnings/errors on /unique_chucks/37/0x877027340a137d64d70bfb938c4350ee64fb45d0.sol:
/unique_chucks/37/0x877027340a137d64d70bfb938c4350ee64fb45d0.sol:11:5: Warning: Defining constructors as functions with the same name as the contract is deprecated. Use "constructor(...) { ... }" instead.
    function RedEnvelope() {
    ^ (Relevant source part starts here and spans across multiple lines).
/unique_chucks/37/0x877027340a137d64d70bfb938c4350ee64fb45d0.sol:17:13: Warning: "throw" is deprecated in favour of "revert()", "require()" and "assert()".
            throw;
            ^---^
/unique_chucks/37/0x877027340a137d64d70bfb938c4350ee64fb45d0.sol:38:13: Warning: "throw" is deprecated in favour of "revert()", "require()" and "assert()".
            throw;
            ^---^
/unique_chucks/37/0x877027340a137d64d70bfb938c4350ee64fb45d0.sol:41:13: Warning: "throw" is deprecated in favour of "revert()", "require()" and "assert()".
            throw;
            ^---^
/unique_chucks/37/0x877027340a137d64d70bfb938c4350ee64fb45d0.sol:59:13: Warning: "throw" is deprecated in favour of "revert()", "require()" and "assert()".
            throw;
            ^---^
/unique_chucks/37/0x877027340a137d64d70bfb938c4350ee64fb45d0.sol:23:35: Warning: This declaration shadows an existing declaration.
    function randomGen(uint seed, uint max) constant returns (uint randomNumber) {
                                  ^------^
/unique_chucks/37/0x877027340a137d64d70bfb938c4350ee64fb45d0.sol:7:5: The shadowed declaration is here:
    uint max;
    ^------^

/unique_chucks/37/0x877027340a137d64d70bfb938c4350ee64fb45d0.sol:24:21: Warning: "sha3" has been deprecated in favour of "keccak256"
        return(uint(sha3(block.blockhash(block.number - 1), seed)) % max);
                    ^-------------------------------------------^
/unique_chucks/37/0x877027340a137d64d70bfb938c4350ee64fb45d0.sol:24:21: Warning: This function only accepts a single "bytes" argument. Please use "abi.encodePacked(...)" or a similar function to encode the data.
        return(uint(sha3(block.blockhash(block.number - 1), seed)) % max);
                    ^-------------------------------------------^
/unique_chucks/37/0x877027340a137d64d70bfb938c4350ee64fb45d0.sol:30:22: Warning: "sha3" has been deprecated in favour of "keccak256"
            if (uint(sha3(block.blockhash(block.number - i - 1), seed )) % 2 == 0)
                     ^------------------------------------------------^
/unique_chucks/37/0x877027340a137d64d70bfb938c4350ee64fb45d0.sol:30:22: Warning: This function only accepts a single "bytes" argument. Please use "abi.encodePacked(...)" or a similar function to encode the data.
            if (uint(sha3(block.blockhash(block.number - i - 1), seed )) % 2 == 0)
                     ^------------------------------------------------^
/unique_chucks/37/0x877027340a137d64d70bfb938c4350ee64fb45d0.sol:46:33: Warning: Using contract member "balance" inherited from the address type is deprecated. Convert the contract to "address" type to access the member, for example use "address(contract).balance" instead.
            msg.sender.transfer(this.balance);
                                ^----------^
/unique_chucks/37/0x877027340a137d64d70bfb938c4350ee64fb45d0.sol:49:15: Warning: Using contract member "balance" inherited from the address type is deprecated. Convert the contract to "address" type to access the member, for example use "address(contract).balance" instead.
        max = this.balance / remainSize * 2;
              ^----------^
/unique_chucks/37/0x877027340a137d64d70bfb938c4350ee64fb45d0.sol:61:9: Warning: "suicide" has been deprecated in favour of "selfdestruct"
        suicide(owner);
        ^------------^
/unique_chucks/37/0x877027340a137d64d70bfb938c4350ee64fb45d0.sol:11:5: Warning: No visibility specified. Defaulting to "public". 
    function RedEnvelope() {
    ^ (Relevant source part starts here and spans across multiple lines).
/unique_chucks/37/0x877027340a137d64d70bfb938c4350ee64fb45d0.sol:15:5: Warning: No visibility specified. Defaulting to "public". 
    function despoit(uint count) returns (uint){
    ^ (Relevant source part starts here and spans across multiple lines).
/unique_chucks/37/0x877027340a137d64d70bfb938c4350ee64fb45d0.sol:23:5: Warning: No visibility specified. Defaulting to "public". 
    function randomGen(uint seed, uint max) constant returns (uint randomNumber) {
    ^ (Relevant source part starts here and spans across multiple lines).
/unique_chucks/37/0x877027340a137d64d70bfb938c4350ee64fb45d0.sol:24:26: Warning: "block.blockhash()" has been deprecated in favor of "blockhash()"
        return(uint(sha3(block.blockhash(block.number - 1), seed)) % max);
                         ^-------------^
/unique_chucks/37/0x877027340a137d64d70bfb938c4350ee64fb45d0.sol:27:5: Warning: No visibility specified. Defaulting to "public". 
    function multiBlockRandomGen(uint seed, uint size) constant returns (uint randomNumber) {
    ^ (Relevant source part starts here and spans across multiple lines).
/unique_chucks/37/0x877027340a137d64d70bfb938c4350ee64fb45d0.sol:30:27: Warning: "block.blockhash()" has been deprecated in favor of "blockhash()"
            if (uint(sha3(block.blockhash(block.number - i - 1), seed )) % 2 == 0)
                          ^-------------^
/unique_chucks/37/0x877027340a137d64d70bfb938c4350ee64fb45d0.sol:36:5: Warning: No visibility specified. Defaulting to "public". 
    function goodluck(uint seed) payable {
    ^ (Relevant source part starts here and spans across multiple lines).
/unique_chucks/37/0x877027340a137d64d70bfb938c4350ee64fb45d0.sol:57:5: Warning: No visibility specified. Defaulting to "public". 
    function goodbye() {
    ^ (Relevant source part starts here and spans across multiple lines).

INFO:Detectors:[93m
RedEnvelope.multiBlockRandomGen (/unique_chucks/37/0x877027340a137d64d70bfb938c4350ee64fb45d0.sol#27-36) uses a dangerous strict equality:
	- uint256(sha3()(block.blockhash(block.number - i - 1),seed)) % 2 == 0
Reference: https://github.com/trailofbits/slither/wiki/Detectors-Documentation#dangerous-strict-equalities[0m
INFO:Detectors:[92m
RedEnvelope.randomGen.max (local variable @ /unique_chucks/37/0x877027340a137d64d70bfb938c4350ee64fb45d0.sol#23) shadows:
	- RedEnvelope.max (state variable @ /unique_chucks/37/0x877027340a137d64d70bfb938c4350ee64fb45d0.sol#7-8)
Reference: https://github.com/trailofbits/slither/wiki/Detectors-Documentation#local-variable-shadowing[0m
INFO:Detectors:[92m
RedEnvelope.min should be constant (/unique_chucks/37/0x877027340a137d64d70bfb938c4350ee64fb45d0.sol#6)
Reference: https://github.com/trailofbits/slither/wiki/Detectors-Documentation#state-variables-that-could-be-declared-constant[0m
INFO:Detectors:[92m
Deprecated standard detected @ /unique_chucks/37/0x877027340a137d64d70bfb938c4350ee64fb45d0.sol#18-19:
	- Usage of "throw" should be replaced with "revert()"
Deprecated standard detected @ /unique_chucks/37/0x877027340a137d64d70bfb938c4350ee64fb45d0.sol#24-27:
	- Usage of "block.blockhash()" should be replaced with "blockhash()"
	- Usage of "sha3()" should be replaced with "keccak256()"
Deprecated standard detected @ /unique_chucks/37/0x877027340a137d64d70bfb938c4350ee64fb45d0.sol#30-33:
	- Usage of "block.blockhash()" should be replaced with "blockhash()"
	- Usage of "sha3()" should be replaced with "keccak256()"
Deprecated standard detected @ /unique_chucks/37/0x877027340a137d64d70bfb938c4350ee64fb45d0.sol#40:
	- Usage of "throw" should be replaced with "revert()"
Deprecated standard detected @ /unique_chucks/37/0x877027340a137d64d70bfb938c4350ee64fb45d0.sol#43:
	- Usage of "throw" should be replaced with "revert()"
Deprecated standard detected @ /unique_chucks/37/0x877027340a137d64d70bfb938c4350ee64fb45d0.sol:
	- Usage of "throw" should be replaced with "revert()"
Deprecated standard detected @ /unique_chucks/37/0x877027340a137d64d70bfb938c4350ee64fb45d0.sol:
	- Usage of "suicide()" should be replaced with "selfdestruct()"
Reference: https://github.com/trailofbits/slither/wiki/Detectors-Documentation#deprecated-standards[0m
INFO:Detectors:[92m
RedEnvelope.despoit (/unique_chucks/37/0x877027340a137d64d70bfb938c4350ee64fb45d0.sol#15-23) should be declared external
RedEnvelope.multiBlockRandomGen (/unique_chucks/37/0x877027340a137d64d70bfb938c4350ee64fb45d0.sol#27-36) should be declared external
RedEnvelope.goodluck (/unique_chucks/37/0x877027340a137d64d70bfb938c4350ee64fb45d0.sol#36-58) should be declared external
RedEnvelope.goodbye (/unique_chucks/37/0x877027340a137d64d70bfb938c4350ee64fb45d0.sol#59-63) should be declared external
Reference: https://github.com/trailofbits/slither/wiki/Detectors-Documentation#public-function-that-could-be-declared-as-external[0m
INFO:Detectors:[92m
Detected issues with version pragma in /unique_chucks/37/0x877027340a137d64d70bfb938c4350ee64fb45d0.sol:
	- pragma solidity^0.4.11 (/unique_chucks/37/0x877027340a137d64d70bfb938c4350ee64fb45d0.sol#1): it allows old versions
Reference: https://github.com/trailofbits/slither/wiki/Detectors-Documentation#incorrect-version-of-solidity[0m
INFO:Detectors:[92m
Function 'RedEnvelope.RedEnvelope' (/unique_chucks/37/0x877027340a137d64d70bfb938c4350ee64fb45d0.sol#11-15) is not in mixedCase
Reference: https://github.com/trailofbits/slither/wiki/Detectors-Documentation#conformance-to-solidity-naming-conventions[0m
INFO:Slither:/unique_chucks/37/0x877027340a137d64d70bfb938c4350ee64fb45d0.sol analyzed (1 contracts), 16 result(s) found