INFO:Slither:Compilation warnings/errors on /unique_chucks/12/0x9bcf5fc5c7888d3efd8165a15311d55765d2066f.sol:
/unique_chucks/12/0x9bcf5fc5c7888d3efd8165a15311d55765d2066f.sol:37:5: Warning: Defining constructors as functions with the same name as the contract is deprecated. Use "constructor(...) { ... }" instead.
    function AirDrop() public {
    ^ (Relevant source part starts here and spans across multiple lines).

INFO:Detectors:[93m
AirDrop.MultiTransfer (/unique_chucks/12/0x9bcf5fc5c7888d3efd8165a15311d55765d2066f.sol#59-68) does not use the value returned by external calls:
	-T.transfer(dests[i],values[i]) (/unique_chucks/12/0x9bcf5fc5c7888d3efd8165a15311d55765d2066f.sol#67-68)
Reference: https://github.com/trailofbits/slither/wiki/Detectors-Documentation#unused-return[0m
INFO:Detectors:[92m
AirDrop.MultiTransfer has external calls inside a loop:
	- T.transfer(dests[i],values[i]) (/unique_chucks/12/0x9bcf5fc5c7888d3efd8165a15311d55765d2066f.sol#67-68)
Reference: https://github.com/trailofbits/slither/wiki/Detectors-Documentation/_edit#calls-inside-a-loop[0m
INFO:Detectors:[92m
ERC20Interface.totalSupply (/unique_chucks/12/0x9bcf5fc5c7888d3efd8165a15311d55765d2066f.sol#5-7) should be declared external
ERC20Interface.balanceOf (/unique_chucks/12/0x9bcf5fc5c7888d3efd8165a15311d55765d2066f.sol#8-10) should be declared external
ERC20Interface.transfer (/unique_chucks/12/0x9bcf5fc5c7888d3efd8165a15311d55765d2066f.sol#11-13) should be declared external
ERC20Interface.transferFrom (/unique_chucks/12/0x9bcf5fc5c7888d3efd8165a15311d55765d2066f.sol#14-16) should be declared external
ERC20Interface.approve (/unique_chucks/12/0x9bcf5fc5c7888d3efd8165a15311d55765d2066f.sol#19-21) should be declared external
ERC20Interface.allowance (/unique_chucks/12/0x9bcf5fc5c7888d3efd8165a15311d55765d2066f.sol#22-24) should be declared external
AirDrop.transferExecutor (/unique_chucks/12/0x9bcf5fc5c7888d3efd8165a15311d55765d2066f.sol#48-53) should be declared external
AirDrop.MultiTransfer (/unique_chucks/12/0x9bcf5fc5c7888d3efd8165a15311d55765d2066f.sol#59-68) should be declared external
Reference: https://github.com/trailofbits/slither/wiki/Detectors-Documentation#public-function-that-could-be-declared-as-external[0m
INFO:Detectors:[92m
Detected issues with version pragma in /unique_chucks/12/0x9bcf5fc5c7888d3efd8165a15311d55765d2066f.sol:
	- pragma solidity^0.4.18 (/unique_chucks/12/0x9bcf5fc5c7888d3efd8165a15311d55765d2066f.sol#1): it allows old versions
Reference: https://github.com/trailofbits/slither/wiki/Detectors-Documentation#incorrect-version-of-solidity[0m
INFO:Detectors:[92m
Function 'AirDrop.AirDrop' (/unique_chucks/12/0x9bcf5fc5c7888d3efd8165a15311d55765d2066f.sol#38-42) is not in mixedCase
Function 'AirDrop.MultiTransfer' (/unique_chucks/12/0x9bcf5fc5c7888d3efd8165a15311d55765d2066f.sol#59-68) is not in mixedCase
Parameter '_tokenAddr' of AirDrop.MultiTransfer (/unique_chucks/12/0x9bcf5fc5c7888d3efd8165a15311d55765d2066f.sol#59-60) is not in mixedCase
Reference: https://github.com/trailofbits/slither/wiki/Detectors-Documentation#conformance-to-solidity-naming-conventions[0m
INFO:Slither:/unique_chucks/12/0x9bcf5fc5c7888d3efd8165a15311d55765d2066f.sol analyzed (2 contracts), 14 result(s) found