INFO:Detectors:[93m
TokenERC20 (/unique_chucks/23/0x141d208e9acb4586fe45204e4b03366d6f6dfd4d.sol#5-155) has incorrect ERC20 function interface(s):
	-transfer (/unique_chucks/23/0x141d208e9acb4586fe45204e4b03366d6f6dfd4d.sol#71-77)
Reference: https://github.com/trailofbits/slither/wiki/Detectors-Documentation#incorrect-erc20-interface[0m
INFO:Detectors:[92m
TokenERC20.decimals should be constant (/unique_chucks/23/0x141d208e9acb4586fe45204e4b03366d6f6dfd4d.sol#9-10)
Reference: https://github.com/trailofbits/slither/wiki/Detectors-Documentation#state-variables-that-could-be-declared-constant[0m
INFO:Detectors:[92m
TokenERC20.transfer (/unique_chucks/23/0x141d208e9acb4586fe45204e4b03366d6f6dfd4d.sol#71-77) should be declared external
TokenERC20.transferFrom (/unique_chucks/23/0x141d208e9acb4586fe45204e4b03366d6f6dfd4d.sol#84-93) should be declared external
TokenERC20.approveAndCall (/unique_chucks/23/0x141d208e9acb4586fe45204e4b03366d6f6dfd4d.sol#116-128) should be declared external
TokenERC20.burn (/unique_chucks/23/0x141d208e9acb4586fe45204e4b03366d6f6dfd4d.sol#132-143) should be declared external
TokenERC20.burnFrom (/unique_chucks/23/0x141d208e9acb4586fe45204e4b03366d6f6dfd4d.sol#147-155) should be declared external
Reference: https://github.com/trailofbits/slither/wiki/Detectors-Documentation#public-function-that-could-be-declared-as-external[0m
INFO:Detectors:[92m
Detected issues with version pragma in /unique_chucks/23/0x141d208e9acb4586fe45204e4b03366d6f6dfd4d.sol:
	- pragma solidity^0.4.16 (/unique_chucks/23/0x141d208e9acb4586fe45204e4b03366d6f6dfd4d.sol#1): it allows old versions
Reference: https://github.com/trailofbits/slither/wiki/Detectors-Documentation#incorrect-version-of-solidity[0m
INFO:Detectors:[92m
Contract 'tokenRecipient' (/unique_chucks/23/0x141d208e9acb4586fe45204e4b03366d6f6dfd4d.sol#3-5) is not in CapWords
Function 'TokenERC20._transfer' (/unique_chucks/23/0x141d208e9acb4586fe45204e4b03366d6f6dfd4d.sol#44-65) is not in mixedCase
Parameter '_from' of TokenERC20._transfer (/unique_chucks/23/0x141d208e9acb4586fe45204e4b03366d6f6dfd4d.sol#45) is not in mixedCase
Parameter '_to' of TokenERC20._transfer (/unique_chucks/23/0x141d208e9acb4586fe45204e4b03366d6f6dfd4d.sol#45) is not in mixedCase
Parameter '_value' of TokenERC20._transfer (/unique_chucks/23/0x141d208e9acb4586fe45204e4b03366d6f6dfd4d.sol#45) is not in mixedCase
Parameter '_to' of TokenERC20.transfer (/unique_chucks/23/0x141d208e9acb4586fe45204e4b03366d6f6dfd4d.sol#74-75) is not in mixedCase
Parameter '_value' of TokenERC20.transfer (/unique_chucks/23/0x141d208e9acb4586fe45204e4b03366d6f6dfd4d.sol#75) is not in mixedCase
Parameter '_from' of TokenERC20.transferFrom (/unique_chucks/23/0x141d208e9acb4586fe45204e4b03366d6f6dfd4d.sol#84) is not in mixedCase
Parameter '_to' of TokenERC20.transferFrom (/unique_chucks/23/0x141d208e9acb4586fe45204e4b03366d6f6dfd4d.sol#84) is not in mixedCase
Parameter '_value' of TokenERC20.transferFrom (/unique_chucks/23/0x141d208e9acb4586fe45204e4b03366d6f6dfd4d.sol#84) is not in mixedCase
Parameter '_spender' of TokenERC20.approve (/unique_chucks/23/0x141d208e9acb4586fe45204e4b03366d6f6dfd4d.sol#100-101) is not in mixedCase
Parameter '_value' of TokenERC20.approve (/unique_chucks/23/0x141d208e9acb4586fe45204e4b03366d6f6dfd4d.sol#101-102) is not in mixedCase
Parameter '_spender' of TokenERC20.approveAndCall (/unique_chucks/23/0x141d208e9acb4586fe45204e4b03366d6f6dfd4d.sol#116) is not in mixedCase
Parameter '_value' of TokenERC20.approveAndCall (/unique_chucks/23/0x141d208e9acb4586fe45204e4b03366d6f6dfd4d.sol#116-117) is not in mixedCase
Parameter '_extraData' of TokenERC20.approveAndCall (/unique_chucks/23/0x141d208e9acb4586fe45204e4b03366d6f6dfd4d.sol#117) is not in mixedCase
Parameter '_value' of TokenERC20.burn (/unique_chucks/23/0x141d208e9acb4586fe45204e4b03366d6f6dfd4d.sol#132) is not in mixedCase
Parameter '_from' of TokenERC20.burnFrom (/unique_chucks/23/0x141d208e9acb4586fe45204e4b03366d6f6dfd4d.sol#147-148) is not in mixedCase
Parameter '_value' of TokenERC20.burnFrom (/unique_chucks/23/0x141d208e9acb4586fe45204e4b03366d6f6dfd4d.sol#148) is not in mixedCase
Reference: https://github.com/trailofbits/slither/wiki/Detectors-Documentation#conformance-to-solidity-naming-conventions[0m
INFO:Slither:/unique_chucks/23/0x141d208e9acb4586fe45204e4b03366d6f6dfd4d.sol analyzed (2 contracts), 26 result(s) found