2019-07-24 02:40:42,140: [12] m.main:INFO: Registered plugins: DetectUnusedRetVal, DetectReentrancySimple, DetectInvalid, DetectExternalCallAndLeak, DetectSuicidal, DetectEnvInstruction, DetectUninitializedStorage, DetectIntegerOverflow, DetectReentrancyAdvanced, DetectDelegatecall, DetectUninitializedMemory
2019-07-24 02:40:42,140: [12] m.main:INFO: Beginning analysis
2019-07-24 02:40:42,161: [12] m.e.manticore:INFO: Starting symbolic create contract
2019-07-24 02:40:42,178: [12] m.e.manticore:ERROR: Errors : Invalid solc compilation unique_chucks/1/0xcb94be6f13a1182e4a4b6140cb7bf2025d28e41b.sol:14:1: Error: Source file requires different compiler version (current compiler is 0.4.25+commit.59dbf8f1.Linux.g++ - note that nightly builds are considered to be strictly less than the released version
pragma solidity 0.4.8;
^--------------------^
unique_chucks/1/0xcb94be6f13a1182e4a4b6140cb7bf2025d28e41b.sol:83:7: Warning: "throw" is deprecated in favour of "revert()", "require()" and "assert()".
      throw;
      ^---^
unique_chucks/1/0xcb94be6f13a1182e4a4b6140cb7bf2025d28e41b.sol:89:3: Warning: Defining constructors as functions with the same name as the contract is deprecated. Use "constructor(...) { ... }" instead.
  function Trustcoin(address _migrationInfoSetter) {
  ^ (Relevant source part starts here and spans across multiple lines).
unique_chucks/1/0xcb94be6f13a1182e4a4b6140cb7bf2025d28e41b.sol:90:36: Warning: "throw" is deprecated in favour of "revert()", "require()" and "assert()".
    if (_migrationInfoSetter == 0) throw;
                                   ^---^
unique_chucks/1/0xcb94be6f13a1182e4a4b6140cb7bf2025d28e41b.sol:111:7: Warning: Invoking events without "emit" prefix is deprecated.
      Transfer(msg.sender, _to, _value);
      ^-------------------------------^
unique_chucks/1/0xcb94be6f13a1182e4a4b6140cb7bf2025d28e41b.sol:123:7: Warning: Invoking events without "emit" prefix is deprecated.
      Transfer(_from, _to, _value);
      ^--------------------------^
unique_chucks/1/0xcb94be6f13a1182e4a4b6140cb7bf2025d28e41b.sol:139:5: Warning: Invoking events without "emit" prefix is deprecated.
    Approval(msg.sender, _spender, _value);
    ^------------------------------------^
unique_chucks/1/0xcb94be6f13a1182e4a4b6140cb7bf2025d28e41b.sol:169:5: Warning: Invoking events without "emit" prefix is deprecated.
    MigrationInfoSet(_migrationInfo);
    ^------------------------------^

. Solidity failed to generate bytecode for your contract. Check if all the abstract functions are implemented. 
2019-07-24 02:40:42,377: [56] m.c.manticore:INFO: Generated testcase No. 0 - NO STATE RESULT (?)(0 txs)
2019-07-24 02:40:42,875: [12] m.c.manticore:INFO: Results in /mcore_60kybj_x
2019-07-24 02:40:43,737: [313] m.main:INFO: Registered plugins: DetectUninitializedStorage, DetectInvalid, DetectDelegatecall, DetectUnusedRetVal, DetectUninitializedMemory, DetectExternalCallAndLeak, DetectSuicidal, DetectReentrancyAdvanced, DetectIntegerOverflow, DetectReentrancySimple, DetectEnvInstruction
2019-07-24 02:40:43,738: [313] m.main:INFO: Beginning analysis
2019-07-24 02:40:43,768: [313] m.e.manticore:INFO: Starting symbolic create contract
2019-07-24 02:40:43,784: [313] m.e.manticore:ERROR: Errors : Invalid solc compilation unique_chucks/1/0xcb94be6f13a1182e4a4b6140cb7bf2025d28e41b.sol:14:1: Error: Source file requires different compiler version (current compiler is 0.4.25+commit.59dbf8f1.Linux.g++ - note that nightly builds are considered to be strictly less than the released version
pragma solidity 0.4.8;
^--------------------^
unique_chucks/1/0xcb94be6f13a1182e4a4b6140cb7bf2025d28e41b.sol:83:7: Warning: "throw" is deprecated in favour of "revert()", "require()" and "assert()".
      throw;
      ^---^
unique_chucks/1/0xcb94be6f13a1182e4a4b6140cb7bf2025d28e41b.sol:89:3: Warning: Defining constructors as functions with the same name as the contract is deprecated. Use "constructor(...) { ... }" instead.
  function Trustcoin(address _migrationInfoSetter) {
  ^ (Relevant source part starts here and spans across multiple lines).
unique_chucks/1/0xcb94be6f13a1182e4a4b6140cb7bf2025d28e41b.sol:90:36: Warning: "throw" is deprecated in favour of "revert()", "require()" and "assert()".
    if (_migrationInfoSetter == 0) throw;
                                   ^---^
unique_chucks/1/0xcb94be6f13a1182e4a4b6140cb7bf2025d28e41b.sol:111:7: Warning: Invoking events without "emit" prefix is deprecated.
      Transfer(msg.sender, _to, _value);
      ^-------------------------------^
unique_chucks/1/0xcb94be6f13a1182e4a4b6140cb7bf2025d28e41b.sol:123:7: Warning: Invoking events without "emit" prefix is deprecated.
      Transfer(_from, _to, _value);
      ^--------------------------^
unique_chucks/1/0xcb94be6f13a1182e4a4b6140cb7bf2025d28e41b.sol:139:5: Warning: Invoking events without "emit" prefix is deprecated.
    Approval(msg.sender, _spender, _value);
    ^------------------------------------^
unique_chucks/1/0xcb94be6f13a1182e4a4b6140cb7bf2025d28e41b.sol:169:5: Warning: Invoking events without "emit" prefix is deprecated.
    MigrationInfoSet(_migrationInfo);
    ^------------------------------^

. Solidity failed to generate bytecode for your contract. Check if all the abstract functions are implemented. 
2019-07-24 02:40:43,999: [361] m.c.manticore:INFO: Generated testcase No. 0 - NO STATE RESULT (?)(0 txs)
2019-07-24 02:40:44,550: [313] m.c.manticore:INFO: Results in /mcore_mq5ao87t