INFO:Detectors:[92m
Ownable.owner (/unique_chucks/27/0x45ecd27a81df8ca0848cdef0b7d325ea40c581fe.sol#28-32) should be declared external
Ownable.renounceOwnership (/unique_chucks/27/0x45ecd27a81df8ca0848cdef0b7d325ea40c581fe.sol#41-46) should be declared external
Ownable.transferOwnership (/unique_chucks/27/0x45ecd27a81df8ca0848cdef0b7d325ea40c581fe.sol#46-50) should be declared external
IERC20.transfer (/unique_chucks/27/0x45ecd27a81df8ca0848cdef0b7d325ea40c581fe.sol#4-6) should be declared external
HumanResourceIntegrationChain.transfer (/unique_chucks/27/0x45ecd27a81df8ca0848cdef0b7d325ea40c581fe.sol#105-118) should be declared external
HumanResourceIntegrationChain.approve (/unique_chucks/27/0x45ecd27a81df8ca0848cdef0b7d325ea40c581fe.sol#118-125) should be declared external
IERC20.approve (/unique_chucks/27/0x45ecd27a81df8ca0848cdef0b7d325ea40c581fe.sol#6-8) should be declared external
HumanResourceIntegrationChain.transferFrom (/unique_chucks/27/0x45ecd27a81df8ca0848cdef0b7d325ea40c581fe.sol#125-136) should be declared external
IERC20.transferFrom (/unique_chucks/27/0x45ecd27a81df8ca0848cdef0b7d325ea40c581fe.sol#8-10) should be declared external
Reference: https://github.com/trailofbits/slither/wiki/Detectors-Documentation#public-function-that-could-be-declared-as-external[0m
INFO:Detectors:[92m
Detected issues with version pragma in /unique_chucks/27/0x45ecd27a81df8ca0848cdef0b7d325ea40c581fe.sol:
	- pragma solidity>=0.4.22<0.6.0 (/unique_chucks/27/0x45ecd27a81df8ca0848cdef0b7d325ea40c581fe.sol#1): it allows old versions
Reference: https://github.com/trailofbits/slither/wiki/Detectors-Documentation#incorrect-version-of-solidity[0m
INFO:Detectors:[92m
Function 'Ownable._transferOwnership' (/unique_chucks/27/0x45ecd27a81df8ca0848cdef0b7d325ea40c581fe.sol#50-59) is not in mixedCase
Parameter '_to' of HumanResourceIntegrationChain.transfer (/unique_chucks/27/0x45ecd27a81df8ca0848cdef0b7d325ea40c581fe.sol#106-107) is not in mixedCase
Parameter '_value' of HumanResourceIntegrationChain.transfer (/unique_chucks/27/0x45ecd27a81df8ca0848cdef0b7d325ea40c581fe.sol#107) is not in mixedCase
Parameter '_spender' of HumanResourceIntegrationChain.approve (/unique_chucks/27/0x45ecd27a81df8ca0848cdef0b7d325ea40c581fe.sol#118) is not in mixedCase
Parameter '_value' of HumanResourceIntegrationChain.approve (/unique_chucks/27/0x45ecd27a81df8ca0848cdef0b7d325ea40c581fe.sol#119) is not in mixedCase
Parameter '_from' of HumanResourceIntegrationChain.transferFrom (/unique_chucks/27/0x45ecd27a81df8ca0848cdef0b7d325ea40c581fe.sol#126) is not in mixedCase
Parameter '_to' of HumanResourceIntegrationChain.transferFrom (/unique_chucks/27/0x45ecd27a81df8ca0848cdef0b7d325ea40c581fe.sol#127) is not in mixedCase
Parameter '_value' of HumanResourceIntegrationChain.transferFrom (/unique_chucks/27/0x45ecd27a81df8ca0848cdef0b7d325ea40c581fe.sol#127) is not in mixedCase
Reference: https://github.com/trailofbits/slither/wiki/Detectors-Documentation#conformance-to-solidity-naming-conventions[0m
INFO:Slither:/unique_chucks/27/0x45ecd27a81df8ca0848cdef0b7d325ea40c581fe.sol analyzed (4 contracts), 18 result(s) found