INFO:Slither:Compilation warnings/errors on /unique_chucks/22/0xfb79d5cd7d22a3da9682e474029b2950477f1c1f.sol:
/unique_chucks/22/0xfb79d5cd7d22a3da9682e474029b2950477f1c1f.sol:6:5: Warning: Defining constructors as functions with the same name as the contract is deprecated. Use "constructor(...) { ... }" instead.
    function owned() public {
    ^ (Relevant source part starts here and spans across multiple lines).
/unique_chucks/22/0xfb79d5cd7d22a3da9682e474029b2950477f1c1f.sol:48:5: Warning: Defining constructors as functions with the same name as the contract is deprecated. Use "constructor(...) { ... }" instead.
    function TokenERC20(
    ^ (Relevant source part starts here and spans across multiple lines).
/unique_chucks/22/0xfb79d5cd7d22a3da9682e474029b2950477f1c1f.sol:124:5: Warning: Defining constructors as functions with the same name as the contract is deprecated. Use "constructor(...) { ... }" instead.
    function Bittrees(
    ^ (Relevant source part starts here and spans across multiple lines).

INFO:Detectors:[92m
TokenERC20.decimals should be constant (/unique_chucks/22/0xfb79d5cd7d22a3da9682e474029b2950477f1c1f.sol#26-27)
Reference: https://github.com/trailofbits/slither/wiki/Detectors-Documentation#state-variables-that-could-be-declared-constant[0m
INFO:Detectors:[92m
owned.transferOwnership (/unique_chucks/22/0xfb79d5cd7d22a3da9682e474029b2950477f1c1f.sol#15-20) should be declared external
TokenERC20.transfer (/unique_chucks/22/0xfb79d5cd7d22a3da9682e474029b2950477f1c1f.sol#89-98) should be declared external
TokenERC20.burn (/unique_chucks/22/0xfb79d5cd7d22a3da9682e474029b2950477f1c1f.sol#103-116) should be declared external
Bittrees.mintToken (/unique_chucks/22/0xfb79d5cd7d22a3da9682e474029b2950477f1c1f.sol#147-153) should be declared external
Bittrees.setPrice (/unique_chucks/22/0xfb79d5cd7d22a3da9682e474029b2950477f1c1f.sol#159-161) should be declared external
Bittrees.buy (/unique_chucks/22/0xfb79d5cd7d22a3da9682e474029b2950477f1c1f.sol#162-170) should be declared external
Bittrees.withdraw (/unique_chucks/22/0xfb79d5cd7d22a3da9682e474029b2950477f1c1f.sol#170-175) should be declared external
Reference: https://github.com/trailofbits/slither/wiki/Detectors-Documentation#public-function-that-could-be-declared-as-external[0m
INFO:Detectors:[92m
Detected issues with version pragma in /unique_chucks/22/0xfb79d5cd7d22a3da9682e474029b2950477f1c1f.sol:
	- pragma solidity^0.4.16 (/unique_chucks/22/0xfb79d5cd7d22a3da9682e474029b2950477f1c1f.sol#1): it allows old versions
Reference: https://github.com/trailofbits/slither/wiki/Detectors-Documentation#incorrect-version-of-solidity[0m
INFO:Detectors:[92m
Contract 'owned' (/unique_chucks/22/0xfb79d5cd7d22a3da9682e474029b2950477f1c1f.sol#3-20) is not in CapWords
Contract 'tokenRecipient' (/unique_chucks/22/0xfb79d5cd7d22a3da9682e474029b2950477f1c1f.sol#20-22) is not in CapWords
Function 'TokenERC20.TokenERC20' (/unique_chucks/22/0xfb79d5cd7d22a3da9682e474029b2950477f1c1f.sol#49-60) is not in mixedCase
Function 'TokenERC20._transfer' (/unique_chucks/22/0xfb79d5cd7d22a3da9682e474029b2950477f1c1f.sol#62-83) is not in mixedCase
Parameter '_from' of TokenERC20._transfer (/unique_chucks/22/0xfb79d5cd7d22a3da9682e474029b2950477f1c1f.sol#63) is not in mixedCase
Parameter '_to' of TokenERC20._transfer (/unique_chucks/22/0xfb79d5cd7d22a3da9682e474029b2950477f1c1f.sol#63) is not in mixedCase
Parameter '_value' of TokenERC20._transfer (/unique_chucks/22/0xfb79d5cd7d22a3da9682e474029b2950477f1c1f.sol#63) is not in mixedCase
Parameter '_to' of TokenERC20.transfer (/unique_chucks/22/0xfb79d5cd7d22a3da9682e474029b2950477f1c1f.sol#89) is not in mixedCase
Parameter '_value' of TokenERC20.transfer (/unique_chucks/22/0xfb79d5cd7d22a3da9682e474029b2950477f1c1f.sol#89-90) is not in mixedCase
Parameter '_value' of TokenERC20.burn (/unique_chucks/22/0xfb79d5cd7d22a3da9682e474029b2950477f1c1f.sol#103) is not in mixedCase
Function 'Bittrees._transfer' (/unique_chucks/22/0xfb79d5cd7d22a3da9682e474029b2950477f1c1f.sol#132-144) is not in mixedCase
Parameter '_from' of Bittrees._transfer (/unique_chucks/22/0xfb79d5cd7d22a3da9682e474029b2950477f1c1f.sol#132) is not in mixedCase
Parameter '_to' of Bittrees._transfer (/unique_chucks/22/0xfb79d5cd7d22a3da9682e474029b2950477f1c1f.sol#132) is not in mixedCase
Parameter '_value' of Bittrees._transfer (/unique_chucks/22/0xfb79d5cd7d22a3da9682e474029b2950477f1c1f.sol#132-133) is not in mixedCase
Function 'Bittrees.Bittrees' (/unique_chucks/22/0xfb79d5cd7d22a3da9682e474029b2950477f1c1f.sol#128-131) is not in mixedCase
Reference: https://github.com/trailofbits/slither/wiki/Detectors-Documentation#conformance-to-solidity-naming-conventions[0m
INFO:Slither:/unique_chucks/22/0xfb79d5cd7d22a3da9682e474029b2950477f1c1f.sol analyzed (4 contracts), 24 result(s) found