INFO:Slither:Compilation warnings/errors on /unique_chucks/26/0x83ba853b8196bb51c148dd762a827c703b156450.sol:
/unique_chucks/26/0x83ba853b8196bb51c148dd762a827c703b156450.sol:32:5: Warning: Defining constructors as functions with the same name as the contract is deprecated. Use "constructor(...) { ... }" instead.
    function Ownable()
    ^ (Relevant source part starts here and spans across multiple lines).
/unique_chucks/26/0x83ba853b8196bb51c148dd762a827c703b156450.sol:167:3: Warning: Defining constructors as functions with the same name as the contract is deprecated. Use "constructor(...) { ... }" instead.
  function FeeWallet(
  ^ (Relevant source part starts here and spans across multiple lines).

INFO:Detectors:[92m
Ownable.transferOwnership (/unique_chucks/26/0x83ba853b8196bb51c148dd762a827c703b156450.sol#43-54) should be declared external
Members.addMember (/unique_chucks/26/0x83ba853b8196bb51c148dd762a827c703b156450.sol#145-147) should be declared external
Members.removeMember (/unique_chucks/26/0x83ba853b8196bb51c148dd762a827c703b156450.sol#153-156) should be declared external
IFeeWallet.getFee (/unique_chucks/26/0x83ba853b8196bb51c148dd762a827c703b156450.sol#159-161) should be declared external
FeeWallet.getFee (/unique_chucks/26/0x83ba853b8196bb51c148dd762a827c703b156450.sol#197-199) should be declared external
FeeWallet.collect (/unique_chucks/26/0x83ba853b8196bb51c148dd762a827c703b156450.sol#209-221) should be declared external
IFeeWallet.collect (/unique_chucks/26/0x83ba853b8196bb51c148dd762a827c703b156450.sol#161-162) should be declared external
FeeWallet.changeServiceAccount (/unique_chucks/26/0x83ba853b8196bb51c148dd762a827c703b156450.sol#183-185) should be declared external
FeeWallet.changeServicePercentage (/unique_chucks/26/0x83ba853b8196bb51c148dd762a827c703b156450.sol#188-189) should be declared external
FeeWallet.changeAffiliatePercentage (/unique_chucks/26/0x83ba853b8196bb51c148dd762a827c703b156450.sol#192-194) should be declared external
FeeWallet.withdraw (/unique_chucks/26/0x83ba853b8196bb51c148dd762a827c703b156450.sol) should be declared external
Reference: https://github.com/trailofbits/slither/wiki/Detectors-Documentation#public-function-that-could-be-declared-as-external[0m
INFO:Detectors:[92m
Detected issues with version pragma in /unique_chucks/26/0x83ba853b8196bb51c148dd762a827c703b156450.sol:
	- pragma solidity^0.4.21 (/unique_chucks/26/0x83ba853b8196bb51c148dd762a827c703b156450.sol#19-24): it allows old versions
Reference: https://github.com/trailofbits/slither/wiki/Detectors-Documentation#incorrect-version-of-solidity[0m
INFO:Detectors:[92m
Function 'Ownable.Ownable' (/unique_chucks/26/0x83ba853b8196bb51c148dd762a827c703b156450.sol#33-39) is not in mixedCase
Parameter '_member' of Members.isValidMember (/unique_chucks/26/0x83ba853b8196bb51c148dd762a827c703b156450.sol#140) is not in mixedCase
Parameter '_member' of Members.addMember (/unique_chucks/26/0x83ba853b8196bb51c148dd762a827c703b156450.sol#145) is not in mixedCase
Parameter '_member' of Members.removeMember (/unique_chucks/26/0x83ba853b8196bb51c148dd762a827c703b156450.sol#153-155) is not in mixedCase
Parameter '_affiliate' of FeeWallet.collect (/unique_chucks/26/0x83ba853b8196bb51c148dd762a827c703b156450.sol#209-210) is not in mixedCase
Function 'FeeWallet.FeeWallet' (/unique_chucks/26/0x83ba853b8196bb51c148dd762a827c703b156450.sol#173-182) is not in mixedCase
Parameter '_serviceAccount' of FeeWallet.FeeWallet (/unique_chucks/26/0x83ba853b8196bb51c148dd762a827c703b156450.sol#173-174) is not in mixedCase
Parameter '_servicePercentage' of FeeWallet.FeeWallet (/unique_chucks/26/0x83ba853b8196bb51c148dd762a827c703b156450.sol#174) is not in mixedCase
Parameter '_affiliatePercentage' of FeeWallet.FeeWallet (/unique_chucks/26/0x83ba853b8196bb51c148dd762a827c703b156450.sol#175-177) is not in mixedCase
Parameter '_serviceAccount' of FeeWallet.changeServiceAccount (/unique_chucks/26/0x83ba853b8196bb51c148dd762a827c703b156450.sol#183) is not in mixedCase
Parameter '_servicePercentage' of FeeWallet.changeServicePercentage (/unique_chucks/26/0x83ba853b8196bb51c148dd762a827c703b156450.sol#188) is not in mixedCase
Parameter '_affiliatePercentage' of FeeWallet.changeAffiliatePercentage (/unique_chucks/26/0x83ba853b8196bb51c148dd762a827c703b156450.sol#193) is not in mixedCase
Reference: https://github.com/trailofbits/slither/wiki/Detectors-Documentation#conformance-to-solidity-naming-conventions[0m
INFO:Slither:/unique_chucks/26/0x83ba853b8196bb51c148dd762a827c703b156450.sol analyzed (5 contracts), 24 result(s) found