INFO:Slither:Compilation warnings/errors on /unique_chucks/12/0xa854529f651b26dd7d2dc5c10954ffc48357bb5b.sol:
/unique_chucks/12/0xa854529f651b26dd7d2dc5c10954ffc48357bb5b.sol:76:3: Warning: Defining constructors as functions with the same name as the contract is deprecated. Use "constructor(...) { ... }" instead.
  function Ownable() public {
  ^ (Relevant source part starts here and spans across multiple lines).
/unique_chucks/12/0xa854529f651b26dd7d2dc5c10954ffc48357bb5b.sol:509:5: Warning: Defining constructors as functions with the same name as the contract is deprecated. Use "constructor(...) { ... }" instead.
    function SaleBase(
    ^ (Relevant source part starts here and spans across multiple lines).
/unique_chucks/12/0xa854529f651b26dd7d2dc5c10954ffc48357bb5b.sol:655:5: Warning: Defining constructors as functions with the same name as the contract is deprecated. Use "constructor(...) { ... }" instead.
    function Presale(
    ^ (Relevant source part starts here and spans across multiple lines).
/unique_chucks/12/0xa854529f651b26dd7d2dc5c10954ffc48357bb5b.sol:7:5: Warning: Functions in interfaces should be declared external.
    function isPricingStrategy() public view returns (bool);
    ^------------------------------------------------------^
/unique_chucks/12/0xa854529f651b26dd7d2dc5c10954ffc48357bb5b.sol:10:5: Warning: Functions in interfaces should be declared external.
    function calculateTokenAmount(uint weiAmount, uint tokensSold) public view returns (uint tokenAmount);
    ^----------------------------------------------------------------------------------------------------^
/unique_chucks/12/0xa854529f651b26dd7d2dc5c10954ffc48357bb5b.sol:96:5: Warning: Invoking events without "emit" prefix is deprecated.
    OwnershipTransferred(owner, newOwner);
    ^-----------------------------------^
/unique_chucks/12/0xa854529f651b26dd7d2dc5c10954ffc48357bb5b.sol:183:9: Warning: Invoking events without "emit" prefix is deprecated.
        Mint(_to, _amount);
        ^----------------^
/unique_chucks/12/0xa854529f651b26dd7d2dc5c10954ffc48357bb5b.sol:184:9: Warning: Invoking events without "emit" prefix is deprecated.
        Transfer(address(0), _to, _amount);
        ^--------------------------------^
/unique_chucks/12/0xa854529f651b26dd7d2dc5c10954ffc48357bb5b.sol:194:9: Warning: Invoking events without "emit" prefix is deprecated.
        MintFinished();
        ^------------^
/unique_chucks/12/0xa854529f651b26dd7d2dc5c10954ffc48357bb5b.sol:200:9: Warning: Invoking events without "emit" prefix is deprecated.
        MinterChanged(minter, _minter);
        ^----------------------------^
/unique_chucks/12/0xa854529f651b26dd7d2dc5c10954ffc48357bb5b.sol:264:9: Warning: Invoking events without "emit" prefix is deprecated.
        Transfer(msg.sender, _to, _value);
        ^-------------------------------^
/unique_chucks/12/0xa854529f651b26dd7d2dc5c10954ffc48357bb5b.sol:265:9: Warning: Invoking events without "emit" prefix is deprecated.
        Transfer(msg.sender, _to, _value, _data);
        ^--------------------------------------^
/unique_chucks/12/0xa854529f651b26dd7d2dc5c10954ffc48357bb5b.sol:310:9: Warning: Invoking events without "emit" prefix is deprecated.
        Transfer(_from, _to, _value);
        ^--------------------------^
/unique_chucks/12/0xa854529f651b26dd7d2dc5c10954ffc48357bb5b.sol:311:9: Warning: Invoking events without "emit" prefix is deprecated.
        Transfer(_from, _to, _value, _data);
        ^---------------------------------^
/unique_chucks/12/0xa854529f651b26dd7d2dc5c10954ffc48357bb5b.sol:327:9: Warning: Invoking events without "emit" prefix is deprecated.
        Approval(msg.sender, _spender, _value);
        ^------------------------------------^
/unique_chucks/12/0xa854529f651b26dd7d2dc5c10954ffc48357bb5b.sol:353:9: Warning: Invoking events without "emit" prefix is deprecated.
        Approval(msg.sender, _spender, allowed[msg.sender][_spender]);
        ^-----------------------------------------------------------^
/unique_chucks/12/0xa854529f651b26dd7d2dc5c10954ffc48357bb5b.sol:374:9: Warning: Invoking events without "emit" prefix is deprecated.
        Approval(msg.sender, _spender, allowed[msg.sender][_spender]);
        ^-----------------------------------------------------------^
/unique_chucks/12/0xa854529f651b26dd7d2dc5c10954ffc48357bb5b.sol:430:5: Warning: Invoking events without "emit" prefix is deprecated.
    Pause();
    ^-----^
/unique_chucks/12/0xa854529f651b26dd7d2dc5c10954ffc48357bb5b.sol:438:5: Warning: Invoking events without "emit" prefix is deprecated.
    Unpause();
    ^-------^
/unique_chucks/12/0xa854529f651b26dd7d2dc5c10954ffc48357bb5b.sol:568:9: Warning: Invoking events without "emit" prefix is deprecated.
        TokenPurchase(msg.sender, beneficiary, weiAmount, tokenAmount);
        ^------------------------------------------------------------^
/unique_chucks/12/0xa854529f651b26dd7d2dc5c10954ffc48357bb5b.sol:629:9: Warning: Invoking events without "emit" prefix is deprecated.
        Refund(msg.sender, weiValue);
        ^--------------------------^
/unique_chucks/12/0xa854529f651b26dd7d2dc5c10954ffc48357bb5b.sol:212:28: Warning: Unused function parameter. Remove or comment out the variable name to silence this warning.
    function tokenFallback(address _from, uint _value, bytes _data) public pure {
                           ^-----------^
/unique_chucks/12/0xa854529f651b26dd7d2dc5c10954ffc48357bb5b.sol:212:43: Warning: Unused function parameter. Remove or comment out the variable name to silence this warning.
    function tokenFallback(address _from, uint _value, bytes _data) public pure {
                                          ^---------^
/unique_chucks/12/0xa854529f651b26dd7d2dc5c10954ffc48357bb5b.sol:212:56: Warning: Unused function parameter. Remove or comment out the variable name to silence this warning.
    function tokenFallback(address _from, uint _value, bytes _data) public pure {
                                                       ^---------^
/unique_chucks/12/0xa854529f651b26dd7d2dc5c10954ffc48357bb5b.sol:488:5: Warning: No visibility specified. Defaulting to "public". 
    function holderGroupNumber() pure returns (uint) {
    ^ (Relevant source part starts here and spans across multiple lines).

INFO:Detectors:[93m
HeroCoin.isContract (/unique_chucks/12/0xa854529f651b26dd7d2dc5c10954ffc48357bb5b.sol#400-412) is declared view but contains assembly code
Reference: https://github.com/trailofbits/slither/wiki/Detectors-Documentation#constant-functions-changing-the-state[0m
INFO:Detectors:[93m
Reentrancy in SaleBase.buyTokens (/unique_chucks/12/0xa854529f651b26dd7d2dc5c10954ffc48357bb5b.sol#557-571):
	External calls:
	- tokenAmount = pricingStrategy.calculateTokenAmount(weiAmount,tokensSold) (/unique_chucks/12/0xa854529f651b26dd7d2dc5c10954ffc48357bb5b.sol#564-567)
	- mintTokenToBuyer(beneficiary,tokenAmount,weiAmount) (/unique_chucks/12/0xa854529f651b26dd7d2dc5c10954ffc48357bb5b.sol#567-568)
	State variables written after the call(s):
	- tokensSold (/unique_chucks/12/0xa854529f651b26dd7d2dc5c10954ffc48357bb5b.sol#567-568)
	- weiRaised (/unique_chucks/12/0xa854529f651b26dd7d2dc5c10954ffc48357bb5b.sol#567-568)
Reference: https://github.com/trailofbits/slither/wiki/Detectors-Documentation#reentrancy-vulnerabilities-1[0m
INFO:Detectors:[93m
empty in HeroCoin.transfer (/unique_chucks/12/0xa854529f651b26dd7d2dc5c10954ffc48357bb5b.sol#249) is a local variable never initialiazed
empty in HeroCoin.transferFrom (/unique_chucks/12/0xa854529f651b26dd7d2dc5c10954ffc48357bb5b.sol#292-293) is a local variable never initialiazed
Reference: https://github.com/trailofbits/slither/wiki/Detectors-Documentation#uninitialized-local-variables[0m
INFO:Detectors:[93m
SaleBase.mintTokenToBuyer (/unique_chucks/12/0xa854529f651b26dd7d2dc5c10954ffc48357bb5b.sol#571-583) does not use the value returned by external calls:
	-token.mint(beneficiary,tokenAmount,holderGroupNumber()) (/unique_chucks/12/0xa854529f651b26dd7d2dc5c10954ffc48357bb5b.sol#580-581)
Reference: https://github.com/trailofbits/slither/wiki/Detectors-Documentation#unused-return[0m
INFO:Detectors:[92m
Reentrancy in SaleBase.SaleBase (/unique_chucks/12/0xa854529f651b26dd7d2dc5c10954ffc48357bb5b.sol#527-550):
	External calls:
	- require(bool)(_pricingStrategy.isPricingStrategy()) (/unique_chucks/12/0xa854529f651b26dd7d2dc5c10954ffc48357bb5b.sol#536-537)
	State variables written after the call(s):
	- endTime (/unique_chucks/12/0xa854529f651b26dd7d2dc5c10954ffc48357bb5b.sol#542-544)
	- pricingStrategy (/unique_chucks/12/0xa854529f651b26dd7d2dc5c10954ffc48357bb5b.sol#544-545)
	- startTime (/unique_chucks/12/0xa854529f651b26dd7d2dc5c10954ffc48357bb5b.sol#541-542)
	- token (/unique_chucks/12/0xa854529f651b26dd7d2dc5c10954ffc48357bb5b.sol#545)
	- wallet (/unique_chucks/12/0xa854529f651b26dd7d2dc5c10954ffc48357bb5b.sol#546-547)
	- weiMaximumGoal (/unique_chucks/12/0xa854529f651b26dd7d2dc5c10954ffc48357bb5b.sol#547-548)
	- weiMinimumAmount (/unique_chucks/12/0xa854529f651b26dd7d2dc5c10954ffc48357bb5b.sol#548-550)
	- weiMinimumGoal (/unique_chucks/12/0xa854529f651b26dd7d2dc5c10954ffc48357bb5b.sol#548)
Reference: https://github.com/trailofbits/slither/wiki/Detectors-Documentation#reentrancy-vulnerabilities-2[0m
INFO:Detectors:[92m
HeroCoin.isContract uses assembly (/unique_chucks/12/0xa854529f651b26dd7d2dc5c10954ffc48357bb5b.sol#400-412)
	- /unique_chucks/12/0xa854529f651b26dd7d2dc5c10954ffc48357bb5b.sol#402-411
Reference: https://github.com/trailofbits/slither/wiki/Detectors-Documentation#assembly-usage[0m
INFO:Detectors:[92m
IPricingStrategy.isPricingStrategy (/unique_chucks/12/0xa854529f651b26dd7d2dc5c10954ffc48357bb5b.sol#7-9) should be declared external
IPricingStrategy.calculateTokenAmount (/unique_chucks/12/0xa854529f651b26dd7d2dc5c10954ffc48357bb5b.sol#10-14) should be declared external
Ownable.transferOwnership (/unique_chucks/12/0xa854529f651b26dd7d2dc5c10954ffc48357bb5b.sol#95-105) should be declared external
Contactable.setContactInformation (/unique_chucks/12/0xa854529f651b26dd7d2dc5c10954ffc48357bb5b.sol#122-126) should be declared external
HeroCoin.balanceOf (/unique_chucks/12/0xa854529f651b26dd7d2dc5c10954ffc48357bb5b.sol#281-283) should be declared external
ERC20Basic.balanceOf (/unique_chucks/12/0xa854529f651b26dd7d2dc5c10954ffc48357bb5b.sol#132-133) should be declared external
ERC20Basic.transfer (/unique_chucks/12/0xa854529f651b26dd7d2dc5c10954ffc48357bb5b.sol#133-136) should be declared external
HeroCoin.transfer (/unique_chucks/12/0xa854529f651b26dd7d2dc5c10954ffc48357bb5b.sol#247-251) should be declared external
HeroCoin.allowance (/unique_chucks/12/0xa854529f651b26dd7d2dc5c10954ffc48357bb5b.sol#345-348) should be declared external
ERC20.allowance (/unique_chucks/12/0xa854529f651b26dd7d2dc5c10954ffc48357bb5b.sol#144-145) should be declared external
HeroCoin.transferFrom (/unique_chucks/12/0xa854529f651b26dd7d2dc5c10954ffc48357bb5b.sol#291-294) should be declared external
ERC20.transferFrom (/unique_chucks/12/0xa854529f651b26dd7d2dc5c10954ffc48357bb5b.sol#145-146) should be declared external
ERC20.approve (/unique_chucks/12/0xa854529f651b26dd7d2dc5c10954ffc48357bb5b.sol#146-151) should be declared external
HeroCoin.approve (/unique_chucks/12/0xa854529f651b26dd7d2dc5c10954ffc48357bb5b.sol#333-337) should be declared external
MintableToken.mint (/unique_chucks/12/0xa854529f651b26dd7d2dc5c10954ffc48357bb5b.sol#181-192) should be declared external
MintableToken.finishMinting (/unique_chucks/12/0xa854529f651b26dd7d2dc5c10954ffc48357bb5b.sol#198-205) should be declared external
TokenReciever.tokenFallback (/unique_chucks/12/0xa854529f651b26dd7d2dc5c10954ffc48357bb5b.sol#221-223) should be declared external
HeroCoin.increaseApproval (/unique_chucks/12/0xa854529f651b26dd7d2dc5c10954ffc48357bb5b.sol#358-364) should be declared external
HeroCoin.decreaseApproval (/unique_chucks/12/0xa854529f651b26dd7d2dc5c10954ffc48357bb5b.sol#374-387) should be declared external
Pausable.pause (/unique_chucks/12/0xa854529f651b26dd7d2dc5c10954ffc48357bb5b.sol#450-451) should be declared external
Pausable.unpause (/unique_chucks/12/0xa854529f651b26dd7d2dc5c10954ffc48357bb5b.sol#455-457) should be declared external
Reference: https://github.com/trailofbits/slither/wiki/Detectors-Documentation#public-function-that-could-be-declared-as-external[0m
INFO:Detectors:[92m
Detected issues with version pragma in /unique_chucks/12/0xa854529f651b26dd7d2dc5c10954ffc48357bb5b.sol:
	- pragma solidity^0.4.18 (/unique_chucks/12/0xa854529f651b26dd7d2dc5c10954ffc48357bb5b.sol#1): it allows old versions
Reference: https://github.com/trailofbits/slither/wiki/Detectors-Documentation#incorrect-version-of-solidity[0m
INFO:Detectors:[92m
Function 'Ownable.Ownable' (/unique_chucks/12/0xa854529f651b26dd7d2dc5c10954ffc48357bb5b.sol#82-83) is not in mixedCase
Parameter '_to' of MintableToken.mint (/unique_chucks/12/0xa854529f651b26dd7d2dc5c10954ffc48357bb5b.sol#181-182) is not in mixedCase
Parameter '_amount' of MintableToken.mint (/unique_chucks/12/0xa854529f651b26dd7d2dc5c10954ffc48357bb5b.sol#182) is not in mixedCase
Parameter '_holderGroup' of MintableToken.mint (/unique_chucks/12/0xa854529f651b26dd7d2dc5c10954ffc48357bb5b.sol#182) is not in mixedCase
Parameter '_minter' of MintableToken.changeMinter (/unique_chucks/12/0xa854529f651b26dd7d2dc5c10954ffc48357bb5b.sol#208) is not in mixedCase
Parameter '_to' of HeroCoin.transfer (/unique_chucks/12/0xa854529f651b26dd7d2dc5c10954ffc48357bb5b.sol#256) is not in mixedCase
Parameter '_value' of HeroCoin.transfer (/unique_chucks/12/0xa854529f651b26dd7d2dc5c10954ffc48357bb5b.sol#256) is not in mixedCase
Parameter '_data' of HeroCoin.transfer (/unique_chucks/12/0xa854529f651b26dd7d2dc5c10954ffc48357bb5b.sol#256) is not in mixedCase
Parameter '_from' of HeroCoin.transferFrom (/unique_chucks/12/0xa854529f651b26dd7d2dc5c10954ffc48357bb5b.sol#302) is not in mixedCase
Parameter '_to' of HeroCoin.transferFrom (/unique_chucks/12/0xa854529f651b26dd7d2dc5c10954ffc48357bb5b.sol#302-303) is not in mixedCase
Parameter '_value' of HeroCoin.transferFrom (/unique_chucks/12/0xa854529f651b26dd7d2dc5c10954ffc48357bb5b.sol#303) is not in mixedCase
Parameter '_data' of HeroCoin.transferFrom (/unique_chucks/12/0xa854529f651b26dd7d2dc5c10954ffc48357bb5b.sol#303) is not in mixedCase
Parameter '_owner' of HeroCoin.balanceOf (/unique_chucks/12/0xa854529f651b26dd7d2dc5c10954ffc48357bb5b.sol#281) is not in mixedCase
Parameter '_to' of HeroCoin.transfer (/unique_chucks/12/0xa854529f651b26dd7d2dc5c10954ffc48357bb5b.sol#248) is not in mixedCase
Parameter '_value' of HeroCoin.transfer (/unique_chucks/12/0xa854529f651b26dd7d2dc5c10954ffc48357bb5b.sol#248) is not in mixedCase
Parameter '_owner' of HeroCoin.allowance (/unique_chucks/12/0xa854529f651b26dd7d2dc5c10954ffc48357bb5b.sol#345) is not in mixedCase
Parameter '_spender' of HeroCoin.allowance (/unique_chucks/12/0xa854529f651b26dd7d2dc5c10954ffc48357bb5b.sol#345-346) is not in mixedCase
Parameter '_from' of HeroCoin.transferFrom (/unique_chucks/12/0xa854529f651b26dd7d2dc5c10954ffc48357bb5b.sol#291) is not in mixedCase
Parameter '_to' of HeroCoin.transferFrom (/unique_chucks/12/0xa854529f651b26dd7d2dc5c10954ffc48357bb5b.sol#291) is not in mixedCase
Parameter '_value' of HeroCoin.transferFrom (/unique_chucks/12/0xa854529f651b26dd7d2dc5c10954ffc48357bb5b.sol#291-292) is not in mixedCase
Parameter '_spender' of HeroCoin.approve (/unique_chucks/12/0xa854529f651b26dd7d2dc5c10954ffc48357bb5b.sol#333-334) is not in mixedCase
Parameter '_value' of HeroCoin.approve (/unique_chucks/12/0xa854529f651b26dd7d2dc5c10954ffc48357bb5b.sol#334) is not in mixedCase
Parameter '_spender' of HeroCoin.increaseApproval (/unique_chucks/12/0xa854529f651b26dd7d2dc5c10954ffc48357bb5b.sol#360) is not in mixedCase
Parameter '_addedValue' of HeroCoin.increaseApproval (/unique_chucks/12/0xa854529f651b26dd7d2dc5c10954ffc48357bb5b.sol#360) is not in mixedCase
Parameter '_spender' of HeroCoin.decreaseApproval (/unique_chucks/12/0xa854529f651b26dd7d2dc5c10954ffc48357bb5b.sol#374) is not in mixedCase
Parameter '_subtractedValue' of HeroCoin.decreaseApproval (/unique_chucks/12/0xa854529f651b26dd7d2dc5c10954ffc48357bb5b.sol#375-376) is not in mixedCase
Parameter '_holderGroup' of HeroCoin.setActivationTime (/unique_chucks/12/0xa854529f651b26dd7d2dc5c10954ffc48357bb5b.sol#389) is not in mixedCase
Parameter '_activationTime' of HeroCoin.setActivationTime (/unique_chucks/12/0xa854529f651b26dd7d2dc5c10954ffc48357bb5b.sol#389) is not in mixedCase
Parameter '_holder' of HeroCoin.setHolderGroup (/unique_chucks/12/0xa854529f651b26dd7d2dc5c10954ffc48357bb5b.sol#392-396) is not in mixedCase
Parameter '_holderGroup' of HeroCoin.setHolderGroup (/unique_chucks/12/0xa854529f651b26dd7d2dc5c10954ffc48357bb5b.sol#396) is not in mixedCase
Function 'SaleBase.SaleBase' (/unique_chucks/12/0xa854529f651b26dd7d2dc5c10954ffc48357bb5b.sol#527-550) is not in mixedCase
Parameter '_startTime' of SaleBase.SaleBase (/unique_chucks/12/0xa854529f651b26dd7d2dc5c10954ffc48357bb5b.sol#527-528) is not in mixedCase
Parameter '_endTime' of SaleBase.SaleBase (/unique_chucks/12/0xa854529f651b26dd7d2dc5c10954ffc48357bb5b.sol#528-529) is not in mixedCase
Parameter '_pricingStrategy' of SaleBase.SaleBase (/unique_chucks/12/0xa854529f651b26dd7d2dc5c10954ffc48357bb5b.sol#529-530) is not in mixedCase
Parameter '_token' of SaleBase.SaleBase (/unique_chucks/12/0xa854529f651b26dd7d2dc5c10954ffc48357bb5b.sol#530-531) is not in mixedCase
Parameter '_wallet' of SaleBase.SaleBase (/unique_chucks/12/0xa854529f651b26dd7d2dc5c10954ffc48357bb5b.sol#531) is not in mixedCase
Parameter '_weiMaximumGoal' of SaleBase.SaleBase (/unique_chucks/12/0xa854529f651b26dd7d2dc5c10954ffc48357bb5b.sol#532) is not in mixedCase
Parameter '_weiMinimumGoal' of SaleBase.SaleBase (/unique_chucks/12/0xa854529f651b26dd7d2dc5c10954ffc48357bb5b.sol#532-535) is not in mixedCase
Parameter '_weiMinimumAmount' of SaleBase.SaleBase (/unique_chucks/12/0xa854529f651b26dd7d2dc5c10954ffc48357bb5b.sol#535) is not in mixedCase
Parameter '_pricingStrategy' of SaleBase.setPricingStrategy (/unique_chucks/12/0xa854529f651b26dd7d2dc5c10954ffc48357bb5b.sol#619) is not in mixedCase
Parameter '_startTime' of SaleBase.setStartTime (/unique_chucks/12/0xa854529f651b26dd7d2dc5c10954ffc48357bb5b.sol#655) is not in mixedCase
Parameter '_endTime' of SaleBase.setEndTime (/unique_chucks/12/0xa854529f651b26dd7d2dc5c10954ffc48357bb5b.sol#660) is not in mixedCase
Function 'Presale.Presale' (/unique_chucks/12/0xa854529f651b26dd7d2dc5c10954ffc48357bb5b.sol) is not in mixedCase
Reference: https://github.com/trailofbits/slither/wiki/Detectors-Documentation#conformance-to-solidity-naming-conventions[0m
INFO:Slither:/unique_chucks/12/0xa854529f651b26dd7d2dc5c10954ffc48357bb5b.sol analyzed (13 contracts), 72 result(s) found