INFO:Slither:Compilation warnings/errors on /unique_chucks/3/0xa0cf46eb152656c7090e769916eb44a138aaa406.sol:
/unique_chucks/3/0xa0cf46eb152656c7090e769916eb44a138aaa406.sol:261:3: Warning: Defining constructors as functions with the same name as the contract is deprecated. Use "constructor(...) { ... }" instead.
  function Ownable() public {
  ^ (Relevant source part starts here and spans across multiple lines).
/unique_chucks/3/0xa0cf46eb152656c7090e769916eb44a138aaa406.sol:348:3: Warning: Defining constructors as functions with the same name as the contract is deprecated. Use "constructor(...) { ... }" instead.
  function SpheroidToken(uint256 _cap) public {
  ^ (Relevant source part starts here and spans across multiple lines).
/unique_chucks/3/0xa0cf46eb152656c7090e769916eb44a138aaa406.sol:106:5: Warning: Invoking events without "emit" prefix is deprecated.
    Transfer(msg.sender, _to, _value);
    ^-------------------------------^
/unique_chucks/3/0xa0cf46eb152656c7090e769916eb44a138aaa406.sol:171:5: Warning: Invoking events without "emit" prefix is deprecated.
    Transfer(_from, _to, _value);
    ^--------------------------^
/unique_chucks/3/0xa0cf46eb152656c7090e769916eb44a138aaa406.sol:187:5: Warning: Invoking events without "emit" prefix is deprecated.
    Approval(msg.sender, _spender, _value);
    ^------------------------------------^
/unique_chucks/3/0xa0cf46eb152656c7090e769916eb44a138aaa406.sol:213:5: Warning: Invoking events without "emit" prefix is deprecated.
    Approval(msg.sender, _spender, allowed[msg.sender][_spender]);
    ^-----------------------------------------------------------^
/unique_chucks/3/0xa0cf46eb152656c7090e769916eb44a138aaa406.sol:234:5: Warning: Invoking events without "emit" prefix is deprecated.
    Approval(msg.sender, _spender, allowed[msg.sender][_spender]);
    ^-----------------------------------------------------------^
/unique_chucks/3/0xa0cf46eb152656c7090e769916eb44a138aaa406.sol:279:5: Warning: Invoking events without "emit" prefix is deprecated.
    OwnershipTransferred(owner, newOwner);
    ^-----------------------------------^
/unique_chucks/3/0xa0cf46eb152656c7090e769916eb44a138aaa406.sol:319:5: Warning: Invoking events without "emit" prefix is deprecated.
    Mint(_to, _amount);
    ^----------------^
/unique_chucks/3/0xa0cf46eb152656c7090e769916eb44a138aaa406.sol:320:5: Warning: Invoking events without "emit" prefix is deprecated.
    Transfer(address(0), _to, _amount);
    ^--------------------------------^
/unique_chucks/3/0xa0cf46eb152656c7090e769916eb44a138aaa406.sol:330:5: Warning: Invoking events without "emit" prefix is deprecated.
    MintFinished();
    ^------------^
/unique_chucks/3/0xa0cf46eb152656c7090e769916eb44a138aaa406.sol:370:5: Warning: Invoking events without "emit" prefix is deprecated.
    Mint(_to, _amount);
    ^----------------^
/unique_chucks/3/0xa0cf46eb152656c7090e769916eb44a138aaa406.sol:371:5: Warning: Invoking events without "emit" prefix is deprecated.
    Transfer(address(0), _to, _amount);
    ^--------------------------------^

INFO:Detectors:[92m
Different versions of Solidity is used in /unique_chucks/3/0xa0cf46eb152656c7090e769916eb44a138aaa406.sol:
	- Version used: ['^0.4.18', '^0.4.20']
	- /unique_chucks/3/0xa0cf46eb152656c7090e769916eb44a138aaa406.sol#3-5 declares pragma solidity^0.4.18
	- /unique_chucks/3/0xa0cf46eb152656c7090e769916eb44a138aaa406.sol#20-24 declares pragma solidity^0.4.18
	- /unique_chucks/3/0xa0cf46eb152656c7090e769916eb44a138aaa406.sol#78 declares pragma solidity^0.4.18
	- /unique_chucks/3/0xa0cf46eb152656c7090e769916eb44a138aaa406.sol#131 declares pragma solidity^0.4.18
	- /unique_chucks/3/0xa0cf46eb152656c7090e769916eb44a138aaa406.sol#149 declares pragma solidity^0.4.18
	- /unique_chucks/3/0xa0cf46eb152656c7090e769916eb44a138aaa406.sol#251-254 declares pragma solidity^0.4.18
	- /unique_chucks/3/0xa0cf46eb152656c7090e769916eb44a138aaa406.sol#296 declares pragma solidity^0.4.18
	- /unique_chucks/3/0xa0cf46eb152656c7090e769916eb44a138aaa406.sol#349-353 declares pragma solidity^0.4.20
Reference: https://github.com/trailofbits/slither/wiki/Detectors-Documentation#different-pragma-directives-are-used[0m
INFO:Detectors:[92m
BasicToken.totalSupply (/unique_chucks/3/0xa0cf46eb152656c7090e769916eb44a138aaa406.sol#94-96) should be declared external
ERC20Basic.totalSupply (/unique_chucks/3/0xa0cf46eb152656c7090e769916eb44a138aaa406.sol#12-13) should be declared external
ERC20Basic.balanceOf (/unique_chucks/3/0xa0cf46eb152656c7090e769916eb44a138aaa406.sol#13-14) should be declared external
BasicToken.balanceOf (/unique_chucks/3/0xa0cf46eb152656c7090e769916eb44a138aaa406.sol#121-128) should be declared external
BasicToken.transfer (/unique_chucks/3/0xa0cf46eb152656c7090e769916eb44a138aaa406.sol#100-112) should be declared external
ERC20Basic.transfer (/unique_chucks/3/0xa0cf46eb152656c7090e769916eb44a138aaa406.sol#14-15) should be declared external
ERC20.allowance (/unique_chucks/3/0xa0cf46eb152656c7090e769916eb44a138aaa406.sol#133-134) should be declared external
StandardToken.allowance (/unique_chucks/3/0xa0cf46eb152656c7090e769916eb44a138aaa406.sol#202-205) should be declared external
ERC20.transferFrom (/unique_chucks/3/0xa0cf46eb152656c7090e769916eb44a138aaa406.sol#134-135) should be declared external
StandardToken.transferFrom (/unique_chucks/3/0xa0cf46eb152656c7090e769916eb44a138aaa406.sol#166-178) should be declared external
StandardToken.approve (/unique_chucks/3/0xa0cf46eb152656c7090e769916eb44a138aaa406.sol#190-194) should be declared external
ERC20.approve (/unique_chucks/3/0xa0cf46eb152656c7090e769916eb44a138aaa406.sol#135-138) should be declared external
StandardToken.increaseApproval (/unique_chucks/3/0xa0cf46eb152656c7090e769916eb44a138aaa406.sol#213-221) should be declared external
StandardToken.decreaseApproval (/unique_chucks/3/0xa0cf46eb152656c7090e769916eb44a138aaa406.sol#231-248) should be declared external
Ownable.transferOwnership (/unique_chucks/3/0xa0cf46eb152656c7090e769916eb44a138aaa406.sol#293-296) should be declared external
SpheroidToken.mint (/unique_chucks/3/0xa0cf46eb152656c7090e769916eb44a138aaa406.sol) should be declared external
MintableToken.mint (/unique_chucks/3/0xa0cf46eb152656c7090e769916eb44a138aaa406.sol#325-340) should be declared external
MintableToken.finishMinting (/unique_chucks/3/0xa0cf46eb152656c7090e769916eb44a138aaa406.sol#343-348) should be declared external
SpheroidToken.enableSaleAgent (/unique_chucks/3/0xa0cf46eb152656c7090e769916eb44a138aaa406.sol#363-368) should be declared external
SpheroidToken.disableSaleAgent (/unique_chucks/3/0xa0cf46eb152656c7090e769916eb44a138aaa406.sol#368-374) should be declared external
Reference: https://github.com/trailofbits/slither/wiki/Detectors-Documentation#public-function-that-could-be-declared-as-external[0m
INFO:Detectors:[92m
Detected issues with version pragma in /unique_chucks/3/0xa0cf46eb152656c7090e769916eb44a138aaa406.sol:
	- pragma solidity^0.4.18 (/unique_chucks/3/0xa0cf46eb152656c7090e769916eb44a138aaa406.sol#3-5): it allows old versions
	- pragma solidity^0.4.18 (/unique_chucks/3/0xa0cf46eb152656c7090e769916eb44a138aaa406.sol#20-24): it allows old versions
	- pragma solidity^0.4.18 (/unique_chucks/3/0xa0cf46eb152656c7090e769916eb44a138aaa406.sol#78): it allows old versions
	- pragma solidity^0.4.18 (/unique_chucks/3/0xa0cf46eb152656c7090e769916eb44a138aaa406.sol#131): it allows old versions
	- pragma solidity^0.4.18 (/unique_chucks/3/0xa0cf46eb152656c7090e769916eb44a138aaa406.sol#149): it allows old versions
	- pragma solidity^0.4.18 (/unique_chucks/3/0xa0cf46eb152656c7090e769916eb44a138aaa406.sol#251-254): it allows old versions
	- pragma solidity^0.4.18 (/unique_chucks/3/0xa0cf46eb152656c7090e769916eb44a138aaa406.sol#296): it allows old versions
	- pragma solidity^0.4.20 (/unique_chucks/3/0xa0cf46eb152656c7090e769916eb44a138aaa406.sol#349-353): it allows old versions
Reference: https://github.com/trailofbits/slither/wiki/Detectors-Documentation#incorrect-version-of-solidity[0m
INFO:Detectors:[92m
Parameter '_owner' of BasicToken.balanceOf (/unique_chucks/3/0xa0cf46eb152656c7090e769916eb44a138aaa406.sol#121) is not in mixedCase
Parameter '_to' of BasicToken.transfer (/unique_chucks/3/0xa0cf46eb152656c7090e769916eb44a138aaa406.sol#101) is not in mixedCase
Parameter '_value' of BasicToken.transfer (/unique_chucks/3/0xa0cf46eb152656c7090e769916eb44a138aaa406.sol#101) is not in mixedCase
Parameter '_owner' of StandardToken.allowance (/unique_chucks/3/0xa0cf46eb152656c7090e769916eb44a138aaa406.sol#204) is not in mixedCase
Parameter '_spender' of StandardToken.allowance (/unique_chucks/3/0xa0cf46eb152656c7090e769916eb44a138aaa406.sol#204) is not in mixedCase
Parameter '_from' of StandardToken.transferFrom (/unique_chucks/3/0xa0cf46eb152656c7090e769916eb44a138aaa406.sol#166) is not in mixedCase
Parameter '_to' of StandardToken.transferFrom (/unique_chucks/3/0xa0cf46eb152656c7090e769916eb44a138aaa406.sol#166) is not in mixedCase
Parameter '_value' of StandardToken.transferFrom (/unique_chucks/3/0xa0cf46eb152656c7090e769916eb44a138aaa406.sol#166-168) is not in mixedCase
Parameter '_spender' of StandardToken.approve (/unique_chucks/3/0xa0cf46eb152656c7090e769916eb44a138aaa406.sol#192) is not in mixedCase
Parameter '_value' of StandardToken.approve (/unique_chucks/3/0xa0cf46eb152656c7090e769916eb44a138aaa406.sol#192) is not in mixedCase
Parameter '_spender' of StandardToken.increaseApproval (/unique_chucks/3/0xa0cf46eb152656c7090e769916eb44a138aaa406.sol#213-214) is not in mixedCase
Parameter '_addedValue' of StandardToken.increaseApproval (/unique_chucks/3/0xa0cf46eb152656c7090e769916eb44a138aaa406.sol#215-218) is not in mixedCase
Parameter '_spender' of StandardToken.decreaseApproval (/unique_chucks/3/0xa0cf46eb152656c7090e769916eb44a138aaa406.sol#232) is not in mixedCase
Parameter '_subtractedValue' of StandardToken.decreaseApproval (/unique_chucks/3/0xa0cf46eb152656c7090e769916eb44a138aaa406.sol#232) is not in mixedCase
Function 'Ownable.Ownable' (/unique_chucks/3/0xa0cf46eb152656c7090e769916eb44a138aaa406.sol#274-275) is not in mixedCase
Parameter '_to' of MintableToken.mint (/unique_chucks/3/0xa0cf46eb152656c7090e769916eb44a138aaa406.sol#326) is not in mixedCase
Parameter '_amount' of MintableToken.mint (/unique_chucks/3/0xa0cf46eb152656c7090e769916eb44a138aaa406.sol#326) is not in mixedCase
Parameter '_to' of SpheroidToken.mint (/unique_chucks/3/0xa0cf46eb152656c7090e769916eb44a138aaa406.sol) is not in mixedCase
Parameter '_amount' of SpheroidToken.mint (/unique_chucks/3/0xa0cf46eb152656c7090e769916eb44a138aaa406.sol) is not in mixedCase
Function 'SpheroidToken.SpheroidToken' (/unique_chucks/3/0xa0cf46eb152656c7090e769916eb44a138aaa406.sol#360-362) is not in mixedCase
Parameter '_cap' of SpheroidToken.SpheroidToken (/unique_chucks/3/0xa0cf46eb152656c7090e769916eb44a138aaa406.sol#360-361) is not in mixedCase
Reference: https://github.com/trailofbits/slither/wiki/Detectors-Documentation#conformance-to-solidity-naming-conventions[0m
INFO:Slither:/unique_chucks/3/0xa0cf46eb152656c7090e769916eb44a138aaa406.sol analyzed (8 contracts), 43 result(s) found