WARNING:root:You are using evm version 1.8.2. The supported version is 1.7.3
WARNING:root:You are using solc version 0.4.25, The latest supported version is 0.4.19
INFO:root:contract /unique_chucks/28/0x971fdec17b5f70d98d3a1017034499cf7172d9b4.sol:CryptonCoin:
INFO:symExec:	============ Results ===========
INFO:symExec:	  EVM Code Coverage: 			 75.0%
INFO:symExec:	  Integer Underflow: 			 True
INFO:symExec:	  Integer Overflow: 			 True
INFO:symExec:	  Parity Multisig Bug 2: 		 False
INFO:symExec:	  Callstack Depth Attack Vulnerability:  False
INFO:symExec:	  Transaction-Ordering Dependence (TOD): False
INFO:symExec:	  Timestamp Dependency: 		 False
INFO:symExec:	  Re-Entrancy Vulnerability: 		 False
INFO:symExec:/unique_chucks/28/0x971fdec17b5f70d98d3a1017034499cf7172d9b4.sol:132:5: Warning: Integer Underflow.
    string public name
/unique_chucks/28/0x971fdec17b5f70d98d3a1017034499cf7172d9b4.sol:134:5: Warning: Integer Underflow.
    string public symbol
/unique_chucks/28/0x971fdec17b5f70d98d3a1017034499cf7172d9b4.sol:189:58: Warning: Integer Underflow.
            require(msg.value * tokenPrice * 13 / 10 <= (preIcoTotalSupply - preIcoSupply
Integer Underflow occurs if:
    preIcoTotalSupply = 0
    preIcoSupply = 1
    preIcoFinishTimestamp = 1
    fundingEndTime = 1
    ico_finish = 0
/unique_chucks/28/0x971fdec17b5f70d98d3a1017034499cf7172d9b4.sol:135:5: Warning: Integer Underflow.
    string public version = 'H1.0'
INFO:symExec:/unique_chucks/28/0x971fdec17b5f70d98d3a1017034499cf7172d9b4.sol:184:25: Warning: Integer Overflow.
        totalEthInWei = totalEthInWei + msg.value
Integer Overflow occurs if:
    totalEthInWei = 115792089237316195423570985008687907852844631706989390960128365748614829458910
    fundingEndTime = 1
    ico_finish = 0
INFO:symExec:	====== Analysis Completed ======
INFO:root:contract /unique_chucks/28/0x971fdec17b5f70d98d3a1017034499cf7172d9b4.sol:SafeMath:
INFO:symExec:	============ Results ===========
INFO:symExec:	  EVM Code Coverage: 			 98.5%
INFO:symExec:	  Integer Underflow: 			 False
INFO:symExec:	  Integer Overflow: 			 False
INFO:symExec:	  Parity Multisig Bug 2: 		 False
INFO:symExec:	  Callstack Depth Attack Vulnerability:  False
INFO:symExec:	  Transaction-Ordering Dependence (TOD): False
INFO:symExec:	  Timestamp Dependency: 		 False
INFO:symExec:	  Re-Entrancy Vulnerability: 		 False
INFO:symExec:	====== Analysis Completed ======
INFO:root:contract /unique_chucks/28/0x971fdec17b5f70d98d3a1017034499cf7172d9b4.sol:StandardToken:
INFO:symExec:	============ Results ===========
INFO:symExec:	  EVM Code Coverage: 			 99.7%
INFO:symExec:	  Integer Underflow: 			 False
INFO:symExec:	  Integer Overflow: 			 False
INFO:symExec:	  Parity Multisig Bug 2: 		 False
INFO:symExec:	  Callstack Depth Attack Vulnerability:  False
INFO:symExec:	  Transaction-Ordering Dependence (TOD): False
INFO:symExec:	  Timestamp Dependency: 		 False
INFO:symExec:	  Re-Entrancy Vulnerability: 		 False
INFO:symExec:	====== Analysis Completed ======
INFO:root:contract /unique_chucks/28/0x971fdec17b5f70d98d3a1017034499cf7172d9b4.sol:Token:
INFO:symExec:	============ Results ===========
INFO:symExec:	  EVM Code Coverage: 			 99.8%
INFO:symExec:	  Integer Underflow: 			 False
INFO:symExec:	  Integer Overflow: 			 False
INFO:symExec:	  Parity Multisig Bug 2: 		 False
INFO:symExec:	  Callstack Depth Attack Vulnerability:  False
INFO:symExec:	  Transaction-Ordering Dependence (TOD): False
INFO:symExec:	  Timestamp Dependency: 		 False
INFO:symExec:	  Re-Entrancy Vulnerability: 		 False
INFO:symExec:	====== Analysis Completed ======