/unique_contracts/0x687995b35aab67ae5ae5692a59654611bc31fc66.sol
jar:file:/usr/local/lib/node_modules/@smartdec/smartcheck/jdeploy-bundle/smartcheck-2.0-jar-with-dependencies.jar!/solidity-rules.xmlruleId: SOLIDITY_ADDRESS_HARDCODED
patternId: adc165
severity: 1
line: 57
column: 19
content: 0x0000000000000000000000000000000000000000

ruleId: SOLIDITY_ADDRESS_HARDCODED
patternId: adc165
severity: 1
line: 77
column: 19
content: 0x0000000000000000000000000000000000000000

ruleId: SOLIDITY_PRAGMAS_VERSION
patternId: 23fc32
severity: 1
line: 1
column: 16
content: >

ruleId: SOLIDITY_PRAGMAS_VERSION
patternId: 23fc32
severity: 1
line: 1
column: 24
content: <

ruleId: SOLIDITY_REVERT_REQUIRE
patternId: c56b12
severity: 1
line: 57
column: 8
content: if(_to==0x0000000000000000000000000000000000000000)revert();

ruleId: SOLIDITY_REVERT_REQUIRE
patternId: c56b12
severity: 1
line: 58
column: 8
content: if(_value<=0)revert();

ruleId: SOLIDITY_REVERT_REQUIRE
patternId: c56b12
severity: 1
line: 59
column: 8
content: if(balanceOf[msg.sender]<_value)revert();

ruleId: SOLIDITY_REVERT_REQUIRE
patternId: c56b12
severity: 1
line: 60
column: 8
content: if(balanceOf[_to]+_value<balanceOf[_to])revert();

ruleId: SOLIDITY_REVERT_REQUIRE
patternId: c56b12
severity: 1
line: 69
column: 8
content: if(_value<=0)revert();

ruleId: SOLIDITY_REVERT_REQUIRE
patternId: c56b12
severity: 1
line: 77
column: 8
content: if(_to==0x0000000000000000000000000000000000000000)revert();

ruleId: SOLIDITY_REVERT_REQUIRE
patternId: c56b12
severity: 1
line: 78
column: 8
content: if(_value<=0)revert();

ruleId: SOLIDITY_REVERT_REQUIRE
patternId: c56b12
severity: 1
line: 79
column: 8
content: if(balanceOf[_from]<_value)revert();

ruleId: SOLIDITY_REVERT_REQUIRE
patternId: c56b12
severity: 1
line: 80
column: 8
content: if(balanceOf[_to]+_value<balanceOf[_to])revert();

ruleId: SOLIDITY_REVERT_REQUIRE
patternId: c56b12
severity: 1
line: 81
column: 8
content: if(_value>allowance[_from][msg.sender])revert();

ruleId: SOLIDITY_REVERT_REQUIRE
patternId: c56b12
severity: 1
line: 90
column: 8
content: if(balanceOf[msg.sender]<_value)revert();

ruleId: SOLIDITY_REVERT_REQUIRE
patternId: c56b12
severity: 1
line: 91
column: 2
content: if(_value<=0)revert();

SOLIDITY_PRAGMAS_VERSION :2
SOLIDITY_REVERT_REQUIRE :12
SOLIDITY_ADDRESS_HARDCODED :2