2019-07-25 16:32:33,475: [13] m.main:INFO: Registered plugins: DetectReentrancySimple, DetectInvalid, DetectUnusedRetVal, DetectUninitializedStorage, DetectSuicidal, DetectExternalCallAndLeak, DetectReentrancyAdvanced, DetectEnvInstruction, DetectUninitializedMemory, DetectDelegatecall, DetectIntegerOverflow
2019-07-25 16:32:33,475: [13] m.main:INFO: Beginning analysis
2019-07-25 16:32:33,487: [13] m.e.manticore:INFO: Starting symbolic create contract
2019-07-25 16:32:34,792: [13] m.e.manticore:INFO: Starting symbolic transaction: 0
2019-07-25 16:32:35,869: [13] m.e.manticore:INFO: 0 alive states, 2 terminated states
2019-07-25 16:32:35,991: [13] m.e.manticore:INFO: Starting symbolic transaction: 1
2019-07-25 16:32:36,194: [591] m.c.manticore:INFO: Generated testcase No. 0 - RETURN(1 txs)
2019-07-25 16:32:36,236: [586] m.c.manticore:INFO: Generated testcase No. 1 - REVERT(2 txs)
2019-07-25 16:32:37,400: [13] m.c.manticore:INFO: Results in /mcore_h2sk16yw
2019-07-25 16:32:38,591: [898] m.main:INFO: Registered plugins: DetectUninitializedMemory, DetectUnusedRetVal, DetectReentrancySimple, DetectInvalid, DetectExternalCallAndLeak, DetectEnvInstruction, DetectUninitializedStorage, DetectIntegerOverflow, DetectReentrancyAdvanced, DetectSuicidal, DetectDelegatecall
2019-07-25 16:32:38,591: [898] m.main:INFO: Beginning analysis
2019-07-25 16:32:38,646: [898] m.e.manticore:INFO: Starting symbolic create contract
2019-07-25 16:32:41,178: [898] m.e.manticore:INFO: Starting symbolic transaction: 0
2019-07-25 16:32:46,195: [898] m.e.manticore:INFO: 1 alive states, 7 terminated states
2019-07-25 16:32:47,316: [898] m.e.manticore:INFO: Starting symbolic transaction: 1
2019-07-25 16:32:53,168: [898] m.e.manticore:INFO: 1 alive states, 14 terminated states
2019-07-25 16:32:54,176: [2770] m.c.manticore:INFO: Generated testcase No. 0 - RETURN(3 txs)
2019-07-25 16:32:54,178: [2771] m.c.manticore:INFO: Generated testcase No. 1 - RETURN(1 txs)
2019-07-25 16:32:54,259: [2776] m.c.manticore:INFO: Generated testcase No. 2 - REVERT(2 txs)
2019-07-25 16:32:54,328: [2780] m.c.manticore:INFO: Generated testcase No. 3 - REVERT(2 txs)
2019-07-25 16:32:54,373: [2788] m.c.manticore:INFO: Generated testcase No. 7 - REVERT(2 txs)
2019-07-25 16:32:54,413: [2773] m.c.manticore:INFO: Generated testcase No. 4 - REVERT(2 txs)
2019-07-25 16:32:54,426: [2782] m.c.manticore:INFO: Generated testcase No. 5 - REVERT(2 txs)
2019-07-25 16:32:54,503: [2778] m.c.manticore:INFO: Generated testcase No. 6 - REVERT(2 txs)
2019-07-25 16:32:54,507: [2785] m.c.manticore:INFO: Generated testcase No. 8 - RETURN(2 txs)
2019-07-25 16:32:54,616: [2784] m.c.manticore:INFO: Generated testcase No. 9 - REVERT(3 txs)
2019-07-25 16:33:10,547: [2771] m.c.manticore:INFO: Generated testcase No. 10 - REVERT(3 txs)
2019-07-25 16:33:13,546: [2782] m.c.manticore:INFO: Generated testcase No. 11 - REVERT(3 txs)
2019-07-25 16:33:14,563: [2778] m.c.manticore:INFO: Generated testcase No. 12 - REVERT(3 txs)
2019-07-25 16:33:15,114: [2780] m.c.manticore:INFO: Generated testcase No. 13 - REVERT(3 txs)
2019-07-25 16:33:16,614: [2788] m.c.manticore:INFO: Generated testcase No. 14 - REVERT(3 txs)
2019-07-25 16:33:29,094: [898] m.c.manticore:INFO: Results in /mcore_5oy630i0
2019-07-25 16:33:31,284: [3521] m.main:INFO: Registered plugins: DetectUnusedRetVal, DetectSuicidal, DetectReentrancySimple, DetectInvalid, DetectExternalCallAndLeak, DetectEnvInstruction, DetectUninitializedMemory, DetectReentrancyAdvanced, DetectDelegatecall, DetectUninitializedStorage, DetectIntegerOverflow
2019-07-25 16:33:31,284: [3521] m.main:INFO: Beginning analysis
2019-07-25 16:33:31,294: [3521] m.e.manticore:INFO: Starting symbolic create contract
2019-07-25 16:33:47,469: [3521] m.e.manticore:INFO: Starting symbolic transaction: 0
2019-07-25 16:35:36,742: [4030] m.e.detectors:WARNING: Potentially reading uninitialized storage