/unique_chucks/20/0x3420894bf786866a09937b0369d5b4781870c21f.sol
jar:file:/usr/local/lib/node_modules/@smartdec/smartcheck/jdeploy-bundle/smartcheck-2.0-jar-with-dependencies.jar!/solidity-rules.xmlruleId: SOLIDITY_ADDRESS_HARDCODED
patternId: a91b18
severity: 1
line: 105
column: 4
content: pendingOwner=address(0)

ruleId: SOLIDITY_ADDRESS_HARDCODED
patternId: c67a09
severity: 1
line: 175
column: 35
content: 0x0

ruleId: SOLIDITY_ADDRESS_HARDCODED
patternId: c67a09
severity: 1
line: 176
column: 41
content: 0x0

ruleId: SOLIDITY_ADDRESS_HARDCODED
patternId: c67a09
severity: 1
line: 185
column: 36
content: 0x0

ruleId: SOLIDITY_DEPRECATED_CONSTRUCTIONS
patternId: 28fa69
severity: 1
line: 201
column: 4
content: functiontotalSupply()publicconstantreturns(uint256){returnsupply;}

ruleId: SOLIDITY_DEPRECATED_CONSTRUCTIONS
patternId: 28fa69
severity: 1
line: 205
column: 4
content: functionbalanceOf(address_owner)publicconstantreturns(uint256balance){returnbalances[_owner]+lockedBalances[_owner];}

ruleId: SOLIDITY_DEPRECATED_CONSTRUCTIONS
patternId: 28fa69
severity: 1
line: 270
column: 4
content: function_isContract(address_addr)internalconstantreturns(bool){uint256length;assembly{length:=extcodesize(_addr)}return(length>0);}

ruleId: SOLIDITY_DEPRECATED_CONSTRUCTIONS
patternId: 28fa69
severity: 1
line: 377
column: 4
content: functionallowance(address_owner,address_spender)publicconstantreturns(uint256remaining){returnallowed[_owner][_spender];}

ruleId: SOLIDITY_DEPRECATED_CONSTRUCTIONS
patternId: 28fa69
severity: 1
line: 441
column: 4
content: functioncheckTransferDelegated(address_from,address_to,uint256_value,uint256_maxReward,uint256_nonce,bytes_signature)publicconstantreturns(bool);

ruleId: SOLIDITY_DEPRECATED_CONSTRUCTIONS
patternId: 28fa69
severity: 1
line: 450
column: 4
content: functioncheckTransferAndCallDelegated(address_from,address_to,uint256_value,bytes_data,uint256_maxReward,uint256_nonce,bytes_signature)publicconstantreturns(bool);

ruleId: SOLIDITY_DEPRECATED_CONSTRUCTIONS
patternId: 28fa69
severity: 1
line: 460
column: 4
content: functioncheckTransferMultipleDelegated(address_from,address[]_addrs,uint256[]_values,uint256_maxReward,uint256_nonce,bytes_signature)publicconstantreturns(bool);

ruleId: SOLIDITY_ERC20_APPROVE
patternId: af782c
severity: 2
line: 370
column: 4
content: functionapprove(address_spender,uint256_value)publicreturns(boolsuccess){require(_value==0||allowed[msg.sender][_spender]==0);allowed[msg.sender][_spender]=_value;Approval(msg.sender,_spender,_value);returntrue;}

ruleId: SOLIDITY_EXTRA_GAS_IN_LOOPS
patternId: d3j11j
severity: 1
line: 254
column: 8
content: for(uinti=0;i<_addrs.length;++i){addressaddr=_addrs[i];require(addr!=0x0);uint256value=_values[i];balances[addr]=balances[addr].add(value);total=total.add(value);Transfer(_from,addr,value);}

ruleId: SOLIDITY_EXTRA_GAS_IN_LOOPS
patternId: d3j11j
severity: 1
line: 422
column: 8
content: for(uinti=0;i<_poolAddrs.length;++i){require(_isContract(_poolAddrs[i]));creatorsPoolAddrs.push(_poolAddrs[i]);isCreatorsPool[_poolAddrs[i]]=true;}

ruleId: SOLIDITY_GAS_LIMIT_IN_LOOPS
patternId: f6f853
severity: 2
line: 254
column: 8
content: for(uinti=0;i<_addrs.length;++i){addressaddr=_addrs[i];require(addr!=0x0);uint256value=_values[i];balances[addr]=balances[addr].add(value);total=total.add(value);Transfer(_from,addr,value);}

ruleId: SOLIDITY_GAS_LIMIT_IN_LOOPS
patternId: f6f853
severity: 2
line: 422
column: 8
content: for(uinti=0;i<_poolAddrs.length;++i){require(_isContract(_poolAddrs[i]));creatorsPoolAddrs.push(_poolAddrs[i]);isCreatorsPool[_poolAddrs[i]]=true;}

ruleId: SOLIDITY_OVERPOWERED_ROLE
patternId: j83hf7
severity: 2
line: 152
column: 4
content: functionsetOperator(address_operator)onlyOwnerpublic{operator=_operator;}

ruleId: SOLIDITY_OVERPOWERED_ROLE
patternId: j83hf7
severity: 2
line: 290
column: 4
content: functionsetSignatureChecker(address_sigCheckerAddr)public{require(msg.sender==signatureOwner);require(!signatureCheckerFreezed);require(signatureChecker!=_sigCheckerAddr);signatureChecker=SignatureChecker(_sigCheckerAddr);SignatureCheckerChanged(_sigCheckerAddr);}

ruleId: SOLIDITY_PRAGMAS_VERSION
patternId: 23fc32
severity: 1
line: 1
column: 16
content: ^

ruleId: SOLIDITY_SAFEMATH
patternId: 837cac
severity: 1
line: 163
column: 4
content: usingSafeMathforuint256;

ruleId: SOLIDITY_UPGRADE_TO_050
patternId: 341gim
severity: 1
line: 248
column: 46
content: address[]_addrs

ruleId: SOLIDITY_UPGRADE_TO_050
patternId: 341gim
severity: 1
line: 248
column: 64
content: uint256[]_values

ruleId: SOLIDITY_UPGRADE_TO_050
patternId: 341gim
severity: 1
line: 266
column: 30
content: address[]_addrs

ruleId: SOLIDITY_UPGRADE_TO_050
patternId: 341gim
severity: 1
line: 266
column: 48
content: uint256[]_values

ruleId: SOLIDITY_UPGRADE_TO_050
patternId: 341gim
severity: 1
line: 278
column: 74
content: bytes_data

ruleId: SOLIDITY_UPGRADE_TO_050
patternId: 341gim
severity: 1
line: 286
column: 58
content: bytes_data

ruleId: SOLIDITY_UPGRADE_TO_050
patternId: 341gim
severity: 1
line: 321
column: 8
content: bytes_signature

ruleId: SOLIDITY_UPGRADE_TO_050
patternId: 341gim
severity: 1
line: 331
column: 8
content: bytes_data

ruleId: SOLIDITY_UPGRADE_TO_050
patternId: 341gim
severity: 1
line: 335
column: 8
content: bytes_signature

ruleId: SOLIDITY_UPGRADE_TO_050
patternId: 341gim
severity: 1
line: 343
column: 8
content: address[]_addrs

ruleId: SOLIDITY_UPGRADE_TO_050
patternId: 341gim
severity: 1
line: 344
column: 8
content: uint256[]_values

ruleId: SOLIDITY_UPGRADE_TO_050
patternId: 341gim
severity: 1
line: 348
column: 8
content: bytes_signature

ruleId: SOLIDITY_UPGRADE_TO_050
patternId: 341gim
severity: 1
line: 418
column: 35
content: address[]_poolAddrs

ruleId: SOLIDITY_UPGRADE_TO_050
patternId: 341gim
severity: 1
line: 447
column: 8
content: bytes_signature

ruleId: SOLIDITY_UPGRADE_TO_050
patternId: 341gim
severity: 1
line: 454
column: 8
content: bytes_data

ruleId: SOLIDITY_UPGRADE_TO_050
patternId: 341gim
severity: 1
line: 457
column: 8
content: bytes_signature

ruleId: SOLIDITY_UPGRADE_TO_050
patternId: 341gim
severity: 1
line: 462
column: 8
content: address[]_addrs

ruleId: SOLIDITY_UPGRADE_TO_050
patternId: 341gim
severity: 1
line: 463
column: 8
content: uint256[]_values

ruleId: SOLIDITY_UPGRADE_TO_050
patternId: 341gim
severity: 1
line: 466
column: 8
content: bytes_signature

ruleId: SOLIDITY_UPGRADE_TO_050
patternId: 341gim
severity: 1
line: 471
column: 58
content: bytes_data

ruleId: SOLIDITY_VISIBILITY
patternId: b51ce0
severity: 1
line: 179
column: 4
content: mapping(address=>bool)isCreatorsPool;

SOLIDITY_VISIBILITY :1
SOLIDITY_SAFEMATH :1
SOLIDITY_OVERPOWERED_ROLE :2
SOLIDITY_DEPRECATED_CONSTRUCTIONS :7
SOLIDITY_PRAGMAS_VERSION :1
SOLIDITY_EXTRA_GAS_IN_LOOPS :2
SOLIDITY_ADDRESS_HARDCODED :4
SOLIDITY_UPGRADE_TO_050 :20
SOLIDITY_GAS_LIMIT_IN_LOOPS :2
SOLIDITY_ERC20_APPROVE :1