/unique_chucks/29/0x162339a6aef6a6a07c44ee90b64b79005e0100e5.sol
jar:file:/usr/local/lib/node_modules/@smartdec/smartcheck/jdeploy-bundle/smartcheck-2.0-jar-with-dependencies.jar!/solidity-rules.xmlruleId: SOLIDITY_UPGRADE_TO_050
patternId: 341gim
severity: 1
line: 22
column: 8
content: stringtokenName

ruleId: SOLIDITY_UPGRADE_TO_050
patternId: 341gim
severity: 1
line: 23
column: 8
content: stringtokenSymbol

ruleId: SOLIDITY_UPGRADE_TO_050
patternId: 341gim
severity: 1
line: 65
column: 62
content: bytes_extraData

SOLIDITY_UPGRADE_TO_050 :3