/unique_contracts/0x048f616fcc4dd825f4a0a3b095d2ef70046b30c3.sol
jar:file:/usr/local/lib/node_modules/@smartdec/smartcheck/jdeploy-bundle/smartcheck-2.0-jar-with-dependencies.jar!/solidity-rules.xmlruleId: SOLIDITY_BALANCE_EQUALITY
patternId: 5094ad
severity: 1
line: 132
column: 12
content: user[msg.sender].balance==0

ruleId: SOLIDITY_PRAGMAS_VERSION
patternId: 23fc32
severity: 1
line: 1
column: 16
content: ^

ruleId: SOLIDITY_SAFEMATH
patternId: 837cac
severity: 1
line: 66
column: 4
content: usingSafeMathforuint;

ruleId: SOLIDITY_SHOULD_NOT_BE_PURE
patternId: 11314f
severity: 1
line: 197
column: 4
content: functionbytesToAddress(bytessource)internalpurereturns(addressaddr){assembly{addr:=mload(add(source,0x14))}returnaddr;}

ruleId: SOLIDITY_UNCHECKED_CALL
patternId: f39eed
severity: 3
line: 123
column: 8
content: sendFee()

ruleId: SOLIDITY_UNCHECKED_CALL
patternId: f39eed
severity: 3
line: 124
column: 8
content: sendReferrer()

ruleId: SOLIDITY_UNCHECKED_CALL
patternId: f39eed
severity: 3
line: 125
column: 8
content: sendPayment()

ruleId: SOLIDITY_UPGRADE_TO_050
patternId: 91h3sa
severity: 1
line: 118
column: 15
content: public

ruleId: SOLIDITY_UPGRADE_TO_050
patternId: 341gim
severity: 1
line: 197
column: 28
content: bytessource

ruleId: SOLIDITY_USING_INLINE_ASSEMBLY
patternId: 109cd5
severity: 1
line: 198
column: 8
content: assembly{addr:=mload(add(source,0x14))}

SOLIDITY_SAFEMATH :1
SOLIDITY_PRAGMAS_VERSION :1
SOLIDITY_UPGRADE_TO_050 :2
SOLIDITY_USING_INLINE_ASSEMBLY :1
SOLIDITY_UNCHECKED_CALL :3
SOLIDITY_BALANCE_EQUALITY :1
SOLIDITY_SHOULD_NOT_BE_PURE :1