INFO:Slither:Compilation warnings/errors on /unique_chucks/33/0x4ec0a558bc3c0f640119fb2944d98de805a26803.sol:
/unique_chucks/33/0x4ec0a558bc3c0f640119fb2944d98de805a26803.sol:74:5: Warning: Defining constructors as functions with the same name as the contract is deprecated. Use "constructor(...) { ... }" instead.
    function Owned() public {
    ^ (Relevant source part starts here and spans across multiple lines).
/unique_chucks/33/0x4ec0a558bc3c0f640119fb2944d98de805a26803.sol:114:5: Warning: Defining constructors as functions with the same name as the contract is deprecated. Use "constructor(...) { ... }" instead.
    function MIS() public {
    ^ (Relevant source part starts here and spans across multiple lines).
/unique_chucks/33/0x4ec0a558bc3c0f640119fb2944d98de805a26803.sol:88:9: Warning: Invoking events without "emit" prefix is deprecated.
        OwnershipTransferred(owner, newOwner);
        ^-----------------------------------^
/unique_chucks/33/0x4ec0a558bc3c0f640119fb2944d98de805a26803.sol:120:9: Warning: Invoking events without "emit" prefix is deprecated.
        Transfer(address(0), owner, _totalSupply);
        ^---------------------------------------^
/unique_chucks/33/0x4ec0a558bc3c0f640119fb2944d98de805a26803.sol:148:9: Warning: Invoking events without "emit" prefix is deprecated.
        Transfer(msg.sender, to, tokens);
        ^------------------------------^
/unique_chucks/33/0x4ec0a558bc3c0f640119fb2944d98de805a26803.sol:163:9: Warning: Invoking events without "emit" prefix is deprecated.
        Approval(msg.sender, spender, tokens);
        ^-----------------------------------^
/unique_chucks/33/0x4ec0a558bc3c0f640119fb2944d98de805a26803.sol:181:9: Warning: Invoking events without "emit" prefix is deprecated.
        Transfer(from, to, tokens);
        ^------------------------^
/unique_chucks/33/0x4ec0a558bc3c0f640119fb2944d98de805a26803.sol:202:9: Warning: Invoking events without "emit" prefix is deprecated.
        Approval(msg.sender, spender, tokens);
        ^-----------------------------------^

INFO:Detectors:[93m
Contract locking ether found in /unique_chucks/33/0x4ec0a558bc3c0f640119fb2944d98de805a26803.sol:
	Contract MIS has payable functions:
	 - fallback (/unique_chucks/33/0x4ec0a558bc3c0f640119fb2944d98de805a26803.sol#218)
	But does not have a function to withdraw the ether
Reference: https://github.com/trailofbits/slither/wiki/Detectors-Documentation#contracts-that-lock-ether[0m
INFO:Detectors:[92m
MIS.totalSupply (/unique_chucks/33/0x4ec0a558bc3c0f640119fb2944d98de805a26803.sol#132-133) should be declared external
ERC20Interface.totalSupply (/unique_chucks/33/0x4ec0a558bc3c0f640119fb2944d98de805a26803.sol#43-44) should be declared external
MIS.balanceOf (/unique_chucks/33/0x4ec0a558bc3c0f640119fb2944d98de805a26803.sol#140-141) should be declared external
ERC20Interface.balanceOf (/unique_chucks/33/0x4ec0a558bc3c0f640119fb2944d98de805a26803.sol#44-45) should be declared external
ERC20Interface.allowance (/unique_chucks/33/0x4ec0a558bc3c0f640119fb2944d98de805a26803.sol#45-46) should be declared external
MIS.allowance (/unique_chucks/33/0x4ec0a558bc3c0f640119fb2944d98de805a26803.sol#195-197) should be declared external
MIS.transfer (/unique_chucks/33/0x4ec0a558bc3c0f640119fb2944d98de805a26803.sol#147-154) should be declared external
ERC20Interface.transfer (/unique_chucks/33/0x4ec0a558bc3c0f640119fb2944d98de805a26803.sol#46-47) should be declared external
ERC20Interface.approve (/unique_chucks/33/0x4ec0a558bc3c0f640119fb2944d98de805a26803.sol#47-48) should be declared external
MIS.approve (/unique_chucks/33/0x4ec0a558bc3c0f640119fb2944d98de805a26803.sol#163-171) should be declared external
ERC20Interface.transferFrom (/unique_chucks/33/0x4ec0a558bc3c0f640119fb2944d98de805a26803.sol#48-50) should be declared external
MIS.transferFrom (/unique_chucks/33/0x4ec0a558bc3c0f640119fb2944d98de805a26803.sol#179-188) should be declared external
ApproveAndCallFallBack.receiveApproval (/unique_chucks/33/0x4ec0a558bc3c0f640119fb2944d98de805a26803.sol#61-65) should be declared external
Owned.transferOwnership (/unique_chucks/33/0x4ec0a558bc3c0f640119fb2944d98de805a26803.sol#84-88) should be declared external
Owned.acceptOwnership (/unique_chucks/33/0x4ec0a558bc3c0f640119fb2944d98de805a26803.sol#88-96) should be declared external
MIS.approveAndCall (/unique_chucks/33/0x4ec0a558bc3c0f640119fb2944d98de805a26803.sol#203-211) should be declared external
MIS.fallback (/unique_chucks/33/0x4ec0a558bc3c0f640119fb2944d98de805a26803.sol#218) should be declared external
MIS.transferAnyERC20Token (/unique_chucks/33/0x4ec0a558bc3c0f640119fb2944d98de805a26803.sol) should be declared external
Reference: https://github.com/trailofbits/slither/wiki/Detectors-Documentation#public-function-that-could-be-declared-as-external[0m
INFO:Detectors:[92m
Detected issues with version pragma in /unique_chucks/33/0x4ec0a558bc3c0f640119fb2944d98de805a26803.sol:
	- pragma solidity^0.4.18 (/unique_chucks/33/0x4ec0a558bc3c0f640119fb2944d98de805a26803.sol#1): it allows old versions
Reference: https://github.com/trailofbits/slither/wiki/Detectors-Documentation#incorrect-version-of-solidity[0m
INFO:Detectors:[92m
Function 'Owned.Owned' (/unique_chucks/33/0x4ec0a558bc3c0f640119fb2944d98de805a26803.sol#78-80) is not in mixedCase
Parameter '_newOwner' of Owned.transferOwnership (/unique_chucks/33/0x4ec0a558bc3c0f640119fb2944d98de805a26803.sol#86) is not in mixedCase
Function 'MIS.MIS' (/unique_chucks/33/0x4ec0a558bc3c0f640119fb2944d98de805a26803.sol#118-126) is not in mixedCase
Variable 'MIS._totalSupply' (/unique_chucks/33/0x4ec0a558bc3c0f640119fb2944d98de805a26803.sol#108-111) is not in mixedCase
Reference: https://github.com/trailofbits/slither/wiki/Detectors-Documentation#conformance-to-solidity-naming-conventions[0m
INFO:Slither:/unique_chucks/33/0x4ec0a558bc3c0f640119fb2944d98de805a26803.sol analyzed (5 contracts), 24 result(s) found