/unique_chucks/17/0xb671f2210b1f6621a2607ea63e6b2dc3e2464d1f.sol
jar:file:/usr/local/lib/node_modules/@smartdec/smartcheck/jdeploy-bundle/smartcheck-2.0-jar-with-dependencies.jar!/solidity-rules.xmlruleId: SOLIDITY_ADDRESS_HARDCODED
patternId: a91b18
severity: 1
line: 404
column: 8
content: nominatedOwner=address(0)

ruleId: SOLIDITY_OVERPOWERED_ROLE
patternId: j83hf7
severity: 2
line: 603
column: 4
content: functionsetSynthetix(ISynthetix_synthetix)externalonlyOwner{synthetix=_synthetix;emitSynthetixUpdated(_synthetix);}

ruleId: SOLIDITY_OVERPOWERED_ROLE
patternId: j83hf7
severity: 2
line: 615
column: 4
content: functionsetFeePool(IFeePool_feePool)externalonlyOwner{feePool=_feePool;emitFeePoolUpdated(_feePool);}

ruleId: SOLIDITY_PRAGMAS_VERSION
patternId: 23fc32
severity: 1
line: 9
column: 16
content: ^

ruleId: SOLIDITY_PRIVATE_MODIFIER_DONT_HIDE_DATA
patternId: 5616b2
severity: 1
line: 122
column: 9
content: private

ruleId: SOLIDITY_SAFEMATH
patternId: 837cac
severity: 1
line: 111
column: 4
content: usingSafeMathforuint;

ruleId: SOLIDITY_SAFEMATH
patternId: 837cac
severity: 1
line: 559
column: 4
content: usingSafeMathforuint;

ruleId: SOLIDITY_VISIBILITY
patternId: 23rt6g
severity: 1
line: 462
column: 44
content: public

ruleId: SOLIDITY_VISIBILITY
patternId: 23rt6g
severity: 1
line: 464
column: 62
content: public

ruleId: SOLIDITY_VISIBILITY
patternId: 23rt6g
severity: 1
line: 472
column: 40
content: public

ruleId: SOLIDITY_VISIBILITY
patternId: 23rt6g
severity: 1
line: 473
column: 64
content: public

ruleId: SOLIDITY_VISIBILITY
patternId: 23rt6g
severity: 1
line: 481
column: 104
content: public

ruleId: SOLIDITY_VISIBILITY
patternId: 23rt6g
severity: 1
line: 483
column: 49
content: public

ruleId: SOLIDITY_VISIBILITY
patternId: b51ce0
severity: 1
line: 579
column: 4
content: uintconstantTIME_INDEX=0;

ruleId: SOLIDITY_VISIBILITY
patternId: b51ce0
severity: 1
line: 580
column: 4
content: uintconstantQUANTITY_INDEX=1;

SOLIDITY_VISIBILITY :8
SOLIDITY_SAFEMATH :2
SOLIDITY_OVERPOWERED_ROLE :2
SOLIDITY_PRAGMAS_VERSION :1
SOLIDITY_PRIVATE_MODIFIER_DONT_HIDE_DATA :1
SOLIDITY_ADDRESS_HARDCODED :1