/unique_chucks/2/0x5aeba72b15e4ef814460e49beca6d176caec228b.sol
jar:file:/usr/local/lib/node_modules/@smartdec/smartcheck/jdeploy-bundle/smartcheck-2.0-jar-with-dependencies.jar!/solidity-rules.xmlruleId: SOLIDITY_ADDRESS_HARDCODED
patternId: a91b18
severity: 1
line: 57
column: 4
content: _owner=address(0)

ruleId: SOLIDITY_ERC20_APPROVE
patternId: af782c
severity: 2
line: 222
column: 2
content: functionapprove(addressspender,uint256value)publicreturns(bool){require(spender!=address(0));_allowed[msg.sender][spender]=value;emitApproval(msg.sender,spender,value);returntrue;}

ruleId: SOLIDITY_ERC20_APPROVE
patternId: af782c
severity: 2
line: 757
column: 2
content: functionapprove(addressspender,uint256value)publicwhenNotPausedreturns(bool){returnsuper.approve(spender,value);}

ruleId: SOLIDITY_EXTRA_GAS_IN_LOOPS
patternId: d3j11j
severity: 1
line: 988
column: 4
content: for(uinti=0;i<addresses.length;i++){address_to=addresses[i];uint256_value=tokenAmount[i];super.transfer(_to,_value);}

ruleId: SOLIDITY_EXTRA_GAS_IN_LOOPS
patternId: d3j11j
severity: 1
line: 998
column: 4
content: for(uinti=0;i<addresses.length;i++){address_to=addresses[i];uint256_value=tokenAmount[i];super.transferFrom(_from,_to,_value);}

ruleId: SOLIDITY_GAS_LIMIT_IN_LOOPS
patternId: f6f853
severity: 2
line: 988
column: 4
content: for(uinti=0;i<addresses.length;i++){address_to=addresses[i];uint256_value=tokenAmount[i];super.transfer(_to,_value);}

ruleId: SOLIDITY_GAS_LIMIT_IN_LOOPS
patternId: f6f853
severity: 2
line: 998
column: 4
content: for(uinti=0;i<addresses.length;i++){address_to=addresses[i];uint256_value=tokenAmount[i];super.transferFrom(_from,_to,_value);}

ruleId: SOLIDITY_PRAGMAS_VERSION
patternId: 23fc32
severity: 1
line: 1
column: 16
content: ^

ruleId: SOLIDITY_PRIVATE_MODIFIER_DONT_HIDE_DATA
patternId: 5616b2
severity: 1
line: 9
column: 10
content: private

ruleId: SOLIDITY_PRIVATE_MODIFIER_DONT_HIDE_DATA
patternId: 5616b2
severity: 1
line: 375
column: 13
content: private

ruleId: SOLIDITY_PRIVATE_MODIFIER_DONT_HIDE_DATA
patternId: 5616b2
severity: 1
line: 539
column: 13
content: private

ruleId: SOLIDITY_PRIVATE_MODIFIER_DONT_HIDE_DATA
patternId: 5616b2
severity: 1
line: 576
column: 7
content: private

ruleId: SOLIDITY_PRIVATE_MODIFIER_DONT_HIDE_DATA
patternId: 5616b2
severity: 1
line: 639
column: 13
content: private

ruleId: SOLIDITY_PRIVATE_MODIFIER_DONT_HIDE_DATA
patternId: 5616b2
severity: 1
line: 677
column: 7
content: private

ruleId: SOLIDITY_PRIVATE_MODIFIER_DONT_HIDE_DATA
patternId: 5616b2
severity: 1
line: 937
column: 9
content: private

ruleId: SOLIDITY_PRIVATE_MODIFIER_DONT_HIDE_DATA
patternId: 5616b2
severity: 1
line: 938
column: 9
content: private

ruleId: SOLIDITY_PRIVATE_MODIFIER_DONT_HIDE_DATA
patternId: 5616b2
severity: 1
line: 939
column: 8
content: private

ruleId: SOLIDITY_SAFEMATH
patternId: 837cac
severity: 1
line: 121
column: 2
content: usingSafeMathforuint256;

ruleId: SOLIDITY_UPGRADE_TO_050
patternId: 341gim
severity: 1
line: 941
column: 14
content: stringname

ruleId: SOLIDITY_UPGRADE_TO_050
patternId: 341gim
severity: 1
line: 941
column: 27
content: stringsymbol

ruleId: SOLIDITY_UPGRADE_TO_050
patternId: 341gim
severity: 1
line: 954
column: 38
content: string

ruleId: SOLIDITY_UPGRADE_TO_050
patternId: 341gim
severity: 1
line: 961
column: 40
content: string

ruleId: SOLIDITY_UPGRADE_TO_050
patternId: 341gim
severity: 1
line: 972
column: 54
content: string

ruleId: SOLIDITY_UPGRADE_TO_050
patternId: 341gim
severity: 1
line: 972
column: 62
content: string

ruleId: SOLIDITY_UPGRADE_TO_050
patternId: 341gim
severity: 1
line: 986
column: 25
content: address[]addresses

ruleId: SOLIDITY_UPGRADE_TO_050
patternId: 341gim
severity: 1
line: 986
column: 46
content: uint256[]tokenAmount

ruleId: SOLIDITY_UPGRADE_TO_050
patternId: 341gim
severity: 1
line: 996
column: 44
content: address[]addresses

ruleId: SOLIDITY_UPGRADE_TO_050
patternId: 341gim
severity: 1
line: 996
column: 65
content: uint256[]tokenAmount

SOLIDITY_SAFEMATH :1
SOLIDITY_PRAGMAS_VERSION :1
SOLIDITY_PRIVATE_MODIFIER_DONT_HIDE_DATA :9
SOLIDITY_EXTRA_GAS_IN_LOOPS :2
SOLIDITY_ADDRESS_HARDCODED :1
SOLIDITY_UPGRADE_TO_050 :10
SOLIDITY_GAS_LIMIT_IN_LOOPS :2
SOLIDITY_ERC20_APPROVE :2