/unique_chucks/26/0xe9827370ae7c0aa97e87b6dbe56e0bd735a552f1.sol
jar:file:/usr/local/lib/node_modules/@smartdec/smartcheck/jdeploy-bundle/smartcheck-2.0-jar-with-dependencies.jar!/solidity-rules.xmlruleId: SOLIDITY_ADDRESS_HARDCODED
patternId: b140cd
severity: 1
line: 432
column: 64
content: 0x2D

ruleId: SOLIDITY_ADDRESS_HARDCODED
patternId: b140cd
severity: 1
line: 520
column: 24
content: 0x61

ruleId: SOLIDITY_ADDRESS_HARDCODED
patternId: b140cd
severity: 1
line: 520
column: 41
content: 0x7A

ruleId: SOLIDITY_ADDRESS_HARDCODED
patternId: a91b18
severity: 1
line: 93
column: 4
content: owner=address(0)

ruleId: SOLIDITY_PRAGMAS_VERSION
patternId: 23fc32
severity: 1
line: 1
column: 16
content: ^

ruleId: SOLIDITY_PRIVATE_MODIFIER_DONT_HIDE_DATA
patternId: 5616b2
severity: 1
line: 120
column: 7
content: private

ruleId: SOLIDITY_PRIVATE_MODIFIER_DONT_HIDE_DATA
patternId: 5616b2
severity: 1
line: 167
column: 34
content: private

ruleId: SOLIDITY_PRIVATE_MODIFIER_DONT_HIDE_DATA
patternId: 5616b2
severity: 1
line: 170
column: 33
content: private

ruleId: SOLIDITY_SAFEMATH
patternId: 837cac
severity: 1
line: 140
column: 4
content: usingSafeMathforuint256;

ruleId: SOLIDITY_UPGRADE_TO_050
patternId: 91h3sa
severity: 1
line: 245
column: 8
content: public

ruleId: SOLIDITY_UPGRADE_TO_050
patternId: 341gim
severity: 1
line: 265
column: 123
content: string_data

ruleId: SOLIDITY_UPGRADE_TO_050
patternId: 341gim
severity: 1
line: 308
column: 93
content: string_data

ruleId: SOLIDITY_UPGRADE_TO_050
patternId: 341gim
severity: 1
line: 346
column: 125
content: string_data

ruleId: SOLIDITY_UPGRADE_TO_050
patternId: 341gim
severity: 1
line: 384
column: 130
content: string_data

ruleId: SOLIDITY_UPGRADE_TO_050
patternId: 341gim
severity: 1
line: 499
column: 116
content: string_data

SOLIDITY_SAFEMATH :1
SOLIDITY_PRAGMAS_VERSION :1
SOLIDITY_PRIVATE_MODIFIER_DONT_HIDE_DATA :3
SOLIDITY_ADDRESS_HARDCODED :4
SOLIDITY_UPGRADE_TO_050 :6