INFO:Slither:Compilation warnings/errors on /unique_chucks/22/0x37b3ca106c6631991b7098317c24fbe544158c76.sol:
/unique_chucks/22/0x37b3ca106c6631991b7098317c24fbe544158c76.sol:110:5: Warning: Defining constructors as functions with the same name as the contract is deprecated. Use "constructor(...) { ... }" instead.
    function UBCoin () public {
    ^ (Relevant source part starts here and spans across multiple lines).

INFO:Detectors:[93m
UBCoin.totalSupply (/unique_chucks/22/0x37b3ca106c6631991b7098317c24fbe544158c76.sol#81-82) shadows:
	- ERC20Basic.totalSupply (/unique_chucks/22/0x37b3ca106c6631991b7098317c24fbe544158c76.sol#56)
Reference: https://github.com/trailofbits/slither/wiki/Detectors-Documentation#state-variable-shadowing-from-abstract-contracts[0m
INFO:Detectors:[92m
ERC20Basic.totalSupply should be constant (/unique_chucks/22/0x37b3ca106c6631991b7098317c24fbe544158c76.sol#56)
Reference: https://github.com/trailofbits/slither/wiki/Detectors-Documentation#state-variables-that-could-be-declared-constant[0m
INFO:Detectors:[92m
ForeignToken.balanceOf (/unique_chucks/22/0x37b3ca106c6631991b7098317c24fbe544158c76.sol#50-51) should be declared external
ForeignToken.transfer (/unique_chucks/22/0x37b3ca106c6631991b7098317c24fbe544158c76.sol#51-55) should be declared external
UBCoin.balanceOf (/unique_chucks/22/0x37b3ca106c6631991b7098317c24fbe544158c76.sol#198-203) should be declared external
ERC20Basic.balanceOf (/unique_chucks/22/0x37b3ca106c6631991b7098317c24fbe544158c76.sol#56-57) should be declared external
UBCoin.transfer (/unique_chucks/22/0x37b3ca106c6631991b7098317c24fbe544158c76.sol#208-217) should be declared external
ERC20Basic.transfer (/unique_chucks/22/0x37b3ca106c6631991b7098317c24fbe544158c76.sol#57-58) should be declared external
ERC20.allowance (/unique_chucks/22/0x37b3ca106c6631991b7098317c24fbe544158c76.sol#62-63) should be declared external
UBCoin.allowance (/unique_chucks/22/0x37b3ca106c6631991b7098317c24fbe544158c76.sol#239-245) should be declared external
ERC20.transferFrom (/unique_chucks/22/0x37b3ca106c6631991b7098317c24fbe544158c76.sol#63-64) should be declared external
UBCoin.transferFrom (/unique_chucks/22/0x37b3ca106c6631991b7098317c24fbe544158c76.sol#218-229) should be declared external
ERC20.approve (/unique_chucks/22/0x37b3ca106c6631991b7098317c24fbe544158c76.sol#64-65) should be declared external
UBCoin.approve (/unique_chucks/22/0x37b3ca106c6631991b7098317c24fbe544158c76.sol#230-239) should be declared external
UBCoin.transferOwnership (/unique_chucks/22/0x37b3ca106c6631991b7098317c24fbe544158c76.sol#117-123) should be declared external
UBCoin.finishDistribution (/unique_chucks/22/0x37b3ca106c6631991b7098317c24fbe544158c76.sol#124-129) should be declared external
UBCoin.updateTokensPerEth (/unique_chucks/22/0x37b3ca106c6631991b7098317c24fbe544158c76.sol#166-175) should be declared external
UBCoin.getTokenBalance (/unique_chucks/22/0x37b3ca106c6631991b7098317c24fbe544158c76.sol#245-252) should be declared external
UBCoin.withdraw (/unique_chucks/22/0x37b3ca106c6631991b7098317c24fbe544158c76.sol#252-254) should be declared external
UBCoin.burn (/unique_chucks/22/0x37b3ca106c6631991b7098317c24fbe544158c76.sol#254-266) should be declared external
UBCoin.withdrawForeignTokens (/unique_chucks/22/0x37b3ca106c6631991b7098317c24fbe544158c76.sol) should be declared external
Reference: https://github.com/trailofbits/slither/wiki/Detectors-Documentation#public-function-that-could-be-declared-as-external[0m
INFO:Detectors:[92m
Detected issues with version pragma in /unique_chucks/22/0x37b3ca106c6631991b7098317c24fbe544158c76.sol:
	- pragma solidity^0.4.18 (/unique_chucks/22/0x37b3ca106c6631991b7098317c24fbe544158c76.sol#1): it allows old versions
Reference: https://github.com/trailofbits/slither/wiki/Detectors-Documentation#incorrect-version-of-solidity[0m
INFO:Detectors:[92m
Parameter '_owner' of UBCoin.balanceOf (/unique_chucks/22/0x37b3ca106c6631991b7098317c24fbe544158c76.sol#199) is not in mixedCase
Parameter '_to' of UBCoin.transfer (/unique_chucks/22/0x37b3ca106c6631991b7098317c24fbe544158c76.sol#208) is not in mixedCase
Parameter '_amount' of UBCoin.transfer (/unique_chucks/22/0x37b3ca106c6631991b7098317c24fbe544158c76.sol#208) is not in mixedCase
Parameter '_owner' of UBCoin.allowance (/unique_chucks/22/0x37b3ca106c6631991b7098317c24fbe544158c76.sol#240) is not in mixedCase
Parameter '_spender' of UBCoin.allowance (/unique_chucks/22/0x37b3ca106c6631991b7098317c24fbe544158c76.sol#240) is not in mixedCase
Parameter '_from' of UBCoin.transferFrom (/unique_chucks/22/0x37b3ca106c6631991b7098317c24fbe544158c76.sol#218) is not in mixedCase
Parameter '_to' of UBCoin.transferFrom (/unique_chucks/22/0x37b3ca106c6631991b7098317c24fbe544158c76.sol#218-219) is not in mixedCase
Parameter '_amount' of UBCoin.transferFrom (/unique_chucks/22/0x37b3ca106c6631991b7098317c24fbe544158c76.sol#219-220) is not in mixedCase
Parameter '_spender' of UBCoin.approve (/unique_chucks/22/0x37b3ca106c6631991b7098317c24fbe544158c76.sol#230) is not in mixedCase
Parameter '_value' of UBCoin.approve (/unique_chucks/22/0x37b3ca106c6631991b7098317c24fbe544158c76.sol#230-231) is not in mixedCase
Function 'UBCoin.UBCoin' (/unique_chucks/22/0x37b3ca106c6631991b7098317c24fbe544158c76.sol#113-117) is not in mixedCase
Parameter '_to' of UBCoin.distr (/unique_chucks/22/0x37b3ca106c6631991b7098317c24fbe544158c76.sol#129-130) is not in mixedCase
Parameter '_amount' of UBCoin.distr (/unique_chucks/22/0x37b3ca106c6631991b7098317c24fbe544158c76.sol#130) is not in mixedCase
Parameter '_participant' of UBCoin.doAirdrop (/unique_chucks/22/0x37b3ca106c6631991b7098317c24fbe544158c76.sol#141-143) is not in mixedCase
Parameter '_amount' of UBCoin.doAirdrop (/unique_chucks/22/0x37b3ca106c6631991b7098317c24fbe544158c76.sol#143) is not in mixedCase
Parameter '_participant' of UBCoin.adminClaimAirdrop (/unique_chucks/22/0x37b3ca106c6631991b7098317c24fbe544158c76.sol#159) is not in mixedCase
Parameter '_amount' of UBCoin.adminClaimAirdrop (/unique_chucks/22/0x37b3ca106c6631991b7098317c24fbe544158c76.sol#159) is not in mixedCase
Parameter '_addresses' of UBCoin.adminClaimAirdropMultiple (/unique_chucks/22/0x37b3ca106c6631991b7098317c24fbe544158c76.sol#163) is not in mixedCase
Parameter '_amount' of UBCoin.adminClaimAirdropMultiple (/unique_chucks/22/0x37b3ca106c6631991b7098317c24fbe544158c76.sol#163) is not in mixedCase
Parameter '_tokensPerEth' of UBCoin.updateTokensPerEth (/unique_chucks/22/0x37b3ca106c6631991b7098317c24fbe544158c76.sol#168) is not in mixedCase
Parameter '_value' of UBCoin.burn (/unique_chucks/22/0x37b3ca106c6631991b7098317c24fbe544158c76.sol#254-256) is not in mixedCase
Parameter '_tokenContract' of UBCoin.withdrawForeignTokens (/unique_chucks/22/0x37b3ca106c6631991b7098317c24fbe544158c76.sol) is not in mixedCase
Reference: https://github.com/trailofbits/slither/wiki/Detectors-Documentation#conformance-to-solidity-naming-conventions[0m
INFO:Slither:/unique_chucks/22/0x37b3ca106c6631991b7098317c24fbe544158c76.sol analyzed (5 contracts), 44 result(s) found