2019-08-06 08:43:33,447: [12] m.main:INFO: Registered plugins: DetectUninitializedMemory, DetectIntegerOverflow, DetectDelegatecall, DetectEnvInstruction, DetectSuicidal, DetectReentrancyAdvanced, DetectReentrancySimple, DetectUnusedRetVal, DetectExternalCallAndLeak, DetectUninitializedStorage, DetectInvalid
2019-08-06 08:43:33,447: [12] m.main:INFO: Beginning analysis
2019-08-06 08:43:33,469: [12] m.e.manticore:INFO: Starting symbolic create contract
2019-08-06 08:43:34,704: [12] m.e.manticore:INFO: Starting symbolic transaction: 0
2019-08-06 08:43:35,403: [12] m.e.manticore:INFO: 0 alive states, 2 terminated states
2019-08-06 08:43:35,561: [12] m.e.manticore:INFO: Starting symbolic transaction: 1
2019-08-06 08:43:35,608: [582] m.c.manticore:INFO: Generated testcase No. 0 - RETURN(1 txs)
2019-08-06 08:43:35,680: [583] m.c.manticore:INFO: Generated testcase No. 1 - REVERT(2 txs)
2019-08-06 08:43:36,579: [12] m.c.manticore:INFO: Results in /mcore_6wrgqu65
2019-08-06 08:43:37,587: [897] m.main:INFO: Registered plugins: DetectReentrancyAdvanced, DetectReentrancySimple, DetectInvalid, DetectUnusedRetVal, DetectDelegatecall, DetectUninitializedStorage, DetectIntegerOverflow, DetectEnvInstruction, DetectSuicidal, DetectUninitializedMemory, DetectExternalCallAndLeak
2019-08-06 08:43:37,587: [897] m.main:INFO: Beginning analysis
2019-08-06 08:43:37,598: [897] m.e.manticore:INFO: Starting symbolic create contract
2019-08-06 08:43:38,176: [941] m.c.manticore:INFO: Generated testcase No. 0 - NO STATE RESULT (?)(0 txs)
2019-08-06 08:43:38,478: [897] m.c.manticore:INFO: Results in /mcore_rwc1pb3p
2019-08-06 08:43:39,293: [1200] m.main:INFO: Registered plugins: DetectUninitializedStorage, DetectSuicidal, DetectUnusedRetVal, DetectReentrancySimple, DetectInvalid, DetectExternalCallAndLeak, DetectEnvInstruction, DetectUninitializedMemory, DetectIntegerOverflow, DetectDelegatecall, DetectReentrancyAdvanced
2019-08-06 08:43:39,293: [1200] m.main:INFO: Beginning analysis
2019-08-06 08:43:39,304: [1200] m.e.manticore:INFO: Starting symbolic create contract
2019-08-06 08:43:39,906: [1244] m.c.manticore:INFO: Generated testcase No. 0 - NO STATE RESULT (?)(0 txs)
2019-08-06 08:43:40,205: [1200] m.c.manticore:INFO: Results in /mcore_ku8nqhln
2019-08-06 08:43:41,033: [1503] m.main:INFO: Registered plugins: DetectUnusedRetVal, DetectSuicidal, DetectReentrancySimple, DetectInvalid, DetectEnvInstruction, DetectUninitializedStorage, DetectIntegerOverflow, DetectReentrancyAdvanced, DetectExternalCallAndLeak, DetectDelegatecall, DetectUninitializedMemory
2019-08-06 08:43:41,033: [1503] m.main:INFO: Beginning analysis
2019-08-06 08:43:41,062: [1503] m.e.manticore:INFO: Starting symbolic create contract
2019-08-06 08:43:42,258: [1503] m.e.manticore:INFO: Starting symbolic transaction: 0
2019-08-06 08:43:42,901: [1503] m.e.manticore:INFO: 0 alive states, 2 terminated states
2019-08-06 08:43:43,029: [1503] m.e.manticore:INFO: Starting symbolic transaction: 1
2019-08-06 08:43:43,117: [2040] m.c.manticore:INFO: Generated testcase No. 0 - RETURN(1 txs)
2019-08-06 08:43:43,122: [2039] m.c.manticore:INFO: Generated testcase No. 1 - REVERT(2 txs)
2019-08-06 08:43:44,008: [1503] m.c.manticore:INFO: Results in /mcore_yulo0oqp
2019-08-06 08:43:45,016: [2354] m.main:INFO: Registered plugins: DetectDelegatecall, DetectReentrancySimple, DetectInvalid, DetectUnusedRetVal, DetectUninitializedStorage, DetectIntegerOverflow, DetectSuicidal, DetectExternalCallAndLeak, DetectEnvInstruction, DetectReentrancyAdvanced, DetectUninitializedMemory
2019-08-06 08:43:45,016: [2354] m.main:INFO: Beginning analysis
2019-08-06 08:43:45,048: [2354] m.e.manticore:INFO: Starting symbolic create contract
2019-08-06 08:43:59,332: [2354] m.e.manticore:INFO: Starting symbolic transaction: 0
2019-08-06 08:45:33,772: [3017] m.e.detectors:WARNING: Warning TIMESTAMP instruction used
2019-08-06 08:45:34,372: [3017] m.e.detectors:WARNING: Warning TIMESTAMP instruction used
2019-08-06 08:46:29,170: [3048] m.e.detectors:WARNING: Unsigned integer overflow at MUL instruction