INFO:Detectors:[91m
BasicToken.totalSupply_ (/unique_chucks/25/0x232f768044fba4f2192d2b068bc8ea473d120e8a.sol#54) is never initialized. It is used in:
	- totalSupply (/unique_chucks/25/0x232f768044fba4f2192d2b068bc8ea473d120e8a.sol#54-58)
Reference: https://github.com/trailofbits/slither/wiki/Detectors-Documentation#uninitialized-state-variables[0m
INFO:Detectors:[92m
BasicToken.totalSupply_ should be constant (/unique_chucks/25/0x232f768044fba4f2192d2b068bc8ea473d120e8a.sol#54)
MachiXToken.totalSupply should be constant (/unique_chucks/25/0x232f768044fba4f2192d2b068bc8ea473d120e8a.sol#117-120)
Reference: https://github.com/trailofbits/slither/wiki/Detectors-Documentation#state-variables-that-could-be-declared-constant[0m
INFO:Detectors:[92m
Ownable.transferOwnership (/unique_chucks/25/0x232f768044fba4f2192d2b068bc8ea473d120e8a.sol#18-26) should be declared external
BasicToken.totalSupply (/unique_chucks/25/0x232f768044fba4f2192d2b068bc8ea473d120e8a.sol#54-58) should be declared external
ERC20Basic.totalSupply (/unique_chucks/25/0x232f768044fba4f2192d2b068bc8ea473d120e8a.sol#41-42) should be declared external
BasicToken.balanceOf (/unique_chucks/25/0x232f768044fba4f2192d2b068bc8ea473d120e8a.sol#71-76) should be declared external
ERC20Basic.balanceOf (/unique_chucks/25/0x232f768044fba4f2192d2b068bc8ea473d120e8a.sol#42-43) should be declared external
ERC20Basic.transfer (/unique_chucks/25/0x232f768044fba4f2192d2b068bc8ea473d120e8a.sol#43-44) should be declared external
BasicToken.transfer (/unique_chucks/25/0x232f768044fba4f2192d2b068bc8ea473d120e8a.sol#58-70) should be declared external
StandardToken.allowance (/unique_chucks/25/0x232f768044fba4f2192d2b068bc8ea473d120e8a.sol#106-112) should be declared external
ERC20.allowance (/unique_chucks/25/0x232f768044fba4f2192d2b068bc8ea473d120e8a.sol#76-77) should be declared external
ERC20.transferFrom (/unique_chucks/25/0x232f768044fba4f2192d2b068bc8ea473d120e8a.sol#77-79) should be declared external
StandardToken.transferFrom (/unique_chucks/25/0x232f768044fba4f2192d2b068bc8ea473d120e8a.sol#86-100) should be declared external
StandardToken.approve (/unique_chucks/25/0x232f768044fba4f2192d2b068bc8ea473d120e8a.sol#100-106) should be declared external
ERC20.approve (/unique_chucks/25/0x232f768044fba4f2192d2b068bc8ea473d120e8a.sol#79) should be declared external
MachiXToken.fallback (/unique_chucks/25/0x232f768044fba4f2192d2b068bc8ea473d120e8a.sol) should be declared external
Reference: https://github.com/trailofbits/slither/wiki/Detectors-Documentation#public-function-that-could-be-declared-as-external[0m
INFO:Detectors:[92m
Parameter '_owner' of BasicToken.balanceOf (/unique_chucks/25/0x232f768044fba4f2192d2b068bc8ea473d120e8a.sol#71-74) is not in mixedCase
Parameter '_to' of BasicToken.transfer (/unique_chucks/25/0x232f768044fba4f2192d2b068bc8ea473d120e8a.sol#59) is not in mixedCase
Parameter '_value' of BasicToken.transfer (/unique_chucks/25/0x232f768044fba4f2192d2b068bc8ea473d120e8a.sol#59) is not in mixedCase
Parameter '_owner' of StandardToken.allowance (/unique_chucks/25/0x232f768044fba4f2192d2b068bc8ea473d120e8a.sol#107-110) is not in mixedCase
Parameter '_spender' of StandardToken.allowance (/unique_chucks/25/0x232f768044fba4f2192d2b068bc8ea473d120e8a.sol#110) is not in mixedCase
Parameter '_from' of StandardToken.transferFrom (/unique_chucks/25/0x232f768044fba4f2192d2b068bc8ea473d120e8a.sol#87) is not in mixedCase
Parameter '_to' of StandardToken.transferFrom (/unique_chucks/25/0x232f768044fba4f2192d2b068bc8ea473d120e8a.sol#88) is not in mixedCase
Parameter '_value' of StandardToken.transferFrom (/unique_chucks/25/0x232f768044fba4f2192d2b068bc8ea473d120e8a.sol#88) is not in mixedCase
Parameter '_spender' of StandardToken.approve (/unique_chucks/25/0x232f768044fba4f2192d2b068bc8ea473d120e8a.sol#100-101) is not in mixedCase
Parameter '_value' of StandardToken.approve (/unique_chucks/25/0x232f768044fba4f2192d2b068bc8ea473d120e8a.sol#101) is not in mixedCase
Reference: https://github.com/trailofbits/slither/wiki/Detectors-Documentation#conformance-to-solidity-naming-conventions[0m
INFO:Slither:/unique_chucks/25/0x232f768044fba4f2192d2b068bc8ea473d120e8a.sol analyzed (7 contracts), 26 result(s) found