INFO:Slither:Compilation warnings/errors on /unique_chucks/13/0x59ce745a233aea0640981b6f5be63cadb7bfc505.sol:
/unique_chucks/13/0x59ce745a233aea0640981b6f5be63cadb7bfc505.sol:19:3: Warning: Defining constructors as functions with the same name as the contract is deprecated. Use "constructor(...) { ... }" instead.
  function Ownable() public {
  ^ (Relevant source part starts here and spans across multiple lines).
/unique_chucks/13/0x59ce745a233aea0640981b6f5be63cadb7bfc505.sol:37:5: Warning: Invoking events without "emit" prefix is deprecated.
    OwnershipTransferred(owner, newOwner);
    ^-----------------------------------^
/unique_chucks/13/0x59ce745a233aea0640981b6f5be63cadb7bfc505.sol:148:28: Warning: Using contract member "balance" inherited from the address type is deprecated. Convert the contract to "address" type to access the member, for example use "address(contract).balance" instead.
            owner.transfer(this.balance);
                           ^----------^

INFO:Detectors:[91m
Reentrancy in EthercraftFarm.reap (/unique_chucks/13/0x59ce745a233aea0640981b6f5be63cadb7bfc505.sol#144-159):
	External calls:
	- ObjectInterface(_object).transfer(msg.sender,tokenBalanceOf[msg.sender][_object]) (/unique_chucks/13/0x59ce745a233aea0640981b6f5be63cadb7bfc505.sol#156-158)
	External calls sending eth:
	- owner.transfer(this.balance) (/unique_chucks/13/0x59ce745a233aea0640981b6f5be63cadb7bfc505.sol#151-152)
	State variables written after the call(s):
	- tokenBalanceOf (/unique_chucks/13/0x59ce745a233aea0640981b6f5be63cadb7bfc505.sol#159)
Reference: https://github.com/trailofbits/slither/wiki/Detectors-Documentation#reentrancy-vulnerabilities[0m
INFO:Detectors:[93m
EthercraftFarm.reap (/unique_chucks/13/0x59ce745a233aea0640981b6f5be63cadb7bfc505.sol#144-159) does not use the value returned by external calls:
	-ObjectInterface(_object).transfer(msg.sender,tokenBalanceOf[msg.sender][_object]) (/unique_chucks/13/0x59ce745a233aea0640981b6f5be63cadb7bfc505.sol#156-158)
Reference: https://github.com/trailofbits/slither/wiki/Detectors-Documentation#unused-return[0m
INFO:Detectors:[92m
EthercraftFarm.prep has external calls inside a loop:
	- shop.buyObject(this) (/unique_chucks/13/0x59ce745a233aea0640981b6f5be63cadb7bfc505.sol#138)
Reference: https://github.com/trailofbits/slither/wiki/Detectors-Documentation/_edit#calls-inside-a-loop[0m
INFO:Detectors:[92m
Reentrancy in EthercraftFarm.prep (/unique_chucks/13/0x59ce745a233aea0640981b6f5be63cadb7bfc505.sol#128-144):
	External calls:
	- object = ObjectInterface(shop.object()) (/unique_chucks/13/0x59ce745a233aea0640981b6f5be63cadb7bfc505.sol#138-139)
	State variables written after the call(s):
	- tokenBalanceOf (/unique_chucks/13/0x59ce745a233aea0640981b6f5be63cadb7bfc505.sol#139-142)
	- tokenBalanceOf (/unique_chucks/13/0x59ce745a233aea0640981b6f5be63cadb7bfc505.sol#142-144)
Reference: https://github.com/trailofbits/slither/wiki/Detectors-Documentation#reentrancy-vulnerabilities-2[0m
INFO:Detectors:[92m
Ownable.transferOwnership (/unique_chucks/13/0x59ce745a233aea0640981b6f5be63cadb7bfc505.sol#35-46) should be declared external
ShopInterface.buyObject (/unique_chucks/13/0x59ce745a233aea0640981b6f5be63cadb7bfc505.sol#92-94) should be declared external
EthercraftFarm.fallback (/unique_chucks/13/0x59ce745a233aea0640981b6f5be63cadb7bfc505.sol#125-128) should be declared external
ObjectInterface.transfer (/unique_chucks/13/0x59ce745a233aea0640981b6f5be63cadb7bfc505.sol) should be declared external
Reference: https://github.com/trailofbits/slither/wiki/Detectors-Documentation#public-function-that-could-be-declared-as-external[0m
INFO:Detectors:[92m
Detected issues with version pragma in /unique_chucks/13/0x59ce745a233aea0640981b6f5be63cadb7bfc505.sol:
	- pragma solidity^0.4.13 (/unique_chucks/13/0x59ce745a233aea0640981b6f5be63cadb7bfc505.sol#1): it allows old versions
Reference: https://github.com/trailofbits/slither/wiki/Detectors-Documentation#incorrect-version-of-solidity[0m
INFO:Detectors:[92m
Function 'Ownable.Ownable' (/unique_chucks/13/0x59ce745a233aea0640981b6f5be63cadb7bfc505.sol#19-24) is not in mixedCase
Variable 'ReentrancyGuard.reentrancy_lock' (/unique_chucks/13/0x59ce745a233aea0640981b6f5be63cadb7bfc505.sol#99-100) is not in mixedCase
Parameter '_shop' of EthercraftFarm.prep (/unique_chucks/13/0x59ce745a233aea0640981b6f5be63cadb7bfc505.sol#129) is not in mixedCase
Parameter '_iterations' of EthercraftFarm.prep (/unique_chucks/13/0x59ce745a233aea0640981b6f5be63cadb7bfc505.sol#129-130) is not in mixedCase
Parameter '_object' of EthercraftFarm.reap (/unique_chucks/13/0x59ce745a233aea0640981b6f5be63cadb7bfc505.sol#146) is not in mixedCase
Reference: https://github.com/trailofbits/slither/wiki/Detectors-Documentation#conformance-to-solidity-naming-conventions[0m
INFO:Slither:/unique_chucks/13/0x59ce745a233aea0640981b6f5be63cadb7bfc505.sol analyzed (6 contracts), 14 result(s) found