2019-07-25 00:38:00,563: [12] m.main:INFO: Registered plugins: DetectUninitializedMemory, DetectReentrancyAdvanced, DetectEnvInstruction, DetectReentrancySimple, DetectInvalid, DetectSuicidal, DetectUnusedRetVal, DetectUninitializedStorage, DetectIntegerOverflow, DetectDelegatecall, DetectExternalCallAndLeak
2019-07-25 00:38:00,563: [12] m.main:INFO: Beginning analysis
2019-07-25 00:38:00,593: [12] m.e.manticore:INFO: Starting symbolic create contract
2019-07-25 00:38:02,395: [12] m.e.manticore:INFO: Starting symbolic transaction: 0
2019-07-25 00:38:03,602: [12] m.e.manticore:INFO: 0 alive states, 2 terminated states
2019-07-25 00:38:03,787: [12] m.e.manticore:INFO: Starting symbolic transaction: 1
2019-07-25 00:38:03,886: [582] m.c.manticore:INFO: Generated testcase No. 0 - RETURN(1 txs)
2019-07-25 00:38:03,993: [583] m.c.manticore:INFO: Generated testcase No. 1 - REVERT(2 txs)
2019-07-25 00:38:05,199: [12] m.c.manticore:INFO: Results in /mcore_orovk_zr
2019-07-25 00:38:06,500: [897] m.main:INFO: Registered plugins: DetectReentrancySimple, DetectInvalid, DetectDelegatecall, DetectUnusedRetVal, DetectSuicidal, DetectUninitializedStorage, DetectExternalCallAndLeak, DetectReentrancyAdvanced, DetectEnvInstruction, DetectIntegerOverflow, DetectUninitializedMemory
2019-07-25 00:38:06,501: [897] m.main:INFO: Beginning analysis
2019-07-25 00:38:06,529: [897] m.e.manticore:INFO: Starting symbolic create contract
2019-07-25 00:38:07,299: [942] m.c.manticore:INFO: Generated testcase No. 0 - NO STATE RESULT (?)(0 txs)
2019-07-25 00:38:07,901: [897] m.c.manticore:INFO: Results in /mcore_fwgkgq1l
2019-07-25 00:38:08,812: [1200] m.main:INFO: Registered plugins: DetectIntegerOverflow, DetectReentrancySimple, DetectInvalid, DetectEnvInstruction, DetectDelegatecall, DetectUnusedRetVal, DetectUninitializedStorage, DetectSuicidal, DetectExternalCallAndLeak, DetectReentrancyAdvanced, DetectUninitializedMemory
2019-07-25 00:38:08,813: [1200] m.main:INFO: Beginning analysis
2019-07-25 00:38:08,886: [1200] m.e.manticore:INFO: Starting symbolic create contract
2019-07-25 00:38:09,544: [1244] m.c.manticore:INFO: Generated testcase No. 0 - NO STATE RESULT (?)(0 txs)
2019-07-25 00:38:10,197: [1200] m.c.manticore:INFO: Results in /mcore_0mk7_hjo
2019-07-25 00:38:11,125: [1503] m.main:INFO: Registered plugins: DetectSuicidal, DetectInvalid, DetectReentrancyAdvanced, DetectUninitializedStorage, DetectEnvInstruction, DetectDelegatecall, DetectUnusedRetVal, DetectExternalCallAndLeak, DetectReentrancySimple, DetectUninitializedMemory, DetectIntegerOverflow
2019-07-25 00:38:11,125: [1503] m.main:INFO: Beginning analysis
2019-07-25 00:38:11,184: [1503] m.e.manticore:INFO: Starting symbolic create contract
2019-07-25 00:38:14,689: [1503] m.e.manticore:INFO: Starting symbolic transaction: 0
2019-07-25 00:38:41,190: [1503] m.e.manticore:INFO: 3 alive states, 7 terminated states
2019-07-25 00:38:42,493: [1503] m.e.manticore:INFO: Starting symbolic transaction: 1
2019-07-25 00:40:39,408: [1503] m.e.manticore:INFO: 9 alive states, 28 terminated states
2019-07-25 00:40:42,946: [7086] m.c.manticore:INFO: Generated testcase No. 0 - RETURN(3 txs)
2019-07-25 00:40:43,046: [7088] m.c.manticore:INFO: Generated testcase No. 1 - RETURN(3 txs)
2019-07-25 00:40:43,234: [7104] m.c.manticore:INFO: Generated testcase No. 3 - RETURN(3 txs)
2019-07-25 00:40:43,330: [7108] m.c.manticore:INFO: Generated testcase No. 4 - RETURN(1 txs)
2019-07-25 00:40:43,338: [7091] m.c.manticore:INFO: Generated testcase No. 2 - RETURN(3 txs)
2019-07-25 00:40:43,480: [7089] m.c.manticore:INFO: Generated testcase No. 5 - RETURN(3 txs)
2019-07-25 00:40:43,563: [7097] m.c.manticore:INFO: Generated testcase No. 6 - RETURN(3 txs)
2019-07-25 00:40:43,635: [7094] m.c.manticore:INFO: Generated testcase No. 9 - RETURN(3 txs)
2019-07-25 00:40:43,735: [7100] m.c.manticore:INFO: Generated testcase No. 7 - RETURN(3 txs)
2019-07-25 00:40:43,839: [7092] m.c.manticore:INFO: Generated testcase No. 8 - RETURN(3 txs)
2019-07-25 00:41:11,621: [7108] m.c.manticore:INFO: Generated testcase No. 10 - REVERT(2 txs)
2019-07-25 00:41:22,884: [7100] m.c.manticore:INFO: Generated testcase No. 11 - REVERT(2 txs)
2019-07-25 00:41:23,668: [7104] m.c.manticore:INFO: Generated testcase No. 12 - REVERT(2 txs)
2019-07-25 00:41:26,767: [7094] m.c.manticore:INFO: Generated testcase No. 13 - REVERT(2 txs)
2019-07-25 00:41:27,979: [7089] m.c.manticore:INFO: Generated testcase No. 14 - REVERT(2 txs)
2019-07-25 00:41:44,520: [7091] m.c.manticore:INFO: Generated testcase No. 16 - REVERT(2 txs)
2019-07-25 00:41:44,721: [7108] m.c.manticore:INFO: Generated testcase No. 15 - RETURN(2 txs)
2019-07-25 00:41:45,179: [7097] m.c.manticore:INFO: Generated testcase No. 17 - RETURN(2 txs)
2019-07-25 00:41:50,232: [7088] m.c.manticore:INFO: Generated testcase No. 18 - RETURN(2 txs)
2019-07-25 00:41:52,370: [7092] m.c.manticore:INFO: Generated testcase No. 19 - REVERT(3 txs)
2019-07-25 00:41:57,762: [7100] m.c.manticore:INFO: Generated testcase No. 20 - REVERT(3 txs)
2019-07-25 00:41:59,816: [7104] m.c.manticore:INFO: Generated testcase No. 21 - REVERT(3 txs)
2019-07-25 00:42:00,288: [7089] m.c.manticore:INFO: Generated testcase No. 22 - REVERT(3 txs)
2019-07-25 00:42:02,940: [7094] m.c.manticore:INFO: Generated testcase No. 23 - REVERT(3 txs)
2019-07-25 00:42:20,055: [7108] m.c.manticore:INFO: Generated testcase No. 24 - REVERT(3 txs)
2019-07-25 00:42:20,542: [7091] m.c.manticore:INFO: Generated testcase No. 25 - REVERT(3 txs)
2019-07-25 00:42:22,931: [7097] m.c.manticore:INFO: Generated testcase No. 26 - REVERT(3 txs)
2019-07-25 00:42:25,766: [7086] m.c.manticore:INFO: Generated testcase No. 27 - REVERT(3 txs)
2019-07-25 00:42:26,537: [7092] m.c.manticore:INFO: Generated testcase No. 28 - REVERT(3 txs)
2019-07-25 00:42:34,959: [7088] m.c.manticore:INFO: Generated testcase No. 29 - REVERT(3 txs)
2019-07-25 00:42:37,242: [7089] m.c.manticore:INFO: Generated testcase No. 30 - REVERT(3 txs)
2019-07-25 00:42:37,659: [7104] m.c.manticore:INFO: Generated testcase No. 31 - REVERT(3 txs)
2019-07-25 00:42:39,677: [7100] m.c.manticore:INFO: Generated testcase No. 32 - REVERT(3 txs)
2019-07-25 00:42:43,964: [7094] m.c.manticore:INFO: Generated testcase No. 33 - REVERT(3 txs)
2019-07-25 00:43:04,121: [7108] m.c.manticore:INFO: Generated testcase No. 34 - REVERT(3 txs)
2019-07-25 00:43:06,369: [7097] m.c.manticore:INFO: Generated testcase No. 35 - REVERT(3 txs)
2019-07-25 00:43:09,587: [7092] m.c.manticore:INFO: Generated testcase No. 36 - REVERT(3 txs)
2019-07-25 00:43:32,408: [1503] m.c.manticore:INFO: Results in /mcore_0fw1nnk3
2019-07-25 00:43:36,008: [8460] m.main:INFO: Registered plugins: DetectExternalCallAndLeak, DetectIntegerOverflow, DetectReentrancySimple, DetectInvalid, DetectSuicidal, DetectUnusedRetVal, DetectUninitializedStorage, DetectEnvInstruction, DetectDelegatecall, DetectReentrancyAdvanced, DetectUninitializedMemory
2019-07-25 00:43:36,008: [8460] m.main:INFO: Beginning analysis
2019-07-25 00:43:36,079: [8460] m.e.manticore:INFO: Starting symbolic create contract
2019-07-25 00:43:49,336: [8460] m.e.manticore:INFO: Starting symbolic transaction: 0
2019-07-25 00:44:39,846: [8460] m.e.manticore:INFO: 8 alive states, 28 terminated states
2019-07-25 00:44:44,341: [8460] m.e.manticore:INFO: Starting symbolic transaction: 1
2019-07-25 00:54:05,199: [8460] m.e.manticore:INFO: 64 alive states, 252 terminated states
2019-07-25 00:54:14,757: [457] m.c.manticore:INFO: Generated testcase No. 2 - RETURN(3 txs)
2019-07-25 00:54:14,822: [445] m.c.manticore:INFO: Generated testcase No. 0 - RETURN(3 txs)
2019-07-25 00:54:14,924: [447] m.c.manticore:INFO: Generated testcase No. 1 - RETURN(3 txs)
2019-07-25 00:54:14,954: [449] m.c.manticore:INFO: Generated testcase No. 3 - RETURN(3 txs)
2019-07-25 00:54:15,115: [461] m.c.manticore:INFO: Generated testcase No. 5 - RETURN(3 txs)
2019-07-25 00:54:15,153: [455] m.c.manticore:INFO: Generated testcase No. 7 - RETURN(3 txs)
2019-07-25 00:54:15,168: [452] m.c.manticore:INFO: Generated testcase No. 4 - RETURN(3 txs)
2019-07-25 00:54:15,446: [465] m.c.manticore:INFO: Generated testcase No. 6 - RETURN(3 txs)
2019-07-25 00:54:15,571: [459] m.c.manticore:INFO: Generated testcase No. 8 - RETURN(3 txs)
2019-07-25 00:56:03,163: [459] m.c.manticore:INFO: Generated testcase No. 9 - RETURN(3 txs)
2019-07-25 00:56:03,974: [447] m.c.manticore:INFO: Generated testcase No. 10 - RETURN(3 txs)
2019-07-25 00:56:04,078: [452] m.c.manticore:INFO: Generated testcase No. 11 - RETURN(3 txs)
2019-07-25 00:56:04,626: [457] m.c.manticore:INFO: Generated testcase No. 12 - RETURN(3 txs)
2019-07-25 00:56:05,037: [449] m.c.manticore:INFO: Generated testcase No. 13 - RETURN(3 txs)
2019-07-25 00:56:08,013: [465] m.c.manticore:INFO: Generated testcase No. 15 - RETURN(3 txs)
2019-07-25 00:56:08,339: [455] m.c.manticore:INFO: Generated testcase No. 14 - RETURN(3 txs)
2019-07-25 00:56:11,469: [445] m.c.manticore:INFO: Generated testcase No. 16 - RETURN(3 txs)
2019-07-25 00:56:21,651: [461] m.c.manticore:INFO: Generated testcase No. 17 - RETURN(3 txs)
2019-07-25 00:57:54,188: [457] m.c.manticore:INFO: Generated testcase No. 18 - RETURN(3 txs)
2019-07-25 00:58:01,742: [449] m.c.manticore:INFO: Generated testcase No. 19 - RETURN(3 txs)
2019-07-25 00:58:02,071: [459] m.c.manticore:INFO: Generated testcase No. 20 - RETURN(3 txs)
2019-07-25 00:58:02,268: [455] m.c.manticore:INFO: Generated testcase No. 21 - RETURN(3 txs)
2019-07-25 00:58:02,722: [465] m.c.manticore:INFO: Generated testcase No. 22 - RETURN(3 txs)
2019-07-25 00:58:07,247: [452] m.c.manticore:INFO: Generated testcase No. 24 - RETURN(3 txs)
2019-07-25 00:58:07,259: [445] m.c.manticore:INFO: Generated testcase No. 23 - RETURN(3 txs)
2019-07-25 00:58:14,518: [447] m.c.manticore:INFO: Generated testcase No. 25 - RETURN(3 txs)
2019-07-25 00:58:19,517: [461] m.c.manticore:INFO: Generated testcase No. 26 - RETURN(3 txs)
2019-07-25 00:59:54,966: [455] m.c.manticore:INFO: Generated testcase No. 27 - RETURN(3 txs)
2019-07-25 00:59:55,875: [465] m.c.manticore:INFO: Generated testcase No. 28 - RETURN(3 txs)
2019-07-25 00:59:58,825: [457] m.c.manticore:INFO: Generated testcase No. 29 - RETURN(3 txs)
2019-07-25 01:00:01,764: [447] m.c.manticore:INFO: Generated testcase No. 30 - RETURN(3 txs)
2019-07-25 01:00:03,852: [449] m.c.manticore:INFO: Generated testcase No. 31 - RETURN(3 txs)
2019-07-25 01:00:06,465: [452] m.c.manticore:INFO: Generated testcase No. 32 - RETURN(3 txs)
2019-07-25 01:00:08,840: [445] m.c.manticore:INFO: Generated testcase No. 34 - RETURN(3 txs)
2019-07-25 01:00:08,871: [459] m.c.manticore:INFO: Generated testcase No. 33 - RETURN(3 txs)
2019-07-25 01:00:24,521: [461] m.c.manticore:INFO: Generated testcase No. 35 - RETURN(3 txs)
2019-07-25 01:01:53,483: [455] m.c.manticore:INFO: Generated testcase No. 36 - RETURN(3 txs)
2019-07-25 01:01:55,227: [449] m.c.manticore:INFO: Generated testcase No. 37 - RETURN(3 txs)
2019-07-25 01:01:55,762: [447] m.c.manticore:INFO: Generated testcase No. 38 - RETURN(3 txs)
2019-07-25 01:01:55,926: [465] m.c.manticore:INFO: Generated testcase No. 39 - RETURN(3 txs)
2019-07-25 01:02:04,052: [457] m.c.manticore:INFO: Generated testcase No. 40 - RETURN(3 txs)
2019-07-25 01:02:06,471: [452] m.c.manticore:INFO: Generated testcase No. 41 - RETURN(3 txs)
2019-07-25 01:02:07,934: [445] m.c.manticore:INFO: Generated testcase No. 42 - RETURN(3 txs)
2019-07-25 01:02:10,026: [459] m.c.manticore:INFO: Generated testcase No. 43 - RETURN(3 txs)
2019-07-25 01:02:23,466: [461] m.c.manticore:INFO: Generated testcase No. 44 - RETURN(3 txs)
2019-07-25 01:03:48,923: [455] m.c.manticore:INFO: Generated testcase No. 45 - RETURN(3 txs)
2019-07-25 01:03:58,038: [447] m.c.manticore:INFO: Generated testcase No. 46 - RETURN(3 txs)
2019-07-25 01:03:59,438: [449] m.c.manticore:INFO: Generated testcase No. 47 - RETURN(3 txs)
2019-07-25 01:04:06,734: [465] m.c.manticore:INFO: Generated testcase No. 48 - RETURN(3 txs)
2019-07-25 01:04:06,856: [452] m.c.manticore:INFO: Generated testcase No. 49 - RETURN(3 txs)
2019-07-25 01:04:08,738: [457] m.c.manticore:INFO: Generated testcase No. 50 - RETURN(3 txs)
2019-07-25 01:04:17,823: [461] m.c.manticore:INFO: Generated testcase No. 51 - RETURN(3 txs)
2019-07-25 01:04:21,217: [459] m.c.manticore:INFO: Generated testcase No. 52 - RETURN(3 txs)
2019-07-25 01:04:22,650: [445] m.c.manticore:INFO: Generated testcase No. 53 - RETURN(3 txs)
2019-07-25 01:05:48,121: [455] m.c.manticore:INFO: Generated testcase No. 54 - RETURN(3 txs)
2019-07-25 01:05:57,783: [452] m.c.manticore:INFO: Generated testcase No. 55 - RETURN(3 txs)
2019-07-25 01:05:58,834: [447] m.c.manticore:INFO: Generated testcase No. 56 - RETURN(3 txs)
2019-07-25 01:06:02,445: [449] m.c.manticore:INFO: Generated testcase No. 57 - RETURN(3 txs)
2019-07-25 01:06:09,045: [457] m.c.manticore:INFO: Generated testcase No. 58 - RETURN(3 txs)
2019-07-25 01:06:10,072: [465] m.c.manticore:INFO: Generated testcase No. 59 - RETURN(3 txs)
2019-07-25 01:06:11,326: [459] m.c.manticore:INFO: Generated testcase No. 60 - RETURN(3 txs)
2019-07-25 01:06:11,373: [461] m.c.manticore:INFO: Generated testcase No. 61 - RETURN(3 txs)
2019-07-25 01:06:18,228: [445] m.c.manticore:INFO: Generated testcase No. 62 - RETURN(3 txs)
2019-07-25 01:07:51,579: [447] m.c.manticore:INFO: Generated testcase No. 63 - RETURN(1 txs)
2019-07-25 01:07:52,915: [455] m.c.manticore:INFO: Generated testcase No. 64 - RETURN(3 txs)
2019-07-25 01:07:55,870: [452] m.c.manticore:INFO: Generated testcase No. 65 - REVERT(2 txs)
2019-07-25 01:07:56,932: [461] m.c.manticore:INFO: Generated testcase No. 66 - REVERT(2 txs)