INFO:Slither:Compilation warnings/errors on /unique_chucks/2/0x3a1237d38d0fb94513f85d61679cad7f38507242.sol:
/unique_chucks/2/0x3a1237d38d0fb94513f85d61679cad7f38507242.sol:6:5: Warning: Defining constructors as functions with the same name as the contract is deprecated. Use "constructor(...) { ... }" instead.
    function owned() public {
    ^ (Relevant source part starts here and spans across multiple lines).
/unique_chucks/2/0x3a1237d38d0fb94513f85d61679cad7f38507242.sol:45:5: Warning: Defining constructors as functions with the same name as the contract is deprecated. Use "constructor(...) { ... }" instead.
    function Mindexcoin(
    ^ (Relevant source part starts here and spans across multiple lines).
/unique_chucks/2/0x3a1237d38d0fb94513f85d61679cad7f38507242.sol:187:5: Warning: Defining constructors as functions with the same name as the contract is deprecated. Use "constructor(...) { ... }" instead.
    function MindexcoinToken(
    ^ (Relevant source part starts here and spans across multiple lines).
/unique_chucks/2/0x3a1237d38d0fb94513f85d61679cad7f38507242.sol:20:28: Warning: Functions in interfaces should be declared external.
interface tokenRecipient { function receiveApproval(address _from, uint256 _value, address _token, bytes _extraData) public; }
                           ^-----------------------------------------------------------------------------------------------^
/unique_chucks/2/0x3a1237d38d0fb94513f85d61679cad7f38507242.sol:72:9: Warning: Invoking events without "emit" prefix is deprecated.
        Transfer(_from, _to, _value);
        ^--------------------------^
/unique_chucks/2/0x3a1237d38d0fb94513f85d61679cad7f38507242.sol:149:9: Warning: Invoking events without "emit" prefix is deprecated.
        Burn(msg.sender, _value);
        ^----------------------^
/unique_chucks/2/0x3a1237d38d0fb94513f85d61679cad7f38507242.sol:167:9: Warning: Invoking events without "emit" prefix is deprecated.
        Burn(_from, _value);
        ^-----------------^
/unique_chucks/2/0x3a1237d38d0fb94513f85d61679cad7f38507242.sol:202:9: Warning: Invoking events without "emit" prefix is deprecated.
        Transfer(_from, _to, _value);
        ^--------------------------^
/unique_chucks/2/0x3a1237d38d0fb94513f85d61679cad7f38507242.sol:211:9: Warning: Invoking events without "emit" prefix is deprecated.
        Transfer(0, this, mintedAmount);
        ^-----------------------------^
/unique_chucks/2/0x3a1237d38d0fb94513f85d61679cad7f38507242.sol:212:9: Warning: Invoking events without "emit" prefix is deprecated.
        Transfer(this, target, mintedAmount);
        ^----------------------------------^
/unique_chucks/2/0x3a1237d38d0fb94513f85d61679cad7f38507242.sol:220:9: Warning: Invoking events without "emit" prefix is deprecated.
        FrozenFunds(target, freeze);
        ^-------------------------^
/unique_chucks/2/0x3a1237d38d0fb94513f85d61679cad7f38507242.sol:240:17: Warning: Using contract member "balance" inherited from the address type is deprecated. Convert the contract to "address" type to access the member, for example use "address(contract).balance" instead.
        require(this.balance >= amount * sellPrice);      // checks if the contract has enough ether to buy
                ^----------^

INFO:Detectors:[93m
Mindexcoin (/unique_chucks/2/0x3a1237d38d0fb94513f85d61679cad7f38507242.sol#22-176) has incorrect ERC20 function interface(s):
	-transfer (/unique_chucks/2/0x3a1237d38d0fb94513f85d61679cad7f38507242.sol#86-92)
Reference: https://github.com/trailofbits/slither/wiki/Detectors-Documentation#incorrect-erc20-interface[0m
INFO:Detectors:[92m
Mindexcoin.decimals should be constant (/unique_chucks/2/0x3a1237d38d0fb94513f85d61679cad7f38507242.sol#26-27)
Reference: https://github.com/trailofbits/slither/wiki/Detectors-Documentation#state-variables-that-could-be-declared-constant[0m
INFO:Detectors:[92m
owned.transferOwnership (/unique_chucks/2/0x3a1237d38d0fb94513f85d61679cad7f38507242.sol#15-20) should be declared external
tokenRecipient.receiveApproval (/unique_chucks/2/0x3a1237d38d0fb94513f85d61679cad7f38507242.sol#20-22) should be declared external
Mindexcoin.transfer (/unique_chucks/2/0x3a1237d38d0fb94513f85d61679cad7f38507242.sol#86-92) should be declared external
Mindexcoin.transferFrom (/unique_chucks/2/0x3a1237d38d0fb94513f85d61679cad7f38507242.sol#98-108) should be declared external
Mindexcoin.approveAndCall (/unique_chucks/2/0x3a1237d38d0fb94513f85d61679cad7f38507242.sol#131-143) should be declared external
Mindexcoin.burn (/unique_chucks/2/0x3a1237d38d0fb94513f85d61679cad7f38507242.sol#146-158) should be declared external
Mindexcoin.burnFrom (/unique_chucks/2/0x3a1237d38d0fb94513f85d61679cad7f38507242.sol#162-176) should be declared external
MindexcoinToken.mintToken (/unique_chucks/2/0x3a1237d38d0fb94513f85d61679cad7f38507242.sol#212-218) should be declared external
MindexcoinToken.freezeAccount (/unique_chucks/2/0x3a1237d38d0fb94513f85d61679cad7f38507242.sol#223-225) should be declared external
MindexcoinToken.setPrices (/unique_chucks/2/0x3a1237d38d0fb94513f85d61679cad7f38507242.sol#232-234) should be declared external
MindexcoinToken.buy (/unique_chucks/2/0x3a1237d38d0fb94513f85d61679cad7f38507242.sol#237-240) should be declared external
MindexcoinToken.sell (/unique_chucks/2/0x3a1237d38d0fb94513f85d61679cad7f38507242.sol#242-244) should be declared external
Reference: https://github.com/trailofbits/slither/wiki/Detectors-Documentation#public-function-that-could-be-declared-as-external[0m
INFO:Detectors:[92m
Detected issues with version pragma in /unique_chucks/2/0x3a1237d38d0fb94513f85d61679cad7f38507242.sol:
	- pragma solidity^0.4.16 (/unique_chucks/2/0x3a1237d38d0fb94513f85d61679cad7f38507242.sol#1): it allows old versions
Reference: https://github.com/trailofbits/slither/wiki/Detectors-Documentation#incorrect-version-of-solidity[0m
INFO:Detectors:[92m
Contract 'owned' (/unique_chucks/2/0x3a1237d38d0fb94513f85d61679cad7f38507242.sol#3-20) is not in CapWords
Contract 'tokenRecipient' (/unique_chucks/2/0x3a1237d38d0fb94513f85d61679cad7f38507242.sol#20-22) is not in CapWords
Function 'Mindexcoin.Mindexcoin' (/unique_chucks/2/0x3a1237d38d0fb94513f85d61679cad7f38507242.sol#46-57) is not in mixedCase
Function 'Mindexcoin._transfer' (/unique_chucks/2/0x3a1237d38d0fb94513f85d61679cad7f38507242.sol#59-80) is not in mixedCase
Parameter '_from' of Mindexcoin._transfer (/unique_chucks/2/0x3a1237d38d0fb94513f85d61679cad7f38507242.sol#60) is not in mixedCase
Parameter '_to' of Mindexcoin._transfer (/unique_chucks/2/0x3a1237d38d0fb94513f85d61679cad7f38507242.sol#60) is not in mixedCase
Parameter '_value' of Mindexcoin._transfer (/unique_chucks/2/0x3a1237d38d0fb94513f85d61679cad7f38507242.sol#60) is not in mixedCase
Parameter '_to' of Mindexcoin.transfer (/unique_chucks/2/0x3a1237d38d0fb94513f85d61679cad7f38507242.sol#87-89) is not in mixedCase
Parameter '_value' of Mindexcoin.transfer (/unique_chucks/2/0x3a1237d38d0fb94513f85d61679cad7f38507242.sol#90) is not in mixedCase
Parameter '_from' of Mindexcoin.transferFrom (/unique_chucks/2/0x3a1237d38d0fb94513f85d61679cad7f38507242.sol#99) is not in mixedCase
Parameter '_to' of Mindexcoin.transferFrom (/unique_chucks/2/0x3a1237d38d0fb94513f85d61679cad7f38507242.sol#99) is not in mixedCase
Parameter '_value' of Mindexcoin.transferFrom (/unique_chucks/2/0x3a1237d38d0fb94513f85d61679cad7f38507242.sol#99) is not in mixedCase
Parameter '_spender' of Mindexcoin.approve (/unique_chucks/2/0x3a1237d38d0fb94513f85d61679cad7f38507242.sol#115-116) is not in mixedCase
Parameter '_value' of Mindexcoin.approve (/unique_chucks/2/0x3a1237d38d0fb94513f85d61679cad7f38507242.sol#116) is not in mixedCase
Parameter '_spender' of Mindexcoin.approveAndCall (/unique_chucks/2/0x3a1237d38d0fb94513f85d61679cad7f38507242.sol#131) is not in mixedCase
Parameter '_value' of Mindexcoin.approveAndCall (/unique_chucks/2/0x3a1237d38d0fb94513f85d61679cad7f38507242.sol#131-132) is not in mixedCase
Parameter '_extraData' of Mindexcoin.approveAndCall (/unique_chucks/2/0x3a1237d38d0fb94513f85d61679cad7f38507242.sol#132) is not in mixedCase
Parameter '_value' of Mindexcoin.burn (/unique_chucks/2/0x3a1237d38d0fb94513f85d61679cad7f38507242.sol#147) is not in mixedCase
Parameter '_from' of Mindexcoin.burnFrom (/unique_chucks/2/0x3a1237d38d0fb94513f85d61679cad7f38507242.sol#162-163) is not in mixedCase
Parameter '_value' of Mindexcoin.burnFrom (/unique_chucks/2/0x3a1237d38d0fb94513f85d61679cad7f38507242.sol#163) is not in mixedCase
Function 'MindexcoinToken._transfer' (/unique_chucks/2/0x3a1237d38d0fb94513f85d61679cad7f38507242.sol#196-208) is not in mixedCase
Parameter '_from' of MindexcoinToken._transfer (/unique_chucks/2/0x3a1237d38d0fb94513f85d61679cad7f38507242.sol#196) is not in mixedCase
Parameter '_to' of MindexcoinToken._transfer (/unique_chucks/2/0x3a1237d38d0fb94513f85d61679cad7f38507242.sol#196) is not in mixedCase
Parameter '_value' of MindexcoinToken._transfer (/unique_chucks/2/0x3a1237d38d0fb94513f85d61679cad7f38507242.sol#196) is not in mixedCase
Function 'MindexcoinToken.MindexcoinToken' (/unique_chucks/2/0x3a1237d38d0fb94513f85d61679cad7f38507242.sol#193-195) is not in mixedCase
Reference: https://github.com/trailofbits/slither/wiki/Detectors-Documentation#conformance-to-solidity-naming-conventions[0m
INFO:Slither:/unique_chucks/2/0x3a1237d38d0fb94513f85d61679cad7f38507242.sol analyzed (4 contracts), 40 result(s) found