INFO:Slither:Compilation warnings/errors on /unique_chucks/45/0x4efca42496ec176f1d56b21dbad7031477ec583d.sol:
/unique_chucks/45/0x4efca42496ec176f1d56b21dbad7031477ec583d.sol:6:5: Warning: Defining constructors as functions with the same name as the contract is deprecated. Use "constructor(...) { ... }" instead.
    function owned() public {
    ^ (Relevant source part starts here and spans across multiple lines).
/unique_chucks/45/0x4efca42496ec176f1d56b21dbad7031477ec583d.sol:49:5: Warning: Defining constructors as functions with the same name as the contract is deprecated. Use "constructor(...) { ... }" instead.
    function BBXCoin(
    ^ (Relevant source part starts here and spans across multiple lines).
/unique_chucks/45/0x4efca42496ec176f1d56b21dbad7031477ec583d.sol:193:5: Warning: Defining constructors as functions with the same name as the contract is deprecated. Use "constructor(...) { ... }" instead.
    function MyAdvancedToken(
    ^ (Relevant source part starts here and spans across multiple lines).
/unique_chucks/45/0x4efca42496ec176f1d56b21dbad7031477ec583d.sol:20:28: Warning: Functions in interfaces should be declared external.
interface tokenRecipient { function receiveApproval(address _from, uint256 _value, address _token, bytes _extraData) public; }
                           ^-----------------------------------------------------------------------------------------------^
/unique_chucks/45/0x4efca42496ec176f1d56b21dbad7031477ec583d.sol:76:9: Warning: Invoking events without "emit" prefix is deprecated.
        Transfer(_from, _to, _value);
        ^--------------------------^
/unique_chucks/45/0x4efca42496ec176f1d56b21dbad7031477ec583d.sol:153:9: Warning: Invoking events without "emit" prefix is deprecated.
        Burn(msg.sender, _value);
        ^----------------------^
/unique_chucks/45/0x4efca42496ec176f1d56b21dbad7031477ec583d.sol:171:9: Warning: Invoking events without "emit" prefix is deprecated.
        Burn(_from, _value);
        ^-----------------^
/unique_chucks/45/0x4efca42496ec176f1d56b21dbad7031477ec583d.sol:208:9: Warning: Invoking events without "emit" prefix is deprecated.
        Transfer(_from, _to, _value);
        ^--------------------------^
/unique_chucks/45/0x4efca42496ec176f1d56b21dbad7031477ec583d.sol:217:9: Warning: Invoking events without "emit" prefix is deprecated.
        Transfer(0, this, mintedAmount);
        ^-----------------------------^
/unique_chucks/45/0x4efca42496ec176f1d56b21dbad7031477ec583d.sol:218:9: Warning: Invoking events without "emit" prefix is deprecated.
        Transfer(this, target, mintedAmount);
        ^----------------------------------^
/unique_chucks/45/0x4efca42496ec176f1d56b21dbad7031477ec583d.sol:226:9: Warning: Invoking events without "emit" prefix is deprecated.
        FrozenFunds(target, freeze);
        ^-------------------------^
/unique_chucks/45/0x4efca42496ec176f1d56b21dbad7031477ec583d.sol:246:17: Warning: Using contract member "balance" inherited from the address type is deprecated. Convert the contract to "address" type to access the member, for example use "address(contract).balance" instead.
        require(this.balance >= amount * sellPrice);      // checks if the contract has enough ether to buy
                ^----------^
/unique_chucks/45/0x4efca42496ec176f1d56b21dbad7031477ec583d.sol:50:9: Warning: Unused function parameter. Remove or comment out the variable name to silence this warning.
        uint256 initialSupply,
        ^-------------------^
/unique_chucks/45/0x4efca42496ec176f1d56b21dbad7031477ec583d.sol:51:9: Warning: Unused function parameter. Remove or comment out the variable name to silence this warning.
        string tokenName,
        ^--------------^
/unique_chucks/45/0x4efca42496ec176f1d56b21dbad7031477ec583d.sol:52:9: Warning: Unused function parameter. Remove or comment out the variable name to silence this warning.
        string tokenSymbol
        ^----------------^

INFO:Detectors:[93m
BBXCoin (/unique_chucks/45/0x4efca42496ec176f1d56b21dbad7031477ec583d.sol#23-180) has incorrect ERC20 function interface(s):
	-transfer (/unique_chucks/45/0x4efca42496ec176f1d56b21dbad7031477ec583d.sol#90-96)
Reference: https://github.com/trailofbits/slither/wiki/Detectors-Documentation#incorrect-erc20-interface[0m
INFO:Detectors:[92m
BBXCoin.decimals should be constant (/unique_chucks/45/0x4efca42496ec176f1d56b21dbad7031477ec583d.sol#31)
Reference: https://github.com/trailofbits/slither/wiki/Detectors-Documentation#state-variables-that-could-be-declared-constant[0m
INFO:Detectors:[92m
owned.transferOwnership (/unique_chucks/45/0x4efca42496ec176f1d56b21dbad7031477ec583d.sol#15-20) should be declared external
tokenRecipient.receiveApproval (/unique_chucks/45/0x4efca42496ec176f1d56b21dbad7031477ec583d.sol#20-22) should be declared external
BBXCoin.transfer (/unique_chucks/45/0x4efca42496ec176f1d56b21dbad7031477ec583d.sol#90-96) should be declared external
BBXCoin.transferFrom (/unique_chucks/45/0x4efca42496ec176f1d56b21dbad7031477ec583d.sol#103-112) should be declared external
BBXCoin.approveAndCall (/unique_chucks/45/0x4efca42496ec176f1d56b21dbad7031477ec583d.sol#135-147) should be declared external
BBXCoin.burn (/unique_chucks/45/0x4efca42496ec176f1d56b21dbad7031477ec583d.sol#151-162) should be declared external
BBXCoin.burnFrom (/unique_chucks/45/0x4efca42496ec176f1d56b21dbad7031477ec583d.sol#166-180) should be declared external
MyAdvancedToken.mintToken (/unique_chucks/45/0x4efca42496ec176f1d56b21dbad7031477ec583d.sol#218-224) should be declared external
MyAdvancedToken.freezeAccount (/unique_chucks/45/0x4efca42496ec176f1d56b21dbad7031477ec583d.sol#229-231) should be declared external
MyAdvancedToken.setPrices (/unique_chucks/45/0x4efca42496ec176f1d56b21dbad7031477ec583d.sol#238-240) should be declared external
MyAdvancedToken.buy (/unique_chucks/45/0x4efca42496ec176f1d56b21dbad7031477ec583d.sol#243-246) should be declared external
MyAdvancedToken.sell (/unique_chucks/45/0x4efca42496ec176f1d56b21dbad7031477ec583d.sol#248-251) should be declared external
Reference: https://github.com/trailofbits/slither/wiki/Detectors-Documentation#public-function-that-could-be-declared-as-external[0m
INFO:Detectors:[92m
Detected issues with version pragma in /unique_chucks/45/0x4efca42496ec176f1d56b21dbad7031477ec583d.sol:
	- pragma solidity^0.4.16 (/unique_chucks/45/0x4efca42496ec176f1d56b21dbad7031477ec583d.sol#1): it allows old versions
Reference: https://github.com/trailofbits/slither/wiki/Detectors-Documentation#incorrect-version-of-solidity[0m
INFO:Detectors:[92m
Contract 'owned' (/unique_chucks/45/0x4efca42496ec176f1d56b21dbad7031477ec583d.sol#3-20) is not in CapWords
Contract 'tokenRecipient' (/unique_chucks/45/0x4efca42496ec176f1d56b21dbad7031477ec583d.sol#20-22) is not in CapWords
Function 'BBXCoin.BBXCoin' (/unique_chucks/45/0x4efca42496ec176f1d56b21dbad7031477ec583d.sol#50-61) is not in mixedCase
Function 'BBXCoin._transfer' (/unique_chucks/45/0x4efca42496ec176f1d56b21dbad7031477ec583d.sol#63-84) is not in mixedCase
Parameter '_from' of BBXCoin._transfer (/unique_chucks/45/0x4efca42496ec176f1d56b21dbad7031477ec583d.sol#64) is not in mixedCase
Parameter '_to' of BBXCoin._transfer (/unique_chucks/45/0x4efca42496ec176f1d56b21dbad7031477ec583d.sol#64) is not in mixedCase
Parameter '_value' of BBXCoin._transfer (/unique_chucks/45/0x4efca42496ec176f1d56b21dbad7031477ec583d.sol#64) is not in mixedCase
Parameter '_to' of BBXCoin.transfer (/unique_chucks/45/0x4efca42496ec176f1d56b21dbad7031477ec583d.sol#92-94) is not in mixedCase
Parameter '_value' of BBXCoin.transfer (/unique_chucks/45/0x4efca42496ec176f1d56b21dbad7031477ec583d.sol#94) is not in mixedCase
Parameter '_from' of BBXCoin.transferFrom (/unique_chucks/45/0x4efca42496ec176f1d56b21dbad7031477ec583d.sol#103) is not in mixedCase
Parameter '_to' of BBXCoin.transferFrom (/unique_chucks/45/0x4efca42496ec176f1d56b21dbad7031477ec583d.sol#103) is not in mixedCase
Parameter '_value' of BBXCoin.transferFrom (/unique_chucks/45/0x4efca42496ec176f1d56b21dbad7031477ec583d.sol#103) is not in mixedCase
Parameter '_spender' of BBXCoin.approve (/unique_chucks/45/0x4efca42496ec176f1d56b21dbad7031477ec583d.sol#119-120) is not in mixedCase
Parameter '_value' of BBXCoin.approve (/unique_chucks/45/0x4efca42496ec176f1d56b21dbad7031477ec583d.sol#120-121) is not in mixedCase
Parameter '_spender' of BBXCoin.approveAndCall (/unique_chucks/45/0x4efca42496ec176f1d56b21dbad7031477ec583d.sol#135) is not in mixedCase
Parameter '_value' of BBXCoin.approveAndCall (/unique_chucks/45/0x4efca42496ec176f1d56b21dbad7031477ec583d.sol#135-136) is not in mixedCase
Parameter '_extraData' of BBXCoin.approveAndCall (/unique_chucks/45/0x4efca42496ec176f1d56b21dbad7031477ec583d.sol#136) is not in mixedCase
Parameter '_value' of BBXCoin.burn (/unique_chucks/45/0x4efca42496ec176f1d56b21dbad7031477ec583d.sol#151) is not in mixedCase
Parameter '_from' of BBXCoin.burnFrom (/unique_chucks/45/0x4efca42496ec176f1d56b21dbad7031477ec583d.sol#166-167) is not in mixedCase
Parameter '_value' of BBXCoin.burnFrom (/unique_chucks/45/0x4efca42496ec176f1d56b21dbad7031477ec583d.sol#167) is not in mixedCase
Constant 'BBXCoin._myTokeName' (/unique_chucks/45/0x4efca42496ec176f1d56b21dbad7031477ec583d.sol#23-24) is not in UPPER_CASE_WITH_UNDERSCORES
Constant 'BBXCoin._mySymbol' (/unique_chucks/45/0x4efca42496ec176f1d56b21dbad7031477ec583d.sol#24-25) is not in UPPER_CASE_WITH_UNDERSCORES
Constant 'BBXCoin._myinitialSupply' (/unique_chucks/45/0x4efca42496ec176f1d56b21dbad7031477ec583d.sol#25-26) is not in UPPER_CASE_WITH_UNDERSCORES
Constant 'BBXCoin._myDecimal' (/unique_chucks/45/0x4efca42496ec176f1d56b21dbad7031477ec583d.sol#26-27) is not in UPPER_CASE_WITH_UNDERSCORES
Function 'MyAdvancedToken._transfer' (/unique_chucks/45/0x4efca42496ec176f1d56b21dbad7031477ec583d.sol#202-214) is not in mixedCase
Parameter '_from' of MyAdvancedToken._transfer (/unique_chucks/45/0x4efca42496ec176f1d56b21dbad7031477ec583d.sol#202) is not in mixedCase
Parameter '_to' of MyAdvancedToken._transfer (/unique_chucks/45/0x4efca42496ec176f1d56b21dbad7031477ec583d.sol#202) is not in mixedCase
Parameter '_value' of MyAdvancedToken._transfer (/unique_chucks/45/0x4efca42496ec176f1d56b21dbad7031477ec583d.sol#202) is not in mixedCase
Function 'MyAdvancedToken.MyAdvancedToken' (/unique_chucks/45/0x4efca42496ec176f1d56b21dbad7031477ec583d.sol#199-201) is not in mixedCase
Reference: https://github.com/trailofbits/slither/wiki/Detectors-Documentation#conformance-to-solidity-naming-conventions[0m
INFO:Slither:/unique_chucks/45/0x4efca42496ec176f1d56b21dbad7031477ec583d.sol analyzed (4 contracts), 44 result(s) found