2019-07-25 19:11:49,601: [12] m.main:INFO: Registered plugins: DetectReentrancySimple, DetectInvalid, DetectSuicidal, DetectReentrancyAdvanced, DetectUninitializedStorage, DetectIntegerOverflow, DetectDelegatecall, DetectEnvInstruction, DetectUnusedRetVal, DetectUninitializedMemory, DetectExternalCallAndLeak
2019-07-25 19:11:49,601: [12] m.main:INFO: Beginning analysis
2019-07-25 19:11:49,654: [12] m.e.manticore:INFO: Starting symbolic create contract
2019-07-25 19:11:51,326: [12] m.e.manticore:INFO: Starting symbolic transaction: 0
2019-07-25 19:13:09,054: [329] m.e.detectors:WARNING: Unsigned integer overflow at MUL instruction
2019-07-25 19:13:09,368: [12] m.e.manticore:INFO: 5 alive states, 10 terminated states
2019-07-25 19:13:12,797: [12] m.e.manticore:INFO: Starting symbolic transaction: 1
2019-07-25 19:17:52,014: [1666] m.e.detectors:WARNING: Unsigned integer overflow at MUL instruction
2019-07-25 19:21:18,763: [1664] m.e.detectors:WARNING: Unsigned integer overflow at MUL instruction
2019-07-25 19:21:19,184: [12] m.e.manticore:INFO: 25 alive states, 60 terminated states
2019-07-25 19:21:22,882: [7542] m.c.manticore:INFO: Generated testcase No. 1 - RETURN(3 txs)
2019-07-25 19:21:22,912: [7537] m.c.manticore:INFO: Generated testcase No. 0 - RETURN(3 txs)
2019-07-25 19:21:22,934: [7536] m.c.manticore:INFO: Generated testcase No. 2 - RETURN(3 txs)
2019-07-25 19:21:23,065: [7546] m.c.manticore:INFO: Generated testcase No. 4 - RETURN(3 txs)
2019-07-25 19:21:23,106: [7544] m.c.manticore:INFO: Generated testcase No. 3 - RETURN(3 txs)
2019-07-25 19:21:23,125: [7549] m.c.manticore:INFO: Generated testcase No. 5 - RETURN(3 txs)
2019-07-25 19:21:23,147: [7535] m.c.manticore:INFO: Generated testcase No. 7 - RETURN(3 txs)
2019-07-25 19:21:23,205: [7545] m.c.manticore:INFO: Generated testcase No. 6 - RETURN(3 txs)
2019-07-25 19:21:23,225: [7554] m.c.manticore:INFO: Generated testcase No. 8 - RETURN(3 txs)
2019-07-25 19:22:04,447: [7545] m.c.manticore:INFO: Generated testcase No. 9 - RETURN(3 txs)
2019-07-25 19:22:04,655: [7544] m.c.manticore:INFO: Generated testcase No. 10 - RETURN(3 txs)
2019-07-25 19:22:12,920: [7549] m.c.manticore:INFO: Generated testcase No. 11 - RETURN(3 txs)
2019-07-25 19:22:59,650: [7544] m.c.manticore:INFO: Generated testcase No. 12 - RETURN(3 txs)
2019-07-25 19:23:04,507: [7549] m.c.manticore:INFO: Generated testcase No. 13 - RETURN(3 txs)
2019-07-25 19:23:54,506: [7544] m.c.manticore:INFO: Generated testcase No. 14 - RETURN(3 txs)
2019-07-25 19:24:12,522: [7549] m.c.manticore:INFO: Generated testcase No. 15 - RETURN(3 txs)
2019-07-25 19:24:42,234: [7544] m.c.manticore:INFO: Generated testcase No. 16 - RETURN(3 txs)
2019-07-25 19:24:57,954: [7549] m.c.manticore:INFO: Generated testcase No. 17 - RETURN(3 txs)
2019-07-25 19:25:23,058: [7544] m.c.manticore:INFO: Generated testcase No. 18 - RETURN(3 txs)
Process Process-32:
Traceback (most recent call last):
  File "/usr/lib/python3.6/multiprocessing/process.py", line 258, in _bootstrap
    self.run()
  File "/usr/lib/python3.6/multiprocessing/process.py", line 93, in run
    self._target(*self._args, **self._kwargs)
  File "/usr/local/lib/python3.6/dist-packages/manticore/ethereum/manticore.py", line 1656, in worker_finalize
    finalizer(q.get_nowait())
  File "/usr/local/lib/python3.6/dist-packages/manticore/ethereum/manticore.py", line 1651, in finalizer
    self.generate_testcase(st, message=message)
  File "/usr/local/lib/python3.6/dist-packages/manticore/ethereum/manticore.py", line 1539, in generate_testcase
    is_something_symbolic = state.platform.dump(stream, state, self, message)
  File "/usr/local/lib/python3.6/dist-packages/manticore/platforms/evm.py", line 2972, in dump
    balance = state.solve_one(balance)
  File "/usr/local/lib/python3.6/dist-packages/manticore/core/state.py", line 320, in solve_one
    value = self._solver.get_value(self._constraints, expr)
  File "/usr/local/lib/python3.6/dist-packages/manticore/core/smtlib/solver.py", line 557, in get_value
    raise SolverError("Model is not available")
manticore.exceptions.SolverError: Model is not available
2019-07-25 19:25:45,865: [7549] m.c.manticore:INFO: Generated testcase No. 19 - RETURN(3 txs)
2019-07-25 19:26:26,549: [7549] m.c.manticore:INFO: Generated testcase No. 20 - RETURN(3 txs)
2019-07-25 19:26:50,409: [7542] m.c.manticore:INFO: Generated testcase No. 21 - RETURN(3 txs)
2019-07-25 19:26:57,041: [7536] m.c.manticore:INFO: Generated testcase No. 22 - RETURN(3 txs)
2019-07-25 19:27:05,036: [7537] m.c.manticore:INFO: Generated testcase No. 23 - RETURN(3 txs)
2019-07-25 19:27:11,042: [7549] m.c.manticore:INFO: Generated testcase No. 24 - RETURN(3 txs)
2019-07-25 19:27:20,015: [7545] m.c.manticore:INFO: Generated testcase No. 25 - RETURN(1 txs)
2019-07-25 19:27:28,952: [7542] m.c.manticore:INFO: Generated testcase No. 26 - REVERT(2 txs)
2019-07-25 19:27:32,034: [7536] m.c.manticore:INFO: Generated testcase No. 27 - REVERT(2 txs)
2019-07-25 19:27:39,438: [7545] m.c.manticore:INFO: Generated testcase No. 28 - REVERT(2 txs)
2019-07-25 19:27:45,240: [7549] m.c.manticore:INFO: Generated testcase No. 29 - REVERT(2 txs)
2019-07-25 19:27:50,918: [7542] m.c.manticore:INFO: Generated testcase No. 30 - REVERT(2 txs)
2019-07-25 19:27:53,348: [7536] m.c.manticore:INFO: Generated testcase No. 31 - REVERT(2 txs)
2019-07-25 19:27:59,530: [7545] m.c.manticore:INFO: Generated testcase No. 32 - REVERT(2 txs)
2019-07-25 19:28:04,861: [7549] m.c.manticore:INFO: Generated testcase No. 33 - REVERT(2 txs)
2019-07-25 19:28:12,322: [7536] m.c.manticore:INFO: Generated testcase No. 34 - REVERT(2 txs)
2019-07-25 19:28:17,121: [7542] m.c.manticore:INFO: Generated testcase No. 35 - RETURN(2 txs)
2019-07-25 19:28:19,820: [7545] m.c.manticore:INFO: Generated testcase No. 36 - RETURN(2 txs)
2019-07-25 19:28:35,865: [7549] m.c.manticore:INFO: Generated testcase No. 37 - RETURN(2 txs)
2019-07-25 19:28:44,135: [7542] m.c.manticore:INFO: Generated testcase No. 38 - RETURN(2 txs)
2019-07-25 19:29:04,254: [7549] m.c.manticore:INFO: Generated testcase No. 39 - RETURN(2 txs)
2019-07-25 19:29:12,231: [7542] m.c.manticore:INFO: Generated testcase No. 40 - REVERT(3 txs)
2019-07-25 19:29:35,832: [7549] m.c.manticore:INFO: Generated testcase No. 41 - REVERT(3 txs)
2019-07-25 19:29:44,456: [7542] m.c.manticore:INFO: Generated testcase No. 42 - REVERT(3 txs)
2019-07-25 19:30:17,411: [7549] m.c.manticore:INFO: Generated testcase No. 43 - REVERT(3 txs)
2019-07-25 19:30:59,205: [7549] m.c.manticore:INFO: Generated testcase No. 44 - REVERT(3 txs)
2019-07-25 19:31:25,045: [7546] m.c.manticore:INFO: Generated testcase No. 45 - REVERT(3 txs)
2019-07-25 19:31:38,857: [7549] m.c.manticore:INFO: Generated testcase No. 46 - REVERT(3 txs)
2019-07-25 19:32:07,535: [7545] m.c.manticore:INFO: Generated testcase No. 47 - REVERT(3 txs)
2019-07-25 19:32:13,443: [7544] m.c.manticore:INFO: Generated testcase No. 48 - REVERT(3 txs)
2019-07-25 19:32:15,149: [7537] m.c.manticore:INFO: Generated testcase No. 49 - REVERT(3 txs)
2019-07-25 19:32:29,355: [7549] m.c.manticore:INFO: Generated testcase No. 50 - REVERT(3 txs)
2019-07-25 19:32:40,153: [7537] m.c.manticore:INFO: Generated testcase No. 51 - REVERT(3 txs)
2019-07-25 19:32:43,156: [7545] m.c.manticore:INFO: Generated testcase No. 52 - REVERT(3 txs)
2019-07-25 19:32:43,337: [7544] m.c.manticore:INFO: Generated testcase No. 53 - REVERT(3 txs)
2019-07-25 19:33:02,325: [7549] m.c.manticore:INFO: Generated testcase No. 54 - REVERT(3 txs)
2019-07-25 19:33:15,416: [7537] m.c.manticore:INFO: Generated testcase No. 55 - REVERT(3 txs)
2019-07-25 19:33:17,925: [7544] m.c.manticore:INFO: Generated testcase No. 56 - REVERT(3 txs)
2019-07-25 19:33:21,941: [7545] m.c.manticore:INFO: Generated testcase No. 57 - REVERT(3 txs)
2019-07-25 19:33:28,157: [7554] m.c.manticore:INFO: Generated testcase No. 58 - REVERT(3 txs)
2019-07-25 19:33:53,852: [7544] m.c.manticore:INFO: Generated testcase No. 59 - REVERT(3 txs)
2019-07-25 19:34:00,247: [7554] m.c.manticore:INFO: Generated testcase No. 60 - REVERT(3 txs)
2019-07-25 19:34:02,628: [7545] m.c.manticore:INFO: Generated testcase No. 61 - REVERT(3 txs)
2019-07-25 19:34:03,056: [7542] m.c.manticore:INFO: Generated testcase No. 62 - REVERT(3 txs)
2019-07-25 19:34:04,126: [7536] m.c.manticore:INFO: Generated testcase No. 63 - REVERT(3 txs)
2019-07-25 19:34:24,154: [7545] m.c.manticore:INFO: Generated testcase No. 64 - REVERT(3 txs)
2019-07-25 19:34:25,739: [7544] m.c.manticore:INFO: Generated testcase No. 65 - REVERT(3 txs)
2019-07-25 19:34:31,223: [7554] m.c.manticore:INFO: Generated testcase No. 66 - REVERT(3 txs)
2019-07-25 19:34:35,850: [7536] m.c.manticore:INFO: Generated testcase No. 67 - REVERT(3 txs)
2019-07-25 19:34:55,312: [7544] m.c.manticore:INFO: Generated testcase No. 69 - REVERT(3 txs)
2019-07-25 19:34:55,324: [7545] m.c.manticore:INFO: Generated testcase No. 68 - REVERT(3 txs)
2019-07-25 19:35:05,853: [7536] m.c.manticore:INFO: Generated testcase No. 70 - REVERT(3 txs)
2019-07-25 19:35:08,556: [7554] m.c.manticore:INFO: Generated testcase No. 71 - REVERT(3 txs)
2019-07-25 19:35:29,328: [7546] m.c.manticore:INFO: Generated testcase No. 72 - REVERT(3 txs)
2019-07-25 19:35:31,151: [7544] m.c.manticore:INFO: Generated testcase No. 73 - REVERT(3 txs)
2019-07-25 19:35:37,524: [7536] m.c.manticore:INFO: Generated testcase No. 74 - REVERT(3 txs)
2019-07-25 19:35:44,033: [7554] m.c.manticore:INFO: Generated testcase No. 75 - REVERT(3 txs)
2019-07-25 19:36:04,615: [7544] m.c.manticore:INFO: Generated testcase No. 76 - REVERT(3 txs)
2019-07-25 19:36:05,670: [7546] m.c.manticore:INFO: Generated testcase No. 77 - REVERT(3 txs)
2019-07-25 19:36:18,927: [7536] m.c.manticore:INFO: Generated testcase No. 78 - REVERT(3 txs)
2019-07-25 19:36:47,624: [7546] m.c.manticore:INFO: Generated testcase No. 79 - REVERT(3 txs)
2019-07-25 19:37:01,544: [7544] m.c.manticore:INFO: Generated testcase No. 80 - REVERT(3 txs)
2019-07-25 19:37:03,039: [7536] m.c.manticore:INFO: Generated testcase No. 81 - REVERT(3 txs)
2019-07-25 19:37:14,610: [7549] m.c.manticore:INFO: Generated testcase No. 82 - REVERT(3 txs)
2019-07-25 19:37:28,335: [7537] m.c.manticore:INFO: Generated testcase No. 83 - REVERT(3 txs)
2019-07-25 19:38:43,635: [7542] m.c.manticore:INFO: Generated testcase No. 84 - REVERT(3 txs)