/unique_chucks/33/0x6d81d1fda601df52f83188dce617b65ac9b3c5be.sol
jar:file:/usr/local/lib/node_modules/@smartdec/smartcheck/jdeploy-bundle/smartcheck-2.0-jar-with-dependencies.jar!/solidity-rules.xmlruleId: SOLIDITY_EXTRA_GAS_IN_LOOPS
patternId: d3j11j
severity: 1
line: 78
column: 8
content: for(uint256i=0;i<_controllers.length;i++){_validateAddress(_controllers[i]);controllers[_controllers[i]]=true;}

ruleId: SOLIDITY_EXTRA_GAS_IN_LOOPS
patternId: d3j11j
severity: 1
line: 98
column: 8
content: for(uint256i=0;i<_newDependencies.length;i++){_validateAddress(_newDependencies[i]);}

ruleId: SOLIDITY_GAS_LIMIT_IN_LOOPS
patternId: f6f853
severity: 2
line: 78
column: 8
content: for(uint256i=0;i<_controllers.length;i++){_validateAddress(_controllers[i]);controllers[_controllers[i]]=true;}

ruleId: SOLIDITY_GAS_LIMIT_IN_LOOPS
patternId: f6f853
severity: 2
line: 98
column: 8
content: for(uint256i=0;i<_newDependencies.length;i++){_validateAddress(_newDependencies[i]);}

ruleId: SOLIDITY_OVERPOWERED_ROLE
patternId: j83hf7
severity: 2
line: 97
column: 4
content: functionsetInternalDependencies(address[]_newDependencies)publiconlyOwner{for(uint256i=0;i<_newDependencies.length;i++){_validateAddress(_newDependencies[i]);}internalDependencies=_newDependencies;}

ruleId: SOLIDITY_OVERPOWERED_ROLE
patternId: j83hf7
severity: 2
line: 104
column: 4
content: functionsetExternalDependencies(address[]_newDependencies)publiconlyOwner{externalDependencies=_newDependencies;_setControllers(_newDependencies);}

ruleId: SOLIDITY_OVERPOWERED_ROLE
patternId: j83hf7
severity: 2
line: 437
column: 4
content: functionsetInternalDependencies(address[]_newDependencies)publiconlyOwner{super.setInternalDependencies(_newDependencies);core=Core(_newDependencies[0]);dragonStorage=DragonStorage(_newDependencies[1]);eggStorage=EggStorage(_newDependencies[2]);dragonMarketplace=DragonMarketplace(_newDependencies[3]);breedingMarketplace=BreedingMarketplace(_newDependencies[4]);eggMarketplace=EggMarketplace(_newDependencies[5]);goldMarketplace=GoldMarketplace(_newDependencies[6]);skillMarketplace=SkillMarketplace(_newDependencies[7]);goldTokens=Gold(_newDependencies[8]);getter=Getter(_newDependencies[9]);}

ruleId: SOLIDITY_UPGRADE_TO_050
patternId: 341gim
severity: 1
line: 77
column: 29
content: address[]_controllers

ruleId: SOLIDITY_UPGRADE_TO_050
patternId: 341gim
severity: 1
line: 89
column: 59
content: address[]

ruleId: SOLIDITY_UPGRADE_TO_050
patternId: 341gim
severity: 1
line: 93
column: 59
content: address[]

ruleId: SOLIDITY_UPGRADE_TO_050
patternId: 341gim
severity: 1
line: 97
column: 37
content: address[]_newDependencies

ruleId: SOLIDITY_UPGRADE_TO_050
patternId: 341gim
severity: 1
line: 104
column: 37
content: address[]_newDependencies

ruleId: SOLIDITY_UPGRADE_TO_050
patternId: 341gim
severity: 1
line: 437
column: 37
content: address[]_newDependencies

ruleId: SOLIDITY_VISIBILITY
patternId: b51ce0
severity: 1
line: 66
column: 4
content: mapping(address=>bool)controllers;

ruleId: SOLIDITY_VISIBILITY
patternId: b51ce0
severity: 1
line: 86
column: 4
content: address[]internalDependencies;

ruleId: SOLIDITY_VISIBILITY
patternId: b51ce0
severity: 1
line: 87
column: 4
content: address[]externalDependencies;

ruleId: SOLIDITY_VISIBILITY
patternId: b51ce0
severity: 1
line: 171
column: 4
content: Corecore;

ruleId: SOLIDITY_VISIBILITY
patternId: b51ce0
severity: 1
line: 172
column: 4
content: BreedingMarketplacebreedingMarketplace;

ruleId: SOLIDITY_VISIBILITY
patternId: b51ce0
severity: 1
line: 173
column: 4
content: EggMarketplaceeggMarketplace;

ruleId: SOLIDITY_VISIBILITY
patternId: b51ce0
severity: 1
line: 174
column: 4
content: DragonMarketplacedragonMarketplace;

ruleId: SOLIDITY_VISIBILITY
patternId: b51ce0
severity: 1
line: 175
column: 4
content: GoldMarketplacegoldMarketplace;

ruleId: SOLIDITY_VISIBILITY
patternId: b51ce0
severity: 1
line: 176
column: 4
content: SkillMarketplaceskillMarketplace;

ruleId: SOLIDITY_VISIBILITY
patternId: b51ce0
severity: 1
line: 177
column: 4
content: DragonStoragedragonStorage;

ruleId: SOLIDITY_VISIBILITY
patternId: b51ce0
severity: 1
line: 178
column: 4
content: EggStorageeggStorage;

ruleId: SOLIDITY_VISIBILITY
patternId: b51ce0
severity: 1
line: 179
column: 4
content: GoldgoldTokens;

ruleId: SOLIDITY_VISIBILITY
patternId: b51ce0
severity: 1
line: 180
column: 4
content: Gettergetter;

SOLIDITY_VISIBILITY :13
SOLIDITY_OVERPOWERED_ROLE :3
SOLIDITY_EXTRA_GAS_IN_LOOPS :2
SOLIDITY_UPGRADE_TO_050 :6
SOLIDITY_GAS_LIMIT_IN_LOOPS :2