INFO:Slither:Compilation warnings/errors on /unique_contracts/0x1919255865512fb1f5a432bad5d8c84a1e406a07.sol:
/unique_contracts/0x1919255865512fb1f5a432bad5d8c84a1e406a07.sol:109:5: Warning: Defining constructors as functions with the same name as the contract is deprecated. Use "constructor(...) { ... }" instead.
    function Vixelabs () public{
    ^ (Relevant source part starts here and spans across multiple lines).

INFO:Detectors:[93m
Vixelabs.totalSupply (/unique_contracts/0x1919255865512fb1f5a432bad5d8c84a1e406a07.sol#80-81) shadows:
	- ERC20Basic.totalSupply (/unique_contracts/0x1919255865512fb1f5a432bad5d8c84a1e406a07.sol#55)
Reference: https://github.com/trailofbits/slither/wiki/Detectors-Documentation#state-variable-shadowing-from-abstract-contracts[0m
INFO:Detectors:[92m
ERC20Basic.totalSupply should be constant (/unique_contracts/0x1919255865512fb1f5a432bad5d8c84a1e406a07.sol#55)
Reference: https://github.com/trailofbits/slither/wiki/Detectors-Documentation#state-variables-that-could-be-declared-constant[0m
INFO:Detectors:[92m
AltcoinToken.balanceOf (/unique_contracts/0x1919255865512fb1f5a432bad5d8c84a1e406a07.sol#49-50) should be declared external
AltcoinToken.transfer (/unique_contracts/0x1919255865512fb1f5a432bad5d8c84a1e406a07.sol#50-54) should be declared external
ERC20Basic.balanceOf (/unique_contracts/0x1919255865512fb1f5a432bad5d8c84a1e406a07.sol#55-56) should be declared external
Vixelabs.balanceOf (/unique_contracts/0x1919255865512fb1f5a432bad5d8c84a1e406a07.sol#197-202) should be declared external
Vixelabs.transfer (/unique_contracts/0x1919255865512fb1f5a432bad5d8c84a1e406a07.sol#207-216) should be declared external
ERC20Basic.transfer (/unique_contracts/0x1919255865512fb1f5a432bad5d8c84a1e406a07.sol#56-57) should be declared external
Vixelabs.allowance (/unique_contracts/0x1919255865512fb1f5a432bad5d8c84a1e406a07.sol#238-244) should be declared external
ERC20.allowance (/unique_contracts/0x1919255865512fb1f5a432bad5d8c84a1e406a07.sol#61-62) should be declared external
ERC20.transferFrom (/unique_contracts/0x1919255865512fb1f5a432bad5d8c84a1e406a07.sol#62-63) should be declared external
Vixelabs.transferFrom (/unique_contracts/0x1919255865512fb1f5a432bad5d8c84a1e406a07.sol#217-228) should be declared external
ERC20.approve (/unique_contracts/0x1919255865512fb1f5a432bad5d8c84a1e406a07.sol#63-64) should be declared external
Vixelabs.approve (/unique_contracts/0x1919255865512fb1f5a432bad5d8c84a1e406a07.sol#229-238) should be declared external
Vixelabs.transferOwnership (/unique_contracts/0x1919255865512fb1f5a432bad5d8c84a1e406a07.sol#118-124) should be declared external
Vixelabs.finishDistribution (/unique_contracts/0x1919255865512fb1f5a432bad5d8c84a1e406a07.sol#125-130) should be declared external
Vixelabs.adminClaimAirdrop (/unique_contracts/0x1919255865512fb1f5a432bad5d8c84a1e406a07.sol#160-161) should be declared external
Vixelabs.adminClaimAirdropMultiple (/unique_contracts/0x1919255865512fb1f5a432bad5d8c84a1e406a07.sol#161-166) should be declared external
Vixelabs.updateTokensPerEth (/unique_contracts/0x1919255865512fb1f5a432bad5d8c84a1e406a07.sol#167-176) should be declared external
Vixelabs.getTokenBalance (/unique_contracts/0x1919255865512fb1f5a432bad5d8c84a1e406a07.sol#244-251) should be declared external
Vixelabs.withdraw (/unique_contracts/0x1919255865512fb1f5a432bad5d8c84a1e406a07.sol#251-255) should be declared external
Vixelabs.burn (/unique_contracts/0x1919255865512fb1f5a432bad5d8c84a1e406a07.sol#256-263) should be declared external
Vixelabs.withdrawAltcoinTokens (/unique_contracts/0x1919255865512fb1f5a432bad5d8c84a1e406a07.sol) should be declared external
Reference: https://github.com/trailofbits/slither/wiki/Detectors-Documentation#public-function-that-could-be-declared-as-external[0m
INFO:Detectors:[92m
Detected issues with version pragma in /unique_contracts/0x1919255865512fb1f5a432bad5d8c84a1e406a07.sol:
	- pragma solidity^0.4.18 (/unique_contracts/0x1919255865512fb1f5a432bad5d8c84a1e406a07.sol#1): it allows old versions
Reference: https://github.com/trailofbits/slither/wiki/Detectors-Documentation#incorrect-version-of-solidity[0m
INFO:Detectors:[92m
Parameter '_owner' of Vixelabs.balanceOf (/unique_contracts/0x1919255865512fb1f5a432bad5d8c84a1e406a07.sol#198) is not in mixedCase
Parameter '_to' of Vixelabs.transfer (/unique_contracts/0x1919255865512fb1f5a432bad5d8c84a1e406a07.sol#207) is not in mixedCase
Parameter '_amount' of Vixelabs.transfer (/unique_contracts/0x1919255865512fb1f5a432bad5d8c84a1e406a07.sol#207) is not in mixedCase
Parameter '_owner' of Vixelabs.allowance (/unique_contracts/0x1919255865512fb1f5a432bad5d8c84a1e406a07.sol#239) is not in mixedCase
Parameter '_spender' of Vixelabs.allowance (/unique_contracts/0x1919255865512fb1f5a432bad5d8c84a1e406a07.sol#239) is not in mixedCase
Parameter '_from' of Vixelabs.transferFrom (/unique_contracts/0x1919255865512fb1f5a432bad5d8c84a1e406a07.sol#217) is not in mixedCase
Parameter '_to' of Vixelabs.transferFrom (/unique_contracts/0x1919255865512fb1f5a432bad5d8c84a1e406a07.sol#217) is not in mixedCase
Parameter '_amount' of Vixelabs.transferFrom (/unique_contracts/0x1919255865512fb1f5a432bad5d8c84a1e406a07.sol#218-219) is not in mixedCase
Parameter '_spender' of Vixelabs.approve (/unique_contracts/0x1919255865512fb1f5a432bad5d8c84a1e406a07.sol#229) is not in mixedCase
Parameter '_value' of Vixelabs.approve (/unique_contracts/0x1919255865512fb1f5a432bad5d8c84a1e406a07.sol#229-230) is not in mixedCase
Function 'Vixelabs.Vixelabs' (/unique_contracts/0x1919255865512fb1f5a432bad5d8c84a1e406a07.sol#111-117) is not in mixedCase
Parameter '_to' of Vixelabs.distr (/unique_contracts/0x1919255865512fb1f5a432bad5d8c84a1e406a07.sol#130-131) is not in mixedCase
Parameter '_amount' of Vixelabs.distr (/unique_contracts/0x1919255865512fb1f5a432bad5d8c84a1e406a07.sol#131) is not in mixedCase
Parameter '_participant' of Vixelabs.doAirdrop (/unique_contracts/0x1919255865512fb1f5a432bad5d8c84a1e406a07.sol#142-144) is not in mixedCase
Parameter '_amount' of Vixelabs.doAirdrop (/unique_contracts/0x1919255865512fb1f5a432bad5d8c84a1e406a07.sol#144) is not in mixedCase
Parameter '_participant' of Vixelabs.adminClaimAirdrop (/unique_contracts/0x1919255865512fb1f5a432bad5d8c84a1e406a07.sol#160) is not in mixedCase
Parameter '_amount' of Vixelabs.adminClaimAirdrop (/unique_contracts/0x1919255865512fb1f5a432bad5d8c84a1e406a07.sol#160) is not in mixedCase
Parameter '_addresses' of Vixelabs.adminClaimAirdropMultiple (/unique_contracts/0x1919255865512fb1f5a432bad5d8c84a1e406a07.sol#164) is not in mixedCase
Parameter '_amount' of Vixelabs.adminClaimAirdropMultiple (/unique_contracts/0x1919255865512fb1f5a432bad5d8c84a1e406a07.sol#164) is not in mixedCase
Parameter '_tokensPerEth' of Vixelabs.updateTokensPerEth (/unique_contracts/0x1919255865512fb1f5a432bad5d8c84a1e406a07.sol#169) is not in mixedCase
Parameter '_value' of Vixelabs.burn (/unique_contracts/0x1919255865512fb1f5a432bad5d8c84a1e406a07.sol#256) is not in mixedCase
Parameter '_tokenContract' of Vixelabs.withdrawAltcoinTokens (/unique_contracts/0x1919255865512fb1f5a432bad5d8c84a1e406a07.sol) is not in mixedCase
Constant 'Vixelabs.minContribution' (/unique_contracts/0x1919255865512fb1f5a432bad5d8c84a1e406a07.sol#84) is not in UPPER_CASE_WITH_UNDERSCORES
Reference: https://github.com/trailofbits/slither/wiki/Detectors-Documentation#conformance-to-solidity-naming-conventions[0m
INFO:Slither:/unique_contracts/0x1919255865512fb1f5a432bad5d8c84a1e406a07.sol analyzed (5 contracts), 47 result(s) found