/unique_chucks/5/0x999967e2ec8a74b7c8e9db19e039d920b31d39d0.sol
jar:file:/usr/local/lib/node_modules/@smartdec/smartcheck/jdeploy-bundle/smartcheck-2.0-jar-with-dependencies.jar!/solidity-rules.xmlruleId: SOLIDITY_DEPRECATED_CONSTRUCTIONS
patternId: 28fa69
severity: 1
line: 47
column: 2
content: functionbalanceOf(addresswho)constantreturns(uint256);

ruleId: SOLIDITY_DEPRECATED_CONSTRUCTIONS
patternId: 28fa69
severity: 1
line: 64
column: 2
content: functionmul(uint256a,uint256b)internalconstantreturns(uint256){uint256c=a*b;assert(a==0||c/a==b);returnc;}

ruleId: SOLIDITY_DEPRECATED_CONSTRUCTIONS
patternId: 28fa69
severity: 1
line: 70
column: 2
content: functiondiv(uint256a,uint256b)internalconstantreturns(uint256){uint256c=a/b;returnc;}

ruleId: SOLIDITY_DEPRECATED_CONSTRUCTIONS
patternId: 28fa69
severity: 1
line: 77
column: 2
content: functionsub(uint256a,uint256b)internalconstantreturns(uint256){assert(b<=a);returna-b;}

ruleId: SOLIDITY_DEPRECATED_CONSTRUCTIONS
patternId: 28fa69
severity: 1
line: 82
column: 2
content: functionadd(uint256a,uint256b)internalconstantreturns(uint256){uint256c=a+b;assert(c>=a);returnc;}

ruleId: SOLIDITY_DEPRECATED_CONSTRUCTIONS
patternId: 28fa69
severity: 1
line: 119
column: 2
content: functionbalanceOf(address_owner)constantreturns(uint256balance){returnbalances[_owner];}

ruleId: SOLIDITY_DEPRECATED_CONSTRUCTIONS
patternId: 28fa69
severity: 1
line: 140
column: 2
content: functionallowance(addressowner,addressspender)constantreturns(uint256);

ruleId: SOLIDITY_DEPRECATED_CONSTRUCTIONS
patternId: 28fa69
severity: 1
line: 205
column: 2
content: functionallowance(address_owner,address_spender)constantreturns(uint256remaining){returnallowed[_owner][_spender];}

ruleId: SOLIDITY_ERC20_APPROVE
patternId: af782c
severity: 2
line: 186
column: 2
content: functionapprove(address_spender,uint256_value)returns(bool){require((_value==0)||(allowed[msg.sender][_spender]==0));allowed[msg.sender][_spender]=_value;Approval(msg.sender,_spender,_value);returntrue;}

ruleId: SOLIDITY_LOCKED_MONEY
patternId: 30281d
severity: 3
line: 320
column: 0
content: contractERC23PayableReceiver{functiontokenFallback(address_from,uint_value,bytes_data)payable;}

ruleId: SOLIDITY_OVERPOWERED_ROLE
patternId: j83hf7
severity: 2
line: 273
column: 4
content: functionsetMinter(address_minter)onlyOwner{minter=_minter;}

ruleId: SOLIDITY_PRAGMAS_VERSION
patternId: 23fc32
severity: 1
line: 18
column: 16
content: ^

ruleId: SOLIDITY_PRIVATE_MODIFIER_DONT_HIDE_DATA
patternId: 5616b2
severity: 1
line: 266
column: 12
content: private

ruleId: SOLIDITY_PRIVATE_MODIFIER_DONT_HIDE_DATA
patternId: 5616b2
severity: 1
line: 380
column: 9
content: private

ruleId: SOLIDITY_SAFEMATH
patternId: 837cac
severity: 1
line: 98
column: 2
content: usingSafeMathforuint256;

ruleId: SOLIDITY_VISIBILITY
patternId: 910067
severity: 1
line: 47
column: 2
content: functionbalanceOf(addresswho)constantreturns(uint256);

ruleId: SOLIDITY_VISIBILITY
patternId: 910067
severity: 1
line: 48
column: 2
content: functiontransfer(addressto,uint256value)returns(bool);

ruleId: SOLIDITY_VISIBILITY
patternId: 910067
severity: 1
line: 107
column: 2
content: functiontransfer(address_to,uint256_value)returns(bool){balances[msg.sender]=balances[msg.sender].sub(_value);balances[_to]=balances[_to].add(_value);Transfer(msg.sender,_to,_value);returntrue;}

ruleId: SOLIDITY_VISIBILITY
patternId: 910067
severity: 1
line: 119
column: 2
content: functionbalanceOf(address_owner)constantreturns(uint256balance){returnbalances[_owner];}

ruleId: SOLIDITY_VISIBILITY
patternId: 910067
severity: 1
line: 140
column: 2
content: functionallowance(addressowner,addressspender)constantreturns(uint256);

ruleId: SOLIDITY_VISIBILITY
patternId: 910067
severity: 1
line: 141
column: 2
content: functiontransferFrom(addressfrom,addressto,uint256value)returns(bool);

ruleId: SOLIDITY_VISIBILITY
patternId: 910067
severity: 1
line: 142
column: 2
content: functionapprove(addressspender,uint256value)returns(bool);

ruleId: SOLIDITY_VISIBILITY
patternId: 910067
severity: 1
line: 168
column: 2
content: functiontransferFrom(address_from,address_to,uint256_value)returns(bool){var_allowance=allowed[_from][msg.sender];balances[_to]=balances[_to].add(_value);balances[_from]=balances[_from].sub(_value);allowed[_from][msg.sender]=_allowance.sub(_value);Transfer(_from,_to,_value);returntrue;}

ruleId: SOLIDITY_VISIBILITY
patternId: 910067
severity: 1
line: 186
column: 2
content: functionapprove(address_spender,uint256_value)returns(bool){require((_value==0)||(allowed[msg.sender][_spender]==0));allowed[msg.sender][_spender]=_value;Approval(msg.sender,_spender,_value);returntrue;}

ruleId: SOLIDITY_VISIBILITY
patternId: 910067
severity: 1
line: 205
column: 2
content: functionallowance(address_owner,address_spender)constantreturns(uint256remaining){returnallowed[_owner][_spender];}

ruleId: SOLIDITY_VISIBILITY
patternId: 910067
severity: 1
line: 231
column: 2
content: functionOwnable(){owner=msg.sender;}

ruleId: SOLIDITY_VISIBILITY
patternId: 910067
severity: 1
line: 249
column: 2
content: functiontransferOwnership(addressnewOwner)onlyOwner{if(newOwner!=address(0)){owner=newOwner;}}

ruleId: SOLIDITY_VISIBILITY
patternId: 910067
severity: 1
line: 273
column: 4
content: functionsetMinter(address_minter)onlyOwner{minter=_minter;}

ruleId: SOLIDITY_VISIBILITY
patternId: 910067
severity: 1
line: 277
column: 4
content: functionmint(address_to,uint_amount)onlyMinter{totalSupply=totalSupply.add(_amount);balances[_to]=balances[_to].add(_amount);Transfer(address(0x0),_to,_amount);}

ruleId: SOLIDITY_VISIBILITY
patternId: 910067
severity: 1
line: 305
column: 4
content: functiontransfer(addressto,uintvalue,bytesdata);

ruleId: SOLIDITY_VISIBILITY
patternId: 910067
severity: 1
line: 321
column: 4
content: functiontokenFallback(address_from,uint_value,bytes_data)payable;

ruleId: SOLIDITY_VISIBILITY
patternId: 910067
severity: 1
line: 331
column: 4
content: functiontransfer(addressto,uintvalue,bytesdata){transferAndPay(to,value,data);}

ruleId: SOLIDITY_VISIBILITY
patternId: 910067
severity: 1
line: 337
column: 4
content: functiontransfer(addressto,uintvalue)returns(bool){bytesmemoryempty;transfer(to,value,empty);returntrue;}

ruleId: SOLIDITY_VISIBILITY
patternId: 910067
severity: 1
line: 343
column: 4
content: functiontransferAndPay(addressto,uintvalue,bytesdata)payable{uintcodeLength;assembly{codeLength:=extcodesize(to)}balances[msg.sender]=balances[msg.sender].sub(value);balances[to]=balances[to].add(value);if(codeLength>0){ERC23PayableReceiverreceiver=ERC23PayableReceiver(to);receiver.tokenFallback.value(msg.value)(msg.sender,value,data);}elseif(msg.value>0){to.transfer(msg.value);}Transfer(msg.sender,to,value);if(data.length>0)TransferData(msg.sender,to,value,data);}

ruleId: SOLIDITY_VISIBILITY
patternId: 910067
severity: 1
line: 382
column: 4
content: functionmint(address_to,uint_amount){require(totalSupply.add(_amount)<=CAP);super.mint(_to,_amount);}

ruleId: SOLIDITY_VISIBILITY
patternId: 910067
severity: 1
line: 387
column: 4
content: functionTieToken(addressmultisigOwner){transferOwnership(multisigOwner);}

ruleId: SOLIDITY_VISIBILITY
patternId: 910067
severity: 1
line: 395
column: 4
content: functiontransferAndPay(addressto,uintvalue,bytesdata)payable{require(transferEnabled);super.transferAndPay(to,value,data);}

ruleId: SOLIDITY_VISIBILITY
patternId: 910067
severity: 1
line: 400
column: 4
content: functionenableTransfer(boolenabled)onlyOwner{transferEnabled=enabled;}

ruleId: SOLIDITY_VISIBILITY
patternId: b51ce0
severity: 1
line: 100
column: 2
content: mapping(address=>uint256)balances;

ruleId: SOLIDITY_VISIBILITY
patternId: b51ce0
severity: 1
line: 159
column: 2
content: mapping(address=>mapping(address=>uint256))allowed;

SOLIDITY_VISIBILITY :25
SOLIDITY_SAFEMATH :1
SOLIDITY_OVERPOWERED_ROLE :1
SOLIDITY_DEPRECATED_CONSTRUCTIONS :8
SOLIDITY_PRAGMAS_VERSION :1
SOLIDITY_LOCKED_MONEY :1
SOLIDITY_PRIVATE_MODIFIER_DONT_HIDE_DATA :2
SOLIDITY_ERC20_APPROVE :1