/unique_chucks/16/0xd64b1bf6fcab5add75041c89f61816c2b3d5e711.sol
jar:file:/usr/local/lib/node_modules/@smartdec/smartcheck/jdeploy-bundle/smartcheck-2.0-jar-with-dependencies.jar!/solidity-rules.xmlruleId: SOLIDITY_ARRAY_LENGTH_MANIPULATION
patternId: 872bdd
severity: 1
line: 260
column: 8
content: guardians.length--

ruleId: SOLIDITY_GAS_LIMIT_IN_LOOPS
patternId: f6f853
severity: 2
line: 284
column: 8
content: for(uinti=0;i<guardianAddressesLength;i++){result[i]=bytes20(guardianAddresses[i]);}

ruleId: SOLIDITY_GAS_LIMIT_IN_LOOPS
patternId: f6f853
severity: 2
line: 324
column: 8
content: for(uinti=0;i<resultLength;i++){result[i]=guardians[offset.add(i)];}

ruleId: SOLIDITY_SAFEMATH
patternId: 837cac
severity: 1
line: 153
column: 4
content: usingSafeMathforuint256;

ruleId: SOLIDITY_SHOULD_NOT_BE_VIEW
patternId: 189abf
severity: 1
line: 81
column: 2
content: functionisContract(addressaccount)internalviewreturns(bool){uint256size;assembly{size:=extcodesize(account)}returnsize>0;}

SOLIDITY_SAFEMATH :1
SOLIDITY_ARRAY_LENGTH_MANIPULATION :1
SOLIDITY_GAS_LIMIT_IN_LOOPS :2
SOLIDITY_SHOULD_NOT_BE_VIEW :1