INFO:Slither:Compilation warnings/errors on /unique_chucks/5/0x519ae04f9364adeebfd551fbb21c643b95054bb9.sol:
/unique_chucks/5/0x519ae04f9364adeebfd551fbb21c643b95054bb9.sol:105:5: Warning: Defining constructors as functions with the same name as the contract is deprecated. Use "constructor(...) { ... }" instead.
    function BitcoinTRONIX () public {
    ^ (Relevant source part starts here and spans across multiple lines).
/unique_chucks/5/0x519ae04f9364adeebfd551fbb21c643b95054bb9.sol:57:5: Warning: Functions in interfaces should be declared external.
    function distr(address _to, uint256 _value) public returns (bool);
    ^----------------------------------------------------------------^
/unique_chucks/5/0x519ae04f9364adeebfd551fbb21c643b95054bb9.sol:58:5: Warning: Functions in interfaces should be declared external.
    function totalSupply() constant public returns (uint256 supply);
    ^--------------------------------------------------------------^
/unique_chucks/5/0x519ae04f9364adeebfd551fbb21c643b95054bb9.sol:59:5: Warning: Functions in interfaces should be declared external.
    function balanceOf(address _owner) constant public returns (uint256 balance);
    ^---------------------------------------------------------------------------^
/unique_chucks/5/0x519ae04f9364adeebfd551fbb21c643b95054bb9.sol:131:9: Warning: Invoking events without "emit" prefix is deprecated.
        DistrFinished();
        ^-------------^
/unique_chucks/5/0x519ae04f9364adeebfd551fbb21c643b95054bb9.sol:139:9: Warning: Invoking events without "emit" prefix is deprecated.
        Distr(_to, _amount);
        ^-----------------^
/unique_chucks/5/0x519ae04f9364adeebfd551fbb21c643b95054bb9.sol:140:9: Warning: Invoking events without "emit" prefix is deprecated.
        Transfer(address(0), _to, _amount);
        ^--------------------------------^
/unique_chucks/5/0x519ae04f9364adeebfd551fbb21c643b95054bb9.sol:238:9: Warning: Invoking events without "emit" prefix is deprecated.
        Transfer(msg.sender, _to, _amount);
        ^--------------------------------^
/unique_chucks/5/0x519ae04f9364adeebfd551fbb21c643b95054bb9.sol:251:9: Warning: Invoking events without "emit" prefix is deprecated.
        Transfer(_from, _to, _amount);
        ^---------------------------^
/unique_chucks/5/0x519ae04f9364adeebfd551fbb21c643b95054bb9.sol:259:9: Warning: Invoking events without "emit" prefix is deprecated.
        Approval(msg.sender, _spender, _value);
        ^------------------------------------^
/unique_chucks/5/0x519ae04f9364adeebfd551fbb21c643b95054bb9.sol:274:32: Warning: Using contract member "balance" inherited from the address type is deprecated. Convert the contract to "address" type to access the member, for example use "address(contract).balance" instead.
        uint256 etherBalance = this.balance;
                               ^----------^
/unique_chucks/5/0x519ae04f9364adeebfd551fbb21c643b95054bb9.sol:287:9: Warning: Invoking events without "emit" prefix is deprecated.
        Burn(burner, _value);
        ^------------------^

INFO:Detectors:[93m
BitcoinTRONIX.totalSupply (/unique_chucks/5/0x519ae04f9364adeebfd551fbb21c643b95054bb9.sol#76-77) shadows:
	- ERC20Basic.totalSupply (/unique_chucks/5/0x519ae04f9364adeebfd551fbb21c643b95054bb9.sol#44)
Reference: https://github.com/trailofbits/slither/wiki/Detectors-Documentation#state-variable-shadowing-from-abstract-contracts[0m
INFO:Detectors:[92m
ERC20Basic.totalSupply should be constant (/unique_chucks/5/0x519ae04f9364adeebfd551fbb21c643b95054bb9.sol#44)
Reference: https://github.com/trailofbits/slither/wiki/Detectors-Documentation#state-variables-that-could-be-declared-constant[0m
INFO:Detectors:[92m
ForeignToken.balanceOf (/unique_chucks/5/0x519ae04f9364adeebfd551fbb21c643b95054bb9.sol#38-39) should be declared external
ForeignToken.transfer (/unique_chucks/5/0x519ae04f9364adeebfd551fbb21c643b95054bb9.sol#39-43) should be declared external
BitcoinTRONIX.balanceOf (/unique_chucks/5/0x519ae04f9364adeebfd551fbb21c643b95054bb9.sol#227-231) should be declared external
ERC20Basic.balanceOf (/unique_chucks/5/0x519ae04f9364adeebfd551fbb21c643b95054bb9.sol#44-45) should be declared external
ERC20Basic.transfer (/unique_chucks/5/0x519ae04f9364adeebfd551fbb21c643b95054bb9.sol#45-46) should be declared external
BitcoinTRONIX.transfer (/unique_chucks/5/0x519ae04f9364adeebfd551fbb21c643b95054bb9.sol#236-246) should be declared external
BitcoinTRONIX.allowance (/unique_chucks/5/0x519ae04f9364adeebfd551fbb21c643b95054bb9.sol#268-273) should be declared external
ERC20.allowance (/unique_chucks/5/0x519ae04f9364adeebfd551fbb21c643b95054bb9.sol#50-51) should be declared external
BitcoinTRONIX.transferFrom (/unique_chucks/5/0x519ae04f9364adeebfd551fbb21c643b95054bb9.sol#246-258) should be declared external
ERC20.transferFrom (/unique_chucks/5/0x519ae04f9364adeebfd551fbb21c643b95054bb9.sol#51-52) should be declared external
BitcoinTRONIX.approve (/unique_chucks/5/0x519ae04f9364adeebfd551fbb21c643b95054bb9.sol#258-268) should be declared external
ERC20.approve (/unique_chucks/5/0x519ae04f9364adeebfd551fbb21c643b95054bb9.sol#52-53) should be declared external
Token.distr (/unique_chucks/5/0x519ae04f9364adeebfd551fbb21c643b95054bb9.sol#57-58) should be declared external
Token.totalSupply (/unique_chucks/5/0x519ae04f9364adeebfd551fbb21c643b95054bb9.sol#58-59) should be declared external
Token.balanceOf (/unique_chucks/5/0x519ae04f9364adeebfd551fbb21c643b95054bb9.sol#59-64) should be declared external
BitcoinTRONIX.transferOwnership (/unique_chucks/5/0x519ae04f9364adeebfd551fbb21c643b95054bb9.sol#113-118) should be declared external
BitcoinTRONIX.enableWhitelist (/unique_chucks/5/0x519ae04f9364adeebfd551fbb21c643b95054bb9.sol#118-124) should be declared external
BitcoinTRONIX.disableWhitelist (/unique_chucks/5/0x519ae04f9364adeebfd551fbb21c643b95054bb9.sol#125-131) should be declared external
BitcoinTRONIX.finishDistribution (/unique_chucks/5/0x519ae04f9364adeebfd551fbb21c643b95054bb9.sol#131-136) should be declared external
BitcoinTRONIX.airdrop (/unique_chucks/5/0x519ae04f9364adeebfd551fbb21c643b95054bb9.sol#151-166) should be declared external
BitcoinTRONIX.distribution (/unique_chucks/5/0x519ae04f9364adeebfd551fbb21c643b95054bb9.sol#166-181) should be declared external
BitcoinTRONIX.distributeAmounts (/unique_chucks/5/0x519ae04f9364adeebfd551fbb21c643b95054bb9.sol#181-200) should be declared external
BitcoinTRONIX.getTokenBalance (/unique_chucks/5/0x519ae04f9364adeebfd551fbb21c643b95054bb9.sol#274-280) should be declared external
BitcoinTRONIX.withdraw (/unique_chucks/5/0x519ae04f9364adeebfd551fbb21c643b95054bb9.sol#280-281) should be declared external
BitcoinTRONIX.burn (/unique_chucks/5/0x519ae04f9364adeebfd551fbb21c643b95054bb9.sol#282-297) should be declared external
BitcoinTRONIX.withdrawForeignTokens (/unique_chucks/5/0x519ae04f9364adeebfd551fbb21c643b95054bb9.sol) should be declared external
Reference: https://github.com/trailofbits/slither/wiki/Detectors-Documentation#public-function-that-could-be-declared-as-external[0m
INFO:Detectors:[92m
Detected issues with version pragma in /unique_chucks/5/0x519ae04f9364adeebfd551fbb21c643b95054bb9.sol:
	- pragma solidity^0.4.19 (/unique_chucks/5/0x519ae04f9364adeebfd551fbb21c643b95054bb9.sol#9-13): it allows old versions
Reference: https://github.com/trailofbits/slither/wiki/Detectors-Documentation#incorrect-version-of-solidity[0m
INFO:Detectors:[92m
Parameter '_owner' of BitcoinTRONIX.balanceOf (/unique_chucks/5/0x519ae04f9364adeebfd551fbb21c643b95054bb9.sol#227-228) is not in mixedCase
Parameter '_to' of BitcoinTRONIX.transfer (/unique_chucks/5/0x519ae04f9364adeebfd551fbb21c643b95054bb9.sol#236) is not in mixedCase
Parameter '_amount' of BitcoinTRONIX.transfer (/unique_chucks/5/0x519ae04f9364adeebfd551fbb21c643b95054bb9.sol#236-237) is not in mixedCase
Parameter '_owner' of BitcoinTRONIX.allowance (/unique_chucks/5/0x519ae04f9364adeebfd551fbb21c643b95054bb9.sol#268-269) is not in mixedCase
Parameter '_spender' of BitcoinTRONIX.allowance (/unique_chucks/5/0x519ae04f9364adeebfd551fbb21c643b95054bb9.sol#269) is not in mixedCase
Parameter '_from' of BitcoinTRONIX.transferFrom (/unique_chucks/5/0x519ae04f9364adeebfd551fbb21c643b95054bb9.sol#247-248) is not in mixedCase
Parameter '_to' of BitcoinTRONIX.transferFrom (/unique_chucks/5/0x519ae04f9364adeebfd551fbb21c643b95054bb9.sol#248) is not in mixedCase
Parameter '_amount' of BitcoinTRONIX.transferFrom (/unique_chucks/5/0x519ae04f9364adeebfd551fbb21c643b95054bb9.sol#248) is not in mixedCase
Parameter '_spender' of BitcoinTRONIX.approve (/unique_chucks/5/0x519ae04f9364adeebfd551fbb21c643b95054bb9.sol#258-259) is not in mixedCase
Parameter '_value' of BitcoinTRONIX.approve (/unique_chucks/5/0x519ae04f9364adeebfd551fbb21c643b95054bb9.sol#259) is not in mixedCase
Function 'BitcoinTRONIX.BitcoinTRONIX' (/unique_chucks/5/0x519ae04f9364adeebfd551fbb21c643b95054bb9.sol#108-112) is not in mixedCase
Parameter '_to' of BitcoinTRONIX.distr (/unique_chucks/5/0x519ae04f9364adeebfd551fbb21c643b95054bb9.sol#137) is not in mixedCase
Parameter '_amount' of BitcoinTRONIX.distr (/unique_chucks/5/0x519ae04f9364adeebfd551fbb21c643b95054bb9.sol#137) is not in mixedCase
Parameter '_value' of BitcoinTRONIX.burn (/unique_chucks/5/0x519ae04f9364adeebfd551fbb21c643b95054bb9.sol#283) is not in mixedCase
Parameter '_tokenContract' of BitcoinTRONIX.withdrawForeignTokens (/unique_chucks/5/0x519ae04f9364adeebfd551fbb21c643b95054bb9.sol) is not in mixedCase
Reference: https://github.com/trailofbits/slither/wiki/Detectors-Documentation#conformance-to-solidity-naming-conventions[0m
INFO:Slither:/unique_chucks/5/0x519ae04f9364adeebfd551fbb21c643b95054bb9.sol analyzed (6 contracts), 44 result(s) found