INFO:Detectors:[93m
ERC20 (/unique_chucks/12/0x544789c586ddaed07ffb23f41ca1334232cb1804.sol#61-98) has incorrect ERC20 function interface(s):
	-approve (/unique_chucks/12/0x544789c586ddaed07ffb23f41ca1334232cb1804.sol#79-84)
Reference: https://github.com/trailofbits/slither/wiki/Detectors-Documentation#incorrect-erc20-interface[0m
INFO:Detectors:[93m
A_TAXPHONE.transfer (/unique_chucks/12/0x544789c586ddaed07ffb23f41ca1334232cb1804.sol#142-181) uses a dangerous strict equality:
	- totalSupply == _value
A_TAXPHONE.transfer (/unique_chucks/12/0x544789c586ddaed07ffb23f41ca1334232cb1804.sol#142-181) uses a dangerous strict equality:
	- totalSupply == _value
A_TAXPHONE.transferFrom (/unique_chucks/12/0x544789c586ddaed07ffb23f41ca1334232cb1804.sol#181-219) uses a dangerous strict equality:
	- totalSupply == _value
Reference: https://github.com/trailofbits/slither/wiki/Detectors-Documentation#dangerous-strict-equalities[0m
INFO:Detectors:[92m
OWN.changeOwner (/unique_chucks/12/0x544789c586ddaed07ffb23f41ca1334232cb1804.sol#21-28) should be declared external
OWN.confirmOwner (/unique_chucks/12/0x544789c586ddaed07ffb23f41ca1334232cb1804.sol#29-37) should be declared external
ERC20.balanceOf (/unique_chucks/12/0x544789c586ddaed07ffb23f41ca1334232cb1804.sol#72-79) should be declared external
ERC20.approve (/unique_chucks/12/0x544789c586ddaed07ffb23f41ca1334232cb1804.sol#79-84) should be declared external
ERC20.allowance (/unique_chucks/12/0x544789c586ddaed07ffb23f41ca1334232cb1804.sol#84-90) should be declared external
A_TAXPHONE.fallback (/unique_chucks/12/0x544789c586ddaed07ffb23f41ca1334232cb1804.sol#111-119) should be declared external
A_TAXPHONE.transfer (/unique_chucks/12/0x544789c586ddaed07ffb23f41ca1334232cb1804.sol#142-181) should be declared external
A_TAXPHONE.transferFrom (/unique_chucks/12/0x544789c586ddaed07ffb23f41ca1334232cb1804.sol#181-219) should be declared external
Reference: https://github.com/trailofbits/slither/wiki/Detectors-Documentation#public-function-that-could-be-declared-as-external[0m
INFO:Detectors:[92m
Parameter '_owner' of OWN.changeOwner (/unique_chucks/12/0x544789c586ddaed07ffb23f41ca1334232cb1804.sol#22-23) is not in mixedCase
Parameter '_spender' of ERC20.approve (/unique_chucks/12/0x544789c586ddaed07ffb23f41ca1334232cb1804.sol#79) is not in mixedCase
Parameter '_value' of ERC20.approve (/unique_chucks/12/0x544789c586ddaed07ffb23f41ca1334232cb1804.sol#79-80) is not in mixedCase
Parameter '_owner' of ERC20.allowance (/unique_chucks/12/0x544789c586ddaed07ffb23f41ca1334232cb1804.sol#84-86) is not in mixedCase
Parameter '_spender' of ERC20.allowance (/unique_chucks/12/0x544789c586ddaed07ffb23f41ca1334232cb1804.sol#86) is not in mixedCase
Contract 'A_TAXPHONE' (/unique_chucks/12/0x544789c586ddaed07ffb23f41ca1334232cb1804.sol#98-219) is not in CapWords
Parameter '_who' of A_TAXPHONE.mintTokens (/unique_chucks/12/0x544789c586ddaed07ffb23f41ca1334232cb1804.sol#120) is not in mixedCase
Parameter '_value' of A_TAXPHONE.mintTokens (/unique_chucks/12/0x544789c586ddaed07ffb23f41ca1334232cb1804.sol#120-121) is not in mixedCase
Parameter '_to' of A_TAXPHONE.transfer (/unique_chucks/12/0x544789c586ddaed07ffb23f41ca1334232cb1804.sol#142) is not in mixedCase
Parameter '_value' of A_TAXPHONE.transfer (/unique_chucks/12/0x544789c586ddaed07ffb23f41ca1334232cb1804.sol#143) is not in mixedCase
Parameter '_from' of A_TAXPHONE.transferFrom (/unique_chucks/12/0x544789c586ddaed07ffb23f41ca1334232cb1804.sol#182) is not in mixedCase
Parameter '_to' of A_TAXPHONE.transferFrom (/unique_chucks/12/0x544789c586ddaed07ffb23f41ca1334232cb1804.sol#182) is not in mixedCase
Parameter '_value' of A_TAXPHONE.transferFrom (/unique_chucks/12/0x544789c586ddaed07ffb23f41ca1334232cb1804.sol#182) is not in mixedCase
Variable 'A_TAXPHONE.Bank' (/unique_chucks/12/0x544789c586ddaed07ffb23f41ca1334232cb1804.sol#100-101) is not in mixedCase
Variable 'A_TAXPHONE.Price' (/unique_chucks/12/0x544789c586ddaed07ffb23f41ca1334232cb1804.sol#101) is not in mixedCase
Constant 'A_TAXPHONE.Minn' (/unique_chucks/12/0x544789c586ddaed07ffb23f41ca1334232cb1804.sol#101-102) is not in UPPER_CASE_WITH_UNDERSCORES
Constant 'A_TAXPHONE.Maxx' (/unique_chucks/12/0x544789c586ddaed07ffb23f41ca1334232cb1804.sol#102-103) is not in UPPER_CASE_WITH_UNDERSCORES
Constant 'A_TAXPHONE.ethdriver' (/unique_chucks/12/0x544789c586ddaed07ffb23f41ca1334232cb1804.sol#103-104) is not in UPPER_CASE_WITH_UNDERSCORES
Constant 'A_TAXPHONE.partone' (/unique_chucks/12/0x544789c586ddaed07ffb23f41ca1334232cb1804.sol#104-106) is not in UPPER_CASE_WITH_UNDERSCORES
Constant 'A_TAXPHONE.parttwo' (/unique_chucks/12/0x544789c586ddaed07ffb23f41ca1334232cb1804.sol#107-111) is not in UPPER_CASE_WITH_UNDERSCORES
Reference: https://github.com/trailofbits/slither/wiki/Detectors-Documentation#conformance-to-solidity-naming-conventions[0m
INFO:Slither:/unique_chucks/12/0x544789c586ddaed07ffb23f41ca1334232cb1804.sol analyzed (4 contracts), 31 result(s) found