/unique_chucks/20/0xeca8c77bd9d8242c971145b9f9e139ea793a2ebb.sol
jar:file:/usr/local/lib/node_modules/@smartdec/smartcheck/jdeploy-bundle/smartcheck-2.0-jar-with-dependencies.jar!/solidity-rules.xmlruleId: SOLIDITY_ADDRESS_HARDCODED
patternId: a91b18
severity: 1
line: 161
column: 16
content: highestBidder=address(0)

ruleId: SOLIDITY_PRAGMAS_VERSION
patternId: 23fc32
severity: 1
line: 1
column: 16
content: ^

ruleId: SOLIDITY_SHOULD_NOT_BE_VIEW
patternId: 189abf
severity: 1
line: 100
column: 4
content: function_isContract(address_user)internalviewreturns(bool){uintsize;assembly{size:=extcodesize(_user)}returnsize>0;}

SOLIDITY_PRAGMAS_VERSION :1
SOLIDITY_ADDRESS_HARDCODED :1
SOLIDITY_SHOULD_NOT_BE_VIEW :1