2019-07-22 13:46:15,617: [12] m.main:INFO: Registered plugins: DetectReentrancySimple, DetectInvalid, DetectUnusedRetVal, DetectEnvInstruction, DetectReentrancyAdvanced, DetectUninitializedStorage, DetectSuicidal, DetectExternalCallAndLeak, DetectIntegerOverflow, DetectUninitializedMemory, DetectDelegatecall
2019-07-22 13:46:15,617: [12] m.main:INFO: Beginning analysis
2019-07-22 13:46:15,661: [12] m.e.manticore:INFO: Starting symbolic create contract
2019-07-22 13:46:15,872: [60] m.c.manticore:INFO: Generated testcase No. 0 - NO STATE RESULT (?)(0 txs)
2019-07-22 13:46:16,299: [12] m.c.manticore:INFO: Results in /mcore_wxa4ddx3
2019-07-22 13:46:17,087: [315] m.main:INFO: Registered plugins: DetectReentrancyAdvanced, DetectReentrancySimple, DetectInvalid, DetectUnusedRetVal, DetectUninitializedStorage, DetectSuicidal, DetectExternalCallAndLeak, DetectEnvInstruction, DetectIntegerOverflow, DetectUninitializedMemory, DetectDelegatecall
2019-07-22 13:46:17,087: [315] m.main:INFO: Beginning analysis
2019-07-22 13:46:17,099: [315] m.e.manticore:INFO: Starting symbolic create contract
2019-07-22 13:46:17,304: [359] m.c.manticore:INFO: Generated testcase No. 0 - NO STATE RESULT (?)(0 txs)
2019-07-22 13:46:17,780: [315] m.c.manticore:INFO: Results in /mcore_4y1f51ib
2019-07-22 13:46:18,450: [618] m.main:INFO: Registered plugins: DetectReentrancyAdvanced, DetectReentrancySimple, DetectInvalid, DetectUnusedRetVal, DetectEnvInstruction, DetectUninitializedStorage, DetectSuicidal, DetectExternalCallAndLeak, DetectUninitializedMemory, DetectDelegatecall, DetectIntegerOverflow
2019-07-22 13:46:18,451: [618] m.main:INFO: Beginning analysis
2019-07-22 13:46:18,464: [618] m.e.manticore:INFO: Starting symbolic create contract
2019-07-22 13:46:20,371: [618] m.e.manticore:INFO: Starting symbolic transaction: 0
2019-07-22 13:46:34,954: [618] m.e.manticore:INFO: 0 alive states, 4 terminated states
2019-07-22 13:46:35,776: [618] m.e.manticore:INFO: Starting symbolic transaction: 1
2019-07-22 13:46:36,044: [1405] m.c.manticore:INFO: Generated testcase No. 0 - RETURN(1 txs)
2019-07-22 13:46:36,239: [1406] m.c.manticore:INFO: Generated testcase No. 1 - REVERT(2 txs)
2019-07-22 13:46:36,252: [1416] m.c.manticore:INFO: Generated testcase No. 2 - THROW(2 txs)
2019-07-22 13:46:36,362: [1408] m.c.manticore:INFO: Generated testcase No. 3 - REVERT(2 txs)