INFO:Slither:Compilation warnings/errors on /unique_chucks/3/0x1966d718a565566e8e202792658d7b5ff4ece469.sol:
/unique_chucks/3/0x1966d718a565566e8e202792658d7b5ff4ece469.sol:111:5: Warning: Defining constructors as functions with the same name as the contract is deprecated. Use "constructor(...) { ... }" instead.
    function nDEX() public {
    ^ (Relevant source part starts here and spans across multiple lines).

INFO:Detectors:[93m
nDEX.totalSupply (/unique_chucks/3/0x1966d718a565566e8e202792658d7b5ff4ece469.sol#82-83) shadows:
	- ERC20Basic.totalSupply (/unique_chucks/3/0x1966d718a565566e8e202792658d7b5ff4ece469.sol#57)
Reference: https://github.com/trailofbits/slither/wiki/Detectors-Documentation#state-variable-shadowing-from-abstract-contracts[0m
INFO:Detectors:[92m
ERC20Basic.totalSupply should be constant (/unique_chucks/3/0x1966d718a565566e8e202792658d7b5ff4ece469.sol#57)
Reference: https://github.com/trailofbits/slither/wiki/Detectors-Documentation#state-variables-that-could-be-declared-constant[0m
INFO:Detectors:[92m
AltcoinToken.balanceOf (/unique_chucks/3/0x1966d718a565566e8e202792658d7b5ff4ece469.sol#51-52) should be declared external
AltcoinToken.transfer (/unique_chucks/3/0x1966d718a565566e8e202792658d7b5ff4ece469.sol#52-56) should be declared external
ERC20Basic.balanceOf (/unique_chucks/3/0x1966d718a565566e8e202792658d7b5ff4ece469.sol#57-58) should be declared external
nDEX.balanceOf (/unique_chucks/3/0x1966d718a565566e8e202792658d7b5ff4ece469.sol#198-203) should be declared external
nDEX.transfer (/unique_chucks/3/0x1966d718a565566e8e202792658d7b5ff4ece469.sol#208-217) should be declared external
ERC20Basic.transfer (/unique_chucks/3/0x1966d718a565566e8e202792658d7b5ff4ece469.sol#58-59) should be declared external
nDEX.allowance (/unique_chucks/3/0x1966d718a565566e8e202792658d7b5ff4ece469.sol#239-245) should be declared external
ERC20.allowance (/unique_chucks/3/0x1966d718a565566e8e202792658d7b5ff4ece469.sol#63-64) should be declared external
ERC20.transferFrom (/unique_chucks/3/0x1966d718a565566e8e202792658d7b5ff4ece469.sol#64-65) should be declared external
nDEX.transferFrom (/unique_chucks/3/0x1966d718a565566e8e202792658d7b5ff4ece469.sol#218-229) should be declared external
ERC20.approve (/unique_chucks/3/0x1966d718a565566e8e202792658d7b5ff4ece469.sol#65-66) should be declared external
nDEX.approve (/unique_chucks/3/0x1966d718a565566e8e202792658d7b5ff4ece469.sol#230-239) should be declared external
nDEX.transferOwnership (/unique_chucks/3/0x1966d718a565566e8e202792658d7b5ff4ece469.sol#119-125) should be declared external
nDEX.finishDistribution (/unique_chucks/3/0x1966d718a565566e8e202792658d7b5ff4ece469.sol#126-131) should be declared external
nDEX.adminClaimAirdrop (/unique_chucks/3/0x1966d718a565566e8e202792658d7b5ff4ece469.sol#161-162) should be declared external
nDEX.adminClaimAirdropMultiple (/unique_chucks/3/0x1966d718a565566e8e202792658d7b5ff4ece469.sol#162-167) should be declared external
nDEX.updateTokensPerEth (/unique_chucks/3/0x1966d718a565566e8e202792658d7b5ff4ece469.sol#168-177) should be declared external
nDEX.getTokenBalance (/unique_chucks/3/0x1966d718a565566e8e202792658d7b5ff4ece469.sol#245-252) should be declared external
nDEX.withdraw (/unique_chucks/3/0x1966d718a565566e8e202792658d7b5ff4ece469.sol#252-256) should be declared external
nDEX.burn (/unique_chucks/3/0x1966d718a565566e8e202792658d7b5ff4ece469.sol#257-264) should be declared external
nDEX.withdrawAltcoinTokens (/unique_chucks/3/0x1966d718a565566e8e202792658d7b5ff4ece469.sol) should be declared external
Reference: https://github.com/trailofbits/slither/wiki/Detectors-Documentation#public-function-that-could-be-declared-as-external[0m
INFO:Detectors:[92m
Detected issues with version pragma in /unique_chucks/3/0x1966d718a565566e8e202792658d7b5ff4ece469.sol:
	- pragma solidity^0.4.21 (/unique_chucks/3/0x1966d718a565566e8e202792658d7b5ff4ece469.sol#3-5): it allows old versions
Reference: https://github.com/trailofbits/slither/wiki/Detectors-Documentation#incorrect-version-of-solidity[0m
INFO:Detectors:[92m
Contract 'nDEX' (/unique_chucks/3/0x1966d718a565566e8e202792658d7b5ff4ece469.sol#72-266) is not in CapWords
Parameter '_owner' of nDEX.balanceOf (/unique_chucks/3/0x1966d718a565566e8e202792658d7b5ff4ece469.sol#199) is not in mixedCase
Parameter '_to' of nDEX.transfer (/unique_chucks/3/0x1966d718a565566e8e202792658d7b5ff4ece469.sol#208) is not in mixedCase
Parameter '_amount' of nDEX.transfer (/unique_chucks/3/0x1966d718a565566e8e202792658d7b5ff4ece469.sol#208) is not in mixedCase
Parameter '_owner' of nDEX.allowance (/unique_chucks/3/0x1966d718a565566e8e202792658d7b5ff4ece469.sol#240) is not in mixedCase
Parameter '_spender' of nDEX.allowance (/unique_chucks/3/0x1966d718a565566e8e202792658d7b5ff4ece469.sol#240) is not in mixedCase
Parameter '_from' of nDEX.transferFrom (/unique_chucks/3/0x1966d718a565566e8e202792658d7b5ff4ece469.sol#218) is not in mixedCase
Parameter '_to' of nDEX.transferFrom (/unique_chucks/3/0x1966d718a565566e8e202792658d7b5ff4ece469.sol#218-219) is not in mixedCase
Parameter '_amount' of nDEX.transferFrom (/unique_chucks/3/0x1966d718a565566e8e202792658d7b5ff4ece469.sol#219-220) is not in mixedCase
Parameter '_spender' of nDEX.approve (/unique_chucks/3/0x1966d718a565566e8e202792658d7b5ff4ece469.sol#230) is not in mixedCase
Parameter '_value' of nDEX.approve (/unique_chucks/3/0x1966d718a565566e8e202792658d7b5ff4ece469.sol#230-231) is not in mixedCase
Parameter '_to' of nDEX.distr (/unique_chucks/3/0x1966d718a565566e8e202792658d7b5ff4ece469.sol#131-132) is not in mixedCase
Parameter '_amount' of nDEX.distr (/unique_chucks/3/0x1966d718a565566e8e202792658d7b5ff4ece469.sol#132) is not in mixedCase
Parameter '_participant' of nDEX.doAirdrop (/unique_chucks/3/0x1966d718a565566e8e202792658d7b5ff4ece469.sol#144-145) is not in mixedCase
Parameter '_amount' of nDEX.doAirdrop (/unique_chucks/3/0x1966d718a565566e8e202792658d7b5ff4ece469.sol#145) is not in mixedCase
Parameter '_participant' of nDEX.adminClaimAirdrop (/unique_chucks/3/0x1966d718a565566e8e202792658d7b5ff4ece469.sol#161) is not in mixedCase
Parameter '_amount' of nDEX.adminClaimAirdrop (/unique_chucks/3/0x1966d718a565566e8e202792658d7b5ff4ece469.sol#161) is not in mixedCase
Parameter '_addresses' of nDEX.adminClaimAirdropMultiple (/unique_chucks/3/0x1966d718a565566e8e202792658d7b5ff4ece469.sol#165) is not in mixedCase
Parameter '_amount' of nDEX.adminClaimAirdropMultiple (/unique_chucks/3/0x1966d718a565566e8e202792658d7b5ff4ece469.sol#165) is not in mixedCase
Parameter '_tokensPerEth' of nDEX.updateTokensPerEth (/unique_chucks/3/0x1966d718a565566e8e202792658d7b5ff4ece469.sol#170) is not in mixedCase
Parameter '_value' of nDEX.burn (/unique_chucks/3/0x1966d718a565566e8e202792658d7b5ff4ece469.sol#257) is not in mixedCase
Parameter '_tokenContract' of nDEX.withdrawAltcoinTokens (/unique_chucks/3/0x1966d718a565566e8e202792658d7b5ff4ece469.sol) is not in mixedCase
Constant 'nDEX.minContribution' (/unique_chucks/3/0x1966d718a565566e8e202792658d7b5ff4ece469.sol#86) is not in UPPER_CASE_WITH_UNDERSCORES
Reference: https://github.com/trailofbits/slither/wiki/Detectors-Documentation#conformance-to-solidity-naming-conventions[0m
INFO:Slither:/unique_chucks/3/0x1966d718a565566e8e202792658d7b5ff4ece469.sol analyzed (5 contracts), 47 result(s) found