INFO:Slither:Compilation warnings/errors on /unique_chucks/20/0x8b4f27b50d622b74716944475bfce0a6b79de573.sol:
[91m/unique_chucks/20/0x8b4f27b50d622b74716944475bfce0a6b79de573.sol:1:1: Error: Source file requires different compiler version (current compiler is 0.4.25+commit.59dbf8f1.Linux.g++ - note that nightly builds are considered to be strictly less than the released version[0m
pragma solidity 0.4.19;
^---------------------^
/unique_chucks/20/0x8b4f27b50d622b74716944475bfce0a6b79de573.sol:47:3: Warning: Defining constructors as functions with the same name as the contract is deprecated. Use "constructor(...) { ... }" instead.
  function Ownable() public {
  ^ (Relevant source part starts here and spans across multiple lines).
/unique_chucks/20/0x8b4f27b50d622b74716944475bfce0a6b79de573.sol:224:5: Warning: Defining constructors as functions with the same name as the contract is deprecated. Use "constructor(...) { ... }" instead.
    function NokuTokenBurner(address _wallet) public {
    ^ (Relevant source part starts here and spans across multiple lines).
/unique_chucks/20/0x8b4f27b50d622b74716944475bfce0a6b79de573.sol:351:3: Warning: Defining constructors as functions with the same name as the contract is deprecated. Use "constructor(...) { ... }" instead.
  function DetailedERC20(string _name, string _symbol, uint8 _decimals) public {
  ^ (Relevant source part starts here and spans across multiple lines).
/unique_chucks/20/0x8b4f27b50d622b74716944475bfce0a6b79de573.sol:541:5: Warning: Defining constructors as functions with the same name as the contract is deprecated. Use "constructor(...) { ... }" instead.
    function NokuCustomERC20(
    ^ (Relevant source part starts here and spans across multiple lines).
/unique_chucks/20/0x8b4f27b50d622b74716944475bfce0a6b79de573.sol:690:5: Warning: Defining constructors as functions with the same name as the contract is deprecated. Use "constructor(...) { ... }" instead.
    function NokuCustomERC20Service(address _pricingPlan) public {
    ^ (Relevant source part starts here and spans across multiple lines).
/unique_chucks/20/0x8b4f27b50d622b74716944475bfce0a6b79de573.sol:17:5: Warning: Functions in interfaces should be declared external.
    function payFee(bytes32 serviceName, uint256 multiplier, address client) public returns(bool paid);
    ^-------------------------------------------------------------------------------------------------^
/unique_chucks/20/0x8b4f27b50d622b74716944475bfce0a6b79de573.sol:26:5: Warning: Functions in interfaces should be declared external.
    function usageFee(bytes32 serviceName, uint256 multiplier) public constant returns(uint fee);
    ^-------------------------------------------------------------------------------------------^
/unique_chucks/20/0x8b4f27b50d622b74716944475bfce0a6b79de573.sol:65:5: Warning: Invoking events without "emit" prefix is deprecated.
    OwnershipTransferred(owner, newOwner);
    ^-----------------------------------^
/unique_chucks/20/0x8b4f27b50d622b74716944475bfce0a6b79de573.sol:105:5: Warning: Invoking events without "emit" prefix is deprecated.
    Pause();
    ^-----^
/unique_chucks/20/0x8b4f27b50d622b74716944475bfce0a6b79de573.sol:113:5: Warning: Invoking events without "emit" prefix is deprecated.
    Unpause();
    ^-------^
/unique_chucks/20/0x8b4f27b50d622b74716944475bfce0a6b79de573.sol:230:9: Warning: Invoking events without "emit" prefix is deprecated.
        LogNokuTokenBurnerCreated(msg.sender, _wallet);
        ^--------------------------------------------^
/unique_chucks/20/0x8b4f27b50d622b74716944475bfce0a6b79de573.sol:243:9: Warning: Invoking events without "emit" prefix is deprecated.
        LogBurningPercentageChanged(msg.sender, _burningPercentage);
        ^---------------------------------------------------------^
/unique_chucks/20/0x8b4f27b50d622b74716944475bfce0a6b79de573.sol:303:5: Warning: Invoking events without "emit" prefix is deprecated.
    Transfer(msg.sender, _to, _value);
    ^-------------------------------^
/unique_chucks/20/0x8b4f27b50d622b74716944475bfce0a6b79de573.sol:340:5: Warning: Invoking events without "emit" prefix is deprecated.
    Burn(burner, _value);
    ^------------------^
/unique_chucks/20/0x8b4f27b50d622b74716944475bfce0a6b79de573.sol:386:5: Warning: Invoking events without "emit" prefix is deprecated.
    Transfer(_from, _to, _value);
    ^--------------------------^
/unique_chucks/20/0x8b4f27b50d622b74716944475bfce0a6b79de573.sol:402:5: Warning: Invoking events without "emit" prefix is deprecated.
    Approval(msg.sender, _spender, _value);
    ^------------------------------------^
/unique_chucks/20/0x8b4f27b50d622b74716944475bfce0a6b79de573.sol:428:5: Warning: Invoking events without "emit" prefix is deprecated.
    Approval(msg.sender, _spender, allowed[msg.sender][_spender]);
    ^-----------------------------------------------------------^
/unique_chucks/20/0x8b4f27b50d622b74716944475bfce0a6b79de573.sol:449:5: Warning: Invoking events without "emit" prefix is deprecated.
    Approval(msg.sender, _spender, allowed[msg.sender][_spender]);
    ^-----------------------------------------------------------^
/unique_chucks/20/0x8b4f27b50d622b74716944475bfce0a6b79de573.sol:484:5: Warning: Invoking events without "emit" prefix is deprecated.
    Mint(_to, _amount);
    ^----------------^
/unique_chucks/20/0x8b4f27b50d622b74716944475bfce0a6b79de573.sol:485:5: Warning: Invoking events without "emit" prefix is deprecated.
    Transfer(address(0), _to, _amount);
    ^--------------------------------^
/unique_chucks/20/0x8b4f27b50d622b74716944475bfce0a6b79de573.sol:495:5: Warning: Invoking events without "emit" prefix is deprecated.
    MintFinished();
    ^------------^
/unique_chucks/20/0x8b4f27b50d622b74716944475bfce0a6b79de573.sol:558:9: Warning: Invoking events without "emit" prefix is deprecated.
        LogNokuCustomERC20Created(
        ^ (Relevant source part starts here and spans across multiple lines).
/unique_chucks/20/0x8b4f27b50d622b74716944475bfce0a6b79de573.sol:582:9: Warning: Invoking events without "emit" prefix is deprecated.
        LogTransferFeePercentageChanged(msg.sender, _transferFeePercentage);
        ^-----------------------------------------------------------------^
/unique_chucks/20/0x8b4f27b50d622b74716944475bfce0a6b79de573.sol:595:9: Warning: Invoking events without "emit" prefix is deprecated.
        LogPricingPlanChanged(msg.sender, _pricingPlan);
        ^---------------------------------------------^
/unique_chucks/20/0x8b4f27b50d622b74716944475bfce0a6b79de573.sol:695:9: Warning: Invoking events without "emit" prefix is deprecated.
        LogNokuCustomERC20ServiceCreated(msg.sender, _pricingPlan);
        ^--------------------------------------------------------^
/unique_chucks/20/0x8b4f27b50d622b74716944475bfce0a6b79de573.sol:704:9: Warning: Invoking events without "emit" prefix is deprecated.
        LogPricingPlanChanged(msg.sender, _pricingPlan);
        ^---------------------------------------------^

INFO:SlitherSolcParsing:No contract were found in /unique_chucks/20/0x8b4f27b50d622b74716944475bfce0a6b79de573.sol, check the correct compilation
WARNING:Slither:[91mNo contract was analyzed[0m
INFO:Slither:/unique_chucks/20/0x8b4f27b50d622b74716944475bfce0a6b79de573.sol analyzed (0 contracts), 0 result(s) found