/unique_chucks/7/0x66610b1a261908a4b07394560c4b90f02f187b3d.sol
jar:file:/usr/local/lib/node_modules/@smartdec/smartcheck/jdeploy-bundle/smartcheck-2.0-jar-with-dependencies.jar!/solidity-rules.xmlruleId: SOLIDITY_ADDRESS_HARDCODED
patternId: a91b18
severity: 1
line: 42
column: 4
content: owner=address(0)

ruleId: SOLIDITY_EXTRA_GAS_IN_LOOPS
patternId: d3j11j
severity: 1
line: 198
column: 8
content: for(uint256i=0;i<addrs.length;i++){addAddressToWhitelist(addrs[i]);}

ruleId: SOLIDITY_EXTRA_GAS_IN_LOOPS
patternId: d3j11j
severity: 1
line: 215
column: 8
content: for(uint256i=0;i<addrs.length;i++){removeAddressFromWhitelist(addrs[i]);}

ruleId: SOLIDITY_EXTRA_GAS_IN_LOOPS
patternId: d3j11j
severity: 1
line: 269
column: 4
content: for(uint256i=0;i<addrs.length;i++){addAddressToWhitelist(addrs[i]);}

ruleId: SOLIDITY_EXTRA_GAS_IN_LOOPS
patternId: d3j11j
severity: 1
line: 298
column: 4
content: for(uint256i=0;i<addrs.length;i++){removeAddressFromWhitelist(addrs[i]);}

ruleId: SOLIDITY_GAS_LIMIT_IN_LOOPS
patternId: f6f853
severity: 2
line: 198
column: 8
content: for(uint256i=0;i<addrs.length;i++){addAddressToWhitelist(addrs[i]);}

ruleId: SOLIDITY_GAS_LIMIT_IN_LOOPS
patternId: f6f853
severity: 2
line: 215
column: 8
content: for(uint256i=0;i<addrs.length;i++){removeAddressFromWhitelist(addrs[i]);}

ruleId: SOLIDITY_GAS_LIMIT_IN_LOOPS
patternId: f6f853
severity: 2
line: 269
column: 4
content: for(uint256i=0;i<addrs.length;i++){addAddressToWhitelist(addrs[i]);}

ruleId: SOLIDITY_GAS_LIMIT_IN_LOOPS
patternId: f6f853
severity: 2
line: 298
column: 4
content: for(uint256i=0;i<addrs.length;i++){removeAddressFromWhitelist(addrs[i]);}

ruleId: SOLIDITY_OVERPOWERED_ROLE
patternId: j83hf7
severity: 2
line: 155
column: 4
content: functionsetWhitelist(addressaddr)onlyOwnerpublic{list=Whitelist(addr);}

ruleId: SOLIDITY_PRAGMAS_VERSION
patternId: 23fc32
severity: 1
line: 1
column: 16
content: ^

ruleId: SOLIDITY_PRIVATE_MODIFIER_DONT_HIDE_DATA
patternId: 5616b2
severity: 1
line: 49
column: 33
content: private

ruleId: SOLIDITY_UPGRADE_TO_050
patternId: 341gim
severity: 1
line: 60
column: 35
content: stringroleName

ruleId: SOLIDITY_UPGRADE_TO_050
patternId: 341gim
severity: 1
line: 73
column: 33
content: stringroleName

ruleId: SOLIDITY_UPGRADE_TO_050
patternId: 341gim
severity: 1
line: 86
column: 33
content: stringroleName

ruleId: SOLIDITY_UPGRADE_TO_050
patternId: 341gim
severity: 1
line: 98
column: 36
content: stringroleName

ruleId: SOLIDITY_UPGRADE_TO_050
patternId: 341gim
severity: 1
line: 194
column: 37
content: address[]addrs

ruleId: SOLIDITY_UPGRADE_TO_050
patternId: 341gim
severity: 1
line: 211
column: 42
content: address[]addrs

ruleId: SOLIDITY_UPGRADE_TO_050
patternId: 341gim
severity: 1
line: 265
column: 35
content: address[]addrs

ruleId: SOLIDITY_UPGRADE_TO_050
patternId: 341gim
severity: 1
line: 294
column: 40
content: address[]addrs

SOLIDITY_OVERPOWERED_ROLE :1
SOLIDITY_PRAGMAS_VERSION :1
SOLIDITY_PRIVATE_MODIFIER_DONT_HIDE_DATA :1
SOLIDITY_EXTRA_GAS_IN_LOOPS :4
SOLIDITY_ADDRESS_HARDCODED :1
SOLIDITY_UPGRADE_TO_050 :8
SOLIDITY_GAS_LIMIT_IN_LOOPS :4