INFO:Slither:Compilation warnings/errors on /unique_chucks/47/0x21f3af6fc2acb6b78452b2021fae5adf6f7150a9.sol:
/unique_chucks/47/0x21f3af6fc2acb6b78452b2021fae5adf6f7150a9.sol:28:23: Warning: This looks like an address but has an invalid checksum. If this is not used as an address, please prepend '00'. Correct checksummed address: '0x7CE07Aa2Fc356FA52F622c1F4df1e8EAAd7FebF0'. For more information please see https://solidity.readthedocs.io/en/develop/types.html#address-literals
        address aff = 0x7ce07aa2fc356fa52f622c1f4df1e8eaad7febf0;
                      ^----------------------------------------^
/unique_chucks/47/0x21f3af6fc2acb6b78452b2021fae5adf6f7150a9.sol:29:22: Warning: Using contract member "balance" inherited from the address type is deprecated. Convert the contract to "address" type to access the member, for example use "address(contract).balance" instead.
        aff.transfer(this.balance);
                     ^----------^
/unique_chucks/47/0x21f3af6fc2acb6b78452b2021fae5adf6f7150a9.sol:21:21: Warning: Unused function parameter. Remove or comment out the variable name to silence this warning.
    function buyXid(uint256 _affCode, uint256 _team) public payable {}
                    ^--------------^
/unique_chucks/47/0x21f3af6fc2acb6b78452b2021fae5adf6f7150a9.sol:21:39: Warning: Unused function parameter. Remove or comment out the variable name to silence this warning.
    function buyXid(uint256 _affCode, uint256 _team) public payable {}
                                      ^-----------^
/unique_chucks/47/0x21f3af6fc2acb6b78452b2021fae5adf6f7150a9.sol:22:23: Warning: Unused function parameter. Remove or comment out the variable name to silence this warning.
    function buyXaddr(address _affCode, uint256 _team) public payable {}
                      ^--------------^
/unique_chucks/47/0x21f3af6fc2acb6b78452b2021fae5adf6f7150a9.sol:22:41: Warning: Unused function parameter. Remove or comment out the variable name to silence this warning.
    function buyXaddr(address _affCode, uint256 _team) public payable {}
                                        ^-----------^
/unique_chucks/47/0x21f3af6fc2acb6b78452b2021fae5adf6f7150a9.sol:23:23: Warning: Unused function parameter. Remove or comment out the variable name to silence this warning.
    function buyXname(bytes32 _affCode, uint256 _team) public payable {}
                      ^--------------^
/unique_chucks/47/0x21f3af6fc2acb6b78452b2021fae5adf6f7150a9.sol:23:41: Warning: Unused function parameter. Remove or comment out the variable name to silence this warning.
    function buyXname(bytes32 _affCode, uint256 _team) public payable {}
                                        ^-----------^
/unique_chucks/47/0x21f3af6fc2acb6b78452b2021fae5adf6f7150a9.sol:24:24: Warning: Unused function parameter. Remove or comment out the variable name to silence this warning.
    function reLoadXid(uint256 _affCode, uint256 _team, uint256 _eth) public {}    
                       ^--------------^
/unique_chucks/47/0x21f3af6fc2acb6b78452b2021fae5adf6f7150a9.sol:24:42: Warning: Unused function parameter. Remove or comment out the variable name to silence this warning.
    function reLoadXid(uint256 _affCode, uint256 _team, uint256 _eth) public {}    
                                         ^-----------^
/unique_chucks/47/0x21f3af6fc2acb6b78452b2021fae5adf6f7150a9.sol:24:57: Warning: Unused function parameter. Remove or comment out the variable name to silence this warning.
    function reLoadXid(uint256 _affCode, uint256 _team, uint256 _eth) public {}    
                                                        ^----------^
/unique_chucks/47/0x21f3af6fc2acb6b78452b2021fae5adf6f7150a9.sol:25:26: Warning: Unused function parameter. Remove or comment out the variable name to silence this warning.
    function reLoadXaddr(address _affCode, uint256 _team, uint256 _eth) public {} 
                         ^--------------^
/unique_chucks/47/0x21f3af6fc2acb6b78452b2021fae5adf6f7150a9.sol:25:44: Warning: Unused function parameter. Remove or comment out the variable name to silence this warning.
    function reLoadXaddr(address _affCode, uint256 _team, uint256 _eth) public {} 
                                           ^-----------^
/unique_chucks/47/0x21f3af6fc2acb6b78452b2021fae5adf6f7150a9.sol:25:59: Warning: Unused function parameter. Remove or comment out the variable name to silence this warning.
    function reLoadXaddr(address _affCode, uint256 _team, uint256 _eth) public {} 
                                                          ^----------^
/unique_chucks/47/0x21f3af6fc2acb6b78452b2021fae5adf6f7150a9.sol:26:26: Warning: Unused function parameter. Remove or comment out the variable name to silence this warning.
    function reLoadXname(bytes32 _affCode, uint256 _team, uint256 _eth) public {}
                         ^--------------^
/unique_chucks/47/0x21f3af6fc2acb6b78452b2021fae5adf6f7150a9.sol:26:44: Warning: Unused function parameter. Remove or comment out the variable name to silence this warning.
    function reLoadXname(bytes32 _affCode, uint256 _team, uint256 _eth) public {}
                                           ^-----------^
/unique_chucks/47/0x21f3af6fc2acb6b78452b2021fae5adf6f7150a9.sol:26:59: Warning: Unused function parameter. Remove or comment out the variable name to silence this warning.
    function reLoadXname(bytes32 _affCode, uint256 _team, uint256 _eth) public {}
                                                          ^----------^
/unique_chucks/47/0x21f3af6fc2acb6b78452b2021fae5adf6f7150a9.sol:31:30: Warning: Unused function parameter. Remove or comment out the variable name to silence this warning.
    function registerNameXID(string _nameString, uint256 _affCode, bool _all) public payable {}  
                             ^----------------^
/unique_chucks/47/0x21f3af6fc2acb6b78452b2021fae5adf6f7150a9.sol:31:50: Warning: Unused function parameter. Remove or comment out the variable name to silence this warning.
    function registerNameXID(string _nameString, uint256 _affCode, bool _all) public payable {}  
                                                 ^--------------^
/unique_chucks/47/0x21f3af6fc2acb6b78452b2021fae5adf6f7150a9.sol:31:68: Warning: Unused function parameter. Remove or comment out the variable name to silence this warning.
    function registerNameXID(string _nameString, uint256 _affCode, bool _all) public payable {}  
                                                                   ^-------^
/unique_chucks/47/0x21f3af6fc2acb6b78452b2021fae5adf6f7150a9.sol:32:32: Warning: Unused function parameter. Remove or comment out the variable name to silence this warning.
    function registerNameXaddr(string _nameString, address _affCode, bool _all) public payable {} 
                               ^----------------^
/unique_chucks/47/0x21f3af6fc2acb6b78452b2021fae5adf6f7150a9.sol:32:52: Warning: Unused function parameter. Remove or comment out the variable name to silence this warning.
    function registerNameXaddr(string _nameString, address _affCode, bool _all) public payable {} 
                                                   ^--------------^
/unique_chucks/47/0x21f3af6fc2acb6b78452b2021fae5adf6f7150a9.sol:32:70: Warning: Unused function parameter. Remove or comment out the variable name to silence this warning.
    function registerNameXaddr(string _nameString, address _affCode, bool _all) public payable {} 
                                                                     ^-------^
/unique_chucks/47/0x21f3af6fc2acb6b78452b2021fae5adf6f7150a9.sol:33:32: Warning: Unused function parameter. Remove or comment out the variable name to silence this warning.
    function registerNameXname(string _nameString, bytes32 _affCode, bool _all) public payable {} 
                               ^----------------^
/unique_chucks/47/0x21f3af6fc2acb6b78452b2021fae5adf6f7150a9.sol:33:52: Warning: Unused function parameter. Remove or comment out the variable name to silence this warning.
    function registerNameXname(string _nameString, bytes32 _affCode, bool _all) public payable {} 
                                                   ^--------------^
/unique_chucks/47/0x21f3af6fc2acb6b78452b2021fae5adf6f7150a9.sol:33:70: Warning: Unused function parameter. Remove or comment out the variable name to silence this warning.
    function registerNameXname(string _nameString, bytes32 _affCode, bool _all) public payable {} 
                                                                     ^-------^
/unique_chucks/47/0x21f3af6fc2acb6b78452b2021fae5adf6f7150a9.sol:56:30: Warning: Unused function parameter. Remove or comment out the variable name to silence this warning.
    function getPlayerVaults(uint256 _pID)
                             ^----------^
/unique_chucks/47/0x21f3af6fc2acb6b78452b2021fae5adf6f7150a9.sol:95:37: Warning: Unused function parameter. Remove or comment out the variable name to silence this warning.
    function getPlayerInfoByAddress(address _addr)
                                    ^-----------^
/unique_chucks/47/0x21f3af6fc2acb6b78452b2021fae5adf6f7150a9.sol:112:31: Warning: Unused function parameter. Remove or comment out the variable name to silence this warning.
    function calcKeysReceived(uint256 _rID, uint256 _eth)
                              ^----------^
/unique_chucks/47/0x21f3af6fc2acb6b78452b2021fae5adf6f7150a9.sol:112:45: Warning: Unused function parameter. Remove or comment out the variable name to silence this warning.
    function calcKeysReceived(uint256 _rID, uint256 _eth)
                                            ^----------^
/unique_chucks/47/0x21f3af6fc2acb6b78452b2021fae5adf6f7150a9.sol:133:27: Warning: Unused function parameter. Remove or comment out the variable name to silence this warning.
    function setOtherFomo(address _otherF3D) public {}
                          ^---------------^
/unique_chucks/47/0x21f3af6fc2acb6b78452b2021fae5adf6f7150a9.sol:24:5: Warning: Function state mutability can be restricted to pure
    function reLoadXid(uint256 _affCode, uint256 _team, uint256 _eth) public {}    
    ^-------------------------------------------------------------------------^
/unique_chucks/47/0x21f3af6fc2acb6b78452b2021fae5adf6f7150a9.sol:25:5: Warning: Function state mutability can be restricted to pure
    function reLoadXaddr(address _affCode, uint256 _team, uint256 _eth) public {} 
    ^---------------------------------------------------------------------------^
/unique_chucks/47/0x21f3af6fc2acb6b78452b2021fae5adf6f7150a9.sol:26:5: Warning: Function state mutability can be restricted to pure
    function reLoadXname(bytes32 _affCode, uint256 _team, uint256 _eth) public {}
    ^---------------------------------------------------------------------------^
/unique_chucks/47/0x21f3af6fc2acb6b78452b2021fae5adf6f7150a9.sol:37:5: Warning: Function state mutability can be restricted to pure
    function getBuyPrice()
    ^ (Relevant source part starts here and spans across multiple lines).
/unique_chucks/47/0x21f3af6fc2acb6b78452b2021fae5adf6f7150a9.sol:52:3: Warning: Function declared as view, but this expression (potentially) modifies the state and thus requires non-payable (the default) or payable.
		round_[_rID].end =  _now + 125 - ( _now % 120 );
		^--------------^
/unique_chucks/47/0x21f3af6fc2acb6b78452b2021fae5adf6f7150a9.sol:56:5: Warning: Function state mutability can be restricted to pure
    function getPlayerVaults(uint256 _pID)
    ^ (Relevant source part starts here and spans across multiple lines).
/unique_chucks/47/0x21f3af6fc2acb6b78452b2021fae5adf6f7150a9.sol:74:3: Warning: Function declared as view, but this expression (potentially) modifies the state and thus requires non-payable (the default) or payable.
		round_[_rID].end = _now + 125 - (_now % 120);
		^--------------^
/unique_chucks/47/0x21f3af6fc2acb6b78452b2021fae5adf6f7150a9.sol:95:5: Warning: Function state mutability can be restricted to pure
    function getPlayerInfoByAddress(address _addr)
    ^ (Relevant source part starts here and spans across multiple lines).
/unique_chucks/47/0x21f3af6fc2acb6b78452b2021fae5adf6f7150a9.sol:112:5: Warning: Function state mutability can be restricted to pure
    function calcKeysReceived(uint256 _rID, uint256 _eth)
    ^ (Relevant source part starts here and spans across multiple lines).
/unique_chucks/47/0x21f3af6fc2acb6b78452b2021fae5adf6f7150a9.sol:120:5: Warning: Function state mutability can be restricted to pure
    function iWantXKeys(uint256 _keys)
    ^ (Relevant source part starts here and spans across multiple lines).
/unique_chucks/47/0x21f3af6fc2acb6b78452b2021fae5adf6f7150a9.sol:133:5: Warning: Function state mutability can be restricted to pure
    function setOtherFomo(address _otherF3D) public {}
    ^------------------------------------------------^

INFO:Detectors:[93m
FoMo3Dlong.getTimeLeft (/unique_chucks/47/0x21f3af6fc2acb6b78452b2021fae5adf6f7150a9.sol#47-57) is declared view but changes state variables:
	- FoMo3Dlong.round_
FoMo3Dlong.getCurrentRoundInfo (/unique_chucks/47/0x21f3af6fc2acb6b78452b2021fae5adf6f7150a9.sol#67-98) is declared view but changes state variables:
	- FoMo3Dlong.round_
Reference: https://github.com/trailofbits/slither/wiki/Detectors-Documentation#constant-functions-changing-the-state[0m
INFO:Detectors:[92m
FoMo3Dlong.activated_ should be constant (/unique_chucks/47/0x21f3af6fc2acb6b78452b2021fae5adf6f7150a9.sol#130)
FoMo3Dlong.airDropPot_ should be constant (/unique_chucks/47/0x21f3af6fc2acb6b78452b2021fae5adf6f7150a9.sol#8-9)
FoMo3Dlong.airDropTracker_ should be constant (/unique_chucks/47/0x21f3af6fc2acb6b78452b2021fae5adf6f7150a9.sol#9-10)
FoMo3Dlong.rID_ should be constant (/unique_chucks/47/0x21f3af6fc2acb6b78452b2021fae5adf6f7150a9.sol#37-38)
Reference: https://github.com/trailofbits/slither/wiki/Detectors-Documentation#state-variables-that-could-be-declared-constant[0m
INFO:Detectors:[92m
FoMo3Dlong.buyXid (/unique_chucks/47/0x21f3af6fc2acb6b78452b2021fae5adf6f7150a9.sol#21-22) should be declared external
FoMo3Dlong.buyXaddr (/unique_chucks/47/0x21f3af6fc2acb6b78452b2021fae5adf6f7150a9.sol#22-23) should be declared external
FoMo3Dlong.buyXname (/unique_chucks/47/0x21f3af6fc2acb6b78452b2021fae5adf6f7150a9.sol#23-24) should be declared external
FoMo3Dlong.reLoadXid (/unique_chucks/47/0x21f3af6fc2acb6b78452b2021fae5adf6f7150a9.sol#24-25) should be declared external
FoMo3Dlong.reLoadXaddr (/unique_chucks/47/0x21f3af6fc2acb6b78452b2021fae5adf6f7150a9.sol#25-26) should be declared external
FoMo3Dlong.reLoadXname (/unique_chucks/47/0x21f3af6fc2acb6b78452b2021fae5adf6f7150a9.sol#26-27) should be declared external
FoMo3Dlong.withdraw (/unique_chucks/47/0x21f3af6fc2acb6b78452b2021fae5adf6f7150a9.sol#27-31) should be declared external
FoMo3Dlong.registerNameXID (/unique_chucks/47/0x21f3af6fc2acb6b78452b2021fae5adf6f7150a9.sol#31-32) should be declared external
FoMo3Dlong.registerNameXaddr (/unique_chucks/47/0x21f3af6fc2acb6b78452b2021fae5adf6f7150a9.sol#32-33) should be declared external
FoMo3Dlong.registerNameXname (/unique_chucks/47/0x21f3af6fc2acb6b78452b2021fae5adf6f7150a9.sol#33-37) should be declared external
FoMo3Dlong.getBuyPrice (/unique_chucks/47/0x21f3af6fc2acb6b78452b2021fae5adf6f7150a9.sol#38-46) should be declared external
FoMo3Dlong.getTimeLeft (/unique_chucks/47/0x21f3af6fc2acb6b78452b2021fae5adf6f7150a9.sol#47-57) should be declared external
FoMo3Dlong.getPlayerVaults (/unique_chucks/47/0x21f3af6fc2acb6b78452b2021fae5adf6f7150a9.sol#58-66) should be declared external
FoMo3Dlong.getCurrentRoundInfo (/unique_chucks/47/0x21f3af6fc2acb6b78452b2021fae5adf6f7150a9.sol#67-98) should be declared external
FoMo3Dlong.getPlayerInfoByAddress (/unique_chucks/47/0x21f3af6fc2acb6b78452b2021fae5adf6f7150a9.sol#98-115) should be declared external
FoMo3Dlong.calcKeysReceived (/unique_chucks/47/0x21f3af6fc2acb6b78452b2021fae5adf6f7150a9.sol#116-125) should be declared external
FoMo3Dlong.iWantXKeys (/unique_chucks/47/0x21f3af6fc2acb6b78452b2021fae5adf6f7150a9.sol#125-130) should be declared external
FoMo3Dlong.activate (/unique_chucks/47/0x21f3af6fc2acb6b78452b2021fae5adf6f7150a9.sol#130-136) should be declared external
FoMo3Dlong.setOtherFomo (/unique_chucks/47/0x21f3af6fc2acb6b78452b2021fae5adf6f7150a9.sol#136-138) should be declared external
Reference: https://github.com/trailofbits/slither/wiki/Detectors-Documentation#public-function-that-could-be-declared-as-external[0m
INFO:Detectors:[92m
Parameter '_keys' of FoMo3Dlong.iWantXKeys (/unique_chucks/47/0x21f3af6fc2acb6b78452b2021fae5adf6f7150a9.sol#125) is not in mixedCase
Reference: https://github.com/trailofbits/slither/wiki/Detectors-Documentation#conformance-to-solidity-naming-conventions[0m
INFO:Slither:/unique_chucks/47/0x21f3af6fc2acb6b78452b2021fae5adf6f7150a9.sol analyzed (3 contracts), 23 result(s) found