INFO:Slither:Compilation warnings/errors on /unique_chucks/38/0x34623cc4d7941b88f13f772422b417edfeebfd9e.sol:
/unique_chucks/38/0x34623cc4d7941b88f13f772422b417edfeebfd9e.sol:301:3: Warning: Function state mutability can be restricted to pure
  function tokenFallback(address from_, uint256 value_, bytes data_) external {
  ^ (Relevant source part starts here and spans across multiple lines).

INFO:Detectors:[93m
WOLFEXDistribution.finishTokenMinting (/unique_chucks/38/0x34623cc4d7941b88f13f772422b417edfeebfd9e.sol#681-684) does not use the value returned by external calls:
	-token.finishMinting() (/unique_chucks/38/0x34623cc4d7941b88f13f772422b417edfeebfd9e.sol#684)
WOLFEXDistribution.finishDistribution (/unique_chucks/38/0x34623cc4d7941b88f13f772422b417edfeebfd9e.sol) does not use the value returned by external calls:
	-token.finishMinting() (/unique_chucks/38/0x34623cc4d7941b88f13f772422b417edfeebfd9e.sol)
Reference: https://github.com/trailofbits/slither/wiki/Detectors-Documentation#unused-return[0m
INFO:Detectors:[92m
WOLFEXDistribution.bulkTokenMint has external calls inside a loop:
	- require(bool)(token.mint(beneficiaries[i],amount)) (/unique_chucks/38/0x34623cc4d7941b88f13f772422b417edfeebfd9e.sol#626-627)
WOLFEXDistribution.bulkTokenMint has external calls inside a loop:
	- require(bool)(token.mint(beneficiaries[i],amounts[i])) (/unique_chucks/38/0x34623cc4d7941b88f13f772422b417edfeebfd9e.sol#638-640)
WOLFEXDistribution.bulkTokenSend has external calls inside a loop:
	- require(bool)(token.transferFrom(msg.sender,beneficiaries[i],amount)) (/unique_chucks/38/0x34623cc4d7941b88f13f772422b417edfeebfd9e.sol#649-651)
WOLFEXDistribution.bulkTokenSend has external calls inside a loop:
	- require(bool)(token.transferFrom(msg.sender,beneficiaries[i],amounts[i])) (/unique_chucks/38/0x34623cc4d7941b88f13f772422b417edfeebfd9e.sol#669-670)
Reference: https://github.com/trailofbits/slither/wiki/Detectors-Documentation/_edit#calls-inside-a-loop[0m
INFO:Detectors:[92m
WOLFEXToken.name should be constant (/unique_chucks/38/0x34623cc4d7941b88f13f772422b417edfeebfd9e.sol#582-583)
WOLFEXToken.symbol should be constant (/unique_chucks/38/0x34623cc4d7941b88f13f772422b417edfeebfd9e.sol#582)
Reference: https://github.com/trailofbits/slither/wiki/Detectors-Documentation#state-variables-that-could-be-declared-constant[0m
INFO:Detectors:[92m
BasicToken.totalSupply (/unique_chucks/38/0x34623cc4d7941b88f13f772422b417edfeebfd9e.sol#364-366) should be declared external
ERC20Basic.totalSupply (/unique_chucks/38/0x34623cc4d7941b88f13f772422b417edfeebfd9e.sol#62) should be declared external
BasicToken.balanceOf (/unique_chucks/38/0x34623cc4d7941b88f13f772422b417edfeebfd9e.sol#390-395) should be declared external
ERC20Basic.balanceOf (/unique_chucks/38/0x34623cc4d7941b88f13f772422b417edfeebfd9e.sol#62-63) should be declared external
StandardToken.allowance (/unique_chucks/38/0x34623cc4d7941b88f13f772422b417edfeebfd9e.sol#457-461) should be declared external
ERC20.allowance (/unique_chucks/38/0x34623cc4d7941b88f13f772422b417edfeebfd9e.sol#73-76) should be declared external
ERC20.approve (/unique_chucks/38/0x34623cc4d7941b88f13f772422b417edfeebfd9e.sol#79-82) should be declared external
StandardToken.approve (/unique_chucks/38/0x34623cc4d7941b88f13f772422b417edfeebfd9e.sol#439-449) should be declared external
Ownable.renounceOwnership (/unique_chucks/38/0x34623cc4d7941b88f13f772422b417edfeebfd9e.sol#159-161) should be declared external
Claimable.transferOwnership (/unique_chucks/38/0x34623cc4d7941b88f13f772422b417edfeebfd9e.sol#204-206) should be declared external
Ownable.transferOwnership (/unique_chucks/38/0x34623cc4d7941b88f13f772422b417edfeebfd9e.sol#167-170) should be declared external
Claimable.claimOwnership (/unique_chucks/38/0x34623cc4d7941b88f13f772422b417edfeebfd9e.sol#212-215) should be declared external
Destructible.destroy (/unique_chucks/38/0x34623cc4d7941b88f13f772422b417edfeebfd9e.sol#346-351) should be declared external
Destructible.destroyAndSend (/unique_chucks/38/0x34623cc4d7941b88f13f772422b417edfeebfd9e.sol#351-353) should be declared external
StandardToken.increaseApproval (/unique_chucks/38/0x34623cc4d7941b88f13f772422b417edfeebfd9e.sol#477-483) should be declared external
StandardToken.decreaseApproval (/unique_chucks/38/0x34623cc4d7941b88f13f772422b417edfeebfd9e.sol#504-520) should be declared external
MintableToken.mint (/unique_chucks/38/0x34623cc4d7941b88f13f772422b417edfeebfd9e.sol#552-569) should be declared external
MintableToken.finishMinting (/unique_chucks/38/0x34623cc4d7941b88f13f772422b417edfeebfd9e.sol#574-578) should be declared external
WOLFEXToken.setTransferEnabled (/unique_chucks/38/0x34623cc4d7941b88f13f772422b417edfeebfd9e.sol#595-601) should be declared external
WOLFEXDistribution.setTransferEnabled (/unique_chucks/38/0x34623cc4d7941b88f13f772422b417edfeebfd9e.sol#673-679) should be declared external
WOLFEXDistribution.finishTokenMinting (/unique_chucks/38/0x34623cc4d7941b88f13f772422b417edfeebfd9e.sol#681-684) should be declared external
WOLFEXDistribution.claimToken (/unique_chucks/38/0x34623cc4d7941b88f13f772422b417edfeebfd9e.sol) should be declared external
WOLFEXDistribution.finishDistribution (/unique_chucks/38/0x34623cc4d7941b88f13f772422b417edfeebfd9e.sol) should be declared external
WOLFEXDistribution.reclaimTokenOwnership (/unique_chucks/38/0x34623cc4d7941b88f13f772422b417edfeebfd9e.sol) should be declared external
Reference: https://github.com/trailofbits/slither/wiki/Detectors-Documentation#public-function-that-could-be-declared-as-external[0m
INFO:Detectors:[92m
Parameter '_newOwner' of Ownable.transferOwnership (/unique_chucks/38/0x34623cc4d7941b88f13f772422b417edfeebfd9e.sol#168) is not in mixedCase
Function 'Ownable._transferOwnership' (/unique_chucks/38/0x34623cc4d7941b88f13f772422b417edfeebfd9e.sol#174-182) is not in mixedCase
Parameter '_newOwner' of Ownable._transferOwnership (/unique_chucks/38/0x34623cc4d7941b88f13f772422b417edfeebfd9e.sol#178-179) is not in mixedCase
Parameter '_recipient' of Destructible.destroyAndSend (/unique_chucks/38/0x34623cc4d7941b88f13f772422b417edfeebfd9e.sol#351-353) is not in mixedCase
Parameter '_owner' of BasicToken.balanceOf (/unique_chucks/38/0x34623cc4d7941b88f13f772422b417edfeebfd9e.sol#390-392) is not in mixedCase
Parameter '_to' of BasicToken.transfer (/unique_chucks/38/0x34623cc4d7941b88f13f772422b417edfeebfd9e.sol#374) is not in mixedCase
Parameter '_value' of BasicToken.transfer (/unique_chucks/38/0x34623cc4d7941b88f13f772422b417edfeebfd9e.sol#374) is not in mixedCase
Parameter '_owner' of StandardToken.allowance (/unique_chucks/38/0x34623cc4d7941b88f13f772422b417edfeebfd9e.sol#458) is not in mixedCase
Parameter '_spender' of StandardToken.allowance (/unique_chucks/38/0x34623cc4d7941b88f13f772422b417edfeebfd9e.sol#458) is not in mixedCase
Parameter '_from' of StandardToken.transferFrom (/unique_chucks/38/0x34623cc4d7941b88f13f772422b417edfeebfd9e.sol#416) is not in mixedCase
Parameter '_to' of StandardToken.transferFrom (/unique_chucks/38/0x34623cc4d7941b88f13f772422b417edfeebfd9e.sol#417) is not in mixedCase
Parameter '_value' of StandardToken.transferFrom (/unique_chucks/38/0x34623cc4d7941b88f13f772422b417edfeebfd9e.sol#418-421) is not in mixedCase
Parameter '_spender' of StandardToken.approve (/unique_chucks/38/0x34623cc4d7941b88f13f772422b417edfeebfd9e.sol#439) is not in mixedCase
Parameter '_value' of StandardToken.approve (/unique_chucks/38/0x34623cc4d7941b88f13f772422b417edfeebfd9e.sol#439) is not in mixedCase
Parameter '_spender' of StandardToken.increaseApproval (/unique_chucks/38/0x34623cc4d7941b88f13f772422b417edfeebfd9e.sol#477) is not in mixedCase
Parameter '_addedValue' of StandardToken.increaseApproval (/unique_chucks/38/0x34623cc4d7941b88f13f772422b417edfeebfd9e.sol#477-478) is not in mixedCase
Parameter '_spender' of StandardToken.decreaseApproval (/unique_chucks/38/0x34623cc4d7941b88f13f772422b417edfeebfd9e.sol#504-505) is not in mixedCase
Parameter '_subtractedValue' of StandardToken.decreaseApproval (/unique_chucks/38/0x34623cc4d7941b88f13f772422b417edfeebfd9e.sol#505) is not in mixedCase
Parameter '_to' of MintableToken.mint (/unique_chucks/38/0x34623cc4d7941b88f13f772422b417edfeebfd9e.sol#553-554) is not in mixedCase
Parameter '_amount' of MintableToken.mint (/unique_chucks/38/0x34623cc4d7941b88f13f772422b417edfeebfd9e.sol#557) is not in mixedCase
Parameter '_to' of WOLFEXToken.transfer (/unique_chucks/38/0x34623cc4d7941b88f13f772422b417edfeebfd9e.sol#601-602) is not in mixedCase
Parameter '_value' of WOLFEXToken.transfer (/unique_chucks/38/0x34623cc4d7941b88f13f772422b417edfeebfd9e.sol#602) is not in mixedCase
Parameter '_from' of WOLFEXToken.transferFrom (/unique_chucks/38/0x34623cc4d7941b88f13f772422b417edfeebfd9e.sol#605) is not in mixedCase
Parameter '_to' of WOLFEXToken.transferFrom (/unique_chucks/38/0x34623cc4d7941b88f13f772422b417edfeebfd9e.sol#605) is not in mixedCase
Parameter '_value' of WOLFEXToken.transferFrom (/unique_chucks/38/0x34623cc4d7941b88f13f772422b417edfeebfd9e.sol#605) is not in mixedCase
Reference: https://github.com/trailofbits/slither/wiki/Detectors-Documentation#conformance-to-solidity-naming-conventions[0m
INFO:Slither:/unique_chucks/38/0x34623cc4d7941b88f13f772422b417edfeebfd9e.sol analyzed (17 contracts), 56 result(s) found