2019-08-06 21:23:34,917: [12] m.main:INFO: Registered plugins: DetectEnvInstruction, DetectSuicidal, DetectReentrancyAdvanced, DetectInvalid, DetectExternalCallAndLeak, DetectUninitializedStorage, DetectIntegerOverflow, DetectUnusedRetVal, DetectDelegatecall, DetectReentrancySimple, DetectUninitializedMemory
2019-08-06 21:23:34,917: [12] m.main:INFO: Beginning analysis
2019-08-06 21:23:34,941: [12] m.e.manticore:INFO: Starting symbolic create contract
2019-08-06 21:23:35,146: [56] m.c.manticore:INFO: Generated testcase No. 0 - NO STATE RESULT (?)(0 txs)
2019-08-06 21:23:35,449: [12] m.c.manticore:INFO: Results in /mcore_pzzth2hx
2019-08-06 21:23:36,207: [315] m.main:INFO: Registered plugins: DetectDelegatecall, DetectUninitializedMemory, DetectUnusedRetVal, DetectReentrancySimple, DetectInvalid, DetectExternalCallAndLeak, DetectEnvInstruction, DetectUninitializedStorage, DetectIntegerOverflow, DetectSuicidal, DetectReentrancyAdvanced
2019-08-06 21:23:36,208: [315] m.main:INFO: Beginning analysis
2019-08-06 21:23:36,227: [315] m.e.manticore:INFO: Starting symbolic create contract
2019-08-06 21:23:38,621: [315] m.e.manticore:INFO: Starting symbolic transaction: 0
2019-08-06 21:25:35,509: [612] m.c.worker:ERROR: Exception in state 1: SolverError('',)
Traceback (most recent call last):
  File "/usr/local/lib/python3.6/dist-packages/manticore/platforms/evm.py", line 1213, in execute
    result = self._handler(*arguments)
  File "/usr/local/lib/python3.6/dist-packages/manticore/platforms/evm.py", line 1086, in _handler
    return implementation(*arguments)
  File "/usr/local/lib/python3.6/dist-packages/manticore/platforms/evm.py", line 1637, in CALLDATACOPY
    raise ConcretizeArgument(3, policy="SAMPLED")
manticore.platforms.evm.ConcretizeArgument: 3

During handling of the above exception, another exception occurred:

Traceback (most recent call last):
  File "/usr/local/lib/python3.6/dist-packages/manticore/core/worker.py", line 121, in run
    current_state.execute()
  File "/usr/local/lib/python3.6/dist-packages/manticore/ethereum/state.py", line 6, in execute
    return self._platform.execute()
  File "/usr/local/lib/python3.6/dist-packages/manticore/platforms/evm.py", line 2684, in execute
    self.current_vm.execute()
  File "/usr/local/lib/python3.6/dist-packages/manticore/platforms/evm.py", line 1279, in execute
    policy=ex.policy,
manticore.core.state.Concretize

During handling of the above exception, another exception occurred:

Traceback (most recent call last):
  File "/usr/local/lib/python3.6/dist-packages/manticore/core/worker.py", line 142, in run
    m._fork(current_state, exc.expression, exc.policy, exc.setstate)
  File "/usr/local/lib/python3.6/dist-packages/manticore/core/manticore.py", line 332, in _fork
    solutions = state.concretize(expression, policy)
  File "/usr/local/lib/python3.6/dist-packages/manticore/core/state.py", line 251, in concretize
    m, M = self._solver.minmax(self._constraints, symbolic)
  File "/usr/local/lib/python3.6/dist-packages/manticore/core/smtlib/solver.py", line 124, in minmax
    M = self.max(constraints, x, iters)
  File "/usr/local/lib/python3.6/dist-packages/manticore/core/smtlib/solver.py", line 107, in max
    return self.optimize(constraints, X, "maximize", M)
  File "/usr/local/lib/python3.6/dist-packages/manticore/core/smtlib/solver.py", line 508, in optimize
    while self._is_sat():
  File "/usr/local/lib/python3.6/dist-packages/manticore/core/smtlib/solver.py", line 328, in _is_sat
    raise SolverError(status)
manticore.exceptions.SolverError
 
2019-08-06 21:28:22,014: [625] m.c.worker:ERROR: Exception in state 4: SolverError('',)
Traceback (most recent call last):
  File "/usr/local/lib/python3.6/dist-packages/manticore/core/worker.py", line 121, in run
    current_state.execute()
  File "/usr/local/lib/python3.6/dist-packages/manticore/ethereum/state.py", line 6, in execute
    return self._platform.execute()
  File "/usr/local/lib/python3.6/dist-packages/manticore/platforms/evm.py", line 2684, in execute
    self.current_vm.execute()
  File "/usr/local/lib/python3.6/dist-packages/manticore/platforms/evm.py", line 1210, in execute
    last_pc, last_gas, instruction, arguments, fee, allocated = self._checkpoint()
  File "/usr/local/lib/python3.6/dist-packages/manticore/platforms/evm.py", line 1109, in _checkpoint
    self._consume(fee)
  File "/usr/local/lib/python3.6/dist-packages/manticore/platforms/evm.py", line 972, in _consume
    self.constraints, constraint
  File "/usr/local/lib/python3.6/dist-packages/manticore/core/smtlib/solver.py", line 436, in get_all_values
    while self._is_sat():
  File "/usr/local/lib/python3.6/dist-packages/manticore/core/smtlib/solver.py", line 328, in _is_sat
    raise SolverError(status)
manticore.exceptions.SolverError
 
2019-08-06 21:31:58,927: [628] m.c.worker:ERROR: Exception in state 5: SolverError('',)
Traceback (most recent call last):
  File "/usr/local/lib/python3.6/dist-packages/manticore/core/worker.py", line 121, in run
    current_state.execute()
  File "/usr/local/lib/python3.6/dist-packages/manticore/ethereum/state.py", line 6, in execute
    return self._platform.execute()
  File "/usr/local/lib/python3.6/dist-packages/manticore/platforms/evm.py", line 2684, in execute
    self.current_vm.execute()
  File "/usr/local/lib/python3.6/dist-packages/manticore/platforms/evm.py", line 1210, in execute
    last_pc, last_gas, instruction, arguments, fee, allocated = self._checkpoint()
  File "/usr/local/lib/python3.6/dist-packages/manticore/platforms/evm.py", line 1109, in _checkpoint
    self._consume(fee)
  File "/usr/local/lib/python3.6/dist-packages/manticore/platforms/evm.py", line 972, in _consume
    self.constraints, constraint
  File "/usr/local/lib/python3.6/dist-packages/manticore/core/smtlib/solver.py", line 436, in get_all_values
    while self._is_sat():
  File "/usr/local/lib/python3.6/dist-packages/manticore/core/smtlib/solver.py", line 328, in _is_sat
    raise SolverError(status)
manticore.exceptions.SolverError
 
2019-08-06 21:32:05,235: [633] m.c.worker:ERROR: Exception in state 9: SolverError('',)
Traceback (most recent call last):
  File "/usr/local/lib/python3.6/dist-packages/manticore/core/worker.py", line 121, in run
    current_state.execute()
  File "/usr/local/lib/python3.6/dist-packages/manticore/ethereum/state.py", line 6, in execute
    return self._platform.execute()
  File "/usr/local/lib/python3.6/dist-packages/manticore/platforms/evm.py", line 2684, in execute
    self.current_vm.execute()
  File "/usr/local/lib/python3.6/dist-packages/manticore/platforms/evm.py", line 1210, in execute
    last_pc, last_gas, instruction, arguments, fee, allocated = self._checkpoint()
  File "/usr/local/lib/python3.6/dist-packages/manticore/platforms/evm.py", line 1109, in _checkpoint
    self._consume(fee)
  File "/usr/local/lib/python3.6/dist-packages/manticore/platforms/evm.py", line 972, in _consume
    self.constraints, constraint
  File "/usr/local/lib/python3.6/dist-packages/manticore/core/smtlib/solver.py", line 436, in get_all_values
    while self._is_sat():
  File "/usr/local/lib/python3.6/dist-packages/manticore/core/smtlib/solver.py", line 328, in _is_sat
    raise SolverError(status)
manticore.exceptions.SolverError
 
2019-08-06 21:32:44,294: [619] m.c.worker:ERROR: Exception in state 3: SolverError('',)
Traceback (most recent call last):
  File "/usr/local/lib/python3.6/dist-packages/manticore/core/worker.py", line 121, in run
    current_state.execute()
  File "/usr/local/lib/python3.6/dist-packages/manticore/ethereum/state.py", line 6, in execute
    return self._platform.execute()
  File "/usr/local/lib/python3.6/dist-packages/manticore/platforms/evm.py", line 2684, in execute
    self.current_vm.execute()
  File "/usr/local/lib/python3.6/dist-packages/manticore/platforms/evm.py", line 1210, in execute
    last_pc, last_gas, instruction, arguments, fee, allocated = self._checkpoint()
  File "/usr/local/lib/python3.6/dist-packages/manticore/platforms/evm.py", line 1109, in _checkpoint
    self._consume(fee)
  File "/usr/local/lib/python3.6/dist-packages/manticore/platforms/evm.py", line 972, in _consume
    self.constraints, constraint
  File "/usr/local/lib/python3.6/dist-packages/manticore/core/smtlib/solver.py", line 436, in get_all_values
    while self._is_sat():
  File "/usr/local/lib/python3.6/dist-packages/manticore/core/smtlib/solver.py", line 328, in _is_sat
    raise SolverError(status)
manticore.exceptions.SolverError
 
2019-08-06 21:33:50,663: [629] m.c.worker:ERROR: Exception in state 6: SolverError('',)
Traceback (most recent call last):
  File "/usr/local/lib/python3.6/dist-packages/manticore/core/worker.py", line 121, in run
    current_state.execute()
  File "/usr/local/lib/python3.6/dist-packages/manticore/ethereum/state.py", line 6, in execute
    return self._platform.execute()
  File "/usr/local/lib/python3.6/dist-packages/manticore/platforms/evm.py", line 2684, in execute
    self.current_vm.execute()
  File "/usr/local/lib/python3.6/dist-packages/manticore/platforms/evm.py", line 1210, in execute
    last_pc, last_gas, instruction, arguments, fee, allocated = self._checkpoint()
  File "/usr/local/lib/python3.6/dist-packages/manticore/platforms/evm.py", line 1109, in _checkpoint
    self._consume(fee)
  File "/usr/local/lib/python3.6/dist-packages/manticore/platforms/evm.py", line 972, in _consume
    self.constraints, constraint
  File "/usr/local/lib/python3.6/dist-packages/manticore/core/smtlib/solver.py", line 436, in get_all_values
    while self._is_sat():
  File "/usr/local/lib/python3.6/dist-packages/manticore/core/smtlib/solver.py", line 328, in _is_sat
    raise SolverError(status)
manticore.exceptions.SolverError
 
2019-08-06 21:36:22,984: [632] m.c.worker:ERROR: Exception in state 8: SolverError('',)
Traceback (most recent call last):
  File "/usr/local/lib/python3.6/dist-packages/manticore/core/worker.py", line 121, in run
    current_state.execute()
  File "/usr/local/lib/python3.6/dist-packages/manticore/ethereum/state.py", line 6, in execute
    return self._platform.execute()
  File "/usr/local/lib/python3.6/dist-packages/manticore/platforms/evm.py", line 2684, in execute
    self.current_vm.execute()
  File "/usr/local/lib/python3.6/dist-packages/manticore/platforms/evm.py", line 1210, in execute
    last_pc, last_gas, instruction, arguments, fee, allocated = self._checkpoint()
  File "/usr/local/lib/python3.6/dist-packages/manticore/platforms/evm.py", line 1109, in _checkpoint
    self._consume(fee)
  File "/usr/local/lib/python3.6/dist-packages/manticore/platforms/evm.py", line 972, in _consume
    self.constraints, constraint
  File "/usr/local/lib/python3.6/dist-packages/manticore/core/smtlib/solver.py", line 436, in get_all_values
    while self._is_sat():
  File "/usr/local/lib/python3.6/dist-packages/manticore/core/smtlib/solver.py", line 328, in _is_sat
    raise SolverError(status)
manticore.exceptions.SolverError
 
2019-08-06 21:36:23,540: [315] m.e.manticore:INFO: 0 alive states, 3 terminated states
2019-08-06 21:36:25,344: [315] m.e.manticore:INFO: Starting symbolic transaction: 1
2019-08-06 21:36:25,550: [1970] m.c.manticore:INFO: Generated testcase No. 0 - RETURN(1 txs)
2019-08-06 21:36:25,571: [1985] m.c.manticore:INFO: Generated testcase No. 1 - REVERT(2 txs)
2019-08-06 21:36:25,597: [1982] m.c.manticore:INFO: Generated testcase No. 3 - RETURN(1 txs)
2019-08-06 21:36:25,643: [1971] m.c.manticore:INFO: Generated testcase No. 2 - REVERT(2 txs)
2019-08-06 21:36:25,694: [1978] m.c.manticore:INFO: Generated testcase No. 4 - RETURN(1 txs)
2019-08-06 21:36:25,716: [1987] m.c.manticore:INFO: Generated testcase No. 7 - RETURN(1 txs)
2019-08-06 21:36:25,734: [1986] m.c.manticore:INFO: Generated testcase No. 6 - RETURN(1 txs)
2019-08-06 21:36:25,739: [1983] m.c.manticore:INFO: Generated testcase No. 5 - RETURN(1 txs)
2019-08-06 21:36:34,678: [1970] m.c.manticore:INFO: Generated testcase No. 8 - RETURN(1 txs)
2019-08-06 21:36:34,942: [1987] m.c.manticore:INFO: Generated testcase No. 9 - RETURN(1 txs)
2019-08-06 21:37:11,467: [315] m.c.manticore:INFO: Results in /mcore_g316b6se
2019-08-06 21:37:14,821: [2453] m.main:INFO: Registered plugins: DetectUnusedRetVal, DetectUninitializedStorage, DetectIntegerOverflow, DetectSuicidal, DetectExternalCallAndLeak, DetectEnvInstruction, DetectUninitializedMemory, DetectReentrancyAdvanced, DetectDelegatecall, DetectReentrancySimple, DetectInvalid
2019-08-06 21:37:14,821: [2453] m.main:INFO: Beginning analysis
2019-08-06 21:37:14,833: [2453] m.e.manticore:INFO: Starting symbolic create contract
2019-08-06 21:37:15,928: [2453] m.e.manticore:INFO: Starting symbolic transaction: 0
2019-08-06 21:37:17,403: [2453] m.e.manticore:INFO: 1 alive states, 3 terminated states
2019-08-06 21:37:17,683: [2453] m.e.manticore:INFO: Starting symbolic transaction: 1
2019-08-06 21:37:19,370: [2453] m.e.manticore:INFO: 1 alive states, 6 terminated states
2019-08-06 21:37:19,735: [3506] m.c.manticore:INFO: Generated testcase No. 0 - RETURN(3 txs)
2019-08-06 21:37:19,760: [3507] m.c.manticore:INFO: Generated testcase No. 1 - RETURN(1 txs)
2019-08-06 21:37:19,768: [3510] m.c.manticore:INFO: Generated testcase No. 2 - REVERT(2 txs)
2019-08-06 21:37:19,785: [3519] m.c.manticore:INFO: Generated testcase No. 3 - REVERT(2 txs)
2019-08-06 21:37:19,814: [3525] m.c.manticore:INFO: Generated testcase No. 4 - RETURN(2 txs)
2019-08-06 21:37:19,833: [3529] m.c.manticore:INFO: Generated testcase No. 5 - REVERT(3 txs)
2019-08-06 21:37:19,886: [3533] m.c.manticore:INFO: Generated testcase No. 6 - REVERT(3 txs)
2019-08-06 21:37:22,988: [2453] m.c.manticore:INFO: Results in /mcore_bo1o1lml
2019-08-06 21:37:24,101: [3968] m.main:INFO: Registered plugins: DetectReentrancySimple, DetectInvalid, DetectSuicidal, DetectUnusedRetVal, DetectUninitializedStorage, DetectDelegatecall, DetectEnvInstruction, DetectUninitializedMemory, DetectReentrancyAdvanced, DetectExternalCallAndLeak, DetectIntegerOverflow
2019-08-06 21:37:24,101: [3968] m.main:INFO: Beginning analysis
2019-08-06 21:37:24,131: [3968] m.e.manticore:INFO: Starting symbolic create contract
2019-08-06 21:37:27,038: [3968] m.e.manticore:INFO: Starting symbolic transaction: 0
2019-08-06 21:37:53,424: [4273] m.c.worker:ERROR: Exception in state 6: SolverError('',)
Traceback (most recent call last):
  File "/usr/local/lib/python3.6/dist-packages/manticore/core/worker.py", line 121, in run
    current_state.execute()
  File "/usr/local/lib/python3.6/dist-packages/manticore/ethereum/state.py", line 6, in execute
    return self._platform.execute()
  File "/usr/local/lib/python3.6/dist-packages/manticore/platforms/evm.py", line 2684, in execute
    self.current_vm.execute()
  File "/usr/local/lib/python3.6/dist-packages/manticore/platforms/evm.py", line 1210, in execute
    last_pc, last_gas, instruction, arguments, fee, allocated = self._checkpoint()
  File "/usr/local/lib/python3.6/dist-packages/manticore/platforms/evm.py", line 1109, in _checkpoint
    self._consume(fee)
  File "/usr/local/lib/python3.6/dist-packages/manticore/platforms/evm.py", line 972, in _consume
    self.constraints, constraint
  File "/usr/local/lib/python3.6/dist-packages/manticore/core/smtlib/solver.py", line 436, in get_all_values
    while self._is_sat():
  File "/usr/local/lib/python3.6/dist-packages/manticore/core/smtlib/solver.py", line 328, in _is_sat
    raise SolverError(status)
manticore.exceptions.SolverError
 
2019-08-06 21:40:53,299: [4264] m.c.worker:ERROR: Exception in state 0: SolverError('',)
Traceback (most recent call last):
  File "/usr/local/lib/python3.6/dist-packages/manticore/platforms/evm.py", line 1213, in execute
    result = self._handler(*arguments)
  File "/usr/local/lib/python3.6/dist-packages/manticore/platforms/evm.py", line 1086, in _handler
    return implementation(*arguments)
  File "/usr/local/lib/python3.6/dist-packages/manticore/platforms/evm.py", line 1642, in CALLDATACOPY
    raise ConcretizeArgument(2, policy="SAMPLED")
manticore.platforms.evm.ConcretizeArgument: 2

During handling of the above exception, another exception occurred:

Traceback (most recent call last):
  File "/usr/local/lib/python3.6/dist-packages/manticore/core/worker.py", line 121, in run
    current_state.execute()
  File "/usr/local/lib/python3.6/dist-packages/manticore/ethereum/state.py", line 6, in execute
    return self._platform.execute()
  File "/usr/local/lib/python3.6/dist-packages/manticore/platforms/evm.py", line 2684, in execute
    self.current_vm.execute()
  File "/usr/local/lib/python3.6/dist-packages/manticore/platforms/evm.py", line 1279, in execute
    policy=ex.policy,
manticore.core.state.Concretize

During handling of the above exception, another exception occurred:

Traceback (most recent call last):
  File "/usr/local/lib/python3.6/dist-packages/manticore/core/worker.py", line 142, in run
    m._fork(current_state, exc.expression, exc.policy, exc.setstate)
  File "/usr/local/lib/python3.6/dist-packages/manticore/core/manticore.py", line 332, in _fork
    solutions = state.concretize(expression, policy)
  File "/usr/local/lib/python3.6/dist-packages/manticore/core/state.py", line 251, in concretize
    m, M = self._solver.minmax(self._constraints, symbolic)
  File "/usr/local/lib/python3.6/dist-packages/manticore/core/smtlib/solver.py", line 123, in minmax
    m = self.min(constraints, x, iters)
  File "/usr/local/lib/python3.6/dist-packages/manticore/core/smtlib/solver.py", line 118, in min
    return self.optimize(constraints, X, "minimize", M)
  File "/usr/local/lib/python3.6/dist-packages/manticore/core/smtlib/solver.py", line 508, in optimize
    while self._is_sat():
  File "/usr/local/lib/python3.6/dist-packages/manticore/core/smtlib/solver.py", line 328, in _is_sat
    raise SolverError(status)
manticore.exceptions.SolverError
 
2019-08-06 21:41:03,978: [4270] m.c.worker:ERROR: Exception in state 4: SolverError('',)
Traceback (most recent call last):
  File "/usr/local/lib/python3.6/dist-packages/manticore/platforms/evm.py", line 1213, in execute
    result = self._handler(*arguments)
  File "/usr/local/lib/python3.6/dist-packages/manticore/platforms/evm.py", line 1086, in _handler
    return implementation(*arguments)
  File "/usr/local/lib/python3.6/dist-packages/manticore/platforms/evm.py", line 1642, in CALLDATACOPY
    raise ConcretizeArgument(2, policy="SAMPLED")
manticore.platforms.evm.ConcretizeArgument: 2

During handling of the above exception, another exception occurred:

Traceback (most recent call last):
  File "/usr/local/lib/python3.6/dist-packages/manticore/core/worker.py", line 121, in run
    current_state.execute()
  File "/usr/local/lib/python3.6/dist-packages/manticore/ethereum/state.py", line 6, in execute
    return self._platform.execute()
  File "/usr/local/lib/python3.6/dist-packages/manticore/platforms/evm.py", line 2684, in execute
    self.current_vm.execute()
  File "/usr/local/lib/python3.6/dist-packages/manticore/platforms/evm.py", line 1279, in execute
    policy=ex.policy,
manticore.core.state.Concretize

During handling of the above exception, another exception occurred:

Traceback (most recent call last):
  File "/usr/local/lib/python3.6/dist-packages/manticore/core/worker.py", line 142, in run
    m._fork(current_state, exc.expression, exc.policy, exc.setstate)
  File "/usr/local/lib/python3.6/dist-packages/manticore/core/manticore.py", line 332, in _fork
    solutions = state.concretize(expression, policy)
  File "/usr/local/lib/python3.6/dist-packages/manticore/core/state.py", line 251, in concretize
    m, M = self._solver.minmax(self._constraints, symbolic)
  File "/usr/local/lib/python3.6/dist-packages/manticore/core/smtlib/solver.py", line 123, in minmax
    m = self.min(constraints, x, iters)
  File "/usr/local/lib/python3.6/dist-packages/manticore/core/smtlib/solver.py", line 118, in min
    return self.optimize(constraints, X, "minimize", M)
  File "/usr/local/lib/python3.6/dist-packages/manticore/core/smtlib/solver.py", line 508, in optimize
    while self._is_sat():
  File "/usr/local/lib/python3.6/dist-packages/manticore/core/smtlib/solver.py", line 328, in _is_sat
    raise SolverError(status)
manticore.exceptions.SolverError
 
2019-08-06 21:42:06,035: [4274] m.c.worker:ERROR: Exception in state 7: SolverError('',)
Traceback (most recent call last):
  File "/usr/local/lib/python3.6/dist-packages/manticore/platforms/evm.py", line 1213, in execute
    result = self._handler(*arguments)
  File "/usr/local/lib/python3.6/dist-packages/manticore/platforms/evm.py", line 1086, in _handler
    return implementation(*arguments)
  File "/usr/local/lib/python3.6/dist-packages/manticore/platforms/evm.py", line 1637, in CALLDATACOPY
    raise ConcretizeArgument(3, policy="SAMPLED")
manticore.platforms.evm.ConcretizeArgument: 3

During handling of the above exception, another exception occurred:

Traceback (most recent call last):
  File "/usr/local/lib/python3.6/dist-packages/manticore/core/worker.py", line 121, in run
    current_state.execute()
  File "/usr/local/lib/python3.6/dist-packages/manticore/ethereum/state.py", line 6, in execute
    return self._platform.execute()
  File "/usr/local/lib/python3.6/dist-packages/manticore/platforms/evm.py", line 2684, in execute
    self.current_vm.execute()
  File "/usr/local/lib/python3.6/dist-packages/manticore/platforms/evm.py", line 1279, in execute
    policy=ex.policy,
manticore.core.state.Concretize

During handling of the above exception, another exception occurred:

Traceback (most recent call last):
  File "/usr/local/lib/python3.6/dist-packages/manticore/core/worker.py", line 142, in run
    m._fork(current_state, exc.expression, exc.policy, exc.setstate)
  File "/usr/local/lib/python3.6/dist-packages/manticore/core/manticore.py", line 332, in _fork
    solutions = state.concretize(expression, policy)
  File "/usr/local/lib/python3.6/dist-packages/manticore/core/state.py", line 251, in concretize
    m, M = self._solver.minmax(self._constraints, symbolic)
  File "/usr/local/lib/python3.6/dist-packages/manticore/core/smtlib/solver.py", line 124, in minmax
    M = self.max(constraints, x, iters)
  File "/usr/local/lib/python3.6/dist-packages/manticore/core/smtlib/solver.py", line 107, in max
    return self.optimize(constraints, X, "maximize", M)
  File "/usr/local/lib/python3.6/dist-packages/manticore/core/smtlib/solver.py", line 508, in optimize
    while self._is_sat():
  File "/usr/local/lib/python3.6/dist-packages/manticore/core/smtlib/solver.py", line 328, in _is_sat
    raise SolverError(status)
manticore.exceptions.SolverError
 
2019-08-06 21:43:10,344: [4276] m.c.worker:ERROR: Exception in state 9: SolverError('',)
Traceback (most recent call last):
  File "/usr/local/lib/python3.6/dist-packages/manticore/platforms/evm.py", line 1213, in execute
    result = self._handler(*arguments)
  File "/usr/local/lib/python3.6/dist-packages/manticore/platforms/evm.py", line 1086, in _handler
    return implementation(*arguments)
  File "/usr/local/lib/python3.6/dist-packages/manticore/platforms/evm.py", line 1594, in CALLDATALOAD
    raise ConcretizeArgument(1, policy="SAMPLED")
manticore.platforms.evm.ConcretizeArgument: 1

During handling of the above exception, another exception occurred:

Traceback (most recent call last):
  File "/usr/local/lib/python3.6/dist-packages/manticore/core/worker.py", line 121, in run
    current_state.execute()
  File "/usr/local/lib/python3.6/dist-packages/manticore/ethereum/state.py", line 6, in execute
    return self._platform.execute()
  File "/usr/local/lib/python3.6/dist-packages/manticore/platforms/evm.py", line 2684, in execute
    self.current_vm.execute()
  File "/usr/local/lib/python3.6/dist-packages/manticore/platforms/evm.py", line 1279, in execute
    policy=ex.policy,
manticore.core.state.Concretize

During handling of the above exception, another exception occurred:

Traceback (most recent call last):
  File "/usr/local/lib/python3.6/dist-packages/manticore/core/worker.py", line 142, in run
    m._fork(current_state, exc.expression, exc.policy, exc.setstate)
  File "/usr/local/lib/python3.6/dist-packages/manticore/core/manticore.py", line 332, in _fork
    solutions = state.concretize(expression, policy)
  File "/usr/local/lib/python3.6/dist-packages/manticore/core/state.py", line 251, in concretize
    m, M = self._solver.minmax(self._constraints, symbolic)
  File "/usr/local/lib/python3.6/dist-packages/manticore/core/smtlib/solver.py", line 124, in minmax
    M = self.max(constraints, x, iters)
  File "/usr/local/lib/python3.6/dist-packages/manticore/core/smtlib/solver.py", line 107, in max
    return self.optimize(constraints, X, "maximize", M)
  File "/usr/local/lib/python3.6/dist-packages/manticore/core/smtlib/solver.py", line 508, in optimize
    while self._is_sat():
  File "/usr/local/lib/python3.6/dist-packages/manticore/core/smtlib/solver.py", line 328, in _is_sat
    raise SolverError(status)
manticore.exceptions.SolverError
 
2019-08-06 21:50:36,994: [4267] m.c.worker:ERROR: Exception in state 2: SolverError('',)
Traceback (most recent call last):
  File "/usr/local/lib/python3.6/dist-packages/manticore/core/worker.py", line 121, in run
    current_state.execute()
  File "/usr/local/lib/python3.6/dist-packages/manticore/ethereum/state.py", line 6, in execute
    return self._platform.execute()
  File "/usr/local/lib/python3.6/dist-packages/manticore/platforms/evm.py", line 2684, in execute
    self.current_vm.execute()
  File "/usr/local/lib/python3.6/dist-packages/manticore/platforms/evm.py", line 1210, in execute
    last_pc, last_gas, instruction, arguments, fee, allocated = self._checkpoint()
  File "/usr/local/lib/python3.6/dist-packages/manticore/platforms/evm.py", line 1109, in _checkpoint
    self._consume(fee)
  File "/usr/local/lib/python3.6/dist-packages/manticore/platforms/evm.py", line 972, in _consume
    self.constraints, constraint
  File "/usr/local/lib/python3.6/dist-packages/manticore/core/smtlib/solver.py", line 436, in get_all_values
    while self._is_sat():
  File "/usr/local/lib/python3.6/dist-packages/manticore/core/smtlib/solver.py", line 328, in _is_sat
    raise SolverError(status)
manticore.exceptions.SolverError
 
2019-08-06 21:50:40,294: [4272] m.c.worker:ERROR: Exception in state 5: SolverError('',)
Traceback (most recent call last):
  File "/usr/local/lib/python3.6/dist-packages/manticore/core/worker.py", line 121, in run
    current_state.execute()
  File "/usr/local/lib/python3.6/dist-packages/manticore/ethereum/state.py", line 6, in execute
    return self._platform.execute()
  File "/usr/local/lib/python3.6/dist-packages/manticore/platforms/evm.py", line 2684, in execute
    self.current_vm.execute()
  File "/usr/local/lib/python3.6/dist-packages/manticore/platforms/evm.py", line 1210, in execute
    last_pc, last_gas, instruction, arguments, fee, allocated = self._checkpoint()
  File "/usr/local/lib/python3.6/dist-packages/manticore/platforms/evm.py", line 1109, in _checkpoint
    self._consume(fee)
  File "/usr/local/lib/python3.6/dist-packages/manticore/platforms/evm.py", line 972, in _consume
    self.constraints, constraint
  File "/usr/local/lib/python3.6/dist-packages/manticore/core/smtlib/solver.py", line 436, in get_all_values
    while self._is_sat():
  File "/usr/local/lib/python3.6/dist-packages/manticore/core/smtlib/solver.py", line 328, in _is_sat
    raise SolverError(status)
manticore.exceptions.SolverError
 
2019-08-06 21:51:55,314: [4275] m.c.worker:ERROR: Exception in state 8: SolverError('',)
Traceback (most recent call last):
  File "/usr/local/lib/python3.6/dist-packages/manticore/core/worker.py", line 121, in run
    current_state.execute()
  File "/usr/local/lib/python3.6/dist-packages/manticore/ethereum/state.py", line 6, in execute
    return self._platform.execute()
  File "/usr/local/lib/python3.6/dist-packages/manticore/platforms/evm.py", line 2684, in execute
    self.current_vm.execute()
  File "/usr/local/lib/python3.6/dist-packages/manticore/platforms/evm.py", line 1210, in execute
    last_pc, last_gas, instruction, arguments, fee, allocated = self._checkpoint()
  File "/usr/local/lib/python3.6/dist-packages/manticore/platforms/evm.py", line 1109, in _checkpoint
    self._consume(fee)
  File "/usr/local/lib/python3.6/dist-packages/manticore/platforms/evm.py", line 972, in _consume
    self.constraints, constraint
  File "/usr/local/lib/python3.6/dist-packages/manticore/core/smtlib/solver.py", line 436, in get_all_values
    while self._is_sat():
  File "/usr/local/lib/python3.6/dist-packages/manticore/core/smtlib/solver.py", line 328, in _is_sat
    raise SolverError(status)
manticore.exceptions.SolverError
 
2019-08-06 21:52:18,165: [4268] m.c.worker:ERROR: Exception in state 3: SolverError('',)
Traceback (most recent call last):
  File "/usr/local/lib/python3.6/dist-packages/manticore/core/worker.py", line 121, in run
    current_state.execute()
  File "/usr/local/lib/python3.6/dist-packages/manticore/ethereum/state.py", line 6, in execute
    return self._platform.execute()
  File "/usr/local/lib/python3.6/dist-packages/manticore/platforms/evm.py", line 2684, in execute
    self.current_vm.execute()
  File "/usr/local/lib/python3.6/dist-packages/manticore/platforms/evm.py", line 1210, in execute
    last_pc, last_gas, instruction, arguments, fee, allocated = self._checkpoint()
  File "/usr/local/lib/python3.6/dist-packages/manticore/platforms/evm.py", line 1109, in _checkpoint
    self._consume(fee)
  File "/usr/local/lib/python3.6/dist-packages/manticore/platforms/evm.py", line 972, in _consume
    self.constraints, constraint
  File "/usr/local/lib/python3.6/dist-packages/manticore/core/smtlib/solver.py", line 436, in get_all_values
    while self._is_sat():
  File "/usr/local/lib/python3.6/dist-packages/manticore/core/smtlib/solver.py", line 328, in _is_sat
    raise SolverError(status)
manticore.exceptions.SolverError