INFO:Detectors:[92m
ETHedgeToken.transferFrom.allowance (local variable @ /unique_contracts/0xfc81655585f2f3935895c1409b332ab797d90b33.sol#210) shadows:
	- ETHedgeToken.allowance (function @ /unique_contracts/0xfc81655585f2f3935895c1409b332ab797d90b33.sol#227-233)
Reference: https://github.com/trailofbits/slither/wiki/Detectors-Documentation#local-variable-shadowing[0m
INFO:Detectors:[92m
ETHedgeToken.name should be constant (/unique_contracts/0xfc81655585f2f3935895c1409b332ab797d90b33.sol#112)
ETHedgeToken.stakingRequirement should be constant (/unique_contracts/0xfc81655585f2f3935895c1409b332ab797d90b33.sol#121-122)
ETHedgeToken.symbol should be constant (/unique_contracts/0xfc81655585f2f3935895c1409b332ab797d90b33.sol#113)
Reference: https://github.com/trailofbits/slither/wiki/Detectors-Documentation#state-variables-that-could-be-declared-constant[0m
INFO:Detectors:[92m
ETHedgeToken.transferOwnership (/unique_contracts/0xfc81655585f2f3935895c1409b332ab797d90b33.sol#150-151) should be declared external
ETHedgeToken.changeOuts (/unique_contracts/0xfc81655585f2f3935895c1409b332ab797d90b33.sol#153-163) should be declared external
ETHedgeToken.payDividends (/unique_contracts/0xfc81655585f2f3935895c1409b332ab797d90b33.sol#164-166) should be declared external
ETHedgeToken.burn (/unique_contracts/0xfc81655585f2f3935895c1409b332ab797d90b33.sol#176-194) should be declared external
ETHedgeToken.transferFrom (/unique_contracts/0xfc81655585f2f3935895c1409b332ab797d90b33.sol#208-222) should be declared external
ETHedgeToken.approve (/unique_contracts/0xfc81655585f2f3935895c1409b332ab797d90b33.sol#222-227) should be declared external
ETHedgeToken.allowance (/unique_contracts/0xfc81655585f2f3935895c1409b332ab797d90b33.sol#227-233) should be declared external
ETHedgeToken.buy (/unique_contracts/0xfc81655585f2f3935895c1409b332ab797d90b33.sol#235-240) should be declared external
ETHedgeToken.fallback (/unique_contracts/0xfc81655585f2f3935895c1409b332ab797d90b33.sol#241-250) should be declared external
ETHedgeToken.transfer (/unique_contracts/0xfc81655585f2f3935895c1409b332ab797d90b33.sol#302-332) should be declared external
ETHedgeToken.totalEthereumBalance (/unique_contracts/0xfc81655585f2f3935895c1409b332ab797d90b33.sol#332-336) should be declared external
ETHedgeToken.totalSupply (/unique_contracts/0xfc81655585f2f3935895c1409b332ab797d90b33.sol#337-340) should be declared external
ETHedgeToken.refferedBy (/unique_contracts/0xfc81655585f2f3935895c1409b332ab797d90b33.sol#340-342) should be declared external
ETHedgeToken.sellPrice (/unique_contracts/0xfc81655585f2f3935895c1409b332ab797d90b33.sol#359-372) should be declared external
ETHedgeToken.calculateTokensReceived (/unique_contracts/0xfc81655585f2f3935895c1409b332ab797d90b33.sol#386-392) should be declared external
ETHedgeToken.calculateEthereumReceived (/unique_contracts/0xfc81655585f2f3935895c1409b332ab797d90b33.sol#395-400) should be declared external
Reference: https://github.com/trailofbits/slither/wiki/Detectors-Documentation#public-function-that-could-be-declared-as-external[0m
INFO:Detectors:[92m
Event 'ETHedgeToken.onPayDividends' (/unique_contracts/0xfc81655585f2f3935895c1409b332ab797d90b33.sol#49-57) is not in CapWords
Event 'ETHedgeToken.onBurn' (/unique_contracts/0xfc81655585f2f3935895c1409b332ab797d90b33.sol#57-64) is not in CapWords
Event 'ETHedgeToken.onNewRefferal' (/unique_contracts/0xfc81655585f2f3935895c1409b332ab797d90b33.sol#64-70) is not in CapWords
Event 'ETHedgeToken.onTokenPurchase' (/unique_contracts/0xfc81655585f2f3935895c1409b332ab797d90b33.sol#77-86) is not in CapWords
Event 'ETHedgeToken.onTokenSell' (/unique_contracts/0xfc81655585f2f3935895c1409b332ab797d90b33.sol#87-94) is not in CapWords
Event 'ETHedgeToken.onReinvestment' (/unique_contracts/0xfc81655585f2f3935895c1409b332ab797d90b33.sol#95-103) is not in CapWords
Event 'ETHedgeToken.onWithdraw' (/unique_contracts/0xfc81655585f2f3935895c1409b332ab797d90b33.sol#103-109) is not in CapWords
Parameter '_newOwner' of ETHedgeToken.transferOwnership (/unique_contracts/0xfc81655585f2f3935895c1409b332ab797d90b33.sol#150) is not in mixedCase
Parameter '_newCapital' of ETHedgeToken.changeOuts (/unique_contracts/0xfc81655585f2f3935895c1409b332ab797d90b33.sol#154) is not in mixedCase
Parameter '_newReward' of ETHedgeToken.changeOuts (/unique_contracts/0xfc81655585f2f3935895c1409b332ab797d90b33.sol#154-155) is not in mixedCase
Parameter '_sourceDesc' of ETHedgeToken.payDividends (/unique_contracts/0xfc81655585f2f3935895c1409b332ab797d90b33.sol#164) is not in mixedCase
Parameter '_amountOfDivs' of ETHedgeToken.payDivsValue (/unique_contracts/0xfc81655585f2f3935895c1409b332ab797d90b33.sol#167-168) is not in mixedCase
Parameter '_sourceDesc' of ETHedgeToken.payDivsValue (/unique_contracts/0xfc81655585f2f3935895c1409b332ab797d90b33.sol#168) is not in mixedCase
Parameter '_checkForInactive' of ETHedgeToken.burn (/unique_contracts/0xfc81655585f2f3935895c1409b332ab797d90b33.sol#176) is not in mixedCase
Parameter '_from' of ETHedgeToken.transferFrom (/unique_contracts/0xfc81655585f2f3935895c1409b332ab797d90b33.sol#209) is not in mixedCase
Parameter '_to' of ETHedgeToken.transferFrom (/unique_contracts/0xfc81655585f2f3935895c1409b332ab797d90b33.sol#209) is not in mixedCase
Parameter '_value' of ETHedgeToken.transferFrom (/unique_contracts/0xfc81655585f2f3935895c1409b332ab797d90b33.sol#209) is not in mixedCase
Parameter '_spender' of ETHedgeToken.approve (/unique_contracts/0xfc81655585f2f3935895c1409b332ab797d90b33.sol#222) is not in mixedCase
Parameter '_value' of ETHedgeToken.approve (/unique_contracts/0xfc81655585f2f3935895c1409b332ab797d90b33.sol#222) is not in mixedCase
Parameter '_owner' of ETHedgeToken.allowance (/unique_contracts/0xfc81655585f2f3935895c1409b332ab797d90b33.sol#228) is not in mixedCase
Parameter '_spender' of ETHedgeToken.allowance (/unique_contracts/0xfc81655585f2f3935895c1409b332ab797d90b33.sol#228) is not in mixedCase
Parameter '_referredBy' of ETHedgeToken.buy (/unique_contracts/0xfc81655585f2f3935895c1409b332ab797d90b33.sol#235-236) is not in mixedCase
Parameter '_amountOfTokens' of ETHedgeToken.sell (/unique_contracts/0xfc81655585f2f3935895c1409b332ab797d90b33.sol#280) is not in mixedCase
Parameter '_toAddress' of ETHedgeToken.transfer (/unique_contracts/0xfc81655585f2f3935895c1409b332ab797d90b33.sol#302) is not in mixedCase
Parameter '_amountOfTokens' of ETHedgeToken.transfer (/unique_contracts/0xfc81655585f2f3935895c1409b332ab797d90b33.sol#302) is not in mixedCase
Parameter '_customerAddress' of ETHedgeToken.refferedBy (/unique_contracts/0xfc81655585f2f3935895c1409b332ab797d90b33.sol#340-341) is not in mixedCase
Parameter '_includeReferralBonus' of ETHedgeToken.myDividends (/unique_contracts/0xfc81655585f2f3935895c1409b332ab797d90b33.sol#346) is not in mixedCase
Parameter '_customerAddress' of ETHedgeToken.balanceOf (/unique_contracts/0xfc81655585f2f3935895c1409b332ab797d90b33.sol#353) is not in mixedCase
Parameter '_customerAddress' of ETHedgeToken.dividendsOf (/unique_contracts/0xfc81655585f2f3935895c1409b332ab797d90b33.sol#355-356) is not in mixedCase
Parameter '_ethereumToSpend' of ETHedgeToken.calculateTokensReceived (/unique_contracts/0xfc81655585f2f3935895c1409b332ab797d90b33.sol#386) is not in mixedCase
Parameter '_tokensToSell' of ETHedgeToken.calculateEthereumReceived (/unique_contracts/0xfc81655585f2f3935895c1409b332ab797d90b33.sol#395) is not in mixedCase
Parameter '_incomingEthereum' of ETHedgeToken.purchaseTokens (/unique_contracts/0xfc81655585f2f3935895c1409b332ab797d90b33.sol#400-401) is not in mixedCase
Parameter '_referredBy' of ETHedgeToken.purchaseTokens (/unique_contracts/0xfc81655585f2f3935895c1409b332ab797d90b33.sol#401) is not in mixedCase
Parameter '_ethereum' of ETHedgeToken.ethereumToTokens_ (/unique_contracts/0xfc81655585f2f3935895c1409b332ab797d90b33.sol#466) is not in mixedCase
Parameter '_tokens' of ETHedgeToken.tokensToEthereum_ (/unique_contracts/0xfc81655585f2f3935895c1409b332ab797d90b33.sol#490) is not in mixedCase
Constant 'ETHedgeToken.entryFee_' (/unique_contracts/0xfc81655585f2f3935895c1409b332ab797d90b33.sol#114-115) is not in UPPER_CASE_WITH_UNDERSCORES
Constant 'ETHedgeToken.transferFee_' (/unique_contracts/0xfc81655585f2f3935895c1409b332ab797d90b33.sol#115-116) is not in UPPER_CASE_WITH_UNDERSCORES
Constant 'ETHedgeToken.exitFee_' (/unique_contracts/0xfc81655585f2f3935895c1409b332ab797d90b33.sol#116-117) is not in UPPER_CASE_WITH_UNDERSCORES
Constant 'ETHedgeToken.refferalFee_' (/unique_contracts/0xfc81655585f2f3935895c1409b332ab797d90b33.sol#117) is not in UPPER_CASE_WITH_UNDERSCORES
Constant 'ETHedgeToken.tokenPriceInitial_' (/unique_contracts/0xfc81655585f2f3935895c1409b332ab797d90b33.sol#117-118) is not in UPPER_CASE_WITH_UNDERSCORES
Constant 'ETHedgeToken.tokenPriceIncremental_' (/unique_contracts/0xfc81655585f2f3935895c1409b332ab797d90b33.sol#119-120) is not in UPPER_CASE_WITH_UNDERSCORES
Constant 'ETHedgeToken.magnitude' (/unique_contracts/0xfc81655585f2f3935895c1409b332ab797d90b33.sol#120-121) is not in UPPER_CASE_WITH_UNDERSCORES
Constant 'ETHedgeToken.timePassive_' (/unique_contracts/0xfc81655585f2f3935895c1409b332ab797d90b33.sol#134-135) is not in UPPER_CASE_WITH_UNDERSCORES
Constant 'ETHedgeToken.entryFeeCapital_' (/unique_contracts/0xfc81655585f2f3935895c1409b332ab797d90b33.sol#138-139) is not in UPPER_CASE_WITH_UNDERSCORES
Constant 'ETHedgeToken.entryFeeReward_' (/unique_contracts/0xfc81655585f2f3935895c1409b332ab797d90b33.sol#140-141) is not in UPPER_CASE_WITH_UNDERSCORES
Variable 'ETHedgeToken.AdminRewardAmount_' (/unique_contracts/0xfc81655585f2f3935895c1409b332ab797d90b33.sol#145) is not in mixedCase
Reference: https://github.com/trailofbits/slither/wiki/Detectors-Documentation#conformance-to-solidity-naming-conventions[0m
INFO:Slither:/unique_contracts/0xfc81655585f2f3935895c1409b332ab797d90b33.sol analyzed (2 contracts), 64 result(s) found