INFO:Slither:Compilation warnings/errors on /unique_chucks/32/0x9e6c849ab00670ece0ddcb1b16afadfba7c21eb9.sol:
/unique_chucks/32/0x9e6c849ab00670ece0ddcb1b16afadfba7c21eb9.sol:116:7: Warning: Use of the "var" keyword is deprecated.
      var lastRoundPotBalance = this.balance.sub(msg.value);
      ^---------------------^
/unique_chucks/32/0x9e6c849ab00670ece0ddcb1b16afadfba7c21eb9.sol:116:33: Warning: Using contract member "balance" inherited from the address type is deprecated. Convert the contract to "address" type to access the member, for example use "address(contract).balance" instead.
      var lastRoundPotBalance = this.balance.sub(msg.value);
                                ^----------^
/unique_chucks/32/0x9e6c849ab00670ece0ddcb1b16afadfba7c21eb9.sol:145:5: Warning: Invoking events without "emit" prefix is deprecated.
    NewKing(currentRoundNumber, king, kingsMessage, lastBidAmount, currentBidNumber, lastBidBlock);
    ^--------------------------------------------------------------------------------------------^
/unique_chucks/32/0x9e6c849ab00670ece0ddcb1b16afadfba7c21eb9.sol:167:14: Warning: Using contract member "balance" inherited from the address type is deprecated. Convert the contract to "address" type to access the member, for example use "address(contract).balance" instead.
      return this.balance.mul(100 - devFeePercent).div(100).mul(rolloverPercent).div(100);
             ^----------^
/unique_chucks/32/0x9e6c849ab00670ece0ddcb1b16afadfba7c21eb9.sol:179:18: Warning: Using contract member "balance" inherited from the address type is deprecated. Convert the contract to "address" type to access the member, for example use "address(contract).balance" instead.
    _potAmount = this.balance;
                 ^----------^

INFO:Detectors:[93m
GVSFjackpot.isContract (/unique_chucks/32/0x9e6c849ab00670ece0ddcb1b16afadfba7c21eb9.sol) is declared view but contains assembly code
Reference: https://github.com/trailofbits/slither/wiki/Detectors-Documentation#constant-functions-changing-the-state[0m
INFO:Detectors:[92m
GVSFjackpot.isContract uses assembly (/unique_chucks/32/0x9e6c849ab00670ece0ddcb1b16afadfba7c21eb9.sol)
	- /unique_chucks/32/0x9e6c849ab00670ece0ddcb1b16afadfba7c21eb9.sol
Reference: https://github.com/trailofbits/slither/wiki/Detectors-Documentation#assembly-usage[0m
INFO:Detectors:[92m
GVSFjackpot.maxMessageChars should be constant (/unique_chucks/32/0x9e6c849ab00670ece0ddcb1b16afadfba7c21eb9.sol#64-65)
Reference: https://github.com/trailofbits/slither/wiki/Detectors-Documentation#state-variables-that-could-be-declared-constant[0m
INFO:Detectors:[92m
GVSFjackpot.KingOfTheEthill (/unique_chucks/32/0x9e6c849ab00670ece0ddcb1b16afadfba7c21eb9.sol#82-87) should be declared external
GVSFjackpot.setDevFee (/unique_chucks/32/0x9e6c849ab00670ece0ddcb1b16afadfba7c21eb9.sol#89-93) should be declared external
GVSFjackpot.setRollover (/unique_chucks/32/0x9e6c849ab00670ece0ddcb1b16afadfba7c21eb9.sol#94-98) should be declared external
GVSFjackpot.setNextBidExpireBlockLength (/unique_chucks/32/0x9e6c849ab00670ece0ddcb1b16afadfba7c21eb9.sol#98-106) should be declared external
GVSFjackpot.setOwner (/unique_chucks/32/0x9e6c849ab00670ece0ddcb1b16afadfba7c21eb9.sol#106-107) should be declared external
GVSFjackpot.bid (/unique_chucks/32/0x9e6c849ab00670ece0ddcb1b16afadfba7c21eb9.sol#107-154) should be declared external
GVSFjackpot.getRoundState (/unique_chucks/32/0x9e6c849ab00670ece0ddcb1b16afadfba7c21eb9.sol#170-185) should be declared external
GVSFjackpot.getPastRound (/unique_chucks/32/0x9e6c849ab00670ece0ddcb1b16afadfba7c21eb9.sol#185-196) should be declared external
Reference: https://github.com/trailofbits/slither/wiki/Detectors-Documentation#public-function-that-could-be-declared-as-external[0m
INFO:Detectors:[92m
Detected issues with version pragma in /unique_chucks/32/0x9e6c849ab00670ece0ddcb1b16afadfba7c21eb9.sol:
	- pragma solidity^0.4.18 (/unique_chucks/32/0x9e6c849ab00670ece0ddcb1b16afadfba7c21eb9.sol#1): it allows old versions
Reference: https://github.com/trailofbits/slither/wiki/Detectors-Documentation#incorrect-version-of-solidity[0m
INFO:Detectors:[92m
Function 'GVSFjackpot.KingOfTheEthill' (/unique_chucks/32/0x9e6c849ab00670ece0ddcb1b16afadfba7c21eb9.sol#82-87) is not in mixedCase
Parameter '_n' of GVSFjackpot.setDevFee (/unique_chucks/32/0x9e6c849ab00670ece0ddcb1b16afadfba7c21eb9.sol#89-92) is not in mixedCase
Parameter '_n' of GVSFjackpot.setRollover (/unique_chucks/32/0x9e6c849ab00670ece0ddcb1b16afadfba7c21eb9.sol#94-97) is not in mixedCase
Parameter '_n' of GVSFjackpot.setNextBidExpireBlockLength (/unique_chucks/32/0x9e6c849ab00670ece0ddcb1b16afadfba7c21eb9.sol#99-100) is not in mixedCase
Parameter '_owner' of GVSFjackpot.setOwner (/unique_chucks/32/0x9e6c849ab00670ece0ddcb1b16afadfba7c21eb9.sol#106) is not in mixedCase
Parameter '_roundNumber' of GVSFjackpot.bid (/unique_chucks/32/0x9e6c849ab00670ece0ddcb1b16afadfba7c21eb9.sol#108) is not in mixedCase
Parameter '_message' of GVSFjackpot.bid (/unique_chucks/32/0x9e6c849ab00670ece0ddcb1b16afadfba7c21eb9.sol#108) is not in mixedCase
Parameter '_roundNum' of GVSFjackpot.getPastRound (/unique_chucks/32/0x9e6c849ab00670ece0ddcb1b16afadfba7c21eb9.sol#186) is not in mixedCase
Reference: https://github.com/trailofbits/slither/wiki/Detectors-Documentation#conformance-to-solidity-naming-conventions[0m
INFO:Slither:/unique_chucks/32/0x9e6c849ab00670ece0ddcb1b16afadfba7c21eb9.sol analyzed (2 contracts), 20 result(s) found