INFO:Slither:Compilation warnings/errors on /unique_contracts/0x594120039687ddaab50c4ab03bada20eb4b218f6.sol:
/unique_contracts/0x594120039687ddaab50c4ab03bada20eb4b218f6.sol:23:5: Warning: Defining constructors as functions with the same name as the contract is deprecated. Use "constructor(...) { ... }" instead.
    function GMVToken() public {
    ^ (Relevant source part starts here and spans across multiple lines).
/unique_contracts/0x594120039687ddaab50c4ab03bada20eb4b218f6.sol:2:28: Warning: Functions in interfaces should be declared external.
interface tokenRecipient { function receiveApproval(address _from, uint256 _value, address _token, bytes _extraData) public; }
                           ^-----------------------------------------------------------------------------------------------^
/unique_contracts/0x594120039687ddaab50c4ab03bada20eb4b218f6.sol:46:9: Warning: Invoking events without "emit" prefix is deprecated.
        Transfer(_from, _to, _value);
        ^--------------------------^
/unique_contracts/0x594120039687ddaab50c4ab03bada20eb4b218f6.sol:115:9: Warning: Invoking events without "emit" prefix is deprecated.
        Burn(msg.sender, _value);
        ^----------------------^
/unique_contracts/0x594120039687ddaab50c4ab03bada20eb4b218f6.sol:131:9: Warning: Invoking events without "emit" prefix is deprecated.
        Burn(_from, _value);
        ^-----------------^

INFO:Detectors:[93m
GMVToken (/unique_contracts/0x594120039687ddaab50c4ab03bada20eb4b218f6.sol#3-134) has incorrect ERC20 function interface(s):
	-transfer (/unique_contracts/0x594120039687ddaab50c4ab03bada20eb4b218f6.sol#60-65)
Reference: https://github.com/trailofbits/slither/wiki/Detectors-Documentation#incorrect-erc20-interface[0m
INFO:Detectors:[92m
GMVToken.decimals should be constant (/unique_contracts/0x594120039687ddaab50c4ab03bada20eb4b218f6.sol#7-8)
Reference: https://github.com/trailofbits/slither/wiki/Detectors-Documentation#state-variables-that-could-be-declared-constant[0m
INFO:Detectors:[92m
tokenRecipient.receiveApproval (/unique_contracts/0x594120039687ddaab50c4ab03bada20eb4b218f6.sol#2) should be declared external
GMVToken.transfer (/unique_contracts/0x594120039687ddaab50c4ab03bada20eb4b218f6.sol#60-65) should be declared external
GMVToken.transferFrom (/unique_contracts/0x594120039687ddaab50c4ab03bada20eb4b218f6.sol#70-79) should be declared external
GMVToken.approveAndCall (/unique_contracts/0x594120039687ddaab50c4ab03bada20eb4b218f6.sol#98-109) should be declared external
GMVToken.burn (/unique_contracts/0x594120039687ddaab50c4ab03bada20eb4b218f6.sol#112-121) should be declared external
GMVToken.burnFrom (/unique_contracts/0x594120039687ddaab50c4ab03bada20eb4b218f6.sol#126-134) should be declared external
Reference: https://github.com/trailofbits/slither/wiki/Detectors-Documentation#public-function-that-could-be-declared-as-external[0m
INFO:Detectors:[92m
Detected issues with version pragma in /unique_contracts/0x594120039687ddaab50c4ab03bada20eb4b218f6.sol:
	- pragma solidity^0.4.19 (/unique_contracts/0x594120039687ddaab50c4ab03bada20eb4b218f6.sol#1): it allows old versions
Reference: https://github.com/trailofbits/slither/wiki/Detectors-Documentation#incorrect-version-of-solidity[0m
INFO:Detectors:[92m
Contract 'tokenRecipient' (/unique_contracts/0x594120039687ddaab50c4ab03bada20eb4b218f6.sol#2-3) is not in CapWords
Function 'GMVToken.GMVToken' (/unique_contracts/0x594120039687ddaab50c4ab03bada20eb4b218f6.sol#23-31) is not in mixedCase
Function 'GMVToken._transfer' (/unique_contracts/0x594120039687ddaab50c4ab03bada20eb4b218f6.sol#33-54) is not in mixedCase
Parameter '_from' of GMVToken._transfer (/unique_contracts/0x594120039687ddaab50c4ab03bada20eb4b218f6.sol#33) is not in mixedCase
Parameter '_to' of GMVToken._transfer (/unique_contracts/0x594120039687ddaab50c4ab03bada20eb4b218f6.sol#33-34) is not in mixedCase
Parameter '_value' of GMVToken._transfer (/unique_contracts/0x594120039687ddaab50c4ab03bada20eb4b218f6.sol#34) is not in mixedCase
Parameter '_to' of GMVToken.transfer (/unique_contracts/0x594120039687ddaab50c4ab03bada20eb4b218f6.sol#60) is not in mixedCase
Parameter '_value' of GMVToken.transfer (/unique_contracts/0x594120039687ddaab50c4ab03bada20eb4b218f6.sol#60-61) is not in mixedCase
Parameter '_from' of GMVToken.transferFrom (/unique_contracts/0x594120039687ddaab50c4ab03bada20eb4b218f6.sol#70-71) is not in mixedCase
Parameter '_to' of GMVToken.transferFrom (/unique_contracts/0x594120039687ddaab50c4ab03bada20eb4b218f6.sol#71) is not in mixedCase
Parameter '_value' of GMVToken.transferFrom (/unique_contracts/0x594120039687ddaab50c4ab03bada20eb4b218f6.sol#71) is not in mixedCase
Parameter '_spender' of GMVToken.approve (/unique_contracts/0x594120039687ddaab50c4ab03bada20eb4b218f6.sol#85) is not in mixedCase
Parameter '_value' of GMVToken.approve (/unique_contracts/0x594120039687ddaab50c4ab03bada20eb4b218f6.sol#85) is not in mixedCase
Parameter '_spender' of GMVToken.approveAndCall (/unique_contracts/0x594120039687ddaab50c4ab03bada20eb4b218f6.sol#98-99) is not in mixedCase
Parameter '_value' of GMVToken.approveAndCall (/unique_contracts/0x594120039687ddaab50c4ab03bada20eb4b218f6.sol#99) is not in mixedCase
Parameter '_extraData' of GMVToken.approveAndCall (/unique_contracts/0x594120039687ddaab50c4ab03bada20eb4b218f6.sol#99) is not in mixedCase
Parameter '_value' of GMVToken.burn (/unique_contracts/0x594120039687ddaab50c4ab03bada20eb4b218f6.sol#112-113) is not in mixedCase
Parameter '_from' of GMVToken.burnFrom (/unique_contracts/0x594120039687ddaab50c4ab03bada20eb4b218f6.sol#126) is not in mixedCase
Parameter '_value' of GMVToken.burnFrom (/unique_contracts/0x594120039687ddaab50c4ab03bada20eb4b218f6.sol#126) is not in mixedCase
Reference: https://github.com/trailofbits/slither/wiki/Detectors-Documentation#conformance-to-solidity-naming-conventions[0m
INFO:Slither:/unique_contracts/0x594120039687ddaab50c4ab03bada20eb4b218f6.sol analyzed (2 contracts), 28 result(s) found