INFO:Detectors:[93m
Token (/unique_chucks/34/0x347e451298778e02d2b0f0985c07aff677ff7b05.sol#31-36) has incorrect ERC20 function interface(s):
	-transfer (/unique_chucks/34/0x347e451298778e02d2b0f0985c07aff677ff7b05.sol#31-36)
Reference: https://github.com/trailofbits/slither/wiki/Detectors-Documentation#incorrect-erc20-interface[0m
INFO:Detectors:[92m
CLVRCrowdsale.setOwner (/unique_chucks/34/0x347e451298778e02d2b0f0985c07aff677ff7b05.sol#62-65) should be declared external
CLVRCrowdsale.setCreator (/unique_chucks/34/0x347e451298778e02d2b0f0985c07aff677ff7b05.sol#66-69) should be declared external
CLVRCrowdsale.setStartDate (/unique_chucks/34/0x347e451298778e02d2b0f0985c07aff677ff7b05.sol#70-74) should be declared external
CLVRCrowdsale.setEndtDate (/unique_chucks/34/0x347e451298778e02d2b0f0985c07aff677ff7b05.sol#74-78) should be declared external
CLVRCrowdsale.setPrice (/unique_chucks/34/0x347e451298778e02d2b0f0985c07aff677ff7b05.sol#78-82) should be declared external
CLVRCrowdsale.setToken (/unique_chucks/34/0x347e451298778e02d2b0f0985c07aff677ff7b05.sol#82-86) should be declared external
CLVRCrowdsale.sendToken (/unique_chucks/34/0x347e451298778e02d2b0f0985c07aff677ff7b05.sol#86-93) should be declared external
CLVRCrowdsale.kill (/unique_chucks/34/0x347e451298778e02d2b0f0985c07aff677ff7b05.sol#93-95) should be declared external
CLVRCrowdsale.fallback (/unique_chucks/34/0x347e451298778e02d2b0f0985c07aff677ff7b05.sol#95-123) should be declared external
Reference: https://github.com/trailofbits/slither/wiki/Detectors-Documentation#public-function-that-could-be-declared-as-external[0m
INFO:Detectors:[92m
Detected issues with version pragma in /unique_chucks/34/0x347e451298778e02d2b0f0985c07aff677ff7b05.sol:
	- pragma solidity^0.4.16 (/unique_chucks/34/0x347e451298778e02d2b0f0985c07aff677ff7b05.sol#1): it allows old versions
Reference: https://github.com/trailofbits/slither/wiki/Detectors-Documentation#incorrect-version-of-solidity[0m
INFO:Detectors:[92m
Parameter '_owner' of CLVRCrowdsale.setOwner (/unique_chucks/34/0x347e451298778e02d2b0f0985c07aff677ff7b05.sol#62-65) is not in mixedCase
Parameter '_creator' of CLVRCrowdsale.setCreator (/unique_chucks/34/0x347e451298778e02d2b0f0985c07aff677ff7b05.sol#66-69) is not in mixedCase
Parameter '_startDate' of CLVRCrowdsale.setStartDate (/unique_chucks/34/0x347e451298778e02d2b0f0985c07aff677ff7b05.sol#70-73) is not in mixedCase
Parameter '_endDate' of CLVRCrowdsale.setEndtDate (/unique_chucks/34/0x347e451298778e02d2b0f0985c07aff677ff7b05.sol#75-77) is not in mixedCase
Parameter '_price' of CLVRCrowdsale.setPrice (/unique_chucks/34/0x347e451298778e02d2b0f0985c07aff677ff7b05.sol#81) is not in mixedCase
Parameter '_token' of CLVRCrowdsale.setToken (/unique_chucks/34/0x347e451298778e02d2b0f0985c07aff677ff7b05.sol#83-85) is not in mixedCase
Parameter '_to' of CLVRCrowdsale.sendToken (/unique_chucks/34/0x347e451298778e02d2b0f0985c07aff677ff7b05.sol#86) is not in mixedCase
Parameter '_value' of CLVRCrowdsale.sendToken (/unique_chucks/34/0x347e451298778e02d2b0f0985c07aff677ff7b05.sol#87-89) is not in mixedCase
Reference: https://github.com/trailofbits/slither/wiki/Detectors-Documentation#conformance-to-solidity-naming-conventions[0m
INFO:Slither:/unique_chucks/34/0x347e451298778e02d2b0f0985c07aff677ff7b05.sol analyzed (3 contracts), 19 result(s) found