INFO:Slither:Compilation warnings/errors on /unique_chucks/22/0xc4a6c97738ab3deced513463f3450def3462381c.sol:
/unique_chucks/22/0xc4a6c97738ab3deced513463f3450def3462381c.sol:23:3: Warning: Defining constructors as functions with the same name as the contract is deprecated. Use "constructor(...) { ... }" instead.
  function Ownable() public {
  ^ (Relevant source part starts here and spans across multiple lines).
/unique_chucks/22/0xc4a6c97738ab3deced513463f3450def3462381c.sol:199:3: Warning: Defining constructors as functions with the same name as the contract is deprecated. Use "constructor(...) { ... }" instead.
  function BitfuryToken() public {
  ^ (Relevant source part starts here and spans across multiple lines).

INFO:Detectors:[92m
SafeBasicToken.balanceOf (/unique_chucks/22/0xc4a6c97738ab3deced513463f3450def3462381c.sol#103-111) should be declared external
ERC20Basic.balanceOf (/unique_chucks/22/0xc4a6c97738ab3deced513463f3450def3462381c.sol#10-11) should be declared external
ERC20Basic.transfer (/unique_chucks/22/0xc4a6c97738ab3deced513463f3450def3462381c.sol#11-13) should be declared external
SafeBasicToken.transfer (/unique_chucks/22/0xc4a6c97738ab3deced513463f3450def3462381c.sol#89-99) should be declared external
Ownable.transferOwnership (/unique_chucks/22/0xc4a6c97738ab3deced513463f3450def3462381c.sol#37-46) should be declared external
SafeStandardToken.allowance (/unique_chucks/22/0xc4a6c97738ab3deced513463f3450def3462381c.sol#169-171) should be declared external
ERC20.allowance (/unique_chucks/22/0xc4a6c97738ab3deced513463f3450def3462381c.sol#113-114) should be declared external
ERC20.transferFrom (/unique_chucks/22/0xc4a6c97738ab3deced513463f3450def3462381c.sol#114-115) should be declared external
SafeStandardToken.transferFrom (/unique_chucks/22/0xc4a6c97738ab3deced513463f3450def3462381c.sol#135-147) should be declared external
SafeStandardToken.approve (/unique_chucks/22/0xc4a6c97738ab3deced513463f3450def3462381c.sol#156-162) should be declared external
ERC20.approve (/unique_chucks/22/0xc4a6c97738ab3deced513463f3450def3462381c.sol#115-119) should be declared external
SafeStandardToken.increaseApproval (/unique_chucks/22/0xc4a6c97738ab3deced513463f3450def3462381c.sol#176-183) should be declared external
SafeStandardToken.decreaseApproval (/unique_chucks/22/0xc4a6c97738ab3deced513463f3450def3462381c.sol#183-197) should be declared external
Reference: https://github.com/trailofbits/slither/wiki/Detectors-Documentation#public-function-that-could-be-declared-as-external[0m
INFO:Detectors:[92m
Detected issues with version pragma in /unique_chucks/22/0xc4a6c97738ab3deced513463f3450def3462381c.sol:
	- pragma solidity^0.4.17 (/unique_chucks/22/0xc4a6c97738ab3deced513463f3450def3462381c.sol#1): it allows old versions
Reference: https://github.com/trailofbits/slither/wiki/Detectors-Documentation#incorrect-version-of-solidity[0m
INFO:Detectors:[92m
Function 'Ownable.Ownable' (/unique_chucks/22/0xc4a6c97738ab3deced513463f3450def3462381c.sol#23-27) is not in mixedCase
Parameter '_owner' of SafeBasicToken.balanceOf (/unique_chucks/22/0xc4a6c97738ab3deced513463f3450def3462381c.sol#108) is not in mixedCase
Parameter '_to' of SafeBasicToken.transfer (/unique_chucks/22/0xc4a6c97738ab3deced513463f3450def3462381c.sol#90) is not in mixedCase
Parameter '_value' of SafeBasicToken.transfer (/unique_chucks/22/0xc4a6c97738ab3deced513463f3450def3462381c.sol#90-91) is not in mixedCase
Parameter '_owner' of SafeStandardToken.allowance (/unique_chucks/22/0xc4a6c97738ab3deced513463f3450def3462381c.sol#169) is not in mixedCase
Parameter '_spender' of SafeStandardToken.allowance (/unique_chucks/22/0xc4a6c97738ab3deced513463f3450def3462381c.sol#169) is not in mixedCase
Parameter '_from' of SafeStandardToken.transferFrom (/unique_chucks/22/0xc4a6c97738ab3deced513463f3450def3462381c.sol#135) is not in mixedCase
Parameter '_to' of SafeStandardToken.transferFrom (/unique_chucks/22/0xc4a6c97738ab3deced513463f3450def3462381c.sol#135-136) is not in mixedCase
Parameter '_value' of SafeStandardToken.transferFrom (/unique_chucks/22/0xc4a6c97738ab3deced513463f3450def3462381c.sol#136) is not in mixedCase
Parameter '_spender' of SafeStandardToken.approve (/unique_chucks/22/0xc4a6c97738ab3deced513463f3450def3462381c.sol#157-158) is not in mixedCase
Parameter '_value' of SafeStandardToken.approve (/unique_chucks/22/0xc4a6c97738ab3deced513463f3450def3462381c.sol#158-160) is not in mixedCase
Parameter '_spender' of SafeStandardToken.increaseApproval (/unique_chucks/22/0xc4a6c97738ab3deced513463f3450def3462381c.sol#177) is not in mixedCase
Parameter '_addedValue' of SafeStandardToken.increaseApproval (/unique_chucks/22/0xc4a6c97738ab3deced513463f3450def3462381c.sol#177) is not in mixedCase
Parameter '_spender' of SafeStandardToken.decreaseApproval (/unique_chucks/22/0xc4a6c97738ab3deced513463f3450def3462381c.sol#184) is not in mixedCase
Parameter '_subtractedValue' of SafeStandardToken.decreaseApproval (/unique_chucks/22/0xc4a6c97738ab3deced513463f3450def3462381c.sol#184-185) is not in mixedCase
Function 'BitfuryToken.BitfuryToken' (/unique_chucks/22/0xc4a6c97738ab3deced513463f3450def3462381c.sol) is not in mixedCase
Reference: https://github.com/trailofbits/slither/wiki/Detectors-Documentation#conformance-to-solidity-naming-conventions[0m
INFO:Slither:/unique_chucks/22/0xc4a6c97738ab3deced513463f3450def3462381c.sol analyzed (7 contracts), 30 result(s) found