INFO:Slither:Compilation warnings/errors on /unique_chucks/36/0xa42868496e6b98d655e4a820801d8df8f4abe2b3.sol:
/unique_chucks/36/0xa42868496e6b98d655e4a820801d8df8f4abe2b3.sol:28:5: Warning: Defining constructors as functions with the same name as the contract is deprecated. Use "constructor(...) { ... }" instead.
    function KJC() public {
    ^ (Relevant source part starts here and spans across multiple lines).
/unique_chucks/36/0xa42868496e6b98d655e4a820801d8df8f4abe2b3.sol:4:5: Warning: Functions in interfaces should be declared external.
    function receiveApproval(address _from, uint256 _value, address _token, bytes _extraData) public; 
    ^-----------------------------------------------------------------------------------------------^
/unique_chucks/36/0xa42868496e6b98d655e4a820801d8df8f4abe2b3.sol:57:9: Warning: Invoking events without "emit" prefix is deprecated.
        Transfer(_from, _to, _value);
        ^--------------------------^
/unique_chucks/36/0xa42868496e6b98d655e4a820801d8df8f4abe2b3.sol:100:9: Warning: Invoking events without "emit" prefix is deprecated.
        Approval(msg.sender, _spender, _value);
        ^------------------------------------^
/unique_chucks/36/0xa42868496e6b98d655e4a820801d8df8f4abe2b3.sol:135:34: Warning: This function only accepts a single "bytes" argument. Please use "abi.encodePacked(...)" or a similar function to encode the data.
            bytes20 divineHash = ripemd160(block.coinbase, block.number, block.timestamp);
                                 ^------------------------------------------------------^
/unique_chucks/36/0xa42868496e6b98d655e4a820801d8df8f4abe2b3.sol:152:9: Warning: Invoking events without "emit" prefix is deprecated.
        Transfer(address(this), msg.sender, tokensIssued);
        ^-----------------------------------------------^

INFO:Detectors:[93m
KJC (/unique_chucks/36/0xa42868496e6b98d655e4a820801d8df8f4abe2b3.sol#7-164) has incorrect ERC20 function interface(s):
	-transfer (/unique_chucks/36/0xa42868496e6b98d655e4a820801d8df8f4abe2b3.sol#70-75)
Reference: https://github.com/trailofbits/slither/wiki/Detectors-Documentation#incorrect-erc20-interface[0m
INFO:Detectors:[93m
KJC.fallback (/unique_chucks/36/0xa42868496e6b98d655e4a820801d8df8f4abe2b3.sol#126-161) uses a dangerous strict equality:
	- divineHash[0] == 0 || divineHash[0] == 1
	- divineHash[0] == 0 || divineHash[0] == 1
Reference: https://github.com/trailofbits/slither/wiki/Detectors-Documentation#dangerous-strict-equalities[0m
INFO:Detectors:[92m
KJC.fallback (/unique_chucks/36/0xa42868496e6b98d655e4a820801d8df8f4abe2b3.sol#126-161) uses timestamp for comparisons
	Dangerous comparisons:
	- (divineHash[1] & 0x04 != 0) (/unique_chucks/36/0xa42868496e6b98d655e4a820801d8df8f4abe2b3.sol#140-143)
	- (divineHash[1] & 0x02 != 0) (/unique_chucks/36/0xa42868496e6b98d655e4a820801d8df8f4abe2b3.sol#140-143)
	- (divineHash[1] & 0x08 != 0) (/unique_chucks/36/0xa42868496e6b98d655e4a820801d8df8f4abe2b3.sol#140-143)
	- (divineHash[1] & 0x08 != 0) (/unique_chucks/36/0xa42868496e6b98d655e4a820801d8df8f4abe2b3.sol#140-143)
	- (divineHash[1] & 0x02 != 0) (/unique_chucks/36/0xa42868496e6b98d655e4a820801d8df8f4abe2b3.sol#140-143)
	- (divineHash[1] & 0x08 != 0) (/unique_chucks/36/0xa42868496e6b98d655e4a820801d8df8f4abe2b3.sol#140-143)
	- (divineHash[1] & 0x04 != 0) (/unique_chucks/36/0xa42868496e6b98d655e4a820801d8df8f4abe2b3.sol#140-143)
	- (divineHash[1] & 0x04 != 0) (/unique_chucks/36/0xa42868496e6b98d655e4a820801d8df8f4abe2b3.sol#140-143)
	- (divineHash[1] & 0x08 != 0) (/unique_chucks/36/0xa42868496e6b98d655e4a820801d8df8f4abe2b3.sol#140-143)
	- (divineHash[1] & 0x08 != 0) (/unique_chucks/36/0xa42868496e6b98d655e4a820801d8df8f4abe2b3.sol#140-143)
	- (divineHash[1] & 0x08 != 0) (/unique_chucks/36/0xa42868496e6b98d655e4a820801d8df8f4abe2b3.sol#140-143)
	- (divineHash[1] & 0x08 != 0) (/unique_chucks/36/0xa42868496e6b98d655e4a820801d8df8f4abe2b3.sol#140-143)
	- (divineHash[1] & 0x04 != 0) (/unique_chucks/36/0xa42868496e6b98d655e4a820801d8df8f4abe2b3.sol#140-143)
	- (divineHash[1] & 0x01 != 0) (/unique_chucks/36/0xa42868496e6b98d655e4a820801d8df8f4abe2b3.sol#140-143)
	- divineHash[0] == 0 || divineHash[0] == 1 (/unique_chucks/36/0xa42868496e6b98d655e4a820801d8df8f4abe2b3.sol#139-152)
	- (divineHash[1] & 0x08 != 0) (/unique_chucks/36/0xa42868496e6b98d655e4a820801d8df8f4abe2b3.sol#140-143)
Reference: https://github.com/trailofbits/slither/wiki/Detectors-Documentation#block-timestamp[0m
INFO:Detectors:[92m
KJC.KJCPerEthereum should be constant (/unique_chucks/36/0xa42868496e6b98d655e4a820801d8df8f4abe2b3.sol#26-28)
KJC.decimals should be constant (/unique_chucks/36/0xa42868496e6b98d655e4a820801d8df8f4abe2b3.sol#11-12)
KJC.name should be constant (/unique_chucks/36/0xa42868496e6b98d655e4a820801d8df8f4abe2b3.sol#9-10)
KJC.symbol should be constant (/unique_chucks/36/0xa42868496e6b98d655e4a820801d8df8f4abe2b3.sol#10-11)
Reference: https://github.com/trailofbits/slither/wiki/Detectors-Documentation#state-variables-that-could-be-declared-constant[0m
INFO:Detectors:[92m
tokenRecipient.receiveApproval (/unique_chucks/36/0xa42868496e6b98d655e4a820801d8df8f4abe2b3.sol#4-5) should be declared external
KJC.transfer (/unique_chucks/36/0xa42868496e6b98d655e4a820801d8df8f4abe2b3.sol#70-75) should be declared external
KJC.transferFrom (/unique_chucks/36/0xa42868496e6b98d655e4a820801d8df8f4abe2b3.sol#80-90) should be declared external
KJC.approveAndCall (/unique_chucks/36/0xa42868496e6b98d655e4a820801d8df8f4abe2b3.sol#112-124) should be declared external
KJC.fallback (/unique_chucks/36/0xa42868496e6b98d655e4a820801d8df8f4abe2b3.sol#126-161) should be declared external
KJC.disablePurchasing (/unique_chucks/36/0xa42868496e6b98d655e4a820801d8df8f4abe2b3.sol#161-162) should be declared external
KJC.getStats (/unique_chucks/36/0xa42868496e6b98d655e4a820801d8df8f4abe2b3.sol#162-164) should be declared external
Reference: https://github.com/trailofbits/slither/wiki/Detectors-Documentation#public-function-that-could-be-declared-as-external[0m
INFO:Detectors:[92m
Detected issues with version pragma in /unique_chucks/36/0xa42868496e6b98d655e4a820801d8df8f4abe2b3.sol:
	- pragma solidity^0.4.16 (/unique_chucks/36/0xa42868496e6b98d655e4a820801d8df8f4abe2b3.sol#1): it allows old versions
Reference: https://github.com/trailofbits/slither/wiki/Detectors-Documentation#incorrect-version-of-solidity[0m
INFO:Detectors:[92m
Contract 'tokenRecipient' (/unique_chucks/36/0xa42868496e6b98d655e4a820801d8df8f4abe2b3.sol#3-7) is not in CapWords
Function 'KJC.KJC' (/unique_chucks/36/0xa42868496e6b98d655e4a820801d8df8f4abe2b3.sol#29-33) is not in mixedCase
Function 'KJC._transfer' (/unique_chucks/36/0xa42868496e6b98d655e4a820801d8df8f4abe2b3.sol#42-64) is not in mixedCase
Parameter '_from' of KJC._transfer (/unique_chucks/36/0xa42868496e6b98d655e4a820801d8df8f4abe2b3.sol#42-43) is not in mixedCase
Parameter '_to' of KJC._transfer (/unique_chucks/36/0xa42868496e6b98d655e4a820801d8df8f4abe2b3.sol#43-44) is not in mixedCase
Parameter '_value' of KJC._transfer (/unique_chucks/36/0xa42868496e6b98d655e4a820801d8df8f4abe2b3.sol#44) is not in mixedCase
Parameter '_to' of KJC.transfer (/unique_chucks/36/0xa42868496e6b98d655e4a820801d8df8f4abe2b3.sol#70) is not in mixedCase
Parameter '_value' of KJC.transfer (/unique_chucks/36/0xa42868496e6b98d655e4a820801d8df8f4abe2b3.sol#70-73) is not in mixedCase
Parameter '_from' of KJC.transferFrom (/unique_chucks/36/0xa42868496e6b98d655e4a820801d8df8f4abe2b3.sol#81-82) is not in mixedCase
Parameter '_to' of KJC.transferFrom (/unique_chucks/36/0xa42868496e6b98d655e4a820801d8df8f4abe2b3.sol#82) is not in mixedCase
Parameter '_value' of KJC.transferFrom (/unique_chucks/36/0xa42868496e6b98d655e4a820801d8df8f4abe2b3.sol#82) is not in mixedCase
Parameter '_spender' of KJC.approve (/unique_chucks/36/0xa42868496e6b98d655e4a820801d8df8f4abe2b3.sol#96) is not in mixedCase
Parameter '_value' of KJC.approve (/unique_chucks/36/0xa42868496e6b98d655e4a820801d8df8f4abe2b3.sol#96) is not in mixedCase
Parameter '_spender' of KJC.approveAndCall (/unique_chucks/36/0xa42868496e6b98d655e4a820801d8df8f4abe2b3.sol#113) is not in mixedCase
Parameter '_value' of KJC.approveAndCall (/unique_chucks/36/0xa42868496e6b98d655e4a820801d8df8f4abe2b3.sol#113) is not in mixedCase
Parameter '_extraData' of KJC.approveAndCall (/unique_chucks/36/0xa42868496e6b98d655e4a820801d8df8f4abe2b3.sol#113-114) is not in mixedCase
Variable 'KJC.KJCPerEthereum' (/unique_chucks/36/0xa42868496e6b98d655e4a820801d8df8f4abe2b3.sol#26-28) is not in mixedCase
Reference: https://github.com/trailofbits/slither/wiki/Detectors-Documentation#conformance-to-solidity-naming-conventions[0m
INFO:Slither:/unique_chucks/36/0xa42868496e6b98d655e4a820801d8df8f4abe2b3.sol analyzed (2 contracts), 29 result(s) found