INFO:Slither:Compilation warnings/errors on /unique_chucks/27/0x32166f7492c3bdd428dcc8d38c6c9e89e7f46101.sol:
/unique_chucks/27/0x32166f7492c3bdd428dcc8d38c6c9e89e7f46101.sol:25:3: Warning: Defining constructors as functions with the same name as the contract is deprecated. Use "constructor(...) { ... }" instead.
  function Ownable() {
  ^ (Relevant source part starts here and spans across multiple lines).
/unique_chucks/27/0x32166f7492c3bdd428dcc8d38c6c9e89e7f46101.sol:109:17: Warning: "throw" is deprecated in favour of "revert()", "require()" and "assert()".
    if (halted) throw;
                ^---^
/unique_chucks/27/0x32166f7492c3bdd428dcc8d38c6c9e89e7f46101.sol:113:40: Warning: "throw" is deprecated in favour of "revert()", "require()" and "assert()".
    if (halted && msg.sender != owner) throw;
                                       ^---^
/unique_chucks/27/0x32166f7492c3bdd428dcc8d38c6c9e89e7f46101.sol:117:18: Warning: "throw" is deprecated in favour of "revert()", "require()" and "assert()".
    if (!halted) throw;
                 ^---^
/unique_chucks/27/0x32166f7492c3bdd428dcc8d38c6c9e89e7f46101.sol:273:3: Warning: Defining constructors as functions with the same name as the contract is deprecated. Use "constructor(...) { ... }" instead.
  function CrowdsaleExt(address _token, PricingStrategy _pricingStrategy, address _multisigWallet, uint _start, uint _end, uint _minimumFundingGoal, bool _isUpdatable, bool _isWhiteListed) {
  ^ (Relevant source part starts here and spans across multiple lines).
/unique_chucks/27/0x32166f7492c3bdd428dcc8d38c6c9e89e7f46101.sol:279:9: Warning: "throw" is deprecated in favour of "revert()", "require()" and "assert()".
        throw;
        ^---^
/unique_chucks/27/0x32166f7492c3bdd428dcc8d38c6c9e89e7f46101.sol:282:9: Warning: "throw" is deprecated in favour of "revert()", "require()" and "assert()".
        throw;
        ^---^
/unique_chucks/27/0x32166f7492c3bdd428dcc8d38c6c9e89e7f46101.sol:286:9: Warning: "throw" is deprecated in favour of "revert()", "require()" and "assert()".
        throw;
        ^---^
/unique_chucks/27/0x32166f7492c3bdd428dcc8d38c6c9e89e7f46101.sol:291:9: Warning: "throw" is deprecated in favour of "revert()", "require()" and "assert()".
        throw;
        ^---^
/unique_chucks/27/0x32166f7492c3bdd428dcc8d38c6c9e89e7f46101.sol:302:5: Warning: "throw" is deprecated in favour of "revert()", "require()" and "assert()".
    throw;
    ^---^
/unique_chucks/27/0x32166f7492c3bdd428dcc8d38c6c9e89e7f46101.sol:318:7: Warning: "throw" is deprecated in favour of "revert()", "require()" and "assert()".
      throw;
      ^---^
/unique_chucks/27/0x32166f7492c3bdd428dcc8d38c6c9e89e7f46101.sol:324:11: Warning: "throw" is deprecated in favour of "revert()", "require()" and "assert()".
          throw;
          ^---^
/unique_chucks/27/0x32166f7492c3bdd428dcc8d38c6c9e89e7f46101.sol:329:7: Warning: "throw" is deprecated in favour of "revert()", "require()" and "assert()".
      throw;
      ^---^
/unique_chucks/27/0x32166f7492c3bdd428dcc8d38c6c9e89e7f46101.sol:336:7: Warning: "throw" is deprecated in favour of "revert()", "require()" and "assert()".
      throw;
      ^---^
/unique_chucks/27/0x32166f7492c3bdd428dcc8d38c6c9e89e7f46101.sol:341:9: Warning: "throw" is deprecated in favour of "revert()", "require()" and "assert()".
        throw;
        ^---^
/unique_chucks/27/0x32166f7492c3bdd428dcc8d38c6c9e89e7f46101.sol:345:9: Warning: "throw" is deprecated in favour of "revert()", "require()" and "assert()".
        throw;
        ^---^
/unique_chucks/27/0x32166f7492c3bdd428dcc8d38c6c9e89e7f46101.sol:349:9: Warning: "throw" is deprecated in favour of "revert()", "require()" and "assert()".
        throw;
        ^---^
/unique_chucks/27/0x32166f7492c3bdd428dcc8d38c6c9e89e7f46101.sol:353:9: Warning: "throw" is deprecated in favour of "revert()", "require()" and "assert()".
        throw;
        ^---^
/unique_chucks/27/0x32166f7492c3bdd428dcc8d38c6c9e89e7f46101.sol:358:7: Warning: "throw" is deprecated in favour of "revert()", "require()" and "assert()".
      throw;
      ^---^
/unique_chucks/27/0x32166f7492c3bdd428dcc8d38c6c9e89e7f46101.sol:375:41: Warning: "throw" is deprecated in favour of "revert()", "require()" and "assert()".
    if(!multisigWallet.send(weiAmount)) throw;
                                        ^---^
/unique_chucks/27/0x32166f7492c3bdd428dcc8d38c6c9e89e7f46101.sol:378:12: Warning: Use of the "var" keyword is deprecated.
      for (var i = 0; i < joinedCrowdsalesLen; i++) {
           ^---^
/unique_chucks/27/0x32166f7492c3bdd428dcc8d38c6c9e89e7f46101.sol:383:14: Warning: Use of the "var" keyword is deprecated.
        for (var j = num + 1; j < joinedCrowdsalesLen; j++) {
             ^---^
/unique_chucks/27/0x32166f7492c3bdd428dcc8d38c6c9e89e7f46101.sol:424:53: Warning: "throw" is deprecated in favour of "revert()", "require()" and "assert()".
     if (ecrecover(hash, v, r, s) != signerAddress) throw;
                                                    ^---^
/unique_chucks/27/0x32166f7492c3bdd428dcc8d38c6c9e89e7f46101.sol:425:26: Warning: "throw" is deprecated in favour of "revert()", "require()" and "assert()".
     if(customerId == 0) throw;  // UUIDv4 sanity check
                         ^---^
/unique_chucks/27/0x32166f7492c3bdd428dcc8d38c6c9e89e7f46101.sol:432:31: Warning: "throw" is deprecated in favour of "revert()", "require()" and "assert()".
    if(requiredSignedAddress) throw; // Crowdsale allows only server-side signed participants
                              ^---^
/unique_chucks/27/0x32166f7492c3bdd428dcc8d38c6c9e89e7f46101.sol:433:25: Warning: "throw" is deprecated in favour of "revert()", "require()" and "assert()".
    if(customerId == 0) throw;  // UUIDv4 sanity check
                        ^---^
/unique_chucks/27/0x32166f7492c3bdd428dcc8d38c6c9e89e7f46101.sol:440:27: Warning: "throw" is deprecated in favour of "revert()", "require()" and "assert()".
    if(requireCustomerId) throw; // Crowdsale needs to track participants for thank you email
                          ^---^
/unique_chucks/27/0x32166f7492c3bdd428dcc8d38c6c9e89e7f46101.sol:441:31: Warning: "throw" is deprecated in favour of "revert()", "require()" and "assert()".
    if(requiredSignedAddress) throw; // Crowdsale allows only server-side signed participants
                              ^---^
/unique_chucks/27/0x32166f7492c3bdd428dcc8d38c6c9e89e7f46101.sol:474:7: Warning: "throw" is deprecated in favour of "revert()", "require()" and "assert()".
      throw;
      ^---^
/unique_chucks/27/0x32166f7492c3bdd428dcc8d38c6c9e89e7f46101.sol:491:7: Warning: "throw" is deprecated in favour of "revert()", "require()" and "assert()".
      throw;
      ^---^
/unique_chucks/27/0x32166f7492c3bdd428dcc8d38c6c9e89e7f46101.sol:519:25: Warning: "throw" is deprecated in favour of "revert()", "require()" and "assert()".
    if (!isWhiteListed) throw;
                        ^---^
/unique_chucks/27/0x32166f7492c3bdd428dcc8d38c6c9e89e7f46101.sol:524:25: Warning: "throw" is deprecated in favour of "revert()", "require()" and "assert()".
    if (!isWhiteListed) throw;
                        ^---^
/unique_chucks/27/0x32166f7492c3bdd428dcc8d38c6c9e89e7f46101.sol:530:64: Warning: "throw" is deprecated in favour of "revert()", "require()" and "assert()".
    if (tokensBought < earlyParticipantWhitelist[addr].minCap) throw;
                                                               ^---^
/unique_chucks/27/0x32166f7492c3bdd428dcc8d38c6c9e89e7f46101.sol:531:25: Warning: "throw" is deprecated in favour of "revert()", "require()" and "assert()".
    if (!isWhiteListed) throw;
                        ^---^
/unique_chucks/27/0x32166f7492c3bdd428dcc8d38c6c9e89e7f46101.sol:532:59: Warning: "throw" is deprecated in favour of "revert()", "require()" and "assert()".
    if (addr != msg.sender && contractAddr != msg.sender) throw;
                                                          ^---^
/unique_chucks/27/0x32166f7492c3bdd428dcc8d38c6c9e89e7f46101.sol:558:20: Warning: "throw" is deprecated in favour of "revert()", "require()" and "assert()".
    if (finalized) throw;
                   ^---^
/unique_chucks/27/0x32166f7492c3bdd428dcc8d38c6c9e89e7f46101.sol:559:23: Warning: "throw" is deprecated in favour of "revert()", "require()" and "assert()".
    if (!isUpdatable) throw;
                      ^---^
/unique_chucks/27/0x32166f7492c3bdd428dcc8d38c6c9e89e7f46101.sol:561:7: Warning: "throw" is deprecated in favour of "revert()", "require()" and "assert()".
      throw; // Don't change past
      ^---^
/unique_chucks/27/0x32166f7492c3bdd428dcc8d38c6c9e89e7f46101.sol:564:7: Warning: "throw" is deprecated in favour of "revert()", "require()" and "assert()".
      throw;
      ^---^
/unique_chucks/27/0x32166f7492c3bdd428dcc8d38c6c9e89e7f46101.sol:567:42: Warning: "throw" is deprecated in favour of "revert()", "require()" and "assert()".
    if (lastCrowdsaleCntrct.finalized()) throw;
                                         ^---^
/unique_chucks/27/0x32166f7492c3bdd428dcc8d38c6c9e89e7f46101.sol:582:20: Warning: "throw" is deprecated in favour of "revert()", "require()" and "assert()".
    if (finalized) throw;
                   ^---^
/unique_chucks/27/0x32166f7492c3bdd428dcc8d38c6c9e89e7f46101.sol:583:23: Warning: "throw" is deprecated in favour of "revert()", "require()" and "assert()".
    if (!isUpdatable) throw;
                      ^---^
/unique_chucks/27/0x32166f7492c3bdd428dcc8d38c6c9e89e7f46101.sol:585:7: Warning: "throw" is deprecated in favour of "revert()", "require()" and "assert()".
      throw; // Don't change past
      ^---^
/unique_chucks/27/0x32166f7492c3bdd428dcc8d38c6c9e89e7f46101.sol:588:7: Warning: "throw" is deprecated in favour of "revert()", "require()" and "assert()".
      throw;
      ^---^
/unique_chucks/27/0x32166f7492c3bdd428dcc8d38c6c9e89e7f46101.sol:591:42: Warning: "throw" is deprecated in favour of "revert()", "require()" and "assert()".
    if (lastCrowdsaleCntrct.finalized()) throw;
                                         ^---^
/unique_chucks/27/0x32166f7492c3bdd428dcc8d38c6c9e89e7f46101.sol:593:10: Warning: Use of the "var" keyword is deprecated.
    for (var i = 0; i < joinedCrowdsalesLen; i++) {
         ^---^
/unique_chucks/27/0x32166f7492c3bdd428dcc8d38c6c9e89e7f46101.sol:598:12: Warning: Use of the "var" keyword is deprecated.
      for (var j = num + 1; j < joinedCrowdsalesLen; j++) {
           ^---^
/unique_chucks/27/0x32166f7492c3bdd428dcc8d38c6c9e89e7f46101.sol:600:42: Warning: "throw" is deprecated in favour of "revert()", "require()" and "assert()".
        if (time > crowdsale.startsAt()) throw;
                                         ^---^
/unique_chucks/27/0x32166f7492c3bdd428dcc8d38c6c9e89e7f46101.sol:615:7: Warning: "throw" is deprecated in favour of "revert()", "require()" and "assert()".
      throw;
      ^---^
/unique_chucks/27/0x32166f7492c3bdd428dcc8d38c6c9e89e7f46101.sol:628:7: Warning: "throw" is deprecated in favour of "revert()", "require()" and "assert()".
      throw;
      ^---^
/unique_chucks/27/0x32166f7492c3bdd428dcc8d38c6c9e89e7f46101.sol:638:24: Warning: "throw" is deprecated in favour of "revert()", "require()" and "assert()".
    if(msg.value == 0) throw;
                       ^---^
/unique_chucks/27/0x32166f7492c3bdd428dcc8d38c6c9e89e7f46101.sol:649:24: Warning: "throw" is deprecated in favour of "revert()", "require()" and "assert()".
    if (weiValue == 0) throw;
                       ^---^
/unique_chucks/27/0x32166f7492c3bdd428dcc8d38c6c9e89e7f46101.sol:653:37: Warning: "throw" is deprecated in favour of "revert()", "require()" and "assert()".
    if (!msg.sender.send(weiValue)) throw;
                                    ^---^
/unique_chucks/27/0x32166f7492c3bdd428dcc8d38c6c9e89e7f46101.sol:702:29: Warning: "throw" is deprecated in favour of "revert()", "require()" and "assert()".
    if(getState() != state) throw;
                            ^---^
/unique_chucks/27/0x32166f7492c3bdd428dcc8d38c6c9e89e7f46101.sol:786:3: Warning: Defining constructors as functions with the same name as the contract is deprecated. Use "constructor(...) { ... }" instead.
  function FlatPricingExt(uint _oneTokenInWei, bool _isUpdatable) onlyOwner {
  ^ (Relevant source part starts here and spans across multiple lines).
/unique_chucks/27/0x32166f7492c3bdd428dcc8d38c6c9e89e7f46101.sol:795:23: Warning: "throw" is deprecated in favour of "revert()", "require()" and "assert()".
    if (!isUpdatable) throw;
                      ^---^
/unique_chucks/27/0x32166f7492c3bdd428dcc8d38c6c9e89e7f46101.sol:797:42: Warning: "throw" is deprecated in favour of "revert()", "require()" and "assert()".
    if (lastCrowdsaleCntrct.finalized()) throw;
                                         ^---^
/unique_chucks/27/0x32166f7492c3bdd428dcc8d38c6c9e89e7f46101.sol:41:5: Warning: Invoking events without "emit" prefix is deprecated.
    OwnershipTransferred(owner, newOwner);
    ^-----------------------------------^
/unique_chucks/27/0x32166f7492c3bdd428dcc8d38c6c9e89e7f46101.sol:378:12: Warning: The type of this variable was inferred as uint8, which can hold values between 0 and 255. This is probably not desired. Use an explicit type to silence this warning.
      for (var i = 0; i < joinedCrowdsalesLen; i++) {
           ^-------^
/unique_chucks/27/0x32166f7492c3bdd428dcc8d38c6c9e89e7f46101.sol:390:5: Warning: Invoking events without "emit" prefix is deprecated.
    Invested(receiver, weiAmount, tokenAmount, customerId);
    ^----------------------------------------------------^
/unique_chucks/27/0x32166f7492c3bdd428dcc8d38c6c9e89e7f46101.sol:391:5: Warning: Invoking events without "emit" prefix is deprecated.
    Deposit(receiver, weiAmount);
    ^--------------------------^
/unique_chucks/27/0x32166f7492c3bdd428dcc8d38c6c9e89e7f46101.sol:417:5: Warning: Invoking events without "emit" prefix is deprecated.
    Invested(receiver, weiAmount, tokenAmount, 0);
    ^-------------------------------------------^
/unique_chucks/27/0x32166f7492c3bdd428dcc8d38c6c9e89e7f46101.sol:423:21: Warning: This function only accepts a single "bytes" argument. Please use "abi.encodePacked(...)" or a similar function to encode the data.
     bytes32 hash = sha256(addr);
                    ^----------^
/unique_chucks/27/0x32166f7492c3bdd428dcc8d38c6c9e89e7f46101.sol:423:21: Warning: The provided argument of type address is not implicitly convertible to expected type bytes memory.
     bytes32 hash = sha256(addr);
                    ^----------^
/unique_chucks/27/0x32166f7492c3bdd428dcc8d38c6c9e89e7f46101.sol:500:5: Warning: Invoking events without "emit" prefix is deprecated.
    InvestmentPolicyChanged(requireCustomerId, requiredSignedAddress, signerAddress);
    ^------------------------------------------------------------------------------^
/unique_chucks/27/0x32166f7492c3bdd428dcc8d38c6c9e89e7f46101.sol:511:5: Warning: Invoking events without "emit" prefix is deprecated.
    InvestmentPolicyChanged(requireCustomerId, requiredSignedAddress, signerAddress);
    ^------------------------------------------------------------------------------^
/unique_chucks/27/0x32166f7492c3bdd428dcc8d38c6c9e89e7f46101.sol:521:5: Warning: Invoking events without "emit" prefix is deprecated.
    Whitelisted(addr, status);
    ^-----------------------^
/unique_chucks/27/0x32166f7492c3bdd428dcc8d38c6c9e89e7f46101.sol:569:5: Warning: Invoking events without "emit" prefix is deprecated.
    StartsAtChanged(startsAt);
    ^-----------------------^
/unique_chucks/27/0x32166f7492c3bdd428dcc8d38c6c9e89e7f46101.sol:593:10: Warning: The type of this variable was inferred as uint8, which can hold values between 0 and 255. This is probably not desired. Use an explicit type to silence this warning.
    for (var i = 0; i < joinedCrowdsalesLen; i++) {
         ^-------^
/unique_chucks/27/0x32166f7492c3bdd428dcc8d38c6c9e89e7f46101.sol:604:5: Warning: Invoking events without "emit" prefix is deprecated.
    EndsAtChanged(endsAt);
    ^-------------------^
/unique_chucks/27/0x32166f7492c3bdd428dcc8d38c6c9e89e7f46101.sol:652:5: Warning: Invoking events without "emit" prefix is deprecated.
    Refund(msg.sender, weiValue);
    ^--------------------------^
/unique_chucks/27/0x32166f7492c3bdd428dcc8d38c6c9e89e7f46101.sol:786:67: Warning: Modifier-style base constructor call without arguments.
  function FlatPricingExt(uint _oneTokenInWei, bool _isUpdatable) onlyOwner {
                                                                  ^-------^
/unique_chucks/27/0x32166f7492c3bdd428dcc8d38c6c9e89e7f46101.sol:799:5: Warning: Invoking events without "emit" prefix is deprecated.
    RateChanged(newOneTokenInWei);
    ^---------------------------^
/unique_chucks/27/0x32166f7492c3bdd428dcc8d38c6c9e89e7f46101.sol:25:3: Warning: No visibility specified. Defaulting to "public". 
  function Ownable() {
  ^ (Relevant source part starts here and spans across multiple lines).
/unique_chucks/27/0x32166f7492c3bdd428dcc8d38c6c9e89e7f46101.sol:61:3: Warning: No visibility specified. Defaulting to "public". 
  function times(uint a, uint b) returns (uint) {
  ^ (Relevant source part starts here and spans across multiple lines).
/unique_chucks/27/0x32166f7492c3bdd428dcc8d38c6c9e89e7f46101.sol:66:3: Warning: No visibility specified. Defaulting to "public". 
  function divides(uint a, uint b) returns (uint) {
  ^ (Relevant source part starts here and spans across multiple lines).
/unique_chucks/27/0x32166f7492c3bdd428dcc8d38c6c9e89e7f46101.sol:72:3: Warning: No visibility specified. Defaulting to "public". 
  function minus(uint a, uint b) returns (uint) {
  ^ (Relevant source part starts here and spans across multiple lines).
/unique_chucks/27/0x32166f7492c3bdd428dcc8d38c6c9e89e7f46101.sol:76:3: Warning: No visibility specified. Defaulting to "public". 
  function plus(uint a, uint b) returns (uint) {
  ^ (Relevant source part starts here and spans across multiple lines).
/unique_chucks/27/0x32166f7492c3bdd428dcc8d38c6c9e89e7f46101.sol:152:3: Warning: No visibility specified. Defaulting to "public". 
  function finalizeCrowdsale();
  ^---------------------------^
/unique_chucks/27/0x32166f7492c3bdd428dcc8d38c6c9e89e7f46101.sol:273:3: Warning: No visibility specified. Defaulting to "public". 
  function CrowdsaleExt(address _token, PricingStrategy _pricingStrategy, address _multisigWallet, uint _start, uint _end, uint _minimumFundingGoal, bool _isUpdatable, bool _isWhiteListed) {
  ^ (Relevant source part starts here and spans across multiple lines).
/unique_chucks/27/0x32166f7492c3bdd428dcc8d38c6c9e89e7f46101.sol:301:3: Warning: No visibility specified. Defaulting to "public". 
  function() payable {
  ^ (Relevant source part starts here and spans across multiple lines).
/unique_chucks/27/0x32166f7492c3bdd428dcc8d38c6c9e89e7f46101.sol:487:3: Warning: No visibility specified. Defaulting to "public". 
  function setFinalizeAgent(FinalizeAgent addr) onlyOwner {
  ^ (Relevant source part starts here and spans across multiple lines).
/unique_chucks/27/0x32166f7492c3bdd428dcc8d38c6c9e89e7f46101.sol:498:3: Warning: No visibility specified. Defaulting to "public". 
  function setRequireCustomerId(bool value) onlyOwner {
  ^ (Relevant source part starts here and spans across multiple lines).
/unique_chucks/27/0x32166f7492c3bdd428dcc8d38c6c9e89e7f46101.sol:508:3: Warning: No visibility specified. Defaulting to "public". 
  function setRequireSignedAddress(bool value, address _signerAddress) onlyOwner {
  ^ (Relevant source part starts here and spans across multiple lines).
/unique_chucks/27/0x32166f7492c3bdd428dcc8d38c6c9e89e7f46101.sol:518:3: Warning: No visibility specified. Defaulting to "public". 
  function setEarlyParicipantWhitelist(address addr, bool status, uint minCap, uint maxCap) onlyOwner {
  ^ (Relevant source part starts here and spans across multiple lines).
/unique_chucks/27/0x32166f7492c3bdd428dcc8d38c6c9e89e7f46101.sol:523:3: Warning: No visibility specified. Defaulting to "public". 
  function setEarlyParicipantsWhitelist(address[] addrs, bool[] statuses, uint[] minCaps, uint[] maxCaps) onlyOwner {
  ^ (Relevant source part starts here and spans across multiple lines).
/unique_chucks/27/0x32166f7492c3bdd428dcc8d38c6c9e89e7f46101.sol:529:3: Warning: No visibility specified. Defaulting to "public". 
  function updateEarlyParicipantWhitelist(address addr, address contractAddr, uint tokensBought) {
  ^ (Relevant source part starts here and spans across multiple lines).
/unique_chucks/27/0x32166f7492c3bdd428dcc8d38c6c9e89e7f46101.sol:537:3: Warning: No visibility specified. Defaulting to "public". 
  function updateJoinedCrowdsales(address addr) onlyOwner {
  ^ (Relevant source part starts here and spans across multiple lines).
/unique_chucks/27/0x32166f7492c3bdd428dcc8d38c6c9e89e7f46101.sol:540:3: Warning: No visibility specified. Defaulting to "public". 
  function setLastCrowdsale(address addr) onlyOwner {
  ^ (Relevant source part starts here and spans across multiple lines).
/unique_chucks/27/0x32166f7492c3bdd428dcc8d38c6c9e89e7f46101.sol:543:3: Warning: No visibility specified. Defaulting to "public". 
  function clearJoinedCrowdsales() onlyOwner {
  ^ (Relevant source part starts here and spans across multiple lines).
/unique_chucks/27/0x32166f7492c3bdd428dcc8d38c6c9e89e7f46101.sol:546:3: Warning: No visibility specified. Defaulting to "public". 
  function updateJoinedCrowdsalesMultiple(address[] addrs) onlyOwner {
  ^ (Relevant source part starts here and spans across multiple lines).
/unique_chucks/27/0x32166f7492c3bdd428dcc8d38c6c9e89e7f46101.sol:557:3: Warning: No visibility specified. Defaulting to "public". 
  function setStartsAt(uint time) onlyOwner {
  ^ (Relevant source part starts here and spans across multiple lines).
/unique_chucks/27/0x32166f7492c3bdd428dcc8d38c6c9e89e7f46101.sol:581:3: Warning: No visibility specified. Defaulting to "public". 
  function setEndsAt(uint time) onlyOwner {
  ^ (Relevant source part starts here and spans across multiple lines).
/unique_chucks/27/0x32166f7492c3bdd428dcc8d38c6c9e89e7f46101.sol:611:3: Warning: No visibility specified. Defaulting to "public". 
  function setPricingStrategy(PricingStrategy _pricingStrategy) onlyOwner {
  ^ (Relevant source part starts here and spans across multiple lines).
/unique_chucks/27/0x32166f7492c3bdd428dcc8d38c6c9e89e7f46101.sol:690:3: Warning: No visibility specified. Defaulting to "public". 
  function setOwnerTestValue(uint val) onlyOwner {
  ^ (Relevant source part starts here and spans across multiple lines).
/unique_chucks/27/0x32166f7492c3bdd428dcc8d38c6c9e89e7f46101.sol:723:3: Warning: No visibility specified. Defaulting to "public". 
  function isBreakingCap(uint weiAmount, uint tokenAmount, uint weiRaisedTotal, uint tokensSoldTotal) constant returns (bool limitBroken);
  ^--------------------------------------------------------------------------------------------------------------------------------------^
/unique_chucks/27/0x32166f7492c3bdd428dcc8d38c6c9e89e7f46101.sol:724:3: Warning: No visibility specified. Defaulting to "public". 
  function isBreakingInvestorCap(address receiver, uint tokenAmount) constant returns (bool limitBroken);
  ^-----------------------------------------------------------------------------------------------------^
/unique_chucks/27/0x32166f7492c3bdd428dcc8d38c6c9e89e7f46101.sol:751:19: Warning: Unused function parameter. Remove or comment out the variable name to silence this warning.
  function isSane(address crowdsale) public constant returns (bool) {
                  ^---------------^
/unique_chucks/27/0x32166f7492c3bdd428dcc8d38c6c9e89e7f46101.sol:759:30: Warning: Unused function parameter. Remove or comment out the variable name to silence this warning.
  function isPresalePurchase(address purchaser) public constant returns (bool) {
                             ^---------------^
/unique_chucks/27/0x32166f7492c3bdd428dcc8d38c6c9e89e7f46101.sol:786:3: Warning: No visibility specified. Defaulting to "public". 
  function FlatPricingExt(uint _oneTokenInWei, bool _isUpdatable) onlyOwner {
  ^ (Relevant source part starts here and spans across multiple lines).
/unique_chucks/27/0x32166f7492c3bdd428dcc8d38c6c9e89e7f46101.sol:791:3: Warning: No visibility specified. Defaulting to "public". 
  function setLastCrowdsale(address addr) onlyOwner {
  ^ (Relevant source part starts here and spans across multiple lines).
/unique_chucks/27/0x32166f7492c3bdd428dcc8d38c6c9e89e7f46101.sol:794:3: Warning: No visibility specified. Defaulting to "public". 
  function updateRate(uint newOneTokenInWei) onlyOwner {
  ^ (Relevant source part starts here and spans across multiple lines).
/unique_chucks/27/0x32166f7492c3bdd428dcc8d38c6c9e89e7f46101.sol:805:39: Warning: Unused function parameter. Remove or comment out the variable name to silence this warning.
  function calculatePrice(uint value, uint weiRaised, uint tokensSold, address msgSender, uint decimals) public constant returns (uint) {
                                      ^------------^
/unique_chucks/27/0x32166f7492c3bdd428dcc8d38c6c9e89e7f46101.sol:805:55: Warning: Unused function parameter. Remove or comment out the variable name to silence this warning.
  function calculatePrice(uint value, uint weiRaised, uint tokensSold, address msgSender, uint decimals) public constant returns (uint) {
                                                      ^-------------^
/unique_chucks/27/0x32166f7492c3bdd428dcc8d38c6c9e89e7f46101.sol:805:72: Warning: Unused function parameter. Remove or comment out the variable name to silence this warning.
  function calculatePrice(uint value, uint weiRaised, uint tokensSold, address msgSender, uint decimals) public constant returns (uint) {
                                                                       ^---------------^
/unique_chucks/27/0x32166f7492c3bdd428dcc8d38c6c9e89e7f46101.sol:61:3: Warning: Function state mutability can be restricted to pure
  function times(uint a, uint b) returns (uint) {
  ^ (Relevant source part starts here and spans across multiple lines).
/unique_chucks/27/0x32166f7492c3bdd428dcc8d38c6c9e89e7f46101.sol:66:3: Warning: Function state mutability can be restricted to pure
  function divides(uint a, uint b) returns (uint) {
  ^ (Relevant source part starts here and spans across multiple lines).
/unique_chucks/27/0x32166f7492c3bdd428dcc8d38c6c9e89e7f46101.sol:72:3: Warning: Function state mutability can be restricted to pure
  function minus(uint a, uint b) returns (uint) {
  ^ (Relevant source part starts here and spans across multiple lines).
/unique_chucks/27/0x32166f7492c3bdd428dcc8d38c6c9e89e7f46101.sol:76:3: Warning: Function state mutability can be restricted to pure
  function plus(uint a, uint b) returns (uint) {
  ^ (Relevant source part starts here and spans across multiple lines).
/unique_chucks/27/0x32166f7492c3bdd428dcc8d38c6c9e89e7f46101.sol:142:3: Warning: Function state mutability can be restricted to pure
  function isFinalizeAgent() public constant returns(bool) {
  ^ (Relevant source part starts here and spans across multiple lines).
/unique_chucks/27/0x32166f7492c3bdd428dcc8d38c6c9e89e7f46101.sol:694:3: Warning: Function state mutability can be restricted to pure
  function isCrowdsale() public constant returns (bool) {
  ^ (Relevant source part starts here and spans across multiple lines).
/unique_chucks/27/0x32166f7492c3bdd428dcc8d38c6c9e89e7f46101.sol:744:3: Warning: Function state mutability can be restricted to pure
  function isPricingStrategy() public constant returns (bool) {
  ^ (Relevant source part starts here and spans across multiple lines).
/unique_chucks/27/0x32166f7492c3bdd428dcc8d38c6c9e89e7f46101.sol:751:3: Warning: Function state mutability can be restricted to pure
  function isSane(address crowdsale) public constant returns (bool) {
  ^ (Relevant source part starts here and spans across multiple lines).
/unique_chucks/27/0x32166f7492c3bdd428dcc8d38c6c9e89e7f46101.sol:759:3: Warning: Function state mutability can be restricted to pure
  function isPresalePurchase(address purchaser) public constant returns (bool) {
  ^ (Relevant source part starts here and spans across multiple lines).
/unique_chucks/27/0x32166f7492c3bdd428dcc8d38c6c9e89e7f46101.sol:807:12: Warning: Function declared as view, but this expression (potentially) modifies the state and thus requires non-payable (the default) or payable.
    return value.times(multiplier) / oneTokenInWei;
           ^---------------------^

INFO:Detectors:[93m
Reentrancy in CrowdsaleExt.finalize (/unique_chucks/27/0x32166f7492c3bdd428dcc8d38c6c9e89e7f46101.sol#485-498):
	External calls:
	- finalizeAgent.finalizeCrowdsale() (/unique_chucks/27/0x32166f7492c3bdd428dcc8d38c6c9e89e7f46101.sol#495-498)
	State variables written after the call(s):
	- finalized (/unique_chucks/27/0x32166f7492c3bdd428dcc8d38c6c9e89e7f46101.sol#498)
Reentrancy in CrowdsaleExt.investInternal (/unique_chucks/27/0x32166f7492c3bdd428dcc8d38c6c9e89e7f46101.sol#320-402):
	External calls:
	- getState() == State.Funding (/unique_chucks/27/0x32166f7492c3bdd428dcc8d38c6c9e89e7f46101.sol#331-337)
	- tokenAmount = pricingStrategy.calculatePrice(weiAmount,weiRaised - presaleWeiRaised,tokensSold,msg.sender,token.decimals()) (/unique_chucks/27/0x32166f7492c3bdd428dcc8d38c6c9e89e7f46101.sol#340-343)
	State variables written after the call(s):
	- tokensSold (/unique_chucks/27/0x32166f7492c3bdd428dcc8d38c6c9e89e7f46101.sol#375-377)
	- weiRaised (/unique_chucks/27/0x32166f7492c3bdd428dcc8d38c6c9e89e7f46101.sol#374-375)
Reentrancy in CrowdsaleExt.investInternal (/unique_chucks/27/0x32166f7492c3bdd428dcc8d38c6c9e89e7f46101.sol#320-402):
	External calls:
	- getState() == State.Funding (/unique_chucks/27/0x32166f7492c3bdd428dcc8d38c6c9e89e7f46101.sol#331-337)
	- tokenAmount = pricingStrategy.calculatePrice(weiAmount,weiRaised - presaleWeiRaised,tokensSold,msg.sender,token.decimals()) (/unique_chucks/27/0x32166f7492c3bdd428dcc8d38c6c9e89e7f46101.sol#340-343)
	- pricingStrategy.isPresalePurchase(receiver) (/unique_chucks/27/0x32166f7492c3bdd428dcc8d38c6c9e89e7f46101.sol#377-380)
	State variables written after the call(s):
	- presaleWeiRaised (/unique_chucks/27/0x32166f7492c3bdd428dcc8d38c6c9e89e7f46101.sol#378-380)
Reference: https://github.com/trailofbits/slither/wiki/Detectors-Documentation#reentrancy-vulnerabilities-1[0m
INFO:Detectors:[92m
CrowdsaleExt.investInternal has external calls inside a loop:
	- crowdsale.updateEarlyParicipantWhitelist(msg.sender,this,tokenAmount) (/unique_chucks/27/0x32166f7492c3bdd428dcc8d38c6c9e89e7f46101.sol#397-399)
CrowdsaleExt.setEndsAt has external calls inside a loop:
	- time > crowdsale.startsAt() (/unique_chucks/27/0x32166f7492c3bdd428dcc8d38c6c9e89e7f46101.sol#621)
Reference: https://github.com/trailofbits/slither/wiki/Detectors-Documentation/_edit#calls-inside-a-loop[0m
INFO:Detectors:[92m
Reentrancy in CrowdsaleExt.CrowdsaleExt (/unique_chucks/27/0x32166f7492c3bdd428dcc8d38c6c9e89e7f46101.sol#276-310):
	External calls:
	- setPricingStrategy(_pricingStrategy) (/unique_chucks/27/0x32166f7492c3bdd428dcc8d38c6c9e89e7f46101.sol#289-291)
	State variables written after the call(s):
	- endsAt (/unique_chucks/27/0x32166f7492c3bdd428dcc8d38c6c9e89e7f46101.sol#299)
	- isUpdatable (/unique_chucks/27/0x32166f7492c3bdd428dcc8d38c6c9e89e7f46101.sol#308-310)
	- isWhiteListed (/unique_chucks/27/0x32166f7492c3bdd428dcc8d38c6c9e89e7f46101.sol#310)
	- minimumFundingGoal (/unique_chucks/27/0x32166f7492c3bdd428dcc8d38c6c9e89e7f46101.sol#307-308)
	- multisigWallet (/unique_chucks/27/0x32166f7492c3bdd428dcc8d38c6c9e89e7f46101.sol#291-293)
	- startsAt (/unique_chucks/27/0x32166f7492c3bdd428dcc8d38c6c9e89e7f46101.sol#296)
Reentrancy in CrowdsaleExt.investInternal (/unique_chucks/27/0x32166f7492c3bdd428dcc8d38c6c9e89e7f46101.sol#320-402):
	External calls:
	- getState() == State.Funding (/unique_chucks/27/0x32166f7492c3bdd428dcc8d38c6c9e89e7f46101.sol#331-337)
	- tokenAmount = pricingStrategy.calculatePrice(weiAmount,weiRaised - presaleWeiRaised,tokensSold,msg.sender,token.decimals()) (/unique_chucks/27/0x32166f7492c3bdd428dcc8d38c6c9e89e7f46101.sol#340-343)
	State variables written after the call(s):
	- investedAmountOf (/unique_chucks/27/0x32166f7492c3bdd428dcc8d38c6c9e89e7f46101.sol#367-370)
	- investorCount (/unique_chucks/27/0x32166f7492c3bdd428dcc8d38c6c9e89e7f46101.sol#383)
	- tokenAmountOf (/unique_chucks/27/0x32166f7492c3bdd428dcc8d38c6c9e89e7f46101.sol#370-373)
Reentrancy in CrowdsaleExt.preallocate (/unique_chucks/27/0x32166f7492c3bdd428dcc8d38c6c9e89e7f46101.sol#413-429):
	External calls:
	- tokenAmount = fullTokens * 10 ** token.decimals() (/unique_chucks/27/0x32166f7492c3bdd428dcc8d38c6c9e89e7f46101.sol#415-416)
	State variables written after the call(s):
	- investedAmountOf (/unique_chucks/27/0x32166f7492c3bdd428dcc8d38c6c9e89e7f46101.sol#422-423)
	- tokenAmountOf (/unique_chucks/27/0x32166f7492c3bdd428dcc8d38c6c9e89e7f46101.sol#423-425)
	- tokensSold (/unique_chucks/27/0x32166f7492c3bdd428dcc8d38c6c9e89e7f46101.sol#422)
	- weiRaised (/unique_chucks/27/0x32166f7492c3bdd428dcc8d38c6c9e89e7f46101.sol#420-422)
Reference: https://github.com/trailofbits/slither/wiki/Detectors-Documentation#reentrancy-vulnerabilities-2[0m
INFO:Detectors:[92m
CrowdsaleExt.getState (/unique_chucks/27/0x32166f7492c3bdd428dcc8d38c6c9e89e7f46101.sol#689-713) uses timestamp for comparisons
	Dangerous comparisons:
	- block.timestamp <= endsAt && ! isCrowdsaleFull() (/unique_chucks/27/0x32166f7492c3bdd428dcc8d38c6c9e89e7f46101.sol#702-713)
	- block.timestamp < startsAt (/unique_chucks/27/0x32166f7492c3bdd428dcc8d38c6c9e89e7f46101.sol#700-713)
Reference: https://github.com/trailofbits/slither/wiki/Detectors-Documentation#block-timestamp[0m
INFO:Detectors:[92m
CrowdsaleExt.MAX_INVESTMENTS_BEFORE_MULTISIG_CHANGE should be constant (/unique_chucks/27/0x32166f7492c3bdd428dcc8d38c6c9e89e7f46101.sol#194-195)
ERC20Basic.totalSupply should be constant (/unique_chucks/27/0x32166f7492c3bdd428dcc8d38c6c9e89e7f46101.sol#8-9)
FractionalERC20Ext.decimals should be constant (/unique_chucks/27/0x32166f7492c3bdd428dcc8d38c6c9e89e7f46101.sol#182)
FractionalERC20Ext.minCap should be constant (/unique_chucks/27/0x32166f7492c3bdd428dcc8d38c6c9e89e7f46101.sol#183)
Reference: https://github.com/trailofbits/slither/wiki/Detectors-Documentation#state-variables-that-could-be-declared-constant[0m
INFO:Detectors:[92m
Deprecated standard detected @ /unique_chucks/27/0x32166f7492c3bdd428dcc8d38c6c9e89e7f46101.sol#114-116:
	- Usage of "throw" should be replaced with "revert()"
Deprecated standard detected @ /unique_chucks/27/0x32166f7492c3bdd428dcc8d38c6c9e89e7f46101.sol#120:
	- Usage of "throw" should be replaced with "revert()"
Deprecated standard detected @ /unique_chucks/27/0x32166f7492c3bdd428dcc8d38c6c9e89e7f46101.sol#121-122:
	- Usage of "throw" should be replaced with "revert()"
Deprecated standard detected @ /unique_chucks/27/0x32166f7492c3bdd428dcc8d38c6c9e89e7f46101.sol#294:
	- Usage of "throw" should be replaced with "revert()"
Deprecated standard detected @ /unique_chucks/27/0x32166f7492c3bdd428dcc8d38c6c9e89e7f46101.sol#295:
	- Usage of "throw" should be replaced with "revert()"
Deprecated standard detected @ /unique_chucks/27/0x32166f7492c3bdd428dcc8d38c6c9e89e7f46101.sol#299:
	- Usage of "throw" should be replaced with "revert()"
Deprecated standard detected @ /unique_chucks/27/0x32166f7492c3bdd428dcc8d38c6c9e89e7f46101.sol#305:
	- Usage of "throw" should be replaced with "revert()"
Deprecated standard detected @ /unique_chucks/27/0x32166f7492c3bdd428dcc8d38c6c9e89e7f46101.sol#311:
	- Usage of "throw" should be replaced with "revert()"
Deprecated standard detected @ /unique_chucks/27/0x32166f7492c3bdd428dcc8d38c6c9e89e7f46101.sol#331:
	- Usage of "throw" should be replaced with "revert()"
Deprecated standard detected @ /unique_chucks/27/0x32166f7492c3bdd428dcc8d38c6c9e89e7f46101.sol#333:
	- Usage of "throw" should be replaced with "revert()"
Deprecated standard detected @ /unique_chucks/27/0x32166f7492c3bdd428dcc8d38c6c9e89e7f46101.sol#336:
	- Usage of "throw" should be replaced with "revert()"
Deprecated standard detected @ /unique_chucks/27/0x32166f7492c3bdd428dcc8d38c6c9e89e7f46101.sol#346:
	- Usage of "throw" should be replaced with "revert()"
Deprecated standard detected @ /unique_chucks/27/0x32166f7492c3bdd428dcc8d38c6c9e89e7f46101.sol#352:
	- Usage of "throw" should be replaced with "revert()"
Deprecated standard detected @ /unique_chucks/27/0x32166f7492c3bdd428dcc8d38c6c9e89e7f46101.sol#357:
	- Usage of "throw" should be replaced with "revert()"
Deprecated standard detected @ /unique_chucks/27/0x32166f7492c3bdd428dcc8d38c6c9e89e7f46101.sol#361:
	- Usage of "throw" should be replaced with "revert()"
Deprecated standard detected @ /unique_chucks/27/0x32166f7492c3bdd428dcc8d38c6c9e89e7f46101.sol#364:
	- Usage of "throw" should be replaced with "revert()"
Deprecated standard detected @ /unique_chucks/27/0x32166f7492c3bdd428dcc8d38c6c9e89e7f46101.sol#367:
	- Usage of "throw" should be replaced with "revert()"
Deprecated standard detected @ /unique_chucks/27/0x32166f7492c3bdd428dcc8d38c6c9e89e7f46101.sol#385:
	- Usage of "throw" should be replaced with "revert()"
Deprecated standard detected @ /unique_chucks/27/0x32166f7492c3bdd428dcc8d38c6c9e89e7f46101.sol#433:
	- Usage of "throw" should be replaced with "revert()"
Deprecated standard detected @ /unique_chucks/27/0x32166f7492c3bdd428dcc8d38c6c9e89e7f46101.sol#434:
	- Usage of "throw" should be replaced with "revert()"
Deprecated standard detected @ /unique_chucks/27/0x32166f7492c3bdd428dcc8d38c6c9e89e7f46101.sol#441:
	- Usage of "throw" should be replaced with "revert()"
Deprecated standard detected @ /unique_chucks/27/0x32166f7492c3bdd428dcc8d38c6c9e89e7f46101.sol#445:
	- Usage of "throw" should be replaced with "revert()"
Deprecated standard detected @ /unique_chucks/27/0x32166f7492c3bdd428dcc8d38c6c9e89e7f46101.sol#449-451:
	- Usage of "throw" should be replaced with "revert()"
Deprecated standard detected @ /unique_chucks/27/0x32166f7492c3bdd428dcc8d38c6c9e89e7f46101.sol#455:
	- Usage of "throw" should be replaced with "revert()"
Deprecated standard detected @ /unique_chucks/27/0x32166f7492c3bdd428dcc8d38c6c9e89e7f46101.sol#489:
	- Usage of "throw" should be replaced with "revert()"
Deprecated standard detected @ /unique_chucks/27/0x32166f7492c3bdd428dcc8d38c6c9e89e7f46101.sol#508:
	- Usage of "throw" should be replaced with "revert()"
Deprecated standard detected @ /unique_chucks/27/0x32166f7492c3bdd428dcc8d38c6c9e89e7f46101.sol#529:
	- Usage of "throw" should be replaced with "revert()"
Deprecated standard detected @ /unique_chucks/27/0x32166f7492c3bdd428dcc8d38c6c9e89e7f46101.sol#534:
	- Usage of "throw" should be replaced with "revert()"
Deprecated standard detected @ /unique_chucks/27/0x32166f7492c3bdd428dcc8d38c6c9e89e7f46101.sol#541:
	- Usage of "throw" should be replaced with "revert()"
Deprecated standard detected @ /unique_chucks/27/0x32166f7492c3bdd428dcc8d38c6c9e89e7f46101.sol#543:
	- Usage of "throw" should be replaced with "revert()"
Deprecated standard detected @ /unique_chucks/27/0x32166f7492c3bdd428dcc8d38c6c9e89e7f46101.sol#546:
	- Usage of "throw" should be replaced with "revert()"
Deprecated standard detected @ /unique_chucks/27/0x32166f7492c3bdd428dcc8d38c6c9e89e7f46101.sol#577:
	- Usage of "throw" should be replaced with "revert()"
Deprecated standard detected @ /unique_chucks/27/0x32166f7492c3bdd428dcc8d38c6c9e89e7f46101.sol#578:
	- Usage of "throw" should be replaced with "revert()"
Deprecated standard detected @ /unique_chucks/27/0x32166f7492c3bdd428dcc8d38c6c9e89e7f46101.sol#579-580:
	- Usage of "throw" should be replaced with "revert()"
Deprecated standard detected @ /unique_chucks/27/0x32166f7492c3bdd428dcc8d38c6c9e89e7f46101.sol#582:
	- Usage of "throw" should be replaced with "revert()"
Deprecated standard detected @ /unique_chucks/27/0x32166f7492c3bdd428dcc8d38c6c9e89e7f46101.sol#587-588:
	- Usage of "throw" should be replaced with "revert()"
Deprecated standard detected @ /unique_chucks/27/0x32166f7492c3bdd428dcc8d38c6c9e89e7f46101.sol#600:
	- Usage of "throw" should be replaced with "revert()"
Deprecated standard detected @ /unique_chucks/27/0x32166f7492c3bdd428dcc8d38c6c9e89e7f46101.sol#601-602:
	- Usage of "throw" should be replaced with "revert()"
Deprecated standard detected @ /unique_chucks/27/0x32166f7492c3bdd428dcc8d38c6c9e89e7f46101.sol#604:
	- Usage of "throw" should be replaced with "revert()"
Deprecated standard detected @ /unique_chucks/27/0x32166f7492c3bdd428dcc8d38c6c9e89e7f46101.sol#607-608:
	- Usage of "throw" should be replaced with "revert()"
Deprecated standard detected @ /unique_chucks/27/0x32166f7492c3bdd428dcc8d38c6c9e89e7f46101.sol#611:
	- Usage of "throw" should be replaced with "revert()"
Deprecated standard detected @ /unique_chucks/27/0x32166f7492c3bdd428dcc8d38c6c9e89e7f46101.sol#621:
	- Usage of "throw" should be replaced with "revert()"
Deprecated standard detected @ /unique_chucks/27/0x32166f7492c3bdd428dcc8d38c6c9e89e7f46101.sol#635:
	- Usage of "throw" should be replaced with "revert()"
Deprecated standard detected @ /unique_chucks/27/0x32166f7492c3bdd428dcc8d38c6c9e89e7f46101.sol#648:
	- Usage of "throw" should be replaced with "revert()"
Deprecated standard detected @ /unique_chucks/27/0x32166f7492c3bdd428dcc8d38c6c9e89e7f46101.sol#658:
	- Usage of "throw" should be replaced with "revert()"
Deprecated standard detected @ /unique_chucks/27/0x32166f7492c3bdd428dcc8d38c6c9e89e7f46101.sol#670:
	- Usage of "throw" should be replaced with "revert()"
Deprecated standard detected @ /unique_chucks/27/0x32166f7492c3bdd428dcc8d38c6c9e89e7f46101.sol#676:
	- Usage of "throw" should be replaced with "revert()"
Deprecated standard detected @ /unique_chucks/27/0x32166f7492c3bdd428dcc8d38c6c9e89e7f46101.sol#721:
	- Usage of "throw" should be replaced with "revert()"
Deprecated standard detected @ /unique_chucks/27/0x32166f7492c3bdd428dcc8d38c6c9e89e7f46101.sol:
	- Usage of "throw" should be replaced with "revert()"
Deprecated standard detected @ /unique_chucks/27/0x32166f7492c3bdd428dcc8d38c6c9e89e7f46101.sol:
	- Usage of "throw" should be replaced with "revert()"
Reference: https://github.com/trailofbits/slither/wiki/Detectors-Documentation#deprecated-standards[0m
INFO:Detectors:[92m
ERC20Basic.balanceOf (/unique_chucks/27/0x32166f7492c3bdd428dcc8d38c6c9e89e7f46101.sol#9-10) should be declared external
ERC20Basic.transfer (/unique_chucks/27/0x32166f7492c3bdd428dcc8d38c6c9e89e7f46101.sol#10-11) should be declared external
Ownable.transferOwnership (/unique_chucks/27/0x32166f7492c3bdd428dcc8d38c6c9e89e7f46101.sol#39-46) should be declared external
SafeMathLibExt.times (/unique_chucks/27/0x32166f7492c3bdd428dcc8d38c6c9e89e7f46101.sol#62-67) should be declared external
SafeMathLibExt.divides (/unique_chucks/27/0x32166f7492c3bdd428dcc8d38c6c9e89e7f46101.sol#67-73) should be declared external
SafeMathLibExt.minus (/unique_chucks/27/0x32166f7492c3bdd428dcc8d38c6c9e89e7f46101.sol#74-78) should be declared external
SafeMathLibExt.plus (/unique_chucks/27/0x32166f7492c3bdd428dcc8d38c6c9e89e7f46101.sol#78-83) should be declared external
FinalizeAgent.isFinalizeAgent (/unique_chucks/27/0x32166f7492c3bdd428dcc8d38c6c9e89e7f46101.sol#145-148) should be declared external
FinalizeAgent.isSane (/unique_chucks/27/0x32166f7492c3bdd428dcc8d38c6c9e89e7f46101.sol#152-155) should be declared external
FinalizeAgent.finalizeCrowdsale (/unique_chucks/27/0x32166f7492c3bdd428dcc8d38c6c9e89e7f46101.sol#157) should be declared external
ERC20.allowance (/unique_chucks/27/0x32166f7492c3bdd428dcc8d38c6c9e89e7f46101.sol#165-167) should be declared external
ERC20.transferFrom (/unique_chucks/27/0x32166f7492c3bdd428dcc8d38c6c9e89e7f46101.sol#167-170) should be declared external
ERC20.approve (/unique_chucks/27/0x32166f7492c3bdd428dcc8d38c6c9e89e7f46101.sol#170-172) should be declared external
CrowdsaleExt.fallback (/unique_chucks/27/0x32166f7492c3bdd428dcc8d38c6c9e89e7f46101.sol#311) should be declared external
CrowdsaleExt.preallocate (/unique_chucks/27/0x32166f7492c3bdd428dcc8d38c6c9e89e7f46101.sol#413-429) should be declared external
CrowdsaleExt.buyWithSignedAddress (/unique_chucks/27/0x32166f7492c3bdd428dcc8d38c6c9e89e7f46101.sol#461-469) should be declared external
CrowdsaleExt.buyWithCustomerId (/unique_chucks/27/0x32166f7492c3bdd428dcc8d38c6c9e89e7f46101.sol#469-471) should be declared external
CrowdsaleExt.buy (/unique_chucks/27/0x32166f7492c3bdd428dcc8d38c6c9e89e7f46101.sol#477-478) should be declared external
CrowdsaleExt.finalize (/unique_chucks/27/0x32166f7492c3bdd428dcc8d38c6c9e89e7f46101.sol#485-498) should be declared external
CrowdsaleExt.setFinalizeAgent (/unique_chucks/27/0x32166f7492c3bdd428dcc8d38c6c9e89e7f46101.sol#503-508) should be declared external
CrowdsaleExt.setRequireCustomerId (/unique_chucks/27/0x32166f7492c3bdd428dcc8d38c6c9e89e7f46101.sol#511-517) should be declared external
CrowdsaleExt.setRequireSignedAddress (/unique_chucks/27/0x32166f7492c3bdd428dcc8d38c6c9e89e7f46101.sol#520-524) should be declared external
CrowdsaleExt.setEarlyParicipantsWhitelist (/unique_chucks/27/0x32166f7492c3bdd428dcc8d38c6c9e89e7f46101.sol#531-537) should be declared external
CrowdsaleExt.updateEarlyParicipantWhitelist (/unique_chucks/27/0x32166f7492c3bdd428dcc8d38c6c9e89e7f46101.sol#537-551) should be declared external
CrowdsaleExt.updateJoinedCrowdsales (/unique_chucks/27/0x32166f7492c3bdd428dcc8d38c6c9e89e7f46101.sol#551-554) should be declared external
CrowdsaleExt.updateJoinedCrowdsalesMultiple (/unique_chucks/27/0x32166f7492c3bdd428dcc8d38c6c9e89e7f46101.sol#561-575) should be declared external
CrowdsaleExt.setStartsAt (/unique_chucks/27/0x32166f7492c3bdd428dcc8d38c6c9e89e7f46101.sol#575-590) should be declared external
CrowdsaleExt.setEndsAt (/unique_chucks/27/0x32166f7492c3bdd428dcc8d38c6c9e89e7f46101.sol#599-622) should be declared external
CrowdsaleExt.setMultisig (/unique_chucks/27/0x32166f7492c3bdd428dcc8d38c6c9e89e7f46101.sol#644-649) should be declared external
CrowdsaleExt.loadRefund (/unique_chucks/27/0x32166f7492c3bdd428dcc8d38c6c9e89e7f46101.sol#656-659) should be declared external
CrowdsaleExt.refund (/unique_chucks/27/0x32166f7492c3bdd428dcc8d38c6c9e89e7f46101.sol#665-676) should be declared external
CrowdsaleExt.isFinalizerSane (/unique_chucks/27/0x32166f7492c3bdd428dcc8d38c6c9e89e7f46101.sol#681-682) should be declared external
CrowdsaleExt.isPricingSane (/unique_chucks/27/0x32166f7492c3bdd428dcc8d38c6c9e89e7f46101.sol#684-685) should be declared external
CrowdsaleExt.setOwnerTestValue (/unique_chucks/27/0x32166f7492c3bdd428dcc8d38c6c9e89e7f46101.sol#716-717) should be declared external
CrowdsaleExt.isCrowdsale (/unique_chucks/27/0x32166f7492c3bdd428dcc8d38c6c9e89e7f46101.sol#717-718) should be declared external
PricingStrategy.isPricingStrategy (/unique_chucks/27/0x32166f7492c3bdd428dcc8d38c6c9e89e7f46101.sol#766-768) should be declared external
PricingStrategy.isSane (/unique_chucks/27/0x32166f7492c3bdd428dcc8d38c6c9e89e7f46101.sol#769-770) should be declared external
PricingStrategy.isPresalePurchase (/unique_chucks/27/0x32166f7492c3bdd428dcc8d38c6c9e89e7f46101.sol#773-778) should be declared external
FlatPricingExt.calculatePrice (/unique_chucks/27/0x32166f7492c3bdd428dcc8d38c6c9e89e7f46101.sol) should be declared external
PricingStrategy.calculatePrice (/unique_chucks/27/0x32166f7492c3bdd428dcc8d38c6c9e89e7f46101.sol#792-796) should be declared external
FlatPricingExt.setLastCrowdsale (/unique_chucks/27/0x32166f7492c3bdd428dcc8d38c6c9e89e7f46101.sol) should be declared external
FlatPricingExt.updateRate (/unique_chucks/27/0x32166f7492c3bdd428dcc8d38c6c9e89e7f46101.sol) should be declared external
Reference: https://github.com/trailofbits/slither/wiki/Detectors-Documentation#public-function-that-could-be-declared-as-external[0m
INFO:Detectors:[92m
Detected issues with version pragma in /unique_chucks/27/0x32166f7492c3bdd428dcc8d38c6c9e89e7f46101.sol:
	- pragma solidity^0.4.11 (/unique_chucks/27/0x32166f7492c3bdd428dcc8d38c6c9e89e7f46101.sol#1): it allows old versions
Reference: https://github.com/trailofbits/slither/wiki/Detectors-Documentation#incorrect-version-of-solidity[0m
INFO:Detectors:[92m
Function 'Ownable.Ownable' (/unique_chucks/27/0x32166f7492c3bdd428dcc8d38c6c9e89e7f46101.sol#26-29) is not in mixedCase
Function 'CrowdsaleExt.CrowdsaleExt' (/unique_chucks/27/0x32166f7492c3bdd428dcc8d38c6c9e89e7f46101.sol#276-310) is not in mixedCase
Parameter '_token' of CrowdsaleExt.CrowdsaleExt (/unique_chucks/27/0x32166f7492c3bdd428dcc8d38c6c9e89e7f46101.sol#276-277) is not in mixedCase
Parameter '_pricingStrategy' of CrowdsaleExt.CrowdsaleExt (/unique_chucks/27/0x32166f7492c3bdd428dcc8d38c6c9e89e7f46101.sol#277-278) is not in mixedCase
Parameter '_multisigWallet' of CrowdsaleExt.CrowdsaleExt (/unique_chucks/27/0x32166f7492c3bdd428dcc8d38c6c9e89e7f46101.sol#278-279) is not in mixedCase
Parameter '_start' of CrowdsaleExt.CrowdsaleExt (/unique_chucks/27/0x32166f7492c3bdd428dcc8d38c6c9e89e7f46101.sol#279-280) is not in mixedCase
Parameter '_end' of CrowdsaleExt.CrowdsaleExt (/unique_chucks/27/0x32166f7492c3bdd428dcc8d38c6c9e89e7f46101.sol#280-281) is not in mixedCase
Parameter '_minimumFundingGoal' of CrowdsaleExt.CrowdsaleExt (/unique_chucks/27/0x32166f7492c3bdd428dcc8d38c6c9e89e7f46101.sol#281-282) is not in mixedCase
Parameter '_isUpdatable' of CrowdsaleExt.CrowdsaleExt (/unique_chucks/27/0x32166f7492c3bdd428dcc8d38c6c9e89e7f46101.sol#282-284) is not in mixedCase
Parameter '_isWhiteListed' of CrowdsaleExt.CrowdsaleExt (/unique_chucks/27/0x32166f7492c3bdd428dcc8d38c6c9e89e7f46101.sol#284-285) is not in mixedCase
Parameter '_signerAddress' of CrowdsaleExt.setRequireSignedAddress (/unique_chucks/27/0x32166f7492c3bdd428dcc8d38c6c9e89e7f46101.sol#520) is not in mixedCase
Parameter '_pricingStrategy' of CrowdsaleExt.setPricingStrategy (/unique_chucks/27/0x32166f7492c3bdd428dcc8d38c6c9e89e7f46101.sol#627) is not in mixedCase
Variable 'CrowdsaleExt.MAX_INVESTMENTS_BEFORE_MULTISIG_CHANGE' (/unique_chucks/27/0x32166f7492c3bdd428dcc8d38c6c9e89e7f46101.sol#194-195) is not in mixedCase
Function 'FlatPricingExt.FlatPricingExt' (/unique_chucks/27/0x32166f7492c3bdd428dcc8d38c6c9e89e7f46101.sol#806-809) is not in mixedCase
Parameter '_oneTokenInWei' of FlatPricingExt.FlatPricingExt (/unique_chucks/27/0x32166f7492c3bdd428dcc8d38c6c9e89e7f46101.sol#807) is not in mixedCase
Parameter '_isUpdatable' of FlatPricingExt.FlatPricingExt (/unique_chucks/27/0x32166f7492c3bdd428dcc8d38c6c9e89e7f46101.sol#807-809) is not in mixedCase
Reference: https://github.com/trailofbits/slither/wiki/Detectors-Documentation#conformance-to-solidity-naming-conventions[0m
INFO:Slither:/unique_chucks/27/0x32166f7492c3bdd428dcc8d38c6c9e89e7f46101.sol analyzed (10 contracts), 119 result(s) found