2019-08-05 12:46:01,006: [12] m.main:INFO: Registered plugins: DetectUninitializedStorage, DetectEnvInstruction, DetectDelegatecall, DetectSuicidal, DetectIntegerOverflow, DetectUninitializedMemory, DetectUnusedRetVal, DetectExternalCallAndLeak, DetectReentrancySimple, DetectInvalid, DetectReentrancyAdvanced
2019-08-05 12:46:01,007: [12] m.main:INFO: Beginning analysis
2019-08-05 12:46:01,034: [12] m.e.manticore:INFO: Starting symbolic create contract
2019-08-05 12:46:23,711: [12] m.e.manticore:INFO: Starting symbolic transaction: 0
2019-08-05 12:47:23,058: [1070] m.e.detectors:WARNING: INVALID instruction
2019-08-05 12:48:07,753: [1032] m.e.detectors:WARNING: INVALID instruction
2019-08-05 13:12:32,948: [1070] m.c.worker:ERROR: Exception in state 9: AssertionError()
Traceback (most recent call last):
  File "/usr/local/lib/python3.6/dist-packages/manticore/core/worker.py", line 121, in run
    current_state.execute()
  File "/usr/local/lib/python3.6/dist-packages/manticore/ethereum/state.py", line 6, in execute
    return self._platform.execute()
  File "/usr/local/lib/python3.6/dist-packages/manticore/platforms/evm.py", line 2684, in execute
    self.current_vm.execute()
  File "/usr/local/lib/python3.6/dist-packages/manticore/platforms/evm.py", line 1210, in execute
    last_pc, last_gas, instruction, arguments, fee, allocated = self._checkpoint()
  File "/usr/local/lib/python3.6/dist-packages/manticore/platforms/evm.py", line 1106, in _checkpoint
    fee = self._calculate_gas(*arguments)
  File "/usr/local/lib/python3.6/dist-packages/manticore/platforms/evm.py", line 1079, in _calculate_gas
    return current.fee + implementation(*arguments)
  File "/usr/local/lib/python3.6/dist-packages/manticore/platforms/evm.py", line 1533, in SHA3_gas
    return GSHA3WORD * (ceil32(size) // 32) + memfee
  File "/usr/local/lib/python3.6/dist-packages/manticore/core/smtlib/expression.py", line 295, in __add__
    return BitVecAdd(self, self.cast(other))
  File "/usr/local/lib/python3.6/dist-packages/manticore/core/smtlib/expression.py", line 284, in cast
    assert value.size == self.size
AssertionError
 
2019-08-05 13:13:16,834: [1064] m.c.worker:ERROR: Exception in state 8: AssertionError()
Traceback (most recent call last):
  File "/usr/local/lib/python3.6/dist-packages/manticore/core/worker.py", line 121, in run
    current_state.execute()
  File "/usr/local/lib/python3.6/dist-packages/manticore/ethereum/state.py", line 6, in execute
    return self._platform.execute()
  File "/usr/local/lib/python3.6/dist-packages/manticore/platforms/evm.py", line 2684, in execute
    self.current_vm.execute()
  File "/usr/local/lib/python3.6/dist-packages/manticore/platforms/evm.py", line 1210, in execute
    last_pc, last_gas, instruction, arguments, fee, allocated = self._checkpoint()
  File "/usr/local/lib/python3.6/dist-packages/manticore/platforms/evm.py", line 1106, in _checkpoint
    fee = self._calculate_gas(*arguments)
  File "/usr/local/lib/python3.6/dist-packages/manticore/platforms/evm.py", line 1079, in _calculate_gas
    return current.fee + implementation(*arguments)
  File "/usr/local/lib/python3.6/dist-packages/manticore/platforms/evm.py", line 1533, in SHA3_gas
    return GSHA3WORD * (ceil32(size) // 32) + memfee
  File "/usr/local/lib/python3.6/dist-packages/manticore/core/smtlib/expression.py", line 295, in __add__
    return BitVecAdd(self, self.cast(other))
  File "/usr/local/lib/python3.6/dist-packages/manticore/core/smtlib/expression.py", line 284, in cast
    assert value.size == self.size
AssertionError