/unique_chucks/34/0x21e6290e82a8350fece94631758531d2c1664eb7.sol
jar:file:/usr/local/lib/node_modules/@smartdec/smartcheck/jdeploy-bundle/smartcheck-2.0-jar-with-dependencies.jar!/solidity-rules.xmlruleId: SOLIDITY_DEPRECATED_CONSTRUCTIONS
patternId: 49bd2a
severity: 1
line: 381
column: 6
content: throw

ruleId: SOLIDITY_DEPRECATED_CONSTRUCTIONS
patternId: 49bd2a
severity: 1
line: 388
column: 6
content: throw

ruleId: SOLIDITY_DEPRECATED_CONSTRUCTIONS
patternId: 49bd2a
severity: 1
line: 393
column: 6
content: throw

ruleId: SOLIDITY_DEPRECATED_CONSTRUCTIONS
patternId: 49bd2a
severity: 1
line: 398
column: 6
content: throw

ruleId: SOLIDITY_DEPRECATED_CONSTRUCTIONS
patternId: 49bd2a
severity: 1
line: 410
column: 6
content: throw

ruleId: SOLIDITY_DEPRECATED_CONSTRUCTIONS
patternId: 49bd2a
severity: 1
line: 413
column: 20
content: throw

ruleId: SOLIDITY_DEPRECATED_CONSTRUCTIONS
patternId: 49bd2a
severity: 1
line: 417
column: 6
content: throw

ruleId: SOLIDITY_DEPRECATED_CONSTRUCTIONS
patternId: 49bd2a
severity: 1
line: 436
column: 6
content: throw

ruleId: SOLIDITY_DEPRECATED_CONSTRUCTIONS
patternId: 49bd2a
severity: 1
line: 441
column: 6
content: throw

ruleId: SOLIDITY_DEPRECATED_CONSTRUCTIONS
patternId: 49bd2a
severity: 1
line: 446
column: 6
content: throw

ruleId: SOLIDITY_DEPRECATED_CONSTRUCTIONS
patternId: 49bd2a
severity: 1
line: 457
column: 6
content: throw

ruleId: SOLIDITY_DEPRECATED_CONSTRUCTIONS
patternId: 49bd2a
severity: 1
line: 476
column: 6
content: throw

ruleId: SOLIDITY_DEPRECATED_CONSTRUCTIONS
patternId: 49bd2a
severity: 1
line: 480
column: 6
content: throw

ruleId: SOLIDITY_DEPRECATED_CONSTRUCTIONS
patternId: 49bd2a
severity: 1
line: 485
column: 6
content: throw

ruleId: SOLIDITY_DEPRECATED_CONSTRUCTIONS
patternId: 49bd2a
severity: 1
line: 489
column: 6
content: throw

ruleId: SOLIDITY_DEPRECATED_CONSTRUCTIONS
patternId: 28fa69
severity: 1
line: 65
column: 2
content: functionbalanceOf(addresswho)constantreturns(uint256);

ruleId: SOLIDITY_DEPRECATED_CONSTRUCTIONS
patternId: 28fa69
severity: 1
line: 148
column: 2
content: functionmul(uint256a,uint256b)internalconstantreturns(uint256){uint256c=a*b;assert(a==0||c/a==b);returnc;}

ruleId: SOLIDITY_DEPRECATED_CONSTRUCTIONS
patternId: 28fa69
severity: 1
line: 154
column: 2
content: functiondiv(uint256a,uint256b)internalconstantreturns(uint256){uint256c=a/b;returnc;}

ruleId: SOLIDITY_DEPRECATED_CONSTRUCTIONS
patternId: 28fa69
severity: 1
line: 161
column: 2
content: functionsub(uint256a,uint256b)internalconstantreturns(uint256){assert(b<=a);returna-b;}

ruleId: SOLIDITY_DEPRECATED_CONSTRUCTIONS
patternId: 28fa69
severity: 1
line: 166
column: 2
content: functionadd(uint256a,uint256b)internalconstantreturns(uint256){uint256c=a+b;assert(c>=a);returnc;}

ruleId: SOLIDITY_DEPRECATED_CONSTRUCTIONS
patternId: 28fa69
severity: 1
line: 201
column: 2
content: functionbalanceOf(address_owner)constantreturns(uint256balance){returnbalances[_owner];}

ruleId: SOLIDITY_DEPRECATED_CONSTRUCTIONS
patternId: 28fa69
severity: 1
line: 217
column: 2
content: functionallowance(addressowner,addressspender)constantreturns(uint256);

ruleId: SOLIDITY_DEPRECATED_CONSTRUCTIONS
patternId: 28fa69
severity: 1
line: 280
column: 2
content: functionallowance(address_owner,address_spender)constantreturns(uint256remaining){returnallowed[_owner][_spender];}

ruleId: SOLIDITY_DEPRECATED_CONSTRUCTIONS
patternId: 28fa69
severity: 1
line: 297
column: 2
content: functionisToken()publicconstantreturns(boolweAre){returntrue;}

ruleId: SOLIDITY_DEPRECATED_CONSTRUCTIONS
patternId: 28fa69
severity: 1
line: 466
column: 2
content: functiongetBalance()publicconstantreturns(uinthowManyTokensCurrentlyInVault){returntoken.balanceOf(address(this));}

ruleId: SOLIDITY_DEPRECATED_CONSTRUCTIONS
patternId: 28fa69
severity: 1
line: 513
column: 2
content: functiongetState()publicconstantreturns(State){if(lockedAt==0){returnState.Loading;}elseif(now>freezeEndsAt){returnState.Distributing;}else{returnState.Holding;}}

ruleId: SOLIDITY_ERC20_APPROVE
patternId: af782c
severity: 2
line: 261
column: 2
content: functionapprove(address_spender,uint256_value)returns(bool){require((_value==0)||(allowed[msg.sender][_spender]==0));allowed[msg.sender][_spender]=_value;Approval(msg.sender,_spender,_value);returntrue;}

ruleId: SOLIDITY_OVERPOWERED_ROLE
patternId: j83hf7
severity: 2
line: 406
column: 2
content: functionsetInvestor(addressinvestor,uintamount)publiconlyOwner{if(lockedAt>0){throw;}if(amount==0)throw;if(balances[investor]>0){throw;}balances[investor]=amount;investorCount++;tokensAllocatedTotal+=amount;Allocated(investor,amount);}

ruleId: SOLIDITY_REVERT_REQUIRE
patternId: c56b12
severity: 1
line: 380
column: 4
content: if(owner==0){throw;}

ruleId: SOLIDITY_REVERT_REQUIRE
patternId: c56b12
severity: 1
line: 387
column: 4
content: if(!token.isToken()){throw;}

ruleId: SOLIDITY_REVERT_REQUIRE
patternId: c56b12
severity: 1
line: 392
column: 4
content: if(_freezeEndsAt==0){throw;}

ruleId: SOLIDITY_REVERT_REQUIRE
patternId: c56b12
severity: 1
line: 397
column: 4
content: if(_tokensToBeAllocated==0){throw;}

ruleId: SOLIDITY_REVERT_REQUIRE
patternId: c56b12
severity: 1
line: 408
column: 4
content: if(lockedAt>0){throw;}

ruleId: SOLIDITY_REVERT_REQUIRE
patternId: c56b12
severity: 1
line: 413
column: 4
content: if(amount==0)throw;

ruleId: SOLIDITY_REVERT_REQUIRE
patternId: c56b12
severity: 1
line: 416
column: 4
content: if(balances[investor]>0){throw;}

ruleId: SOLIDITY_REVERT_REQUIRE
patternId: c56b12
severity: 1
line: 435
column: 4
content: if(lockedAt>0){throw;}

ruleId: SOLIDITY_REVERT_REQUIRE
patternId: c56b12
severity: 1
line: 440
column: 4
content: if(tokensAllocatedTotal!=tokensToBeAllocated){throw;}

ruleId: SOLIDITY_REVERT_REQUIRE
patternId: c56b12
severity: 1
line: 445
column: 4
content: if(token.balanceOf(address(this))!=tokensAllocatedTotal){throw;}

ruleId: SOLIDITY_REVERT_REQUIRE
patternId: c56b12
severity: 1
line: 456
column: 4
content: if(lockedAt>0){throw;}

ruleId: SOLIDITY_REVERT_REQUIRE
patternId: c56b12
severity: 1
line: 475
column: 4
content: if(lockedAt==0){throw;}

ruleId: SOLIDITY_REVERT_REQUIRE
patternId: c56b12
severity: 1
line: 479
column: 4
content: if(now<freezeEndsAt){throw;}

ruleId: SOLIDITY_REVERT_REQUIRE
patternId: c56b12
severity: 1
line: 483
column: 4
content: if(balances[investor]==0){throw;}

ruleId: SOLIDITY_REVERT_REQUIRE
patternId: c56b12
severity: 1
line: 488
column: 4
content: if(claimed[investor]>0){throw;}

ruleId: SOLIDITY_SAFEMATH
patternId: 837cac
severity: 1
line: 180
column: 2
content: usingSafeMathforuint256;

ruleId: SOLIDITY_VISIBILITY
patternId: 910067
severity: 1
line: 31
column: 2
content: functionOwnable(){owner=msg.sender;}

ruleId: SOLIDITY_VISIBILITY
patternId: 910067
severity: 1
line: 49
column: 2
content: functiontransferOwnership(addressnewOwner)onlyOwner{require(newOwner!=address(0));owner=newOwner;}

ruleId: SOLIDITY_VISIBILITY
patternId: 910067
severity: 1
line: 65
column: 2
content: functionbalanceOf(addresswho)constantreturns(uint256);

ruleId: SOLIDITY_VISIBILITY
patternId: 910067
severity: 1
line: 66
column: 2
content: functiontransfer(addressto,uint256value)returns(bool);

ruleId: SOLIDITY_VISIBILITY
patternId: 910067
severity: 1
line: 74
column: 2
content: functionRecoverable(){}

ruleId: SOLIDITY_VISIBILITY
patternId: 910067
severity: 1
line: 110
column: 2
content: functiontimes(uinta,uintb)returns(uint){uintc=a*b;assert(a==0||c/a==b);returnc;}

ruleId: SOLIDITY_VISIBILITY
patternId: 910067
severity: 1
line: 116
column: 2
content: functionminus(uinta,uintb)returns(uint){assert(b<=a);returna-b;}

ruleId: SOLIDITY_VISIBILITY
patternId: 910067
severity: 1
line: 121
column: 2
content: functionplus(uinta,uintb)returns(uint){uintc=a+b;assert(c>=a);returnc;}

ruleId: SOLIDITY_VISIBILITY
patternId: 910067
severity: 1
line: 189
column: 2
content: functiontransfer(address_to,uint256_value)returns(bool){balances[msg.sender]=balances[msg.sender].sub(_value);balances[_to]=balances[_to].add(_value);Transfer(msg.sender,_to,_value);returntrue;}

ruleId: SOLIDITY_VISIBILITY
patternId: 910067
severity: 1
line: 201
column: 2
content: functionbalanceOf(address_owner)constantreturns(uint256balance){returnbalances[_owner];}

ruleId: SOLIDITY_VISIBILITY
patternId: 910067
severity: 1
line: 217
column: 2
content: functionallowance(addressowner,addressspender)constantreturns(uint256);

ruleId: SOLIDITY_VISIBILITY
patternId: 910067
severity: 1
line: 218
column: 2
content: functiontransferFrom(addressfrom,addressto,uint256value)returns(bool);

ruleId: SOLIDITY_VISIBILITY
patternId: 910067
severity: 1
line: 219
column: 2
content: functionapprove(addressspender,uint256value)returns(bool);

ruleId: SOLIDITY_VISIBILITY
patternId: 910067
severity: 1
line: 243
column: 2
content: functiontransferFrom(address_from,address_to,uint256_value)returns(bool){var_allowance=allowed[_from][msg.sender];balances[_to]=balances[_to].add(_value);balances[_from]=balances[_from].sub(_value);allowed[_from][msg.sender]=_allowance.sub(_value);Transfer(_from,_to,_value);returntrue;}

ruleId: SOLIDITY_VISIBILITY
patternId: 910067
severity: 1
line: 261
column: 2
content: functionapprove(address_spender,uint256_value)returns(bool){require((_value==0)||(allowed[msg.sender][_spender]==0));allowed[msg.sender][_spender]=_value;Approval(msg.sender,_spender,_value);returntrue;}

ruleId: SOLIDITY_VISIBILITY
patternId: 910067
severity: 1
line: 280
column: 2
content: functionallowance(address_owner,address_spender)constantreturns(uint256remaining){returnallowed[_owner][_spender];}

ruleId: SOLIDITY_VISIBILITY
patternId: 910067
severity: 1
line: 375
column: 2
content: functionTokenVault(address_owner,uint_freezeEndsAt,StandardTokenExt_token,uint_tokensToBeAllocated){owner=_owner;if(owner==0){throw;}token=_token;if(!token.isToken()){throw;}if(_freezeEndsAt==0){throw;}if(_tokensToBeAllocated==0){throw;}freezeEndsAt=_freezeEndsAt;tokensToBeAllocated=_tokensToBeAllocated;}

ruleId: SOLIDITY_VISIBILITY
patternId: 910067
severity: 1
line: 433
column: 2
content: functionlock()onlyOwner{if(lockedAt>0){throw;}if(tokensAllocatedTotal!=tokensToBeAllocated){throw;}if(token.balanceOf(address(this))!=tokensAllocatedTotal){throw;}lockedAt=now;Locked();}

ruleId: SOLIDITY_VISIBILITY
patternId: 910067
severity: 1
line: 455
column: 2
content: functionrecoverFailedLock()onlyOwner{if(lockedAt>0){throw;}token.transfer(owner,token.balanceOf(address(this)));}

ruleId: SOLIDITY_VISIBILITY
patternId: 910067
severity: 1
line: 471
column: 2
content: functionclaim(){addressinvestor=msg.sender;if(lockedAt==0){throw;}if(now<freezeEndsAt){throw;}if(balances[investor]==0){throw;}if(claimed[investor]>0){throw;}uintamount=balances[investor];claimed[investor]=amount;totalClaimed+=amount;token.transfer(investor,amount);Distributed(investor,amount);}

ruleId: SOLIDITY_VISIBILITY
patternId: b51ce0
severity: 1
line: 182
column: 2
content: mapping(address=>uint256)balances;

ruleId: SOLIDITY_VISIBILITY
patternId: b51ce0
severity: 1
line: 234
column: 2
content: mapping(address=>mapping(address=>uint256))allowed;

SOLIDITY_VISIBILITY :22
SOLIDITY_SAFEMATH :1
SOLIDITY_OVERPOWERED_ROLE :1
SOLIDITY_DEPRECATED_CONSTRUCTIONS :26
SOLIDITY_REVERT_REQUIRE :15
SOLIDITY_ERC20_APPROVE :1