/unique_chucks/13/0x4fb663c1616bfe80b5b6d5a214efa81d5a121801.sol
jar:file:/usr/local/lib/node_modules/@smartdec/smartcheck/jdeploy-bundle/smartcheck-2.0-jar-with-dependencies.jar!/solidity-rules.xmlruleId: SOLIDITY_DEPRECATED_CONSTRUCTIONS
patternId: 49bd2a
severity: 1
line: 93
column: 6
content: throw

ruleId: SOLIDITY_DEPRECATED_CONSTRUCTIONS
patternId: 49bd2a
severity: 1
line: 105
column: 5
content: throw

ruleId: SOLIDITY_DEPRECATED_CONSTRUCTIONS
patternId: 28fa69
severity: 1
line: 64
column: 1
content: functionstatus()constantreturns(uintbank,uintinvestorsCount,uintbeneficiariesCount,uintunpaidTime,uintunpaidIntervals){bank=this.balance;investorsCount=m_investors.length;beneficiariesCount=m_beneficiaries.length;unpaidTime=now-m_latestPaidTime;unpaidIntervals=unpaidTime/PAYOUT_INTERVAL;}

ruleId: SOLIDITY_EXTRA_GAS_IN_LOOPS
patternId: d3j11j
severity: 1
line: 90
column: 4
content: for(idx=0;idx<m_beneficiaries.length;idx++){if(!m_beneficiaries[idx].send(eachBeneficiaryPayout))throw;}

ruleId: SOLIDITY_EXTRA_GAS_IN_LOOPS
patternId: k4o1l4
severity: 1
line: 81
column: 2
content: while(m_latestPaidTime+PAYOUT_INTERVAL<now){uintidx;if(m_beneficiaries.length>0){beneficiariesPayout=(this.balance*BENEFICIARIES_INTEREST)/INTEREST_DENOMINATOR;uinteachBeneficiaryPayout=beneficiariesPayout/m_beneficiaries.length;for(idx=0;idx<m_beneficiaries.length;idx++){if(!m_beneficiaries[idx].send(eachBeneficiaryPayout))throw;}}for(idx=m_investors.length;idx-->0;){if(m_investors[idx].investmentTime>m_latestPaidTime+PAYOUT_INTERVAL)continue;uintpayout=(m_investors[idx].deposit*INVESTORS_INTEREST)/INTEREST_DENOMINATOR;if(!m_investors[idx].etherAddress.send(payout))throw;investorsPayout+=payout;}m_latestPaidTime+=PAYOUT_INTERVAL;paidPeriods++;}

ruleId: SOLIDITY_GAS_LIMIT_IN_LOOPS
patternId: f6f853
severity: 2
line: 90
column: 4
content: for(idx=0;idx<m_beneficiaries.length;idx++){if(!m_beneficiaries[idx].send(eachBeneficiaryPayout))throw;}

ruleId: SOLIDITY_GAS_LIMIT_IN_LOOPS
patternId: 12cf32
severity: 2
line: 99
column: 3
content: for(idx=m_investors.length;idx-->0;){if(m_investors[idx].investmentTime>m_latestPaidTime+PAYOUT_INTERVAL)continue;uintpayout=(m_investors[idx].deposit*INVESTORS_INTEREST)/INTEREST_DENOMINATOR;if(!m_investors[idx].etherAddress.send(payout))throw;investorsPayout+=payout;}

ruleId: SOLIDITY_GAS_LIMIT_IN_LOOPS
patternId: 17f23a
severity: 1
line: 81
column: 8
content: m_latestPaidTime+PAYOUT_INTERVAL<now

ruleId: SOLIDITY_PRAGMAS_VERSION
patternId: 23fc32
severity: 1
line: 1
column: 16
content: ^

ruleId: SOLIDITY_PRIVATE_MODIFIER_DONT_HIDE_DATA
patternId: 5616b2
severity: 1
line: 33
column: 9
content: private

ruleId: SOLIDITY_PRIVATE_MODIFIER_DONT_HIDE_DATA
patternId: 5616b2
severity: 1
line: 36
column: 6
content: private

ruleId: SOLIDITY_PRIVATE_MODIFIER_DONT_HIDE_DATA
patternId: 5616b2
severity: 1
line: 39
column: 12
content: private

ruleId: SOLIDITY_PRIVATE_MODIFIER_DONT_HIDE_DATA
patternId: 5616b2
severity: 1
line: 42
column: 11
content: private

ruleId: SOLIDITY_REVERT_REQUIRE
patternId: c56b12
severity: 1
line: 92
column: 5
content: if(!m_beneficiaries[idx].send(eachBeneficiaryPayout))throw;

ruleId: SOLIDITY_REVERT_REQUIRE
patternId: c56b12
severity: 1
line: 104
column: 4
content: if(!m_investors[idx].etherAddress.send(payout))throw;

ruleId: SOLIDITY_VISIBILITY
patternId: 910067
severity: 1
line: 47
column: 1
content: functionHYIP(){m_admin=msg.sender;m_latestPaidTime=now;}

ruleId: SOLIDITY_VISIBILITY
patternId: 910067
severity: 1
line: 54
column: 1
content: function()payable{addInvestor();}

ruleId: SOLIDITY_VISIBILITY
patternId: 910067
severity: 1
line: 59
column: 1
content: functionInvest()payable{addInvestor();}

ruleId: SOLIDITY_VISIBILITY
patternId: 910067
severity: 1
line: 64
column: 1
content: functionstatus()constantreturns(uintbank,uintinvestorsCount,uintbeneficiariesCount,uintunpaidTime,uintunpaidIntervals){bank=this.balance;investorsCount=m_investors.length;beneficiariesCount=m_beneficiaries.length;unpaidTime=now-m_latestPaidTime;unpaidIntervals=unpaidTime/PAYOUT_INTERVAL;}

ruleId: SOLIDITY_VISIBILITY
patternId: 910067
severity: 1
line: 75
column: 1
content: functionperformPayouts(){uintpaidPeriods=0;uintinvestorsPayout;uintbeneficiariesPayout=0;while(m_latestPaidTime+PAYOUT_INTERVAL<now){uintidx;if(m_beneficiaries.length>0){beneficiariesPayout=(this.balance*BENEFICIARIES_INTEREST)/INTEREST_DENOMINATOR;uinteachBeneficiaryPayout=beneficiariesPayout/m_beneficiaries.length;for(idx=0;idx<m_beneficiaries.length;idx++){if(!m_beneficiaries[idx].send(eachBeneficiaryPayout))throw;}}for(idx=m_investors.length;idx-->0;){if(m_investors[idx].investmentTime>m_latestPaidTime+PAYOUT_INTERVAL)continue;uintpayout=(m_investors[idx].deposit*INVESTORS_INTEREST)/INTEREST_DENOMINATOR;if(!m_investors[idx].etherAddress.send(payout))throw;investorsPayout+=payout;}m_latestPaidTime+=PAYOUT_INTERVAL;paidPeriods++;}Payout(paidPeriods,investorsPayout,beneficiariesPayout);}

ruleId: SOLIDITY_VISIBILITY
patternId: 910067
severity: 1
line: 127
column: 1
content: functionchangeAdmin(addressnewAdmin)adminOnly{m_admin=newAdmin;}

ruleId: SOLIDITY_VISIBILITY
patternId: 910067
severity: 1
line: 133
column: 1
content: functionaddBeneficiary(addressbeneficiary)adminOnly{m_beneficiaries.push(beneficiary);}

ruleId: SOLIDITY_VISIBILITY
patternId: 910067
severity: 1
line: 140
column: 1
content: functionresetBeneficiaryList()adminOnly{deletem_beneficiaries;}

ruleId: SOLIDITY_VISIBILITY
patternId: b51ce0
severity: 1
line: 7
column: 1
content: uintconstantPAYOUT_INTERVAL=1days;

ruleId: SOLIDITY_VISIBILITY
patternId: b51ce0
severity: 1
line: 10
column: 1
content: uintconstantBENEFICIARIES_INTEREST=37;

ruleId: SOLIDITY_VISIBILITY
patternId: b51ce0
severity: 1
line: 11
column: 1
content: uintconstantINVESTORS_INTEREST=33;

ruleId: SOLIDITY_VISIBILITY
patternId: b51ce0
severity: 1
line: 12
column: 1
content: uintconstantINTEREST_DENOMINATOR=1000;

SOLIDITY_VISIBILITY :12
SOLIDITY_DEPRECATED_CONSTRUCTIONS :3
SOLIDITY_PRAGMAS_VERSION :1
SOLIDITY_REVERT_REQUIRE :2
SOLIDITY_PRIVATE_MODIFIER_DONT_HIDE_DATA :4
SOLIDITY_EXTRA_GAS_IN_LOOPS :2
SOLIDITY_GAS_LIMIT_IN_LOOPS :3