INFO:Detectors:[92m
BasicToken.totalSupply (/unique_chucks/24/0xb57fb7fd9fa4f7d30703edb193aeb27f6e66a19e.sol#80-85) should be declared external
ERC20Basic.totalSupply (/unique_chucks/24/0xb57fb7fd9fa4f7d30703edb193aeb27f6e66a19e.sol#9-10) should be declared external
ERC20Basic.balanceOf (/unique_chucks/24/0xb57fb7fd9fa4f7d30703edb193aeb27f6e66a19e.sol#10-11) should be declared external
BasicToken.balanceOf (/unique_chucks/24/0xb57fb7fd9fa4f7d30703edb193aeb27f6e66a19e.sol#107-113) should be declared external
ERC20Basic.transfer (/unique_chucks/24/0xb57fb7fd9fa4f7d30703edb193aeb27f6e66a19e.sol#11-12) should be declared external
BasicToken.transfer (/unique_chucks/24/0xb57fb7fd9fa4f7d30703edb193aeb27f6e66a19e.sol#89-100) should be declared external
StandardToken.allowance (/unique_chucks/24/0xb57fb7fd9fa4f7d30703edb193aeb27f6e66a19e.sol#199-202) should be declared external
ERC20.allowance (/unique_chucks/24/0xb57fb7fd9fa4f7d30703edb193aeb27f6e66a19e.sol#117-120) should be declared external
ERC20.transferFrom (/unique_chucks/24/0xb57fb7fd9fa4f7d30703edb193aeb27f6e66a19e.sol#120-122) should be declared external
StandardToken.transferFrom (/unique_chucks/24/0xb57fb7fd9fa4f7d30703edb193aeb27f6e66a19e.sol#154-168) should be declared external
ERC20.approve (/unique_chucks/24/0xb57fb7fd9fa4f7d30703edb193aeb27f6e66a19e.sol#123-129) should be declared external
StandardToken.approve (/unique_chucks/24/0xb57fb7fd9fa4f7d30703edb193aeb27f6e66a19e.sol#178-184) should be declared external
StandardToken.increaseApproval (/unique_chucks/24/0xb57fb7fd9fa4f7d30703edb193aeb27f6e66a19e.sol#217-225) should be declared external
StandardToken.decreaseApproval (/unique_chucks/24/0xb57fb7fd9fa4f7d30703edb193aeb27f6e66a19e.sol#240-260) should be declared external
BurnableToken.burn (/unique_chucks/24/0xb57fb7fd9fa4f7d30703edb193aeb27f6e66a19e.sol#269) should be declared external
Ownable.transferOwnership (/unique_chucks/24/0xb57fb7fd9fa4f7d30703edb193aeb27f6e66a19e.sol#321-327) should be declared external
DFCoin.addCoin (/unique_chucks/24/0xb57fb7fd9fa4f7d30703edb193aeb27f6e66a19e.sol#342-355) should be declared external
DFCoin.batchTransfer (/unique_chucks/24/0xb57fb7fd9fa4f7d30703edb193aeb27f6e66a19e.sol#356-369) should be declared external
Reference: https://github.com/trailofbits/slither/wiki/Detectors-Documentation#public-function-that-could-be-declared-as-external[0m
INFO:Detectors:[92m
Parameter '_owner' of BasicToken.balanceOf (/unique_chucks/24/0xb57fb7fd9fa4f7d30703edb193aeb27f6e66a19e.sol#110-111) is not in mixedCase
Parameter '_to' of BasicToken.transfer (/unique_chucks/24/0xb57fb7fd9fa4f7d30703edb193aeb27f6e66a19e.sol#90) is not in mixedCase
Parameter '_value' of BasicToken.transfer (/unique_chucks/24/0xb57fb7fd9fa4f7d30703edb193aeb27f6e66a19e.sol#90) is not in mixedCase
Parameter '_owner' of StandardToken.allowance (/unique_chucks/24/0xb57fb7fd9fa4f7d30703edb193aeb27f6e66a19e.sol#199) is not in mixedCase
Parameter '_spender' of StandardToken.allowance (/unique_chucks/24/0xb57fb7fd9fa4f7d30703edb193aeb27f6e66a19e.sol#199-201) is not in mixedCase
Parameter '_from' of StandardToken.transferFrom (/unique_chucks/24/0xb57fb7fd9fa4f7d30703edb193aeb27f6e66a19e.sol#155) is not in mixedCase
Parameter '_to' of StandardToken.transferFrom (/unique_chucks/24/0xb57fb7fd9fa4f7d30703edb193aeb27f6e66a19e.sol#156) is not in mixedCase
Parameter '_value' of StandardToken.transferFrom (/unique_chucks/24/0xb57fb7fd9fa4f7d30703edb193aeb27f6e66a19e.sol#156) is not in mixedCase
Parameter '_spender' of StandardToken.approve (/unique_chucks/24/0xb57fb7fd9fa4f7d30703edb193aeb27f6e66a19e.sol#181-182) is not in mixedCase
Parameter '_value' of StandardToken.approve (/unique_chucks/24/0xb57fb7fd9fa4f7d30703edb193aeb27f6e66a19e.sol#182) is not in mixedCase
Parameter '_spender' of StandardToken.increaseApproval (/unique_chucks/24/0xb57fb7fd9fa4f7d30703edb193aeb27f6e66a19e.sol#217) is not in mixedCase
Parameter '_addedValue' of StandardToken.increaseApproval (/unique_chucks/24/0xb57fb7fd9fa4f7d30703edb193aeb27f6e66a19e.sol#217-218) is not in mixedCase
Parameter '_spender' of StandardToken.decreaseApproval (/unique_chucks/24/0xb57fb7fd9fa4f7d30703edb193aeb27f6e66a19e.sol#242) is not in mixedCase
Parameter '_subtractedValue' of StandardToken.decreaseApproval (/unique_chucks/24/0xb57fb7fd9fa4f7d30703edb193aeb27f6e66a19e.sol#242) is not in mixedCase
Parameter '_value' of BurnableToken.burn (/unique_chucks/24/0xb57fb7fd9fa4f7d30703edb193aeb27f6e66a19e.sol#269) is not in mixedCase
Function 'BurnableToken._burn' (/unique_chucks/24/0xb57fb7fd9fa4f7d30703edb193aeb27f6e66a19e.sol#269-287) is not in mixedCase
Parameter '_who' of BurnableToken._burn (/unique_chucks/24/0xb57fb7fd9fa4f7d30703edb193aeb27f6e66a19e.sol#271) is not in mixedCase
Parameter '_value' of BurnableToken._burn (/unique_chucks/24/0xb57fb7fd9fa4f7d30703edb193aeb27f6e66a19e.sol#271) is not in mixedCase
Parameter '_newOwner' of Ownable.transferOwnership (/unique_chucks/24/0xb57fb7fd9fa4f7d30703edb193aeb27f6e66a19e.sol#322) is not in mixedCase
Function 'Ownable._transferOwnership' (/unique_chucks/24/0xb57fb7fd9fa4f7d30703edb193aeb27f6e66a19e.sol#329-338) is not in mixedCase
Parameter '_newOwner' of Ownable._transferOwnership (/unique_chucks/24/0xb57fb7fd9fa4f7d30703edb193aeb27f6e66a19e.sol#330-333) is not in mixedCase
Parameter '_number' of DFCoin.addCoin (/unique_chucks/24/0xb57fb7fd9fa4f7d30703edb193aeb27f6e66a19e.sol#343) is not in mixedCase
Parameter '_receivers' of DFCoin.batchTransfer (/unique_chucks/24/0xb57fb7fd9fa4f7d30703edb193aeb27f6e66a19e.sol#358) is not in mixedCase
Parameter '_amounts' of DFCoin.batchTransfer (/unique_chucks/24/0xb57fb7fd9fa4f7d30703edb193aeb27f6e66a19e.sol#358-360) is not in mixedCase
Reference: https://github.com/trailofbits/slither/wiki/Detectors-Documentation#conformance-to-solidity-naming-conventions[0m
INFO:Slither:/unique_chucks/24/0xb57fb7fd9fa4f7d30703edb193aeb27f6e66a19e.sol analyzed (8 contracts), 42 result(s) found