2019-07-26 10:30:15,301: [12] m.main:INFO: Registered plugins: DetectReentrancySimple, DetectInvalid, DetectUnusedRetVal, DetectUninitializedStorage, DetectIntegerOverflow, DetectSuicidal, DetectExternalCallAndLeak, DetectEnvInstruction, DetectUninitializedMemory, DetectReentrancyAdvanced, DetectDelegatecall
2019-07-26 10:30:15,301: [12] m.main:INFO: Beginning analysis
2019-07-26 10:30:15,360: [12] m.e.manticore:INFO: Starting symbolic create contract
2019-07-26 10:30:16,942: [12] m.e.manticore:INFO: Starting symbolic transaction: 0
2019-07-26 10:30:18,077: [12] m.e.manticore:INFO: 0 alive states, 2 terminated states
2019-07-26 10:30:18,247: [12] m.e.manticore:INFO: Starting symbolic transaction: 1
2019-07-26 10:30:18,395: [582] m.c.manticore:INFO: Generated testcase No. 0 - RETURN(1 txs)
2019-07-26 10:30:18,400: [585] m.c.manticore:INFO: Generated testcase No. 1 - REVERT(2 txs)
2019-07-26 10:30:19,668: [12] m.c.manticore:INFO: Results in /mcore_uwean6oa
2019-07-26 10:30:20,748: [897] m.main:INFO: Registered plugins: DetectReentrancySimple, DetectInvalid, DetectSuicidal, DetectUnusedRetVal, DetectUninitializedStorage, DetectIntegerOverflow, DetectDelegatecall, DetectEnvInstruction, DetectReentrancyAdvanced, DetectUninitializedMemory, DetectExternalCallAndLeak
2019-07-26 10:30:20,748: [897] m.main:INFO: Beginning analysis
2019-07-26 10:30:20,783: [897] m.e.manticore:INFO: Starting symbolic create contract
2019-07-26 10:30:24,479: [897] m.e.manticore:INFO: Starting symbolic transaction: 0
2019-07-26 10:30:31,681: [897] m.e.manticore:INFO: 2 alive states, 8 terminated states
2019-07-26 10:30:33,198: [897] m.e.manticore:INFO: Starting symbolic transaction: 1
2019-07-26 10:30:48,587: [897] m.e.manticore:INFO: 4 alive states, 24 terminated states
2019-07-26 10:30:50,465: [3530] m.c.manticore:INFO: Generated testcase No. 0 - RETURN(3 txs)
2019-07-26 10:30:50,707: [3527] m.c.manticore:INFO: Generated testcase No. 1 - RETURN(3 txs)
2019-07-26 10:30:50,765: [3529] m.c.manticore:INFO: Generated testcase No. 2 - RETURN(3 txs)
2019-07-26 10:30:51,252: [3537] m.c.manticore:INFO: Generated testcase No. 5 - RETURN(3 txs)
2019-07-26 10:30:51,261: [3541] m.c.manticore:INFO: Generated testcase No. 3 - REVERT(2 txs)
2019-07-26 10:30:51,253: [3535] m.c.manticore:INFO: Generated testcase No. 4 - RETURN(1 txs)
2019-07-26 10:30:51,360: [3550] m.c.manticore:INFO: Generated testcase No. 6 - REVERT(2 txs)
2019-07-26 10:30:51,466: [3545] m.c.manticore:INFO: Generated testcase No. 7 - REVERT(2 txs)
2019-07-26 10:30:51,549: [3547] m.c.manticore:INFO: Generated testcase No. 8 - REVERT(2 txs)
2019-07-26 10:31:12,116: [3535] m.c.manticore:INFO: Generated testcase No. 9 - REVERT(2 txs)
2019-07-26 10:31:14,031: [3545] m.c.manticore:INFO: Generated testcase No. 10 - REVERT(2 txs)
2019-07-26 10:31:14,819: [3541] m.c.manticore:INFO: Generated testcase No. 11 - REVERT(2 txs)
2019-07-26 10:31:15,934: [3550] m.c.manticore:INFO: Generated testcase No. 12 - RETURN(2 txs)
2019-07-26 10:31:18,630: [3547] m.c.manticore:INFO: Generated testcase No. 13 - RETURN(2 txs)
2019-07-26 10:31:19,771: [3537] m.c.manticore:INFO: Generated testcase No. 14 - REVERT(3 txs)
2019-07-26 10:31:20,560: [3530] m.c.manticore:INFO: Generated testcase No. 15 - REVERT(3 txs)
2019-07-26 10:31:21,473: [3527] m.c.manticore:INFO: Generated testcase No. 16 - REVERT(3 txs)
2019-07-26 10:31:23,039: [3529] m.c.manticore:INFO: Generated testcase No. 17 - REVERT(3 txs)
2019-07-26 10:31:35,626: [3535] m.c.manticore:INFO: Generated testcase No. 18 - REVERT(3 txs)
2019-07-26 10:31:42,169: [3545] m.c.manticore:INFO: Generated testcase No. 19 - REVERT(3 txs)
2019-07-26 10:31:42,638: [3550] m.c.manticore:INFO: Generated testcase No. 20 - REVERT(3 txs)
2019-07-26 10:31:43,440: [3541] m.c.manticore:INFO: Generated testcase No. 21 - REVERT(3 txs)
2019-07-26 10:31:43,917: [3547] m.c.manticore:INFO: Generated testcase No. 22 - REVERT(3 txs)
2019-07-26 10:31:50,455: [3530] m.c.manticore:INFO: Generated testcase No. 23 - REVERT(3 txs)
2019-07-26 10:31:51,913: [3537] m.c.manticore:INFO: Generated testcase No. 24 - REVERT(3 txs)
2019-07-26 10:31:52,220: [3527] m.c.manticore:INFO: Generated testcase No. 25 - REVERT(3 txs)
2019-07-26 10:31:55,731: [3529] m.c.manticore:INFO: Generated testcase No. 26 - REVERT(3 txs)
2019-07-26 10:32:06,663: [3535] m.c.manticore:INFO: Generated testcase No. 27 - REVERT(3 txs)
2019-07-26 10:32:19,880: [897] m.c.manticore:INFO: Results in /mcore_wpsi56jc
2019-07-26 10:32:22,874: [4713] m.main:INFO: Registered plugins: DetectReentrancySimple, DetectInvalid, DetectUnusedRetVal, DetectReentrancyAdvanced, DetectUninitializedStorage, DetectIntegerOverflow, DetectSuicidal, DetectExternalCallAndLeak, DetectEnvInstruction, DetectUninitializedMemory, DetectDelegatecall
2019-07-26 10:32:22,874: [4713] m.main:INFO: Beginning analysis
2019-07-26 10:32:22,894: [4713] m.e.manticore:INFO: Starting symbolic create contract
2019-07-26 10:32:57,396: [4713] m.e.manticore:INFO: Starting symbolic transaction: 0
2019-07-26 10:36:13,516: [4713] m.e.manticore:INFO: 9 alive states, 25 terminated states
2019-07-26 10:36:35,451: [4713] m.e.manticore:INFO: Starting symbolic transaction: 1