2019-07-25 20:29:54,906: [12] m.main:INFO: Registered plugins: DetectExternalCallAndLeak, DetectUninitializedMemory, DetectSuicidal, DetectReentrancySimple, DetectUnusedRetVal, DetectEnvInstruction, DetectDelegatecall, DetectUninitializedStorage, DetectIntegerOverflow, DetectReentrancyAdvanced, DetectInvalid
2019-07-25 20:29:54,906: [12] m.main:INFO: Beginning analysis
2019-07-25 20:29:54,946: [12] m.e.manticore:INFO: Starting symbolic create contract
2019-07-25 20:29:57,886: [12] m.e.manticore:INFO: Starting symbolic transaction: 0
2019-07-25 20:30:02,157: [12] m.e.manticore:INFO: 1 alive states, 5 terminated states
2019-07-25 20:30:03,177: [12] m.e.manticore:INFO: Starting symbolic transaction: 1
2019-07-25 20:30:07,709: [12] m.e.manticore:INFO: 1 alive states, 10 terminated states
2019-07-25 20:30:09,004: [1522] m.c.manticore:INFO: Generated testcase No. 0 - RETURN(3 txs)
2019-07-25 20:30:09,028: [1529] m.c.manticore:INFO: Generated testcase No. 1 - RETURN(1 txs)
2019-07-25 20:30:09,128: [1526] m.c.manticore:INFO: Generated testcase No. 3 - REVERT(2 txs)
2019-07-25 20:30:09,134: [1524] m.c.manticore:INFO: Generated testcase No. 4 - REVERT(2 txs)
2019-07-25 20:30:09,226: [1521] m.c.manticore:INFO: Generated testcase No. 2 - REVERT(2 txs)
2019-07-25 20:30:09,256: [1537] m.c.manticore:INFO: Generated testcase No. 7 - REVERT(3 txs)
2019-07-25 20:30:09,326: [1534] m.c.manticore:INFO: Generated testcase No. 5 - REVERT(2 txs)
2019-07-25 20:30:09,336: [1545] m.c.manticore:INFO: Generated testcase No. 6 - REVERT(3 txs)
2019-07-25 20:30:09,516: [1541] m.c.manticore:INFO: Generated testcase No. 9 - RETURN(2 txs)
2019-07-25 20:30:09,537: [1532] m.c.manticore:INFO: Generated testcase No. 8 - REVERT(3 txs)
2019-07-25 20:30:27,663: [1529] m.c.manticore:INFO: Generated testcase No. 10 - REVERT(3 txs)
2019-07-25 20:30:35,308: [12] m.c.manticore:INFO: Results in /mcore_cmh9ex_r
2019-07-25 20:30:37,555: [2148] m.main:INFO: Registered plugins: DetectDelegatecall, DetectUninitializedMemory, DetectIntegerOverflow, DetectUnusedRetVal, DetectReentrancySimple, DetectInvalid, DetectExternalCallAndLeak, DetectEnvInstruction, DetectSuicidal, DetectUninitializedStorage, DetectReentrancyAdvanced
2019-07-25 20:30:37,556: [2148] m.main:INFO: Beginning analysis
2019-07-25 20:30:37,572: [2148] m.e.manticore:INFO: Starting symbolic create contract
2019-07-25 20:30:41,304: [2148] m.e.manticore:INFO: Starting symbolic transaction: 0
2019-07-25 20:30:49,650: [2148] m.e.manticore:INFO: 2 alive states, 10 terminated states
2019-07-25 20:30:51,322: [2148] m.e.manticore:INFO: Starting symbolic transaction: 1
2019-07-25 20:31:10,791: [2148] m.e.manticore:INFO: 4 alive states, 30 terminated states
2019-07-25 20:31:12,876: [5157] m.c.manticore:INFO: Generated testcase No. 0 - RETURN(3 txs)
2019-07-25 20:31:12,898: [5160] m.c.manticore:INFO: Generated testcase No. 1 - RETURN(3 txs)
2019-07-25 20:31:13,358: [5173] m.c.manticore:INFO: Generated testcase No. 3 - REVERT(2 txs)
2019-07-25 20:31:13,364: [5178] m.c.manticore:INFO: Generated testcase No. 5 - RETURN(3 txs)
2019-07-25 20:31:13,368: [5166] m.c.manticore:INFO: Generated testcase No. 2 - RETURN(3 txs)
2019-07-25 20:31:13,448: [5174] m.c.manticore:INFO: Generated testcase No. 7 - REVERT(2 txs)
2019-07-25 20:31:13,519: [5172] m.c.manticore:INFO: Generated testcase No. 6 - REVERT(2 txs)
2019-07-25 20:31:13,577: [5171] m.c.manticore:INFO: Generated testcase No. 4 - RETURN(1 txs)
2019-07-25 20:31:13,624: [5176] m.c.manticore:INFO: Generated testcase No. 9 - REVERT(2 txs)
2019-07-25 20:31:13,723: [5163] m.c.manticore:INFO: Generated testcase No. 8 - REVERT(2 txs)
2019-07-25 20:31:43,175: [5171] m.c.manticore:INFO: Generated testcase No. 10 - REVERT(2 txs)
2019-07-25 20:31:46,355: [5176] m.c.manticore:INFO: Generated testcase No. 11 - REVERT(2 txs)
2019-07-25 20:31:46,447: [5173] m.c.manticore:INFO: Generated testcase No. 12 - REVERT(2 txs)
2019-07-25 20:31:46,641: [5163] m.c.manticore:INFO: Generated testcase No. 13 - REVERT(2 txs)
2019-07-25 20:31:51,029: [5172] m.c.manticore:INFO: Generated testcase No. 14 - RETURN(2 txs)
2019-07-25 20:31:52,416: [5174] m.c.manticore:INFO: Generated testcase No. 15 - RETURN(2 txs)
2019-07-25 20:31:53,235: [5166] m.c.manticore:INFO: Generated testcase No. 16 - REVERT(3 txs)
2019-07-25 20:31:56,620: [5157] m.c.manticore:INFO: Generated testcase No. 17 - REVERT(3 txs)
2019-07-25 20:31:58,466: [5160] m.c.manticore:INFO: Generated testcase No. 18 - REVERT(3 txs)
2019-07-25 20:32:03,944: [5178] m.c.manticore:INFO: Generated testcase No. 19 - REVERT(3 txs)
2019-07-25 20:32:13,822: [5171] m.c.manticore:INFO: Generated testcase No. 20 - REVERT(3 txs)
2019-07-25 20:32:16,945: [5163] m.c.manticore:INFO: Generated testcase No. 21 - REVERT(3 txs)
2019-07-25 20:32:22,743: [5173] m.c.manticore:INFO: Generated testcase No. 22 - REVERT(3 txs)
2019-07-25 20:32:24,842: [5172] m.c.manticore:INFO: Generated testcase No. 23 - REVERT(3 txs)
2019-07-25 20:32:26,844: [5176] m.c.manticore:INFO: Generated testcase No. 24 - REVERT(3 txs)
2019-07-25 20:32:30,045: [5174] m.c.manticore:INFO: Generated testcase No. 25 - REVERT(3 txs)
2019-07-25 20:32:38,154: [5166] m.c.manticore:INFO: Generated testcase No. 26 - REVERT(3 txs)
2019-07-25 20:32:39,027: [5160] m.c.manticore:INFO: Generated testcase No. 27 - REVERT(3 txs)
2019-07-25 20:32:45,440: [5157] m.c.manticore:INFO: Generated testcase No. 28 - REVERT(3 txs)
2019-07-25 20:32:54,316: [5178] m.c.manticore:INFO: Generated testcase No. 29 - REVERT(3 txs)
2019-07-25 20:32:58,472: [5171] m.c.manticore:INFO: Generated testcase No. 30 - REVERT(3 txs)
2019-07-25 20:33:00,315: [5163] m.c.manticore:INFO: Generated testcase No. 31 - REVERT(3 txs)
2019-07-25 20:33:02,479: [5172] m.c.manticore:INFO: Generated testcase No. 32 - REVERT(3 txs)
2019-07-25 20:33:05,353: [5176] m.c.manticore:INFO: Generated testcase No. 33 - REVERT(3 txs)
2019-07-25 20:33:30,053: [2148] m.c.manticore:INFO: Results in /mcore_55kikp8v
2019-07-25 20:33:32,987: [6539] m.main:INFO: Registered plugins: DetectUnusedRetVal, DetectUninitializedStorage, DetectInvalid, DetectSuicidal, DetectUninitializedMemory, DetectDelegatecall, DetectEnvInstruction, DetectReentrancyAdvanced, DetectReentrancySimple, DetectExternalCallAndLeak, DetectIntegerOverflow
2019-07-25 20:33:32,988: [6539] m.main:INFO: Beginning analysis
2019-07-25 20:33:33,001: [6539] m.e.manticore:INFO: Starting symbolic create contract
2019-07-25 20:33:34,490: [6539] m.e.manticore:INFO: Starting symbolic transaction: 0
2019-07-25 20:33:35,705: [6539] m.e.manticore:INFO: 0 alive states, 2 terminated states
2019-07-25 20:33:35,882: [6539] m.e.manticore:INFO: Starting symbolic transaction: 1
2019-07-25 20:33:36,133: [7109] m.c.manticore:INFO: Generated testcase No. 0 - RETURN(1 txs)
2019-07-25 20:33:36,148: [7110] m.c.manticore:INFO: Generated testcase No. 1 - REVERT(2 txs)
2019-07-25 20:33:37,593: [6539] m.c.manticore:INFO: Results in /mcore_4p7elts9
2019-07-25 20:33:38,716: [7424] m.main:INFO: Registered plugins: DetectReentrancyAdvanced, DetectReentrancySimple, DetectInvalid, DetectUnusedRetVal, DetectUninitializedStorage, DetectSuicidal, DetectExternalCallAndLeak, DetectEnvInstruction, DetectIntegerOverflow, DetectUninitializedMemory, DetectDelegatecall
2019-07-25 20:33:38,733: [7424] m.main:INFO: Beginning analysis
2019-07-25 20:33:38,779: [7424] m.e.manticore:INFO: Starting symbolic create contract
2019-07-25 20:33:39,089: [7468] m.c.manticore:INFO: Generated testcase No. 0 - NO STATE RESULT (?)(0 txs)
2019-07-25 20:33:39,603: [7424] m.c.manticore:INFO: Results in /mcore_co11_mey
2019-07-25 20:33:40,512: [7727] m.main:INFO: Registered plugins: DetectDelegatecall, DetectReentrancySimple, DetectInvalid, DetectUnusedRetVal, DetectReentrancyAdvanced, DetectUninitializedStorage, DetectIntegerOverflow, DetectSuicidal, DetectExternalCallAndLeak, DetectEnvInstruction, DetectUninitializedMemory
2019-07-25 20:33:40,512: [7727] m.main:INFO: Beginning analysis
2019-07-25 20:33:40,563: [7727] m.e.manticore:INFO: Starting symbolic create contract
2019-07-25 20:34:06,033: [7727] m.e.manticore:INFO: Starting symbolic transaction: 0
2019-07-25 20:36:08,241: [8862] m.e.detectors:WARNING: Potentially reading uninitialized storage
2019-07-25 20:38:53,482: [8862] m.e.detectors:WARNING: Potentially reading uninitialized storage
2019-07-25 20:39:24,786: [8861] m.e.detectors:WARNING: Potentially reading uninitialized storage
2019-07-25 20:40:31,441: [7727] m.e.manticore:INFO: 16 alive states, 35 terminated states
2019-07-25 20:40:43,541: [7727] m.e.manticore:INFO: Starting symbolic transaction: 1