INFO:Detectors:[93m
Conquest._figthEnemy (/unique_chucks/10/0xc4ea9dee8638893fbe67701d171d4ecf19135254.sol#374-390) uses a dangerous strict equality:
	- _drone == 42
Reference: https://github.com/trailofbits/slither/wiki/Detectors-Documentation#dangerous-strict-equalities[0m
INFO:Detectors:[92m
Conquest._figthEnemy (/unique_chucks/10/0xc4ea9dee8638893fbe67701d171d4ecf19135254.sol#374-390) uses timestamp for comparisons
	Dangerous comparisons:
	- _drone == 42 (/unique_chucks/10/0xc4ea9dee8638893fbe67701d171d4ecf19135254.sol#388-390)
Reference: https://github.com/trailofbits/slither/wiki/Detectors-Documentation#block-timestamp[0m
INFO:Detectors:[92m
Conquest.amountHives_ should be constant (/unique_chucks/10/0xc4ea9dee8638893fbe67701d171d4ecf19135254.sol#51)
Conquest.droneCost_ should be constant (/unique_chucks/10/0xc4ea9dee8638893fbe67701d171d4ecf19135254.sol#45-46)
Conquest.droneXCommanderFee_ should be constant (/unique_chucks/10/0xc4ea9dee8638893fbe67701d171d4ecf19135254.sol#47-48)
Conquest.droneXHiveFee_ should be constant (/unique_chucks/10/0xc4ea9dee8638893fbe67701d171d4ecf19135254.sol#48)
Conquest.dronesPerDay_ should be constant (/unique_chucks/10/0xc4ea9dee8638893fbe67701d171d4ecf19135254.sol#51-52)
Conquest.hiveCost_ should be constant (/unique_chucks/10/0xc4ea9dee8638893fbe67701d171d4ecf19135254.sol#44)
Conquest.hiveXCommanderFee_ should be constant (/unique_chucks/10/0xc4ea9dee8638893fbe67701d171d4ecf19135254.sol#46-47)
Reference: https://github.com/trailofbits/slither/wiki/Detectors-Documentation#state-variables-that-could-be-declared-constant[0m
INFO:Detectors:[92m
Conquest.startNewRound (/unique_chucks/10/0xc4ea9dee8638893fbe67701d171d4ecf19135254.sol#89-105) should be declared external
Conquest.withdrawVault (/unique_chucks/10/0xc4ea9dee8638893fbe67701d171d4ecf19135254.sol#105-121) should be declared external
Conquest.createCarrierFromVault (/unique_chucks/10/0xc4ea9dee8638893fbe67701d171d4ecf19135254.sol#121-136) should be declared external
Conquest.createDroneFromVault (/unique_chucks/10/0xc4ea9dee8638893fbe67701d171d4ecf19135254.sol#136-150) should be declared external
Conquest.createCarrier (/unique_chucks/10/0xc4ea9dee8638893fbe67701d171d4ecf19135254.sol#150-161) should be declared external
Conquest.createDrone (/unique_chucks/10/0xc4ea9dee8638893fbe67701d171d4ecf19135254.sol#161-174) should be declared external
Conquest.openAt (/unique_chucks/10/0xc4ea9dee8638893fbe67701d171d4ecf19135254.sol#178-187) should be declared external
Conquest.getHives (/unique_chucks/10/0xc4ea9dee8638893fbe67701d171d4ecf19135254.sol#188-196) should be declared external
Conquest.getDrones (/unique_chucks/10/0xc4ea9dee8638893fbe67701d171d4ecf19135254.sol#196-202) should be declared external
Conquest.commander (/unique_chucks/10/0xc4ea9dee8638893fbe67701d171d4ecf19135254.sol#211-218) should be declared external
Conquest.conquesting (/unique_chucks/10/0xc4ea9dee8638893fbe67701d171d4ecf19135254.sol#220-222) should be declared external
Conquest.getCommanderPot (/unique_chucks/10/0xc4ea9dee8638893fbe67701d171d4ecf19135254.sol#222-244) should be declared external
Conquest.getHivePot (/unique_chucks/10/0xc4ea9dee8638893fbe67701d171d4ecf19135254.sol#244-265) should be declared external
Conquest.getDronePot (/unique_chucks/10/0xc4ea9dee8638893fbe67701d171d4ecf19135254.sol#265-299) should be declared external
Conquest.vaultOf (/unique_chucks/10/0xc4ea9dee8638893fbe67701d171d4ecf19135254.sol#299-307) should be declared external
Conquest.lastFlight (/unique_chucks/10/0xc4ea9dee8638893fbe67701d171d4ecf19135254.sol#307-310) should be declared external
Conquest.setGameStatus (/unique_chucks/10/0xc4ea9dee8638893fbe67701d171d4ecf19135254.sol#310-314) should be declared external
Reference: https://github.com/trailofbits/slither/wiki/Detectors-Documentation#public-function-that-could-be-declared-as-external[0m
INFO:Detectors:[92m
Event 'Conquest.onHiveCreated' (/unique_chucks/10/0xc4ea9dee8638893fbe67701d171d4ecf19135254.sol#8-14) is not in CapWords
Event 'Conquest.onDroneCreated' (/unique_chucks/10/0xc4ea9dee8638893fbe67701d171d4ecf19135254.sol#14-20) is not in CapWords
Event 'Conquest.onEnemyDestroyed' (/unique_chucks/10/0xc4ea9dee8638893fbe67701d171d4ecf19135254.sol#20-26) is not in CapWords
Parameter '_player' of Conquest.vaultOf (/unique_chucks/10/0xc4ea9dee8638893fbe67701d171d4ecf19135254.sol#300-301) is not in mixedCase
Parameter '_player' of Conquest.lastFlight (/unique_chucks/10/0xc4ea9dee8638893fbe67701d171d4ecf19135254.sol#307-308) is not in mixedCase
Parameter '_active' of Conquest.setGameStatus (/unique_chucks/10/0xc4ea9dee8638893fbe67701d171d4ecf19135254.sol#312-313) is not in mixedCase
Function 'Conquest._createDroneInternal' (/unique_chucks/10/0xc4ea9dee8638893fbe67701d171d4ecf19135254.sol#316-350) is not in mixedCase
Parameter '_player' of Conquest._createDroneInternal (/unique_chucks/10/0xc4ea9dee8638893fbe67701d171d4ecf19135254.sol#317) is not in mixedCase
Function 'Conquest._createHiveInternal' (/unique_chucks/10/0xc4ea9dee8638893fbe67701d171d4ecf19135254.sol#350-373) is not in mixedCase
Parameter '_player' of Conquest._createHiveInternal (/unique_chucks/10/0xc4ea9dee8638893fbe67701d171d4ecf19135254.sol#351-352) is not in mixedCase
Function 'Conquest._figthEnemy' (/unique_chucks/10/0xc4ea9dee8638893fbe67701d171d4ecf19135254.sol#374-390) is not in mixedCase
Parameter '_player' of Conquest._figthEnemy (/unique_chucks/10/0xc4ea9dee8638893fbe67701d171d4ecf19135254.sol#376) is not in mixedCase
Function 'Conquest._payout' (/unique_chucks/10/0xc4ea9dee8638893fbe67701d171d4ecf19135254.sol#392-460) is not in mixedCase
Function 'Conquest._resetGame' (/unique_chucks/10/0xc4ea9dee8638893fbe67701d171d4ecf19135254.sol#465-484) is not in mixedCase
Parameter '_player' of Conquest.ownsHive (/unique_chucks/10/0xc4ea9dee8638893fbe67701d171d4ecf19135254.sol) is not in mixedCase
Variable 'Conquest.ACTIVATION_TIME' (/unique_chucks/10/0xc4ea9dee8638893fbe67701d171d4ecf19135254.sol#39-40) is not in mixedCase
Reference: https://github.com/trailofbits/slither/wiki/Detectors-Documentation#conformance-to-solidity-naming-conventions[0m
INFO:Detectors:[92m
Conquest.dronesPerDay_ (/unique_chucks/10/0xc4ea9dee8638893fbe67701d171d4ecf19135254.sol#51-52) is never used in Conquest
Reference: https://github.com/trailofbits/slither/wiki/Detectors-Documentation#unused-state-variables[0m
INFO:Slither:/unique_chucks/10/0xc4ea9dee8638893fbe67701d171d4ecf19135254.sol analyzed (1 contracts), 37 result(s) found