INFO:Detectors:[92m
BIMI_DAO_31_c.decimals should be constant (/unique_chucks/30/0xbfe22093087eef1a8607074f24c09fbb304a2c97.sol#9-10)
BIMI_DAO_31_c.name should be constant (/unique_chucks/30/0xbfe22093087eef1a8607074f24c09fbb304a2c97.sol#7-8)
BIMI_DAO_31_c.symbol should be constant (/unique_chucks/30/0xbfe22093087eef1a8607074f24c09fbb304a2c97.sol#8-9)
BIMI_DAO_31_c.totalSupply should be constant (/unique_chucks/30/0xbfe22093087eef1a8607074f24c09fbb304a2c97.sol#11-12)
Reference: https://github.com/trailofbits/slither/wiki/Detectors-Documentation#state-variables-that-could-be-declared-constant[0m
INFO:Detectors:[92m
BIMI_DAO_31_c.SimpleERC20Token (/unique_chucks/30/0xbfe22093087eef1a8607074f24c09fbb304a2c97.sol#15-19) should be declared external
BIMI_DAO_31_c.transfer (/unique_chucks/30/0xbfe22093087eef1a8607074f24c09fbb304a2c97.sol#20-29) should be declared external
BIMI_DAO_31_c.approve (/unique_chucks/30/0xbfe22093087eef1a8607074f24c09fbb304a2c97.sol#33-42) should be declared external
BIMI_DAO_31_c.transferFrom (/unique_chucks/30/0xbfe22093087eef1a8607074f24c09fbb304a2c97.sol#42-55) should be declared external
Reference: https://github.com/trailofbits/slither/wiki/Detectors-Documentation#public-function-that-could-be-declared-as-external[0m
INFO:Detectors:[92m
Detected issues with version pragma in /unique_chucks/30/0xbfe22093087eef1a8607074f24c09fbb304a2c97.sol:
	- pragma solidity^0.4.21 (/unique_chucks/30/0xbfe22093087eef1a8607074f24c09fbb304a2c97.sol#1): it allows old versions
Reference: https://github.com/trailofbits/slither/wiki/Detectors-Documentation#incorrect-version-of-solidity[0m
INFO:Detectors:[92m
Contract 'BIMI_DAO_31_c' (/unique_chucks/30/0xbfe22093087eef1a8607074f24c09fbb304a2c97.sol#3-55) is not in CapWords
Function 'BIMI_DAO_31_c.SimpleERC20Token' (/unique_chucks/30/0xbfe22093087eef1a8607074f24c09fbb304a2c97.sol#15-19) is not in mixedCase
Reference: https://github.com/trailofbits/slither/wiki/Detectors-Documentation#conformance-to-solidity-naming-conventions[0m
INFO:Slither:/unique_chucks/30/0xbfe22093087eef1a8607074f24c09fbb304a2c97.sol analyzed (1 contracts), 8 result(s) found