/unique_chucks/21/0x5a109163996ee56d88e7ce6e9579a45eddea036e.sol
jar:file:/usr/local/lib/node_modules/@smartdec/smartcheck/jdeploy-bundle/smartcheck-2.0-jar-with-dependencies.jar!/solidity-rules.xmlruleId: SOLIDITY_DEPRECATED_CONSTRUCTIONS
patternId: 49bd2a
severity: 1
line: 26
column: 6
content: throw

ruleId: SOLIDITY_DEPRECATED_CONSTRUCTIONS
patternId: 28fa69
severity: 1
line: 47
column: 2
content: functionbalanceOf(addresswho)constantreturns(uint);

ruleId: SOLIDITY_DEPRECATED_CONSTRUCTIONS
patternId: 28fa69
severity: 1
line: 57
column: 2
content: functionallowance(addressowner,addressspender)constantreturns(uint);

ruleId: SOLIDITY_EXTRA_GAS_IN_LOOPS
patternId: k4o1l4
severity: 1
line: 69
column: 8
content: while(i<dests.length){ERC20(_tokenAddr).transfer(dests[i],values[i]);i+=1;}

ruleId: SOLIDITY_GAS_LIMIT_IN_LOOPS
patternId: 17f23a
severity: 1
line: 69
column: 15
content: i<dests.length

ruleId: SOLIDITY_PRAGMAS_VERSION
patternId: 23fc32
severity: 1
line: 1
column: 16
content: ^

ruleId: SOLIDITY_REVERT_REQUIRE
patternId: c56b12
severity: 1
line: 25
column: 4
content: if(msg.sender!=owner){throw;}

ruleId: SOLIDITY_VISIBILITY
patternId: 910067
severity: 1
line: 16
column: 2
content: functionOwnable(){owner=msg.sender;}

ruleId: SOLIDITY_VISIBILITY
patternId: 910067
severity: 1
line: 36
column: 2
content: functiontransferOwnership(addressnewOwner)onlyOwner{if(newOwner!=address(0)){owner=newOwner;}}

ruleId: SOLIDITY_VISIBILITY
patternId: 910067
severity: 1
line: 47
column: 2
content: functionbalanceOf(addresswho)constantreturns(uint);

ruleId: SOLIDITY_VISIBILITY
patternId: 910067
severity: 1
line: 48
column: 2
content: functiontransfer(addressto,uintvalue);

ruleId: SOLIDITY_VISIBILITY
patternId: 910067
severity: 1
line: 57
column: 2
content: functionallowance(addressowner,addressspender)constantreturns(uint);

ruleId: SOLIDITY_VISIBILITY
patternId: 910067
severity: 1
line: 58
column: 2
content: functiontransferFrom(addressfrom,addressto,uintvalue);

ruleId: SOLIDITY_VISIBILITY
patternId: 910067
severity: 1
line: 59
column: 2
content: functionapprove(addressspender,uintvalue);

ruleId: SOLIDITY_VISIBILITY
patternId: 910067
severity: 1
line: 65
column: 4
content: functionmultisend(address_tokenAddr,address[]dests,uint256[]values)onlyOwnerreturns(uint256){uint256i=0;while(i<dests.length){ERC20(_tokenAddr).transfer(dests[i],values[i]);i+=1;}return(i);}

SOLIDITY_VISIBILITY :8
SOLIDITY_DEPRECATED_CONSTRUCTIONS :3
SOLIDITY_PRAGMAS_VERSION :1
SOLIDITY_REVERT_REQUIRE :1
SOLIDITY_EXTRA_GAS_IN_LOOPS :1
SOLIDITY_GAS_LIMIT_IN_LOOPS :1