INFO:Detectors:[92m
MVExpressCoin.decimals should be constant (/unique_chucks/16/0x4d24d8d75a8ec4a2d4bf2b2aa7f9a3cf27ef5fcf.sol#339-342)
MVExpressCoin.initialSupply should be constant (/unique_chucks/16/0x4d24d8d75a8ec4a2d4bf2b2aa7f9a3cf27ef5fcf.sol#342-345)
MVExpressCoin.name should be constant (/unique_chucks/16/0x4d24d8d75a8ec4a2d4bf2b2aa7f9a3cf27ef5fcf.sol#339)
MVExpressCoin.symbol should be constant (/unique_chucks/16/0x4d24d8d75a8ec4a2d4bf2b2aa7f9a3cf27ef5fcf.sol#336-337)
Reference: https://github.com/trailofbits/slither/wiki/Detectors-Documentation#state-variables-that-could-be-declared-constant[0m
INFO:Detectors:[92m
DSAuthority.canCall (/unique_chucks/16/0x4d24d8d75a8ec4a2d4bf2b2aa7f9a3cf27ef5fcf.sol#9-14) should be declared external
DSAuth.setOwner (/unique_chucks/16/0x4d24d8d75a8ec4a2d4bf2b2aa7f9a3cf27ef5fcf.sol#28-36) should be declared external
DSAuth.setAuthority (/unique_chucks/16/0x4d24d8d75a8ec4a2d4bf2b2aa7f9a3cf27ef5fcf.sol#36-45) should be declared external
DSTokenBase.totalSupply (/unique_chucks/16/0x4d24d8d75a8ec4a2d4bf2b2aa7f9a3cf27ef5fcf.sol#167-168) should be declared external
ERC20.totalSupply (/unique_chucks/16/0x4d24d8d75a8ec4a2d4bf2b2aa7f9a3cf27ef5fcf.sol#139) should be declared external
ERC20.balanceOf (/unique_chucks/16/0x4d24d8d75a8ec4a2d4bf2b2aa7f9a3cf27ef5fcf.sol#140-141) should be declared external
DSTokenBase.balanceOf (/unique_chucks/16/0x4d24d8d75a8ec4a2d4bf2b2aa7f9a3cf27ef5fcf.sol#176-178) should be declared external
DSTokenBase.allowance (/unique_chucks/16/0x4d24d8d75a8ec4a2d4bf2b2aa7f9a3cf27ef5fcf.sol#186-190) should be declared external
ERC20.allowance (/unique_chucks/16/0x4d24d8d75a8ec4a2d4bf2b2aa7f9a3cf27ef5fcf.sol#141-143) should be declared external
DSTokenBase.transfer (/unique_chucks/16/0x4d24d8d75a8ec4a2d4bf2b2aa7f9a3cf27ef5fcf.sol#196-197) should be declared external
ERC20.transfer (/unique_chucks/16/0x4d24d8d75a8ec4a2d4bf2b2aa7f9a3cf27ef5fcf.sol#145-148) should be declared external
DSTokenBase.increaseAllowance (/unique_chucks/16/0x4d24d8d75a8ec4a2d4bf2b2aa7f9a3cf27ef5fcf.sol#255-263) should be declared external
DSTokenBase.decreaseAllowance (/unique_chucks/16/0x4d24d8d75a8ec4a2d4bf2b2aa7f9a3cf27ef5fcf.sol#277-294) should be declared external
DSStop.stop (/unique_chucks/16/0x4d24d8d75a8ec4a2d4bf2b2aa7f9a3cf27ef5fcf.sol#330-331) should be declared external
DSStop.start (/unique_chucks/16/0x4d24d8d75a8ec4a2d4bf2b2aa7f9a3cf27ef5fcf.sol#331-334) should be declared external
MVExpressCoin.renounceOwnership (/unique_chucks/16/0x4d24d8d75a8ec4a2d4bf2b2aa7f9a3cf27ef5fcf.sol#374-377) should be declared external
MVExpressCoin.approve (/unique_chucks/16/0x4d24d8d75a8ec4a2d4bf2b2aa7f9a3cf27ef5fcf.sol#379-380) should be declared external
MVExpressCoin.burnfromAdmin (/unique_chucks/16/0x4d24d8d75a8ec4a2d4bf2b2aa7f9a3cf27ef5fcf.sol) should be declared external
Reference: https://github.com/trailofbits/slither/wiki/Detectors-Documentation#public-function-that-could-be-declared-as-external[0m
INFO:Detectors:[92m
Parameter 'owner_0x88253D87990EdD1E647c3B6eD21F57fb061a3040' of DSAuth.setOwner (/unique_chucks/16/0x4d24d8d75a8ec4a2d4bf2b2aa7f9a3cf27ef5fcf.sol#28-30) is not in mixedCase
Variable 'DSTokenBase._supply' (/unique_chucks/16/0x4d24d8d75a8ec4a2d4bf2b2aa7f9a3cf27ef5fcf.sol#151-153) is not in mixedCase
Variable 'DSTokenBase._balances' (/unique_chucks/16/0x4d24d8d75a8ec4a2d4bf2b2aa7f9a3cf27ef5fcf.sol#153-155) is not in mixedCase
Variable 'DSTokenBase._approvals' (/unique_chucks/16/0x4d24d8d75a8ec4a2d4bf2b2aa7f9a3cf27ef5fcf.sol#155-159) is not in mixedCase
Reference: https://github.com/trailofbits/slither/wiki/Detectors-Documentation#conformance-to-solidity-naming-conventions[0m
INFO:Slither:/unique_chucks/16/0x4d24d8d75a8ec4a2d4bf2b2aa7f9a3cf27ef5fcf.sol analyzed (10 contracts), 23 result(s) found