/unique_chucks/27/0xfdb0ea8ab08212a1fffdb35afacf37c3857083ca.sol
jar:file:/usr/local/lib/node_modules/@smartdec/smartcheck/jdeploy-bundle/smartcheck-2.0-jar-with-dependencies.jar!/solidity-rules.xmlruleId: SOLIDITY_ADDRESS_HARDCODED
patternId: a91b18
severity: 1
line: 101
column: 8
content: server.unregisterCaller=address(0)

ruleId: SOLIDITY_ADDRESS_HARDCODED
patternId: a91b18
severity: 1
line: 122
column: 12
content: address(0).transfer(servers[_serverIndex].deposit-payout)

ruleId: SOLIDITY_ADDRESS_HARDCODED
patternId: c67a09
severity: 1
line: 60
column: 49
content: 0x0

ruleId: SOLIDITY_ADDRESS_HARDCODED
patternId: c67a09
severity: 1
line: 76
column: 49
content: 0x0

ruleId: SOLIDITY_ARRAY_LENGTH_MANIPULATION
patternId: 872bdd
severity: 1
line: 137
column: 8
content: servers.length--

ruleId: SOLIDITY_DEPRECATED_CONSTRUCTIONS
patternId: 28fa69
severity: 1
line: 27
column: 4
content: functiontotalServers()publicconstantreturns(uint){returnservers.length;}

ruleId: SOLIDITY_EXTRA_GAS_IN_LOOPS
patternId: d3j11j
severity: 1
line: 35
column: 8
content: for(uinti=0;i<servers.length;i++)require(keccak256(servers[i].url)!=hash&&servers[i].owner!=msg.sender);

ruleId: SOLIDITY_GAS_LIMIT_IN_LOOPS
patternId: f6f853
severity: 2
line: 35
column: 8
content: for(uinti=0;i<servers.length;i++)require(keccak256(servers[i].url)!=hash&&servers[i].owner!=msg.sender);

ruleId: SOLIDITY_PRAGMAS_VERSION
patternId: 23fc32
severity: 1
line: 1
column: 16
content: ^

ruleId: SOLIDITY_UPGRADE_TO_050
patternId: 901eae
severity: 1
line: 113
column: 26
content: keccak256(_blockhash,_blocknumber)

ruleId: SOLIDITY_UPGRADE_TO_050
patternId: 341gim
severity: 1
line: 32
column: 28
content: string_url

SOLIDITY_DEPRECATED_CONSTRUCTIONS :1
SOLIDITY_PRAGMAS_VERSION :1
SOLIDITY_ARRAY_LENGTH_MANIPULATION :1
SOLIDITY_EXTRA_GAS_IN_LOOPS :1
SOLIDITY_ADDRESS_HARDCODED :4
SOLIDITY_UPGRADE_TO_050 :2
SOLIDITY_GAS_LIMIT_IN_LOOPS :1