INFO:Slither:Compilation warnings/errors on /unique_contracts/0xa15705d42a74785e10c31778dfc84c16500647f0.sol:
/unique_contracts/0xa15705d42a74785e10c31778dfc84c16500647f0.sol:149:5: Warning: Defining constructors as functions with the same name as the contract is deprecated. Use "constructor(...) { ... }" instead.
    function Owned() public {
    ^ (Relevant source part starts here and spans across multiple lines).
/unique_contracts/0xa15705d42a74785e10c31778dfc84c16500647f0.sol:264:5: Warning: Defining constructors as functions with the same name as the contract is deprecated. Use "constructor(...) { ... }" instead.
    function GPUxToken() public onlyOwner{
    ^ (Relevant source part starts here and spans across multiple lines).
/unique_contracts/0xa15705d42a74785e10c31778dfc84c16500647f0.sol:175:9: Warning: Invoking events without "emit" prefix is deprecated.
        OwnershipTransferred(owner, newOwner);
        ^-----------------------------------^
/unique_contracts/0xa15705d42a74785e10c31778dfc84c16500647f0.sol:264:33: Warning: Modifier-style base constructor call without arguments.
    function GPUxToken() public onlyOwner{
                                ^-------^
/unique_contracts/0xa15705d42a74785e10c31778dfc84c16500647f0.sol:304:31: Warning: This function only accepts a single "bytes" argument. Please use "abi.encodePacked(...)" or a similar function to encode the data.
            bytes32 digest =  keccak256(challengeNumber, msg.sender, nonce );
                              ^--------------------------------------------^
/unique_contracts/0xa15705d42a74785e10c31778dfc84c16500647f0.sol:337:15: Warning: Invoking events without "emit" prefix is deprecated.
              Mint(msg.sender, reward_amount, epochCount, challengeNumber );
              ^-----------------------------------------------------------^
/unique_contracts/0xa15705d42a74785e10c31778dfc84c16500647f0.sol:463:26: Warning: This function only accepts a single "bytes" argument. Please use "abi.encodePacked(...)" or a similar function to encode the data.
        bytes32 digest = keccak256(challenge_number,msg.sender,nonce);
                         ^------------------------------------------^
/unique_contracts/0xa15705d42a74785e10c31778dfc84c16500647f0.sol:472:28: Warning: This function only accepts a single "bytes" argument. Please use "abi.encodePacked(...)" or a similar function to encode the data.
          bytes32 digest = keccak256(challenge_number,msg.sender,nonce);
                           ^------------------------------------------^
/unique_contracts/0xa15705d42a74785e10c31778dfc84c16500647f0.sol:526:9: Warning: Invoking events without "emit" prefix is deprecated.
        Transfer(msg.sender, to, tokens);
        ^------------------------------^
/unique_contracts/0xa15705d42a74785e10c31778dfc84c16500647f0.sol:554:9: Warning: Invoking events without "emit" prefix is deprecated.
        Approval(msg.sender, spender, tokens);
        ^-----------------------------------^
/unique_contracts/0xa15705d42a74785e10c31778dfc84c16500647f0.sol:588:9: Warning: Invoking events without "emit" prefix is deprecated.
        Transfer(from, to, tokens);
        ^------------------------^
/unique_contracts/0xa15705d42a74785e10c31778dfc84c16500647f0.sol:626:9: Warning: Invoking events without "emit" prefix is deprecated.
        Approval(msg.sender, spender, tokens);
        ^-----------------------------------^
/unique_contracts/0xa15705d42a74785e10c31778dfc84c16500647f0.sol:371:25: Warning: "block.blockhash()" has been deprecated in favor of "blockhash()"
      challengeNumber = block.blockhash(block.number - 1);
                        ^-------------^
/unique_contracts/0xa15705d42a74785e10c31778dfc84c16500647f0.sol:461:43: Warning: Unused function parameter. Remove or comment out the variable name to silence this warning.
    function getMintDigest(uint256 nonce, bytes32 challenge_digest, bytes32 challenge_number) public view returns (bytes32 digesttest) {
                                          ^----------------------^

INFO:Detectors:[93m
Contract locking ether found in /unique_contracts/0xa15705d42a74785e10c31778dfc84c16500647f0.sol:
	Contract GPUxToken has payable functions:
	 - fallback (/unique_contracts/0xa15705d42a74785e10c31778dfc84c16500647f0.sol)
	But does not have a function to withdraw the ether
Reference: https://github.com/trailofbits/slither/wiki/Detectors-Documentation#contracts-that-lock-ether[0m
INFO:Detectors:[92m
GPUxToken._BLOCKS_PER_READJUSTMENT should be constant (/unique_contracts/0xa15705d42a74785e10c31778dfc84c16500647f0.sol#226-227)
GPUxToken._MAXIMUM_TARGET should be constant (/unique_contracts/0xa15705d42a74785e10c31778dfc84c16500647f0.sol#240-241)
GPUxToken._MINIMUM_TARGET should be constant (/unique_contracts/0xa15705d42a74785e10c31778dfc84c16500647f0.sol#230-232)
Reference: https://github.com/trailofbits/slither/wiki/Detectors-Documentation#state-variables-that-could-be-declared-constant[0m
INFO:Detectors:[92m
Deprecated standard detected @ /unique_contracts/0xa15705d42a74785e10c31778dfc84c16500647f0.sol#390:
	- Usage of "block.blockhash()" should be replaced with "blockhash()"
Reference: https://github.com/trailofbits/slither/wiki/Detectors-Documentation#deprecated-standards[0m
INFO:Detectors:[92m
GPUxToken.totalSupply (/unique_contracts/0xa15705d42a74785e10c31778dfc84c16500647f0.sol#510-512) should be declared external
ERC20Interface.totalSupply (/unique_contracts/0xa15705d42a74785e10c31778dfc84c16500647f0.sol#96-98) should be declared external
ERC20Interface.balanceOf (/unique_contracts/0xa15705d42a74785e10c31778dfc84c16500647f0.sol#98) should be declared external
GPUxToken.balanceOf (/unique_contracts/0xa15705d42a74785e10c31778dfc84c16500647f0.sol#520-524) should be declared external
ERC20Interface.allowance (/unique_contracts/0xa15705d42a74785e10c31778dfc84c16500647f0.sol#98-102) should be declared external
GPUxToken.allowance (/unique_contracts/0xa15705d42a74785e10c31778dfc84c16500647f0.sol#622-628) should be declared external
ERC20Interface.transfer (/unique_contracts/0xa15705d42a74785e10c31778dfc84c16500647f0.sol#102-104) should be declared external
GPUxToken.transfer (/unique_contracts/0xa15705d42a74785e10c31778dfc84c16500647f0.sol#542-550) should be declared external
ERC20Interface.approve (/unique_contracts/0xa15705d42a74785e10c31778dfc84c16500647f0.sol#104-107) should be declared external
GPUxToken.approve (/unique_contracts/0xa15705d42a74785e10c31778dfc84c16500647f0.sol#572-580) should be declared external
ERC20Interface.transferFrom (/unique_contracts/0xa15705d42a74785e10c31778dfc84c16500647f0.sol#107-109) should be declared external
GPUxToken.transferFrom (/unique_contracts/0xa15705d42a74785e10c31778dfc84c16500647f0.sol#602-614) should be declared external
ApproveAndCallFallBack.receiveApproval (/unique_contracts/0xa15705d42a74785e10c31778dfc84c16500647f0.sol#133-137) should be declared external
Owned.transferOwnership (/unique_contracts/0xa15705d42a74785e10c31778dfc84c16500647f0.sol#173-179) should be declared external
Owned.acceptOwnership (/unique_contracts/0xa15705d42a74785e10c31778dfc84c16500647f0.sol#179-191) should be declared external
GPUxToken.mint (/unique_contracts/0xa15705d42a74785e10c31778dfc84c16500647f0.sol#304-350) should be declared external
GPUxToken.getChallengeNumber (/unique_contracts/0xa15705d42a74785e10c31778dfc84c16500647f0.sol#449-451) should be declared external
GPUxToken.getMiningDifficulty (/unique_contracts/0xa15705d42a74785e10c31778dfc84c16500647f0.sol#452-456) should be declared external
GPUxToken.getMiningTarget (/unique_contracts/0xa15705d42a74785e10c31778dfc84c16500647f0.sol#456-461) should be declared external
GPUxToken.getMintDigest (/unique_contracts/0xa15705d42a74785e10c31778dfc84c16500647f0.sol#472-484) should be declared external
GPUxToken.checkMintSolution (/unique_contracts/0xa15705d42a74785e10c31778dfc84c16500647f0.sol#486-500) should be declared external
GPUxToken.approveAndCall (/unique_contracts/0xa15705d42a74785e10c31778dfc84c16500647f0.sol#650-658) should be declared external
GPUxToken.fallback (/unique_contracts/0xa15705d42a74785e10c31778dfc84c16500647f0.sol) should be declared external
GPUxToken.transferAnyERC20Token (/unique_contracts/0xa15705d42a74785e10c31778dfc84c16500647f0.sol) should be declared external
Reference: https://github.com/trailofbits/slither/wiki/Detectors-Documentation#public-function-that-could-be-declared-as-external[0m
INFO:Detectors:[92m
Detected issues with version pragma in /unique_contracts/0xa15705d42a74785e10c31778dfc84c16500647f0.sol:
	- pragma solidity^0.4.18 (/unique_contracts/0xa15705d42a74785e10c31778dfc84c16500647f0.sol#1): it allows old versions
Reference: https://github.com/trailofbits/slither/wiki/Detectors-Documentation#incorrect-version-of-solidity[0m
INFO:Detectors:[92m
Function 'Owned.Owned' (/unique_contracts/0xa15705d42a74785e10c31778dfc84c16500647f0.sol#164-165) is not in mixedCase
Parameter '_newOwner' of Owned.transferOwnership (/unique_contracts/0xa15705d42a74785e10c31778dfc84c16500647f0.sol#175) is not in mixedCase
Function 'GPUxToken.GPUxToken' (/unique_contracts/0xa15705d42a74785e10c31778dfc84c16500647f0.sol#281-304) is not in mixedCase
Parameter 'challenge_digest' of GPUxToken.mint (/unique_contracts/0xa15705d42a74785e10c31778dfc84c16500647f0.sol#306) is not in mixedCase
Function 'GPUxToken._startNewMiningEpoch' (/unique_contracts/0xa15705d42a74785e10c31778dfc84c16500647f0.sol#351-391) is not in mixedCase
Function 'GPUxToken._reAdjustDifficulty' (/unique_contracts/0xa15705d42a74785e10c31778dfc84c16500647f0.sol#396-443) is not in mixedCase
Parameter 'challenge_digest' of GPUxToken.getMintDigest (/unique_contracts/0xa15705d42a74785e10c31778dfc84c16500647f0.sol#472-474) is not in mixedCase
Parameter 'challenge_number' of GPUxToken.getMintDigest (/unique_contracts/0xa15705d42a74785e10c31778dfc84c16500647f0.sol#474) is not in mixedCase
Parameter 'challenge_digest' of GPUxToken.checkMintSolution (/unique_contracts/0xa15705d42a74785e10c31778dfc84c16500647f0.sol#486-488) is not in mixedCase
Parameter 'challenge_number' of GPUxToken.checkMintSolution (/unique_contracts/0xa15705d42a74785e10c31778dfc84c16500647f0.sol#488) is not in mixedCase
Variable 'GPUxToken._totalSupply' (/unique_contracts/0xa15705d42a74785e10c31778dfc84c16500647f0.sol#221-222) is not in mixedCase
Variable 'GPUxToken._BLOCKS_PER_READJUSTMENT' (/unique_contracts/0xa15705d42a74785e10c31778dfc84c16500647f0.sol#226-227) is not in mixedCase
Variable 'GPUxToken._MINIMUM_TARGET' (/unique_contracts/0xa15705d42a74785e10c31778dfc84c16500647f0.sol#230-232) is not in mixedCase
Variable 'GPUxToken._MAXIMUM_TARGET' (/unique_contracts/0xa15705d42a74785e10c31778dfc84c16500647f0.sol#240-241) is not in mixedCase
Reference: https://github.com/trailofbits/slither/wiki/Detectors-Documentation#conformance-to-solidity-naming-conventions[0m
INFO:Slither:/unique_contracts/0xa15705d42a74785e10c31778dfc84c16500647f0.sol analyzed (6 contracts), 42 result(s) found