INFO:Detectors:[93m
Game.bet (/unique_contracts/0xb8c5952d4ec0407f0edf23480655bca641480623.sol#175-211) uses a dangerous strict equality:
	- require(bool)(oddOrEven == ODD || oddOrEven == EVEN)
	- require(bool)(oddOrEven == ODD || oddOrEven == EVEN)
	- oddOrEven == ODD
Game.bet (/unique_contracts/0xb8c5952d4ec0407f0edf23480655bca641480623.sol#175-211) uses a dangerous strict equality:
	- require(bool)(oddOrEven == ODD || oddOrEven == EVEN)
	- require(bool)(oddOrEven == ODD || oddOrEven == EVEN)
	- oddOrEven == ODD
Game.getBlockHashOddOrEven (/unique_contracts/0xb8c5952d4ec0407f0edf23480655bca641480623.sol#237-253) uses a dangerous strict equality:
	- _oddOrEven == 1
	- _oddOrEven == 0
Reference: https://github.com/trailofbits/slither/wiki/Detectors-Documentation#dangerous-strict-equalities[0m
INFO:Detectors:[93m
Reentrancy in Game.withdrawRevenue (/unique_contracts/0xb8c5952d4ec0407f0edf23480655bca641480623.sol#279-319):
	External calls:
	- IMoneyManager(moneyManager).payTo(msg.sender,participants[msg.sender].bets[_blockNumber].ODDBets) (/unique_contracts/0xb8c5952d4ec0407f0edf23480655bca641480623.sol#288-289)
	- IMoneyManager(moneyManager).payTo(msg.sender,participants[msg.sender].bets[_blockNumber].EVENBets) (/unique_contracts/0xb8c5952d4ec0407f0edf23480655bca641480623.sol#289-292)
	State variables written after the call(s):
	- participants (/unique_contracts/0xb8c5952d4ec0407f0edf23480655bca641480623.sol#293-295)
Reentrancy in Game.withdrawRevenue (/unique_contracts/0xb8c5952d4ec0407f0edf23480655bca641480623.sol#279-319):
	External calls:
	- IMoneyManager(moneyManager).payTo(msg.sender,totalPayment) (/unique_contracts/0xb8c5952d4ec0407f0edf23480655bca641480623.sol#310-313)
	State variables written after the call(s):
	- participants (/unique_contracts/0xb8c5952d4ec0407f0edf23480655bca641480623.sol#313-315)
Reference: https://github.com/trailofbits/slither/wiki/Detectors-Documentation#reentrancy-vulnerabilities-1[0m
INFO:Detectors:[93m
newParticipant in Game.bet (/unique_contracts/0xb8c5952d4ec0407f0edf23480655bca641480623.sol#186-189) is a local variable never initialiazed
Reference: https://github.com/trailofbits/slither/wiki/Detectors-Documentation#uninitialized-local-variables[0m
INFO:Detectors:[93m
Game.calculateRevenue (/unique_contracts/0xb8c5952d4ec0407f0edf23480655bca641480623.sol#260-274) does not use the value returned by external calls:
	-IMoneyManager(moneyManager).payTo(ownerWallet,comission) (/unique_contracts/0xb8c5952d4ec0407f0edf23480655bca641480623.sol#267-268)
Game.withdrawRevenue (/unique_contracts/0xb8c5952d4ec0407f0edf23480655bca641480623.sol#279-319) does not use the value returned by external calls:
	-IMoneyManager(moneyManager).payTo(msg.sender,participants[msg.sender].bets[_blockNumber].ODDBets) (/unique_contracts/0xb8c5952d4ec0407f0edf23480655bca641480623.sol#288-289)
	-IMoneyManager(moneyManager).payTo(msg.sender,participants[msg.sender].bets[_blockNumber].EVENBets) (/unique_contracts/0xb8c5952d4ec0407f0edf23480655bca641480623.sol#289-292)
	-IMoneyManager(moneyManager).payTo(msg.sender,totalPayment) (/unique_contracts/0xb8c5952d4ec0407f0edf23480655bca641480623.sol#310-313)
Reference: https://github.com/trailofbits/slither/wiki/Detectors-Documentation#unused-return[0m
INFO:Detectors:[92m
Reentrancy in Game.calculateRevenue (/unique_contracts/0xb8c5952d4ec0407f0edf23480655bca641480623.sol#260-274):
	External calls:
	- IMoneyManager(moneyManager).payTo(ownerWallet,comission) (/unique_contracts/0xb8c5952d4ec0407f0edf23480655bca641480623.sol#267-268)
	State variables written after the call(s):
	- blockRevenuePerTicket (/unique_contracts/0xb8c5952d4ec0407f0edf23480655bca641480623.sol#271-273)
	- isBlockRevenueCalculated (/unique_contracts/0xb8c5952d4ec0407f0edf23480655bca641480623.sol#273-274)
Reference: https://github.com/trailofbits/slither/wiki/Detectors-Documentation#reentrancy-vulnerabilities-2[0m
INFO:Detectors:[92m
Owned.transferOwnership (/unique_contracts/0xb8c5952d4ec0407f0edf23480655bca641480623.sol#46-53) should be declared external
IMoneyManager.payTo (/unique_contracts/0xb8c5952d4ec0407f0edf23480655bca641480623.sol#53-57) should be declared external
Game.fallback (/unique_contracts/0xb8c5952d4ec0407f0edf23480655bca641480623.sol#140-142) should be declared external
Game.activateCycle (/unique_contracts/0xb8c5952d4ec0407f0edf23480655bca641480623.sol#150-165) should be declared external
Game.calculateRevenueAtBlock (/unique_contracts/0xb8c5952d4ec0407f0edf23480655bca641480623.sol#213-230) should be declared external
Game.withdrawRevenue (/unique_contracts/0xb8c5952d4ec0407f0edf23480655bca641480623.sol#279-319) should be declared external
Game.setActivator (/unique_contracts/0xb8c5952d4ec0407f0edf23480655bca641480623.sol#324-331) should be declared external
Game.removeActivator (/unique_contracts/0xb8c5952d4ec0407f0edf23480655bca641480623.sol#333-338) should be declared external
Game.getActivator (/unique_contracts/0xb8c5952d4ec0407f0edf23480655bca641480623.sol#360-363) should be declared external
Game.getblock (/unique_contracts/0xb8c5952d4ec0407f0edf23480655bca641480623.sol#365-370) should be declared external
Game.getCycleInfo (/unique_contracts/0xb8c5952d4ec0407f0edf23480655bca641480623.sol#372-378) should be declared external
Game.getBlockHash (/unique_contracts/0xb8c5952d4ec0407f0edf23480655bca641480623.sol#381-383) should be declared external
Game.getBetAt (/unique_contracts/0xb8c5952d4ec0407f0edf23480655bca641480623.sol#388-395) should be declared external
Game.getBlockResult (/unique_contracts/0xb8c5952d4ec0407f0edf23480655bca641480623.sol#400-401) should be declared external
Game.getoddAndEvenBets (/unique_contracts/0xb8c5952d4ec0407f0edf23480655bca641480623.sol#406-409) should be declared external
Game.getIsParticipate (/unique_contracts/0xb8c5952d4ec0407f0edf23480655bca641480623.sol#414-421) should be declared external
Game.getblockRevenuePerTicket (/unique_contracts/0xb8c5952d4ec0407f0edf23480655bca641480623.sol#425-429) should be declared external
Game.getIsBlockRevenueCalculated (/unique_contracts/0xb8c5952d4ec0407f0edf23480655bca641480623.sol#433-437) should be declared external
Game.getIsRevenuePaid (/unique_contracts/0xb8c5952d4ec0407f0edf23480655bca641480623.sol#441-446) should be declared external
Game.getBlockComission (/unique_contracts/0xb8c5952d4ec0407f0edf23480655bca641480623.sol#449-453) should be declared external
Game.getBetsEvenAndODD (/unique_contracts/0xb8c5952d4ec0407f0edf23480655bca641480623.sol#459-463) should be declared external
Game.getTargetBlockLength (/unique_contracts/0xb8c5952d4ec0407f0edf23480655bca641480623.sol#468-471) should be declared external
Game.getTargetBlocks (/unique_contracts/0xb8c5952d4ec0407f0edf23480655bca641480623.sol) should be declared external
Game.getTargetBlock (/unique_contracts/0xb8c5952d4ec0407f0edf23480655bca641480623.sol) should be declared external
Reference: https://github.com/trailofbits/slither/wiki/Detectors-Documentation#public-function-that-could-be-declared-as-external[0m
INFO:Detectors:[92m
Parameter '_newOwner' of Owned.transferOwnership (/unique_contracts/0xb8c5952d4ec0407f0edf23480655bca641480623.sol#47) is not in mixedCase
Parameter '_moneyManager' of Game. (/unique_contracts/0xb8c5952d4ec0407f0edf23480655bca641480623.sol#130-133) is not in mixedCase
Parameter '_ownerWallet' of Game. (/unique_contracts/0xb8c5952d4ec0407f0edf23480655bca641480623.sol#133) is not in mixedCase
Parameter '_startBlock' of Game.activateCycle (/unique_contracts/0xb8c5952d4ec0407f0edf23480655bca641480623.sol#150-152) is not in mixedCase
Parameter '_blockNumber' of Game.calculateRevenueAtBlock (/unique_contracts/0xb8c5952d4ec0407f0edf23480655bca641480623.sol#213-214) is not in mixedCase
Parameter '_blockNumber' of Game.getBlockHashOddOrEven (/unique_contracts/0xb8c5952d4ec0407f0edf23480655bca641480623.sol#237-238) is not in mixedCase
Parameter '_blockNumber' of Game.calculateRevenue (/unique_contracts/0xb8c5952d4ec0407f0edf23480655bca641480623.sol#260) is not in mixedCase
Parameter '_blockNumber' of Game.withdrawRevenue (/unique_contracts/0xb8c5952d4ec0407f0edf23480655bca641480623.sol#280) is not in mixedCase
Parameter '_newActivator' of Game.setActivator (/unique_contracts/0xb8c5952d4ec0407f0edf23480655bca641480623.sol#325) is not in mixedCase
Parameter '_Activator' of Game.removeActivator (/unique_contracts/0xb8c5952d4ec0407f0edf23480655bca641480623.sol#334-335) is not in mixedCase
Parameter '_newOwnerWallet' of Game.setOwnerWallet (/unique_contracts/0xb8c5952d4ec0407f0edf23480655bca641480623.sol#344) is not in mixedCase
Parameter '_moneyManager' of Game.setMoneyManager (/unique_contracts/0xb8c5952d4ec0407f0edf23480655bca641480623.sol#354-356) is not in mixedCase
Parameter '_isActivator' of Game.getActivator (/unique_contracts/0xb8c5952d4ec0407f0edf23480655bca641480623.sol#360-361) is not in mixedCase
Parameter '_blockNumber' of Game.getBlockHash (/unique_contracts/0xb8c5952d4ec0407f0edf23480655bca641480623.sol#382-383) is not in mixedCase
Parameter '_participant' of Game.getBetAt (/unique_contracts/0xb8c5952d4ec0407f0edf23480655bca641480623.sol#388-389) is not in mixedCase
Parameter '_blockNumber' of Game.getBetAt (/unique_contracts/0xb8c5952d4ec0407f0edf23480655bca641480623.sol#389-390) is not in mixedCase
Parameter '_blockNumber' of Game.getBlockResult (/unique_contracts/0xb8c5952d4ec0407f0edf23480655bca641480623.sol#400) is not in mixedCase
Parameter '_blockNumber' of Game.getoddAndEvenBets (/unique_contracts/0xb8c5952d4ec0407f0edf23480655bca641480623.sol#406) is not in mixedCase
Parameter '_blockOddOrEven' of Game.getoddAndEvenBets (/unique_contracts/0xb8c5952d4ec0407f0edf23480655bca641480623.sol#406-407) is not in mixedCase
Parameter '_participant' of Game.getIsParticipate (/unique_contracts/0xb8c5952d4ec0407f0edf23480655bca641480623.sol#415-417) is not in mixedCase
Parameter '_blockNumber' of Game.getIsParticipate (/unique_contracts/0xb8c5952d4ec0407f0edf23480655bca641480623.sol#417) is not in mixedCase
Parameter '_blockNumber' of Game.getblockRevenuePerTicket (/unique_contracts/0xb8c5952d4ec0407f0edf23480655bca641480623.sol#425-426) is not in mixedCase
Parameter '_blockNumber' of Game.getIsBlockRevenueCalculated (/unique_contracts/0xb8c5952d4ec0407f0edf23480655bca641480623.sol#434) is not in mixedCase
Parameter '_participant' of Game.getIsRevenuePaid (/unique_contracts/0xb8c5952d4ec0407f0edf23480655bca641480623.sol#441-442) is not in mixedCase
Parameter '_blockNumber' of Game.getIsRevenuePaid (/unique_contracts/0xb8c5952d4ec0407f0edf23480655bca641480623.sol#442) is not in mixedCase
Parameter '_blockNumber' of Game.getBlockComission (/unique_contracts/0xb8c5952d4ec0407f0edf23480655bca641480623.sol#450) is not in mixedCase
Parameter '_blockNumber' of Game.getBetsEvenAndODD (/unique_contracts/0xb8c5952d4ec0407f0edf23480655bca641480623.sol#460) is not in mixedCase
Parameter '_index' of Game.getTargetBlock (/unique_contracts/0xb8c5952d4ec0407f0edf23480655bca641480623.sol) is not in mixedCase
Constant 'Game.noBets' (/unique_contracts/0xb8c5952d4ec0407f0edf23480655bca641480623.sol#69-70) is not in UPPER_CASE_WITH_UNDERSCORES
Variable 'Game._startBetBlock' (/unique_contracts/0xb8c5952d4ec0407f0edf23480655bca641480623.sol#98-101) is not in mixedCase
Variable 'Game._endBetBlock' (/unique_contracts/0xb8c5952d4ec0407f0edf23480655bca641480623.sol#101) is not in mixedCase
Variable 'Game._targetBlock' (/unique_contracts/0xb8c5952d4ec0407f0edf23480655bca641480623.sol#101-102) is not in mixedCase
Reference: https://github.com/trailofbits/slither/wiki/Detectors-Documentation#conformance-to-solidity-naming-conventions[0m
INFO:Slither:/unique_contracts/0xb8c5952d4ec0407f0edf23480655bca641480623.sol analyzed (4 contracts), 64 result(s) found