INFO:Slither:Compilation warnings/errors on /unique_contracts/0xf37c4a962e70d813a4d9825942141cd9bc5169fd.sol:
/unique_contracts/0xf37c4a962e70d813a4d9825942141cd9bc5169fd.sol:46:5: Warning: Defining constructors as functions with the same name as the contract is deprecated. Use "constructor(...) { ... }" instead.
    function Ownable() {
    ^ (Relevant source part starts here and spans across multiple lines).
/unique_contracts/0xf37c4a962e70d813a4d9825942141cd9bc5169fd.sol:192:9: Warning: Use of the "var" keyword is deprecated.
        var _allowance = allowed[_from][msg.sender];
        ^------------^
/unique_contracts/0xf37c4a962e70d813a4d9825942141cd9bc5169fd.sol:247:5: Warning: Defining constructors as functions with the same name as the contract is deprecated. Use "constructor(...) { ... }" instead.
    function HoQuToken(uint _totalSupply) {
    ^ (Relevant source part starts here and spans across multiple lines).
/unique_contracts/0xf37c4a962e70d813a4d9825942141cd9bc5169fd.sol:317:5: Warning: Defining constructors as functions with the same name as the contract is deprecated. Use "constructor(...) { ... }" instead.
    function ClaimableCrowdsale(
    ^ (Relevant source part starts here and spans across multiple lines).
/unique_contracts/0xf37c4a962e70d813a4d9825942141cd9bc5169fd.sol:518:5: Warning: Defining constructors as functions with the same name as the contract is deprecated. Use "constructor(...) { ... }" instead.
    function ChangeableRateCrowdsale(
    ^ (Relevant source part starts here and spans across multiple lines).
/unique_contracts/0xf37c4a962e70d813a4d9825942141cd9bc5169fd.sol:104:9: Warning: Invoking events without "emit" prefix is deprecated.
        Pause();
        ^-----^
/unique_contracts/0xf37c4a962e70d813a4d9825942141cd9bc5169fd.sol:113:9: Warning: Invoking events without "emit" prefix is deprecated.
        Unpause();
        ^-------^
/unique_contracts/0xf37c4a962e70d813a4d9825942141cd9bc5169fd.sol:147:9: Warning: Invoking events without "emit" prefix is deprecated.
        Transfer(msg.sender, _to, _value);
        ^-------------------------------^
/unique_contracts/0xf37c4a962e70d813a4d9825942141cd9bc5169fd.sol:200:9: Warning: Invoking events without "emit" prefix is deprecated.
        Transfer(_from, _to, _value);
        ^--------------------------^
/unique_contracts/0xf37c4a962e70d813a4d9825942141cd9bc5169fd.sol:218:9: Warning: Invoking events without "emit" prefix is deprecated.
        Approval(msg.sender, _spender, _value);
        ^------------------------------------^
/unique_contracts/0xf37c4a962e70d813a4d9825942141cd9bc5169fd.sol:366:9: Warning: Invoking events without "emit" prefix is deprecated.
        TokenBought(msg.sender, tokensAmount, payAmount);
        ^----------------------------------------------^
/unique_contracts/0xf37c4a962e70d813a4d9825942141cd9bc5169fd.sol:383:9: Warning: Invoking events without "emit" prefix is deprecated.
        TokenAdded(_receiver, tokensAmount, _equivalentEthAmount);
        ^-------------------------------------------------------^
/unique_contracts/0xf37c4a962e70d813a4d9825942141cd9bc5169fd.sol:394:9: Warning: Invoking events without "emit" prefix is deprecated.
        TokenToppedUp(_receiver, tokensAmount, _equivalentEthAmount);
        ^----------------------------------------------------------^
/unique_contracts/0xf37c4a962e70d813a4d9825942141cd9bc5169fd.sol:408:9: Warning: Invoking events without "emit" prefix is deprecated.
        TokenSubtracted(_receiver, tokensAmount, _equivalentEthAmount);
        ^------------------------------------------------------------^
/unique_contracts/0xf37c4a962e70d813a4d9825942141cd9bc5169fd.sol:460:9: Warning: Invoking events without "emit" prefix is deprecated.
        TokenSent(_receiver, tokensToSend);
        ^--------------------------------^
/unique_contracts/0xf37c4a962e70d813a4d9825942141cd9bc5169fd.sol:46:5: Warning: No visibility specified. Defaulting to "public". 
    function Ownable() {
    ^ (Relevant source part starts here and spans across multiple lines).
/unique_contracts/0xf37c4a962e70d813a4d9825942141cd9bc5169fd.sol:64:5: Warning: No visibility specified. Defaulting to "public". 
    function transferOwnership(address newOwner) onlyOwner {
    ^ (Relevant source part starts here and spans across multiple lines).
/unique_contracts/0xf37c4a962e70d813a4d9825942141cd9bc5169fd.sol:102:5: Warning: No visibility specified. Defaulting to "public". 
    function pause() onlyOwner whenNotPaused returns (bool) {
    ^ (Relevant source part starts here and spans across multiple lines).
/unique_contracts/0xf37c4a962e70d813a4d9825942141cd9bc5169fd.sol:111:5: Warning: No visibility specified. Defaulting to "public". 
    function unpause() onlyOwner whenPaused returns (bool) {
    ^ (Relevant source part starts here and spans across multiple lines).
/unique_contracts/0xf37c4a962e70d813a4d9825942141cd9bc5169fd.sol:125:5: Warning: No visibility specified. Defaulting to "public". 
    function balanceOf(address who) constant returns (uint256);
    ^---------------------------------------------------------^
/unique_contracts/0xf37c4a962e70d813a4d9825942141cd9bc5169fd.sol:126:5: Warning: No visibility specified. Defaulting to "public". 
    function transfer(address to, uint256 value) returns (bool);
    ^----------------------------------------------------------^
/unique_contracts/0xf37c4a962e70d813a4d9825942141cd9bc5169fd.sol:144:5: Warning: No visibility specified. Defaulting to "public". 
    function transfer(address _to, uint256 _value) returns (bool) {
    ^ (Relevant source part starts here and spans across multiple lines).
/unique_contracts/0xf37c4a962e70d813a4d9825942141cd9bc5169fd.sol:156:5: Warning: No visibility specified. Defaulting to "public". 
    function balanceOf(address _owner) constant returns (uint256 balance) {
    ^ (Relevant source part starts here and spans across multiple lines).
/unique_contracts/0xf37c4a962e70d813a4d9825942141cd9bc5169fd.sol:167:5: Warning: No visibility specified. Defaulting to "public". 
    function allowance(address owner, address spender) constant returns (uint256);
    ^----------------------------------------------------------------------------^
/unique_contracts/0xf37c4a962e70d813a4d9825942141cd9bc5169fd.sol:168:5: Warning: No visibility specified. Defaulting to "public". 
    function transferFrom(address from, address to, uint256 value) returns (bool);
    ^----------------------------------------------------------------------------^
/unique_contracts/0xf37c4a962e70d813a4d9825942141cd9bc5169fd.sol:169:5: Warning: No visibility specified. Defaulting to "public". 
    function approve(address spender, uint256 value) returns (bool);
    ^--------------------------------------------------------------^
/unique_contracts/0xf37c4a962e70d813a4d9825942141cd9bc5169fd.sol:191:5: Warning: No visibility specified. Defaulting to "public". 
    function transferFrom(address _from, address _to, uint256 _value) returns (bool) {
    ^ (Relevant source part starts here and spans across multiple lines).
/unique_contracts/0xf37c4a962e70d813a4d9825942141cd9bc5169fd.sol:209:5: Warning: No visibility specified. Defaulting to "public". 
    function approve(address _spender, uint256 _value) returns (bool) {
    ^ (Relevant source part starts here and spans across multiple lines).
/unique_contracts/0xf37c4a962e70d813a4d9825942141cd9bc5169fd.sol:228:5: Warning: No visibility specified. Defaulting to "public". 
    function allowance(address _owner, address _spender) constant returns (uint256 remaining) {
    ^ (Relevant source part starts here and spans across multiple lines).
/unique_contracts/0xf37c4a962e70d813a4d9825942141cd9bc5169fd.sol:247:5: Warning: No visibility specified. Defaulting to "public". 
    function HoQuToken(uint _totalSupply) {
    ^ (Relevant source part starts here and spans across multiple lines).
/unique_contracts/0xf37c4a962e70d813a4d9825942141cd9bc5169fd.sol:252:5: Warning: No visibility specified. Defaulting to "public". 
    function transfer(address _to, uint _value) whenNotPaused returns (bool) {
    ^ (Relevant source part starts here and spans across multiple lines).
/unique_contracts/0xf37c4a962e70d813a4d9825942141cd9bc5169fd.sol:256:5: Warning: No visibility specified. Defaulting to "public". 
    function transferFrom(address _from, address _to, uint _value) whenNotPaused returns (bool) {
    ^ (Relevant source part starts here and spans across multiple lines).
/unique_contracts/0xf37c4a962e70d813a4d9825942141cd9bc5169fd.sol:317:5: Warning: No visibility specified. Defaulting to "public". 
    function ClaimableCrowdsale(
    ^ (Relevant source part starts here and spans across multiple lines).
/unique_contracts/0xf37c4a962e70d813a4d9825942141cd9bc5169fd.sol:341:5: Warning: No visibility specified. Defaulting to "public". 
    function setTokenRate(uint256 _tokenRate) onlyOwner {
    ^ (Relevant source part starts here and spans across multiple lines).
/unique_contracts/0xf37c4a962e70d813a4d9825942141cd9bc5169fd.sol:349:5: Warning: No visibility specified. Defaulting to "public". 
    function buy() payable inProgress whenNotPaused {
    ^ (Relevant source part starts here and spans across multiple lines).
/unique_contracts/0xf37c4a962e70d813a4d9825942141cd9bc5169fd.sol:378:5: Warning: No visibility specified. Defaulting to "public". 
    function add(address _receiver, uint256 _equivalentEthAmount) onlyOwner inProgress whenNotPaused {
    ^ (Relevant source part starts here and spans across multiple lines).
/unique_contracts/0xf37c4a962e70d813a4d9825942141cd9bc5169fd.sol:389:5: Warning: No visibility specified. Defaulting to "public". 
    function topUp(address _receiver, uint256 _equivalentEthAmount) onlyOwner whenNotPaused {
    ^ (Relevant source part starts here and spans across multiple lines).
/unique_contracts/0xf37c4a962e70d813a4d9825942141cd9bc5169fd.sol:400:5: Warning: No visibility specified. Defaulting to "public". 
    function sub(address _receiver, uint256 _equivalentEthAmount) onlyOwner whenNotPaused {
    ^ (Relevant source part starts here and spans across multiple lines).
/unique_contracts/0xf37c4a962e70d813a4d9825942141cd9bc5169fd.sol:426:5: Warning: No visibility specified. Defaulting to "public". 
    function claim() whenNotPaused {
    ^ (Relevant source part starts here and spans across multiple lines).
/unique_contracts/0xf37c4a962e70d813a4d9825942141cd9bc5169fd.sol:433:5: Warning: No visibility specified. Defaulting to "public". 
    function claimOne(address _receiver) onlyOwner whenNotPaused {
    ^ (Relevant source part starts here and spans across multiple lines).
/unique_contracts/0xf37c4a962e70d813a4d9825942141cd9bc5169fd.sol:440:5: Warning: No visibility specified. Defaulting to "public". 
    function claimAll() onlyOwner whenNotPaused {
    ^ (Relevant source part starts here and spans across multiple lines).
/unique_contracts/0xf37c4a962e70d813a4d9825942141cd9bc5169fd.sol:463:5: Warning: No visibility specified. Defaulting to "public". 
    function approve(address _receiver) onlyOwner whenNotPaused {
    ^ (Relevant source part starts here and spans across multiple lines).
/unique_contracts/0xf37c4a962e70d813a4d9825942141cd9bc5169fd.sol:470:5: Warning: No visibility specified. Defaulting to "public". 
    function finish() onlyOwner {
    ^ (Relevant source part starts here and spans across multiple lines).
/unique_contracts/0xf37c4a962e70d813a4d9825942141cd9bc5169fd.sol:477:5: Warning: No visibility specified. Defaulting to "public". 
    function getReceiversCount() constant onlyOwner returns (uint32) {
    ^ (Relevant source part starts here and spans across multiple lines).
/unique_contracts/0xf37c4a962e70d813a4d9825942141cd9bc5169fd.sol:481:5: Warning: No visibility specified. Defaulting to "public". 
    function getReceiver(uint32 i) constant onlyOwner returns (address) {
    ^ (Relevant source part starts here and spans across multiple lines).
/unique_contracts/0xf37c4a962e70d813a4d9825942141cd9bc5169fd.sol:518:5: Warning: No visibility specified. Defaulting to "public". 
    function ChangeableRateCrowdsale(
    ^ (Relevant source part starts here and spans across multiple lines).
/unique_contracts/0xf37c4a962e70d813a4d9825942141cd9bc5169fd.sol:8:5: Warning: Function state mutability can be restricted to pure
    function mul(uint256 a, uint256 b) internal constant returns (uint256) {
    ^ (Relevant source part starts here and spans across multiple lines).
/unique_contracts/0xf37c4a962e70d813a4d9825942141cd9bc5169fd.sol:14:5: Warning: Function state mutability can be restricted to pure
    function div(uint256 a, uint256 b) internal constant returns (uint256) {
    ^ (Relevant source part starts here and spans across multiple lines).
/unique_contracts/0xf37c4a962e70d813a4d9825942141cd9bc5169fd.sol:21:5: Warning: Function state mutability can be restricted to pure
    function sub(uint256 a, uint256 b) internal constant returns (uint256) {
    ^ (Relevant source part starts here and spans across multiple lines).
/unique_contracts/0xf37c4a962e70d813a4d9825942141cd9bc5169fd.sol:26:5: Warning: Function state mutability can be restricted to pure
    function add(uint256 a, uint256 b) internal constant returns (uint256) {
    ^ (Relevant source part starts here and spans across multiple lines).

INFO:Detectors:[93m
ClaimableCrowdsale.claimFor (/unique_contracts/0xf37c4a962e70d813a4d9825942141cd9bc5169fd.sol#466-478) does not use the value returned by external calls:
	-token.transferFrom(bankAddress,_receiver,tokensToSend) (/unique_contracts/0xf37c4a962e70d813a4d9825942141cd9bc5169fd.sol#474-477)
ClaimableCrowdsale.finish (/unique_contracts/0xf37c4a962e70d813a4d9825942141cd9bc5169fd.sol#486-497) does not use the value returned by external calls:
	-token.transfer(bankAddress,token.balanceOf(this)) (/unique_contracts/0xf37c4a962e70d813a4d9825942141cd9bc5169fd.sol#495-497)
Reference: https://github.com/trailofbits/slither/wiki/Detectors-Documentation#unused-return[0m
INFO:Detectors:[92m
Ownable.transferOwnership (/unique_contracts/0xf37c4a962e70d813a4d9825942141cd9bc5169fd.sol#65-74) should be declared external
Pausable.pause (/unique_contracts/0xf37c4a962e70d813a4d9825942141cd9bc5169fd.sol#105-111) should be declared external
Pausable.unpause (/unique_contracts/0xf37c4a962e70d813a4d9825942141cd9bc5169fd.sol#114-121) should be declared external
BasicToken.balanceOf (/unique_contracts/0xf37c4a962e70d813a4d9825942141cd9bc5169fd.sol#164-167) should be declared external
ERC20Basic.balanceOf (/unique_contracts/0xf37c4a962e70d813a4d9825942141cd9bc5169fd.sol#126-127) should be declared external
StandardToken.allowance (/unique_contracts/0xf37c4a962e70d813a4d9825942141cd9bc5169fd.sol#238-242) should be declared external
ERC20.allowance (/unique_contracts/0xf37c4a962e70d813a4d9825942141cd9bc5169fd.sol#169-170) should be declared external
ERC20.approve (/unique_contracts/0xf37c4a962e70d813a4d9825942141cd9bc5169fd.sol#174-176) should be declared external
StandardToken.approve (/unique_contracts/0xf37c4a962e70d813a4d9825942141cd9bc5169fd.sol#212-225) should be declared external
ClaimableCrowdsale.setTokenRate (/unique_contracts/0xf37c4a962e70d813a4d9825942141cd9bc5169fd.sol#353-356) should be declared external
ClaimableCrowdsale.add (/unique_contracts/0xf37c4a962e70d813a4d9825942141cd9bc5169fd.sol#387-394) should be declared external
ClaimableCrowdsale.topUp (/unique_contracts/0xf37c4a962e70d813a4d9825942141cd9bc5169fd.sol#398-406) should be declared external
ClaimableCrowdsale.sub (/unique_contracts/0xf37c4a962e70d813a4d9825942141cd9bc5169fd.sol#408-420) should be declared external
ClaimableCrowdsale.claim (/unique_contracts/0xf37c4a962e70d813a4d9825942141cd9bc5169fd.sol#442-443) should be declared external
ClaimableCrowdsale.claimOne (/unique_contracts/0xf37c4a962e70d813a4d9825942141cd9bc5169fd.sol#445-450) should be declared external
ClaimableCrowdsale.claimAll (/unique_contracts/0xf37c4a962e70d813a4d9825942141cd9bc5169fd.sol#453-463) should be declared external
ClaimableCrowdsale.approve (/unique_contracts/0xf37c4a962e70d813a4d9825942141cd9bc5169fd.sol#478-482) should be declared external
ClaimableCrowdsale.finish (/unique_contracts/0xf37c4a962e70d813a4d9825942141cd9bc5169fd.sol#486-497) should be declared external
ClaimableCrowdsale.getReceiversCount (/unique_contracts/0xf37c4a962e70d813a4d9825942141cd9bc5169fd.sol#497-504) should be declared external
ClaimableCrowdsale.getReceiver (/unique_contracts/0xf37c4a962e70d813a4d9825942141cd9bc5169fd.sol#504-506) should be declared external
Reference: https://github.com/trailofbits/slither/wiki/Detectors-Documentation#public-function-that-could-be-declared-as-external[0m
INFO:Detectors:[92m
Detected issues with version pragma in /unique_contracts/0xf37c4a962e70d813a4d9825942141cd9bc5169fd.sol:
	- pragma solidity^0.4.11 (/unique_contracts/0xf37c4a962e70d813a4d9825942141cd9bc5169fd.sol#1): it allows old versions
Reference: https://github.com/trailofbits/slither/wiki/Detectors-Documentation#incorrect-version-of-solidity[0m
INFO:Detectors:[92m
Function 'Ownable.Ownable' (/unique_contracts/0xf37c4a962e70d813a4d9825942141cd9bc5169fd.sol#47-52) is not in mixedCase
Parameter '_owner' of BasicToken.balanceOf (/unique_contracts/0xf37c4a962e70d813a4d9825942141cd9bc5169fd.sol#164) is not in mixedCase
Parameter '_to' of BasicToken.transfer (/unique_contracts/0xf37c4a962e70d813a4d9825942141cd9bc5169fd.sol#146) is not in mixedCase
Parameter '_value' of BasicToken.transfer (/unique_contracts/0xf37c4a962e70d813a4d9825942141cd9bc5169fd.sol#146-147) is not in mixedCase
Parameter '_owner' of StandardToken.allowance (/unique_contracts/0xf37c4a962e70d813a4d9825942141cd9bc5169fd.sol#238-240) is not in mixedCase
Parameter '_spender' of StandardToken.allowance (/unique_contracts/0xf37c4a962e70d813a4d9825942141cd9bc5169fd.sol#240) is not in mixedCase
Parameter '_from' of StandardToken.transferFrom (/unique_contracts/0xf37c4a962e70d813a4d9825942141cd9bc5169fd.sol#194) is not in mixedCase
Parameter '_to' of StandardToken.transferFrom (/unique_contracts/0xf37c4a962e70d813a4d9825942141cd9bc5169fd.sol#194) is not in mixedCase
Parameter '_value' of StandardToken.transferFrom (/unique_contracts/0xf37c4a962e70d813a4d9825942141cd9bc5169fd.sol#194-195) is not in mixedCase
Parameter '_spender' of StandardToken.approve (/unique_contracts/0xf37c4a962e70d813a4d9825942141cd9bc5169fd.sol#212-213) is not in mixedCase
Parameter '_value' of StandardToken.approve (/unique_contracts/0xf37c4a962e70d813a4d9825942141cd9bc5169fd.sol#213) is not in mixedCase
Parameter '_to' of HoQuToken.transfer (/unique_contracts/0xf37c4a962e70d813a4d9825942141cd9bc5169fd.sol#257-258) is not in mixedCase
Parameter '_value' of HoQuToken.transfer (/unique_contracts/0xf37c4a962e70d813a4d9825942141cd9bc5169fd.sol#258-262) is not in mixedCase
Parameter '_from' of HoQuToken.transferFrom (/unique_contracts/0xf37c4a962e70d813a4d9825942141cd9bc5169fd.sol#265-266) is not in mixedCase
Parameter '_to' of HoQuToken.transferFrom (/unique_contracts/0xf37c4a962e70d813a4d9825942141cd9bc5169fd.sol#266) is not in mixedCase
Parameter '_value' of HoQuToken.transferFrom (/unique_contracts/0xf37c4a962e70d813a4d9825942141cd9bc5169fd.sol#266) is not in mixedCase
Function 'HoQuToken.HoQuToken' (/unique_contracts/0xf37c4a962e70d813a4d9825942141cd9bc5169fd.sol#253-257) is not in mixedCase
Parameter '_totalSupply' of HoQuToken.HoQuToken (/unique_contracts/0xf37c4a962e70d813a4d9825942141cd9bc5169fd.sol#254-256) is not in mixedCase
Function 'ClaimableCrowdsale.ClaimableCrowdsale' (/unique_contracts/0xf37c4a962e70d813a4d9825942141cd9bc5169fd.sol#328-350) is not in mixedCase
Parameter '_tokenAddress' of ClaimableCrowdsale.ClaimableCrowdsale (/unique_contracts/0xf37c4a962e70d813a4d9825942141cd9bc5169fd.sol#329) is not in mixedCase
Parameter '_bankAddress' of ClaimableCrowdsale.ClaimableCrowdsale (/unique_contracts/0xf37c4a962e70d813a4d9825942141cd9bc5169fd.sol#330-331) is not in mixedCase
Parameter '_beneficiaryAddress' of ClaimableCrowdsale.ClaimableCrowdsale (/unique_contracts/0xf37c4a962e70d813a4d9825942141cd9bc5169fd.sol#331-332) is not in mixedCase
Parameter '_tokenRate' of ClaimableCrowdsale.ClaimableCrowdsale (/unique_contracts/0xf37c4a962e70d813a4d9825942141cd9bc5169fd.sol#332-333) is not in mixedCase
Parameter '_minBuyableAmount' of ClaimableCrowdsale.ClaimableCrowdsale (/unique_contracts/0xf37c4a962e70d813a4d9825942141cd9bc5169fd.sol#333-334) is not in mixedCase
Parameter '_maxTokensAmount' of ClaimableCrowdsale.ClaimableCrowdsale (/unique_contracts/0xf37c4a962e70d813a4d9825942141cd9bc5169fd.sol#335-337) is not in mixedCase
Parameter '_endDate' of ClaimableCrowdsale.ClaimableCrowdsale (/unique_contracts/0xf37c4a962e70d813a4d9825942141cd9bc5169fd.sol#339) is not in mixedCase
Parameter '_tokenRate' of ClaimableCrowdsale.setTokenRate (/unique_contracts/0xf37c4a962e70d813a4d9825942141cd9bc5169fd.sol#353) is not in mixedCase
Parameter '_receiver' of ClaimableCrowdsale.add (/unique_contracts/0xf37c4a962e70d813a4d9825942141cd9bc5169fd.sol#387) is not in mixedCase
Parameter '_equivalentEthAmount' of ClaimableCrowdsale.add (/unique_contracts/0xf37c4a962e70d813a4d9825942141cd9bc5169fd.sol#387) is not in mixedCase
Parameter '_receiver' of ClaimableCrowdsale.topUp (/unique_contracts/0xf37c4a962e70d813a4d9825942141cd9bc5169fd.sol#398-400) is not in mixedCase
Parameter '_equivalentEthAmount' of ClaimableCrowdsale.topUp (/unique_contracts/0xf37c4a962e70d813a4d9825942141cd9bc5169fd.sol#400) is not in mixedCase
Parameter '_receiver' of ClaimableCrowdsale.sub (/unique_contracts/0xf37c4a962e70d813a4d9825942141cd9bc5169fd.sol#408-411) is not in mixedCase
Parameter '_equivalentEthAmount' of ClaimableCrowdsale.sub (/unique_contracts/0xf37c4a962e70d813a4d9825942141cd9bc5169fd.sol#412) is not in mixedCase
Parameter '_receiver' of ClaimableCrowdsale.storeTokens (/unique_contracts/0xf37c4a962e70d813a4d9825942141cd9bc5169fd.sol#424-425) is not in mixedCase
Parameter '_tokensAmount' of ClaimableCrowdsale.storeTokens (/unique_contracts/0xf37c4a962e70d813a4d9825942141cd9bc5169fd.sol#425-426) is not in mixedCase
Parameter '_receiver' of ClaimableCrowdsale.claimOne (/unique_contracts/0xf37c4a962e70d813a4d9825942141cd9bc5169fd.sol#447-450) is not in mixedCase
Parameter '_receiver' of ClaimableCrowdsale.claimFor (/unique_contracts/0xf37c4a962e70d813a4d9825942141cd9bc5169fd.sol#468-469) is not in mixedCase
Parameter '_receiver' of ClaimableCrowdsale.approve (/unique_contracts/0xf37c4a962e70d813a4d9825942141cd9bc5169fd.sol#478-481) is not in mixedCase
Parameter '_receiver' of ChangeableRateCrowdsale.storeTokens (/unique_contracts/0xf37c4a962e70d813a4d9825942141cd9bc5169fd.sol) is not in mixedCase
Parameter '_tokensAmount' of ChangeableRateCrowdsale.storeTokens (/unique_contracts/0xf37c4a962e70d813a4d9825942141cd9bc5169fd.sol) is not in mixedCase
Function 'ChangeableRateCrowdsale.ChangeableRateCrowdsale' (/unique_contracts/0xf37c4a962e70d813a4d9825942141cd9bc5169fd.sol#536-591) is not in mixedCase
Reference: https://github.com/trailofbits/slither/wiki/Detectors-Documentation#conformance-to-solidity-naming-conventions[0m
INFO:Slither:/unique_contracts/0xf37c4a962e70d813a4d9825942141cd9bc5169fd.sol analyzed (10 contracts), 64 result(s) found