INFO:Slither:Compilation warnings/errors on /unique_chucks/19/0x7b52427cec68182c74d0b5f9dec57ddd8f727de9.sol:
/unique_chucks/19/0x7b52427cec68182c74d0b5f9dec57ddd8f727de9.sol:22:51: Warning: "throw" is deprecated in favour of "revert()", "require()" and "assert()".
    modifier onlyOwner { if (msg.sender != owner) throw; _; }
                                                  ^---^
/unique_chucks/19/0x7b52427cec68182c74d0b5f9dec57ddd8f727de9.sol:48:53: Warning: "throw" is deprecated in favour of "revert()", "require()" and "assert()".
    modifier onlyHammer { if (msg.sender != hammer) throw; _; }
                                                    ^---^
/unique_chucks/19/0x7b52427cec68182c74d0b5f9dec57ddd8f727de9.sol:55:5: Warning: Defining constructors as functions with the same name as the contract is deprecated. Use "constructor(...) { ... }" instead.
    function Object() {
    ^ (Relevant source part starts here and spans across multiple lines).
/unique_chucks/19/0x7b52427cec68182c74d0b5f9dec57ddd8f727de9.sol:138:5: Warning: Defining constructors as functions with the same name as the contract is deprecated. Use "constructor(...) { ... }" instead.
    function Token(string _name, string _symbol, uint8 _decimals, uint _count) {
    ^ (Relevant source part starts here and spans across multiple lines).
/unique_chucks/19/0x7b52427cec68182c74d0b5f9dec57ddd8f727de9.sol:172:9: Warning: Use of the "var" keyword is deprecated.
        var avail = allowances[_from][msg.sender]
        ^-------^
/unique_chucks/19/0x7b52427cec68182c74d0b5f9dec57ddd8f727de9.sol:205:5: Warning: Defining constructors as functions with the same name as the contract is deprecated. Use "constructor(...) { ... }" instead.
    function TokenEmission(string _name, string _symbol, uint8 _decimals,
    ^ (Relevant source part starts here and spans across multiple lines).
/unique_chucks/19/0x7b52427cec68182c74d0b5f9dec57ddd8f727de9.sol:217:49: Warning: "throw" is deprecated in favour of "revert()", "require()" and "assert()".
        if (_value + totalSupply < totalSupply) throw;
                                                ^---^
/unique_chucks/19/0x7b52427cec68182c74d0b5f9dec57ddd8f727de9.sol:264:9: Warning: Use of the "var" keyword is deprecated.
        var sender_contracts = getContractsOf[msg.sender];
        ^------------------^
/unique_chucks/19/0x7b52427cec68182c74d0b5f9dec57ddd8f727de9.sol:315:46: Warning: "throw" is deprecated in favour of "revert()", "require()" and "assert()".
            if (msg.value < buildingCostWei) throw;
                                             ^---^
/unique_chucks/19/0x7b52427cec68182c74d0b5f9dec57ddd8f727de9.sol:317:53: Warning: "throw" is deprecated in favour of "revert()", "require()" and "assert()".
            if (!beneficiary.send(buildingCostWei)) throw;
                                                    ^---^
/unique_chucks/19/0x7b52427cec68182c74d0b5f9dec57ddd8f727de9.sol:320:68: Warning: "throw" is deprecated in favour of "revert()", "require()" and "assert()".
                if (!msg.sender.send(msg.value - buildingCostWei)) throw;
                                                                   ^---^
/unique_chucks/19/0x7b52427cec68182c74d0b5f9dec57ddd8f727de9.sol:325:50: Warning: "throw" is deprecated in favour of "revert()", "require()" and "assert()".
                if (!msg.sender.send(msg.value)) throw;
                                                 ^---^
/unique_chucks/19/0x7b52427cec68182c74d0b5f9dec57ddd8f727de9.sol:332:9: Warning: Use of the "var" keyword is deprecated.
        var inst = CreatorTokenEmission.create(_name, _symbol, _decimals, _start_count);
        ^------^
/unique_chucks/19/0x7b52427cec68182c74d0b5f9dec57ddd8f727de9.sol:243:5: Warning: This declaration shadows a builtin symbol.
    function abi() constant returns (string)
    ^ (Relevant source part starts here and spans across multiple lines).
/unique_chucks/19/0x7b52427cec68182c74d0b5f9dec57ddd8f727de9.sol:43:7: Warning: "suicide" has been deprecated in favour of "selfdestruct"
    { suicide(msg.sender); }
      ^-----------------^
/unique_chucks/19/0x7b52427cec68182c74d0b5f9dec57ddd8f727de9.sol:157:13: Warning: Invoking events without "emit" prefix is deprecated.
            Transfer(msg.sender, _to, _value);
            ^-------------------------------^
/unique_chucks/19/0x7b52427cec68182c74d0b5f9dec57ddd8f727de9.sol:179:13: Warning: Invoking events without "emit" prefix is deprecated.
            Transfer(_from, _to, _value);
            ^--------------------------^
/unique_chucks/19/0x7b52427cec68182c74d0b5f9dec57ddd8f727de9.sol:192:9: Warning: Invoking events without "emit" prefix is deprecated.
        Approval(msg.sender, _spender, _value);
        ^------------------------------------^
/unique_chucks/19/0x7b52427cec68182c74d0b5f9dec57ddd8f727de9.sol:334:9: Warning: Invoking events without "emit" prefix is deprecated.
        Builded(_client, inst);
        ^--------------------^
/unique_chucks/19/0x7b52427cec68182c74d0b5f9dec57ddd8f727de9.sol:16:5: Warning: No visibility specified. Defaulting to "public". 
    function setOwner(address _owner) onlyOwner
    ^ (Relevant source part starts here and spans across multiple lines).
/unique_chucks/19/0x7b52427cec68182c74d0b5f9dec57ddd8f727de9.sol:35:5: Warning: No visibility specified. Defaulting to "public". 
    function setHammer(address _hammer) onlyHammer
    ^ (Relevant source part starts here and spans across multiple lines).
/unique_chucks/19/0x7b52427cec68182c74d0b5f9dec57ddd8f727de9.sol:42:5: Warning: No visibility specified. Defaulting to "public". 
    function destroy() onlyHammer
    ^ (Relevant source part starts here and spans across multiple lines).
/unique_chucks/19/0x7b52427cec68182c74d0b5f9dec57ddd8f727de9.sol:55:5: Warning: No visibility specified. Defaulting to "public". 
    function Object() {
    ^ (Relevant source part starts here and spans across multiple lines).
/unique_chucks/19/0x7b52427cec68182c74d0b5f9dec57ddd8f727de9.sol:71:5: Warning: No visibility specified. Defaulting to "public". 
    function balanceOf(address _owner) constant returns (uint256);
    ^------------------------------------------------------------^
/unique_chucks/19/0x7b52427cec68182c74d0b5f9dec57ddd8f727de9.sol:77:5: Warning: No visibility specified. Defaulting to "public". 
    function transfer(address _to, uint256 _value) returns (bool);
    ^------------------------------------------------------------^
/unique_chucks/19/0x7b52427cec68182c74d0b5f9dec57ddd8f727de9.sol:84:5: Warning: No visibility specified. Defaulting to "public". 
    function transferFrom(address _from, address _to, uint256 _value) returns (bool);
    ^-------------------------------------------------------------------------------^
/unique_chucks/19/0x7b52427cec68182c74d0b5f9dec57ddd8f727de9.sol:90:5: Warning: No visibility specified. Defaulting to "public". 
    function approve(address _spender, uint256 _value) returns (bool);
    ^----------------------------------------------------------------^
/unique_chucks/19/0x7b52427cec68182c74d0b5f9dec57ddd8f727de9.sol:95:5: Warning: No visibility specified. Defaulting to "public". 
    function allowance(address _owner, address _spender) constant returns (uint256);
    ^------------------------------------------------------------------------------^
/unique_chucks/19/0x7b52427cec68182c74d0b5f9dec57ddd8f727de9.sol:125:5: Warning: No visibility specified. Defaulting to "public". 
    function balanceOf(address _owner) constant returns (uint256)
    ^ (Relevant source part starts here and spans across multiple lines).
/unique_chucks/19/0x7b52427cec68182c74d0b5f9dec57ddd8f727de9.sol:134:5: Warning: No visibility specified. Defaulting to "public". 
    function allowance(address _owner, address _spender) constant returns (uint256)
    ^ (Relevant source part starts here and spans across multiple lines).
/unique_chucks/19/0x7b52427cec68182c74d0b5f9dec57ddd8f727de9.sol:138:5: Warning: No visibility specified. Defaulting to "public". 
    function Token(string _name, string _symbol, uint8 _decimals, uint _count) {
    ^ (Relevant source part starts here and spans across multiple lines).
/unique_chucks/19/0x7b52427cec68182c74d0b5f9dec57ddd8f727de9.sol:153:5: Warning: No visibility specified. Defaulting to "public". 
    function transfer(address _to, uint _value) returns (bool) {
    ^ (Relevant source part starts here and spans across multiple lines).
/unique_chucks/19/0x7b52427cec68182c74d0b5f9dec57ddd8f727de9.sol:171:5: Warning: No visibility specified. Defaulting to "public". 
    function transferFrom(address _from, address _to, uint256 _value) returns (bool) {
    ^ (Relevant source part starts here and spans across multiple lines).
/unique_chucks/19/0x7b52427cec68182c74d0b5f9dec57ddd8f727de9.sol:190:5: Warning: No visibility specified. Defaulting to "public". 
    function approve(address _spender, uint256 _value) returns (bool) {
    ^ (Relevant source part starts here and spans across multiple lines).
/unique_chucks/19/0x7b52427cec68182c74d0b5f9dec57ddd8f727de9.sol:200:5: Warning: No visibility specified. Defaulting to "public". 
    function unapprove(address _spender)
    ^ (Relevant source part starts here and spans across multiple lines).
/unique_chucks/19/0x7b52427cec68182c74d0b5f9dec57ddd8f727de9.sol:205:5: Warning: No visibility specified. Defaulting to "public". 
    function TokenEmission(string _name, string _symbol, uint8 _decimals,
    ^ (Relevant source part starts here and spans across multiple lines).
/unique_chucks/19/0x7b52427cec68182c74d0b5f9dec57ddd8f727de9.sol:215:5: Warning: No visibility specified. Defaulting to "public". 
    function emission(uint _value) onlyOwner {
    ^ (Relevant source part starts here and spans across multiple lines).
/unique_chucks/19/0x7b52427cec68182c74d0b5f9dec57ddd8f727de9.sol:228:5: Warning: No visibility specified. Defaulting to "public". 
    function burn(uint _value) {
    ^ (Relevant source part starts here and spans across multiple lines).
/unique_chucks/19/0x7b52427cec68182c74d0b5f9dec57ddd8f727de9.sol:237:5: Warning: No visibility specified. Defaulting to "public". 
    function create(string _name, string _symbol, uint8 _decimals, uint256 _start_count) returns (TokenEmission)
    ^ (Relevant source part starts here and spans across multiple lines).
/unique_chucks/19/0x7b52427cec68182c74d0b5f9dec57ddd8f727de9.sol:240:5: Warning: No visibility specified. Defaulting to "public". 
    function version() constant returns (string)
    ^ (Relevant source part starts here and spans across multiple lines).
/unique_chucks/19/0x7b52427cec68182c74d0b5f9dec57ddd8f727de9.sol:243:5: Warning: No visibility specified. Defaulting to "public". 
    function abi() constant returns (string)
    ^ (Relevant source part starts here and spans across multiple lines).
/unique_chucks/19/0x7b52427cec68182c74d0b5f9dec57ddd8f727de9.sol:263:5: Warning: No visibility specified. Defaulting to "public". 
    function getLastContract() constant returns (address) {
    ^ (Relevant source part starts here and spans across multiple lines).
/unique_chucks/19/0x7b52427cec68182c74d0b5f9dec57ddd8f727de9.sol:275:5: Warning: No visibility specified. Defaulting to "public". 
    function setBeneficiary(address _beneficiary) onlyOwner
    ^ (Relevant source part starts here and spans across multiple lines).
/unique_chucks/19/0x7b52427cec68182c74d0b5f9dec57ddd8f727de9.sol:285:5: Warning: No visibility specified. Defaulting to "public". 
    function setCost(uint _buildingCostWei) onlyOwner
    ^ (Relevant source part starts here and spans across multiple lines).
/unique_chucks/19/0x7b52427cec68182c74d0b5f9dec57ddd8f727de9.sol:295:5: Warning: No visibility specified. Defaulting to "public". 
    function setSecurityCheck(string _uri) onlyOwner
    ^ (Relevant source part starts here and spans across multiple lines).
/unique_chucks/19/0x7b52427cec68182c74d0b5f9dec57ddd8f727de9.sol:312:5: Warning: No visibility specified. Defaulting to "public". 
    function create(string _name, string _symbol, uint8 _decimals, uint256 _start_count, address _client) payable returns (address) {
    ^ (Relevant source part starts here and spans across multiple lines).
/unique_chucks/19/0x7b52427cec68182c74d0b5f9dec57ddd8f727de9.sol:240:5: Warning: Function state mutability can be restricted to pure
    function version() constant returns (string)
    ^ (Relevant source part starts here and spans across multiple lines).
/unique_chucks/19/0x7b52427cec68182c74d0b5f9dec57ddd8f727de9.sol:243:5: Warning: Function state mutability can be restricted to pure
    function abi() constant returns (string)
    ^ (Relevant source part starts here and spans across multiple lines).

INFO:Detectors:[93m
Token.totalSupply (/unique_chucks/19/0x7b52427cec68182c74d0b5f9dec57ddd8f727de9.sol#116-117) shadows:
	- ERC20.totalSupply (/unique_chucks/19/0x7b52427cec68182c74d0b5f9dec57ddd8f727de9.sol#69)
Reference: https://github.com/trailofbits/slither/wiki/Detectors-Documentation#state-variable-shadowing-from-abstract-contracts[0m
INFO:Detectors:[93m
BuilderTokenEmission.create (/unique_chucks/19/0x7b52427cec68182c74d0b5f9dec57ddd8f727de9.sol#317-340) does not use the value returned by external calls:
	-inst.transfer(_client,_start_count) (/unique_chucks/19/0x7b52427cec68182c74d0b5f9dec57ddd8f727de9.sol)
Reference: https://github.com/trailofbits/slither/wiki/Detectors-Documentation#unused-return[0m
INFO:Detectors:[92m
CreatorTokenEmission.abi (function @ /unique_chucks/19/0x7b52427cec68182c74d0b5f9dec57ddd8f727de9.sol#244-256) shadows built-in symbol "abi"
Reference: https://github.com/trailofbits/slither/wiki/Detectors-Documentation#builtin-symbol-shadowing[0m
INFO:Detectors:[92m
ERC20.totalSupply should be constant (/unique_chucks/19/0x7b52427cec68182c74d0b5f9dec57ddd8f727de9.sol#69)
Reference: https://github.com/trailofbits/slither/wiki/Detectors-Documentation#state-variables-that-could-be-declared-constant[0m
INFO:Detectors:[92m
Deprecated standard detected @ /unique_chucks/19/0x7b52427cec68182c74d0b5f9dec57ddd8f727de9.sol#26:
	- Usage of "throw" should be replaced with "revert()"
Deprecated standard detected @ /unique_chucks/19/0x7b52427cec68182c74d0b5f9dec57ddd8f727de9.sol#46:
	- Usage of "suicide()" should be replaced with "selfdestruct()"
Deprecated standard detected @ /unique_chucks/19/0x7b52427cec68182c74d0b5f9dec57ddd8f727de9.sol#52:
	- Usage of "throw" should be replaced with "revert()"
Deprecated standard detected @ /unique_chucks/19/0x7b52427cec68182c74d0b5f9dec57ddd8f727de9.sol#225-226:
	- Usage of "throw" should be replaced with "revert()"
Deprecated standard detected @ /unique_chucks/19/0x7b52427cec68182c74d0b5f9dec57ddd8f727de9.sol#324:
	- Usage of "throw" should be replaced with "revert()"
Deprecated standard detected @ /unique_chucks/19/0x7b52427cec68182c74d0b5f9dec57ddd8f727de9.sol#327-329:
	- Usage of "throw" should be replaced with "revert()"
Deprecated standard detected @ /unique_chucks/19/0x7b52427cec68182c74d0b5f9dec57ddd8f727de9.sol#332:
	- Usage of "throw" should be replaced with "revert()"
Deprecated standard detected @ /unique_chucks/19/0x7b52427cec68182c74d0b5f9dec57ddd8f727de9.sol#336:
	- Usage of "throw" should be replaced with "revert()"
Reference: https://github.com/trailofbits/slither/wiki/Detectors-Documentation#deprecated-standards[0m
INFO:Detectors:[92m
Owned.setOwner (/unique_chucks/19/0x7b52427cec68182c74d0b5f9dec57ddd8f727de9.sol#16-20) should be declared external
Destroyable.setHammer (/unique_chucks/19/0x7b52427cec68182c74d0b5f9dec57ddd8f727de9.sol#35-39) should be declared external
Destroyable.destroy (/unique_chucks/19/0x7b52427cec68182c74d0b5f9dec57ddd8f727de9.sol#43-46) should be declared external
ERC20.balanceOf (/unique_chucks/19/0x7b52427cec68182c74d0b5f9dec57ddd8f727de9.sol#73-74) should be declared external
Token.balanceOf (/unique_chucks/19/0x7b52427cec68182c74d0b5f9dec57ddd8f727de9.sol#129-131) should be declared external
Token.transfer (/unique_chucks/19/0x7b52427cec68182c74d0b5f9dec57ddd8f727de9.sol#156-166) should be declared external
ERC20.transfer (/unique_chucks/19/0x7b52427cec68182c74d0b5f9dec57ddd8f727de9.sol#79) should be declared external
ERC20.transferFrom (/unique_chucks/19/0x7b52427cec68182c74d0b5f9dec57ddd8f727de9.sol#86-87) should be declared external
Token.transferFrom (/unique_chucks/19/0x7b52427cec68182c74d0b5f9dec57ddd8f727de9.sol#173-188) should be declared external
Token.approve (/unique_chucks/19/0x7b52427cec68182c74d0b5f9dec57ddd8f727de9.sol#194-201) should be declared external
ERC20.approve (/unique_chucks/19/0x7b52427cec68182c74d0b5f9dec57ddd8f727de9.sol#92-93) should be declared external
Token.allowance (/unique_chucks/19/0x7b52427cec68182c74d0b5f9dec57ddd8f727de9.sol#137-139) should be declared external
ERC20.allowance (/unique_chucks/19/0x7b52427cec68182c74d0b5f9dec57ddd8f727de9.sol#98-99) should be declared external
Token.unapprove (/unique_chucks/19/0x7b52427cec68182c74d0b5f9dec57ddd8f727de9.sol#206-207) should be declared external
TokenEmission.emission (/unique_chucks/19/0x7b52427cec68182c74d0b5f9dec57ddd8f727de9.sol#224-228) should be declared external
TokenEmission.burn (/unique_chucks/19/0x7b52427cec68182c74d0b5f9dec57ddd8f727de9.sol#237-240) should be declared external
CreatorTokenEmission.create (/unique_chucks/19/0x7b52427cec68182c74d0b5f9dec57ddd8f727de9.sol#241-244) should be declared external
CreatorTokenEmission.version (/unique_chucks/19/0x7b52427cec68182c74d0b5f9dec57ddd8f727de9.sol#244) should be declared external
CreatorTokenEmission.abi (/unique_chucks/19/0x7b52427cec68182c74d0b5f9dec57ddd8f727de9.sol#244-256) should be declared external
Builder.getLastContract (/unique_chucks/19/0x7b52427cec68182c74d0b5f9dec57ddd8f727de9.sol#272-278) should be declared external
Builder.setBeneficiary (/unique_chucks/19/0x7b52427cec68182c74d0b5f9dec57ddd8f727de9.sol#285-288) should be declared external
Builder.setCost (/unique_chucks/19/0x7b52427cec68182c74d0b5f9dec57ddd8f727de9.sol#295-300) should be declared external
Builder.setSecurityCheck (/unique_chucks/19/0x7b52427cec68182c74d0b5f9dec57ddd8f727de9.sol#306-308) should be declared external
BuilderTokenEmission.create (/unique_chucks/19/0x7b52427cec68182c74d0b5f9dec57ddd8f727de9.sol#317-340) should be declared external
Reference: https://github.com/trailofbits/slither/wiki/Detectors-Documentation#public-function-that-could-be-declared-as-external[0m
INFO:Detectors:[92m
Detected issues with version pragma in /unique_chucks/19/0x7b52427cec68182c74d0b5f9dec57ddd8f727de9.sol:
	- pragma solidity^0.4.4 (/unique_chucks/19/0x7b52427cec68182c74d0b5f9dec57ddd8f727de9.sol#1): it allows old versions
Reference: https://github.com/trailofbits/slither/wiki/Detectors-Documentation#incorrect-version-of-solidity[0m
INFO:Detectors:[92m
Parameter '_owner' of Owned.setOwner (/unique_chucks/19/0x7b52427cec68182c74d0b5f9dec57ddd8f727de9.sol#16-17) is not in mixedCase
Parameter '_hammer' of Destroyable.setHammer (/unique_chucks/19/0x7b52427cec68182c74d0b5f9dec57ddd8f727de9.sol#36) is not in mixedCase
Function 'Object.Object' (/unique_chucks/19/0x7b52427cec68182c74d0b5f9dec57ddd8f727de9.sol#57-62) is not in mixedCase
Parameter '_owner' of Token.balanceOf (/unique_chucks/19/0x7b52427cec68182c74d0b5f9dec57ddd8f727de9.sol#130) is not in mixedCase
Parameter '_to' of Token.transfer (/unique_chucks/19/0x7b52427cec68182c74d0b5f9dec57ddd8f727de9.sol#156) is not in mixedCase
Parameter '_value' of Token.transfer (/unique_chucks/19/0x7b52427cec68182c74d0b5f9dec57ddd8f727de9.sol#156) is not in mixedCase
Parameter '_from' of Token.transferFrom (/unique_chucks/19/0x7b52427cec68182c74d0b5f9dec57ddd8f727de9.sol#174) is not in mixedCase
Parameter '_to' of Token.transferFrom (/unique_chucks/19/0x7b52427cec68182c74d0b5f9dec57ddd8f727de9.sol#174) is not in mixedCase
Parameter '_value' of Token.transferFrom (/unique_chucks/19/0x7b52427cec68182c74d0b5f9dec57ddd8f727de9.sol#174) is not in mixedCase
Parameter '_spender' of Token.approve (/unique_chucks/19/0x7b52427cec68182c74d0b5f9dec57ddd8f727de9.sol#197) is not in mixedCase
Parameter '_value' of Token.approve (/unique_chucks/19/0x7b52427cec68182c74d0b5f9dec57ddd8f727de9.sol#197) is not in mixedCase
Parameter '_owner' of Token.allowance (/unique_chucks/19/0x7b52427cec68182c74d0b5f9dec57ddd8f727de9.sol#137-138) is not in mixedCase
Parameter '_spender' of Token.allowance (/unique_chucks/19/0x7b52427cec68182c74d0b5f9dec57ddd8f727de9.sol#138) is not in mixedCase
Function 'Token.Token' (/unique_chucks/19/0x7b52427cec68182c74d0b5f9dec57ddd8f727de9.sol#141-149) is not in mixedCase
Parameter '_name' of Token.Token (/unique_chucks/19/0x7b52427cec68182c74d0b5f9dec57ddd8f727de9.sol#141) is not in mixedCase
Parameter '_symbol' of Token.Token (/unique_chucks/19/0x7b52427cec68182c74d0b5f9dec57ddd8f727de9.sol#141-142) is not in mixedCase
Parameter '_decimals' of Token.Token (/unique_chucks/19/0x7b52427cec68182c74d0b5f9dec57ddd8f727de9.sol#142) is not in mixedCase
Parameter '_count' of Token.Token (/unique_chucks/19/0x7b52427cec68182c74d0b5f9dec57ddd8f727de9.sol#142-143) is not in mixedCase
Parameter '_spender' of Token.unapprove (/unique_chucks/19/0x7b52427cec68182c74d0b5f9dec57ddd8f727de9.sol#206) is not in mixedCase
Function 'TokenEmission.TokenEmission' (/unique_chucks/19/0x7b52427cec68182c74d0b5f9dec57ddd8f727de9.sol#211-216) is not in mixedCase
Parameter '_start_count' of TokenEmission.TokenEmission (/unique_chucks/19/0x7b52427cec68182c74d0b5f9dec57ddd8f727de9.sol#213) is not in mixedCase
Parameter '_value' of TokenEmission.emission (/unique_chucks/19/0x7b52427cec68182c74d0b5f9dec57ddd8f727de9.sol#224) is not in mixedCase
Parameter '_value' of TokenEmission.burn (/unique_chucks/19/0x7b52427cec68182c74d0b5f9dec57ddd8f727de9.sol#237) is not in mixedCase
Parameter '_name' of CreatorTokenEmission.create (/unique_chucks/19/0x7b52427cec68182c74d0b5f9dec57ddd8f727de9.sol#241) is not in mixedCase
Parameter '_symbol' of CreatorTokenEmission.create (/unique_chucks/19/0x7b52427cec68182c74d0b5f9dec57ddd8f727de9.sol#241-243) is not in mixedCase
Parameter '_decimals' of CreatorTokenEmission.create (/unique_chucks/19/0x7b52427cec68182c74d0b5f9dec57ddd8f727de9.sol#243) is not in mixedCase
Parameter '_start_count' of CreatorTokenEmission.create (/unique_chucks/19/0x7b52427cec68182c74d0b5f9dec57ddd8f727de9.sol#243-244) is not in mixedCase
Parameter '_beneficiary' of Builder.setBeneficiary (/unique_chucks/19/0x7b52427cec68182c74d0b5f9dec57ddd8f727de9.sol#286) is not in mixedCase
Parameter '_buildingCostWei' of Builder.setCost (/unique_chucks/19/0x7b52427cec68182c74d0b5f9dec57ddd8f727de9.sol#295-296) is not in mixedCase
Parameter '_uri' of Builder.setSecurityCheck (/unique_chucks/19/0x7b52427cec68182c74d0b5f9dec57ddd8f727de9.sol#307) is not in mixedCase
Parameter '_name' of BuilderTokenEmission.create (/unique_chucks/19/0x7b52427cec68182c74d0b5f9dec57ddd8f727de9.sol#317) is not in mixedCase
Parameter '_symbol' of BuilderTokenEmission.create (/unique_chucks/19/0x7b52427cec68182c74d0b5f9dec57ddd8f727de9.sol#317) is not in mixedCase
Parameter '_decimals' of BuilderTokenEmission.create (/unique_chucks/19/0x7b52427cec68182c74d0b5f9dec57ddd8f727de9.sol#318) is not in mixedCase
Parameter '_start_count' of BuilderTokenEmission.create (/unique_chucks/19/0x7b52427cec68182c74d0b5f9dec57ddd8f727de9.sol#318-319) is not in mixedCase
Parameter '_client' of BuilderTokenEmission.create (/unique_chucks/19/0x7b52427cec68182c74d0b5f9dec57ddd8f727de9.sol#319) is not in mixedCase
Reference: https://github.com/trailofbits/slither/wiki/Detectors-Documentation#conformance-to-solidity-naming-conventions[0m
INFO:Slither:/unique_chucks/19/0x7b52427cec68182c74d0b5f9dec57ddd8f727de9.sol analyzed (9 contracts), 72 result(s) found