INFO:Slither:Compilation warnings/errors on /unique_chucks/44/0x83145cb6f6e158ef1af3ef6d0fc0b67d6b36c390.sol:
[91m/unique_chucks/44/0x83145cb6f6e158ef1af3ef6d0fc0b67d6b36c390.sol:1:1: Error: Source file requires different compiler version (current compiler is 0.4.25+commit.59dbf8f1.Linux.g++ - note that nightly builds are considered to be strictly less than the released version[0m
pragma solidity  0.4.22;
^----------------------^
/unique_chucks/44/0x83145cb6f6e158ef1af3ef6d0fc0b67d6b36c390.sol:32:7: Warning: "throw" is deprecated in favour of "revert()", "require()" and "assert()".
      throw;
      ^---^
/unique_chucks/44/0x83145cb6f6e158ef1af3ef6d0fc0b67d6b36c390.sol:61:5: Warning: Defining constructors as functions with the same name as the contract is deprecated. Use "constructor(...) { ... }" instead.
    function MJ(
    ^ (Relevant source part starts here and spans across multiple lines).
/unique_chucks/44/0x83145cb6f6e158ef1af3ef6d0fc0b67d6b36c390.sol:75:25: Warning: "throw" is deprecated in favour of "revert()", "require()" and "assert()".
        if (_to == 0x0) throw;                               // Prevent transfer to 0x0 address. Use burn() instead
                        ^---^
/unique_chucks/44/0x83145cb6f6e158ef1af3ef6d0fc0b67d6b36c390.sol:76:20: Warning: "throw" is deprecated in favour of "revert()", "require()" and "assert()".
		if (_value <= 0) throw; 
		                 ^---^
/unique_chucks/44/0x83145cb6f6e158ef1af3ef6d0fc0b67d6b36c390.sol:77:45: Warning: "throw" is deprecated in favour of "revert()", "require()" and "assert()".
        if (balanceOf[msg.sender] < _value) throw;           // Check if the sender has enough
                                            ^---^
/unique_chucks/44/0x83145cb6f6e158ef1af3ef6d0fc0b67d6b36c390.sol:78:55: Warning: "throw" is deprecated in favour of "revert()", "require()" and "assert()".
        if (balanceOf[_to] + _value < balanceOf[_to]) throw; // Check for overflows
                                                      ^---^
/unique_chucks/44/0x83145cb6f6e158ef1af3ef6d0fc0b67d6b36c390.sol:87:20: Warning: "throw" is deprecated in favour of "revert()", "require()" and "assert()".
		if (_value <= 0) throw; 
		                 ^---^
/unique_chucks/44/0x83145cb6f6e158ef1af3ef6d0fc0b67d6b36c390.sol:95:25: Warning: "throw" is deprecated in favour of "revert()", "require()" and "assert()".
        if (_to == 0x0) throw;                                // Prevent transfer to 0x0 address. Use burn() instead
                        ^---^
/unique_chucks/44/0x83145cb6f6e158ef1af3ef6d0fc0b67d6b36c390.sol:96:20: Warning: "throw" is deprecated in favour of "revert()", "require()" and "assert()".
		if (_value <= 0) throw; 
		                 ^---^
/unique_chucks/44/0x83145cb6f6e158ef1af3ef6d0fc0b67d6b36c390.sol:97:40: Warning: "throw" is deprecated in favour of "revert()", "require()" and "assert()".
        if (balanceOf[_from] < _value) throw;                 // Check if the sender has enough
                                       ^---^
/unique_chucks/44/0x83145cb6f6e158ef1af3ef6d0fc0b67d6b36c390.sol:98:55: Warning: "throw" is deprecated in favour of "revert()", "require()" and "assert()".
        if (balanceOf[_to] + _value < balanceOf[_to]) throw;  // Check for overflows
                                                      ^---^
/unique_chucks/44/0x83145cb6f6e158ef1af3ef6d0fc0b67d6b36c390.sol:99:52: Warning: "throw" is deprecated in favour of "revert()", "require()" and "assert()".
        if (_value > allowance[_from][msg.sender]) throw;     // Check allowance
                                                   ^---^
/unique_chucks/44/0x83145cb6f6e158ef1af3ef6d0fc0b67d6b36c390.sol:108:45: Warning: "throw" is deprecated in favour of "revert()", "require()" and "assert()".
        if (balanceOf[msg.sender] < _value) throw;            // Check if the sender has enough
                                            ^---^
/unique_chucks/44/0x83145cb6f6e158ef1af3ef6d0fc0b67d6b36c390.sol:109:20: Warning: "throw" is deprecated in favour of "revert()", "require()" and "assert()".
		if (_value <= 0) throw; 
		                 ^---^
/unique_chucks/44/0x83145cb6f6e158ef1af3ef6d0fc0b67d6b36c390.sol:117:45: Warning: "throw" is deprecated in favour of "revert()", "require()" and "assert()".
        if (balanceOf[msg.sender] < _value) throw;            // Check if the sender has enough
                                            ^---^
/unique_chucks/44/0x83145cb6f6e158ef1af3ef6d0fc0b67d6b36c390.sol:118:20: Warning: "throw" is deprecated in favour of "revert()", "require()" and "assert()".
		if (_value <= 0) throw; 
		                 ^---^
/unique_chucks/44/0x83145cb6f6e158ef1af3ef6d0fc0b67d6b36c390.sol:126:44: Warning: "throw" is deprecated in favour of "revert()", "require()" and "assert()".
        if (freezeOf[msg.sender] < _value) throw;            // Check if the sender has enough
                                           ^---^
/unique_chucks/44/0x83145cb6f6e158ef1af3ef6d0fc0b67d6b36c390.sol:127:20: Warning: "throw" is deprecated in favour of "revert()", "require()" and "assert()".
		if (_value <= 0) throw; 
		                 ^---^
/unique_chucks/44/0x83145cb6f6e158ef1af3ef6d0fc0b67d6b36c390.sol:30:3: Warning: This declaration shadows a builtin symbol.
  function assert(bool assertion) internal {
  ^ (Relevant source part starts here and spans across multiple lines).
/unique_chucks/44/0x83145cb6f6e158ef1af3ef6d0fc0b67d6b36c390.sol:81:9: Warning: Invoking events without "emit" prefix is deprecated.
        Transfer(msg.sender, _to, _value);                   // Notify anyone listening that this transfer took place
        ^-------------------------------^
/unique_chucks/44/0x83145cb6f6e158ef1af3ef6d0fc0b67d6b36c390.sol:103:9: Warning: Invoking events without "emit" prefix is deprecated.
        Transfer(_from, _to, _value);
        ^--------------------------^
/unique_chucks/44/0x83145cb6f6e158ef1af3ef6d0fc0b67d6b36c390.sol:112:9: Warning: Invoking events without "emit" prefix is deprecated.
        Burn(msg.sender, _value);
        ^----------------------^
/unique_chucks/44/0x83145cb6f6e158ef1af3ef6d0fc0b67d6b36c390.sol:121:9: Warning: Invoking events without "emit" prefix is deprecated.
        Freeze(msg.sender, _value);
        ^------------------------^
/unique_chucks/44/0x83145cb6f6e158ef1af3ef6d0fc0b67d6b36c390.sol:130:9: Warning: Invoking events without "emit" prefix is deprecated.
        Unfreeze(msg.sender, _value);
        ^--------------------------^

INFO:SlitherSolcParsing:No contract were found in /unique_chucks/44/0x83145cb6f6e158ef1af3ef6d0fc0b67d6b36c390.sol, check the correct compilation
WARNING:Slither:[91mNo contract was analyzed[0m
INFO:Slither:/unique_chucks/44/0x83145cb6f6e158ef1af3ef6d0fc0b67d6b36c390.sol analyzed (0 contracts), 0 result(s) found