INFO:Slither:Compilation warnings/errors on /unique_chucks/16/0xe8b55deaced913c5c6890331d2926ea0fcbe59ac.sol:
/unique_chucks/16/0xe8b55deaced913c5c6890331d2926ea0fcbe59ac.sol:49:5: Warning: Defining constructors as functions with the same name as the contract is deprecated. Use "constructor(...) { ... }" instead.
    function Fibonzi(){
    ^ (Relevant source part starts here and spans across multiple lines).
/unique_chucks/16/0xe8b55deaced913c5c6890331d2926ea0fcbe59ac.sol:65:9: Warning: Use of the "var" keyword is deprecated.
        var price = pools[poolId].price;
        ^-------^
/unique_chucks/16/0xe8b55deaced913c5c6890331d2926ea0fcbe59ac.sol:183:9: Warning: Use of the "var" keyword is deprecated.
        var currentFibo = getFibo(fiboIndex);
        ^-------------^
/unique_chucks/16/0xe8b55deaced913c5c6890331d2926ea0fcbe59ac.sol:232:9: Warning: Use of the "var" keyword is deprecated.
        var used = false;
        ^------^
/unique_chucks/16/0xe8b55deaced913c5c6890331d2926ea0fcbe59ac.sol:67:9: Warning: Invoking events without "emit" prefix is deprecated.
        PoolPrize(poolId,pools[poolId].owner,2*price,now);
        ^-----------------------------------------------^
/unique_chucks/16/0xe8b55deaced913c5c6890331d2926ea0fcbe59ac.sol:78:9: Warning: Invoking events without "emit" prefix is deprecated.
        PoolJoined(poolId,playersWallets[msg.sender],pools[poolId].price,now);
        ^-------------------------------------------------------------------^
/unique_chucks/16/0xe8b55deaced913c5c6890331d2926ea0fcbe59ac.sol:100:9: Warning: Invoking events without "emit" prefix is deprecated.
        PoolPrize(poolId,pools[poolId].owner,2*price,now);
        ^-----------------------------------------------^
/unique_chucks/16/0xe8b55deaced913c5c6890331d2926ea0fcbe59ac.sol:111:9: Warning: Invoking events without "emit" prefix is deprecated.
        PoolJoined(poolId,playersWallets[msg.sender],pools[poolId].price,now);
        ^-------------------------------------------------------------------^
/unique_chucks/16/0xe8b55deaced913c5c6890331d2926ea0fcbe59ac.sol:136:21: Warning: Invoking events without "emit" prefix is deprecated.
                    PlayerBalance(players[i+1].playerId,players[i+1].playerBalance,now);   
                    ^-----------------------------------------------------------------^
/unique_chucks/16/0xe8b55deaced913c5c6890331d2926ea0fcbe59ac.sol:144:13: Warning: Invoking events without "emit" prefix is deprecated.
            PlayerBalance(players[playersWallets[owner]].playerId,players[playersWallets[owner]].playerBalance,now);   
            ^-----------------------------------------------------------------------------------------------------^
/unique_chucks/16/0xe8b55deaced913c5c6890331d2926ea0fcbe59ac.sol:159:9: Warning: Invoking events without "emit" prefix is deprecated.
        PlayerBalance(players[playersWallets[msg.sender]].playerId,0,now);   
        ^---------------------------------------------------------------^
/unique_chucks/16/0xe8b55deaced913c5c6890331d2926ea0fcbe59ac.sol:166:9: Warning: Invoking events without "emit" prefix is deprecated.
        PoolCreated(poolCount,1e16,now);
        ^-----------------------------^
/unique_chucks/16/0xe8b55deaced913c5c6890331d2926ea0fcbe59ac.sol:178:9: Warning: Invoking events without "emit" prefix is deprecated.
        PlayerCreated(playersWallets[msg.sender],msg.sender,now);
        ^------------------------------------------------------^
/unique_chucks/16/0xe8b55deaced913c5c6890331d2926ea0fcbe59ac.sol:204:9: Warning: Invoking events without "emit" prefix is deprecated.
        TokenCreated(tokenCount,players[playersWallets[msg.sender]].playerId);
        ^-------------------------------------------------------------------^
/unique_chucks/16/0xe8b55deaced913c5c6890331d2926ea0fcbe59ac.sol:208:13: Warning: Invoking events without "emit" prefix is deprecated.
            TokenCreated(tokenCount,players[playersWallets[owner]].playerId);
            ^--------------------------------------------------------------^
/unique_chucks/16/0xe8b55deaced913c5c6890331d2926ea0fcbe59ac.sol:238:17: Warning: Invoking events without "emit" prefix is deprecated.
                TokenUsed(playersToken[msg.sender][i].tokenId,playersToken[msg.sender][i].playerId);
                ^---------------------------------------------------------------------------------^
/unique_chucks/16/0xe8b55deaced913c5c6890331d2926ea0fcbe59ac.sol:49:5: Warning: No visibility specified. Defaulting to "public". 
    function Fibonzi(){
    ^ (Relevant source part starts here and spans across multiple lines).
/unique_chucks/16/0xe8b55deaced913c5c6890331d2926ea0fcbe59ac.sol:57:5: Warning: No visibility specified. Defaulting to "public". 
    function openPool(uint8 poolId) payable{
    ^ (Relevant source part starts here and spans across multiple lines).
/unique_chucks/16/0xe8b55deaced913c5c6890331d2926ea0fcbe59ac.sol:86:5: Warning: No visibility specified. Defaulting to "public". 
    function joinPool(uint8 poolId) payable{
    ^ (Relevant source part starts here and spans across multiple lines).
/unique_chucks/16/0xe8b55deaced913c5c6890331d2926ea0fcbe59ac.sol:148:5: Warning: No visibility specified. Defaulting to "public". 
    function withdraw(){
    ^ (Relevant source part starts here and spans across multiple lines).
/unique_chucks/16/0xe8b55deaced913c5c6890331d2926ea0fcbe59ac.sol:170:5: Warning: No visibility specified. Defaulting to "public". 
    function createPlayer() returns (uint256){
    ^ (Relevant source part starts here and spans across multiple lines).
/unique_chucks/16/0xe8b55deaced913c5c6890331d2926ea0fcbe59ac.sol:221:5: Warning: Function state mutability can be restricted to view
    function getPlayerUsableTokensCount() internal returns (uint8){
    ^ (Relevant source part starts here and spans across multiple lines).

INFO:Detectors:[92m
Fibonzi.openPool (/unique_chucks/16/0xe8b55deaced913c5c6890331d2926ea0fcbe59ac.sol#58-87) should be declared external
Fibonzi.joinPool (/unique_chucks/16/0xe8b55deaced913c5c6890331d2926ea0fcbe59ac.sol#88-123) should be declared external
Fibonzi.withdraw (/unique_chucks/16/0xe8b55deaced913c5c6890331d2926ea0fcbe59ac.sol#151-165) should be declared external
Reference: https://github.com/trailofbits/slither/wiki/Detectors-Documentation#public-function-that-could-be-declared-as-external[0m
INFO:Detectors:[92m
Detected issues with version pragma in /unique_chucks/16/0xe8b55deaced913c5c6890331d2926ea0fcbe59ac.sol:
	- pragma solidity^0.4.15 (/unique_chucks/16/0xe8b55deaced913c5c6890331d2926ea0fcbe59ac.sol#1): it allows old versions
Reference: https://github.com/trailofbits/slither/wiki/Detectors-Documentation#incorrect-version-of-solidity[0m
INFO:Detectors:[92m
Function 'Fibonzi.Fibonzi' (/unique_chucks/16/0xe8b55deaced913c5c6890331d2926ea0fcbe59ac.sol#51-58) is not in mixedCase
Reference: https://github.com/trailofbits/slither/wiki/Detectors-Documentation#conformance-to-solidity-naming-conventions[0m
INFO:Slither:/unique_chucks/16/0xe8b55deaced913c5c6890331d2926ea0fcbe59ac.sol analyzed (1 contracts), 5 result(s) found