/unique_chucks/17/0x0850fd76fa34a1009e31a689b45aee9d3c71b121.sol
jar:file:/usr/local/lib/node_modules/@smartdec/smartcheck/jdeploy-bundle/smartcheck-2.0-jar-with-dependencies.jar!/solidity-rules.xmlruleId: SOLIDITY_ADDRESS_HARDCODED
patternId: adc165
severity: 1
line: 95
column: 14
content: 0x1538EF80213cde339A333Ee420a85c21905b1b2D

ruleId: SOLIDITY_ADDRESS_HARDCODED
patternId: adc165
severity: 1
line: 96
column: 23
content: 0x1D1739F37a103f0D7a5f5736fEd2E77DE9863450

ruleId: SOLIDITY_ADDRESS_HARDCODED
patternId: adc165
severity: 1
line: 97
column: 30
content: 0x805cEfaF11Df46D609fa34a7723d289b180Fe4fA

ruleId: SOLIDITY_ADDRESS_HARDCODED
patternId: adc165
severity: 1
line: 149
column: 14
content: 0x8ceda3f1bd005a5e30b5cb269ce8bf86b5b96c20

ruleId: SOLIDITY_ADDRESS_HARDCODED
patternId: adc165
severity: 1
line: 150
column: 14
content: 0x39346183c258d1ba55eb4cd7ed2822dfeffe38f5

ruleId: SOLIDITY_ADDRESS_HARDCODED
patternId: adc165
severity: 1
line: 151
column: 14
content: 0x6fd623ab0dff084df49975986ad8af7c306bf8b8

ruleId: SOLIDITY_ADDRESS_HARDCODED
patternId: adc165
severity: 1
line: 152
column: 14
content: 0xab4bf37461f081c369175b4bee5ae22ea9f7e980

ruleId: SOLIDITY_ADDRESS_HARDCODED
patternId: adc165
severity: 1
line: 153
column: 14
content: 0xaff4ac0f844d2efba41745ed6c76907200be88f2

ruleId: SOLIDITY_ADDRESS_HARDCODED
patternId: adc165
severity: 1
line: 154
column: 14
content: 0x4a2dccbc65ba28796af0a15dd11424c14153d2d1

ruleId: SOLIDITY_ADDRESS_HARDCODED
patternId: adc165
severity: 1
line: 155
column: 14
content: 0xccc8d4410a825f3644d3a5bbc0e9df4ac6b491b3

ruleId: SOLIDITY_ADDRESS_HARDCODED
patternId: adc165
severity: 1
line: 156
column: 14
content: 0x03e7d38a76d478c6a9edc2386fcd7e2983309b6c

ruleId: SOLIDITY_ADDRESS_HARDCODED
patternId: adc165
severity: 1
line: 157
column: 14
content: 0x98175430c3a4bd4d577e18b487b3ed7303e2c52d

ruleId: SOLIDITY_ADDRESS_HARDCODED
patternId: adc165
severity: 1
line: 158
column: 14
content: 0x742eacb804428d576d4926fe71af712b430eb644

ruleId: SOLIDITY_ADDRESS_HARDCODED
patternId: adc165
severity: 1
line: 159
column: 14
content: 0xd8e505f819da392a3c558df5134ebe7d6482f85c

ruleId: SOLIDITY_ADDRESS_HARDCODED
patternId: adc165
severity: 1
line: 160
column: 14
content: 0xeecc29f66931bb3815bb67856a80df995f94d087

ruleId: SOLIDITY_ADDRESS_HARDCODED
patternId: adc165
severity: 1
line: 161
column: 14
content: 0x196a1d3da3953a6623d943351f7e318b50870db2

ruleId: SOLIDITY_ADDRESS_HARDCODED
patternId: adc165
severity: 1
line: 162
column: 14
content: 0x5b90b4a856b7826aa9c9910780603017cbfa68b7

ruleId: SOLIDITY_ADDRESS_HARDCODED
patternId: adc165
severity: 1
line: 163
column: 14
content: 0x033724fa9c4cb645d4ed582c402c32a5eb3159a7

ruleId: SOLIDITY_ADDRESS_HARDCODED
patternId: adc165
severity: 1
line: 164
column: 14
content: 0xb78d3e316c2a94a7950260e38c73176cd14b70ea

ruleId: SOLIDITY_ADDRESS_HARDCODED
patternId: adc165
severity: 1
line: 165
column: 14
content: 0xfc68743beee9d3cdb83995f1a84778a39b0f402e

ruleId: SOLIDITY_ADDRESS_HARDCODED
patternId: adc165
severity: 1
line: 166
column: 14
content: 0x31cf35f20126936c7be14a15b3655662fa524d2f

ruleId: SOLIDITY_ADDRESS_HARDCODED
patternId: adc165
severity: 1
line: 167
column: 14
content: 0x2c82d682f7019e29a43ce05e4c2b63033cb4e895

ruleId: SOLIDITY_ADDRESS_HARDCODED
patternId: adc165
severity: 1
line: 168
column: 14
content: 0x51d6f9fb6ce42c62bfe3bef522b2b5cd6f15fa9c

ruleId: SOLIDITY_ADDRESS_HARDCODED
patternId: adc165
severity: 1
line: 169
column: 14
content: 0x36cfb5a6be6b130cfceb934d3ca72c1d72c3a7d8

ruleId: SOLIDITY_ADDRESS_HARDCODED
patternId: adc165
severity: 1
line: 170
column: 14
content: 0xa3166be56ca461d0909f71d5af48c1ebb1463a6f

ruleId: SOLIDITY_ADDRESS_HARDCODED
patternId: adc165
severity: 1
line: 171
column: 14
content: 0xe6d4d5c12079503d2f30bd83e6b43f6fb0668b08

ruleId: SOLIDITY_ADDRESS_HARDCODED
patternId: adc165
severity: 1
line: 172
column: 14
content: 0xbf1b3cd561db4fea02a51f424ab52fbaef311a4d

ruleId: SOLIDITY_ADDRESS_HARDCODED
patternId: adc165
severity: 1
line: 173
column: 14
content: 0x67cb283f70de2941cd799e622930a8efd33ca078

ruleId: SOLIDITY_ADDRESS_HARDCODED
patternId: adc165
severity: 1
line: 174
column: 14
content: 0x22b0ac0be4633f57fa4457268ad365c11227e172

ruleId: SOLIDITY_ADDRESS_HARDCODED
patternId: adc165
severity: 1
line: 175
column: 14
content: 0xf8c7cb5ed2336322c67350e9c2461e0f0ee3659e

ruleId: SOLIDITY_ADDRESS_HARDCODED
patternId: adc165
severity: 1
line: 176
column: 14
content: 0x67a72f16d690714772e2727f2e2e58747ae778de

ruleId: SOLIDITY_ADDRESS_HARDCODED
patternId: adc165
severity: 1
line: 177
column: 14
content: 0xb6191f05f715ebae29c200461af33a18b9379ee7

ruleId: SOLIDITY_ADDRESS_HARDCODED
patternId: adc165
severity: 1
line: 178
column: 14
content: 0xcc39a604c91c43e8a1e7798a8947c5ac227b5d81

ruleId: SOLIDITY_ADDRESS_HARDCODED
patternId: adc165
severity: 1
line: 179
column: 14
content: 0x5ad21dc27c6fc36725d643a19c2245c5327ff915

ruleId: SOLIDITY_ADDRESS_HARDCODED
patternId: adc165
severity: 1
line: 180
column: 14
content: 0xa2d91d801ec327dfc6f52633477192a992fbc2a0

ruleId: SOLIDITY_ADDRESS_HARDCODED
patternId: adc165
severity: 1
line: 181
column: 14
content: 0xa2f6da487597d959e4565897d57935917c480bf7

ruleId: SOLIDITY_ADDRESS_HARDCODED
patternId: adc165
severity: 1
line: 182
column: 14
content: 0x638ca535ee7988e8b96be67ebf902d77f50b28ca

ruleId: SOLIDITY_ADDRESS_HARDCODED
patternId: adc165
severity: 1
line: 183
column: 14
content: 0x5dcbb1bfcf502a5a6563c8d582db50cdc1dda1eb

ruleId: SOLIDITY_ADDRESS_HARDCODED
patternId: adc165
severity: 1
line: 184
column: 14
content: 0xfca228fa85b495ccad06b2dbf8e274d1d5704e41

ruleId: SOLIDITY_ADDRESS_HARDCODED
patternId: adc165
severity: 1
line: 185
column: 14
content: 0x7cf209a05d1565cc63fd2364149beb5b3db62ff8

ruleId: SOLIDITY_ADDRESS_HARDCODED
patternId: adc165
severity: 1
line: 186
column: 14
content: 0xbaf1e9cca2f0ebb7e116508f39afd8e730e23e45

ruleId: SOLIDITY_ADDRESS_HARDCODED
patternId: adc165
severity: 1
line: 187
column: 14
content: 0x3833f8dbdbd6bdcb6a883ff209b869148965b364

ruleId: SOLIDITY_ADDRESS_HARDCODED
patternId: adc165
severity: 1
line: 188
column: 14
content: 0xfff78f0db7995c7f2299d127d332aef95bc3e7b7

ruleId: SOLIDITY_ADDRESS_HARDCODED
patternId: adc165
severity: 1
line: 189
column: 14
content: 0x7dc6795bf92e5adc3b7de6e7f17cb8d7a9d2933f

ruleId: SOLIDITY_ADDRESS_HARDCODED
patternId: adc165
severity: 1
line: 190
column: 14
content: 0x1b29291cf6a57ee008b45f529210d6d5c5f19d91

ruleId: SOLIDITY_ADDRESS_HARDCODED
patternId: adc165
severity: 1
line: 191
column: 14
content: 0x16a8b1355262d97ec5e5bc38d305342671672fab

ruleId: SOLIDITY_ADDRESS_HARDCODED
patternId: adc165
severity: 1
line: 192
column: 14
content: 0x7a5e9d6817c37ae83fc616844497ce14bc5b10ab

ruleId: SOLIDITY_ADDRESS_HARDCODED
patternId: adc165
severity: 1
line: 193
column: 14
content: 0x5678dea87f3a2acc01a88f45a126fa59b48e7204

ruleId: SOLIDITY_ADDRESS_HARDCODED
patternId: adc165
severity: 1
line: 194
column: 14
content: 0x36a00f901c5a6d738f9e6b0ae03d4e02c346fd24

ruleId: SOLIDITY_ADDRESS_HARDCODED
patternId: adc165
severity: 1
line: 195
column: 14
content: 0x00be002531930ed5b0d138f077f917a153a2d780

ruleId: SOLIDITY_ADDRESS_HARDCODED
patternId: adc165
severity: 1
line: 196
column: 14
content: 0x9a2ebff067a422d108c29552a6b4b88f8abe9cde

ruleId: SOLIDITY_ADDRESS_HARDCODED
patternId: adc165
severity: 1
line: 197
column: 14
content: 0xd51e2fa6f61f6f3c97e21bb91b36ab974b72bf22

ruleId: SOLIDITY_ADDRESS_HARDCODED
patternId: adc165
severity: 1
line: 198
column: 14
content: 0x47ae8375b52166e513616c8eca798bafb9c1205a

ruleId: SOLIDITY_ADDRESS_HARDCODED
patternId: adc165
severity: 1
line: 199
column: 14
content: 0x967badde589202b8684e3edad1cb4e4d32aeb6a6

ruleId: SOLIDITY_ADDRESS_HARDCODED
patternId: adc165
severity: 1
line: 200
column: 14
content: 0x3a848a0c9b3979ab9b1e54e5c67b2e540c29fc3c

ruleId: SOLIDITY_ADDRESS_HARDCODED
patternId: adc165
severity: 1
line: 201
column: 14
content: 0x595488e62ebe727049c096eeece474b349bf294e

ruleId: SOLIDITY_ADDRESS_HARDCODED
patternId: adc165
severity: 1
line: 202
column: 14
content: 0x2734168834b8087f507d6f9e8c6db2ed2deaab1b

ruleId: SOLIDITY_ADDRESS_HARDCODED
patternId: adc165
severity: 1
line: 203
column: 14
content: 0x49225fe668e02c1a65c1075d8dba32838e1548ed

ruleId: SOLIDITY_ADDRESS_HARDCODED
patternId: adc165
severity: 1
line: 204
column: 14
content: 0xae085f56bffcc4b3cc36de49519f3185e09e64e7

ruleId: SOLIDITY_ADDRESS_HARDCODED
patternId: adc165
severity: 1
line: 205
column: 14
content: 0x1fa50344d0529e90b94e82cacbabf65cae6092c4

ruleId: SOLIDITY_ADDRESS_HARDCODED
patternId: adc165
severity: 1
line: 206
column: 14
content: 0xfcd991ba83bb0c10132ed03989e616916591a399

ruleId: SOLIDITY_ADDRESS_HARDCODED
patternId: adc165
severity: 1
line: 207
column: 14
content: 0x3c6211a64508c45f5cd9fee363610d9dcb6000ed

ruleId: SOLIDITY_DEPRECATED_CONSTRUCTIONS
patternId: 49bd2a
severity: 1
line: 70
column: 47
content: throw

ruleId: SOLIDITY_DEPRECATED_CONSTRUCTIONS
patternId: 49bd2a
severity: 1
line: 76
column: 50
content: throw

ruleId: SOLIDITY_DEPRECATED_CONSTRUCTIONS
patternId: 49bd2a
severity: 1
line: 106
column: 8
content: throw

ruleId: SOLIDITY_DEPRECATED_CONSTRUCTIONS
patternId: 49bd2a
severity: 1
line: 111
column: 8
content: throw

ruleId: SOLIDITY_DEPRECATED_CONSTRUCTIONS
patternId: 49bd2a
severity: 1
line: 117
column: 8
content: throw

ruleId: SOLIDITY_DEPRECATED_CONSTRUCTIONS
patternId: 49bd2a
severity: 1
line: 124
column: 40
content: throw

ruleId: SOLIDITY_DEPRECATED_CONSTRUCTIONS
patternId: 49bd2a
severity: 1
line: 141
column: 6
content: throw

ruleId: SOLIDITY_DEPRECATED_CONSTRUCTIONS
patternId: 28fa69
severity: 1
line: 36
column: 2
content: functionmax64(uint64a,uint64b)internalconstantreturns(uint64){returna>=b?a:b;}

ruleId: SOLIDITY_DEPRECATED_CONSTRUCTIONS
patternId: 28fa69
severity: 1
line: 40
column: 2
content: functionmin64(uint64a,uint64b)internalconstantreturns(uint64){returna<b?a:b;}

ruleId: SOLIDITY_DEPRECATED_CONSTRUCTIONS
patternId: 28fa69
severity: 1
line: 44
column: 2
content: functionmax256(uint256a,uint256b)internalconstantreturns(uint256){returna>=b?a:b;}

ruleId: SOLIDITY_DEPRECATED_CONSTRUCTIONS
patternId: 28fa69
severity: 1
line: 48
column: 2
content: functionmin256(uint256a,uint256b)internalconstantreturns(uint256){returna<b?a:b;}

ruleId: SOLIDITY_DEPRECATED_CONSTRUCTIONS
patternId: 28fa69
severity: 1
line: 130
column: 2
content: functioninvestedInPreICO()publicconstantreturns(uintamount){returninvestors[msg.sender];}

ruleId: SOLIDITY_LOCKED_MONEY
patternId: 30281d
severity: 3
line: 60
column: 0
content: contractProRataDistribution{mapping(address=>uint)investors;usingSafeMathforuint;addresspublicmultisigWallet;addresspublicowner;modifieronlyOwner{if(msg.sender!=owner)throw;_;}uinttokenExchangeRate=15830;uintpublicdeadline=now+(7200*1minutes);modifierafterDeadline(){if(now>=deadline)throw;_;}NTRYTokenprivatenotaryToken;uintpublicdistributed=0;uintpublictransferred=0;uintpublictotalSupply=5000000*1ether;boolofferClosed=true;eventInvested(addressinvestor,uintweiAmount,uinttokenAmount);eventEndsAtChanged(uintendsAt);functionProRataDistribution(){owner=0x1538EF80213cde339A333Ee420a85c21905b1b2D;multisigWallet=0x1D1739F37a103f0D7a5f5736fEd2E77DE9863450;notaryToken=NTRYToken(0x805cEfaF11Df46D609fa34a7723d289b180Fe4fA);preICOLedger();}function()payableafterDeadline{uintweiAmount=msg.value;if(weiAmount==0){throw;}if(investors[msg.sender]!=weiAmount){throw;}uinttokenAmount=weiAmount.mul(tokenExchangeRate);if(!notaryToken.transferFrom(owner,msg.sender,tokenAmount)){throw;}else{distributed=distributed.add(tokenAmount);transferred=transferred.add(weiAmount);}if(!multisigWallet.send(weiAmount))throw;Invested(msg.sender,weiAmount,tokenAmount);}functioninvestedInPreICO()publicconstantreturns(uintamount){returninvestors[msg.sender];}functionrescueInvestor(addresstarget,uintamount)onlyOwnerreturns(boolrescued){investors[target]=amount;returntrue;}functionsetEndsAt(uinttime)publiconlyOwner{if(now>time){throw;}deadline=time;EndsAtChanged(deadline);}functionpreICOLedger()returns(boolloaded){investors[0x8ceda3f1bd005a5e30b5cb269ce8bf86b5b96c20]=1131588360000000000;investors[0x39346183c258d1ba55eb4cd7ed2822dfeffe38f5]=4000000000000000000;investors[0x6fd623ab0dff084df49975986ad8af7c306bf8b8]=600000000000000000;investors[0xab4bf37461f081c369175b4bee5ae22ea9f7e980]=12000000000000000;investors[0xaff4ac0f844d2efba41745ed6c76907200be88f2]=2000000000000000000;investors[0x4a2dccbc65ba28796af0a15dd11424c14153d2d1]=100000000000000000;investors[0xccc8d4410a825f3644d3a5bbc0e9df4ac6b491b3]=472856928000000000;investors[0x03e7d38a76d478c6a9edc2386fcd7e2983309b6c]=100000000000000000;investors[0x98175430c3a4bd4d577e18b487b3ed7303e2c52d]=10000000000000000000;investors[0x742eacb804428d576d4926fe71af712b430eb644]=22000000000000000;investors[0xd8e505f819da392a3c558df5134ebe7d6482f85c]=12000000000000000;investors[0xeecc29f66931bb3815bb67856a80df995f94d087]=10000000000000000;investors[0x196a1d3da3953a6623d943351f7e318b50870db2]=10000000000000000;investors[0x5b90b4a856b7826aa9c9910780603017cbfa68b7]=500000000000000000;investors[0x033724fa9c4cb645d4ed582c402c32a5eb3159a7]=755382145000000000;investors[0xb78d3e316c2a94a7950260e38c73176cd14b70ea]=7250000000000000000;investors[0xfc68743beee9d3cdb83995f1a84778a39b0f402e]=930000000000000000;investors[0x31cf35f20126936c7be14a15b3655662fa524d2f]=9400000000000000000;investors[0x2c82d682f7019e29a43ce05e4c2b63033cb4e895]=2000000000000000000;investors[0x51d6f9fb6ce42c62bfe3bef522b2b5cd6f15fa9c]=3000000000000000000;investors[0x36cfb5a6be6b130cfceb934d3ca72c1d72c3a7d8]=3500000000000000000;investors[0xa3166be56ca461d0909f71d5af48c1ebb1463a6f]=2400000000000000000;investors[0xe6d4d5c12079503d2f30bd83e6b43f6fb0668b08]=1100000000000000000;investors[0xbf1b3cd561db4fea02a51f424ab52fbaef311a4d]=3300000000000000000;investors[0x67cb283f70de2941cd799e622930a8efd33ca078]=100000000000000000;investors[0x22b0ac0be4633f57fa4457268ad365c11227e172]=1200000000000000000;investors[0xf8c7cb5ed2336322c67350e9c2461e0f0ee3659e]=6927216202600000000;investors[0x67a72f16d690714772e2727f2e2e58747ae778de]=1000000000000000000;investors[0xb6191f05f715ebae29c200461af33a18b9379ee7]=2000000000000000000;investors[0xcc39a604c91c43e8a1e7798a8947c5ac227b5d81]=1000000000000000000;investors[0x5ad21dc27c6fc36725d643a19c2245c5327ff915]=1000000000000000000;investors[0xa2d91d801ec327dfc6f52633477192a992fbc2a0]=1000000000000000000;investors[0xa2f6da487597d959e4565897d57935917c480bf7]=50000000000000000;investors[0x638ca535ee7988e8b96be67ebf902d77f50b28ca]=3000000000000000000;investors[0x5dcbb1bfcf502a5a6563c8d582db50cdc1dda1eb]=1750000000000000000;investors[0xfca228fa85b495ccad06b2dbf8e274d1d5704e41]=1000000000000000000;investors[0x7cf209a05d1565cc63fd2364149beb5b3db62ff8]=1000000000000000000;investors[0xbaf1e9cca2f0ebb7e116508f39afd8e730e23e45]=3200000000000000000;investors[0x3833f8dbdbd6bdcb6a883ff209b869148965b364]=5000000000000000000;investors[0xfff78f0db7995c7f2299d127d332aef95bc3e7b7]=96607783000000000;investors[0x7dc6795bf92e5adc3b7de6e7f17cb8d7a9d2933f]=1200000000000000000;investors[0x1b29291cf6a57ee008b45f529210d6d5c5f19d91]=2000000000000000000;investors[0x16a8b1355262d97ec5e5bc38d305342671672fab]=800000000000000000;investors[0x7a5e9d6817c37ae83fc616844497ce14bc5b10ab]=1000000000000000000;investors[0x5678dea87f3a2acc01a88f45a126fa59b48e7204]=8500000000000000000;investors[0x36a00f901c5a6d738f9e6b0ae03d4e02c346fd24]=2100000000000000000;investors[0x00be002531930ed5b0d138f077f917a153a2d780]=201000000000000000000;investors[0x9a2ebff067a422d108c29552a6b4b88f8abe9cde]=1000000000000000000;investors[0xd51e2fa6f61f6f3c97e21bb91b36ab974b72bf22]=3000000000000000000;investors[0x47ae8375b52166e513616c8eca798bafb9c1205a]=1000000000000000000;investors[0x967badde589202b8684e3edad1cb4e4d32aeb6a6]=3000000000000000000;investors[0x3a848a0c9b3979ab9b1e54e5c67b2e540c29fc3c]=1000000000000000000;investors[0x595488e62ebe727049c096eeece474b349bf294e]=350000000000000000;investors[0x2734168834b8087f507d6f9e8c6db2ed2deaab1b]=2000000000000000000;investors[0x49225fe668e02c1a65c1075d8dba32838e1548ed]=3300000000000000000;investors[0xae085f56bffcc4b3cc36de49519f3185e09e64e7]=880000000000000000;investors[0x1fa50344d0529e90b94e82cacbabf65cae6092c4]=210000000000000000;investors[0xfcd991ba83bb0c10132ed03989e616916591a399]=200000000000000000;investors[0x3c6211a64508c45f5cd9fee363610d9dcb6000ed]=129285740000000000;returntrue;}functionsetMultisig(addressaddr)publiconlyOwner{multisigWallet=addr;}functiontransferOwnership(address_newOwner)onlyOwner{owner=_newOwner;}}

ruleId: SOLIDITY_OVERPOWERED_ROLE
patternId: j83hf7
severity: 2
line: 139
column: 2
content: functionsetEndsAt(uinttime)publiconlyOwner{if(now>time){throw;}deadline=time;EndsAtChanged(deadline);}

ruleId: SOLIDITY_OVERPOWERED_ROLE
patternId: j83hf7
severity: 2
line: 211
column: 3
content: functionsetMultisig(addressaddr)publiconlyOwner{multisigWallet=addr;}

ruleId: SOLIDITY_PRAGMAS_VERSION
patternId: 23fc32
severity: 1
line: 9
column: 16
content: ^

ruleId: SOLIDITY_PRIVATE_MODIFIER_DONT_HIDE_DATA
patternId: 5616b2
severity: 1
line: 79
column: 12
content: private

ruleId: SOLIDITY_REVERT_REQUIRE
patternId: c56b12
severity: 1
line: 70
column: 22
content: if(msg.sender!=owner)throw;

ruleId: SOLIDITY_REVERT_REQUIRE
patternId: c56b12
severity: 1
line: 76
column: 29
content: if(now>=deadline)throw;

ruleId: SOLIDITY_REVERT_REQUIRE
patternId: c56b12
severity: 1
line: 105
column: 4
content: if(weiAmount==0){throw;}

ruleId: SOLIDITY_REVERT_REQUIRE
patternId: c56b12
severity: 1
line: 110
column: 4
content: if(investors[msg.sender]!=weiAmount){throw;}

ruleId: SOLIDITY_REVERT_REQUIRE
patternId: c56b12
severity: 1
line: 116
column: 4
content: if(!notaryToken.transferFrom(owner,msg.sender,tokenAmount)){throw;}else{distributed=distributed.add(tokenAmount);transferred=transferred.add(weiAmount);}

ruleId: SOLIDITY_REVERT_REQUIRE
patternId: c56b12
severity: 1
line: 124
column: 4
content: if(!multisigWallet.send(weiAmount))throw;

ruleId: SOLIDITY_REVERT_REQUIRE
patternId: c56b12
severity: 1
line: 140
column: 4
content: if(now>time){throw;}

ruleId: SOLIDITY_SAFEMATH
patternId: 837cac
severity: 1
line: 65
column: 2
content: usingSafeMathforuint;

ruleId: SOLIDITY_VISIBILITY
patternId: 910067
severity: 1
line: 56
column: 3
content: functiontransferFrom(address_from,address_to,uint256_value)returns(boolsuccess);

ruleId: SOLIDITY_VISIBILITY
patternId: 910067
severity: 1
line: 94
column: 2
content: functionProRataDistribution(){owner=0x1538EF80213cde339A333Ee420a85c21905b1b2D;multisigWallet=0x1D1739F37a103f0D7a5f5736fEd2E77DE9863450;notaryToken=NTRYToken(0x805cEfaF11Df46D609fa34a7723d289b180Fe4fA);preICOLedger();}

ruleId: SOLIDITY_VISIBILITY
patternId: 910067
severity: 1
line: 102
column: 2
content: function()payableafterDeadline{uintweiAmount=msg.value;if(weiAmount==0){throw;}if(investors[msg.sender]!=weiAmount){throw;}uinttokenAmount=weiAmount.mul(tokenExchangeRate);if(!notaryToken.transferFrom(owner,msg.sender,tokenAmount)){throw;}else{distributed=distributed.add(tokenAmount);transferred=transferred.add(weiAmount);}if(!multisigWallet.send(weiAmount))throw;Invested(msg.sender,weiAmount,tokenAmount);}

ruleId: SOLIDITY_VISIBILITY
patternId: 910067
severity: 1
line: 134
column: 2
content: functionrescueInvestor(addresstarget,uintamount)onlyOwnerreturns(boolrescued){investors[target]=amount;returntrue;}

ruleId: SOLIDITY_VISIBILITY
patternId: 910067
severity: 1
line: 148
column: 2
content: functionpreICOLedger()returns(boolloaded){investors[0x8ceda3f1bd005a5e30b5cb269ce8bf86b5b96c20]=1131588360000000000;investors[0x39346183c258d1ba55eb4cd7ed2822dfeffe38f5]=4000000000000000000;investors[0x6fd623ab0dff084df49975986ad8af7c306bf8b8]=600000000000000000;investors[0xab4bf37461f081c369175b4bee5ae22ea9f7e980]=12000000000000000;investors[0xaff4ac0f844d2efba41745ed6c76907200be88f2]=2000000000000000000;investors[0x4a2dccbc65ba28796af0a15dd11424c14153d2d1]=100000000000000000;investors[0xccc8d4410a825f3644d3a5bbc0e9df4ac6b491b3]=472856928000000000;investors[0x03e7d38a76d478c6a9edc2386fcd7e2983309b6c]=100000000000000000;investors[0x98175430c3a4bd4d577e18b487b3ed7303e2c52d]=10000000000000000000;investors[0x742eacb804428d576d4926fe71af712b430eb644]=22000000000000000;investors[0xd8e505f819da392a3c558df5134ebe7d6482f85c]=12000000000000000;investors[0xeecc29f66931bb3815bb67856a80df995f94d087]=10000000000000000;investors[0x196a1d3da3953a6623d943351f7e318b50870db2]=10000000000000000;investors[0x5b90b4a856b7826aa9c9910780603017cbfa68b7]=500000000000000000;investors[0x033724fa9c4cb645d4ed582c402c32a5eb3159a7]=755382145000000000;investors[0xb78d3e316c2a94a7950260e38c73176cd14b70ea]=7250000000000000000;investors[0xfc68743beee9d3cdb83995f1a84778a39b0f402e]=930000000000000000;investors[0x31cf35f20126936c7be14a15b3655662fa524d2f]=9400000000000000000;investors[0x2c82d682f7019e29a43ce05e4c2b63033cb4e895]=2000000000000000000;investors[0x51d6f9fb6ce42c62bfe3bef522b2b5cd6f15fa9c]=3000000000000000000;investors[0x36cfb5a6be6b130cfceb934d3ca72c1d72c3a7d8]=3500000000000000000;investors[0xa3166be56ca461d0909f71d5af48c1ebb1463a6f]=2400000000000000000;investors[0xe6d4d5c12079503d2f30bd83e6b43f6fb0668b08]=1100000000000000000;investors[0xbf1b3cd561db4fea02a51f424ab52fbaef311a4d]=3300000000000000000;investors[0x67cb283f70de2941cd799e622930a8efd33ca078]=100000000000000000;investors[0x22b0ac0be4633f57fa4457268ad365c11227e172]=1200000000000000000;investors[0xf8c7cb5ed2336322c67350e9c2461e0f0ee3659e]=6927216202600000000;investors[0x67a72f16d690714772e2727f2e2e58747ae778de]=1000000000000000000;investors[0xb6191f05f715ebae29c200461af33a18b9379ee7]=2000000000000000000;investors[0xcc39a604c91c43e8a1e7798a8947c5ac227b5d81]=1000000000000000000;investors[0x5ad21dc27c6fc36725d643a19c2245c5327ff915]=1000000000000000000;investors[0xa2d91d801ec327dfc6f52633477192a992fbc2a0]=1000000000000000000;investors[0xa2f6da487597d959e4565897d57935917c480bf7]=50000000000000000;investors[0x638ca535ee7988e8b96be67ebf902d77f50b28ca]=3000000000000000000;investors[0x5dcbb1bfcf502a5a6563c8d582db50cdc1dda1eb]=1750000000000000000;investors[0xfca228fa85b495ccad06b2dbf8e274d1d5704e41]=1000000000000000000;investors[0x7cf209a05d1565cc63fd2364149beb5b3db62ff8]=1000000000000000000;investors[0xbaf1e9cca2f0ebb7e116508f39afd8e730e23e45]=3200000000000000000;investors[0x3833f8dbdbd6bdcb6a883ff209b869148965b364]=5000000000000000000;investors[0xfff78f0db7995c7f2299d127d332aef95bc3e7b7]=96607783000000000;investors[0x7dc6795bf92e5adc3b7de6e7f17cb8d7a9d2933f]=1200000000000000000;investors[0x1b29291cf6a57ee008b45f529210d6d5c5f19d91]=2000000000000000000;investors[0x16a8b1355262d97ec5e5bc38d305342671672fab]=800000000000000000;investors[0x7a5e9d6817c37ae83fc616844497ce14bc5b10ab]=1000000000000000000;investors[0x5678dea87f3a2acc01a88f45a126fa59b48e7204]=8500000000000000000;investors[0x36a00f901c5a6d738f9e6b0ae03d4e02c346fd24]=2100000000000000000;investors[0x00be002531930ed5b0d138f077f917a153a2d780]=201000000000000000000;investors[0x9a2ebff067a422d108c29552a6b4b88f8abe9cde]=1000000000000000000;investors[0xd51e2fa6f61f6f3c97e21bb91b36ab974b72bf22]=3000000000000000000;investors[0x47ae8375b52166e513616c8eca798bafb9c1205a]=1000000000000000000;investors[0x967badde589202b8684e3edad1cb4e4d32aeb6a6]=3000000000000000000;investors[0x3a848a0c9b3979ab9b1e54e5c67b2e540c29fc3c]=1000000000000000000;investors[0x595488e62ebe727049c096eeece474b349bf294e]=350000000000000000;investors[0x2734168834b8087f507d6f9e8c6db2ed2deaab1b]=2000000000000000000;investors[0x49225fe668e02c1a65c1075d8dba32838e1548ed]=3300000000000000000;investors[0xae085f56bffcc4b3cc36de49519f3185e09e64e7]=880000000000000000;investors[0x1fa50344d0529e90b94e82cacbabf65cae6092c4]=210000000000000000;investors[0xfcd991ba83bb0c10132ed03989e616916591a399]=200000000000000000;investors[0x3c6211a64508c45f5cd9fee363610d9dcb6000ed]=129285740000000000;returntrue;}

ruleId: SOLIDITY_VISIBILITY
patternId: 910067
severity: 1
line: 215
column: 2
content: functiontransferOwnership(address_newOwner)onlyOwner{owner=_newOwner;}

ruleId: SOLIDITY_VISIBILITY
patternId: b51ce0
severity: 1
line: 63
column: 2
content: mapping(address=>uint)investors;

ruleId: SOLIDITY_VISIBILITY
patternId: b51ce0
severity: 1
line: 72
column: 2
content: uinttokenExchangeRate=15830;

ruleId: SOLIDITY_VISIBILITY
patternId: b51ce0
severity: 1
line: 87
column: 2
content: boolofferClosed=true;

SOLIDITY_VISIBILITY :9
SOLIDITY_SAFEMATH :1
SOLIDITY_OVERPOWERED_ROLE :2
SOLIDITY_DEPRECATED_CONSTRUCTIONS :12
SOLIDITY_PRAGMAS_VERSION :1
SOLIDITY_REVERT_REQUIRE :7
SOLIDITY_LOCKED_MONEY :1
SOLIDITY_PRIVATE_MODIFIER_DONT_HIDE_DATA :1
SOLIDITY_ADDRESS_HARDCODED :62