INFO:Slither:Compilation warnings/errors on /unique_chucks/15/0x2fc310068686e78acfd8075aeb515113dc30d676.sol:
/unique_chucks/15/0x2fc310068686e78acfd8075aeb515113dc30d676.sol:88:5: Warning: Defining constructors as functions with the same name as the contract is deprecated. Use "constructor(...) { ... }" instead.
    function TeacherCoin( ) {
    ^ (Relevant source part starts here and spans across multiple lines).
/unique_chucks/15/0x2fc310068686e78acfd8075aeb515113dc30d676.sol:4:42: Warning: This declaration shadows an existing declaration.
function totalSupply() constant returns (uint256 totalSupply);
                                         ^-----------------^
/unique_chucks/15/0x2fc310068686e78acfd8075aeb515113dc30d676.sol:4:1: The shadowed declaration is here:
function totalSupply() constant returns (uint256 totalSupply);
^------------------------------------------------------------^

/unique_chucks/15/0x2fc310068686e78acfd8075aeb515113dc30d676.sol:101:47: Warning: This declaration shadows an existing declaration.
    function totalSupply( ) constant returns (uint256 totalSupply) {
                                              ^-----------------^
/unique_chucks/15/0x2fc310068686e78acfd8075aeb515113dc30d676.sol:101:5: The shadowed declaration is here:
    function totalSupply( ) constant returns (uint256 totalSupply) {
    ^ (Relevant source part starts here and spans across multiple lines).

/unique_chucks/15/0x2fc310068686e78acfd8075aeb515113dc30d676.sol:4:1: Warning: Functions in interfaces should be declared external.
function totalSupply() constant returns (uint256 totalSupply);
^------------------------------------------------------------^
/unique_chucks/15/0x2fc310068686e78acfd8075aeb515113dc30d676.sol:5:1: Warning: Functions in interfaces should be declared external.
function balanceOf(address _owner) constant returns (uint256 balance);
^--------------------------------------------------------------------^
/unique_chucks/15/0x2fc310068686e78acfd8075aeb515113dc30d676.sol:6:1: Warning: Functions in interfaces should be declared external.
function transfer(address _to, uint256 _value) returns (bool success);
^--------------------------------------------------------------------^
/unique_chucks/15/0x2fc310068686e78acfd8075aeb515113dc30d676.sol:7:1: Warning: Functions in interfaces should be declared external.
function transferFrom(address _from, address _to, uint256 _value) returns (bool success);
^---------------------------------------------------------------------------------------^
/unique_chucks/15/0x2fc310068686e78acfd8075aeb515113dc30d676.sol:8:1: Warning: Functions in interfaces should be declared external.
function approve(address _spender, uint256 _value) returns (bool success);
^------------------------------------------------------------------------^
/unique_chucks/15/0x2fc310068686e78acfd8075aeb515113dc30d676.sol:9:1: Warning: Functions in interfaces should be declared external.
function allowance(address _owner, address _spender) constant returns (uint256 remaining);
^----------------------------------------------------------------------------------------^
/unique_chucks/15/0x2fc310068686e78acfd8075aeb515113dc30d676.sol:116:9: Warning: Invoking events without "emit" prefix is deprecated.
        Transfer(msg.sender, _to, _value);
        ^-------------------------------^
/unique_chucks/15/0x2fc310068686e78acfd8075aeb515113dc30d676.sol:129:9: Warning: Invoking events without "emit" prefix is deprecated.
        Transfer(_from, _to, _value);
        ^--------------------------^
/unique_chucks/15/0x2fc310068686e78acfd8075aeb515113dc30d676.sol:135:9: Warning: Invoking events without "emit" prefix is deprecated.
        Approval(msg.sender, _spender, _value);
        ^------------------------------------^
/unique_chucks/15/0x2fc310068686e78acfd8075aeb515113dc30d676.sol:4:1: Warning: No visibility specified. Defaulting to "public". In interfaces it defaults to external.
function totalSupply() constant returns (uint256 totalSupply);
^------------------------------------------------------------^
/unique_chucks/15/0x2fc310068686e78acfd8075aeb515113dc30d676.sol:5:1: Warning: No visibility specified. Defaulting to "public". In interfaces it defaults to external.
function balanceOf(address _owner) constant returns (uint256 balance);
^--------------------------------------------------------------------^
/unique_chucks/15/0x2fc310068686e78acfd8075aeb515113dc30d676.sol:6:1: Warning: No visibility specified. Defaulting to "public". In interfaces it defaults to external.
function transfer(address _to, uint256 _value) returns (bool success);
^--------------------------------------------------------------------^
/unique_chucks/15/0x2fc310068686e78acfd8075aeb515113dc30d676.sol:7:1: Warning: No visibility specified. Defaulting to "public". In interfaces it defaults to external.
function transferFrom(address _from, address _to, uint256 _value) returns (bool success);
^---------------------------------------------------------------------------------------^
/unique_chucks/15/0x2fc310068686e78acfd8075aeb515113dc30d676.sol:8:1: Warning: No visibility specified. Defaulting to "public". In interfaces it defaults to external.
function approve(address _spender, uint256 _value) returns (bool success);
^------------------------------------------------------------------------^
/unique_chucks/15/0x2fc310068686e78acfd8075aeb515113dc30d676.sol:9:1: Warning: No visibility specified. Defaulting to "public". In interfaces it defaults to external.
function allowance(address _owner, address _spender) constant returns (uint256 remaining);
^----------------------------------------------------------------------------------------^
/unique_chucks/15/0x2fc310068686e78acfd8075aeb515113dc30d676.sol:83:5: Warning: No visibility specified. Defaulting to "public". 
    function ( ) payable {
    ^ (Relevant source part starts here and spans across multiple lines).
/unique_chucks/15/0x2fc310068686e78acfd8075aeb515113dc30d676.sol:88:5: Warning: No visibility specified. Defaulting to "public". 
    function TeacherCoin( ) {
    ^ (Relevant source part starts here and spans across multiple lines).
/unique_chucks/15/0x2fc310068686e78acfd8075aeb515113dc30d676.sol:92:5: Warning: No visibility specified. Defaulting to "public". 
    function createTokens( ) payable {
    ^ (Relevant source part starts here and spans across multiple lines).
/unique_chucks/15/0x2fc310068686e78acfd8075aeb515113dc30d676.sol:101:5: Warning: No visibility specified. Defaulting to "public". 
    function totalSupply( ) constant returns (uint256 totalSupply) {
    ^ (Relevant source part starts here and spans across multiple lines).
/unique_chucks/15/0x2fc310068686e78acfd8075aeb515113dc30d676.sol:105:4: Warning: No visibility specified. Defaulting to "public". 
   function balanceOf(address _owner) constant returns (uint256 balance) {
   ^ (Relevant source part starts here and spans across multiple lines).
/unique_chucks/15/0x2fc310068686e78acfd8075aeb515113dc30d676.sol:109:4: Warning: No visibility specified. Defaulting to "public". 
   function transfer(address _to, uint256 _value) returns (bool success) {
   ^ (Relevant source part starts here and spans across multiple lines).
/unique_chucks/15/0x2fc310068686e78acfd8075aeb515113dc30d676.sol:120:4: Warning: No visibility specified. Defaulting to "public". 
   function transferFrom(address _from, address _to, uint256 _value) returns (bool success) {
   ^ (Relevant source part starts here and spans across multiple lines).
/unique_chucks/15/0x2fc310068686e78acfd8075aeb515113dc30d676.sol:133:5: Warning: No visibility specified. Defaulting to "public". 
    function approve(address _spender, uint256 _value) returns (bool success) {
    ^ (Relevant source part starts here and spans across multiple lines).
/unique_chucks/15/0x2fc310068686e78acfd8075aeb515113dc30d676.sol:139:5: Warning: No visibility specified. Defaulting to "public". 
    function allowance(address _owner, address _spender) constant returns (uint256 remaining) {
    ^ (Relevant source part starts here and spans across multiple lines).

INFO:Detectors:[92m
ERC20.totalSupply.totalSupply (local variable @ /unique_chucks/15/0x2fc310068686e78acfd8075aeb515113dc30d676.sol#4-5) shadows:
	- ERC20.totalSupply (function @ /unique_chucks/15/0x2fc310068686e78acfd8075aeb515113dc30d676.sol#4-5)
TeacherCoin.totalSupply.totalSupply (local variable @ /unique_chucks/15/0x2fc310068686e78acfd8075aeb515113dc30d676.sol#105) shadows:
	- TeacherCoin.totalSupply (function @ /unique_chucks/15/0x2fc310068686e78acfd8075aeb515113dc30d676.sol#104-106)
	- ERC20.totalSupply (function @ /unique_chucks/15/0x2fc310068686e78acfd8075aeb515113dc30d676.sol#4-5)
Reference: https://github.com/trailofbits/slither/wiki/Detectors-Documentation#local-variable-shadowing[0m
INFO:Detectors:[92m
TeacherCoin.totalSupply (/unique_chucks/15/0x2fc310068686e78acfd8075aeb515113dc30d676.sol#104-106) should be declared external
ERC20.totalSupply (/unique_chucks/15/0x2fc310068686e78acfd8075aeb515113dc30d676.sol#4-5) should be declared external
TeacherCoin.balanceOf (/unique_chucks/15/0x2fc310068686e78acfd8075aeb515113dc30d676.sol#107-111) should be declared external
ERC20.balanceOf (/unique_chucks/15/0x2fc310068686e78acfd8075aeb515113dc30d676.sol#5-6) should be declared external
ERC20.transfer (/unique_chucks/15/0x2fc310068686e78acfd8075aeb515113dc30d676.sol#6-7) should be declared external
TeacherCoin.transfer (/unique_chucks/15/0x2fc310068686e78acfd8075aeb515113dc30d676.sol#111-122) should be declared external
TeacherCoin.transferFrom (/unique_chucks/15/0x2fc310068686e78acfd8075aeb515113dc30d676.sol#122-134) should be declared external
ERC20.transferFrom (/unique_chucks/15/0x2fc310068686e78acfd8075aeb515113dc30d676.sol#7-8) should be declared external
TeacherCoin.approve (/unique_chucks/15/0x2fc310068686e78acfd8075aeb515113dc30d676.sol#135-140) should be declared external
ERC20.approve (/unique_chucks/15/0x2fc310068686e78acfd8075aeb515113dc30d676.sol#8-9) should be declared external
ERC20.allowance (/unique_chucks/15/0x2fc310068686e78acfd8075aeb515113dc30d676.sol#9-10) should be declared external
TeacherCoin.allowance (/unique_chucks/15/0x2fc310068686e78acfd8075aeb515113dc30d676.sol#141-144) should be declared external
TeacherCoin.fallback (/unique_chucks/15/0x2fc310068686e78acfd8075aeb515113dc30d676.sol#88-92) should be declared external
Reference: https://github.com/trailofbits/slither/wiki/Detectors-Documentation#public-function-that-could-be-declared-as-external[0m
INFO:Detectors:[92m
Detected issues with version pragma in /unique_chucks/15/0x2fc310068686e78acfd8075aeb515113dc30d676.sol:
	- pragma solidity^0.4.11 (/unique_chucks/15/0x2fc310068686e78acfd8075aeb515113dc30d676.sol#1): it allows old versions
Reference: https://github.com/trailofbits/slither/wiki/Detectors-Documentation#incorrect-version-of-solidity[0m
INFO:Detectors:[92m
Parameter '_owner' of TeacherCoin.balanceOf (/unique_chucks/15/0x2fc310068686e78acfd8075aeb515113dc30d676.sol#109) is not in mixedCase
Parameter '_to' of TeacherCoin.transfer (/unique_chucks/15/0x2fc310068686e78acfd8075aeb515113dc30d676.sol#111-112) is not in mixedCase
Parameter '_value' of TeacherCoin.transfer (/unique_chucks/15/0x2fc310068686e78acfd8075aeb515113dc30d676.sol#112) is not in mixedCase
Parameter '_from' of TeacherCoin.transferFrom (/unique_chucks/15/0x2fc310068686e78acfd8075aeb515113dc30d676.sol#122) is not in mixedCase
Parameter '_to' of TeacherCoin.transferFrom (/unique_chucks/15/0x2fc310068686e78acfd8075aeb515113dc30d676.sol#123) is not in mixedCase
Parameter '_value' of TeacherCoin.transferFrom (/unique_chucks/15/0x2fc310068686e78acfd8075aeb515113dc30d676.sol#123) is not in mixedCase
Parameter '_spender' of TeacherCoin.approve (/unique_chucks/15/0x2fc310068686e78acfd8075aeb515113dc30d676.sol#135) is not in mixedCase
Parameter '_value' of TeacherCoin.approve (/unique_chucks/15/0x2fc310068686e78acfd8075aeb515113dc30d676.sol#135-136) is not in mixedCase
Parameter '_owner' of TeacherCoin.allowance (/unique_chucks/15/0x2fc310068686e78acfd8075aeb515113dc30d676.sol#143) is not in mixedCase
Parameter '_spender' of TeacherCoin.allowance (/unique_chucks/15/0x2fc310068686e78acfd8075aeb515113dc30d676.sol#143) is not in mixedCase
Function 'TeacherCoin.TeacherCoin' (/unique_chucks/15/0x2fc310068686e78acfd8075aeb515113dc30d676.sol#92-95) is not in mixedCase
Constant 'TeacherCoin._totalSupply' (/unique_chucks/15/0x2fc310068686e78acfd8075aeb515113dc30d676.sol#70-71) is not in UPPER_CASE_WITH_UNDERSCORES
Reference: https://github.com/trailofbits/slither/wiki/Detectors-Documentation#conformance-to-solidity-naming-conventions[0m
INFO:Slither:/unique_chucks/15/0x2fc310068686e78acfd8075aeb515113dc30d676.sol analyzed (3 contracts), 28 result(s) found