INFO:Slither:Compilation warnings/errors on /unique_chucks/44/0x6e74216fc9ec901c8e0d3fd8acf237e6a2f85413.sol:
/unique_chucks/44/0x6e74216fc9ec901c8e0d3fd8acf237e6a2f85413.sol:88:5: Warning: Use of the "var" keyword is deprecated.
    var _allowance = allowed[_from][msg.sender];
    ^------------^
/unique_chucks/44/0x6e74216fc9ec901c8e0d3fd8acf237e6a2f85413.sol:174:3: Warning: Defining constructors as functions with the same name as the contract is deprecated. Use "constructor(...) { ... }" instead.
  function Ownable() {
  ^ (Relevant source part starts here and spans across multiple lines).
/unique_chucks/44/0x6e74216fc9ec901c8e0d3fd8acf237e6a2f85413.sol:335:3: Warning: Defining constructors as functions with the same name as the contract is deprecated. Use "constructor(...) { ... }" instead.
  function evxModerated(){
  ^ (Relevant source part starts here and spans across multiple lines).
/unique_chucks/44/0x6e74216fc9ec901c8e0d3fd8acf237e6a2f85413.sol:474:3: Warning: Defining constructors as functions with the same name as the contract is deprecated. Use "constructor(...) { ... }" instead.
  function EVXTestToken(uint256 _initialSupply) {
  ^ (Relevant source part starts here and spans across multiple lines).
/unique_chucks/44/0x6e74216fc9ec901c8e0d3fd8acf237e6a2f85413.sol:51:5: Warning: Invoking events without "emit" prefix is deprecated.
    Transfer(msg.sender, _to, _value);
    ^-------------------------------^
/unique_chucks/44/0x6e74216fc9ec901c8e0d3fd8acf237e6a2f85413.sol:96:5: Warning: Invoking events without "emit" prefix is deprecated.
    Transfer(_from, _to, _value);
    ^--------------------------^
/unique_chucks/44/0x6e74216fc9ec901c8e0d3fd8acf237e6a2f85413.sol:114:5: Warning: Invoking events without "emit" prefix is deprecated.
    Approval(msg.sender, _spender, _value);
    ^------------------------------------^
/unique_chucks/44/0x6e74216fc9ec901c8e0d3fd8acf237e6a2f85413.sol:137:5: Warning: Invoking events without "emit" prefix is deprecated.
    Approval(msg.sender, _spender, allowed[msg.sender][_spender]);
    ^-----------------------------------------------------------^
/unique_chucks/44/0x6e74216fc9ec901c8e0d3fd8acf237e6a2f85413.sol:149:5: Warning: Invoking events without "emit" prefix is deprecated.
    Approval(msg.sender, _spender, allowed[msg.sender][_spender]);
    ^-----------------------------------------------------------^
/unique_chucks/44/0x6e74216fc9ec901c8e0d3fd8acf237e6a2f85413.sol:194:5: Warning: Invoking events without "emit" prefix is deprecated.
    OwnershipTransferred(owner, newOwner);
    ^-----------------------------------^
/unique_chucks/44/0x6e74216fc9ec901c8e0d3fd8acf237e6a2f85413.sol:263:5: Warning: Invoking events without "emit" prefix is deprecated.
    Pause();
    ^-----^
/unique_chucks/44/0x6e74216fc9ec901c8e0d3fd8acf237e6a2f85413.sol:271:5: Warning: Invoking events without "emit" prefix is deprecated.
    Unpause();
    ^-------^
/unique_chucks/44/0x6e74216fc9ec901c8e0d3fd8acf237e6a2f85413.sol:300:5: Warning: Invoking events without "emit" prefix is deprecated.
    OwnershipTransferred(owner, newOwner);
    ^-----------------------------------^
/unique_chucks/44/0x6e74216fc9ec901c8e0d3fd8acf237e6a2f85413.sol:380:5: Warning: Invoking events without "emit" prefix is deprecated.
    Pause();
    ^-----^
/unique_chucks/44/0x6e74216fc9ec901c8e0d3fd8acf237e6a2f85413.sol:388:5: Warning: Invoking events without "emit" prefix is deprecated.
    Unpause();
    ^-------^
/unique_chucks/44/0x6e74216fc9ec901c8e0d3fd8acf237e6a2f85413.sol:458:5: Warning: Invoking events without "emit" prefix is deprecated.
    Transfer(_from, _to, _value);
    ^--------------------------^
/unique_chucks/44/0x6e74216fc9ec901c8e0d3fd8acf237e6a2f85413.sol:15:3: Warning: No visibility specified. Defaulting to "public". 
  function balanceOf(address who) constant returns (uint256);
  ^---------------------------------------------------------^
/unique_chucks/44/0x6e74216fc9ec901c8e0d3fd8acf237e6a2f85413.sol:16:3: Warning: No visibility specified. Defaulting to "public". 
  function transfer(address to, uint256 value) returns (bool);
  ^----------------------------------------------------------^
/unique_chucks/44/0x6e74216fc9ec901c8e0d3fd8acf237e6a2f85413.sol:25:3: Warning: No visibility specified. Defaulting to "public". 
  function allowance(address owner, address spender) constant returns (uint256);
  ^----------------------------------------------------------------------------^
/unique_chucks/44/0x6e74216fc9ec901c8e0d3fd8acf237e6a2f85413.sol:26:3: Warning: No visibility specified. Defaulting to "public". 
  function transferFrom(address from, address to, uint256 value) returns (bool);
  ^----------------------------------------------------------------------------^
/unique_chucks/44/0x6e74216fc9ec901c8e0d3fd8acf237e6a2f85413.sol:27:3: Warning: No visibility specified. Defaulting to "public". 
  function approve(address spender, uint256 value) returns (bool);
  ^--------------------------------------------------------------^
/unique_chucks/44/0x6e74216fc9ec901c8e0d3fd8acf237e6a2f85413.sol:45:3: Warning: No visibility specified. Defaulting to "public". 
  function transfer(address _to, uint256 _value) returns (bool) {
  ^ (Relevant source part starts here and spans across multiple lines).
/unique_chucks/44/0x6e74216fc9ec901c8e0d3fd8acf237e6a2f85413.sol:60:3: Warning: No visibility specified. Defaulting to "public". 
  function balanceOf(address _owner) constant returns (uint256 balance) {
  ^ (Relevant source part starts here and spans across multiple lines).
/unique_chucks/44/0x6e74216fc9ec901c8e0d3fd8acf237e6a2f85413.sol:85:3: Warning: No visibility specified. Defaulting to "public". 
  function transferFrom(address _from, address _to, uint256 _value) returns (bool) {
  ^ (Relevant source part starts here and spans across multiple lines).
/unique_chucks/44/0x6e74216fc9ec901c8e0d3fd8acf237e6a2f85413.sol:105:3: Warning: No visibility specified. Defaulting to "public". 
  function approve(address _spender, uint256 _value) returns (bool) {
  ^ (Relevant source part starts here and spans across multiple lines).
/unique_chucks/44/0x6e74216fc9ec901c8e0d3fd8acf237e6a2f85413.sol:124:3: Warning: No visibility specified. Defaulting to "public". 
  function allowance(address _owner, address _spender) constant returns (uint256 remaining) {
  ^ (Relevant source part starts here and spans across multiple lines).
/unique_chucks/44/0x6e74216fc9ec901c8e0d3fd8acf237e6a2f85413.sol:134:3: Warning: No visibility specified. Defaulting to "public". 
  function increaseApproval (address _spender, uint _addedValue)
  ^ (Relevant source part starts here and spans across multiple lines).
/unique_chucks/44/0x6e74216fc9ec901c8e0d3fd8acf237e6a2f85413.sol:141:3: Warning: No visibility specified. Defaulting to "public". 
  function decreaseApproval (address _spender, uint _subtractedValue)
  ^ (Relevant source part starts here and spans across multiple lines).
/unique_chucks/44/0x6e74216fc9ec901c8e0d3fd8acf237e6a2f85413.sol:174:3: Warning: No visibility specified. Defaulting to "public". 
  function Ownable() {
  ^ (Relevant source part starts here and spans across multiple lines).
/unique_chucks/44/0x6e74216fc9ec901c8e0d3fd8acf237e6a2f85413.sol:192:3: Warning: No visibility specified. Defaulting to "public". 
  function transferOwnership(address newOwner) onlyOwner {
  ^ (Relevant source part starts here and spans across multiple lines).
/unique_chucks/44/0x6e74216fc9ec901c8e0d3fd8acf237e6a2f85413.sol:261:3: Warning: No visibility specified. Defaulting to "public". 
  function pause() onlyOwner whenNotPaused {
  ^ (Relevant source part starts here and spans across multiple lines).
/unique_chucks/44/0x6e74216fc9ec901c8e0d3fd8acf237e6a2f85413.sol:269:3: Warning: No visibility specified. Defaulting to "public". 
  function unpause() onlyOwner whenPaused {
  ^ (Relevant source part starts here and spans across multiple lines).
/unique_chucks/44/0x6e74216fc9ec901c8e0d3fd8acf237e6a2f85413.sol:290:3: Warning: No visibility specified. Defaulting to "public". 
  function transferOwnership(address otherOwner) onlyOwner {
  ^ (Relevant source part starts here and spans across multiple lines).
/unique_chucks/44/0x6e74216fc9ec901c8e0d3fd8acf237e6a2f85413.sol:298:3: Warning: No visibility specified. Defaulting to "public". 
  function approveOwnership() {
  ^ (Relevant source part starts here and spans across multiple lines).
/unique_chucks/44/0x6e74216fc9ec901c8e0d3fd8acf237e6a2f85413.sol:335:3: Warning: No visibility specified. Defaulting to "public". 
  function evxModerated(){
  ^ (Relevant source part starts here and spans across multiple lines).
/unique_chucks/44/0x6e74216fc9ec901c8e0d3fd8acf237e6a2f85413.sol:343:3: Warning: No visibility specified. Defaulting to "public". 
  function transferModeratorship(address otherModerator) onlyModerator {
  ^ (Relevant source part starts here and spans across multiple lines).
/unique_chucks/44/0x6e74216fc9ec901c8e0d3fd8acf237e6a2f85413.sol:350:3: Warning: No visibility specified. Defaulting to "public". 
  function approveModeratorship() {
  ^ (Relevant source part starts here and spans across multiple lines).
/unique_chucks/44/0x6e74216fc9ec901c8e0d3fd8acf237e6a2f85413.sol:360:3: Warning: No visibility specified. Defaulting to "public". 
  function removeModeratorship() onlyOwner {
  ^ (Relevant source part starts here and spans across multiple lines).
/unique_chucks/44/0x6e74216fc9ec901c8e0d3fd8acf237e6a2f85413.sol:364:3: Warning: No visibility specified. Defaulting to "public". 
  function hasModerator() constant returns(bool) {
  ^ (Relevant source part starts here and spans across multiple lines).
/unique_chucks/44/0x6e74216fc9ec901c8e0d3fd8acf237e6a2f85413.sol:378:3: Warning: No visibility specified. Defaulting to "public". 
  function pause() onlyOwnerOrModerator whenNotPaused {
  ^ (Relevant source part starts here and spans across multiple lines).
/unique_chucks/44/0x6e74216fc9ec901c8e0d3fd8acf237e6a2f85413.sol:386:3: Warning: No visibility specified. Defaulting to "public". 
  function unpause() onlyOwnerOrModerator whenPaused {
  ^ (Relevant source part starts here and spans across multiple lines).
/unique_chucks/44/0x6e74216fc9ec901c8e0d3fd8acf237e6a2f85413.sol:405:3: Warning: No visibility specified. Defaulting to "public". 
  function isFrozen(address _addr) constant returns (bool){
  ^ (Relevant source part starts here and spans across multiple lines).
/unique_chucks/44/0x6e74216fc9ec901c8e0d3fd8acf237e6a2f85413.sol:413:3: Warning: No visibility specified. Defaulting to "public". 
  function freeze(address _addr) onlyModerator {
  ^ (Relevant source part starts here and spans across multiple lines).
/unique_chucks/44/0x6e74216fc9ec901c8e0d3fd8acf237e6a2f85413.sol:421:3: Warning: No visibility specified. Defaulting to "public". 
  function unfreeze(address _addr) onlyModerator {
  ^ (Relevant source part starts here and spans across multiple lines).
/unique_chucks/44/0x6e74216fc9ec901c8e0d3fd8acf237e6a2f85413.sol:430:3: Warning: No visibility specified. Defaulting to "public". 
  function transfer(address _to, uint256 _value) whenNotPaused returns (bool) {
  ^ (Relevant source part starts here and spans across multiple lines).
/unique_chucks/44/0x6e74216fc9ec901c8e0d3fd8acf237e6a2f85413.sol:442:3: Warning: No visibility specified. Defaulting to "public". 
  function transferFrom(address _from, address _to, uint256 _value) whenNotPaused returns (bool) {
  ^ (Relevant source part starts here and spans across multiple lines).
/unique_chucks/44/0x6e74216fc9ec901c8e0d3fd8acf237e6a2f85413.sol:455:3: Warning: No visibility specified. Defaulting to "public". 
  function moderatorTransferFrom(address _from, address _to, uint256 _value) onlyModerator returns (bool) {
  ^ (Relevant source part starts here and spans across multiple lines).
/unique_chucks/44/0x6e74216fc9ec901c8e0d3fd8acf237e6a2f85413.sol:474:3: Warning: No visibility specified. Defaulting to "public". 
  function EVXTestToken(uint256 _initialSupply) {
  ^ (Relevant source part starts here and spans across multiple lines).
/unique_chucks/44/0x6e74216fc9ec901c8e0d3fd8acf237e6a2f85413.sol:205:3: Warning: Function state mutability can be restricted to pure
  function mul(uint256 a, uint256 b) internal constant returns (uint256) {
  ^ (Relevant source part starts here and spans across multiple lines).
/unique_chucks/44/0x6e74216fc9ec901c8e0d3fd8acf237e6a2f85413.sol:211:3: Warning: Function state mutability can be restricted to pure
  function div(uint256 a, uint256 b) internal constant returns (uint256) {
  ^ (Relevant source part starts here and spans across multiple lines).
/unique_chucks/44/0x6e74216fc9ec901c8e0d3fd8acf237e6a2f85413.sol:218:3: Warning: Function state mutability can be restricted to pure
  function sub(uint256 a, uint256 b) internal constant returns (uint256) {
  ^ (Relevant source part starts here and spans across multiple lines).
/unique_chucks/44/0x6e74216fc9ec901c8e0d3fd8acf237e6a2f85413.sol:223:3: Warning: Function state mutability can be restricted to pure
  function add(uint256 a, uint256 b) internal constant returns (uint256) {
  ^ (Relevant source part starts here and spans across multiple lines).

INFO:Detectors:[92m
ERC20Basic.balanceOf (/unique_chucks/44/0x6e74216fc9ec901c8e0d3fd8acf237e6a2f85413.sol#15-16) should be declared external
BasicToken.balanceOf (/unique_chucks/44/0x6e74216fc9ec901c8e0d3fd8acf237e6a2f85413.sol#60-70) should be declared external
StandardToken.allowance (/unique_chucks/44/0x6e74216fc9ec901c8e0d3fd8acf237e6a2f85413.sol#125-130) should be declared external
ERC20.allowance (/unique_chucks/44/0x6e74216fc9ec901c8e0d3fd8acf237e6a2f85413.sol#25-26) should be declared external
ERC20.approve (/unique_chucks/44/0x6e74216fc9ec901c8e0d3fd8acf237e6a2f85413.sol#27-28) should be declared external
StandardToken.approve (/unique_chucks/44/0x6e74216fc9ec901c8e0d3fd8acf237e6a2f85413.sol#107-120) should be declared external
StandardToken.increaseApproval (/unique_chucks/44/0x6e74216fc9ec901c8e0d3fd8acf237e6a2f85413.sol#136-143) should be declared external
StandardToken.decreaseApproval (/unique_chucks/44/0x6e74216fc9ec901c8e0d3fd8acf237e6a2f85413.sol#143-161) should be declared external
Ownable.transferOwnership (/unique_chucks/44/0x6e74216fc9ec901c8e0d3fd8acf237e6a2f85413.sol#202-206) should be declared external
evxOwnable.transferOwnership (/unique_chucks/44/0x6e74216fc9ec901c8e0d3fd8acf237e6a2f85413.sol#300-309) should be declared external
Pausable.pause (/unique_chucks/44/0x6e74216fc9ec901c8e0d3fd8acf237e6a2f85413.sol#278-279) should be declared external
evxPausable.pause (/unique_chucks/44/0x6e74216fc9ec901c8e0d3fd8acf237e6a2f85413.sol#397-402) should be declared external
Pausable.unpause (/unique_chucks/44/0x6e74216fc9ec901c8e0d3fd8acf237e6a2f85413.sol#280-287) should be declared external
evxPausable.unpause (/unique_chucks/44/0x6e74216fc9ec901c8e0d3fd8acf237e6a2f85413.sol#403-405) should be declared external
evxOwnable.approveOwnership (/unique_chucks/44/0x6e74216fc9ec901c8e0d3fd8acf237e6a2f85413.sol#311-319) should be declared external
evxModerated.transferModeratorship (/unique_chucks/44/0x6e74216fc9ec901c8e0d3fd8acf237e6a2f85413.sol#357-360) should be declared external
evxModerated.approveModeratorship (/unique_chucks/44/0x6e74216fc9ec901c8e0d3fd8acf237e6a2f85413.sol#364-372) should be declared external
evxModerated.removeModeratorship (/unique_chucks/44/0x6e74216fc9ec901c8e0d3fd8acf237e6a2f85413.sol#376-378) should be declared external
evxModeratedToken.freeze (/unique_chucks/44/0x6e74216fc9ec901c8e0d3fd8acf237e6a2f85413.sol#428-430) should be declared external
evxModeratedToken.unfreeze (/unique_chucks/44/0x6e74216fc9ec901c8e0d3fd8acf237e6a2f85413.sol#432-437) should be declared external
evxModeratedToken.moderatorTransferFrom (/unique_chucks/44/0x6e74216fc9ec901c8e0d3fd8acf237e6a2f85413.sol#468-476) should be declared external
Reference: https://github.com/trailofbits/slither/wiki/Detectors-Documentation#public-function-that-could-be-declared-as-external[0m
INFO:Detectors:[92m
Detected issues with version pragma in /unique_chucks/44/0x6e74216fc9ec901c8e0d3fd8acf237e6a2f85413.sol:
	- pragma solidity^0.4.13 (/unique_chucks/44/0x6e74216fc9ec901c8e0d3fd8acf237e6a2f85413.sol#1): it allows old versions
Reference: https://github.com/trailofbits/slither/wiki/Detectors-Documentation#incorrect-version-of-solidity[0m
INFO:Detectors:[92m
Parameter '_owner' of BasicToken.balanceOf (/unique_chucks/44/0x6e74216fc9ec901c8e0d3fd8acf237e6a2f85413.sol#61) is not in mixedCase
Parameter '_to' of BasicToken.transfer (/unique_chucks/44/0x6e74216fc9ec901c8e0d3fd8acf237e6a2f85413.sol#45-46) is not in mixedCase
Parameter '_value' of BasicToken.transfer (/unique_chucks/44/0x6e74216fc9ec901c8e0d3fd8acf237e6a2f85413.sol#46) is not in mixedCase
Parameter '_owner' of StandardToken.allowance (/unique_chucks/44/0x6e74216fc9ec901c8e0d3fd8acf237e6a2f85413.sol#129) is not in mixedCase
Parameter '_spender' of StandardToken.allowance (/unique_chucks/44/0x6e74216fc9ec901c8e0d3fd8acf237e6a2f85413.sol#129) is not in mixedCase
Parameter '_from' of StandardToken.transferFrom (/unique_chucks/44/0x6e74216fc9ec901c8e0d3fd8acf237e6a2f85413.sol#86-88) is not in mixedCase
Parameter '_to' of StandardToken.transferFrom (/unique_chucks/44/0x6e74216fc9ec901c8e0d3fd8acf237e6a2f85413.sol#88) is not in mixedCase
Parameter '_value' of StandardToken.transferFrom (/unique_chucks/44/0x6e74216fc9ec901c8e0d3fd8acf237e6a2f85413.sol#88) is not in mixedCase
Parameter '_spender' of StandardToken.approve (/unique_chucks/44/0x6e74216fc9ec901c8e0d3fd8acf237e6a2f85413.sol#107) is not in mixedCase
Parameter '_value' of StandardToken.approve (/unique_chucks/44/0x6e74216fc9ec901c8e0d3fd8acf237e6a2f85413.sol#107-108) is not in mixedCase
Parameter '_spender' of StandardToken.increaseApproval (/unique_chucks/44/0x6e74216fc9ec901c8e0d3fd8acf237e6a2f85413.sol#136-137) is not in mixedCase
Parameter '_addedValue' of StandardToken.increaseApproval (/unique_chucks/44/0x6e74216fc9ec901c8e0d3fd8acf237e6a2f85413.sol#137) is not in mixedCase
Parameter '_spender' of StandardToken.decreaseApproval (/unique_chucks/44/0x6e74216fc9ec901c8e0d3fd8acf237e6a2f85413.sol#144) is not in mixedCase
Parameter '_subtractedValue' of StandardToken.decreaseApproval (/unique_chucks/44/0x6e74216fc9ec901c8e0d3fd8acf237e6a2f85413.sol#144-145) is not in mixedCase
Function 'Ownable.Ownable' (/unique_chucks/44/0x6e74216fc9ec901c8e0d3fd8acf237e6a2f85413.sol#183-189) is not in mixedCase
Contract 'evxOwnable' (/unique_chucks/44/0x6e74216fc9ec901c8e0d3fd8acf237e6a2f85413.sol#290-319) is not in CapWords
Contract 'evxModerated' (/unique_chucks/44/0x6e74216fc9ec901c8e0d3fd8acf237e6a2f85413.sol#325-384) is not in CapWords
Contract 'evxPausable' (/unique_chucks/44/0x6e74216fc9ec901c8e0d3fd8acf237e6a2f85413.sol#386-406) is not in CapWords
Contract 'evxModeratedToken' (/unique_chucks/44/0x6e74216fc9ec901c8e0d3fd8acf237e6a2f85413.sol#410-476) is not in CapWords
Parameter '_to' of evxModeratedToken.transfer (/unique_chucks/44/0x6e74216fc9ec901c8e0d3fd8acf237e6a2f85413.sol#440-441) is not in mixedCase
Parameter '_value' of evxModeratedToken.transfer (/unique_chucks/44/0x6e74216fc9ec901c8e0d3fd8acf237e6a2f85413.sol#442) is not in mixedCase
Parameter '_from' of evxModeratedToken.transferFrom (/unique_chucks/44/0x6e74216fc9ec901c8e0d3fd8acf237e6a2f85413.sol#452-453) is not in mixedCase
Parameter '_to' of evxModeratedToken.transferFrom (/unique_chucks/44/0x6e74216fc9ec901c8e0d3fd8acf237e6a2f85413.sol#453) is not in mixedCase
Parameter '_value' of evxModeratedToken.transferFrom (/unique_chucks/44/0x6e74216fc9ec901c8e0d3fd8acf237e6a2f85413.sol#453) is not in mixedCase
Parameter '_addr' of evxModeratedToken.isFrozen (/unique_chucks/44/0x6e74216fc9ec901c8e0d3fd8acf237e6a2f85413.sol#420-421) is not in mixedCase
Parameter '_addr' of evxModeratedToken.freeze (/unique_chucks/44/0x6e74216fc9ec901c8e0d3fd8acf237e6a2f85413.sol#428) is not in mixedCase
Parameter '_addr' of evxModeratedToken.unfreeze (/unique_chucks/44/0x6e74216fc9ec901c8e0d3fd8acf237e6a2f85413.sol#433) is not in mixedCase
Parameter '_from' of evxModeratedToken.moderatorTransferFrom (/unique_chucks/44/0x6e74216fc9ec901c8e0d3fd8acf237e6a2f85413.sol#469) is not in mixedCase
Parameter '_to' of evxModeratedToken.moderatorTransferFrom (/unique_chucks/44/0x6e74216fc9ec901c8e0d3fd8acf237e6a2f85413.sol#469) is not in mixedCase
Parameter '_value' of evxModeratedToken.moderatorTransferFrom (/unique_chucks/44/0x6e74216fc9ec901c8e0d3fd8acf237e6a2f85413.sol#469-472) is not in mixedCase
Function 'EVXTestToken.EVXTestToken' (/unique_chucks/44/0x6e74216fc9ec901c8e0d3fd8acf237e6a2f85413.sol) is not in mixedCase
Parameter '_initialSupply' of EVXTestToken.EVXTestToken (/unique_chucks/44/0x6e74216fc9ec901c8e0d3fd8acf237e6a2f85413.sol) is not in mixedCase
Constant 'EVXTestToken.version' (/unique_chucks/44/0x6e74216fc9ec901c8e0d3fd8acf237e6a2f85413.sol) is not in UPPER_CASE_WITH_UNDERSCORES
Reference: https://github.com/trailofbits/slither/wiki/Detectors-Documentation#conformance-to-solidity-naming-conventions[0m
INFO:Slither:/unique_chucks/44/0x6e74216fc9ec901c8e0d3fd8acf237e6a2f85413.sol analyzed (12 contracts), 55 result(s) found