INFO:Detectors:[92m
ERC20Basic.balanceOf (/unique_chucks/3/0xe222e2e3517f5af5e3abc667adf14320c848d6da.sol#80-81) should be declared external
BasicToken.balanceOf (/unique_chucks/3/0xe222e2e3517f5af5e3abc667adf14320c848d6da.sol#125-129) should be declared external
ERC20.allowance (/unique_chucks/3/0xe222e2e3517f5af5e3abc667adf14320c848d6da.sol#90) should be declared external
StandardToken.allowance (/unique_chucks/3/0xe222e2e3517f5af5e3abc667adf14320c848d6da.sol#187-188) should be declared external
Ownable.transferOwnership (/unique_chucks/3/0xe222e2e3517f5af5e3abc667adf14320c848d6da.sol#222-230) should be declared external
Pausable.pause (/unique_chucks/3/0xe222e2e3517f5af5e3abc667adf14320c848d6da.sol#258-267) should be declared external
Pausable.unpause (/unique_chucks/3/0xe222e2e3517f5af5e3abc667adf14320c848d6da.sol#270-271) should be declared external
Reference: https://github.com/trailofbits/slither/wiki/Detectors-Documentation#public-function-that-could-be-declared-as-external[0m
INFO:Detectors:[92m
Parameter '_a' of SafeMath.mul (/unique_chucks/3/0xe222e2e3517f5af5e3abc667adf14320c848d6da.sol#17) is not in mixedCase
Parameter '_b' of SafeMath.mul (/unique_chucks/3/0xe222e2e3517f5af5e3abc667adf14320c848d6da.sol#17) is not in mixedCase
Parameter '_a' of SafeMath.div (/unique_chucks/3/0xe222e2e3517f5af5e3abc667adf14320c848d6da.sol#34) is not in mixedCase
Parameter '_b' of SafeMath.div (/unique_chucks/3/0xe222e2e3517f5af5e3abc667adf14320c848d6da.sol#34) is not in mixedCase
Parameter '_a' of SafeMath.sub (/unique_chucks/3/0xe222e2e3517f5af5e3abc667adf14320c848d6da.sol#45) is not in mixedCase
Parameter '_b' of SafeMath.sub (/unique_chucks/3/0xe222e2e3517f5af5e3abc667adf14320c848d6da.sol#45-46) is not in mixedCase
Parameter '_a' of SafeMath.add (/unique_chucks/3/0xe222e2e3517f5af5e3abc667adf14320c848d6da.sol#55-56) is not in mixedCase
Parameter '_b' of SafeMath.add (/unique_chucks/3/0xe222e2e3517f5af5e3abc667adf14320c848d6da.sol#56) is not in mixedCase
Parameter '_owner' of BasicToken.balanceOf (/unique_chucks/3/0xe222e2e3517f5af5e3abc667adf14320c848d6da.sol#126-127) is not in mixedCase
Parameter '_to' of BasicToken.transfer (/unique_chucks/3/0xe222e2e3517f5af5e3abc667adf14320c848d6da.sol#108-109) is not in mixedCase
Parameter '_value' of BasicToken.transfer (/unique_chucks/3/0xe222e2e3517f5af5e3abc667adf14320c848d6da.sol#109) is not in mixedCase
Parameter '_owner' of StandardToken.allowance (/unique_chucks/3/0xe222e2e3517f5af5e3abc667adf14320c848d6da.sol#187) is not in mixedCase
Parameter '_spender' of StandardToken.allowance (/unique_chucks/3/0xe222e2e3517f5af5e3abc667adf14320c848d6da.sol#187) is not in mixedCase
Parameter '_from' of StandardToken.transferFrom (/unique_chucks/3/0xe222e2e3517f5af5e3abc667adf14320c848d6da.sol#146) is not in mixedCase
Parameter '_to' of StandardToken.transferFrom (/unique_chucks/3/0xe222e2e3517f5af5e3abc667adf14320c848d6da.sol#146) is not in mixedCase
Parameter '_value' of StandardToken.transferFrom (/unique_chucks/3/0xe222e2e3517f5af5e3abc667adf14320c848d6da.sol#146) is not in mixedCase
Parameter '_spender' of StandardToken.approve (/unique_chucks/3/0xe222e2e3517f5af5e3abc667adf14320c848d6da.sol#164) is not in mixedCase
Parameter '_value' of StandardToken.approve (/unique_chucks/3/0xe222e2e3517f5af5e3abc667adf14320c848d6da.sol#164) is not in mixedCase
Parameter '_to' of SlashToken.transfer (/unique_chucks/3/0xe222e2e3517f5af5e3abc667adf14320c848d6da.sol#298-299) is not in mixedCase
Parameter '_value' of SlashToken.transfer (/unique_chucks/3/0xe222e2e3517f5af5e3abc667adf14320c848d6da.sol#299) is not in mixedCase
Parameter '_from' of SlashToken.transferFrom (/unique_chucks/3/0xe222e2e3517f5af5e3abc667adf14320c848d6da.sol#309) is not in mixedCase
Parameter '_to' of SlashToken.transferFrom (/unique_chucks/3/0xe222e2e3517f5af5e3abc667adf14320c848d6da.sol#309) is not in mixedCase
Parameter '_value' of SlashToken.transferFrom (/unique_chucks/3/0xe222e2e3517f5af5e3abc667adf14320c848d6da.sol#309) is not in mixedCase
Parameter '_spender' of SlashToken.approve (/unique_chucks/3/0xe222e2e3517f5af5e3abc667adf14320c848d6da.sol) is not in mixedCase
Parameter '_value' of SlashToken.approve (/unique_chucks/3/0xe222e2e3517f5af5e3abc667adf14320c848d6da.sol) is not in mixedCase
Constant 'SlashToken.Thousand_Token' (/unique_chucks/3/0xe222e2e3517f5af5e3abc667adf14320c848d6da.sol#279-281) is not in UPPER_CASE_WITH_UNDERSCORES
Constant 'SlashToken.Million_Token' (/unique_chucks/3/0xe222e2e3517f5af5e3abc667adf14320c848d6da.sol#281-282) is not in UPPER_CASE_WITH_UNDERSCORES
Constant 'SlashToken.Billion_Token' (/unique_chucks/3/0xe222e2e3517f5af5e3abc667adf14320c848d6da.sol#282-283) is not in UPPER_CASE_WITH_UNDERSCORES
Reference: https://github.com/trailofbits/slither/wiki/Detectors-Documentation#conformance-to-solidity-naming-conventions[0m
INFO:Detectors:[92m
SlashToken.Thousand_Token (/unique_chucks/3/0xe222e2e3517f5af5e3abc667adf14320c848d6da.sol#279-281) is never used in SlashToken
SlashToken.Million_Token (/unique_chucks/3/0xe222e2e3517f5af5e3abc667adf14320c848d6da.sol#281-282) is never used in SlashToken
SlashToken.Billion_Token (/unique_chucks/3/0xe222e2e3517f5af5e3abc667adf14320c848d6da.sol#282-283) is never used in SlashToken
Reference: https://github.com/trailofbits/slither/wiki/Detectors-Documentation#unused-state-variables[0m
INFO:Slither:/unique_chucks/3/0xe222e2e3517f5af5e3abc667adf14320c848d6da.sol analyzed (8 contracts), 36 result(s) found