INFO:Slither:Compilation warnings/errors on /unique_chucks/16/0xdaae9ad046a6166db07d6ba3a85bfc66a9e8ab07.sol:
/unique_chucks/16/0xdaae9ad046a6166db07d6ba3a85bfc66a9e8ab07.sol:94:9: Warning: "throw" is deprecated in favour of "revert()", "require()" and "assert()".
        throw;
        ^---^
/unique_chucks/16/0xdaae9ad046a6166db07d6ba3a85bfc66a9e8ab07.sol:113:5: Warning: Defining constructors as functions with the same name as the contract is deprecated. Use "constructor(...) { ... }" instead.
    function Aliencoin(
    ^ (Relevant source part starts here and spans across multiple lines).
/unique_chucks/16/0xdaae9ad046a6166db07d6ba3a85bfc66a9e8ab07.sol:130:141: Warning: "throw" is deprecated in favour of "revert()", "require()" and "assert()".
        if(!_spender.call(bytes4(bytes32(sha3("receiveApproval(address,uint256,address,bytes)"))), msg.sender, _value, this, _extraData)) { throw; }
                                                                                                                                            ^---^
/unique_chucks/16/0xdaae9ad046a6166db07d6ba3a85bfc66a9e8ab07.sol:52:13: Warning: Invoking events without "emit" prefix is deprecated.
            Transfer(msg.sender, _to, _value);
            ^-------------------------------^
/unique_chucks/16/0xdaae9ad046a6166db07d6ba3a85bfc66a9e8ab07.sol:64:13: Warning: Invoking events without "emit" prefix is deprecated.
            Transfer(_from, _to, _value);
            ^--------------------------^
/unique_chucks/16/0xdaae9ad046a6166db07d6ba3a85bfc66a9e8ab07.sol:75:9: Warning: Invoking events without "emit" prefix is deprecated.
        Approval(msg.sender, _spender, _value);
        ^------------------------------------^
/unique_chucks/16/0xdaae9ad046a6166db07d6ba3a85bfc66a9e8ab07.sol:125:9: Warning: Invoking events without "emit" prefix is deprecated.
        Approval(msg.sender, _spender, _value);
        ^------------------------------------^
/unique_chucks/16/0xdaae9ad046a6166db07d6ba3a85bfc66a9e8ab07.sol:130:42: Warning: "sha3" has been deprecated in favour of "keccak256"
        if(!_spender.call(bytes4(bytes32(sha3("receiveApproval(address,uint256,address,bytes)"))), msg.sender, _value, this, _extraData)) { throw; }
                                         ^----------------------------------------------------^
/unique_chucks/16/0xdaae9ad046a6166db07d6ba3a85bfc66a9e8ab07.sol:6:5: Warning: No visibility specified. Defaulting to "public". 
    function totalSupply() constant returns (uint256 supply) {}
    ^---------------------------------------------------------^
/unique_chucks/16/0xdaae9ad046a6166db07d6ba3a85bfc66a9e8ab07.sol:6:46: Warning: Unused function parameter. Remove or comment out the variable name to silence this warning.
    function totalSupply() constant returns (uint256 supply) {}
                                             ^------------^
/unique_chucks/16/0xdaae9ad046a6166db07d6ba3a85bfc66a9e8ab07.sol:10:5: Warning: No visibility specified. Defaulting to "public". 
    function balanceOf(address _owner) constant returns (uint256 balance) {}
    ^----------------------------------------------------------------------^
/unique_chucks/16/0xdaae9ad046a6166db07d6ba3a85bfc66a9e8ab07.sol:10:24: Warning: Unused function parameter. Remove or comment out the variable name to silence this warning.
    function balanceOf(address _owner) constant returns (uint256 balance) {}
                       ^------------^
/unique_chucks/16/0xdaae9ad046a6166db07d6ba3a85bfc66a9e8ab07.sol:10:58: Warning: Unused function parameter. Remove or comment out the variable name to silence this warning.
    function balanceOf(address _owner) constant returns (uint256 balance) {}
                                                         ^-------------^
/unique_chucks/16/0xdaae9ad046a6166db07d6ba3a85bfc66a9e8ab07.sol:16:5: Warning: No visibility specified. Defaulting to "public". 
    function transfer(address _to, uint256 _value) returns (bool success) {}
    ^----------------------------------------------------------------------^
/unique_chucks/16/0xdaae9ad046a6166db07d6ba3a85bfc66a9e8ab07.sol:16:23: Warning: Unused function parameter. Remove or comment out the variable name to silence this warning.
    function transfer(address _to, uint256 _value) returns (bool success) {}
                      ^---------^
/unique_chucks/16/0xdaae9ad046a6166db07d6ba3a85bfc66a9e8ab07.sol:16:36: Warning: Unused function parameter. Remove or comment out the variable name to silence this warning.
    function transfer(address _to, uint256 _value) returns (bool success) {}
                                   ^------------^
/unique_chucks/16/0xdaae9ad046a6166db07d6ba3a85bfc66a9e8ab07.sol:16:61: Warning: Unused function parameter. Remove or comment out the variable name to silence this warning.
    function transfer(address _to, uint256 _value) returns (bool success) {}
                                                            ^----------^
/unique_chucks/16/0xdaae9ad046a6166db07d6ba3a85bfc66a9e8ab07.sol:23:5: Warning: No visibility specified. Defaulting to "public". 
    function transferFrom(address _from, address _to, uint256 _value) returns (bool success) {}
    ^-----------------------------------------------------------------------------------------^
/unique_chucks/16/0xdaae9ad046a6166db07d6ba3a85bfc66a9e8ab07.sol:23:27: Warning: Unused function parameter. Remove or comment out the variable name to silence this warning.
    function transferFrom(address _from, address _to, uint256 _value) returns (bool success) {}
                          ^-----------^
/unique_chucks/16/0xdaae9ad046a6166db07d6ba3a85bfc66a9e8ab07.sol:23:42: Warning: Unused function parameter. Remove or comment out the variable name to silence this warning.
    function transferFrom(address _from, address _to, uint256 _value) returns (bool success) {}
                                         ^---------^
/unique_chucks/16/0xdaae9ad046a6166db07d6ba3a85bfc66a9e8ab07.sol:23:55: Warning: Unused function parameter. Remove or comment out the variable name to silence this warning.
    function transferFrom(address _from, address _to, uint256 _value) returns (bool success) {}
                                                      ^------------^
/unique_chucks/16/0xdaae9ad046a6166db07d6ba3a85bfc66a9e8ab07.sol:23:80: Warning: Unused function parameter. Remove or comment out the variable name to silence this warning.
    function transferFrom(address _from, address _to, uint256 _value) returns (bool success) {}
                                                                               ^----------^
/unique_chucks/16/0xdaae9ad046a6166db07d6ba3a85bfc66a9e8ab07.sol:29:5: Warning: No visibility specified. Defaulting to "public". 
    function approve(address _spender, uint256 _value) returns (bool success) {}
    ^--------------------------------------------------------------------------^
/unique_chucks/16/0xdaae9ad046a6166db07d6ba3a85bfc66a9e8ab07.sol:29:22: Warning: Unused function parameter. Remove or comment out the variable name to silence this warning.
    function approve(address _spender, uint256 _value) returns (bool success) {}
                     ^--------------^
/unique_chucks/16/0xdaae9ad046a6166db07d6ba3a85bfc66a9e8ab07.sol:29:40: Warning: Unused function parameter. Remove or comment out the variable name to silence this warning.
    function approve(address _spender, uint256 _value) returns (bool success) {}
                                       ^------------^
/unique_chucks/16/0xdaae9ad046a6166db07d6ba3a85bfc66a9e8ab07.sol:29:65: Warning: Unused function parameter. Remove or comment out the variable name to silence this warning.
    function approve(address _spender, uint256 _value) returns (bool success) {}
                                                                ^----------^
/unique_chucks/16/0xdaae9ad046a6166db07d6ba3a85bfc66a9e8ab07.sol:34:5: Warning: No visibility specified. Defaulting to "public". 
    function allowance(address _owner, address _spender) constant returns (uint256 remaining) {}
    ^------------------------------------------------------------------------------------------^
/unique_chucks/16/0xdaae9ad046a6166db07d6ba3a85bfc66a9e8ab07.sol:34:24: Warning: Unused function parameter. Remove or comment out the variable name to silence this warning.
    function allowance(address _owner, address _spender) constant returns (uint256 remaining) {}
                       ^------------^
/unique_chucks/16/0xdaae9ad046a6166db07d6ba3a85bfc66a9e8ab07.sol:34:40: Warning: Unused function parameter. Remove or comment out the variable name to silence this warning.
    function allowance(address _owner, address _spender) constant returns (uint256 remaining) {}
                                       ^--------------^
/unique_chucks/16/0xdaae9ad046a6166db07d6ba3a85bfc66a9e8ab07.sol:34:76: Warning: Unused function parameter. Remove or comment out the variable name to silence this warning.
    function allowance(address _owner, address _spender) constant returns (uint256 remaining) {}
                                                                           ^---------------^
/unique_chucks/16/0xdaae9ad046a6166db07d6ba3a85bfc66a9e8ab07.sol:45:5: Warning: No visibility specified. Defaulting to "public". 
    function transfer(address _to, uint256 _value) returns (bool success) {
    ^ (Relevant source part starts here and spans across multiple lines).
/unique_chucks/16/0xdaae9ad046a6166db07d6ba3a85bfc66a9e8ab07.sol:57:5: Warning: No visibility specified. Defaulting to "public". 
    function transferFrom(address _from, address _to, uint256 _value) returns (bool success) {
    ^ (Relevant source part starts here and spans across multiple lines).
/unique_chucks/16/0xdaae9ad046a6166db07d6ba3a85bfc66a9e8ab07.sol:69:5: Warning: No visibility specified. Defaulting to "public". 
    function balanceOf(address _owner) constant returns (uint256 balance) {
    ^ (Relevant source part starts here and spans across multiple lines).
/unique_chucks/16/0xdaae9ad046a6166db07d6ba3a85bfc66a9e8ab07.sol:73:5: Warning: No visibility specified. Defaulting to "public". 
    function approve(address _spender, uint256 _value) returns (bool success) {
    ^ (Relevant source part starts here and spans across multiple lines).
/unique_chucks/16/0xdaae9ad046a6166db07d6ba3a85bfc66a9e8ab07.sol:79:5: Warning: No visibility specified. Defaulting to "public". 
    function allowance(address _owner, address _spender) constant returns (uint256 remaining) {
    ^ (Relevant source part starts here and spans across multiple lines).
/unique_chucks/16/0xdaae9ad046a6166db07d6ba3a85bfc66a9e8ab07.sol:92:5: Warning: No visibility specified. Defaulting to "public". 
    function () {
    ^ (Relevant source part starts here and spans across multiple lines).
/unique_chucks/16/0xdaae9ad046a6166db07d6ba3a85bfc66a9e8ab07.sol:113:5: Warning: No visibility specified. Defaulting to "public". 
    function Aliencoin(
    ^ (Relevant source part starts here and spans across multiple lines).
/unique_chucks/16/0xdaae9ad046a6166db07d6ba3a85bfc66a9e8ab07.sol:123:5: Warning: No visibility specified. Defaulting to "public". 
    function approveAndCall(address _spender, uint256 _value, bytes _extraData) returns (bool success) {
    ^ (Relevant source part starts here and spans across multiple lines).
/unique_chucks/16/0xdaae9ad046a6166db07d6ba3a85bfc66a9e8ab07.sol:6:5: Warning: Function state mutability can be restricted to pure
    function totalSupply() constant returns (uint256 supply) {}
    ^---------------------------------------------------------^
/unique_chucks/16/0xdaae9ad046a6166db07d6ba3a85bfc66a9e8ab07.sol:10:5: Warning: Function state mutability can be restricted to pure
    function balanceOf(address _owner) constant returns (uint256 balance) {}
    ^----------------------------------------------------------------------^
/unique_chucks/16/0xdaae9ad046a6166db07d6ba3a85bfc66a9e8ab07.sol:16:5: Warning: Function state mutability can be restricted to pure
    function transfer(address _to, uint256 _value) returns (bool success) {}
    ^----------------------------------------------------------------------^
/unique_chucks/16/0xdaae9ad046a6166db07d6ba3a85bfc66a9e8ab07.sol:23:5: Warning: Function state mutability can be restricted to pure
    function transferFrom(address _from, address _to, uint256 _value) returns (bool success) {}
    ^-----------------------------------------------------------------------------------------^
/unique_chucks/16/0xdaae9ad046a6166db07d6ba3a85bfc66a9e8ab07.sol:29:5: Warning: Function state mutability can be restricted to pure
    function approve(address _spender, uint256 _value) returns (bool success) {}
    ^--------------------------------------------------------------------------^
/unique_chucks/16/0xdaae9ad046a6166db07d6ba3a85bfc66a9e8ab07.sol:34:5: Warning: Function state mutability can be restricted to pure
    function allowance(address _owner, address _spender) constant returns (uint256 remaining) {}
    ^------------------------------------------------------------------------------------------^

INFO:Detectors:[92m
Aliencoin.version should be constant (/unique_chucks/16/0xdaae9ad046a6166db07d6ba3a85bfc66a9e8ab07.sol#111)
Reference: https://github.com/trailofbits/slither/wiki/Detectors-Documentation#state-variables-that-could-be-declared-constant[0m
INFO:Detectors:[92m
Deprecated standard detected @ /unique_chucks/16/0xdaae9ad046a6166db07d6ba3a85bfc66a9e8ab07.sol#101:
	- Usage of "throw" should be replaced with "revert()"
Deprecated standard detected @ /unique_chucks/16/0xdaae9ad046a6166db07d6ba3a85bfc66a9e8ab07.sol#130-133:
	- Usage of "sha3()" should be replaced with "keccak256()"
Deprecated standard detected @ /unique_chucks/16/0xdaae9ad046a6166db07d6ba3a85bfc66a9e8ab07.sol:
	- Usage of "throw" should be replaced with "revert()"
Reference: https://github.com/trailofbits/slither/wiki/Detectors-Documentation#deprecated-standards[0m
INFO:Detectors:[92m
Token.totalSupply (/unique_chucks/16/0xdaae9ad046a6166db07d6ba3a85bfc66a9e8ab07.sol#6-8) should be declared external
Token.balanceOf (/unique_chucks/16/0xdaae9ad046a6166db07d6ba3a85bfc66a9e8ab07.sol#10-12) should be declared external
StandardToken.balanceOf (/unique_chucks/16/0xdaae9ad046a6166db07d6ba3a85bfc66a9e8ab07.sol#69-73) should be declared external
StandardToken.transfer (/unique_chucks/16/0xdaae9ad046a6166db07d6ba3a85bfc66a9e8ab07.sol#45-57) should be declared external
Token.transfer (/unique_chucks/16/0xdaae9ad046a6166db07d6ba3a85bfc66a9e8ab07.sol#16-18) should be declared external
StandardToken.transferFrom (/unique_chucks/16/0xdaae9ad046a6166db07d6ba3a85bfc66a9e8ab07.sol#57-69) should be declared external
Token.transferFrom (/unique_chucks/16/0xdaae9ad046a6166db07d6ba3a85bfc66a9e8ab07.sol#23-25) should be declared external
Token.approve (/unique_chucks/16/0xdaae9ad046a6166db07d6ba3a85bfc66a9e8ab07.sol#29-31) should be declared external
StandardToken.approve (/unique_chucks/16/0xdaae9ad046a6166db07d6ba3a85bfc66a9e8ab07.sol#73-79) should be declared external
Token.allowance (/unique_chucks/16/0xdaae9ad046a6166db07d6ba3a85bfc66a9e8ab07.sol#34-36) should be declared external
StandardToken.allowance (/unique_chucks/16/0xdaae9ad046a6166db07d6ba3a85bfc66a9e8ab07.sol#79-84) should be declared external
Aliencoin.fallback (/unique_chucks/16/0xdaae9ad046a6166db07d6ba3a85bfc66a9e8ab07.sol#95-101) should be declared external
Aliencoin.approveAndCall (/unique_chucks/16/0xdaae9ad046a6166db07d6ba3a85bfc66a9e8ab07.sol#124-133) should be declared external
Reference: https://github.com/trailofbits/slither/wiki/Detectors-Documentation#public-function-that-could-be-declared-as-external[0m
INFO:Detectors:[92m
Detected issues with version pragma in /unique_chucks/16/0xdaae9ad046a6166db07d6ba3a85bfc66a9e8ab07.sol:
	- pragma solidity^0.4.4 (/unique_chucks/16/0xdaae9ad046a6166db07d6ba3a85bfc66a9e8ab07.sol#1): it allows old versions
Reference: https://github.com/trailofbits/slither/wiki/Detectors-Documentation#incorrect-version-of-solidity[0m
INFO:Detectors:[92m
Low level call in Aliencoin.approveAndCall (/unique_chucks/16/0xdaae9ad046a6166db07d6ba3a85bfc66a9e8ab07.sol#124-133):
	-! _spender.call(bytes4(bytes32(sha3()(receiveApproval(address,uint256,address,bytes)))),msg.sender,_value,this,_extraData) /unique_chucks/16/0xdaae9ad046a6166db07d6ba3a85bfc66a9e8ab07.sol#130-133
Reference: https://github.com/trailofbits/slither/wiki/Detectors-Documentation#low-level-calls[0m
INFO:Detectors:[92m
Parameter '_owner' of StandardToken.balanceOf (/unique_chucks/16/0xdaae9ad046a6166db07d6ba3a85bfc66a9e8ab07.sol#70) is not in mixedCase
Parameter '_to' of StandardToken.transfer (/unique_chucks/16/0xdaae9ad046a6166db07d6ba3a85bfc66a9e8ab07.sol#45-46) is not in mixedCase
Parameter '_value' of StandardToken.transfer (/unique_chucks/16/0xdaae9ad046a6166db07d6ba3a85bfc66a9e8ab07.sol#46-47) is not in mixedCase
Parameter '_from' of StandardToken.transferFrom (/unique_chucks/16/0xdaae9ad046a6166db07d6ba3a85bfc66a9e8ab07.sol#57-58) is not in mixedCase
Parameter '_to' of StandardToken.transferFrom (/unique_chucks/16/0xdaae9ad046a6166db07d6ba3a85bfc66a9e8ab07.sol#58) is not in mixedCase
Parameter '_value' of StandardToken.transferFrom (/unique_chucks/16/0xdaae9ad046a6166db07d6ba3a85bfc66a9e8ab07.sol#58) is not in mixedCase
Parameter '_spender' of StandardToken.approve (/unique_chucks/16/0xdaae9ad046a6166db07d6ba3a85bfc66a9e8ab07.sol#74) is not in mixedCase
Parameter '_value' of StandardToken.approve (/unique_chucks/16/0xdaae9ad046a6166db07d6ba3a85bfc66a9e8ab07.sol#74) is not in mixedCase
Parameter '_owner' of StandardToken.allowance (/unique_chucks/16/0xdaae9ad046a6166db07d6ba3a85bfc66a9e8ab07.sol#80) is not in mixedCase
Parameter '_spender' of StandardToken.allowance (/unique_chucks/16/0xdaae9ad046a6166db07d6ba3a85bfc66a9e8ab07.sol#80) is not in mixedCase
Function 'Aliencoin.Aliencoin' (/unique_chucks/16/0xdaae9ad046a6166db07d6ba3a85bfc66a9e8ab07.sol#115-123) is not in mixedCase
Parameter '_spender' of Aliencoin.approveAndCall (/unique_chucks/16/0xdaae9ad046a6166db07d6ba3a85bfc66a9e8ab07.sol#124-125) is not in mixedCase
Parameter '_value' of Aliencoin.approveAndCall (/unique_chucks/16/0xdaae9ad046a6166db07d6ba3a85bfc66a9e8ab07.sol#125) is not in mixedCase
Parameter '_extraData' of Aliencoin.approveAndCall (/unique_chucks/16/0xdaae9ad046a6166db07d6ba3a85bfc66a9e8ab07.sol#125) is not in mixedCase
Reference: https://github.com/trailofbits/slither/wiki/Detectors-Documentation#conformance-to-solidity-naming-conventions[0m
INFO:Slither:/unique_chucks/16/0xdaae9ad046a6166db07d6ba3a85bfc66a9e8ab07.sol analyzed (3 contracts), 33 result(s) found