2019-08-04 13:50:20,122: [12] m.main:INFO: Registered plugins: DetectDelegatecall, DetectExternalCallAndLeak, DetectUninitializedStorage, DetectInvalid, DetectUnusedRetVal, DetectUninitializedMemory, DetectIntegerOverflow, DetectSuicidal, DetectEnvInstruction, DetectReentrancyAdvanced, DetectReentrancySimple
2019-08-04 13:50:20,123: [12] m.main:INFO: Beginning analysis
2019-08-04 13:50:20,132: [12] m.e.manticore:INFO: Starting symbolic create contract
2019-08-04 13:50:20,858: [12] m.e.manticore:INFO: Starting symbolic transaction: 0
2019-08-04 13:50:21,184: [12] m.e.manticore:INFO: 0 alive states, 2 terminated states
2019-08-04 13:50:21,296: [12] m.e.manticore:INFO: Starting symbolic transaction: 1
2019-08-04 13:50:21,366: [582] m.c.manticore:INFO: Generated testcase No. 0 - RETURN(1 txs)
2019-08-04 13:50:21,373: [583] m.c.manticore:INFO: Generated testcase No. 1 - REVERT(2 txs)
2019-08-04 13:50:21,965: [12] m.c.manticore:INFO: Results in /mcore_b_9tnwq4
2019-08-04 13:50:22,669: [897] m.main:INFO: Registered plugins: DetectReentrancyAdvanced, DetectReentrancySimple, DetectInvalid, DetectUnusedRetVal, DetectUninitializedStorage, DetectExternalCallAndLeak, DetectSuicidal, DetectEnvInstruction, DetectUninitializedMemory, DetectDelegatecall, DetectIntegerOverflow
2019-08-04 13:50:22,670: [897] m.main:INFO: Beginning analysis
2019-08-04 13:50:22,679: [897] m.e.manticore:INFO: Starting symbolic create contract
2019-08-04 13:50:22,941: [941] m.c.manticore:INFO: Generated testcase No. 0 - NO STATE RESULT (?)(0 txs)
2019-08-04 13:50:23,085: [897] m.c.manticore:INFO: Results in /mcore_ywjksnk7
2019-08-04 13:50:23,717: [1200] m.main:INFO: Registered plugins: DetectReentrancySimple, DetectInvalid, DetectUnusedRetVal, DetectUninitializedStorage, DetectExternalCallAndLeak, DetectSuicidal, DetectEnvInstruction, DetectUninitializedMemory, DetectReentrancyAdvanced, DetectDelegatecall, DetectIntegerOverflow
2019-08-04 13:50:23,718: [1200] m.main:INFO: Beginning analysis
2019-08-04 13:50:23,729: [1200] m.e.manticore:INFO: Starting symbolic create contract
2019-08-04 13:50:25,711: [1200] m.e.manticore:INFO: Starting symbolic transaction: 0
2019-08-04 13:50:43,292: [1200] m.e.manticore:INFO: 3 alive states, 7 terminated states
2019-08-04 13:50:44,537: [1200] m.e.manticore:INFO: Starting symbolic transaction: 1
2019-08-04 13:51:44,145: [1200] m.e.manticore:INFO: 9 alive states, 28 terminated states
2019-08-04 13:51:46,544: [6801] m.c.manticore:INFO: Generated testcase No. 0 - RETURN(3 txs)
2019-08-04 13:51:46,567: [6802] m.c.manticore:INFO: Generated testcase No. 1 - RETURN(3 txs)
2019-08-04 13:51:46,577: [6804] m.c.manticore:INFO: Generated testcase No. 2 - RETURN(3 txs)
2019-08-04 13:51:46,616: [6809] m.c.manticore:INFO: Generated testcase No. 3 - RETURN(3 txs)
2019-08-04 13:51:46,622: [6819] m.c.manticore:INFO: Generated testcase No. 4 - RETURN(3 txs)
2019-08-04 13:51:46,637: [6828] m.c.manticore:INFO: Generated testcase No. 8 - RETURN(3 txs)
2019-08-04 13:51:46,637: [6830] m.c.manticore:INFO: Generated testcase No. 5 - RETURN(3 txs)
2019-08-04 13:51:46,642: [6823] m.c.manticore:INFO: Generated testcase No. 6 - RETURN(3 txs)
2019-08-04 13:51:46,654: [6826] m.c.manticore:INFO: Generated testcase No. 7 - RETURN(3 txs)
2019-08-04 13:51:50,954: [6828] m.c.manticore:INFO: Generated testcase No. 9 - RETURN(1 txs)
2019-08-04 13:51:51,611: [6830] m.c.manticore:INFO: Generated testcase No. 10 - REVERT(2 txs)
2019-08-04 13:51:52,006: [6823] m.c.manticore:INFO: Generated testcase No. 11 - REVERT(2 txs)
2019-08-04 13:51:52,658: [6819] m.c.manticore:INFO: Generated testcase No. 12 - REVERT(2 txs)
2019-08-04 13:51:53,912: [6826] m.c.manticore:INFO: Generated testcase No. 13 - REVERT(2 txs)
2019-08-04 13:51:54,269: [6828] m.c.manticore:INFO: Generated testcase No. 14 - REVERT(2 txs)
2019-08-04 13:51:54,515: [6804] m.c.manticore:INFO: Generated testcase No. 15 - REVERT(2 txs)
2019-08-04 13:51:55,113: [6802] m.c.manticore:INFO: Generated testcase No. 16 - RETURN(2 txs)
2019-08-04 13:51:55,346: [6809] m.c.manticore:INFO: Generated testcase No. 17 - RETURN(2 txs)
2019-08-04 13:51:55,417: [6830] m.c.manticore:INFO: Generated testcase No. 18 - RETURN(2 txs)
2019-08-04 13:51:55,796: [6823] m.c.manticore:INFO: Generated testcase No. 19 - REVERT(3 txs)
2019-08-04 13:51:56,290: [6819] m.c.manticore:INFO: Generated testcase No. 20 - REVERT(3 txs)
2019-08-04 13:51:57,557: [6826] m.c.manticore:INFO: Generated testcase No. 21 - REVERT(3 txs)
2019-08-04 13:51:57,960: [6828] m.c.manticore:INFO: Generated testcase No. 22 - REVERT(3 txs)
2019-08-04 13:51:58,258: [6804] m.c.manticore:INFO: Generated testcase No. 23 - REVERT(3 txs)
2019-08-04 13:51:59,026: [6809] m.c.manticore:INFO: Generated testcase No. 24 - REVERT(3 txs)
2019-08-04 13:51:59,155: [6802] m.c.manticore:INFO: Generated testcase No. 25 - REVERT(3 txs)
2019-08-04 13:52:00,004: [6823] m.c.manticore:INFO: Generated testcase No. 26 - REVERT(3 txs)
2019-08-04 13:52:00,399: [6819] m.c.manticore:INFO: Generated testcase No. 27 - REVERT(3 txs)
2019-08-04 13:52:00,975: [6801] m.c.manticore:INFO: Generated testcase No. 28 - REVERT(3 txs)
2019-08-04 13:52:01,014: [6830] m.c.manticore:INFO: Generated testcase No. 29 - REVERT(3 txs)
2019-08-04 13:52:01,957: [6826] m.c.manticore:INFO: Generated testcase No. 30 - REVERT(3 txs)
2019-08-04 13:52:02,564: [6828] m.c.manticore:INFO: Generated testcase No. 31 - REVERT(3 txs)
2019-08-04 13:52:03,563: [6804] m.c.manticore:INFO: Generated testcase No. 32 - REVERT(3 txs)
2019-08-04 13:52:04,512: [6802] m.c.manticore:INFO: Generated testcase No. 33 - REVERT(3 txs)
2019-08-04 13:52:04,633: [6809] m.c.manticore:INFO: Generated testcase No. 34 - REVERT(3 txs)
2019-08-04 13:52:04,940: [6823] m.c.manticore:INFO: Generated testcase No. 35 - REVERT(3 txs)
2019-08-04 13:52:06,187: [6819] m.c.manticore:INFO: Generated testcase No. 36 - REVERT(3 txs)
2019-08-04 13:52:13,682: [1200] m.c.manticore:INFO: Results in /mcore_dv5x3msy
2019-08-04 13:52:17,280: [8173] m.main:INFO: Registered plugins: DetectInvalid, DetectUnusedRetVal, DetectSuicidal, DetectUninitializedStorage, DetectExternalCallAndLeak, DetectEnvInstruction, DetectReentrancyAdvanced, DetectDelegatecall, DetectUninitializedMemory, DetectIntegerOverflow, DetectReentrancySimple
2019-08-04 13:52:17,281: [8173] m.main:INFO: Beginning analysis
2019-08-04 13:52:17,294: [8173] m.e.manticore:INFO: Starting symbolic create contract
2019-08-04 13:52:20,889: [8173] m.e.manticore:INFO: Starting symbolic transaction: 0
2019-08-04 13:52:40,930: [8173] m.e.manticore:INFO: 4 alive states, 9 terminated states
2019-08-04 13:52:42,673: [8173] m.e.manticore:INFO: Starting symbolic transaction: 1
2019-08-04 13:53:53,037: [8173] m.e.manticore:INFO: 16 alive states, 45 terminated states
2019-08-04 13:53:55,421: [18100] m.c.manticore:INFO: Generated testcase No. 0 - RETURN(3 txs)
2019-08-04 13:53:55,432: [18102] m.c.manticore:INFO: Generated testcase No. 1 - RETURN(3 txs)
2019-08-04 13:53:55,462: [18125] m.c.manticore:INFO: Generated testcase No. 2 - RETURN(3 txs)
2019-08-04 13:53:55,468: [18152] m.c.manticore:INFO: Generated testcase No. 5 - STOP(3 txs)
2019-08-04 13:53:55,476: [18116] m.c.manticore:INFO: Generated testcase No. 4 - RETURN(3 txs)
2019-08-04 13:53:55,476: [18108] m.c.manticore:INFO: Generated testcase No. 3 - STOP(3 txs)
2019-08-04 13:53:55,485: [18132] m.c.manticore:INFO: Generated testcase No. 6 - STOP(3 txs)
2019-08-04 13:53:55,527: [18153] m.c.manticore:INFO: Generated testcase No. 7 - RETURN(3 txs)
2019-08-04 13:53:55,530: [18139] m.c.manticore:INFO: Generated testcase No. 8 - STOP(3 txs)
2019-08-04 13:54:00,943: [18152] m.c.manticore:INFO: Generated testcase No. 9 - RETURN(3 txs)
2019-08-04 13:54:01,144: [18139] m.c.manticore:INFO: Generated testcase No. 10 - RETURN(3 txs)
2019-08-04 13:54:01,488: [18132] m.c.manticore:INFO: Generated testcase No. 11 - RETURN(3 txs)
2019-08-04 13:54:03,736: [18125] m.c.manticore:INFO: Generated testcase No. 12 - RETURN(3 txs)
2019-08-04 13:54:04,011: [18108] m.c.manticore:INFO: Generated testcase No. 13 - RETURN(3 txs)
2019-08-04 13:54:04,363: [18116] m.c.manticore:INFO: Generated testcase No. 14 - RETURN(3 txs)
2019-08-04 13:54:04,909: [18153] m.c.manticore:INFO: Generated testcase No. 15 - RETURN(3 txs)
2019-08-04 13:54:05,078: [18102] m.c.manticore:INFO: Generated testcase No. 16 - RETURN(1 txs)
2019-08-04 13:54:07,130: [18132] m.c.manticore:INFO: Generated testcase No. 17 - REVERT(2 txs)
2019-08-04 13:54:07,860: [18139] m.c.manticore:INFO: Generated testcase No. 18 - REVERT(2 txs)
2019-08-04 13:54:08,315: [18152] m.c.manticore:INFO: Generated testcase No. 19 - REVERT(2 txs)
2019-08-04 13:54:08,559: [18102] m.c.manticore:INFO: Generated testcase No. 20 - REVERT(2 txs)
2019-08-04 13:54:09,665: [18100] m.c.manticore:INFO: Generated testcase No. 21 - REVERT(2 txs)
2019-08-04 13:54:09,849: [18108] m.c.manticore:INFO: Generated testcase No. 22 - REVERT(2 txs)
2019-08-04 13:54:09,915: [18116] m.c.manticore:INFO: Generated testcase No. 23 - REVERT(2 txs)
2019-08-04 13:54:10,549: [18153] m.c.manticore:INFO: Generated testcase No. 24 - REVERT(2 txs)
2019-08-04 13:54:11,725: [18125] m.c.manticore:INFO: Generated testcase No. 25 - STOP(2 txs)
2019-08-04 13:54:11,889: [18132] m.c.manticore:INFO: Generated testcase No. 26 - RETURN(2 txs)
2019-08-04 13:54:12,271: [18139] m.c.manticore:INFO: Generated testcase No. 27 - RETURN(2 txs)
2019-08-04 13:54:12,741: [18102] m.c.manticore:INFO: Generated testcase No. 28 - RETURN(2 txs)
2019-08-04 13:54:12,987: [18152] m.c.manticore:INFO: Generated testcase No. 29 - REVERT(3 txs)
2019-08-04 13:54:14,218: [18108] m.c.manticore:INFO: Generated testcase No. 30 - REVERT(3 txs)
2019-08-04 13:54:14,766: [18100] m.c.manticore:INFO: Generated testcase No. 31 - REVERT(3 txs)
2019-08-04 13:54:14,967: [18116] m.c.manticore:INFO: Generated testcase No. 32 - REVERT(3 txs)
2019-08-04 13:54:15,248: [18153] m.c.manticore:INFO: Generated testcase No. 33 - REVERT(3 txs)
2019-08-04 13:54:16,851: [18132] m.c.manticore:INFO: Generated testcase No. 34 - REVERT(3 txs)
2019-08-04 13:54:17,093: [18125] m.c.manticore:INFO: Generated testcase No. 35 - REVERT(3 txs)
2019-08-04 13:54:17,487: [18139] m.c.manticore:INFO: Generated testcase No. 36 - REVERT(3 txs)
2019-08-04 13:54:18,156: [18152] m.c.manticore:INFO: Generated testcase No. 37 - REVERT(3 txs)
2019-08-04 13:54:19,316: [18102] m.c.manticore:INFO: Generated testcase No. 38 - REVERT(3 txs)
2019-08-04 13:54:19,828: [18108] m.c.manticore:INFO: Generated testcase No. 39 - REVERT(3 txs)
2019-08-04 13:54:20,525: [18153] m.c.manticore:INFO: Generated testcase No. 40 - REVERT(3 txs)
2019-08-04 13:54:20,696: [18116] m.c.manticore:INFO: Generated testcase No. 41 - REVERT(3 txs)
2019-08-04 13:54:20,917: [18100] m.c.manticore:INFO: Generated testcase No. 42 - REVERT(3 txs)
2019-08-04 13:54:22,252: [18125] m.c.manticore:INFO: Generated testcase No. 43 - REVERT(3 txs)
2019-08-04 13:54:23,109: [18132] m.c.manticore:INFO: Generated testcase No. 44 - REVERT(3 txs)
2019-08-04 13:54:23,544: [18139] m.c.manticore:INFO: Generated testcase No. 45 - REVERT(3 txs)
2019-08-04 13:54:24,139: [18152] m.c.manticore:INFO: Generated testcase No. 46 - REVERT(3 txs)
2019-08-04 13:54:24,989: [18102] m.c.manticore:INFO: Generated testcase No. 47 - REVERT(3 txs)
2019-08-04 13:54:26,060: [18116] m.c.manticore:INFO: Generated testcase No. 48 - REVERT(3 txs)
2019-08-04 13:54:26,083: [18108] m.c.manticore:INFO: Generated testcase No. 49 - REVERT(3 txs)
2019-08-04 13:54:26,677: [18100] m.c.manticore:INFO: Generated testcase No. 50 - REVERT(3 txs)
2019-08-04 13:54:27,766: [18153] m.c.manticore:INFO: Generated testcase No. 51 - REVERT(3 txs)
2019-08-04 13:54:28,285: [18125] m.c.manticore:INFO: Generated testcase No. 52 - REVERT(3 txs)
2019-08-04 13:54:29,605: [18132] m.c.manticore:INFO: Generated testcase No. 53 - REVERT(3 txs)
2019-08-04 13:54:30,078: [18152] m.c.manticore:INFO: Generated testcase No. 54 - REVERT(3 txs)
2019-08-04 13:54:31,043: [18102] m.c.manticore:INFO: Generated testcase No. 55 - REVERT(3 txs)
2019-08-04 13:54:31,346: [18139] m.c.manticore:INFO: Generated testcase No. 56 - REVERT(3 txs)
2019-08-04 13:54:32,355: [18116] m.c.manticore:INFO: Generated testcase No. 57 - REVERT(3 txs)
2019-08-04 13:54:32,396: [18100] m.c.manticore:INFO: Generated testcase No. 58 - REVERT(3 txs)
2019-08-04 13:54:33,771: [18153] m.c.manticore:INFO: Generated testcase No. 59 - REVERT(3 txs)
2019-08-04 13:54:34,970: [18108] m.c.manticore:INFO: Generated testcase No. 60 - REVERT(3 txs)
2019-08-04 13:54:44,569: [8173] m.c.manticore:INFO: Results in /mcore_gk6fjbk4
2019-08-04 13:54:48,987: [20216] m.main:INFO: Registered plugins: DetectDelegatecall, DetectReentrancySimple, DetectInvalid, DetectUnusedRetVal, DetectReentrancyAdvanced, DetectUninitializedStorage, DetectIntegerOverflow, DetectSuicidal, DetectExternalCallAndLeak, DetectEnvInstruction, DetectUninitializedMemory
2019-08-04 13:54:48,988: [20216] m.main:INFO: Beginning analysis
2019-08-04 13:54:49,005: [20216] m.e.manticore:INFO: Starting symbolic create contract
2019-08-04 13:54:51,541: [20216] m.e.manticore:INFO: Starting symbolic transaction: 0
2019-08-04 13:54:54,664: [20216] m.e.manticore:INFO: 1 alive states, 5 terminated states
2019-08-04 13:54:55,646: [20216] m.e.manticore:INFO: Starting symbolic transaction: 1
2019-08-04 13:54:59,963: [20216] m.e.manticore:INFO: 1 alive states, 10 terminated states
2019-08-04 13:55:01,084: [21725] m.c.manticore:INFO: Generated testcase No. 0 - RETURN(3 txs)
2019-08-04 13:55:01,097: [21726] m.c.manticore:INFO: Generated testcase No. 2 - RETURN(1 txs)
2019-08-04 13:55:01,098: [21729] m.c.manticore:INFO: Generated testcase No. 1 - REVERT(2 txs)
2019-08-04 13:55:01,112: [21732] m.c.manticore:INFO: Generated testcase No. 3 - REVERT(2 txs)
2019-08-04 13:55:01,117: [21739] m.c.manticore:INFO: Generated testcase No. 4 - REVERT(2 txs)
2019-08-04 13:55:01,126: [21735] m.c.manticore:INFO: Generated testcase No. 5 - REVERT(2 txs)
2019-08-04 13:55:01,152: [21740] m.c.manticore:INFO: Generated testcase No. 6 - RETURN(2 txs)
2019-08-04 13:55:01,191: [21742] m.c.manticore:INFO: Generated testcase No. 7 - REVERT(3 txs)
2019-08-04 13:55:01,204: [21737] m.c.manticore:INFO: Generated testcase No. 8 - REVERT(3 txs)
2019-08-04 13:55:03,225: [21726] m.c.manticore:INFO: Generated testcase No. 9 - REVERT(3 txs)
2019-08-04 13:55:03,634: [21729] m.c.manticore:INFO: Generated testcase No. 10 - REVERT(3 txs)
2019-08-04 13:55:06,625: [20216] m.c.manticore:INFO: Results in /mcore_x8xyuox6
2019-08-04 13:55:08,688: [22349] m.main:INFO: Registered plugins: DetectReentrancyAdvanced, DetectReentrancySimple, DetectInvalid, DetectEnvInstruction, DetectUninitializedStorage, DetectIntegerOverflow, DetectDelegatecall, DetectUnusedRetVal, DetectUninitializedMemory, DetectSuicidal, DetectExternalCallAndLeak
2019-08-04 13:55:08,689: [22349] m.main:INFO: Beginning analysis
2019-08-04 13:55:08,701: [22349] m.e.manticore:INFO: Starting symbolic create contract
2019-08-04 13:55:09,056: [22393] m.c.manticore:INFO: Generated testcase No. 0 - NO STATE RESULT (?)(0 txs)
2019-08-04 13:55:09,256: [22349] m.c.manticore:INFO: Results in /mcore_qqevwx6f
2019-08-04 13:55:10,113: [22652] m.main:INFO: Registered plugins: DetectReentrancySimple, DetectInvalid, DetectSuicidal, DetectReentrancyAdvanced, DetectUnusedRetVal, DetectUninitializedStorage, DetectEnvInstruction, DetectDelegatecall, DetectUninitializedMemory, DetectExternalCallAndLeak, DetectIntegerOverflow
2019-08-04 13:55:10,114: [22652] m.main:INFO: Beginning analysis
2019-08-04 13:55:10,132: [22652] m.e.manticore:INFO: Starting symbolic create contract
2019-08-04 13:55:18,663: [22652] m.e.manticore:INFO: Starting symbolic transaction: 0
2019-08-04 13:56:44,713: [22652] m.e.manticore:INFO: 9 alive states, 14 terminated states
2019-08-04 13:56:49,509: [22652] m.e.manticore:INFO: Starting symbolic transaction: 1
2019-08-04 13:57:52,017: [28408] m.e.detectors:WARNING: Potentially reading uninitialized storage
2019-08-04 14:03:13,407: [28408] m.e.detectors:WARNING: Potentially reading uninitialized storage
2019-08-04 14:04:35,839: [28401] m.e.detectors:WARNING: Potentially reading uninitialized storage
2019-08-04 14:04:47,402: [28383] m.e.detectors:WARNING: Potentially reading uninitialized storage
2019-08-04 14:04:52,081: [28383] m.e.detectors:WARNING: INVALID instruction
2019-08-04 14:07:52,737: [28401] m.e.detectors:WARNING: Potentially reading uninitialized storage
2019-08-04 14:08:19,441: [28354] m.e.detectors:WARNING: INVALID instruction
2019-08-04 14:09:40,000: [28376] m.e.detectors:WARNING: Potentially reading uninitialized storage