INFO:Slither:Compilation warnings/errors on /unique_chucks/14/0x620266bf3b1675646173f9b8d7b5ed92c0805400.sol:
/unique_chucks/14/0x620266bf3b1675646173f9b8d7b5ed92c0805400.sol:175:5: Warning: Defining constructors as functions with the same name as the contract is deprecated. Use "constructor(...) { ... }" instead.
    function Managed() public {
    ^ (Relevant source part starts here and spans across multiple lines).
/unique_chucks/14/0x620266bf3b1675646173f9b8d7b5ed92c0805400.sol:482:5: Warning: Defining constructors as functions with the same name as the contract is deprecated. Use "constructor(...) { ... }" instead.
    function BancorConverter(ISmartToken _token, IBancorConverterExtensions _extensions, uint32 _maxConversionFee, IERC20Token _connectorToken, uint32 _connectorWeight)
    ^ (Relevant source part starts here and spans across multiple lines).
/unique_chucks/14/0x620266bf3b1675646173f9b8d7b5ed92c0805400.sol:202:9: Warning: Invoking events without "emit" prefix is deprecated.
        ManagerUpdate(manager, newManager);
        ^--------------------------------^
/unique_chucks/14/0x620266bf3b1675646173f9b8d7b5ed92c0805400.sol:646:9: Warning: Invoking events without "emit" prefix is deprecated.
        ConversionFeeUpdate(conversionFee, _conversionFee);
        ^------------------------------------------------^
/unique_chucks/14/0x620266bf3b1675646173f9b8d7b5ed92c0805400.sol:1041:13: Warning: Invoking events without "emit" prefix is deprecated.
            Conversion(_connectorToken, token, msg.sender, _amount, _returnAmount, int256(feeAmount), connectorAmount, tokenAmount);
            ^---------------------------------------------------------------------------------------------------------------------^
/unique_chucks/14/0x620266bf3b1675646173f9b8d7b5ed92c0805400.sol:1043:13: Warning: Invoking events without "emit" prefix is deprecated.
            Conversion(token, _connectorToken, msg.sender, _amount, _returnAmount, int256(feeAmount), tokenAmount, connectorAmount);
            ^---------------------------------------------------------------------------------------------------------------------^
/unique_chucks/14/0x620266bf3b1675646173f9b8d7b5ed92c0805400.sol:80:5: Warning: Function state mutability can be restricted to pure
    function owner() public view returns (address) {}
    ^-----------------------------------------------^
/unique_chucks/14/0x620266bf3b1675646173f9b8d7b5ed92c0805400.sol:92:5: Warning: Function state mutability can be restricted to pure
    function name() public view returns (string) {}
    ^---------------------------------------------^
/unique_chucks/14/0x620266bf3b1675646173f9b8d7b5ed92c0805400.sol:93:5: Warning: Function state mutability can be restricted to pure
    function symbol() public view returns (string) {}
    ^-----------------------------------------------^
/unique_chucks/14/0x620266bf3b1675646173f9b8d7b5ed92c0805400.sol:94:5: Warning: Function state mutability can be restricted to pure
    function decimals() public view returns (uint8) {}
    ^------------------------------------------------^
/unique_chucks/14/0x620266bf3b1675646173f9b8d7b5ed92c0805400.sol:95:5: Warning: Function state mutability can be restricted to pure
    function totalSupply() public view returns (uint256) {}
    ^-----------------------------------------------------^
/unique_chucks/14/0x620266bf3b1675646173f9b8d7b5ed92c0805400.sol:96:5: Warning: Function state mutability can be restricted to pure
    function balanceOf(address _owner) public view returns (uint256) { _owner; }
    ^--------------------------------------------------------------------------^
/unique_chucks/14/0x620266bf3b1675646173f9b8d7b5ed92c0805400.sol:97:5: Warning: Function state mutability can be restricted to pure
    function allowance(address _owner, address _spender) public view returns (uint256) { _owner; _spender; }
    ^------------------------------------------------------------------------------------------------------^
/unique_chucks/14/0x620266bf3b1675646173f9b8d7b5ed92c0805400.sol:121:5: Warning: Function state mutability can be restricted to pure
    function gasPrice() public view returns (uint256) {}
    ^--------------------------------------------------^
/unique_chucks/14/0x620266bf3b1675646173f9b8d7b5ed92c0805400.sol:143:5: Warning: Function state mutability can be restricted to pure
    function formula() public view returns (IBancorFormula) {}
    ^--------------------------------------------------------^
/unique_chucks/14/0x620266bf3b1675646173f9b8d7b5ed92c0805400.sol:144:5: Warning: Function state mutability can be restricted to pure
    function gasPriceLimit() public view returns (IBancorGasPriceLimit) {}
    ^--------------------------------------------------------------------^
/unique_chucks/14/0x620266bf3b1675646173f9b8d7b5ed92c0805400.sol:145:5: Warning: Function state mutability can be restricted to pure
    function quickConverter() public view returns (IBancorQuickConverter) {}
    ^----------------------------------------------------------------------^

INFO:Detectors:[93m
Contract locking ether found in /unique_chucks/14/0x620266bf3b1675646173f9b8d7b5ed92c0805400.sol:
	Contract IEtherToken has payable functions:
	 - deposit (/unique_chucks/14/0x620266bf3b1675646173f9b8d7b5ed92c0805400.sol#426)
	But does not have a function to withdraw the ether
Reference: https://github.com/trailofbits/slither/wiki/Detectors-Documentation#contracts-that-lock-ether[0m
INFO:Detectors:[93m
Reentrancy in BancorConverter.buy (/unique_chucks/14/0x620266bf3b1675646173f9b8d7b5ed92c0805400.sol#869-894):
	External calls:
	- amount = getPurchaseReturn(_connectorToken,_depositAmount) (/unique_chucks/14/0x620266bf3b1675646173f9b8d7b5ed92c0805400.sol#877-879)
	State variables written after the call(s):
	- connectors (/unique_chucks/14/0x620266bf3b1675646173f9b8d7b5ed92c0805400.sol#885-886)
Reentrancy in BancorConverter.convertInternal (/unique_chucks/14/0x620266bf3b1675646173f9b8d7b5ed92c0805400.sol#833-847):
	External calls:
	- purchaseAmount = buy(_fromToken,_amount,1) (/unique_chucks/14/0x620266bf3b1675646173f9b8d7b5ed92c0805400.sol#845)
	- sell(_toToken,purchaseAmount,_minReturn) (/unique_chucks/14/0x620266bf3b1675646173f9b8d7b5ed92c0805400.sol#847)
	State variables written after the call(s):
	- connectors (/unique_chucks/14/0x620266bf3b1675646173f9b8d7b5ed92c0805400.sol#847)
Reentrancy in BancorConverter.sell (/unique_chucks/14/0x620266bf3b1675646173f9b8d7b5ed92c0805400.sol#902-936):
	External calls:
	- require(bool)(_sellAmount <= token.balanceOf(msg.sender)) (/unique_chucks/14/0x620266bf3b1675646173f9b8d7b5ed92c0805400.sol#906-907)
	- amount = getSaleReturn(_connectorToken,_sellAmount) (/unique_chucks/14/0x620266bf3b1675646173f9b8d7b5ed92c0805400.sol#907-908)
	- tokenSupply = token.totalSupply() (/unique_chucks/14/0x620266bf3b1675646173f9b8d7b5ed92c0805400.sol#910-912)
	- connectorBalance = getConnectorBalance(_connectorToken) (/unique_chucks/14/0x620266bf3b1675646173f9b8d7b5ed92c0805400.sol#912-913)
	State variables written after the call(s):
	- connectors (/unique_chucks/14/0x620266bf3b1675646173f9b8d7b5ed92c0805400.sol#921-922)
Reference: https://github.com/trailofbits/slither/wiki/Detectors-Documentation#reentrancy-vulnerabilities-1[0m
INFO:Detectors:[92m
BancorConverter.converterType should be constant (/unique_chucks/14/0x620266bf3b1675646173f9b8d7b5ed92c0805400.sol#461)
BancorConverter.version should be constant (/unique_chucks/14/0x620266bf3b1675646173f9b8d7b5ed92c0805400.sol#460)
Reference: https://github.com/trailofbits/slither/wiki/Detectors-Documentation#state-variables-that-could-be-declared-constant[0m
INFO:Detectors:[92m
IOwned.owner (/unique_chucks/14/0x620266bf3b1675646173f9b8d7b5ed92c0805400.sol#82-83) should be declared external
Owned.transferOwnership (/unique_chucks/14/0x620266bf3b1675646173f9b8d7b5ed92c0805400.sol#250-254) should be declared external
IOwned.transferOwnership (/unique_chucks/14/0x620266bf3b1675646173f9b8d7b5ed92c0805400.sol#83-88) should be declared external
Owned.acceptOwnership (/unique_chucks/14/0x620266bf3b1675646173f9b8d7b5ed92c0805400.sol#263-270) should be declared external
IOwned.acceptOwnership (/unique_chucks/14/0x620266bf3b1675646173f9b8d7b5ed92c0805400.sol#90-91) should be declared external
IERC20Token.name (/unique_chucks/14/0x620266bf3b1675646173f9b8d7b5ed92c0805400.sol#93-94) should be declared external
IERC20Token.symbol (/unique_chucks/14/0x620266bf3b1675646173f9b8d7b5ed92c0805400.sol#94-95) should be declared external
IERC20Token.decimals (/unique_chucks/14/0x620266bf3b1675646173f9b8d7b5ed92c0805400.sol#95-96) should be declared external
IERC20Token.totalSupply (/unique_chucks/14/0x620266bf3b1675646173f9b8d7b5ed92c0805400.sol#96-97) should be declared external
IERC20Token.balanceOf (/unique_chucks/14/0x620266bf3b1675646173f9b8d7b5ed92c0805400.sol#97) should be declared external
IERC20Token.allowance (/unique_chucks/14/0x620266bf3b1675646173f9b8d7b5ed92c0805400.sol#97-100) should be declared external
IERC20Token.transfer (/unique_chucks/14/0x620266bf3b1675646173f9b8d7b5ed92c0805400.sol#100) should be declared external
IERC20Token.transferFrom (/unique_chucks/14/0x620266bf3b1675646173f9b8d7b5ed92c0805400.sol#101-108) should be declared external
IERC20Token.approve (/unique_chucks/14/0x620266bf3b1675646173f9b8d7b5ed92c0805400.sol#108-111) should be declared external
IBancorQuickConverter.convert (/unique_chucks/14/0x620266bf3b1675646173f9b8d7b5ed92c0805400.sol#112) should be declared external
IBancorQuickConverter.convertFor (/unique_chucks/14/0x620266bf3b1675646173f9b8d7b5ed92c0805400.sol#112-113) should be declared external
IBancorQuickConverter.convertForPrioritized (/unique_chucks/14/0x620266bf3b1675646173f9b8d7b5ed92c0805400.sol#113-121) should be declared external
IBancorGasPriceLimit.gasPrice (/unique_chucks/14/0x620266bf3b1675646173f9b8d7b5ed92c0805400.sol#127-130) should be declared external
IBancorGasPriceLimit.validateGasPrice (/unique_chucks/14/0x620266bf3b1675646173f9b8d7b5ed92c0805400.sol#130) should be declared external
IBancorFormula.calculatePurchaseReturn (/unique_chucks/14/0x620266bf3b1675646173f9b8d7b5ed92c0805400.sol#130-131) should be declared external
IBancorFormula.calculateSaleReturn (/unique_chucks/14/0x620266bf3b1675646173f9b8d7b5ed92c0805400.sol#131-132) should be declared external
IBancorFormula.calculateCrossConnectorReturn (/unique_chucks/14/0x620266bf3b1675646173f9b8d7b5ed92c0805400.sol#132-143) should be declared external
IBancorConverterExtensions.formula (/unique_chucks/14/0x620266bf3b1675646173f9b8d7b5ed92c0805400.sol#145) should be declared external
IBancorConverterExtensions.gasPriceLimit (/unique_chucks/14/0x620266bf3b1675646173f9b8d7b5ed92c0805400.sol#145-153) should be declared external
IBancorConverterExtensions.quickConverter (/unique_chucks/14/0x620266bf3b1675646173f9b8d7b5ed92c0805400.sol#153-155) should be declared external
BancorConverter.convertibleTokenCount (/unique_chucks/14/0x620266bf3b1675646173f9b8d7b5ed92c0805400.sol#582-586) should be declared external
ITokenConverter.convertibleTokenCount (/unique_chucks/14/0x620266bf3b1675646173f9b8d7b5ed92c0805400.sol#156) should be declared external
BancorConverter.convertibleToken (/unique_chucks/14/0x620266bf3b1675646173f9b8d7b5ed92c0805400.sol#596-600) should be declared external
ITokenConverter.convertibleToken (/unique_chucks/14/0x620266bf3b1675646173f9b8d7b5ed92c0805400.sol#156-157) should be declared external
ITokenConverter.getReturn (/unique_chucks/14/0x620266bf3b1675646173f9b8d7b5ed92c0805400.sol#157-158) should be declared external
BancorConverter.getReturn (/unique_chucks/14/0x620266bf3b1675646173f9b8d7b5ed92c0805400.sol#767-786) should be declared external
ITokenConverter.convert (/unique_chucks/14/0x620266bf3b1675646173f9b8d7b5ed92c0805400.sol#158-159) should be declared external
BancorConverter.convert (/unique_chucks/14/0x620266bf3b1675646173f9b8d7b5ed92c0805400.sol#857-862) should be declared external
BancorConverter.change (/unique_chucks/14/0x620266bf3b1675646173f9b8d7b5ed92c0805400.sol#1000-1003) should be declared external
ITokenConverter.change (/unique_chucks/14/0x620266bf3b1675646173f9b8d7b5ed92c0805400.sol#164-170) should be declared external
Managed.transferManagement (/unique_chucks/14/0x620266bf3b1675646173f9b8d7b5ed92c0805400.sol#198-202) should be declared external
Managed.acceptManagement (/unique_chucks/14/0x620266bf3b1675646173f9b8d7b5ed92c0805400.sol#211-220) should be declared external
ITokenHolder.withdrawTokens (/unique_chucks/14/0x620266bf3b1675646173f9b8d7b5ed92c0805400.sol#273-274) should be declared external
TokenHolder.withdrawTokens (/unique_chucks/14/0x620266bf3b1675646173f9b8d7b5ed92c0805400.sol#300-305) should be declared external
SmartTokenController.transferTokenOwnership (/unique_chucks/14/0x620266bf3b1675646173f9b8d7b5ed92c0805400.sol#357-363) should be declared external
SmartTokenController.acceptTokenOwnership (/unique_chucks/14/0x620266bf3b1675646173f9b8d7b5ed92c0805400.sol#366-370) should be declared external
SmartTokenController.disableTokenTransfers (/unique_chucks/14/0x620266bf3b1675646173f9b8d7b5ed92c0805400.sol#375-379) should be declared external
SmartTokenController.withdrawFromToken (/unique_chucks/14/0x620266bf3b1675646173f9b8d7b5ed92c0805400.sol#399-415) should be declared external
ISmartToken.disableTransfers (/unique_chucks/14/0x620266bf3b1675646173f9b8d7b5ed92c0805400.sol#417-424) should be declared external
ISmartToken.issue (/unique_chucks/14/0x620266bf3b1675646173f9b8d7b5ed92c0805400.sol#424) should be declared external
ISmartToken.destroy (/unique_chucks/14/0x620266bf3b1675646173f9b8d7b5ed92c0805400.sol#424) should be declared external
IEtherToken.deposit (/unique_chucks/14/0x620266bf3b1675646173f9b8d7b5ed92c0805400.sol#426) should be declared external
IEtherToken.withdraw (/unique_chucks/14/0x620266bf3b1675646173f9b8d7b5ed92c0805400.sol#426-427) should be declared external
IEtherToken.withdrawTo (/unique_chucks/14/0x620266bf3b1675646173f9b8d7b5ed92c0805400.sol#427) should be declared external
BancorConverter.setExtensions (/unique_chucks/14/0x620266bf3b1675646173f9b8d7b5ed92c0805400.sol#609-618) should be declared external
BancorConverter.setQuickBuyPath (/unique_chucks/14/0x620266bf3b1675646173f9b8d7b5ed92c0805400.sol#625-629) should be declared external
BancorConverter.clearQuickBuyPath (/unique_chucks/14/0x620266bf3b1675646173f9b8d7b5ed92c0805400.sol#631-636) should be declared external
BancorConverter.getQuickBuyPathLength (/unique_chucks/14/0x620266bf3b1675646173f9b8d7b5ed92c0805400.sol#639-643) should be declared external
BancorConverter.disableConversions (/unique_chucks/14/0x620266bf3b1675646173f9b8d7b5ed92c0805400.sol#653-655) should be declared external
BancorConverter.setConversionFee (/unique_chucks/14/0x620266bf3b1675646173f9b8d7b5ed92c0805400.sol#661-665) should be declared external
BancorConverter.updateConnector (/unique_chucks/14/0x620266bf3b1675646173f9b8d7b5ed92c0805400.sol#711-727) should be declared external
BancorConverter.disableConnectorPurchases (/unique_chucks/14/0x620266bf3b1675646173f9b8d7b5ed92c0805400.sol#740-746) should be declared external
BancorConverter.fallback (/unique_chucks/14/0x620266bf3b1675646173f9b8d7b5ed92c0805400.sol) should be declared external
Reference: https://github.com/trailofbits/slither/wiki/Detectors-Documentation#public-function-that-could-be-declared-as-external[0m
INFO:Detectors:[92m
Detected issues with version pragma in /unique_chucks/14/0x620266bf3b1675646173f9b8d7b5ed92c0805400.sol:
	- pragma solidity^0.4.18 (/unique_chucks/14/0x620266bf3b1675646173f9b8d7b5ed92c0805400.sol#1): it allows old versions
Reference: https://github.com/trailofbits/slither/wiki/Detectors-Documentation#incorrect-version-of-solidity[0m
INFO:Detectors:[92m
Parameter '_x' of Utils.safeAdd (/unique_chucks/14/0x620266bf3b1675646173f9b8d7b5ed92c0805400.sol#38) is not in mixedCase
Parameter '_y' of Utils.safeAdd (/unique_chucks/14/0x620266bf3b1675646173f9b8d7b5ed92c0805400.sol#38-39) is not in mixedCase
Parameter '_x' of Utils.safeSub (/unique_chucks/14/0x620266bf3b1675646173f9b8d7b5ed92c0805400.sol#52-53) is not in mixedCase
Parameter '_y' of Utils.safeSub (/unique_chucks/14/0x620266bf3b1675646173f9b8d7b5ed92c0805400.sol#53) is not in mixedCase
Parameter '_x' of Utils.safeMul (/unique_chucks/14/0x620266bf3b1675646173f9b8d7b5ed92c0805400.sol#66) is not in mixedCase
Parameter '_y' of Utils.safeMul (/unique_chucks/14/0x620266bf3b1675646173f9b8d7b5ed92c0805400.sol#66) is not in mixedCase
Parameter '' of IBancorGasPriceLimit.validateGasPrice (/unique_chucks/14/0x620266bf3b1675646173f9b8d7b5ed92c0805400.sol#130) is not in mixedCase
Function 'Managed.Managed' (/unique_chucks/14/0x620266bf3b1675646173f9b8d7b5ed92c0805400.sol#181-186) is not in mixedCase
Parameter '_newManager' of Managed.transferManagement (/unique_chucks/14/0x620266bf3b1675646173f9b8d7b5ed92c0805400.sol#198-200) is not in mixedCase
Parameter '_newOwner' of Owned.transferOwnership (/unique_chucks/14/0x620266bf3b1675646173f9b8d7b5ed92c0805400.sol#251) is not in mixedCase
Parameter '_token' of TokenHolder.withdrawTokens (/unique_chucks/14/0x620266bf3b1675646173f9b8d7b5ed92c0805400.sol#300) is not in mixedCase
Parameter '_to' of TokenHolder.withdrawTokens (/unique_chucks/14/0x620266bf3b1675646173f9b8d7b5ed92c0805400.sol#300-301) is not in mixedCase
Parameter '_amount' of TokenHolder.withdrawTokens (/unique_chucks/14/0x620266bf3b1675646173f9b8d7b5ed92c0805400.sol#301) is not in mixedCase
Parameter '_token' of SmartTokenController. (/unique_chucks/14/0x620266bf3b1675646173f9b8d7b5ed92c0805400.sol#335-336) is not in mixedCase
Parameter '_newOwner' of SmartTokenController.transferTokenOwnership (/unique_chucks/14/0x620266bf3b1675646173f9b8d7b5ed92c0805400.sol#360) is not in mixedCase
Parameter '_disable' of SmartTokenController.disableTokenTransfers (/unique_chucks/14/0x620266bf3b1675646173f9b8d7b5ed92c0805400.sol#375-377) is not in mixedCase
Parameter '_token' of SmartTokenController.withdrawFromToken (/unique_chucks/14/0x620266bf3b1675646173f9b8d7b5ed92c0805400.sol#399-400) is not in mixedCase
Parameter '_to' of SmartTokenController.withdrawFromToken (/unique_chucks/14/0x620266bf3b1675646173f9b8d7b5ed92c0805400.sol#400) is not in mixedCase
Parameter '_amount' of SmartTokenController.withdrawFromToken (/unique_chucks/14/0x620266bf3b1675646173f9b8d7b5ed92c0805400.sol#400-404) is not in mixedCase
Parameter '_tokenIndex' of BancorConverter.convertibleToken (/unique_chucks/14/0x620266bf3b1675646173f9b8d7b5ed92c0805400.sol#596) is not in mixedCase
Parameter '_fromToken' of BancorConverter.getReturn (/unique_chucks/14/0x620266bf3b1675646173f9b8d7b5ed92c0805400.sol#769) is not in mixedCase
Parameter '_toToken' of BancorConverter.getReturn (/unique_chucks/14/0x620266bf3b1675646173f9b8d7b5ed92c0805400.sol#769) is not in mixedCase
Parameter '_amount' of BancorConverter.getReturn (/unique_chucks/14/0x620266bf3b1675646173f9b8d7b5ed92c0805400.sol#769-770) is not in mixedCase
Parameter '_fromToken' of BancorConverter.convert (/unique_chucks/14/0x620266bf3b1675646173f9b8d7b5ed92c0805400.sol#858-859) is not in mixedCase
Parameter '_toToken' of BancorConverter.convert (/unique_chucks/14/0x620266bf3b1675646173f9b8d7b5ed92c0805400.sol#859) is not in mixedCase
Parameter '_amount' of BancorConverter.convert (/unique_chucks/14/0x620266bf3b1675646173f9b8d7b5ed92c0805400.sol#859) is not in mixedCase
Parameter '_minReturn' of BancorConverter.convert (/unique_chucks/14/0x620266bf3b1675646173f9b8d7b5ed92c0805400.sol#859-860) is not in mixedCase
Parameter '_fromToken' of BancorConverter.change (/unique_chucks/14/0x620266bf3b1675646173f9b8d7b5ed92c0805400.sol#1000) is not in mixedCase
Parameter '_toToken' of BancorConverter.change (/unique_chucks/14/0x620266bf3b1675646173f9b8d7b5ed92c0805400.sol#1000) is not in mixedCase
Parameter '_amount' of BancorConverter.change (/unique_chucks/14/0x620266bf3b1675646173f9b8d7b5ed92c0805400.sol#1000-1001) is not in mixedCase
Parameter '_minReturn' of BancorConverter.change (/unique_chucks/14/0x620266bf3b1675646173f9b8d7b5ed92c0805400.sol#1001) is not in mixedCase
Function 'BancorConverter.BancorConverter' (/unique_chucks/14/0x620266bf3b1675646173f9b8d7b5ed92c0805400.sol#492-507) is not in mixedCase
Parameter '_extensions' of BancorConverter.BancorConverter (/unique_chucks/14/0x620266bf3b1675646173f9b8d7b5ed92c0805400.sol#495) is not in mixedCase
Parameter '_maxConversionFee' of BancorConverter.BancorConverter (/unique_chucks/14/0x620266bf3b1675646173f9b8d7b5ed92c0805400.sol#495) is not in mixedCase
Parameter '_connectorToken' of BancorConverter.BancorConverter (/unique_chucks/14/0x620266bf3b1675646173f9b8d7b5ed92c0805400.sol#495-496) is not in mixedCase
Parameter '_connectorWeight' of BancorConverter.BancorConverter (/unique_chucks/14/0x620266bf3b1675646173f9b8d7b5ed92c0805400.sol#496) is not in mixedCase
Parameter '_extensions' of BancorConverter.setExtensions (/unique_chucks/14/0x620266bf3b1675646173f9b8d7b5ed92c0805400.sol#609-611) is not in mixedCase
Parameter '_path' of BancorConverter.setQuickBuyPath (/unique_chucks/14/0x620266bf3b1675646173f9b8d7b5ed92c0805400.sol#626) is not in mixedCase
Parameter '_disable' of BancorConverter.disableConversions (/unique_chucks/14/0x620266bf3b1675646173f9b8d7b5ed92c0805400.sol#653-655) is not in mixedCase
Parameter '_conversionFee' of BancorConverter.setConversionFee (/unique_chucks/14/0x620266bf3b1675646173f9b8d7b5ed92c0805400.sol#663) is not in mixedCase
Parameter '_amount' of BancorConverter.getConversionFeeAmount (/unique_chucks/14/0x620266bf3b1675646173f9b8d7b5ed92c0805400.sol#669-670) is not in mixedCase
Parameter '_token' of BancorConverter.addConnector (/unique_chucks/14/0x620266bf3b1675646173f9b8d7b5ed92c0805400.sol#683-684) is not in mixedCase
Parameter '_weight' of BancorConverter.addConnector (/unique_chucks/14/0x620266bf3b1675646173f9b8d7b5ed92c0805400.sol#684-687) is not in mixedCase
Parameter '_enableVirtualBalance' of BancorConverter.addConnector (/unique_chucks/14/0x620266bf3b1675646173f9b8d7b5ed92c0805400.sol#687) is not in mixedCase
Parameter '_connectorToken' of BancorConverter.updateConnector (/unique_chucks/14/0x620266bf3b1675646173f9b8d7b5ed92c0805400.sol#711) is not in mixedCase
Parameter '_weight' of BancorConverter.updateConnector (/unique_chucks/14/0x620266bf3b1675646173f9b8d7b5ed92c0805400.sol#711) is not in mixedCase
Parameter '_enableVirtualBalance' of BancorConverter.updateConnector (/unique_chucks/14/0x620266bf3b1675646173f9b8d7b5ed92c0805400.sol#711-712) is not in mixedCase
Parameter '_virtualBalance' of BancorConverter.updateConnector (/unique_chucks/14/0x620266bf3b1675646173f9b8d7b5ed92c0805400.sol#712-713) is not in mixedCase
Parameter '_connectorToken' of BancorConverter.disableConnectorPurchases (/unique_chucks/14/0x620266bf3b1675646173f9b8d7b5ed92c0805400.sol#740) is not in mixedCase
Parameter '_disable' of BancorConverter.disableConnectorPurchases (/unique_chucks/14/0x620266bf3b1675646173f9b8d7b5ed92c0805400.sol#740) is not in mixedCase
Parameter '_connectorToken' of BancorConverter.getConnectorBalance (/unique_chucks/14/0x620266bf3b1675646173f9b8d7b5ed92c0805400.sol#752) is not in mixedCase
Parameter '_connectorToken' of BancorConverter.getPurchaseReturn (/unique_chucks/14/0x620266bf3b1675646173f9b8d7b5ed92c0805400.sol#794) is not in mixedCase
Parameter '_depositAmount' of BancorConverter.getPurchaseReturn (/unique_chucks/14/0x620266bf3b1675646173f9b8d7b5ed92c0805400.sol#794-796) is not in mixedCase
Parameter '_connectorToken' of BancorConverter.getSaleReturn (/unique_chucks/14/0x620266bf3b1675646173f9b8d7b5ed92c0805400.sol#816-818) is not in mixedCase
Parameter '_sellAmount' of BancorConverter.getSaleReturn (/unique_chucks/14/0x620266bf3b1675646173f9b8d7b5ed92c0805400.sol#818) is not in mixedCase
Parameter '_fromToken' of BancorConverter.convertInternal (/unique_chucks/14/0x620266bf3b1675646173f9b8d7b5ed92c0805400.sol#834) is not in mixedCase
Parameter '_toToken' of BancorConverter.convertInternal (/unique_chucks/14/0x620266bf3b1675646173f9b8d7b5ed92c0805400.sol#834-835) is not in mixedCase
Parameter '_amount' of BancorConverter.convertInternal (/unique_chucks/14/0x620266bf3b1675646173f9b8d7b5ed92c0805400.sol#835) is not in mixedCase
Parameter '_minReturn' of BancorConverter.convertInternal (/unique_chucks/14/0x620266bf3b1675646173f9b8d7b5ed92c0805400.sol#835) is not in mixedCase
Parameter '_connectorToken' of BancorConverter.buy (/unique_chucks/14/0x620266bf3b1675646173f9b8d7b5ed92c0805400.sol#869-870) is not in mixedCase
Parameter '_depositAmount' of BancorConverter.buy (/unique_chucks/14/0x620266bf3b1675646173f9b8d7b5ed92c0805400.sol#870) is not in mixedCase
Parameter '_minReturn' of BancorConverter.buy (/unique_chucks/14/0x620266bf3b1675646173f9b8d7b5ed92c0805400.sol#870-872) is not in mixedCase
Parameter '_connectorToken' of BancorConverter.sell (/unique_chucks/14/0x620266bf3b1675646173f9b8d7b5ed92c0805400.sol#902) is not in mixedCase
Parameter '_sellAmount' of BancorConverter.sell (/unique_chucks/14/0x620266bf3b1675646173f9b8d7b5ed92c0805400.sol#902-903) is not in mixedCase
Parameter '_minReturn' of BancorConverter.sell (/unique_chucks/14/0x620266bf3b1675646173f9b8d7b5ed92c0805400.sol#903) is not in mixedCase
Parameter '_path' of BancorConverter.quickConvert (/unique_chucks/14/0x620266bf3b1675646173f9b8d7b5ed92c0805400.sol#943) is not in mixedCase
Parameter '_amount' of BancorConverter.quickConvert (/unique_chucks/14/0x620266bf3b1675646173f9b8d7b5ed92c0805400.sol#943) is not in mixedCase
Parameter '_minReturn' of BancorConverter.quickConvert (/unique_chucks/14/0x620266bf3b1675646173f9b8d7b5ed92c0805400.sol#943-944) is not in mixedCase
Parameter '_path' of BancorConverter.quickConvertPrioritized (/unique_chucks/14/0x620266bf3b1675646173f9b8d7b5ed92c0805400.sol#966) is not in mixedCase
Parameter '_amount' of BancorConverter.quickConvertPrioritized (/unique_chucks/14/0x620266bf3b1675646173f9b8d7b5ed92c0805400.sol#966) is not in mixedCase
Parameter '_minReturn' of BancorConverter.quickConvertPrioritized (/unique_chucks/14/0x620266bf3b1675646173f9b8d7b5ed92c0805400.sol#966) is not in mixedCase
Parameter '_block' of BancorConverter.quickConvertPrioritized (/unique_chucks/14/0x620266bf3b1675646173f9b8d7b5ed92c0805400.sol#966-967) is not in mixedCase
Parameter '_nonce' of BancorConverter.quickConvertPrioritized (/unique_chucks/14/0x620266bf3b1675646173f9b8d7b5ed92c0805400.sol#967-968) is not in mixedCase
Parameter '_v' of BancorConverter.quickConvertPrioritized (/unique_chucks/14/0x620266bf3b1675646173f9b8d7b5ed92c0805400.sol#968) is not in mixedCase
Parameter '_r' of BancorConverter.quickConvertPrioritized (/unique_chucks/14/0x620266bf3b1675646173f9b8d7b5ed92c0805400.sol#968) is not in mixedCase
Parameter '_s' of BancorConverter.quickConvertPrioritized (/unique_chucks/14/0x620266bf3b1675646173f9b8d7b5ed92c0805400.sol#968) is not in mixedCase
Parameter '_connectorToken' of BancorConverter.getSaleReturn (/unique_chucks/14/0x620266bf3b1675646173f9b8d7b5ed92c0805400.sol#1014) is not in mixedCase
Parameter '_sellAmount' of BancorConverter.getSaleReturn (/unique_chucks/14/0x620266bf3b1675646173f9b8d7b5ed92c0805400.sol#1014-1015) is not in mixedCase
Parameter '_totalSupply' of BancorConverter.getSaleReturn (/unique_chucks/14/0x620266bf3b1675646173f9b8d7b5ed92c0805400.sol#1015) is not in mixedCase
Parameter '_connectorToken' of BancorConverter.dispatchConversionEvent (/unique_chucks/14/0x620266bf3b1675646173f9b8d7b5ed92c0805400.sol#1033-1036) is not in mixedCase
Parameter '_amount' of BancorConverter.dispatchConversionEvent (/unique_chucks/14/0x620266bf3b1675646173f9b8d7b5ed92c0805400.sol#1036) is not in mixedCase
Parameter '_returnAmount' of BancorConverter.dispatchConversionEvent (/unique_chucks/14/0x620266bf3b1675646173f9b8d7b5ed92c0805400.sol#1036) is not in mixedCase
Reference: https://github.com/trailofbits/slither/wiki/Detectors-Documentation#conformance-to-solidity-naming-conventions[0m
INFO:Slither:/unique_chucks/14/0x620266bf3b1675646173f9b8d7b5ed92c0805400.sol analyzed (16 contracts), 146 result(s) found