INFO:Slither:Compilation warnings/errors on /unique_chucks/44/0x6daa2ca19196291f162e11174f21da3c64b83094.sol:
/unique_chucks/44/0x6daa2ca19196291f162e11174f21da3c64b83094.sol:21:3: Warning: Defining constructors as functions with the same name as the contract is deprecated. Use "constructor(...) { ... }" instead.
  function Ownable() public {
  ^ (Relevant source part starts here and spans across multiple lines).
/unique_chucks/44/0x6daa2ca19196291f162e11174f21da3c64b83094.sol:320:3: Warning: Defining constructors as functions with the same name as the contract is deprecated. Use "constructor(...) { ... }" instead.
  function CappedToken(uint256 _cap) public {
  ^ (Relevant source part starts here and spans across multiple lines).
/unique_chucks/44/0x6daa2ca19196291f162e11174f21da3c64b83094.sol:363:3: Warning: Defining constructors as functions with the same name as the contract is deprecated. Use "constructor(...) { ... }" instead.
  function CitizenOneCoin(uint256 _cap)  CappedToken  (_cap) public {
  ^ (Relevant source part starts here and spans across multiple lines).
/unique_chucks/44/0x6daa2ca19196291f162e11174f21da3c64b83094.sol:471:2: Warning: Defining constructors as functions with the same name as the contract is deprecated. Use "constructor(...) { ... }" instead.
	function CitizenOne(uint256 _rate, address _wallet, uint256 _cap ) public payable {
 ^ (Relevant source part starts here and spans across multiple lines).

INFO:Detectors:[91m
CitizenOneCoin.cap (/unique_chucks/44/0x6daa2ca19196291f162e11174f21da3c64b83094.sol#353) shadows:
	- CappedToken.cap (/unique_chucks/44/0x6daa2ca19196291f162e11174f21da3c64b83094.sol#329)
Reference: https://github.com/trailofbits/slither/wiki/Detectors-Documentation#state-variable-shadowing[0m
INFO:Detectors:[93m
Reentrancy in CitizenOne.finalize (/unique_chucks/44/0x6daa2ca19196291f162e11174f21da3c64b83094.sol):
	External calls:
	- token.finishMinting() (/unique_chucks/44/0x6daa2ca19196291f162e11174f21da3c64b83094.sol)
	State variables written after the call(s):
	- isFinalized (/unique_chucks/44/0x6daa2ca19196291f162e11174f21da3c64b83094.sol)
Reference: https://github.com/trailofbits/slither/wiki/Detectors-Documentation#reentrancy-vulnerabilities-1[0m
INFO:Detectors:[93m
CitizenOne.CitizenOne (/unique_chucks/44/0x6daa2ca19196291f162e11174f21da3c64b83094.sol#486-504) does not use the value returned by external calls:
	-token.mint(publicityAddress,10000000e18) (/unique_chucks/44/0x6daa2ca19196291f162e11174f21da3c64b83094.sol#500-504)
CitizenOne.buyTokens (/unique_chucks/44/0x6daa2ca19196291f162e11174f21da3c64b83094.sol#521-537) does not use the value returned by external calls:
	-token.mint(beneficiary,tokens) (/unique_chucks/44/0x6daa2ca19196291f162e11174f21da3c64b83094.sol#535)
CitizenOne.finalize (/unique_chucks/44/0x6daa2ca19196291f162e11174f21da3c64b83094.sol) does not use the value returned by external calls:
	-token.finishMinting() (/unique_chucks/44/0x6daa2ca19196291f162e11174f21da3c64b83094.sol)
Reference: https://github.com/trailofbits/slither/wiki/Detectors-Documentation#unused-return[0m
INFO:Detectors:[92m
CitizenOneCoin.contributor1 should be constant (/unique_chucks/44/0x6daa2ca19196291f162e11174f21da3c64b83094.sol#353-354)
CitizenOneCoin.contributor10 should be constant (/unique_chucks/44/0x6daa2ca19196291f162e11174f21da3c64b83094.sol#364-368)
CitizenOneCoin.contributor2 should be constant (/unique_chucks/44/0x6daa2ca19196291f162e11174f21da3c64b83094.sol#354-355)
CitizenOneCoin.contributor3 should be constant (/unique_chucks/44/0x6daa2ca19196291f162e11174f21da3c64b83094.sol#355-356)
CitizenOneCoin.contributor4 should be constant (/unique_chucks/44/0x6daa2ca19196291f162e11174f21da3c64b83094.sol#356-357)
CitizenOneCoin.contributor5 should be constant (/unique_chucks/44/0x6daa2ca19196291f162e11174f21da3c64b83094.sol#357-358)
CitizenOneCoin.contributor6 should be constant (/unique_chucks/44/0x6daa2ca19196291f162e11174f21da3c64b83094.sol#358-359)
CitizenOneCoin.contributor7 should be constant (/unique_chucks/44/0x6daa2ca19196291f162e11174f21da3c64b83094.sol#359-360)
CitizenOneCoin.contributor8 should be constant (/unique_chucks/44/0x6daa2ca19196291f162e11174f21da3c64b83094.sol#360)
CitizenOneCoin.contributor9 should be constant (/unique_chucks/44/0x6daa2ca19196291f162e11174f21da3c64b83094.sol#363-364)
CitizenOneCoin.decimals should be constant (/unique_chucks/44/0x6daa2ca19196291f162e11174f21da3c64b83094.sol#352-353)
CitizenOneCoin.name should be constant (/unique_chucks/44/0x6daa2ca19196291f162e11174f21da3c64b83094.sol#351-352)
CitizenOneCoin.symbol should be constant (/unique_chucks/44/0x6daa2ca19196291f162e11174f21da3c64b83094.sol#352)
Reference: https://github.com/trailofbits/slither/wiki/Detectors-Documentation#state-variables-that-could-be-declared-constant[0m
INFO:Detectors:[92m
Ownable.transferOwnership (/unique_chucks/44/0x6daa2ca19196291f162e11174f21da3c64b83094.sol#37-46) should be declared external
BasicToken.totalSupply (/unique_chucks/44/0x6daa2ca19196291f162e11174f21da3c64b83094.sol#129-131) should be declared external
ERC20Basic.totalSupply (/unique_chucks/44/0x6daa2ca19196291f162e11174f21da3c64b83094.sol#103-104) should be declared external
ERC20Basic.balanceOf (/unique_chucks/44/0x6daa2ca19196291f162e11174f21da3c64b83094.sol#104-105) should be declared external
BasicToken.balanceOf (/unique_chucks/44/0x6daa2ca19196291f162e11174f21da3c64b83094.sol#155-160) should be declared external
ERC20Basic.transfer (/unique_chucks/44/0x6daa2ca19196291f162e11174f21da3c64b83094.sol#105-108) should be declared external
BasicToken.transfer (/unique_chucks/44/0x6daa2ca19196291f162e11174f21da3c64b83094.sol#135-147) should be declared external
ERC20.allowance (/unique_chucks/44/0x6daa2ca19196291f162e11174f21da3c64b83094.sol#163-164) should be declared external
StandardToken.allowance (/unique_chucks/44/0x6daa2ca19196291f162e11174f21da3c64b83094.sol#229-230) should be declared external
StandardToken.transferFrom (/unique_chucks/44/0x6daa2ca19196291f162e11174f21da3c64b83094.sol#191-203) should be declared external
ERC20.transferFrom (/unique_chucks/44/0x6daa2ca19196291f162e11174f21da3c64b83094.sol#165-168) should be declared external
ERC20.approve (/unique_chucks/44/0x6daa2ca19196291f162e11174f21da3c64b83094.sol#168-171) should be declared external
StandardToken.approve (/unique_chucks/44/0x6daa2ca19196291f162e11174f21da3c64b83094.sol#217-219) should be declared external
StandardToken.increaseApproval (/unique_chucks/44/0x6daa2ca19196291f162e11174f21da3c64b83094.sol#238-246) should be declared external
StandardToken.decreaseApproval (/unique_chucks/44/0x6daa2ca19196291f162e11174f21da3c64b83094.sol#257-271) should be declared external
MintableToken.finishMinting (/unique_chucks/44/0x6daa2ca19196291f162e11174f21da3c64b83094.sol#316-326) should be declared external
CitizenOneCoin.pushCap (/unique_chucks/44/0x6daa2ca19196291f162e11174f21da3c64b83094.sol#410-415) should be declared external
Pausable.pause (/unique_chucks/44/0x6daa2ca19196291f162e11174f21da3c64b83094.sol#447-451) should be declared external
Pausable.unpause (/unique_chucks/44/0x6daa2ca19196291f162e11174f21da3c64b83094.sol#457-464) should be declared external
CitizenOne.fallback (/unique_chucks/44/0x6daa2ca19196291f162e11174f21da3c64b83094.sol#516-520) should be declared external
CitizenOne.changeRate (/unique_chucks/44/0x6daa2ca19196291f162e11174f21da3c64b83094.sol#543-547) should be declared external
CitizenOne.transferTokenOwnership (/unique_chucks/44/0x6daa2ca19196291f162e11174f21da3c64b83094.sol#547-554) should be declared external
CitizenOne.finalize (/unique_chucks/44/0x6daa2ca19196291f162e11174f21da3c64b83094.sol) should be declared external
Reference: https://github.com/trailofbits/slither/wiki/Detectors-Documentation#public-function-that-could-be-declared-as-external[0m
INFO:Detectors:[92m
Detected issues with version pragma in /unique_chucks/44/0x6daa2ca19196291f162e11174f21da3c64b83094.sol:
	- pragma solidity^0.4.18 (/unique_chucks/44/0x6daa2ca19196291f162e11174f21da3c64b83094.sol#1): it allows old versions
Reference: https://github.com/trailofbits/slither/wiki/Detectors-Documentation#incorrect-version-of-solidity[0m
INFO:Detectors:[92m
Function 'Ownable.Ownable' (/unique_chucks/44/0x6daa2ca19196291f162e11174f21da3c64b83094.sol#21-26) is not in mixedCase
Parameter '_owner' of BasicToken.balanceOf (/unique_chucks/44/0x6daa2ca19196291f162e11174f21da3c64b83094.sol#155-158) is not in mixedCase
Parameter '_to' of BasicToken.transfer (/unique_chucks/44/0x6daa2ca19196291f162e11174f21da3c64b83094.sol#137) is not in mixedCase
Parameter '_value' of BasicToken.transfer (/unique_chucks/44/0x6daa2ca19196291f162e11174f21da3c64b83094.sol#137) is not in mixedCase
Parameter '_owner' of StandardToken.allowance (/unique_chucks/44/0x6daa2ca19196291f162e11174f21da3c64b83094.sol#229) is not in mixedCase
Parameter '_spender' of StandardToken.allowance (/unique_chucks/44/0x6daa2ca19196291f162e11174f21da3c64b83094.sol#229) is not in mixedCase
Parameter '_from' of StandardToken.transferFrom (/unique_chucks/44/0x6daa2ca19196291f162e11174f21da3c64b83094.sol#191-193) is not in mixedCase
Parameter '_to' of StandardToken.transferFrom (/unique_chucks/44/0x6daa2ca19196291f162e11174f21da3c64b83094.sol#193) is not in mixedCase
Parameter '_value' of StandardToken.transferFrom (/unique_chucks/44/0x6daa2ca19196291f162e11174f21da3c64b83094.sol#193) is not in mixedCase
Parameter '_spender' of StandardToken.approve (/unique_chucks/44/0x6daa2ca19196291f162e11174f21da3c64b83094.sol#217) is not in mixedCase
Parameter '_value' of StandardToken.approve (/unique_chucks/44/0x6daa2ca19196291f162e11174f21da3c64b83094.sol#217) is not in mixedCase
Parameter '_spender' of StandardToken.increaseApproval (/unique_chucks/44/0x6daa2ca19196291f162e11174f21da3c64b83094.sol#240-243) is not in mixedCase
Parameter '_addedValue' of StandardToken.increaseApproval (/unique_chucks/44/0x6daa2ca19196291f162e11174f21da3c64b83094.sol#243) is not in mixedCase
Parameter '_spender' of StandardToken.decreaseApproval (/unique_chucks/44/0x6daa2ca19196291f162e11174f21da3c64b83094.sol#257) is not in mixedCase
Parameter '_subtractedValue' of StandardToken.decreaseApproval (/unique_chucks/44/0x6daa2ca19196291f162e11174f21da3c64b83094.sol#257-259) is not in mixedCase
Parameter '_to' of MintableToken.mint (/unique_chucks/44/0x6daa2ca19196291f162e11174f21da3c64b83094.sol#300) is not in mixedCase
Parameter '_amount' of MintableToken.mint (/unique_chucks/44/0x6daa2ca19196291f162e11174f21da3c64b83094.sol#300-301) is not in mixedCase
Parameter '_to' of CappedToken.mint (/unique_chucks/44/0x6daa2ca19196291f162e11174f21da3c64b83094.sol#344) is not in mixedCase
Parameter '_amount' of CappedToken.mint (/unique_chucks/44/0x6daa2ca19196291f162e11174f21da3c64b83094.sol#344-345) is not in mixedCase
Function 'CappedToken.CappedToken' (/unique_chucks/44/0x6daa2ca19196291f162e11174f21da3c64b83094.sol#330-332) is not in mixedCase
Parameter '_cap' of CappedToken.CappedToken (/unique_chucks/44/0x6daa2ca19196291f162e11174f21da3c64b83094.sol#331) is not in mixedCase
Parameter '_to' of CitizenOneCoin.mint (/unique_chucks/44/0x6daa2ca19196291f162e11174f21da3c64b83094.sol#402-403) is not in mixedCase
Parameter '_amount' of CitizenOneCoin.mint (/unique_chucks/44/0x6daa2ca19196291f162e11174f21da3c64b83094.sol#403-404) is not in mixedCase
Function 'CitizenOneCoin.CitizenOneCoin' (/unique_chucks/44/0x6daa2ca19196291f162e11174f21da3c64b83094.sol#374-388) is not in mixedCase
Parameter '_cap' of CitizenOneCoin.CitizenOneCoin (/unique_chucks/44/0x6daa2ca19196291f162e11174f21da3c64b83094.sol#374-375) is not in mixedCase
Parameter '_newCap' of CitizenOneCoin.pushCap (/unique_chucks/44/0x6daa2ca19196291f162e11174f21da3c64b83094.sol#410-412) is not in mixedCase
Function 'CitizenOne.CitizenOne' (/unique_chucks/44/0x6daa2ca19196291f162e11174f21da3c64b83094.sol#486-504) is not in mixedCase
Parameter '_rate' of CitizenOne.CitizenOne (/unique_chucks/44/0x6daa2ca19196291f162e11174f21da3c64b83094.sol#486-487) is not in mixedCase
Parameter '_wallet' of CitizenOne.CitizenOne (/unique_chucks/44/0x6daa2ca19196291f162e11174f21da3c64b83094.sol#487) is not in mixedCase
Parameter '_cap' of CitizenOne.CitizenOne (/unique_chucks/44/0x6daa2ca19196291f162e11174f21da3c64b83094.sol#487) is not in mixedCase
Parameter '_rate' of CitizenOne.changeRate (/unique_chucks/44/0x6daa2ca19196291f162e11174f21da3c64b83094.sol#544) is not in mixedCase
Parameter '_newOwner' of CitizenOne.transferTokenOwnership (/unique_chucks/44/0x6daa2ca19196291f162e11174f21da3c64b83094.sol#548-550) is not in mixedCase
Reference: https://github.com/trailofbits/slither/wiki/Detectors-Documentation#conformance-to-solidity-naming-conventions[0m
INFO:Slither:/unique_chucks/44/0x6daa2ca19196291f162e11174f21da3c64b83094.sol analyzed (11 contracts), 62 result(s) found