INFO:Slither:Compilation warnings/errors on /unique_chucks/20/0x0b2d5155d11f684cc77a6626dc82431df66b7799.sol:
/unique_chucks/20/0x0b2d5155d11f684cc77a6626dc82431df66b7799.sol:21:3: Warning: Defining constructors as functions with the same name as the contract is deprecated. Use "constructor(...) { ... }" instead.
  function Ownable() public {
  ^ (Relevant source part starts here and spans across multiple lines).
/unique_chucks/20/0x0b2d5155d11f684cc77a6626dc82431df66b7799.sol:283:3: Warning: Defining constructors as functions with the same name as the contract is deprecated. Use "constructor(...) { ... }" instead.
  function BlabsCoin() public {
  ^ (Relevant source part starts here and spans across multiple lines).
/unique_chucks/20/0x0b2d5155d11f684cc77a6626dc82431df66b7799.sol:316:22: Warning: Using contract member "balance" inherited from the address type is deprecated. Convert the contract to "address" type to access the member, for example use "address(contract).balance" instead.
      owner.transfer(this.balance);
                     ^----------^

INFO:Detectors:[93m
BlabsCoin.claim (/unique_chucks/20/0x0b2d5155d11f684cc77a6626dc82431df66b7799.sol) does not use the value returned by external calls:
	-token.transfer(owner,balance) (/unique_chucks/20/0x0b2d5155d11f684cc77a6626dc82431df66b7799.sol)
Reference: https://github.com/trailofbits/slither/wiki/Detectors-Documentation#unused-return[0m
INFO:Detectors:[92m
Ownable.transferOwnership (/unique_chucks/20/0x0b2d5155d11f684cc77a6626dc82431df66b7799.sol#37-45) should be declared external
ERC20Basic.totalSupply (/unique_chucks/20/0x0b2d5155d11f684cc77a6626dc82431df66b7799.sol#53-54) should be declared external
BasicToken.totalSupply (/unique_chucks/20/0x0b2d5155d11f684cc77a6626dc82431df66b7799.sol#128-130) should be declared external
BasicToken.balanceOf (/unique_chucks/20/0x0b2d5155d11f684cc77a6626dc82431df66b7799.sol#154-158) should be declared external
ERC20Basic.balanceOf (/unique_chucks/20/0x0b2d5155d11f684cc77a6626dc82431df66b7799.sol#54-55) should be declared external
ERC20Basic.transfer (/unique_chucks/20/0x0b2d5155d11f684cc77a6626dc82431df66b7799.sol#55-56) should be declared external
BasicToken.transfer (/unique_chucks/20/0x0b2d5155d11f684cc77a6626dc82431df66b7799.sol#134-146) should be declared external
ERC20.allowance (/unique_chucks/20/0x0b2d5155d11f684cc77a6626dc82431df66b7799.sol#162-163) should be declared external
StandardToken.allowance (/unique_chucks/20/0x0b2d5155d11f684cc77a6626dc82431df66b7799.sol#228-229) should be declared external
ERC20.transferFrom (/unique_chucks/20/0x0b2d5155d11f684cc77a6626dc82431df66b7799.sol#164-167) should be declared external
StandardToken.transferFrom (/unique_chucks/20/0x0b2d5155d11f684cc77a6626dc82431df66b7799.sol#190-202) should be declared external
ERC20.approve (/unique_chucks/20/0x0b2d5155d11f684cc77a6626dc82431df66b7799.sol#167-170) should be declared external
StandardToken.approve (/unique_chucks/20/0x0b2d5155d11f684cc77a6626dc82431df66b7799.sol#216-218) should be declared external
StandardToken.increaseApproval (/unique_chucks/20/0x0b2d5155d11f684cc77a6626dc82431df66b7799.sol#237-245) should be declared external
StandardToken.decreaseApproval (/unique_chucks/20/0x0b2d5155d11f684cc77a6626dc82431df66b7799.sol#256-273) should be declared external
BlabsCoin.coinFaucet (/unique_chucks/20/0x0b2d5155d11f684cc77a6626dc82431df66b7799.sol#299-303) should be declared external
BlabsCoin.fallback (/unique_chucks/20/0x0b2d5155d11f684cc77a6626dc82431df66b7799.sol#308-314) should be declared external
BlabsCoin.printMoney (/unique_chucks/20/0x0b2d5155d11f684cc77a6626dc82431df66b7799.sol#316-325) should be declared external
BlabsCoin.claim (/unique_chucks/20/0x0b2d5155d11f684cc77a6626dc82431df66b7799.sol) should be declared external
Reference: https://github.com/trailofbits/slither/wiki/Detectors-Documentation#public-function-that-could-be-declared-as-external[0m
INFO:Detectors:[92m
Function 'Ownable.Ownable' (/unique_chucks/20/0x0b2d5155d11f684cc77a6626dc82431df66b7799.sol#21-26) is not in mixedCase
Parameter '_owner' of BasicToken.balanceOf (/unique_chucks/20/0x0b2d5155d11f684cc77a6626dc82431df66b7799.sol#154-157) is not in mixedCase
Parameter '_to' of BasicToken.transfer (/unique_chucks/20/0x0b2d5155d11f684cc77a6626dc82431df66b7799.sol#136) is not in mixedCase
Parameter '_value' of BasicToken.transfer (/unique_chucks/20/0x0b2d5155d11f684cc77a6626dc82431df66b7799.sol#136) is not in mixedCase
Parameter '_owner' of StandardToken.allowance (/unique_chucks/20/0x0b2d5155d11f684cc77a6626dc82431df66b7799.sol#228) is not in mixedCase
Parameter '_spender' of StandardToken.allowance (/unique_chucks/20/0x0b2d5155d11f684cc77a6626dc82431df66b7799.sol#228) is not in mixedCase
Parameter '_from' of StandardToken.transferFrom (/unique_chucks/20/0x0b2d5155d11f684cc77a6626dc82431df66b7799.sol#190-192) is not in mixedCase
Parameter '_to' of StandardToken.transferFrom (/unique_chucks/20/0x0b2d5155d11f684cc77a6626dc82431df66b7799.sol#192) is not in mixedCase
Parameter '_value' of StandardToken.transferFrom (/unique_chucks/20/0x0b2d5155d11f684cc77a6626dc82431df66b7799.sol#192) is not in mixedCase
Parameter '_spender' of StandardToken.approve (/unique_chucks/20/0x0b2d5155d11f684cc77a6626dc82431df66b7799.sol#216) is not in mixedCase
Parameter '_value' of StandardToken.approve (/unique_chucks/20/0x0b2d5155d11f684cc77a6626dc82431df66b7799.sol#216) is not in mixedCase
Parameter '_spender' of StandardToken.increaseApproval (/unique_chucks/20/0x0b2d5155d11f684cc77a6626dc82431df66b7799.sol#239-242) is not in mixedCase
Parameter '_addedValue' of StandardToken.increaseApproval (/unique_chucks/20/0x0b2d5155d11f684cc77a6626dc82431df66b7799.sol#242) is not in mixedCase
Parameter '_spender' of StandardToken.decreaseApproval (/unique_chucks/20/0x0b2d5155d11f684cc77a6626dc82431df66b7799.sol#256) is not in mixedCase
Parameter '_subtractedValue' of StandardToken.decreaseApproval (/unique_chucks/20/0x0b2d5155d11f684cc77a6626dc82431df66b7799.sol#256-258) is not in mixedCase
Function 'BlabsCoin.BlabsCoin' (/unique_chucks/20/0x0b2d5155d11f684cc77a6626dc82431df66b7799.sol#292-298) is not in mixedCase
Parameter '_token' of BlabsCoin.claim (/unique_chucks/20/0x0b2d5155d11f684cc77a6626dc82431df66b7799.sol) is not in mixedCase
Reference: https://github.com/trailofbits/slither/wiki/Detectors-Documentation#conformance-to-solidity-naming-conventions[0m
INFO:Slither:/unique_chucks/20/0x0b2d5155d11f684cc77a6626dc82431df66b7799.sol analyzed (7 contracts), 37 result(s) found