INFO:Detectors:[91m
POC.extractEth (/unique_chucks/21/0x669d7567f7328306c6e5a9cea779a3ee240f9613.sol) sends eth to arbitrary user
	Dangerous calls:
	- msg.sender.transfer(_value) (/unique_chucks/21/0x669d7567f7328306c6e5a9cea779a3ee240f9613.sol)
Reference: https://github.com/trailofbits/slither/wiki/Detectors-Documentation#functions-that-send-ether-to-arbitrary-destinations[0m
INFO:Detectors:[93m
ContractConn (/unique_chucks/21/0x669d7567f7328306c6e5a9cea779a3ee240f9613.sol#66-72) has incorrect ERC20 function interface(s):
	-transfer (/unique_chucks/21/0x669d7567f7328306c6e5a9cea779a3ee240f9613.sol#69-72)
Reference: https://github.com/trailofbits/slither/wiki/Detectors-Documentation#incorrect-erc20-interface[0m
INFO:Detectors:[92m
POC.decimals should be constant (/unique_chucks/21/0x669d7567f7328306c6e5a9cea779a3ee240f9613.sol#78)
Reference: https://github.com/trailofbits/slither/wiki/Detectors-Documentation#state-variables-that-could-be-declared-constant[0m
INFO:Detectors:[92m
owned.addOwner (/unique_chucks/21/0x669d7567f7328306c6e5a9cea779a3ee240f9613.sol#50-54) should be declared external
owned.removeOwner (/unique_chucks/21/0x669d7567f7328306c6e5a9cea779a3ee240f9613.sol#54-58) should be declared external
owned.transferOwnership (/unique_chucks/21/0x669d7567f7328306c6e5a9cea779a3ee240f9613.sol#58-66) should be declared external
ContractConn.transfer (/unique_chucks/21/0x669d7567f7328306c6e5a9cea779a3ee240f9613.sol#69-72) should be declared external
POC.transfer (/unique_chucks/21/0x669d7567f7328306c6e5a9cea779a3ee240f9613.sol#123-127) should be declared external
POC.transferFrom (/unique_chucks/21/0x669d7567f7328306c6e5a9cea779a3ee240f9613.sol#127-134) should be declared external
POC.approve (/unique_chucks/21/0x669d7567f7328306c6e5a9cea779a3ee240f9613.sol#135-141) should be declared external
POC.lock (/unique_chucks/21/0x669d7567f7328306c6e5a9cea779a3ee240f9613.sol#141-158) should be declared external
POC.extract (/unique_chucks/21/0x669d7567f7328306c6e5a9cea779a3ee240f9613.sol#158-165) should be declared external
POC.extractEth (/unique_chucks/21/0x669d7567f7328306c6e5a9cea779a3ee240f9613.sol) should be declared external
Reference: https://github.com/trailofbits/slither/wiki/Detectors-Documentation#public-function-that-could-be-declared-as-external[0m
INFO:Detectors:[92m
Contract 'owned' (/unique_chucks/21/0x669d7567f7328306c6e5a9cea779a3ee240f9613.sol#32-66) is not in CapWords
Parameter '_newOwner' of owned.addOwner (/unique_chucks/21/0x669d7567f7328306c6e5a9cea779a3ee240f9613.sol#51) is not in mixedCase
Parameter '_oldOwner' of owned.removeOwner (/unique_chucks/21/0x669d7567f7328306c6e5a9cea779a3ee240f9613.sol#55-56) is not in mixedCase
Function 'POC._transfer' (/unique_chucks/21/0x669d7567f7328306c6e5a9cea779a3ee240f9613.sol#99-122) is not in mixedCase
Parameter '_from' of POC._transfer (/unique_chucks/21/0x669d7567f7328306c6e5a9cea779a3ee240f9613.sol#100) is not in mixedCase
Parameter '_to' of POC._transfer (/unique_chucks/21/0x669d7567f7328306c6e5a9cea779a3ee240f9613.sol#100) is not in mixedCase
Parameter '_value' of POC._transfer (/unique_chucks/21/0x669d7567f7328306c6e5a9cea779a3ee240f9613.sol#100) is not in mixedCase
Parameter '_to' of POC.transfer (/unique_chucks/21/0x669d7567f7328306c6e5a9cea779a3ee240f9613.sol#124-126) is not in mixedCase
Parameter '_value' of POC.transfer (/unique_chucks/21/0x669d7567f7328306c6e5a9cea779a3ee240f9613.sol#126) is not in mixedCase
Parameter '_from' of POC.transferFrom (/unique_chucks/21/0x669d7567f7328306c6e5a9cea779a3ee240f9613.sol#127-128) is not in mixedCase
Parameter '_to' of POC.transferFrom (/unique_chucks/21/0x669d7567f7328306c6e5a9cea779a3ee240f9613.sol#128) is not in mixedCase
Parameter '_value' of POC.transferFrom (/unique_chucks/21/0x669d7567f7328306c6e5a9cea779a3ee240f9613.sol#128) is not in mixedCase
Parameter '_spender' of POC.approve (/unique_chucks/21/0x669d7567f7328306c6e5a9cea779a3ee240f9613.sol#135) is not in mixedCase
Parameter '_value' of POC.approve (/unique_chucks/21/0x669d7567f7328306c6e5a9cea779a3ee240f9613.sol#135-136) is not in mixedCase
Parameter '_type' of POC.lock (/unique_chucks/21/0x669d7567f7328306c6e5a9cea779a3ee240f9613.sol#141) is not in mixedCase
Parameter '_to' of POC.lock (/unique_chucks/21/0x669d7567f7328306c6e5a9cea779a3ee240f9613.sol#141) is not in mixedCase
Parameter '_value' of POC.lock (/unique_chucks/21/0x669d7567f7328306c6e5a9cea779a3ee240f9613.sol#141-142) is not in mixedCase
Parameter '_tokenAddr' of POC.extract (/unique_chucks/21/0x669d7567f7328306c6e5a9cea779a3ee240f9613.sol#160-161) is not in mixedCase
Parameter '_to' of POC.extract (/unique_chucks/21/0x669d7567f7328306c6e5a9cea779a3ee240f9613.sol#161) is not in mixedCase
Parameter '_value' of POC.extract (/unique_chucks/21/0x669d7567f7328306c6e5a9cea779a3ee240f9613.sol#161) is not in mixedCase
Parameter '_value' of POC.extractEth (/unique_chucks/21/0x669d7567f7328306c6e5a9cea779a3ee240f9613.sol) is not in mixedCase
Reference: https://github.com/trailofbits/slither/wiki/Detectors-Documentation#conformance-to-solidity-naming-conventions[0m
INFO:Slither:/unique_chucks/21/0x669d7567f7328306c6e5a9cea779a3ee240f9613.sol analyzed (4 contracts), 34 result(s) found