INFO:Slither:Compilation warnings/errors on /unique_chucks/17/0x0ba1050376b1f0d99f3ae564601be875cb10ed86.sol:
/unique_chucks/17/0x0ba1050376b1f0d99f3ae564601be875cb10ed86.sol:17:24: Warning: This looks like an address but has an invalid checksum. If this is not used as an address, please prepend '00'. Correct checksummed address: '0x630198F7a7bA302dCB3595a82F60930d83747EF7'. For more information please see https://solidity.readthedocs.io/en/develop/types.html#address-literals
    address promoter = 0x630198f7a7ba302dcb3595a82f60930d83747ef7;
                       ^----------------------------------------^

INFO:Detectors:[92m
EveryDayROI.withdraw (/unique_chucks/17/0x0ba1050376b1f0d99f3ae564601be875cb10ed86.sol#95-112) uses timestamp for comparisons
	Dangerous comparisons:
	- require(bool)(joined[msg.sender] > 0) (/unique_chucks/17/0x0ba1050376b1f0d99f3ae564601be875cb10ed86.sol#96)
Reference: https://github.com/trailofbits/slither/wiki/Detectors-Documentation#block-timestamp[0m
INFO:Detectors:[92m
EveryDayROI.minimum should be constant (/unique_chucks/17/0x0ba1050376b1f0d99f3ae564601be875cb10ed86.sol#12-13)
EveryDayROI.promoter should be constant (/unique_chucks/17/0x0ba1050376b1f0d99f3ae564601be875cb10ed86.sol#17-19)
EveryDayROI.step should be constant (/unique_chucks/17/0x0ba1050376b1f0d99f3ae564601be875cb10ed86.sol#13-14)
Reference: https://github.com/trailofbits/slither/wiki/Detectors-Documentation#state-variables-that-could-be-declared-constant[0m
INFO:Detectors:[92m
EveryDayROI.transferOwnership (/unique_chucks/17/0x0ba1050376b1f0d99f3ae564601be875cb10ed86.sol#53-63) should be declared external
EveryDayROI.bounty (/unique_chucks/17/0x0ba1050376b1f0d99f3ae564601be875cb10ed86.sol#113-124) should be declared external
EveryDayROI.checkBalance (/unique_chucks/17/0x0ba1050376b1f0d99f3ae564601be875cb10ed86.sol#131-133) should be declared external
EveryDayROI.checkWithdrawals (/unique_chucks/17/0x0ba1050376b1f0d99f3ae564601be875cb10ed86.sol#140-142) should be declared external
EveryDayROI.checkInvestments (/unique_chucks/17/0x0ba1050376b1f0d99f3ae564601be875cb10ed86.sol#149-151) should be declared external
EveryDayROI.updateReferral (/unique_chucks/17/0x0ba1050376b1f0d99f3ae564601be875cb10ed86.sol#168-173) should be declared external
Reference: https://github.com/trailofbits/slither/wiki/Detectors-Documentation#public-function-that-could-be-declared-as-external[0m
INFO:Detectors:[92m
Parameter '_bountyManager' of EveryDayROI. (/unique_chucks/17/0x0ba1050376b1f0d99f3ae564601be875cb10ed86.sol#28-29) is not in mixedCase
Parameter '_address' of EveryDayROI.getBalance (/unique_chucks/17/0x0ba1050376b1f0d99f3ae564601be875cb10ed86.sol#82) is not in mixedCase
Parameter '_investor' of EveryDayROI.checkWithdrawals (/unique_chucks/17/0x0ba1050376b1f0d99f3ae564601be875cb10ed86.sol#140) is not in mixedCase
Parameter '_investor' of EveryDayROI.checkInvestments (/unique_chucks/17/0x0ba1050376b1f0d99f3ae564601be875cb10ed86.sol#149) is not in mixedCase
Parameter '_hunter' of EveryDayROI.checkReferral (/unique_chucks/17/0x0ba1050376b1f0d99f3ae564601be875cb10ed86.sol#159) is not in mixedCase
Parameter '_hunter' of EveryDayROI.updateReferral (/unique_chucks/17/0x0ba1050376b1f0d99f3ae564601be875cb10ed86.sol#170) is not in mixedCase
Parameter '_amount' of EveryDayROI.updateReferral (/unique_chucks/17/0x0ba1050376b1f0d99f3ae564601be875cb10ed86.sol#170) is not in mixedCase
Reference: https://github.com/trailofbits/slither/wiki/Detectors-Documentation#conformance-to-solidity-naming-conventions[0m
INFO:Slither:/unique_chucks/17/0x0ba1050376b1f0d99f3ae564601be875cb10ed86.sol analyzed (2 contracts), 15 result(s) found