2019-07-23 08:23:34,166: [12] m.main:INFO: Registered plugins: DetectReentrancySimple, DetectInvalid, DetectDelegatecall, DetectExternalCallAndLeak, DetectUninitializedStorage, DetectIntegerOverflow, DetectEnvInstruction, DetectReentrancyAdvanced, DetectSuicidal, DetectUninitializedMemory, DetectUnusedRetVal
2019-07-23 08:23:34,166: [12] m.main:INFO: Beginning analysis
2019-07-23 08:23:34,176: [12] m.e.manticore:INFO: Starting symbolic create contract
2019-07-23 08:23:35,496: [12] m.e.manticore:INFO: Starting symbolic transaction: 0
2019-07-23 08:23:36,351: [12] m.e.manticore:INFO: 0 alive states, 2 terminated states
2019-07-23 08:23:36,471: [12] m.e.manticore:INFO: Starting symbolic transaction: 1
2019-07-23 08:23:36,591: [583] m.c.manticore:INFO: Generated testcase No. 0 - RETURN(1 txs)
2019-07-23 08:23:36,599: [582] m.c.manticore:INFO: Generated testcase No. 1 - REVERT(2 txs)
2019-07-23 08:23:37,700: [12] m.c.manticore:INFO: Results in /mcore_j31myeln
2019-07-23 08:23:38,580: [897] m.main:INFO: Registered plugins: DetectUninitializedStorage, DetectSuicidal, DetectExternalCallAndLeak, DetectEnvInstruction, DetectUnusedRetVal, DetectUninitializedMemory, DetectReentrancyAdvanced, DetectDelegatecall, DetectIntegerOverflow, DetectReentrancySimple, DetectInvalid
2019-07-23 08:23:38,580: [897] m.main:INFO: Beginning analysis
2019-07-23 08:23:38,591: [897] m.e.manticore:INFO: Starting symbolic create contract
2019-07-23 08:23:39,988: [897] m.e.manticore:INFO: Starting symbolic transaction: 0
2019-07-23 08:23:40,896: [897] m.e.manticore:INFO: 0 alive states, 2 terminated states
2019-07-23 08:23:41,059: [897] m.e.manticore:INFO: Starting symbolic transaction: 1
2019-07-23 08:23:41,213: [1468] m.c.manticore:INFO: Generated testcase No. 0 - RETURN(1 txs)
2019-07-23 08:23:41,240: [1467] m.c.manticore:INFO: Generated testcase No. 1 - REVERT(2 txs)
2019-07-23 08:23:42,255: [897] m.c.manticore:INFO: Results in /mcore_nmtdarkk
2019-07-23 08:23:43,089: [1782] m.main:INFO: Registered plugins: DetectInvalid, DetectUnusedRetVal, DetectReentrancySimple, DetectDelegatecall, DetectExternalCallAndLeak, DetectSuicidal, DetectUninitializedStorage, DetectEnvInstruction, DetectReentrancyAdvanced, DetectUninitializedMemory, DetectIntegerOverflow
2019-07-23 08:23:43,089: [1782] m.main:INFO: Beginning analysis
2019-07-23 08:23:43,100: [1782] m.e.manticore:INFO: Starting symbolic create contract
2019-07-23 08:23:43,571: [1826] m.c.manticore:INFO: Generated testcase No. 0 - NO STATE RESULT (?)(0 txs)
2019-07-23 08:23:43,975: [1782] m.c.manticore:INFO: Results in /mcore_bnh51syl
2019-07-23 08:23:44,654: [2085] m.main:INFO: Registered plugins: DetectReentrancySimple, DetectInvalid, DetectSuicidal, DetectUnusedRetVal, DetectUninitializedStorage, DetectEnvInstruction, DetectDelegatecall, DetectUninitializedMemory, DetectExternalCallAndLeak, DetectIntegerOverflow, DetectReentrancyAdvanced
2019-07-23 08:23:44,655: [2085] m.main:INFO: Beginning analysis
2019-07-23 08:23:44,667: [2085] m.e.manticore:INFO: Starting symbolic create contract
2019-07-23 08:23:45,169: [2137] m.c.manticore:INFO: Generated testcase No. 0 - NO STATE RESULT (?)(0 txs)
2019-07-23 08:23:45,503: [2085] m.c.manticore:INFO: Results in /mcore_tihozgu2
2019-07-23 08:23:46,228: [2388] m.main:INFO: Registered plugins: DetectReentrancySimple, DetectInvalid, DetectUnusedRetVal, DetectUninitializedStorage, DetectExternalCallAndLeak, DetectIntegerOverflow, DetectSuicidal, DetectDelegatecall, DetectEnvInstruction, DetectReentrancyAdvanced, DetectUninitializedMemory
2019-07-23 08:23:46,229: [2388] m.main:INFO: Beginning analysis
2019-07-23 08:23:46,259: [2388] m.e.manticore:INFO: Starting symbolic create contract
2019-07-23 08:23:48,565: [2388] m.e.manticore:INFO: Starting symbolic transaction: 0
2019-07-23 08:23:51,972: [2388] m.e.manticore:INFO: 1 alive states, 5 terminated states
2019-07-23 08:23:52,672: [2388] m.e.manticore:INFO: Starting symbolic transaction: 1
2019-07-23 08:23:56,263: [2388] m.e.manticore:INFO: 1 alive states, 10 terminated states
2019-07-23 08:23:57,186: [3896] m.c.manticore:INFO: Generated testcase No. 0 - RETURN(3 txs)
2019-07-23 08:23:57,214: [3899] m.c.manticore:INFO: Generated testcase No. 1 - RETURN(1 txs)
2019-07-23 08:23:57,249: [3897] m.c.manticore:INFO: Generated testcase No. 2 - REVERT(2 txs)
2019-07-23 08:23:57,308: [3902] m.c.manticore:INFO: Generated testcase No. 3 - REVERT(2 txs)
2019-07-23 08:23:57,450: [3906] m.c.manticore:INFO: Generated testcase No. 4 - REVERT(2 txs)
2019-07-23 08:23:57,441: [3913] m.c.manticore:INFO: Generated testcase No. 5 - RETURN(2 txs)
2019-07-23 08:23:57,627: [3910] m.c.manticore:INFO: Generated testcase No. 6 - REVERT(2 txs)
2019-07-23 08:23:57,633: [3917] m.c.manticore:INFO: Generated testcase No. 7 - REVERT(3 txs)
2019-07-23 08:23:57,730: [3920] m.c.manticore:INFO: Generated testcase No. 9 - REVERT(3 txs)
2019-07-23 08:23:57,806: [3915] m.c.manticore:INFO: Generated testcase No. 8 - REVERT(3 txs)
2019-07-23 08:24:10,848: [3899] m.c.manticore:INFO: Generated testcase No. 10 - REVERT(3 txs)
2019-07-23 08:24:18,451: [2388] m.c.manticore:INFO: Results in /mcore_n917780m
2019-07-23 08:24:20,363: [4523] m.main:INFO: Registered plugins: DetectUnusedRetVal, DetectReentrancySimple, DetectInvalid, DetectExternalCallAndLeak, DetectSuicidal, DetectUninitializedStorage, DetectIntegerOverflow, DetectEnvInstruction, DetectReentrancyAdvanced, DetectDelegatecall, DetectUninitializedMemory
2019-07-23 08:24:20,363: [4523] m.main:INFO: Beginning analysis
2019-07-23 08:24:20,379: [4523] m.e.manticore:INFO: Starting symbolic create contract
2019-07-23 08:24:20,865: [4567] m.c.manticore:INFO: Generated testcase No. 0 - NO STATE RESULT (?)(0 txs)
2019-07-23 08:24:21,183: [4523] m.c.manticore:INFO: Results in /mcore_s5dy3buo
2019-07-23 08:24:21,937: [4826] m.main:INFO: Registered plugins: DetectUnusedRetVal, DetectReentrancySimple, DetectInvalid, DetectSuicidal, DetectExternalCallAndLeak, DetectUninitializedStorage, DetectEnvInstruction, DetectReentrancyAdvanced, DetectDelegatecall, DetectUninitializedMemory, DetectIntegerOverflow
2019-07-23 08:24:21,937: [4826] m.main:INFO: Beginning analysis
2019-07-23 08:24:21,963: [4826] m.e.manticore:INFO: Starting symbolic create contract
2019-07-23 08:24:22,416: [4870] m.c.manticore:INFO: Generated testcase No. 0 - NO STATE RESULT (?)(0 txs)
2019-07-23 08:24:22,788: [4826] m.c.manticore:INFO: Results in /mcore_cmcdh0w1
2019-07-23 08:24:23,471: [5129] m.main:INFO: Registered plugins: DetectReentrancyAdvanced, DetectReentrancySimple, DetectInvalid, DetectUnusedRetVal, DetectDelegatecall, DetectUninitializedStorage, DetectEnvInstruction, DetectSuicidal, DetectIntegerOverflow, DetectUninitializedMemory, DetectExternalCallAndLeak
2019-07-23 08:24:23,472: [5129] m.main:INFO: Beginning analysis
2019-07-23 08:24:23,484: [5129] m.e.manticore:INFO: Starting symbolic create contract
2019-07-23 08:24:25,942: [5129] m.e.manticore:INFO: Starting symbolic transaction: 0
2019-07-23 08:24:46,686: [5129] m.e.manticore:INFO: 3 alive states, 7 terminated states
2019-07-23 08:24:48,233: [5129] m.e.manticore:INFO: Starting symbolic transaction: 1
2019-07-23 08:26:45,769: [5129] m.e.manticore:INFO: 9 alive states, 28 terminated states
2019-07-23 08:26:48,304: [10727] m.c.manticore:INFO: Generated testcase No. 0 - RETURN(3 txs)
2019-07-23 08:26:48,433: [10725] m.c.manticore:INFO: Generated testcase No. 1 - RETURN(3 txs)
2019-07-23 08:26:48,532: [10743] m.c.manticore:INFO: Generated testcase No. 4 - RETURN(1 txs)
2019-07-23 08:26:48,606: [10736] m.c.manticore:INFO: Generated testcase No. 3 - RETURN(3 txs)
2019-07-23 08:26:48,633: [10737] m.c.manticore:INFO: Generated testcase No. 2 - RETURN(3 txs)
2019-07-23 08:26:48,728: [10739] m.c.manticore:INFO: Generated testcase No. 7 - RETURN(3 txs)
2019-07-23 08:26:48,836: [10748] m.c.manticore:INFO: Generated testcase No. 5 - RETURN(3 txs)
2019-07-23 08:26:48,953: [10732] m.c.manticore:INFO: Generated testcase No. 6 - RETURN(3 txs)
2019-07-23 08:26:49,015: [10729] m.c.manticore:INFO: Generated testcase No. 9 - RETURN(3 txs)
2019-07-23 08:26:49,129: [10735] m.c.manticore:INFO: Generated testcase No. 8 - RETURN(3 txs)
2019-07-23 08:27:12,806: [10743] m.c.manticore:INFO: Generated testcase No. 10 - REVERT(2 txs)
2019-07-23 08:27:20,752: [10737] m.c.manticore:INFO: Generated testcase No. 11 - REVERT(2 txs)
2019-07-23 08:27:21,942: [10748] m.c.manticore:INFO: Generated testcase No. 12 - REVERT(2 txs)
2019-07-23 08:27:24,563: [10739] m.c.manticore:INFO: Generated testcase No. 13 - REVERT(2 txs)
2019-07-23 08:27:30,452: [10735] m.c.manticore:INFO: Generated testcase No. 14 - REVERT(2 txs)
2019-07-23 08:27:33,565: [10736] m.c.manticore:INFO: Generated testcase No. 15 - REVERT(2 txs)
2019-07-23 08:27:38,045: [10732] m.c.manticore:INFO: Generated testcase No. 16 - RETURN(2 txs)
2019-07-23 08:27:38,224: [10729] m.c.manticore:INFO: Generated testcase No. 17 - RETURN(2 txs)
2019-07-23 08:27:42,033: [10725] m.c.manticore:INFO: Generated testcase No. 18 - RETURN(2 txs)
2019-07-23 08:27:44,755: [10743] m.c.manticore:INFO: Generated testcase No. 19 - REVERT(3 txs)
2019-07-23 08:27:45,234: [10737] m.c.manticore:INFO: Generated testcase No. 20 - REVERT(3 txs)
2019-07-23 08:27:50,019: [10748] m.c.manticore:INFO: Generated testcase No. 21 - REVERT(3 txs)
2019-07-23 08:27:53,651: [10739] m.c.manticore:INFO: Generated testcase No. 22 - REVERT(3 txs)
2019-07-23 08:27:57,735: [10735] m.c.manticore:INFO: Generated testcase No. 23 - REVERT(3 txs)
2019-07-23 08:27:59,223: [10732] m.c.manticore:INFO: Generated testcase No. 24 - REVERT(3 txs)
2019-07-23 08:28:00,957: [10736] m.c.manticore:INFO: Generated testcase No. 25 - REVERT(3 txs)
2019-07-23 08:28:06,647: [10729] m.c.manticore:INFO: Generated testcase No. 26 - REVERT(3 txs)
2019-07-23 08:28:12,845: [10727] m.c.manticore:INFO: Generated testcase No. 27 - REVERT(3 txs)
2019-07-23 08:28:18,045: [10748] m.c.manticore:INFO: Generated testcase No. 28 - REVERT(3 txs)
2019-07-23 08:28:18,125: [10725] m.c.manticore:INFO: Generated testcase No. 29 - REVERT(3 txs)
2019-07-23 08:28:19,458: [10737] m.c.manticore:INFO: Generated testcase No. 30 - REVERT(3 txs)
2019-07-23 08:28:21,943: [10743] m.c.manticore:INFO: Generated testcase No. 31 - REVERT(3 txs)
2019-07-23 08:28:30,403: [10739] m.c.manticore:INFO: Generated testcase No. 32 - REVERT(3 txs)
2019-07-23 08:28:33,450: [10732] m.c.manticore:INFO: Generated testcase No. 33 - REVERT(3 txs)
2019-07-23 08:28:34,942: [10736] m.c.manticore:INFO: Generated testcase No. 34 - REVERT(3 txs)
2019-07-23 08:28:35,827: [10735] m.c.manticore:INFO: Generated testcase No. 35 - REVERT(3 txs)
2019-07-23 08:28:48,140: [10729] m.c.manticore:INFO: Generated testcase No. 36 - REVERT(3 txs)
2019-07-23 08:29:04,598: [5129] m.c.manticore:INFO: Results in /mcore_3mh2wiys
2019-07-23 08:29:07,703: [12099] m.main:INFO: Registered plugins: DetectReentrancySimple, DetectInvalid, DetectUnusedRetVal, DetectUninitializedStorage, DetectIntegerOverflow, DetectSuicidal, DetectExternalCallAndLeak, DetectReentrancyAdvanced, DetectEnvInstruction, DetectUninitializedMemory, DetectDelegatecall
2019-07-23 08:29:07,703: [12099] m.main:INFO: Beginning analysis
2019-07-23 08:29:07,747: [12099] m.e.manticore:INFO: Starting symbolic create contract
2019-07-23 08:29:15,984: [12099] m.e.manticore:INFO: Starting symbolic transaction: 0
2019-07-23 08:31:46,623: [12099] m.e.manticore:INFO: 9 alive states, 14 terminated states
2019-07-23 08:31:51,420: [12099] m.e.manticore:INFO: Starting symbolic transaction: 1
2019-07-23 08:38:35,010: [17817] m.e.detectors:WARNING: Potentially reading uninitialized storage
2019-07-23 08:43:26,626: [17826] m.e.detectors:WARNING: Potentially reading uninitialized storage
2019-07-23 08:48:39,642: [17814] m.e.detectors:WARNING: Potentially reading uninitialized storage