/unique_chucks/36/0x8fadd19cf014b3aa3a6c03e850c62e09d8360cf5.sol
jar:file:/usr/local/lib/node_modules/@smartdec/smartcheck/jdeploy-bundle/smartcheck-2.0-jar-with-dependencies.jar!/solidity-rules.xmlruleId: SOLIDITY_REVERT_REQUIRE
patternId: c56b12
severity: 1
line: 31
column: 6
content: if(balanceOf[msg.sender]<_value)revert();

ruleId: SOLIDITY_REVERT_REQUIRE
patternId: c56b12
severity: 1
line: 32
column: 6
content: if(balanceOf[_to]+_value<balanceOf[_to])revert();

ruleId: SOLIDITY_VISIBILITY
patternId: 910067
severity: 1
line: 15
column: 4
content: functionCompany(){initilSupply=10000000000000000;name="Company";decimals=8;symbol="COMP";balanceOf[msg.sender]=initilSupply;totalSupply=initilSupply;}

ruleId: SOLIDITY_VISIBILITY
patternId: 910067
severity: 1
line: 30
column: 4
content: functiontransfer(address_to,uint256_value){if(balanceOf[msg.sender]<_value)revert();if(balanceOf[_to]+_value<balanceOf[_to])revert();balanceOf[msg.sender]-=_value;balanceOf[_to]+=_value;}

SOLIDITY_VISIBILITY :2
SOLIDITY_REVERT_REQUIRE :2