INFO:Slither:Compilation warnings/errors on /unique_contracts/0x402b92b00552409ed1ad83a74ff037ce1a3d7276.sol:
/unique_contracts/0x402b92b00552409ed1ad83a74ff037ce1a3d7276.sol:50:3: Warning: Defining constructors as functions with the same name as the contract is deprecated. Use "constructor(...) { ... }" instead.
  function Ownable() {
  ^ (Relevant source part starts here and spans across multiple lines).
/unique_contracts/0x402b92b00552409ed1ad83a74ff037ce1a3d7276.sol:337:5: Warning: Defining constructors as functions with the same name as the contract is deprecated. Use "constructor(...) { ... }" instead.
    function Crowdsale() {
    ^ (Relevant source part starts here and spans across multiple lines).
/unique_contracts/0x402b92b00552409ed1ad83a74ff037ce1a3d7276.sol:351:13: Warning: "throw" is deprecated in favour of "revert()", "require()" and "assert()".
            throw;
            ^---^
/unique_contracts/0x402b92b00552409ed1ad83a74ff037ce1a3d7276.sol:70:5: Warning: Invoking events without "emit" prefix is deprecated.
    OwnershipTransferred(owner, newOwner);
    ^-----------------------------------^
/unique_contracts/0x402b92b00552409ed1ad83a74ff037ce1a3d7276.sol:126:5: Warning: Invoking events without "emit" prefix is deprecated.
    Transfer(msg.sender, _to, _value);
    ^-------------------------------^
/unique_contracts/0x402b92b00552409ed1ad83a74ff037ce1a3d7276.sol:191:5: Warning: Invoking events without "emit" prefix is deprecated.
    Transfer(_from, _to, _value);
    ^--------------------------^
/unique_contracts/0x402b92b00552409ed1ad83a74ff037ce1a3d7276.sol:207:5: Warning: Invoking events without "emit" prefix is deprecated.
    Approval(msg.sender, _spender, _value);
    ^------------------------------------^
/unique_contracts/0x402b92b00552409ed1ad83a74ff037ce1a3d7276.sol:229:5: Warning: Invoking events without "emit" prefix is deprecated.
    Approval(msg.sender, _spender, allowed[msg.sender][_spender]);
    ^-----------------------------------------------------------^
/unique_contracts/0x402b92b00552409ed1ad83a74ff037ce1a3d7276.sol:240:5: Warning: Invoking events without "emit" prefix is deprecated.
    Approval(msg.sender, _spender, allowed[msg.sender][_spender]);
    ^-----------------------------------------------------------^
/unique_contracts/0x402b92b00552409ed1ad83a74ff037ce1a3d7276.sol:280:5: Warning: Invoking events without "emit" prefix is deprecated.
    Mint(_to, _amount);
    ^----------------^
/unique_contracts/0x402b92b00552409ed1ad83a74ff037ce1a3d7276.sol:281:5: Warning: Invoking events without "emit" prefix is deprecated.
    Transfer(0x0, _to, _amount);
    ^-------------------------^
/unique_contracts/0x402b92b00552409ed1ad83a74ff037ce1a3d7276.sol:291:5: Warning: Invoking events without "emit" prefix is deprecated.
    MintFinished();
    ^------------^
/unique_contracts/0x402b92b00552409ed1ad83a74ff037ce1a3d7276.sol:362:9: Warning: Invoking events without "emit" prefix is deprecated.
        FundTransfer(msg.sender, amount, true);
        ^------------------------------------^
/unique_contracts/0x402b92b00552409ed1ad83a74ff037ce1a3d7276.sol:393:13: Warning: Invoking events without "emit" prefix is deprecated.
            GoalReached(amountRaisedPreSale+amountRaisedICO);
            ^----------------------------------------------^
/unique_contracts/0x402b92b00552409ed1ad83a74ff037ce1a3d7276.sol:416:13: Warning: Invoking events without "emit" prefix is deprecated.
            GoalReached(amountRaisedPreSale);
            ^------------------------------^
/unique_contracts/0x402b92b00552409ed1ad83a74ff037ce1a3d7276.sol:439:13: Warning: Invoking events without "emit" prefix is deprecated.
            FundTransfer(msg.sender, amount, false);
            ^-------------------------------------^
/unique_contracts/0x402b92b00552409ed1ad83a74ff037ce1a3d7276.sol:50:3: Warning: No visibility specified. Defaulting to "public". 
  function Ownable() {
  ^ (Relevant source part starts here and spans across multiple lines).
/unique_contracts/0x402b92b00552409ed1ad83a74ff037ce1a3d7276.sol:144:3: Warning: No visibility specified. Defaulting to "public". 
  function setLock(address _toLock, bool _setTo) onlyOwner {
  ^ (Relevant source part starts here and spans across multiple lines).
/unique_contracts/0x402b92b00552409ed1ad83a74ff037ce1a3d7276.sol:337:5: Warning: No visibility specified. Defaulting to "public". 
    function Crowdsale() {
    ^ (Relevant source part starts here and spans across multiple lines).
/unique_contracts/0x402b92b00552409ed1ad83a74ff037ce1a3d7276.sol:348:5: Warning: No visibility specified. Defaulting to "public". 
    function () payable {
    ^ (Relevant source part starts here and spans across multiple lines).
/unique_contracts/0x402b92b00552409ed1ad83a74ff037ce1a3d7276.sol:378:5: Warning: No visibility specified. Defaulting to "public". 
    function checkGoalReached() afterDeadline {
    ^ (Relevant source part starts here and spans across multiple lines).
/unique_contracts/0x402b92b00552409ed1ad83a74ff037ce1a3d7276.sol:402:5: Warning: No visibility specified. Defaulting to "public". 
    function closePresale() {
    ^ (Relevant source part starts here and spans across multiple lines).
/unique_contracts/0x402b92b00552409ed1ad83a74ff037ce1a3d7276.sol:425:5: Warning: No visibility specified. Defaulting to "public". 
    function safeWithdrawal() {
    ^ (Relevant source part starts here and spans across multiple lines).
/unique_contracts/0x402b92b00552409ed1ad83a74ff037ce1a3d7276.sol:446:5: Warning: No visibility specified. Defaulting to "public". 
    function voteAgainst()
    ^ (Relevant source part starts here and spans across multiple lines).
/unique_contracts/0x402b92b00552409ed1ad83a74ff037ce1a3d7276.sol:457:5: Warning: No visibility specified. Defaulting to "public". 
    function voteRelease()
    ^ (Relevant source part starts here and spans across multiple lines).
/unique_contracts/0x402b92b00552409ed1ad83a74ff037ce1a3d7276.sol:469:5: Warning: No visibility specified. Defaulting to "public". 
    function countVotes()
    ^ (Relevant source part starts here and spans across multiple lines).
/unique_contracts/0x402b92b00552409ed1ad83a74ff037ce1a3d7276.sol:8:3: Warning: Function state mutability can be restricted to pure
  function mul(uint256 a, uint256 b) internal constant returns (uint256) {
  ^ (Relevant source part starts here and spans across multiple lines).
/unique_contracts/0x402b92b00552409ed1ad83a74ff037ce1a3d7276.sol:14:3: Warning: Function state mutability can be restricted to pure
  function div(uint256 a, uint256 b) internal constant returns (uint256) {
  ^ (Relevant source part starts here and spans across multiple lines).
/unique_contracts/0x402b92b00552409ed1ad83a74ff037ce1a3d7276.sol:21:3: Warning: Function state mutability can be restricted to pure
  function sub(uint256 a, uint256 b) internal constant returns (uint256) {
  ^ (Relevant source part starts here and spans across multiple lines).
/unique_contracts/0x402b92b00552409ed1ad83a74ff037ce1a3d7276.sol:26:3: Warning: Function state mutability can be restricted to pure
  function add(uint256 a, uint256 b) internal constant returns (uint256) {
  ^ (Relevant source part starts here and spans across multiple lines).

INFO:Detectors:[91m
Reentrancy in Crowdsale.checkGoalReached (/unique_contracts/0x402b92b00552409ed1ad83a74ff037ce1a3d7276.sol#385-409):
	External calls:
	- amountToken1 = token.totalSupply().mul(67) / (100 * 4) (/unique_contracts/0x402b92b00552409ed1ad83a74ff037ce1a3d7276.sol#392-393)
	- amountToken2 = token.totalSupply().mul(33) / (100 * 4) (/unique_contracts/0x402b92b00552409ed1ad83a74ff037ce1a3d7276.sol#393-396)
	External calls sending eth:
	- forward(amount) (/unique_contracts/0x402b92b00552409ed1ad83a74ff037ce1a3d7276.sol#396-399)
	State variables written after the call(s):
	- icoSuccess (/unique_contracts/0x402b92b00552409ed1ad83a74ff037ce1a3d7276.sol#400-401)
Reentrancy in Crowdsale.checkGoalReached (/unique_contracts/0x402b92b00552409ed1ad83a74ff037ce1a3d7276.sol#385-409):
	External calls:
	- amountToken1 = token.totalSupply().mul(67) / (100 * 4) (/unique_contracts/0x402b92b00552409ed1ad83a74ff037ce1a3d7276.sol#392-393)
	- amountToken2 = token.totalSupply().mul(33) / (100 * 4) (/unique_contracts/0x402b92b00552409ed1ad83a74ff037ce1a3d7276.sol#393-396)
	- token.mint(vault1,amountToken1) (/unique_contracts/0x402b92b00552409ed1ad83a74ff037ce1a3d7276.sol#402-403)
	- token.mint(vault2,amountToken2) (/unique_contracts/0x402b92b00552409ed1ad83a74ff037ce1a3d7276.sol#403)
	External calls sending eth:
	- forward(amount) (/unique_contracts/0x402b92b00552409ed1ad83a74ff037ce1a3d7276.sol#396-399)
	State variables written after the call(s):
	- crowdsaleClosed (/unique_contracts/0x402b92b00552409ed1ad83a74ff037ce1a3d7276.sol#407-408)
	- stage (/unique_contracts/0x402b92b00552409ed1ad83a74ff037ce1a3d7276.sol#405)
Reference: https://github.com/trailofbits/slither/wiki/Detectors-Documentation#reentrancy-vulnerabilities[0m
INFO:Detectors:[93m
Reentrancy in Crowdsale.countVotes (/unique_contracts/0x402b92b00552409ed1ad83a74ff037ce1a3d7276.sol):
	External calls:
	- against > token.totalSupply() / 2 (/unique_contracts/0x402b92b00552409ed1ad83a74ff037ce1a3d7276.sol)
	State variables written after the call(s):
	- icoSuccess (/unique_contracts/0x402b92b00552409ed1ad83a74ff037ce1a3d7276.sol)
Reference: https://github.com/trailofbits/slither/wiki/Detectors-Documentation#reentrancy-vulnerabilities-1[0m
INFO:Detectors:[93m
amount in Crowdsale.safeWithdrawal (/unique_contracts/0x402b92b00552409ed1ad83a74ff037ce1a3d7276.sol#438) is a local variable never initialiazed
Reference: https://github.com/trailofbits/slither/wiki/Detectors-Documentation#uninitialized-local-variables[0m
INFO:Detectors:[93m
Crowdsale.fallback (/unique_contracts/0x402b92b00552409ed1ad83a74ff037ce1a3d7276.sol#354-375) does not use the value returned by external calls:
	-token.mint(msg.sender,amount.mul(2) * price) (/unique_contracts/0x402b92b00552409ed1ad83a74ff037ce1a3d7276.sol#368-369)
	-token.mint(msg.sender,amount * price) (/unique_contracts/0x402b92b00552409ed1ad83a74ff037ce1a3d7276.sol#370-373)
Crowdsale.checkGoalReached (/unique_contracts/0x402b92b00552409ed1ad83a74ff037ce1a3d7276.sol#385-409) does not use the value returned by external calls:
	-token.mint(vault1,amountToken1) (/unique_contracts/0x402b92b00552409ed1ad83a74ff037ce1a3d7276.sol#402-403)
	-token.mint(vault2,amountToken2) (/unique_contracts/0x402b92b00552409ed1ad83a74ff037ce1a3d7276.sol#403)
	-token.finishMinting() (/unique_contracts/0x402b92b00552409ed1ad83a74ff037ce1a3d7276.sol#408)
Reference: https://github.com/trailofbits/slither/wiki/Detectors-Documentation#unused-return[0m
INFO:Detectors:[92m
Reentrancy in Crowdsale.checkGoalReached (/unique_contracts/0x402b92b00552409ed1ad83a74ff037ce1a3d7276.sol#385-409):
	External calls:
	- amountToken1 = token.totalSupply().mul(67) / (100 * 4) (/unique_contracts/0x402b92b00552409ed1ad83a74ff037ce1a3d7276.sol#392-393)
	- amountToken2 = token.totalSupply().mul(33) / (100 * 4) (/unique_contracts/0x402b92b00552409ed1ad83a74ff037ce1a3d7276.sol#393-396)
	- token.mint(vault1,amountToken1) (/unique_contracts/0x402b92b00552409ed1ad83a74ff037ce1a3d7276.sol#402-403)
	- token.mint(vault2,amountToken2) (/unique_contracts/0x402b92b00552409ed1ad83a74ff037ce1a3d7276.sol#403)
	External calls sending eth:
	- forward(amount) (/unique_contracts/0x402b92b00552409ed1ad83a74ff037ce1a3d7276.sol#396-399)
	State variables written after the call(s):
	- lastVoteTime (/unique_contracts/0x402b92b00552409ed1ad83a74ff037ce1a3d7276.sol#406)
Reentrancy in Crowdsale.fallback (/unique_contracts/0x402b92b00552409ed1ad83a74ff037ce1a3d7276.sol#354-375):
	External calls:
	- require(bool)(! token.lockOf(msg.sender) && ! crowdsaleClosed && stage < 2 && msg.value >= 1 * (1000000000000000000) / 10) (/unique_contracts/0x402b92b00552409ed1ad83a74ff037ce1a3d7276.sol#355-357)
	State variables written after the call(s):
	- amountRaisedICO (/unique_contracts/0x402b92b00552409ed1ad83a74ff037ce1a3d7276.sol#369-370)
	- amountRaisedPreSale (/unique_contracts/0x402b92b00552409ed1ad83a74ff037ce1a3d7276.sol#366-367)
	- balanceOf (/unique_contracts/0x402b92b00552409ed1ad83a74ff037ce1a3d7276.sol#365-366)
Reentrancy in Crowdsale.voteAgainst (/unique_contracts/0x402b92b00552409ed1ad83a74ff037ce1a3d7276.sol#459-466):
	External calls:
	- require(bool)((stage == 2 || stage == 3) && ! token.lockOf(msg.sender)) (/unique_contracts/0x402b92b00552409ed1ad83a74ff037ce1a3d7276.sol#459-461)
	- token.setLock(msg.sender,true) (/unique_contracts/0x402b92b00552409ed1ad83a74ff037ce1a3d7276.sol#462)
	- voteWeight = token.balanceOf(msg.sender) (/unique_contracts/0x402b92b00552409ed1ad83a74ff037ce1a3d7276.sol#463-466)
	State variables written after the call(s):
	- against (/unique_contracts/0x402b92b00552409ed1ad83a74ff037ce1a3d7276.sol#466)
Reentrancy in Crowdsale.voteRelease (/unique_contracts/0x402b92b00552409ed1ad83a74ff037ce1a3d7276.sol#467-475):
	External calls:
	- require(bool)((stage == 2 || stage == 3 || stage == 4) && token.lockOf(msg.sender)) (/unique_contracts/0x402b92b00552409ed1ad83a74ff037ce1a3d7276.sol#469-471)
	- token.setLock(msg.sender,false) (/unique_contracts/0x402b92b00552409ed1ad83a74ff037ce1a3d7276.sol#471-472)
	- voteWeight = token.balanceOf(msg.sender) (/unique_contracts/0x402b92b00552409ed1ad83a74ff037ce1a3d7276.sol#472-474)
	State variables written after the call(s):
	- against (/unique_contracts/0x402b92b00552409ed1ad83a74ff037ce1a3d7276.sol#474-475)
Reference: https://github.com/trailofbits/slither/wiki/Detectors-Documentation#reentrancy-vulnerabilities-2[0m
INFO:Detectors:[92m
Crowdsale.countdownDuration should be constant (/unique_contracts/0x402b92b00552409ed1ad83a74ff037ce1a3d7276.sol#318-319)
Crowdsale.fundingGoal should be constant (/unique_contracts/0x402b92b00552409ed1ad83a74ff037ce1a3d7276.sol#308-309)
Crowdsale.icoDuration should be constant (/unique_contracts/0x402b92b00552409ed1ad83a74ff037ce1a3d7276.sol#319-320)
Crowdsale.minVoteTime should be constant (/unique_contracts/0x402b92b00552409ed1ad83a74ff037ce1a3d7276.sol#340-341)
Crowdsale.presaleDuration should be constant (/unique_contracts/0x402b92b00552409ed1ad83a74ff037ce1a3d7276.sol#316-317)
Crowdsale.price should be constant (/unique_contracts/0x402b92b00552409ed1ad83a74ff037ce1a3d7276.sol#321-322)
Crowdsale.vault2 should be constant (/unique_contracts/0x402b92b00552409ed1ad83a74ff037ce1a3d7276.sol#325-327)
Reference: https://github.com/trailofbits/slither/wiki/Detectors-Documentation#state-variables-that-could-be-declared-constant[0m
INFO:Detectors:[92m
Deprecated standard detected @ /unique_contracts/0x402b92b00552409ed1ad83a74ff037ce1a3d7276.sol#362:
	- Usage of "throw" should be replaced with "revert()"
Reference: https://github.com/trailofbits/slither/wiki/Detectors-Documentation#deprecated-standards[0m
INFO:Detectors:[92m
Ownable.transferOwnership (/unique_contracts/0x402b92b00552409ed1ad83a74ff037ce1a3d7276.sol#69-80) should be declared external
ERC20Basic.balanceOf (/unique_contracts/0x402b92b00552409ed1ad83a74ff037ce1a3d7276.sol#86-87) should be declared external
BasicToken.balanceOf (/unique_contracts/0x402b92b00552409ed1ad83a74ff037ce1a3d7276.sol#140-142) should be declared external
BasicToken.transfer (/unique_contracts/0x402b92b00552409ed1ad83a74ff037ce1a3d7276.sol#121-133) should be declared external
ERC20Basic.transfer (/unique_contracts/0x402b92b00552409ed1ad83a74ff037ce1a3d7276.sol#87-92) should be declared external
StandardToken.allowance (/unique_contracts/0x402b92b00552409ed1ad83a74ff037ce1a3d7276.sol#222-225) should be declared external
ERC20.allowance (/unique_contracts/0x402b92b00552409ed1ad83a74ff037ce1a3d7276.sol#97-98) should be declared external
StandardToken.transferFrom (/unique_contracts/0x402b92b00552409ed1ad83a74ff037ce1a3d7276.sol#183-198) should be declared external
ERC20.transferFrom (/unique_contracts/0x402b92b00552409ed1ad83a74ff037ce1a3d7276.sol#98-99) should be declared external
StandardToken.approve (/unique_contracts/0x402b92b00552409ed1ad83a74ff037ce1a3d7276.sol#212-214) should be declared external
ERC20.approve (/unique_contracts/0x402b92b00552409ed1ad83a74ff037ce1a3d7276.sol#99-104) should be declared external
BasicToken.setLock (/unique_contracts/0x402b92b00552409ed1ad83a74ff037ce1a3d7276.sol#149-151) should be declared external
BasicToken.lockOf (/unique_contracts/0x402b92b00552409ed1ad83a74ff037ce1a3d7276.sol#163-165) should be declared external
StandardToken.increaseApproval (/unique_contracts/0x402b92b00552409ed1ad83a74ff037ce1a3d7276.sol#229-236) should be declared external
StandardToken.decreaseApproval (/unique_contracts/0x402b92b00552409ed1ad83a74ff037ce1a3d7276.sol#237-251) should be declared external
MintableToken.mint (/unique_contracts/0x402b92b00552409ed1ad83a74ff037ce1a3d7276.sol#282-299) should be declared external
MintableToken.finishMinting (/unique_contracts/0x402b92b00552409ed1ad83a74ff037ce1a3d7276.sol#303-306) should be declared external
Crowdsale.fallback (/unique_contracts/0x402b92b00552409ed1ad83a74ff037ce1a3d7276.sol#354-375) should be declared external
Crowdsale.checkGoalReached (/unique_contracts/0x402b92b00552409ed1ad83a74ff037ce1a3d7276.sol#385-409) should be declared external
Crowdsale.closePresale (/unique_contracts/0x402b92b00552409ed1ad83a74ff037ce1a3d7276.sol#410-432) should be declared external
Crowdsale.safeWithdrawal (/unique_contracts/0x402b92b00552409ed1ad83a74ff037ce1a3d7276.sol#434-455) should be declared external
Crowdsale.voteAgainst (/unique_contracts/0x402b92b00552409ed1ad83a74ff037ce1a3d7276.sol#459-466) should be declared external
Crowdsale.voteRelease (/unique_contracts/0x402b92b00552409ed1ad83a74ff037ce1a3d7276.sol#467-475) should be declared external
Crowdsale.countVotes (/unique_contracts/0x402b92b00552409ed1ad83a74ff037ce1a3d7276.sol) should be declared external
Reference: https://github.com/trailofbits/slither/wiki/Detectors-Documentation#public-function-that-could-be-declared-as-external[0m
INFO:Detectors:[92m
Detected issues with version pragma in /unique_contracts/0x402b92b00552409ed1ad83a74ff037ce1a3d7276.sol:
	- pragma solidity^0.4.18 (/unique_contracts/0x402b92b00552409ed1ad83a74ff037ce1a3d7276.sol#1): it allows old versions
Reference: https://github.com/trailofbits/slither/wiki/Detectors-Documentation#incorrect-version-of-solidity[0m
INFO:Detectors:[92m
Function 'Ownable.Ownable' (/unique_contracts/0x402b92b00552409ed1ad83a74ff037ce1a3d7276.sol#53-56) is not in mixedCase
Parameter '_owner' of BasicToken.balanceOf (/unique_contracts/0x402b92b00552409ed1ad83a74ff037ce1a3d7276.sol#140) is not in mixedCase
Parameter '_to' of BasicToken.transfer (/unique_contracts/0x402b92b00552409ed1ad83a74ff037ce1a3d7276.sol#121) is not in mixedCase
Parameter '_value' of BasicToken.transfer (/unique_contracts/0x402b92b00552409ed1ad83a74ff037ce1a3d7276.sol#121-123) is not in mixedCase
Parameter '_toLock' of BasicToken.setLock (/unique_contracts/0x402b92b00552409ed1ad83a74ff037ce1a3d7276.sol#150) is not in mixedCase
Parameter '_setTo' of BasicToken.setLock (/unique_contracts/0x402b92b00552409ed1ad83a74ff037ce1a3d7276.sol#150) is not in mixedCase
Parameter '_owner' of BasicToken.lockOf (/unique_contracts/0x402b92b00552409ed1ad83a74ff037ce1a3d7276.sol#163) is not in mixedCase
Parameter '_owner' of StandardToken.allowance (/unique_contracts/0x402b92b00552409ed1ad83a74ff037ce1a3d7276.sol#223) is not in mixedCase
Parameter '_spender' of StandardToken.allowance (/unique_contracts/0x402b92b00552409ed1ad83a74ff037ce1a3d7276.sol#223) is not in mixedCase
Parameter '_from' of StandardToken.transferFrom (/unique_contracts/0x402b92b00552409ed1ad83a74ff037ce1a3d7276.sol#183) is not in mixedCase
Parameter '_to' of StandardToken.transferFrom (/unique_contracts/0x402b92b00552409ed1ad83a74ff037ce1a3d7276.sol#183-185) is not in mixedCase
Parameter '_value' of StandardToken.transferFrom (/unique_contracts/0x402b92b00552409ed1ad83a74ff037ce1a3d7276.sol#185) is not in mixedCase
Parameter '_spender' of StandardToken.approve (/unique_contracts/0x402b92b00552409ed1ad83a74ff037ce1a3d7276.sol#212) is not in mixedCase
Parameter '_value' of StandardToken.approve (/unique_contracts/0x402b92b00552409ed1ad83a74ff037ce1a3d7276.sol#212) is not in mixedCase
Parameter '_spender' of StandardToken.increaseApproval (/unique_contracts/0x402b92b00552409ed1ad83a74ff037ce1a3d7276.sol#230-233) is not in mixedCase
Parameter '_addedValue' of StandardToken.increaseApproval (/unique_contracts/0x402b92b00552409ed1ad83a74ff037ce1a3d7276.sol#233) is not in mixedCase
Parameter '_spender' of StandardToken.decreaseApproval (/unique_contracts/0x402b92b00552409ed1ad83a74ff037ce1a3d7276.sol#238) is not in mixedCase
Parameter '_subtractedValue' of StandardToken.decreaseApproval (/unique_contracts/0x402b92b00552409ed1ad83a74ff037ce1a3d7276.sol#238) is not in mixedCase
Parameter '_to' of MintableToken.mint (/unique_contracts/0x402b92b00552409ed1ad83a74ff037ce1a3d7276.sol#286) is not in mixedCase
Parameter '_amount' of MintableToken.mint (/unique_contracts/0x402b92b00552409ed1ad83a74ff037ce1a3d7276.sol#286) is not in mixedCase
Function 'Crowdsale.Crowdsale' (/unique_contracts/0x402b92b00552409ed1ad83a74ff037ce1a3d7276.sol#349-350) is not in mixedCase
Reference: https://github.com/trailofbits/slither/wiki/Detectors-Documentation#conformance-to-solidity-naming-conventions[0m
INFO:Slither:/unique_contracts/0x402b92b00552409ed1ad83a74ff037ce1a3d7276.sol analyzed (8 contracts), 58 result(s) found