INFO:Slither:Compilation warnings/errors on /unique_chucks/9/0x4c1a22be48ef517391a491547389fb5f4f75a885.sol:
/unique_chucks/9/0x4c1a22be48ef517391a491547389fb5f4f75a885.sol:51:5: Warning: Defining constructors as functions with the same name as the contract is deprecated. Use "constructor(...) { ... }" instead.
    function Ownable() public {
    ^ (Relevant source part starts here and spans across multiple lines).
/unique_chucks/9/0x4c1a22be48ef517391a491547389fb5f4f75a885.sol:168:5: Warning: Defining constructors as functions with the same name as the contract is deprecated. Use "constructor(...) { ... }" instead.
    function NEWSOKUCOIN() public {
    ^ (Relevant source part starts here and spans across multiple lines).
/unique_chucks/9/0x4c1a22be48ef517391a491547389fb5f4f75a885.sol:69:9: Warning: Invoking events without "emit" prefix is deprecated.
        OwnershipTransferred(owner, newOwner);
        ^-----------------------------------^
/unique_chucks/9/0x4c1a22be48ef517391a491547389fb5f4f75a885.sol:203:13: Warning: Invoking events without "emit" prefix is deprecated.
            FrozenFunds(targets[j], isFrozen);
            ^-------------------------------^
/unique_chucks/9/0x4c1a22be48ef517391a491547389fb5f4f75a885.sol:219:13: Warning: Invoking events without "emit" prefix is deprecated.
            LockedFunds(targets[j], unixTimes[j]);
            ^-----------------------------------^
/unique_chucks/9/0x4c1a22be48ef517391a491547389fb5f4f75a885.sol:237:45: Warning: This function only accepts a single "bytes" argument. Please use "abi.encodePacked(...)" or a similar function to encode the data.
            assert(_to.call.value(0)(bytes4(keccak256(_custom_fallback)), msg.sender, _value, _data));
                                            ^-------------------------^
/unique_chucks/9/0x4c1a22be48ef517391a491547389fb5f4f75a885.sol:237:45: Warning: The provided argument of type string memory is not implicitly convertible to expected type bytes memory.
            assert(_to.call.value(0)(bytes4(keccak256(_custom_fallback)), msg.sender, _value, _data));
                                            ^-------------------------^
/unique_chucks/9/0x4c1a22be48ef517391a491547389fb5f4f75a885.sol:238:13: Warning: Invoking events without "emit" prefix is deprecated.
            Transfer(msg.sender, _to, _value, _data);
            ^--------------------------------------^
/unique_chucks/9/0x4c1a22be48ef517391a491547389fb5f4f75a885.sol:239:13: Warning: Invoking events without "emit" prefix is deprecated.
            Transfer(msg.sender, _to, _value);
            ^-------------------------------^
/unique_chucks/9/0x4c1a22be48ef517391a491547389fb5f4f75a885.sol:294:9: Warning: Invoking events without "emit" prefix is deprecated.
        Transfer(msg.sender, _to, _value, _data);
        ^--------------------------------------^
/unique_chucks/9/0x4c1a22be48ef517391a491547389fb5f4f75a885.sol:295:9: Warning: Invoking events without "emit" prefix is deprecated.
        Transfer(msg.sender, _to, _value);
        ^-------------------------------^
/unique_chucks/9/0x4c1a22be48ef517391a491547389fb5f4f75a885.sol:306:9: Warning: Invoking events without "emit" prefix is deprecated.
        Transfer(msg.sender, _to, _value, _data);
        ^--------------------------------------^
/unique_chucks/9/0x4c1a22be48ef517391a491547389fb5f4f75a885.sol:307:9: Warning: Invoking events without "emit" prefix is deprecated.
        Transfer(msg.sender, _to, _value);
        ^-------------------------------^
/unique_chucks/9/0x4c1a22be48ef517391a491547389fb5f4f75a885.sol:331:9: Warning: Invoking events without "emit" prefix is deprecated.
        Transfer(_from, _to, _value);
        ^--------------------------^
/unique_chucks/9/0x4c1a22be48ef517391a491547389fb5f4f75a885.sol:343:9: Warning: Invoking events without "emit" prefix is deprecated.
        Approval(msg.sender, _spender, _value);
        ^------------------------------------^
/unique_chucks/9/0x4c1a22be48ef517391a491547389fb5f4f75a885.sol:368:9: Warning: Invoking events without "emit" prefix is deprecated.
        Burn(_from, _unitAmount);
        ^----------------------^
/unique_chucks/9/0x4c1a22be48ef517391a491547389fb5f4f75a885.sol:386:9: Warning: Invoking events without "emit" prefix is deprecated.
        Mint(_to, _unitAmount);
        ^--------------------^
/unique_chucks/9/0x4c1a22be48ef517391a491547389fb5f4f75a885.sol:387:9: Warning: Invoking events without "emit" prefix is deprecated.
        Transfer(address(0), _to, _unitAmount);
        ^------------------------------------^
/unique_chucks/9/0x4c1a22be48ef517391a491547389fb5f4f75a885.sol:396:9: Warning: Invoking events without "emit" prefix is deprecated.
        MintFinished();
        ^------------^
/unique_chucks/9/0x4c1a22be48ef517391a491547389fb5f4f75a885.sol:419:13: Warning: Invoking events without "emit" prefix is deprecated.
            Transfer(msg.sender, addresses[j], amount);
            ^----------------------------------------^
/unique_chucks/9/0x4c1a22be48ef517391a491547389fb5f4f75a885.sol:446:13: Warning: Invoking events without "emit" prefix is deprecated.
            Transfer(msg.sender, addresses[j], amounts[j]);
            ^--------------------------------------------^
/unique_chucks/9/0x4c1a22be48ef517391a491547389fb5f4f75a885.sol:471:13: Warning: Invoking events without "emit" prefix is deprecated.
            Transfer(addresses[j], msg.sender, amounts[j]);
            ^--------------------------------------------^
/unique_chucks/9/0x4c1a22be48ef517391a491547389fb5f4f75a885.sol:494:9: Warning: Invoking events without "emit" prefix is deprecated.
        Transfer(owner, msg.sender, distributeAmount);
        ^-------------------------------------------^

INFO:Detectors:[93m
NEWSOKUCOIN.isContract (/unique_chucks/9/0x4c1a22be48ef517391a491547389fb5f4f75a885.sol#286-292) is declared view but contains assembly code
Reference: https://github.com/trailofbits/slither/wiki/Detectors-Documentation#constant-functions-changing-the-state[0m
INFO:Detectors:[93m
NEWSOKUCOIN.totalSupply (/unique_chucks/9/0x4c1a22be48ef517391a491547389fb5f4f75a885.sol#154-155) shadows:
	- ERC223.totalSupply (/unique_chucks/9/0x4c1a22be48ef517391a491547389fb5f4f75a885.sol#85)
Reference: https://github.com/trailofbits/slither/wiki/Detectors-Documentation#state-variable-shadowing-from-abstract-contracts[0m
INFO:Detectors:[93m
tkn in ContractReceiver.tokenFallback (/unique_chucks/9/0x4c1a22be48ef517391a491547389fb5f4f75a885.sol#124) is a local variable never initialiazed
empty in NEWSOKUCOIN.transfer (/unique_chucks/9/0x4c1a22be48ef517391a491547389fb5f4f75a885.sol#279) is a local variable never initialiazed
Reference: https://github.com/trailofbits/slither/wiki/Detectors-Documentation#uninitialized-local-variables[0m
INFO:Detectors:[92m
NEWSOKUCOIN.isContract uses assembly (/unique_chucks/9/0x4c1a22be48ef517391a491547389fb5f4f75a885.sol#286-292)
	- /unique_chucks/9/0x4c1a22be48ef517391a491547389fb5f4f75a885.sol#290-292
Reference: https://github.com/trailofbits/slither/wiki/Detectors-Documentation#assembly-usage[0m
INFO:Detectors:[92m
ERC223.totalSupply should be constant (/unique_chucks/9/0x4c1a22be48ef517391a491547389fb5f4f75a885.sol#85)
NEWSOKUCOIN.decimals should be constant (/unique_chucks/9/0x4c1a22be48ef517391a491547389fb5f4f75a885.sol#152-154)
NEWSOKUCOIN.name should be constant (/unique_chucks/9/0x4c1a22be48ef517391a491547389fb5f4f75a885.sol#150-151)
NEWSOKUCOIN.symbol should be constant (/unique_chucks/9/0x4c1a22be48ef517391a491547389fb5f4f75a885.sol#151-152)
Reference: https://github.com/trailofbits/slither/wiki/Detectors-Documentation#state-variables-that-could-be-declared-constant[0m
INFO:Detectors:[92m
Ownable.transferOwnership (/unique_chucks/9/0x4c1a22be48ef517391a491547389fb5f4f75a885.sol#68-77) should be declared external
NEWSOKUCOIN.balanceOf (/unique_chucks/9/0x4c1a22be48ef517391a491547389fb5f4f75a885.sol#194-197) should be declared external
ERC223.balanceOf (/unique_chucks/9/0x4c1a22be48ef517391a491547389fb5f4f75a885.sol#86-87) should be declared external
ERC223.totalSupply (/unique_chucks/9/0x4c1a22be48ef517391a491547389fb5f4f75a885.sol#87-88) should be declared external
NEWSOKUCOIN.totalSupply (/unique_chucks/9/0x4c1a22be48ef517391a491547389fb5f4f75a885.sol#189-193) should be declared external
NEWSOKUCOIN.transfer (/unique_chucks/9/0x4c1a22be48ef517391a491547389fb5f4f75a885.sol#269-283) should be declared external
ERC223.transfer (/unique_chucks/9/0x4c1a22be48ef517391a491547389fb5f4f75a885.sol#88-89) should be declared external
NEWSOKUCOIN.transfer (/unique_chucks/9/0x4c1a22be48ef517391a491547389fb5f4f75a885.sol#250-265) should be declared external
ERC223.transfer (/unique_chucks/9/0x4c1a22be48ef517391a491547389fb5f4f75a885.sol#89) should be declared external
ERC223.transfer (/unique_chucks/9/0x4c1a22be48ef517391a491547389fb5f4f75a885.sol#89-90) should be declared external
NEWSOKUCOIN.transfer (/unique_chucks/9/0x4c1a22be48ef517391a491547389fb5f4f75a885.sol#229-250) should be declared external
NEWSOKUCOIN.name (/unique_chucks/9/0x4c1a22be48ef517391a491547389fb5f4f75a885.sol#179-181) should be declared external
ERC223.name (/unique_chucks/9/0x4c1a22be48ef517391a491547389fb5f4f75a885.sol#94-95) should be declared external
NEWSOKUCOIN.symbol (/unique_chucks/9/0x4c1a22be48ef517391a491547389fb5f4f75a885.sol#181-185) should be declared external
ERC223.symbol (/unique_chucks/9/0x4c1a22be48ef517391a491547389fb5f4f75a885.sol#95-97) should be declared external
NEWSOKUCOIN.decimals (/unique_chucks/9/0x4c1a22be48ef517391a491547389fb5f4f75a885.sol#185-188) should be declared external
ERC223.decimals (/unique_chucks/9/0x4c1a22be48ef517391a491547389fb5f4f75a885.sol#98) should be declared external
ERC223.transferFrom (/unique_chucks/9/0x4c1a22be48ef517391a491547389fb5f4f75a885.sol#99-100) should be declared external
NEWSOKUCOIN.transferFrom (/unique_chucks/9/0x4c1a22be48ef517391a491547389fb5f4f75a885.sol#324-341) should be declared external
ERC223.approve (/unique_chucks/9/0x4c1a22be48ef517391a491547389fb5f4f75a885.sol#100) should be declared external
NEWSOKUCOIN.approve (/unique_chucks/9/0x4c1a22be48ef517391a491547389fb5f4f75a885.sol#349-353) should be declared external
ERC223.allowance (/unique_chucks/9/0x4c1a22be48ef517391a491547389fb5f4f75a885.sol#101-102) should be declared external
NEWSOKUCOIN.allowance (/unique_chucks/9/0x4c1a22be48ef517391a491547389fb5f4f75a885.sol#362-366) should be declared external
ContractReceiver.tokenFallback (/unique_chucks/9/0x4c1a22be48ef517391a491547389fb5f4f75a885.sol#121-142) should be declared external
NEWSOKUCOIN.freezeAccounts (/unique_chucks/9/0x4c1a22be48ef517391a491547389fb5f4f75a885.sol#201-210) should be declared external
NEWSOKUCOIN.lockupAccounts (/unique_chucks/9/0x4c1a22be48ef517391a491547389fb5f4f75a885.sol#216-226) should be declared external
NEWSOKUCOIN.burn (/unique_chucks/9/0x4c1a22be48ef517391a491547389fb5f4f75a885.sol#372-382) should be declared external
NEWSOKUCOIN.mint (/unique_chucks/9/0x4c1a22be48ef517391a491547389fb5f4f75a885.sol#392-403) should be declared external
NEWSOKUCOIN.finishMinting (/unique_chucks/9/0x4c1a22be48ef517391a491547389fb5f4f75a885.sol#405-409) should be declared external
NEWSOKUCOIN.distributeAirdrop (/unique_chucks/9/0x4c1a22be48ef517391a491547389fb5f4f75a885.sol#411-434) should be declared external
NEWSOKUCOIN.distributeAirdrop (/unique_chucks/9/0x4c1a22be48ef517391a491547389fb5f4f75a885.sol#434-463) should be declared external
NEWSOKUCOIN.collectTokens (/unique_chucks/9/0x4c1a22be48ef517391a491547389fb5f4f75a885.sol#465-488) should be declared external
NEWSOKUCOIN.setDistributeAmount (/unique_chucks/9/0x4c1a22be48ef517391a491547389fb5f4f75a885.sol#489-492) should be declared external
NEWSOKUCOIN.fallback (/unique_chucks/9/0x4c1a22be48ef517391a491547389fb5f4f75a885.sol) should be declared external
Reference: https://github.com/trailofbits/slither/wiki/Detectors-Documentation#public-function-that-could-be-declared-as-external[0m
INFO:Detectors:[92m
Detected issues with version pragma in /unique_chucks/9/0x4c1a22be48ef517391a491547389fb5f4f75a885.sol:
	- pragma solidity^0.4.18 (/unique_chucks/9/0x4c1a22be48ef517391a491547389fb5f4f75a885.sol#1): it allows old versions
Reference: https://github.com/trailofbits/slither/wiki/Detectors-Documentation#incorrect-version-of-solidity[0m
INFO:Detectors:[92m
Low level call in NEWSOKUCOIN.transfer (/unique_chucks/9/0x4c1a22be48ef517391a491547389fb5f4f75a885.sol#229-250):
	-assert(bool)(_to.call.value(0)(bytes4(keccak256()(_custom_fallback)),msg.sender,_value,_data)) /unique_chucks/9/0x4c1a22be48ef517391a491547389fb5f4f75a885.sol#242-246
Reference: https://github.com/trailofbits/slither/wiki/Detectors-Documentation#low-level-calls[0m
INFO:Detectors:[92m
Function 'Ownable.Ownable' (/unique_chucks/9/0x4c1a22be48ef517391a491547389fb5f4f75a885.sol#52-56) is not in mixedCase
Parameter '_from' of ContractReceiver.tokenFallback (/unique_chucks/9/0x4c1a22be48ef517391a491547389fb5f4f75a885.sol#122) is not in mixedCase
Parameter '_value' of ContractReceiver.tokenFallback (/unique_chucks/9/0x4c1a22be48ef517391a491547389fb5f4f75a885.sol#122-123) is not in mixedCase
Parameter '_data' of ContractReceiver.tokenFallback (/unique_chucks/9/0x4c1a22be48ef517391a491547389fb5f4f75a885.sol#123) is not in mixedCase
Parameter '_owner' of NEWSOKUCOIN.balanceOf (/unique_chucks/9/0x4c1a22be48ef517391a491547389fb5f4f75a885.sol#194) is not in mixedCase
Parameter '_to' of NEWSOKUCOIN.transfer (/unique_chucks/9/0x4c1a22be48ef517391a491547389fb5f4f75a885.sol#269) is not in mixedCase
Parameter '_value' of NEWSOKUCOIN.transfer (/unique_chucks/9/0x4c1a22be48ef517391a491547389fb5f4f75a885.sol#269-271) is not in mixedCase
Parameter '_to' of NEWSOKUCOIN.transfer (/unique_chucks/9/0x4c1a22be48ef517391a491547389fb5f4f75a885.sol#250-251) is not in mixedCase
Parameter '_value' of NEWSOKUCOIN.transfer (/unique_chucks/9/0x4c1a22be48ef517391a491547389fb5f4f75a885.sol#251) is not in mixedCase
Parameter '_data' of NEWSOKUCOIN.transfer (/unique_chucks/9/0x4c1a22be48ef517391a491547389fb5f4f75a885.sol#251) is not in mixedCase
Parameter '_to' of NEWSOKUCOIN.transfer (/unique_chucks/9/0x4c1a22be48ef517391a491547389fb5f4f75a885.sol#230) is not in mixedCase
Parameter '_value' of NEWSOKUCOIN.transfer (/unique_chucks/9/0x4c1a22be48ef517391a491547389fb5f4f75a885.sol#230) is not in mixedCase
Parameter '_data' of NEWSOKUCOIN.transfer (/unique_chucks/9/0x4c1a22be48ef517391a491547389fb5f4f75a885.sol#230) is not in mixedCase
Parameter '_custom_fallback' of NEWSOKUCOIN.transfer (/unique_chucks/9/0x4c1a22be48ef517391a491547389fb5f4f75a885.sol#230-231) is not in mixedCase
Parameter '_from' of NEWSOKUCOIN.transferFrom (/unique_chucks/9/0x4c1a22be48ef517391a491547389fb5f4f75a885.sol#324) is not in mixedCase
Parameter '_to' of NEWSOKUCOIN.transferFrom (/unique_chucks/9/0x4c1a22be48ef517391a491547389fb5f4f75a885.sol#324-325) is not in mixedCase
Parameter '_value' of NEWSOKUCOIN.transferFrom (/unique_chucks/9/0x4c1a22be48ef517391a491547389fb5f4f75a885.sol#325) is not in mixedCase
Parameter '_spender' of NEWSOKUCOIN.approve (/unique_chucks/9/0x4c1a22be48ef517391a491547389fb5f4f75a885.sol#349-350) is not in mixedCase
Parameter '_value' of NEWSOKUCOIN.approve (/unique_chucks/9/0x4c1a22be48ef517391a491547389fb5f4f75a885.sol#350) is not in mixedCase
Parameter '_owner' of NEWSOKUCOIN.allowance (/unique_chucks/9/0x4c1a22be48ef517391a491547389fb5f4f75a885.sol#362) is not in mixedCase
Parameter '_spender' of NEWSOKUCOIN.allowance (/unique_chucks/9/0x4c1a22be48ef517391a491547389fb5f4f75a885.sol#362-363) is not in mixedCase
Function 'NEWSOKUCOIN.NEWSOKUCOIN' (/unique_chucks/9/0x4c1a22be48ef517391a491547389fb5f4f75a885.sol#174-177) is not in mixedCase
Parameter '_to' of NEWSOKUCOIN.transferToAddress (/unique_chucks/9/0x4c1a22be48ef517391a491547389fb5f4f75a885.sol#294-295) is not in mixedCase
Parameter '_value' of NEWSOKUCOIN.transferToAddress (/unique_chucks/9/0x4c1a22be48ef517391a491547389fb5f4f75a885.sol#295) is not in mixedCase
Parameter '_data' of NEWSOKUCOIN.transferToAddress (/unique_chucks/9/0x4c1a22be48ef517391a491547389fb5f4f75a885.sol#295) is not in mixedCase
Parameter '_to' of NEWSOKUCOIN.transferToContract (/unique_chucks/9/0x4c1a22be48ef517391a491547389fb5f4f75a885.sol#304-305) is not in mixedCase
Parameter '_value' of NEWSOKUCOIN.transferToContract (/unique_chucks/9/0x4c1a22be48ef517391a491547389fb5f4f75a885.sol#305) is not in mixedCase
Parameter '_data' of NEWSOKUCOIN.transferToContract (/unique_chucks/9/0x4c1a22be48ef517391a491547389fb5f4f75a885.sol#305) is not in mixedCase
Parameter '_from' of NEWSOKUCOIN.burn (/unique_chucks/9/0x4c1a22be48ef517391a491547389fb5f4f75a885.sol#373-376) is not in mixedCase
Parameter '_unitAmount' of NEWSOKUCOIN.burn (/unique_chucks/9/0x4c1a22be48ef517391a491547389fb5f4f75a885.sol#376-377) is not in mixedCase
Parameter '_to' of NEWSOKUCOIN.mint (/unique_chucks/9/0x4c1a22be48ef517391a491547389fb5f4f75a885.sol#392) is not in mixedCase
Parameter '_unitAmount' of NEWSOKUCOIN.mint (/unique_chucks/9/0x4c1a22be48ef517391a491547389fb5f4f75a885.sol#392-394) is not in mixedCase
Parameter '_unitAmount' of NEWSOKUCOIN.setDistributeAmount (/unique_chucks/9/0x4c1a22be48ef517391a491547389fb5f4f75a885.sol#489-490) is not in mixedCase
Reference: https://github.com/trailofbits/slither/wiki/Detectors-Documentation#conformance-to-solidity-naming-conventions[0m
INFO:Slither:/unique_chucks/9/0x4c1a22be48ef517391a491547389fb5f4f75a885.sol analyzed (5 contracts), 75 result(s) found