INFO:Slither:Compilation warnings/errors on /unique_chucks/38/0x2d915c3e78767b123bf56ab2daa49f74bb97904c.sol:
/unique_chucks/38/0x2d915c3e78767b123bf56ab2daa49f74bb97904c.sol:136:5: Warning: Defining constructors as functions with the same name as the contract is deprecated. Use "constructor(...) { ... }" instead.
    function ShibbolethToken(ENS _ens, string _name, string _symbol, address _issuer) {
    ^ (Relevant source part starts here and spans across multiple lines).
/unique_chucks/38/0x2d915c3e78767b123bf56ab2daa49f74bb97904c.sol:142:9: Warning: Use of the "var" keyword is deprecated.
        var rr = ReverseRegistrar(ens.owner(0x91d1777781884d03a6757a803996e38de2a42967fb37eeaca72729271025a9e2));
        ^----^
/unique_chucks/38/0x2d915c3e78767b123bf56ab2daa49f74bb97904c.sol:167:9: Warning: Use of the "var" keyword is deprecated.
        var len = bytes(src).length;
        ^-----^
/unique_chucks/38/0x2d915c3e78767b123bf56ab2daa49f74bb97904c.sol:209:5: Warning: Defining constructors as functions with the same name as the contract is deprecated. Use "constructor(...) { ... }" instead.
    function ShibbolethTokenFactory(ENS _ens) {
    ^ (Relevant source part starts here and spans across multiple lines).
/unique_chucks/38/0x2d915c3e78767b123bf56ab2daa49f74bb97904c.sol:211:9: Warning: Use of the "var" keyword is deprecated.
        var rr = ReverseRegistrar(ens.owner(0x91d1777781884d03a6757a803996e38de2a42967fb37eeaca72729271025a9e2));
        ^----^
/unique_chucks/38/0x2d915c3e78767b123bf56ab2daa49f74bb97904c.sol:216:9: Warning: Use of the "var" keyword is deprecated.
        var name = symbol.concat(".myshibbol.eth");
        ^------^
/unique_chucks/38/0x2d915c3e78767b123bf56ab2daa49f74bb97904c.sol:217:9: Warning: Use of the "var" keyword is deprecated.
        var subnode = sha3(rootNode, sha3(symbol));
        ^---------^
/unique_chucks/38/0x2d915c3e78767b123bf56ab2daa49f74bb97904c.sol:220:9: Warning: Use of the "var" keyword is deprecated.
        var token = create(symbol, name);
        ^-------^
/unique_chucks/38/0x2d915c3e78767b123bf56ab2daa49f74bb97904c.sol:230:9: Warning: Use of the "var" keyword is deprecated.
        var token = new ShibbolethToken(ens, name, symbol, msg.sender);
        ^-------^
/unique_chucks/38/0x2d915c3e78767b123bf56ab2daa49f74bb97904c.sol:7:37: Warning: This declaration shadows an existing declaration.
    function setOwner(bytes32 node, address owner);
                                    ^-----------^
/unique_chucks/38/0x2d915c3e78767b123bf56ab2daa49f74bb97904c.sol:4:5: The shadowed declaration is here:
    function owner(bytes32 node) constant returns(address);
    ^-----------------------------------------------------^

/unique_chucks/38/0x2d915c3e78767b123bf56ab2daa49f74bb97904c.sol:8:59: Warning: This declaration shadows an existing declaration.
    function setSubnodeOwner(bytes32 node, bytes32 label, address owner);
                                                          ^-----------^
/unique_chucks/38/0x2d915c3e78767b123bf56ab2daa49f74bb97904c.sol:4:5: The shadowed declaration is here:
    function owner(bytes32 node) constant returns(address);
    ^-----------------------------------------------------^

/unique_chucks/38/0x2d915c3e78767b123bf56ab2daa49f74bb97904c.sol:9:40: Warning: This declaration shadows an existing declaration.
    function setResolver(bytes32 node, address resolver);
                                       ^--------------^
/unique_chucks/38/0x2d915c3e78767b123bf56ab2daa49f74bb97904c.sol:5:5: The shadowed declaration is here:
    function resolver(bytes32 node) constant returns(address);
    ^--------------------------------------------------------^

/unique_chucks/38/0x2d915c3e78767b123bf56ab2daa49f74bb97904c.sol:10:35: Warning: This declaration shadows an existing declaration.
    function setTTL(bytes32 node, uint64 ttl);
                                  ^--------^
/unique_chucks/38/0x2d915c3e78767b123bf56ab2daa49f74bb97904c.sol:6:5: The shadowed declaration is here:
    function ttl(bytes32 node) constant returns(uint64);
    ^--------------------------------------------------^

/unique_chucks/38/0x2d915c3e78767b123bf56ab2daa49f74bb97904c.sol:85:13: Warning: Invoking events without "emit" prefix is deprecated.
            Transfer(msg.sender, _to, _value);
            ^-------------------------------^
/unique_chucks/38/0x2d915c3e78767b123bf56ab2daa49f74bb97904c.sol:97:13: Warning: Invoking events without "emit" prefix is deprecated.
            Transfer(_from, _to, _value);
            ^--------------------------^
/unique_chucks/38/0x2d915c3e78767b123bf56ab2daa49f74bb97904c.sol:108:9: Warning: Invoking events without "emit" prefix is deprecated.
        Approval(msg.sender, _spender, _value);
        ^------------------------------------^
/unique_chucks/38/0x2d915c3e78767b123bf56ab2daa49f74bb97904c.sol:150:9: Warning: Invoking events without "emit" prefix is deprecated.
        Transfer(0, issuer, _value);
        ^-------------------------^
/unique_chucks/38/0x2d915c3e78767b123bf56ab2daa49f74bb97904c.sol:157:9: Warning: Invoking events without "emit" prefix is deprecated.
        Transfer(issuer, 0, _value);
        ^-------------------------^
/unique_chucks/38/0x2d915c3e78767b123bf56ab2daa49f74bb97904c.sol:217:38: Warning: "sha3" has been deprecated in favour of "keccak256"
        var subnode = sha3(rootNode, sha3(symbol));
                                     ^----------^
/unique_chucks/38/0x2d915c3e78767b123bf56ab2daa49f74bb97904c.sol:217:38: Warning: This function only accepts a single "bytes" argument. Please use "abi.encodePacked(...)" or a similar function to encode the data.
        var subnode = sha3(rootNode, sha3(symbol));
                                     ^----------^
/unique_chucks/38/0x2d915c3e78767b123bf56ab2daa49f74bb97904c.sol:217:38: Warning: The provided argument of type string memory is not implicitly convertible to expected type bytes memory.
        var subnode = sha3(rootNode, sha3(symbol));
                                     ^----------^
/unique_chucks/38/0x2d915c3e78767b123bf56ab2daa49f74bb97904c.sol:217:23: Warning: "sha3" has been deprecated in favour of "keccak256"
        var subnode = sha3(rootNode, sha3(symbol));
                      ^--------------------------^
/unique_chucks/38/0x2d915c3e78767b123bf56ab2daa49f74bb97904c.sol:217:23: Warning: This function only accepts a single "bytes" argument. Please use "abi.encodePacked(...)" or a similar function to encode the data.
        var subnode = sha3(rootNode, sha3(symbol));
                      ^--------------------------^
/unique_chucks/38/0x2d915c3e78767b123bf56ab2daa49f74bb97904c.sol:222:39: Warning: "sha3" has been deprecated in favour of "keccak256"
        ens.setSubnodeOwner(rootNode, sha3(symbol), this);
                                      ^----------^
/unique_chucks/38/0x2d915c3e78767b123bf56ab2daa49f74bb97904c.sol:222:39: Warning: This function only accepts a single "bytes" argument. Please use "abi.encodePacked(...)" or a similar function to encode the data.
        ens.setSubnodeOwner(rootNode, sha3(symbol), this);
                                      ^----------^
/unique_chucks/38/0x2d915c3e78767b123bf56ab2daa49f74bb97904c.sol:222:39: Warning: The provided argument of type string memory is not implicitly convertible to expected type bytes memory.
        ens.setSubnodeOwner(rootNode, sha3(symbol), this);
                                      ^----------^
/unique_chucks/38/0x2d915c3e78767b123bf56ab2daa49f74bb97904c.sol:231:9: Warning: Invoking events without "emit" prefix is deprecated.
        NewToken(symbol, symbol, name, token);
        ^-----------------------------------^
/unique_chucks/38/0x2d915c3e78767b123bf56ab2daa49f74bb97904c.sol:4:5: Warning: No visibility specified. Defaulting to "public". 
    function owner(bytes32 node) constant returns(address);
    ^-----------------------------------------------------^
/unique_chucks/38/0x2d915c3e78767b123bf56ab2daa49f74bb97904c.sol:5:5: Warning: No visibility specified. Defaulting to "public". 
    function resolver(bytes32 node) constant returns(address);
    ^--------------------------------------------------------^
/unique_chucks/38/0x2d915c3e78767b123bf56ab2daa49f74bb97904c.sol:6:5: Warning: No visibility specified. Defaulting to "public". 
    function ttl(bytes32 node) constant returns(uint64);
    ^--------------------------------------------------^
/unique_chucks/38/0x2d915c3e78767b123bf56ab2daa49f74bb97904c.sol:7:5: Warning: No visibility specified. Defaulting to "public". 
    function setOwner(bytes32 node, address owner);
    ^---------------------------------------------^
/unique_chucks/38/0x2d915c3e78767b123bf56ab2daa49f74bb97904c.sol:8:5: Warning: No visibility specified. Defaulting to "public". 
    function setSubnodeOwner(bytes32 node, bytes32 label, address owner);
    ^-------------------------------------------------------------------^
/unique_chucks/38/0x2d915c3e78767b123bf56ab2daa49f74bb97904c.sol:9:5: Warning: No visibility specified. Defaulting to "public". 
    function setResolver(bytes32 node, address resolver);
    ^---------------------------------------------------^
/unique_chucks/38/0x2d915c3e78767b123bf56ab2daa49f74bb97904c.sol:10:5: Warning: No visibility specified. Defaulting to "public". 
    function setTTL(bytes32 node, uint64 ttl);
    ^----------------------------------------^
/unique_chucks/38/0x2d915c3e78767b123bf56ab2daa49f74bb97904c.sol:26:5: Warning: No visibility specified. Defaulting to "public". 
    function setName(string name) returns (bytes32 node);
    ^---------------------------------------------------^
/unique_chucks/38/0x2d915c3e78767b123bf56ab2daa49f74bb97904c.sol:27:5: Warning: No visibility specified. Defaulting to "public". 
    function claimWithResolver(address owner, address resolver) returns (bytes32 node);
    ^---------------------------------------------------------------------------------^
/unique_chucks/38/0x2d915c3e78767b123bf56ab2daa49f74bb97904c.sol:45:5: Warning: No visibility specified. Defaulting to "public". 
    function balanceOf(address _owner) constant returns (uint256 balance);
    ^--------------------------------------------------------------------^
/unique_chucks/38/0x2d915c3e78767b123bf56ab2daa49f74bb97904c.sol:51:5: Warning: No visibility specified. Defaulting to "public". 
    function transfer(address _to, uint256 _value) returns (bool success);
    ^--------------------------------------------------------------------^
/unique_chucks/38/0x2d915c3e78767b123bf56ab2daa49f74bb97904c.sol:58:5: Warning: No visibility specified. Defaulting to "public". 
    function transferFrom(address _from, address _to, uint256 _value) returns (bool success);
    ^---------------------------------------------------------------------------------------^
/unique_chucks/38/0x2d915c3e78767b123bf56ab2daa49f74bb97904c.sol:64:5: Warning: No visibility specified. Defaulting to "public". 
    function approve(address _spender, uint256 _value) returns (bool success);
    ^------------------------------------------------------------------------^
/unique_chucks/38/0x2d915c3e78767b123bf56ab2daa49f74bb97904c.sol:69:5: Warning: No visibility specified. Defaulting to "public". 
    function allowance(address _owner, address _spender) constant returns (uint256 remaining);
    ^----------------------------------------------------------------------------------------^
/unique_chucks/38/0x2d915c3e78767b123bf56ab2daa49f74bb97904c.sol:77:5: Warning: No visibility specified. Defaulting to "public". 
    function transfer(address _to, uint256 _value) returns (bool success) {
    ^ (Relevant source part starts here and spans across multiple lines).
/unique_chucks/38/0x2d915c3e78767b123bf56ab2daa49f74bb97904c.sol:90:5: Warning: No visibility specified. Defaulting to "public". 
    function transferFrom(address _from, address _to, uint256 _value) returns (bool success) {
    ^ (Relevant source part starts here and spans across multiple lines).
/unique_chucks/38/0x2d915c3e78767b123bf56ab2daa49f74bb97904c.sol:102:5: Warning: No visibility specified. Defaulting to "public". 
    function balanceOf(address _owner) constant returns (uint256 balance) {
    ^ (Relevant source part starts here and spans across multiple lines).
/unique_chucks/38/0x2d915c3e78767b123bf56ab2daa49f74bb97904c.sol:106:5: Warning: No visibility specified. Defaulting to "public". 
    function approve(address _spender, uint256 _value) returns (bool success) {
    ^ (Relevant source part starts here and spans across multiple lines).
/unique_chucks/38/0x2d915c3e78767b123bf56ab2daa49f74bb97904c.sol:112:5: Warning: No visibility specified. Defaulting to "public". 
    function allowance(address _owner, address _spender) constant returns (uint256 remaining) {
    ^ (Relevant source part starts here and spans across multiple lines).
/unique_chucks/38/0x2d915c3e78767b123bf56ab2daa49f74bb97904c.sol:127:5: Warning: No visibility specified. Defaulting to "public". 
    function version() constant returns(string) { return "S0.1"; }
    ^------------------------------------------------------------^
/unique_chucks/38/0x2d915c3e78767b123bf56ab2daa49f74bb97904c.sol:128:5: Warning: No visibility specified. Defaulting to "public". 
    function decimals() constant returns(uint8) { return 0; }
    ^-------------------------------------------------------^
/unique_chucks/38/0x2d915c3e78767b123bf56ab2daa49f74bb97904c.sol:129:5: Warning: No visibility specified. Defaulting to "public". 
    function name(bytes32 node) constant returns(string) { return name; }
    ^-------------------------------------------------------------------^
/unique_chucks/38/0x2d915c3e78767b123bf56ab2daa49f74bb97904c.sol:129:19: Warning: Unused function parameter. Remove or comment out the variable name to silence this warning.
    function name(bytes32 node) constant returns(string) { return name; }
                  ^----------^
/unique_chucks/38/0x2d915c3e78767b123bf56ab2daa49f74bb97904c.sol:136:5: Warning: No visibility specified. Defaulting to "public". 
    function ShibbolethToken(ENS _ens, string _name, string _symbol, address _issuer) {
    ^ (Relevant source part starts here and spans across multiple lines).
/unique_chucks/38/0x2d915c3e78767b123bf56ab2daa49f74bb97904c.sol:146:5: Warning: No visibility specified. Defaulting to "public". 
    function issue(uint _value) issuer_only {
    ^ (Relevant source part starts here and spans across multiple lines).
/unique_chucks/38/0x2d915c3e78767b123bf56ab2daa49f74bb97904c.sol:153:5: Warning: No visibility specified. Defaulting to "public". 
    function burn(uint _value) issuer_only {
    ^ (Relevant source part starts here and spans across multiple lines).
/unique_chucks/38/0x2d915c3e78767b123bf56ab2daa49f74bb97904c.sol:160:5: Warning: No visibility specified. Defaulting to "public". 
    function setIssuer(address _issuer) issuer_only {
    ^ (Relevant source part starts here and spans across multiple lines).
/unique_chucks/38/0x2d915c3e78767b123bf56ab2daa49f74bb97904c.sol:209:5: Warning: No visibility specified. Defaulting to "public". 
    function ShibbolethTokenFactory(ENS _ens) {
    ^ (Relevant source part starts here and spans across multiple lines).
/unique_chucks/38/0x2d915c3e78767b123bf56ab2daa49f74bb97904c.sol:215:5: Warning: No visibility specified. Defaulting to "public". 
    function create(string symbol) returns(address) {
    ^ (Relevant source part starts here and spans across multiple lines).
/unique_chucks/38/0x2d915c3e78767b123bf56ab2daa49f74bb97904c.sol:229:5: Warning: No visibility specified. Defaulting to "public". 
    function create(string symbol, string name) returns(address) {
    ^ (Relevant source part starts here and spans across multiple lines).
/unique_chucks/38/0x2d915c3e78767b123bf56ab2daa49f74bb97904c.sol:236:5: Warning: No visibility specified. Defaulting to "public". 
    function supportsInterface(bytes4 interfaceId) returns(bool) {
    ^ (Relevant source part starts here and spans across multiple lines).
/unique_chucks/38/0x2d915c3e78767b123bf56ab2daa49f74bb97904c.sol:243:5: Warning: No visibility specified. Defaulting to "public". 
    function addr(bytes32 node) constant returns (address) {
    ^ (Relevant source part starts here and spans across multiple lines).
/unique_chucks/38/0x2d915c3e78767b123bf56ab2daa49f74bb97904c.sol:250:5: Warning: No visibility specified. Defaulting to "public". 
    function ABI(bytes32 node) constant returns (uint256, bytes) {
    ^ (Relevant source part starts here and spans across multiple lines).
/unique_chucks/38/0x2d915c3e78767b123bf56ab2daa49f74bb97904c.sol:258:5: Warning: No visibility specified. Defaulting to "public". 
    function name(bytes32 node) constant returns (string) { 
    ^ (Relevant source part starts here and spans across multiple lines).
/unique_chucks/38/0x2d915c3e78767b123bf56ab2daa49f74bb97904c.sol:127:5: Warning: Function state mutability can be restricted to pure
    function version() constant returns(string) { return "S0.1"; }
    ^------------------------------------------------------------^
/unique_chucks/38/0x2d915c3e78767b123bf56ab2daa49f74bb97904c.sol:128:5: Warning: Function state mutability can be restricted to pure
    function decimals() constant returns(uint8) { return 0; }
    ^-------------------------------------------------------^
/unique_chucks/38/0x2d915c3e78767b123bf56ab2daa49f74bb97904c.sol:166:5: Warning: Function state mutability can be restricted to pure
    function strcpy(string dest, uint off, string src) private {
    ^ (Relevant source part starts here and spans across multiple lines).
/unique_chucks/38/0x2d915c3e78767b123bf56ab2daa49f74bb97904c.sol:236:5: Warning: Function state mutability can be restricted to pure
    function supportsInterface(bytes4 interfaceId) returns(bool) {
    ^ (Relevant source part starts here and spans across multiple lines).

INFO:Detectors:[93m
ShibbolethToken.ShibbolethToken (/unique_chucks/38/0x2d915c3e78767b123bf56ab2daa49f74bb97904c.sol#139-149) does not use the value returned by external calls:
	-rr.claimWithResolver(this,this) (/unique_chucks/38/0x2d915c3e78767b123bf56ab2daa49f74bb97904c.sol#148)
Reference: https://github.com/trailofbits/slither/wiki/Detectors-Documentation#unused-return[0m
INFO:Detectors:[92m
ENS.setOwner.owner (local variable @ /unique_chucks/38/0x2d915c3e78767b123bf56ab2daa49f74bb97904c.sol#7-8) shadows:
	- ENS.owner (function @ /unique_chucks/38/0x2d915c3e78767b123bf56ab2daa49f74bb97904c.sol#4-5)
ENS.setSubnodeOwner.owner (local variable @ /unique_chucks/38/0x2d915c3e78767b123bf56ab2daa49f74bb97904c.sol#8-9) shadows:
	- ENS.owner (function @ /unique_chucks/38/0x2d915c3e78767b123bf56ab2daa49f74bb97904c.sol#4-5)
ENS.setResolver.resolver (local variable @ /unique_chucks/38/0x2d915c3e78767b123bf56ab2daa49f74bb97904c.sol#9-10) shadows:
	- ENS.resolver (function @ /unique_chucks/38/0x2d915c3e78767b123bf56ab2daa49f74bb97904c.sol#5-6)
ENS.setTTL.ttl (local variable @ /unique_chucks/38/0x2d915c3e78767b123bf56ab2daa49f74bb97904c.sol#10-12) shadows:
	- ENS.ttl (function @ /unique_chucks/38/0x2d915c3e78767b123bf56ab2daa49f74bb97904c.sol#6-7)
ShibbolethTokenFactory.create.name (local variable @ /unique_chucks/38/0x2d915c3e78767b123bf56ab2daa49f74bb97904c.sol#222-223) shadows:
	- ShibbolethTokenFactory.name (function @ /unique_chucks/38/0x2d915c3e78767b123bf56ab2daa49f74bb97904c.sol)
ShibbolethTokenFactory.create.name (local variable @ /unique_chucks/38/0x2d915c3e78767b123bf56ab2daa49f74bb97904c.sol#236) shadows:
	- ShibbolethTokenFactory.name (function @ /unique_chucks/38/0x2d915c3e78767b123bf56ab2daa49f74bb97904c.sol)
Reference: https://github.com/trailofbits/slither/wiki/Detectors-Documentation#local-variable-shadowing[0m
INFO:Detectors:[92m
Reentrancy in ShibbolethTokenFactory.ShibbolethTokenFactory (/unique_chucks/38/0x2d915c3e78767b123bf56ab2daa49f74bb97904c.sol#212-220):
	External calls:
	- rr = ReverseRegistrar(ens.owner(0x91d1777781884d03a6757a803996e38de2a42967fb37eeaca72729271025a9e2)) (/unique_chucks/38/0x2d915c3e78767b123bf56ab2daa49f74bb97904c.sol#215-217)
	- reverseNode = rr.claimWithResolver(this,this) (/unique_chucks/38/0x2d915c3e78767b123bf56ab2daa49f74bb97904c.sol#217-218)
	State variables written after the call(s):
	- reverseNode (/unique_chucks/38/0x2d915c3e78767b123bf56ab2daa49f74bb97904c.sol#217-218)
Reentrancy in ShibbolethTokenFactory.create (/unique_chucks/38/0x2d915c3e78767b123bf56ab2daa49f74bb97904c.sol#220-235):
	External calls:
	- require(bool)(ens.owner(subnode) == 0) (/unique_chucks/38/0x2d915c3e78767b123bf56ab2daa49f74bb97904c.sol#226-229)
	- ens.setSubnodeOwner(rootNode,sha3()(symbol),this) (/unique_chucks/38/0x2d915c3e78767b123bf56ab2daa49f74bb97904c.sol#229-230)
	- ens.setResolver(subnode,this) (/unique_chucks/38/0x2d915c3e78767b123bf56ab2daa49f74bb97904c.sol#230-231)
	State variables written after the call(s):
	- tokens (/unique_chucks/38/0x2d915c3e78767b123bf56ab2daa49f74bb97904c.sol#231-232)
Reference: https://github.com/trailofbits/slither/wiki/Detectors-Documentation#reentrancy-vulnerabilities-2[0m
INFO:Detectors:[92m
StringUtils.strcpy uses assembly (/unique_chucks/38/0x2d915c3e78767b123bf56ab2daa49f74bb97904c.sol#170-194)
	- /unique_chucks/38/0x2d915c3e78767b123bf56ab2daa49f74bb97904c.sol#174-178
	- /unique_chucks/38/0x2d915c3e78767b123bf56ab2daa49f74bb97904c.sol#182-186
	- /unique_chucks/38/0x2d915c3e78767b123bf56ab2daa49f74bb97904c.sol#190-194
Reference: https://github.com/trailofbits/slither/wiki/Detectors-Documentation#assembly-usage[0m
INFO:Detectors:[92m
Deprecated standard detected @ /unique_chucks/38/0x2d915c3e78767b123bf56ab2daa49f74bb97904c.sol#223-224:
	- Usage of "sha3()" should be replaced with "keccak256()"
Deprecated standard detected @ /unique_chucks/38/0x2d915c3e78767b123bf56ab2daa49f74bb97904c.sol#229-230:
	- Usage of "sha3()" should be replaced with "keccak256()"
Reference: https://github.com/trailofbits/slither/wiki/Detectors-Documentation#deprecated-standards[0m
INFO:Detectors:[92m
ENS.owner (/unique_chucks/38/0x2d915c3e78767b123bf56ab2daa49f74bb97904c.sol#4-5) should be declared external
ENS.resolver (/unique_chucks/38/0x2d915c3e78767b123bf56ab2daa49f74bb97904c.sol#5-6) should be declared external
ENS.ttl (/unique_chucks/38/0x2d915c3e78767b123bf56ab2daa49f74bb97904c.sol#6-7) should be declared external
ENS.setOwner (/unique_chucks/38/0x2d915c3e78767b123bf56ab2daa49f74bb97904c.sol#7-8) should be declared external
ENS.setSubnodeOwner (/unique_chucks/38/0x2d915c3e78767b123bf56ab2daa49f74bb97904c.sol#8-9) should be declared external
ENS.setResolver (/unique_chucks/38/0x2d915c3e78767b123bf56ab2daa49f74bb97904c.sol#9-10) should be declared external
ENS.setTTL (/unique_chucks/38/0x2d915c3e78767b123bf56ab2daa49f74bb97904c.sol#10-12) should be declared external
ReverseRegistrar.setName (/unique_chucks/38/0x2d915c3e78767b123bf56ab2daa49f74bb97904c.sol#26-27) should be declared external
ReverseRegistrar.claimWithResolver (/unique_chucks/38/0x2d915c3e78767b123bf56ab2daa49f74bb97904c.sol#27-31) should be declared external
StandardToken.balanceOf (/unique_chucks/38/0x2d915c3e78767b123bf56ab2daa49f74bb97904c.sol#103-107) should be declared external
Token.balanceOf (/unique_chucks/38/0x2d915c3e78767b123bf56ab2daa49f74bb97904c.sol#45-47) should be declared external
Token.transfer (/unique_chucks/38/0x2d915c3e78767b123bf56ab2daa49f74bb97904c.sol#51-53) should be declared external
StandardToken.transfer (/unique_chucks/38/0x2d915c3e78767b123bf56ab2daa49f74bb97904c.sol#78-90) should be declared external
StandardToken.transferFrom (/unique_chucks/38/0x2d915c3e78767b123bf56ab2daa49f74bb97904c.sol#90-103) should be declared external
Token.transferFrom (/unique_chucks/38/0x2d915c3e78767b123bf56ab2daa49f74bb97904c.sol#58-60) should be declared external
Token.approve (/unique_chucks/38/0x2d915c3e78767b123bf56ab2daa49f74bb97904c.sol#64-66) should be declared external
StandardToken.approve (/unique_chucks/38/0x2d915c3e78767b123bf56ab2daa49f74bb97904c.sol#107-113) should be declared external
StandardToken.allowance (/unique_chucks/38/0x2d915c3e78767b123bf56ab2daa49f74bb97904c.sol#113-120) should be declared external
Token.allowance (/unique_chucks/38/0x2d915c3e78767b123bf56ab2daa49f74bb97904c.sol#69-71) should be declared external
ShibbolethToken.version (/unique_chucks/38/0x2d915c3e78767b123bf56ab2daa49f74bb97904c.sol#129) should be declared external
ShibbolethToken.decimals (/unique_chucks/38/0x2d915c3e78767b123bf56ab2daa49f74bb97904c.sol#129-132) should be declared external
ShibbolethToken.name (/unique_chucks/38/0x2d915c3e78767b123bf56ab2daa49f74bb97904c.sol#132-136) should be declared external
ShibbolethToken.issue (/unique_chucks/38/0x2d915c3e78767b123bf56ab2daa49f74bb97904c.sol#149-156) should be declared external
ShibbolethToken.burn (/unique_chucks/38/0x2d915c3e78767b123bf56ab2daa49f74bb97904c.sol#156-166) should be declared external
ShibbolethToken.setIssuer (/unique_chucks/38/0x2d915c3e78767b123bf56ab2daa49f74bb97904c.sol#166-169) should be declared external
ShibbolethTokenFactory.create (/unique_chucks/38/0x2d915c3e78767b123bf56ab2daa49f74bb97904c.sol#220-235) should be declared external
ShibbolethTokenFactory.supportsInterface (/unique_chucks/38/0x2d915c3e78767b123bf56ab2daa49f74bb97904c.sol#240-251) should be declared external
ShibbolethTokenFactory.addr (/unique_chucks/38/0x2d915c3e78767b123bf56ab2daa49f74bb97904c.sol#251-252) should be declared external
ShibbolethTokenFactory.ABI (/unique_chucks/38/0x2d915c3e78767b123bf56ab2daa49f74bb97904c.sol#252-264) should be declared external
ShibbolethTokenFactory.name (/unique_chucks/38/0x2d915c3e78767b123bf56ab2daa49f74bb97904c.sol) should be declared external
Reference: https://github.com/trailofbits/slither/wiki/Detectors-Documentation#public-function-that-could-be-declared-as-external[0m
INFO:Detectors:[92m
Detected issues with version pragma in /unique_chucks/38/0x2d915c3e78767b123bf56ab2daa49f74bb97904c.sol:
	- pragma solidity^0.4.8 (/unique_chucks/38/0x2d915c3e78767b123bf56ab2daa49f74bb97904c.sol#1): it allows old versions
Reference: https://github.com/trailofbits/slither/wiki/Detectors-Documentation#incorrect-version-of-solidity[0m
INFO:Detectors:[92m
Parameter '_owner' of StandardToken.balanceOf (/unique_chucks/38/0x2d915c3e78767b123bf56ab2daa49f74bb97904c.sol#106) is not in mixedCase
Parameter '_to' of StandardToken.transfer (/unique_chucks/38/0x2d915c3e78767b123bf56ab2daa49f74bb97904c.sol#78) is not in mixedCase
Parameter '_value' of StandardToken.transfer (/unique_chucks/38/0x2d915c3e78767b123bf56ab2daa49f74bb97904c.sol#78) is not in mixedCase
Parameter '_from' of StandardToken.transferFrom (/unique_chucks/38/0x2d915c3e78767b123bf56ab2daa49f74bb97904c.sol#91) is not in mixedCase
Parameter '_to' of StandardToken.transferFrom (/unique_chucks/38/0x2d915c3e78767b123bf56ab2daa49f74bb97904c.sol#91) is not in mixedCase
Parameter '_value' of StandardToken.transferFrom (/unique_chucks/38/0x2d915c3e78767b123bf56ab2daa49f74bb97904c.sol#91) is not in mixedCase
Parameter '_spender' of StandardToken.approve (/unique_chucks/38/0x2d915c3e78767b123bf56ab2daa49f74bb97904c.sol#107-108) is not in mixedCase
Parameter '_value' of StandardToken.approve (/unique_chucks/38/0x2d915c3e78767b123bf56ab2daa49f74bb97904c.sol#108) is not in mixedCase
Parameter '_owner' of StandardToken.allowance (/unique_chucks/38/0x2d915c3e78767b123bf56ab2daa49f74bb97904c.sol#113-116) is not in mixedCase
Parameter '_spender' of StandardToken.allowance (/unique_chucks/38/0x2d915c3e78767b123bf56ab2daa49f74bb97904c.sol#116) is not in mixedCase
Function 'ShibbolethToken.ShibbolethToken' (/unique_chucks/38/0x2d915c3e78767b123bf56ab2daa49f74bb97904c.sol#139-149) is not in mixedCase
Parameter '_ens' of ShibbolethToken.ShibbolethToken (/unique_chucks/38/0x2d915c3e78767b123bf56ab2daa49f74bb97904c.sol#140) is not in mixedCase
Parameter '_name' of ShibbolethToken.ShibbolethToken (/unique_chucks/38/0x2d915c3e78767b123bf56ab2daa49f74bb97904c.sol#140-141) is not in mixedCase
Parameter '_symbol' of ShibbolethToken.ShibbolethToken (/unique_chucks/38/0x2d915c3e78767b123bf56ab2daa49f74bb97904c.sol#141-142) is not in mixedCase
Parameter '_issuer' of ShibbolethToken.ShibbolethToken (/unique_chucks/38/0x2d915c3e78767b123bf56ab2daa49f74bb97904c.sol#142) is not in mixedCase
Parameter '_value' of ShibbolethToken.issue (/unique_chucks/38/0x2d915c3e78767b123bf56ab2daa49f74bb97904c.sol#150) is not in mixedCase
Parameter '_value' of ShibbolethToken.burn (/unique_chucks/38/0x2d915c3e78767b123bf56ab2daa49f74bb97904c.sol#157) is not in mixedCase
Parameter '_issuer' of ShibbolethToken.setIssuer (/unique_chucks/38/0x2d915c3e78767b123bf56ab2daa49f74bb97904c.sol#167) is not in mixedCase
Modifier 'ShibbolethToken.issuer_only' (/unique_chucks/38/0x2d915c3e78767b123bf56ab2daa49f74bb97904c.sol#136-138) is not in mixedCase
Function 'ShibbolethTokenFactory.ShibbolethTokenFactory' (/unique_chucks/38/0x2d915c3e78767b123bf56ab2daa49f74bb97904c.sol#212-220) is not in mixedCase
Parameter '_ens' of ShibbolethTokenFactory.ShibbolethTokenFactory (/unique_chucks/38/0x2d915c3e78767b123bf56ab2daa49f74bb97904c.sol#214-215) is not in mixedCase
Function 'ShibbolethTokenFactory.ABI' (/unique_chucks/38/0x2d915c3e78767b123bf56ab2daa49f74bb97904c.sol#252-264) is not in mixedCase
Constant 'ShibbolethTokenFactory.rootNode' (/unique_chucks/38/0x2d915c3e78767b123bf56ab2daa49f74bb97904c.sol#207-209) is not in UPPER_CASE_WITH_UNDERSCORES
Reference: https://github.com/trailofbits/slither/wiki/Detectors-Documentation#conformance-to-solidity-naming-conventions[0m
INFO:Slither:/unique_chucks/38/0x2d915c3e78767b123bf56ab2daa49f74bb97904c.sol analyzed (7 contracts), 66 result(s) found