INFO:Slither:Compilation warnings/errors on /unique_chucks/17/0xc0b1409a5c1a287250a3e974583d00a0010040e7.sol:
/unique_chucks/17/0xc0b1409a5c1a287250a3e974583d00a0010040e7.sol:133:5: Warning: Use of the "var" keyword is deprecated.
    var _allowance = allowed[_from][msg.sender];
    ^------------^
/unique_chucks/17/0xc0b1409a5c1a287250a3e974583d00a0010040e7.sol:180:3: Warning: Defining constructors as functions with the same name as the contract is deprecated. Use "constructor(...) { ... }" instead.
  function Ownable() {
  ^ (Relevant source part starts here and spans across multiple lines).
/unique_chucks/17/0xc0b1409a5c1a287250a3e974583d00a0010040e7.sol:298:3: Warning: Defining constructors as functions with the same name as the contract is deprecated. Use "constructor(...) { ... }" instead.
  function Crowdsale(uint256 _startBlock, uint256 _endBlock, uint256 _rate, address _wallet) {
  ^ (Relevant source part starts here and spans across multiple lines).
/unique_chucks/17/0xc0b1409a5c1a287250a3e974583d00a0010040e7.sol:392:3: Warning: Defining constructors as functions with the same name as the contract is deprecated. Use "constructor(...) { ... }" instead.
  function NatCoinCrowdsale(uint256 _startBlock, uint256 _endBlock, uint256 _rate, address _wallet) Crowdsale(_startBlock, _endBlock, _rate, _wallet) {
  ^ (Relevant source part starts here and spans across multiple lines).
/unique_chucks/17/0xc0b1409a5c1a287250a3e974583d00a0010040e7.sol:38:44: Warning: This declaration shadows an existing declaration.
  function totalSupply() constant returns (uint256 totalSupply);
                                           ^-----------------^
/unique_chucks/17/0xc0b1409a5c1a287250a3e974583d00a0010040e7.sol:38:3: The shadowed declaration is here:
  function totalSupply() constant returns (uint256 totalSupply);
  ^------------------------------------------------------------^

/unique_chucks/17/0xc0b1409a5c1a287250a3e974583d00a0010040e7.sol:107:44: Warning: This declaration shadows an existing declaration.
  function totalSupply() constant returns (uint256 totalSupply) {
                                           ^-----------------^
/unique_chucks/17/0xc0b1409a5c1a287250a3e974583d00a0010040e7.sol:107:3: The shadowed declaration is here:
  function totalSupply() constant returns (uint256 totalSupply) {
  ^ (Relevant source part starts here and spans across multiple lines).

/unique_chucks/17/0xc0b1409a5c1a287250a3e974583d00a0010040e7.sol:71:7: Warning: Invoking events without "emit" prefix is deprecated.
      Transfer(msg.sender, _to, _value);
      ^-------------------------------^
/unique_chucks/17/0xc0b1409a5c1a287250a3e974583d00a0010040e7.sol:141:5: Warning: Invoking events without "emit" prefix is deprecated.
    Transfer(_from, _to, _value);
    ^--------------------------^
/unique_chucks/17/0xc0b1409a5c1a287250a3e974583d00a0010040e7.sol:240:5: Warning: Invoking events without "emit" prefix is deprecated.
    Mint(_to, _amount);
    ^----------------^
/unique_chucks/17/0xc0b1409a5c1a287250a3e974583d00a0010040e7.sol:250:5: Warning: Invoking events without "emit" prefix is deprecated.
    MintFinished();
    ^------------^
/unique_chucks/17/0xc0b1409a5c1a287250a3e974583d00a0010040e7.sol:337:5: Warning: Invoking events without "emit" prefix is deprecated.
    TokenPurchase(msg.sender, beneficiary, weiAmount, tokens);
    ^-------------------------------------------------------^
/unique_chucks/17/0xc0b1409a5c1a287250a3e974583d00a0010040e7.sol:38:3: Warning: No visibility specified. Defaulting to "public". 
  function totalSupply() constant returns (uint256 totalSupply);
  ^------------------------------------------------------------^
/unique_chucks/17/0xc0b1409a5c1a287250a3e974583d00a0010040e7.sol:39:3: Warning: No visibility specified. Defaulting to "public". 
  function balanceOf(address _owner) constant returns (uint balance);
  ^-----------------------------------------------------------------^
/unique_chucks/17/0xc0b1409a5c1a287250a3e974583d00a0010040e7.sol:40:3: Warning: No visibility specified. Defaulting to "public". 
  function transfer(address _to, uint _value) returns (bool success);
  ^-----------------------------------------------------------------^
/unique_chucks/17/0xc0b1409a5c1a287250a3e974583d00a0010040e7.sol:41:3: Warning: No visibility specified. Defaulting to "public". 
  function transferFrom(address _from, address _to, uint _value) returns (bool success);
  ^------------------------------------------------------------------------------------^
/unique_chucks/17/0xc0b1409a5c1a287250a3e974583d00a0010040e7.sol:42:3: Warning: No visibility specified. Defaulting to "public". 
  function approve(address _spender, uint _value) returns (bool success);
  ^---------------------------------------------------------------------^
/unique_chucks/17/0xc0b1409a5c1a287250a3e974583d00a0010040e7.sol:43:3: Warning: No visibility specified. Defaulting to "public". 
  function allowance(address _owner, address _spender) constant returns (uint remaining);
  ^-------------------------------------------------------------------------------------^
/unique_chucks/17/0xc0b1409a5c1a287250a3e974583d00a0010040e7.sol:65:3: Warning: No visibility specified. Defaulting to "public". 
  function transfer(address _to, uint256 _value) returns (bool success) {
  ^ (Relevant source part starts here and spans across multiple lines).
/unique_chucks/17/0xc0b1409a5c1a287250a3e974583d00a0010040e7.sol:84:3: Warning: No visibility specified. Defaulting to "public". 
  function transferFrom(address _from,address _to, uint256 _amount) returns (bool success) {
  ^ (Relevant source part starts here and spans across multiple lines).
/unique_chucks/17/0xc0b1409a5c1a287250a3e974583d00a0010040e7.sol:103:3: Warning: No visibility specified. Defaulting to "public". 
  function balanceOf(address _owner) constant returns (uint256 balance) {
  ^ (Relevant source part starts here and spans across multiple lines).
/unique_chucks/17/0xc0b1409a5c1a287250a3e974583d00a0010040e7.sol:107:3: Warning: No visibility specified. Defaulting to "public". 
  function totalSupply() constant returns (uint256 totalSupply) {
  ^ (Relevant source part starts here and spans across multiple lines).
/unique_chucks/17/0xc0b1409a5c1a287250a3e974583d00a0010040e7.sol:132:3: Warning: No visibility specified. Defaulting to "public". 
  function transferFrom(address _from, address _to, uint256 _value) returns (bool) {
  ^ (Relevant source part starts here and spans across multiple lines).
/unique_chucks/17/0xc0b1409a5c1a287250a3e974583d00a0010040e7.sol:150:3: Warning: No visibility specified. Defaulting to "public". 
  function approve(address _spender, uint256 _value) returns (bool success) {
  ^ (Relevant source part starts here and spans across multiple lines).
/unique_chucks/17/0xc0b1409a5c1a287250a3e974583d00a0010040e7.sol:161:3: Warning: No visibility specified. Defaulting to "public". 
  function allowance(address _owner, address _spender) constant returns (uint256 remaining) {
  ^ (Relevant source part starts here and spans across multiple lines).
/unique_chucks/17/0xc0b1409a5c1a287250a3e974583d00a0010040e7.sol:180:3: Warning: No visibility specified. Defaulting to "public". 
  function Ownable() {
  ^ (Relevant source part starts here and spans across multiple lines).
/unique_chucks/17/0xc0b1409a5c1a287250a3e974583d00a0010040e7.sol:202:3: Warning: No visibility specified. Defaulting to "public". 
  function transferOwnership(address newOwner) onlyOwner {
  ^ (Relevant source part starts here and spans across multiple lines).
/unique_chucks/17/0xc0b1409a5c1a287250a3e974583d00a0010040e7.sol:237:3: Warning: No visibility specified. Defaulting to "public". 
  function mint(address _to, uint256 _amount) onlyOwner canMint returns (bool) {
  ^ (Relevant source part starts here and spans across multiple lines).
/unique_chucks/17/0xc0b1409a5c1a287250a3e974583d00a0010040e7.sol:248:3: Warning: No visibility specified. Defaulting to "public". 
  function finishMinting() onlyOwner returns (bool) {
  ^ (Relevant source part starts here and spans across multiple lines).
/unique_chucks/17/0xc0b1409a5c1a287250a3e974583d00a0010040e7.sol:298:3: Warning: No visibility specified. Defaulting to "public". 
  function Crowdsale(uint256 _startBlock, uint256 _endBlock, uint256 _rate, address _wallet) {
  ^ (Relevant source part starts here and spans across multiple lines).
/unique_chucks/17/0xc0b1409a5c1a287250a3e974583d00a0010040e7.sol:319:3: Warning: No visibility specified. Defaulting to "public". 
  function () payable {
  ^ (Relevant source part starts here and spans across multiple lines).
/unique_chucks/17/0xc0b1409a5c1a287250a3e974583d00a0010040e7.sol:324:3: Warning: No visibility specified. Defaulting to "public". 
  function buyTokens(address beneficiary) payable {
  ^ (Relevant source part starts here and spans across multiple lines).
/unique_chucks/17/0xc0b1409a5c1a287250a3e974583d00a0010040e7.sol:392:3: Warning: No visibility specified. Defaulting to "public". 
  function NatCoinCrowdsale(uint256 _startBlock, uint256 _endBlock, uint256 _rate, address _wallet) Crowdsale(_startBlock, _endBlock, _rate, _wallet) {
  ^ (Relevant source part starts here and spans across multiple lines).
/unique_chucks/17/0xc0b1409a5c1a287250a3e974583d00a0010040e7.sol:406:3: Warning: No visibility specified. Defaulting to "public". 
  function claimReservedTokens(address _to, uint256 _amount) payable onlyOwner {
  ^ (Relevant source part starts here and spans across multiple lines).
/unique_chucks/17/0xc0b1409a5c1a287250a3e974583d00a0010040e7.sol:412:3: Warning: No visibility specified. Defaulting to "public". 
  function claimPaymentTokens(address _to, uint256 _amount) payable onlyOwner {
  ^ (Relevant source part starts here and spans across multiple lines).
/unique_chucks/17/0xc0b1409a5c1a287250a3e974583d00a0010040e7.sol:418:3: Warning: No visibility specified. Defaulting to "public". 
  function claimCoreTokens(address _to, uint256 _amount) payable onlyOwner {
  ^ (Relevant source part starts here and spans across multiple lines).
/unique_chucks/17/0xc0b1409a5c1a287250a3e974583d00a0010040e7.sol:424:3: Warning: No visibility specified. Defaulting to "public". 
  function claimReveralTokens(address _to, uint256 _amount) payable onlyOwner {
  ^ (Relevant source part starts here and spans across multiple lines).
/unique_chucks/17/0xc0b1409a5c1a287250a3e974583d00a0010040e7.sol:8:3: Warning: Function state mutability can be restricted to pure
  function mul(uint256 a, uint256 b) internal constant returns (uint256) {
  ^ (Relevant source part starts here and spans across multiple lines).
/unique_chucks/17/0xc0b1409a5c1a287250a3e974583d00a0010040e7.sol:14:3: Warning: Function state mutability can be restricted to pure
  function div(uint256 a, uint256 b) internal constant returns (uint256) {
  ^ (Relevant source part starts here and spans across multiple lines).
/unique_chucks/17/0xc0b1409a5c1a287250a3e974583d00a0010040e7.sol:21:3: Warning: Function state mutability can be restricted to pure
  function sub(uint256 a, uint256 b) internal constant returns (uint256) {
  ^ (Relevant source part starts here and spans across multiple lines).
/unique_chucks/17/0xc0b1409a5c1a287250a3e974583d00a0010040e7.sol:26:3: Warning: Function state mutability can be restricted to pure
  function add(uint256 a, uint256 b) internal constant returns (uint256) {
  ^ (Relevant source part starts here and spans across multiple lines).
/unique_chucks/17/0xc0b1409a5c1a287250a3e974583d00a0010040e7.sol:379:3: Warning: Function state mutability can be restricted to view
  function getIcoSupply() public returns(uint256) { return icoSupply; }
  ^-------------------------------------------------------------------^
/unique_chucks/17/0xc0b1409a5c1a287250a3e974583d00a0010040e7.sol:380:3: Warning: Function state mutability can be restricted to view
  function getReserveSupply() public returns(uint256) { return reserveSupply; }
  ^---------------------------------------------------------------------------^
/unique_chucks/17/0xc0b1409a5c1a287250a3e974583d00a0010040e7.sol:381:3: Warning: Function state mutability can be restricted to view
  function getPaymentSupply() public returns(uint256) { return paymentSupply; }
  ^---------------------------------------------------------------------------^
/unique_chucks/17/0xc0b1409a5c1a287250a3e974583d00a0010040e7.sol:382:3: Warning: Function state mutability can be restricted to view
  function getCoreSupply() public returns(uint256) { return coreSupply; }
  ^---------------------------------------------------------------------^
/unique_chucks/17/0xc0b1409a5c1a287250a3e974583d00a0010040e7.sol:383:3: Warning: Function state mutability can be restricted to view
  function getReveralSupply() public returns(uint256) { return reveralSupply; }
  ^---------------------------------------------------------------------------^
/unique_chucks/17/0xc0b1409a5c1a287250a3e974583d00a0010040e7.sol:385:3: Warning: Function state mutability can be restricted to view
  function getUsedReserveSupply() public returns(uint256) { return usedReserveSupply; }
  ^-----------------------------------------------------------------------------------^
/unique_chucks/17/0xc0b1409a5c1a287250a3e974583d00a0010040e7.sol:386:3: Warning: Function state mutability can be restricted to view
  function getUsedPaymentSupply() public returns(uint256) { return usedPaymentSupply; }
  ^-----------------------------------------------------------------------------------^
/unique_chucks/17/0xc0b1409a5c1a287250a3e974583d00a0010040e7.sol:387:3: Warning: Function state mutability can be restricted to view
  function getUsedCoreSupply() public returns(uint256) { return usedCoreSupply; }
  ^-----------------------------------------------------------------------------^
/unique_chucks/17/0xc0b1409a5c1a287250a3e974583d00a0010040e7.sol:388:3: Warning: Function state mutability can be restricted to view
  function getUsedReveralSupply() public returns(uint256) { return usedReveralSupply; }
  ^-----------------------------------------------------------------------------------^

INFO:Detectors:[91m
StandardToken.allowed (/unique_chucks/17/0xc0b1409a5c1a287250a3e974583d00a0010040e7.sol#128) shadows:
	- BasicToken.allowed (/unique_chucks/17/0xc0b1409a5c1a287250a3e974583d00a0010040e7.sol#58-62)
Reference: https://github.com/trailofbits/slither/wiki/Detectors-Documentation#state-variable-shadowing[0m
INFO:Detectors:[91m
NatCoinCrowdsale.usedReserveSupply (/unique_chucks/17/0xc0b1409a5c1a287250a3e974583d00a0010040e7.sol#382) is never initialized. It is used in:
	- getUsedReserveSupply (/unique_chucks/17/0xc0b1409a5c1a287250a3e974583d00a0010040e7.sol#392)
	- claimReservedTokens (/unique_chucks/17/0xc0b1409a5c1a287250a3e974583d00a0010040e7.sol#415-421)
NatCoinCrowdsale.usedPaymentSupply (/unique_chucks/17/0xc0b1409a5c1a287250a3e974583d00a0010040e7.sol#382) is never initialized. It is used in:
	- getUsedPaymentSupply (/unique_chucks/17/0xc0b1409a5c1a287250a3e974583d00a0010040e7.sol#392-393)
	- claimPaymentTokens (/unique_chucks/17/0xc0b1409a5c1a287250a3e974583d00a0010040e7.sol#421-427)
NatCoinCrowdsale.usedCoreSupply (/unique_chucks/17/0xc0b1409a5c1a287250a3e974583d00a0010040e7.sol#383) is never initialized. It is used in:
	- getUsedCoreSupply (/unique_chucks/17/0xc0b1409a5c1a287250a3e974583d00a0010040e7.sol#393-395)
	- claimCoreTokens (/unique_chucks/17/0xc0b1409a5c1a287250a3e974583d00a0010040e7.sol#427-430)
NatCoinCrowdsale.usedReveralSupply (/unique_chucks/17/0xc0b1409a5c1a287250a3e974583d00a0010040e7.sol#383) is never initialized. It is used in:
	- getUsedReveralSupply (/unique_chucks/17/0xc0b1409a5c1a287250a3e974583d00a0010040e7.sol#395-400)
	- claimReveralTokens (/unique_chucks/17/0xc0b1409a5c1a287250a3e974583d00a0010040e7.sol)
NatCoinCrowdsale.natcoinTokenContract (/unique_chucks/17/0xc0b1409a5c1a287250a3e974583d00a0010040e7.sol#400) is never initialized. It is used in:
	- claimCoreTokens (/unique_chucks/17/0xc0b1409a5c1a287250a3e974583d00a0010040e7.sol#427-430)
	- claimReveralTokens (/unique_chucks/17/0xc0b1409a5c1a287250a3e974583d00a0010040e7.sol)
Reference: https://github.com/trailofbits/slither/wiki/Detectors-Documentation#uninitialized-state-variables[0m
INFO:Detectors:[93m
Reentrancy in NatCoinCrowdsale.claimCoreTokens (/unique_chucks/17/0xc0b1409a5c1a287250a3e974583d00a0010040e7.sol#427-430):
	External calls:
	- natcoinTokenContract.mint(_to,_amount) (/unique_chucks/17/0xc0b1409a5c1a287250a3e974583d00a0010040e7.sol)
	State variables written after the call(s):
	- coreSupply (/unique_chucks/17/0xc0b1409a5c1a287250a3e974583d00a0010040e7.sol)
Reentrancy in NatCoinCrowdsale.claimPaymentTokens (/unique_chucks/17/0xc0b1409a5c1a287250a3e974583d00a0010040e7.sol#421-427):
	External calls:
	- token.mint(_to,_amount) (/unique_chucks/17/0xc0b1409a5c1a287250a3e974583d00a0010040e7.sol#425-426)
	State variables written after the call(s):
	- paymentSupply (/unique_chucks/17/0xc0b1409a5c1a287250a3e974583d00a0010040e7.sol#426-427)
Reentrancy in NatCoinCrowdsale.claimReservedTokens (/unique_chucks/17/0xc0b1409a5c1a287250a3e974583d00a0010040e7.sol#415-421):
	External calls:
	- token.mint(_to,_amount) (/unique_chucks/17/0xc0b1409a5c1a287250a3e974583d00a0010040e7.sol#420)
	State variables written after the call(s):
	- reserveSupply (/unique_chucks/17/0xc0b1409a5c1a287250a3e974583d00a0010040e7.sol#420-421)
Reentrancy in NatCoinCrowdsale.claimReveralTokens (/unique_chucks/17/0xc0b1409a5c1a287250a3e974583d00a0010040e7.sol):
	External calls:
	- natcoinTokenContract.mint(_to,_amount) (/unique_chucks/17/0xc0b1409a5c1a287250a3e974583d00a0010040e7.sol)
	State variables written after the call(s):
	- reveralSupply (/unique_chucks/17/0xc0b1409a5c1a287250a3e974583d00a0010040e7.sol)
Reference: https://github.com/trailofbits/slither/wiki/Detectors-Documentation#reentrancy-vulnerabilities-1[0m
INFO:Detectors:[93m
Crowdsale.buyTokens (/unique_chucks/17/0xc0b1409a5c1a287250a3e974583d00a0010040e7.sol#336-351) does not use the value returned by external calls:
	-token.mint(beneficiary,tokens) (/unique_chucks/17/0xc0b1409a5c1a287250a3e974583d00a0010040e7.sol#348-349)
NatCoinCrowdsale.claimReservedTokens (/unique_chucks/17/0xc0b1409a5c1a287250a3e974583d00a0010040e7.sol#415-421) does not use the value returned by external calls:
	-token.mint(_to,_amount) (/unique_chucks/17/0xc0b1409a5c1a287250a3e974583d00a0010040e7.sol#420)
NatCoinCrowdsale.claimPaymentTokens (/unique_chucks/17/0xc0b1409a5c1a287250a3e974583d00a0010040e7.sol#421-427) does not use the value returned by external calls:
	-token.mint(_to,_amount) (/unique_chucks/17/0xc0b1409a5c1a287250a3e974583d00a0010040e7.sol#425-426)
NatCoinCrowdsale.claimCoreTokens (/unique_chucks/17/0xc0b1409a5c1a287250a3e974583d00a0010040e7.sol#427-430) does not use the value returned by external calls:
	-natcoinTokenContract.mint(_to,_amount) (/unique_chucks/17/0xc0b1409a5c1a287250a3e974583d00a0010040e7.sol)
NatCoinCrowdsale.claimReveralTokens (/unique_chucks/17/0xc0b1409a5c1a287250a3e974583d00a0010040e7.sol) does not use the value returned by external calls:
	-natcoinTokenContract.mint(_to,_amount) (/unique_chucks/17/0xc0b1409a5c1a287250a3e974583d00a0010040e7.sol)
Reference: https://github.com/trailofbits/slither/wiki/Detectors-Documentation#unused-return[0m
INFO:Detectors:[92m
ERC20.totalSupply.totalSupply (local variable @ /unique_chucks/17/0xc0b1409a5c1a287250a3e974583d00a0010040e7.sol#39) shadows:
	- ERC20.totalSupply (function @ /unique_chucks/17/0xc0b1409a5c1a287250a3e974583d00a0010040e7.sol#38-39)
BasicToken.totalSupply.totalSupply (local variable @ /unique_chucks/17/0xc0b1409a5c1a287250a3e974583d00a0010040e7.sol#117) shadows:
	- BasicToken.totalSupply (function @ /unique_chucks/17/0xc0b1409a5c1a287250a3e974583d00a0010040e7.sol#114-118)
	- ERC20.totalSupply (function @ /unique_chucks/17/0xc0b1409a5c1a287250a3e974583d00a0010040e7.sol#38-39)
Reference: https://github.com/trailofbits/slither/wiki/Detectors-Documentation#local-variable-shadowing[0m
INFO:Detectors:[92m
NatCoinCrowdsale.usedCoreSupply should be constant (/unique_chucks/17/0xc0b1409a5c1a287250a3e974583d00a0010040e7.sol#383)
NatCoinCrowdsale.usedIcoSupply should be constant (/unique_chucks/17/0xc0b1409a5c1a287250a3e974583d00a0010040e7.sol#381)
NatCoinCrowdsale.usedPaymentSupply should be constant (/unique_chucks/17/0xc0b1409a5c1a287250a3e974583d00a0010040e7.sol#382)
NatCoinCrowdsale.usedReserveSupply should be constant (/unique_chucks/17/0xc0b1409a5c1a287250a3e974583d00a0010040e7.sol#382)
NatCoinCrowdsale.usedReveralSupply should be constant (/unique_chucks/17/0xc0b1409a5c1a287250a3e974583d00a0010040e7.sol#383)
Reference: https://github.com/trailofbits/slither/wiki/Detectors-Documentation#state-variables-that-could-be-declared-constant[0m
INFO:Detectors:[92m
ERC20.totalSupply (/unique_chucks/17/0xc0b1409a5c1a287250a3e974583d00a0010040e7.sol#38-39) should be declared external
BasicToken.totalSupply (/unique_chucks/17/0xc0b1409a5c1a287250a3e974583d00a0010040e7.sol#114-118) should be declared external
BasicToken.balanceOf (/unique_chucks/17/0xc0b1409a5c1a287250a3e974583d00a0010040e7.sol#105-110) should be declared external
ERC20.balanceOf (/unique_chucks/17/0xc0b1409a5c1a287250a3e974583d00a0010040e7.sol#39-40) should be declared external
ERC20.transfer (/unique_chucks/17/0xc0b1409a5c1a287250a3e974583d00a0010040e7.sol#40-41) should be declared external
BasicToken.transfer (/unique_chucks/17/0xc0b1409a5c1a287250a3e974583d00a0010040e7.sol#65-79) should be declared external
BasicToken.transferFrom (/unique_chucks/17/0xc0b1409a5c1a287250a3e974583d00a0010040e7.sol#84-100) should be declared external
StandardToken.transferFrom (/unique_chucks/17/0xc0b1409a5c1a287250a3e974583d00a0010040e7.sol#133-147) should be declared external
ERC20.transferFrom (/unique_chucks/17/0xc0b1409a5c1a287250a3e974583d00a0010040e7.sol#41-42) should be declared external
StandardToken.approve (/unique_chucks/17/0xc0b1409a5c1a287250a3e974583d00a0010040e7.sol#156-157) should be declared external
ERC20.approve (/unique_chucks/17/0xc0b1409a5c1a287250a3e974583d00a0010040e7.sol#42-43) should be declared external
StandardToken.allowance (/unique_chucks/17/0xc0b1409a5c1a287250a3e974583d00a0010040e7.sol#169-170) should be declared external
ERC20.allowance (/unique_chucks/17/0xc0b1409a5c1a287250a3e974583d00a0010040e7.sol#43-44) should be declared external
Ownable.transferOwnership (/unique_chucks/17/0xc0b1409a5c1a287250a3e974583d00a0010040e7.sol#214-216) should be declared external
MintableToken.mint (/unique_chucks/17/0xc0b1409a5c1a287250a3e974583d00a0010040e7.sol#245-255) should be declared external
MintableToken.finishMinting (/unique_chucks/17/0xc0b1409a5c1a287250a3e974583d00a0010040e7.sol#258-263) should be declared external
Crowdsale.fallback (/unique_chucks/17/0xc0b1409a5c1a287250a3e974583d00a0010040e7.sol#331-334) should be declared external
Crowdsale.hasEnded (/unique_chucks/17/0xc0b1409a5c1a287250a3e974583d00a0010040e7.sol#374-377) should be declared external
NatCoinCrowdsale.getIcoSupply (/unique_chucks/17/0xc0b1409a5c1a287250a3e974583d00a0010040e7.sol#383-385) should be declared external
NatCoinCrowdsale.getReserveSupply (/unique_chucks/17/0xc0b1409a5c1a287250a3e974583d00a0010040e7.sol#385-386) should be declared external
NatCoinCrowdsale.getPaymentSupply (/unique_chucks/17/0xc0b1409a5c1a287250a3e974583d00a0010040e7.sol#386-387) should be declared external
NatCoinCrowdsale.getCoreSupply (/unique_chucks/17/0xc0b1409a5c1a287250a3e974583d00a0010040e7.sol#387-388) should be declared external
NatCoinCrowdsale.getReveralSupply (/unique_chucks/17/0xc0b1409a5c1a287250a3e974583d00a0010040e7.sol#388-392) should be declared external
NatCoinCrowdsale.getUsedReserveSupply (/unique_chucks/17/0xc0b1409a5c1a287250a3e974583d00a0010040e7.sol#392) should be declared external
NatCoinCrowdsale.getUsedPaymentSupply (/unique_chucks/17/0xc0b1409a5c1a287250a3e974583d00a0010040e7.sol#392-393) should be declared external
NatCoinCrowdsale.getUsedCoreSupply (/unique_chucks/17/0xc0b1409a5c1a287250a3e974583d00a0010040e7.sol#393-395) should be declared external
NatCoinCrowdsale.getUsedReveralSupply (/unique_chucks/17/0xc0b1409a5c1a287250a3e974583d00a0010040e7.sol#395-400) should be declared external
NatCoinCrowdsale.claimReservedTokens (/unique_chucks/17/0xc0b1409a5c1a287250a3e974583d00a0010040e7.sol#415-421) should be declared external
NatCoinCrowdsale.claimPaymentTokens (/unique_chucks/17/0xc0b1409a5c1a287250a3e974583d00a0010040e7.sol#421-427) should be declared external
NatCoinCrowdsale.claimCoreTokens (/unique_chucks/17/0xc0b1409a5c1a287250a3e974583d00a0010040e7.sol#427-430) should be declared external
NatCoinCrowdsale.claimReveralTokens (/unique_chucks/17/0xc0b1409a5c1a287250a3e974583d00a0010040e7.sol) should be declared external
Reference: https://github.com/trailofbits/slither/wiki/Detectors-Documentation#public-function-that-could-be-declared-as-external[0m
INFO:Detectors:[92m
Detected issues with version pragma in /unique_chucks/17/0xc0b1409a5c1a287250a3e974583d00a0010040e7.sol:
	- pragma solidity^0.4.11 (/unique_chucks/17/0xc0b1409a5c1a287250a3e974583d00a0010040e7.sol#1): it allows old versions
Reference: https://github.com/trailofbits/slither/wiki/Detectors-Documentation#incorrect-version-of-solidity[0m
INFO:Detectors:[92m
Variable 'ERC20._totalSupply' (/unique_chucks/17/0xc0b1409a5c1a287250a3e974583d00a0010040e7.sol#38) is not in mixedCase
Parameter '_owner' of BasicToken.balanceOf (/unique_chucks/17/0xc0b1409a5c1a287250a3e974583d00a0010040e7.sol#107) is not in mixedCase
Parameter '_to' of BasicToken.transfer (/unique_chucks/17/0xc0b1409a5c1a287250a3e974583d00a0010040e7.sol#66) is not in mixedCase
Parameter '_value' of BasicToken.transfer (/unique_chucks/17/0xc0b1409a5c1a287250a3e974583d00a0010040e7.sol#66) is not in mixedCase
Parameter '_from' of BasicToken.transferFrom (/unique_chucks/17/0xc0b1409a5c1a287250a3e974583d00a0010040e7.sol#85) is not in mixedCase
Parameter '_to' of BasicToken.transferFrom (/unique_chucks/17/0xc0b1409a5c1a287250a3e974583d00a0010040e7.sol#85-86) is not in mixedCase
Parameter '_amount' of BasicToken.transferFrom (/unique_chucks/17/0xc0b1409a5c1a287250a3e974583d00a0010040e7.sol#86) is not in mixedCase
Parameter '_from' of StandardToken.transferFrom (/unique_chucks/17/0xc0b1409a5c1a287250a3e974583d00a0010040e7.sol#135) is not in mixedCase
Parameter '_to' of StandardToken.transferFrom (/unique_chucks/17/0xc0b1409a5c1a287250a3e974583d00a0010040e7.sol#135) is not in mixedCase
Parameter '_value' of StandardToken.transferFrom (/unique_chucks/17/0xc0b1409a5c1a287250a3e974583d00a0010040e7.sol#135) is not in mixedCase
Parameter '_spender' of StandardToken.approve (/unique_chucks/17/0xc0b1409a5c1a287250a3e974583d00a0010040e7.sol#156) is not in mixedCase
Parameter '_value' of StandardToken.approve (/unique_chucks/17/0xc0b1409a5c1a287250a3e974583d00a0010040e7.sol#156) is not in mixedCase
Parameter '_owner' of StandardToken.allowance (/unique_chucks/17/0xc0b1409a5c1a287250a3e974583d00a0010040e7.sol#169) is not in mixedCase
Parameter '_spender' of StandardToken.allowance (/unique_chucks/17/0xc0b1409a5c1a287250a3e974583d00a0010040e7.sol#169) is not in mixedCase
Function 'Ownable.Ownable' (/unique_chucks/17/0xc0b1409a5c1a287250a3e974583d00a0010040e7.sol#188-191) is not in mixedCase
Parameter '_to' of MintableToken.mint (/unique_chucks/17/0xc0b1409a5c1a287250a3e974583d00a0010040e7.sol#245) is not in mixedCase
Parameter '_amount' of MintableToken.mint (/unique_chucks/17/0xc0b1409a5c1a287250a3e974583d00a0010040e7.sol#245-246) is not in mixedCase
Function 'Crowdsale.Crowdsale' (/unique_chucks/17/0xc0b1409a5c1a287250a3e974583d00a0010040e7.sol#306-320) is not in mixedCase
Parameter '_startBlock' of Crowdsale.Crowdsale (/unique_chucks/17/0xc0b1409a5c1a287250a3e974583d00a0010040e7.sol#306-307) is not in mixedCase
Parameter '_endBlock' of Crowdsale.Crowdsale (/unique_chucks/17/0xc0b1409a5c1a287250a3e974583d00a0010040e7.sol#308) is not in mixedCase
Parameter '_rate' of Crowdsale.Crowdsale (/unique_chucks/17/0xc0b1409a5c1a287250a3e974583d00a0010040e7.sol#308-311) is not in mixedCase
Parameter '_wallet' of Crowdsale.Crowdsale (/unique_chucks/17/0xc0b1409a5c1a287250a3e974583d00a0010040e7.sol#311) is not in mixedCase
Function 'NatCoinCrowdsale.NatCoinCrowdsale' (/unique_chucks/17/0xc0b1409a5c1a287250a3e974583d00a0010040e7.sol#401-409) is not in mixedCase
Parameter '_to' of NatCoinCrowdsale.claimReservedTokens (/unique_chucks/17/0xc0b1409a5c1a287250a3e974583d00a0010040e7.sol#418) is not in mixedCase
Parameter '_amount' of NatCoinCrowdsale.claimReservedTokens (/unique_chucks/17/0xc0b1409a5c1a287250a3e974583d00a0010040e7.sol#418) is not in mixedCase
Parameter '_to' of NatCoinCrowdsale.claimPaymentTokens (/unique_chucks/17/0xc0b1409a5c1a287250a3e974583d00a0010040e7.sol#424) is not in mixedCase
Parameter '_amount' of NatCoinCrowdsale.claimPaymentTokens (/unique_chucks/17/0xc0b1409a5c1a287250a3e974583d00a0010040e7.sol#424) is not in mixedCase
Parameter '_to' of NatCoinCrowdsale.claimCoreTokens (/unique_chucks/17/0xc0b1409a5c1a287250a3e974583d00a0010040e7.sol) is not in mixedCase
Parameter '_amount' of NatCoinCrowdsale.claimCoreTokens (/unique_chucks/17/0xc0b1409a5c1a287250a3e974583d00a0010040e7.sol) is not in mixedCase
Parameter '_to' of NatCoinCrowdsale.claimReveralTokens (/unique_chucks/17/0xc0b1409a5c1a287250a3e974583d00a0010040e7.sol) is not in mixedCase
Parameter '_amount' of NatCoinCrowdsale.claimReveralTokens (/unique_chucks/17/0xc0b1409a5c1a287250a3e974583d00a0010040e7.sol) is not in mixedCase
Reference: https://github.com/trailofbits/slither/wiki/Detectors-Documentation#conformance-to-solidity-naming-conventions[0m
INFO:Slither:/unique_chucks/17/0xc0b1409a5c1a287250a3e974583d00a0010040e7.sol analyzed (9 contracts), 81 result(s) found