INFO:Detectors:[92m
CYNTI.decimals should be constant (/unique_contracts/0x6e25435eddc0fc162927b68173edcd5dc6a32a53.sol#337-340)
CYNTI.initialSupply should be constant (/unique_contracts/0x6e25435eddc0fc162927b68173edcd5dc6a32a53.sol#340-343)
CYNTI.name should be constant (/unique_contracts/0x6e25435eddc0fc162927b68173edcd5dc6a32a53.sol#337)
CYNTI.symbol should be constant (/unique_contracts/0x6e25435eddc0fc162927b68173edcd5dc6a32a53.sol#334-335)
Reference: https://github.com/trailofbits/slither/wiki/Detectors-Documentation#state-variables-that-could-be-declared-constant[0m
INFO:Detectors:[92m
DSAuthority.canCall (/unique_contracts/0x6e25435eddc0fc162927b68173edcd5dc6a32a53.sol#7-12) should be declared external
DSAuth.setOwner (/unique_contracts/0x6e25435eddc0fc162927b68173edcd5dc6a32a53.sol#26-34) should be declared external
DSAuth.setAuthority (/unique_contracts/0x6e25435eddc0fc162927b68173edcd5dc6a32a53.sol#34-43) should be declared external
ERC20.totalSupply (/unique_contracts/0x6e25435eddc0fc162927b68173edcd5dc6a32a53.sol#137) should be declared external
DSTokenBase.totalSupply (/unique_contracts/0x6e25435eddc0fc162927b68173edcd5dc6a32a53.sol#165-166) should be declared external
ERC20.balanceOf (/unique_contracts/0x6e25435eddc0fc162927b68173edcd5dc6a32a53.sol#137-139) should be declared external
DSTokenBase.balanceOf (/unique_contracts/0x6e25435eddc0fc162927b68173edcd5dc6a32a53.sol#174-176) should be declared external
DSTokenBase.allowance (/unique_contracts/0x6e25435eddc0fc162927b68173edcd5dc6a32a53.sol#184-188) should be declared external
ERC20.allowance (/unique_contracts/0x6e25435eddc0fc162927b68173edcd5dc6a32a53.sol#139-140) should be declared external
DSTokenBase.transfer (/unique_contracts/0x6e25435eddc0fc162927b68173edcd5dc6a32a53.sol#194-195) should be declared external
ERC20.transfer (/unique_contracts/0x6e25435eddc0fc162927b68173edcd5dc6a32a53.sol#143-146) should be declared external
DSTokenBase.increaseAllowance (/unique_contracts/0x6e25435eddc0fc162927b68173edcd5dc6a32a53.sol#253-261) should be declared external
DSTokenBase.decreaseAllowance (/unique_contracts/0x6e25435eddc0fc162927b68173edcd5dc6a32a53.sol#275-292) should be declared external
DSStop.stop (/unique_contracts/0x6e25435eddc0fc162927b68173edcd5dc6a32a53.sol#328-329) should be declared external
DSStop.start (/unique_contracts/0x6e25435eddc0fc162927b68173edcd5dc6a32a53.sol#330-332) should be declared external
CYNTI.renounceOwnership (/unique_contracts/0x6e25435eddc0fc162927b68173edcd5dc6a32a53.sol#372-375) should be declared external
CYNTI.approve (/unique_contracts/0x6e25435eddc0fc162927b68173edcd5dc6a32a53.sol#376-378) should be declared external
CYNTI.burnfromAdmin (/unique_contracts/0x6e25435eddc0fc162927b68173edcd5dc6a32a53.sol) should be declared external
Reference: https://github.com/trailofbits/slither/wiki/Detectors-Documentation#public-function-that-could-be-declared-as-external[0m
INFO:Detectors:[92m
Parameter 'owner_0xCA6cF30bA88DdABD97a1703317f10c5488088C00' of DSAuth.setOwner (/unique_contracts/0x6e25435eddc0fc162927b68173edcd5dc6a32a53.sol#26-28) is not in mixedCase
Variable 'DSTokenBase._supply' (/unique_contracts/0x6e25435eddc0fc162927b68173edcd5dc6a32a53.sol#149-151) is not in mixedCase
Variable 'DSTokenBase._balances' (/unique_contracts/0x6e25435eddc0fc162927b68173edcd5dc6a32a53.sol#151-152) is not in mixedCase
Variable 'DSTokenBase._approvals' (/unique_contracts/0x6e25435eddc0fc162927b68173edcd5dc6a32a53.sol#153-157) is not in mixedCase
Reference: https://github.com/trailofbits/slither/wiki/Detectors-Documentation#conformance-to-solidity-naming-conventions[0m
INFO:Slither:/unique_contracts/0x6e25435eddc0fc162927b68173edcd5dc6a32a53.sol analyzed (10 contracts), 23 result(s) found