INFO:Slither:Compilation warnings/errors on /unique_chucks/14/0xc6ddbdedf43da59ea33165452451b8cdc8d79248.sol:
/unique_chucks/14/0xc6ddbdedf43da59ea33165452451b8cdc8d79248.sol:19:3: Warning: Defining constructors as functions with the same name as the contract is deprecated. Use "constructor(...) { ... }" instead.
  function Ownable() {
  ^ (Relevant source part starts here and spans across multiple lines).
/unique_chucks/14/0xc6ddbdedf43da59ea33165452451b8cdc8d79248.sol:107:2: Warning: Defining constructors as functions with the same name as the contract is deprecated. Use "constructor(...) { ... }" instead.
	function TopiaCoinSAFTSale(address _salesWallet, address _paymentManager) 
 ^ (Relevant source part starts here and spans across multiple lines).
/unique_chucks/14/0xc6ddbdedf43da59ea33165452451b8cdc8d79248.sol:39:5: Warning: Invoking events without "emit" prefix is deprecated.
    OwnershipTransferred(owner, newOwner);
    ^-----------------------------------^
/unique_chucks/14/0xc6ddbdedf43da59ea33165452451b8cdc8d79248.sol:56:3: Warning: Invoking events without "emit" prefix is deprecated.
		Finalized();
		^---------^
/unique_chucks/14/0xc6ddbdedf43da59ea33165452451b8cdc8d79248.sol:125:3: Warning: Invoking events without "emit" prefix is deprecated.
		SalesWalletUpdated(oldWalletAddress, _salesWallet);
		^------------------------------------------------^
/unique_chucks/14/0xc6ddbdedf43da59ea33165452451b8cdc8d79248.sol:136:3: Warning: Invoking events without "emit" prefix is deprecated.
		PaymentManagerUpdated(oldPaymentManager, _paymentManager);
		^-------------------------------------------------------^
/unique_chucks/14/0xc6ddbdedf43da59ea33165452451b8cdc8d79248.sol:145:3: Warning: Invoking events without "emit" prefix is deprecated.
		SaleOpen();
		^--------^
/unique_chucks/14/0xc6ddbdedf43da59ea33165452451b8cdc8d79248.sol:170:3: Warning: Invoking events without "emit" prefix is deprecated.
		PaymentExpected(_paymentIdentifier);
		^---------------------------------^
/unique_chucks/14/0xc6ddbdedf43da59ea33165452451b8cdc8d79248.sol:195:3: Warning: Invoking events without "emit" prefix is deprecated.
		PaymentExpectationCancelled(_paymentIdentifier);
		^---------------------------------------------^
/unique_chucks/14/0xc6ddbdedf43da59ea33165452451b8cdc8d79248.sol:228:3: Warning: Invoking events without "emit" prefix is deprecated.
		PaymentSubmitted (p.from, p.paymentIdentifier, p.paymentAmount);
		^-------------------------------------------------------------^
/unique_chucks/14/0xc6ddbdedf43da59ea33165452451b8cdc8d79248.sol:287:4: Warning: Invoking events without "emit" prefix is deprecated.
			PaymentAccepted (_payment.from, _payment.paymentIdentifier, _payment.paymentAmount);
			^---------------------------------------------------------------------------------^
/unique_chucks/14/0xc6ddbdedf43da59ea33165452451b8cdc8d79248.sol:289:4: Warning: Invoking events without "emit" prefix is deprecated.
			UnableToAcceptPayment (_payment.from, _payment.paymentIdentifier, _payment.paymentAmount);
			^---------------------------------------------------------------------------------------^
/unique_chucks/14/0xc6ddbdedf43da59ea33165452451b8cdc8d79248.sol:300:4: Warning: Invoking events without "emit" prefix is deprecated.
			PaymentRejected (_payment.from, _payment.paymentIdentifier, _payment.paymentAmount);
			^---------------------------------------------------------------------------------^
/unique_chucks/14/0xc6ddbdedf43da59ea33165452451b8cdc8d79248.sol:302:4: Warning: Invoking events without "emit" prefix is deprecated.
			UnableToRejectPayment (_payment.from, _payment.paymentIdentifier, _payment.paymentAmount);
			^---------------------------------------------------------------------------------------^
/unique_chucks/14/0xc6ddbdedf43da59ea33165452451b8cdc8d79248.sol:309:10: Warning: "sha3" has been deprecated in favour of "keccak256"
		return sha3(_paymentIdentifier, _amount, _nonce);
		       ^---------------------------------------^
/unique_chucks/14/0xc6ddbdedf43da59ea33165452451b8cdc8d79248.sol:309:10: Warning: This function only accepts a single "bytes" argument. Please use "abi.encodePacked(...)" or a similar function to encode the data.
		return sha3(_paymentIdentifier, _amount, _nonce);
		       ^---------------------------------------^
/unique_chucks/14/0xc6ddbdedf43da59ea33165452451b8cdc8d79248.sol:314:3: Warning: Invoking events without "emit" prefix is deprecated.
		SaleClosed();
		^----------^
/unique_chucks/14/0xc6ddbdedf43da59ea33165452451b8cdc8d79248.sol:19:3: Warning: No visibility specified. Defaulting to "public". 
  function Ownable() {
  ^ (Relevant source part starts here and spans across multiple lines).
/unique_chucks/14/0xc6ddbdedf43da59ea33165452451b8cdc8d79248.sol:107:2: Warning: No visibility specified. Defaulting to "public". 
	function TopiaCoinSAFTSale(address _salesWallet, address _paymentManager) 
 ^ (Relevant source part starts here and spans across multiple lines).
/unique_chucks/14/0xc6ddbdedf43da59ea33165452451b8cdc8d79248.sol:118:2: Warning: No visibility specified. Defaulting to "public". 
	function updateSalesWallet(address _salesWallet) onlyOwner {
 ^ (Relevant source part starts here and spans across multiple lines).
/unique_chucks/14/0xc6ddbdedf43da59ea33165452451b8cdc8d79248.sol:129:2: Warning: No visibility specified. Defaulting to "public". 
	function updatePaymentManager(address _paymentManager) onlyOwner {
 ^ (Relevant source part starts here and spans across multiple lines).
/unique_chucks/14/0xc6ddbdedf43da59ea33165452451b8cdc8d79248.sol:140:2: Warning: No visibility specified. Defaulting to "public". 
	function startSale() onlyOwner {
 ^ (Relevant source part starts here and spans across multiple lines).
/unique_chucks/14/0xc6ddbdedf43da59ea33165452451b8cdc8d79248.sol:149:2: Warning: No visibility specified. Defaulting to "public". 
	function expectPayment(bytes8 _paymentIdentifier, bytes32 _paymentHash) onlyOwnerOrManager {
 ^ (Relevant source part starts here and spans across multiple lines).
/unique_chucks/14/0xc6ddbdedf43da59ea33165452451b8cdc8d79248.sol:174:2: Warning: No visibility specified. Defaulting to "public". 
	function cancelExpectedPayment(bytes8 _paymentIdentifier) onlyOwnerOrManager {
 ^ (Relevant source part starts here and spans across multiple lines).
/unique_chucks/14/0xc6ddbdedf43da59ea33165452451b8cdc8d79248.sol:201:2: Warning: No visibility specified. Defaulting to "public". 
	function submitPayment(bytes8 _paymentIdentifier, uint32 nonce) payable {
 ^ (Relevant source part starts here and spans across multiple lines).
/unique_chucks/14/0xc6ddbdedf43da59ea33165452451b8cdc8d79248.sol:236:2: Warning: No visibility specified. Defaulting to "public". 
	function acceptPayment(bytes8 _paymentIdentifier) onlyOwnerOrManager {
 ^ (Relevant source part starts here and spans across multiple lines).
/unique_chucks/14/0xc6ddbdedf43da59ea33165452451b8cdc8d79248.sol:249:2: Warning: No visibility specified. Defaulting to "public". 
	function rejectPayment(bytes8 _paymentIdentifier) onlyOwnerOrManager {
 ^ (Relevant source part starts here and spans across multiple lines).
/unique_chucks/14/0xc6ddbdedf43da59ea33165452451b8cdc8d79248.sol:265:2: Warning: No visibility specified. Defaulting to "public". 
	function verifyPayment(bytes8 _paymentIdentifier) constant onlyOwnerOrManager returns (address from, uint256 paymentAmount, uint date, bytes32 paymentHash, uint8 status)  {
 ^ (Relevant source part starts here and spans across multiple lines).
/unique_chucks/14/0xc6ddbdedf43da59ea33165452451b8cdc8d79248.sol:273:2: Warning: No visibility specified. Defaulting to "public". 
	function kill() onlyOwner {
 ^ (Relevant source part starts here and spans across multiple lines).
/unique_chucks/14/0xc6ddbdedf43da59ea33165452451b8cdc8d79248.sol:308:2: Warning: No visibility specified. Defaulting to "public". 
	function calculateHash(bytes8 _paymentIdentifier, uint256 _amount, uint32 _nonce) constant returns (bytes32 hash) {
 ^ (Relevant source part starts here and spans across multiple lines).
/unique_chucks/14/0xc6ddbdedf43da59ea33165452451b8cdc8d79248.sol:61:2: Warning: Function state mutability can be restricted to pure
	function finalization() internal {
 ^ (Relevant source part starts here and spans across multiple lines).
/unique_chucks/14/0xc6ddbdedf43da59ea33165452451b8cdc8d79248.sol:308:2: Warning: Function state mutability can be restricted to pure
	function calculateHash(bytes8 _paymentIdentifier, uint256 _amount, uint32 _nonce) constant returns (bytes32 hash) {
 ^ (Relevant source part starts here and spans across multiple lines).

INFO:Detectors:[92m
TopiaCoinSAFTSale.ACCEPTED_STATUS should be constant (/unique_chucks/14/0xc6ddbdedf43da59ea33165452451b8cdc8d79248.sol#103)
TopiaCoinSAFTSale.PAID_STATUS should be constant (/unique_chucks/14/0xc6ddbdedf43da59ea33165452451b8cdc8d79248.sol#102-103)
TopiaCoinSAFTSale.PENDING_STATUS should be constant (/unique_chucks/14/0xc6ddbdedf43da59ea33165452451b8cdc8d79248.sol#100-102)
TopiaCoinSAFTSale.REJECTED_STATUS should be constant (/unique_chucks/14/0xc6ddbdedf43da59ea33165452451b8cdc8d79248.sol#103)
Reference: https://github.com/trailofbits/slither/wiki/Detectors-Documentation#state-variables-that-could-be-declared-constant[0m
INFO:Detectors:[92m
Deprecated standard detected @ /unique_chucks/14/0xc6ddbdedf43da59ea33165452451b8cdc8d79248.sol:
	- Usage of "sha3()" should be replaced with "keccak256()"
Reference: https://github.com/trailofbits/slither/wiki/Detectors-Documentation#deprecated-standards[0m
INFO:Detectors:[92m
Ownable.transferOwnership (/unique_chucks/14/0xc6ddbdedf43da59ea33165452451b8cdc8d79248.sol#37-47) should be declared external
Finalizable.finalize (/unique_chucks/14/0xc6ddbdedf43da59ea33165452451b8cdc8d79248.sol#52-66) should be declared external
TopiaCoinSAFTSale.updateSalesWallet (/unique_chucks/14/0xc6ddbdedf43da59ea33165452451b8cdc8d79248.sol#120-130) should be declared external
TopiaCoinSAFTSale.updatePaymentManager (/unique_chucks/14/0xc6ddbdedf43da59ea33165452451b8cdc8d79248.sol#131-141) should be declared external
TopiaCoinSAFTSale.startSale (/unique_chucks/14/0xc6ddbdedf43da59ea33165452451b8cdc8d79248.sol#148-149) should be declared external
TopiaCoinSAFTSale.expectPayment (/unique_chucks/14/0xc6ddbdedf43da59ea33165452451b8cdc8d79248.sol#151-175) should be declared external
TopiaCoinSAFTSale.cancelExpectedPayment (/unique_chucks/14/0xc6ddbdedf43da59ea33165452451b8cdc8d79248.sol#177-199) should be declared external
TopiaCoinSAFTSale.submitPayment (/unique_chucks/14/0xc6ddbdedf43da59ea33165452451b8cdc8d79248.sol#208-240) should be declared external
TopiaCoinSAFTSale.acceptPayment (/unique_chucks/14/0xc6ddbdedf43da59ea33165452451b8cdc8d79248.sol#243-253) should be declared external
TopiaCoinSAFTSale.rejectPayment (/unique_chucks/14/0xc6ddbdedf43da59ea33165452451b8cdc8d79248.sol#256-265) should be declared external
TopiaCoinSAFTSale.verifyPayment (/unique_chucks/14/0xc6ddbdedf43da59ea33165452451b8cdc8d79248.sol#268-279) should be declared external
TopiaCoinSAFTSale.kill (/unique_chucks/14/0xc6ddbdedf43da59ea33165452451b8cdc8d79248.sol#282-283) should be declared external
Reference: https://github.com/trailofbits/slither/wiki/Detectors-Documentation#public-function-that-could-be-declared-as-external[0m
INFO:Detectors:[92m
Detected issues with version pragma in /unique_chucks/14/0xc6ddbdedf43da59ea33165452451b8cdc8d79248.sol:
	- pragma solidity^0.4.15 (/unique_chucks/14/0xc6ddbdedf43da59ea33165452451b8cdc8d79248.sol#1): it allows old versions
Reference: https://github.com/trailofbits/slither/wiki/Detectors-Documentation#incorrect-version-of-solidity[0m
INFO:Detectors:[92m
Function 'Ownable.Ownable' (/unique_chucks/14/0xc6ddbdedf43da59ea33165452451b8cdc8d79248.sol#19-25) is not in mixedCase
Function 'TopiaCoinSAFTSale.TopiaCoinSAFTSale' (/unique_chucks/14/0xc6ddbdedf43da59ea33165452451b8cdc8d79248.sol#110-118) is not in mixedCase
Parameter '_salesWallet' of TopiaCoinSAFTSale.TopiaCoinSAFTSale (/unique_chucks/14/0xc6ddbdedf43da59ea33165452451b8cdc8d79248.sol#112) is not in mixedCase
Parameter '_paymentManager' of TopiaCoinSAFTSale.TopiaCoinSAFTSale (/unique_chucks/14/0xc6ddbdedf43da59ea33165452451b8cdc8d79248.sol#112-113) is not in mixedCase
Parameter '_salesWallet' of TopiaCoinSAFTSale.updateSalesWallet (/unique_chucks/14/0xc6ddbdedf43da59ea33165452451b8cdc8d79248.sol#122) is not in mixedCase
Parameter '_paymentManager' of TopiaCoinSAFTSale.updatePaymentManager (/unique_chucks/14/0xc6ddbdedf43da59ea33165452451b8cdc8d79248.sol#133) is not in mixedCase
Parameter '_paymentIdentifier' of TopiaCoinSAFTSale.expectPayment (/unique_chucks/14/0xc6ddbdedf43da59ea33165452451b8cdc8d79248.sol#151-152) is not in mixedCase
Parameter '_paymentHash' of TopiaCoinSAFTSale.expectPayment (/unique_chucks/14/0xc6ddbdedf43da59ea33165452451b8cdc8d79248.sol#153-154) is not in mixedCase
Parameter '_paymentIdentifier' of TopiaCoinSAFTSale.cancelExpectedPayment (/unique_chucks/14/0xc6ddbdedf43da59ea33165452451b8cdc8d79248.sol#179-180) is not in mixedCase
Parameter '_paymentIdentifier' of TopiaCoinSAFTSale.submitPayment (/unique_chucks/14/0xc6ddbdedf43da59ea33165452451b8cdc8d79248.sol#208) is not in mixedCase
Parameter '_paymentIdentifier' of TopiaCoinSAFTSale.acceptPayment (/unique_chucks/14/0xc6ddbdedf43da59ea33165452451b8cdc8d79248.sol#243-245) is not in mixedCase
Parameter '_paymentIdentifier' of TopiaCoinSAFTSale.rejectPayment (/unique_chucks/14/0xc6ddbdedf43da59ea33165452451b8cdc8d79248.sol#258-261) is not in mixedCase
Parameter '_paymentIdentifier' of TopiaCoinSAFTSale.verifyPayment (/unique_chucks/14/0xc6ddbdedf43da59ea33165452451b8cdc8d79248.sol#268) is not in mixedCase
Parameter '_payment' of TopiaCoinSAFTSale.sendPaymentToWallet (/unique_chucks/14/0xc6ddbdedf43da59ea33165452451b8cdc8d79248.sol#289) is not in mixedCase
Parameter '_payment' of TopiaCoinSAFTSale.refundPayment (/unique_chucks/14/0xc6ddbdedf43da59ea33165452451b8cdc8d79248.sol#302) is not in mixedCase
Parameter '_paymentIdentifier' of TopiaCoinSAFTSale.calculateHash (/unique_chucks/14/0xc6ddbdedf43da59ea33165452451b8cdc8d79248.sol) is not in mixedCase
Parameter '_amount' of TopiaCoinSAFTSale.calculateHash (/unique_chucks/14/0xc6ddbdedf43da59ea33165452451b8cdc8d79248.sol) is not in mixedCase
Parameter '_nonce' of TopiaCoinSAFTSale.calculateHash (/unique_chucks/14/0xc6ddbdedf43da59ea33165452451b8cdc8d79248.sol) is not in mixedCase
Variable 'TopiaCoinSAFTSale.PENDING_STATUS' (/unique_chucks/14/0xc6ddbdedf43da59ea33165452451b8cdc8d79248.sol#100-102) is not in mixedCase
Variable 'TopiaCoinSAFTSale.PAID_STATUS' (/unique_chucks/14/0xc6ddbdedf43da59ea33165452451b8cdc8d79248.sol#102-103) is not in mixedCase
Variable 'TopiaCoinSAFTSale.ACCEPTED_STATUS' (/unique_chucks/14/0xc6ddbdedf43da59ea33165452451b8cdc8d79248.sol#103) is not in mixedCase
Variable 'TopiaCoinSAFTSale.REJECTED_STATUS' (/unique_chucks/14/0xc6ddbdedf43da59ea33165452451b8cdc8d79248.sol#103) is not in mixedCase
Reference: https://github.com/trailofbits/slither/wiki/Detectors-Documentation#conformance-to-solidity-naming-conventions[0m
INFO:Slither:/unique_chucks/14/0xc6ddbdedf43da59ea33165452451b8cdc8d79248.sol analyzed (3 contracts), 37 result(s) found