INFO:Detectors:[92m
Ownable.owner (/unique_chucks/7/0x45e0c051a52720b076bf845280c50250723941ef.sol#28-32) should be declared external
Ownable.renounceOwnership (/unique_chucks/7/0x45e0c051a52720b076bf845280c50250723941ef.sol#41-46) should be declared external
Ownable.transferOwnership (/unique_chucks/7/0x45e0c051a52720b076bf845280c50250723941ef.sol#46-50) should be declared external
IERC20.transfer (/unique_chucks/7/0x45e0c051a52720b076bf845280c50250723941ef.sol#4-6) should be declared external
UnanimitySacrednessDefrayTechnically.transfer (/unique_chucks/7/0x45e0c051a52720b076bf845280c50250723941ef.sol#105-118) should be declared external
UnanimitySacrednessDefrayTechnically.approve (/unique_chucks/7/0x45e0c051a52720b076bf845280c50250723941ef.sol#118-125) should be declared external
IERC20.approve (/unique_chucks/7/0x45e0c051a52720b076bf845280c50250723941ef.sol#6-8) should be declared external
UnanimitySacrednessDefrayTechnically.transferFrom (/unique_chucks/7/0x45e0c051a52720b076bf845280c50250723941ef.sol#125-136) should be declared external
IERC20.transferFrom (/unique_chucks/7/0x45e0c051a52720b076bf845280c50250723941ef.sol#8-10) should be declared external
Reference: https://github.com/trailofbits/slither/wiki/Detectors-Documentation#public-function-that-could-be-declared-as-external[0m
INFO:Detectors:[92m
Detected issues with version pragma in /unique_chucks/7/0x45e0c051a52720b076bf845280c50250723941ef.sol:
	- pragma solidity>=0.4.22<0.6.0 (/unique_chucks/7/0x45e0c051a52720b076bf845280c50250723941ef.sol#1): it allows old versions
Reference: https://github.com/trailofbits/slither/wiki/Detectors-Documentation#incorrect-version-of-solidity[0m
INFO:Detectors:[92m
Function 'Ownable._transferOwnership' (/unique_chucks/7/0x45e0c051a52720b076bf845280c50250723941ef.sol#50-59) is not in mixedCase
Parameter '_to' of UnanimitySacrednessDefrayTechnically.transfer (/unique_chucks/7/0x45e0c051a52720b076bf845280c50250723941ef.sol#106-107) is not in mixedCase
Parameter '_value' of UnanimitySacrednessDefrayTechnically.transfer (/unique_chucks/7/0x45e0c051a52720b076bf845280c50250723941ef.sol#107) is not in mixedCase
Parameter '_spender' of UnanimitySacrednessDefrayTechnically.approve (/unique_chucks/7/0x45e0c051a52720b076bf845280c50250723941ef.sol#118) is not in mixedCase
Parameter '_value' of UnanimitySacrednessDefrayTechnically.approve (/unique_chucks/7/0x45e0c051a52720b076bf845280c50250723941ef.sol#119) is not in mixedCase
Parameter '_from' of UnanimitySacrednessDefrayTechnically.transferFrom (/unique_chucks/7/0x45e0c051a52720b076bf845280c50250723941ef.sol#126) is not in mixedCase
Parameter '_to' of UnanimitySacrednessDefrayTechnically.transferFrom (/unique_chucks/7/0x45e0c051a52720b076bf845280c50250723941ef.sol#127) is not in mixedCase
Parameter '_value' of UnanimitySacrednessDefrayTechnically.transferFrom (/unique_chucks/7/0x45e0c051a52720b076bf845280c50250723941ef.sol#127) is not in mixedCase
Reference: https://github.com/trailofbits/slither/wiki/Detectors-Documentation#conformance-to-solidity-naming-conventions[0m
INFO:Slither:/unique_chucks/7/0x45e0c051a52720b076bf845280c50250723941ef.sol analyzed (4 contracts), 18 result(s) found