INFO:Slither:Compilation warnings/errors on /unique_chucks/28/0xb17c57d1431d0f14a2bf44c72f4fbe3e656ec85d.sol:
/unique_chucks/28/0xb17c57d1431d0f14a2bf44c72f4fbe3e656ec85d.sol:29:2: Warning: Defining constructors as functions with the same name as the contract is deprecated. Use "constructor(...) { ... }" instead.
	function Owned() {
 ^ (Relevant source part starts here and spans across multiple lines).
/unique_chucks/28/0xb17c57d1431d0f14a2bf44c72f4fbe3e656ec85d.sol:202:2: Warning: Defining constructors as functions with the same name as the contract is deprecated. Use "constructor(...) { ... }" instead.
	function Controller() {
 ^ (Relevant source part starts here and spans across multiple lines).
/unique_chucks/28/0xb17c57d1431d0f14a2bf44c72f4fbe3e656ec85d.sol:282:2: Warning: Defining constructors as functions with the same name as the contract is deprecated. Use "constructor(...) { ... }" instead.
	function Ledger() {
 ^ (Relevant source part starts here and spans across multiple lines).
/unique_chucks/28/0xb17c57d1431d0f14a2bf44c72f4fbe3e656ec85d.sol:327:3: Warning: Use of the "var" keyword is deprecated.
		var allowed = allowance[_from][_spender];
		^---------^
/unique_chucks/28/0xb17c57d1431d0f14a2bf44c72f4fbe3e656ec85d.sol:108:3: Warning: Invoking events without "emit" prefix is deprecated.
		Motd(_m);
		^------^
/unique_chucks/28/0xb17c57d1431d0f14a2bf44c72f4fbe3e656ec85d.sol:131:4: Warning: Invoking events without "emit" prefix is deprecated.
			Transfer(msg.sender, _to, _value);
			^-------------------------------^
/unique_chucks/28/0xb17c57d1431d0f14a2bf44c72f4fbe3e656ec85d.sol:139:4: Warning: Invoking events without "emit" prefix is deprecated.
			Transfer(_from, _to, _value);
			^--------------------------^
/unique_chucks/28/0xb17c57d1431d0f14a2bf44c72f4fbe3e656ec85d.sol:148:4: Warning: Invoking events without "emit" prefix is deprecated.
			Approval(msg.sender, _spender, _value);
			^------------------------------------^
/unique_chucks/28/0xb17c57d1431d0f14a2bf44c72f4fbe3e656ec85d.sol:157:4: Warning: Invoking events without "emit" prefix is deprecated.
			Approval(msg.sender, _spender, newval);
			^------------------------------------^
/unique_chucks/28/0xb17c57d1431d0f14a2bf44c72f4fbe3e656ec85d.sol:166:4: Warning: Invoking events without "emit" prefix is deprecated.
			Approval(msg.sender, _spender, newval);
			^------------------------------------^
/unique_chucks/28/0xb17c57d1431d0f14a2bf44c72f4fbe3e656ec85d.sol:179:3: Warning: Invoking events without "emit" prefix is deprecated.
		Transfer(msg.sender, 0x0, _amount);
		^--------------------------------^
/unique_chucks/28/0xb17c57d1431d0f14a2bf44c72f4fbe3e656ec85d.sol:190:3: Warning: Invoking events without "emit" prefix is deprecated.
		Transfer(_from, _to, _value);
		^--------------------------^
/unique_chucks/28/0xb17c57d1431d0f14a2bf44c72f4fbe3e656ec85d.sol:194:3: Warning: Invoking events without "emit" prefix is deprecated.
		Approval(_owner, _spender, _value);
		^--------------------------------^
/unique_chucks/28/0xb17c57d1431d0f14a2bf44c72f4fbe3e656ec85d.sol:29:2: Warning: No visibility specified. Defaulting to "public". 
	function Owned() {
 ^ (Relevant source part starts here and spans across multiple lines).
/unique_chucks/28/0xb17c57d1431d0f14a2bf44c72f4fbe3e656ec85d.sol:38:2: Warning: No visibility specified. Defaulting to "public". 
	function changeOwner(address _newOwner) onlyOwner {
 ^ (Relevant source part starts here and spans across multiple lines).
/unique_chucks/28/0xb17c57d1431d0f14a2bf44c72f4fbe3e656ec85d.sol:42:2: Warning: No visibility specified. Defaulting to "public". 
	function acceptOwnership() {
 ^ (Relevant source part starts here and spans across multiple lines).
/unique_chucks/28/0xb17c57d1431d0f14a2bf44c72f4fbe3e656ec85d.sol:52:2: Warning: No visibility specified. Defaulting to "public". 
	function pause() onlyOwner {
 ^ (Relevant source part starts here and spans across multiple lines).
/unique_chucks/28/0xb17c57d1431d0f14a2bf44c72f4fbe3e656ec85d.sol:56:2: Warning: No visibility specified. Defaulting to "public". 
	function unpause() onlyOwner {
 ^ (Relevant source part starts here and spans across multiple lines).
/unique_chucks/28/0xb17c57d1431d0f14a2bf44c72f4fbe3e656ec85d.sol:69:2: Warning: No visibility specified. Defaulting to "public". 
	function finalize() onlyOwner {
 ^ (Relevant source part starts here and spans across multiple lines).
/unique_chucks/28/0xb17c57d1431d0f14a2bf44c72f4fbe3e656ec85d.sol:80:2: Warning: No visibility specified. Defaulting to "public". 
	function transfer(address _to, uint _value) returns (bool);
	^---------------------------------------------------------^
/unique_chucks/28/0xb17c57d1431d0f14a2bf44c72f4fbe3e656ec85d.sol:81:2: Warning: No visibility specified. Defaulting to "public". 
	function balanceOf(address owner) returns(uint);
	^----------------------------------------------^
/unique_chucks/28/0xb17c57d1431d0f14a2bf44c72f4fbe3e656ec85d.sol:85:2: Warning: No visibility specified. Defaulting to "public". 
	function claimTokens(address _token, address _to) onlyOwner returns (bool) {
 ^ (Relevant source part starts here and spans across multiple lines).
/unique_chucks/28/0xb17c57d1431d0f14a2bf44c72f4fbe3e656ec85d.sol:106:2: Warning: No visibility specified. Defaulting to "public". 
	function setMotd(string _m) onlyOwner {
 ^ (Relevant source part starts here and spans across multiple lines).
/unique_chucks/28/0xb17c57d1431d0f14a2bf44c72f4fbe3e656ec85d.sol:111:2: Warning: No visibility specified. Defaulting to "public". 
	function setController(address _c) onlyOwner notFinalized {
 ^ (Relevant source part starts here and spans across multiple lines).
/unique_chucks/28/0xb17c57d1431d0f14a2bf44c72f4fbe3e656ec85d.sol:117:2: Warning: No visibility specified. Defaulting to "public". 
	function balanceOf(address a) constant returns (uint) {
 ^ (Relevant source part starts here and spans across multiple lines).
/unique_chucks/28/0xb17c57d1431d0f14a2bf44c72f4fbe3e656ec85d.sol:121:2: Warning: No visibility specified. Defaulting to "public". 
	function totalSupply() constant returns (uint) {
 ^ (Relevant source part starts here and spans across multiple lines).
/unique_chucks/28/0xb17c57d1431d0f14a2bf44c72f4fbe3e656ec85d.sol:125:2: Warning: No visibility specified. Defaulting to "public". 
	function allowance(address _owner, address _spender) constant returns (uint) {
 ^ (Relevant source part starts here and spans across multiple lines).
/unique_chucks/28/0xb17c57d1431d0f14a2bf44c72f4fbe3e656ec85d.sol:129:2: Warning: No visibility specified. Defaulting to "public". 
	function transfer(address _to, uint _value) onlyPayloadSize(2) notPaused returns (bool success) {
 ^ (Relevant source part starts here and spans across multiple lines).
/unique_chucks/28/0xb17c57d1431d0f14a2bf44c72f4fbe3e656ec85d.sol:137:2: Warning: No visibility specified. Defaulting to "public". 
	function transferFrom(address _from, address _to, uint _value) onlyPayloadSize(3) notPaused returns (bool success) {
 ^ (Relevant source part starts here and spans across multiple lines).
/unique_chucks/28/0xb17c57d1431d0f14a2bf44c72f4fbe3e656ec85d.sol:145:2: Warning: No visibility specified. Defaulting to "public". 
	function approve(address _spender, uint _value) onlyPayloadSize(2) notPaused returns (bool success) {
 ^ (Relevant source part starts here and spans across multiple lines).
/unique_chucks/28/0xb17c57d1431d0f14a2bf44c72f4fbe3e656ec85d.sol:154:2: Warning: No visibility specified. Defaulting to "public". 
	function increaseApproval (address _spender, uint _addedValue) onlyPayloadSize(2) notPaused returns (bool success) {
 ^ (Relevant source part starts here and spans across multiple lines).
/unique_chucks/28/0xb17c57d1431d0f14a2bf44c72f4fbe3e656ec85d.sol:163:2: Warning: No visibility specified. Defaulting to "public". 
	function decreaseApproval (address _spender, uint _subtractedValue) onlyPayloadSize(2) notPaused returns (bool success) {
 ^ (Relevant source part starts here and spans across multiple lines).
/unique_chucks/28/0xb17c57d1431d0f14a2bf44c72f4fbe3e656ec85d.sol:177:2: Warning: No visibility specified. Defaulting to "public". 
	function burn(uint _amount) notPaused {
 ^ (Relevant source part starts here and spans across multiple lines).
/unique_chucks/28/0xb17c57d1431d0f14a2bf44c72f4fbe3e656ec85d.sol:189:2: Warning: No visibility specified. Defaulting to "public". 
	function controllerTransfer(address _from, address _to, uint _value) onlyController {
 ^ (Relevant source part starts here and spans across multiple lines).
/unique_chucks/28/0xb17c57d1431d0f14a2bf44c72f4fbe3e656ec85d.sol:193:2: Warning: No visibility specified. Defaulting to "public". 
	function controllerApprove(address _owner, address _spender, uint _value) onlyController {
 ^ (Relevant source part starts here and spans across multiple lines).
/unique_chucks/28/0xb17c57d1431d0f14a2bf44c72f4fbe3e656ec85d.sol:202:2: Warning: No visibility specified. Defaulting to "public". 
	function Controller() {
 ^ (Relevant source part starts here and spans across multiple lines).
/unique_chucks/28/0xb17c57d1431d0f14a2bf44c72f4fbe3e656ec85d.sol:207:2: Warning: No visibility specified. Defaulting to "public". 
	function setToken(address _token) onlyOwner {
 ^ (Relevant source part starts here and spans across multiple lines).
/unique_chucks/28/0xb17c57d1431d0f14a2bf44c72f4fbe3e656ec85d.sol:211:2: Warning: No visibility specified. Defaulting to "public". 
	function setLedger(address _ledger) onlyOwner {
 ^ (Relevant source part starts here and spans across multiple lines).
/unique_chucks/28/0xb17c57d1431d0f14a2bf44c72f4fbe3e656ec85d.sol:227:2: Warning: No visibility specified. Defaulting to "public". 
	function totalSupply() constant returns (uint) {
 ^ (Relevant source part starts here and spans across multiple lines).
/unique_chucks/28/0xb17c57d1431d0f14a2bf44c72f4fbe3e656ec85d.sol:231:2: Warning: No visibility specified. Defaulting to "public". 
	function balanceOf(address _a) constant returns (uint) {
 ^ (Relevant source part starts here and spans across multiple lines).
/unique_chucks/28/0xb17c57d1431d0f14a2bf44c72f4fbe3e656ec85d.sol:235:2: Warning: No visibility specified. Defaulting to "public". 
	function allowance(address _owner, address _spender) constant returns (uint) {
 ^ (Relevant source part starts here and spans across multiple lines).
/unique_chucks/28/0xb17c57d1431d0f14a2bf44c72f4fbe3e656ec85d.sol:241:2: Warning: No visibility specified. Defaulting to "public". 
	function ledgerTransfer(address from, address to, uint val) onlyLedger {
 ^ (Relevant source part starts here and spans across multiple lines).
/unique_chucks/28/0xb17c57d1431d0f14a2bf44c72f4fbe3e656ec85d.sol:247:2: Warning: No visibility specified. Defaulting to "public". 
	function transfer(address _from, address _to, uint _value) onlyToken returns (bool success) {
 ^ (Relevant source part starts here and spans across multiple lines).
/unique_chucks/28/0xb17c57d1431d0f14a2bf44c72f4fbe3e656ec85d.sol:251:2: Warning: No visibility specified. Defaulting to "public". 
	function transferFrom(address _spender, address _from, address _to, uint _value) onlyToken returns (bool success) {
 ^ (Relevant source part starts here and spans across multiple lines).
/unique_chucks/28/0xb17c57d1431d0f14a2bf44c72f4fbe3e656ec85d.sol:255:2: Warning: No visibility specified. Defaulting to "public". 
	function approve(address _owner, address _spender, uint _value) onlyToken returns (bool success) {
 ^ (Relevant source part starts here and spans across multiple lines).
/unique_chucks/28/0xb17c57d1431d0f14a2bf44c72f4fbe3e656ec85d.sol:259:2: Warning: No visibility specified. Defaulting to "public". 
	function increaseApproval (address _owner, address _spender, uint _addedValue) onlyToken returns (bool success) {
 ^ (Relevant source part starts here and spans across multiple lines).
/unique_chucks/28/0xb17c57d1431d0f14a2bf44c72f4fbe3e656ec85d.sol:263:2: Warning: No visibility specified. Defaulting to "public". 
	function decreaseApproval (address _owner, address _spender, uint _subtractedValue) onlyToken returns (bool success) {
 ^ (Relevant source part starts here and spans across multiple lines).
/unique_chucks/28/0xb17c57d1431d0f14a2bf44c72f4fbe3e656ec85d.sol:267:2: Warning: No visibility specified. Defaulting to "public". 
	function burn(address _owner, uint _amount) onlyToken {
 ^ (Relevant source part starts here and spans across multiple lines).
/unique_chucks/28/0xb17c57d1431d0f14a2bf44c72f4fbe3e656ec85d.sol:282:2: Warning: No visibility specified. Defaulting to "public". 
	function Ledger() {
 ^ (Relevant source part starts here and spans across multiple lines).
/unique_chucks/28/0xb17c57d1431d0f14a2bf44c72f4fbe3e656ec85d.sol:285:2: Warning: No visibility specified. Defaulting to "public". 
	function setController(address _controller) onlyOwner notFinalized {
 ^ (Relevant source part starts here and spans across multiple lines).
/unique_chucks/28/0xb17c57d1431d0f14a2bf44c72f4fbe3e656ec85d.sol:289:2: Warning: No visibility specified. Defaulting to "public". 
	function stopMinting() onlyOwner {
 ^ (Relevant source part starts here and spans across multiple lines).
/unique_chucks/28/0xb17c57d1431d0f14a2bf44c72f4fbe3e656ec85d.sol:316:2: Warning: No visibility specified. Defaulting to "public". 
	function transfer(address _from, address _to, uint _value) onlyController returns (bool success) {
 ^ (Relevant source part starts here and spans across multiple lines).
/unique_chucks/28/0xb17c57d1431d0f14a2bf44c72f4fbe3e656ec85d.sol:324:2: Warning: No visibility specified. Defaulting to "public". 
	function transferFrom(address _spender, address _from, address _to, uint _value) onlyController returns (bool success) {
 ^ (Relevant source part starts here and spans across multiple lines).
/unique_chucks/28/0xb17c57d1431d0f14a2bf44c72f4fbe3e656ec85d.sol:336:2: Warning: No visibility specified. Defaulting to "public". 
	function approve(address _owner, address _spender, uint _value) onlyController returns (bool success) {
 ^ (Relevant source part starts here and spans across multiple lines).
/unique_chucks/28/0xb17c57d1431d0f14a2bf44c72f4fbe3e656ec85d.sol:346:2: Warning: No visibility specified. Defaulting to "public". 
	function increaseApproval (address _owner, address _spender, uint _addedValue) onlyController returns (bool success) {
 ^ (Relevant source part starts here and spans across multiple lines).
/unique_chucks/28/0xb17c57d1431d0f14a2bf44c72f4fbe3e656ec85d.sol:352:2: Warning: No visibility specified. Defaulting to "public". 
	function decreaseApproval (address _owner, address _spender, uint _subtractedValue) onlyController returns (bool success) {
 ^ (Relevant source part starts here and spans across multiple lines).
/unique_chucks/28/0xb17c57d1431d0f14a2bf44c72f4fbe3e656ec85d.sol:362:2: Warning: No visibility specified. Defaulting to "public". 
	function burn(address _owner, uint _amount) onlyController {
 ^ (Relevant source part starts here and spans across multiple lines).
/unique_chucks/28/0xb17c57d1431d0f14a2bf44c72f4fbe3e656ec85d.sol:6:5: Warning: Function state mutability can be restricted to pure
    function safeMul(uint a, uint b) internal returns (uint) {
    ^ (Relevant source part starts here and spans across multiple lines).
/unique_chucks/28/0xb17c57d1431d0f14a2bf44c72f4fbe3e656ec85d.sol:12:5: Warning: Function state mutability can be restricted to pure
    function safeSub(uint a, uint b) internal returns (uint) {
    ^ (Relevant source part starts here and spans across multiple lines).
/unique_chucks/28/0xb17c57d1431d0f14a2bf44c72f4fbe3e656ec85d.sol:17:5: Warning: Function state mutability can be restricted to pure
    function safeAdd(uint a, uint b) internal returns (uint) {
    ^ (Relevant source part starts here and spans across multiple lines).

INFO:Detectors:[92m
Ledger.multiMint has external calls inside a loop:
	- controller.ledgerTransfer(0,a,value) (/unique_chucks/28/0xb17c57d1431d0f14a2bf44c72f4fbe3e656ec85d.sol#316-317)
Reference: https://github.com/trailofbits/slither/wiki/Detectors-Documentation/_edit#calls-inside-a-loop[0m
INFO:Detectors:[92m
Owned.changeOwner (/unique_chucks/28/0xb17c57d1431d0f14a2bf44c72f4fbe3e656ec85d.sol#38-43) should be declared external
Owned.acceptOwnership (/unique_chucks/28/0xb17c57d1431d0f14a2bf44c72f4fbe3e656ec85d.sol#43-50) should be declared external
Pausable.pause (/unique_chucks/28/0xb17c57d1431d0f14a2bf44c72f4fbe3e656ec85d.sol#56-58) should be declared external
Pausable.unpause (/unique_chucks/28/0xb17c57d1431d0f14a2bf44c72f4fbe3e656ec85d.sol#60-66) should be declared external
Finalizable.finalize (/unique_chucks/28/0xb17c57d1431d0f14a2bf44c72f4fbe3e656ec85d.sol#73-79) should be declared external
IToken.transfer (/unique_chucks/28/0xb17c57d1431d0f14a2bf44c72f4fbe3e656ec85d.sol#81-84) should be declared external
IToken.balanceOf (/unique_chucks/28/0xb17c57d1431d0f14a2bf44c72f4fbe3e656ec85d.sol#84-85) should be declared external
TokenReceivable.claimTokens (/unique_chucks/28/0xb17c57d1431d0f14a2bf44c72f4fbe3e656ec85d.sol#86-92) should be declared external
Token.setMotd (/unique_chucks/28/0xb17c57d1431d0f14a2bf44c72f4fbe3e656ec85d.sol#111-115) should be declared external
Token.setController (/unique_chucks/28/0xb17c57d1431d0f14a2bf44c72f4fbe3e656ec85d.sol#115-118) should be declared external
Token.balanceOf (/unique_chucks/28/0xb17c57d1431d0f14a2bf44c72f4fbe3e656ec85d.sol#121-125) should be declared external
Token.totalSupply (/unique_chucks/28/0xb17c57d1431d0f14a2bf44c72f4fbe3e656ec85d.sol#125-126) should be declared external
Token.allowance (/unique_chucks/28/0xb17c57d1431d0f14a2bf44c72f4fbe3e656ec85d.sol#126-130) should be declared external
Token.transfer (/unique_chucks/28/0xb17c57d1431d0f14a2bf44c72f4fbe3e656ec85d.sol#130-138) should be declared external
Token.transferFrom (/unique_chucks/28/0xb17c57d1431d0f14a2bf44c72f4fbe3e656ec85d.sol#138-147) should be declared external
Token.approve (/unique_chucks/28/0xb17c57d1431d0f14a2bf44c72f4fbe3e656ec85d.sol#147-155) should be declared external
Token.increaseApproval (/unique_chucks/28/0xb17c57d1431d0f14a2bf44c72f4fbe3e656ec85d.sol#155-164) should be declared external
Token.decreaseApproval (/unique_chucks/28/0xb17c57d1431d0f14a2bf44c72f4fbe3e656ec85d.sol#164-178) should be declared external
Token.burn (/unique_chucks/28/0xb17c57d1431d0f14a2bf44c72f4fbe3e656ec85d.sol#184-189) should be declared external
Token.controllerTransfer (/unique_chucks/28/0xb17c57d1431d0f14a2bf44c72f4fbe3e656ec85d.sol#193-199) should be declared external
Token.controllerApprove (/unique_chucks/28/0xb17c57d1431d0f14a2bf44c72f4fbe3e656ec85d.sol#199-207) should be declared external
Controller.setToken (/unique_chucks/28/0xb17c57d1431d0f14a2bf44c72f4fbe3e656ec85d.sol#216-221) should be declared external
Controller.setLedger (/unique_chucks/28/0xb17c57d1431d0f14a2bf44c72f4fbe3e656ec85d.sol#221-227) should be declared external
Controller.totalSupply (/unique_chucks/28/0xb17c57d1431d0f14a2bf44c72f4fbe3e656ec85d.sol#235-239) should be declared external
Controller.balanceOf (/unique_chucks/28/0xb17c57d1431d0f14a2bf44c72f4fbe3e656ec85d.sol#239-241) should be declared external
Controller.allowance (/unique_chucks/28/0xb17c57d1431d0f14a2bf44c72f4fbe3e656ec85d.sol#241-247) should be declared external
Controller.ledgerTransfer (/unique_chucks/28/0xb17c57d1431d0f14a2bf44c72f4fbe3e656ec85d.sol#247-251) should be declared external
Controller.transfer (/unique_chucks/28/0xb17c57d1431d0f14a2bf44c72f4fbe3e656ec85d.sol#251-255) should be declared external
Controller.transferFrom (/unique_chucks/28/0xb17c57d1431d0f14a2bf44c72f4fbe3e656ec85d.sol#255-259) should be declared external
Controller.approve (/unique_chucks/28/0xb17c57d1431d0f14a2bf44c72f4fbe3e656ec85d.sol#259-263) should be declared external
Controller.increaseApproval (/unique_chucks/28/0xb17c57d1431d0f14a2bf44c72f4fbe3e656ec85d.sol#263-268) should be declared external
Controller.decreaseApproval (/unique_chucks/28/0xb17c57d1431d0f14a2bf44c72f4fbe3e656ec85d.sol#268-275) should be declared external
Controller.burn (/unique_chucks/28/0xb17c57d1431d0f14a2bf44c72f4fbe3e656ec85d.sol#275-278) should be declared external
Ledger.setController (/unique_chucks/28/0xb17c57d1431d0f14a2bf44c72f4fbe3e656ec85d.sol#295-299) should be declared external
Ledger.stopMinting (/unique_chucks/28/0xb17c57d1431d0f14a2bf44c72f4fbe3e656ec85d.sol#299-301) should be declared external
Ledger.transfer (/unique_chucks/28/0xb17c57d1431d0f14a2bf44c72f4fbe3e656ec85d.sol#324-331) should be declared external
Ledger.transferFrom (/unique_chucks/28/0xb17c57d1431d0f14a2bf44c72f4fbe3e656ec85d.sol#331-346) should be declared external
Ledger.approve (/unique_chucks/28/0xb17c57d1431d0f14a2bf44c72f4fbe3e656ec85d.sol#346-352) should be declared external
Ledger.increaseApproval (/unique_chucks/28/0xb17c57d1431d0f14a2bf44c72f4fbe3e656ec85d.sol#352-360) should be declared external
Ledger.decreaseApproval (/unique_chucks/28/0xb17c57d1431d0f14a2bf44c72f4fbe3e656ec85d.sol#362-366) should be declared external
Ledger.burn (/unique_chucks/28/0xb17c57d1431d0f14a2bf44c72f4fbe3e656ec85d.sol) should be declared external
Reference: https://github.com/trailofbits/slither/wiki/Detectors-Documentation#public-function-that-could-be-declared-as-external[0m
INFO:Detectors:[92m
Detected issues with version pragma in /unique_chucks/28/0xb17c57d1431d0f14a2bf44c72f4fbe3e656ec85d.sol:
	- pragma solidity>=0.4.10 (/unique_chucks/28/0xb17c57d1431d0f14a2bf44c72f4fbe3e656ec85d.sol#2-3): it allows old versions
Reference: https://github.com/trailofbits/slither/wiki/Detectors-Documentation#incorrect-version-of-solidity[0m
INFO:Detectors:[92m
Function 'Owned.Owned' (/unique_chucks/28/0xb17c57d1431d0f14a2bf44c72f4fbe3e656ec85d.sol#30-34) is not in mixedCase
Parameter '_newOwner' of Owned.changeOwner (/unique_chucks/28/0xb17c57d1431d0f14a2bf44c72f4fbe3e656ec85d.sol#39) is not in mixedCase
Parameter '_token' of TokenReceivable.claimTokens (/unique_chucks/28/0xb17c57d1431d0f14a2bf44c72f4fbe3e656ec85d.sol#86-87) is not in mixedCase
Parameter '_to' of TokenReceivable.claimTokens (/unique_chucks/28/0xb17c57d1431d0f14a2bf44c72f4fbe3e656ec85d.sol#87) is not in mixedCase
Parameter '_m' of Token.setMotd (/unique_chucks/28/0xb17c57d1431d0f14a2bf44c72f4fbe3e656ec85d.sol#111-112) is not in mixedCase
Parameter '_c' of Token.setController (/unique_chucks/28/0xb17c57d1431d0f14a2bf44c72f4fbe3e656ec85d.sol#115-117) is not in mixedCase
Parameter '_owner' of Token.allowance (/unique_chucks/28/0xb17c57d1431d0f14a2bf44c72f4fbe3e656ec85d.sol#129) is not in mixedCase
Parameter '_spender' of Token.allowance (/unique_chucks/28/0xb17c57d1431d0f14a2bf44c72f4fbe3e656ec85d.sol#129) is not in mixedCase
Parameter '_to' of Token.transfer (/unique_chucks/28/0xb17c57d1431d0f14a2bf44c72f4fbe3e656ec85d.sol#130-131) is not in mixedCase
Parameter '_value' of Token.transfer (/unique_chucks/28/0xb17c57d1431d0f14a2bf44c72f4fbe3e656ec85d.sol#131) is not in mixedCase
Parameter '_from' of Token.transferFrom (/unique_chucks/28/0xb17c57d1431d0f14a2bf44c72f4fbe3e656ec85d.sol#138) is not in mixedCase
Parameter '_to' of Token.transferFrom (/unique_chucks/28/0xb17c57d1431d0f14a2bf44c72f4fbe3e656ec85d.sol#138-139) is not in mixedCase
Parameter '_value' of Token.transferFrom (/unique_chucks/28/0xb17c57d1431d0f14a2bf44c72f4fbe3e656ec85d.sol#139) is not in mixedCase
Parameter '_spender' of Token.approve (/unique_chucks/28/0xb17c57d1431d0f14a2bf44c72f4fbe3e656ec85d.sol#147) is not in mixedCase
Parameter '_value' of Token.approve (/unique_chucks/28/0xb17c57d1431d0f14a2bf44c72f4fbe3e656ec85d.sol#147) is not in mixedCase
Parameter '_spender' of Token.increaseApproval (/unique_chucks/28/0xb17c57d1431d0f14a2bf44c72f4fbe3e656ec85d.sol#155-156) is not in mixedCase
Parameter '_addedValue' of Token.increaseApproval (/unique_chucks/28/0xb17c57d1431d0f14a2bf44c72f4fbe3e656ec85d.sol#156) is not in mixedCase
Parameter '_spender' of Token.decreaseApproval (/unique_chucks/28/0xb17c57d1431d0f14a2bf44c72f4fbe3e656ec85d.sol#164-165) is not in mixedCase
Parameter '_subtractedValue' of Token.decreaseApproval (/unique_chucks/28/0xb17c57d1431d0f14a2bf44c72f4fbe3e656ec85d.sol#165) is not in mixedCase
Parameter '_amount' of Token.burn (/unique_chucks/28/0xb17c57d1431d0f14a2bf44c72f4fbe3e656ec85d.sol#184-185) is not in mixedCase
Parameter '_from' of Token.controllerTransfer (/unique_chucks/28/0xb17c57d1431d0f14a2bf44c72f4fbe3e656ec85d.sol#194) is not in mixedCase
Parameter '_to' of Token.controllerTransfer (/unique_chucks/28/0xb17c57d1431d0f14a2bf44c72f4fbe3e656ec85d.sol#194) is not in mixedCase
Parameter '_value' of Token.controllerTransfer (/unique_chucks/28/0xb17c57d1431d0f14a2bf44c72f4fbe3e656ec85d.sol#194-196) is not in mixedCase
Parameter '_owner' of Token.controllerApprove (/unique_chucks/28/0xb17c57d1431d0f14a2bf44c72f4fbe3e656ec85d.sol#200-202) is not in mixedCase
Parameter '_spender' of Token.controllerApprove (/unique_chucks/28/0xb17c57d1431d0f14a2bf44c72f4fbe3e656ec85d.sol#202-203) is not in mixedCase
Parameter '_value' of Token.controllerApprove (/unique_chucks/28/0xb17c57d1431d0f14a2bf44c72f4fbe3e656ec85d.sol#205) is not in mixedCase
Function 'Controller.Controller' (/unique_chucks/28/0xb17c57d1431d0f14a2bf44c72f4fbe3e656ec85d.sol#212-213) is not in mixedCase
Parameter '_token' of Controller.setToken (/unique_chucks/28/0xb17c57d1431d0f14a2bf44c72f4fbe3e656ec85d.sol#217-220) is not in mixedCase
Parameter '_ledger' of Controller.setLedger (/unique_chucks/28/0xb17c57d1431d0f14a2bf44c72f4fbe3e656ec85d.sol#224-225) is not in mixedCase
Parameter '_a' of Controller.balanceOf (/unique_chucks/28/0xb17c57d1431d0f14a2bf44c72f4fbe3e656ec85d.sol#239) is not in mixedCase
Parameter '_owner' of Controller.allowance (/unique_chucks/28/0xb17c57d1431d0f14a2bf44c72f4fbe3e656ec85d.sol#242) is not in mixedCase
Parameter '_spender' of Controller.allowance (/unique_chucks/28/0xb17c57d1431d0f14a2bf44c72f4fbe3e656ec85d.sol#242) is not in mixedCase
Parameter '_from' of Controller.transfer (/unique_chucks/28/0xb17c57d1431d0f14a2bf44c72f4fbe3e656ec85d.sol#252) is not in mixedCase
Parameter '_to' of Controller.transfer (/unique_chucks/28/0xb17c57d1431d0f14a2bf44c72f4fbe3e656ec85d.sol#252) is not in mixedCase
Parameter '_value' of Controller.transfer (/unique_chucks/28/0xb17c57d1431d0f14a2bf44c72f4fbe3e656ec85d.sol#252) is not in mixedCase
Parameter '_spender' of Controller.transferFrom (/unique_chucks/28/0xb17c57d1431d0f14a2bf44c72f4fbe3e656ec85d.sol#255-256) is not in mixedCase
Parameter '_from' of Controller.transferFrom (/unique_chucks/28/0xb17c57d1431d0f14a2bf44c72f4fbe3e656ec85d.sol#256) is not in mixedCase
Parameter '_to' of Controller.transferFrom (/unique_chucks/28/0xb17c57d1431d0f14a2bf44c72f4fbe3e656ec85d.sol#256) is not in mixedCase
Parameter '_value' of Controller.transferFrom (/unique_chucks/28/0xb17c57d1431d0f14a2bf44c72f4fbe3e656ec85d.sol#256) is not in mixedCase
Parameter '_owner' of Controller.approve (/unique_chucks/28/0xb17c57d1431d0f14a2bf44c72f4fbe3e656ec85d.sol#260) is not in mixedCase
Parameter '_spender' of Controller.approve (/unique_chucks/28/0xb17c57d1431d0f14a2bf44c72f4fbe3e656ec85d.sol#260) is not in mixedCase
Parameter '_value' of Controller.approve (/unique_chucks/28/0xb17c57d1431d0f14a2bf44c72f4fbe3e656ec85d.sol#260) is not in mixedCase
Parameter '_owner' of Controller.increaseApproval (/unique_chucks/28/0xb17c57d1431d0f14a2bf44c72f4fbe3e656ec85d.sol#263) is not in mixedCase
Parameter '_spender' of Controller.increaseApproval (/unique_chucks/28/0xb17c57d1431d0f14a2bf44c72f4fbe3e656ec85d.sol#263-264) is not in mixedCase
Parameter '_addedValue' of Controller.increaseApproval (/unique_chucks/28/0xb17c57d1431d0f14a2bf44c72f4fbe3e656ec85d.sol#264) is not in mixedCase
Parameter '_owner' of Controller.decreaseApproval (/unique_chucks/28/0xb17c57d1431d0f14a2bf44c72f4fbe3e656ec85d.sol#272) is not in mixedCase
Parameter '_spender' of Controller.decreaseApproval (/unique_chucks/28/0xb17c57d1431d0f14a2bf44c72f4fbe3e656ec85d.sol#272) is not in mixedCase
Parameter '_subtractedValue' of Controller.decreaseApproval (/unique_chucks/28/0xb17c57d1431d0f14a2bf44c72f4fbe3e656ec85d.sol#272) is not in mixedCase
Parameter '_owner' of Controller.burn (/unique_chucks/28/0xb17c57d1431d0f14a2bf44c72f4fbe3e656ec85d.sol#275) is not in mixedCase
Parameter '_amount' of Controller.burn (/unique_chucks/28/0xb17c57d1431d0f14a2bf44c72f4fbe3e656ec85d.sol#275-276) is not in mixedCase
Function 'Ledger.Ledger' (/unique_chucks/28/0xb17c57d1431d0f14a2bf44c72f4fbe3e656ec85d.sol#294-295) is not in mixedCase
Parameter '_controller' of Ledger.setController (/unique_chucks/28/0xb17c57d1431d0f14a2bf44c72f4fbe3e656ec85d.sol#295-296) is not in mixedCase
Parameter '_from' of Ledger.transfer (/unique_chucks/28/0xb17c57d1431d0f14a2bf44c72f4fbe3e656ec85d.sol#324) is not in mixedCase
Parameter '_to' of Ledger.transfer (/unique_chucks/28/0xb17c57d1431d0f14a2bf44c72f4fbe3e656ec85d.sol#324) is not in mixedCase
Parameter '_value' of Ledger.transfer (/unique_chucks/28/0xb17c57d1431d0f14a2bf44c72f4fbe3e656ec85d.sol#324) is not in mixedCase
Parameter '_spender' of Ledger.transferFrom (/unique_chucks/28/0xb17c57d1431d0f14a2bf44c72f4fbe3e656ec85d.sol#331-332) is not in mixedCase
Parameter '_from' of Ledger.transferFrom (/unique_chucks/28/0xb17c57d1431d0f14a2bf44c72f4fbe3e656ec85d.sol#332) is not in mixedCase
Parameter '_to' of Ledger.transferFrom (/unique_chucks/28/0xb17c57d1431d0f14a2bf44c72f4fbe3e656ec85d.sol#332) is not in mixedCase
Parameter '_value' of Ledger.transferFrom (/unique_chucks/28/0xb17c57d1431d0f14a2bf44c72f4fbe3e656ec85d.sol#332) is not in mixedCase
Parameter '_owner' of Ledger.approve (/unique_chucks/28/0xb17c57d1431d0f14a2bf44c72f4fbe3e656ec85d.sol#346) is not in mixedCase
Parameter '_spender' of Ledger.approve (/unique_chucks/28/0xb17c57d1431d0f14a2bf44c72f4fbe3e656ec85d.sol#346) is not in mixedCase
Parameter '_value' of Ledger.approve (/unique_chucks/28/0xb17c57d1431d0f14a2bf44c72f4fbe3e656ec85d.sol#346) is not in mixedCase
Parameter '_owner' of Ledger.increaseApproval (/unique_chucks/28/0xb17c57d1431d0f14a2bf44c72f4fbe3e656ec85d.sol#352-353) is not in mixedCase
Parameter '_spender' of Ledger.increaseApproval (/unique_chucks/28/0xb17c57d1431d0f14a2bf44c72f4fbe3e656ec85d.sol#353) is not in mixedCase
Parameter '_addedValue' of Ledger.increaseApproval (/unique_chucks/28/0xb17c57d1431d0f14a2bf44c72f4fbe3e656ec85d.sol#353-354) is not in mixedCase
Parameter '_owner' of Ledger.decreaseApproval (/unique_chucks/28/0xb17c57d1431d0f14a2bf44c72f4fbe3e656ec85d.sol#362) is not in mixedCase
Parameter '_spender' of Ledger.decreaseApproval (/unique_chucks/28/0xb17c57d1431d0f14a2bf44c72f4fbe3e656ec85d.sol#362-363) is not in mixedCase
Parameter '_subtractedValue' of Ledger.decreaseApproval (/unique_chucks/28/0xb17c57d1431d0f14a2bf44c72f4fbe3e656ec85d.sol#363) is not in mixedCase
Parameter '_owner' of Ledger.burn (/unique_chucks/28/0xb17c57d1431d0f14a2bf44c72f4fbe3e656ec85d.sol) is not in mixedCase
Parameter '_amount' of Ledger.burn (/unique_chucks/28/0xb17c57d1431d0f14a2bf44c72f4fbe3e656ec85d.sol) is not in mixedCase
Reference: https://github.com/trailofbits/slither/wiki/Detectors-Documentation#conformance-to-solidity-naming-conventions[0m
INFO:Slither:/unique_chucks/28/0xb17c57d1431d0f14a2bf44c72f4fbe3e656ec85d.sol analyzed (10 contracts), 113 result(s) found