2019-07-24 01:09:45,791: [13] m.main:INFO: Registered plugins: DetectUninitializedStorage, DetectSuicidal, DetectExternalCallAndLeak, DetectEnvInstruction, DetectUnusedRetVal, DetectUninitializedMemory, DetectReentrancyAdvanced, DetectDelegatecall, DetectIntegerOverflow, DetectReentrancySimple, DetectInvalid
2019-07-24 01:09:45,791: [13] m.main:INFO: Beginning analysis
2019-07-24 01:09:45,842: [13] m.e.manticore:INFO: Starting symbolic create contract
2019-07-24 01:09:46,082: [57] m.c.manticore:INFO: Generated testcase No. 0 - NO STATE RESULT (?)(0 txs)
2019-07-24 01:09:46,689: [13] m.c.manticore:INFO: Results in /mcore_9sn_dodv
2019-07-24 01:09:47,596: [316] m.main:INFO: Registered plugins: DetectDelegatecall, DetectUninitializedMemory, DetectUnusedRetVal, DetectReentrancySimple, DetectInvalid, DetectExternalCallAndLeak, DetectSuicidal, DetectEnvInstruction, DetectUninitializedStorage, DetectIntegerOverflow, DetectReentrancyAdvanced
2019-07-24 01:09:47,597: [316] m.main:INFO: Beginning analysis
2019-07-24 01:09:47,660: [316] m.e.manticore:INFO: Starting symbolic create contract
2019-07-24 01:09:48,770: [316] m.e.manticore:INFO: Starting symbolic transaction: 0
2019-07-24 01:09:49,855: [316] m.e.manticore:INFO: 0 alive states, 2 terminated states
2019-07-24 01:09:49,973: [316] m.e.manticore:INFO: Starting symbolic transaction: 1
2019-07-24 01:09:50,105: [852] m.c.manticore:INFO: Generated testcase No. 0 - RETURN(1 txs)
2019-07-24 01:09:50,188: [853] m.c.manticore:INFO: Generated testcase No. 1 - REVERT(2 txs)
2019-07-24 01:09:51,286: [316] m.c.manticore:INFO: Results in /mcore_2xecx8aa
2019-07-24 01:09:52,369: [1167] m.main:INFO: Registered plugins: DetectDelegatecall, DetectIntegerOverflow, DetectReentrancySimple, DetectInvalid, DetectUnusedRetVal, DetectReentrancyAdvanced, DetectUninitializedStorage, DetectExternalCallAndLeak, DetectSuicidal, DetectEnvInstruction, DetectUninitializedMemory
2019-07-24 01:09:52,369: [1167] m.main:INFO: Beginning analysis
2019-07-24 01:09:52,380: [1167] m.e.manticore:INFO: Starting symbolic create contract
2019-07-24 01:09:57,497: [1167] m.e.manticore:INFO: Starting symbolic transaction: 0
2019-07-24 01:11:08,583: [1470] m.e.detectors:WARNING: Potentially reading uninitialized storage
2019-07-24 01:11:48,896: [1167] m.e.manticore:INFO: 8 alive states, 12 terminated states
2019-07-24 01:11:52,481: [1167] m.e.manticore:INFO: Starting symbolic transaction: 1
2019-07-24 01:18:42,505: [5484] m.e.detectors:WARNING: Potentially reading uninitialized storage
2019-07-24 01:32:06,157: [5486] m.e.detectors:WARNING: Potentially reading uninitialized storage
2019-07-24 01:32:23,282: [5484] m.e.detectors:WARNING: Potentially reading uninitialized storage
2019-07-24 01:33:42,430: [5490] m.e.detectors:WARNING: Potentially reading uninitialized storage
2019-07-24 01:35:52,902: [5497] m.e.detectors:WARNING: Potentially reading uninitialized storage
2019-07-24 01:36:11,646: [5501] m.e.detectors:WARNING: Potentially reading uninitialized storage