/unique_chucks/9/0x574b5b500517ccad92c78573c7daf8be8cc0de19.sol
jar:file:/usr/local/lib/node_modules/@smartdec/smartcheck/jdeploy-bundle/smartcheck-2.0-jar-with-dependencies.jar!/solidity-rules.xmlruleId: SOLIDITY_ADDRESS_HARDCODED
patternId: adc165
severity: 1
line: 109
column: 17
content: 0xa45760889D1c27804Dc6D6B89D4095e8Eb99ab72

ruleId: SOLIDITY_ADDRESS_HARDCODED
patternId: adc165
severity: 1
line: 110
column: 34
content: 0xa45760889D1c27804Dc6D6B89D4095e8Eb99ab72

ruleId: SOLIDITY_ADDRESS_HARDCODED
patternId: a91b18
severity: 1
line: 81
column: 8
content: newOwner=address(0)

ruleId: SOLIDITY_ADDRESS_HARDCODED
patternId: a91b18
severity: 1
line: 117
column: 31
content: balances[address(0)]

ruleId: SOLIDITY_DEPRECATED_CONSTRUCTIONS
patternId: 28fa69
severity: 1
line: 32
column: 4
content: functiontotalSupply()publicconstantreturns(uint);

ruleId: SOLIDITY_DEPRECATED_CONSTRUCTIONS
patternId: 28fa69
severity: 1
line: 33
column: 4
content: functionbalanceOf(addresstokenOwner)publicconstantreturns(uintbalance);

ruleId: SOLIDITY_DEPRECATED_CONSTRUCTIONS
patternId: 28fa69
severity: 1
line: 34
column: 4
content: functionallowance(addresstokenOwner,addressspender)publicconstantreturns(uintremaining);

ruleId: SOLIDITY_DEPRECATED_CONSTRUCTIONS
patternId: 28fa69
severity: 1
line: 116
column: 4
content: functiontotalSupply()publicconstantreturns(uint){return_totalSupply-balances[address(0)];}

ruleId: SOLIDITY_DEPRECATED_CONSTRUCTIONS
patternId: 28fa69
severity: 1
line: 124
column: 4
content: functionbalanceOf(addresstokenOwner)publicconstantreturns(uintbalance){returnbalances[tokenOwner];}

ruleId: SOLIDITY_DEPRECATED_CONSTRUCTIONS
patternId: 28fa69
severity: 1
line: 182
column: 4
content: functionallowance(addresstokenOwner,addressspender)publicconstantreturns(uintremaining){returnallowed[tokenOwner][spender];}

ruleId: SOLIDITY_ERC20_APPROVE
patternId: af782c
severity: 2
line: 151
column: 4
content: functionapprove(addressspender,uinttokens)publicreturns(boolsuccess){allowed[msg.sender][spender]=tokens;emitApproval(msg.sender,spender,tokens);returntrue;}

ruleId: SOLIDITY_PRAGMAS_VERSION
patternId: 23fc32
severity: 1
line: 1
column: 16
content: ^

ruleId: SOLIDITY_UPGRADE_TO_050
patternId: 341gim
severity: 1
line: 50
column: 74
content: bytesdata

ruleId: SOLIDITY_UPGRADE_TO_050
patternId: 341gim
severity: 1
line: 192
column: 58
content: bytesdata

ruleId: SOLIDITY_VISIBILITY
patternId: b51ce0
severity: 1
line: 96
column: 4
content: mapping(address=>uint)balances;

ruleId: SOLIDITY_VISIBILITY
patternId: b51ce0
severity: 1
line: 97
column: 4
content: mapping(address=>mapping(address=>uint))allowed;

SOLIDITY_VISIBILITY :2
SOLIDITY_DEPRECATED_CONSTRUCTIONS :6
SOLIDITY_PRAGMAS_VERSION :1
SOLIDITY_ADDRESS_HARDCODED :4
SOLIDITY_UPGRADE_TO_050 :2
SOLIDITY_ERC20_APPROVE :1