WARNING:root:You are using evm version 1.8.2. The supported version is 1.7.3
WARNING:root:You are using solc version 0.4.25, The latest supported version is 0.4.19
INFO:root:contract /unique_contracts/0xa1e4608ff6b4b9324c6472eee2efebd20a20bbe8.sol:KittenSelfDrop:
INFO:symExec:	============ Results ===========
INFO:symExec:	  EVM Code Coverage: 			 48.0%
INFO:symExec:	  Integer Underflow: 			 False
INFO:symExec:	  Integer Overflow: 			 False
INFO:symExec:	  Parity Multisig Bug 2: 		 False
INFO:symExec:	  Callstack Depth Attack Vulnerability:  False
INFO:symExec:	  Transaction-Ordering Dependence (TOD): False
INFO:symExec:	  Timestamp Dependency: 		 False
INFO:symExec:	  Re-Entrancy Vulnerability: 		 False
INFO:symExec:	====== Analysis Completed ======
INFO:root:contract /unique_contracts/0xa1e4608ff6b4b9324c6472eee2efebd20a20bbe8.sol:Ownable:
INFO:symExec:	============ Results ===========
INFO:symExec:	  EVM Code Coverage: 			 99.5%
INFO:symExec:	  Integer Underflow: 			 False
INFO:symExec:	  Integer Overflow: 			 False
INFO:symExec:	  Parity Multisig Bug 2: 		 False
INFO:symExec:	  Callstack Depth Attack Vulnerability:  False
INFO:symExec:	  Transaction-Ordering Dependence (TOD): False
INFO:symExec:	  Timestamp Dependency: 		 False
INFO:symExec:	  Re-Entrancy Vulnerability: 		 False
INFO:symExec:	====== Analysis Completed ======