INFO:Slither:Compilation warnings/errors on /unique_chucks/11/0x03684715e3a614ec80d1b31b62987e0b25925999.sol:
/unique_chucks/11/0x03684715e3a614ec80d1b31b62987e0b25925999.sol:28:5: Warning: Defining constructors as functions with the same name as the contract is deprecated. Use "constructor(...) { ... }" instead.
    function GWGFPLUS(
    ^ (Relevant source part starts here and spans across multiple lines).

INFO:Detectors:[93m
GWGFPLUS (/unique_chucks/11/0x03684715e3a614ec80d1b31b62987e0b25925999.sol#5-153) has incorrect ERC20 function interface(s):
	-transfer (/unique_chucks/11/0x03684715e3a614ec80d1b31b62987e0b25925999.sol#69-75)
Reference: https://github.com/trailofbits/slither/wiki/Detectors-Documentation#incorrect-erc20-interface[0m
INFO:Detectors:[92m
GWGFPLUS.decimals should be constant (/unique_chucks/11/0x03684715e3a614ec80d1b31b62987e0b25925999.sol#9-10)
Reference: https://github.com/trailofbits/slither/wiki/Detectors-Documentation#state-variables-that-could-be-declared-constant[0m
INFO:Detectors:[92m
GWGFPLUS.transfer (/unique_chucks/11/0x03684715e3a614ec80d1b31b62987e0b25925999.sol#69-75) should be declared external
GWGFPLUS.transferFrom (/unique_chucks/11/0x03684715e3a614ec80d1b31b62987e0b25925999.sol#81-91) should be declared external
GWGFPLUS.approveAndCall (/unique_chucks/11/0x03684715e3a614ec80d1b31b62987e0b25925999.sol#113-126) should be declared external
GWGFPLUS.burn (/unique_chucks/11/0x03684715e3a614ec80d1b31b62987e0b25925999.sol#129-139) should be declared external
GWGFPLUS.burnFrom (/unique_chucks/11/0x03684715e3a614ec80d1b31b62987e0b25925999.sol#145-153) should be declared external
Reference: https://github.com/trailofbits/slither/wiki/Detectors-Documentation#public-function-that-could-be-declared-as-external[0m
INFO:Detectors:[92m
Detected issues with version pragma in /unique_chucks/11/0x03684715e3a614ec80d1b31b62987e0b25925999.sol:
	- pragma solidity^0.4.16 (/unique_chucks/11/0x03684715e3a614ec80d1b31b62987e0b25925999.sol#1): it allows old versions
Reference: https://github.com/trailofbits/slither/wiki/Detectors-Documentation#incorrect-version-of-solidity[0m
INFO:Detectors:[92m
Contract 'tokenRecipient' (/unique_chucks/11/0x03684715e3a614ec80d1b31b62987e0b25925999.sol#3-5) is not in CapWords
Function 'GWGFPLUS.GWGFPLUS' (/unique_chucks/11/0x03684715e3a614ec80d1b31b62987e0b25925999.sol#29-40) is not in mixedCase
Function 'GWGFPLUS._transfer' (/unique_chucks/11/0x03684715e3a614ec80d1b31b62987e0b25925999.sol#42-63) is not in mixedCase
Parameter '_from' of GWGFPLUS._transfer (/unique_chucks/11/0x03684715e3a614ec80d1b31b62987e0b25925999.sol#42-43) is not in mixedCase
Parameter '_to' of GWGFPLUS._transfer (/unique_chucks/11/0x03684715e3a614ec80d1b31b62987e0b25925999.sol#43) is not in mixedCase
Parameter '_value' of GWGFPLUS._transfer (/unique_chucks/11/0x03684715e3a614ec80d1b31b62987e0b25925999.sol#43) is not in mixedCase
Parameter '_to' of GWGFPLUS.transfer (/unique_chucks/11/0x03684715e3a614ec80d1b31b62987e0b25925999.sol#69) is not in mixedCase
Parameter '_value' of GWGFPLUS.transfer (/unique_chucks/11/0x03684715e3a614ec80d1b31b62987e0b25925999.sol#69-72) is not in mixedCase
Parameter '_from' of GWGFPLUS.transferFrom (/unique_chucks/11/0x03684715e3a614ec80d1b31b62987e0b25925999.sol#82) is not in mixedCase
Parameter '_to' of GWGFPLUS.transferFrom (/unique_chucks/11/0x03684715e3a614ec80d1b31b62987e0b25925999.sol#82) is not in mixedCase
Parameter '_value' of GWGFPLUS.transferFrom (/unique_chucks/11/0x03684715e3a614ec80d1b31b62987e0b25925999.sol#82) is not in mixedCase
Parameter '_spender' of GWGFPLUS.approve (/unique_chucks/11/0x03684715e3a614ec80d1b31b62987e0b25925999.sol#98) is not in mixedCase
Parameter '_value' of GWGFPLUS.approve (/unique_chucks/11/0x03684715e3a614ec80d1b31b62987e0b25925999.sol#98-99) is not in mixedCase
Parameter '_spender' of GWGFPLUS.approveAndCall (/unique_chucks/11/0x03684715e3a614ec80d1b31b62987e0b25925999.sol#114) is not in mixedCase
Parameter '_value' of GWGFPLUS.approveAndCall (/unique_chucks/11/0x03684715e3a614ec80d1b31b62987e0b25925999.sol#114) is not in mixedCase
Parameter '_extraData' of GWGFPLUS.approveAndCall (/unique_chucks/11/0x03684715e3a614ec80d1b31b62987e0b25925999.sol#114-115) is not in mixedCase
Parameter '_value' of GWGFPLUS.burn (/unique_chucks/11/0x03684715e3a614ec80d1b31b62987e0b25925999.sol#129-130) is not in mixedCase
Parameter '_from' of GWGFPLUS.burnFrom (/unique_chucks/11/0x03684715e3a614ec80d1b31b62987e0b25925999.sol#145) is not in mixedCase
Parameter '_value' of GWGFPLUS.burnFrom (/unique_chucks/11/0x03684715e3a614ec80d1b31b62987e0b25925999.sol#145-146) is not in mixedCase
Reference: https://github.com/trailofbits/slither/wiki/Detectors-Documentation#conformance-to-solidity-naming-conventions[0m
INFO:Slither:/unique_chucks/11/0x03684715e3a614ec80d1b31b62987e0b25925999.sol analyzed (2 contracts), 27 result(s) found