/unique_chucks/11/0xc2cc1d1463d1baa94c76427df97a5b7d567ab155.sol
jar:file:/usr/local/lib/node_modules/@smartdec/smartcheck/jdeploy-bundle/smartcheck-2.0-jar-with-dependencies.jar!/solidity-rules.xmlruleId: SOLIDITY_ADDRESS_HARDCODED
patternId: adc165
severity: 1
line: 354
column: 26
content: 0xef18F44049b0685AbaA63fe3Db43A0bE262453CE

ruleId: SOLIDITY_ADDRESS_HARDCODED
patternId: adc165
severity: 1
line: 355
column: 24
content: 0x311F0e3Ec7876679A2C4F4BaC6102fCB03536984

ruleId: SOLIDITY_ADDRESS_HARDCODED
patternId: adc165
severity: 1
line: 356
column: 24
content: 0xba48AD5BBFA3C66743C269550e468479710084Dd

ruleId: SOLIDITY_ADDRESS_HARDCODED
patternId: adc165
severity: 1
line: 357
column: 27
content: 0xa1905B711D31B0646359Cd6393D7293dC0a5DFDf

ruleId: SOLIDITY_DEPRECATED_CONSTRUCTIONS
patternId: 28fa69
severity: 1
line: 424
column: 5
content: functiongetPrice()constantpublicreturns(uint){if(now<PSMTime)returnPSM_PRICE;elseif(now<PSTime)returnPS_PRICE;elseif(now<PINTime)returnPIN_PRICE;elseif(now<ICOTime)returnICO_PRICE;elsereturnICO_PRICE;}

ruleId: SOLIDITY_DIV_MUL
patternId: 09hhh1
severity: 2
line: 327
column: 40
content: 33000000*(1ether/1wei)

ruleId: SOLIDITY_DIV_MUL
patternId: 09hhh1
severity: 2
line: 329
column: 44
content: 1650000*(1ether/1wei)

ruleId: SOLIDITY_DIV_MUL
patternId: 09hhh1
severity: 2
line: 331
column: 45
content: 1650000*(1ether/1wei)

ruleId: SOLIDITY_DIV_MUL
patternId: 09hhh1
severity: 2
line: 333
column: 48
content: 3300000*(1ether/1wei)

ruleId: SOLIDITY_DIV_MUL
patternId: 09hhh1
severity: 2
line: 351
column: 47
content: 26400000*(1ether/1wei)

ruleId: SOLIDITY_ERC20_APPROVE
patternId: af782c
severity: 2
line: 288
column: 3
content: functionapprove(address_spender,uint256_value)publicreturns(bool){allowed[msg.sender][_spender]=_value;emitApproval(msg.sender,_spender,_value);returntrue;}

ruleId: SOLIDITY_ERC20_APPROVE
patternId: af782c
severity: 2
line: 382
column: 3
content: functionapprove(address_spender,uint256_value)publicreturns(bool){require(enableTransfers);returnsuper.approve(_spender,_value);}

ruleId: SOLIDITY_ERC20_FUNCTIONS_ALWAYS_RETURN_FALSE
patternId: b180ca
severity: 2
line: 374
column: 4
content: functiontransfer(address_to,uint256_value)publicreturns(bool){require(enableTransfers);super.transfer(_to,_value);}

ruleId: SOLIDITY_ERC20_FUNCTIONS_ALWAYS_RETURN_FALSE
patternId: b180ca
severity: 2
line: 391
column: 4
content: functiontransferFrom(address_from,address_to,uint256_value)publicreturns(bool){require(enableTransfers);super.transferFrom(_from,_to,_value);}

ruleId: SOLIDITY_FUNCTIONS_RETURNS_TYPE_AND_NO_RETURN
patternId: 47acc2
severity: 1
line: 374
column: 4
content: functiontransfer(address_to,uint256_value)publicreturns(bool){require(enableTransfers);super.transfer(_to,_value);}

ruleId: SOLIDITY_FUNCTIONS_RETURNS_TYPE_AND_NO_RETURN
patternId: 47acc2
severity: 1
line: 391
column: 4
content: functiontransferFrom(address_from,address_to,uint256_value)publicreturns(bool){require(enableTransfers);super.transferFrom(_from,_to,_value);}

ruleId: SOLIDITY_FUNCTIONS_RETURNS_TYPE_AND_NO_RETURN
patternId: 47acc2
severity: 1
line: 458
column: 8
content: functionUpdateBeneficiary(address_beneficiary)publiconlyOwnerreturns(bool){beneficiary=_beneficiary;}

ruleId: SOLIDITY_PRAGMAS_VERSION
patternId: 23fc32
severity: 1
line: 1
column: 16
content: ^

ruleId: SOLIDITY_SAFEMATH
patternId: 837cac
severity: 1
line: 122
column: 4
content: usingSafeMathforuint256;

ruleId: SOLIDITY_SAFEMATH
patternId: 837cac
severity: 1
line: 317
column: 4
content: usingSafeMathforuint;

ruleId: SOLIDITY_UPGRADE_TO_050
patternId: 91h3sa
severity: 1
line: 403
column: 16
content: public

ruleId: SOLIDITY_VISIBILITY
patternId: b51ce0
severity: 1
line: 126
column: 4
content: uint256totalSupply_;

ruleId: SOLIDITY_VISIBILITY
patternId: b51ce0
severity: 1
line: 335
column: 4
content: uintconstantPSMTime=1529798401;

ruleId: SOLIDITY_VISIBILITY
patternId: b51ce0
severity: 1
line: 339
column: 4
content: uintconstantPSTime=1532476801;

ruleId: SOLIDITY_VISIBILITY
patternId: b51ce0
severity: 1
line: 343
column: 4
content: uintconstantPINTime=1535241601;

ruleId: SOLIDITY_VISIBILITY
patternId: b51ce0
severity: 1
line: 347
column: 4
content: uintconstantICOTime=1574640001;

ruleId: SOLIDITY_VISIBILITY
patternId: b51ce0
severity: 1
line: 354
column: 4
content: addressbeneficiary=0xef18F44049b0685AbaA63fe3Db43A0bE262453CE;

ruleId: SOLIDITY_VISIBILITY
patternId: b51ce0
severity: 1
line: 355
column: 4
content: addressdeveloper=0x311F0e3Ec7876679A2C4F4BaC6102fCB03536984;

ruleId: SOLIDITY_VISIBILITY
patternId: b51ce0
severity: 1
line: 356
column: 4
content: addressmarketing=0xba48AD5BBFA3C66743C269550e468479710084Dd;

ruleId: SOLIDITY_VISIBILITY
patternId: b51ce0
severity: 1
line: 357
column: 4
content: addressprovisioning=0xa1905B711D31B0646359Cd6393D7293dC0a5DFDf;

SOLIDITY_VISIBILITY :9
SOLIDITY_SAFEMATH :2
SOLIDITY_ERC20_FUNCTIONS_ALWAYS_RETURN_FALSE :2
SOLIDITY_DEPRECATED_CONSTRUCTIONS :1
SOLIDITY_PRAGMAS_VERSION :1
SOLIDITY_FUNCTIONS_RETURNS_TYPE_AND_NO_RETURN :3
SOLIDITY_ADDRESS_HARDCODED :4
SOLIDITY_UPGRADE_TO_050 :1
SOLIDITY_DIV_MUL :5
SOLIDITY_ERC20_APPROVE :2