/unique_contracts/0xcd861099ae567a5314f94486260a88f0f62037ff.sol
line 33:136 extraneous input 'x' expecting {',', ')'}
line 46:52 extraneous input '_datasource' expecting {',', ')'}
line 46:63 mismatched input ',' expecting {'solidity', 'experimental', 'from', 'constructor', 'block', 'coinbase', 'difficulty', 'gaslimit', 'number', 'timestamp', 'blockhash', 'msg', 'data', 'gas', 'sender', 'sig', 'value', 'now', 'this', 'tx', 'origin', 'gasprice', 'public', 'internal', 'external', 'private', 'constant', 'length', 'balance', 'emit', '_', 'revert', Identifier}
line 46:81 mismatched input '_arg' expecting {';', '='}
line 46:85 extraneous input ')' expecting {'solidity', 'experimental', 'from', 'constructor', 'block', 'coinbase', 'difficulty', 'gaslimit', 'number', 'timestamp', 'blockhash', 'msg', 'data', 'gas', 'sender', 'sig', 'value', 'now', 'this', 'tx', 'origin', 'gasprice', 'public', 'internal', 'external', 'private', 'constant', 'length', 'balance', 'emit', '_', 'revert', Identifier}
line 46:96 extraneous input 'payable' expecting {'solidity', 'experimental', 'from', 'constructor', 'block', 'coinbase', 'difficulty', 'gaslimit', 'number', 'timestamp', 'blockhash', 'msg', 'data', 'gas', 'sender', 'sig', 'value', 'now', 'this', 'tx', 'origin', 'gasprice', 'public', 'internal', 'external', 'private', 'constant', 'length', 'balance', 'emit', '_', 'revert', Identifier}
line 46:121 extraneous input '_id' expecting ')'
line 46:125 mismatched input ';' expecting {'solidity', 'experimental', 'from', 'constructor', 'block', 'coinbase', 'difficulty', 'gaslimit', 'number', 'timestamp', 'blockhash', 'msg', 'data', 'gas', 'sender', 'sig', 'value', 'now', 'this', 'tx', 'origin', 'gasprice', 'public', 'internal', 'external', 'private', 'constant', 'length', 'balance', 'emit', '_', 'revert', Identifier}
line 48:65 extraneous input '_datasource' expecting {',', ')'}
line 48:76 mismatched input ',' expecting {'solidity', 'experimental', 'from', 'constructor', 'block', 'coinbase', 'difficulty', 'gaslimit', 'number', 'timestamp', 'blockhash', 'msg', 'data', 'gas', 'sender', 'sig', 'value', 'now', 'this', 'tx', 'origin', 'gasprice', 'public', 'internal', 'external', 'private', 'constant', 'length', 'balance', 'emit', '_', 'revert', Identifier}
line 48:94 mismatched input '_arg' expecting {';', '='}
line 48:98 mismatched input ',' expecting {'solidity', 'experimental', 'from', 'constructor', 'block', 'coinbase', 'difficulty', 'gaslimit', 'number', 'timestamp', 'blockhash', 'msg', 'data', 'gas', 'sender', 'sig', 'value', 'now', 'this', 'tx', 'origin', 'gasprice', 'public', 'internal', 'external', 'private', 'constant', 'length', 'balance', 'emit', '_', 'revert', Identifier}
line 48:114 mismatched input ')' expecting {';', '='}
line 48:150 extraneous input '_id' expecting ')'
line 48:154 mismatched input ';' expecting {'solidity', 'experimental', 'from', 'constructor', 'block', 'coinbase', 'difficulty', 'gaslimit', 'number', 'timestamp', 'blockhash', 'msg', 'data', 'gas', 'sender', 'sig', 'value', 'now', 'this', 'tx', 'origin', 'gasprice', 'public', 'internal', 'external', 'private', 'constant', 'length', 'balance', 'emit', '_', 'revert', Identifier}
line 49:66 extraneous input '_datasource' expecting {',', ')'}
line 49:77 mismatched input ',' expecting {'solidity', 'experimental', 'from', 'constructor', 'block', 'coinbase', 'difficulty', 'gaslimit', 'number', 'timestamp', 'blockhash', 'msg', 'data', 'gas', 'sender', 'sig', 'value', 'now', 'this', 'tx', 'origin', 'gasprice', 'public', 'internal', 'external', 'private', 'constant', 'length', 'balance', 'emit', '_', 'revert', Identifier}
line 49:94 mismatched input '_argN' expecting {';', '='}
line 49:99 mismatched input ',' expecting {'solidity', 'experimental', 'from', 'constructor', 'block', 'coinbase', 'difficulty', 'gaslimit', 'number', 'timestamp', 'blockhash', 'msg', 'data', 'gas', 'sender', 'sig', 'value', 'now', 'this', 'tx', 'origin', 'gasprice', 'public', 'internal', 'external', 'private', 'constant', 'length', 'balance', 'emit', '_', 'revert', Identifier}
line 49:115 mismatched input ')' expecting {';', '='}
line 49:151 extraneous input '_id' expecting ')'
line 49:155 mismatched input ';' expecting {'solidity', 'experimental', 'from', 'constructor', 'block', 'coinbase', 'difficulty', 'gaslimit', 'number', 'timestamp', 'blockhash', 'msg', 'data', 'gas', 'sender', 'sig', 'value', 'now', 'this', 'tx', 'origin', 'gasprice', 'public', 'internal', 'external', 'private', 'constant', 'length', 'balance', 'emit', '_', 'revert', Identifier}
line 50:66 extraneous input '_datasource' expecting {',', ')'}
line 50:77 mismatched input ',' expecting {'solidity', 'experimental', 'from', 'constructor', 'block', 'coinbase', 'difficulty', 'gaslimit', 'number', 'timestamp', 'blockhash', 'msg', 'data', 'gas', 'sender', 'sig', 'value', 'now', 'this', 'tx', 'origin', 'gasprice', 'public', 'internal', 'external', 'private', 'constant', 'length', 'balance', 'emit', '_', 'revert', Identifier}
line 50:95 mismatched input '_arg1' expecting {';', '='}
line 50:100 mismatched input ',' expecting {'solidity', 'experimental', 'from', 'constructor', 'block', 'coinbase', 'difficulty', 'gaslimit', 'number', 'timestamp', 'blockhash', 'msg', 'data', 'gas', 'sender', 'sig', 'value', 'now', 'this', 'tx', 'origin', 'gasprice', 'public', 'internal', 'external', 'private', 'constant', 'length', 'balance', 'emit', '_', 'revert', Identifier}
line 50:118 mismatched input '_arg2' expecting {';', '='}
line 50:123 mismatched input ',' expecting {'solidity', 'experimental', 'from', 'constructor', 'block', 'coinbase', 'difficulty', 'gaslimit', 'number', 'timestamp', 'blockhash', 'msg', 'data', 'gas', 'sender', 'sig', 'value', 'now', 'this', 'tx', 'origin', 'gasprice', 'public', 'internal', 'external', 'private', 'constant', 'length', 'balance', 'emit', '_', 'revert', Identifier}
line 50:139 mismatched input ')' expecting {';', '='}
line 50:175 extraneous input '_id' expecting ')'
line 50:179 mismatched input ';' expecting {'solidity', 'experimental', 'from', 'constructor', 'block', 'coinbase', 'difficulty', 'gaslimit', 'number', 'timestamp', 'blockhash', 'msg', 'data', 'gas', 'sender', 'sig', 'value', 'now', 'this', 'tx', 'origin', 'gasprice', 'public', 'internal', 'external', 'private', 'constant', 'length', 'balance', 'emit', '_', 'revert', Identifier}
jar:file:/usr/local/lib/node_modules/@smartdec/smartcheck/jdeploy-bundle/smartcheck-2.0-jar-with-dependencies.jar!/solidity-rules.xmlruleId: SOLIDITY_ADDRESS_HARDCODED
patternId: adc165
severity: 1
line: 334
column: 24
content: 0x1d3B2638a7cC9f2CB3D298A3DA7a90B67E5506ed

ruleId: SOLIDITY_ADDRESS_HARDCODED
patternId: adc165
severity: 1
line: 335
column: 40
content: 0x1d3B2638a7cC9f2CB3D298A3DA7a90B67E5506ed

ruleId: SOLIDITY_ADDRESS_HARDCODED
patternId: adc165
severity: 1
line: 339
column: 24
content: 0xc03A2615D5efaf5F49F60B7BB6583eaec212fdf1

ruleId: SOLIDITY_ADDRESS_HARDCODED
patternId: adc165
severity: 1
line: 340
column: 40
content: 0xc03A2615D5efaf5F49F60B7BB6583eaec212fdf1

ruleId: SOLIDITY_ADDRESS_HARDCODED
patternId: adc165
severity: 1
line: 344
column: 24
content: 0xB7A07BcF2Ba2f2703b24C0691b5278999C59AC7e

ruleId: SOLIDITY_ADDRESS_HARDCODED
patternId: adc165
severity: 1
line: 345
column: 40
content: 0xB7A07BcF2Ba2f2703b24C0691b5278999C59AC7e

ruleId: SOLIDITY_ADDRESS_HARDCODED
patternId: adc165
severity: 1
line: 349
column: 24
content: 0x146500cfd35B22E4A392Fe0aDc06De1a1368Ed48

ruleId: SOLIDITY_ADDRESS_HARDCODED
patternId: adc165
severity: 1
line: 350
column: 40
content: 0x146500cfd35B22E4A392Fe0aDc06De1a1368Ed48

ruleId: SOLIDITY_ADDRESS_HARDCODED
patternId: adc165
severity: 1
line: 354
column: 24
content: 0xa2998EFD205FB9D4B4963aFb70778D6354ad3A41

ruleId: SOLIDITY_ADDRESS_HARDCODED
patternId: adc165
severity: 1
line: 355
column: 40
content: 0xa2998EFD205FB9D4B4963aFb70778D6354ad3A41

ruleId: SOLIDITY_ADDRESS_HARDCODED
patternId: adc165
severity: 1
line: 359
column: 24
content: 0x6f485C8BF6fc43eA212E93BBF8ce046C7f1cb475

ruleId: SOLIDITY_ADDRESS_HARDCODED
patternId: adc165
severity: 1
line: 360
column: 40
content: 0x6f485C8BF6fc43eA212E93BBF8ce046C7f1cb475

ruleId: SOLIDITY_ADDRESS_HARDCODED
patternId: adc165
severity: 1
line: 363
column: 24
content: 0x20e12A1F859B3FeaE5Fb2A0A32C18F5a65555bBF

ruleId: SOLIDITY_ADDRESS_HARDCODED
patternId: adc165
severity: 1
line: 364
column: 40
content: 0x20e12A1F859B3FeaE5Fb2A0A32C18F5a65555bBF

ruleId: SOLIDITY_ADDRESS_HARDCODED
patternId: adc165
severity: 1
line: 367
column: 24
content: 0x51efaF4c8B3C9AfBD5aB9F4bbC82784Ab6ef8fAA

ruleId: SOLIDITY_ADDRESS_HARDCODED
patternId: adc165
severity: 1
line: 368
column: 40
content: 0x51efaF4c8B3C9AfBD5aB9F4bbC82784Ab6ef8fAA

ruleId: SOLIDITY_ADDRESS_HARDCODED
patternId: b140cd
severity: 1
line: 216
column: 29
content: 0xFF

ruleId: SOLIDITY_ADDRESS_HARDCODED
patternId: b140cd
severity: 1
line: 219
column: 29
content: 0xFFFF

ruleId: SOLIDITY_ADDRESS_HARDCODED
patternId: b140cd
severity: 1
line: 222
column: 29
content: 0xFFFFFFFF

ruleId: SOLIDITY_ADDRESS_HARDCODED
patternId: b140cd
severity: 1
line: 225
column: 29
content: 0xFFFFFFFFFFFFFFFF

ruleId: SOLIDITY_ADDRESS_HARDCODED
patternId: b140cd
severity: 1
line: 285
column: 35
content: 0x00

ruleId: SOLIDITY_ADDRESS_HARDCODED
patternId: b140cd
severity: 1
line: 286
column: 37
content: 0x30

ruleId: SOLIDITY_ADDRESS_HARDCODED
patternId: b140cd
severity: 1
line: 287
column: 37
content: 0xF0

ruleId: SOLIDITY_ADDRESS_HARDCODED
patternId: b140cd
severity: 1
line: 288
column: 38
content: 0x01

ruleId: SOLIDITY_ADDRESS_HARDCODED
patternId: b140cd
severity: 1
line: 289
column: 38
content: 0x40

ruleId: SOLIDITY_ADDRESS_HARDCODED
patternId: b140cd
severity: 1
line: 290
column: 40
content: 0x10

ruleId: SOLIDITY_ADDRESS_HARDCODED
patternId: b140cd
severity: 1
line: 1143
column: 53
content: 0x20

ruleId: SOLIDITY_ADDRESS_HARDCODED
patternId: b140cd
severity: 1
line: 1147
column: 80
content: 0x20

ruleId: SOLIDITY_ADDRESS_HARDCODED
patternId: b140cd
severity: 1
line: 1180
column: 21
content: 0xFE

ruleId: SOLIDITY_ADDRESS_HARDCODED
patternId: a91b18
severity: 1
line: 1300
column: 19
content: (false,address(0))

ruleId: SOLIDITY_ADDRESS_HARDCODED
patternId: a91b18
severity: 1
line: 1333
column: 19
content: (false,address(0))

ruleId: SOLIDITY_EXTRA_GAS_IN_LOOPS
patternId: d3j11j
severity: 1
line: 934
column: 12
content: for(uinti=0;i<h.length;i++){if(h[i]==n[0]){subindex=1;while(subindex<n.length&&(i+subindex)<h.length&&h[i+subindex]==n[subindex]){subindex++;}if(subindex==n.length){returnint(i);}}}

ruleId: SOLIDITY_EXTRA_GAS_IN_LOOPS
patternId: d3j11j
severity: 1
line: 971
column: 8
content: for(i=0;i<_ba.length;i++){babcde[k++]=_ba[i];}

ruleId: SOLIDITY_EXTRA_GAS_IN_LOOPS
patternId: d3j11j
severity: 1
line: 974
column: 8
content: for(i=0;i<_bb.length;i++){babcde[k++]=_bb[i];}

ruleId: SOLIDITY_EXTRA_GAS_IN_LOOPS
patternId: d3j11j
severity: 1
line: 977
column: 8
content: for(i=0;i<_bc.length;i++){babcde[k++]=_bc[i];}

ruleId: SOLIDITY_EXTRA_GAS_IN_LOOPS
patternId: d3j11j
severity: 1
line: 980
column: 8
content: for(i=0;i<_bd.length;i++){babcde[k++]=_bd[i];}

ruleId: SOLIDITY_EXTRA_GAS_IN_LOOPS
patternId: d3j11j
severity: 1
line: 983
column: 8
content: for(i=0;i<_be.length;i++){babcde[k++]=_be[i];}

ruleId: SOLIDITY_EXTRA_GAS_IN_LOOPS
patternId: d3j11j
severity: 1
line: 997
column: 8
content: for(uinti=0;i<bresult.length;i++){if((uint(uint8(bresult[i]))>=48)&&(uint(uint8(bresult[i]))<=57)){if(decimals){if(_b==0)break;else_b--;}mint*=10;mint+=uint(uint8(bresult[i]))-48;}elseif(uint(uint8(bresult[i]))==46){require(!decimals,'More than one decimal encountered in string!');decimals=true;}else{revert("Non-numeral character encountered in string!");}}

ruleId: SOLIDITY_EXTRA_GAS_IN_LOOPS
patternId: d3j11j
severity: 1
line: 1026
column: 8
content: for(uinti=0;i<bresult.length;i++){if((uint(uint8(bresult[i]))>=48)&&(uint(uint8(bresult[i]))<=57)){if(decimals){if(_b==0){break;}else{_b--;}}mint*=10;mint+=uint(uint8(bresult[i]))-48;}elseif(uint(uint8(bresult[i]))==46){decimals=true;}}

ruleId: SOLIDITY_EXTRA_GAS_IN_LOOPS
patternId: d3j11j
severity: 1
line: 1071
column: 8
content: for(uinti=0;i<_arr.length;i++){buf.encodeString(_arr[i]);}

ruleId: SOLIDITY_EXTRA_GAS_IN_LOOPS
patternId: d3j11j
severity: 1
line: 1083
column: 8
content: for(uinti=0;i<_arr.length;i++){buf.encodeBytes(_arr[i]);}

ruleId: SOLIDITY_EXTRA_GAS_IN_LOOPS
patternId: k4o1l4
severity: 1
line: 937
column: 20
content: while(subindex<n.length&&(i+subindex)<h.length&&h[i+subindex]==n[subindex]){subindex++;}

ruleId: SOLIDITY_FUNCTIONS_RETURNS_TYPE_AND_NO_RETURN
patternId: 58bdd3
severity: 1
line: 860
column: 4
content: functiongetCodeSize(address_addr)viewinternalreturns(uint_size){assembly{_size:=extcodesize(_addr)}}

ruleId: SOLIDITY_GAS_LIMIT_IN_LOOPS
patternId: f6f853
severity: 2
line: 909
column: 8
content: for(uinti=0;i<minLength;i++){if(a[i]<b[i]){return-1;}elseif(a[i]>b[i]){return1;}}

ruleId: SOLIDITY_GAS_LIMIT_IN_LOOPS
patternId: f6f853
severity: 2
line: 934
column: 12
content: for(uinti=0;i<h.length;i++){if(h[i]==n[0]){subindex=1;while(subindex<n.length&&(i+subindex)<h.length&&h[i+subindex]==n[subindex]){subindex++;}if(subindex==n.length){returnint(i);}}}

ruleId: SOLIDITY_GAS_LIMIT_IN_LOOPS
patternId: f6f853
severity: 2
line: 971
column: 8
content: for(i=0;i<_ba.length;i++){babcde[k++]=_ba[i];}

ruleId: SOLIDITY_GAS_LIMIT_IN_LOOPS
patternId: f6f853
severity: 2
line: 974
column: 8
content: for(i=0;i<_bb.length;i++){babcde[k++]=_bb[i];}

ruleId: SOLIDITY_GAS_LIMIT_IN_LOOPS
patternId: f6f853
severity: 2
line: 977
column: 8
content: for(i=0;i<_bc.length;i++){babcde[k++]=_bc[i];}

ruleId: SOLIDITY_GAS_LIMIT_IN_LOOPS
patternId: f6f853
severity: 2
line: 980
column: 8
content: for(i=0;i<_bd.length;i++){babcde[k++]=_bd[i];}

ruleId: SOLIDITY_GAS_LIMIT_IN_LOOPS
patternId: f6f853
severity: 2
line: 983
column: 8
content: for(i=0;i<_be.length;i++){babcde[k++]=_be[i];}

ruleId: SOLIDITY_GAS_LIMIT_IN_LOOPS
patternId: f6f853
severity: 2
line: 997
column: 8
content: for(uinti=0;i<bresult.length;i++){if((uint(uint8(bresult[i]))>=48)&&(uint(uint8(bresult[i]))<=57)){if(decimals){if(_b==0)break;else_b--;}mint*=10;mint+=uint(uint8(bresult[i]))-48;}elseif(uint(uint8(bresult[i]))==46){require(!decimals,'More than one decimal encountered in string!');decimals=true;}else{revert("Non-numeral character encountered in string!");}}

ruleId: SOLIDITY_GAS_LIMIT_IN_LOOPS
patternId: f6f853
severity: 2
line: 1026
column: 8
content: for(uinti=0;i<bresult.length;i++){if((uint(uint8(bresult[i]))>=48)&&(uint(uint8(bresult[i]))<=57)){if(decimals){if(_b==0){break;}else{_b--;}}mint*=10;mint+=uint(uint8(bresult[i]))-48;}elseif(uint(uint8(bresult[i]))==46){decimals=true;}}

ruleId: SOLIDITY_GAS_LIMIT_IN_LOOPS
patternId: f6f853
severity: 2
line: 1071
column: 8
content: for(uinti=0;i<_arr.length;i++){buf.encodeString(_arr[i]);}

ruleId: SOLIDITY_GAS_LIMIT_IN_LOOPS
patternId: f6f853
severity: 2
line: 1083
column: 8
content: for(uinti=0;i<_arr.length;i++){buf.encodeBytes(_arr[i]);}

ruleId: SOLIDITY_GAS_LIMIT_IN_LOOPS
patternId: 17f23a
severity: 1
line: 937
column: 26
content: subindex<n.length&&(i+subindex)<h.length&&h[i+subindex]==n[subindex]

ruleId: SOLIDITY_GAS_LIMIT_IN_LOOPS
patternId: 17f23a
severity: 1
line: 1256
column: 15
content: i<(32+_fromOffset+_length)

ruleId: SOLIDITY_LOCKED_MONEY
patternId: 30281d
severity: 3
line: 36
column: 0
content: contractOraclizeI{addresspubliccbAddress;functionsetProofType(byte_proofType)external;functionsetCustomGasPrice(uint_gasPrice)external;functiongetPrice(stringmemory_datasource)publicreturns(uint_dsprice);functionrandomDS_getSessionPubKeyHash()externalviewreturns(bytes32_sessionKeyHash);functiongetPrice(stringmemory_datasource,uint_gasLimit)publicreturns(uint_dsprice);functionqueryN(uint_timestamp,stringmemory_datasource,bytesmemory_argN)publicpayablereturns(bytes32_id);functionquery(uint_timestamp,stringcalldata<missing ')'>_datasource,stringcalldata_arg)externalpayablereturns<missing ';'>(bytes32_id);functionquery2(uint_timestamp,stringmemory_datasource,stringmemory_arg1,stringmemory_arg2)publicpayablereturns(bytes32_id);functionquery_withGasLimit(uint_timestamp,stringcalldata<missing ')'>_datasource,stringcalldata_arg,uint_gasLimit)externalpayablereturns(bytes32_id);functionqueryN_withGasLimit(uint_timestamp,stringcalldata<missing ')'>_datasource,bytescalldata_argN,uint_gasLimit)externalpayablereturns(bytes32_id);functionquery2_withGasLimit(uint_timestamp,stringcalldata<missing ')'>_datasource,stringcalldata_arg1,stringcalldata_arg2,uint_gasLimit)externalpayablereturns(bytes32_id);}

ruleId: SOLIDITY_PRAGMAS_VERSION
patternId: 23fc32
severity: 1
line: 1
column: 16
content: >=

ruleId: SOLIDITY_PRAGMAS_VERSION
patternId: 23fc32
severity: 1
line: 1
column: 25
content: <

ruleId: SOLIDITY_PRAGMAS_VERSION
patternId: 23fc32
severity: 1
line: 29
column: 16
content: >=

ruleId: SOLIDITY_PRAGMAS_VERSION
patternId: 23fc32
severity: 1
line: 29
column: 25
content: <

ruleId: SOLIDITY_PRIVATE_MODIFIER_DONT_HIDE_DATA
patternId: 5616b2
severity: 1
line: 205
column: 10
content: private

ruleId: SOLIDITY_PRIVATE_MODIFIER_DONT_HIDE_DATA
patternId: 5616b2
severity: 1
line: 206
column: 10
content: private

ruleId: SOLIDITY_PRIVATE_MODIFIER_DONT_HIDE_DATA
patternId: 5616b2
severity: 1
line: 207
column: 10
content: private

ruleId: SOLIDITY_PRIVATE_MODIFIER_DONT_HIDE_DATA
patternId: 5616b2
severity: 1
line: 208
column: 10
content: private

ruleId: SOLIDITY_PRIVATE_MODIFIER_DONT_HIDE_DATA
patternId: 5616b2
severity: 1
line: 209
column: 10
content: private

ruleId: SOLIDITY_PRIVATE_MODIFIER_DONT_HIDE_DATA
patternId: 5616b2
severity: 1
line: 210
column: 10
content: private

ruleId: SOLIDITY_PRIVATE_MODIFIER_DONT_HIDE_DATA
patternId: 5616b2
severity: 1
line: 211
column: 10
content: private

ruleId: SOLIDITY_REVERT_REQUIRE
patternId: c56b12
severity: 1
line: 1005
column: 19
content: if(uint(uint8(bresult[i]))==46){require(!decimals,'More than one decimal encountered in string!');decimals=true;}else{revert("Non-numeral character encountered in string!");}

ruleId: SOLIDITY_SHOULD_NOT_BE_PURE
patternId: 11314f
severity: 1
line: 92
column: 4
content: functioninit(buffermemory_buf,uint_capacity)internalpure{uintcapacity=_capacity;if(capacity%32!=0){capacity+=32-(capacity%32);}_buf.capacity=capacity;assembly{letptr:=mload(0x40)mstore(_buf,ptr)mstore(ptr,0)mstore(0x40,add(ptr,capacity))}}

ruleId: SOLIDITY_SHOULD_NOT_BE_PURE
patternId: 11314f
severity: 1
line: 126
column: 4
content: functionappend(buffermemory_buf,bytesmemory_data)internalpurereturns(buffermemory_buffer){if(_data.length+_buf.buf.length>_buf.capacity){resize(_buf,max(_buf.capacity,_data.length)*2);}uintdest;uintsrc;uintlen=_data.length;assembly{letbufptr:=mload(_buf)letbuflen:=mload(bufptr)dest:=add(add(bufptr,buflen),32)mstore(bufptr,add(buflen,mload(_data)))src:=add(_data,32)}for(;len>=32;len-=32){assembly{mstore(dest,mload(src))}dest+=32;src+=32;}uintmask=256**(32-len)-1;assembly{letsrcpart:=and(mload(src),not(mask))letdestpart:=and(mload(dest),mask)mstore(dest,or(destpart,srcpart))}return_buf;}

ruleId: SOLIDITY_SHOULD_NOT_BE_PURE
patternId: 11314f
severity: 1
line: 164
column: 4
content: functionappend(buffermemory_buf,uint8_data)internalpure{if(_buf.buf.length+1>_buf.capacity){resize(_buf,_buf.capacity*2);}assembly{letbufptr:=mload(_buf)letbuflen:=mload(bufptr)letdest:=add(add(bufptr,buflen),32)mstore8(dest,_data)mstore(bufptr,add(buflen,1))}}

ruleId: SOLIDITY_SHOULD_NOT_BE_PURE
patternId: 11314f
severity: 1
line: 185
column: 4
content: functionappendInt(buffermemory_buf,uint_data,uint_len)internalpurereturns(buffermemory_buffer){if(_len+_buf.buf.length>_buf.capacity){resize(_buf,max(_buf.capacity,_len)*2);}uintmask=256**_len-1;assembly{letbufptr:=mload(_buf)letbuflen:=mload(bufptr)letdest:=add(add(bufptr,buflen),_len)mstore(dest,or(and(mload(dest),not(mask)),_data))mstore(bufptr,add(buflen,_len))}return_buf;}

ruleId: SOLIDITY_SHOULD_NOT_BE_PURE
patternId: 11314f
severity: 1
line: 1251
column: 4
content: functioncopyBytes(bytesmemory_from,uint_fromOffset,uint_length,bytesmemory_to,uint_toOffset)internalpurereturns(bytesmemory_copiedBytes){uintminLength=_length+_toOffset;require(_to.length>=minLength);uinti=32+_fromOffset;uintj=32+_toOffset;while(i<(32+_fromOffset+_length)){assembly{lettmp:=mload(add(_from,i))mstore(add(_to,j),tmp)}i+=32;j+=32;}return_to;}

ruleId: SOLIDITY_SHOULD_NOT_BE_PURE
patternId: 11314f
severity: 1
line: 1338
column: 4
content: functionsafeMemoryCleaner()internalpure{assembly{letfmem:=mload(0x40)codecopy(fmem,codesize,sub(msize,fmem))}}

ruleId: SOLIDITY_SHOULD_NOT_BE_VIEW
patternId: 189abf
severity: 1
line: 860
column: 4
content: functiongetCodeSize(address_addr)viewinternalreturns(uint_size){assembly{_size:=extcodesize(_addr)}}

ruleId: SOLIDITY_SHOULD_RETURN_STRUCT
patternId: 83hf3l
severity: 1
line: 1270
column: 95
content: (bool_success,address_recoveredAddress)

ruleId: SOLIDITY_SHOULD_RETURN_STRUCT
patternId: 83hf3l
severity: 1
line: 1295
column: 75
content: (bool_success,address_recoveredAddress)

ruleId: SOLIDITY_UNCHECKED_CALL
patternId: f39eed
severity: 3
line: 379
column: 8
content: __callback(_myid,_result,newbytes(0))

ruleId: SOLIDITY_USING_INLINE_ASSEMBLY
patternId: 109cd5
severity: 1
line: 98
column: 8
content: assembly{letptr:=mload(0x40)mstore(_buf,ptr)mstore(ptr,0)mstore(0x40,add(ptr,capacity))}

ruleId: SOLIDITY_USING_INLINE_ASSEMBLY
patternId: 109cd5
severity: 1
line: 133
column: 8
content: assembly{letbufptr:=mload(_buf)letbuflen:=mload(bufptr)dest:=add(add(bufptr,buflen),32)mstore(bufptr,add(buflen,mload(_data)))src:=add(_data,32)}

ruleId: SOLIDITY_USING_INLINE_ASSEMBLY
patternId: 109cd5
severity: 1
line: 141
column: 12
content: assembly{mstore(dest,mload(src))}

ruleId: SOLIDITY_USING_INLINE_ASSEMBLY
patternId: 109cd5
severity: 1
line: 148
column: 8
content: assembly{letsrcpart:=and(mload(src),not(mask))letdestpart:=and(mload(dest),mask)mstore(dest,or(destpart,srcpart))}

ruleId: SOLIDITY_USING_INLINE_ASSEMBLY
patternId: 109cd5
severity: 1
line: 168
column: 8
content: assembly{letbufptr:=mload(_buf)letbuflen:=mload(bufptr)letdest:=add(add(bufptr,buflen),32)mstore8(dest,_data)mstore(bufptr,add(buflen,1))}

ruleId: SOLIDITY_USING_INLINE_ASSEMBLY
patternId: 109cd5
severity: 1
line: 190
column: 8
content: assembly{letbufptr:=mload(_buf)letbuflen:=mload(bufptr)letdest:=add(add(bufptr,buflen),_len)mstore(dest,or(and(mload(dest),not(mask)),_data))mstore(bufptr,add(buflen,_len))}

ruleId: SOLIDITY_USING_INLINE_ASSEMBLY
patternId: 109cd5
severity: 1
line: 1098
column: 8
content: assembly{mstore(unonce,0x20)mstore(add(unonce,0x20),xor(blockhash(sub(number,1)),xor(coinbase,timestamp)))mstore(sessionKeyHash,0x20)mstore(add(sessionKeyHash,0x20),sessionKeyHash_bytes32)}

ruleId: SOLIDITY_USING_INLINE_ASSEMBLY
patternId: 109cd5
severity: 1
line: 1110
column: 8
content: assembly{mstore(add(delay,0x20),_delay)}

ruleId: SOLIDITY_USING_INLINE_ASSEMBLY
patternId: 109cd5
severity: 1
line: 1118
column: 8
content: assembly{letx:=mload(add(delay_bytes8,0x20))mstore8(add(delay_bytes8_left,0x27),div(x,0x100000000000000000000000000000000000000000000000000000000000000))mstore8(add(delay_bytes8_left,0x26),div(x,0x1000000000000000000000000000000000000000000000000000000000000))mstore8(add(delay_bytes8_left,0x25),div(x,0x10000000000000000000000000000000000000000000000000000000000))mstore8(add(delay_bytes8_left,0x24),div(x,0x100000000000000000000000000000000000000000000000000000000))mstore8(add(delay_bytes8_left,0x23),div(x,0x1000000000000000000000000000000000000000000000000000000))mstore8(add(delay_bytes8_left,0x22),div(x,0x10000000000000000000000000000000000000000000000000000))mstore8(add(delay_bytes8_left,0x21),div(x,0x100000000000000000000000000000000000000000000000000))mstore8(add(delay_bytes8_left,0x20),div(x,0x1000000000000000000000000000000000000000000000000))}

ruleId: SOLIDITY_USING_INLINE_ASSEMBLY
patternId: 109cd5
severity: 1
line: 1148
column: 8
content: assembly{sigr:=mload(add(sigr_,32))sigs:=mload(add(sigs_,32))}

ruleId: SOLIDITY_USING_INLINE_ASSEMBLY
patternId: 109cd5
severity: 1
line: 1257
column: 12
content: assembly{lettmp:=mload(add(_from,i))mstore(add(_to,j),tmp)}

ruleId: SOLIDITY_USING_INLINE_ASSEMBLY
patternId: 109cd5
severity: 1
line: 1281
column: 8
content: assembly{letsize:=mload(0x40)mstore(size,_hash)mstore(add(size,32),_v)mstore(add(size,64),_r)mstore(add(size,96),_s)ret:=call(3000,1,0,size,128,size,32)addr:=mload(size)}

ruleId: SOLIDITY_USING_INLINE_ASSEMBLY
patternId: 109cd5
severity: 1
line: 1307
column: 8
content: assembly{r:=mload(add(_sig,32))s:=mload(add(_sig,64))v:=byte(0,mload(add(_sig,96)))}

ruleId: SOLIDITY_USING_INLINE_ASSEMBLY
patternId: 109cd5
severity: 1
line: 1339
column: 8
content: assembly{letfmem:=mload(0x40)codecopy(fmem,codesize,sub(msize,fmem))}

ruleId: SOLIDITY_VISIBILITY
patternId: 910067
severity: 1
line: 46
column: 4
content: functionquery(uint_timestamp,stringcalldata<missing ')'>

ruleId: SOLIDITY_VISIBILITY
patternId: 910067
severity: 1
line: 48
column: 4
content: functionquery_withGasLimit(uint_timestamp,stringcalldata<missing ')'>

ruleId: SOLIDITY_VISIBILITY
patternId: 910067
severity: 1
line: 49
column: 4
content: functionqueryN_withGasLimit(uint_timestamp,stringcalldata<missing ')'>

ruleId: SOLIDITY_VISIBILITY
patternId: 910067
severity: 1
line: 50
column: 4
content: functionquery2_withGasLimit(uint_timestamp,stringcalldata<missing ')'>

ruleId: SOLIDITY_VISIBILITY
patternId: b51ce0
severity: 1
line: 46
column: 52
content: _datasource,

ruleId: SOLIDITY_VISIBILITY
patternId: b51ce0
severity: 1
line: 46
column: 65
content: stringcalldata

ruleId: SOLIDITY_VISIBILITY
patternId: b51ce0
severity: 1
line: 46
column: 112
content: (bytes32_id);

ruleId: SOLIDITY_VISIBILITY
patternId: b51ce0
severity: 1
line: 48
column: 65
content: _datasource,

ruleId: SOLIDITY_VISIBILITY
patternId: b51ce0
severity: 1
line: 48
column: 78
content: stringcalldata

ruleId: SOLIDITY_VISIBILITY
patternId: b51ce0
severity: 1
line: 48
column: 94
content: _arg,

ruleId: SOLIDITY_VISIBILITY
patternId: b51ce0
severity: 1
line: 48
column: 100
content: uint_gasLimit)externalpayablereturns

ruleId: SOLIDITY_VISIBILITY
patternId: b51ce0
severity: 1
line: 48
column: 141
content: (bytes32_id);

ruleId: SOLIDITY_VISIBILITY
patternId: b51ce0
severity: 1
line: 49
column: 66
content: _datasource,

ruleId: SOLIDITY_VISIBILITY
patternId: b51ce0
severity: 1
line: 49
column: 79
content: bytescalldata

ruleId: SOLIDITY_VISIBILITY
patternId: b51ce0
severity: 1
line: 49
column: 94
content: _argN,

ruleId: SOLIDITY_VISIBILITY
patternId: b51ce0
severity: 1
line: 49
column: 101
content: uint_gasLimit)externalpayablereturns

ruleId: SOLIDITY_VISIBILITY
patternId: b51ce0
severity: 1
line: 49
column: 142
content: (bytes32_id);

ruleId: SOLIDITY_VISIBILITY
patternId: b51ce0
severity: 1
line: 50
column: 66
content: _datasource,

ruleId: SOLIDITY_VISIBILITY
patternId: b51ce0
severity: 1
line: 50
column: 79
content: stringcalldata

ruleId: SOLIDITY_VISIBILITY
patternId: b51ce0
severity: 1
line: 50
column: 95
content: _arg1,

ruleId: SOLIDITY_VISIBILITY
patternId: b51ce0
severity: 1
line: 50
column: 102
content: stringcalldata

ruleId: SOLIDITY_VISIBILITY
patternId: b51ce0
severity: 1
line: 50
column: 118
content: _arg2,

ruleId: SOLIDITY_VISIBILITY
patternId: b51ce0
severity: 1
line: 50
column: 125
content: uint_gasLimit)externalpayablereturns

ruleId: SOLIDITY_VISIBILITY
patternId: b51ce0
severity: 1
line: 50
column: 166
content: (bytes32_id);

ruleId: SOLIDITY_VISIBILITY
patternId: b51ce0
severity: 1
line: 278
column: 4
content: OraclizeIoraclize;

ruleId: SOLIDITY_VISIBILITY
patternId: b51ce0
severity: 1
line: 279
column: 4
content: OraclizeAddrResolverIOAR;

ruleId: SOLIDITY_VISIBILITY
patternId: b51ce0
severity: 1
line: 281
column: 4
content: uintconstantday=60*60*24;

ruleId: SOLIDITY_VISIBILITY
patternId: b51ce0
severity: 1
line: 282
column: 4
content: uintconstantweek=60*60*24*7;

ruleId: SOLIDITY_VISIBILITY
patternId: b51ce0
severity: 1
line: 283
column: 4
content: uintconstantmonth=60*60*24*30;

ruleId: SOLIDITY_VISIBILITY
patternId: b51ce0
severity: 1
line: 285
column: 4
content: byteconstantproofType_NONE=0x00;

ruleId: SOLIDITY_VISIBILITY
patternId: b51ce0
severity: 1
line: 286
column: 4
content: byteconstantproofType_Ledger=0x30;

ruleId: SOLIDITY_VISIBILITY
patternId: b51ce0
severity: 1
line: 287
column: 4
content: byteconstantproofType_Native=0xF0;

ruleId: SOLIDITY_VISIBILITY
patternId: b51ce0
severity: 1
line: 288
column: 4
content: byteconstantproofStorage_IPFS=0x01;

ruleId: SOLIDITY_VISIBILITY
patternId: b51ce0
severity: 1
line: 289
column: 4
content: byteconstantproofType_Android=0x40;

ruleId: SOLIDITY_VISIBILITY
patternId: b51ce0
severity: 1
line: 290
column: 4
content: byteconstantproofType_TLSNotary=0x10;

ruleId: SOLIDITY_VISIBILITY
patternId: b51ce0
severity: 1
line: 292
column: 4
content: stringoraclize_network_name;

ruleId: SOLIDITY_VISIBILITY
patternId: b51ce0
severity: 1
line: 293
column: 4
content: uint8constantnetworkID_auto=0;

ruleId: SOLIDITY_VISIBILITY
patternId: b51ce0
severity: 1
line: 294
column: 4
content: uint8constantnetworkID_morden=2;

ruleId: SOLIDITY_VISIBILITY
patternId: b51ce0
severity: 1
line: 295
column: 4
content: uint8constantnetworkID_mainnet=1;

ruleId: SOLIDITY_VISIBILITY
patternId: b51ce0
severity: 1
line: 296
column: 4
content: uint8constantnetworkID_testnet=2;

ruleId: SOLIDITY_VISIBILITY
patternId: b51ce0
severity: 1
line: 297
column: 4
content: uint8constantnetworkID_consensys=161;

ruleId: SOLIDITY_VISIBILITY
patternId: b51ce0
severity: 1
line: 299
column: 4
content: mapping(bytes32=>bytes32)oraclize_randomDS_args;

ruleId: SOLIDITY_VISIBILITY
patternId: b51ce0
severity: 1
line: 300
column: 4
content: mapping(bytes32=>bool)oraclize_randomDS_sessionKeysHashVerified;

ruleId: SOLIDITY_VISIBILITY
patternId: b51ce0
severity: 1
line: 1353
column: 4
content: stringdatasource="URL";

SOLIDITY_VISIBILITY :44
SOLIDITY_PRAGMAS_VERSION :4
SOLIDITY_FUNCTIONS_RETURNS_TYPE_AND_NO_RETURN :1
SOLIDITY_PRIVATE_MODIFIER_DONT_HIDE_DATA :7
SOLIDITY_EXTRA_GAS_IN_LOOPS :11
SOLIDITY_ADDRESS_HARDCODED :31
SOLIDITY_GAS_LIMIT_IN_LOOPS :13
SOLIDITY_UNCHECKED_CALL :1
SOLIDITY_SHOULD_RETURN_STRUCT :2
SOLIDITY_SHOULD_NOT_BE_PURE :6
SOLIDITY_REVERT_REQUIRE :1
SOLIDITY_LOCKED_MONEY :1
SOLIDITY_USING_INLINE_ASSEMBLY :14
SOLIDITY_SHOULD_NOT_BE_VIEW :1