/unique_chucks/1/0xb62132e35a6c13ee1ee0f84dc5d40bad8d815206.sol
jar:file:/usr/local/lib/node_modules/@smartdec/smartcheck/jdeploy-bundle/smartcheck-2.0-jar-with-dependencies.jar!/solidity-rules.xmlruleId: SOLIDITY_ADDRESS_HARDCODED
patternId: adc165
severity: 1
line: 247
column: 46
content: 0xFFfFfFffFFfffFFfFFfFFFFFffFFFffffFfFFFfF

ruleId: SOLIDITY_ADDRESS_HARDCODED
patternId: adc165
severity: 1
line: 258
column: 46
content: 0x1111111111111111111111111111111111111111

ruleId: SOLIDITY_ADDRESS_HARDCODED
patternId: adc165
severity: 1
line: 273
column: 42
content: 0x2222222222222222222222222222222222222222

ruleId: SOLIDITY_ADDRESS_HARDCODED
patternId: adc165
severity: 1
line: 291
column: 47
content: 0x3333333333333333333333333333333333333333

ruleId: SOLIDITY_ADDRESS_HARDCODED
patternId: adc165
severity: 1
line: 308
column: 46
content: 0x4444444444444444444444444444444444444444

ruleId: SOLIDITY_ADDRESS_HARDCODED
patternId: a91b18
severity: 1
line: 54
column: 2
content: potentialOwner=address(0)

ruleId: SOLIDITY_ERC20_APPROVE
patternId: af782c
severity: 2
line: 147
column: 1
content: functionapprove(address_spender,uint256_value)publicreturns(boolsuccess){allowed[msg.sender][_spender]=_value;emitApproval(msg.sender,_spender,_value);returntrue;}

ruleId: SOLIDITY_OVERPOWERED_ROLE
patternId: j83hf7
severity: 2
line: 40
column: 1
content: functionsetOwner(address_new)publiconlyOwner{emitNewPotentialOwner(owner,_new);potentialOwner=_new;}

SOLIDITY_OVERPOWERED_ROLE :1
SOLIDITY_ADDRESS_HARDCODED :6
SOLIDITY_ERC20_APPROVE :1