INFO:Slither:Compilation warnings/errors on /unique_chucks/40/0xdc00a48795cdda3e379ef3fed2a908b12529db3d.sol:
/unique_chucks/40/0xdc00a48795cdda3e379ef3fed2a908b12529db3d.sol:16:3: Warning: Defining constructors as functions with the same name as the contract is deprecated. Use "constructor(...) { ... }" instead.
  function Ownable() {
  ^ (Relevant source part starts here and spans across multiple lines).
/unique_chucks/40/0xdc00a48795cdda3e379ef3fed2a908b12529db3d.sol:69:5: Warning: Defining constructors as functions with the same name as the contract is deprecated. Use "constructor(...) { ... }" instead.
    function Champion() {
    ^ (Relevant source part starts here and spans across multiple lines).
/unique_chucks/40/0xdc00a48795cdda3e379ef3fed2a908b12529db3d.sol:16:3: Warning: No visibility specified. Defaulting to "public". 
  function Ownable() {
  ^ (Relevant source part starts here and spans across multiple lines).
/unique_chucks/40/0xdc00a48795cdda3e379ef3fed2a908b12529db3d.sol:34:3: Warning: No visibility specified. Defaulting to "public". 
  function transferOwnership(address newOwner) onlyOwner {
  ^ (Relevant source part starts here and spans across multiple lines).
/unique_chucks/40/0xdc00a48795cdda3e379ef3fed2a908b12529db3d.sol:69:5: Warning: No visibility specified. Defaulting to "public". 
    function Champion() {
    ^ (Relevant source part starts here and spans across multiple lines).
/unique_chucks/40/0xdc00a48795cdda3e379ef3fed2a908b12529db3d.sol:74:5: Warning: No visibility specified. Defaulting to "public". 
    function getAllGamesCount() constant returns(uint256) {
    ^ (Relevant source part starts here and spans across multiple lines).
/unique_chucks/40/0xdc00a48795cdda3e379ef3fed2a908b12529db3d.sol:78:5: Warning: No visibility specified. Defaulting to "public". 
    function getWinner(uint256 _game) constant returns (address) {
    ^ (Relevant source part starts here and spans across multiple lines).
/unique_chucks/40/0xdc00a48795cdda3e379ef3fed2a908b12529db3d.sol:86:5: Warning: No visibility specified. Defaulting to "public". 
    function getStartBlock(uint256 _game) 
    ^ (Relevant source part starts here and spans across multiple lines).
/unique_chucks/40/0xdc00a48795cdda3e379ef3fed2a908b12529db3d.sol:92:5: Warning: No visibility specified. Defaulting to "public". 
    function getPlayersCountByGame(uint256 _game) 
    ^ (Relevant source part starts here and spans across multiple lines).
/unique_chucks/40/0xdc00a48795cdda3e379ef3fed2a908b12529db3d.sol:98:5: Warning: No visibility specified. Defaulting to "public". 
    function getPlayerNumbersInGame(uint256 _gameBlock, address _palayer) 
    ^ (Relevant source part starts here and spans across multiple lines).
/unique_chucks/40/0xdc00a48795cdda3e379ef3fed2a908b12529db3d.sol:104:5: Warning: No visibility specified. Defaulting to "public". 
    function getGamePrize(uint256 _game) constant returns (uint256) {
    ^ (Relevant source part starts here and spans across multiple lines).
/unique_chucks/40/0xdc00a48795cdda3e379ef3fed2a908b12529db3d.sol:108:5: Warning: No visibility specified. Defaulting to "public". 
    function setGamePrize(uint256 _game, uint256 _amount) onlyOwner {
    ^ (Relevant source part starts here and spans across multiple lines).
/unique_chucks/40/0xdc00a48795cdda3e379ef3fed2a908b12529db3d.sol:113:24: Warning: "block.blockhash()" has been deprecated in favor of "blockhash()"
        bytes32 hash = block.blockhash(_game);
                       ^-------------^
/unique_chucks/40/0xdc00a48795cdda3e379ef3fed2a908b12529db3d.sol:127:5: Warning: No visibility specified. Defaulting to "public". 
    function startGame() onlyOwner returns (bool) {
    ^ (Relevant source part starts here and spans across multiple lines).
/unique_chucks/40/0xdc00a48795cdda3e379ef3fed2a908b12529db3d.sol:141:5: Warning: No visibility specified. Defaulting to "public". 
    function finishCurrentGame() onlyOwner returns (address) {
    ^ (Relevant source part starts here and spans across multiple lines).
/unique_chucks/40/0xdc00a48795cdda3e379ef3fed2a908b12529db3d.sol:145:5: Warning: No visibility specified. Defaulting to "public". 
    function finishGame(uint256 _game) onlyOwner returns (address) {
    ^ (Relevant source part starts here and spans across multiple lines).
/unique_chucks/40/0xdc00a48795cdda3e379ef3fed2a908b12529db3d.sol:174:5: Warning: No visibility specified. Defaulting to "public". 
    function getCurrentGameSteps() constant returns (uint256) {
    ^ (Relevant source part starts here and spans across multiple lines).
/unique_chucks/40/0xdc00a48795cdda3e379ef3fed2a908b12529db3d.sol:178:5: Warning: No visibility specified. Defaulting to "public". 
    function getStepsCount(uint256 _game) 
    ^ (Relevant source part starts here and spans across multiple lines).
/unique_chucks/40/0xdc00a48795cdda3e379ef3fed2a908b12529db3d.sol:211:5: Warning: No visibility specified. Defaulting to "public". 
    function getGameRules(uint256 _game) 
    ^ (Relevant source part starts here and spans across multiple lines).
/unique_chucks/40/0xdc00a48795cdda3e379ef3fed2a908b12529db3d.sol:282:5: Warning: No visibility specified. Defaulting to "public". 
    function processStepsByStep(uint256 _gameBlock, uint256 step) 
    ^ (Relevant source part starts here and spans across multiple lines).
/unique_chucks/40/0xdc00a48795cdda3e379ef3fed2a908b12529db3d.sol:360:5: Warning: No visibility specified. Defaulting to "public". 
    function buyTicket(address _player) onlyOwner 
    ^ (Relevant source part starts here and spans across multiple lines).
/unique_chucks/40/0xdc00a48795cdda3e379ef3fed2a908b12529db3d.sol:224:5: Warning: Function state mutability can be restricted to view
    function processSteps(uint256 _gameBlock) 
    ^ (Relevant source part starts here and spans across multiple lines).
/unique_chucks/40/0xdc00a48795cdda3e379ef3fed2a908b12529db3d.sol:345:5: Warning: Function state mutability can be restricted to pure
    function isEvenNumber(uint _v1) 
    ^ (Relevant source part starts here and spans across multiple lines).

INFO:Detectors:[93m
Champion.getStepsCount (/unique_chucks/40/0xdc00a48795cdda3e379ef3fed2a908b12529db3d.sol#183-217) is declared view but contains assembly code
Reference: https://github.com/trailofbits/slither/wiki/Detectors-Documentation#constant-functions-changing-the-state[0m
INFO:Detectors:[93m
Champion.processSteps (/unique_chucks/40/0xdc00a48795cdda3e379ef3fed2a908b12529db3d.sol#230-287) uses a dangerous strict equality:
	- (isNumberRes && left == NUMBER) || (! isNumberRes && left == STRING)
	- (isNumberRes && left == NUMBER) || (! isNumberRes && left == STRING)
	- isNumberRes && right == NUMBER || (! isNumberRes && right == STRING)
	- isNumberRes && right == NUMBER || (! isNumberRes && right == STRING)
Reference: https://github.com/trailofbits/slither/wiki/Detectors-Documentation#dangerous-strict-equalities[0m
INFO:Detectors:[92m
Champion.getStepsCount uses assembly (/unique_chucks/40/0xdc00a48795cdda3e379ef3fed2a908b12529db3d.sol#183-217)
	- /unique_chucks/40/0xdc00a48795cdda3e379ef3fed2a908b12529db3d.sol#187-217
Reference: https://github.com/trailofbits/slither/wiki/Detectors-Documentation#assembly-usage[0m
INFO:Detectors:[92m
Deprecated standard detected @ /unique_chucks/40/0xdc00a48795cdda3e379ef3fed2a908b12529db3d.sol#117-118:
	- Usage of "block.blockhash()" should be replaced with "blockhash()"
Reference: https://github.com/trailofbits/slither/wiki/Detectors-Documentation#deprecated-standards[0m
INFO:Detectors:[92m
Ownable.transferOwnership (/unique_chucks/40/0xdc00a48795cdda3e379ef3fed2a908b12529db3d.sol#34-43) should be declared external
Champion.getAllGamesCount (/unique_chucks/40/0xdc00a48795cdda3e379ef3fed2a908b12529db3d.sol#75-79) should be declared external
Champion.getWinner (/unique_chucks/40/0xdc00a48795cdda3e379ef3fed2a908b12529db3d.sol#79-82) should be declared external
Champion.getPlayerNumbersInGame (/unique_chucks/40/0xdc00a48795cdda3e379ef3fed2a908b12529db3d.sol#99-105) should be declared external
Champion.getGamePrize (/unique_chucks/40/0xdc00a48795cdda3e379ef3fed2a908b12529db3d.sol#106-109) should be declared external
Champion.setGamePrize (/unique_chucks/40/0xdc00a48795cdda3e379ef3fed2a908b12529db3d.sol#110-113) should be declared external
Champion.startGame (/unique_chucks/40/0xdc00a48795cdda3e379ef3fed2a908b12529db3d.sol#129-145) should be declared external
Champion.finishCurrentGame (/unique_chucks/40/0xdc00a48795cdda3e379ef3fed2a908b12529db3d.sol#145-148) should be declared external
Champion.processStepsByStep (/unique_chucks/40/0xdc00a48795cdda3e379ef3fed2a908b12529db3d.sol#288-360) should be declared external
Champion.buyTicket (/unique_chucks/40/0xdc00a48795cdda3e379ef3fed2a908b12529db3d.sol#370-374) should be declared external
Reference: https://github.com/trailofbits/slither/wiki/Detectors-Documentation#public-function-that-could-be-declared-as-external[0m
INFO:Detectors:[92m
Detected issues with version pragma in /unique_chucks/40/0xdc00a48795cdda3e379ef3fed2a908b12529db3d.sol:
	- pragma solidity^0.4.13 (/unique_chucks/40/0xdc00a48795cdda3e379ef3fed2a908b12529db3d.sol#1): it allows old versions
Reference: https://github.com/trailofbits/slither/wiki/Detectors-Documentation#incorrect-version-of-solidity[0m
INFO:Detectors:[92m
Function 'Ownable.Ownable' (/unique_chucks/40/0xdc00a48795cdda3e379ef3fed2a908b12529db3d.sol#16-22) is not in mixedCase
Function 'Champion.Champion' (/unique_chucks/40/0xdc00a48795cdda3e379ef3fed2a908b12529db3d.sol#71-75) is not in mixedCase
Parameter '_game' of Champion.getWinner (/unique_chucks/40/0xdc00a48795cdda3e379ef3fed2a908b12529db3d.sol#80-82) is not in mixedCase
Parameter '_game' of Champion.setWinner (/unique_chucks/40/0xdc00a48795cdda3e379ef3fed2a908b12529db3d.sol#83-84) is not in mixedCase
Parameter '_winner' of Champion.setWinner (/unique_chucks/40/0xdc00a48795cdda3e379ef3fed2a908b12529db3d.sol#84-86) is not in mixedCase
Parameter '_game' of Champion.getStartBlock (/unique_chucks/40/0xdc00a48795cdda3e379ef3fed2a908b12529db3d.sol#89) is not in mixedCase
Parameter '_game' of Champion.getPlayersCountByGame (/unique_chucks/40/0xdc00a48795cdda3e379ef3fed2a908b12529db3d.sol#95-96) is not in mixedCase
Parameter '_gameBlock' of Champion.getPlayerNumbersInGame (/unique_chucks/40/0xdc00a48795cdda3e379ef3fed2a908b12529db3d.sol#101) is not in mixedCase
Parameter '_palayer' of Champion.getPlayerNumbersInGame (/unique_chucks/40/0xdc00a48795cdda3e379ef3fed2a908b12529db3d.sol#101) is not in mixedCase
Parameter '_game' of Champion.getGamePrize (/unique_chucks/40/0xdc00a48795cdda3e379ef3fed2a908b12529db3d.sol#108) is not in mixedCase
Parameter '_game' of Champion.setGamePrize (/unique_chucks/40/0xdc00a48795cdda3e379ef3fed2a908b12529db3d.sol#112) is not in mixedCase
Parameter '_amount' of Champion.setGamePrize (/unique_chucks/40/0xdc00a48795cdda3e379ef3fed2a908b12529db3d.sol#112) is not in mixedCase
Parameter '_game' of Champion.isNumber (/unique_chucks/40/0xdc00a48795cdda3e379ef3fed2a908b12529db3d.sol#114) is not in mixedCase
Parameter '_game' of Champion.finishGame (/unique_chucks/40/0xdc00a48795cdda3e379ef3fed2a908b12529db3d.sol#148) is not in mixedCase
Parameter '_game' of Champion.getStepsCount (/unique_chucks/40/0xdc00a48795cdda3e379ef3fed2a908b12529db3d.sol#183-184) is not in mixedCase
Parameter '_game' of Champion.getGameRules (/unique_chucks/40/0xdc00a48795cdda3e379ef3fed2a908b12529db3d.sol#218) is not in mixedCase
Parameter '_gameBlock' of Champion.processSteps (/unique_chucks/40/0xdc00a48795cdda3e379ef3fed2a908b12529db3d.sol#231) is not in mixedCase
Parameter '_gameBlock' of Champion.processStepsByStep (/unique_chucks/40/0xdc00a48795cdda3e379ef3fed2a908b12529db3d.sol#289-290) is not in mixedCase
Parameter '_v1' of Champion.isEvenNumber (/unique_chucks/40/0xdc00a48795cdda3e379ef3fed2a908b12529db3d.sol#360) is not in mixedCase
Parameter '_player' of Champion.buyTicket (/unique_chucks/40/0xdc00a48795cdda3e379ef3fed2a908b12529db3d.sol#370) is not in mixedCase
Reference: https://github.com/trailofbits/slither/wiki/Detectors-Documentation#conformance-to-solidity-naming-conventions[0m
INFO:Slither:/unique_chucks/40/0xdc00a48795cdda3e379ef3fed2a908b12529db3d.sol analyzed (2 contracts), 35 result(s) found