INFO:Slither:Compilation warnings/errors on /unique_contracts/0x279e152f96bdd4a0b3cb10b5fba0cfeea4a7429b.sol:
/unique_contracts/0x279e152f96bdd4a0b3cb10b5fba0cfeea4a7429b.sol:242:3: Warning: Defining constructors as functions with the same name as the contract is deprecated. Use "constructor(...) { ... }" instead.
  function RxEALTokenContract() {
  ^ (Relevant source part starts here and spans across multiple lines).
/unique_contracts/0x279e152f96bdd4a0b3cb10b5fba0cfeea4a7429b.sol:330:3: Warning: Defining constructors as functions with the same name as the contract is deprecated. Use "constructor(...) { ... }" instead.
  function RxEALPresaleContract() {
  ^ (Relevant source part starts here and spans across multiple lines).
/unique_contracts/0x279e152f96bdd4a0b3cb10b5fba0cfeea4a7429b.sol:85:5: Warning: Invoking events without "emit" prefix is deprecated.
    Transfer(msg.sender, _to, _value);
    ^-------------------------------^
/unique_contracts/0x279e152f96bdd4a0b3cb10b5fba0cfeea4a7429b.sol:130:5: Warning: Invoking events without "emit" prefix is deprecated.
    Transfer(_from, _to, _value);
    ^--------------------------^
/unique_contracts/0x279e152f96bdd4a0b3cb10b5fba0cfeea4a7429b.sol:146:5: Warning: Invoking events without "emit" prefix is deprecated.
    Approval(msg.sender, _spender, _value);
    ^------------------------------------^
/unique_contracts/0x279e152f96bdd4a0b3cb10b5fba0cfeea4a7429b.sol:169:5: Warning: Invoking events without "emit" prefix is deprecated.
    Approval(msg.sender, _spender, allowed[msg.sender][_spender]);
    ^-----------------------------------------------------------^
/unique_contracts/0x279e152f96bdd4a0b3cb10b5fba0cfeea4a7429b.sol:181:5: Warning: Invoking events without "emit" prefix is deprecated.
    Approval(msg.sender, _spender, allowed[msg.sender][_spender]);
    ^-----------------------------------------------------------^
/unique_contracts/0x279e152f96bdd4a0b3cb10b5fba0cfeea4a7429b.sol:252:5: Warning: Invoking events without "emit" prefix is deprecated.
    OwnershipGranted(msg.sender, _owner);
    ^----------------------------------^
/unique_contracts/0x279e152f96bdd4a0b3cb10b5fba0cfeea4a7429b.sol:259:5: Warning: Invoking events without "emit" prefix is deprecated.
    OwnershipRevoked(msg.sender, _owner);
    ^----------------------------------^
/unique_contracts/0x279e152f96bdd4a0b3cb10b5fba0cfeea4a7429b.sol:264:5: Warning: Invoking events without "emit" prefix is deprecated.
    SalesAgentPermissionsTransferred(salesAgent, _salesAgent);
    ^-------------------------------------------------------^
/unique_contracts/0x279e152f96bdd4a0b3cb10b5fba0cfeea4a7429b.sol:270:5: Warning: Invoking events without "emit" prefix is deprecated.
    SalesAgentRemoved(salesAgent);
    ^---------------------------^
/unique_contracts/0x279e152f96bdd4a0b3cb10b5fba0cfeea4a7429b.sol:279:5: Warning: Invoking events without "emit" prefix is deprecated.
    Transfer(_from, _to, _amount);
    ^---------------------------^
/unique_contracts/0x279e152f96bdd4a0b3cb10b5fba0cfeea4a7429b.sol:287:5: Warning: Invoking events without "emit" prefix is deprecated.
    Burn(_value);
    ^----------^
/unique_contracts/0x279e152f96bdd4a0b3cb10b5fba0cfeea4a7429b.sol:362:5: Warning: Invoking events without "emit" prefix is deprecated.
    TokenPurchase(msg.sender, beneficiary, weiAmount, tokens);
    ^-------------------------------------------------------^
/unique_contracts/0x279e152f96bdd4a0b3cb10b5fba0cfeea4a7429b.sol:166:3: Warning: No visibility specified. Defaulting to "public". 
  function increaseApproval (address _spender, uint _addedValue)
  ^ (Relevant source part starts here and spans across multiple lines).
/unique_contracts/0x279e152f96bdd4a0b3cb10b5fba0cfeea4a7429b.sol:173:3: Warning: No visibility specified. Defaulting to "public". 
  function decreaseApproval (address _spender, uint _subtractedValue)
  ^ (Relevant source part starts here and spans across multiple lines).
/unique_contracts/0x279e152f96bdd4a0b3cb10b5fba0cfeea4a7429b.sol:242:3: Warning: No visibility specified. Defaulting to "public". 
  function RxEALTokenContract() {
  ^ (Relevant source part starts here and spans across multiple lines).
/unique_contracts/0x279e152f96bdd4a0b3cb10b5fba0cfeea4a7429b.sol:330:3: Warning: No visibility specified. Defaulting to "public". 
  function RxEALPresaleContract() {
  ^ (Relevant source part starts here and spans across multiple lines).
/unique_contracts/0x279e152f96bdd4a0b3cb10b5fba0cfeea4a7429b.sol:335:3: Warning: No visibility specified. Defaulting to "public". 
  function () payable {
  ^ (Relevant source part starts here and spans across multiple lines).
/unique_contracts/0x279e152f96bdd4a0b3cb10b5fba0cfeea4a7429b.sol:27:3: Warning: Function state mutability can be restricted to pure
  function mul(uint256 a, uint256 b) internal constant returns (uint256) {
  ^ (Relevant source part starts here and spans across multiple lines).
/unique_contracts/0x279e152f96bdd4a0b3cb10b5fba0cfeea4a7429b.sol:33:3: Warning: Function state mutability can be restricted to pure
  function div(uint256 a, uint256 b) internal constant returns (uint256) {
  ^ (Relevant source part starts here and spans across multiple lines).
/unique_contracts/0x279e152f96bdd4a0b3cb10b5fba0cfeea4a7429b.sol:40:3: Warning: Function state mutability can be restricted to pure
  function sub(uint256 a, uint256 b) internal constant returns (uint256) {
  ^ (Relevant source part starts here and spans across multiple lines).
/unique_contracts/0x279e152f96bdd4a0b3cb10b5fba0cfeea4a7429b.sol:45:3: Warning: Function state mutability can be restricted to pure
  function add(uint256 a, uint256 b) internal constant returns (uint256) {
  ^ (Relevant source part starts here and spans across multiple lines).

INFO:Detectors:[92m
RxEALPresaleContract.cap should be constant (/unique_contracts/0x279e152f96bdd4a0b3cb10b5fba0cfeea4a7429b.sol#327-330)
RxEALPresaleContract.endTime should be constant (/unique_contracts/0x279e152f96bdd4a0b3cb10b5fba0cfeea4a7429b.sol#313)
RxEALPresaleContract.rate should be constant (/unique_contracts/0x279e152f96bdd4a0b3cb10b5fba0cfeea4a7429b.sol#325-327)
RxEALPresaleContract.startTime should be constant (/unique_contracts/0x279e152f96bdd4a0b3cb10b5fba0cfeea4a7429b.sol#312-313)
RxEALPresaleContract.wallet1 should be constant (/unique_contracts/0x279e152f96bdd4a0b3cb10b5fba0cfeea4a7429b.sol#314-315)
RxEALPresaleContract.wallet2 should be constant (/unique_contracts/0x279e152f96bdd4a0b3cb10b5fba0cfeea4a7429b.sol#315-318)
RxEALPresaleContract.wallet3 should be constant (/unique_contracts/0x279e152f96bdd4a0b3cb10b5fba0cfeea4a7429b.sol#318-320)
RxEALPresaleContract.wallet4 should be constant (/unique_contracts/0x279e152f96bdd4a0b3cb10b5fba0cfeea4a7429b.sol#320-324)
Reference: https://github.com/trailofbits/slither/wiki/Detectors-Documentation#state-variables-that-could-be-declared-constant[0m
INFO:Detectors:[92m
BasicToken.balanceOf (/unique_contracts/0x279e152f96bdd4a0b3cb10b5fba0cfeea4a7429b.sol#95-104) should be declared external
ERC20Basic.balanceOf (/unique_contracts/0x279e152f96bdd4a0b3cb10b5fba0cfeea4a7429b.sol#16-17) should be declared external
ERC20Basic.transfer (/unique_contracts/0x279e152f96bdd4a0b3cb10b5fba0cfeea4a7429b.sol#17-18) should be declared external
BasicToken.transfer (/unique_contracts/0x279e152f96bdd4a0b3cb10b5fba0cfeea4a7429b.sol#80-91) should be declared external
ERC20.allowance (/unique_contracts/0x279e152f96bdd4a0b3cb10b5fba0cfeea4a7429b.sol#58-59) should be declared external
StandardToken.allowance (/unique_contracts/0x279e152f96bdd4a0b3cb10b5fba0cfeea4a7429b.sol#161-162) should be declared external
ERC20.transferFrom (/unique_contracts/0x279e152f96bdd4a0b3cb10b5fba0cfeea4a7429b.sol#59-60) should be declared external
StandardToken.transferFrom (/unique_contracts/0x279e152f96bdd4a0b3cb10b5fba0cfeea4a7429b.sol#120-137) should be declared external
StandardToken.approve (/unique_contracts/0x279e152f96bdd4a0b3cb10b5fba0cfeea4a7429b.sol#146-152) should be declared external
ERC20.approve (/unique_contracts/0x279e152f96bdd4a0b3cb10b5fba0cfeea4a7429b.sol#60-61) should be declared external
StandardToken.increaseApproval (/unique_contracts/0x279e152f96bdd4a0b3cb10b5fba0cfeea4a7429b.sol#168-176) should be declared external
StandardToken.decreaseApproval (/unique_contracts/0x279e152f96bdd4a0b3cb10b5fba0cfeea4a7429b.sol#176-201) should be declared external
RxEALTokenContract.grantOwnership (/unique_contracts/0x279e152f96bdd4a0b3cb10b5fba0cfeea4a7429b.sol#255-260) should be declared external
RxEALTokenContract.revokeOwnership (/unique_contracts/0x279e152f96bdd4a0b3cb10b5fba0cfeea4a7429b.sol#263-268) should be declared external
RxEALTokenContract.transferSalesAgentPermissions (/unique_contracts/0x279e152f96bdd4a0b3cb10b5fba0cfeea4a7429b.sol#270-275) should be declared external
RxEALTokenContract.removeSalesAgent (/unique_contracts/0x279e152f96bdd4a0b3cb10b5fba0cfeea4a7429b.sol#275-278) should be declared external
RxEALTokenContract.transferTokensFromVault (/unique_contracts/0x279e152f96bdd4a0b3cb10b5fba0cfeea4a7429b.sol#282-293) should be declared external
RxEALTokenContract.burn (/unique_contracts/0x279e152f96bdd4a0b3cb10b5fba0cfeea4a7429b.sol#299-306) should be declared external
RxEALPresaleContract.fallback (/unique_contracts/0x279e152f96bdd4a0b3cb10b5fba0cfeea4a7429b.sol#347-348) should be declared external
RxEALPresaleContract.hasEnded (/unique_contracts/0x279e152f96bdd4a0b3cb10b5fba0cfeea4a7429b.sol) should be declared external
Reference: https://github.com/trailofbits/slither/wiki/Detectors-Documentation#public-function-that-could-be-declared-as-external[0m
INFO:Detectors:[92m
Detected issues with version pragma in /unique_contracts/0x279e152f96bdd4a0b3cb10b5fba0cfeea4a7429b.sol:
	- pragma solidity^0.4.18 (/unique_contracts/0x279e152f96bdd4a0b3cb10b5fba0cfeea4a7429b.sol#1): it allows old versions
Reference: https://github.com/trailofbits/slither/wiki/Detectors-Documentation#incorrect-version-of-solidity[0m
INFO:Detectors:[92m
Parameter '_owner' of BasicToken.balanceOf (/unique_contracts/0x279e152f96bdd4a0b3cb10b5fba0cfeea4a7429b.sol#97-102) is not in mixedCase
Parameter '_to' of BasicToken.transfer (/unique_contracts/0x279e152f96bdd4a0b3cb10b5fba0cfeea4a7429b.sol#80-82) is not in mixedCase
Parameter '_value' of BasicToken.transfer (/unique_contracts/0x279e152f96bdd4a0b3cb10b5fba0cfeea4a7429b.sol#82) is not in mixedCase
Parameter '_owner' of StandardToken.allowance (/unique_contracts/0x279e152f96bdd4a0b3cb10b5fba0cfeea4a7429b.sol#161) is not in mixedCase
Parameter '_spender' of StandardToken.allowance (/unique_contracts/0x279e152f96bdd4a0b3cb10b5fba0cfeea4a7429b.sol#161) is not in mixedCase
Parameter '_from' of StandardToken.transferFrom (/unique_contracts/0x279e152f96bdd4a0b3cb10b5fba0cfeea4a7429b.sol#122) is not in mixedCase
Parameter '_to' of StandardToken.transferFrom (/unique_contracts/0x279e152f96bdd4a0b3cb10b5fba0cfeea4a7429b.sol#122) is not in mixedCase
Parameter '_value' of StandardToken.transferFrom (/unique_contracts/0x279e152f96bdd4a0b3cb10b5fba0cfeea4a7429b.sol#122-124) is not in mixedCase
Parameter '_spender' of StandardToken.approve (/unique_contracts/0x279e152f96bdd4a0b3cb10b5fba0cfeea4a7429b.sol#146-147) is not in mixedCase
Parameter '_value' of StandardToken.approve (/unique_contracts/0x279e152f96bdd4a0b3cb10b5fba0cfeea4a7429b.sol#147-151) is not in mixedCase
Parameter '_spender' of StandardToken.increaseApproval (/unique_contracts/0x279e152f96bdd4a0b3cb10b5fba0cfeea4a7429b.sol#169) is not in mixedCase
Parameter '_addedValue' of StandardToken.increaseApproval (/unique_contracts/0x279e152f96bdd4a0b3cb10b5fba0cfeea4a7429b.sol#169) is not in mixedCase
Parameter '_spender' of StandardToken.decreaseApproval (/unique_contracts/0x279e152f96bdd4a0b3cb10b5fba0cfeea4a7429b.sol#177) is not in mixedCase
Parameter '_subtractedValue' of StandardToken.decreaseApproval (/unique_contracts/0x279e152f96bdd4a0b3cb10b5fba0cfeea4a7429b.sol#177-178) is not in mixedCase
Function 'RxEALTokenContract.RxEALTokenContract' (/unique_contracts/0x279e152f96bdd4a0b3cb10b5fba0cfeea4a7429b.sol#249-252) is not in mixedCase
Parameter '_owner' of RxEALTokenContract.grantOwnership (/unique_contracts/0x279e152f96bdd4a0b3cb10b5fba0cfeea4a7429b.sol#256) is not in mixedCase
Parameter '_owner' of RxEALTokenContract.revokeOwnership (/unique_contracts/0x279e152f96bdd4a0b3cb10b5fba0cfeea4a7429b.sol#263) is not in mixedCase
Parameter '_salesAgent' of RxEALTokenContract.transferSalesAgentPermissions (/unique_contracts/0x279e152f96bdd4a0b3cb10b5fba0cfeea4a7429b.sol#271) is not in mixedCase
Parameter '_from' of RxEALTokenContract.transferTokensFromVault (/unique_contracts/0x279e152f96bdd4a0b3cb10b5fba0cfeea4a7429b.sol#282) is not in mixedCase
Parameter '_to' of RxEALTokenContract.transferTokensFromVault (/unique_contracts/0x279e152f96bdd4a0b3cb10b5fba0cfeea4a7429b.sol#282) is not in mixedCase
Parameter '_amount' of RxEALTokenContract.transferTokensFromVault (/unique_contracts/0x279e152f96bdd4a0b3cb10b5fba0cfeea4a7429b.sol#282-283) is not in mixedCase
Parameter '_value' of RxEALTokenContract.burn (/unique_contracts/0x279e152f96bdd4a0b3cb10b5fba0cfeea4a7429b.sol#299) is not in mixedCase
Function 'RxEALPresaleContract.RxEALPresaleContract' (/unique_contracts/0x279e152f96bdd4a0b3cb10b5fba0cfeea4a7429b.sol#341-346) is not in mixedCase
Reference: https://github.com/trailofbits/slither/wiki/Detectors-Documentation#conformance-to-solidity-naming-conventions[0m
INFO:Slither:/unique_contracts/0x279e152f96bdd4a0b3cb10b5fba0cfeea4a7429b.sol analyzed (7 contracts), 45 result(s) found