{
  "/unique_chucks/21/0x00e2c3b903bec1131fb05283c92df8a94613ca4a.sol:BitGuildMarketplace": {
    "results": {
      "TODReceiver": {
        "violations": [],
        "warnings": [
          721
        ],
        "safe": [],
        "conflicts": []
      },
      "UnhandledException": {
        "violations": [],
        "warnings": [
          721,
          596,
          726,
          615,
          779
        ],
        "safe": [],
        "conflicts": []
      },
      "TODTransfer": {
        "violations": [],
        "warnings": [],
        "safe": [],
        "conflicts": [
          721
        ]
      },
      "DAO": {
        "violations": [],
        "warnings": [],
        "safe": [],
        "conflicts": []
      },
      "TODAmount": {
        "violations": [],
        "warnings": [],
        "safe": [
          721
        ],
        "conflicts": []
      },
      "MissingInputValidation": {
        "violations": [],
        "warnings": [],
        "safe": [],
        "conflicts": []
      },
      "DAOConstantGas": {
        "violations": [],
        "warnings": [
          721
        ],
        "safe": [],
        "conflicts": []
      },
      "UnrestrictedEtherFlow": {
        "violations": [],
        "warnings": [
          721,
          596,
          726,
          615,
          779
        ],
        "safe": [],
        "conflicts": []
      }
    }
  },
  "/unique_chucks/21/0x00e2c3b903bec1131fb05283c92df8a94613ca4a.sol:ERC721TokenReceiver": {
    "results": {
      "TODReceiver": {
        "violations": [],
        "warnings": [
          -1
        ],
        "safe": [],
        "conflicts": []
      },
      "UnhandledException": {
        "violations": [],
        "warnings": [
          -1
        ],
        "safe": [],
        "conflicts": []
      },
      "TODTransfer": {
        "violations": [],
        "warnings": [],
        "safe": [],
        "conflicts": [
          -1
        ]
      },
      "DAO": {
        "violations": [],
        "warnings": [],
        "safe": [],
        "conflicts": []
      },
      "TODAmount": {
        "violations": [],
        "warnings": [],
        "safe": [
          -1
        ],
        "conflicts": []
      },
      "MissingInputValidation": {
        "violations": [],
        "warnings": [],
        "safe": [],
        "conflicts": []
      },
      "DAOConstantGas": {
        "violations": [],
        "warnings": [
          -1
        ],
        "safe": [],
        "conflicts": []
      },
      "UnrestrictedEtherFlow": {
        "violations": [],
        "warnings": [
          -1
        ],
        "safe": [],
        "conflicts": []
      }
    }
  },
  "/unique_chucks/21/0x00e2c3b903bec1131fb05283c92df8a94613ca4a.sol:ERC721": {
    "results": {
      "TODReceiver": {
        "violations": [],
        "warnings": [
          -1
        ],
        "safe": [],
        "conflicts": []
      },
      "UnhandledException": {
        "violations": [],
        "warnings": [
          -1
        ],
        "safe": [],
        "conflicts": []
      },
      "TODTransfer": {
        "violations": [],
        "warnings": [],
        "safe": [],
        "conflicts": [
          -1
        ]
      },
      "DAO": {
        "violations": [],
        "warnings": [],
        "safe": [],
        "conflicts": []
      },
      "TODAmount": {
        "violations": [],
        "warnings": [],
        "safe": [
          -1
        ],
        "conflicts": []
      },
      "MissingInputValidation": {
        "violations": [],
        "warnings": [],
        "safe": [],
        "conflicts": []
      },
      "DAOConstantGas": {
        "violations": [],
        "warnings": [
          -1
        ],
        "safe": [],
        "conflicts": []
      },
      "UnrestrictedEtherFlow": {
        "violations": [],
        "warnings": [
          -1
        ],
        "safe": [],
        "conflicts": []
      }
    }
  },
  "/unique_chucks/21/0x00e2c3b903bec1131fb05283c92df8a94613ca4a.sol:BitGuildAccessAdmin": {
    "results": {
      "TODReceiver": {
        "violations": [],
        "warnings": [],
        "safe": [],
        "conflicts": []
      },
      "UnhandledException": {
        "violations": [],
        "warnings": [],
        "safe": [],
        "conflicts": []
      },
      "TODTransfer": {
        "violations": [],
        "warnings": [],
        "safe": [],
        "conflicts": []
      },
      "DAO": {
        "violations": [],
        "warnings": [],
        "safe": [],
        "conflicts": []
      },
      "TODAmount": {
        "violations": [],
        "warnings": [],
        "safe": [],
        "conflicts": []
      },
      "MissingInputValidation": {
        "violations": [],
        "warnings": [],
        "safe": [],
        "conflicts": []
      },
      "DAOConstantGas": {
        "violations": [],
        "warnings": [],
        "safe": [],
        "conflicts": []
      },
      "UnrestrictedEtherFlow": {
        "violations": [],
        "warnings": [],
        "safe": [],
        "conflicts": []
      }
    }
  },
  "/unique_chucks/21/0x00e2c3b903bec1131fb05283c92df8a94613ca4a.sol:BitGuildToken": {
    "results": {
      "TODReceiver": {
        "violations": [],
        "warnings": [
          -1
        ],
        "safe": [],
        "conflicts": []
      },
      "UnhandledException": {
        "violations": [],
        "warnings": [
          -1,
          37,
          107
        ],
        "safe": [],
        "conflicts": []
      },
      "TODTransfer": {
        "violations": [],
        "warnings": [],
        "safe": [],
        "conflicts": [
          -1
        ]
      },
      "DAO": {
        "violations": [],
        "warnings": [],
        "safe": [],
        "conflicts": []
      },
      "TODAmount": {
        "violations": [],
        "warnings": [],
        "safe": [
          -1
        ],
        "conflicts": []
      },
      "MissingInputValidation": {
        "violations": [
          102,
          87,
          14,
          72,
          13,
          135
        ],
        "warnings": [
          7,
          9,
          119,
          10,
          8,
          33
        ],
        "safe": [
          59
        ],
        "conflicts": []
      },
      "DAOConstantGas": {
        "violations": [],
        "warnings": [
          -1
        ],
        "safe": [],
        "conflicts": []
      },
      "UnrestrictedEtherFlow": {
        "violations": [],
        "warnings": [
          -1,
          37,
          107
        ],
        "safe": [],
        "conflicts": []
      }
    }
  },
  "/unique_chucks/21/0x00e2c3b903bec1131fb05283c92df8a94613ca4a.sol:BitGuildWhitelist": {
    "results": {
      "TODReceiver": {
        "violations": [],
        "warnings": [
          -1
        ],
        "safe": [],
        "conflicts": []
      },
      "UnhandledException": {
        "violations": [],
        "warnings": [
          -1,
          263,
          193,
          257
        ],
        "safe": [],
        "conflicts": []
      },
      "TODTransfer": {
        "violations": [],
        "warnings": [],
        "safe": [],
        "conflicts": [
          -1
        ]
      },
      "DAO": {
        "violations": [],
        "warnings": [],
        "safe": [],
        "conflicts": []
      },
      "TODAmount": {
        "violations": [],
        "warnings": [],
        "safe": [
          -1
        ],
        "conflicts": []
      },
      "MissingInputValidation": {
        "violations": [],
        "warnings": [],
        "safe": [],
        "conflicts": []
      },
      "DAOConstantGas": {
        "violations": [],
        "warnings": [
          -1
        ],
        "safe": [],
        "conflicts": []
      },
      "UnrestrictedEtherFlow": {
        "violations": [],
        "warnings": [
          -1,
          263,
          193,
          257
        ],
        "safe": [],
        "conflicts": []
      }
    }
  },
  "/unique_chucks/21/0x00e2c3b903bec1131fb05283c92df8a94613ca4a.sol:tokenRecipient": {
    "results": {
      "TODReceiver": {
        "violations": [],
        "warnings": [
          -1
        ],
        "safe": [],
        "conflicts": []
      },
      "UnhandledException": {
        "violations": [],
        "warnings": [
          -1
        ],
        "safe": [],
        "conflicts": []
      },
      "TODTransfer": {
        "violations": [],
        "warnings": [],
        "safe": [],
        "conflicts": [
          -1
        ]
      },
      "DAO": {
        "violations": [],
        "warnings": [],
        "safe": [],
        "conflicts": []
      },
      "TODAmount": {
        "violations": [],
        "warnings": [],
        "safe": [
          -1
        ],
        "conflicts": []
      },
      "MissingInputValidation": {
        "violations": [],
        "warnings": [],
        "safe": [],
        "conflicts": []
      },
      "DAOConstantGas": {
        "violations": [],
        "warnings": [
          -1
        ],
        "safe": [],
        "conflicts": []
      },
      "UnrestrictedEtherFlow": {
        "violations": [],
        "warnings": [
          -1
        ],
        "safe": [],
        "conflicts": []
      }
    }
  },
  "/unique_chucks/21/0x00e2c3b903bec1131fb05283c92df8a94613ca4a.sol:BitGuildFeeProvider": {
    "results": {
      "TODReceiver": {
        "violations": [],
        "warnings": [],
        "safe": [],
        "conflicts": []
      },
      "UnhandledException": {
        "violations": [],
        "warnings": [],
        "safe": [],
        "conflicts": []
      },
      "TODTransfer": {
        "violations": [],
        "warnings": [],
        "safe": [],
        "conflicts": []
      },
      "DAO": {
        "violations": [],
        "warnings": [],
        "safe": [],
        "conflicts": []
      },
      "TODAmount": {
        "violations": [],
        "warnings": [],
        "safe": [],
        "conflicts": []
      },
      "MissingInputValidation": {
        "violations": [],
        "warnings": [],
        "safe": [],
        "conflicts": []
      },
      "DAOConstantGas": {
        "violations": [],
        "warnings": [],
        "safe": [],
        "conflicts": []
      },
      "UnrestrictedEtherFlow": {
        "violations": [],
        "warnings": [],
        "safe": [],
        "conflicts": []
      }
    }
  }
}