2019-08-01 06:32:23,838: [12] m.main:INFO: Registered plugins: DetectSuicidal, DetectReentrancySimple, DetectInvalid, DetectReentrancyAdvanced, DetectEnvInstruction, DetectDelegatecall, DetectUninitializedStorage, DetectIntegerOverflow, DetectUnusedRetVal, DetectExternalCallAndLeak, DetectUninitializedMemory
2019-08-01 06:32:23,838: [12] m.main:INFO: Beginning analysis
2019-08-01 06:32:23,847: [12] m.e.manticore:INFO: Starting symbolic create contract
2019-08-01 06:32:26,808: [12] m.e.manticore:INFO: Starting symbolic transaction: 0
2019-08-01 06:32:28,767: [12] m.e.manticore:INFO: 0 alive states, 2 terminated states
2019-08-01 06:32:29,033: [12] m.e.manticore:INFO: Starting symbolic transaction: 1
2019-08-01 06:32:29,077: [582] m.c.manticore:INFO: Generated testcase No. 0 - REVERT(2 txs)
2019-08-01 06:32:29,135: [583] m.c.manticore:INFO: Generated testcase No. 1 - RETURN(1 txs)
2019-08-01 06:32:31,454: [12] m.c.manticore:INFO: Results in /mcore_r2qz0wva
2019-08-01 06:32:33,043: [897] m.main:INFO: Registered plugins: DetectDelegatecall, DetectUninitializedMemory, DetectIntegerOverflow, DetectReentrancySimple, DetectInvalid, DetectUnusedRetVal, DetectExternalCallAndLeak, DetectSuicidal, DetectUninitializedStorage, DetectEnvInstruction, DetectReentrancyAdvanced
2019-08-01 06:32:33,044: [897] m.main:INFO: Beginning analysis
2019-08-01 06:32:33,060: [897] m.e.manticore:INFO: Starting symbolic create contract
2019-08-01 06:32:43,554: [897] m.e.manticore:INFO: Starting symbolic transaction: 0
2019-08-01 06:32:57,111: [897] m.e.manticore:INFO: 0 alive states, 2 terminated states
2019-08-01 06:33:09,211: [897] m.e.manticore:INFO: Starting symbolic transaction: 1
2019-08-01 06:33:09,990: [1467] m.c.manticore:INFO: Generated testcase No. 0 - RETURN(1 txs)
2019-08-01 06:33:16,508: [1477] m.c.manticore:INFO: Generated testcase No. 1 - REVERT(2 txs)
2019-08-01 06:33:22,858: [897] m.c.manticore:INFO: Results in /mcore_9g5a24ge
2019-08-01 06:33:24,776: [1782] m.main:INFO: Registered plugins: DetectUninitializedStorage, DetectInvalid, DetectSuicidal, DetectReentrancySimple, DetectExternalCallAndLeak, DetectUninitializedMemory, DetectReentrancyAdvanced, DetectEnvInstruction, DetectUnusedRetVal, DetectIntegerOverflow, DetectDelegatecall
2019-08-01 06:33:24,777: [1782] m.main:INFO: Beginning analysis
2019-08-01 06:33:24,839: [1782] m.e.manticore:INFO: Starting symbolic create contract
2019-08-01 06:33:27,047: [1826] m.c.manticore:INFO: Generated testcase No. 0 - NO STATE RESULT (?)(0 txs)
2019-08-01 06:33:27,372: [1782] m.c.manticore:INFO: Results in /mcore_e6jxm9q9
2019-08-01 06:33:28,229: [2085] m.main:INFO: Registered plugins: DetectUnusedRetVal, DetectReentrancySimple, DetectInvalid, DetectExternalCallAndLeak, DetectSuicidal, DetectUninitializedStorage, DetectEnvInstruction, DetectReentrancyAdvanced, DetectDelegatecall, DetectUninitializedMemory, DetectIntegerOverflow
2019-08-01 06:33:28,229: [2085] m.main:INFO: Beginning analysis
2019-08-01 06:33:28,244: [2085] m.e.manticore:INFO: Starting symbolic create contract
2019-08-01 06:33:30,446: [2129] m.c.manticore:INFO: Generated testcase No. 0 - NO STATE RESULT (?)(0 txs)
2019-08-01 06:33:30,764: [2085] m.c.manticore:INFO: Results in /mcore_gj11m44o
2019-08-01 06:33:31,630: [2388] m.main:INFO: Registered plugins: DetectEnvInstruction, DetectUninitializedMemory, DetectSuicidal, DetectReentrancySimple, DetectInvalid, DetectExternalCallAndLeak, DetectDelegatecall, DetectUnusedRetVal, DetectUninitializedStorage, DetectIntegerOverflow, DetectReentrancyAdvanced
2019-08-01 06:33:31,631: [2388] m.main:INFO: Beginning analysis
2019-08-01 06:33:31,643: [2388] m.e.manticore:INFO: Starting symbolic create contract
2019-08-01 06:33:33,743: [2432] m.c.manticore:INFO: Generated testcase No. 0 - NO STATE RESULT (?)(0 txs)
2019-08-01 06:33:34,141: [2388] m.c.manticore:INFO: Results in /mcore_n2xmuj04
2019-08-01 06:33:34,974: [2691] m.main:INFO: Registered plugins: DetectExternalCallAndLeak, DetectIntegerOverflow, DetectReentrancySimple, DetectInvalid, DetectSuicidal, DetectReentrancyAdvanced, DetectUninitializedStorage, DetectUnusedRetVal, DetectDelegatecall, DetectEnvInstruction, DetectUninitializedMemory
2019-08-01 06:33:34,974: [2691] m.main:INFO: Beginning analysis
2019-08-01 06:33:35,029: [2691] m.e.manticore:INFO: Starting symbolic create contract
2019-08-01 06:33:37,069: [2735] m.c.manticore:INFO: Generated testcase No. 0 - NO STATE RESULT (?)(0 txs)
2019-08-01 06:33:37,398: [2691] m.c.manticore:INFO: Results in /mcore_31cba_d0
2019-08-01 06:33:38,209: [2994] m.main:INFO: Registered plugins: DetectDelegatecall, DetectUninitializedMemory, DetectIntegerOverflow, DetectSuicidal, DetectUnusedRetVal, DetectReentrancySimple, DetectInvalid, DetectExternalCallAndLeak, DetectUninitializedStorage, DetectEnvInstruction, DetectReentrancyAdvanced
2019-08-01 06:33:38,210: [2994] m.main:INFO: Beginning analysis
2019-08-01 06:33:38,243: [2994] m.e.manticore:INFO: Starting symbolic create contract
2019-08-01 06:33:40,298: [3038] m.c.manticore:INFO: Generated testcase No. 0 - NO STATE RESULT (?)(0 txs)
2019-08-01 06:33:40,643: [2994] m.c.manticore:INFO: Results in /mcore_euz5s4wk
2019-08-01 06:33:41,458: [3297] m.main:INFO: Registered plugins: DetectReentrancySimple, DetectInvalid, DetectUnusedRetVal, DetectReentrancyAdvanced, DetectUninitializedStorage, DetectSuicidal, DetectExternalCallAndLeak, DetectEnvInstruction, DetectUninitializedMemory, DetectDelegatecall, DetectIntegerOverflow
2019-08-01 06:33:41,459: [3297] m.main:INFO: Beginning analysis
2019-08-01 06:33:41,468: [3297] m.e.manticore:INFO: Starting symbolic create contract
2019-08-01 06:33:43,547: [3341] m.c.manticore:INFO: Generated testcase No. 0 - NO STATE RESULT (?)(0 txs)
2019-08-01 06:33:43,858: [3297] m.c.manticore:INFO: Results in /mcore_klftkply
2019-08-01 06:33:44,663: [3600] m.main:INFO: Registered plugins: DetectReentrancySimple, DetectDelegatecall, DetectUnusedRetVal, DetectUninitializedStorage, DetectInvalid, DetectExternalCallAndLeak, DetectSuicidal, DetectReentrancyAdvanced, DetectIntegerOverflow, DetectEnvInstruction, DetectUninitializedMemory
2019-08-01 06:33:44,664: [3600] m.main:INFO: Beginning analysis
2019-08-01 06:33:44,711: [3600] m.e.manticore:INFO: Starting symbolic create contract