Processing contract: /unique_chucks/12/0xbf5ed388474dae57f2ba62badc482bced85ba763.sol:Crowdsale
  Attempt to decompile the contract with methods...
  Failed to decompile methods. Attempt to decompile the contract without identifying methods...
  Propagating constants...
  Verifying patterns...
java.io.IOException: Timeout for /tmp/binaries_souffle7126751147337051502/mustExplicit -j 2 -F /tmp/souffle-25b38329-e61f-497c-b068-0c769f836b3b -D /tmp/souffle-25b38329-e61f-497c-b068-0c769f836b3b_OUT
	at ch.securify.analysis.AbstractDataflow.runCommand(AbstractDataflow.java:277)
	at ch.securify.analysis.AbstractDataflow.initDataflow(AbstractDataflow.java:169)
	at ch.securify.analysis.MustExplicitDataflow.<init>(MustExplicitDataflow.java:33)
	at ch.securify.analysis.Dataflow.<init>(Dataflow.java:33)
	at ch.securify.analysis.DataflowFactory.getDataflow(DataflowFactory.java:54)
	at ch.securify.Main.checkPatterns(Main.java:388)
	at ch.securify.Main.processHexFile(Main.java:189)
	at ch.securify.Main.processCompilationOutput(Main.java:129)
	at ch.securify.Main.processSolidityFile(Main.java:100)
	at ch.securify.Main.main(Main.java:254)
Error in Securify
java.lang.RuntimeException
	at ch.securify.analysis.Dataflow.<init>(Dataflow.java:37)
	at ch.securify.analysis.DataflowFactory.getDataflow(DataflowFactory.java:54)
	at ch.securify.Main.checkPatterns(Main.java:388)
	at ch.securify.Main.processHexFile(Main.java:189)
	at ch.securify.Main.processCompilationOutput(Main.java:129)
	at ch.securify.Main.processSolidityFile(Main.java:100)
	at ch.securify.Main.main(Main.java:254)
Error, skipping: /unique_chucks/12/0xbf5ed388474dae57f2ba62badc482bced85ba763.sol:Crowdsale
Processing contract: /unique_chucks/12/0xbf5ed388474dae57f2ba62badc482bced85ba763.sol:ERC20
Processing contract: /unique_chucks/12/0xbf5ed388474dae57f2ba62badc482bced85ba763.sol:Ownable
  Attempt to decompile the contract with methods...
  Success. Inlining methods...
  Propagating constants...
  Verifying patterns...
Processing contract: /unique_chucks/12/0xbf5ed388474dae57f2ba62badc482bced85ba763.sol:SafeERC20
  Attempt to decompile the contract with methods...
  Success. Inlining methods...
  Propagating constants...
  Verifying patterns...
Processing contract: /unique_chucks/12/0xbf5ed388474dae57f2ba62badc482bced85ba763.sol:SafeMath
  Attempt to decompile the contract with methods...
  Success. Inlining methods...
  Propagating constants...
  Verifying patterns...
[31mViolation[0m for UnrestrictedWrite in contract 'Ownable':
    |        require(_newOwner != address(0));
    |        emit OwnershipTransferred(owner, _newOwner);
  > |        owner = _newOwner;
    |    }
    |}
  at /unique_chucks/12/0xbf5ed388474dae57f2ba62badc482bced85ba763.sol(111)

[33mWarning[0m for UnrestrictedWrite in contract 'Ownable':
    |    function renounceOwnership() public onlyOwner {
    |        emit OwnershipRenounced(owner);
  > |        owner = address(0);
    |    }
    |
  at /unique_chucks/12/0xbf5ed388474dae57f2ba62badc482bced85ba763.sol(93)

[33mWarning[0m for UnrestrictedWrite in contract 'Ownable':
    |        require(_newOwner != address(0));
    |        emit OwnershipTransferred(owner, _newOwner);
  > |        owner = _newOwner;
    |    }
    |}
  at /unique_chucks/12/0xbf5ed388474dae57f2ba62badc482bced85ba763.sol(111)