2019-08-07 03:32:59,574: [12] m.main:INFO: Registered plugins: DetectExternalCallAndLeak, DetectUninitializedMemory, DetectUnusedRetVal, DetectSuicidal, DetectReentrancySimple, DetectInvalid, DetectEnvInstruction, DetectUninitializedStorage, DetectIntegerOverflow, DetectReentrancyAdvanced, DetectDelegatecall
2019-08-07 03:32:59,574: [12] m.main:INFO: Beginning analysis
2019-08-07 03:32:59,630: [12] m.e.manticore:INFO: Starting symbolic create contract
2019-08-07 03:33:00,528: [12] m.e.manticore:INFO: Starting symbolic transaction: 0
2019-08-07 03:33:01,033: [12] m.e.manticore:INFO: 0 alive states, 2 terminated states
2019-08-07 03:33:01,147: [12] m.e.manticore:INFO: Starting symbolic transaction: 1
2019-08-07 03:33:01,235: [582] m.c.manticore:INFO: Generated testcase No. 0 - RETURN(1 txs)
2019-08-07 03:33:01,248: [583] m.c.manticore:INFO: Generated testcase No. 1 - REVERT(2 txs)
2019-08-07 03:33:02,036: [12] m.c.manticore:INFO: Results in /mcore_a1wv0rj0
2019-08-07 03:33:02,873: [897] m.main:INFO: Registered plugins: DetectUnusedRetVal, DetectReentrancySimple, DetectInvalid, DetectExternalCallAndLeak, DetectUninitializedStorage, DetectIntegerOverflow, DetectSuicidal, DetectDelegatecall, DetectEnvInstruction, DetectReentrancyAdvanced, DetectUninitializedMemory
2019-08-07 03:33:02,873: [897] m.main:INFO: Beginning analysis
2019-08-07 03:33:02,929: [897] m.e.manticore:INFO: Starting symbolic create contract
2019-08-07 03:33:03,137: [941] m.c.manticore:INFO: Generated testcase No. 0 - NO STATE RESULT (?)(0 txs)
2019-08-07 03:33:03,360: [897] m.c.manticore:INFO: Results in /mcore_1zr4u7cw
2019-08-07 03:33:04,075: [1200] m.main:INFO: Registered plugins: DetectIntegerOverflow, DetectDelegatecall, DetectReentrancySimple, DetectInvalid, DetectReentrancyAdvanced, DetectExternalCallAndLeak, DetectUninitializedStorage, DetectUnusedRetVal, DetectSuicidal, DetectEnvInstruction, DetectUninitializedMemory
2019-08-07 03:33:04,076: [1200] m.main:INFO: Beginning analysis
2019-08-07 03:33:04,119: [1200] m.e.manticore:INFO: Starting symbolic create contract
2019-08-07 03:33:04,277: [1244] m.c.manticore:INFO: Generated testcase No. 0 - NO STATE RESULT (?)(0 txs)
2019-08-07 03:33:04,554: [1200] m.c.manticore:INFO: Results in /mcore__o5b81pg
2019-08-07 03:33:05,274: [1503] m.main:INFO: Registered plugins: DetectReentrancyAdvanced, DetectReentrancySimple, DetectInvalid, DetectUnusedRetVal, DetectUninitializedStorage, DetectExternalCallAndLeak, DetectSuicidal, DetectEnvInstruction, DetectIntegerOverflow, DetectUninitializedMemory, DetectDelegatecall
2019-08-07 03:33:05,274: [1503] m.main:INFO: Beginning analysis
2019-08-07 03:33:05,325: [1503] m.e.manticore:INFO: Starting symbolic create contract
2019-08-07 03:33:07,443: [1503] m.e.manticore:INFO: Starting symbolic transaction: 0
2019-08-07 03:33:10,787: [1811] m.e.detectors:WARNING: INVALID instruction
2019-08-07 03:33:24,056: [1503] m.e.manticore:INFO: 3 alive states, 6 terminated states
2019-08-07 03:33:25,356: [1503] m.e.manticore:INFO: Starting symbolic transaction: 1
2019-08-07 03:33:38,730: [3113] m.e.detectors:WARNING: INVALID instruction
2019-08-07 03:33:38,835: [3133] m.e.detectors:WARNING: INVALID instruction
2019-08-07 03:33:42,444: [3121] m.e.detectors:WARNING: INVALID instruction
2019-08-07 03:34:25,968: [1503] m.e.manticore:INFO: 9 alive states, 24 terminated states
2019-08-07 03:34:27,669: [6639] m.c.manticore:INFO: Generated testcase No. 0 - RETURN(3 txs)
2019-08-07 03:34:27,784: [6647] m.c.manticore:INFO: Generated testcase No. 2 - RETURN(3 txs)
2019-08-07 03:34:27,813: [6643] m.c.manticore:INFO: Generated testcase No. 3 - RETURN(3 txs)
2019-08-07 03:34:27,838: [6668] m.c.manticore:INFO: Generated testcase No. 5 - RETURN(3 txs)
2019-08-07 03:34:27,897: [6670] m.c.manticore:INFO: Generated testcase No. 6 - RETURN(3 txs)
2019-08-07 03:34:28,025: [6640] m.c.manticore:INFO: Generated testcase No. 1 - RETURN(3 txs)
2019-08-07 03:34:28,026: [6655] m.c.manticore:INFO: Generated testcase No. 8 - RETURN(3 txs)
2019-08-07 03:34:28,039: [6651] m.c.manticore:INFO: Generated testcase No. 4 - RETURN(3 txs)
2019-08-07 03:34:28,039: [6660] m.c.manticore:INFO: Generated testcase No. 7 - RETURN(3 txs)
2019-08-07 03:34:42,478: [6668] m.c.manticore:INFO: Generated testcase No. 9 - RETURN(1 txs)
2019-08-07 03:34:47,353: [6651] m.c.manticore:INFO: Generated testcase No. 10 - REVERT(2 txs)
2019-08-07 03:34:47,712: [6670] m.c.manticore:INFO: Generated testcase No. 11 - REVERT(2 txs)
2019-08-07 03:34:48,887: [6660] m.c.manticore:INFO: Generated testcase No. 12 - REVERT(2 txs)
2019-08-07 03:34:52,821: [6647] m.c.manticore:INFO: Generated testcase No. 13 - REVERT(2 txs)
2019-08-07 03:34:54,641: [6655] m.c.manticore:INFO: Generated testcase No. 14 - THROW(2 txs)
2019-08-07 03:34:55,609: [6668] m.c.manticore:INFO: Generated testcase No. 15 - RETURN(2 txs)
2019-08-07 03:34:55,811: [6640] m.c.manticore:INFO: Generated testcase No. 16 - RETURN(2 txs)
2019-08-07 03:34:57,319: [6643] m.c.manticore:INFO: Generated testcase No. 17 - RETURN(2 txs)
2019-08-07 03:34:58,375: [6670] m.c.manticore:INFO: Generated testcase No. 18 - REVERT(3 txs)
2019-08-07 03:34:58,886: [6651] m.c.manticore:INFO: Generated testcase No. 19 - REVERT(3 txs)
2019-08-07 03:35:00,032: [6660] m.c.manticore:INFO: Generated testcase No. 20 - REVERT(3 txs)
2019-08-07 03:35:02,991: [6647] m.c.manticore:INFO: Generated testcase No. 21 - REVERT(3 txs)
2019-08-07 03:35:05,028: [6655] m.c.manticore:INFO: Generated testcase No. 22 - REVERT(3 txs)
2019-08-07 03:35:05,483: [6668] m.c.manticore:INFO: Generated testcase No. 23 - REVERT(3 txs)
2019-08-07 03:35:06,289: [6640] m.c.manticore:INFO: Generated testcase No. 24 - REVERT(3 txs)
2019-08-07 03:35:07,592: [6639] m.c.manticore:INFO: Generated testcase No. 25 - REVERT(3 txs)
2019-08-07 03:35:10,997: [6670] m.c.manticore:INFO: Generated testcase No. 26 - REVERT(3 txs)
2019-08-07 03:35:11,917: [6651] m.c.manticore:INFO: Generated testcase No. 27 - REVERT(3 txs)
2019-08-07 03:35:11,986: [6660] m.c.manticore:INFO: Generated testcase No. 28 - REVERT(3 txs)
2019-08-07 03:35:12,027: [6643] m.c.manticore:INFO: Generated testcase No. 29 - REVERT(3 txs)
2019-08-07 03:35:15,521: [6647] m.c.manticore:INFO: Generated testcase No. 30 - THROW(3 txs)
2019-08-07 03:35:18,025: [6668] m.c.manticore:INFO: Generated testcase No. 31 - THROW(3 txs)
2019-08-07 03:35:18,415: [6655] m.c.manticore:INFO: Generated testcase No. 32 - THROW(3 txs)
2019-08-07 03:35:29,269: [1503] m.c.manticore:INFO: Results in /mcore_vq1zmo_s
2019-08-07 03:35:32,900: [7893] m.main:INFO: Registered plugins: DetectDelegatecall, DetectUninitializedMemory, DetectReentrancyAdvanced, DetectReentrancySimple, DetectInvalid, DetectSuicidal, DetectEnvInstruction, DetectUnusedRetVal, DetectExternalCallAndLeak, DetectUninitializedStorage, DetectIntegerOverflow
2019-08-07 03:35:32,901: [7893] m.main:INFO: Beginning analysis
2019-08-07 03:35:32,938: [7893] m.e.manticore:INFO: Starting symbolic create contract
2019-08-07 03:35:37,972: [7893] m.e.manticore:INFO: Starting symbolic transaction: 0
2019-08-07 03:35:49,334: [8201] m.e.detectors:WARNING: INVALID instruction
2019-08-07 03:36:16,355: [8195] m.e.detectors:WARNING: INVALID instruction
2019-08-07 03:36:42,240: [7893] m.e.manticore:INFO: 7 alive states, 10 terminated states
2019-08-07 03:36:46,502: [7893] m.e.manticore:INFO: Starting symbolic transaction: 1
2019-08-07 03:37:28,174: [11900] m.e.detectors:WARNING: Potentially reading uninitialized storage
2019-08-07 03:39:04,719: [11901] m.e.detectors:WARNING: INVALID instruction
2019-08-07 03:39:33,427: [11899] m.e.detectors:WARNING: Potentially reading uninitialized storage
2019-08-07 03:39:50,543: [11890] m.e.detectors:WARNING: INVALID instruction
2019-08-07 03:40:46,830: [11896] m.e.detectors:WARNING: Potentially reading uninitialized storage
2019-08-07 03:41:10,336: [11901] m.e.detectors:WARNING: Potentially reading uninitialized storage
2019-08-07 03:41:27,286: [11901] m.e.detectors:WARNING: INVALID instruction
2019-08-07 03:41:28,735: [11901] m.e.detectors:WARNING: INVALID instruction
2019-08-07 03:41:32,935: [11901] m.e.detectors:WARNING: INVALID instruction
2019-08-07 03:41:35,403: [11901] m.e.detectors:WARNING: INVALID instruction
2019-08-07 03:42:02,030: [11887] m.e.detectors:WARNING: INVALID instruction
2019-08-07 03:42:30,935: [11900] m.e.detectors:WARNING: Potentially reading uninitialized storage
2019-08-07 03:42:42,828: [11890] m.e.detectors:WARNING: INVALID instruction
2019-08-07 03:42:46,732: [11900] m.e.detectors:WARNING: INVALID instruction
2019-08-07 03:42:52,827: [11900] m.e.detectors:WARNING: INVALID instruction
2019-08-07 03:42:53,015: [11890] m.e.detectors:WARNING: INVALID instruction
2019-08-07 03:43:19,218: [11894] m.e.detectors:WARNING: INVALID instruction
2019-08-07 03:44:21,479: [11901] m.e.detectors:WARNING: Potentially reading uninitialized storage
2019-08-07 03:44:40,894: [11890] m.e.detectors:WARNING: INVALID instruction
2019-08-07 03:44:52,829: [11899] m.e.detectors:WARNING: INVALID instruction
2019-08-07 03:46:13,231: [11890] m.e.detectors:WARNING: Potentially reading uninitialized storage
2019-08-07 03:46:20,273: [11901] m.e.detectors:WARNING: INVALID instruction
2019-08-07 03:47:06,003: [11902] m.e.detectors:WARNING: Potentially reading uninitialized storage
2019-08-07 03:47:11,728: [11887] m.e.detectors:WARNING: INVALID instruction
2019-08-07 03:47:30,994: [11887] m.e.detectors:WARNING: INVALID instruction
2019-08-07 03:47:42,019: [11895] m.e.detectors:WARNING: INVALID instruction
2019-08-07 03:47:50,391: [11899] m.e.detectors:WARNING: Potentially reading uninitialized storage
2019-08-07 03:48:06,119: [11895] m.e.detectors:WARNING: INVALID instruction
2019-08-07 03:49:39,832: [11900] m.e.detectors:WARNING: INVALID instruction
2019-08-07 03:50:01,731: [11901] m.e.detectors:WARNING: INVALID instruction
2019-08-07 03:51:48,341: [7893] m.e.manticore:INFO: 49 alive states, 88 terminated states
2019-08-07 03:51:52,219: [7893] m.e.manticore:INFO: Starting symbolic transaction: 2
2019-08-07 03:56:09,791: [6069] m.e.detectors:WARNING: Potentially reading uninitialized storage
2019-08-07 03:57:19,194: [6078] m.e.detectors:WARNING: Potentially reading uninitialized storage
2019-08-07 03:58:13,833: [6065] m.e.detectors:WARNING: Potentially reading uninitialized storage
2019-08-07 03:58:16,607: [6080] m.e.detectors:WARNING: INVALID instruction
2019-08-07 04:02:13,298: [6080] m.e.detectors:WARNING: INVALID instruction