/unique_chucks/2/0xac27d299e2c1106daf33bc0971b7b97b96287493.sol
jar:file:/usr/local/lib/node_modules/@smartdec/smartcheck/jdeploy-bundle/smartcheck-2.0-jar-with-dependencies.jar!/solidity-rules.xmlruleId: SOLIDITY_DEPRECATED_CONSTRUCTIONS
patternId: 28fa69
severity: 1
line: 5
column: 4
content: functionbalanceOf(addresswho)constantreturns(uint);

ruleId: SOLIDITY_DEPRECATED_CONSTRUCTIONS
patternId: 28fa69
severity: 1
line: 23
column: 2
content: functionmul(uint256a,uint256b)internalconstantreturns(uint256){uint256c=a*b;assert(a==0||c/a==b);returnc;}

ruleId: SOLIDITY_DEPRECATED_CONSTRUCTIONS
patternId: 28fa69
severity: 1
line: 29
column: 2
content: functiondiv(uint256a,uint256b)internalconstantreturns(uint256){uint256c=a/b;returnc;}

ruleId: SOLIDITY_DEPRECATED_CONSTRUCTIONS
patternId: 28fa69
severity: 1
line: 36
column: 2
content: functionsub(uint256a,uint256b)internalconstantreturns(uint256){assert(b<=a);returna-b;}

ruleId: SOLIDITY_DEPRECATED_CONSTRUCTIONS
patternId: 28fa69
severity: 1
line: 41
column: 2
content: functionadd(uint256a,uint256b)internalconstantreturns(uint256){uint256c=a+b;assert(c>=a);returnc;}

ruleId: SOLIDITY_DEPRECATED_CONSTRUCTIONS
patternId: 28fa69
severity: 1
line: 78
column: 4
content: functionbalanceOf(address_owner)constantreturns(uintbalance){returnbalances[_owner];}

ruleId: SOLIDITY_PRAGMAS_VERSION
patternId: 23fc32
severity: 1
line: 1
column: 16
content: ^

ruleId: SOLIDITY_SAFEMATH
patternId: 837cac
severity: 1
line: 53
column: 4
content: usingSafeMathforuint256;

ruleId: SOLIDITY_VISIBILITY
patternId: 910067
severity: 1
line: 5
column: 4
content: functionbalanceOf(addresswho)constantreturns(uint);

ruleId: SOLIDITY_VISIBILITY
patternId: 910067
severity: 1
line: 6
column: 4
content: functiontransfer(address_to,uint_value)returns(bool);

ruleId: SOLIDITY_VISIBILITY
patternId: 910067
severity: 1
line: 15
column: 4
content: functiontokenFallback(address_from,uint_value,bytes_data);

ruleId: SOLIDITY_VISIBILITY
patternId: 910067
severity: 1
line: 59
column: 4
content: functiontransfer(address_to,uint_value)returns(boolsuccess){uintcodeLength;bytesmemoryempty;assembly{codeLength:=extcodesize(_to)}balances[msg.sender]=balances[msg.sender].sub(_value);balances[_to]=balances[_to].add(_value);if(codeLength>0){ERC223ReceivingContractreceiver=ERC223ReceivingContract(_to);receiver.tokenFallback(msg.sender,_value,empty);}Transfer(msg.sender,_to,_value);returntrue;}

ruleId: SOLIDITY_VISIBILITY
patternId: 910067
severity: 1
line: 78
column: 4
content: functionbalanceOf(address_owner)constantreturns(uintbalance){returnbalances[_owner];}

ruleId: SOLIDITY_VISIBILITY
patternId: 910067
severity: 1
line: 93
column: 1
content: functionGoldBank(){admin=msg.sender;}

ruleId: SOLIDITY_VISIBILITY
patternId: 910067
severity: 1
line: 99
column: 1
content: functionchangeAdmin(address_newAdminAddr)onlyadmin{admin=_newAdminAddr;}

ruleId: SOLIDITY_VISIBILITY
patternId: 910067
severity: 1
line: 103
column: 1
content: functioncreateNewMintableUser(addressnewAddr)onlyadmin{if(balances[newAddr]==0)mintable[newAddr]=true;}

ruleId: SOLIDITY_VISIBILITY
patternId: 910067
severity: 1
line: 108
column: 1
content: functiondeleteMintable(addressaddr)onlyadmin{mintable[addr]=false;}

ruleId: SOLIDITY_VISIBILITY
patternId: 910067
severity: 1
line: 112
column: 1
content: functionadminTransfer(addressfrom,addressto,uint256value)onlyadmin{if(mintable[from]==true){balances[from]=balances[from].sub(value);balances[to]=balances[to].add(value);Transfer(from,to,value);}}

ruleId: SOLIDITY_VISIBILITY
patternId: 910067
severity: 1
line: 120
column: 1
content: functionmintNewDNC(addressuser,uint256quantity)onlyadmin{uint256correctedQuantity=quantity*(10**(decimals-1));if(mintable[user]==true){totalSupply=totalSupply.add(correctedQuantity);balances[user]=balances[user].add(correctedQuantity);Transfer(0,user,correctedQuantity);Minted(user,correctedQuantity);}}

ruleId: SOLIDITY_VISIBILITY
patternId: 910067
severity: 1
line: 130
column: 1
content: functionburnDNC(addressuser,uint256quantity)onlyadmin{uint256correctedQuantity=quantity*(10**(decimals-1));if(mintable[user]==true){balances[user]=balances[user].sub(correctedQuantity);totalSupply=totalSupply.sub(correctedQuantity);Transfer(user,0,correctedQuantity);Burned(user,correctedQuantity);}}

ruleId: SOLIDITY_VISIBILITY
patternId: b51ce0
severity: 1
line: 55
column: 4
content: mapping(address=>uint256)balances;

ruleId: SOLIDITY_VISIBILITY
patternId: b51ce0
severity: 1
line: 84
column: 1
content: addressadmin;

SOLIDITY_VISIBILITY :14
SOLIDITY_SAFEMATH :1
SOLIDITY_DEPRECATED_CONSTRUCTIONS :6
SOLIDITY_PRAGMAS_VERSION :1