/unique_chucks/18/0x0ee14f47320604d894fffffc8639772382937bee.sol
jar:file:/usr/local/lib/node_modules/@smartdec/smartcheck/jdeploy-bundle/smartcheck-2.0-jar-with-dependencies.jar!/solidity-rules.xmlruleId: SOLIDITY_DEPRECATED_CONSTRUCTIONS
patternId: 28fa69
severity: 1
line: 346
column: 2
content: functiongetBalance()publicconstantreturns(uint){returnOppToken.balanceOf(this);}

ruleId: SOLIDITY_DEPRECATED_CONSTRUCTIONS
patternId: 28fa69
severity: 1
line: 379
column: 2
content: functiongetAssetsOwners(uint_index)onlyOwnerpublicconstantreturns(address){returnassetOwners[_index];}

ruleId: SOLIDITY_ERC20_APPROVE
patternId: af782c
severity: 2
line: 158
column: 2
content: functionapprove(address_spender,uint256_value)publicreturns(bool){allowed[msg.sender][_spender]=_value;Approval(msg.sender,_spender,_value);returntrue;}

ruleId: SOLIDITY_OVERPOWERED_ROLE
patternId: j83hf7
severity: 2
line: 315
column: 2
content: functionsetToken(addressnewToken)publiconlyOwner{OppToken=OpportyToken(newToken);TokenChanged(newToken);}

ruleId: SOLIDITY_PRAGMAS_VERSION
patternId: 23fc32
severity: 1
line: 1
column: 16
content: ^

ruleId: SOLIDITY_PRIVATE_MODIFIER_DONT_HIDE_DATA
patternId: 5616b2
severity: 1
line: 292
column: 27
content: private

ruleId: SOLIDITY_PRIVATE_MODIFIER_DONT_HIDE_DATA
patternId: 5616b2
severity: 1
line: 294
column: 28
content: private

ruleId: SOLIDITY_PRIVATE_MODIFIER_DONT_HIDE_DATA
patternId: 5616b2
severity: 1
line: 295
column: 28
content: private

ruleId: SOLIDITY_PRIVATE_MODIFIER_DONT_HIDE_DATA
patternId: 5616b2
severity: 1
line: 298
column: 7
content: private

ruleId: SOLIDITY_SAFEMATH
patternId: 837cac
severity: 1
line: 67
column: 2
content: usingSafeMathforuint256;

ruleId: SOLIDITY_SAFEMATH
patternId: 837cac
severity: 1
line: 279
column: 2
content: usingSafeMathforuint256;

ruleId: SOLIDITY_VISIBILITY
patternId: b51ce0
severity: 1
line: 69
column: 2
content: mapping(address=>uint256)balances;

ruleId: SOLIDITY_VISIBILITY
patternId: b51ce0
severity: 1
line: 71
column: 2
content: uint256totalSupply_;

SOLIDITY_VISIBILITY :2
SOLIDITY_SAFEMATH :2
SOLIDITY_OVERPOWERED_ROLE :1
SOLIDITY_DEPRECATED_CONSTRUCTIONS :2
SOLIDITY_PRAGMAS_VERSION :1
SOLIDITY_PRIVATE_MODIFIER_DONT_HIDE_DATA :4
SOLIDITY_ERC20_APPROVE :1