INFO:Slither:Compilation warnings/errors on /unique_contracts/0x8e2b4f50c4d3ca9d3bf26be7b1b55795240f4bfa.sol:
/unique_contracts/0x8e2b4f50c4d3ca9d3bf26be7b1b55795240f4bfa.sol:76:5: Warning: Defining constructors as functions with the same name as the contract is deprecated. Use "constructor(...) { ... }" instead.
    function Owned() public {
    ^ (Relevant source part starts here and spans across multiple lines).
/unique_contracts/0x8e2b4f50c4d3ca9d3bf26be7b1b55795240f4bfa.sol:116:5: Warning: Defining constructors as functions with the same name as the contract is deprecated. Use "constructor(...) { ... }" instead.
    function FremenTradeToken() public {
    ^ (Relevant source part starts here and spans across multiple lines).
/unique_contracts/0x8e2b4f50c4d3ca9d3bf26be7b1b55795240f4bfa.sol:90:9: Warning: Invoking events without "emit" prefix is deprecated.
        OwnershipTransferred(owner, newOwner);
        ^-----------------------------------^
/unique_contracts/0x8e2b4f50c4d3ca9d3bf26be7b1b55795240f4bfa.sol:122:9: Warning: Invoking events without "emit" prefix is deprecated.
        Transfer(address(0), owner, _totalSupply);
        ^---------------------------------------^
/unique_contracts/0x8e2b4f50c4d3ca9d3bf26be7b1b55795240f4bfa.sol:150:9: Warning: Invoking events without "emit" prefix is deprecated.
        Transfer(msg.sender, to, tokens);
        ^------------------------------^
/unique_contracts/0x8e2b4f50c4d3ca9d3bf26be7b1b55795240f4bfa.sol:165:9: Warning: Invoking events without "emit" prefix is deprecated.
        Approval(msg.sender, spender, tokens);
        ^-----------------------------------^
/unique_contracts/0x8e2b4f50c4d3ca9d3bf26be7b1b55795240f4bfa.sol:183:9: Warning: Invoking events without "emit" prefix is deprecated.
        Transfer(from, to, tokens);
        ^------------------------^
/unique_contracts/0x8e2b4f50c4d3ca9d3bf26be7b1b55795240f4bfa.sol:204:9: Warning: Invoking events without "emit" prefix is deprecated.
        Approval(msg.sender, spender, tokens);
        ^-----------------------------------^

INFO:Detectors:[93m
Contract locking ether found in /unique_contracts/0x8e2b4f50c4d3ca9d3bf26be7b1b55795240f4bfa.sol:
	Contract FremenTradeToken has payable functions:
	 - fallback (/unique_contracts/0x8e2b4f50c4d3ca9d3bf26be7b1b55795240f4bfa.sol#220)
	But does not have a function to withdraw the ether
Reference: https://github.com/trailofbits/slither/wiki/Detectors-Documentation#contracts-that-lock-ether[0m
INFO:Detectors:[92m
FremenTradeToken.totalSupply (/unique_contracts/0x8e2b4f50c4d3ca9d3bf26be7b1b55795240f4bfa.sol#134-135) should be declared external
ERC20Interface.totalSupply (/unique_contracts/0x8e2b4f50c4d3ca9d3bf26be7b1b55795240f4bfa.sol#45-46) should be declared external
ERC20Interface.balanceOf (/unique_contracts/0x8e2b4f50c4d3ca9d3bf26be7b1b55795240f4bfa.sol#46-47) should be declared external
FremenTradeToken.balanceOf (/unique_contracts/0x8e2b4f50c4d3ca9d3bf26be7b1b55795240f4bfa.sol#142-143) should be declared external
FremenTradeToken.allowance (/unique_contracts/0x8e2b4f50c4d3ca9d3bf26be7b1b55795240f4bfa.sol#197-199) should be declared external
ERC20Interface.allowance (/unique_contracts/0x8e2b4f50c4d3ca9d3bf26be7b1b55795240f4bfa.sol#47-48) should be declared external
ERC20Interface.transfer (/unique_contracts/0x8e2b4f50c4d3ca9d3bf26be7b1b55795240f4bfa.sol#48-49) should be declared external
FremenTradeToken.transfer (/unique_contracts/0x8e2b4f50c4d3ca9d3bf26be7b1b55795240f4bfa.sol#149-156) should be declared external
ERC20Interface.approve (/unique_contracts/0x8e2b4f50c4d3ca9d3bf26be7b1b55795240f4bfa.sol#49-50) should be declared external
FremenTradeToken.approve (/unique_contracts/0x8e2b4f50c4d3ca9d3bf26be7b1b55795240f4bfa.sol#165-173) should be declared external
ERC20Interface.transferFrom (/unique_contracts/0x8e2b4f50c4d3ca9d3bf26be7b1b55795240f4bfa.sol#50-52) should be declared external
FremenTradeToken.transferFrom (/unique_contracts/0x8e2b4f50c4d3ca9d3bf26be7b1b55795240f4bfa.sol#181-190) should be declared external
ApproveAndCallFallBack.receiveApproval (/unique_contracts/0x8e2b4f50c4d3ca9d3bf26be7b1b55795240f4bfa.sol#63-67) should be declared external
Owned.transferOwnership (/unique_contracts/0x8e2b4f50c4d3ca9d3bf26be7b1b55795240f4bfa.sol#86-90) should be declared external
Owned.acceptOwnership (/unique_contracts/0x8e2b4f50c4d3ca9d3bf26be7b1b55795240f4bfa.sol#90-98) should be declared external
FremenTradeToken.approveAndCall (/unique_contracts/0x8e2b4f50c4d3ca9d3bf26be7b1b55795240f4bfa.sol#205-213) should be declared external
FremenTradeToken.fallback (/unique_contracts/0x8e2b4f50c4d3ca9d3bf26be7b1b55795240f4bfa.sol#220) should be declared external
FremenTradeToken.transferAnyERC20Token (/unique_contracts/0x8e2b4f50c4d3ca9d3bf26be7b1b55795240f4bfa.sol) should be declared external
Reference: https://github.com/trailofbits/slither/wiki/Detectors-Documentation#public-function-that-could-be-declared-as-external[0m
INFO:Detectors:[92m
Detected issues with version pragma in /unique_contracts/0x8e2b4f50c4d3ca9d3bf26be7b1b55795240f4bfa.sol:
	- pragma solidity^0.4.18 (/unique_contracts/0x8e2b4f50c4d3ca9d3bf26be7b1b55795240f4bfa.sol#1): it allows old versions
Reference: https://github.com/trailofbits/slither/wiki/Detectors-Documentation#incorrect-version-of-solidity[0m
INFO:Detectors:[92m
Function 'Owned.Owned' (/unique_contracts/0x8e2b4f50c4d3ca9d3bf26be7b1b55795240f4bfa.sol#80-83) is not in mixedCase
Parameter '_newOwner' of Owned.transferOwnership (/unique_contracts/0x8e2b4f50c4d3ca9d3bf26be7b1b55795240f4bfa.sol#88) is not in mixedCase
Function 'FremenTradeToken.FremenTradeToken' (/unique_contracts/0x8e2b4f50c4d3ca9d3bf26be7b1b55795240f4bfa.sol#119-128) is not in mixedCase
Variable 'FremenTradeToken._totalSupply' (/unique_contracts/0x8e2b4f50c4d3ca9d3bf26be7b1b55795240f4bfa.sol#110-113) is not in mixedCase
Reference: https://github.com/trailofbits/slither/wiki/Detectors-Documentation#conformance-to-solidity-naming-conventions[0m
INFO:Slither:/unique_contracts/0x8e2b4f50c4d3ca9d3bf26be7b1b55795240f4bfa.sol analyzed (5 contracts), 24 result(s) found