INFO:Slither:Compilation warnings/errors on /unique_contracts/0x7f0f620dbad4517de25f037bb3e81d144cbf5079.sol:
/unique_contracts/0x7f0f620dbad4517de25f037bb3e81d144cbf5079.sol:94:5: Warning: Defining constructors as functions with the same name as the contract is deprecated. Use "constructor(...) { ... }" instead.
    function Rivercoin() public {
    ^ (Relevant source part starts here and spans across multiple lines).
/unique_contracts/0x7f0f620dbad4517de25f037bb3e81d144cbf5079.sol:45:13: Warning: Invoking events without "emit" prefix is deprecated.
            Transfer(msg.sender, _to, _value);
            ^-------------------------------^
/unique_contracts/0x7f0f620dbad4517de25f037bb3e81d144cbf5079.sol:55:13: Warning: Invoking events without "emit" prefix is deprecated.
            Transfer(_from, _to, _value);
            ^--------------------------^
/unique_contracts/0x7f0f620dbad4517de25f037bb3e81d144cbf5079.sol:66:9: Warning: Invoking events without "emit" prefix is deprecated.
        Approval(msg.sender, _spender, _value);
        ^------------------------------------^

INFO:Detectors:[92m
Rivercoin.version should be constant (/unique_contracts/0x7f0f620dbad4517de25f037bb3e81d144cbf5079.sol#95-97)
Reference: https://github.com/trailofbits/slither/wiki/Detectors-Documentation#state-variables-that-could-be-declared-constant[0m
INFO:Detectors:[92m
Token.balanceOf (/unique_contracts/0x7f0f620dbad4517de25f037bb3e81d144cbf5079.sol#7-9) should be declared external
StandardToken.balanceOf (/unique_contracts/0x7f0f620dbad4517de25f037bb3e81d144cbf5079.sol#60-64) should be declared external
StandardToken.transfer (/unique_contracts/0x7f0f620dbad4517de25f037bb3e81d144cbf5079.sol#41-50) should be declared external
Token.transfer (/unique_contracts/0x7f0f620dbad4517de25f037bb3e81d144cbf5079.sol#13-15) should be declared external
Token.transferFrom (/unique_contracts/0x7f0f620dbad4517de25f037bb3e81d144cbf5079.sol#20-22) should be declared external
StandardToken.transferFrom (/unique_contracts/0x7f0f620dbad4517de25f037bb3e81d144cbf5079.sol#50-60) should be declared external
Token.approve (/unique_contracts/0x7f0f620dbad4517de25f037bb3e81d144cbf5079.sol#26-28) should be declared external
StandardToken.approve (/unique_contracts/0x7f0f620dbad4517de25f037bb3e81d144cbf5079.sol#64-70) should be declared external
StandardToken.allowance (/unique_contracts/0x7f0f620dbad4517de25f037bb3e81d144cbf5079.sol#70-75) should be declared external
Token.allowance (/unique_contracts/0x7f0f620dbad4517de25f037bb3e81d144cbf5079.sol#31-33) should be declared external
Rivercoin.fallback (/unique_contracts/0x7f0f620dbad4517de25f037bb3e81d144cbf5079.sol#84-90) should be declared external
Reference: https://github.com/trailofbits/slither/wiki/Detectors-Documentation#public-function-that-could-be-declared-as-external[0m
INFO:Detectors:[92m
Detected issues with version pragma in /unique_contracts/0x7f0f620dbad4517de25f037bb3e81d144cbf5079.sol:
	- pragma solidity^0.4.18 (/unique_contracts/0x7f0f620dbad4517de25f037bb3e81d144cbf5079.sol#1): it allows old versions
Reference: https://github.com/trailofbits/slither/wiki/Detectors-Documentation#incorrect-version-of-solidity[0m
INFO:Detectors:[92m
Parameter '_owner' of StandardToken.balanceOf (/unique_contracts/0x7f0f620dbad4517de25f037bb3e81d144cbf5079.sol#61) is not in mixedCase
Parameter '_to' of StandardToken.transfer (/unique_contracts/0x7f0f620dbad4517de25f037bb3e81d144cbf5079.sol#41) is not in mixedCase
Parameter '_value' of StandardToken.transfer (/unique_contracts/0x7f0f620dbad4517de25f037bb3e81d144cbf5079.sol#41-42) is not in mixedCase
Parameter '_from' of StandardToken.transferFrom (/unique_contracts/0x7f0f620dbad4517de25f037bb3e81d144cbf5079.sol#50) is not in mixedCase
Parameter '_to' of StandardToken.transferFrom (/unique_contracts/0x7f0f620dbad4517de25f037bb3e81d144cbf5079.sol#50) is not in mixedCase
Parameter '_value' of StandardToken.transferFrom (/unique_contracts/0x7f0f620dbad4517de25f037bb3e81d144cbf5079.sol#51) is not in mixedCase
Parameter '_spender' of StandardToken.approve (/unique_contracts/0x7f0f620dbad4517de25f037bb3e81d144cbf5079.sol#64-65) is not in mixedCase
Parameter '_value' of StandardToken.approve (/unique_contracts/0x7f0f620dbad4517de25f037bb3e81d144cbf5079.sol#65) is not in mixedCase
Parameter '_owner' of StandardToken.allowance (/unique_contracts/0x7f0f620dbad4517de25f037bb3e81d144cbf5079.sol#70-71) is not in mixedCase
Parameter '_spender' of StandardToken.allowance (/unique_contracts/0x7f0f620dbad4517de25f037bb3e81d144cbf5079.sol#71) is not in mixedCase
Function 'Rivercoin.Rivercoin' (/unique_contracts/0x7f0f620dbad4517de25f037bb3e81d144cbf5079.sol#97-102) is not in mixedCase
Reference: https://github.com/trailofbits/slither/wiki/Detectors-Documentation#conformance-to-solidity-naming-conventions[0m
INFO:Slither:/unique_contracts/0x7f0f620dbad4517de25f037bb3e81d144cbf5079.sol analyzed (3 contracts), 24 result(s) found