INFO:Slither:Compilation warnings/errors on /unique_contracts/0x74ed16001a47d0ec3c7ef0ed338c817344466e6c.sol:
/unique_contracts/0x74ed16001a47d0ec3c7ef0ed338c817344466e6c.sol:63:5: Warning: Defining constructors as functions with the same name as the contract is deprecated. Use "constructor(...) { ... }" instead.
    function Owned() public {
    ^ (Relevant source part starts here and spans across multiple lines).
/unique_contracts/0x74ed16001a47d0ec3c7ef0ed338c817344466e6c.sol:103:5: Warning: Defining constructors as functions with the same name as the contract is deprecated. Use "constructor(...) { ... }" instead.
    function ThailandToken() public {
    ^ (Relevant source part starts here and spans across multiple lines).
/unique_contracts/0x74ed16001a47d0ec3c7ef0ed338c817344466e6c.sol:77:9: Warning: Invoking events without "emit" prefix is deprecated.
        OwnershipTransferred(owner, newOwner);
        ^-----------------------------------^
/unique_contracts/0x74ed16001a47d0ec3c7ef0ed338c817344466e6c.sol:109:9: Warning: Invoking events without "emit" prefix is deprecated.
        Transfer(address(0), owner, _totalSupply);
        ^---------------------------------------^
/unique_contracts/0x74ed16001a47d0ec3c7ef0ed338c817344466e6c.sol:137:9: Warning: Invoking events without "emit" prefix is deprecated.
        Transfer(msg.sender, to, tokens);
        ^------------------------------^
/unique_contracts/0x74ed16001a47d0ec3c7ef0ed338c817344466e6c.sol:152:9: Warning: Invoking events without "emit" prefix is deprecated.
        Approval(msg.sender, spender, tokens);
        ^-----------------------------------^
/unique_contracts/0x74ed16001a47d0ec3c7ef0ed338c817344466e6c.sol:170:9: Warning: Invoking events without "emit" prefix is deprecated.
        Transfer(from, to, tokens);
        ^------------------------^
/unique_contracts/0x74ed16001a47d0ec3c7ef0ed338c817344466e6c.sol:191:9: Warning: Invoking events without "emit" prefix is deprecated.
        Approval(msg.sender, spender, tokens);
        ^-----------------------------------^

INFO:Detectors:[93m
Contract locking ether found in /unique_contracts/0x74ed16001a47d0ec3c7ef0ed338c817344466e6c.sol:
	Contract ThailandToken has payable functions:
	 - fallback (/unique_contracts/0x74ed16001a47d0ec3c7ef0ed338c817344466e6c.sol#206-207)
	But does not have a function to withdraw the ether
Reference: https://github.com/trailofbits/slither/wiki/Detectors-Documentation#contracts-that-lock-ether[0m
INFO:Detectors:[92m
ERC20Interface.totalSupply (/unique_contracts/0x74ed16001a47d0ec3c7ef0ed338c817344466e6c.sol#32-33) should be declared external
ThailandToken.totalSupply (/unique_contracts/0x74ed16001a47d0ec3c7ef0ed338c817344466e6c.sol#119-122) should be declared external
ThailandToken.balanceOf (/unique_contracts/0x74ed16001a47d0ec3c7ef0ed338c817344466e6c.sol#127-130) should be declared external
ERC20Interface.balanceOf (/unique_contracts/0x74ed16001a47d0ec3c7ef0ed338c817344466e6c.sol#33-34) should be declared external
ERC20Interface.allowance (/unique_contracts/0x74ed16001a47d0ec3c7ef0ed338c817344466e6c.sol#34-35) should be declared external
ThailandToken.allowance (/unique_contracts/0x74ed16001a47d0ec3c7ef0ed338c817344466e6c.sol#184-186) should be declared external
ThailandToken.transfer (/unique_contracts/0x74ed16001a47d0ec3c7ef0ed338c817344466e6c.sol#135-143) should be declared external
ERC20Interface.transfer (/unique_contracts/0x74ed16001a47d0ec3c7ef0ed338c817344466e6c.sol#35-36) should be declared external
ERC20Interface.approve (/unique_contracts/0x74ed16001a47d0ec3c7ef0ed338c817344466e6c.sol#36-37) should be declared external
ThailandToken.approve (/unique_contracts/0x74ed16001a47d0ec3c7ef0ed338c817344466e6c.sol#152-159) should be declared external
ERC20Interface.transferFrom (/unique_contracts/0x74ed16001a47d0ec3c7ef0ed338c817344466e6c.sol#37-39) should be declared external
ThailandToken.transferFrom (/unique_contracts/0x74ed16001a47d0ec3c7ef0ed338c817344466e6c.sol#168-177) should be declared external
ApproveAndCallFallBack.receiveApproval (/unique_contracts/0x74ed16001a47d0ec3c7ef0ed338c817344466e6c.sol#50-54) should be declared external
Owned.transferOwnership (/unique_contracts/0x74ed16001a47d0ec3c7ef0ed338c817344466e6c.sol#73-76) should be declared external
Owned.acceptOwnership (/unique_contracts/0x74ed16001a47d0ec3c7ef0ed338c817344466e6c.sol#76-84) should be declared external
ThailandToken.approveAndCall (/unique_contracts/0x74ed16001a47d0ec3c7ef0ed338c817344466e6c.sol#191-200) should be declared external
ThailandToken.fallback (/unique_contracts/0x74ed16001a47d0ec3c7ef0ed338c817344466e6c.sol#206-207) should be declared external
ThailandToken.transferAnyERC20Token (/unique_contracts/0x74ed16001a47d0ec3c7ef0ed338c817344466e6c.sol) should be declared external
Reference: https://github.com/trailofbits/slither/wiki/Detectors-Documentation#public-function-that-could-be-declared-as-external[0m
INFO:Detectors:[92m
Detected issues with version pragma in /unique_contracts/0x74ed16001a47d0ec3c7ef0ed338c817344466e6c.sol:
	- pragma solidity^0.4.18 (/unique_contracts/0x74ed16001a47d0ec3c7ef0ed338c817344466e6c.sol#1): it allows old versions
Reference: https://github.com/trailofbits/slither/wiki/Detectors-Documentation#incorrect-version-of-solidity[0m
INFO:Detectors:[92m
Function 'Owned.Owned' (/unique_contracts/0x74ed16001a47d0ec3c7ef0ed338c817344466e6c.sol#67-68) is not in mixedCase
Parameter '_newOwner' of Owned.transferOwnership (/unique_contracts/0x74ed16001a47d0ec3c7ef0ed338c817344466e6c.sol#74-75) is not in mixedCase
Function 'ThailandToken.ThailandToken' (/unique_contracts/0x74ed16001a47d0ec3c7ef0ed338c817344466e6c.sol#106-115) is not in mixedCase
Variable 'ThailandToken._totalSupply' (/unique_contracts/0x74ed16001a47d0ec3c7ef0ed338c817344466e6c.sol#97) is not in mixedCase
Reference: https://github.com/trailofbits/slither/wiki/Detectors-Documentation#conformance-to-solidity-naming-conventions[0m
INFO:Slither:/unique_contracts/0x74ed16001a47d0ec3c7ef0ed338c817344466e6c.sol analyzed (5 contracts), 24 result(s) found