/unique_chucks/37/0x84d42983a0d948969c3b4d0f50bec50898e7036f.sol
jar:file:/usr/local/lib/node_modules/@smartdec/smartcheck/jdeploy-bundle/smartcheck-2.0-jar-with-dependencies.jar!/solidity-rules.xmlruleId: SOLIDITY_DIV_MUL
patternId: 09hhh1
severity: 2
line: 19
column: 11
content: a/p.num*p.den

ruleId: SOLIDITY_DIV_MUL
patternId: 09hhh1
severity: 2
line: 79
column: 14
content: ((now-time)/24hours)*dividendsPercent.mul(inv)

ruleId: SOLIDITY_FUNCTIONS_RETURNS_TYPE_AND_NO_RETURN
patternId: 58bdd3
severity: 1
line: 63
column: 2
content: functioninfo()publicviewreturns(uinttotalInvl,uintdebt,uintdailyWithdraw){uinti=investorsStorage.iterStart();uintsize=investorsStorage.size();addressaddr;uintinv;uinttime;uintref;uintlatestPayout=revolution.latestPayout();for(i;i<size;i++){addr=investorsStorage.keyFromIndex(i);(inv,time,ref)=investorsStorage.investorBaseInfo(addr);if(time==0){time=latestPayout;}totalInvl+=inv;debt+=((now-time)/24hours)*dividendsPercent.mul(inv)+ref;}dailyWithdraw=dividendsPercent.mul(totalInvl);}

ruleId: SOLIDITY_OVERPOWERED_ROLE
patternId: j83hf7
severity: 2
line: 84
column: 2
content: functionsetRevolution(addressaddr)publiconlyOwner{revolution=Revolution(addr);(uintnum,uintden)=revolution.dividendsPercent();dividendsPercent=Percent.percent(num,den);}

ruleId: SOLIDITY_OVERPOWERED_ROLE
patternId: j83hf7
severity: 2
line: 90
column: 2
content: functionsetInvestorsStorage(addressaddr)publiconlyOwner{investorsStorage=InvestorsStorage(addr);}

ruleId: SOLIDITY_PRAGMAS_VERSION
patternId: 23fc32
severity: 1
line: 1
column: 16
content: ^

ruleId: SOLIDITY_PRIVATE_MODIFIER_DONT_HIDE_DATA
patternId: 5616b2
severity: 1
line: 49
column: 10
content: private

SOLIDITY_OVERPOWERED_ROLE :2
SOLIDITY_PRAGMAS_VERSION :1
SOLIDITY_FUNCTIONS_RETURNS_TYPE_AND_NO_RETURN :1
SOLIDITY_PRIVATE_MODIFIER_DONT_HIDE_DATA :1
SOLIDITY_DIV_MUL :2