INFO:Slither:Compilation warnings/errors on /unique_chucks/22/0x592f8596ba9741f0d40fd8c55871a6428e870c8a.sol:
/unique_chucks/22/0x592f8596ba9741f0d40fd8c55871a6428e870c8a.sol:42:5: Warning: Defining constructors as functions with the same name as the contract is deprecated. Use "constructor(...) { ... }" instead.
    function AcceptsExchange(address _tokenContract) public {
    ^ (Relevant source part starts here and spans across multiple lines).
/unique_chucks/22/0x592f8596ba9741f0d40fd8c55871a6428e870c8a.sol:261:5: Warning: Defining constructors as functions with the same name as the contract is deprecated. Use "constructor(...) { ... }" instead.
    function wallstreet2()
    ^ (Relevant source part starts here and spans across multiple lines).
/unique_chucks/22/0x592f8596ba9741f0d40fd8c55871a6428e870c8a.sol:319:9: Warning: Invoking events without "emit" prefix is deprecated.
        onReinvestment(_customerAddress, _dividends, _tokens);
        ^---------------------------------------------------^
/unique_chucks/22/0x592f8596ba9741f0d40fd8c55871a6428e870c8a.sol:362:9: Warning: Invoking events without "emit" prefix is deprecated.
        onWithdraw(_customerAddress, _dividends);
        ^--------------------------------------^
/unique_chucks/22/0x592f8596ba9741f0d40fd8c55871a6428e870c8a.sol:406:9: Warning: Invoking events without "emit" prefix is deprecated.
        onTokenSell(_customerAddress, _tokens, _taxedEthereum);
        ^----------------------------------------------------^
/unique_chucks/22/0x592f8596ba9741f0d40fd8c55871a6428e870c8a.sol:454:9: Warning: Invoking events without "emit" prefix is deprecated.
        Transfer(_customerAddress, _toAddress, _taxedTokens);
        ^--------------------------------------------------^
/unique_chucks/22/0x592f8596ba9741f0d40fd8c55871a6428e870c8a.sol:839:13: Warning: Invoking events without "emit" prefix is deprecated.
            onJackpot(msg.sender, SafeMath.div(SafeMath.mul(jackpotAccount,jackpotPayRate),1000), jackpotThreshold);
            ^-----------------------------------------------------------------------------------------------------^
/unique_chucks/22/0x592f8596ba9741f0d40fd8c55871a6428e870c8a.sol:913:9: Warning: Invoking events without "emit" prefix is deprecated.
        onTokenPurchase(msg.sender, _incomingEthereum, _amountOfTokens, _referredBy);
        ^--------------------------------------------------------------------------^
/unique_chucks/22/0x592f8596ba9741f0d40fd8c55871a6428e870c8a.sol:375:9: Warning: Unused local variable.
        uint8 localDivFee = 200;
        ^---------------^

INFO:Detectors:[92m
wallstreet2.allowReferral should be constant (/unique_chucks/22/0x592f8596ba9741f0d40fd8c55871a6428e870c8a.sol#229-230)
wallstreet2.boolAllowPlayer should be constant (/unique_chucks/22/0x592f8596ba9741f0d40fd8c55871a6428e870c8a.sol#212-213)
Reference: https://github.com/trailofbits/slither/wiki/Detectors-Documentation#state-variables-that-could-be-declared-constant[0m
INFO:Detectors:[92m
wallstreet2.buy (/unique_chucks/22/0x592f8596ba9741f0d40fd8c55871a6428e870c8a.sol#287-297) should be declared external
wallstreet2.fallback (/unique_chucks/22/0x592f8596ba9741f0d40fd8c55871a6428e870c8a.sol#304-306) should be declared external
wallstreet2.reinvest (/unique_chucks/22/0x592f8596ba9741f0d40fd8c55871a6428e870c8a.sol#308-334) should be declared external
wallstreet2.exit (/unique_chucks/22/0x592f8596ba9741f0d40fd8c55871a6428e870c8a.sol#340-351) should be declared external
wallstreet2.transfer (/unique_chucks/22/0x592f8596ba9741f0d40fd8c55871a6428e870c8a.sol#428-475) should be declared external
wallstreet2.disableInitialStage (/unique_chucks/22/0x592f8596ba9741f0d40fd8c55871a6428e870c8a.sol#487-492) should be declared external
wallstreet2.setAdministrator (/unique_chucks/22/0x592f8596ba9741f0d40fd8c55871a6428e870c8a.sol#495-503) should be declared external
wallstreet2.setExchangeRates (/unique_chucks/22/0x592f8596ba9741f0d40fd8c55871a6428e870c8a.sol#506-520) should be declared external
wallstreet2.setMarketingRates (/unique_chucks/22/0x592f8596ba9741f0d40fd8c55871a6428e870c8a.sol#525-546) should be declared external
wallstreet2.setMarket1 (/unique_chucks/22/0x592f8596ba9741f0d40fd8c55871a6428e870c8a.sol#551-557) should be declared external
wallstreet2.setMarket2 (/unique_chucks/22/0x592f8596ba9741f0d40fd8c55871a6428e870c8a.sol#560-563) should be declared external
wallstreet2.setMarket3 (/unique_chucks/22/0x592f8596ba9741f0d40fd8c55871a6428e870c8a.sol#565-573) should be declared external
wallstreet2.setContractActive (/unique_chucks/22/0x592f8596ba9741f0d40fd8c55871a6428e870c8a.sol#577-585) should be declared external
wallstreet2.setStakingRequirement (/unique_chucks/22/0x592f8596ba9741f0d40fd8c55871a6428e870c8a.sol#591-601) should be declared external
wallstreet2.setName (/unique_chucks/22/0x592f8596ba9741f0d40fd8c55871a6428e870c8a.sol#603-611) should be declared external
wallstreet2.setSymbol (/unique_chucks/22/0x592f8596ba9741f0d40fd8c55871a6428e870c8a.sol#613-621) should be declared external
wallstreet2.addAmbassador (/unique_chucks/22/0x592f8596ba9741f0d40fd8c55871a6428e870c8a.sol#621-627) should be declared external
wallstreet2.setJackpotFeeRate (/unique_chucks/22/0x592f8596ba9741f0d40fd8c55871a6428e870c8a.sol#631-642) should be declared external
wallstreet2.setJackpotPayRate (/unique_chucks/22/0x592f8596ba9741f0d40fd8c55871a6428e870c8a.sol#644-647) should be declared external
wallstreet2.setJackpotIncrement (/unique_chucks/22/0x592f8596ba9741f0d40fd8c55871a6428e870c8a.sol#651-660) should be declared external
wallstreet2.setJackpotThreshold (/unique_chucks/22/0x592f8596ba9741f0d40fd8c55871a6428e870c8a.sol#663-672) should be declared external
wallstreet2.totalSupply (/unique_chucks/22/0x592f8596ba9741f0d40fd8c55871a6428e870c8a.sol#682-685) should be declared external
wallstreet2.myCardDividends (/unique_chucks/22/0x592f8596ba9741f0d40fd8c55871a6428e870c8a.sol#721-726) should be declared external
wallstreet2.getData (/unique_chucks/22/0x592f8596ba9741f0d40fd8c55871a6428e870c8a.sol#746-759) should be declared external
wallstreet2.sellPrice (/unique_chucks/22/0x592f8596ba9741f0d40fd8c55871a6428e870c8a.sol#763-777) should be declared external
wallstreet2.buyPrice (/unique_chucks/22/0x592f8596ba9741f0d40fd8c55871a6428e870c8a.sol#780-797) should be declared external
wallstreet2.calculateTokensReceived (/unique_chucks/22/0x592f8596ba9741f0d40fd8c55871a6428e870c8a.sol#799-811) should be declared external
wallstreet2.calculateEthereumReceived (/unique_chucks/22/0x592f8596ba9741f0d40fd8c55871a6428e870c8a.sol#816-827) should be declared external
Reference: https://github.com/trailofbits/slither/wiki/Detectors-Documentation#public-function-that-could-be-declared-as-external[0m
INFO:Detectors:[92m
Function 'AcceptsExchange.AcceptsExchange' (/unique_chucks/22/0x592f8596ba9741f0d40fd8c55871a6428e870c8a.sol#42-47) is not in mixedCase
Parameter '_tokenContract' of AcceptsExchange.AcceptsExchange (/unique_chucks/22/0x592f8596ba9741f0d40fd8c55871a6428e870c8a.sol#43) is not in mixedCase
Contract 'wallstreet2' (/unique_chucks/22/0x592f8596ba9741f0d40fd8c55871a6428e870c8a.sol#63-1029) is not in CapWords
Event 'wallstreet2.onTokenPurchase' (/unique_chucks/22/0x592f8596ba9741f0d40fd8c55871a6428e870c8a.sol#151-160) is not in CapWords
Event 'wallstreet2.onTokenSell' (/unique_chucks/22/0x592f8596ba9741f0d40fd8c55871a6428e870c8a.sol#160-166) is not in CapWords
Event 'wallstreet2.onReinvestment' (/unique_chucks/22/0x592f8596ba9741f0d40fd8c55871a6428e870c8a.sol#166-173) is not in CapWords
Event 'wallstreet2.onWithdraw' (/unique_chucks/22/0x592f8596ba9741f0d40fd8c55871a6428e870c8a.sol#173-180) is not in CapWords
Event 'wallstreet2.onJackpot' (/unique_chucks/22/0x592f8596ba9741f0d40fd8c55871a6428e870c8a.sol#187-190) is not in CapWords
Parameter '_referredBy' of wallstreet2.buy (/unique_chucks/22/0x592f8596ba9741f0d40fd8c55871a6428e870c8a.sol#287) is not in mixedCase
Parameter '_amountOfTokens' of wallstreet2.sell (/unique_chucks/22/0x592f8596ba9741f0d40fd8c55871a6428e870c8a.sol#382-383) is not in mixedCase
Parameter '_toAddress' of wallstreet2.transfer (/unique_chucks/22/0x592f8596ba9741f0d40fd8c55871a6428e870c8a.sol#428) is not in mixedCase
Parameter '_amountOfTokens' of wallstreet2.transfer (/unique_chucks/22/0x592f8596ba9741f0d40fd8c55871a6428e870c8a.sol#428) is not in mixedCase
Parameter '_identifier' of wallstreet2.setAdministrator (/unique_chucks/22/0x592f8596ba9741f0d40fd8c55871a6428e870c8a.sol#497-500) is not in mixedCase
Parameter '_status' of wallstreet2.setAdministrator (/unique_chucks/22/0x592f8596ba9741f0d40fd8c55871a6428e870c8a.sol#500-501) is not in mixedCase
Parameter '_newBuyFee' of wallstreet2.setExchangeRates (/unique_chucks/22/0x592f8596ba9741f0d40fd8c55871a6428e870c8a.sol#506) is not in mixedCase
Parameter '_newSellFee' of wallstreet2.setExchangeRates (/unique_chucks/22/0x592f8596ba9741f0d40fd8c55871a6428e870c8a.sol#506-507) is not in mixedCase
Parameter '_newMkt1Rate' of wallstreet2.setMarketingRates (/unique_chucks/22/0x592f8596ba9741f0d40fd8c55871a6428e870c8a.sol#527-529) is not in mixedCase
Parameter '_newMkt2Rate' of wallstreet2.setMarketingRates (/unique_chucks/22/0x592f8596ba9741f0d40fd8c55871a6428e870c8a.sol#529) is not in mixedCase
Parameter '_newMkt3Rate' of wallstreet2.setMarketingRates (/unique_chucks/22/0x592f8596ba9741f0d40fd8c55871a6428e870c8a.sol#529-530) is not in mixedCase
Parameter '_newMkt1' of wallstreet2.setMarket1 (/unique_chucks/22/0x592f8596ba9741f0d40fd8c55871a6428e870c8a.sol#551-552) is not in mixedCase
Parameter '_newMkt2' of wallstreet2.setMarket2 (/unique_chucks/22/0x592f8596ba9741f0d40fd8c55871a6428e870c8a.sol#561) is not in mixedCase
Parameter '_newMkt3' of wallstreet2.setMarket3 (/unique_chucks/22/0x592f8596ba9741f0d40fd8c55871a6428e870c8a.sol#567) is not in mixedCase
Parameter '_status' of wallstreet2.setContractActive (/unique_chucks/22/0x592f8596ba9741f0d40fd8c55871a6428e870c8a.sol#581) is not in mixedCase
Parameter '_amountOfTokens' of wallstreet2.setStakingRequirement (/unique_chucks/22/0x592f8596ba9741f0d40fd8c55871a6428e870c8a.sol#592-594) is not in mixedCase
Parameter '_name' of wallstreet2.setName (/unique_chucks/22/0x592f8596ba9741f0d40fd8c55871a6428e870c8a.sol#605) is not in mixedCase
Parameter '_symbol' of wallstreet2.setSymbol (/unique_chucks/22/0x592f8596ba9741f0d40fd8c55871a6428e870c8a.sol#614) is not in mixedCase
Parameter '_newAmbassador' of wallstreet2.addAmbassador (/unique_chucks/22/0x592f8596ba9741f0d40fd8c55871a6428e870c8a.sol#623) is not in mixedCase
Parameter '_newFeeRate' of wallstreet2.setJackpotFeeRate (/unique_chucks/22/0x592f8596ba9741f0d40fd8c55871a6428e870c8a.sol#633) is not in mixedCase
Parameter '_newPayRate' of wallstreet2.setJackpotPayRate (/unique_chucks/22/0x592f8596ba9741f0d40fd8c55871a6428e870c8a.sol#644) is not in mixedCase
Parameter '_newIncrement' of wallstreet2.setJackpotIncrement (/unique_chucks/22/0x592f8596ba9741f0d40fd8c55871a6428e870c8a.sol#652-654) is not in mixedCase
Parameter '_newTarget' of wallstreet2.setJackpotThreshold (/unique_chucks/22/0x592f8596ba9741f0d40fd8c55871a6428e870c8a.sol#667) is not in mixedCase
Parameter '_includeReferralBonus' of wallstreet2.myDividends (/unique_chucks/22/0x592f8596ba9741f0d40fd8c55871a6428e870c8a.sol#710) is not in mixedCase
Parameter '_customerAddress' of wallstreet2.balanceOf (/unique_chucks/22/0x592f8596ba9741f0d40fd8c55871a6428e870c8a.sol#729-731) is not in mixedCase
Parameter '_customerAddress' of wallstreet2.dividendsOf (/unique_chucks/22/0x592f8596ba9741f0d40fd8c55871a6428e870c8a.sol#737) is not in mixedCase
Parameter '_ethereumToSpend' of wallstreet2.calculateTokensReceived (/unique_chucks/22/0x592f8596ba9741f0d40fd8c55871a6428e870c8a.sol#799) is not in mixedCase
Parameter '_tokensToSell' of wallstreet2.calculateEthereumReceived (/unique_chucks/22/0x592f8596ba9741f0d40fd8c55871a6428e870c8a.sol#821) is not in mixedCase
Parameter '_incomingEthereum' of wallstreet2.purchaseTokens (/unique_chucks/22/0x592f8596ba9741f0d40fd8c55871a6428e870c8a.sol#830-831) is not in mixedCase
Parameter '_referredBy' of wallstreet2.purchaseTokens (/unique_chucks/22/0x592f8596ba9741f0d40fd8c55871a6428e870c8a.sol#831-832) is not in mixedCase
Parameter '_ethereum' of wallstreet2.ethereumToTokens_ (/unique_chucks/22/0x592f8596ba9741f0d40fd8c55871a6428e870c8a.sol#953-955) is not in mixedCase
Parameter '_tokens' of wallstreet2.tokensToEthereum_ (/unique_chucks/22/0x592f8596ba9741f0d40fd8c55871a6428e870c8a.sol#992-997) is not in mixedCase
Constant 'wallstreet2.tokenPriceInitial_' (/unique_chucks/22/0x592f8596ba9741f0d40fd8c55871a6428e870c8a.sol#196-198) is not in UPPER_CASE_WITH_UNDERSCORES
Constant 'wallstreet2.tokenPriceIncremental_' (/unique_chucks/22/0x592f8596ba9741f0d40fd8c55871a6428e870c8a.sol#198-201) is not in UPPER_CASE_WITH_UNDERSCORES
Constant 'wallstreet2.magnitude' (/unique_chucks/22/0x592f8596ba9741f0d40fd8c55871a6428e870c8a.sol#201-202) is not in UPPER_CASE_WITH_UNDERSCORES
Constant 'wallstreet2.ambassadorMaxPurchase_' (/unique_chucks/22/0x592f8596ba9741f0d40fd8c55871a6428e870c8a.sol#209-210) is not in UPPER_CASE_WITH_UNDERSCORES
Constant 'wallstreet2.ambassadorQuota_' (/unique_chucks/22/0x592f8596ba9741f0d40fd8c55871a6428e870c8a.sol#211-212) is not in UPPER_CASE_WITH_UNDERSCORES
Reference: https://github.com/trailofbits/slither/wiki/Detectors-Documentation#conformance-to-solidity-naming-conventions[0m
INFO:Slither:/unique_chucks/22/0x592f8596ba9741f0d40fd8c55871a6428e870c8a.sol analyzed (3 contracts), 74 result(s) found