INFO:Slither:Compilation warnings/errors on /unique_chucks/1/0x79650799e7899a802cb96c0bc33a6a8d4ce4936c.sol:
/unique_chucks/1/0x79650799e7899a802cb96c0bc33a6a8d4ce4936c.sol:23:5: Warning: Defining constructors as functions with the same name as the contract is deprecated. Use "constructor(...) { ... }" instead.
    function AIT_TokenERC20(
    ^ (Relevant source part starts here and spans across multiple lines).
/unique_chucks/1/0x79650799e7899a802cb96c0bc33a6a8d4ce4936c.sol:50:9: Warning: Invoking events without "emit" prefix is deprecated.
        Transfer(_from, _to, _value);
        ^--------------------------^

INFO:Detectors:[93m
AIT_TokenERC20 (/unique_chucks/1/0x79650799e7899a802cb96c0bc33a6a8d4ce4936c.sol#3-96) has incorrect ERC20 function interface(s):
	-transfer (/unique_chucks/1/0x79650799e7899a802cb96c0bc33a6a8d4ce4936c.sol#64-70)
Reference: https://github.com/trailofbits/slither/wiki/Detectors-Documentation#incorrect-erc20-interface[0m
INFO:Detectors:[92m
AIT_TokenERC20.decimals should be constant (/unique_chucks/1/0x79650799e7899a802cb96c0bc33a6a8d4ce4936c.sol#7-8)
Reference: https://github.com/trailofbits/slither/wiki/Detectors-Documentation#state-variables-that-could-be-declared-constant[0m
INFO:Detectors:[92m
AIT_TokenERC20.transfer (/unique_chucks/1/0x79650799e7899a802cb96c0bc33a6a8d4ce4936c.sol#64-70) should be declared external
AIT_TokenERC20.transferFrom (/unique_chucks/1/0x79650799e7899a802cb96c0bc33a6a8d4ce4936c.sol#76-86) should be declared external
AIT_TokenERC20.approve (/unique_chucks/1/0x79650799e7899a802cb96c0bc33a6a8d4ce4936c.sol#92-96) should be declared external
Reference: https://github.com/trailofbits/slither/wiki/Detectors-Documentation#public-function-that-could-be-declared-as-external[0m
INFO:Detectors:[92m
Detected issues with version pragma in /unique_chucks/1/0x79650799e7899a802cb96c0bc33a6a8d4ce4936c.sol:
	- pragma solidity^0.4.16 (/unique_chucks/1/0x79650799e7899a802cb96c0bc33a6a8d4ce4936c.sol#1): it allows old versions
Reference: https://github.com/trailofbits/slither/wiki/Detectors-Documentation#incorrect-version-of-solidity[0m
INFO:Detectors:[92m
Contract 'AIT_TokenERC20' (/unique_chucks/1/0x79650799e7899a802cb96c0bc33a6a8d4ce4936c.sol#3-96) is not in CapWords
Function 'AIT_TokenERC20.AIT_TokenERC20' (/unique_chucks/1/0x79650799e7899a802cb96c0bc33a6a8d4ce4936c.sol#23-35) is not in mixedCase
Function 'AIT_TokenERC20._transfer' (/unique_chucks/1/0x79650799e7899a802cb96c0bc33a6a8d4ce4936c.sol#37-58) is not in mixedCase
Parameter '_from' of AIT_TokenERC20._transfer (/unique_chucks/1/0x79650799e7899a802cb96c0bc33a6a8d4ce4936c.sol#37) is not in mixedCase
Parameter '_to' of AIT_TokenERC20._transfer (/unique_chucks/1/0x79650799e7899a802cb96c0bc33a6a8d4ce4936c.sol#37-38) is not in mixedCase
Parameter '_value' of AIT_TokenERC20._transfer (/unique_chucks/1/0x79650799e7899a802cb96c0bc33a6a8d4ce4936c.sol#38) is not in mixedCase
Parameter '_to' of AIT_TokenERC20.transfer (/unique_chucks/1/0x79650799e7899a802cb96c0bc33a6a8d4ce4936c.sol#64) is not in mixedCase
Parameter '_value' of AIT_TokenERC20.transfer (/unique_chucks/1/0x79650799e7899a802cb96c0bc33a6a8d4ce4936c.sol#64-67) is not in mixedCase
Parameter '_from' of AIT_TokenERC20.transferFrom (/unique_chucks/1/0x79650799e7899a802cb96c0bc33a6a8d4ce4936c.sol#76-77) is not in mixedCase
Parameter '_to' of AIT_TokenERC20.transferFrom (/unique_chucks/1/0x79650799e7899a802cb96c0bc33a6a8d4ce4936c.sol#77) is not in mixedCase
Parameter '_value' of AIT_TokenERC20.transferFrom (/unique_chucks/1/0x79650799e7899a802cb96c0bc33a6a8d4ce4936c.sol#77) is not in mixedCase
Parameter '_spender' of AIT_TokenERC20.approve (/unique_chucks/1/0x79650799e7899a802cb96c0bc33a6a8d4ce4936c.sol#93) is not in mixedCase
Parameter '_value' of AIT_TokenERC20.approve (/unique_chucks/1/0x79650799e7899a802cb96c0bc33a6a8d4ce4936c.sol#93) is not in mixedCase
Reference: https://github.com/trailofbits/slither/wiki/Detectors-Documentation#conformance-to-solidity-naming-conventions[0m
INFO:Slither:/unique_chucks/1/0x79650799e7899a802cb96c0bc33a6a8d4ce4936c.sol analyzed (1 contracts), 19 result(s) found