/unique_contracts/0x163485b3cddc7b3202e56ad31fb1921a00759f21.sol
jar:file:/usr/local/lib/node_modules/@smartdec/smartcheck/jdeploy-bundle/smartcheck-2.0-jar-with-dependencies.jar!/solidity-rules.xmlruleId: SOLIDITY_PRAGMAS_VERSION
patternId: 23fc32
severity: 1
line: 25
column: 16
content: ^

ruleId: SOLIDITY_UPGRADE_TO_050
patternId: 341gim
severity: 1
line: 73
column: 37
content: bytesmessage

ruleId: SOLIDITY_VISIBILITY
patternId: b51ce0
severity: 1
line: 46
column: 4
content: mapping(address=>mapping(address=>RelationshipType))relationships;

SOLIDITY_VISIBILITY :1
SOLIDITY_PRAGMAS_VERSION :1
SOLIDITY_UPGRADE_TO_050 :1