/unique_chucks/19/0xe5bc02fe7f2ed6a76a95219ee4d6555cf90c86b3.sol
jar:file:/usr/local/lib/node_modules/@smartdec/smartcheck/jdeploy-bundle/smartcheck-2.0-jar-with-dependencies.jar!/solidity-rules.xmlruleId: SOLIDITY_DEPRECATED_CONSTRUCTIONS
patternId: 49bd2a
severity: 1
line: 49
column: 13
content: throw

ruleId: SOLIDITY_DEPRECATED_CONSTRUCTIONS
patternId: 28fa69
severity: 1
line: 5
column: 5
content: functiontotalSupply()constantreturns(uint256totalSupply);

ruleId: SOLIDITY_DEPRECATED_CONSTRUCTIONS
patternId: 28fa69
severity: 1
line: 8
column: 5
content: functionbalanceOf(address_owner)constantreturns(uint256balance);

ruleId: SOLIDITY_DEPRECATED_CONSTRUCTIONS
patternId: 28fa69
severity: 1
line: 22
column: 5
content: functionallowance(address_owner,address_spender)constantreturns(uint256remaining);

ruleId: SOLIDITY_DEPRECATED_CONSTRUCTIONS
patternId: 28fa69
severity: 1
line: 60
column: 5
content: functiontotalSupply()constantreturns(uint256totalSupply){totalSupply=_totalSupply;}

ruleId: SOLIDITY_DEPRECATED_CONSTRUCTIONS
patternId: 28fa69
severity: 1
line: 65
column: 5
content: functionbalanceOf(address_owner)constantreturns(uint256balance){returnbalances[_owner];}

ruleId: SOLIDITY_DEPRECATED_CONSTRUCTIONS
patternId: 28fa69
severity: 1
line: 116
column: 5
content: functionallowance(address_owner,address_spender)constantreturns(uint256remaining){returnallowed[_owner][_spender];}

ruleId: SOLIDITY_ERC20_APPROVE
patternId: af782c
severity: 2
line: 110
column: 5
content: functionapprove(address_spender,uint256_amount)returns(boolsuccess){allowed[msg.sender][_spender]=_amount;Approval(msg.sender,_spender,_amount);returntrue;}

ruleId: SOLIDITY_PRAGMAS_VERSION
patternId: 23fc32
severity: 1
line: 1
column: 16
content: ^

ruleId: SOLIDITY_REVERT_REQUIRE
patternId: c56b12
severity: 1
line: 48
column: 9
content: if(msg.sender!=owner){throw;}

ruleId: SOLIDITY_VISIBILITY
patternId: 910067
severity: 1
line: 5
column: 5
content: functiontotalSupply()constantreturns(uint256totalSupply);

ruleId: SOLIDITY_VISIBILITY
patternId: 910067
severity: 1
line: 8
column: 5
content: functionbalanceOf(address_owner)constantreturns(uint256balance);

ruleId: SOLIDITY_VISIBILITY
patternId: 910067
severity: 1
line: 11
column: 5
content: functiontransfer(address_to,uint256_value)returns(boolsuccess);

ruleId: SOLIDITY_VISIBILITY
patternId: 910067
severity: 1
line: 14
column: 5
content: functiontransferFrom(address_from,address_to,uint256_value)returns(boolsuccess);

ruleId: SOLIDITY_VISIBILITY
patternId: 910067
severity: 1
line: 19
column: 5
content: functionapprove(address_spender,uint256_value)returns(boolsuccess);

ruleId: SOLIDITY_VISIBILITY
patternId: 910067
severity: 1
line: 22
column: 5
content: functionallowance(address_owner,address_spender)constantreturns(uint256remaining);

ruleId: SOLIDITY_VISIBILITY
patternId: 910067
severity: 1
line: 55
column: 5
content: functionDToken(){owner=msg.sender;balances[owner]=_totalSupply;}

ruleId: SOLIDITY_VISIBILITY
patternId: 910067
severity: 1
line: 60
column: 5
content: functiontotalSupply()constantreturns(uint256totalSupply){totalSupply=_totalSupply;}

ruleId: SOLIDITY_VISIBILITY
patternId: 910067
severity: 1
line: 65
column: 5
content: functionbalanceOf(address_owner)constantreturns(uint256balance){returnbalances[_owner];}

ruleId: SOLIDITY_VISIBILITY
patternId: 910067
severity: 1
line: 70
column: 5
content: functiontransfer(address_to,uint256_amount)returns(boolsuccess){if(balances[msg.sender]>=_amount&&_amount>0&&balances[_to]+_amount>balances[_to]){balances[msg.sender]-=_amount;balances[_to]+=_amount;Transfer(msg.sender,_to,_amount);returntrue;}else{returnfalse;}}

ruleId: SOLIDITY_VISIBILITY
patternId: 910067
severity: 1
line: 89
column: 5
content: functiontransferFrom(address_from,address_to,uint256_amount)returns(boolsuccess){if(balances[_from]>=_amount&&allowed[_from][msg.sender]>=_amount&&_amount>0&&balances[_to]+_amount>balances[_to]){balances[_from]-=_amount;allowed[_from][msg.sender]-=_amount;balances[_to]+=_amount;Transfer(_from,_to,_amount);returntrue;}else{returnfalse;}}

ruleId: SOLIDITY_VISIBILITY
patternId: 910067
severity: 1
line: 110
column: 5
content: functionapprove(address_spender,uint256_amount)returns(boolsuccess){allowed[msg.sender][_spender]=_amount;Approval(msg.sender,_spender,_amount);returntrue;}

ruleId: SOLIDITY_VISIBILITY
patternId: 910067
severity: 1
line: 116
column: 5
content: functionallowance(address_owner,address_spender)constantreturns(uint256remaining){returnallowed[_owner][_spender];}

ruleId: SOLIDITY_VISIBILITY
patternId: b51ce0
severity: 1
line: 35
column: 5
content: uint256_totalSupply=1000000;

ruleId: SOLIDITY_VISIBILITY
patternId: b51ce0
severity: 1
line: 44
column: 5
content: mapping(address=>mapping(address=>uint256))allowed;

SOLIDITY_VISIBILITY :15
SOLIDITY_DEPRECATED_CONSTRUCTIONS :7
SOLIDITY_PRAGMAS_VERSION :1
SOLIDITY_REVERT_REQUIRE :1
SOLIDITY_ERC20_APPROVE :1